 ===========================================================================
 DROPWINDSONDE PROCESSING RECORD                            Sonde: 981030097
 FRD file written by Aspen V3.4.8, 11 Jul 2023 14:05 UTC
 Aircraft: WC-130H, 65-0984                  Date: 980922   Time: 014429 UTC
 ---------------------------------------------------------------------------
 Bias corrections:  PR =   0.0 mb  TE =   0.0 C  RH =   0.0 %  PRB =  0.0 mb
 Filters (LPF):     PTH = 
 Dyn RH correction = 
 Estimated PR used = 
 Dyn T correction  = 
 ---------------------------------------------------------------------------
 COMMENT: none entered
 ===========================================================================

 ===========================================================================
 Date: 980922   Lat:  17.96 N   TA:    7.8 C   PS:  697.0 mb   WD:   142 deg
 Time: 014429   Lon:  65.11 W   TD:    7.8 C   GA:   3160 m    WS:  20.0 m/s
 SID:  981030097                RH:  100.0 %   Navaid:   GP
 ===========================================================================

IX      t (s)  P (mb)    T (C)    RH (%)  Z (m)   WD    WS (m/s)   U (m/s)   V (m/s)  NS  WZ (m/s)  ZW (m)   FP  FT  FH  FW    LAT (N)   LON (E)
0001    0.30  -999.0   -999.00   -999.0    -999  -999  -999.00   -999.00   -999.00  -999  -999.0    -999     0   0   0   0    -999.000  -999.000
0002    0.80  -999.0   -999.00   -999.0    -999  -999  -999.00   -999.00   -999.00  -999  -999.0    -999     0   0   0   0    -999.000  -999.000
0003    1.30  -999.0   -999.00   -999.0    -999  -999  -999.00   -999.00   -999.00  -999  -999.0    -999     0   0   0   0    -999.000  -999.000
0004    1.80  -999.0   -999.00   -999.0    -999  -999  -999.00   -999.00   -999.00  -999  -999.0    -999     0   0   0   0    -999.000  -999.000
0005    2.30  -999.0   -999.00   -999.0    -999  -999  -999.00   -999.00   -999.00  -999  -999.0    -999     0   0   0   0    -999.000  -999.000
0006    2.80  -999.0   -999.00   -999.0    -999  -999  -999.00   -999.00   -999.00     0  -999.0    -999     0   0   0   0    -999.000  -999.000
0007    3.30  -999.0   -999.00   -999.0    -999  -999  -999.00   -999.00   -999.00     0  -999.0    -999     0   0   0   0    -999.000  -999.000
0008    3.80  -999.0   -999.00   -999.0    -999  -999  -999.00   -999.00   -999.00     0  -999.0    -999     0   0   0   0    -999.000  -999.000
0009    4.30  -999.0   -999.00   -999.0    -999  -999  -999.00   -999.00   -999.00     0  -999.0    -999     0   0   0   0    -999.000  -999.000
0010    4.80  -999.0   -999.00   -999.0    -999  -999  -999.00   -999.00   -999.00     0  -999.0    -999     0   0   0   0    -999.000  -999.000
0011    5.30  -999.0   -999.00   -999.0    -999  -999  -999.00   -999.00   -999.00     0  -999.0    -999     0   0   0   0    -999.000  -999.000
0012    5.80  -999.0   -999.00   -999.0    -999  -999  -999.00   -999.00   -999.00     0  -999.0    -999     0   0   0   0    -999.000  -999.000
0013    6.30  -999.0   -999.00   -999.0    -999  -999  -999.00   -999.00   -999.00     0  -999.0    -999     0   0   0   0    -999.000  -999.000
0014    6.80  -999.0   -999.00   -999.0    -999  -999  -999.00   -999.00   -999.00     0  -999.0    -999     0   0   0   0    -999.000  -999.000
0015    7.30  -999.0   -999.00   -999.0    -999  -999  -999.00   -999.00   -999.00     0  -999.0    -999     0   0   0   0    -999.000  -999.000
0016    7.80  -999.0   -999.00   -999.0    -999  -999  -999.00   -999.00   -999.00     0  -999.0    -999     0   0   0   0    -999.000  -999.000
0017    8.30  -999.0   -999.00   -999.0    -999  -999  -999.00   -999.00   -999.00     0  -999.0    -999     0   0   0   0    -999.000  -999.000
0018    8.80  -999.0   -999.00   -999.0    -999  -999  -999.00   -999.00   -999.00     0  -999.0    -999     0   0   0   0    -999.000  -999.000
0019    9.30  -999.0   -999.00   -999.0    -999  -999  -999.00   -999.00   -999.00     0  -999.0    -999     0   0   0   0    -999.000  -999.000
0020    9.80  -999.0   -999.00   -999.0    -999  -999  -999.00   -999.00   -999.00     0  -999.0    -999     0   0   0   0    -999.000  -999.000
0021   10.30  -999.0   -999.00   -999.0    -999  -999  -999.00   -999.00   -999.00     0  -999.0    -999     0   0   0   0    -999.000  -999.000
0022   10.80  -999.0   -999.00   -999.0    -999  -999  -999.00   -999.00   -999.00     0  -999.0    -999     0   0   0   0    -999.000  -999.000
0023   11.30  -999.0   -999.00   -999.0    -999  -999  -999.00   -999.00   -999.00     0  -999.0    -999     0   0   0   0    -999.000  -999.000
0024   11.80  -999.0   -999.00   -999.0    -999  -999  -999.00   -999.00   -999.00     0  -999.0    -999     0   0   0   0    -999.000  -999.000
0025   12.30  -999.0   -999.00   -999.0    -999  -999  -999.00   -999.00   -999.00     0  -999.0    -999     0   0   0   0    -999.000  -999.000
0026   12.80  -999.0   -999.00   -999.0    -999  -999  -999.00   -999.00   -999.00     0  -999.0    -999     0   0   0   0    -999.000  -999.000
0027   13.30  -999.0   -999.00   -999.0    -999  -999  -999.00   -999.00   -999.00     0  -999.0    -999     0   0   0   0    -999.000  -999.000
0028   13.80  -999.0   -999.00   -999.0    -999  -999  -999.00   -999.00   -999.00     0  -999.0    -999     0   0   0   0    -999.000  -999.000
0029   14.30  -999.0   -999.00   -999.0    -999  -999  -999.00   -999.00   -999.00     0  -999.0    -999     0   0   0   0    -999.000  -999.000
0030   14.80   716.4     10.23   -999.0    2952  -999  -999.00   -999.00   -999.00     0    -2.3    2952     0   0   0   0    -999.000  -999.000
0031   15.30   717.0     10.28   -999.0    2945  -999  -999.00   -999.00   -999.00     0    -2.2    2945     0   0   0   0    -999.000  -999.000
0032   15.80   717.5     10.33   -999.0    2938  -999  -999.00   -999.00   -999.00     0    -2.1    2938     0   0   0   0    -999.000  -999.000
0033   16.30   718.1     10.38   -999.0    2932  -999  -999.00   -999.00   -999.00     0    -2.0    2932     0   0   0   0    -999.000  -999.000
0034   16.80   718.7     10.43   -999.0    2925  -999  -999.00   -999.00   -999.00     0    -1.9    2925     0   0   0   0    -999.000  -999.000
0035   17.30   719.3     10.47   -999.0    2918  -999  -999.00   -999.00   -999.00     0    -1.8    2918     0   0   0   0    -999.000  -999.000
0036   17.80   719.8     10.52   -999.0    2912  -999  -999.00   -999.00   -999.00     0    -1.8    2912     0   0   0   0    -999.000  -999.000
0037   18.30   720.4     10.56   -999.0    2905  -999  -999.00   -999.00   -999.00     0    -1.7    2905     0   0   0   0    -999.000  -999.000
0038   18.80   721.0     10.60   -999.0    2899  -999  -999.00   -999.00   -999.00     0    -1.6    2899     0   0   0   0    -999.000  -999.000
0039   19.30   721.5     10.63   -999.0    2892  -999  -999.00   -999.00   -999.00     0    -1.5    2892     0   0   0   0    -999.000  -999.000
0040   19.80   722.1     10.67   -999.0    2886  -999  -999.00   -999.00   -999.00     0    -1.5    2886     0   0   0   0    -999.000  -999.000
0041   20.30   722.6     10.70   -999.0    2879  -999  -999.00   -999.00   -999.00     0    -1.5    2879     0   0   0   0    -999.000  -999.000
0042   20.80   723.2     10.73   -999.0    2873  -999  -999.00   -999.00   -999.00     0    -1.4    2873     0   0   0   0    -999.000  -999.000
0043   21.30   723.7     10.76   -999.0    2867  -999  -999.00   -999.00   -999.00     0    -1.4    2867     0   0   0   0    -999.000  -999.000
0044   21.80   724.3     10.79   -999.0    2860  -999  -999.00   -999.00   -999.00     0    -1.4    2860     0   0   0   0    -999.000  -999.000
0045   22.30   724.8     10.82   -999.0    2854  -999  -999.00   -999.00   -999.00     0    -1.4    2854     0   0   0   0    -999.000  -999.000
0046   22.80   725.4     10.85   -999.0    2847  -999  -999.00   -999.00   -999.00     0    -1.3    2847     0   0   0   0    -999.000  -999.000
0047   23.30   725.9     10.89   -999.0    2841  -999  -999.00   -999.00   -999.00     0    -1.3    2841     0   0   0   0    -999.000  -999.000
0048   23.80   726.5     10.92   -999.0    2835  -999  -999.00   -999.00   -999.00     0    -1.3    2835     0   0   0   0    -999.000  -999.000
0049   24.30   727.0     10.97   -999.0    2828  -999  -999.00   -999.00   -999.00     0    -1.2    2828     0   0   0   0    -999.000  -999.000
0050   24.80   727.6     11.01   -999.0    2822  -999  -999.00   -999.00   -999.00     0    -1.2    2822     0   0   0   0    -999.000  -999.000
0051   25.30   728.1     11.06   -999.0    2816  -999  -999.00   -999.00   -999.00     0    -1.2    2816     0   0   0   0    -999.000  -999.000
0052   25.80   728.7     11.11   -999.0    2810  -999  -999.00   -999.00   -999.00     0    -1.1    2810     0   0   0   0    -999.000  -999.000
0053   26.30   729.2     11.16   -999.0    2804  -999  -999.00   -999.00   -999.00     0    -1.1    2804     0   0   0   0    -999.000  -999.000
0054   26.80   729.7     11.21   -999.0    2797  -999  -999.00   -999.00   -999.00     0    -1.0    2797     0   0   0   0    -999.000  -999.000
0055   27.30   730.3     11.25   -999.0    2791  -999  -999.00   -999.00   -999.00     0    -1.0    2791     0   0   0   0    -999.000  -999.000
0056   27.80   730.8     11.29   -999.0    2785  -999  -999.00   -999.00   -999.00     0    -1.0    2785     0   0   0   0    -999.000  -999.000
0057   28.30   731.3     11.33   -999.0    2779  -999  -999.00   -999.00   -999.00     0    -1.0    2779     0   0   0   0    -999.000  -999.000
0058   28.80   731.9     11.36   -999.0    2773  -999  -999.00   -999.00   -999.00     0    -1.0    2773     0   0   0   0    -999.000  -999.000
0059   29.30   732.4     11.40     92.4    2767  -999  -999.00   -999.00   -999.00     0    -1.0    2767     0   0   0   0    -999.000  -999.000
0060   29.80   733.0     11.43     92.4    2760  -999  -999.00   -999.00   -999.00     0    -1.0    2760     0   0   0   0    -999.000  -999.000
0061   30.30   733.5     11.45     92.4    2754  -999  -999.00   -999.00   -999.00     0    -1.0    2754     0   0   0   0    -999.000  -999.000
0062   30.80   734.0     11.48     92.4    2748  -999  -999.00   -999.00   -999.00     0    -1.0    2748     0   0   0   0    -999.000  -999.000
0063   31.30   734.6     11.50     92.4    2742  -999  -999.00   -999.00   -999.00     0    -1.1    2742     0   0   0   0    -999.000  -999.000
0064   31.80   735.1     11.52     92.5    2736  -999  -999.00   -999.00   -999.00     0    -1.1    2736     0   0   0   0    -999.000  -999.000
0065   32.30   735.7     11.55     92.5    2730  -999  -999.00   -999.00   -999.00     0    -1.2    2730     0   0   0   0    -999.000  -999.000
0066   32.80   736.2     11.57     92.5    2723  -999  -999.00   -999.00   -999.00     0    -1.2    2723     0   0   0   0    -999.000  -999.000
0067   33.30   736.8     11.59     92.5    2717  -999  -999.00   -999.00   -999.00     0    -1.3    2717     0   0   0   0    -999.000  -999.000
0068   33.80   737.3     11.61     92.5    2711  -999  -999.00   -999.00   -999.00     0    -1.4    2711     0   0   0   0    -999.000  -999.000
0069   34.30   737.9     11.64     92.5    2705  -999  -999.00   -999.00   -999.00     0    -1.5    2705     0   0   0   0    -999.000  -999.000
0070   34.80   738.4     11.67     92.5    2698  -999  -999.00   -999.00   -999.00     0    -1.6    2698     0   0   0   0    -999.000  -999.000
0071   35.30   739.0     11.69     92.5    2692  -999  -999.00   -999.00   -999.00     0    -1.7    2692     0   0   0   0    -999.000  -999.000
0072   35.80   739.6     11.72     92.5    2685  -999  -999.00   -999.00   -999.00     0    -1.9    2685     0   0   0   0    -999.000  -999.000
0073   36.30   740.1     11.76     92.5    2679  -999  -999.00   -999.00   -999.00     0    -2.0    2679     0   0   0   0    -999.000  -999.000
0074   36.80   740.7     11.79     92.5    2672  -999  -999.00   -999.00   -999.00     0    -2.2    2672     0   0   0   0    -999.000  -999.000
0075   37.30   741.3     11.82     92.5    2665  -999  -999.00   -999.00   -999.00     0    -2.3    2665     0   0   0   0    -999.000  -999.000
0076   37.80   741.9     11.86     92.5    2658  -999  -999.00   -999.00   -999.00     0    -2.4    2658     0   0   0   0    -999.000  -999.000
0077   38.30   742.5     11.90     92.6    2652  -999  -999.00   -999.00   -999.00     0    -2.6    2652     0   0   0   0    -999.000  -999.000
0078   38.80   743.1     11.93     92.6    2645  -999  -999.00   -999.00   -999.00     0    -2.7    2645     0   0   0   0    -999.000  -999.000
0079   39.30   743.8     11.96     92.6    2638  -999  -999.00   -999.00   -999.00     0    -2.8    2638     0   0   0   0    -999.000  -999.000
0080   39.80   744.4     12.00     92.6    2631  -999  -999.00   -999.00   -999.00     4    -2.8    2631     0   0   0   0    -999.000  -999.000
0081   40.30   745.0     12.03     92.6    2624  -999  -999.00   -999.00   -999.00     4    -2.9    2624     0   0   0   0    -999.000  -999.000
0082   40.80   745.6     12.06     92.6    2616  -999  -999.00   -999.00   -999.00     4    -2.9    2616     0   0   0   0    -999.000  -999.000
0083   41.30   746.3     12.08     92.6    2609  -999  -999.00   -999.00   -999.00     4    -2.9    2609     0   0   0   0    -999.000  -999.000
0084   41.80   746.9     12.11     92.6    2602  -999  -999.00   -999.00   -999.00     4    -2.8    2602     0   0   0   0    -999.000  -999.000
0085   42.30   747.5     12.14     92.6    2595  -999  -999.00   -999.00   -999.00     4    -2.8    2595     0   0   0   0    -999.000  -999.000
0086   42.80   748.1     12.17     92.6    2588  -999  -999.00   -999.00   -999.00     4    -2.7    2588     0   0   0   0    -999.000  -999.000
0087   43.30   748.8     12.20     92.6    2581  -999  -999.00   -999.00   -999.00     4    -2.7    2581     0   0   0   0    -999.000  -999.000
0088   43.80   749.4     12.24     92.6    2575  -999  -999.00   -999.00   -999.00     4    -2.7    2575     0   0   0   0    -999.000  -999.000
0089   44.30   750.0     12.27     92.6    2568  -999  -999.00   -999.00   -999.00     4    -2.7    2568     0   0   0   0    -999.000  -999.000
0090   44.80   750.6     12.30     92.7    2561  -999  -999.00   -999.00   -999.00     4    -2.7    2561     0   0   0   0    -999.000  -999.000
0091   45.30   751.2     12.34     92.7    2554  -999  -999.00   -999.00   -999.00     5    -2.7    2554     0   0   0   0    -999.000  -999.000
0092   45.80   751.8     12.37     92.7    2547  -999  -999.00   -999.00   -999.00     5    -2.7    2547     0   0   0   0    -999.000  -999.000
0093   46.30   752.4     12.40     92.6    2540  -999  -999.00   -999.00   -999.00     5    -2.8    2540     0   0   0   0    -999.000  -999.000
0094   46.80   753.1     12.43     92.6    2533  -999  -999.00   -999.00   -999.00     5    -2.9    2533     0   0   0   0    -999.000  -999.000
0095   47.30   753.7     12.46     92.6    2526  -999  -999.00   -999.00   -999.00     5    -2.9    2526     0   0   0   0    -999.000  -999.000
0096   47.80   754.3     12.49     92.6    2519  -999  -999.00   -999.00   -999.00     5    -3.0    2519     0   0   0   0    -999.000  -999.000
0097   48.30   755.0     12.52     92.6    2512  -999  -999.00   -999.00   -999.00     5    -3.0    2512     0   0   0   0    -999.000  -999.000
0098   48.80   755.6     12.56     92.7    2505  -999  -999.00   -999.00   -999.00     5    -3.1    2505     0   0   0   0    -999.000  -999.000
0099   49.30   756.2     12.59     92.7    2498  -999  -999.00   -999.00   -999.00     5    -3.1    2498     0   0   0   0    -999.000  -999.000
0100   49.80   756.9     12.62     92.7    2490  -999  -999.00   -999.00   -999.00     5    -3.0    2490     0   0   0   0    -999.000  -999.000
0101   50.30   757.5     12.66     92.7    2483  -999  -999.00   -999.00   -999.00     5    -3.0    2483     0   0   0   0    -999.000  -999.000
0102   50.80   758.2     12.69     92.7    2476  -999  -999.00   -999.00   -999.00     5    -2.9    2476     0   0   0   0    -999.000  -999.000
0103   51.30   758.8     12.72     92.7    2469  -999  -999.00   -999.00   -999.00     5    -2.9    2469     0   0   0   0    -999.000  -999.000
0104   51.80   759.4     12.75     92.8    2462  -999  -999.00   -999.00   -999.00     5    -2.8    2462     0   0   0   0    -999.000  -999.000
0105   52.30   760.0     12.79     92.8    2455  -999  -999.00   -999.00   -999.00     5    -2.7    2455     0   0   0   0    -999.000  -999.000
0106   52.80   760.7     12.82     92.8    2449  -999  -999.00   -999.00   -999.00     5    -2.6    2449     0   0   0   0    -999.000  -999.000
0107   53.30   761.3     12.85     92.8    2442  -999  -999.00   -999.00   -999.00     5    -2.5    2442     0   0   0   0    -999.000  -999.000
0108   53.80   761.9     12.88     92.8    2435  -999  -999.00   -999.00   -999.00     5    -2.4    2435     0   0   0   0    -999.000  -999.000
0109   54.30   762.5     12.90     92.8    2428  -999  -999.00   -999.00   -999.00     5    -2.4    2428     0   0   0   0    -999.000  -999.000
0110   54.80   763.1     12.93     92.8    2422  -999  -999.00   -999.00   -999.00     5    -2.3    2422     0   0   0   0    -999.000  -999.000
0111   55.30   763.7     12.96     92.8    2415  -999  -999.00   -999.00   -999.00     5    -2.3    2415     0   0   0   0    -999.000  -999.000
0112   55.80   764.3     12.99     92.8    2408  -999  -999.00   -999.00   -999.00     5    -2.3    2408     0   0   0   0    -999.000  -999.000
0113   56.30   764.9     13.01     92.8    2402  -999  -999.00   -999.00   -999.00     5    -2.3    2402     0   0   0   0    -999.000  -999.000
0114   56.80   765.5     13.04     92.8    2395  -999  -999.00   -999.00   -999.00     5    -2.4    2395     0   0   0   0    -999.000  -999.000
0115   57.30   766.1     13.06     92.8    2388  -999  -999.00   -999.00   -999.00     5    -2.5    2388     0   0   0   0    -999.000  -999.000
0116   57.80   766.7     13.09     92.8    2381  -999  -999.00   -999.00   -999.00     5    -2.6    2381     0   0   0   0    -999.000  -999.000
0117   58.30   767.4     13.11     92.8    2375  -999  -999.00   -999.00   -999.00     5    -2.7    2375     0   0   0   0    -999.000  -999.000
0118   58.80   768.0     13.14     92.8    2368  -999  -999.00   -999.00   -999.00     5    -2.8    2368     0   0   0   0    -999.000  -999.000
0119   59.30   768.6     13.17     92.8    2361  -999  -999.00   -999.00   -999.00     5    -3.0    2361     0   0   0   0    -999.000  -999.000
0120   59.80   769.3     13.20     92.8    2354  -999  -999.00   -999.00   -999.00     5    -3.0    2354     0   0   0   0    -999.000  -999.000
0121   60.30   769.9     13.23     92.8    2346  -999  -999.00   -999.00   -999.00     5    -3.1    2346     0   0   0   0    -999.000  -999.000
0122   60.80   770.6     13.26     92.9    2339  -999  -999.00   -999.00   -999.00     5    -3.1    2339     0   0   0   0    -999.000  -999.000
0123   61.30  -999.0   -999.00   -999.0    -999  -999  -999.00   -999.00   -999.00     5  -999.0    -999     0   0   0   0    -999.000  -999.000
0124   61.80   771.9     13.33     92.9    2325  -999  -999.00   -999.00   -999.00  -999    -3.1    2325     0   0   0   0    -999.000  -999.000
0125   62.30   772.5     13.36     92.9    2318  -999  -999.00   -999.00   -999.00     5    -3.0    2318     0   0   0   0    -999.000  -999.000
0126   62.80   773.2     13.39     92.9    2311  -999  -999.00   -999.00   -999.00     5    -2.9    2311     0   0   0   0    -999.000  -999.000
0127   63.30   773.8     13.42     92.9    2304  -999  -999.00   -999.00   -999.00     5    -2.7    2304     0   0   0   0    -999.000  -999.000
0128   63.80   774.4     13.46     93.0    2297  -999  -999.00   -999.00   -999.00     5    -2.6    2297     0   0   0   0    -999.000  -999.000
0129   64.30   775.1     13.49     93.0    2290  -999  -999.00   -999.00   -999.00     5    -2.5    2290     0   0   0   0    -999.000  -999.000
0130   64.80   775.7     13.52     93.0    2284  -999  -999.00   -999.00   -999.00  -999    -2.3    2284     0   0   0   0    -999.000  -999.000
0131   65.30   776.3     13.55     93.0    2277  -999  -999.00   -999.00   -999.00     5    -2.2    2277     0   0   0   0    -999.000  -999.000
0132   65.80   776.9     13.57     93.0    2271  -999  -999.00   -999.00   -999.00     5    -2.1    2271     0   0   0   0    -999.000  -999.000
0133   66.30   777.5     13.60     93.0    2264  -999  -999.00   -999.00   -999.00     5    -2.1    2264     0   0   0   0    -999.000  -999.000
0134   66.80   778.1     13.63     93.0    2258  -999  -999.00   -999.00   -999.00     5    -2.0    2258     0   0   0   0    -999.000  -999.000
0135   67.30   778.7     13.65     93.1    2251  -999  -999.00   -999.00   -999.00     5    -2.0    2251     0   0   0   0    -999.000  -999.000
0136   67.80   779.3     13.68     93.1    2245  -999  -999.00   -999.00   -999.00  -999    -2.0    2245     0   0   0   0    -999.000  -999.000
0137   68.30   779.9     13.70     93.1    2238  -999  -999.00   -999.00   -999.00     5    -2.0    2238     0   0   0   0    -999.000  -999.000
0138   68.80   780.5     13.73     93.1    2232  -999  -999.00   -999.00   -999.00     5    -2.1    2232     0   0   0   0    -999.000  -999.000
0139   69.30   781.1     13.75     93.1    2225  -999  -999.00   -999.00   -999.00  -999    -2.1    2225     0   0   0   0    -999.000  -999.000
0140   69.80   781.7     13.78     93.1    2219  -999  -999.00   -999.00   -999.00     5    -2.2    2219     0   0   0   0    -999.000  -999.000
0141   70.30  -999.0   -999.00   -999.0    -999  -999  -999.00   -999.00   -999.00     5  -999.0    -999     0   0   0   0    -999.000  -999.000
0142   70.80   782.9     13.83     93.2    2205  -999  -999.00   -999.00   -999.00  -999    -2.3    2205     0   0   0   0    -999.000  -999.000
0143   71.30   783.5     13.86     93.2    2199   147    25.21    -13.85     21.06     6    -2.3    2199     0   0   0   0      17.979   -65.119
0144   71.80   784.1     13.89     93.2    2192   147    25.24    -13.86     21.10     6    -2.3    2192     0   0   0   0      17.979   -65.119
0145   72.30   784.7     13.93     93.2    2185   147    25.29    -13.87     21.14     6    -2.4    2185     0   0   0   0      17.980   -65.119
0146   72.80   785.4     13.96     93.2    2179   147    25.34    -13.89     21.19     6    -2.4    2179     0   0   0   0      17.980   -65.119
0147   73.30   786.0     13.99     93.2    2172  -999  -999.00   -999.00   -999.00     5    -2.5    2172     0   0   0   0    -999.000  -999.000
0148   73.80  -999.0   -999.00   -999.0    -999  -999  -999.00   -999.00   -999.00  -999  -999.0    -999     0   0   0   0    -999.000  -999.000
0149   74.30   787.2     14.06     93.2    2159  -999  -999.00   -999.00   -999.00     5    -2.6    2159     0   0   0   0    -999.000  -999.000
0150   74.80   787.9     14.09     93.2    2152  -999  -999.00   -999.00   -999.00     5    -2.6    2152     0   0   0   0    -999.000  -999.000
0151   75.30   788.5     14.13     93.2    2145  -999  -999.00   -999.00   -999.00  -999    -2.7    2145     0   0   0   0    -999.000  -999.000
0152   75.80   789.1     14.16     93.2    2138  -999  -999.00   -999.00   -999.00     5    -2.7    2138     0   0   0   0    -999.000  -999.000
0153   76.30   789.8     14.20     93.2    2131  -999  -999.00   -999.00   -999.00     5    -2.8    2131     0   0   0   0    -999.000  -999.000
0154   76.80   790.4     14.23     93.2    2124  -999  -999.00   -999.00   -999.00     5    -2.8    2124     0   0   0   0    -999.000  -999.000
0155   77.30   791.0     14.26     93.2    2118  -999  -999.00   -999.00   -999.00  -999    -2.9    2118     0   0   0   0    -999.000  -999.000
0156   77.80   791.7     14.29     93.2    2111  -999  -999.00   -999.00   -999.00  -999    -2.9    2111     0   0   0   0    -999.000  -999.000
0157   78.30   792.3     14.31     93.2    2104  -999  -999.00   -999.00   -999.00     5    -2.9    2104     0   0   0   0    -999.000  -999.000
0158   78.80   793.0     14.34     93.2    2097  -999  -999.00   -999.00   -999.00     5    -3.0    2097     0   0   0   0    -999.000  -999.000
0159   79.30   793.6     14.36     93.2    2090  -999  -999.00   -999.00   -999.00     5    -3.0    2090     0   0   0   0    -999.000  -999.000
0160   79.80   794.3     14.39     93.2    2083  -999  -999.00   -999.00   -999.00     5    -3.1    2083     0   0   0   0    -999.000  -999.000
0161   80.30   794.9     14.41     93.2    2076  -999  -999.00   -999.00   -999.00  -999    -3.1    2076     0   0   0   0    -999.000  -999.000
0162   80.80   795.6     14.44     93.2    2069  -999  -999.00   -999.00   -999.00     5    -3.2    2069     0   0   0   0    -999.000  -999.000
0163   81.30   796.3     14.47     93.2    2062  -999  -999.00   -999.00   -999.00     5    -3.2    2062     0   0   0   0    -999.000  -999.000
0164   81.80   796.9     14.49     93.2    2055  -999  -999.00   -999.00   -999.00     5    -3.3    2055     0   0   0   0    -999.000  -999.000
0165   82.30   797.6     14.52     93.2    2048  -999  -999.00   -999.00   -999.00     5    -3.3    2048     0   0   0   0    -999.000  -999.000
0166   82.80   798.2     14.55     93.2    2041   145    28.38    -16.10     23.38     6    -3.4    2041     0   0   0   0      17.982   -65.121
0167   83.30   798.9     14.58     93.2    2034  -999  -999.00   -999.00   -999.00  -999    -3.4    2034     0   0   0   0    -999.000  -999.000
0168   83.80   799.6     14.61     93.2    2026  -999  -999.00   -999.00   -999.00  -999    -3.5    2026     0   0   0   0    -999.000  -999.000
0169   84.30   800.3     14.64     93.2    2019   145    28.82    -16.59     23.57     6    -3.5    2019     0   0   0   0      17.983   -65.121
0170   84.80   801.0     14.68     93.2    2012   145    28.94    -16.72     23.62     6    -3.5    2012     0   0   0   0      17.983   -65.121
0171   85.30  -999.0   -999.00   -999.0    -999   145    29.03    -16.82     23.67     6  -999.0    -999     0   0   0   0      17.983   -65.121
0172   85.80   802.3     14.75     93.2    1998   145    29.12    -16.90     23.71     6    -3.5    1998     0   0   0   0      17.983   -65.121
0173   86.30   803.0     14.78     93.2    1990   144    29.18    -16.95     23.75     6    -3.5    1990     0   0   0   0      17.983   -65.121
0174   86.80   803.7     14.82     93.2    1983   145    29.22    -16.97     23.79     6    -3.5    1983     0   0   0   0      17.983   -65.121
0175   87.30   804.4     14.86     93.2    1976  -999  -999.00   -999.00   -999.00     5    -3.4    1976     0   0   0   0    -999.000  -999.000
0176   87.80   805.0     14.90     93.3    1969  -999  -999.00   -999.00   -999.00  -999    -3.4    1969     0   0   0   0    -999.000  -999.000
0177   88.30   805.7     14.94     93.3    1962  -999  -999.00   -999.00   -999.00  -999    -3.3    1962     0   0   0   0    -999.000  -999.000
0178   88.80   806.4     14.97     93.3    1955  -999  -999.00   -999.00   -999.00     5    -3.3    1955     0   0   0   0    -999.000  -999.000
0179   89.30   807.0     15.01     93.3    1948   145    29.15    -16.57     23.98     6    -3.2    1948     0   0   0   0      17.984   -65.122
0180   89.80   807.7     15.05     93.4    1941  -999  -999.00   -999.00   -999.00  -999    -3.2    1941     0   0   0   0    -999.000  -999.000
0181   90.30   808.4     15.08     93.4    1934   146    29.02    -16.21     24.06     6    -3.2    1934     0   0   0   0      17.984   -65.122
0182   90.80   809.0     15.11     93.4    1927   146    28.94    -16.00     24.11     6    -3.3    1927     0   0   0   0      17.985   -65.122
0183   91.30   809.7     15.14     93.3    1920  -999  -999.00   -999.00   -999.00     5    -3.3    1920     0   0   0   0    -999.000  -999.000
0184   91.80   810.4     15.17     93.3    1913  -999  -999.00   -999.00   -999.00     5    -3.4    1913     0   0   0   0    -999.000  -999.000
0185   92.30   811.0     15.20     93.3    1906  -999  -999.00   -999.00   -999.00     5    -3.5    1906     0   0   0   0    -999.000  -999.000
0186   92.80   811.7     15.23     93.3    1898  -999  -999.00   -999.00   -999.00     5    -3.7    1898     0   0   0   0    -999.000  -999.000
0187   93.30   812.4     15.26     93.3    1891  -999  -999.00   -999.00   -999.00     5    -3.8    1891     0   0   0   0    -999.000  -999.000
0188   93.80   813.1     15.29     93.3    1884   149    28.63    -14.56     24.66     6    -3.9    1884     0   0   0   0      17.985   -65.122
0189   94.30   813.8     15.32     93.3    1876  -999  -999.00   -999.00   -999.00     5    -4.0    1876     0   0   0   0    -999.000  -999.000
0190   94.80   814.6     15.35     93.3    1869  -999  -999.00   -999.00   -999.00  -999    -4.1    1869     0   0   0   0    -999.000  -999.000
0191   95.30   815.3     15.38     93.3    1861   150    28.72    -14.18     24.98     6    -4.2    1861     0   0   0   0      17.986   -65.123
0192   95.80   816.0     15.41     93.3    1854   151    28.79    -14.16     25.07     6    -4.2    1854     0   0   0   0      17.986   -65.123
0193   96.30   816.7     15.44     93.3    1846   151    28.88    -14.18     25.16     6    -4.2    1846     0   0   0   0      17.986   -65.123
0194   96.80   817.4     15.47     93.3    1839  -999  -999.00   -999.00   -999.00  -999    -4.2    1839     0   0   0   0    -999.000  -999.000
0195   97.30   818.2     15.50     93.3    1831   151    29.13    -14.33     25.35     6    -4.2    1831     0   0   0   0      17.986   -65.123
0196   97.80  -999.0   -999.00   -999.0    -999   150    29.28    -14.44     25.47     6  -999.0    -999     0   0   0   0      17.987   -65.123
0197   98.30   819.6     15.55     93.3    1816  -999  -999.00   -999.00   -999.00  -999    -4.1    1816     0   0   0   0    -999.000  -999.000
0198   98.80   820.3     15.57     93.3    1809   150    29.64    -14.70     25.74     6    -4.1    1809     0   0   0   0      17.987   -65.123
0199   99.30   821.0     15.59     93.3    1802   150    29.83    -14.83     25.88     6    -4.0    1802     0   0   0   0      17.987   -65.123
0200   99.80   821.7     15.61     93.3    1794   150    30.02    -14.95     26.03     6    -4.0    1794     0   0   0   0      17.987   -65.123
0201  100.30   822.4     15.63     93.3    1787   150    30.20    -15.06     26.18     6    -3.9    1787     0   0   0   0      17.987   -65.123
0202  100.80   823.1     15.64     93.3    1780   150    30.38    -15.16     26.32     6    -3.9    1780     0   0   0   0      17.988   -65.123
0203  101.30   823.8     15.66     93.3    1772   150    30.54    -15.25     26.46     6    -3.9    1772     0   0   0   0      17.988   -65.123
0204  101.80   824.5     15.68     93.4    1765   150    30.69    -15.32     26.59     6    -3.9    1765     0   0   0   0      17.988   -65.124
0205  102.30   825.3     15.70     93.4    1758  -999  -999.00   -999.00   -999.00     5    -3.9    1758     0   0   0   0    -999.000  -999.000
0206  102.80   826.0     15.72     93.4    1750  -999  -999.00   -999.00   -999.00  -999    -3.9    1750     0   0   0   0    -999.000  -999.000
0207  103.30   826.7     15.74     93.4    1743  -999  -999.00   -999.00   -999.00  -999    -3.9    1743     0   0   0   0    -999.000  -999.000
0208  103.80   827.4     15.76     93.4    1736  -999  -999.00   -999.00   -999.00     5    -3.9    1736     0   0   0   0    -999.000  -999.000
0209  104.30   828.1     15.78     93.4    1729  -999  -999.00   -999.00   -999.00     5    -3.9    1729     0   0   0   0    -999.000  -999.000
0210  104.80   828.8     15.81     93.4    1721  -999  -999.00   -999.00   -999.00     5    -4.0    1721     0   0   0   0    -999.000  -999.000
0211  105.30   829.5     15.83     93.4    1714  -999  -999.00   -999.00   -999.00     5    -4.0    1714     0   0   0   0    -999.000  -999.000
0212  105.80   830.2     15.86     93.4    1707  -999  -999.00   -999.00   -999.00     5    -4.0    1707     0   0   0   0    -999.000  -999.000
0213  106.30   830.9     15.88     93.4    1699  -999  -999.00   -999.00   -999.00     5    -4.0    1699     0   0   0   0    -999.000  -999.000
0214  106.80   831.7     15.91     93.4    1692  -999  -999.00   -999.00   -999.00     5    -4.0    1692     0   0   0   0    -999.000  -999.000
0215  107.30   832.4     15.93     93.4    1685  -999  -999.00   -999.00   -999.00     5    -4.0    1685     0   0   0   0    -999.000  -999.000
0216  107.80   833.1     15.96     93.4    1677  -999  -999.00   -999.00   -999.00     5    -4.0    1677     0   0   0   0    -999.000  -999.000
0217  108.30   833.8     15.98     93.4    1670  -999  -999.00   -999.00   -999.00     5    -4.0    1670     0   0   0   0    -999.000  -999.000
0218  108.80  -999.0   -999.00   -999.0    -999  -999  -999.00   -999.00   -999.00     5  -999.0    -999     0   0   0   0    -999.000  -999.000
0219  109.30   835.2     16.03     93.4    1655  -999  -999.00   -999.00   -999.00     5    -4.0    1655     0   0   0   0    -999.000  -999.000
0220  109.80   836.0     16.05     93.4    1648  -999  -999.00   -999.00   -999.00     5    -4.0    1648     0   0   0   0    -999.000  -999.000
0221  110.30   836.7     16.08     93.4    1641  -999  -999.00   -999.00   -999.00     5    -4.0    1641     0   0   0   0    -999.000  -999.000
0222  110.80   837.4     16.10     93.4    1633  -999  -999.00   -999.00   -999.00     5    -4.0    1633     0   0   0   0    -999.000  -999.000
0223  111.30   838.1     16.13     93.4    1626  -999  -999.00   -999.00   -999.00     5    -4.0    1626     0   0   0   0    -999.000  -999.000
0224  111.80   838.8     16.15     93.4    1618  -999  -999.00   -999.00   -999.00     5    -4.0    1618     0   0   0   0    -999.000  -999.000
0225  112.30   839.6     16.18     93.4    1611  -999  -999.00   -999.00   -999.00     5    -3.9    1611     0   0   0   0    -999.000  -999.000
0226  112.80   840.3     16.21     93.4    1604  -999  -999.00   -999.00   -999.00     5    -3.9    1604     0   0   0   0    -999.000  -999.000
0227  113.30   841.0     16.24     93.4    1597  -999  -999.00   -999.00   -999.00     5    -3.9    1597     0   0   0   0    -999.000  -999.000
0228  113.80   841.7     16.28     93.3    1589  -999  -999.00   -999.00   -999.00     5    -3.9    1589     0   0   0   0    -999.000  -999.000
0229  114.30   842.4     16.31     93.3    1582  -999  -999.00   -999.00   -999.00  -999    -3.9    1582     0   0   0   0    -999.000  -999.000
0230  114.80   843.1     16.35     93.2    1575  -999  -999.00   -999.00   -999.00  -999    -4.0    1575     0   0   0   0    -999.000  -999.000
0231  115.30   843.8     16.39     93.2    1568  -999  -999.00   -999.00   -999.00     5    -4.0    1568     0   0   0   0    -999.000  -999.000
0232  115.80   844.6     16.43     93.1    1560  -999  -999.00   -999.00   -999.00  -999    -4.1    1560     0   0   0   0    -999.000  -999.000
0233  116.30   845.3     16.47     93.0    1553  -999  -999.00   -999.00   -999.00  -999    -4.1    1553     0   0   0   0    -999.000  -999.000
0234  116.80   846.0     16.52     93.0    1546  -999  -999.00   -999.00   -999.00     5    -4.2    1546     0   0   0   0    -999.000  -999.000
0235  117.30   846.8     16.57     92.9    1538   150    31.89    -15.93     27.62     6    -4.2    1538     0   0   0   0      17.993   -65.126
0236  117.80   847.5     16.62     92.8    1531  -999  -999.00   -999.00   -999.00     5    -4.3    1531     0   0   0   0    -999.000  -999.000
0237  118.30   848.2     16.67     92.7    1523  -999  -999.00   -999.00   -999.00     5    -4.3    1523     0   0   0   0    -999.000  -999.000
0238  118.80   849.0     16.73     92.6    1516  -999  -999.00   -999.00   -999.00     5    -4.4    1516     0   0   0   0    -999.000  -999.000
0239  119.30   849.7     16.78     92.4    1508  -999  -999.00   -999.00   -999.00     5    -4.4    1508     0   0   0   0    -999.000  -999.000
0240  119.80   850.5     16.84     92.3    1501  -999  -999.00   -999.00   -999.00     5    -4.5    1501     0   0   0   0    -999.000  -999.000
0241  120.30   851.2     16.89     92.1    1493  -999  -999.00   -999.00   -999.00     5    -4.5    1493     0   0   0   0    -999.000  -999.000
0242  120.80   852.0     16.94     91.9    1486   150    32.14    -16.18     27.77     6    -4.5    1486     0   0   0   0      17.994   -65.126
0243  121.30   852.7     16.99     91.8    1478  -999  -999.00   -999.00   -999.00     5    -4.5    1478     0   0   0   0    -999.000  -999.000
0244  121.80   853.5     17.03     91.6    1471   150    32.16    -16.15     27.81     6    -4.5    1471     0   0   0   0      17.994   -65.126
0245  122.30   854.2     17.07     91.5    1463   150    32.16    -16.12     27.83     6    -4.5    1463     0   0   0   0      17.995   -65.127
0246  122.80   855.0     17.12     91.4    1456   150    32.18    -16.10     27.86     6    -4.5    1456     0   0   0   0      17.995   -65.127
0247  123.30   855.7     17.16     91.3    1448  -999  -999.00   -999.00   -999.00     5    -4.5    1448     0   0   0   0    -999.000  -999.000
0248  123.80   856.5     17.20     91.2    1440  -999  -999.00   -999.00   -999.00     5    -4.5    1440     0   0   0   0    -999.000  -999.000
0249  124.30   857.2     17.24     91.1    1433  -999  -999.00   -999.00   -999.00     5    -4.5    1433     0   0   0   0    -999.000  -999.000
0250  124.80   858.0     17.28     91.1    1425  -999  -999.00   -999.00   -999.00     5    -4.6    1425     0   0   0   0    -999.000  -999.000
0251  125.30   858.7     17.32     91.1    1418  -999  -999.00   -999.00   -999.00     5    -4.6    1418     0   0   0   0    -999.000  -999.000
0252  125.80   859.5     17.36     91.0    1410  -999  -999.00   -999.00   -999.00     5    -4.6    1410     0   0   0   0    -999.000  -999.000
0253  126.30   860.3     17.40     91.0    1403   150    32.52    -16.35     28.11     6    -4.6    1403     0   0   0   0      17.996   -65.127
0254  126.80   861.0     17.45     91.0    1395  -999  -999.00   -999.00   -999.00     5    -4.6    1395     0   0   0   0    -999.000  -999.000
0255  127.30   861.8     17.49     90.9    1388  -999  -999.00   -999.00   -999.00  -999    -4.6    1388     0   0   0   0    -999.000  -999.000
0256  127.80   862.5     17.54     90.8    1380   150    32.66    -16.56     28.14     6    -4.6    1380     0   0   0   0      17.996   -65.127
0257  128.30   863.3     17.59     90.7    1373   149    32.69    -16.62     28.15     6    -4.6    1373     0   0   0   0      17.997   -65.127
0258  128.80   864.1     17.64     90.5    1365   149    32.72    -16.67     28.15     6    -4.6    1365     0   0   0   0      17.997   -65.128
0259  129.30   864.8     17.69     90.3    1357  -999  -999.00   -999.00   -999.00     5    -4.5    1357     0   0   0   0    -999.000  -999.000
0260  129.80   865.6     17.74     90.0    1350   149    32.76    -16.74     28.16     6    -4.5    1350     0   0   0   0      17.997   -65.128
0261  130.30   866.3     17.79     89.8    1342   149    32.77    -16.76     28.16     6    -4.4    1342     0   0   0   0      17.997   -65.128
0262  130.80   867.1     17.84     89.5    1335   149    32.77    -16.77     28.16     6    -4.3    1335     0   0   0   0      17.997   -65.128
0263  131.30   867.8     17.90     89.2    1328  -999  -999.00   -999.00   -999.00     5    -4.3    1328     0   0   0   0    -999.000  -999.000
0264  131.80   868.6     17.95     88.9    1320  -999  -999.00   -999.00   -999.00     5    -4.2    1320     0   0   0   0    -999.000  -999.000
0265  132.30   869.3     18.00     88.6    1313   149    32.74    -16.77     28.12     6    -4.2    1313     0   0   0   0      17.998   -65.128
0266  132.80  -999.0   -999.00   -999.0    -999   149    32.74    -16.78     28.11     6  -999.0    -999     0   0   0   0      17.998   -65.128
0267  133.30   870.8     18.10     88.0    1298   149    32.75    -16.79     28.11     6    -4.1    1298     0   0   0   0      17.998   -65.128
0268  133.80  -999.0   -999.00   -999.0    -999   149    32.78    -16.82     28.13     6  -999.0    -999     0   0   0   0      17.998   -65.128
0269  134.30   872.3     18.19     87.6    1284   149    32.83    -16.86     28.17     6    -4.1    1284     0   0   0   0      17.999   -65.128
0270  134.80   873.0     18.22     87.4    1276   149    32.90    -16.91     28.22     6    -4.1    1276     0   0   0   0      17.999   -65.129
0271  135.30   873.7     18.26     87.3    1269   149    32.98    -16.97     28.28     6    -4.1    1269     0   0   0   0      17.999   -65.129
0272  135.80   874.5     18.29     87.3    1262   149    33.07    -17.04     28.34     6    -4.1    1262     0   0   0   0      17.999   -65.129
0273  136.30   875.2     18.31     87.3    1255   149    33.17    -17.13     28.40     6    -4.2    1255     0   0   0   0      17.999   -65.129
0274  136.80   876.0     18.33     87.4    1247   149    33.26    -17.23     28.46     6    -4.2    1247     0   0   0   0      17.999   -65.129
0275  137.30   876.7     18.34     87.5    1240   149    33.36    -17.33     28.51     6    -4.2    1240     0   0   0   0      18.000   -65.129
0276  137.80   877.5     18.34     87.7    1233  -999  -999.00   -999.00   -999.00     5    -4.3    1233     0   0   0   0    -999.000  -999.000
0277  138.30   878.2     18.34     87.9    1225  -999  -999.00   -999.00   -999.00     5    -4.3    1225     0   0   0   0    -999.000  -999.000
0278  138.80   879.0     18.34     88.0    1218   148    33.68    -17.69     28.66     6    -4.3    1218     0   0   0   0      18.000   -65.129
0279  139.30   879.7     18.34     88.1    1211   148    33.79    -17.82     28.71     6    -4.4    1211     0   0   0   0      18.000   -65.129
0280  139.80   880.5     18.33     88.3    1203   148    33.90    -17.95     28.76     6    -4.4    1203     0   0   0   0      18.000   -65.129
0281  140.30   881.2     18.33     88.3    1196   148    34.01    -18.08     28.81     6    -4.4    1196     0   0   0   0      18.001   -65.129
0282  140.80   882.0     18.33     88.3    1188  -999  -999.00   -999.00   -999.00     5    -4.5    1188     0   0   0   0    -999.000  -999.000
0283  141.30   882.8     18.34     88.3    1181   148    34.24    -18.35     28.91     6    -4.5    1181     0   0   0   0      18.001   -65.130
0284  141.80   883.5     18.36     88.3    1173  -999  -999.00   -999.00   -999.00     5    -4.5    1173     0   0   0   0    -999.000  -999.000
0285  142.30   884.3     18.38     88.2    1166  -999  -999.00   -999.00   -999.00  -999    -4.5    1166     0   0   0   0    -999.000  -999.000
0286  142.80   885.1     18.40     88.0    1158  -999  -999.00   -999.00   -999.00     5    -4.4    1158     0   0   0   0    -999.000  -999.000
0287  143.30   885.8     18.43     87.9    1151  -999  -999.00   -999.00   -999.00     5    -4.4    1151     0   0   0   0    -999.000  -999.000
0288  143.80   886.6     18.46     87.8    1144  -999  -999.00   -999.00   -999.00     5    -4.4    1144     0   0   0   0    -999.000  -999.000
0289  144.30   887.3     18.50     87.7    1136  -999  -999.00   -999.00   -999.00     5    -4.4    1136     0   0   0   0    -999.000  -999.000
0290  144.80   888.1     18.53     87.7    1129  -999  -999.00   -999.00   -999.00     5    -4.4    1129     0   0   0   0    -999.000  -999.000
0291  145.30   888.9     18.57     87.7    1122  -999  -999.00   -999.00   -999.00     5    -4.4    1122     0   0   0   0    -999.000  -999.000
0292  145.80   889.6     18.61     87.6    1114  -999  -999.00   -999.00   -999.00     5    -4.4    1114     0   0   0   0    -999.000  -999.000
0293  146.30   890.4     18.65     87.6    1107  -999  -999.00   -999.00   -999.00     5    -4.5    1107     0   0   0   0    -999.000  -999.000
0294  146.80   891.2     18.70     87.7    1099  -999  -999.00   -999.00   -999.00     5    -4.5    1099     0   0   0   0    -999.000  -999.000
0295  147.30   891.9     18.74     87.7    1092  -999  -999.00   -999.00   -999.00     5    -4.5    1092     0   0   0   0    -999.000  -999.000
0296  147.80   892.7     18.78     87.7    1084  -999  -999.00   -999.00   -999.00     5    -4.5    1084     0   0   0   0    -999.000  -999.000
0297  148.30   893.5     18.82     87.7    1077  -999  -999.00   -999.00   -999.00     5    -4.6    1077     0   0   0   0    -999.000  -999.000
0298  148.80   894.3     18.87     87.7    1070  -999  -999.00   -999.00   -999.00     5    -4.6    1070     0   0   0   0    -999.000  -999.000
0299  149.30   895.0     18.92     87.7    1062  -999  -999.00   -999.00   -999.00     5    -4.6    1062     0   0   0   0    -999.000  -999.000
0300  149.80   895.8     18.96     87.7    1055  -999  -999.00   -999.00   -999.00     5    -4.7    1055     0   0   0   0    -999.000  -999.000
0301  150.30   896.6     19.01     87.7    1047  -999  -999.00   -999.00   -999.00     5    -4.7    1047     0   0   0   0    -999.000  -999.000
0302  150.80   897.4     19.06     87.7    1040  -999  -999.00   -999.00   -999.00     5    -4.7    1040     0   0   0   0    -999.000  -999.000
0303  151.30   898.2     19.11     87.8    1032  -999  -999.00   -999.00   -999.00     5    -4.7    1032     0   0   0   0    -999.000  -999.000
0304  151.80   898.9     19.16     87.8    1025  -999  -999.00   -999.00   -999.00     5    -4.7    1025     0   0   0   0    -999.000  -999.000
0305  152.30   899.7     19.21     87.9    1017  -999  -999.00   -999.00   -999.00     5    -4.7    1017     0   0   0   0    -999.000  -999.000
0306  152.80   900.5     19.26     88.0    1010  -999  -999.00   -999.00   -999.00     5    -4.6    1010     0   0   0   0    -999.000  -999.000
0307  153.30   901.3     19.30     88.2    1002  -999  -999.00   -999.00   -999.00     5    -4.6    1002     0   0   0   0    -999.000  -999.000
0308  153.80   902.1     19.35     88.3     995  -999  -999.00   -999.00   -999.00     5    -4.6     995     0   0   0   0    -999.000  -999.000
0309  154.30   902.8     19.39     88.5     987  -999  -999.00   -999.00   -999.00     5    -4.5     987     0   0   0   0    -999.000  -999.000
0310  154.80   903.6     19.43     88.7     980  -999  -999.00   -999.00   -999.00     5    -4.5     980     0   0   0   0    -999.000  -999.000
0311  155.30   904.4     19.47     88.9     972  -999  -999.00   -999.00   -999.00     5    -4.5     972     0   0   0   0    -999.000  -999.000
0312  155.80   905.2     19.50     89.1     965  -999  -999.00   -999.00   -999.00     5    -4.5     965     0   0   0   0    -999.000  -999.000
0313  156.30   905.9     19.54     89.2     958  -999  -999.00   -999.00   -999.00     5    -4.4     958     0   0   0   0    -999.000  -999.000
0314  156.80   906.7     19.58     89.3     950  -999  -999.00   -999.00   -999.00     5    -4.4     950     0   0   0   0    -999.000  -999.000
0315  157.30   907.5     19.61     89.4     943  -999  -999.00   -999.00   -999.00     5    -4.4     943     0   0   0   0    -999.000  -999.000
0316  157.80   908.2     19.65     89.4     936  -999  -999.00   -999.00   -999.00     5    -4.4     936     0   0   0   0    -999.000  -999.000
0317  158.30   909.0     19.69     89.4     928  -999  -999.00   -999.00   -999.00     5    -4.4     928     0   0   0   0    -999.000  -999.000
0318  158.80   909.8     19.73     89.3     921  -999  -999.00   -999.00   -999.00     5    -4.4     921     0   0   0   0    -999.000  -999.000
0319  159.30   910.6     19.77     89.2     914  -999  -999.00   -999.00   -999.00     5    -4.4     914     0   0   0   0    -999.000  -999.000
0320  159.80   911.3     19.82     89.1     906  -999  -999.00   -999.00   -999.00     5    -4.4     906     0   0   0   0    -999.000  -999.000
0321  160.30   912.1     19.86     89.0     899  -999  -999.00   -999.00   -999.00     5    -4.4     899     0   0   0   0    -999.000  -999.000
0322  160.80   912.9     19.90     88.9     892  -999  -999.00   -999.00   -999.00     5    -4.3     892     0   0   0   0    -999.000  -999.000
0323  161.30   913.6     19.95     88.7     884  -999  -999.00   -999.00   -999.00     5    -4.3     884     0   0   0   0    -999.000  -999.000
0324  161.80   914.4     19.99     88.5     877  -999  -999.00   -999.00   -999.00     5    -4.2     877     0   0   0   0    -999.000  -999.000
0325  162.30   915.2     20.04     88.4     870  -999  -999.00   -999.00   -999.00     5    -4.2     870     0   0   0   0    -999.000  -999.000
0326  162.80   915.9     20.08     88.2     863  -999  -999.00   -999.00   -999.00     5    -4.2     863     0   0   0   0    -999.000  -999.000
0327  163.30   916.7     20.12     88.1     855  -999  -999.00   -999.00   -999.00     5    -4.2     855     0   0   0   0    -999.000  -999.000
0328  163.80   917.5     20.17     87.9     848  -999  -999.00   -999.00   -999.00     5    -4.1     848     0   0   0   0    -999.000  -999.000
0329  164.30   918.2     20.21     87.7     841  -999  -999.00   -999.00   -999.00     5    -4.1     841     0   0   0   0    -999.000  -999.000
0330  164.80   919.0     20.25     87.6     834  -999  -999.00   -999.00   -999.00     5    -4.2     834     0   0   0   0    -999.000  -999.000
0331  165.30   919.7     20.29     87.4     827  -999  -999.00   -999.00   -999.00     5    -4.2     827     0   0   0   0    -999.000  -999.000
0332  165.80   920.5     20.33     87.3     820  -999  -999.00   -999.00   -999.00     5    -4.2     820     0   0   0   0    -999.000  -999.000
0333  166.30   921.3     20.37     87.1     812  -999  -999.00   -999.00   -999.00     5    -4.2     812     0   0   0   0    -999.000  -999.000
0334  166.80   922.0     20.41     86.9     805  -999  -999.00   -999.00   -999.00     5    -4.2     805     0   0   0   0    -999.000  -999.000
0335  167.30   922.8     20.45     86.8     798  -999  -999.00   -999.00   -999.00     5    -4.3     798     0   0   0   0    -999.000  -999.000
0336  167.80   923.6     20.49     86.7     790  -999  -999.00   -999.00   -999.00     5    -4.2     790     0   0   0   0    -999.000  -999.000
0337  168.30   924.4     20.52     86.6     783  -999  -999.00   -999.00   -999.00     5    -4.2     783     0   0   0   0    -999.000  -999.000
0338  168.80   925.1     20.56     86.5     776  -999  -999.00   -999.00   -999.00     5    -4.2     776     0   0   0   0    -999.000  -999.000
0339  169.30   925.9     20.60     86.4     769  -999  -999.00   -999.00   -999.00     5    -4.1     769     0   0   0   0    -999.000  -999.000
0340  169.80   926.7     20.63     86.3     762  -999  -999.00   -999.00   -999.00     5    -4.1     762     0   0   0   0    -999.000  -999.000
0341  170.30   927.4     20.66     86.3     754  -999  -999.00   -999.00   -999.00     5    -4.0     754     0   0   0   0    -999.000  -999.000
0342  170.80   928.2     20.69     86.2     747  -999  -999.00   -999.00   -999.00     5    -4.0     747     0   0   0   0    -999.000  -999.000
0343  171.30   928.9     20.73     86.2     740  -999  -999.00   -999.00   -999.00     5    -3.9     740     0   0   0   0    -999.000  -999.000
0344  171.80   929.7     20.76     86.2     733  -999  -999.00   -999.00   -999.00     5    -3.9     733     0   0   0   0    -999.000  -999.000
0345  172.30   930.4     20.79     86.1     726  -999  -999.00   -999.00   -999.00     5    -3.9     726     0   0   0   0    -999.000  -999.000
0346  172.80   931.2     20.82     86.0     719  -999  -999.00   -999.00   -999.00     5    -3.9     719     0   0   0   0    -999.000  -999.000
0347  173.30   931.9     20.86     86.0     712  -999  -999.00   -999.00   -999.00  -999    -3.9     712     0   0   0   0    -999.000  -999.000
0348  173.80   932.7     20.89     85.9     705  -999  -999.00   -999.00   -999.00     5    -4.0     705     0   0   0   0    -999.000  -999.000
0349  174.30   933.5     20.92     85.9     698  -999  -999.00   -999.00   -999.00  -999    -4.0     698     0   0   0   0    -999.000  -999.000
0350  174.80   934.2     20.95     85.8     691  -999  -999.00   -999.00   -999.00     5    -4.0     691     0   0   0   0    -999.000  -999.000
0351  175.30   935.0     20.98     85.8     684  -999  -999.00   -999.00   -999.00     5    -4.0     684     0   0   0   0    -999.000  -999.000
0352  175.80   935.7     21.01     85.8     677  -999  -999.00   -999.00   -999.00     5    -4.0     677     0   0   0   0    -999.000  -999.000
0353  176.30   936.5     21.03     85.7     670  -999  -999.00   -999.00   -999.00     5    -4.0     670     0   0   0   0    -999.000  -999.000
0354  176.80   937.3     21.06     85.7     663  -999  -999.00   -999.00   -999.00     5    -4.0     663     0   0   0   0    -999.000  -999.000
0355  177.30   938.0     21.08     85.7     656  -999  -999.00   -999.00   -999.00     5    -4.0     656     0   0   0   0    -999.000  -999.000
0356  177.80   938.8     21.11     85.6     649  -999  -999.00   -999.00   -999.00     5    -3.9     649     0   0   0   0    -999.000  -999.000
0357  178.30   939.6     21.13     85.6     642  -999  -999.00   -999.00   -999.00     5    -3.9     642     0   0   0   0    -999.000  -999.000
0358  178.80   940.3     21.15     85.5     635  -999  -999.00   -999.00   -999.00     5    -3.9     635     0   0   0   0    -999.000  -999.000
0359  179.30   941.1     21.17     85.4     628  -999  -999.00   -999.00   -999.00     5    -3.8     628     0   0   0   0    -999.000  -999.000
0360  179.80   941.8     21.18     85.3     621  -999  -999.00   -999.00   -999.00     5    -3.8     621     0   0   0   0    -999.000  -999.000
0361  180.30   942.6     21.20     85.2     614  -999  -999.00   -999.00   -999.00     5    -3.7     614     0   0   0   0    -999.000  -999.000
0362  180.80   943.3     21.21     85.1     607  -999  -999.00   -999.00   -999.00     5    -3.7     607     0   0   0   0    -999.000  -999.000
0363  181.30   944.1     21.23     85.0     600  -999  -999.00   -999.00   -999.00     5    -3.7     600     0   0   0   0    -999.000  -999.000
0364  181.80   944.8     21.24     84.8     593  -999  -999.00   -999.00   -999.00     5    -3.7     593     0   0   0   0    -999.000  -999.000
0365  182.30   945.6     21.26     84.7     586  -999  -999.00   -999.00   -999.00     5    -3.6     586     0   0   0   0    -999.000  -999.000
0366  182.80   946.3     21.27     84.5     579  -999  -999.00   -999.00   -999.00     5    -3.7     579     0   0   0   0    -999.000  -999.000
0367  183.30   947.1     21.29     84.4     572  -999  -999.00   -999.00   -999.00     5    -3.7     572     0   0   0   0    -999.000  -999.000
0368  183.80   947.8     21.31     84.3     566  -999  -999.00   -999.00   -999.00     5    -3.8     566     0   0   0   0    -999.000  -999.000
0369  184.30   948.6     21.33     84.2     559  -999  -999.00   -999.00   -999.00     5    -3.8     559     0   0   0   0    -999.000  -999.000
0370  184.80   949.3     21.36     84.3     552  -999  -999.00   -999.00   -999.00     5    -3.9     552     0   0   0   0    -999.000  -999.000
0371  185.30   950.1     21.39     84.4     545  -999  -999.00   -999.00   -999.00     5    -4.0     545     0   0   0   0    -999.000  -999.000
0372  185.80   950.9     21.41     84.7     538  -999  -999.00   -999.00   -999.00     5    -4.2     538     0   0   0   0    -999.000  -999.000
0373  186.30   951.7     21.44     85.2     530  -999  -999.00   -999.00   -999.00     5    -4.3     530     0   0   0   0    -999.000  -999.000
0374  186.80   952.4     21.48     85.8     523  -999  -999.00   -999.00   -999.00     5    -4.5     523     0   0   0   0    -999.000  -999.000
0375  187.30   953.2     21.51     86.6     516  -999  -999.00   -999.00   -999.00     5    -4.6     516     0   0   0   0    -999.000  -999.000
0376  187.80   954.0     21.54     87.4     509  -999  -999.00   -999.00   -999.00     5    -4.7     509     0   0   0   0    -999.000  -999.000
0377  188.30   954.9     21.58     88.2     501  -999  -999.00   -999.00   -999.00     5    -4.9     501     0   0   0   0    -999.000  -999.000
0378  188.80   955.7     21.62     88.8     494  -999  -999.00   -999.00   -999.00     5    -4.9     494     0   0   0   0    -999.000  -999.000
0379  189.30   956.5     21.66     89.2     486  -999  -999.00   -999.00   -999.00     5    -5.0     486     0   0   0   0    -999.000  -999.000
0380  189.80   957.4     21.71     89.2     478  -999  -999.00   -999.00   -999.00     5    -5.0     478     0   0   0   0    -999.000  -999.000
0381  190.30   958.2     21.76     89.0     471  -999  -999.00   -999.00   -999.00     4    -5.0     471     0   0   0   0    -999.000  -999.000
0382  190.80   959.0     21.81     88.6     463  -999  -999.00   -999.00   -999.00     4    -4.9     463     0   0   0   0    -999.000  -999.000
0383  191.30   959.8     21.86     88.2     456  -999  -999.00   -999.00   -999.00     4    -4.9     456     0   0   0   0    -999.000  -999.000
0384  191.80   960.7     21.92     87.8     448  -999  -999.00   -999.00   -999.00     4    -4.7     448     0   0   0   0    -999.000  -999.000
0385  192.30   961.5     21.97     87.5     441  -999  -999.00   -999.00   -999.00     4    -4.6     441     0   0   0   0    -999.000  -999.000
0386  192.80   962.3     22.03     87.4     434  -999  -999.00   -999.00   -999.00     4    -4.5     434     0   0   0   0    -999.000  -999.000
0387  193.30   963.1     22.08     87.5     427  -999  -999.00   -999.00   -999.00     4    -4.3     427     0   0   0   0    -999.000  -999.000
0388  193.80   963.9     22.13     87.8     419  -999  -999.00   -999.00   -999.00     4    -4.2     419     0   0   0   0    -999.000  -999.000
0389  194.30   964.6     22.18     88.3     412  -999  -999.00   -999.00   -999.00     4    -4.1     412     0   0   0   0    -999.000  -999.000
0390  194.80   965.4     22.23     88.8     405  -999  -999.00   -999.00   -999.00     4    -3.9     405     0   0   0   0    -999.000  -999.000
0391  195.30   966.2     22.27     89.3     399  -999  -999.00   -999.00   -999.00     4    -3.8     399     0   0   0   0    -999.000  -999.000
0392  195.80   966.9     22.32     89.7     392  -999  -999.00   -999.00   -999.00     4    -3.7     392     0   0   0   0    -999.000  -999.000
0393  196.30   967.7     22.36     90.0     385  -999  -999.00   -999.00   -999.00     5    -3.7     385     0   0   0   0    -999.000  -999.000
0394  196.80   968.4     22.40     90.3     378  -999  -999.00   -999.00   -999.00     5    -3.6     378     0   0   0   0    -999.000  -999.000
0395  197.30   969.2     22.45     90.5     371  -999  -999.00   -999.00   -999.00     5    -3.5     371     0   0   0   0    -999.000  -999.000
0396  197.80   969.9     22.49     90.6     364  -999  -999.00   -999.00   -999.00     5    -3.4     364     0   0   0   0    -999.000  -999.000
0397  198.30   970.7     22.54     90.6     358  -999  -999.00   -999.00   -999.00     5    -3.3     358     0   0   0   0    -999.000  -999.000
0398  198.80   971.4     22.59     90.6     351  -999  -999.00   -999.00   -999.00     5    -3.2     351     0   0   0   0    -999.000  -999.000
0399  199.30   972.2     22.64     90.5     344  -999  -999.00   -999.00   -999.00     5    -3.1     344     0   0   0   0    -999.000  -999.000
0400  199.80   972.9     22.70     90.4     338  -999  -999.00   -999.00   -999.00     5    -3.0     338     0   0   0   0    -999.000  -999.000
0401  200.30   973.6     22.75     90.2     331  -999  -999.00   -999.00   -999.00     5    -3.0     331     0   0   0   0    -999.000  -999.000
0402  200.80   974.3     22.81     89.9     325  -999  -999.00   -999.00   -999.00     5    -2.9     325     0   0   0   0    -999.000  -999.000
0403  201.30   975.1     22.87     89.6     319  -999  -999.00   -999.00   -999.00     5    -2.9     319     0   0   0   0    -999.000  -999.000
0404  201.80   975.8     22.93     89.3     312  -999  -999.00   -999.00   -999.00     0    -2.9     312     0   0   0   0    -999.000  -999.000
0405  202.30   976.5     22.98     89.0     306  -999  -999.00   -999.00   -999.00     4    -2.9     306     0   0   0   0    -999.000  -999.000
0406  202.80   977.2     23.04     88.6     299  -999  -999.00   -999.00   -999.00     5    -2.9     299     0   0   0   0    -999.000  -999.000
0407  203.30   977.9     23.10     88.2     293  -999  -999.00   -999.00   -999.00     5    -3.0     293     0   0   0   0    -999.000  -999.000
0408  203.80   978.6     23.15     87.9     287  -999  -999.00   -999.00   -999.00     5    -3.1     287     0   0   0   0    -999.000  -999.000
0409  204.30   979.4     23.21     87.6     280  -999  -999.00   -999.00   -999.00     5    -3.2     280     0   0   0   0    -999.000  -999.000
0410  204.80   980.1     23.27     87.3     273  -999  -999.00   -999.00   -999.00     5    -3.3     273     0   0   0   0    -999.000  -999.000
0411  205.30   980.8     23.32     87.0     267  -999  -999.00   -999.00   -999.00     5    -3.5     267     0   0   0   0    -999.000  -999.000
0412  205.80   981.6     23.38     86.8     260  -999  -999.00   -999.00   -999.00     5    -3.6     260     0   0   0   0    -999.000  -999.000
0413  206.30   982.4     23.43     86.6     253  -999  -999.00   -999.00   -999.00     5    -3.7     253     0   0   0   0    -999.000  -999.000
0414  206.80   983.1     23.49     86.4     246  -999  -999.00   -999.00   -999.00     4    -3.8     246     0   0   0   0    -999.000  -999.000
0415  207.30   983.9     23.54     86.2     239  -999  -999.00   -999.00   -999.00     5    -3.9     239     0   0   0   0    -999.000  -999.000
0416  207.80   984.7     23.59     86.2     232  -999  -999.00   -999.00   -999.00     5    -4.0     232     0   0   0   0    -999.000  -999.000
0417  208.30   985.5     23.65     86.2     225  -999  -999.00   -999.00   -999.00     5    -4.0     225     0   0   0   0    -999.000  -999.000
0418  208.80   986.3     23.70     86.3     218  -999  -999.00   -999.00   -999.00     5    -4.1     218     0   0   0   0    -999.000  -999.000
0419  209.30   987.1     23.75     86.5     211  -999  -999.00   -999.00   -999.00     5    -4.1     211     0   0   0   0    -999.000  -999.000
0420  209.80   987.9     23.80     86.8     204  -999  -999.00   -999.00   -999.00     5    -4.1     204     0   0   0   0    -999.000  -999.000
0421  210.30   988.7     23.84     87.0     197  -999  -999.00   -999.00   -999.00     5    -4.1     197     0   0   0   0    -999.000  -999.000
0422  210.80   989.4     23.89     87.2     190  -999  -999.00   -999.00   -999.00     5    -4.1     190     0   0   0   0    -999.000  -999.000
0423  211.30   990.2     23.94     87.4     183  -999  -999.00   -999.00   -999.00     5    -4.1     183     0   0   0   0    -999.000  -999.000
0424  211.80   991.0     23.99     87.4     176  -999  -999.00   -999.00   -999.00     5    -4.1     176     0   0   0   0    -999.000  -999.000
0425  212.30   991.8     24.04     87.4     169  -999  -999.00   -999.00   -999.00     5    -4.2     169     0   0   0   0    -999.000  -999.000
0426  212.80   992.6     24.09     87.2     162  -999  -999.00   -999.00   -999.00     5    -4.2     162     0   0   0   0    -999.000  -999.000
0427  213.30   993.4     24.15     87.0     155  -999  -999.00   -999.00   -999.00     4    -4.3     155     0   0   0   0    -999.000  -999.000
0428  213.80   994.2     24.20     86.7     148  -999  -999.00   -999.00   -999.00     5    -4.4     148     0   0   0   0    -999.000  -999.000
0429  214.30   995.0     24.26     86.3     141  -999  -999.00   -999.00   -999.00     5    -4.5     141     0   0   0   0    -999.000  -999.000
0430  214.80   995.8     24.32     86.0     134  -999  -999.00   -999.00   -999.00     5    -4.6     134     0   0   0   0    -999.000  -999.000
0431  215.30   996.6     24.38     85.6     126  -999  -999.00   -999.00   -999.00     5    -4.7     126     0   0   0   0    -999.000  -999.000
0432  215.80   997.5     24.44     85.3     119  -999  -999.00   -999.00   -999.00  -999    -4.8     119     0   0   0   0    -999.000  -999.000
0433  216.30   998.3     24.50     84.9     112  -999  -999.00   -999.00   -999.00     5    -4.9     112     0   0   0   0    -999.000  -999.000
0434  216.80   999.2     24.57     84.4     104  -999  -999.00   -999.00   -999.00     5    -4.9     104     0   0   0   0    -999.000  -999.000
0435  217.30  1000.0     24.63     84.0      97  -999  -999.00   -999.00   -999.00     5    -5.0      97     0   0   0   0    -999.000  -999.000
0436  217.80  1000.9     24.70     83.6      89  -999  -999.00   -999.00   -999.00     5    -5.0      89     0   0   0   0    -999.000  -999.000
0437  218.30  1001.7     24.76     83.2      82  -999  -999.00   -999.00   -999.00     5    -5.0      82     0   0   0   0    -999.000  -999.000
0438  218.80  1002.6     24.83     82.8      74  -999  -999.00   -999.00   -999.00     5    -5.1      74     0   0   0   0    -999.000  -999.000
0439  219.30  1003.4     24.90     82.5      67  -999  -999.00   -999.00   -999.00     5    -5.0      67     0   0   0   0    -999.000  -999.000
0440  219.80  1004.3     24.96     82.2      59  -999  -999.00   -999.00   -999.00     5    -5.0      59     0   0   0   0    -999.000  -999.000
0441  220.30  1005.1     25.03     81.9      52  -999  -999.00   -999.00   -999.00     5    -5.0      52     0   0   0   0    -999.000  -999.000
0442  220.80  1005.9     25.09     81.6      44  -999  -999.00   -999.00   -999.00     5    -5.0      44     0   0   0   0    -999.000  -999.000
0443  221.30  1006.8     25.15     81.4      37  -999  -999.00   -999.00   -999.00     5    -4.9      37     0   0   0   0    -999.000  -999.000
0444  221.80  1007.6     25.22     81.1      30  -999  -999.00   -999.00   -999.00     5    -4.9      30     0   0   0   0    -999.000  -999.000
0445  222.30  1008.5     25.28     80.9      22  -999  -999.00   -999.00   -999.00     5    -4.9      22     0   0   0   0    -999.000  -999.000
0446  222.80  1009.3     25.35   -999.0      15  -999  -999.00   -999.00   -999.00     5    -4.8      15     0   0   0   0    -999.000  -999.000
0447  223.30  -999.0   -999.00   -999.0    -999  -999  -999.00   -999.00   -999.00     5  -999.0    -999     0   0   0   0    -999.000  -999.000
0448  223.84  1011.0     25.41     80.4       0  -999  -999.00   -999.00   -999.00  -999  -999.0       0     0   0   0   0    -999.000  -999.000
