 ===========================================================================
 DROPWINDSONDE PROCESSING RECORD                            Sonde: 965040240
 PDS file written Dec 10, 1997.                             Format:    V2.22
 Aircraft: N43RF                             Date: 970908   Time: 185234 UTC
 ---------------------------------------------------------------------------
 Bias corrections:  PR =    .0 mb  TE =    .0 C  RH =    .0 %  PRB =   .8 mb
 Filters (LPF):     PTH =   5 s    WIND =   5 s       Hyd anchor =       SFC
 RH T-compensation =  Y     WSHR COR =      N         Splash PR  =  950.0 mb
 Estimated PR used =  N     GPS VERR =    .49 m/s     HYD SFCP   =  950.7 mb
 Dyn T correction  =  Y     WGACORR  =    5.8 m       AC GA ADJ  =     .0 m
 ---------------------------------------------------------------------------
 COMMENTS: Eye.  RH appears low.  Clds observed below.   WS correction              
 ===========================================================================

 ===========================================================================
 Date: 970908   Lat:  23.26 N   TA:   21.9 C   PS:  752.1 mb   WD:   274 deg
 Time: 185234   Lon:  62.58 W   TD:   10.7 C   GA:   2051 m    WS:   8.8 m/s
 SID:  965040240                RH:   47.9 %   Navaid:   GP          
 ===========================================================================

IX      t (s)  P (mb)    T (C)    RH (%)  Z (m)   WD    WS (m/s)   U (m/s)   V (m/s)  NS  WZ (m/s)  ZW (m)   FP  FT  FH  FW    LAT (N)   LON (E)
0001      .5   752.8     21.91     47.8    2036   275     8.84      8.81      -.74  -999  -999.0    2042     3   3   4   4      23.260   -62.577
0002     1.0   753.6     21.92     47.7    2028   276     9.01      8.96      -.86  -999  -999.0    2033     3   3   4   4      23.260   -62.577
0003     1.5   754.3     21.93     47.5    2019   276     9.04      9.00      -.89  -999  -999.0    2025     3   3   4   4      23.260   -62.577
0004     2.0   755.0     21.93     47.4    2011   276     9.08      9.04      -.92  -999  -999.0    2017     3   3   4   4      23.260   -62.577
0005     2.5   755.8     21.94     47.2    2002   276     9.12      9.07      -.95  -999  -999.0    2008     3   3   4   4      23.260   -62.577
0006     3.0   756.5     21.95     47.1    1994   276     9.16      9.11      -.98  -999  -999.0    2000     3   3   4   4      23.260   -62.577
0007     3.5   757.2     21.96     46.9    1986   276     9.20      9.14     -1.01  -999  -999.0    1991     3   3   4   4      23.260   -62.577
0008     4.0   758.0     21.97     46.8    1977   276     9.24      9.18     -1.03  -999  -999.0    1983     3   3   4   4      23.260   -62.577
0009     4.5   758.7     21.98     46.7    1969   277     9.27      9.21     -1.06  -999  -999.0    1974     3   3   4   4      23.260   -62.577
0010     5.0   759.4     21.99     46.5    1960   277     9.31      9.25     -1.09  -999  -999.0    1966     3   3   4   4      23.260   -62.577
0011     5.5   760.2     22.00     46.4    1952   277     9.35      9.28     -1.12  -999  -999.0    1958     3   3   4   4      23.260   -62.577
0012     6.0   760.9     22.01     46.2    1944   277     9.39      9.32     -1.15  -999  -999.0    1949     3   3   4   4      23.260   -62.577
0013     6.5   761.6     22.02     46.1    1935   277     9.43      9.36     -1.18  -999  -999.0    1941     3   3   4   4      23.260   -62.577
0014     7.0   762.4     22.03     45.9    1927   277     9.47      9.39     -1.20  -999  -999.0    1933     3   3   4   4      23.260   -62.577
0015     7.5   763.1     22.04     45.8    1918   277     9.51      9.43     -1.23  -999  -999.0    1924     3   3   4   4      23.260   -62.577
0016     8.0   763.8     22.05     45.7    1910   278     9.55      9.46     -1.26  -999  -999.0    1916     3   3   4   4      23.260   -62.577
0017     8.5   764.5     22.06     45.5    1902   278     9.58      9.50     -1.29  -999  -999.0    1908     3   3   4   4      23.260   -62.577
0018     9.0   765.3     22.07     45.4    1893   278     9.62      9.53     -1.32  -999  -999.0    1899     3   3   4   4      23.260   -62.577
0019     9.5   766.0     22.08     45.2    1885   278     9.66      9.57     -1.35  -999  -999.0    1891     3   3   4   4      23.260   -62.577
0020    10.0   766.7     22.10     45.1    1877   278     9.70      9.60     -1.38  -999  -999.0    1883     3   3   4   4      23.260   -62.576
0021    10.5   767.5     22.11     44.9    1869   278     9.74      9.64     -1.40  -999  -999.0    1874     3   3   4   4      23.260   -62.576
0022    11.0   768.2     22.12     44.8    1860   278     9.78      9.67     -1.43  -999  -999.0    1866     3   3   4   4      23.260   -62.576
0023    11.5   768.9     22.14     44.6    1852   279     9.82      9.71     -1.46  -999  -999.0    1858     3   3   4   4      23.260   -62.576
0024    12.0   769.7     22.15     44.5    1844   279     9.86      9.75     -1.49  -999  -999.0    1849     3   3   4   4      23.260   -62.576
0025    12.5   770.4     22.16     44.3    1835   279     9.90      9.78     -1.52  -999  -999.0    1841     3   3   4   4      23.260   -62.576
0026    13.0   771.1     22.16     44.2    1827   279     9.94      9.82     -1.54  -999  -999.0    1833     3   3   4   4      23.260   -62.576
0027    13.5   771.9     22.17     44.1    1819   279     9.97      9.85     -1.57  -999  -999.0    1825     3   3   4   4      23.260   -62.576
0028    14.0   772.6     22.18     44.0    1810   279    10.01      9.88     -1.60  -999  -999.0    1816     3   3   4   4      23.260   -62.576
0029    14.5   773.4     22.19     43.9    1802   279    10.05      9.92     -1.63  -999  -999.0    1808     3   3   4   4      23.260   -62.576
0030    15.0   774.1     22.22     43.8    1794   279    10.09      9.95     -1.66  -999  -999.0    1800     3   3   4   4      23.260   -62.576
0031    15.5   774.8     22.24     43.6    1786   280    10.13      9.99     -1.68  -999  -999.0    1792     0   0   4   4      23.260   -62.576
0032    16.0   775.5     22.28     43.3    1778   280    10.17     10.02     -1.71  -999    -1.5    1784     0   0   4   4      23.260   -62.576
0033    16.5   776.2     22.32     43.1    1771   280    10.21     10.06     -1.74  -999    -1.2    1776     0   0   4   4      23.260   -62.576
0034    17.0   776.8     22.36     42.9    1763   280    10.24     10.09     -1.77  -999     -.9    1769     0   0   4   4      23.260   -62.576
0035    17.5   777.5     22.39     42.7    1756   280    10.28     10.13     -1.79  -999     -.7    1762     0   0   4   4      23.260   -62.576
0036    18.0   778.1     22.40     42.8    1749   280    10.32     10.16     -1.82  -999     -.5    1755     0   0   4   4      23.260   -62.576
0037    18.5   778.8     22.41     43.0    1742   280    10.36     10.19     -1.85  -999     -.4    1747     0   0   4   4      23.260   -62.576
0038    19.0   779.4     22.39     43.3    1735   280    10.39     10.22     -1.88  -999     -.3    1740     0   0   4   4      23.260   -62.576
0039    19.5   780.0     22.37     43.8    1727   281    10.43     10.26     -1.90  -999     -.3    1733     0   0   4   4      23.260   -62.576
0040    20.0   780.7     22.33     44.2    1720   281    10.47     10.29     -1.94  -999     -.3    1726     0   0   4   4      23.260   -62.576
0041    20.5   781.3     22.30     44.4    1713   281    10.51     10.33     -1.97  -999     -.3    1719     0   0   4   4      23.260   -62.575
0042    21.0   781.9     22.26     44.5    1706   281    10.56     10.37     -2.00  -999     -.3    1712     0   0   4   4      23.260   -62.575
0043    21.5   782.6     22.23     44.3    1699   281    10.60     10.41     -2.02  -999     -.3    1705     0   0   4   4      23.260   -62.575
0044    22.0   783.2     22.20     43.9    1692   281    10.65     10.45     -2.04  -999     -.2    1698     0   0   4   4      23.260   -62.575
0045    22.5   783.9     22.17     43.4    1685   281    10.69     10.49     -2.06  -999     -.2    1690     0   0   4   4      23.260   -62.575
0046    23.0   784.5     22.14     43.0    1678   281    10.73     10.53     -2.08  -999     -.1    1683     0   0   4   4      23.260   -62.575
0047    23.5   785.1     22.10     42.9    1671   281    10.76     10.55     -2.10  -999     -.1    1676     0   0   4   4      23.260   -62.575
0048    24.0   785.8     22.05     43.1    1664   281    10.78     10.57     -2.14  -999      .0    1669     0   0   4   4      23.260   -62.575
0049    24.5   786.4     22.00     43.7    1657   282    10.81     10.58     -2.18  -999      .0    1663     0   0   4   4      23.260   -62.575
0050    25.0   787.0     21.93     44.6    1650   282    10.84     10.61     -2.24  -999      .0    1656     0   0   4   4      23.260   -62.575
0051    25.5   787.6     21.86     45.8    1643   282    10.89     10.65     -2.29  -999      .0    1649     0   0   4   4      23.260   -62.575
0052    26.0   788.2     21.79     46.9    1636   282    10.96     10.71     -2.32  -999      .0    1642     0   0   4   4      23.260   -62.575
0053    26.5   788.9     21.72     47.9    1629   282    11.04     10.79     -2.34  -999     -.1    1635     0   0   4   4      23.260   -62.575
0054    27.0   789.5     21.66     48.7    1622   282    11.12     10.87     -2.33  -999     -.1    1628     0   0   4   4      23.260   -62.575
0055    27.5   790.1     21.60     49.2    1615   282    11.17     10.93     -2.31  -999     -.2    1621     0   0   4   4      23.260   -62.575
0056    28.0   790.8     21.54     49.6    1608   282    11.18     10.95     -2.28  -999     -.2    1614     0   0   4   4      23.260   -62.575
0057    28.5   791.4     21.49     50.0    1601   282    11.13     10.89     -2.26  -999     -.2    1607     0   0   4   4      23.260   -62.575
0058    29.0   792.1     21.44     50.6    1594   282    10.99     10.75     -2.29     4     -.2    1600     0   0   4   0      23.260   -62.575
0059    29.5   792.7     21.39     51.7    1587   283    10.80     10.54     -2.36     4     -.2    1593     0   0   4   0      23.260   -62.575
0060    30.0   793.3     21.33     53.3    1580   284    10.57     10.27     -2.50     4     -.2    1586     0   0   4   0      23.260   -62.574
0061    30.5   794.0     21.25     55.4    1573   285    10.34      9.98     -2.69     4     -.2    1579     0   0   4   0      23.260   -62.574
0062    31.0   794.6     21.16     58.1    1566   287    10.14      9.71     -2.91     4     -.2    1572     0   0   4   0      23.260   -62.574
0063    31.5   795.3     21.05     61.1    1559   288     9.99      9.49     -3.13     4     -.2    1565     0   0   4   0      23.260   -62.574
0064    32.0   795.9     20.93     64.3    1552   290     9.90      9.33     -3.32     4     -.2    1558     0   0   4   0      23.260   -62.574
0065    32.5   796.5     20.79     67.4    1545   290     9.84      9.22     -3.44     4     -.2    1551     0   0   4   0      23.260   -62.574
0066    33.0   797.2     20.63     70.3    1538   291     9.77      9.13     -3.48     4     -.2    1544     0   0   4   0      23.260   -62.574
0067    33.5   797.8     20.47     72.9    1531   291     9.66      9.04     -3.42     4     -.1    1537     0   0   4   0      23.260   -62.574
0068    34.0   798.5     20.30     75.1    1524   290     9.49      8.91     -3.27     4     -.1    1530     0   0   4   0      23.260   -62.574
0069    34.5   799.1     20.14     77.0    1517   289     9.25      8.74     -3.05     4      .0    1523     0   0   4   0      23.260   -62.574
0070    35.0   799.7     19.97     78.5    1511   288     8.95      8.51     -2.79     4      .0    1516     0   0   4   0      23.260   -62.574
0071    35.5   800.3     19.82     79.7    1504   287     8.62      8.24     -2.51     4      .0    1510     0   0   4   0      23.260   -62.574
0072    36.0   801.0     19.68     80.7    1497   286     8.29      7.97     -2.27     4      .0    1503     0   0   4   0      23.260   -62.574
0073    36.5   801.6     19.56     81.5    1490   285     8.00      7.73     -2.08     4     -.1    1496     0   0   4   0      23.260   -62.574
0074    37.0   802.2     19.46     82.0    1483   285     7.78      7.53     -1.98     4     -.1    1489     0   0   4   0      23.260   -62.574
0075    37.5   802.9     19.39     82.4    1476   285     7.64      7.39     -1.97     4     -.1    1482     0   0   4   0      23.260   -62.574
0076    38.0   803.5     19.35     82.7    1469   286     7.59      7.31     -2.04     4     -.1    1475     0   0   4   0      23.260   -62.574
0077    38.5   804.2     19.33     82.8    1462   287     7.61      7.29     -2.17     4      .0    1468     0   0   4   0      23.260   -62.574
0078    39.0   804.8     19.33     82.8    1455   288     7.67      7.32     -2.31     4      .1    1461     0   0   4   0      23.260   -62.574
0079    39.5   805.5     19.35     82.8    1449   288     7.77      7.38     -2.44     4      .3    1454     0   0   4   0      23.260   -62.574
0080    40.0   806.1     19.39     82.7    1442   289     7.88      7.46     -2.52     4      .5    1448     0   0   4   0      23.260   -62.574
0081    40.5   806.7     19.45     82.7    1436   289     7.97      7.55     -2.54     4      .7    1441     0   0   4   0      23.260   -62.574
0082    41.0   807.3     19.51     82.6    1429   288     8.05      7.65     -2.51     5      .8    1435     0   0   4   0      23.260   -62.574
0083    41.5   807.9     19.57     82.6    1423   288     8.13      7.75     -2.45     5      .8    1429     0   0   4   3      23.260   -62.574
0084    42.0   808.4     19.64     82.6    1417   287     8.20      7.84     -2.40     4      .8    1423     0   0   4   0      23.260   -62.574
0085    42.5   809.0     19.71     82.6    1410   287     8.27      7.92     -2.39     5      .7    1416     0   0   4   0      23.260   -62.573
0086    43.0   809.6     19.78     82.6    1404   287     8.34      7.98     -2.45     5      .6    1410     0   0   4   0      23.260   -62.573
0087    43.5   810.3     19.85     82.5    1397   288     8.41      8.01     -2.56     5      .5    1403     0   0   4   0      23.260   -62.573
0088    44.0   810.9     19.92     82.4    1391   289     8.45      8.01     -2.70     5      .5    1397     0   0   4   0      23.260   -62.573
0089    44.5   811.5     19.99     82.3    1384   290     8.46      7.97     -2.85     4      .4    1390     0   0   4   0      23.260   -62.573
0090    45.0   812.1     20.06     82.2    1377   291     8.43      7.89     -2.95     5      .4    1383     0   0   4   0      23.260   -62.573
0091    45.5   812.8     20.13     82.1    1371   291     8.32      7.77     -2.99     5      .4    1377     0   0   4   0      23.260   -62.573
0092    46.0   813.4     20.19     81.9    1364   291     8.15      7.60     -2.95     5      .5    1370     0   0   4   0      23.260   -62.573
0093    46.5   814.0     20.26     81.8    1358   291     7.93      7.40     -2.85     5      .5    1364     0   0   4   0      23.260   -62.573
0094    47.0   814.6     20.32     81.6    1351   291     7.69      7.19     -2.72     5      .5    1357     0   0   4   0      23.260   -62.573
0095    47.5   815.2     20.38     81.4    1345   290     7.44      6.98     -2.59     5      .5    1351     0   0   4   0      23.260   -62.573
0096    48.0   815.8     20.43     81.2    1338   290     7.24      6.79     -2.51     5      .4    1344     0   0   4   0      23.260   -62.573
0097    48.5   816.4     20.48     81.0    1332   290     7.09      6.64     -2.48     5      .4    1337     0   0   4   0      23.260   -62.573
0098    49.0   817.0     20.53     80.8    1325   291     7.00      6.54     -2.50     5      .4    1331     0   0   4   0      23.260   -62.573
0099    49.5   817.7     20.58     80.5    1318   292     6.98      6.50     -2.56     4      .4    1324     0   0   4   0      23.260   -62.573
0100    50.0   818.3     20.63     80.3    1312   292     7.00      6.49     -2.63     5      .4    1318     0   0   4   0      23.260   -62.573
0101    50.5   818.9     20.68     80.1    1305   292     7.04      6.51     -2.69     5      .5    1311     0   0   4   0      23.260   -62.573
0102    51.0   819.5     20.72     79.9    1299   293     7.07      6.52     -2.72     5      .5    1304     0   0   4   0      23.260   -62.573
0103    51.5   820.1     20.77     79.7    1292   293     7.07      6.51     -2.74     5      .6    1298     0   0   4   0      23.260   -62.573
0104    52.0   820.8     20.82     79.6    1286   293     7.03      6.48     -2.73     5      .6    1292     0   0   4   0      23.260   -62.573
0105    52.5   821.4     20.86     79.5    1279   293     6.96      6.41     -2.71     5      .6    1285     0   0   4   0      23.260   -62.573
0106    53.0   822.0     20.91     79.4    1273   293     6.87      6.32     -2.68     5      .5    1279     0   0   4   0      23.260   -62.573
0107    53.5   822.6     20.95     79.4    1266   293     6.76      6.23     -2.64     5      .5    1272     0   0   4   0      23.259   -62.573
0108    54.0   823.2     21.00     79.3    1260   293     6.66      6.15     -2.57     5      .5    1266     0   0   4   0      23.259   -62.573
0109    54.5   823.8     21.04     79.4    1253   292     6.58      6.10     -2.49     5      .5    1259     0   0   4   0      23.259   -62.573
0110    55.0   824.5     21.07     79.4    1247   291     6.53      6.07     -2.39     5      .5    1252     0   0   4   0      23.259   -62.573
0111    55.5   825.1     21.11     79.6    1240   291     6.50      6.08     -2.30     5      .5    1246     0   0   4   0      23.259   -62.573
0112    56.0   825.7     21.14     79.7    1234   290     6.49      6.10     -2.23     5      .5    1239     0   0   4   0      23.259   -62.573
0113    56.5   826.3     21.17     79.9    1227   290     6.51      6.12     -2.21     5      .6    1233     0   0   4   0      23.259   -62.573
0114    57.0   826.9     21.20     80.1    1221   290     6.53      6.13     -2.26     5      .6    1226     0   0   4   0      23.259   -62.573
0115    57.5   827.5     21.22     80.3    1214   291     6.56      6.12     -2.36     5      .6    1220     0   0   4   3      23.259   -62.572
0116    58.0   828.1     21.24     80.5    1208   292     6.58      6.08     -2.51     5      .6    1214     0   0   4   0      23.259   -62.572
0117    58.5   828.7     21.27     80.7    1201   294     6.58      6.01     -2.67     5      .6    1207     0   0   4   0      23.259   -62.572
0118    59.0   829.4     21.29     81.0    1195   295     6.54      5.91     -2.80     5      .5    1201     0   0   4   0      23.259   -62.572
0119    59.5   830.0     21.31     81.2    1188   296     6.46      5.79     -2.86     4      .5    1194     0   0   4   0      23.259   -62.572
0120    60.0   830.6     21.33     81.4    1182   296     6.34      5.67     -2.83     4      .5    1188     0   0   4   0      23.259   -62.572
0121    60.5   831.2     21.35     81.7    1175   296     6.18      5.56     -2.70     5      .5    1181     0   0   4   0      23.259   -62.572
0122    61.0   831.8     21.36     81.9    1169   295     6.03      5.49     -2.51     5      .6    1175     0   0   4   0      23.259   -62.572
0123    61.5   832.5     21.38     82.0    1162   293     5.91      5.45     -2.29     5      .6    1168     0   0   4   0      23.259   -62.572
0124    62.0   833.1     21.40     82.0    1156   291     5.84      5.45     -2.09     5      .7    1162     0   0   4   0      23.259   -62.572
0125    62.5   833.7     21.42     82.0    1150   290     5.83      5.49     -1.96     5      .7    1156     0   0   4   0      23.259   -62.572
0126    63.0   834.3     21.45     82.0    1143   289     5.88      5.55     -1.93     5      .8    1149     0   0   4   0      23.259   -62.572
0127    63.5   834.9     21.47     81.9    1137   290     5.97      5.62     -2.02     5      .8    1143     0   0   4   0      23.259   -62.572
0128    64.0   835.5     21.50     81.8    1131   291     6.09      5.68     -2.19     5      .8    1137     0   0   4   0      23.259   -62.572
0129    64.5   836.1     21.53     81.9    1125   293     6.21      5.72     -2.41     5      .8    1130     0   0   4   3      23.259   -62.572
0130    65.0   836.7     21.56     82.0    1118   295     6.30      5.73     -2.62     5      .8    1124     0   0   4   3      23.259   -62.572
0131    65.5   837.3     21.58     82.1    1112   296     6.34      5.71     -2.77     5      .8    1118     0   0   4   0      23.259   -62.572
0132    66.0   837.9     21.61     82.3    1106   297     6.32      5.65     -2.83     5      .9    1111     0   0   4   0      23.259   -62.572
0133    66.5   838.5     21.63     82.5    1099   297     6.23      5.57     -2.78     4      .9    1105     0   0   4   0      23.259   -62.572
0134    67.0   839.1     21.65     82.6    1093   296     6.07      5.47     -2.64     5     1.0    1099     0   0   4   3      23.259   -62.572
0135    67.5   839.7     21.68     82.7    1087   294     5.88      5.35     -2.44     5     1.0    1093     0   0   4   0      23.259   -62.572
0136    68.0   840.3     21.70     82.7    1081   293     5.67      5.22     -2.21     5     1.0    1086     0   0   4   0      23.259   -62.572
0137    68.5   840.9     21.73     82.7    1074   291     5.47      5.10     -1.99     5     1.1    1080     0   0   4   0      23.259   -62.572
0138    69.0   841.5     21.75     82.8    1068   290     5.31      4.99     -1.81     5     1.1    1074     0   0   4   0      23.259   -62.572
0139    69.5   842.1     21.77     82.9    1062   289     5.18      4.90     -1.67     5     1.1    1068     0   0   4   0      23.259   -62.572
0140    70.0   842.7     21.79     83.1    1056   288     5.11      4.86     -1.58     5     1.1    1062     0   0   4   0      23.259   -62.572
0141    70.5   843.3     21.80     83.4    1050   287     5.10      4.87     -1.51     5     1.0    1056     0   0   4   0      23.259   -62.572
0142    71.0   843.9     21.81     83.8    1044   287     5.14      4.92     -1.46     5     1.0    1050     0   0   4   0      23.259   -62.572
0143    71.5   844.5     21.81     84.1    1038   286     5.23      5.03     -1.42     5     1.0    1043     0   0   4   0      23.259   -62.572
0144    72.0   845.1     21.81     84.4    1031   285     5.35      5.17     -1.38     4      .9    1037     0   0   4   0      23.259   -62.572
0145    72.5   845.7     21.82     84.7    1025   284     5.49      5.33     -1.35     5     1.0    1031     0   0   4   0      23.259   -62.572
0146    73.0   846.3     21.82     84.8    1019   284     5.63      5.47     -1.34     5     1.0    1025     0   0   4   0      23.259   -62.572
0147    73.5   846.9     21.83     84.9    1013   284     5.75      5.59     -1.35     5     1.0    1018     0   0   4   0      23.259   -62.572
0148    74.0   847.5     21.84     84.8    1006   284     5.84      5.68     -1.38     4     1.0    1012     0   0   4   0      23.259   -62.572
0149    74.5   848.1     21.86     84.7    1000   284     5.89      5.72     -1.41     4     1.0    1006     0   0   4   0      23.259   -62.572
0150    75.0   848.7     21.88     84.6     994   284     5.91      5.74     -1.41     4     1.0    1000     0   0   4   0      23.259   -62.572
0151    75.5   849.3     21.90     84.4     988   284     5.89      5.73     -1.39     4     1.0     994     0   0   4   0      23.259   -62.572
0152    76.0   849.9     21.92     84.3     982   283     5.85      5.69     -1.35     4     1.0     988     0   0   4   0      23.259   -62.572
0153    76.5   850.5     21.94     84.2     976   283     5.78      5.64     -1.30     4     1.0     981     0   0   4   0      23.259   -62.571
0154    77.0   851.1     21.97     84.2     969   283     5.71      5.56     -1.27     4     1.0     975     0   0   4   0      23.259   -62.571
0155    77.5   851.7     21.99     84.3     963   283     5.62      5.47     -1.30     4     1.0     969     0   0   4   0      23.259   -62.571
0156    78.0   852.3     22.01     84.3     957   284     5.54      5.36     -1.38     4     1.0     963     0   0   4   0      23.259   -62.571
0157    78.5   852.9     22.03     84.4     951   286     5.45      5.24     -1.52     4     1.0     957     0   0   4   0      23.259   -62.571
0158    79.0   853.5     22.06     84.5     945   288     5.38      5.11     -1.70     4     1.1     951     0   0   4   3      23.259   -62.571
0159    79.5   854.1     22.08     84.5     939   291     5.33      4.99     -1.87     4     1.1     945     0   0   4   3      23.259   -62.571
0160    80.0   854.7     22.11     84.6     933   292     5.29      4.91     -1.98     4     1.1     938     0   0   4   0      23.259   -62.571
0161    80.5   855.3     22.13     84.6     927   293     5.26      4.86     -2.02     4     1.0     932     0   0   4   0      23.259   -62.571
0162    81.0   855.9     22.16     84.6     921   292     5.23      4.85     -1.96     4     1.0     926     0   0   4   0      23.259   -62.571
0163    81.5   856.5     22.18     84.6     914   290     5.21      4.88     -1.82     4      .9     920     0   0   4   3      23.259   -62.571
0164    82.0   857.1     22.21     84.7     908   288     5.20      4.93     -1.65     4      .8     914     0   0   4   0      23.259   -62.571
0165    82.5   857.7     22.23     84.8     902   287     5.19      4.97     -1.48     4      .8     908     0   0   4   0      23.259   -62.571
0166    83.0   858.3     22.25     85.0     896   285     5.17      4.99     -1.35     4      .8     901     0   0   4   0      23.259   -62.571
0167    83.5   858.9     22.27     85.2     889   285     5.14      4.98     -1.30     4      .8     895     0   0   4   0      23.259   -62.571
0168    84.0   859.6     22.29     85.4     883   285     5.11      4.93     -1.32     4      .9     889     0   0   4   3      23.259   -62.571
0169    84.5   860.2     22.30     85.6     877   286     5.06      4.87     -1.38     4      .9     883     0   0   4   3      23.259   -62.571
0170    85.0   860.8     22.32     85.8     871   287     5.03      4.81     -1.47     4     1.0     876     0   0   4   3      23.259   -62.571
0171    85.5   861.4     22.33     86.0     864   288     5.02      4.78     -1.55     4     1.1     870     0   0   4   0      23.259   -62.571
0172    86.0   862.0     22.35     86.1     858   289     5.05      4.78     -1.61     4     1.2     864     0   0   4   0      23.259   -62.571
0173    86.5   862.6     22.37     86.1     852   289     5.10      4.83     -1.63     4     1.2     858     0   0   4   0      23.259   -62.571
0174    87.0   863.1     22.38     86.1     847   288     5.17      4.90     -1.64     4     1.2     852     0   0   4   0      23.259   -62.571
0175    87.5   863.7     22.41     86.0     841   288     5.25      4.99     -1.63     4     1.2     846     0   0   4   0      23.259   -62.571
0176    88.0   864.3     22.43     85.9     835   288     5.30      5.05     -1.62     4     1.1     840     0   0   4   0      23.259   -62.571
0177    88.5   864.9     22.47     85.7     829   287     5.31      5.07     -1.59     4     1.0     834     0   0   4   0      23.259   -62.571
0178    89.0   865.5     22.50     85.5     822   287     5.27      5.04     -1.53     4      .9     828     0   0   4   0      23.259   -62.571
0179    89.5   866.1     22.55     85.3     816   286     5.16      4.96     -1.44     4      .8     822     0   0   4   0      23.259   -62.571
0180    90.0   866.8     22.59     85.1     810   285     5.02      4.85     -1.30     4      .7     816     0   0   4   0      23.259   -62.571
0181    90.5   867.4     22.64     84.9     804   283     4.86      4.73     -1.12     4      .7     809     0   0   4   3      23.259   -62.571
0182    91.0   868.0     22.69     84.7     797   281     4.74      4.65      -.92     4      .7     803     0   0   4   0      23.259   -62.571
0183    91.5   868.7     22.74     84.5     791   279     4.67      4.61      -.74     4      .7     797     0   0   4   0      23.259   -62.571
0184    92.0   869.3     22.79     84.3     785   278     4.67      4.63      -.62     4      .8     790     0   0   4   0      23.259   -62.571
0185    92.5   869.9     22.83     84.2     778   277     4.72      4.69      -.59     5      .9     784     0   0   4   0      23.259   -62.571
0186    93.0   870.5     22.87     84.1     772   278     4.83      4.79      -.63     5     1.0     778     0   0   4   0      23.259   -62.571
0187    93.5   871.1     22.91     84.0     766   278     4.96      4.91      -.73     5     1.0     772     0   0   4   0      23.259   -62.571
0188    94.0   871.7     22.95     84.0     760   279     5.11      5.04      -.84     5     1.1     766     0   0   4   0      23.259   -62.571
0189    94.5   872.3     23.00     83.9     754   280     5.26      5.18      -.92     4     1.0     760     0   0   4   0      23.259   -62.571
0190    95.0   872.9     23.04     83.9     748   280     5.40      5.32      -.93     4      .9     754     0   0   4   0      23.259   -62.571
0191    95.5   873.5     23.08     83.9     742   279     5.53      5.46      -.87     5      .8     748     0   0   4   0      23.259   -62.571
0192    96.0   874.1     23.12     83.9     736   278     5.65      5.60      -.76     5      .7     742     0   0   4   0      23.259   -62.571
0193    96.5   874.7     23.15     83.9     730   276     5.77      5.74      -.64     5      .6     735     0   0   4   3      23.259   -62.571
0194    97.0   875.4     23.19     83.9     723   275     5.89      5.86      -.56     5      .5     729     0   0   4   0      23.259   -62.570
0195    97.5   876.0     23.22     83.8     717   275     5.99      5.97      -.53     5      .5     723     0   0   4   3      23.259   -62.570
0196    98.0   876.7     23.26     83.8     710   275     6.09      6.06      -.58     5      .5     716     0   0   4   0      23.259   -62.570
0197    98.5   877.3     23.29     83.7     704   276     6.18      6.14      -.68     5      .6     710     0   0   4   3      23.259   -62.570
0198    99.0   877.9     23.32     83.7     698   277     6.26      6.21      -.78     5      .6     703     0   0   4   0      23.259   -62.570
0199    99.5   878.6     23.36     83.8     691   278     6.33      6.28      -.83     5      .7     697     0   0   4   0      23.259   -62.570
0200   100.0   879.2     23.39     83.8     685   277     6.40      6.34      -.81     4      .8     691     0   0   4   0      23.259   -62.570
0201   100.5   879.8     23.43     83.8     679   276     6.45      6.41      -.68     4      .9     685     0   0   4   3      23.259   -62.570
0202   101.0   880.4     23.47     83.8     673   274     6.49      6.47      -.48     5      .9     679     0   0   4   3      23.259   -62.570
0203   101.5   881.0     23.50     83.7     667   272     6.51      6.51      -.23     5      .9     673     0   0   4   0      23.259   -62.570
0204   102.0   881.6     23.54     83.6     661   270     6.52      6.52       .01     5      .8     667     0   0   4   0      23.259   -62.570
0205   102.5   882.2     23.58     83.5     655   268     6.49      6.49       .21     5      .7     661     0   0   4   0      23.259   -62.570
0206   103.0   882.8     23.62     83.3     649   267     6.43      6.42       .32     5      .7     654     0   0   4   3      23.259   -62.570
0207   103.5   883.5     23.67     83.1     642   267     6.34      6.33       .36     5      .6     648     0   0   4   3      23.259   -62.570
0208   104.0   884.1     23.72     82.9     636   267     6.24      6.24       .32     5      .6     642     0   0   4   3      23.259   -62.570
0209   104.5   884.7     23.76     82.8     630   268     6.16      6.16       .23     4      .6     635     0   0   4   3      23.259   -62.570
0210   105.0   885.4     23.81     82.8     623   269     6.11      6.11       .12     4      .6     629     0   0   4   3      23.259   -62.570
0211   105.5   886.0     23.85     82.8     617   270     6.09      6.09       .00     4      .7     623     0   0   4   0      23.259   -62.570
0212   106.0   886.6     23.89     82.8     611   271     6.11      6.11      -.10     4      .7     617     0   0   4   0      23.259   -62.570
0213   106.5   887.3     23.93     82.8     605   272     6.14      6.14      -.17     4      .8     611     0   0   4   3      23.259   -62.570
0214   107.0   887.9     23.96     82.9     599   272     6.19      6.19      -.22     4      .8     604     0   0   4   0      23.259   -62.570
0215   107.5   888.5     23.99     82.8     593   272     6.23      6.23      -.24     4      .8     598     0   0   4   0      23.259   -62.570
0216   108.0   889.1     24.02     82.8     586   272     6.26      6.26      -.24     4      .8     592     0   0   4   0      23.259   -62.570
0217   108.5   889.7     24.05     82.7     580   272     6.28      6.28      -.19     4      .7     586     0   0   4   0      23.259   -62.570
0218   109.0   890.4     24.08     82.6     574   271     6.28      6.28      -.13     5      .7     580     0   0   4   0      23.259   -62.570
0219   109.5   891.0     24.12     82.4     568   270     6.27      6.27      -.05     5      .6     574     0   0   4   3      23.259   -62.570
0220   110.0   891.6     24.15     82.2     562   270     6.26      6.26       .04     4      .5     567     0   0   4   0      23.259   -62.570
0221   110.5   892.3     24.20     82.0     555   269     6.23      6.23       .10     4      .5     561     0   0   4   0      23.259   -62.570
0222   111.0   892.9     24.24     81.8     549   269     6.20      6.19       .14     5      .5     555     0   0   4   0      23.259   -62.570
0223   111.5   893.5     24.29     81.7     543   269     6.16      6.16       .15     5      .5     548     0   0   4   0      23.259   -62.570
0224   112.0   894.2     24.33     81.6     536   269     6.12      6.11       .12     4      .5     542     0   0   4   0      23.259   -62.570
0225   112.5   894.8     24.38     81.6     530   269     6.08      6.08       .08     5      .5     536     0   0   4   0      23.259   -62.570
0226   113.0   895.5     24.42     81.6     524   270     6.05      6.05       .04     5      .5     529     0   0   4   0      23.259   -62.570
0227   113.5   896.1     24.46     81.6     517   270     6.04      6.04       .01     5      .6     523     0   0   4   0      23.259   -62.569
0228   114.0   896.7     24.49     81.7     511   270     6.05      6.05       .00     4      .6     517     0   0   4   0      23.259   -62.569
0229   114.5   897.4     24.53     81.6     505   270     6.07      6.07      -.01     5      .6     511     0   0   4   0      23.259   -62.569
0230   115.0   898.0     24.56     81.6     499   270     6.11      6.11      -.02     5      .7     505     0   0   4   0      23.259   -62.569
0231   115.5   898.6     24.59     81.5     493   270     6.14      6.14      -.05     4      .7     499     0   0   4   0      23.259   -62.569
0232   116.0   899.2     24.62     81.3     487   271     6.17      6.17      -.11     5      .7     492     0   0   4   0      23.259   -62.569
0233   116.5   899.9     24.66     81.2     480   272     6.19      6.18      -.19     5      .7     486     0   0   4   0      23.259   -62.569
0234   117.0   900.5     24.69     81.1     474   272     6.19      6.19      -.27     5      .7     480     0   0   4   0      23.259   -62.569
0235   117.5   901.1     24.73     81.2     468   273     6.19      6.18      -.33     5      .8     474     0   0   4   0      23.259   -62.569
0236   118.0   901.8     24.76     81.3     462   273     6.17      6.16      -.34     5      .8     468     0   0   4   0      23.259   -62.569
0237   118.5   902.4     24.80     81.6     456   273     6.14      6.13      -.30     4      .8     462     0   0   4   0      23.259   -62.569
0238   119.0   903.0     24.83     82.0     450   272     6.10      6.10      -.22     4      .8     456     0   0   4   0      23.259   -62.569
0239   119.5   903.6     24.85     82.4     444   271     6.06      6.06      -.10     5      .7     450     0   0   4   3      23.259   -62.569
0240   120.0   904.2     24.87     82.7     438   270     6.02      6.02       .02     5      .7     443     0   0   4   0      23.259   -62.569
0241   120.5   904.9     24.89     83.1     432   269     5.98      5.98       .11     5      .7     437     0   0   4   0      23.259   -62.569
0242   121.0   905.5     24.91     83.2     425   269     5.93      5.93       .15     5      .7     431     0   0   4   0      23.259   -62.569
0243   121.5   906.1     24.93     83.3     419   268     5.86      5.86       .16     5      .7     425     0   0   4   0      23.259   -62.569
0244   122.0   906.8     24.95     83.3     413   269     5.78      5.78       .13     5      .7     419     0   0   4   0      23.259   -62.569
0245   122.5   907.4     24.98     83.2     407   269     5.68      5.68       .11     4      .7     413     0   0   4   0      23.259   -62.569
0246   123.0   908.0     25.00     83.2     401   269     5.56      5.56       .11     4      .7     406     0   0   4   0      23.259   -62.569
0247   123.5   908.7     25.03     83.3     395   268     5.45      5.45       .15     4      .7     400     0   0   4   0      23.259   -62.569
0248   124.0   909.3     25.05     83.5     388   267     5.35      5.34       .24     4      .8     394     0   0   4   0      23.259   -62.569
0249   124.5   909.9     25.07     83.8     382   266     5.27      5.26       .36     5      .8     388     0   0   4   0      23.259   -62.569
0250   125.0   910.5     25.08     84.3     376   265     5.24      5.22       .48     5      .8     382     0   0   4   3      23.259   -62.569
0251   125.5   911.2     25.09     84.8     370   264     5.25      5.22       .58     5      .7     376     0   0   4   0      23.259   -62.569
0252   126.0   911.8     25.09     85.4     364   263     5.30      5.26       .64     5      .7     370     0   0   4   0      23.259   -62.569
0253   126.5   912.4     25.09     86.0     358   263     5.38      5.34       .64     5      .7     364     0   0   4   0      23.259   -62.569
0254   127.0   913.1     25.09     86.4     352   264     5.47      5.44       .60     5      .7     358     0   0   4   0      23.259   -62.569
0255   127.5   913.7     25.08     86.8     346   265     5.56      5.53       .52     5      .8     351     0   0   4   0      23.259   -62.569
0256   128.0   914.3     25.08     87.1     340   265     5.62      5.61       .44     5      .8     345     0   0   4   3      23.259   -62.569
0257   128.5   915.0     25.08     87.3     334   266     5.67      5.65       .37     5      .8     339     0   0   4   0      23.259   -62.569
0258   129.0   915.6     25.08     87.4     328   267     5.68      5.67       .32     5      .8     333     0   0   4   0      23.259   -62.569
0259   129.5   916.2     25.09     87.5     322   267     5.66      5.65       .30     4      .9     327     0   0   4   0      23.259   -62.569
0260   130.0   916.8     25.10     87.6     316   267     5.63      5.63       .31     4      .9     321     0   0   4   0      23.259   -62.569
0261   130.5   917.5     25.12     87.7     310   266     5.61      5.59       .35     4      .9     315     0   0   4   0      23.259   -62.569
0262   131.0   918.1     25.14     87.8     304   266     5.59      5.57       .41     4      .9     309     0   0   4   0      23.259   -62.568
0263   131.5   918.7     25.17     87.8     298   265     5.60      5.57       .51     4      .9     303     0   0   4   3      23.259   -62.568
0264   132.0   919.3     25.20     87.8     292   264     5.63      5.59       .63     4      .8     297     0   0   4   0      23.259   -62.568
0265   132.5   920.0     25.23     87.7     285   262     5.68      5.63       .78     4      .8     291     0   0   4   0      23.259   -62.568
0266   133.0   920.6     25.27     87.5     279   261     5.75      5.68       .92     4      .8     285     0   0   4   0      23.259   -62.568
0267   133.5   921.2     25.31     87.3     273   260     5.82      5.73      1.04     4      .7     279     0   0   4   0      23.259   -62.568
0268   134.0   921.8     25.35     87.0     267   259     5.89      5.78      1.13     5      .7     273     0   0   4   0      23.259   -62.568
0269   134.5   922.5     25.40     86.7     261   259     5.93      5.82      1.17     5      .7     267     0   0   4   0      23.259   -62.568
0270   135.0   923.1     25.45     86.4     255   259     5.96      5.84      1.16     5      .6     261     0   0   4   0      23.259   -62.568
0271   135.5   923.8     25.50     86.3     249   259     5.96      5.86      1.11     5      .6     255     0   0   4   0      23.259   -62.568
0272   136.0   924.4     25.55     86.4     243   260     5.94      5.85      1.05     5      .6     249     0   0   4   0      23.259   -62.568
0273   136.5   925.0     25.60     86.6     237   260     5.91      5.83       .99     5      .6     242     0   0   4   0      23.259   -62.568
0274   137.0   925.7     25.65     87.0     230   261     5.88      5.80       .96     5      .6     236     0   0   4   0      23.259   -62.568
0275   137.5   926.3     25.70     87.5     224   261     5.83      5.76       .95     5      .6     230     0   0   4   0      23.259   -62.568
0276   138.0   927.0     25.74     88.0     218   260     5.79      5.71       .98     4      .6     224     0   0   4   0      23.259   -62.568
0277   138.5   927.6     25.78     88.5     212   260     5.76      5.66      1.02     5      .6     218     0   0   4   0      23.259   -62.568
0278   139.0   928.3     25.82     88.7     206   259     5.72      5.62      1.08     5      .6     212     0   0   4   0      23.259   -62.568
0279   139.5   928.9     25.86     88.8     200   259     5.70      5.59      1.12     5      .6     206     0   0   4   0      23.259   -62.568
0280   140.0   929.5     25.90     88.7     194   258     5.67      5.56      1.15     5      .6     199     0   0   4   0      23.259   -62.568
0281   140.5   930.2     25.94     88.5     188   258     5.65      5.52      1.17     5      .6     193     0   0   4   0      23.259   -62.568
0282   141.0   930.8     25.99     88.2     181   258     5.61      5.49      1.19     4      .5     187     0   0   4   0      23.259   -62.568
0283   141.5   931.5     26.03     87.9     175   258     5.57      5.44      1.20     5      .5     181     0   0   4   0      23.259   -62.568
0284   142.0   932.1     26.08     87.7     169   257     5.52      5.39      1.21     5      .5     175     0   0   4   0      23.259   -62.568
0285   142.5   932.8     26.14     87.6     163   257     5.47      5.33      1.22     5      .5     169     0   0   4   0      23.259   -62.568
0286   143.0   933.4     26.19     87.6     157   257     5.43      5.29      1.22     5      .5     163     0   0   4   0      23.259   -62.568
0287   143.5   934.1     26.24     87.7     151   257     5.42      5.28      1.21     5      .5     156     0   0   4   0      23.259   -62.568
0288   144.0   934.7     26.29     87.8     144   258     5.44      5.31      1.17     5      .5     150     0   0   4   0      23.259   -62.568
0289   144.5   935.4     26.34     87.9     138   258     5.50      5.39      1.11     4      .6     144     0   0   4   0      23.259   -62.568
0290   145.0   936.0     26.39     87.9     132   259     5.61      5.51      1.04     5      .6     138     0   0   4   0      23.259   -62.568
0291   145.5   936.6     26.44     87.9     126   260     5.73      5.64       .96     5      .7     132     3   3   4   0      23.259   -62.568
0292   146.0   937.3     26.49     87.8     120   261     5.83      5.76       .91     5      .7     126     0   0   4   0      23.259   -62.568
0293   146.5   937.9     26.54     87.7     114   261     5.91      5.84       .88     4      .8     120     0   0   4   0      23.259   -62.568
0294   147.0   938.5     26.59     87.6     108   261     5.92      5.85       .89     5      .8     114     0   0   4   0      23.259   -62.568
0295   147.5   939.2     26.64     87.4     102   261     5.86      5.78       .94     5      .9     108     0   0   4   0      23.259   -62.568
0296   148.0   939.8     26.70     87.3      96   260     5.74      5.66      1.00     5      .9     102     0   0   4   0      23.259   -62.568
0297   148.5   940.4     26.75     87.1      90   259     5.60      5.50      1.06     5      .9      96     0   0   4   0      23.259   -62.568
0298   149.0   941.1     26.81     86.9      84   258     5.45      5.33      1.12     4      .8      90     0   0   4   0      23.259   -62.568
0299   149.5   941.7     26.86     86.6      78   257     5.34      5.21      1.19     5      .8      84     0   0   4   0      23.259   -62.568
0300   150.0   942.3     26.92     86.4      72   256     5.31      5.16      1.25     5      .7      78     0   0   4   0      23.259   -62.567
0301   150.5   943.0     26.97     86.1      66   256     5.36      5.19      1.32     5      .6      72     0   0   4   0      23.259   -62.567
0302   151.0   943.6     27.03     85.9      60   255     5.48      5.30      1.38     4      .6      66     0   0   4   0      23.259   -62.567
0303   151.5   944.3     27.08     85.6      54   255     5.65      5.46      1.44     5      .6      60     0   0   4   0      23.259   -62.567
0304   152.0   944.9     27.14     85.4      48   255     5.82      5.62      1.48     5      .6      54     0   0   4   0      23.259   -62.567
0305   152.5   945.6     27.19     85.1      42   255     5.93      5.73      1.51     5      .6      47     0   0   4   0      23.259   -62.567
0306   153.0   946.2     27.25     85.0      36   255     5.96      5.76      1.54     5      .7      41     0   0   4   0      23.259   -62.567
0307   153.5   946.8     27.31     84.8      30   255     5.91      5.71      1.54     5      .8      35     0   0   4   3      23.259   -62.567
0308   154.0   947.5     27.37     84.8      24   255     5.77      5.57      1.50     5      .8      30     0   0   4   3      23.259   -62.567
0309   154.5   948.1     27.42     84.8      18   255     5.52      5.34      1.41     5      .8      24     0   0   4   0      23.259   -62.567
0310   155.0   948.7     27.48     84.8      12   255     5.14      4.98      1.30     5      .9      18     0   0   4   0      23.259   -62.567
0311   155.5   949.4     27.53     84.9       6   256     4.55      4.40      1.13     5      .9      12     0   0   4   0      23.259   -62.567
0312   156.0   950.0     27.60     84.5       0   259     3.63      3.56       .72     4      .9       6     0   0   4   5      23.259   -62.567
