 ===========================================================================
 DROPWINDSONDE PROCESSING RECORD                            Sonde: 971520015
 PDS file written Dec 11, 1997.                             Format:    V2.22
 Aircraft: N43RF                             Date: 970908   Time: 212931 UTC
 ---------------------------------------------------------------------------
 Bias corrections:  PR =    .0 mb  TE =    .0 C  RH =    .0 %  PRB =  -.2 mb
 Filters (LPF):     PTH =   5 s    WIND =   5 s       Hyd anchor =       SFC
 RH T-compensation =  Y     WSHR COR =      N         Splash PR  =  951.8 mb
 Estimated PR used =  N     GPS VERR =    .39 m/s     HYD SFCP   =  952.2 mb
 Dyn T correction  =  Y     WGACORR  =    5.8 m       AC GA ADJ  =     .0 m
 ---------------------------------------------------------------------------
 COMMENTS: T at end tossed after heights to preserve 10 m wind.  WS correction      
 ===========================================================================

 ===========================================================================
 Date: 970908   Lat:  23.93 N   TA:   17.9 C   PS:  751.9 mb   WD:   121 deg
 Time: 212931   Lon:  62.23 W   TD:   16.7 C   GA:   2064 m    WS:  23.8 m/s
 SID:  971520015                RH:   92.6 %   Navaid:   GP          
 ===========================================================================

IX      t (s)  P (mb)    T (C)    RH (%)  Z (m)   WD    WS (m/s)   U (m/s)   V (m/s)  NS  WZ (m/s)  ZW (m)   FP  FT  FH  FW    LAT (N)   LON (E)
0001      .0   752.5     17.91     92.8    2053   121    23.88    -20.36     12.47  -999  -999.0    2059     3   3   3   4      23.930   -62.234
0002      .5   753.1     17.92     93.0    2047   121    24.17    -20.62     12.60  -999  -999.0    2052     3   3   3   4      23.930   -62.234
0003     1.0   753.7     17.94     93.2    2040   121    24.24    -20.69     12.64  -999  -999.0    2046     3   3   3   4      23.930   -62.234
0004     1.5   754.3     17.95     93.4    2033   121    24.32    -20.76     12.68  -999  -999.0    2039     3   3   3   4      23.930   -62.234
0005     2.0   754.9     17.96     93.6    2026   121    24.40    -20.83     12.71  -999  -999.0    2032     3   3   3   4      23.930   -62.234
0006     2.5   755.5     17.97     93.8    2019   121    24.48    -20.89     12.75  -999  -999.0    2025     3   3   3   4      23.930   -62.234
0007     3.0   756.1     17.99     93.9    2012   121    24.55    -20.96     12.78  -999  -999.0    2018     3   3   3   4      23.930   -62.235
0008     3.5   756.7     18.00     94.1    2006   121    24.63    -21.03     12.82  -999  -999.0    2012     3   3   3   4      23.930   -62.235
0009     4.0   757.3     18.01     94.3    1999   121    24.71    -21.10     12.85  -999  -999.0    2005     3   3   3   4      23.930   -62.235
0010     4.5   757.9     18.02     94.5    1992   121    24.78    -21.17     12.89  -999  -999.0    1998     3   3   3   4      23.930   -62.235
0011     5.0   758.5     18.04     94.7    1985   121    24.86    -21.24     12.93  -999  -999.0    1991     3   3   3   4      23.930   -62.235
0012     5.5   759.1     18.05     94.9    1979   121    24.94    -21.30     12.96  -999  -999.0    1984     3   3   3   4      23.930   -62.235
0013     6.0   759.7     18.06     95.1    1972   121    25.01    -21.37     13.00  -999  -999.0    1978     3   3   3   4      23.930   -62.235
0014     6.5   760.3     18.07     95.3    1965   121    25.09    -21.44     13.03  -999  -999.0    1971     3   3   3   4      23.931   -62.235
0015     7.0   760.9     18.09     95.5    1958   121    25.17    -21.51     13.07  -999  -999.0    1964     3   3   3   4      23.931   -62.235
0016     7.5   761.4     18.10     95.7    1951   121    25.24    -21.58     13.11  -999  -999.0    1957     3   3   3   4      23.931   -62.235
0017     8.0   762.0     18.11     95.9    1945   121    25.32    -21.64     13.14  -999  -999.0    1951     3   3   3   4      23.931   -62.236
0018     8.5   762.6     18.13     96.0    1938   121    25.40    -21.71     13.18  -999  -999.0    1944     3   3   3   4      23.931   -62.236
0019     9.0   763.2     18.14     96.2    1931   121    25.48    -21.78     13.21  -999  -999.0    1937     3   3   3   4      23.931   -62.236
0020     9.5   763.8     18.15     96.4    1925   121    25.55    -21.85     13.25  -999  -999.0    1930     3   3   3   4      23.931   -62.236
0021    10.0   764.4     18.17     96.6    1918   121    25.63    -21.92     13.28  -999  -999.0    1924     3   3   3   4      23.931   -62.236
0022    10.5   765.0     18.18     96.8    1911   121    25.71    -21.99     13.32  -999  -999.0    1917     3   3   3   4      23.931   -62.236
0023    11.0   765.6     18.20     97.0    1904   121    25.78    -22.05     13.36  -999  -999.0    1910     3   3   3   4      23.931   -62.236
0024    11.5   766.2     18.21     97.2    1898   121    25.86    -22.12     13.39  -999  -999.0    1903     3   3   3   4      23.931   -62.236
0025    12.0   766.8     18.23     97.4    1891   121    25.93    -22.19     13.43  -999  -999.0    1897     3   3   3   4      23.931   -62.236
0026    12.5   767.4     18.24     97.6    1884   121    26.01    -22.26     13.46  -999  -999.0    1890     3   3   3   4      23.931   -62.237
0027    13.0   768.0     18.26     97.8    1877   121    26.09    -22.32     13.50  -999  -999.0    1883     3   3   3   4      23.931   -62.237
0028    13.5   768.6     18.27     97.9    1871   121    26.16    -22.39     13.53  -999  -999.0    1876     3   3   3   4      23.931   -62.237
0029    14.0   769.2     18.29     98.1    1864   121    26.24    -22.46     13.57  -999  -999.0    1870     3   3   3   4      23.931   -62.237
0030    14.5   769.8     18.31     98.3    1857   121    26.31    -22.52     13.60  -999  -999.0    1863     3   3   3   4      23.931   -62.237
0031    15.0   770.4     18.33     98.5    1851   121    26.39    -22.59     13.64  -999  -999.0    1857     0   0   3   4      23.932   -62.237
0032    15.5   770.9     18.35     98.7    1845   121    26.46    -22.66     13.67  -999     1.6    1851     0   0   3   4      23.932   -62.237
0033    16.0   771.4     18.38     98.9    1839   121    26.54    -22.72     13.71  -999     1.8    1845     0   0   3   4      23.932   -62.237
0034    16.5   772.0     18.41     99.1    1833   121    26.61    -22.79     13.74  -999     2.0    1839     0   0   3   4      23.932   -62.237
0035    17.0   772.5     18.45     99.3    1827   121    26.69    -22.85     13.78  -999     2.1    1833     0   0   3   4      23.932   -62.238
0036    17.5   773.0     18.48     99.4    1821   121    26.76    -22.92     13.81  -999     2.2    1827     0   0   3   4      23.932   -62.238
0037    18.0   773.5     18.52     99.6    1816   121    26.84    -22.99     13.85  -999     2.2    1821     0   0   0   4      23.932   -62.238
0038    18.5   774.1     18.54     99.7    1810   121    26.91    -23.06     13.88  -999     2.2    1816     0   0   0   4      23.932   -62.238
0039    19.0   774.6     18.57     99.8    1804   121    26.99    -23.12     13.92  -999     2.2    1810     0   0   0   4      23.932   -62.238
0040    19.5   775.1     18.59     99.8    1798   121    27.07    -23.19     13.95  -999     2.1    1804     0   0   0   4      23.932   -62.238
0041    20.0   775.6     18.61     99.9    1792   121    27.14    -23.26     13.99  -999     2.1    1798     0   0   0   4      23.932   -62.238
0042    20.5   776.2     18.62     99.9    1786   121    27.22    -23.33     14.02  -999     2.0    1792     0   0   0   4      23.932   -62.238
0043    21.0   776.7     18.64    100.0    1780   121    27.30    -23.40     14.06  -999     1.9    1786     0   0   0   4      23.932   -62.238
0044    21.5   777.2     18.66    100.0    1774   121    27.38    -23.47     14.10  -999     1.9    1780     0   0   0   4      23.932   -62.239
0045    22.0   777.8     18.68    100.0    1768   121    27.46    -23.54     14.14  -999     1.9    1774     0   0   0   4      23.932   -62.239
0046    22.5   778.3     18.71    100.0    1762   121    27.53    -23.61     14.17  -999     1.8    1768     0   0   0   4      23.932   -62.239
0047    23.0   778.9     18.73    100.0    1756   121    27.61    -23.68     14.20  -999     1.8    1762     0   0   0   4      23.933   -62.239
0048    23.5   779.4     18.76    100.0    1750   121    27.69    -23.75     14.24  -999     1.9    1756     0   0   0   4      23.933   -62.239
0049    24.0   780.0     18.79    100.0    1744   121    27.76    -23.81     14.27  -999     1.9    1750     0   0   0   4      23.933   -62.239
0050    24.5   780.5     18.81    100.0    1738   121    27.83    -23.88     14.31  -999     2.0    1744     0   0   0   4      23.933   -62.239
0051    25.0   781.0     18.84    100.0    1732   121    27.91    -23.94     14.35  -999     2.0    1738     0   0   0   4      23.933   -62.239
0052    25.5   781.6     18.87    100.0    1726   121    27.98    -24.00     14.39  -999     2.1    1732     0   0   0   4      23.933   -62.239
0053    26.0   782.1     18.90    100.0    1721   121    28.07    -24.07     14.43  -999     2.1    1726     0   0   0   4      23.933   -62.240
0054    26.5   782.6     18.93    100.0    1715   121    28.15    -24.15     14.47  -999     2.2    1721     0   0   0   4      23.933   -62.240
0055    27.0   783.2     18.96    100.0    1709   121    28.24    -24.23     14.50  -999     2.2    1715     0   0   0   4      23.933   -62.240
0056    27.5   783.7     18.98    100.0    1703   121    28.32    -24.31     14.53  -999     2.2    1709     0   0   0   4      23.933   -62.240
0057    28.0   784.2     19.01    100.0    1697   121    28.39    -24.38     14.55  -999     2.2    1703     0   0   0   4      23.933   -62.240
0058    28.5   784.7     19.03    100.0    1691   121    28.46    -24.44     14.57  -999     2.2    1697     0   0   0   4      23.933   -62.240
0059    29.0   785.3     19.06    100.0    1686   121    28.50    -24.48     14.60  -999     2.2    1692     0   0   0   4      23.933   -62.240
0060    29.5   785.8     19.09    100.0    1680   121    28.54    -24.51     14.62  -999     2.2    1686     0   0   0   4      23.933   -62.240
0061    30.0   786.3     19.11    100.0    1674   121    28.56    -24.51     14.65     5     2.2    1680     0   0   0   0      23.933   -62.241
0062    30.5   786.8     19.14    100.0    1668   121    28.57    -24.51     14.68     5     2.2    1674     0   0   0   0      23.934   -62.241
0063    31.0   787.4     19.18    100.0    1662   121    28.56    -24.50     14.68     5     2.1    1668     0   0   0   0      23.934   -62.241
0064    31.5   787.9     19.21    100.0    1657   121    28.55    -24.50     14.66     5     2.1    1662     0   0   0   0      23.934   -62.241
0065    32.0   788.4     19.24    100.0    1651   121    28.52    -24.50     14.60     5     2.1    1657     0   0   0   0      23.934   -62.241
0066    32.5   789.0     19.28    100.0    1645   121    28.48    -24.51     14.50     4     2.1    1651     0   0   0   0      23.934   -62.241
0067    33.0   789.5     19.31    100.0    1639   120    28.42    -24.51     14.39     5     2.0    1645     0   0   0   0      23.934   -62.241
0068    33.5   790.0     19.34    100.0    1633   120    28.36    -24.50     14.27     5     2.0    1639     0   0   0   0      23.934   -62.241
0069    34.0   790.6     19.37    100.0    1627   120    28.30    -24.49     14.19     5     2.0    1633     0   0   0   0      23.934   -62.242
0070    34.5   791.1     19.39    100.0    1621   120    28.27    -24.47     14.16     5     1.9    1627     0   0   0   0      23.934   -62.242
0071    35.0   791.6     19.42    100.0    1616   120    28.28    -24.47     14.18     5     1.8    1621     0   0   0   3      23.934   -62.242
0072    35.5   792.2     19.44    100.0    1610   120    28.34    -24.49     14.26     5     1.8    1615     0   0   0   0      23.934   -62.242
0073    36.0   792.7     19.47    100.0    1603   120    28.46    -24.56     14.39     5     1.8    1609     0   0   0   0      23.934   -62.242
0074    36.5   793.3     19.49    100.0    1597   120    28.62    -24.66     14.53     5     1.7    1603     0   0   0   0      23.934   -62.242
0075    37.0   793.8     19.51    100.0    1591   121    28.82    -24.81     14.67     5     1.7    1597     0   0   0   0      23.934   -62.242
0076    37.5   794.4     19.52    100.0    1585   121    29.02    -24.97     14.78     5     1.7    1591     0   0   0   0      23.934   -62.242
0077    38.0   794.9     19.54    100.0    1579   121    29.20    -25.13     14.87     5     1.7    1585     0   0   0   0      23.935   -62.243
0078    38.5   795.5     19.56    100.0    1573   121    29.34    -25.25     14.95     5     1.7    1579     0   0   0   0      23.935   -62.243
0079    39.0   796.0     19.58    100.0    1567   121    29.45    -25.34     15.01     5     1.8    1573     0   0   0   0      23.935   -62.243
0080    39.5   796.6     19.59    100.0    1562   121    29.51    -25.37     15.07     5     1.8    1567     0   0   0   0      23.935   -62.243
0081    40.0   797.1     19.62    100.0    1556   121    29.53    -25.36     15.13     5     1.7    1561     0   0   0   0      23.935   -62.243
0082    40.5   797.7     19.64    100.0    1550   121    29.54    -25.33     15.20     5     1.8    1555     0   0   0   3      23.935   -62.243
0083    41.0   798.2     19.66    100.0    1544   121    29.54    -25.30     15.25     5     1.8    1549     0   0   0   0      23.935   -62.243
0084    41.5   798.8     19.69    100.0    1538   121    29.56    -25.30     15.28     5     1.8    1543     0   0   0   0      23.935   -62.243
0085    42.0   799.3     19.72    100.0    1532   121    29.58    -25.33     15.28     5     1.8    1537     0   0   0   0      23.935   -62.244
0086    42.5   799.9     19.74    100.0    1526   121    29.62    -25.39     15.25     5     1.9    1531     0   0   0   0      23.935   -62.244
0087    43.0   800.4     19.77    100.0    1520   121    29.66    -25.47     15.20     5     1.9    1526     0   0   0   0      23.935   -62.244
0088    43.5   801.0     19.80    100.0    1514   121    29.70    -25.55     15.14     5     2.0    1520     0   0   0   0      23.935   -62.244
0089    44.0   801.5     19.83    100.0    1508   120    29.73    -25.62     15.08     5     2.0    1514     0   0   0   0      23.935   -62.244
0090    44.5   802.1     19.85    100.0    1502   120    29.73    -25.65     15.04     5     2.0    1508     0   0   0   0      23.935   -62.244
0091    45.0   802.6     19.88    100.0    1496   120    29.72    -25.65     15.02     5     2.1    1502     0   0   0   0      23.935   -62.244
0092    45.5   803.1     19.90    100.0    1491   120    29.70    -25.62     15.02     5     2.1    1496     0   0   0   0      23.936   -62.244
0093    46.0   803.7     19.93    100.0    1485   120    29.67    -25.57     15.04     4     2.1    1491     0   0   0   0      23.936   -62.245
0094    46.5   804.2     19.96    100.0    1479   121    29.64    -25.53     15.06     4     2.1    1485     0   0   0   0      23.936   -62.245
0095    47.0   804.7     19.99    100.0    1473   121    29.63    -25.50     15.09     5     2.2    1479     0   0   0   0      23.936   -62.245
0096    47.5   805.3     20.02    100.0    1468   121    29.63    -25.48     15.12     5     2.2    1473     0   0   0   0      23.936   -62.245
0097    48.0   805.8     20.04    100.0    1462   121    29.66    -25.49     15.15     4     2.3    1468     0   0   0   0      23.936   -62.245
0098    48.5   806.3     20.07    100.0    1456   121    29.69    -25.52     15.19     4     2.3    1462     0   0   0   0      23.936   -62.245
0099    49.0   806.8     20.10    100.0    1450   121    29.73    -25.55     15.21     5     2.4    1456     0   0   0   0      23.936   -62.245
0100    49.5   807.4     20.13    100.0    1445   121    29.77    -25.58     15.22     5     2.4    1451     0   0   0   0      23.936   -62.245
0101    50.0   807.9     20.16    100.0    1439   121    29.79    -25.61     15.22     5     2.4    1445     0   0   0   0      23.936   -62.246
0102    50.5   808.4     20.20    100.0    1434   121    29.78    -25.62     15.18     5     2.4    1440     0   0   0   0      23.936   -62.246
0103    51.0   808.9     20.23    100.0    1428   121    29.74    -25.62     15.10     5     2.5    1434     0   0   0   0      23.936   -62.246
0104    51.5   809.4     20.27    100.0    1423   120    29.67    -25.62     14.98     5     2.5    1428     0   0   0   0      23.936   -62.246
0105    52.0   810.0     20.31    100.0    1417   120    29.58    -25.60     14.82     5     2.5    1423     0   0   0   0      23.936   -62.246
0106    52.5   810.5     20.35    100.0    1411   120    29.48    -25.58     14.64     5     2.6    1417     0   0   0   0      23.936   -62.246
0107    53.0   811.0     20.38    100.0    1406   120    29.36    -25.56     14.46     5     2.6    1412     0   0   0   0      23.937   -62.246
0108    53.5   811.5     20.42    100.0    1400   119    29.25    -25.52     14.29     5     2.7    1406     0   0   0   0      23.937   -62.246
0109    54.0   812.0     20.45    100.0    1395   119    29.15    -25.48     14.15     5     2.8    1401     0   0   0   0      23.937   -62.247
0110    54.5   812.5     20.48    100.0    1390   119    29.06    -25.44     14.03     5     2.9    1395     0   0   0   0      23.937   -62.247
0111    55.0   813.0     20.50    100.0    1384   119    28.98    -25.40     13.96     5     2.9    1390     0   0   0   0      23.937   -62.247
0112    55.5   813.5     20.53    100.0    1379   119    28.93    -25.36     13.92     5     2.9    1385     0   0   0   0      23.937   -62.247
0113    56.0   814.0     20.55    100.0    1374   119    28.90    -25.33     13.91     5     2.9    1380     0   0   0   0      23.937   -62.247
0114    56.5   814.5     20.58    100.0    1368   119    28.88    -25.31     13.91     5     2.9    1374     0   0   0   0      23.937   -62.247
0115    57.0   815.0     20.61    100.0    1363   119    28.87    -25.29     13.93     4     2.9    1369     0   0   0   0      23.937   -62.247
0116    57.5   815.5     20.64    100.0    1358   119    28.86    -25.27     13.96     5     2.8    1364     0   0   0   3      23.937   -62.247
0117    58.0   816.0     20.67    100.0    1352   119    28.85    -25.24     13.98     5     2.8    1358     0   0   0   0      23.937   -62.248
0118    58.5   816.5     20.70    100.0    1347   119    28.83    -25.20     14.00     4     2.7    1353     0   0   0   0      23.937   -62.248
0119    59.0   817.0     20.72    100.0    1341   119    28.79    -25.15     14.02     5     2.7    1347     0   0   0   0      23.937   -62.248
0120    59.5   817.5     20.74    100.0    1336   119    28.76    -25.11     14.03     5     2.7    1342     0   0   0   3      23.937   -62.248
0121    60.0   818.1     20.76    100.0    1330   119    28.73    -25.08     14.03     5     2.8    1336     0   0   0   3      23.937   -62.248
0122    60.5   818.6     20.77    100.0    1325   119    28.73    -25.07     14.02     5     2.8    1331     0   0   0   0      23.938   -62.248
0123    61.0   819.1     20.79    100.0    1320   119    28.75    -25.10     14.03     5     2.8    1326     0   0   0   0      23.938   -62.248
0124    61.5   819.6     20.81    100.0    1314   119    28.82    -25.15     14.06     4     2.8    1320     0   0   0   0      23.938   -62.248
0125    62.0   820.1     20.82    100.0    1309   119    28.92    -25.24     14.12     4     2.8    1315     0   0   0   0      23.938   -62.249
0126    62.5   820.6     20.85    100.0    1304   119    29.05    -25.34     14.22     5     2.7    1310     0   0   0   0      23.938   -62.249
0127    63.0   821.1     20.87    100.0    1298   119    29.21    -25.43     14.37     5     2.7    1304     0   0   0   3      23.938   -62.249
0128    63.5   821.6     20.90    100.0    1293   120    29.36    -25.50     14.55     5     2.6    1299     3   3   3   0      23.938   -62.249
0129    64.0   822.1     20.93    100.0    1287   120    29.50    -25.54     14.76     5     2.6    1293     0   0   0   3      23.938   -62.249
0130    64.5   822.6     20.96    100.0    1282   120    29.59    -25.54     14.96     5     2.6    1288     0   0   0   0      23.938   -62.249
0131    65.0   823.2     20.99    100.0    1276   121    29.63    -25.49     15.12     5     2.6    1282     0   0   0   0      23.938   -62.249
0132    65.5   823.7     21.02    100.0    1271   121    29.61    -25.40     15.22     5     2.7    1277     0   0   0   0      23.938   -62.249
0133    66.0   824.2     21.05    100.0    1265   121    29.53    -25.29     15.24     5     2.7    1271     0   0   0   0      23.938   -62.250
0134    66.5   824.7     21.08    100.0    1260   121    29.40    -25.19     15.16     4     2.7    1266     0   0   0   0      23.938   -62.250
0135    67.0   825.2     21.11    100.0    1255   121    29.26    -25.12     15.01     4     2.8    1261     0   0   0   3      23.938   -62.250
0136    67.5   825.7     21.13    100.0    1249   121    29.14    -25.11     14.80     4     2.7    1255     0   0   0   0      23.938   -62.250
0137    68.0   826.2     21.16    100.0    1244   120    29.08    -25.17     14.56     5     2.7    1250     0   0   0   0      23.938   -62.250
0138    68.5   826.7     21.18    100.0    1239   120    29.09    -25.31     14.34     5     2.7    1245     0   0   0   0      23.939   -62.250
0139    69.0   827.2     21.20    100.0    1233   119    29.18    -25.51     14.16     5     2.6    1239     0   0   0   0      23.939   -62.250
0140    69.5   827.8     21.22    100.0    1228   119    29.35    -25.77     14.06     5     2.5    1234     0   0   0   0      23.939   -62.250
0141    70.0   828.3     21.23    100.0    1222   118    29.58    -26.04     14.04     6     2.5    1228     0   0   0   3      23.939   -62.251
0142    70.5   828.8     21.25    100.0    1217   118    29.84    -26.31     14.08     6     2.4    1222     0   0   0   0      23.939   -62.251
0143    71.0   829.3     21.26    100.0    1211   118    30.10    -26.55     14.18     6     2.4    1217     0   0   0   0      23.939   -62.251
0144    71.5   829.9     21.27    100.0    1206   118    30.34    -26.76     14.30     6     2.4    1211     0   0   0   0      23.939   -62.251
0145    72.0   830.4     21.28    100.0    1200   118    30.55    -26.95     14.40     6     2.3    1206     0   0   0   0      23.939   -62.251
0146    72.5   830.9     21.30    100.0    1194   118    30.73    -27.11     14.46     5     2.3    1200     0   0   0   0      23.939   -62.251
0147    73.0   831.5     21.33    100.0    1189   118    30.86    -27.26     14.47     6     2.2    1195     0   0   0   3      23.939   -62.251
0148    73.5   832.0     21.36    100.0    1183   118    30.97    -27.41     14.43     6     2.2    1189     0   0   0   0      23.939   -62.251
0149    74.0   832.5     21.40    100.0    1177   117    31.06    -27.55     14.33     6     2.1    1183     0   0   0   0      23.939   -62.252
0150    74.5   833.1     21.45    100.0    1172   117    31.11    -27.68     14.21     6     2.1    1178     0   0   0   0      23.939   -62.252
0151    75.0   833.6     21.50    100.0    1166   117    31.14    -27.77     14.09     5     2.1    1172     0   0   0   0      23.939   -62.252
0152    75.5   834.2     21.55    100.0    1160   117    31.14    -27.82     13.98     6     2.1    1166     0   0   0   0      23.939   -62.252
0153    76.0   834.7     21.59    100.0    1155   117    31.11    -27.83     13.90     6     2.1    1160     0   0   0   0      23.940   -62.252
0154    76.5   835.3     21.64    100.0    1149   116    31.06    -27.80     13.85     6     2.1    1155     0   0   0   3      23.940   -62.252
0155    77.0   835.8     21.68    100.0    1143   116    31.00    -27.75     13.83     5     2.1    1149     0   0   0   3      23.940   -62.252
0156    77.5   836.3     21.72    100.0    1138   116    30.95    -27.70     13.81     5     2.2    1143     0   0   0   0      23.940   -62.253
0157    78.0   836.9     21.75    100.0    1132   116    30.91    -27.67     13.79     5     2.2    1138     0   0   0   0      23.940   -62.253
0158    78.5   837.4     21.79    100.0    1126   116    30.91    -27.68     13.76     5     2.3    1132     0   0   0   0      23.940   -62.253
0159    79.0   837.9     21.82    100.0    1121   116    30.93    -27.72     13.73     5     2.3    1127     0   0   0   0      23.940   -62.253
0160    79.5   838.5     21.85    100.0    1115   116    30.99    -27.79     13.70     6     2.4    1121     0   0   0   0      23.940   -62.253
0161    80.0   839.0     21.88    100.0    1110   116    31.06    -27.88     13.70     6     2.4    1116     0   0   0   0      23.940   -62.253
0162    80.5   839.5     21.90    100.0    1104   116    31.16    -27.96     13.74     6     2.5    1110     0   0   0   0      23.940   -62.253
0163    81.0   840.1     21.92    100.0    1099   116    31.26    -28.03     13.82     6     2.5    1105     0   0   0   0      23.940   -62.254
0164    81.5   840.6     21.93    100.0    1093   116    31.36    -28.09     13.96     6     2.5    1099     0   0   0   0      23.940   -62.254
0165    82.0   841.1     21.94    100.0    1088   117    31.47    -28.13     14.12     6     2.5    1094     0   0   0   0      23.940   -62.254
0166    82.5   841.6     21.96    100.0    1083   117    31.60    -28.18     14.30     5     2.5    1088     0   0   0   0      23.940   -62.254
0167    83.0   842.1     21.97    100.0    1077   117    31.73    -28.24     14.47     6     2.6    1083     0   0   0   0      23.940   -62.254
0168    83.5   842.7     21.98    100.0    1072   117    31.87    -28.32     14.63     6     2.6    1078     0   0   0   0      23.940   -62.254
0169    84.0   843.2     22.00    100.0    1066   117    32.01    -28.41     14.74     6     2.6    1072     0   0   0   0      23.941   -62.254
0170    84.5   843.7     22.02    100.0    1061   117    32.12    -28.50     14.82     6     2.5    1067     0   0   0   0      23.941   -62.254
0171    85.0   844.2     22.05    100.0    1056   117    32.20    -28.57     14.86     6     2.5    1061     0   0   0   0      23.941   -62.255
0172    85.5   844.7     22.08    100.0    1050   117    32.25    -28.61     14.88     6     2.5    1056     0   0   0   0      23.941   -62.255
0173    86.0   845.3     22.10    100.0    1045   117    32.27    -28.63     14.88     6     2.4    1050     0   0   0   0      23.941   -62.255
0174    86.5   845.8     22.13    100.0    1039   117    32.27    -28.64     14.86     6     2.4    1045     0   0   0   0      23.941   -62.255
0175    87.0   846.3     22.16    100.0    1034   117    32.27    -28.65     14.83     6     2.4    1039     0   0   0   3      23.941   -62.255
0176    87.5   846.9     22.18    100.0    1028   117    32.28    -28.69     14.80     6     2.4    1034     0   0   0   0      23.941   -62.255
0177    88.0   847.4     22.20    100.0    1022   117    32.33    -28.76     14.77     6     2.4    1028     0   0   0   0      23.941   -62.255
0178    88.5   847.9     22.23    100.0    1017   117    32.40    -28.86     14.73     6     2.5    1023     0   0   0   0      23.941   -62.256
0179    89.0   848.5     22.25    100.0    1012   117    32.48    -28.96     14.70     6     2.5    1017     0   0   0   0      23.941   -62.256
0180    89.5   849.0     22.27    100.0    1006   117    32.54    -29.05     14.66     6     2.6    1012     0   0   0   0      23.941   -62.256
0181    90.0   849.5     22.29    100.0    1001   117    32.57    -29.09     14.63     6     2.6    1007     0   0   0   0      23.941   -62.256
0182    90.5   850.0     22.31    100.0     996   117    32.53    -29.07     14.60     6     2.6    1001     0   0   0   0      23.941   -62.256
0183    91.0   850.5     22.33    100.0     990   117    32.43    -28.97     14.56     6     2.5     996     0   0   0   0      23.941   -62.256
0184    91.5   851.1     22.35    100.0     985   117    32.27    -28.83     14.51     6     2.5     991     0   0   0   0      23.942   -62.256
0185    92.0   851.6     22.37    100.0     979   117    32.10    -28.67     14.44     6     2.4     985     0   0   0   0      23.942   -62.257
0186    92.5   852.1     22.39    100.0     974   117    31.96    -28.54     14.37     6     2.4     980     0   0   0   0      23.942   -62.257
0187    93.0   852.7     22.42    100.0     968   117    31.87    -28.48     14.30     6     2.3     974     0   0   0   0      23.942   -62.257
0188    93.5   853.2     22.44    100.0     963   117    31.87    -28.51     14.24     6     2.3     969     0   0   0   0      23.942   -62.257
0189    94.0   853.7     22.46    100.0     957   116    31.95    -28.61     14.22     6     2.3     963     0   0   0   0      23.942   -62.257
0190    94.5   854.3     22.48    100.0     952   116    32.10    -28.77     14.24     6     2.3     958     0   0   0   0      23.942   -62.257
0191    95.0   854.8     22.50    100.0     946   116    32.26    -28.93     14.29     6     2.2     952     0   0   0   0      23.942   -62.257
0192    95.5   855.4     22.53    100.0     941   116    32.40    -29.04     14.36     6     2.2     947     0   0   0   0      23.942   -62.258
0193    96.0   855.9     22.55    100.0     935   116    32.45    -29.07     14.43     6     2.1     941     0   0   0   0      23.942   -62.258
0194    96.5   856.4     22.57    100.0     930   116    32.41    -29.01     14.45     6     1.9     936     0   0   0   3      23.942   -62.258
0195    97.0   857.0     22.59    100.0     924   116    32.27    -28.88     14.39     6     1.8     930     0   0   0   0      23.942   -62.258
0196    97.5   857.6     22.61    100.0     918   116    32.05    -28.70     14.25     6     1.7     924     0   0   0   3      23.942   -62.258
0197    98.0   858.1     22.63    100.0     912   116    31.80    -28.53     14.03     6     1.6     918     0   0   0   0      23.942   -62.258
0198    98.5   858.7     22.65    100.0     906   116    31.56    -28.41     13.73     6     1.5     912     0   0   0   0      23.942   -62.258
0199    99.0   859.3     22.67    100.0     900   115    31.38    -28.37     13.41     6     1.4     906     0   0   0   0      23.942   -62.259
0200    99.5   859.9     22.69    100.0     894   115    31.28    -28.40     13.10     5     1.4     900     0   0   0   0      23.943   -62.259
0201   100.0   860.5     22.72    100.0     888   114    31.26    -28.50     12.85     6     1.4     894     0   0   0   0      23.943   -62.259
0202   100.5   861.1     22.74    100.0     882   114    31.29    -28.61     12.68     6     1.4     888     0   0   0   0      23.943   -62.259
0203   101.0   861.6     22.76    100.0     877   114    31.34    -28.70     12.60     6     1.4     882     0   0   0   0      23.943   -62.259
0204   101.5   862.2     22.79    100.0     871   114    31.37    -28.73     12.59     6     1.4     877     0   0   0   0      23.943   -62.259
0205   102.0   862.8     22.81    100.0     865   114    31.34    -28.68     12.64     6     1.3     871     0   0   0   0      23.943   -62.259
0206   102.5   863.4     22.83    100.0     859   114    31.26    -28.57     12.70     5     1.3     865     0   0   0   0      23.943   -62.260
0207   103.0   864.0     22.85    100.0     853   114    31.13    -28.41     12.74     6     1.2     859     0   0   0   0      23.943   -62.260
0208   103.5   864.6     22.86    100.0     847   114    30.99    -28.23     12.76     6     1.2     853     0   0   0   3      23.943   -62.260
0209   104.0   865.2     22.88    100.0     841   114    30.85    -28.09     12.76     6     1.2     847     0   0   0   3      23.943   -62.260
0210   104.5   865.8     22.90    100.0     835   115    30.76    -27.99     12.76     6     1.2     840     0   0   0   0      23.943   -62.260
0211   105.0   866.4     22.92    100.0     829   115    30.74    -27.96     12.77     6     1.2     834     0   0   0   0      23.943   -62.260
0212   105.5   867.0     22.94    100.0     823   115    30.79    -27.99     12.83     6     1.2     828     0   0   0   3      23.943   -62.260
0213   106.0   867.5     22.96    100.0     817   115    30.90    -28.07     12.93     6     1.2     822     0   0   0   3      23.943   -62.261
0214   106.5   868.1     22.99    100.0     811   115    31.03    -28.14     13.06     6     1.2     817     0   0   0   0      23.943   -62.261
0215   107.0   868.7     23.02    100.0     805   115    31.13    -28.19     13.20     5     1.1     811     0   0   0   0      23.943   -62.261
0216   107.5   869.3     23.05    100.0     799   115    31.18    -28.19     13.33     6     1.0     805     0   0   0   0      23.943   -62.261
0217   108.0   869.9     23.07    100.0     793   116    31.16    -28.12     13.42     6      .9     799     0   0   0   0      23.944   -62.261
0218   108.5   870.5     23.10    100.0     787   116    31.07    -28.00     13.46     6      .8     792     0   0   0   0      23.944   -62.261
0219   109.0   871.1     23.12    100.0     780   116    30.94    -27.85     13.47     6      .7     786     0   0   0   0      23.944   -62.261
0220   109.5   871.8     23.15    100.0     774   116    30.80    -27.69     13.47     6      .7     780     0   0   0   3      23.944   -62.261
0221   110.0   872.4     23.17    100.0     767   116    30.69    -27.56     13.49     6      .7     773     0   0   0   3      23.944   -62.262
0222   110.5   873.0     23.19    100.0     761   116    30.64    -27.48     13.55     6      .8     767     0   0   0   0      23.944   -62.262
0223   111.0   873.7     23.21    100.0     755   116    30.65    -27.44     13.65     6      .9     761     0   0   0   0      23.944   -62.262
0224   111.5   874.3     23.23    100.0     749   117    30.70    -27.44     13.78     6     1.0     755     0   0   0   0      23.944   -62.262
0225   112.0   874.8     23.25    100.0     743   117    30.77    -27.45     13.90     6     1.1     749     0   0   0   0      23.944   -62.262
0226   112.5   875.4     23.27    100.0     737   117    30.82    -27.46     13.99     6     1.2     743     0   0   0   0      23.944   -62.262
0227   113.0   876.0     23.29    100.0     731   117    30.83    -27.46     14.02     6     1.2     737     0   0   0   0      23.944   -62.262
0228   113.5   876.6     23.31    100.0     725   117    30.80    -27.45     13.97     6     1.2     731     0   0   0   0      23.944   -62.263
0229   114.0   877.2     23.33    100.0     719   117    30.74    -27.44     13.86     6     1.1     725     0   0   0   0      23.944   -62.263
0230   114.5   877.8     23.35    100.0     713   117    30.69    -27.46     13.72     6     1.1     719     0   0   0   0      23.944   -62.263
0231   115.0   878.4     23.38    100.0     707   116    30.68    -27.52     13.57     6     1.1     713     0   0   0   0      23.944   -62.263
0232   115.5   879.0     23.40    100.0     701   116    30.74    -27.64     13.46     6     1.1     707     0   0   0   0      23.944   -62.263
0233   116.0   879.6     23.42    100.0     695   116    30.88    -27.82     13.39     6     1.1     701     0   0   0   0      23.945   -62.263
0234   116.5   880.2     23.44    100.0     689   115    31.07    -28.05     13.37     5     1.1     695     0   0   0   0      23.945   -62.263
0235   117.0   880.8     23.46    100.0     683   115    31.30    -28.29     13.39     5     1.1     689     0   0   0   0      23.945   -62.264
0236   117.5   881.4     23.48    100.0     677   115    31.52    -28.52     13.42     5     1.0     683     0   0   0   0      23.945   -62.264
0237   118.0   882.0     23.49    100.0     671   115    31.70    -28.72     13.43     5      .8     677     0   0   0   0      23.945   -62.264
0238   118.5   882.6     23.51    100.0     665   115    31.83    -28.86     13.42     5      .6     671     0   0   0   0      23.945   -62.264
0239   119.0   883.3     23.53    100.0     659   115    31.89    -28.94     13.39     6      .4     665     0   0   0   0      23.945   -62.264
0240   119.5   883.9     23.56    100.0     652   115    31.90    -28.97     13.36     5      .2     658     0   0   0   0      23.945   -62.264
0241   120.0   884.6     23.58    100.0     646   115    31.88    -28.95     13.34     6      .0     651     0   0   0   0      23.945   -62.264
0242   120.5   885.3     23.60    100.0     639   115    31.85    -28.91     13.35     6     -.1     645     0   0   0   0      23.945   -62.264
0243   121.0   885.9     23.63    100.0     632   115    31.82    -28.86     13.41     6     -.1     638     0   0   0   0      23.945   -62.265
0244   121.5   886.6     23.65    100.0     625   115    31.81    -28.80     13.51     6      .0     631     0   0   0   0      23.945   -62.265
0245   122.0   887.3     23.68    100.0     619   115    31.82    -28.76     13.62     6      .1     624     0   0   0   0      23.945   -62.265
0246   122.5   887.9     23.70    100.0     612   116    31.85    -28.74     13.72     6      .3     618     0   0   0   0      23.945   -62.265
0247   123.0   888.6     23.72    100.0     606   116    31.89    -28.76     13.79     6      .5     612     0   0   0   0      23.945   -62.265
0248   123.5   889.2     23.74    100.0     600   116    31.95    -28.82     13.80     6      .7     606     0   0   0   0      23.945   -62.265
0249   124.0   889.8     23.76    100.0     594   115    32.03    -28.92     13.76     7      .8     600     0   0   0   0      23.946   -62.265
0250   124.5   890.4     23.78    100.0     588   115    32.12    -29.06     13.67     7      .9     594     0   0   0   3      23.946   -62.266
0251   125.0   891.0     23.80    100.0     582   115    32.22    -29.22     13.56     7      .9     588     0   0   0   0      23.946   -62.266
0252   125.5   891.6     23.82    100.0     576   115    32.33    -29.40     13.45     7      .9     582     0   0   0   0      23.946   -62.266
0253   126.0   892.2     23.85    100.0     570   114    32.46    -29.57     13.38     7      .8     576     0   0   0   0      23.946   -62.266
0254   126.5   892.9     23.87    100.0     563   114    32.61    -29.75     13.35     7      .8     569     0   0   0   0      23.946   -62.266
0255   127.0   893.5     23.89    100.0     557   114    32.79    -29.93     13.40     7      .8     563     0   0   0   0      23.946   -62.266
0256   127.5   894.1     23.91    100.0     551   114    33.03    -30.13     13.53     7      .9     557     0   0   0   0      23.946   -62.267
0257   128.0   894.7     23.92    100.0     545   114    33.31    -30.35     13.72     7     1.0     551     0   0   0   0      23.946   -62.267
0258   128.5   895.4     23.93    100.0     539   115    33.63    -30.59     13.97     7     1.1     545     0   0   0   0      23.946   -62.267
0259   129.0   896.0     23.94    100.0     533   115    33.96    -30.83     14.24     7     1.3     539     0   0   0   0      23.946   -62.267
0260   129.5   896.5     23.96    100.0     527   115    34.26    -31.05     14.50     7     1.5     533     0   0   0   0      23.946   -62.267
0261   130.0   897.1     23.97    100.0     521   115    34.49    -31.20     14.69     7     1.7     527     0   0   0   0      23.946   -62.267
0262   130.5   897.7     23.99    100.0     516   115    34.60    -31.29     14.77     7     1.8     522     0   0   0   0      23.946   -62.267
0263   131.0   898.3     24.02    100.0     510   115    34.59    -31.29     14.73     7     1.9     516     0   0   0   0      23.946   -62.268
0264   131.5   898.8     24.04    100.0     505   115    34.47    -31.25     14.55     7     2.0     511     0   0   0   0      23.946   -62.268
0265   132.0   899.4     24.06    100.0     499   115    34.30    -31.20     14.24     7     2.1     505     0   0   0   0      23.947   -62.268
0266   132.5   899.9     24.07    100.0     494   114    34.12    -31.19     13.84     6     2.1     500     0   0   0   0      23.947   -62.268
0267   133.0   900.5     24.08    100.0     489   113    34.02    -31.27     13.40     7     2.0     494     0   0   0   0      23.947   -62.268
0268   133.5   901.0     24.09    100.0     483   112    34.03    -31.45     13.00     7     1.9     489     0   0   0   0      23.947   -62.268
0269   134.0   901.6     24.10    100.0     478   112    34.17    -31.72     12.70     7     1.8     484     0   0   0   0      23.947   -62.268
0270   134.5   902.2     24.11    100.0     472   111    34.40    -32.04     12.54     7     1.8     478     0   0   0   0      23.947   -62.269
0271   135.0   902.7     24.12    100.0     466   111    34.68    -32.33     12.54     7     1.7     472     0   0   0   0      23.947   -62.269
0272   135.5   903.3     24.14    100.0     461   111    34.91    -32.54     12.66     7     1.7     466     0   0   0   0      23.947   -62.269
0273   136.0   903.9     24.16    100.0     455   112    35.07    -32.62     12.86     7     1.7     461     0   0   0   0      23.947   -62.269
0274   136.5   904.5     24.18    100.0     449   112    35.11    -32.58     13.09     7     1.7     455     0   0   0   0      23.947   -62.269
0275   137.0   905.1     24.20    100.0     443   112    35.05    -32.43     13.29     6     1.7     449     0   0   0   0      23.947   -62.269
0276   137.5   905.7     24.21    100.0     438   113    34.92    -32.25     13.39     7     1.7     444     0   0   0   0      23.947   -62.270
0277   138.0   906.2     24.22    100.0     432   113    34.78    -32.10     13.38     7     1.6     438     0   0   0   0      23.947   -62.270
0278   138.5   906.8     24.23    100.0     427   112    34.67    -32.04     13.24     7     1.3     433     0   0   0   0      23.947   -62.270
0279   139.0   907.4     24.23    100.0     421   112    34.62    -32.08     13.01     7     1.0     427     0   0   0   0      23.947   -62.270
0280   139.5   908.0     24.24    100.0     416   112    34.64    -32.21     12.73     7      .7     421     0   0   0   0      23.947   -62.270
0281   140.0   908.6     24.24    100.0     409   111    34.71    -32.40     12.46     7      .5     415     0   0   0   0      23.947   -62.270
0282   140.5   909.3     24.26    100.0     403   111    34.82    -32.60     12.23     7      .5     408     0   0   0   0      23.948   -62.271
0283   141.0   910.0     24.28    100.0     396   110    34.95    -32.80     12.08     7      .8     402     0   0   0   0      23.948   -62.271
0284   141.5   910.7     24.31    100.0     389   110    35.13    -33.02     12.02     7     1.5     395     0   0   0   3      23.948   -62.271
0285   142.0   911.3     24.34    100.0     383   110    35.40    -33.29     12.03     7     2.4     389     0   0   0   3      23.948   -62.271
0286   142.5   911.9     24.35    100.0     377   110    35.78    -33.67     12.11     7     3.5     383     0   0   0   0      23.948   -62.271
0287   143.0   912.4     24.36    100.0     373   110    36.32    -34.20     12.22     7     4.7     379     0   0   0   0      23.948   -62.271
0288   143.5   912.7     24.34    100.0     370   109    37.01    -34.91     12.31     7     5.7     375     0   0   0   0      23.948   -62.272
0289   144.0   913.0     24.30    100.0     367   109    37.82    -35.76     12.33     6     6.3     373     0   0   3   0      23.948   -62.272
0290   144.5   913.2     24.25    100.0     365   108    38.68    -36.69     12.25     7     6.4     371     0   0   3   0      23.948   -62.272
0291   145.0   913.4     24.19    100.0     363   108    39.50    -37.61     12.06     7     6.0     369     0   0   3   0      23.948   -62.272
0292   145.5   913.7     24.13    100.0     360   107    40.17    -38.41     11.78     7     5.2     366     0   0   0   0      23.948   -62.272
0293   146.0   914.1     24.09    100.0     356   106    40.65    -39.01     11.43     7     4.0     362     0   0   3   0      23.948   -62.272
0294   146.5   914.6     24.08    100.0     351   106    40.90    -39.37     11.06     7     2.8     357     0   0   3   0      23.948   -62.273
0295   147.0   915.2     24.09    100.0     345   105    40.96    -39.53     10.72     7     1.7     351     3   0   3   0      23.948   -62.273
0296   147.5   915.9     24.13    100.0     339   105    40.89    -39.54     10.41     7      .8     345     0   0   3   0      23.948   -62.273
0297   148.0   916.6     24.18    100.0     332   104    40.80    -39.51     10.15     7      .3     338     0   0   0   3      23.948   -62.273
0298   148.5   917.4     24.23    100.0     325   104    40.76    -39.54      9.90     7      .2     331     0   0   0   3      23.948   -62.273
0299   149.0   918.1     24.29    100.0     318   104    40.86    -39.71      9.62     7      .4     324     0   0   0   0      23.948   -62.274
0300   149.5   918.7     24.33    100.0     312   103    41.09    -40.02      9.28     7      .8     317     0   0   0   0      23.948   -62.274
0301   150.0   919.3     24.36    100.0     306   102    41.40    -40.44      8.88     7     1.3     312     0   0   0   0      23.948   -62.274
0302   150.5   919.9     24.38    100.0     301   102    41.73    -40.87      8.42     7     1.9     306     0   0   0   0      23.949   -62.274
0303   151.0   920.4     24.39    100.0     295   101    41.97    -41.21      7.95     7     2.3     301     0   0   0   0      23.949   -62.274
0304   151.5   920.9     24.40    100.0     290   100    42.08    -41.41      7.52     7     2.6     296     0   0   0   0      23.949   -62.275
0305   152.0   921.4     24.41    100.0     286   100    42.05    -41.44      7.16     6     2.8     291     0   0   0   0      23.949   -62.275
0306   152.5   922.0     24.42    100.0     281    99    41.92    -41.35      6.89     7     2.8     286     0   0   0   0      23.949   -62.275
0307   153.0   922.5     24.44    100.0     276    99    41.75    -41.21      6.68     7     2.8     281     0   0   0   0      23.949   -62.275
0308   153.5   923.0     24.45    100.0     271    99    41.64    -41.12      6.54     7     2.7     276     0   0   0   0      23.949   -62.275
0309   154.0   923.5     24.46    100.0     265    99    41.66    -41.16      6.41     6     2.5     271     0   0   0   0      23.949   -62.276
0310   154.5   924.1     24.46    100.0     260    99    41.87    -41.40      6.28     6     2.4     266     0   0   0   0      23.949   -62.276
0311   155.0   924.6     24.46    100.0     255    98    42.28    -41.83      6.12     6     2.2     261     0   0   0   0      23.949   -62.276
0312   155.5   925.2     24.45    100.0     250    98    42.84    -42.42      5.92     6     2.0     256     0   0   0   0      23.949   -62.276
0313   156.0   925.8     24.44    100.0     244    98    43.46    -43.08      5.68     6     1.8     250     0   0   0   0      23.949   -62.276
0314   156.5   926.3     24.43    100.0     239    97    44.05    -43.71      5.42     6     1.6     245     0   0   0   0      23.949   -62.277
0315   157.0   926.9     24.43    100.0     233    97    44.51    -44.21      5.13     6     1.5     239     0   0   0   0      23.949   -62.277
0316   157.5   927.6     24.44    100.0     227    96    44.79    -44.53      4.82     7     1.3     233     0   0   0   0      23.949   -62.277
0317   158.0   928.2     24.45    100.0     221    96    44.87    -44.65      4.50     7     1.3     227     0   0   0   0      23.949   -62.277
0318   158.5   928.8     24.47    100.0     215    95    44.78    -44.59      4.16     7     1.3     221     0   0   0   0      23.949   -62.278
0319   159.0   929.4     24.49    100.0     210    95    44.57    -44.41      3.82     6     1.3     215     0   0   0   0      23.949   -62.278
0320   159.5   930.0     24.50    100.0     204    95    44.30    -44.17      3.50     7     1.3     210     0   0   0   0      23.949   -62.278
0321   160.0   930.6     24.52    100.0     198    94    44.04    -43.92      3.23     5     1.3     204     0   0   0   0      23.949   -62.278
0322   160.5   931.2     24.54    100.0     192    94    43.83    -43.73      3.01     5     1.4     198     0   0   0   0      23.949   -62.278
0323   161.0   931.8     24.56    100.0     187    94    43.69    -43.60      2.84     6     1.4     193     0   0   0   0      23.949   -62.279
0324   161.5   932.4     24.59    100.0     181    94    43.63    -43.54      2.71     6     1.5     187     0   0   0   0      23.949   -62.279
0325   162.0   933.0     24.63    100.0     175    93    43.63    -43.55      2.62     6     1.7     181     0   0   0   0      23.949   -62.279
0326   162.5   933.6     24.66    100.0     170    93    43.68    -43.61      2.54     5     1.9     175     0   0   0   0      23.949   -62.279
0327   163.0   934.2     24.69    100.0     164    93    43.78    -43.71      2.50     5     2.1     170     0   0   0   0      23.949   -62.279
0328   163.5   934.8     24.71    100.0     159    93    43.91    -43.84      2.50     5     2.4     165     0   0   0   0      23.949   -62.280
0329   164.0   935.3     24.72    100.0     154    93    44.06    -43.98      2.58     6     2.6     160     0   0   0   0      23.949   -62.280
0330   164.5   935.8     24.73    100.0     149    94    44.18    -44.10      2.76     6     2.6     155     0   0   0   0      23.949   -62.280
0331   165.0   936.3     24.73    100.0     144    94    44.25    -44.14      3.05     6     2.5     150     0   0   0   0      23.949   -62.280
0332   165.5   936.8     24.73    100.0     139    94    44.22    -44.09      3.43     6     2.2     145     3   0   0   0      23.949   -62.281
0333   166.0   937.3     24.71    100.0     134    95    44.07    -43.91      3.84     7     1.7     140     0   0   0   3      23.949   -62.281
0334   166.5   937.9     24.69    100.0     129    96    43.80    -43.60      4.21     7     1.1     135     0   0   0   0      23.949   -62.281
0335   167.0   938.6     24.66    100.0     123    96    43.42    -43.19      4.46     6      .5     129     0   0   0   0      23.949   -62.281
0336   167.5   939.2     24.64    100.0     116    96    42.94    -42.70      4.55     7      .0     122     0   0   0   0      23.949   -62.281
0337   168.0   940.0     24.62    100.0     110    96    42.42    -42.18      4.47     6     -.5     115     0   0   0   0      23.949   -62.282
0338   168.5   940.7     24.61    100.0     102    96    41.99    -41.78      4.25     6     -.8     108     0   0   0   0      23.949   -62.282
0339   169.0   941.5     24.61    100.0      95    95    41.57    -41.38      3.96     7     -.9     101     0   0   0   0      23.949   -62.282
0340   169.5   942.2     24.63    100.0      88    95    41.39    -41.23      3.68     7    -1.0      94     0   0   0   0      23.949   -62.282
0341   170.0   943.0     24.66    100.0      82    95    41.29    -41.15      3.43     7  -999.0      87     0   0   0   0      23.949   -62.282
0342   170.5   943.7     24.69    100.0      75    94    41.31    -41.18      3.23     7  -999.0      81     0   0   0   0      23.949   -62.283
0343   171.0   944.4     24.70    100.0      68    94    41.38    -41.26      3.09     7  -999.0      74     0   0   0   0      23.949   -62.283
0344   171.5   945.1     24.65    100.0      62    94    41.44    -41.33      2.98     7  -999.0      67     0   0   0   0      23.949   -62.283
0345   172.0   945.8   -999.00    100.0      55    94    41.60    -41.48      3.20     7  -999.0      61     0   0   0   3      23.949   -62.283
0346   172.5   946.6   -999.00    100.0      48    94    41.57    -41.45      3.05     7  -999.0      54     0   0   0   0      23.949   -62.283
0347   173.0   947.3   -999.00    100.0      41    94    41.53    -41.43      2.89     7  -999.0      47     0   0   0   3      23.949   -62.284
0348   173.5   948.0   -999.00    100.0      34    94    41.46    -41.37      2.73     7  -999.0      40     3   0   0   0      23.949   -62.284
0349   174.0   948.8   -999.00   -999.0      27    94    41.32    -41.24      2.59     6  -999.0      33     3   0   0   0      23.949   -62.284
0350   174.5   949.5   -999.00   -999.0      20    93    41.09    -41.02      2.42     7  -999.0      26     3   0   0   0      23.949   -62.284
0351   175.0   950.3   -999.00   -999.0      14    93    40.73    -40.68      2.13     7  -999.0      19     0   0   0   0      23.949   -62.284
0352   175.5   951.0   -999.00   -999.0       7    93    40.27    -40.22      1.91     7  -999.0      13     3   0   0   0      23.949   -62.285
0353   176.0   951.8   -999.00   -999.0       0  -999  -999.00   -999.00   -999.00  -999  -999.0       6     0   0   0   0      23.949   -62.285
