 ===========================================================================
 DROPWINDSONDE PROCESSING RECORD                            Sonde: 032335413
 FRD file written by Aspen V3.4.8, 07 Jul 2023 21:25 UTC
 Aircraft: WP-3D, N43RF                      Date: 040903   Time: 165827 UTC
 ---------------------------------------------------------------------------
 Bias corrections:  PR =   0.0 mb  TE =   0.0 C  RH =   0.0 %  PRB =  0.0 mb
 Filters (LPF):     PTH = 
 Dyn RH correction = 
 Estimated PR used = 
 Dyn T correction  = 
 ---------------------------------------------------------------------------
 COMMENT: none, Good Drop
 ===========================================================================

 ===========================================================================
 Date: 040903   Lat:  25.10 N   TA:   13.5 C   PS:  753.1 mb   WD:   195 deg
 Time: 165827   Lon:  75.72 W   TD:   12.0 C   GA:   2432 m    WS:  37.8 m/s
 SID:  032335413                RH:   90.6 %   Navaid:   GP
 ===========================================================================

IX      t (s)  P (mb)    T (C)    RH (%)  Z (m)   WD    WS (m/s)   U (m/s)   V (m/s)  NS  WZ (m/s)  ZW (m)   FP  FT  FH  FW    LAT (N)   LON (E)
0001    0.00  -999.0   -999.00   -999.0    -999  -999  -999.00   -999.00   -999.00  -999  -999.0    -999     0   0   0   0    -999.000  -999.000
0002    0.40  -999.0   -999.00   -999.0    -999  -999  -999.00   -999.00   -999.00  -999  -999.0    -999     0   0   0   0    -999.000  -999.000
0003    1.00  -999.0   -999.00   -999.0    -999  -999  -999.00   -999.00   -999.00  -999  -999.0    -999     0   0   0   0    -999.000  -999.000
0004    1.40  -999.0   -999.00   -999.0    -999  -999  -999.00   -999.00   -999.00  -999  -999.0    -999     0   0   0   0    -999.000  -999.000
0005    2.00  -999.0   -999.00   -999.0    -999  -999  -999.00   -999.00   -999.00  -999  -999.0    -999     0   0   0   0    -999.000  -999.000
0006    2.40  -999.0   -999.00   -999.0    -999  -999  -999.00   -999.00   -999.00  -999  -999.0    -999     0   0   0   0    -999.000  -999.000
0007    3.00  -999.0   -999.00   -999.0    -999  -999  -999.00   -999.00   -999.00  -999  -999.0    -999     0   0   0   0    -999.000  -999.000
0008    3.40  -999.0   -999.00   -999.0    -999  -999  -999.00   -999.00   -999.00  -999  -999.0    -999     0   0   0   0    -999.000  -999.000
0009    4.00  -999.0   -999.00   -999.0    -999  -999  -999.00   -999.00   -999.00  -999  -999.0    -999     0   0   0   0    -999.000  -999.000
0010    4.40  -999.0   -999.00   -999.0    -999  -999  -999.00   -999.00   -999.00  -999  -999.0    -999     0   0   0   0    -999.000  -999.000
0011    5.00  -999.0   -999.00   -999.0    -999  -999  -999.00   -999.00   -999.00  -999  -999.0    -999     0   0   0   0    -999.000  -999.000
0012    5.40  -999.0   -999.00   -999.0    -999  -999  -999.00   -999.00   -999.00  -999  -999.0    -999     0   0   0   0    -999.000  -999.000
0013    6.00  -999.0   -999.00   -999.0    -999  -999  -999.00   -999.00   -999.00  -999  -999.0    -999     0   0   0   0    -999.000  -999.000
0014    6.40  -999.0   -999.00   -999.0    -999  -999  -999.00   -999.00   -999.00     0  -999.0    -999     0   0   0   0    -999.000  -999.000
0015    7.00  -999.0   -999.00   -999.0    -999  -999  -999.00   -999.00   -999.00     0  -999.0    -999     0   0   0   0    -999.000  -999.000
0016    7.40  -999.0   -999.00   -999.0    -999  -999  -999.00   -999.00   -999.00     0  -999.0    -999     0   0   0   0    -999.000  -999.000
0017    8.00  -999.0   -999.00   -999.0    -999  -999  -999.00   -999.00   -999.00     0  -999.0    -999     0   0   0   0    -999.000  -999.000
0018    8.40  -999.0   -999.00   -999.0    -999  -999  -999.00   -999.00   -999.00     0  -999.0    -999     0   0   0   0    -999.000  -999.000
0019    9.00  -999.0   -999.00   -999.0    -999  -999  -999.00   -999.00   -999.00     0  -999.0    -999     0   0   0   0    -999.000  -999.000
0020    9.40  -999.0   -999.00   -999.0    -999  -999  -999.00   -999.00   -999.00     0  -999.0    -999     0   0   0   0    -999.000  -999.000
0021   10.00  -999.0   -999.00   -999.0    -999  -999  -999.00   -999.00   -999.00     0  -999.0    -999     0   0   0   0    -999.000  -999.000
0022   10.40  -999.0   -999.00   -999.0    -999  -999  -999.00   -999.00   -999.00     0  -999.0    -999     0   0   0   0    -999.000  -999.000
0023   11.00  -999.0   -999.00   -999.0    -999  -999  -999.00   -999.00   -999.00     0  -999.0    -999     0   0   0   0    -999.000  -999.000
0024   11.40  -999.0   -999.00   -999.0    -999  -999  -999.00   -999.00   -999.00     0  -999.0    -999     0   0   0   0    -999.000  -999.000
0025   12.00  -999.0   -999.00   -999.0    -999  -999  -999.00   -999.00   -999.00     0  -999.0    -999     0   0   0   0    -999.000  -999.000
0026   12.40  -999.0   -999.00   -999.0    -999  -999  -999.00   -999.00   -999.00     0  -999.0    -999     0   0   0   0    -999.000  -999.000
0027   13.00   773.9     14.39   -999.0    2195  -999  -999.00   -999.00   -999.00     0    -2.2    2195     0   0   0   0    -999.000  -999.000
0028   13.40   774.4     14.40   -999.0    2190  -999  -999.00   -999.00   -999.00     0    -2.0    2190     0   0   0   0    -999.000  -999.000
0029   14.00   775.1     14.41   -999.0    2183  -999  -999.00   -999.00   -999.00     0    -1.6    2183     0   0   0   0    -999.000  -999.000
0030   14.40   775.5     14.42   -999.0    2178  -999  -999.00   -999.00   -999.00     0    -1.4    2178     0   0   0   0    -999.000  -999.000
0031   15.00   776.2     14.43   -999.0    2171  -999  -999.00   -999.00   -999.00     0    -1.2    2171     0   0   0   0    -999.000  -999.000
0032   15.40   776.6     14.44   -999.0    2166  -999  -999.00   -999.00   -999.00     0    -1.1    2166     0   0   0   0    -999.000  -999.000
0033   16.00   777.3     14.45   -999.0    2159  -999  -999.00   -999.00   -999.00     0    -0.9    2159     0   0   0   0    -999.000  -999.000
0034   16.40   777.7     14.47   -999.0    2154  -999  -999.00   -999.00   -999.00     0    -0.9    2154     0   0   0   0    -999.000  -999.000
0035   17.00   778.4     14.48   -999.0    2147  -999  -999.00   -999.00   -999.00     0    -0.8    2147     0   0   0   0    -999.000  -999.000
0036   17.40   778.8     14.50   -999.0    2142  -999  -999.00   -999.00   -999.00     0    -0.8    2142     0   0   0   0    -999.000  -999.000
0037   18.00   779.5     14.52   -999.0    2135  -999  -999.00   -999.00   -999.00     0    -0.8    2135     0   0   0   0    -999.000  -999.000
0038   18.40   779.9     14.54   -999.0    2130  -999  -999.00   -999.00   -999.00     0    -0.8    2130     0   0   0   0    -999.000  -999.000
0039   19.00   780.5     14.56   -999.0    2123  -999  -999.00   -999.00   -999.00     0    -0.8    2123     0   0   0   0    -999.000  -999.000
0040   19.40   781.0     14.58   -999.0    2118  -999  -999.00   -999.00   -999.00     0    -0.7    2118     0   0   0   0    -999.000  -999.000
0041   20.00   781.6     14.62   -999.0    2111  -999  -999.00   -999.00   -999.00     0    -0.7    2111     0   0   0   0    -999.000  -999.000
0042   20.40   782.1     14.64   -999.0    2107  -999  -999.00   -999.00   -999.00     0    -0.7    2107     0   0   0   0    -999.000  -999.000
0043   21.00   782.7     14.68   -999.0    2100  -999  -999.00   -999.00   -999.00     0    -0.7    2100     0   0   0   0    -999.000  -999.000
0044   21.40   783.1     14.71   -999.0    2095  -999  -999.00   -999.00   -999.00     0    -0.7    2095     0   0   0   0    -999.000  -999.000
0045   22.00   783.8     14.75   -999.0    2088  -999  -999.00   -999.00   -999.00     0    -0.6    2088     0   0   0   0    -999.000  -999.000
0046   22.40   784.2     14.78   -999.0    2083  -999  -999.00   -999.00   -999.00     0    -0.6    2083     0   0   0   0    -999.000  -999.000
0047   23.00   784.9     14.83   -999.0    2076  -999  -999.00   -999.00   -999.00     0    -0.6    2076     0   0   0   0    -999.000  -999.000
0048   23.40   785.3     14.87   -999.0    2072  -999  -999.00   -999.00   -999.00     0    -0.6    2072     0   0   0   0    -999.000  -999.000
0049   24.00   785.9     14.91     89.2    2065  -999  -999.00   -999.00   -999.00     0    -0.6    2065     0   0   0   0    -999.000  -999.000
0050   24.40   786.4     14.95     89.1    2060  -999  -999.00   -999.00   -999.00     0    -0.6    2060     0   0   0   0    -999.000  -999.000
0051   25.00   787.0     14.99     88.8    2053  -999  -999.00   -999.00   -999.00     0    -0.7    2053     0   0   0   0    -999.000  -999.000
0052   25.40   787.4     15.02     88.6    2049  -999  -999.00   -999.00   -999.00     0    -0.7    2049     0   0   0   0    -999.000  -999.000
0053   26.00   788.1     15.07     88.4    2042  -999  -999.00   -999.00   -999.00     0    -0.7    2042     0   0   0   0    -999.000  -999.000
0054   26.40   788.5     15.09     88.3    2037  -999  -999.00   -999.00   -999.00     0    -0.7    2037     0   0   0   0    -999.000  -999.000
0055   27.00   789.2     15.13     88.1    2030  -999  -999.00   -999.00   -999.00     0    -0.8    2030     0   0   0   0    -999.000  -999.000
0056   27.40   789.6     15.16     88.0    2025  -999  -999.00   -999.00   -999.00     0    -0.8    2025     0   0   0   0    -999.000  -999.000
0057   28.00   790.2     15.20     87.9    2018  -999  -999.00   -999.00   -999.00     0    -0.8    2018     0   0   0   0    -999.000  -999.000
0058   28.40   790.7     15.22     87.9    2013  -999  -999.00   -999.00   -999.00     0    -0.8    2013     0   0   0   0    -999.000  -999.000
0059   29.00   791.3     15.26     87.9    2006  -999  -999.00   -999.00   -999.00     0    -0.9    2006     0   0   0   0    -999.000  -999.000
0060   29.40   791.8     15.28     87.9    2002  -999  -999.00   -999.00   -999.00     0    -0.9    2002     0   0   0   0    -999.000  -999.000
0061   30.00   792.4     15.31     88.0    1995  -999  -999.00   -999.00   -999.00     0    -0.9    1995     0   0   0   0    -999.000  -999.000
0062   30.40   792.9     15.33     88.0    1990  -999  -999.00   -999.00   -999.00     0    -0.9    1990     0   0   0   0    -999.000  -999.000
0063   31.00   793.6     15.36     88.1    1983  -999  -999.00   -999.00   -999.00     0    -0.8    1983     0   0   0   0    -999.000  -999.000
0064   31.40   794.0     15.38     88.1    1978  -999  -999.00   -999.00   -999.00     0    -0.8    1978     0   0   0   0    -999.000  -999.000
0065   32.00   794.6     15.41     88.2    1971  -999  -999.00   -999.00   -999.00     0    -0.8    1971     0   0   0   0    -999.000  -999.000
0066   32.40   795.1     15.43     88.2    1966  -999  -999.00   -999.00   -999.00     0    -0.8    1966     0   0   0   0    -999.000  -999.000
0067   33.00   795.7     15.46     88.2    1959  -999  -999.00   -999.00   -999.00     0    -0.7    1959     0   0   0   0    -999.000  -999.000
0068   33.40   796.2     15.48     88.3    1955  -999  -999.00   -999.00   -999.00     0    -0.7    1955     0   0   0   0    -999.000  -999.000
0069   34.00   796.8     15.51     88.3    1948  -999  -999.00   -999.00   -999.00     0    -0.7    1948     0   0   0   0    -999.000  -999.000
0070   34.40   797.2     15.54     88.3    1943  -999  -999.00   -999.00   -999.00     0    -0.7    1943     0   0   0   0    -999.000  -999.000
0071   35.00   797.9     15.57     88.3    1936  -999  -999.00   -999.00   -999.00     0    -0.7    1936     0   0   0   0    -999.000  -999.000
0072   35.40   798.3     15.60     88.3    1932  -999  -999.00   -999.00   -999.00     0    -0.7    1932     0   0   0   0    -999.000  -999.000
0073   36.00   799.0     15.63     88.3    1925  -999  -999.00   -999.00   -999.00     0    -0.7    1925     0   0   0   0    -999.000  -999.000
0074   36.40   799.4     15.65     88.3    1920  -999  -999.00   -999.00   -999.00     0    -0.7    1920     0   0   0   0    -999.000  -999.000
0075   37.00   800.1     15.68     88.3    1913  -999  -999.00   -999.00   -999.00     0    -0.7    1913     0   0   0   0    -999.000  -999.000
0076   37.40   800.5     15.70     88.3    1909  -999  -999.00   -999.00   -999.00     0    -0.7    1909     0   0   0   0    -999.000  -999.000
0077   38.00   801.1     15.72     88.4    1902  -999  -999.00   -999.00   -999.00     0    -0.7    1902     0   0   0   0    -999.000  -999.000
0078   38.40   801.6     15.74     88.4    1897  -999  -999.00   -999.00   -999.00     0    -0.7    1897     0   0   0   0    -999.000  -999.000
0079   39.00   802.2     15.76     88.6    1890  -999  -999.00   -999.00   -999.00     0    -0.7    1890     0   0   0   0    -999.000  -999.000
0080   39.40   802.7     15.76     88.6    1885  -999  -999.00   -999.00   -999.00     0    -0.7    1885     0   0   0   0    -999.000  -999.000
0081   40.00   803.3     15.77     88.8    1878  -999  -999.00   -999.00   -999.00     0    -0.7    1878     0   0   0   0    -999.000  -999.000
0082   40.40   803.8     15.78     88.9    1874  -999  -999.00   -999.00   -999.00     0    -0.8    1874     0   0   0   0    -999.000  -999.000
0083   41.00   804.4     15.78     89.2    1867  -999  -999.00   -999.00   -999.00     0    -0.8    1867     0   0   0   0    -999.000  -999.000
0084   41.40   804.9     15.78     89.3    1862  -999  -999.00   -999.00   -999.00     0    -0.8    1862     0   0   0   0    -999.000  -999.000
0085   42.00   805.5     15.78     89.6    1855  -999  -999.00   -999.00   -999.00     0    -0.8    1855     0   0   0   0    -999.000  -999.000
0086   42.40   806.0     15.78     89.8    1851  -999  -999.00   -999.00   -999.00     0    -0.8    1851     0   0   0   0    -999.000  -999.000
0087   43.00   806.6     15.78     90.0    1844  -999  -999.00   -999.00   -999.00     0    -0.7    1844     0   0   0   0    -999.000  -999.000
0088   43.40   807.1     15.78     90.2    1839  -999  -999.00   -999.00   -999.00     0    -0.7    1839     0   0   0   0    -999.000  -999.000
0089   44.00   807.7     15.79     90.3    1832  -999  -999.00   -999.00   -999.00     0    -0.7    1832     0   0   0   0    -999.000  -999.000
0090   44.40   808.1     15.80     90.4    1827  -999  -999.00   -999.00   -999.00     0    -0.7    1827     0   0   0   0    -999.000  -999.000
0091   45.00   808.8     15.82     90.5    1821  -999  -999.00   -999.00   -999.00     0    -0.6    1821     0   0   0   0    -999.000  -999.000
0092   45.40   809.2     15.83     90.6    1816  -999  -999.00   -999.00   -999.00     0    -0.6    1816     0   0   0   0    -999.000  -999.000
0093   46.00   809.9     15.85     90.7    1809  -999  -999.00   -999.00   -999.00     0    -0.5    1809     0   0   0   0    -999.000  -999.000
0094   46.40   810.3     15.87     90.8    1805  -999  -999.00   -999.00   -999.00     0    -0.5    1805     0   0   0   0    -999.000  -999.000
0095   47.00   811.0     15.89     91.0    1798  -999  -999.00   -999.00   -999.00     0    -0.5    1798     0   0   0   0    -999.000  -999.000
0096   47.40   811.4     15.91     91.2    1793  -999  -999.00   -999.00   -999.00     0    -0.4    1793     0   0   0   0    -999.000  -999.000
0097   48.00   812.0     15.93     91.4    1787  -999  -999.00   -999.00   -999.00     0    -0.4    1787     0   0   0   0    -999.000  -999.000
0098   48.40   812.4     15.95     91.5    1782  -999  -999.00   -999.00   -999.00     4    -0.4    1782     0   0   0   0    -999.000  -999.000
0099   49.00   813.1     15.97     91.7    1776  -999  -999.00   -999.00   -999.00     4    -0.4    1776     0   0   0   0    -999.000  -999.000
0100   49.40   813.5     15.98     91.8    1771  -999  -999.00   -999.00   -999.00     4    -0.4    1771     0   0   0   0    -999.000  -999.000
0101   50.00   814.2     16.01     91.9    1764  -999  -999.00   -999.00   -999.00     4    -0.4    1764     0   0   0   0    -999.000  -999.000
0102   50.40   814.6     16.03     92.0    1760  -999  -999.00   -999.00   -999.00     4    -0.4    1760     0   0   0   0    -999.000  -999.000
0103   51.00   815.2     16.05     92.1    1753  -999  -999.00   -999.00   -999.00     4    -0.4    1753     0   0   0   0    -999.000  -999.000
0104   51.40   815.7     16.07     92.1    1749  -999  -999.00   -999.00   -999.00     4    -0.4    1749     0   0   0   0    -999.000  -999.000
0105   52.00   816.3     16.10     92.1    1742  -999  -999.00   -999.00   -999.00     4    -0.4    1742     0   0   0   0    -999.000  -999.000
0106   52.40   816.7     16.12     92.0    1737  -999  -999.00   -999.00   -999.00     4    -0.4    1737     0   0   0   0    -999.000  -999.000
0107   53.00   817.4     16.15     92.0    1731  -999  -999.00   -999.00   -999.00  -999    -0.4    1731     0   0   0   0    -999.000  -999.000
0108   53.40   817.8     16.17     92.0    1726  -999  -999.00   -999.00   -999.00  -999    -0.4    1726     0   0   0   0    -999.000  -999.000
0109   54.00   818.4     16.20     91.9    1719  -999  -999.00   -999.00   -999.00     4    -0.3    1719     0   0   0   0    -999.000  -999.000
0110   54.40   818.9     16.23     91.9    1715  -999  -999.00   -999.00   -999.00     4    -0.3    1715     0   0   0   0    -999.000  -999.000
0111   55.00   819.5     16.26     91.8    1708  -999  -999.00   -999.00   -999.00     4    -0.2    1708     0   0   0   0    -999.000  -999.000
0112   55.40   819.9     16.28     91.8    1704  -999  -999.00   -999.00   -999.00     4    -0.2    1704     0   0   0   0    -999.000  -999.000
0113   56.00   820.6     16.31     91.8    1697  -999  -999.00   -999.00   -999.00     0    -0.1    1697     0   0   0   0    -999.000  -999.000
0114   56.40   821.0     16.33     91.9    1693  -999  -999.00   -999.00   -999.00     4    -0.1    1693     0   0   0   0    -999.000  -999.000
0115   57.00   821.6     16.36     91.9    1687  -999  -999.00   -999.00   -999.00     4    -0.0    1687     0   0   0   0    -999.000  -999.000
0116   57.40   822.0     16.38     92.0    1682  -999  -999.00   -999.00   -999.00     4    -0.0    1682     0   0   0   0    -999.000  -999.000
0117   58.00   822.6     16.41     92.0    1676  -999  -999.00   -999.00   -999.00     4     0.0    1676     0   0   0   0    -999.000  -999.000
0118   58.40   823.0     16.43     92.0    1672  -999  -999.00   -999.00   -999.00     4     0.0    1672     0   0   0   0    -999.000  -999.000
0119   59.00   823.7     16.46     92.0    1665  -999  -999.00   -999.00   -999.00     4     0.0    1665     0   0   0   0    -999.000  -999.000
0120   59.40   824.1     16.48     92.0    1661  -999  -999.00   -999.00   -999.00     4    -0.0    1661     0   0   0   0    -999.000  -999.000
0121   60.00   824.7     16.52     92.0    1655  -999  -999.00   -999.00   -999.00     4    -0.1    1655     0   0   0   0    -999.000  -999.000
0122   60.40   825.1     16.54     91.9    1650  -999  -999.00   -999.00   -999.00     4    -0.1    1650     0   0   0   0    -999.000  -999.000
0123   61.00   825.7     16.59     91.8    1644  -999  -999.00   -999.00   -999.00     4    -0.1    1644     0   0   0   0    -999.000  -999.000
0124   61.40   826.1     16.61     91.7    1639  -999  -999.00   -999.00   -999.00     4    -0.2    1639     0   0   0   0    -999.000  -999.000
0125   62.00   826.8     16.66     91.6    1633  -999  -999.00   -999.00   -999.00     4    -0.2    1633     0   0   0   0    -999.000  -999.000
0126   62.40   827.2     16.69     91.5    1628  -999  -999.00   -999.00   -999.00  -999    -0.3    1628     0   0   0   0    -999.000  -999.000
0127   63.00   827.9     16.74     91.3    1622  -999  -999.00   -999.00   -999.00     4    -0.3    1622     0   0   0   0    -999.000  -999.000
0128   63.40   828.3     16.77     91.2    1617  -999  -999.00   -999.00   -999.00     5    -0.3    1617     0   0   0   0    -999.000  -999.000
0129   64.00   828.9     16.82     91.1    1611  -999  -999.00   -999.00   -999.00     5    -0.3    1611     0   0   0   0    -999.000  -999.000
0130   64.40   829.4     16.86     91.0    1606  -999  -999.00   -999.00   -999.00     5    -0.3    1606     0   0   0   0    -999.000  -999.000
0131   65.00   830.0     16.91     90.8    1600  -999  -999.00   -999.00   -999.00     5    -0.3    1600     0   0   0   0    -999.000  -999.000
0132   65.40   830.4     16.95     90.7    1595  -999  -999.00   -999.00   -999.00     5    -0.2    1595     0   0   0   0    -999.000  -999.000
0133   66.00   831.0     17.00     90.5    1589  -999  -999.00   -999.00   -999.00     5    -0.2    1589     0   0   0   0    -999.000  -999.000
0134   66.40   831.5     17.04     90.3    1584  -999  -999.00   -999.00   -999.00     5    -0.2    1584     0   0   0   0    -999.000  -999.000
0135   67.00   832.1     17.10     90.1    1578  -999  -999.00   -999.00   -999.00     5    -0.2    1578     0   0   0   0    -999.000  -999.000
0136   67.40   832.5     17.13     90.0    1574  -999  -999.00   -999.00   -999.00     5    -0.2    1574     0   0   0   0    -999.000  -999.000
0137   68.00   833.2     17.19     89.7    1567  -999  -999.00   -999.00   -999.00     5    -0.2    1567     0   0   0   0    -999.000  -999.000
0138   68.40   833.6     17.22     89.6    1563  -999  -999.00   -999.00   -999.00     5    -0.2    1563     0   0   0   0    -999.000  -999.000
0139   69.00   834.2     17.27     89.3    1556  -999  -999.00   -999.00   -999.00     5    -0.2    1556     0   0   0   0    -999.000  -999.000
0140   69.40   834.7     17.31     89.2    1552  -999  -999.00   -999.00   -999.00     5    -0.2    1552     0   0   0   0    -999.000  -999.000
0141   70.00   835.3     17.36     88.9    1545  -999  -999.00   -999.00   -999.00     5    -0.2    1545     0   0   0   0    -999.000  -999.000
0142   70.40   835.7     17.39     88.8    1541  -999  -999.00   -999.00   -999.00     5    -0.2    1541     0   0   0   0    -999.000  -999.000
0143   71.00   836.3     17.43     88.5    1534  -999  -999.00   -999.00   -999.00     5    -0.3    1534     0   0   0   0    -999.000  -999.000
0144   71.40   836.8     17.46     88.4    1530  -999  -999.00   -999.00   -999.00     5    -0.3    1530     0   0   0   0    -999.000  -999.000
0145   72.00   837.4     17.50     88.2    1523  -999  -999.00   -999.00   -999.00     5    -0.3    1523     0   0   0   0    -999.000  -999.000
0146   72.40   837.8     17.53     88.1    1519  -999  -999.00   -999.00   -999.00     5    -0.3    1519     0   0   0   0    -999.000  -999.000
0147   73.00  -999.0   -999.00   -999.0    -999  -999  -999.00   -999.00   -999.00     5  -999.0    -999     0   0   0   0    -999.000  -999.000
0148   73.40   838.9     17.58     87.8    1508  -999  -999.00   -999.00   -999.00     5    -0.4    1508     0   0   0   0    -999.000  -999.000
0149   74.00   839.6     17.61     87.8    1501  -999  -999.00   -999.00   -999.00     5    -0.4    1501     0   0   0   0    -999.000  -999.000
0150   74.40   840.0     17.63     87.7    1497  -999  -999.00   -999.00   -999.00     5    -0.4    1497     0   0   0   0    -999.000  -999.000
0151   75.00   840.7     17.65     87.7    1490  -999  -999.00   -999.00   -999.00     5    -0.4    1490     0   0   0   0    -999.000  -999.000
0152   75.40   841.1     17.66     87.7    1486  -999  -999.00   -999.00   -999.00     5    -0.4    1486     0   0   0   0    -999.000  -999.000
0153   76.00   841.7     17.68     87.7    1479  -999  -999.00   -999.00   -999.00  -999    -0.4    1479     0   0   0   0    -999.000  -999.000
0154   76.40   842.2     17.69     87.6    1475  -999  -999.00   -999.00   -999.00     5    -0.4    1475     0   0   0   0    -999.000  -999.000
0155   77.00   842.8     17.71     87.6    1468  -999  -999.00   -999.00   -999.00     5    -0.4    1468     0   0   0   0    -999.000  -999.000
0156   77.40   843.3     17.72     87.5    1464  -999  -999.00   -999.00   -999.00     5    -0.4    1464     0   0   0   0    -999.000  -999.000
0157   78.00   843.9     17.75     87.4    1457  -999  -999.00   -999.00   -999.00     5    -0.4    1457     0   0   0   0    -999.000  -999.000
0158   78.40   844.3     17.77     87.3    1453  -999  -999.00   -999.00   -999.00     5    -0.4    1453     0   0   0   0    -999.000  -999.000
0159   79.00   845.0     17.79     87.1    1446  -999  -999.00   -999.00   -999.00     5    -0.4    1446     0   0   0   0    -999.000  -999.000
0160   79.40   845.4     17.81     86.9    1442  -999  -999.00   -999.00   -999.00     5    -0.5    1442     0   0   0   0    -999.000  -999.000
0161   80.00   846.1     17.85     86.7    1435  -999  -999.00   -999.00   -999.00     5    -0.5    1435     0   0   0   0    -999.000  -999.000
0162   80.40   846.5     17.87     86.6    1431  -999  -999.00   -999.00   -999.00     5    -0.5    1431     0   0   0   0    -999.000  -999.000
0163   81.00   847.2     17.90     86.4    1424  -999  -999.00   -999.00   -999.00     5    -0.6    1424     0   0   0   0    -999.000  -999.000
0164   81.40   847.6     17.93     86.3    1419  -999  -999.00   -999.00   -999.00     5    -0.6    1419     0   0   0   0    -999.000  -999.000
0165   82.00   848.3     17.96     86.0    1413  -999  -999.00   -999.00   -999.00     5    -0.7    1413     0   0   0   0    -999.000  -999.000
0166   82.40   848.7     17.99     85.9    1408  -999  -999.00   -999.00   -999.00     5    -0.7    1408     0   0   0   0    -999.000  -999.000
0167   83.00   849.4     18.03     85.7    1401  -999  -999.00   -999.00   -999.00     5    -0.7    1401     0   0   0   0    -999.000  -999.000
0168   83.40   849.9     18.05     85.5    1397  -999  -999.00   -999.00   -999.00     5    -0.8    1397     0   0   0   0    -999.000  -999.000
0169   84.00   850.5     18.09     85.3    1390  -999  -999.00   -999.00   -999.00     5    -0.8    1390     0   0   0   0    -999.000  -999.000
0170   84.40   851.0     18.12     85.1    1385  -999  -999.00   -999.00   -999.00     5    -0.8    1385     0   0   0   0    -999.000  -999.000
0171   85.00   851.7     18.16     84.9    1379  -999  -999.00   -999.00   -999.00     5    -0.8    1379     0   0   0   0    -999.000  -999.000
0172   85.40   852.1     18.18     84.7    1374  -999  -999.00   -999.00   -999.00     5    -0.8    1374     0   0   0   0    -999.000  -999.000
0173   86.00   852.8     18.22     84.5    1367  -999  -999.00   -999.00   -999.00  -999    -0.8    1367     0   0   0   0    -999.000  -999.000
0174   86.40   853.2     18.25     84.4    1363  -999  -999.00   -999.00   -999.00     5    -0.8    1363     0   0   0   0    -999.000  -999.000
0175   87.00   853.9     18.29     84.2    1356  -999  -999.00   -999.00   -999.00     5    -0.8    1356     0   0   0   0    -999.000  -999.000
0176   87.40   854.4     18.31     84.2    1351  -999  -999.00   -999.00   -999.00     5    -0.8    1351     0   0   0   0    -999.000  -999.000
0177   88.00   855.1     18.35     84.2    1344  -999  -999.00   -999.00   -999.00     5    -0.8    1344     0   0   0   0    -999.000  -999.000
0178   88.40   855.5     18.37     84.2    1340  -999  -999.00   -999.00   -999.00     5    -0.8    1340     0   0   0   0    -999.000  -999.000
0179   89.00   856.2     18.40     84.5    1333  -999  -999.00   -999.00   -999.00     5    -0.8    1333     0   0   0   0    -999.000  -999.000
0180   89.40   856.6     18.41     84.7    1328  -999  -999.00   -999.00   -999.00     5    -0.8    1328     0   0   0   0    -999.000  -999.000
0181   90.00   857.3     18.43     85.2    1322  -999  -999.00   -999.00   -999.00     5    -0.8    1322     0   0   0   0    -999.000  -999.000
0182   90.40   857.8     18.44     85.7    1317  -999  -999.00   -999.00   -999.00     5    -0.8    1317     0   0   0   0    -999.000  -999.000
0183   91.00   858.5     18.44     86.5    1310  -999  -999.00   -999.00   -999.00     5    -0.8    1310     0   0   0   0    -999.000  -999.000
0184   91.40   858.9     18.44     87.0    1306  -999  -999.00   -999.00   -999.00     5    -0.8    1306     0   0   0   0    -999.000  -999.000
0185   92.00   859.6     18.42     87.8    1299  -999  -999.00   -999.00   -999.00     5    -0.8    1299     0   0   0   0    -999.000  -999.000
0186   92.40   860.1     18.41     88.3    1294  -999  -999.00   -999.00   -999.00     5    -0.8    1294     0   0   0   0    -999.000  -999.000
0187   93.00   860.7     18.39     88.9    1287  -999  -999.00   -999.00   -999.00     5    -0.8    1287     0   0   0   0    -999.000  -999.000
0188   93.40  -999.0   -999.00   -999.0    -999  -999  -999.00   -999.00   -999.00  -999  -999.0    -999     0   0   0   0    -999.000  -999.000
0189   94.00   861.9     18.35     89.8    1276   192    38.87      7.91     38.06     6    -0.8    1276     0   0   0   0      25.129   -75.715
0190   94.40   862.3     18.34     90.1    1272   192    38.86      7.89     38.05     6    -0.8    1272     0   0   0   0      25.129   -75.715
0191   95.00   863.0     18.32     90.4    1265   192    38.84      7.85     38.04     6    -0.8    1265     0   0   0   0      25.130   -75.715
0192   95.40   863.4     18.31     90.6    1260   192    38.83      7.81     38.04     6    -0.8    1260     0   0   0   0      25.130   -75.715
0193   96.00   864.1     18.31     90.8    1254   192    38.82      7.76     38.03     6    -0.8    1254     0   0   0   0      25.130   -75.715
0194   96.40   864.6     18.31     90.8    1249   191    38.81      7.72     38.04     6    -0.8    1249     0   0   0   0      25.130   -75.715
0195   97.00   865.3     18.32     90.9    1242   191    38.82      7.65     38.06     6    -0.7    1242     0   0   0   0      25.130   -75.715
0196   97.40   865.7     18.33     91.0    1238   191    38.82      7.60     38.07     6    -0.7    1238     0   0   0   0      25.130   -75.715
0197   98.00   866.4     18.35     91.0    1231   191    38.83      7.52     38.10     6    -0.7    1231     0   0   0   0      25.131   -75.715
0198   98.40   866.8     18.37     91.0    1227   191    38.84      7.48     38.11     6    -0.7    1227     0   0   0   0      25.131   -75.715
0199   99.00   867.5     18.40     90.9    1220   191    38.85      7.41     38.13     6    -0.7    1220     0   0   0   0      25.131   -75.715
0200   99.40   868.0     18.42     90.8    1215   191    38.84      7.38     38.14     6    -0.7    1215     0   0   0   0      25.131   -75.715
0201  100.00   868.6     18.46     90.7    1209   191    38.84      7.32     38.14     6    -0.7    1209     0   0   0   0      25.131   -75.715
0202  100.40   869.1     18.48     90.6    1204   191    38.83      7.29     38.14     6    -0.7    1204     0   0   0   0      25.131   -75.714
0203  101.00   869.8     18.52     90.4    1198   191    38.81      7.24     38.12     6    -0.7    1198     0   0   0   0      25.132   -75.714
0204  101.40   870.2     18.54     90.3    1193   191    38.79      7.20     38.11     6    -0.7    1193     0   0   0   0      25.132   -75.714
0205  102.00   870.9     18.58     90.1    1186  -999  -999.00   -999.00   -999.00     5    -0.7    1186     0   0   0   0    -999.000  -999.000
0206  102.40   871.4     18.60     90.0    1182   191    38.74      7.12     38.08     6    -0.7    1182     0   0   0   0      25.132   -75.714
0207  103.00   872.0     18.63     89.9    1175   191    38.72      7.07     38.06     6    -0.7    1175     0   0   0   0      25.132   -75.714
0208  103.40   872.5     18.65     89.9    1171   190    38.70      7.04     38.06     6    -0.7    1171     0   0   0   0      25.132   -75.714
0209  104.00   873.2     18.67     89.9    1164   190    38.68      6.99     38.04     6    -0.7    1164     0   0   0   0      25.133   -75.714
0210  104.40   873.6     18.69     90.0    1160   190    38.66      6.96     38.03     6    -0.7    1160     0   0   0   0      25.133   -75.714
0211  105.00   874.3     18.70     90.1    1153   190    38.63      6.90     38.01     6    -0.7    1153     0   0   0   0      25.133   -75.714
0212  105.40   874.7     18.72     90.3    1148   190    38.61      6.86     38.00     6    -0.7    1148     0   0   0   0      25.133   -75.714
0213  106.00   875.4     18.73     90.7    1142   190    38.59      6.78     37.99     6    -0.7    1142     0   0   0   0      25.133   -75.714
0214  106.40   875.9     18.74     91.1    1137   190    38.59      6.72     38.00     6    -0.7    1137     0   0   0   0      25.134   -75.714
0215  107.00   876.6     18.74     91.7    1130   190    38.61      6.61     38.04     6    -0.7    1130     0   0   0   0      25.134   -75.714
0216  107.40   877.0     18.74     92.1    1126   190    38.63      6.52     38.08     6    -0.7    1126     0   0   0   0      25.134   -75.714
0217  108.00   877.7     18.75     92.8    1119   189    38.68      6.37     38.16     6    -0.6    1119     0   0   0   0      25.134   -75.714
0218  108.40   878.2     18.75     93.3    1115   189    38.73      6.27     38.22     6    -0.6    1115     0   0   0   0      25.134   -75.714
0219  109.00   878.8     18.75     94.1    1108   189    38.80      6.11     38.31     6    -0.5    1108     0   0   0   0      25.134   -75.714
0220  109.40   879.3     18.76     94.5    1104   189    38.85      6.00     38.38     6    -0.5    1104     0   0   0   0      25.135   -75.714
0221  110.00   879.9     18.76     95.0    1097   189    38.91      5.85     38.47     6    -0.5    1097     0   0   0   0      25.135   -75.714
0222  110.40   880.4     18.77     95.3    1093   188    38.94      5.76     38.51     6    -0.4    1093     0   0   0   0      25.135   -75.714
0223  111.00   881.0     18.78     95.6    1086   188    38.97      5.64     38.56     6    -0.4    1086     0   0   0   0      25.135   -75.714
0224  111.40   881.5     18.79     95.7    1082   188    38.98      5.58     38.58     6    -0.4    1082     0   0   0   0      25.135   -75.714
0225  112.00   882.2     18.81     95.9    1076   188    38.99      5.51     38.60     6    -0.4    1076     0   0   0   0      25.135   -75.714
0226  112.40   882.6     18.82     96.0    1071   188    39.00      5.47     38.61     6    -0.4    1071     0   0   0   0      25.136   -75.714
0227  113.00   883.3     18.84     96.1    1065   188    39.02      5.44     38.64     6    -0.4    1065     0   0   0   0      25.136   -75.714
0228  113.40   883.7     18.86     96.2    1061   188    39.04      5.43     38.66     6    -0.4    1061     0   0   0   0      25.136   -75.714
0229  114.00   884.4     18.88     96.3    1054   188    39.08      5.42     38.70     6    -0.4    1054     0   0   0   0      25.136   -75.714
0230  114.40   884.8     18.90     96.3    1050   188    39.10      5.42     38.72     6    -0.4    1050     0   0   0   0      25.136   -75.714
0231  115.00   885.5     18.93     96.4    1043   188    39.11      5.40     38.74     6    -0.4    1043     0   0   0   0      25.136   -75.714
0232  115.40   885.9     18.95     96.4    1039  -999  -999.00   -999.00   -999.00     5    -0.4    1039     0   0   0   0    -999.000  -999.000
0233  116.00   886.6     18.98     96.4    1032   188    39.10      5.36     38.73     6    -0.4    1032     0   0   0   0      25.137   -75.714
0234  116.40   887.0     19.00     96.4    1028   188    39.08      5.33     38.72     6    -0.4    1028     0   0   0   0      25.137   -75.713
0235  117.00   887.7     19.03     96.4    1022   188    39.04      5.27     38.68     6    -0.4    1022     0   0   0   0      25.137   -75.713
0236  117.40   888.2     19.04     96.4    1017   188    39.00      5.22     38.65     6    -0.4    1017     0   0   0   0      25.137   -75.713
0237  118.00   888.8     19.07     96.4    1011   188    38.96      5.15     38.61     6    -0.4    1011     0   0   0   0      25.138   -75.713
0238  118.40   889.3     19.09     96.4    1007   188    38.94      5.11     38.60     6    -0.4    1007     0   0   0   0      25.138   -75.713
0239  119.00   889.9     19.12     96.4    1000   187    38.95      5.05     38.62     6    -0.4    1000     0   0   0   0      25.138   -75.713
0240  119.40   890.4     19.14     96.5     996   187    38.97      5.02     38.64     6    -0.5     996     0   0   0   0      25.138   -75.713
0241  120.00   891.0     19.18     96.6     989   187    39.01      5.00     38.69     6    -0.6     989     0   0   0   0      25.138   -75.713
0242  120.40   891.5     19.20     96.7     985   187    39.05      5.00     38.73     6    -0.6     985     0   0   0   0      25.138   -75.713
0243  121.00   892.2     19.24     96.8     978   187    39.11      5.02     38.78     6    -0.8     978     0   0   0   0      25.139   -75.713
0244  121.40   892.6     19.26     96.8     974   187    39.14      5.04     38.81     6    -0.8     974     0   0   0   0      25.139   -75.713
0245  122.00   893.3     19.31     96.9     967   187    39.18      5.08     38.85     6    -0.9     967     0   0   0   0      25.139   -75.713
0246  122.40   893.8     19.33     97.0     962   187    39.21      5.11     38.87     6    -1.0     962     0   0   0   0      25.139   -75.713
0247  123.00   894.5     19.37     97.0     956   188    39.23      5.13     38.89     6    -1.1     956     0   0   0   0      25.139   -75.713
0248  123.40   895.0     19.40     97.0     951   188    39.24      5.14     38.90     6    -1.2     951     0   0   0   0      25.139   -75.713
0249  124.00   895.7     19.44     97.0     944   188    39.24      5.15     38.90     6    -1.2     944     0   0   0   0      25.140   -75.713
0250  124.40   896.2     19.47     97.0     939   188    39.23      5.15     38.89     6    -1.3     939     0   0   0   0      25.140   -75.713
0251  125.00   896.9     19.50     97.0     932   188    39.21      5.15     38.87     6    -1.3     932     0   0   0   0      25.140   -75.713
0252  125.40   897.4     19.53     97.0     928   188    39.20      5.15     38.86     6    -1.3     928     0   0   0   0      25.140   -75.713
0253  126.00   898.1     19.56     97.0     921   188    39.17      5.15     38.83     6    -1.3     921     0   0   0   0      25.140   -75.713
0254  126.40   898.6     19.58     97.0     916   188    39.14      5.14     38.81     6    -1.3     916     0   0   0   0      25.140   -75.713
0255  127.00   899.3     19.61     97.0     909   188    39.10      5.11     38.77     6    -1.3     909     0   0   0   0      25.141   -75.713
0256  127.40   899.8     19.63     97.0     904   187    39.08      5.09     38.75     6    -1.3     904     0   0   0   0      25.141   -75.713
0257  128.00   900.5     19.67     97.0     897   187    39.05      5.04     38.73     6    -1.3     897     0   0   0   0      25.141   -75.713
0258  128.40   901.0     19.69     97.0     893   187    39.05      5.01     38.73     6    -1.3     893     0   0   0   0      25.141   -75.713
0259  129.00   901.8     19.72     97.0     886   187    39.06      4.97     38.74     6    -1.3     886     0   0   0   0      25.141   -75.713
0260  129.40   902.2     19.74     97.0     881   187    39.08      4.94     38.77     6    -1.2     881     0   0   0   0      25.142   -75.713
0261  130.00   903.0     19.78     97.0     874   187    39.11      4.90     38.80     6    -1.2     874     0   0   0   0      25.142   -75.713
0262  130.40   903.4     19.80     97.1     870   187    39.13      4.88     38.82     6    -1.2     870     0   0   0   0      25.142   -75.713
0263  131.00   904.2     19.84     97.1     863   187    39.13      4.85     38.83     6    -1.2     863     0   0   0   0      25.142   -75.713
0264  131.40   904.6     19.87     97.1     858   187    39.13      4.84     38.83     6    -1.2     858     0   0   0   0      25.142   -75.713
0265  132.00   905.3     19.91     97.2     851   187    39.10      4.80     38.81     6    -1.2     851     0   0   0   0      25.142   -75.713
0266  132.40   905.8     19.93     97.2     847   187    39.08      4.77     38.78     6    -1.2     847     0   0   0   0      25.143   -75.713
0267  133.00   906.5     19.97     97.3     840   187    39.02      4.70     38.74     6    -1.2     840     0   0   0   0      25.143   -75.713
0268  133.40   907.0     20.00     97.3     835   187    38.98      4.64     38.70     6    -1.2     835     0   0   0   0      25.143   -75.713
0269  134.00   907.8     20.04     97.4     828   187    38.92      4.55     38.65     6    -1.2     828     0   0   0   0      25.143   -75.713
0270  134.40   908.2     20.06     97.4     824   187    38.88      4.48     38.62     6    -1.1     824     0   0   0   0      25.143   -75.713
0271  135.00   909.0     20.09     97.4     817   186    38.83      4.39     38.58     6    -1.1     817     0   0   0   0      25.143   -75.713
0272  135.40   909.4     20.11     97.3     812   186    38.80      4.32     38.56     6    -1.1     812     0   0   0   0      25.144   -75.713
0273  136.00   910.1     20.14     97.3     806   186    38.76      4.23     38.53     6    -1.1     806     0   0   0   0      25.144   -75.713
0274  136.40   910.6     20.16     97.3     801   186    38.73      4.17     38.50     6    -1.1     801     0   0   0   0      25.144   -75.713
0275  137.00   911.3     20.19     97.2     794   186    38.68      4.08     38.46     7    -1.1     794     0   0   0   0      25.144   -75.712
0276  137.40   911.8     20.21     97.1     790   186    38.64      4.02     38.43     7    -1.1     790     0   0   0   0      25.144   -75.712
0277  138.00   912.5     20.24     97.0     783   186    38.58      3.95     38.37     6    -1.0     783     0   0   0   0      25.144   -75.712
0278  138.40   913.0     20.26     96.9     778   186    38.53      3.91     38.33     7    -1.0     778     0   0   0   0      25.145   -75.712
0279  139.00   913.7     20.29     96.8     772   186    38.46      3.86     38.27     7    -1.0     772     0   0   0   0      25.145   -75.712
0280  139.40   914.2     20.31     96.7     767   186    38.41      3.84     38.22     7    -1.0     767     0   0   0   0      25.145   -75.712
0281  140.00   914.9     20.35     96.5     760   186    38.32      3.82     38.13     7    -0.9     760     0   0   0   0      25.145   -75.712
0282  140.40   915.4     20.38     96.4     756   186    38.26      3.82     38.07     7    -0.9     756     0   0   0   0      25.145   -75.712
0283  141.00   916.1     20.43     96.3     749   186    38.17      3.83     37.97     7    -0.9     749     0   0   0   0      25.146   -75.712
0284  141.40   916.5     20.46     96.2     745   186    38.10      3.85     37.91     7    -0.9     745     0   0   0   0      25.146   -75.712
0285  142.00   917.2     20.51     96.1     738   186    38.02      3.88     37.82     7    -0.8     738     0   0   0   0      25.146   -75.712
0286  142.40   917.7     20.54     96.0     734   186    37.97      3.89     37.77     7    -0.8     734     0   0   0   0      25.146   -75.712
0287  143.00   918.4     20.60     95.9     727   186    37.92      3.92     37.72     7    -0.8     727     0   0   0   0      25.146   -75.712
0288  143.40   918.9     20.64     95.8     723   186    37.90      3.92     37.70     7    -0.8     723     0   0   0   0      25.146   -75.712
0289  144.00   919.6     20.70     95.8     716   186    37.88      3.92     37.67     7    -0.8     716     0   0   0   0      25.147   -75.712
0290  144.40   920.1     20.73     95.8     712   186    37.86      3.90     37.66     7    -0.8     712     0   0   0   0      25.147   -75.712
0291  145.00   920.8     20.79     95.9     705   186    37.84      3.84     37.65     7    -0.8     705     0   0   0   0      25.147   -75.712
0292  145.40   921.2     20.83     96.0     701   186    37.83      3.79     37.64     7    -0.8     701     0   0   0   0      25.147   -75.712
0293  146.00   921.9     20.89     96.3     694   186    37.82      3.69     37.64     7    -0.7     694     0   0   0   0      25.147   -75.712
0294  146.40   922.4     20.93     96.5     690   185    37.81      3.62     37.64     7    -0.7     690     0   0   0   0      25.147   -75.712
0295  147.00   923.1     20.99     96.9     683   185    37.81      3.49     37.65     7    -0.6     683     0   0   0   0      25.148   -75.712
0296  147.40   923.5     21.02     97.1     679   185    37.81      3.41     37.66     7    -0.6     679     0   0   0   0      25.148   -75.712
0297  148.00   924.2     21.08     97.4     672   185    37.81      3.30     37.67     7    -0.6     672     0   0   0   0      25.148   -75.712
0298  148.40   924.7     21.11     97.5     668   185    37.80      3.24     37.66     7    -0.5     668     0   0   0   0      25.148   -75.712
0299  149.00   925.4     21.16     97.7     661   185    37.78      3.17     37.65     7    -0.5     661     0   0   0   0      25.148   -75.712
0300  149.40   925.8     21.19     97.8     657   185    37.76      3.14     37.62     7    -0.5     657     0   0   0   0      25.148   -75.712
0301  150.00   926.5     21.23     97.9     651   185    37.70      3.09     37.58     7    -0.5     651     0   0   0   0      25.149   -75.712
0302  150.40   927.0     21.26     97.9     647   185    37.66      3.05     37.53     7    -0.5     647     0   0   0   0      25.149   -75.712
0303  151.00   927.6     21.30     97.9     640   185    37.57      2.97     37.45     7    -0.5     640     0   0   0   0      25.149   -75.712
0304  151.40   928.1     21.33     97.9     636   184    37.49      2.89     37.38     7    -0.5     636     0   0   0   0      25.149   -75.712
0305  152.00   928.8     21.37     98.0     629   184    37.36      2.71     37.26     7    -0.5     629     0   0   0   0      25.149   -75.712
0306  152.40   929.2     21.40     98.0     625   184    37.25      2.55     37.17     7    -0.5     625     0   0   0   0      25.149   -75.712
0307  153.00   929.9     21.44     98.0     619   183    37.08      2.25     37.01     6    -0.4     619     0   0   0   0      25.150   -75.712
0308  153.40   930.4     21.46     98.0     614   183    36.96      2.03     36.91     6    -0.4     614     0   0   0   0      25.150   -75.712
0309  154.00   931.1     21.50     98.0     608   183    36.81      1.73     36.77     6    -0.3     608     0   0   0   0      25.150   -75.712
0310  154.40   931.5     21.53     98.0     604   182    36.74      1.58     36.70     6    -0.2     604     0   0   0   0      25.150   -75.712
0311  155.00   932.2     21.56     98.0     598   182    36.67      1.44     36.64     6    -0.2     598     0   0   0   0      25.150   -75.712
0312  155.40   932.6     21.58     98.0     594   182    36.65      1.39     36.62     6    -0.1     594     0   0   0   0      25.150   -75.712
0313  156.00   933.3     21.61     98.0     587   182    36.64      1.38     36.61     6    -0.0     587     0   0   0   0      25.151   -75.712
0314  156.40   933.7     21.63     98.0     583   182    36.64      1.40     36.61     6     0.0     583     0   0   0   0      25.151   -75.712
0315  157.00   934.3     21.66     98.0     577   182    36.65      1.45     36.62     6     0.1     577     0   0   0   0      25.151   -75.712
0316  157.40   934.8     21.67     97.9     573   182    36.67      1.49     36.64     6     0.1     573     0   0   0   0      25.151   -75.712
0317  158.00   935.4     21.70     97.9     567   182    36.70      1.57     36.66     6     0.1     567     0   0   0   0      25.151   -75.712
0318  158.40   935.8     21.71     97.9     563   183    36.72      1.62     36.68     6     0.2     563     0   0   0   0      25.151   -75.712
0319  159.00   936.5     21.73     97.9     557   183    36.76      1.69     36.72     6     0.2     557     0   0   0   0      25.152   -75.712
0320  159.40   936.9     21.75     97.9     553   183    36.77      1.75     36.73     6     0.3     553     0   0   0   0      25.152   -75.712
0321  160.00   937.6     21.77     97.8     547   183    36.75      1.84     36.70     6     0.4     547     0   0   0   0      25.152   -75.712
0322  160.40   938.0     21.79     97.8     543   183    36.70      1.92     36.65     6     0.5     543     0   0   0   0      25.152   -75.712
0323  161.00   938.6     21.82     97.7     538   183    36.57      2.05     36.51     6     0.6     538     0   0   0   0      25.152   -75.712
0324  161.40   939.0     21.83     97.7     534   183    36.45      2.13     36.39     6     0.8     534     0   0   0   0      25.152   -75.712
0325  162.00   939.6     21.86     97.6     528   183    36.24      2.19     36.18     6     0.9     528     0   0   0   0      25.153   -75.712
0326  162.40   940.0     21.88     97.6     525   183    36.09      2.18     36.03     6     1.1     525     0   0   0   0      25.153   -75.712
0327  163.00   940.6     21.90     97.5     519   183    35.87      2.08     35.81     6     1.2     519     0   0   0   0      25.153   -75.712
0328  163.40   941.0     21.92     97.5     516   183    35.74      1.97     35.68     6     1.3     516     0   0   0   0      25.153   -75.712
0329  164.00   941.5     21.96     97.5     511   183    35.59      1.76     35.55     6     1.4     511     0   0   0   0      25.153   -75.712
0330  164.40   941.9     21.98     97.5     507   183    35.54      1.60     35.50     6     1.5     507     0   0   0   0      25.153   -75.712
0331  165.00   942.5     22.02     97.5     502   182    35.53      1.35     35.51     6     1.5     502     0   0   0   0      25.154   -75.712
0332  165.40   942.8     22.04     97.5     498   182    35.57      1.21     35.55     6     1.5     498     0   0   0   0      25.154   -75.712
0333  166.00   943.4     22.08     97.4     493   182    35.68      1.05     35.66     6     1.5     493     0   0   0   0      25.154   -75.712
0334  166.40   943.8     22.11     97.4     490   182    35.76      1.00     35.75     6     1.5     490     0   0   0   0      25.154   -75.712
0335  167.00   944.3     22.16     97.2     485   182    35.91      1.03     35.90     6     1.5     485     0   0   0   0      25.154   -75.712
0336  167.40   944.7     22.19     97.0     481   182    36.01      1.10     35.99     6     1.4     481     0   0   0   0      25.154   -75.712
0337  168.00   945.3     22.24     96.8     476   182    36.16      1.27     36.13     6     1.3     476     0   0   0   0      25.154   -75.712
0338  168.40   945.7     22.27     96.6     472   182    36.24      1.42     36.22     6     1.2     472     0   0   0   0      25.155   -75.712
0339  169.00   946.2     22.32     96.3     467  -999  -999.00   -999.00   -999.00     5     1.0     467     0   0   0   0    -999.000  -999.000
0340  169.40   946.6     22.36     96.1     463   183    36.43      1.83     36.39     6     0.8     463     0   0   0   0      25.155   -75.712
0341  170.00   947.2     22.42     95.9     458   183    36.55      2.03     36.49     6     0.6     458     0   0   0   0      25.155   -75.712
0342  170.40   947.6     22.46     95.8     454  -999  -999.00   -999.00   -999.00     5     0.4     454     0   0   0   0    -999.000  -999.000
0343  171.00   948.3     22.53     95.7     448   183    36.75      2.17     36.69     6     0.2     448     0   0   0   0      25.155   -75.712
0344  171.40   948.7     22.57     95.7     444  -999  -999.00   -999.00   -999.00     5     0.0     444     0   0   0   0    -999.000  -999.000
0345  172.00   949.4     22.63     95.6     438  -999  -999.00   -999.00   -999.00     5    -0.2     438     0   0   0   0    -999.000  -999.000
0346  172.40   949.8     22.67     95.5     434   183    36.95      1.94     36.90     6    -0.3     434     0   0   0   0      25.156   -75.712
0347  173.00   950.5     22.73     95.4     427   183    36.96      1.72     36.92     6    -0.5     427     0   0   0   0      25.156   -75.712
0348  173.40   951.0     22.77     95.4     423   182    36.94      1.55     36.91     6    -0.5     423     0   0   0   0      25.156   -75.712
0349  174.00   951.7     22.82     95.2     417   182    36.89      1.29     36.87     6    -0.6     417     0   0   0   0      25.156   -75.712
0350  174.40   952.2     22.86     95.1     412   182    36.84      1.13     36.82     6    -0.7     412     0   0   0   0      25.157   -75.712
0351  175.00   952.9     22.91     95.0     406   181    36.76      0.92     36.75     6    -0.7     406     0   0   0   0      25.157   -75.712
0352  175.40   953.3     22.95     94.9     401   181    36.70      0.79     36.70     6    -0.7     401     0   0   0   0      25.157   -75.712
0353  176.00   954.1     23.00     94.7     395   181    36.64      0.62     36.63     6    -0.7     395     0   0   0   0      25.157   -75.712
0354  176.40   954.5     23.04     94.6     391   181    36.61      0.52     36.60     6    -0.7     391     0   0   0   0      25.157   -75.712
0355  177.00   955.2     23.09     94.4     384   181    36.59      0.37     36.59     6    -0.6     384     0   0   0   0      25.157   -75.712
0356  177.40   955.7     23.13     94.3     380   180    36.59      0.28     36.59     6    -0.6     380     0   0   0   0      25.158   -75.712
0357  178.00   956.4     23.19     94.2     374   180    36.63      0.17     36.63     6    -0.6     374     0   0   0   0      25.158   -75.712
0358  178.40   956.8     23.23     94.0     369   180    36.66      0.10     36.66     6    -0.7     369     0   0   0   0      25.158   -75.712
0359  179.00   957.5     23.29     93.8     363   180    36.72      0.03     36.72     6    -0.7     363     0   0   0   0      25.158   -75.712
0360  179.40   958.0     23.33     93.6     359   180    36.76     -0.02     36.76     6    -0.7     359     0   0   0   0      25.158   -75.712
0361  180.00   958.7     23.39     93.4     352   180    36.80     -0.09     36.80     6    -0.7     352     0   0   0   0      25.158   -75.712
0362  180.40   959.2     23.43     93.2     348   180    36.80     -0.14     36.80     6    -0.7     348     0   0   0   0      25.159   -75.712
0363  181.00   959.9     23.49     92.9     341   180    36.75     -0.24     36.75     6    -0.8     341     0   0   0   0      25.159   -75.712
0364  181.40   960.4     23.53     92.7     337   180    36.70     -0.31     36.70     6    -0.8     337     0   0   0   0      25.159   -75.712
0365  182.00   961.1     23.59     92.4     331   179    36.60     -0.41     36.60     6    -0.8     331     0   0   0   0      25.159   -75.712
0366  182.40   961.6     23.64     92.2     326   179    36.52     -0.47     36.52     6    -0.8     326     0   0   0   0      25.159   -75.712
0367  183.00   962.3     23.70     91.9     320   179    36.39     -0.55     36.39     6    -0.8     320     0   0   0   0      25.159   -75.712
0368  183.40   962.7     23.74     91.7     315   179    36.31     -0.59     36.31     6    -0.7     315     0   0   0   0      25.160   -75.712
0369  184.00   963.5     23.80     91.4     309   179    36.21     -0.64     36.20     7    -0.7     309     0   0   0   0      25.160   -75.712
0370  184.40   963.9     23.84     91.2     305   179    36.15     -0.65     36.15     6    -0.6     305     0   0   0   0      25.160   -75.712
0371  185.00   964.6     23.90     91.0     298   179    36.08     -0.67     36.08     7    -0.5     298     0   0   0   0      25.160   -75.712
0372  185.40   965.1     23.94     90.8     294   179    36.03     -0.70     36.03     7    -0.4     294     0   0   0   0      25.160   -75.712
0373  186.00   965.8     24.00     90.5     288   179    35.92     -0.79     35.91     7    -0.2     288     0   0   0   0      25.160   -75.712
0374  186.40   966.2     24.04     90.3     284   179    35.81     -0.90     35.80     6    -0.1     284     0   0   0   0      25.161   -75.712
0375  187.00   966.9     24.10     90.1     278   178    35.60     -1.13     35.59     6     0.1     278     0   0   0   0      25.161   -75.712
0376  187.40   967.3     24.13     90.0     274  -999  -999.00   -999.00   -999.00     5     0.3     274     0   0   0   0    -999.000  -999.000
0377  188.00   968.0     24.19     90.0     268   177    35.20     -1.66     35.16     7     0.5     268     0   0   0   0      25.161   -75.712
0378  188.40   968.4     24.23     90.0     264   177    35.05     -1.89     35.00     6     0.6     264     0   0   0   0      25.161   -75.712
0379  189.00   969.0     24.28     90.1     259   176    34.84     -2.22     34.77     6     0.8     259     0   0   0   0      25.161   -75.712
0380  189.40   969.4     24.31     90.1     255   176    34.70     -2.43     34.62     6     0.9     255     0   0   0   0      25.162   -75.712
0381  190.00   970.0     24.36     90.2     250   176    34.51     -2.69     34.40     6     1.0     250     0   0   0   0      25.162   -75.712
0382  190.40   970.4     24.40     90.2     246  -999  -999.00   -999.00   -999.00     5     1.1     246     0   0   0   0    -999.000  -999.000
0383  191.00   970.9     24.45     90.2     241   175    34.15     -2.93     34.02     6     1.1     241     0   0   0   0      25.162   -75.712
0384  191.40   971.3     24.48     90.1     237   175    33.97     -2.98     33.84     6     1.0     237     0   0   0   0      25.162   -75.712
0385  192.00   971.9     24.53     90.0     232   175    33.64     -3.04     33.50     6     0.9     232     0   0   0   0      25.162   -75.712
0386  192.40   972.3     24.57     89.8     228   175    33.36     -3.09     33.22     6     0.8     228     0   0   0   0      25.162   -75.712
0387  193.00   972.9     24.62     89.5     223   174    32.89     -3.17     32.74     6     0.7     223     0   0   0   0      25.163   -75.712
0388  193.40   973.3     24.65     89.3     219  -999  -999.00   -999.00   -999.00     5     0.5     219     0   0   0   0    -999.000  -999.000
0389  194.00   974.0     24.71     89.0     213  -999  -999.00   -999.00   -999.00     5     0.4     213     0   0   0   0    -999.000  -999.000
0390  194.40   974.4     24.75     88.7     209   174    31.84     -3.37     31.66     6     0.3     209     0   0   0   0      25.163   -75.712
0391  195.00   975.1     24.81     88.4     203   174    31.55     -3.42     31.36     6     0.1     203     0   0   0   0      25.163   -75.712
0392  195.40   975.5     24.84     88.2     199   174    31.43     -3.42     31.24     6     0.1     199     0   0   0   0      25.163   -75.712
0393  196.00   976.2     24.90     87.9     193   174    31.39     -3.33     31.21     6     0.1     193     0   0   0   0      25.163   -75.712
0394  196.40   976.6     24.94     87.7     189   174    31.47     -3.20     31.30     6     0.1     189     0   0   0   0      25.164   -75.712
0395  197.00   977.3     25.00     87.4     183   175    31.68     -2.92     31.55     6     0.2     183     0   0   0   0      25.164   -75.712
0396  197.40   977.7     25.04     87.3     179   175    31.84     -2.73     31.72     6     0.3     179     0   0   0   0      25.164   -75.712
0397  198.00   978.4     25.10     87.1     174   176    32.01     -2.50     31.91     6     0.4     174     0   0   0   0      25.164   -75.712
0398  198.40   978.8     25.14     87.1     170   176    32.03     -2.43     31.94     6     0.4     170     0   0   0   0      25.164   -75.712
0399  199.00   979.4     25.19     87.0     164   176    31.93     -2.43     31.84     6     0.5     164     0   0   0   0      25.164   -75.712
0400  199.40   979.9     25.23     86.9     160   176    31.79     -2.47     31.69     6     0.6     160     0   0   0   0      25.164   -75.712
0401  200.00   980.5     25.28     86.8     155   175    31.51     -2.55     31.40     6     0.6     155     0   0   0   0      25.165   -75.712
0402  200.40   980.9     25.32     86.7     151   175    31.30     -2.60     31.19     6     0.6     151     0   0   0   0      25.165   -75.712
0403  201.00   981.5     25.37     86.4     145   175    30.99     -2.63     30.87     6     0.6     145     0   0   0   0      25.165   -75.712
0404  201.40   981.9     25.41     86.2     142   175    30.81     -2.62     30.70     6     0.5     142     0   0   0   0      25.165   -75.712
0405  202.00   982.5     25.46     85.9     136   175    30.63     -2.54     30.53     6     0.4     136     0   0   0   0      25.165   -75.712
0406  202.40   983.0     25.50     85.6     132  -999  -999.00   -999.00   -999.00     5     0.3     132     0   0   0   0    -999.000  -999.000
0407  203.00   983.6     25.56     85.2     126  -999  -999.00   -999.00   -999.00     5     0.1     126     0   0   0   0    -999.000  -999.000
0408  203.40   984.1     25.60     85.0     122  -999  -999.00   -999.00   -999.00     5    -0.0     122     0   0   0   0    -999.000  -999.000
0409  204.00   984.7     25.66     84.6     116  -999  -999.00   -999.00   -999.00     5    -0.2     116     0   0   0   0    -999.000  -999.000
0410  204.40   985.2     25.70     84.4     112  -999  -999.00   -999.00   -999.00     5    -0.3     112     0   0   0   0    -999.000  -999.000
0411  205.00   985.9     25.77     84.1     106  -999  -999.00   -999.00   -999.00     5    -0.5     106     0   0   0   0    -999.000  -999.000
0412  205.40   986.4     25.81     83.9     101  -999  -999.00   -999.00   -999.00     5    -0.6     101     0   0   0   0    -999.000  -999.000
0413  206.00   987.1     25.87     83.7      95  -999  -999.00   -999.00   -999.00     5    -0.8      95     0   0   0   0    -999.000  -999.000
0414  206.40   987.6     25.92     83.6      91  -999  -999.00   -999.00   -999.00     5    -0.9      91     0   0   0   0    -999.000  -999.000
0415  207.00   988.3     25.98     83.5      84  -999  -999.00   -999.00   -999.00     5    -1.1      84     0   0   0   0    -999.000  -999.000
0416  207.40   988.8     26.02     83.4      80   179    33.42     -0.58     33.41     6    -1.2      80     0   0   0   0      25.167   -75.712
0417  208.00   989.6     26.08     83.3      73   179    33.80     -0.60     33.79     6    -1.5      73     0   0   0   0      25.167   -75.712
0418  208.40   990.1     26.12     83.2      69   179    34.00     -0.71     33.99     6    -1.7      69     0   0   0   0      25.167   -75.712
0419  209.00   990.8     26.19     83.0      62   178    34.24     -1.02     34.22     6    -2.1      62     0   0   0   0      25.167   -75.712
0420  209.40   991.4     26.23     82.9      57   178    34.38     -1.30     34.35     6    -2.3      57     0   0   0   0      25.167   -75.712
0421  210.00   992.2     26.29     82.8      50   177    34.57     -1.82     34.52     6    -2.7      50     0   0   0   0      25.168   -75.712
0422  210.40   992.7     26.33     82.6      45  -999  -999.00   -999.00   -999.00     5    -3.0      45     0   0   0   0    -999.000  -999.000
0423  211.00   993.6     26.40     82.4      37  -999  -999.00   -999.00   -999.00     5    -3.4      37     0   0   0   0    -999.000  -999.000
0424  211.40   994.3     26.44     82.3      31  -999  -999.00   -999.00   -999.00     5    -3.6      31     0   0   0   0    -999.000  -999.000
0425  212.00   995.3     26.51     82.0      22  -999  -999.00   -999.00   -999.00     5    -3.8      22     0   0   0   0    -999.000  -999.000
0426  212.40   995.9     26.56     81.9      16  -999  -999.00   -999.00   -999.00     5    -3.9      16     0   0   0   0    -999.000  -999.000
0427  213.00   996.9     26.62   -999.0       7  -999  -999.00   -999.00   -999.00     5    -3.8       7     0   0   0   0    -999.000  -999.000
0428  213.54   997.8     26.62     81.7       0  -999  -999.00   -999.00   -999.00  -999  -999.0       0     0   0   0   0    -999.000  -999.000
