 ===========================================================================
 DROPWINDSONDE PROCESSING RECORD                            Sonde: 134255214
 FRD file written by Aspen V3.4.8, 23 Jun 2023 17:24 UTC
 Aircraft: AFRC C-130J, ---                  Date: 150826   Time: 221917 UTC
 ---------------------------------------------------------------------------
 Bias corrections:  PR =   0.0 mb  TE =   0.0 C  RH =   0.0 %  PRB =  0.0 mb
 Filters (LPF):     PTH = 
 Dyn RH correction = 
 Estimated PR used = 
 Dyn T correction  = 
 ---------------------------------------------------------------------------
 COMMENT: FEASTER, Good Drop; TDDryBiasCorrApplied
 ===========================================================================

 ===========================================================================
 Date: 150826   Lat:  17.45 N   TA:   18.0 C   PS:  842.8 mb   WD:    56 deg
 Time: 221917   Lon:  60.68 W   TD:    4.5 C   GA:   1574 m    WS:  15.0 m/s
 SID:  134255214                RH:   40.5 %   Navaid:   GP
 ===========================================================================

IX      t (s)  P (mb)    T (C)    RH (%)  Z (m)   WD    WS (m/s)   U (m/s)   V (m/s)  NS  WZ (m/s)  ZW (m)   FP  FT  FH  FW    LAT (N)   LON (E)
0001    0.01  -999.0   -999.00   -999.0    -999  -999  -999.00   -999.00   -999.00    10  -999.0    -999     0   0   0   0      17.449   -60.681
0002    0.26  -999.0   -999.00   -999.0    -999  -999  -999.00   -999.00   -999.00    10  -999.0    -999     0   0   0   0    -999.000  -999.000
0003    0.51  -999.0   -999.00   -999.0    -999  -999  -999.00   -999.00   -999.00    10  -999.0    -999     0   0   0   0      17.448   -60.681
0004    0.76  -999.0   -999.00   -999.0    -999  -999  -999.00   -999.00   -999.00    10  -999.0    -999     0   0   0   0    -999.000  -999.000
0005    1.01  -999.0   -999.00   -999.0    -999  -999  -999.00   -999.00   -999.00     9  -999.0    -999     0   0   0   0      17.448   -60.681
0006    1.26  -999.0   -999.00   -999.0    -999  -999  -999.00   -999.00   -999.00     8  -999.0    -999     0   0   0   0    -999.000  -999.000
0007    1.51  -999.0   -999.00   -999.0    -999  -999  -999.00   -999.00   -999.00     7  -999.0    -999     0   0   0   0      17.447   -60.680
0008    1.76  -999.0   -999.00   -999.0    -999  -999  -999.00   -999.00   -999.00     6  -999.0    -999     0   0   0   0    -999.000  -999.000
0009    2.01  -999.0   -999.00   -999.0    -999  -999  -999.00   -999.00   -999.00     7  -999.0    -999     0   0   0   0      17.447   -60.680
0010    2.26  -999.0   -999.00   -999.0    -999  -999  -999.00   -999.00   -999.00     7  -999.0    -999     0   0   0   0    -999.000  -999.000
0011    2.51  -999.0   -999.00   -999.0    -999  -999  -999.00   -999.00   -999.00     6  -999.0    -999     0   0   0   0      17.447   -60.680
0012    2.76  -999.0   -999.00   -999.0    -999  -999  -999.00   -999.00   -999.00     6  -999.0    -999     0   0   0   0    -999.000  -999.000
0013    3.01  -999.0   -999.00   -999.0    -999  -999  -999.00   -999.00   -999.00     8  -999.0    -999     0   0   0   0      17.447   -60.680
0014    3.26  -999.0   -999.00   -999.0    -999  -999  -999.00   -999.00   -999.00     9  -999.0    -999     0   0   0   0    -999.000  -999.000
0015    3.51  -999.0   -999.00   -999.0    -999  -999  -999.00   -999.00   -999.00     8  -999.0    -999     0   0   0   0      17.447   -60.680
0016    3.76  -999.0   -999.00   -999.0    -999  -999  -999.00   -999.00   -999.00     8  -999.0    -999     0   0   0   0    -999.000  -999.000
0017    4.01  -999.0   -999.00   -999.0    -999  -999  -999.00   -999.00   -999.00     9  -999.0    -999     0   0   0   0      17.447   -60.680
0018    4.26  -999.0   -999.00   -999.0    -999  -999  -999.00   -999.00   -999.00    10  -999.0    -999     0   0   0   0    -999.000  -999.000
0019    4.51  -999.0   -999.00   -999.0    -999  -999  -999.00   -999.00   -999.00     7  -999.0    -999     0   0   0   0      17.447   -60.681
0020    4.76  -999.0   -999.00   -999.0    -999  -999  -999.00   -999.00   -999.00    11  -999.0    -999     0   0   0   0    -999.000  -999.000
0021    5.01  -999.0   -999.00   -999.0    -999  -999  -999.00   -999.00   -999.00    11  -999.0    -999     0   0   0   0      17.447   -60.681
0022    5.26  -999.0   -999.00   -999.0    -999  -999  -999.00   -999.00   -999.00    11  -999.0    -999     0   0   0   0    -999.000  -999.000
0023    5.51  -999.0   -999.00   -999.0    -999  -999  -999.00   -999.00   -999.00    11  -999.0    -999     0   0   0   0      17.447   -60.681
0024    5.76  -999.0   -999.00   -999.0    -999  -999  -999.00   -999.00   -999.00    11  -999.0    -999     0   0   0   0    -999.000  -999.000
0025    6.01  -999.0   -999.00   -999.0    -999  -999  -999.00   -999.00   -999.00    11  -999.0    -999     0   0   0   0      17.447   -60.681
0026    6.26  -999.0   -999.00   -999.0    -999  -999  -999.00   -999.00   -999.00     8  -999.0    -999     0   0   0   0    -999.000  -999.000
0027    6.51  -999.0   -999.00   -999.0    -999  -999  -999.00   -999.00   -999.00     8  -999.0    -999     0   0   0   0      17.447   -60.681
0028    6.76  -999.0   -999.00   -999.0    -999  -999  -999.00   -999.00   -999.00     9  -999.0    -999     0   0   0   0    -999.000  -999.000
0029    7.01  -999.0   -999.00   -999.0    -999  -999  -999.00   -999.00   -999.00     9  -999.0    -999     0   0   0   0      17.447   -60.681
0030    7.26  -999.0   -999.00   -999.0    -999  -999  -999.00   -999.00   -999.00     9  -999.0    -999     0   0   0   0    -999.000  -999.000
0031    7.51  -999.0   -999.00   -999.0    -999  -999  -999.00   -999.00   -999.00     9  -999.0    -999     0   0   0   0      17.447   -60.681
0032    7.76  -999.0   -999.00   -999.0    -999  -999  -999.00   -999.00   -999.00     9  -999.0    -999     0   0   0   0    -999.000  -999.000
0033    8.01  -999.0   -999.00   -999.0    -999  -999  -999.00   -999.00   -999.00    10  -999.0    -999     0   0   0   0      17.447   -60.681
0034    8.26  -999.0   -999.00   -999.0    -999  -999  -999.00   -999.00   -999.00    10  -999.0    -999     0   0   0   0    -999.000  -999.000
0035    8.51  -999.0   -999.00   -999.0    -999  -999  -999.00   -999.00   -999.00    10  -999.0    -999     0   0   0   0      17.447   -60.681
0036    8.76  -999.0   -999.00   -999.0    -999  -999  -999.00   -999.00   -999.00     9  -999.0    -999     0   0   0   0    -999.000  -999.000
0037    9.01  -999.0   -999.00   -999.0    -999  -999  -999.00   -999.00   -999.00    10  -999.0    -999     0   0   0   0      17.447   -60.681
0038    9.26  -999.0   -999.00   -999.0    -999  -999  -999.00   -999.00   -999.00    10  -999.0    -999     0   0   0   0    -999.000  -999.000
0039    9.51  -999.0   -999.00   -999.0    -999  -999  -999.00   -999.00   -999.00    10  -999.0    -999     0   0   0   0      17.447   -60.681
0040    9.76  -999.0   -999.00   -999.0    -999  -999  -999.00   -999.00   -999.00     0  -999.0    -999     0   0   0   0    -999.000  -999.000
0041   10.01  -999.0   -999.00   -999.0    -999    57    16.37    -13.68     -8.98    11  -999.0    -999     0   0   0   0      17.447   -60.682
0042   10.26  -999.0   -999.00   -999.0    -999    57    16.38    -13.70     -8.98    11  -999.0    -999     0   0   0   0    -999.000  -999.000
0043   10.51  -999.0   -999.00   -999.0    -999    57    16.40    -13.72     -8.98    11  -999.0    -999     0   0   0   0      17.447   -60.682
0044   10.76  -999.0   -999.00   -999.0    -999    57    16.41    -13.74     -8.98    11  -999.0    -999     0   0   0   0    -999.000  -999.000
0045   11.01  -999.0   -999.00   -999.0    -999    57    16.42    -13.75     -8.97    11  -999.0    -999     0   0   0   0      17.447   -60.682
0046   11.26  -999.0   -999.00   -999.0    -999    57    16.43    -13.77     -8.97    11  -999.0    -999     0   0   0   0    -999.000  -999.000
0047   11.51   856.3     20.31     86.3    1439    57    16.50    -13.85     -8.96    11    -0.7    1439     0   0   0   0      17.447   -60.682
0048   11.76  -999.0   -999.00   -999.0    -999    57    16.50    -13.86     -8.95    11  -999.0    -999     0   0   0   0    -999.000  -999.000
0049   12.01   856.9     20.30     87.1    1433  -999  -999.00   -999.00   -999.00     0    -0.8    1433     0   0   0   0    -999.000  -999.000
0050   12.26  -999.0   -999.00   -999.0    -999    57    16.51    -13.88     -8.94    11  -999.0    -999     0   0   0   0    -999.000  -999.000
0051   12.51   857.4     20.28     87.8    1427    57    16.51    -13.89     -8.93    11    -0.8    1427     0   0   0   0      17.447   -60.682
0052   12.76  -999.0   -999.00   -999.0    -999    57    16.52    -13.90     -8.93    11  -999.0    -999     0   0   0   0    -999.000  -999.000
0053   13.01   858.0     20.25     88.3    1422    57    16.52    -13.90     -8.92    11    -0.8    1422     0   0   0   0      17.447   -60.682
0054   13.26  -999.0   -999.00   -999.0    -999    57    16.52    -13.91     -8.91    11  -999.0    -999     0   0   0   0    -999.000  -999.000
0055   13.51   858.6     20.22     88.7    1416    57    16.52    -13.91     -8.90    11    -0.9    1416     0   0   0   0      17.447   -60.682
0056   13.76  -999.0   -999.00   -999.0    -999    57    16.51    -13.91     -8.89    11  -999.0    -999     0   0   0   0    -999.000  -999.000
0057   14.01   859.1     20.19     89.1    1410    57    16.51    -13.91     -8.89    11    -0.9    1410     0   0   0   0      17.447   -60.682
0058   14.26  -999.0   -999.00   -999.0    -999    57    16.50    -13.91     -8.88    11  -999.0    -999     0   0   0   0    -999.000  -999.000
0059   14.51   859.7     20.17     89.3    1404    57    16.50    -13.91     -8.87    11    -0.9    1404     0   0   0   0      17.447   -60.682
0060   14.76  -999.0   -999.00   -999.0    -999    57    16.49    -13.90     -8.86    10  -999.0    -999     0   0   0   0    -999.000  -999.000
0061   15.01   860.3     20.14     89.6    1399    57    16.48    -13.90     -8.86    11    -0.9    1399     0   0   0   0      17.447   -60.682
0062   15.26  -999.0   -999.00   -999.0    -999    58    16.47    -13.89     -8.85    10  -999.0    -999     0   0   0   0    -999.000  -999.000
0063   15.51   860.8     20.13     89.7    1393    58    16.46    -13.89     -8.84    10    -1.0    1393     0   0   0   0      17.447   -60.682
0064   15.76  -999.0   -999.00   -999.0    -999    58    16.45    -13.88     -8.84    10  -999.0    -999     0   0   0   0    -999.000  -999.000
0065   16.01   861.4     20.11     89.8    1387    58    16.45    -13.87     -8.83    10    -1.0    1387     0   0   0   0      17.447   -60.682
0066   16.26  -999.0   -999.00   -999.0    -999    58    16.44    -13.86     -8.83    10  -999.0    -999     0   0   0   0    -999.000  -999.000
0067   16.51   862.0     20.11     89.9    1381    57    16.43    -13.85     -8.83    10    -1.0    1381     0   0   0   0      17.447   -60.682
0068   16.76  -999.0   -999.00   -999.0    -999    57    16.42    -13.85     -8.82    10  -999.0    -999     0   0   0   0    -999.000  -999.000
0069   17.01   862.6     20.11     89.9    1376    57    16.41    -13.84     -8.82    11    -1.0    1376     0   0   0   0      17.447   -60.682
0070   17.26  -999.0   -999.00   -999.0    -999    57    16.39    -13.82     -8.81    10  -999.0    -999     0   0   0   0    -999.000  -999.000
0071   17.51   863.1     20.11     89.9    1370    57    16.38    -13.81     -8.81    10    -1.0    1370     0   0   0   0      17.447   -60.683
0072   17.76  -999.0   -999.00   -999.0    -999    57    16.36    -13.79     -8.80    10  -999.0    -999     0   0   0   0    -999.000  -999.000
0073   18.01   863.7     20.11     89.9    1364    57    16.34    -13.78     -8.79    11    -1.0    1364     0   0   0   0      17.447   -60.683
0074   18.26  -999.0   -999.00   -999.0    -999    57    16.32    -13.76     -8.78    11  -999.0    -999     0   0   0   0    -999.000  -999.000
0075   18.51   864.3     20.12     89.8    1358    57    16.29    -13.73     -8.77    11    -1.1    1358     0   0   0   0      17.447   -60.683
0076   18.76  -999.0   -999.00   -999.0    -999    57    16.26    -13.71     -8.75    11  -999.0    -999     0   0   0   0    -999.000  -999.000
0077   19.01   864.9     20.12     89.7    1353    57    16.23    -13.68     -8.74    11    -1.1    1353     0   0   0   0      17.446   -60.683
0078   19.26  -999.0   -999.00   -999.0    -999    57    16.20    -13.65     -8.72    11  -999.0    -999     0   0   0   0    -999.000  -999.000
0079   19.51   865.5     20.13     89.7    1347    57    16.17    -13.63     -8.70    11    -1.1    1347     0   0   0   0      17.446   -60.683
0080   19.76  -999.0   -999.00   -999.0    -999    57    16.13    -13.60     -8.68    11  -999.0    -999     0   0   0   0    -999.000  -999.000
0081   20.01   866.0     20.14     89.7    1341    57    16.10    -13.57     -8.67    11    -1.1    1341     0   0   0   0      17.446   -60.683
0082   20.26  -999.0   -999.00   -999.0    -999    57    16.07    -13.54     -8.65    11  -999.0    -999     0   0   0   0    -999.000  -999.000
0083   20.51   866.6     20.14     89.7    1335    57    16.04    -13.52     -8.63    10    -1.0    1335     0   0   0   0      17.446   -60.683
0084   20.76  -999.0   -999.00   -999.0    -999    57    16.01    -13.49     -8.62    11  -999.0    -999     0   0   0   0    -999.000  -999.000
0085   21.01   867.2     20.15     89.7    1329    57    15.99    -13.47     -8.61    11    -1.0    1329     0   0   0   0      17.446   -60.683
0086   21.26  -999.0   -999.00   -999.0    -999    57    15.96    -13.45     -8.59    11  -999.0    -999     0   0   0   0    -999.000  -999.000
0087   21.51   867.8     20.16     89.7    1323    57    15.95    -13.44     -8.58    11    -1.0    1323     0   0   0   0      17.446   -60.683
0088   21.76  -999.0   -999.00   -999.0    -999    57    15.93    -13.42     -8.58    10  -999.0    -999     0   0   0   0    -999.000  -999.000
0089   22.01   868.4     20.17     89.8    1318    57    15.92    -13.41     -8.57    10    -0.9    1318     0   0   0   0      17.446   -60.683
0090   22.26  -999.0   -999.00   -999.0    -999    57    15.91    -13.41     -8.57    11  -999.0    -999     0   0   0   0    -999.000  -999.000
0091   22.51   868.9     20.17     89.9    1312    57    15.91    -13.40     -8.57    10    -0.9    1312     0   0   0   0      17.446   -60.683
0092   22.76  -999.0   -999.00   -999.0    -999    57    15.91    -13.40     -8.57    11  -999.0    -999     0   0   0   0    -999.000  -999.000
0093   23.01   869.5     20.18     90.1    1306    57    15.90    -13.39     -8.58    11    -0.9    1306     0   0   0   0      17.446   -60.683
0094   23.26  -999.0   -999.00   -999.0    -999    57    15.90    -13.39     -8.58    10  -999.0    -999     0   0   0   0    -999.000  -999.000
0095   23.51   870.1     20.19     90.3    1301    57    15.90    -13.39     -8.59    11    -0.8    1301     0   0   0   0      17.446   -60.683
0096   23.76  -999.0   -999.00   -999.0    -999    57    15.90    -13.38     -8.59    11  -999.0    -999     0   0   0   0    -999.000  -999.000
0097   24.01   870.6     20.21     90.5    1295    57    15.90    -13.37     -8.60    11    -0.8    1295     0   0   0   0      17.446   -60.683
0098   24.26  -999.0   -999.00   -999.0    -999    57    15.89    -13.37     -8.60    11  -999.0    -999     0   0   0   0    -999.000  -999.000
0099   24.51   871.2     20.22     90.8    1289    57    15.89    -13.36     -8.60    11    -0.7    1289     0   0   0   0      17.446   -60.683
0100   24.76  -999.0   -999.00   -999.0    -999    57    15.88    -13.34     -8.60    11  -999.0    -999     0   0   0   0    -999.000  -999.000
0101   25.01   871.8     20.23     91.1    1284    57    15.87    -13.33     -8.60    11    -0.7    1284     0   0   0   0      17.446   -60.684
0102   25.26  -999.0   -999.00   -999.0    -999    57    15.86    -13.32     -8.60    11  -999.0    -999     0   0   0   0    -999.000  -999.000
0103   25.51   872.3     20.25     91.3    1278    57    15.85    -13.31     -8.60    11    -0.7    1278     0   0   0   0      17.446   -60.684
0104   25.76  -999.0   -999.00   -999.0    -999    57    15.83    -13.29     -8.60    11  -999.0    -999     0   0   0   0    -999.000  -999.000
0105   26.01   872.9     20.26     91.7    1273    57    15.82    -13.28     -8.60    11    -0.7    1273     0   0   0   0      17.446   -60.684
0106   26.26  -999.0   -999.00   -999.0    -999    57    15.81    -13.27     -8.59    11  -999.0    -999     0   0   0   0    -999.000  -999.000
0107   26.51   873.4     20.28     92.0    1267    57    15.80    -13.26     -8.59    11    -0.6    1267     0   0   0   0      17.446   -60.684
0108   26.76  -999.0   -999.00   -999.0    -999    57    15.79    -13.25     -8.59    11  -999.0    -999     0   0   0   0    -999.000  -999.000
0109   27.01   874.0     20.30     92.3    1261    57    15.78    -13.24     -8.58    11    -0.6    1261     0   0   0   0      17.446   -60.684
0110   27.26  -999.0   -999.00   -999.0    -999    57    15.78    -13.24     -8.58    11  -999.0    -999     0   0   0   0    -999.000  -999.000
0111   27.51   874.6     20.32     92.7    1256    57    15.78    -13.24     -8.58    11    -0.5    1256     0   0   0   0      17.446   -60.684
0112   27.76  -999.0   -999.00   -999.0    -999    57    15.78    -13.25     -8.57    11  -999.0    -999     0   0   0   0    -999.000  -999.000
0113   28.01   875.1     20.34     93.0    1250    57    15.78    -13.25     -8.57    11    -0.5    1250     0   0   0   0      17.446   -60.684
0114   28.26  -999.0   -999.00   -999.0    -999    57    15.79    -13.26     -8.57    11  -999.0    -999     0   0   0   0    -999.000  -999.000
0115   28.51   875.7     20.36     93.3    1245    57    15.79    -13.27     -8.56    11    -0.4    1245     0   0   0   0      17.446   -60.684
0116   28.76  -999.0   -999.00   -999.0    -999    57    15.80    -13.28     -8.56    11  -999.0    -999     0   0   0   0    -999.000  -999.000
0117   29.01   876.2     20.38     93.6    1239    57    15.81    -13.30     -8.55    11    -0.4    1239     0   0   0   0      17.446   -60.684
0118   29.26  -999.0   -999.00   -999.0    -999    57    15.82    -13.31     -8.55    11  -999.0    -999     0   0   0   0    -999.000  -999.000
0119   29.51   876.8     20.40     93.9    1234    57    15.82    -13.32     -8.54    11    -0.4    1234     0   0   0   0      17.446   -60.684
0120   29.76  -999.0   -999.00   -999.0    -999    57    15.83    -13.33     -8.53    11  -999.0    -999     0   0   0   0    -999.000  -999.000
0121   30.01   877.3     20.42     94.1    1229    57    15.83    -13.35     -8.52    11    -0.3    1229     0   0   0   0      17.446   -60.684
0122   30.26  -999.0   -999.00   -999.0    -999    58    15.83    -13.36     -8.50    11  -999.0    -999     0   0   0   0    -999.000  -999.000
0123   30.51   877.9     20.44     94.2    1223    58    15.83    -13.36     -8.49    11    -0.3    1223     0   0   0   0      17.446   -60.684
0124   30.76  -999.0   -999.00   -999.0    -999    58    15.83    -13.37     -8.47    11  -999.0    -999     0   0   0   0    -999.000  -999.000
0125   31.01   878.4     20.47     94.3    1218    58    15.82    -13.37     -8.46    11    -0.3    1218     0   0   0   0      17.446   -60.684
0126   31.26  -999.0   -999.00   -999.0    -999    58    15.81    -13.37     -8.44    11  -999.0    -999     0   0   0   0    -999.000  -999.000
0127   31.51   879.0     20.49     94.4    1213    58    15.80    -13.37     -8.42    11    -0.3    1213     0   0   0   0      17.446   -60.684
0128   31.76  -999.0   -999.00   -999.0    -999    58    15.78    -13.36     -8.40    11  -999.0    -999     0   0   0   0    -999.000  -999.000
0129   32.01   879.5     20.51     94.4    1207    58    15.76    -13.35     -8.38    11    -0.3    1207     0   0   0   0      17.445   -60.684
0130   32.26  -999.0   -999.00   -999.0    -999    58    15.74    -13.34     -8.36    11  -999.0    -999     0   0   0   0    -999.000  -999.000
0131   32.51   880.0     20.54     94.5    1202    58    15.72    -13.32     -8.34    11    -0.3    1202     0   0   0   0      17.445   -60.684
0132   32.76  -999.0   -999.00   -999.0    -999    58    15.69    -13.30     -8.33    11  -999.0    -999     0   0   0   0    -999.000  -999.000
0133   33.01   880.6     20.56     94.5    1196    58    15.66    -13.28     -8.31    11    -0.3    1196     0   0   0   0      17.445   -60.685
0134   33.26  -999.0   -999.00   -999.0    -999    58    15.63    -13.25     -8.30    11  -999.0    -999     0   0   0   0    -999.000  -999.000
0135   33.51   881.1     20.58     94.5    1191    58    15.61    -13.23     -8.28    11    -0.3    1191     0   0   0   0      17.445   -60.685
0136   33.76  -999.0   -999.00   -999.0    -999    58    15.58    -13.20     -8.27    11  -999.0    -999     0   0   0   0    -999.000  -999.000
0137   34.01   881.7     20.60     94.5    1186    58    15.56    -13.18     -8.27    11    -0.3    1186     0   0   0   0      17.445   -60.685
0138   34.26  -999.0   -999.00   -999.0    -999  -999  -999.00   -999.00   -999.00    11  -999.0    -999     0   0   0   0    -999.000  -999.000
0139   34.51   882.2     20.62     94.6    1180    58    15.52    -13.14     -8.26    11    -0.3    1180     0   0   0   0      17.445   -60.685
0140   34.76  -999.0   -999.00   -999.0    -999    58    15.51    -13.12     -8.27    11  -999.0    -999     0   0   0   0    -999.000  -999.000
0141   35.01   882.8     20.65     94.6    1175    58    15.50    -13.11     -8.27    11    -0.3    1175     0   0   0   0      17.445   -60.685
0142   35.26  -999.0   -999.00   -999.0    -999    58    15.50    -13.11     -8.29    11  -999.0    -999     0   0   0   0    -999.000  -999.000
0143   35.51   883.3     20.67     94.7    1169    58    15.51    -13.10     -8.30    11    -0.4    1169     0   0   0   0      17.445   -60.685
0144   35.76  -999.0   -999.00   -999.0    -999    58    15.53    -13.11     -8.32    11  -999.0    -999     0   0   0   0    -999.000  -999.000
0145   36.01   883.9     20.69     94.7    1164    58    15.55    -13.12     -8.35    11    -0.4    1164     0   0   0   0      17.445   -60.685
0146   36.26  -999.0   -999.00   -999.0    -999    57    15.58    -13.14     -8.38    11  -999.0    -999     0   0   0   0    -999.000  -999.000
0147   36.51   884.4     20.71     94.7    1159    57    15.62    -13.16     -8.41    11    -0.4    1159     0   0   0   0      17.445   -60.685
0148   36.76  -999.0   -999.00   -999.0    -999    57    15.66    -13.19     -8.45    11  -999.0    -999     0   0   0   0    -999.000  -999.000
0149   37.01   885.0     20.73     94.8    1153    57    15.72    -13.22     -8.49    11    -0.4    1153     0   0   0   0      17.445   -60.685
0150   37.26  -999.0   -999.00   -999.0    -999    57    15.78    -13.26     -8.54    11  -999.0    -999     0   0   0   0    -999.000  -999.000
0151   37.51   885.5     20.75     94.8    1148    57    15.84    -13.31     -8.59    11    -0.4    1148     0   0   0   0      17.445   -60.685
0152   37.76  -999.0   -999.00   -999.0    -999    57    15.91    -13.36     -8.65    11  -999.0    -999     0   0   0   0    -999.000  -999.000
0153   38.01   886.1     20.77     94.9    1142    57    15.99    -13.41     -8.71    11    -0.4    1142     0   0   0   0      17.445   -60.685
0154   38.26  -999.0   -999.00   -999.0    -999    57    16.07    -13.46     -8.77    11  -999.0    -999     0   0   0   0    -999.000  -999.000
0155   38.51   886.6     20.78     94.9    1137    57    16.15    -13.52     -8.83    11    -0.4    1137     0   0   0   0      17.445   -60.685
0156   38.76  -999.0   -999.00   -999.0    -999    57    16.23    -13.58     -8.89    11  -999.0    -999     0   0   0   0    -999.000  -999.000
0157   39.01   887.2     20.80     94.9    1132    57    16.31    -13.64     -8.95    11    -0.4    1132     0   0   0   0      17.445   -60.685
0158   39.26  -999.0   -999.00   -999.0    -999    57    16.39    -13.70     -9.01    11  -999.0    -999     0   0   0   0    -999.000  -999.000
0159   39.51   887.7     20.81     94.9    1126    57    16.47    -13.76     -9.06    11    -0.4    1126     0   0   0   0      17.445   -60.685
0160   39.76  -999.0   -999.00   -999.0    -999    57    16.55    -13.81     -9.11    11  -999.0    -999     0   0   0   0    -999.000  -999.000
0161   40.01   888.3     20.83     95.0    1121    57    16.62    -13.87     -9.16    11    -0.4    1121     0   0   0   0      17.445   -60.685
0162   40.26  -999.0   -999.00   -999.0    -999    57    16.70    -13.93     -9.21    11  -999.0    -999     0   0   0   0    -999.000  -999.000
0163   40.51   888.8     20.84     94.9    1115    56    16.76    -13.98     -9.25    11    -0.4    1115     0   0   0   0      17.445   -60.685
0164   40.76  -999.0   -999.00   -999.0    -999    56    16.83    -14.03     -9.30    11  -999.0    -999     0   0   0   0    -999.000  -999.000
0165   41.01   889.4     20.86     94.9    1110    56    16.89    -14.07     -9.34    11    -0.4    1110     0   0   0   0      17.445   -60.686
0166   41.26  -999.0   -999.00   -999.0    -999    56    16.95    -14.11     -9.38    11  -999.0    -999     0   0   0   0    -999.000  -999.000
0167   41.51   889.9     20.87     94.9    1105    56    17.00    -14.15     -9.42    11    -0.4    1105     0   0   0   0      17.445   -60.686
0168   41.76  -999.0   -999.00   -999.0    -999    56    17.04    -14.18     -9.46    11  -999.0    -999     0   0   0   0    -999.000  -999.000
0169   42.01   890.5     20.89     94.8    1099    56    17.08    -14.20     -9.49    11    -0.4    1099     0   0   0   0      17.445   -60.686
0170   42.26  -999.0   -999.00   -999.0    -999    56    17.11    -14.21     -9.53    11  -999.0    -999     0   0   0   0    -999.000  -999.000
0171   42.51   891.0     20.91     94.7    1094    56    17.14    -14.22     -9.56    11    -0.4    1094     0   0   0   0      17.445   -60.686
0172   42.76  -999.0   -999.00   -999.0    -999    56    17.16    -14.23     -9.59    11  -999.0    -999     0   0   0   0    -999.000  -999.000
0173   43.01   891.6     20.93     94.6    1088    56    17.17    -14.22     -9.63    11    -0.4    1088     0   0   0   0      17.445   -60.686
0174   43.26  -999.0   -999.00   -999.0    -999    56    17.18    -14.21     -9.66    11  -999.0    -999     0   0   0   0    -999.000  -999.000
0175   43.51   892.1     20.95     94.4    1083    56    17.19    -14.20     -9.69    11    -0.4    1083     0   0   0   0      17.445   -60.686
0176   43.76  -999.0   -999.00   -999.0    -999    56    17.19    -14.17     -9.72    11  -999.0    -999     0   0   0   0    -999.000  -999.000
0177   44.01   892.7     20.97     94.3    1078    55    17.18    -14.15     -9.76    11    -0.4    1078     0   0   0   0      17.445   -60.686
0178   44.26  -999.0   -999.00   -999.0    -999    55    17.18    -14.11     -9.79    11  -999.0    -999     0   0   0   0    -999.000  -999.000
0179   44.51   893.2     20.99     94.2    1072    55    17.17    -14.07     -9.83    11    -0.4    1072     0   0   0   0      17.445   -60.686
0180   44.76  -999.0   -999.00   -999.0    -999    55    17.16    -14.03     -9.87    11  -999.0    -999     0   0   0   0    -999.000  -999.000
0181   45.01   893.8     21.02     94.0    1067    55    17.14    -13.99     -9.91    11    -0.4    1067     0   0   0   0      17.444   -60.686
0182   45.26  -999.0   -999.00   -999.0    -999    55    17.13    -13.95     -9.95    11  -999.0    -999     0   0   0   0    -999.000  -999.000
0183   45.51   894.4     21.05     93.9    1061    54    17.12    -13.90     -9.99    11    -0.4    1061     0   0   0   0      17.444   -60.686
0184   45.76  -999.0   -999.00   -999.0    -999    54    17.11    -13.86    -10.03    11  -999.0    -999     0   0   0   0    -999.000  -999.000
0185   46.01   894.9     21.08     93.8    1056    54    17.10    -13.82    -10.07    11    -0.3    1056     0   0   0   0      17.444   -60.686
0186   46.26  -999.0   -999.00   -999.0    -999    54    17.09    -13.78    -10.11    11  -999.0    -999     0   0   0   0    -999.000  -999.000
0187   46.51   895.5     21.12     93.6    1051    54    17.09    -13.74    -10.16    11    -0.3    1051     0   0   0   0      17.444   -60.686
0188   46.76  -999.0   -999.00   -999.0    -999    53    17.09    -13.71    -10.20    11  -999.0    -999     0   0   0   0    -999.000  -999.000
0189   47.01   896.0     21.15     93.4    1046    53    17.09    -13.68    -10.24    11    -0.3    1046     0   0   0   0      17.444   -60.686
0190   47.26  -999.0   -999.00   -999.0    -999    53    17.10    -13.66    -10.29    11  -999.0    -999     0   0   0   0    -999.000  -999.000
0191   47.51   896.5     21.19     93.3    1040    53    17.11    -13.64    -10.33    11    -0.3    1040     0   0   0   0      17.444   -60.686
0192   47.76  -999.0   -999.00   -999.0    -999    53    17.12    -13.62    -10.38    11  -999.0    -999     0   0   0   0    -999.000  -999.000
0193   48.01   897.1     21.22     93.1    1035    53    17.14    -13.61    -10.42    11    -0.3    1035     0   0   0   0      17.444   -60.686
0194   48.26  -999.0   -999.00   -999.0    -999    52    17.16    -13.60    -10.46    11  -999.0    -999     0   0   0   0    -999.000  -999.000
0195   48.51   897.7     21.26     92.9    1030    52    17.19    -13.60    -10.50    11    -0.3    1030     0   0   0   0      17.444   -60.687
0196   48.76  -999.0   -999.00   -999.0    -999    52    17.21    -13.61    -10.54    11  -999.0    -999     0   0   0   0    -999.000  -999.000
0197   49.01   898.2     21.29     92.7    1024    52    17.24    -13.61    -10.57    11    -0.2    1024     0   0   0   0      17.444   -60.687
0198   49.26  -999.0   -999.00   -999.0    -999    52    17.27    -13.63    -10.60    11  -999.0    -999     0   0   0   0    -999.000  -999.000
0199   49.51   898.8     21.32     92.5    1019    52    17.29    -13.64    -10.63    11    -0.1    1019     0   0   0   0      17.444   -60.687
0200   49.76  -999.0   -999.00   -999.0    -999    52    17.32    -13.66    -10.65    11  -999.0    -999     0   0   0   0    -999.000  -999.000
0201   50.01   899.3     21.35     92.3    1013    52    17.34    -13.68    -10.67    11    -0.1    1013     0   0   0   0      17.444   -60.687
0202   50.26  -999.0   -999.00   -999.0    -999    52    17.37    -13.70    -10.68    11  -999.0    -999     0   0   0   0    -999.000  -999.000
0203   50.51   899.9     21.38     92.2    1008  -999  -999.00   -999.00   -999.00    11     0.0    1008     0   0   0   0    -999.000  -999.000
0204   50.76  -999.0   -999.00   -999.0    -999    52    17.41    -13.74    -10.69    11  -999.0    -999     0   0   0   0    -999.000  -999.000
0205   51.01   900.4     21.40     92.0    1003    52    17.42    -13.76    -10.69    11     0.1    1003     0   0   0   0      17.444   -60.687
0206   51.26  -999.0   -999.00   -999.0    -999    52    17.44    -13.78    -10.69    11  -999.0    -999     0   0   0   0    -999.000  -999.000
0207   51.51  -999.0   -999.00   -999.0    -999  -999  -999.00   -999.00   -999.00     0  -999.0    -999     0   0   0   0    -999.000  -999.000
0208   51.76  -999.0   -999.00   -999.0    -999  -999  -999.00   -999.00   -999.00     0  -999.0    -999     0   0   0   0    -999.000  -999.000
0209   52.01  -999.0   -999.00   -999.0    -999  -999  -999.00   -999.00   -999.00     0  -999.0    -999     0   0   0   0    -999.000  -999.000
0210   52.26   901.7     21.46     91.6     991    52    17.46    -13.83    -10.66    11     0.3     991     0   0   0   0      17.444   -60.687
0211   52.51  -999.0   -999.00   -999.0    -999    52    17.46    -13.83    -10.64    11  -999.0    -999     0   0   0   0    -999.000  -999.000
0212   52.76   902.2     21.48     91.5     986    52    17.45    -13.84    -10.63    11     0.3     986     0   0   0   0      17.444   -60.687
0213   53.01  -999.0   -999.00   -999.0    -999    52    17.44    -13.83    -10.62    11  -999.0    -999     0   0   0   0    -999.000  -999.000
0214   53.26   902.7     21.49     91.5     981    53    17.43    -13.83    -10.61    11     0.3     981     0   0   0   0      17.444   -60.687
0215   53.51  -999.0   -999.00   -999.0    -999    53    17.41    -13.82    -10.59    11  -999.0    -999     0   0   0   0    -999.000  -999.000
0216   53.76   903.2     21.51     91.4     976    53    17.40    -13.81    -10.58    11     0.2     976     0   0   0   0      17.444   -60.687
0217   54.01  -999.0   -999.00   -999.0    -999  -999  -999.00   -999.00   -999.00    11  -999.0    -999     0   0   0   0    -999.000  -999.000
0218   54.26   903.7     21.53     91.4     971    53    17.35    -13.78    -10.54    11     0.2     971     0   0   0   0      17.444   -60.687
0219   54.51  -999.0   -999.00   -999.0    -999    53    17.33    -13.77    -10.53    11  -999.0    -999     0   0   0   0    -999.000  -999.000
0220   54.76   904.3     21.55     91.5     965    53    17.30    -13.75    -10.51    11     0.1     965     0   0   0   0      17.444   -60.687
0221   55.01  -999.0   -999.00   -999.0    -999    53    17.28    -13.73    -10.49    11  -999.0    -999     0   0   0   0    -999.000  -999.000
0222   55.26   904.8     21.57     91.6     960    53    17.25    -13.71    -10.47    11     0.1     960     0   0   0   0      17.444   -60.687
0223   55.51  -999.0   -999.00   -999.0    -999    53    17.22    -13.69    -10.45    11  -999.0    -999     0   0   0   0    -999.000  -999.000
0224   55.76   905.4     21.58     91.6     955    53    17.20    -13.67    -10.43    11     0.0     955     0   0   0   0      17.443   -60.687
0225   56.01  -999.0   -999.00   -999.0    -999    53    17.17    -13.65    -10.41    11  -999.0    -999     0   0   0   0    -999.000  -999.000
0226   56.26   905.9     21.60     91.7     950    53    17.15    -13.64    -10.40    11    -0.0     950     0   0   0   0      17.443   -60.688
0227   56.51  -999.0   -999.00   -999.0    -999    53    17.13    -13.63    -10.38    11  -999.0    -999     0   0   0   0    -999.000  -999.000
0228   56.76   906.4     21.62     91.8     945    53    17.12    -13.62    -10.37    11    -0.0     945     0   0   0   0      17.443   -60.688
0229   57.01  -999.0   -999.00   -999.0    -999    53    17.10    -13.61    -10.36    11  -999.0    -999     0   0   0   0    -999.000  -999.000
0230   57.26   907.0     21.64     91.8     940    53    17.09    -13.60    -10.35    11    -0.1     940     0   0   0   0      17.443   -60.688
0231   57.51  -999.0   -999.00   -999.0    -999    53    17.09    -13.60    -10.35    11  -999.0    -999     0   0   0   0    -999.000  -999.000
0232   57.76   907.5     21.67     91.8     934    53    17.08    -13.59    -10.35    11    -0.1     934     0   0   0   0      17.443   -60.688
0233   58.01  -999.0   -999.00   -999.0    -999    53    17.08    -13.59    -10.35    11  -999.0    -999     0   0   0   0    -999.000  -999.000
0234   58.26   908.1     21.69     91.9     929    53    17.08    -13.59    -10.35    11    -0.1     929     0   0   0   0      17.443   -60.688
0235   58.51  -999.0   -999.00   -999.0    -999    53    17.08    -13.59    -10.35    11  -999.0    -999     0   0   0   0    -999.000  -999.000
0236   58.76   908.6     21.71     91.9     924    53    17.08    -13.59    -10.35    11    -0.1     924     0   0   0   0      17.443   -60.688
0237   59.01  -999.0   -999.00   -999.0    -999    53    17.08    -13.58    -10.35    11  -999.0    -999     0   0   0   0    -999.000  -999.000
0238   59.26   909.1     21.73     91.9     919    53    17.07    -13.58    -10.34    11    -0.1     919     0   0   0   0      17.443   -60.688
0239   59.51  -999.0   -999.00   -999.0    -999    53    17.07    -13.57    -10.34    11  -999.0    -999     0   0   0   0    -999.000  -999.000
0240   59.76   909.7     21.76     91.9     914    53    17.06    -13.57    -10.34    11    -0.1     914     0   0   0   0      17.443   -60.688
0241   60.01  -999.0   -999.00   -999.0    -999    53    17.04    -13.56    -10.33    11  -999.0    -999     0   0   0   0    -999.000  -999.000
0242   60.26   910.2     21.78     91.9     908    53    17.03    -13.55    -10.32    11    -0.1     908     0   0   0   0      17.443   -60.688
0243   60.51  -999.0   -999.00   -999.0    -999    53    17.01    -13.53    -10.31    11  -999.0    -999     0   0   0   0    -999.000  -999.000
0244   60.76   910.8     21.80     91.9     903    53    16.99    -13.52    -10.29    11    -0.0     903     0   0   0   0      17.443   -60.688
0245   61.01  -999.0   -999.00   -999.0    -999    53    16.96    -13.50    -10.27    11  -999.0    -999     0   0   0   0    -999.000  -999.000
0246   61.26   911.3     21.82     92.0     898    53    16.93    -13.47    -10.25    11    -0.0     898     0   0   0   0      17.443   -60.688
0247   61.51  -999.0   -999.00   -999.0    -999    53    16.90    -13.45    -10.23    11  -999.0    -999     0   0   0   0    -999.000  -999.000
0248   61.76   911.8     21.85     92.1     893    53    16.86    -13.42    -10.20    11     0.0     893     0   0   0   0      17.443   -60.688
0249   62.01  -999.0   -999.00   -999.0    -999    53    16.82    -13.40    -10.17    11  -999.0    -999     0   0   0   0    -999.000  -999.000
0250   62.26   912.4     21.87     92.1     888    53    16.78    -13.37    -10.14    11     0.0     888     0   0   0   0      17.443   -60.688
0251   62.51  -999.0   -999.00   -999.0    -999    53    16.74    -13.34    -10.11    11  -999.0    -999     0   0   0   0    -999.000  -999.000
0252   62.76   912.9     21.90     92.2     883    53    16.69    -13.30    -10.08    11     0.1     883     0   0   0   0      17.443   -60.688
0253   63.01  -999.0   -999.00   -999.0    -999    53    16.65    -13.27    -10.05    11  -999.0    -999     0   0   0   0    -999.000  -999.000
0254   63.26   913.4     21.92     92.2     877    53    16.60    -13.24    -10.02    11     0.1     877     0   0   0   0      17.443   -60.688
0255   63.51  -999.0   -999.00   -999.0    -999    53    16.56    -13.20     -9.99    11  -999.0    -999     0   0   0   0    -999.000  -999.000
0256   63.76   914.0     21.95     92.3     872    53    16.51    -13.17     -9.96    11     0.1     872     0   0   0   0      17.443   -60.688
0257   64.01  -999.0   -999.00   -999.0    -999    53    16.47    -13.13     -9.94    11  -999.0    -999     0   0   0   0    -999.000  -999.000
0258   64.26   914.5     21.98     92.3     867    53    16.43    -13.10     -9.91    11     0.2     867     0   0   0   0      17.443   -60.689
0259   64.51  -999.0   -999.00   -999.0    -999    53    16.39    -13.07     -9.89    11  -999.0    -999     0   0   0   0    -999.000  -999.000
0260   64.76   915.0     22.00     92.3     862    53    16.35    -13.04     -9.87    11     0.2     862     0   0   0   0      17.443   -60.689
0261   65.01  -999.0   -999.00   -999.0    -999    53    16.32    -13.02     -9.85    11  -999.0    -999     0   0   0   0    -999.000  -999.000
0262   65.26   915.6     22.03     92.3     857    53    16.29    -12.99     -9.83    11     0.2     857     0   0   0   0      17.443   -60.689
0263   65.51  -999.0   -999.00   -999.0    -999    53    16.26    -12.97     -9.81    11  -999.0    -999     0   0   0   0    -999.000  -999.000
0264   65.76   916.1     22.06     92.3     852    53    16.24    -12.95     -9.79    11     0.2     852     0   0   0   0      17.443   -60.689
0265   66.01  -999.0   -999.00   -999.0    -999    53    16.22    -12.94     -9.78    11  -999.0    -999     0   0   0   0    -999.000  -999.000
0266   66.26   916.6     22.09     92.2     847  -999  -999.00   -999.00   -999.00    11     0.2     847     0   0   0   0    -999.000  -999.000
0267   66.51  -999.0   -999.00   -999.0    -999    53    16.18    -12.91     -9.75    11  -999.0    -999     0   0   0   0    -999.000  -999.000
0268   66.76   917.2     22.11     92.2     842    53    16.17    -12.90     -9.74    11     0.2     842     0   0   0   0      17.442   -60.689
0269   67.01  -999.0   -999.00   -999.0    -999    53    16.15    -12.90     -9.72    11  -999.0    -999     0   0   0   0    -999.000  -999.000
0270   67.26   917.7     22.14     92.1     837    53    16.14    -12.89     -9.71    11     0.2     837     0   0   0   0      17.442   -60.689
0271   67.51  -999.0   -999.00   -999.0    -999    53    16.13    -12.89     -9.71    11  -999.0    -999     0   0   0   0    -999.000  -999.000
0272   67.76   918.2     22.17     92.1     832    53    16.13    -12.89     -9.70    11     0.2     832     0   0   0   0      17.442   -60.689
0273   68.01  -999.0   -999.00   -999.0    -999    53    16.12    -12.88     -9.69    11  -999.0    -999     0   0   0   0    -999.000  -999.000
0274   68.26   918.7     22.20     92.0     827    53    16.11    -12.88     -9.68    11     0.2     827     0   0   0   0      17.442   -60.689
0275   68.51  -999.0   -999.00   -999.0    -999    53    16.11    -12.88     -9.67    11  -999.0    -999     0   0   0   0    -999.000  -999.000
0276   68.76   919.3     22.23     92.0     822    53    16.10    -12.88     -9.66    11     0.2     822     0   0   0   0      17.442   -60.689
0277   69.01  -999.0   -999.00   -999.0    -999    53    16.10    -12.88     -9.66    11  -999.0    -999     0   0   0   0    -999.000  -999.000
0278   69.26   919.8     22.26     91.9     817    53    16.09    -12.87     -9.65    11     0.2     817     0   0   0   0      17.442   -60.689
0279   69.51  -999.0   -999.00   -999.0    -999    53    16.08    -12.87     -9.64    11  -999.0    -999     0   0   0   0    -999.000  -999.000
0280   69.76   920.3     22.28     91.9     812    53    16.07    -12.86     -9.63    11     0.2     812     0   0   0   0      17.442   -60.689
0281   70.01  -999.0   -999.00   -999.0    -999    53    16.05    -12.85     -9.62    11  -999.0    -999     0   0   0   0    -999.000  -999.000
0282   70.26   920.8     22.31     91.8     807  -999  -999.00   -999.00   -999.00    11     0.2     807     0   0   0   0    -999.000  -999.000
0283   70.51  -999.0   -999.00   -999.0    -999    53    16.01    -12.82     -9.59    11  -999.0    -999     0   0   0   0    -999.000  -999.000
0284   70.76   921.4     22.34     91.8     802    53    15.99    -12.80     -9.58    11     0.2     802     0   0   0   0      17.442   -60.689
0285   71.01  -999.0   -999.00   -999.0    -999    53    15.96    -12.78     -9.56    11  -999.0    -999     0   0   0   0    -999.000  -999.000
0286   71.26   921.9     22.37     91.7     797    53    15.93    -12.75     -9.55    11     0.2     797     0   0   0   0      17.442   -60.689
0287   71.51  -999.0   -999.00   -999.0    -999    53    15.89    -12.72     -9.53    11  -999.0    -999     0   0   0   0    -999.000  -999.000
0288   71.76   922.4     22.39     91.7     792  -999  -999.00   -999.00   -999.00     0     0.2     792     0   0   0   0    -999.000  -999.000
0289   72.01  -999.0   -999.00   -999.0    -999  -999  -999.00   -999.00   -999.00     0  -999.0    -999     0   0   0   0    -999.000  -999.000
0290   72.26   923.0     22.42     91.7     787    53    15.78    -12.61     -9.49    11     0.3     787     0   0   0   0      17.442   -60.690
0291   72.51  -999.0   -999.00   -999.0    -999    53    15.74    -12.57     -9.48    11  -999.0    -999     0   0   0   0    -999.000  -999.000
0292   72.76   923.5     22.44     91.7     782    53    15.71    -12.53     -9.47    11     0.3     782     0   0   0   0      17.442   -60.690
0293   73.01  -999.0   -999.00   -999.0    -999    53    15.67    -12.49     -9.46    11  -999.0    -999     0   0   0   0    -999.000  -999.000
0294   73.26   924.0     22.46     91.8     777    53    15.64    -12.46     -9.46    11     0.3     777     0   0   0   0      17.442   -60.690
0295   73.51  -999.0   -999.00   -999.0    -999    53    15.62    -12.43     -9.46    11  -999.0    -999     0   0   0   0    -999.000  -999.000
0296   73.76   924.6     22.48     91.8     772    53    15.60    -12.40     -9.46    11     0.3     772     0   0   0   0      17.442   -60.690
0297   74.01  -999.0   -999.00   -999.0    -999    53    15.59    -12.38     -9.47    11  -999.0    -999     0   0   0   0    -999.000  -999.000
0298   74.26   925.1     22.50     91.8     767    53    15.58    -12.37     -9.48    11     0.4     767     0   0   0   0      17.442   -60.690
0299   74.51  -999.0   -999.00   -999.0    -999    52    15.58    -12.36     -9.49    11  -999.0    -999     0   0   0   0    -999.000  -999.000
0300   74.76   925.6     22.52     91.7     762    52    15.59    -12.36     -9.50    11     0.4     762     0   0   0   0      17.442   -60.690
0301   75.01  -999.0   -999.00   -999.0    -999    52    15.60    -12.36     -9.52    11  -999.0    -999     0   0   0   0    -999.000  -999.000
0302   75.26   926.1     22.54     91.7     757    52    15.62    -12.37     -9.54    11     0.4     757     0   0   0   0      17.442   -60.690
0303   75.51  -999.0   -999.00   -999.0    -999    52    15.65    -12.39     -9.56    11  -999.0    -999     0   0   0   0    -999.000  -999.000
0304   75.76   926.6     22.57     91.6     752    52    15.68    -12.41     -9.58    11     0.4     752     0   0   0   0      17.442   -60.690
0305   76.01  -999.0   -999.00   -999.0    -999    52    15.71    -12.44     -9.60    11  -999.0    -999     0   0   0   0    -999.000  -999.000
0306   76.26   927.1     22.59     91.5     747    52    15.75    -12.47     -9.62    11     0.3     747     0   0   0   0      17.442   -60.690
0307   76.51  -999.0   -999.00   -999.0    -999    52    15.80    -12.51     -9.65    11  -999.0    -999     0   0   0   0    -999.000  -999.000
0308   76.76   927.7     22.61     91.3     742    52    15.84    -12.55     -9.67    11     0.3     742     0   0   0   0      17.442   -60.690
0309   77.01  -999.0   -999.00   -999.0    -999    52    15.89    -12.59     -9.70    11  -999.0    -999     0   0   0   0    -999.000  -999.000
0310   77.26   928.2     22.63     91.2     737    52    15.95    -12.64     -9.73    11     0.3     737     0   0   0   0      17.442   -60.690
0311   77.51  -999.0   -999.00   -999.0    -999    52    16.01    -12.68     -9.76    11  -999.0    -999     0   0   0   0    -999.000  -999.000
0312   77.76   928.7     22.66     91.1     732    52    16.06    -12.73     -9.80    11     0.2     732     0   0   0   0      17.441   -60.690
0313   78.01  -999.0   -999.00   -999.0    -999    52    16.13    -12.78     -9.84    11  -999.0    -999     0   0   0   0    -999.000  -999.000
0314   78.26   929.3     22.69     90.9     727    52    16.19    -12.83     -9.87    11     0.2     727     0   0   0   0      17.441   -60.690
0315   78.51  -999.0   -999.00   -999.0    -999    52    16.25    -12.87     -9.92    11  -999.0    -999     0   0   0   0    -999.000  -999.000
0316   78.76   929.8     22.71     90.8     722    52    16.31    -12.92     -9.96    11     0.1     722     0   0   0   0      17.441   -60.690
0317   79.01  -999.0   -999.00   -999.0    -999    52    16.37    -12.96    -10.01    11  -999.0    -999     0   0   0   0    -999.000  -999.000
0318   79.26   930.3     22.74     90.7     717    52    16.43    -13.00    -10.06    11     0.1     717     0   0   0   0      17.441   -60.690
0319   79.51  -999.0   -999.00   -999.0    -999    52    16.49    -13.03    -10.11    11  -999.0    -999     0   0   0   0    -999.000  -999.000
0320   79.76   930.9     22.78     90.5     712    52    16.56    -13.07    -10.16    11     0.0     712     0   0   0   0      17.441   -60.690
0321   80.01  -999.0   -999.00   -999.0    -999    52    16.61    -13.10    -10.22    11  -999.0    -999     0   0   0   0    -999.000  -999.000
0322   80.26   931.4     22.81     90.4     707    52    16.67    -13.13    -10.28    11    -0.0     707     0   0   0   0      17.441   -60.690
0323   80.51  -999.0   -999.00   -999.0    -999    52    16.73    -13.15    -10.33    11  -999.0    -999     0   0   0   0    -999.000  -999.000
0324   80.76   932.0     22.84     90.3     702    52    16.78    -13.17    -10.39    11    -0.1     702     0   0   0   0      17.441   -60.691
0325   81.01  -999.0   -999.00   -999.0    -999    52    16.83    -13.19    -10.45    11  -999.0    -999     0   0   0   0    -999.000  -999.000
0326   81.26   932.5     22.88     90.1     697    51    16.87    -13.20    -10.51    11    -0.1     697     0   0   0   0      17.441   -60.691
0327   81.51  -999.0   -999.00   -999.0    -999    51    16.91    -13.21    -10.56    11  -999.0    -999     0   0   0   0    -999.000  -999.000
0328   81.76   933.1     22.91     90.0     692    51    16.94    -13.21    -10.61    11    -0.1     692     0   0   0   0      17.441   -60.691
0329   82.01  -999.0   -999.00   -999.0    -999    51    16.98    -13.21    -10.66    11  -999.0    -999     0   0   0   0    -999.000  -999.000
0330   82.26   933.6     22.95     89.9     686    51    17.00    -13.22    -10.70    11    -0.1     686     0   0   0   0      17.441   -60.691
0331   82.51  -999.0   -999.00   -999.0    -999    51    17.03    -13.22    -10.74    11  -999.0    -999     0   0   0   0    -999.000  -999.000
0332   82.76   934.2     22.99     89.7     681    51    17.05    -13.22    -10.77    11    -0.1     681     0   0   0   0      17.441   -60.691
0333   83.01  -999.0   -999.00   -999.0    -999    51    17.07    -13.22    -10.80    11  -999.0    -999     0   0   0   0    -999.000  -999.000
0334   83.26   934.7     23.02     89.6     676    51    17.09    -13.23    -10.82    11    -0.1     676     0   0   0   0      17.441   -60.691
0335   83.51  -999.0   -999.00   -999.0    -999    51    17.11    -13.24    -10.84    11  -999.0    -999     0   0   0   0    -999.000  -999.000
0336   83.76   935.3     23.06     89.5     671    51    17.13    -13.26    -10.86    11    -0.1     671     0   0   0   0      17.441   -60.691
0337   84.01  -999.0   -999.00   -999.0    -999    51    17.16    -13.28    -10.87    11  -999.0    -999     0   0   0   0    -999.000  -999.000
0338   84.26   935.8     23.10     89.4     666    51    17.18    -13.30    -10.88    11    -0.1     666     0   0   0   0      17.441   -60.691
0339   84.51  -999.0   -999.00   -999.0    -999    51    17.21    -13.33    -10.88    11  -999.0    -999     0   0   0   0    -999.000  -999.000
0340   84.76   936.4     23.14     89.3     661    51    17.23    -13.36    -10.89    11    -0.1     661     0   0   0   0      17.441   -60.691
0341   85.01  -999.0   -999.00   -999.0    -999    51    17.26    -13.39    -10.89    11  -999.0    -999     0   0   0   0    -999.000  -999.000
0342   85.26   936.9     23.18     89.2     656    51    17.30    -13.43    -10.90    11    -0.1     656     0   0   0   0      17.441   -60.691
0343   85.51  -999.0   -999.00   -999.0    -999    51    17.33    -13.47    -10.90    11  -999.0    -999     0   0   0   0    -999.000  -999.000
0344   85.76   937.4     23.22     89.1     651    51    17.36    -13.52    -10.90    11    -0.1     651     0   0   0   0      17.441   -60.691
0345   86.01  -999.0   -999.00   -999.0    -999    51    17.40    -13.56    -10.90    11  -999.0    -999     0   0   0   0    -999.000  -999.000
0346   86.26   938.0     23.25     89.0     646    51    17.43    -13.60    -10.90    11    -0.1     646     0   0   0   0      17.441   -60.691
0347   86.51  -999.0   -999.00   -999.0    -999    51    17.46    -13.65    -10.90    11  -999.0    -999     0   0   0   0    -999.000  -999.000
0348   86.76   938.6     23.29     89.0     640    51    17.49    -13.69    -10.89    11    -0.2     640     0   0   0   0      17.441   -60.691
0349   87.01  -999.0   -999.00   -999.0    -999    52    17.52    -13.73    -10.89    11  -999.0    -999     0   0   0   0    -999.000  -999.000
0350   87.26   939.1     23.32     88.9     635    52    17.54    -13.76    -10.88    11    -0.2     635     0   0   0   0      17.441   -60.691
0351   87.51  -999.0   -999.00   -999.0    -999    52    17.55    -13.79    -10.87    11  -999.0    -999     0   0   0   0    -999.000  -999.000
0352   87.76   939.7     23.36     88.9     630    52    17.56    -13.81    -10.85    11    -0.2     630     0   0   0   0      17.441   -60.691
0353   88.01  -999.0   -999.00   -999.0    -999    52    17.56    -13.82    -10.83    11  -999.0    -999     0   0   0   0    -999.000  -999.000
0354   88.26   940.2     23.39     88.9     625    52    17.56    -13.83    -10.81    11    -0.2     625     0   0   0   0      17.440   -60.691
0355   88.51  -999.0   -999.00   -999.0    -999    52    17.55    -13.83    -10.79    11  -999.0    -999     0   0   0   0    -999.000  -999.000
0356   88.76   940.8     23.42     88.9     620    52    17.53    -13.83    -10.77    11    -0.1     620     0   0   0   0      17.440   -60.692
0357   89.01  -999.0   -999.00   -999.0    -999    52    17.50    -13.81    -10.74    11  -999.0    -999     0   0   0   0    -999.000  -999.000
0358   89.26   941.3     23.44     89.0     614    52    17.47    -13.79    -10.72    11    -0.1     614     0   0   0   0      17.440   -60.692
0359   89.51  -999.0   -999.00   -999.0    -999    52    17.43    -13.76    -10.69    11  -999.0    -999     0   0   0   0    -999.000  -999.000
0360   89.76   941.9     23.47     89.1     609    52    17.38    -13.73    -10.66    11    -0.1     609     0   0   0   0      17.440   -60.692
0361   90.01  -999.0   -999.00   -999.0    -999    52    17.33    -13.68    -10.64    11  -999.0    -999     0   0   0   0    -999.000  -999.000
0362   90.26   942.4     23.49     89.3     604  -999  -999.00   -999.00   -999.00    11    -0.0     604     0   0   0   0    -999.000  -999.000
0363   90.51  -999.0   -999.00   -999.0    -999    52    17.21    -13.58    -10.58    11  -999.0    -999     0   0   0   0    -999.000  -999.000
0364   90.76   943.0     23.50     89.7     599    52    17.14    -13.51    -10.55    11     0.0     599     0   0   0   0      17.440   -60.692
0365   91.01  -999.0   -999.00   -999.0    -999    52    17.07    -13.44    -10.53    11  -999.0    -999     0   0   0   0    -999.000  -999.000
0366   91.26   943.5     23.52     90.2     594    52    16.99    -13.36    -10.50    11     0.1     594     0   0   0   0      17.440   -60.692
0367   91.51  -999.0   -999.00   -999.0    -999    52    16.91    -13.27    -10.47    11  -999.0    -999     0   0   0   0    -999.000  -999.000
0368   91.76   944.0     23.53     90.8     589    52    16.82    -13.18    -10.45    11     0.2     589     0   0   0   0      17.440   -60.692
0369   92.01  -999.0   -999.00   -999.0    -999    51    16.72    -13.08    -10.42    11  -999.0    -999     0   0   0   0    -999.000  -999.000
0370   92.26   944.6     23.54     91.5     584    51    16.63    -12.97    -10.40    11     0.3     584     0   0   0   0      17.440   -60.692
0371   92.51  -999.0   -999.00   -999.0    -999    51    16.53    -12.86    -10.38    11  -999.0    -999     0   0   0   0    -999.000  -999.000
0372   92.76   945.1     23.54     92.2     579    51    16.42    -12.75    -10.35    11     0.4     579     0   0   0   0      17.440   -60.692
0373   93.01  -999.0   -999.00   -999.0    -999    51    16.31    -12.63    -10.33    11  -999.0    -999     0   0   0   0    -999.000  -999.000
0374   93.26   945.6     23.55     92.9     574    51    16.20    -12.51    -10.30    11     0.6     574     0   0   0   0      17.440   -60.692
0375   93.51  -999.0   -999.00   -999.0    -999    50    16.09    -12.39    -10.27    11  -999.0    -999     0   0   0   0    -999.000  -999.000
0376   93.76   946.2     23.55     93.5     569    50    15.98    -12.27    -10.24    11     0.7     569     0   0   0   0      17.440   -60.692
0377   94.01  -999.0   -999.00   -999.0    -999    50    15.87    -12.15    -10.20    11  -999.0    -999     0   0   0   0    -999.000  -999.000
0378   94.26   946.7     23.56     93.9     565    50    15.75    -12.03    -10.16    11     0.9     565     0   0   0   0      17.440   -60.692
0379   94.51  -999.0   -999.00   -999.0    -999    50    15.64    -11.92    -10.12    11  -999.0    -999     0   0   0   0    -999.000  -999.000
0380   94.76   947.2     23.57     94.3     560  -999  -999.00   -999.00   -999.00    11     1.0     560     0   0   0   0    -999.000  -999.000
0381   95.01  -999.0   -999.00   -999.0    -999    50    15.41    -11.73    -10.00    11  -999.0    -999     0   0   0   0    -999.000  -999.000
0382   95.26   947.6     23.59     94.5     556    50    15.31    -11.64     -9.94    11     1.1     556     0   0   0   0      17.440   -60.692
0383   95.51  -999.0   -999.00   -999.0    -999    50    15.20    -11.57     -9.87    11  -999.0    -999     0   0   0   0    -999.000  -999.000
0384   95.76   948.1     23.60     94.6     551    50    15.11    -11.50     -9.79    11     1.2     551     0   0   0   0      17.440   -60.692
0385   96.01  -999.0   -999.00   -999.0    -999    50    15.02    -11.45     -9.72    11  -999.0    -999     0   0   0   0    -999.000  -999.000
0386   96.26   948.6     23.62     94.6     547    50    14.94    -11.42     -9.64    11     1.3     547     0   0   0   0      17.440   -60.692
0387   96.51  -999.0   -999.00   -999.0    -999    50    14.88    -11.39     -9.57    11  -999.0    -999     0   0   0   0    -999.000  -999.000
0388   96.76   949.1     23.65     94.6     543    50    14.82    -11.38     -9.50    11     1.3     543     0   0   0   0      17.440   -60.693
0389   97.01  -999.0   -999.00   -999.0    -999    50    14.78    -11.38     -9.44    11  -999.0    -999     0   0   0   0    -999.000  -999.000
0390   97.26   949.5     23.67     94.4     538    51    14.75    -11.38     -9.38    11     1.3     538     0   0   0   0      17.440   -60.693
0391   97.51  -999.0   -999.00   -999.0    -999    51    14.74    -11.40     -9.34    11  -999.0    -999     0   0   0   0    -999.000  -999.000
0392   97.76   950.0     23.70     94.3     534    51    14.73    -11.42     -9.31    11     1.3     534     0   0   0   0      17.440   -60.693
0393   98.01  -999.0   -999.00   -999.0    -999    51    14.74    -11.45     -9.28    11  -999.0    -999     0   0   0   0    -999.000  -999.000
0394   98.26   950.5     23.74     94.1     529    51    14.76    -11.49     -9.27    11     1.3     529     0   0   0   0      17.440   -60.693
0395   98.51  -999.0   -999.00   -999.0    -999    51    14.80    -11.53     -9.28    11  -999.0    -999     0   0   0   0    -999.000  -999.000
0396   98.76   951.0     23.77     93.8     525    51    14.84    -11.57     -9.30    11     1.3     525     0   0   0   0      17.440   -60.693
0397   99.01  -999.0   -999.00   -999.0    -999    51    14.89    -11.61     -9.32    11  -999.0    -999     0   0   0   0    -999.000  -999.000
0398   99.26   951.5     23.80     93.6     520    51    14.95    -11.65     -9.36    11     1.2     520     0   0   0   0      17.439   -60.693
0399   99.51  -999.0   -999.00   -999.0    -999    51    15.01    -11.69     -9.41    11  -999.0    -999     0   0   0   0    -999.000  -999.000
0400   99.76   951.9     23.84     93.4     516    51    15.08    -11.73     -9.47    11     1.2     516     0   0   0   0      17.439   -60.693
0401  100.01  -999.0   -999.00   -999.0    -999    51    15.14    -11.77     -9.53    11  -999.0    -999     0   0   0   0    -999.000  -999.000
0402  100.26   952.4     23.88     93.2     511    51    15.20    -11.79     -9.60    11     1.2     511     0   0   0   0      17.439   -60.693
0403  100.51  -999.0   -999.00   -999.0    -999    51    15.26    -11.81     -9.67    11  -999.0    -999     0   0   0   0    -999.000  -999.000
0404  100.76   952.9     23.92     93.1     507    51    15.31    -11.82     -9.73    11     1.2     507     0   0   0   0      17.439   -60.693
0405  101.01  -999.0   -999.00   -999.0    -999    50    15.35    -11.83     -9.79    11  -999.0    -999     0   0   0   0    -999.000  -999.000
0406  101.26   953.4     23.95     93.0     503    50    15.39    -11.82     -9.85    11     1.1     503     0   0   0   0      17.439   -60.693
0407  101.51  -999.0   -999.00   -999.0    -999    50    15.41    -11.81     -9.90    11  -999.0    -999     0   0   0   0    -999.000  -999.000
0408  101.76   953.9     23.99     93.0     498    50    15.43    -11.79     -9.95    11     1.1     498     0   0   0   0      17.439   -60.693
0409  102.01  -999.0   -999.00   -999.0    -999    50    15.43    -11.76    -10.00    11  -999.0    -999     0   0   0   0    -999.000  -999.000
0410  102.26   954.4     24.03     93.1     494    49    15.43    -11.72    -10.04    11     1.1     494     0   0   0   0      17.439   -60.693
0411  102.51  -999.0   -999.00   -999.0    -999    49    15.43    -11.68    -10.07    11  -999.0    -999     0   0   0   0    -999.000  -999.000
0412  102.76   954.9     24.06     93.3     489    49    15.41    -11.63    -10.11    11     1.0     489     0   0   0   0      17.439   -60.693
0413  103.01  -999.0   -999.00   -999.0    -999    49    15.39    -11.58    -10.14    11  -999.0    -999     0   0   0   0    -999.000  -999.000
0414  103.26   955.3     24.09     93.5     485    49    15.36    -11.52    -10.16    11     1.0     485     0   0   0   0      17.439   -60.693
0415  103.51  -999.0   -999.00   -999.0    -999    48    15.33    -11.46    -10.19    11  -999.0    -999     0   0   0   0    -999.000  -999.000
0416  103.76   955.8     24.12     93.8     480    48    15.30    -11.39    -10.21    11     0.9     480     0   0   0   0      17.439   -60.693
0417  104.01  -999.0   -999.00   -999.0    -999    48    15.26    -11.32    -10.23    11  -999.0    -999     0   0   0   0    -999.000  -999.000
0418  104.26   956.3     24.15     94.1     475    48    15.22    -11.25    -10.25    11     0.9     475     0   0   0   0      17.439   -60.693
0419  104.51  -999.0   -999.00   -999.0    -999    47    15.18    -11.18    -10.27    11  -999.0    -999     0   0   0   0    -999.000  -999.000
0420  104.76   956.8     24.18     94.3     471    47    15.14    -11.11    -10.29    11     0.8     471     0   0   0   0      17.439   -60.693
0421  105.01  -999.0   -999.00   -999.0    -999    47    15.11    -11.05    -10.31    11  -999.0    -999     0   0   0   0    -999.000  -999.000
0422  105.26   957.4     24.20     94.5     466    47    15.07    -10.98    -10.32    11     0.8     466     0   0   0   0      17.439   -60.693
0423  105.51  -999.0   -999.00   -999.0    -999    47    15.04    -10.92    -10.34    11  -999.0    -999     0   0   0   0    -999.000  -999.000
0424  105.76   957.9     24.23     94.7     461    46    15.01    -10.86    -10.36    11     0.8     461     0   0   0   0      17.439   -60.693
0425  106.01  -999.0   -999.00   -999.0    -999    46    14.98    -10.81    -10.37    11  -999.0    -999     0   0   0   0    -999.000  -999.000
0426  106.26   958.4     24.26     94.8     457    46    14.95    -10.76    -10.39    11     0.7     457     0   0   0   0      17.439   -60.694
0427  106.51  -999.0   -999.00   -999.0    -999    46    14.93    -10.71    -10.40    11  -999.0    -999     0   0   0   0    -999.000  -999.000
0428  106.76   958.9     24.29     94.9     452    46    14.90    -10.66    -10.41    11     0.7     452     0   0   0   0      17.439   -60.694
0429  107.01  -999.0   -999.00   -999.0    -999    46    14.87    -10.61    -10.42    11  -999.0    -999     0   0   0   0    -999.000  -999.000
0430  107.26   959.4     24.32     94.9     447    45    14.85    -10.57    -10.43    11     0.7     447     0   0   0   0      17.439   -60.694
0431  107.51  -999.0   -999.00   -999.0    -999    45    14.82    -10.52    -10.43    11  -999.0    -999     0   0   0   0    -999.000  -999.000
0432  107.76   959.9     24.35     95.0     443    45    14.79    -10.48    -10.43    11     0.7     443     0   0   0   0      17.439   -60.694
0433  108.01  -999.0   -999.00   -999.0    -999    45    14.76    -10.44    -10.43    11  -999.0    -999     0   0   0   0    -999.000  -999.000
0434  108.26   960.4     24.38     95.0     438    45    14.73    -10.41    -10.42    11     0.7     438     0   0   0   0      17.439   -60.694
0435  108.51  -999.0   -999.00   -999.0    -999    45    14.69    -10.37    -10.41    11  -999.0    -999     0   0   0   0    -999.000  -999.000
0436  108.76   960.9     24.41     95.0     433    45    14.66    -10.33    -10.40    11     0.7     433     0   0   0   0      17.439   -60.694
0437  109.01  -999.0   -999.00   -999.0    -999    45    14.63    -10.30    -10.39    11  -999.0    -999     0   0   0   0    -999.000  -999.000
0438  109.26   961.4     24.45     94.9     429    45    14.60    -10.27    -10.38    11     0.7     429     0   0   0   0      17.439   -60.694
0439  109.51  -999.0   -999.00   -999.0    -999    45    14.57    -10.23    -10.37    11  -999.0    -999     0   0   0   0    -999.000  -999.000
0440  109.76   961.9     24.48     94.9     424    45    14.54    -10.20    -10.36    11     0.6     424     0   0   0   0      17.439   -60.694
0441  110.01  -999.0   -999.00   -999.0    -999    44    14.51    -10.17    -10.36    11  -999.0    -999     0   0   0   0    -999.000  -999.000
0442  110.26   962.5     24.52     94.8     419    44    14.49    -10.13    -10.35    11     0.6     419     0   0   0   0      17.438   -60.694
0443  110.51  -999.0   -999.00   -999.0    -999    44    14.46    -10.10    -10.35    11  -999.0    -999     0   0   0   0    -999.000  -999.000
0444  110.76   963.0     24.55     94.8     414    44    14.44    -10.07    -10.35    11     0.6     414     0   0   0   0      17.438   -60.694
0445  111.01  -999.0   -999.00   -999.0    -999    44    14.42    -10.04    -10.36    11  -999.0    -999     0   0   0   0    -999.000  -999.000
0446  111.26   963.5     24.59     94.7     410    44    14.41    -10.01    -10.36    11     0.5     410     0   0   0   0      17.438   -60.694
0447  111.51  -999.0   -999.00   -999.0    -999    44    14.40     -9.99    -10.37    11  -999.0    -999     0   0   0   0    -999.000  -999.000
0448  111.76   964.0     24.63     94.5     405    44    14.39     -9.97    -10.38    11     0.5     405     0   0   0   0      17.438   -60.694
0449  112.01  -999.0   -999.00   -999.0    -999    44    14.38     -9.95    -10.38    11  -999.0    -999     0   0   0   0    -999.000  -999.000
0450  112.26   964.5     24.67     94.3     400    44    14.38     -9.94    -10.39    11     0.4     400     0   0   0   0      17.438   -60.694
0451  112.51  -999.0   -999.00   -999.0    -999    44    14.37     -9.93    -10.40    11  -999.0    -999     0   0   0   0    -999.000  -999.000
0452  112.76   965.1     24.71     94.2     395    44    14.37     -9.92    -10.40    11     0.4     395     0   0   0   0      17.438   -60.694
0453  113.01  -999.0   -999.00   -999.0    -999    44    14.37     -9.91    -10.40    11  -999.0    -999     0   0   0   0    -999.000  -999.000
0454  113.26   965.6     24.76     94.0     390    44    14.37     -9.90    -10.41    11     0.4     390     0   0   0   0      17.438   -60.694
0455  113.51  -999.0   -999.00   -999.0    -999    44    14.37     -9.90    -10.41    11  -999.0    -999     0   0   0   0    -999.000  -999.000
0456  113.76   966.1     24.80     93.7     386    44    14.36     -9.89    -10.41    11     0.3     386     0   0   0   0      17.438   -60.694
0457  114.01  -999.0   -999.00   -999.0    -999    44    14.36     -9.89    -10.42    11  -999.0    -999     0   0   0   0    -999.000  -999.000
0458  114.26   966.7     24.85     93.5     381    43    14.36     -9.88    -10.42    11     0.3     381     0   0   0   0      17.438   -60.694
0459  114.51  -999.0   -999.00   -999.0    -999    43    14.35     -9.87    -10.42    11  -999.0    -999     0   0   0   0    -999.000  -999.000
0460  114.76   967.2     24.89     93.3     376    43    14.34     -9.85    -10.42    11     0.3     376     0   0   0   0      17.438   -60.694
0461  115.01  -999.0   -999.00   -999.0    -999    43    14.33     -9.84    -10.42    11  -999.0    -999     0   0   0   0    -999.000  -999.000
0462  115.26   967.7     24.94     93.0     371    43    14.31     -9.82    -10.42    11     0.3     371     0   0   0   0      17.438   -60.694
0463  115.51  -999.0   -999.00   -999.0    -999    43    14.30     -9.79    -10.42    11  -999.0    -999     0   0   0   0    -999.000  -999.000
0464  115.76   968.3     24.98     92.7     366    43    14.28     -9.76    -10.42    11     0.2     366     0   0   0   0      17.438   -60.694
0465  116.01  -999.0   -999.00   -999.0    -999    43    14.26     -9.73    -10.42    11  -999.0    -999     0   0   0   0    -999.000  -999.000
0466  116.26   968.8     25.03     92.5     361    43    14.24     -9.69    -10.43    11     0.2     361     0   0   0   0      17.438   -60.694
0467  116.51  -999.0   -999.00   -999.0    -999    43    14.21     -9.65    -10.43    11  -999.0    -999     0   0   0   0    -999.000  -999.000
0468  116.76   969.4     25.08     92.1     356    43    14.18     -9.61    -10.44    11     0.2     356     0   0   0   0      17.438   -60.695
0469  117.01  -999.0   -999.00   -999.0    -999    42    14.15     -9.56    -10.44    11  -999.0    -999     0   0   0   0    -999.000  -999.000
0470  117.26   969.9     25.13     91.8     351    42    14.12     -9.51    -10.44    11     0.2     351     0   0   0   0      17.438   -60.695
0471  117.51  -999.0   -999.00   -999.0    -999    42    14.09     -9.46    -10.45    11  -999.0    -999     0   0   0   0    -999.000  -999.000
0472  117.76   970.4     25.18     91.5     346    42    14.06     -9.40    -10.44    11     0.3     346     0   0   0   0      17.438   -60.695
0473  118.01  -999.0   -999.00   -999.0    -999    42    14.02     -9.35    -10.44    11  -999.0    -999     0   0   0   0    -999.000  -999.000
0474  118.26   971.0     25.23     91.3     341    42    13.98     -9.30    -10.43    11     0.3     341     0   0   0   0      17.438   -60.695
0475  118.51  -999.0   -999.00   -999.0    -999    42    13.94     -9.26    -10.42    11  -999.0    -999     0   0   0   0    -999.000  -999.000
0476  118.76   971.5     25.28     91.0     337    42    13.89     -9.21    -10.40    11     0.3     337     0   0   0   0      17.438   -60.695
0477  119.01  -999.0   -999.00   -999.0    -999    41    13.85     -9.17    -10.37    11  -999.0    -999     0   0   0   0    -999.000  -999.000
0478  119.26   972.0     25.33     90.8     332    41    13.80     -9.13    -10.34    11     0.3     332     0   0   0   0      17.438   -60.695
0479  119.51  -999.0   -999.00   -999.0    -999    41    13.74     -9.10    -10.30    11  -999.0    -999     0   0   0   0    -999.000  -999.000
0480  119.76   972.6     25.38     90.7     327    41    13.69     -9.06    -10.26    11     0.3     327     0   0   0   0      17.438   -60.695
0481  120.01  -999.0   -999.00   -999.0    -999    41    13.63     -9.03    -10.21    11  -999.0    -999     0   0   0   0    -999.000  -999.000
0482  120.26   973.1     25.42     90.6     322    42    13.56     -8.99    -10.15    11     0.2     322     0   0   0   0      17.438   -60.695
0483  120.51  -999.0   -999.00   -999.0    -999    42    13.50     -8.96    -10.10    11  -999.0    -999     0   0   0   0    -999.000  -999.000
0484  120.76   973.6     25.47     90.5     317    42    13.43     -8.93    -10.04    11     0.2     317     0   0   0   0      17.437   -60.695
0485  121.01  -999.0   -999.00   -999.0    -999    42    13.37     -8.90     -9.98    11  -999.0    -999     0   0   0   0    -999.000  -999.000
0486  121.26   974.2     25.51     90.5     312    42    13.31     -8.86     -9.92    11     0.2     312     0   0   0   0      17.437   -60.695
0487  121.51  -999.0   -999.00   -999.0    -999    42    13.25     -8.84     -9.87    11  -999.0    -999     0   0   0   0    -999.000  -999.000
0488  121.76   974.7     25.55     90.4     307    42    13.19     -8.81     -9.82    11     0.2     307     0   0   0   0      17.437   -60.695
0489  122.01  -999.0   -999.00   -999.0    -999    42    13.14     -8.78     -9.77    11  -999.0    -999     0   0   0   0    -999.000  -999.000
0490  122.26   975.3     25.59     90.4     302    42    13.09     -8.76     -9.73    11     0.1     302     0   0   0   0      17.437   -60.695
0491  122.51  -999.0   -999.00   -999.0    -999    42    13.05     -8.74     -9.70    11  -999.0    -999     0   0   0   0    -999.000  -999.000
0492  122.76   975.8     25.63     90.3     297    42    13.02     -8.72     -9.67    11     0.1     297     0   0   0   0      17.437   -60.695
0493  123.01  -999.0   -999.00   -999.0    -999    42    12.99     -8.71     -9.64    11  -999.0    -999     0   0   0   0    -999.000  -999.000
0494  123.26   976.4     25.67     90.2     292    42    12.97     -8.70     -9.62    11     0.1     292     0   0   0   0      17.437   -60.695
0495  123.51  -999.0   -999.00   -999.0    -999    42    12.95     -8.69     -9.61    11  -999.0    -999     0   0   0   0    -999.000  -999.000
0496  123.76   976.9     25.71     90.1     287    42    12.94     -8.68     -9.60    11     0.1     287     0   0   0   0      17.437   -60.695
0497  124.01  -999.0   -999.00   -999.0    -999    42    12.93     -8.67     -9.59    11  -999.0    -999     0   0   0   0    -999.000  -999.000
0498  124.26   977.5     25.76     90.0     282    42    12.92     -8.66     -9.59    11     0.1     282     0   0   0   0      17.437   -60.695
0499  124.51  -999.0   -999.00   -999.0    -999    42    12.92     -8.66     -9.59    11  -999.0    -999     0   0   0   0    -999.000  -999.000
0500  124.76   978.0     25.80     89.9     277    42    12.92     -8.65     -9.59    11     0.1     277     0   0   0   0      17.437   -60.695
0501  125.01  -999.0   -999.00   -999.0    -999    42    12.92     -8.64     -9.60    11  -999.0    -999     0   0   0   0    -999.000  -999.000
0502  125.26   978.6     25.84     89.7     273    42    12.93     -8.64     -9.62    11     0.1     273     0   0   0   0      17.437   -60.695
0503  125.51  -999.0   -999.00   -999.0    -999    42    12.94     -8.63     -9.63    11  -999.0    -999     0   0   0   0    -999.000  -999.000
0504  125.76   979.1     25.89     89.6     268    42    12.95     -8.63     -9.65    11     0.1     268     0   0   0   0      17.437   -60.695
0505  126.01  -999.0   -999.00   -999.0    -999    42    12.96     -8.62     -9.68    11  -999.0    -999     0   0   0   0    -999.000  -999.000
0506  126.26   979.7     25.93     89.4     263    42    12.98     -8.62     -9.70    11     0.1     263     0   0   0   0      17.437   -60.695
0507  126.51  -999.0   -999.00   -999.0    -999    42    12.99     -8.61     -9.73    11  -999.0    -999     0   0   0   0    -999.000  -999.000
0508  126.76   980.2     25.97     89.3     258    41    13.01     -8.60     -9.76    10     0.1     258     0   0   0   0      17.437   -60.695
0509  127.01  -999.0   -999.00   -999.0    -999    41    13.03     -8.59     -9.79    10  -999.0    -999     0   0   0   0    -999.000  -999.000
0510  127.26   980.8     26.02     89.1     253    41    13.04     -8.58     -9.82    10     0.2     253     0   0   0   0      17.437   -60.695
0511  127.51  -999.0   -999.00   -999.0    -999    41    13.06     -8.57     -9.86    10  -999.0    -999     0   0   0   0    -999.000  -999.000
0512  127.76   981.3     26.06     88.9     248    41    13.08     -8.56     -9.89    10     0.2     248     0   0   0   0      17.437   -60.695
0513  128.01  -999.0   -999.00   -999.0    -999    41    13.10     -8.54     -9.93    10  -999.0    -999     0   0   0   0    -999.000  -999.000
0514  128.26   981.8     26.10     88.8     243    41    13.11     -8.53     -9.96    11     0.2     243     0   0   0   0      17.437   -60.696
0515  128.51  -999.0   -999.00   -999.0    -999    40    13.14     -8.52    -10.00    11  -999.0    -999     0   0   0   0    -999.000  -999.000
0516  128.76   982.4     26.15     88.6     238    40    13.16     -8.51    -10.04    11     0.2     238     0   0   0   0      17.437   -60.696
0517  129.01  -999.0   -999.00   -999.0    -999    40    13.18     -8.50    -10.08    11  -999.0    -999     0   0   0   0    -999.000  -999.000
0518  129.26   982.9     26.19     88.4     233    40    13.21     -8.50    -10.12    11     0.2     233     0   0   0   0      17.437   -60.696
0519  129.51  -999.0   -999.00   -999.0    -999    40    13.24     -8.50    -10.15    11  -999.0    -999     0   0   0   0    -999.000  -999.000
0520  129.76   983.5     26.23     88.3     228    40    13.27     -8.50    -10.19    11     0.1     228     0   0   0   0      17.437   -60.696
0521  130.01  -999.0   -999.00   -999.0    -999    40    13.30     -8.50    -10.22    11  -999.0    -999     0   0   0   0    -999.000  -999.000
0522  130.26   984.0     26.28     88.1     223    40    13.33     -8.51    -10.25    11     0.1     223     0   0   0   0      17.437   -60.696
0523  130.51  -999.0   -999.00   -999.0    -999    40    13.35     -8.53    -10.27    11  -999.0    -999     0   0   0   0    -999.000  -999.000
0524  130.76   984.6     26.32     88.0     218    40    13.37     -8.55    -10.29    11     0.1     218     0   0   0   0      17.437   -60.696
0525  131.01  -999.0   -999.00   -999.0    -999    40    13.39     -8.57    -10.29    11  -999.0    -999     0   0   0   0    -999.000  -999.000
0526  131.26   985.1     26.36     87.8     213    40    13.41     -8.59    -10.30    11     0.0     213     0   0   0   0      17.437   -60.696
0527  131.51  -999.0   -999.00   -999.0    -999    40    13.42     -8.61    -10.29    11  -999.0    -999     0   0   0   0    -999.000  -999.000
0528  131.76   985.7     26.41     87.7     208    40    13.42     -8.63    -10.28    11    -0.0     208     0   0   0   0      17.437   -60.696
0529  132.01  -999.0   -999.00   -999.0    -999    40    13.42     -8.65    -10.26    10  -999.0    -999     0   0   0   0    -999.000  -999.000
0530  132.26   986.2     26.45     87.6     203    40    13.42     -8.67    -10.25    11    -0.1     203     0   0   0   0      17.436   -60.696
0531  132.51  -999.0   -999.00   -999.0    -999    40    13.42     -8.68    -10.23    11  -999.0    -999     0   0   0   0    -999.000  -999.000
0532  132.76   986.8     26.50     87.4     198    40    13.41     -8.69    -10.21    11    -0.1     198     0   0   0   0      17.436   -60.696
0533  133.01  -999.0   -999.00   -999.0    -999    40    13.40     -8.69    -10.20    10  -999.0    -999     0   0   0   0    -999.000  -999.000
0534  133.26   987.4     26.55     87.2     193    40    13.39     -8.70    -10.18    10    -0.1     193     0   0   0   0      17.436   -60.696
0535  133.51  -999.0   -999.00   -999.0    -999    41    13.38     -8.69    -10.17    10  -999.0    -999     0   0   0   0    -999.000  -999.000
0536  133.76   987.9     26.59     87.1     188    41    13.37     -8.69    -10.16    10    -0.2     188     0   0   0   0      17.436   -60.696
0537  134.01  -999.0   -999.00   -999.0    -999    41    13.36     -8.68    -10.15    10  -999.0    -999     0   0   0   0    -999.000  -999.000
0538  134.26   988.5     26.64     86.9     183    41    13.34     -8.67    -10.15    10    -0.2     183     0   0   0   0      17.436   -60.696
0539  134.51  -999.0   -999.00   -999.0    -999    40    13.33     -8.65    -10.14    11  -999.0    -999     0   0   0   0    -999.000  -999.000
0540  134.76   989.0     26.69     86.7     178    40    13.31     -8.63    -10.13    11    -0.2     178     0   0   0   0      17.436   -60.696
0541  135.01  -999.0   -999.00   -999.0    -999    40    13.30     -8.62    -10.13    11  -999.0    -999     0   0   0   0    -999.000  -999.000
0542  135.26   989.6     26.73     86.5     173    40    13.28     -8.60    -10.12    11    -0.2     173     0   0   0   0      17.436   -60.696
0543  135.51  -999.0   -999.00   -999.0    -999    40    13.26     -8.57    -10.11    11  -999.0    -999     0   0   0   0    -999.000  -999.000
0544  135.76   990.2     26.78     86.3     168    40    13.24     -8.55    -10.11    11    -0.2     168     0   0   0   0      17.436   -60.696
0545  136.01  -999.0   -999.00   -999.0    -999    40    13.22     -8.53    -10.10    11  -999.0    -999     0   0   0   0    -999.000  -999.000
0546  136.26   990.7     26.83     86.1     163    40    13.19     -8.50    -10.08    11    -0.1     163     0   0   0   0      17.436   -60.696
0547  136.51  -999.0   -999.00   -999.0    -999    40    13.16     -8.48    -10.07    11  -999.0    -999     0   0   0   0    -999.000  -999.000
0548  136.76   991.3     26.88     85.9     158    40    13.13     -8.45    -10.06    11    -0.1     158     0   0   0   0      17.436   -60.696
0549  137.01  -999.0   -999.00   -999.0    -999    40    13.10     -8.42    -10.04    11  -999.0    -999     0   0   0   0    -999.000  -999.000
0550  137.26   991.9     26.92     85.8     153    40    13.07     -8.39    -10.02    11    -0.1     153     0   0   0   0      17.436   -60.696
0551  137.51  -999.0   -999.00   -999.0    -999    40    13.03     -8.36     -9.99    11  -999.0    -999     0   0   0   0    -999.000  -999.000
0552  137.76   992.4     26.97     85.6     148    40    12.99     -8.33     -9.97    11    -0.1     148     0   0   0   0      17.436   -60.696
0553  138.01  -999.0   -999.00   -999.0    -999    40    12.94     -8.29     -9.94    11  -999.0    -999     0   0   0   0    -999.000  -999.000
0554  138.26   993.0     27.02     85.4     143    40    12.89     -8.25     -9.90    11    -0.1     143     0   0   0   0      17.436   -60.696
0555  138.51  -999.0   -999.00   -999.0    -999    40    12.84     -8.22     -9.86    11  -999.0    -999     0   0   0   0    -999.000  -999.000
0556  138.76   993.6     27.06     85.2     138    40    12.78     -8.18     -9.82    11    -0.1     138     0   0   0   0      17.436   -60.696
0557  139.01  -999.0   -999.00   -999.0    -999    40    12.72     -8.15     -9.77    11  -999.0    -999     0   0   0   0    -999.000  -999.000
0558  139.26   994.1     27.11     85.1     133    40    12.66     -8.12     -9.72    11    -0.1     133     0   0   0   0      17.436   -60.696
0559  139.51  -999.0   -999.00   -999.0    -999    40    12.61     -8.09     -9.67    11  -999.0    -999     0   0   0   0    -999.000  -999.000
0560  139.76   994.7     27.16     85.0     128    40    12.55     -8.07     -9.61    11    -0.1     128     0   0   0   0      17.436   -60.696
0561  140.01  -999.0   -999.00   -999.0    -999    40    12.49     -8.05     -9.55    11  -999.0    -999     0   0   0   0    -999.000  -999.000
0562  140.26   995.2     27.20     84.9     123    40    12.43     -8.03     -9.49    11    -0.0     123     0   0   0   0      17.436   -60.696
0563  140.51  -999.0   -999.00   -999.0    -999    40    12.38     -8.02     -9.44    11  -999.0    -999     0   0   0   0    -999.000  -999.000
0564  140.76   995.8     27.25     84.8     118    40    12.33     -8.00     -9.38    11    -0.0     118     0   0   0   0      17.436   -60.697
0565  141.01  -999.0   -999.00   -999.0    -999    41    12.29     -7.99     -9.34    11  -999.0    -999     0   0   0   0    -999.000  -999.000
0566  141.26   996.3     27.29     84.8     113    41    12.24     -7.97     -9.30    11    -0.0     113     0   0   0   0      17.436   -60.697
0567  141.51  -999.0   -999.00   -999.0    -999    41    12.21     -7.95     -9.26    11  -999.0    -999     0   0   0   0    -999.000  -999.000
0568  141.76   996.9     27.34     84.8     108    41    12.17     -7.94     -9.23    11    -0.0     108     0   0   0   0      17.436   -60.697
0569  142.01  -999.0   -999.00   -999.0    -999    41    12.14     -7.92     -9.20    11  -999.0    -999     0   0   0   0    -999.000  -999.000
0570  142.26   997.5     27.38     84.7     103    41    12.11     -7.91     -9.17    11    -0.0     103     0   0   0   0      17.436   -60.697
0571  142.51  -999.0   -999.00   -999.0    -999    41    12.08     -7.89     -9.15    11  -999.0    -999     0   0   0   0    -999.000  -999.000
0572  142.76   998.0     27.43     84.7      98    41    12.06     -7.88     -9.12    11    -0.0      98     0   0   0   0      17.436   -60.697
0573  143.01  -999.0   -999.00   -999.0    -999    41    12.03     -7.87     -9.10    11  -999.0    -999     0   0   0   0    -999.000  -999.000
0574  143.26   998.6     27.47     84.7      93    41    12.01     -7.85     -9.08    11    -0.0      93     0   0   0   0      17.435   -60.697
0575  143.51  -999.0   -999.00   -999.0    -999    41    11.98     -7.84     -9.06    11  -999.0    -999     0   0   0   0    -999.000  -999.000
0576  143.76   999.1     27.52     84.6      88    41    11.95     -7.83     -9.03    11     0.0      88     0   0   0   0      17.435   -60.697
0577  144.01  -999.0   -999.00   -999.0    -999    41    11.92     -7.81     -9.00    11  -999.0    -999     0   0   0   0    -999.000  -999.000
0578  144.26   999.7     27.56     84.6      83    41    11.88     -7.79     -8.97    11     0.0      83     0   0   0   0      17.435   -60.697
0579  144.51  -999.0   -999.00   -999.0    -999    41    11.84     -7.77     -8.94    11  -999.0    -999     0   0   0   0    -999.000  -999.000
0580  144.76  1000.2     27.61     84.5      78    41    11.79     -7.74     -8.90    11     0.1      78     0   0   0   0      17.435   -60.697
0581  145.01  -999.0   -999.00   -999.0    -999    41    11.74     -7.71     -8.86    11  -999.0    -999     0   0   0   0    -999.000  -999.000
0582  145.26  1000.8     27.66     84.4      73    41    11.69     -7.67     -8.82    11     0.1      73     0   0   0   0      17.435   -60.697
0583  145.51  -999.0   -999.00   -999.0    -999    41    11.63     -7.64     -8.77    11  -999.0    -999     0   0   0   0    -999.000  -999.000
0584  145.76  1001.4     27.70     84.2      68    41    11.58     -7.60     -8.73    11     0.2      68     0   0   0   0      17.435   -60.697
0585  146.01  -999.0   -999.00   -999.0    -999    41    11.52     -7.57     -8.69    11  -999.0    -999     0   0   0   0    -999.000  -999.000
0586  146.26  1001.9     27.75     84.1      63    41    11.47     -7.53     -8.65    11     0.2      63     0   0   0   0      17.435   -60.697
0587  146.51  -999.0   -999.00   -999.0    -999    41    11.42     -7.50     -8.61    11  -999.0    -999     0   0   0   0    -999.000  -999.000
0588  146.76  1002.5     27.79     83.9      58    41    11.37     -7.47     -8.57    11     0.3      58     0   0   0   0      17.435   -60.697
0589  147.01  -999.0   -999.00   -999.0    -999    41    11.32     -7.43     -8.54    11  -999.0    -999     0   0   0   0    -999.000  -999.000
0590  147.26  -999.0   -999.00   -999.0    -999  -999  -999.00   -999.00   -999.00     0  -999.0    -999     0   0   0   0    -999.000  -999.000
0591  147.51  -999.0   -999.00   -999.0    -999  -999  -999.00   -999.00   -999.00     0  -999.0    -999     0   0   0   0    -999.000  -999.000
0592  147.76  -999.0   -999.00   -999.0    -999  -999  -999.00   -999.00   -999.00     0  -999.0    -999     0   0   0   0    -999.000  -999.000
0593  148.01  1003.8     27.90     83.5      46    41    11.20     -7.30     -8.49    11     0.4      46     0   0   0   0      17.435   -60.697
0594  148.26  -999.0   -999.00   -999.0    -999    41    11.18     -7.26     -8.50    11  -999.0    -999     0   0   0   0    -999.000  -999.000
0595  148.51  1004.3     27.94     83.3      42    40    11.16     -7.22     -8.51    11     0.4      42     0   0   0   0      17.435   -60.697
0596  148.76  -999.0   -999.00   -999.0    -999    40    11.14     -7.18     -8.52    11  -999.0    -999     0   0   0   0    -999.000  -999.000
0597  149.01  1004.8     27.98     83.0      37    40    11.13     -7.14     -8.54    11     0.3      37     0   0   0   0      17.435   -60.697
0598  149.26  -999.0   -999.00   -999.0    -999    40    11.12     -7.08     -8.58    11  -999.0    -999     0   0   0   0    -999.000  -999.000
0599  149.51  1005.4     28.02     82.8      32    39    11.12     -7.01     -8.63    11     0.3      32     0   0   0   0      17.435   -60.697
0600  149.76  -999.0   -999.00   -999.0    -999    39    11.13     -6.94     -8.70    11  -999.0    -999     0   0   0   0    -999.000  -999.000
0601  150.01  1005.9     28.07     82.6      28    38    11.15     -6.87     -8.78    11     0.2      28     0   0   0   0      17.435   -60.697
0602  150.26  -999.0   -999.00   -999.0    -999    37    11.18     -6.80     -8.88    11  -999.0    -999     0   0   0   0    -999.000  -999.000
0603  150.51  1006.5     28.11     82.4      22    37    11.22     -6.72     -8.99    11     0.1      22     0   0   0   0      17.435   -60.697
0604  150.76  -999.0   -999.00   -999.0    -999    36    11.28     -6.64     -9.12    11  -999.0    -999     0   0   0   0    -999.000  -999.000
0605  151.01  1007.1     28.16     82.1      17    35    11.33     -6.55     -9.25    11     0.1      17     0   0   0   0      17.435   -60.697
0606  151.26  -999.0   -999.00   -999.0    -999    35    11.39     -6.45     -9.39    11  -999.0    -999     0   0   0   0    -999.000  -999.000
0607  151.51  1007.6     28.20     81.9      12    34    11.45     -6.34     -9.53    11     0.1      12     0   0   0   0      17.435   -60.697
0608  151.76  -999.0   -999.00   -999.0    -999    33    11.50     -6.21     -9.68    11  -999.0    -999     0   0   0   0    -999.000  -999.000
0609  152.01  1008.2     28.25     81.7       8    32    11.55     -6.06     -9.83    11     0.1       8     0   0   0   0      17.435   -60.697
0610  152.26  -999.0   -999.00   -999.0    -999    34    11.41     -6.32     -9.50    11  -999.0    -999     0   0   0   0    -999.000  -999.000
0611  152.80  1009.0     28.27     81.6       0  -999  -999.00   -999.00   -999.00  -999  -999.0       0     0   0   0   0    -999.000  -999.000
