 ===========================================================================
 DROPWINDSONDE PROCESSING RECORD                            Sonde: 980410050
 FRD file written by Aspen V3.4.8, 11 Jul 2023 14:15 UTC
 Aircraft: WC-130H, 650966                   Date: 980923   Time: 041551 UTC
 ---------------------------------------------------------------------------
 Bias corrections:  PR =   0.0 mb  TE =   0.0 C  RH =   0.0 %  PRB =  0.0 mb
 Filters (LPF):     PTH = 
 Dyn RH correction = 
 Estimated PR used = 
 Dyn T correction  = 
 ---------------------------------------------------------------------------
 COMMENT: Good drop.
 ===========================================================================

 ===========================================================================
 Date: 980923   Lat:  20.12 N   TA:   10.2 C   PS:  695.0 mb   WD:    91 deg
 Time: 041551   Lon:  72.42 W   TD:    7.7 C   GA:   3141 m    WS:  27.0 m/s
 SID:  980410050                RH:   84.5 %   Navaid:   GP
 ===========================================================================

IX      t (s)  P (mb)    T (C)    RH (%)  Z (m)   WD    WS (m/s)   U (m/s)   V (m/s)  NS  WZ (m/s)  ZW (m)   FP  FT  FH  FW    LAT (N)   LON (E)
0001    0.30  -999.0   -999.00   -999.0    -999  -999  -999.00   -999.00   -999.00  -999  -999.0    -999     0   0   0   0    -999.000  -999.000
0002    0.80  -999.0   -999.00   -999.0    -999  -999  -999.00   -999.00   -999.00  -999  -999.0    -999     0   0   0   0    -999.000  -999.000
0003    1.30  -999.0   -999.00   -999.0    -999  -999  -999.00   -999.00   -999.00  -999  -999.0    -999     0   0   0   0    -999.000  -999.000
0004    1.80  -999.0   -999.00   -999.0    -999  -999  -999.00   -999.00   -999.00     0  -999.0    -999     0   0   0   0    -999.000  -999.000
0005    2.30  -999.0   -999.00   -999.0    -999  -999  -999.00   -999.00   -999.00     0  -999.0    -999     0   0   0   0    -999.000  -999.000
0006    2.80  -999.0   -999.00   -999.0    -999  -999  -999.00   -999.00   -999.00     0  -999.0    -999     0   0   0   0    -999.000  -999.000
0007    3.30  -999.0   -999.00   -999.0    -999  -999  -999.00   -999.00   -999.00     0  -999.0    -999     0   0   0   0    -999.000  -999.000
0008    3.80  -999.0   -999.00   -999.0    -999  -999  -999.00   -999.00   -999.00     0  -999.0    -999     0   0   0   0    -999.000  -999.000
0009    4.30  -999.0   -999.00   -999.0    -999  -999  -999.00   -999.00   -999.00     0  -999.0    -999     0   0   0   0    -999.000  -999.000
0010    4.80  -999.0   -999.00   -999.0    -999  -999  -999.00   -999.00   -999.00     0  -999.0    -999     0   0   0   0    -999.000  -999.000
0011    5.30  -999.0   -999.00   -999.0    -999  -999  -999.00   -999.00   -999.00     0  -999.0    -999     0   0   0   0    -999.000  -999.000
0012    5.80  -999.0   -999.00   -999.0    -999  -999  -999.00   -999.00   -999.00     0  -999.0    -999     0   0   0   0    -999.000  -999.000
0013    6.30  -999.0   -999.00   -999.0    -999  -999  -999.00   -999.00   -999.00     0  -999.0    -999     0   0   0   0    -999.000  -999.000
0014    6.80  -999.0   -999.00   -999.0    -999  -999  -999.00   -999.00   -999.00     0  -999.0    -999     0   0   0   0    -999.000  -999.000
0015    7.30  -999.0   -999.00   -999.0    -999  -999  -999.00   -999.00   -999.00     0  -999.0    -999     0   0   0   0    -999.000  -999.000
0016    7.80  -999.0   -999.00   -999.0    -999  -999  -999.00   -999.00   -999.00     0  -999.0    -999     0   0   0   0    -999.000  -999.000
0017    8.30  -999.0   -999.00   -999.0    -999  -999  -999.00   -999.00   -999.00     0  -999.0    -999     0   0   0   0    -999.000  -999.000
0018    8.80  -999.0   -999.00   -999.0    -999  -999  -999.00   -999.00   -999.00     0  -999.0    -999     0   0   0   0    -999.000  -999.000
0019    9.30  -999.0   -999.00   -999.0    -999  -999  -999.00   -999.00   -999.00     0  -999.0    -999     0   0   0   0    -999.000  -999.000
0020    9.80  -999.0   -999.00   -999.0    -999  -999  -999.00   -999.00   -999.00     0  -999.0    -999     0   0   0   0    -999.000  -999.000
0021   10.30  -999.0   -999.00   -999.0    -999  -999  -999.00   -999.00   -999.00     0  -999.0    -999     0   0   0   0    -999.000  -999.000
0022   10.80  -999.0   -999.00   -999.0    -999  -999  -999.00   -999.00   -999.00     0  -999.0    -999     0   0   0   0    -999.000  -999.000
0023   11.30  -999.0   -999.00   -999.0    -999  -999  -999.00   -999.00   -999.00     0  -999.0    -999     0   0   0   0    -999.000  -999.000
0024   11.80  -999.0   -999.00   -999.0    -999  -999  -999.00   -999.00   -999.00     0  -999.0    -999     0   0   0   0    -999.000  -999.000
0025   12.30  -999.0   -999.00   -999.0    -999  -999  -999.00   -999.00   -999.00     0  -999.0    -999     0   0   0   0    -999.000  -999.000
0026   12.80  -999.0   -999.00   -999.0    -999  -999  -999.00   -999.00   -999.00     0  -999.0    -999     0   0   0   0    -999.000  -999.000
0027   13.30  -999.0   -999.00   -999.0    -999  -999  -999.00   -999.00   -999.00     0  -999.0    -999     0   0   0   0    -999.000  -999.000
0028   13.80  -999.0   -999.00   -999.0    -999  -999  -999.00   -999.00   -999.00     0  -999.0    -999     0   0   0   0    -999.000  -999.000
0029   14.30   713.9     12.02   -999.0    2943  -999  -999.00   -999.00   -999.00     0    -3.2    2943     0   0   0   0    -999.000  -999.000
0030   14.80   714.5     12.04   -999.0    2935  -999  -999.00   -999.00   -999.00     0    -3.2    2935     0   0   0   0    -999.000  -999.000
0031   15.30   715.2     12.05   -999.0    2928  -999  -999.00   -999.00   -999.00     0    -3.2    2928     0   0   0   0    -999.000  -999.000
0032   15.80   715.8     12.06   -999.0    2921  -999  -999.00   -999.00   -999.00     0    -3.3    2921     0   0   0   0    -999.000  -999.000
0033   16.30   716.4     12.08   -999.0    2913  -999  -999.00   -999.00   -999.00     0    -3.3    2913     0   0   0   0    -999.000  -999.000
0034   16.80   717.0     12.09   -999.0    2906  -999  -999.00   -999.00   -999.00     0    -3.3    2906     0   0   0   0    -999.000  -999.000
0035   17.30   717.7     12.10   -999.0    2899  -999  -999.00   -999.00   -999.00     0    -3.3    2899     0   0   0   0    -999.000  -999.000
0036   17.80   718.3     12.12   -999.0    2891  -999  -999.00   -999.00   -999.00     0    -3.3    2891     0   0   0   0    -999.000  -999.000
0037   18.30   718.9     12.14   -999.0    2884  -999  -999.00   -999.00   -999.00     0    -3.4    2884     0   0   0   0    -999.000  -999.000
0038   18.80   719.6     12.17   -999.0    2876  -999  -999.00   -999.00   -999.00     0    -3.4    2876     0   0   0   0    -999.000  -999.000
0039   19.30   720.2     12.20   -999.0    2869  -999  -999.00   -999.00   -999.00     0    -3.4    2869     0   0   0   0    -999.000  -999.000
0040   19.80   720.8     12.23   -999.0    2862  -999  -999.00   -999.00   -999.00     0    -3.4    2862     0   0   0   0    -999.000  -999.000
0041   20.30   721.5     12.27   -999.0    2854  -999  -999.00   -999.00   -999.00     0    -3.4    2854     0   0   0   0    -999.000  -999.000
0042   20.80   722.1     12.31   -999.0    2847  -999  -999.00   -999.00   -999.00     0    -3.4    2847     0   0   0   0    -999.000  -999.000
0043   21.30   722.7     12.35   -999.0    2839  -999  -999.00   -999.00   -999.00     0    -3.4    2839     0   0   0   0    -999.000  -999.000
0044   21.80   723.4     12.40   -999.0    2832  -999  -999.00   -999.00   -999.00     0    -3.5    2832     0   0   0   0    -999.000  -999.000
0045   22.30   724.0     12.44   -999.0    2824  -999  -999.00   -999.00   -999.00     0    -3.5    2824     0   0   0   0    -999.000  -999.000
0046   22.80   724.7     12.49   -999.0    2817  -999  -999.00   -999.00   -999.00     0    -3.5    2817     0   0   0   0    -999.000  -999.000
0047   23.30   725.3     12.54   -999.0    2810  -999  -999.00   -999.00   -999.00     0    -3.5    2810     0   0   0   0    -999.000  -999.000
0048   23.80   725.9     12.59   -999.0    2802  -999  -999.00   -999.00   -999.00     0    -3.5    2802     0   0   0   0    -999.000  -999.000
0049   24.30   726.6     12.63   -999.0    2795  -999  -999.00   -999.00   -999.00     0    -3.5    2795     0   0   0   0    -999.000  -999.000
0050   24.80   727.2     12.67   -999.0    2787  -999  -999.00   -999.00   -999.00     0    -3.5    2787     0   0   0   0    -999.000  -999.000
0051   25.30   727.9     12.71   -999.0    2780  -999  -999.00   -999.00   -999.00     0    -3.6    2780     0   0   0   0    -999.000  -999.000
0052   25.80   728.5     12.75   -999.0    2773  -999  -999.00   -999.00   -999.00     0    -3.6    2773     0   0   0   0    -999.000  -999.000
0053   26.30   729.1     12.78     75.0    2765  -999  -999.00   -999.00   -999.00     0    -3.6    2765     0   0   0   0    -999.000  -999.000
0054   26.80   729.8     12.82     75.2    2758  -999  -999.00   -999.00   -999.00     0    -3.6    2758     0   0   0   0    -999.000  -999.000
0055   27.30   730.4     12.85     75.3    2750  -999  -999.00   -999.00   -999.00     0    -3.7    2750     0   0   0   0    -999.000  -999.000
0056   27.80   731.1     12.89     75.5    2743  -999  -999.00   -999.00   -999.00     0    -3.7    2743     0   0   0   0    -999.000  -999.000
0057   28.30   731.8     12.92     75.7    2735  -999  -999.00   -999.00   -999.00     0    -3.7    2735     0   0   0   0    -999.000  -999.000
0058   28.80   732.4     12.96     75.8    2728  -999  -999.00   -999.00   -999.00     0    -3.7    2728     0   0   0   0    -999.000  -999.000
0059   29.30   733.1     12.99     76.0    2720  -999  -999.00   -999.00   -999.00     0    -3.7    2720     0   0   0   0    -999.000  -999.000
0060   29.80   733.7     13.03     76.1    2713  -999  -999.00   -999.00   -999.00     0    -3.7    2713     0   0   0   0    -999.000  -999.000
0061   30.30   734.4     13.06     76.3    2705  -999  -999.00   -999.00   -999.00     0    -3.7    2705     0   0   0   0    -999.000  -999.000
0062   30.80   735.0     13.10     76.5    2698  -999  -999.00   -999.00   -999.00     0    -3.7    2698     0   0   0   0    -999.000  -999.000
0063   31.30   735.7     13.13     76.7    2690  -999  -999.00   -999.00   -999.00     0    -3.7    2690     0   0   0   0    -999.000  -999.000
0064   31.80   736.3     13.16     77.0    2683  -999  -999.00   -999.00   -999.00     0    -3.7    2683     0   0   0   0    -999.000  -999.000
0065   32.30   737.0     13.19     77.4    2675  -999  -999.00   -999.00   -999.00     0    -3.7    2675     0   0   0   0    -999.000  -999.000
0066   32.80   737.6     13.21     77.7    2668  -999  -999.00   -999.00   -999.00     0    -3.7    2668     0   0   0   0    -999.000  -999.000
0067   33.30   738.3     13.23     78.0    2660  -999  -999.00   -999.00   -999.00     0    -3.7    2660     0   0   0   0    -999.000  -999.000
0068   33.80   738.9     13.25     78.2    2653  -999  -999.00   -999.00   -999.00     0    -3.7    2653     0   0   0   0    -999.000  -999.000
0069   34.30   739.6     13.26     78.4    2645  -999  -999.00   -999.00   -999.00     0    -3.7    2645     0   0   0   0    -999.000  -999.000
0070   34.80   740.3     13.28     78.4    2638  -999  -999.00   -999.00   -999.00     0    -3.7    2638     0   0   0   0    -999.000  -999.000
0071   35.30   740.9     13.29     78.4    2630  -999  -999.00   -999.00   -999.00     0    -3.7    2630     0   0   0   0    -999.000  -999.000
0072   35.80   741.6     13.31     78.4    2623  -999  -999.00   -999.00   -999.00     0    -3.7    2623     0   0   0   0    -999.000  -999.000
0073   36.30   742.2     13.32     78.3    2615  -999  -999.00   -999.00   -999.00     0    -3.7    2615     0   0   0   0    -999.000  -999.000
0074   36.80   742.9     13.34     78.2    2608  -999  -999.00   -999.00   -999.00     0    -3.7    2608     0   0   0   0    -999.000  -999.000
0075   37.30   743.5     13.36     78.2    2600  -999  -999.00   -999.00   -999.00     0    -3.7    2600     0   0   0   0    -999.000  -999.000
0076   37.80   744.2     13.38     78.1    2593  -999  -999.00   -999.00   -999.00     0    -3.6    2593     0   0   0   0    -999.000  -999.000
0077   38.30   744.9     13.40     78.1    2585  -999  -999.00   -999.00   -999.00     0    -3.6    2585     0   0   0   0    -999.000  -999.000
0078   38.80   745.5     13.42     78.0    2578  -999  -999.00   -999.00   -999.00     0    -3.6    2578     0   0   0   0    -999.000  -999.000
0079   39.30   746.2     13.44     78.0    2571  -999  -999.00   -999.00   -999.00     0    -3.6    2571     0   0   0   0    -999.000  -999.000
0080   39.80   746.8     13.47     78.1    2563  -999  -999.00   -999.00   -999.00     0    -3.6    2563     0   0   0   0    -999.000  -999.000
0081   40.30   747.5     13.49     78.1    2556  -999  -999.00   -999.00   -999.00     4    -3.6    2556     0   0   0   0    -999.000  -999.000
0082   40.80   748.1     13.52     78.2    2548  -999  -999.00   -999.00   -999.00     4    -3.6    2548     0   0   0   0    -999.000  -999.000
0083   41.30   748.8     13.55     78.3    2541  -999  -999.00   -999.00   -999.00     4    -3.6    2541     0   0   0   0    -999.000  -999.000
0084   41.80   749.4     13.57     78.3    2533  -999  -999.00   -999.00   -999.00     4    -3.6    2533     0   0   0   0    -999.000  -999.000
0085   42.30   750.1     13.60     78.4    2526  -999  -999.00   -999.00   -999.00     4    -3.6    2526     0   0   0   0    -999.000  -999.000
0086   42.80   750.8     13.63     78.5    2519  -999  -999.00   -999.00   -999.00     4    -3.6    2519     0   0   0   0    -999.000  -999.000
0087   43.30   751.4     13.66     78.6    2511  -999  -999.00   -999.00   -999.00     4    -3.6    2511     0   0   0   0    -999.000  -999.000
0088   43.80   752.1     13.70     78.6    2504  -999  -999.00   -999.00   -999.00     4    -3.6    2504     0   0   0   0    -999.000  -999.000
0089   44.30   752.8     13.73     78.6    2496  -999  -999.00   -999.00   -999.00     4    -3.6    2496     0   0   0   0    -999.000  -999.000
0090   44.80   753.4     13.77     78.6    2489  -999  -999.00   -999.00   -999.00     4    -3.6    2489     0   0   0   0    -999.000  -999.000
0091   45.30   754.1     13.81     78.6    2482  -999  -999.00   -999.00   -999.00     4    -3.5    2482     0   0   0   0    -999.000  -999.000
0092   45.80   754.7     13.85     78.5    2474  -999  -999.00   -999.00   -999.00     4    -3.5    2474     0   0   0   0    -999.000  -999.000
0093   46.30   755.4     13.89     78.5    2467  -999  -999.00   -999.00   -999.00     4    -3.5    2467     0   0   0   0    -999.000  -999.000
0094   46.80   756.0     13.94     78.4    2460  -999  -999.00   -999.00   -999.00     4    -3.5    2460     0   0   0   0    -999.000  -999.000
0095   47.30   756.7     13.98     78.3    2452  -999  -999.00   -999.00   -999.00     4    -3.5    2452     0   0   0   0    -999.000  -999.000
0096   47.80   757.3     14.02     78.3    2445  -999  -999.00   -999.00   -999.00     4    -3.5    2445     0   0   0   0    -999.000  -999.000
0097   48.30   758.0     14.07     78.2    2438  -999  -999.00   -999.00   -999.00     4    -3.5    2438     0   0   0   0    -999.000  -999.000
0098   48.80   758.6     14.11     78.2    2430  -999  -999.00   -999.00   -999.00     4    -3.6    2430     0   0   0   0    -999.000  -999.000
0099   49.30   759.3     14.15     78.2    2423  -999  -999.00   -999.00   -999.00  -999    -3.6    2423     0   0   0   0    -999.000  -999.000
0100   49.80   760.0     14.20     78.3    2416  -999  -999.00   -999.00   -999.00     4    -3.7    2416     0   0   0   0    -999.000  -999.000
0101   50.30   760.6     14.24     78.3    2408  -999  -999.00   -999.00   -999.00     4    -3.7    2408     0   0   0   0    -999.000  -999.000
0102   50.80   761.3     14.27     78.3    2401  -999  -999.00   -999.00   -999.00     4    -3.7    2401     0   0   0   0    -999.000  -999.000
0103   51.30   762.0     14.31     78.3    2393  -999  -999.00   -999.00   -999.00     4    -3.7    2393     0   0   0   0    -999.000  -999.000
0104   51.80   762.6     14.35     78.4    2386  -999  -999.00   -999.00   -999.00  -999    -3.8    2386     0   0   0   0    -999.000  -999.000
0105   52.30   763.3     14.39     78.4    2378  -999  -999.00   -999.00   -999.00  -999    -3.8    2378     0   0   0   0    -999.000  -999.000
0106   52.80   764.0     14.43     78.3    2371  -999  -999.00   -999.00   -999.00  -999    -3.8    2371     0   0   0   0    -999.000  -999.000
0107   53.30   764.7     14.46     78.3    2364  -999  -999.00   -999.00   -999.00     4    -3.8    2364     0   0   0   0    -999.000  -999.000
0108   53.80   765.3     14.50     78.3    2356  -999  -999.00   -999.00   -999.00     5    -3.8    2356     0   0   0   0    -999.000  -999.000
0109   54.30   766.0     14.54     78.2    2349  -999  -999.00   -999.00   -999.00     4    -3.8    2349     0   0   0   0    -999.000  -999.000
0110   54.80   766.7     14.58     78.1    2341  -999  -999.00   -999.00   -999.00  -999    -3.8    2341     0   0   0   0    -999.000  -999.000
0111   55.30   767.3     14.62     78.1    2334  -999  -999.00   -999.00   -999.00     4    -3.7    2334     0   0   0   0    -999.000  -999.000
0112   55.80   768.0     14.66     77.9    2326  -999  -999.00   -999.00   -999.00     4    -3.7    2326     0   0   0   0    -999.000  -999.000
0113   56.30   768.7     14.70     77.8    2319  -999  -999.00   -999.00   -999.00     4    -3.7    2319     0   0   0   0    -999.000  -999.000
0114   56.80   769.4     14.75     77.7    2312  -999  -999.00   -999.00   -999.00  -999    -3.7    2312     0   0   0   0    -999.000  -999.000
0115   57.30   770.0     14.79     77.6    2304  -999  -999.00   -999.00   -999.00     4    -3.6    2304     0   0   0   0    -999.000  -999.000
0116   57.80   770.7     14.84     77.4    2297  -999  -999.00   -999.00   -999.00     4    -3.6    2297     0   0   0   0    -999.000  -999.000
0117   58.30   771.4     14.88     77.3    2290  -999  -999.00   -999.00   -999.00     4    -3.6    2290     0   0   0   0    -999.000  -999.000
0118   58.80   772.0     14.93     77.2    2282  -999  -999.00   -999.00   -999.00     4    -3.6    2282     0   0   0   0    -999.000  -999.000
0119   59.30   772.7     14.98     77.1    2275  -999  -999.00   -999.00   -999.00     4    -3.6    2275     0   0   0   0    -999.000  -999.000
0120   59.80   773.4     15.02     77.0    2268  -999  -999.00   -999.00   -999.00     4    -3.6    2268     0   0   0   0    -999.000  -999.000
0121   60.30   774.0     15.07     76.9    2260  -999  -999.00   -999.00   -999.00     4    -3.6    2260     0   0   0   0    -999.000  -999.000
0122   60.80   774.7     15.12     76.9    2253  -999  -999.00   -999.00   -999.00     4    -3.6    2253     0   0   0   0    -999.000  -999.000
0123   61.30   775.4     15.17     76.8    2246  -999  -999.00   -999.00   -999.00     4    -3.6    2246     0   0   0   0    -999.000  -999.000
0124   61.80   776.0     15.22     76.8    2238  -999  -999.00   -999.00   -999.00     4    -3.6    2238     0   0   0   0    -999.000  -999.000
0125   62.30   776.7     15.26     76.7    2231  -999  -999.00   -999.00   -999.00     4    -3.6    2231     0   0   0   0    -999.000  -999.000
0126   62.80   777.4     15.31     76.7    2224  -999  -999.00   -999.00   -999.00     4    -3.6    2224     0   0   0   0    -999.000  -999.000
0127   63.30   778.0     15.36     76.6    2216  -999  -999.00   -999.00   -999.00     4    -3.7    2216     0   0   0   0    -999.000  -999.000
0128   63.80   778.7     15.41     76.5    2209  -999  -999.00   -999.00   -999.00     4    -3.7    2209     0   0   0   0    -999.000  -999.000
0129   64.30   779.4     15.46     76.4    2202  -999  -999.00   -999.00   -999.00     4    -3.7    2202     0   0   0   0    -999.000  -999.000
0130   64.80   780.1     15.51     76.3    2194  -999  -999.00   -999.00   -999.00     4    -3.7    2194     0   0   0   0    -999.000  -999.000
0131   65.30   780.7     15.57     76.2    2187  -999  -999.00   -999.00   -999.00  -999    -3.8    2187     0   0   0   0    -999.000  -999.000
0132   65.80   781.4     15.62     76.1    2180  -999  -999.00   -999.00   -999.00     4    -3.8    2180     0   0   0   0    -999.000  -999.000
0133   66.30   782.1     15.67     76.0    2172  -999  -999.00   -999.00   -999.00     4    -3.8    2172     0   0   0   0    -999.000  -999.000
0134   66.80   782.8     15.73     75.9    2165  -999  -999.00   -999.00   -999.00     4    -3.8    2165     0   0   0   0    -999.000  -999.000
0135   67.30   783.5     15.78     75.7    2157  -999  -999.00   -999.00   -999.00     4    -3.8    2157     0   0   0   0    -999.000  -999.000
0136   67.80   784.1     15.83     75.6    2150  -999  -999.00   -999.00   -999.00     4    -3.8    2150     0   0   0   0    -999.000  -999.000
0137   68.30   784.8     15.88     75.4    2142  -999  -999.00   -999.00   -999.00     4    -3.8    2142     0   0   0   0    -999.000  -999.000
0138   68.80   785.5     15.94     75.2    2135  -999  -999.00   -999.00   -999.00     4    -3.7    2135     0   0   0   0    -999.000  -999.000
0139   69.30   786.2     15.99     75.1    2128  -999  -999.00   -999.00   -999.00     4    -3.7    2128     0   0   0   0    -999.000  -999.000
0140   69.80   786.9     16.04     74.9    2120  -999  -999.00   -999.00   -999.00  -999    -3.6    2120     0   0   0   0    -999.000  -999.000
0141   70.30   787.5     16.09     74.8    2113  -999  -999.00   -999.00   -999.00     4    -3.6    2113     0   0   0   0    -999.000  -999.000
0142   70.80   788.2     16.14     74.7    2106  -999  -999.00   -999.00   -999.00     4    -3.6    2106     0   0   0   0    -999.000  -999.000
0143   71.30   788.9     16.18     74.5    2099  -999  -999.00   -999.00   -999.00     4    -3.6    2099     0   0   0   0    -999.000  -999.000
0144   71.80   789.5     16.23     74.4    2091  -999  -999.00   -999.00   -999.00  -999    -3.6    2091     0   0   0   0    -999.000  -999.000
0145   72.30   790.2     16.27     74.2    2084  -999  -999.00   -999.00   -999.00     4    -3.6    2084     0   0   0   0    -999.000  -999.000
0146   72.80   790.9     16.32     74.1    2077  -999  -999.00   -999.00   -999.00     4    -3.6    2077     0   0   0   0    -999.000  -999.000
0147   73.30   791.5     16.36     73.9    2070  -999  -999.00   -999.00   -999.00     4    -3.6    2070     0   0   0   0    -999.000  -999.000
0148   73.80   792.2     16.40     73.8    2062  -999  -999.00   -999.00   -999.00     4    -3.7    2062     0   0   0   0    -999.000  -999.000
0149   74.30   792.9     16.44     73.7    2055  -999  -999.00   -999.00   -999.00     4    -3.7    2055     0   0   0   0    -999.000  -999.000
0150   74.80   793.6     16.48     73.6    2048  -999  -999.00   -999.00   -999.00     4    -3.8    2048     0   0   0   0    -999.000  -999.000
0151   75.30   794.3     16.51     73.5    2040  -999  -999.00   -999.00   -999.00     4    -3.8    2040     0   0   0   0    -999.000  -999.000
0152   75.80   795.0     16.54     73.4    2033  -999  -999.00   -999.00   -999.00     4    -3.9    2033     0   0   0   0    -999.000  -999.000
0153   76.30   795.7     16.56     73.4    2025  -999  -999.00   -999.00   -999.00     4    -3.9    2025     0   0   0   0    -999.000  -999.000
0154   76.80   796.4     16.58     73.4    2018  -999  -999.00   -999.00   -999.00     4    -3.9    2018     0   0   0   0    -999.000  -999.000
0155   77.30   797.0     16.59     73.4    2011  -999  -999.00   -999.00   -999.00     4    -3.9    2011     0   0   0   0    -999.000  -999.000
0156   77.80   797.7     16.60     73.4    2003  -999  -999.00   -999.00   -999.00     4    -3.9    2003     0   0   0   0    -999.000  -999.000
0157   78.30   798.4     16.61     73.5    1996  -999  -999.00   -999.00   -999.00     4    -3.8    1996     0   0   0   0    -999.000  -999.000
0158   78.80   799.1     16.61     73.6    1988  -999  -999.00   -999.00   -999.00     4    -3.8    1988     0   0   0   0    -999.000  -999.000
0159   79.30   799.8     16.61     73.7    1981  -999  -999.00   -999.00   -999.00     4    -3.8    1981     0   0   0   0    -999.000  -999.000
0160   79.80   800.5     16.62     73.8    1974  -999  -999.00   -999.00   -999.00     4    -3.7    1974     0   0   0   0    -999.000  -999.000
0161   80.30   801.2     16.63     73.9    1966  -999  -999.00   -999.00   -999.00     4    -3.7    1966     0   0   0   0    -999.000  -999.000
0162   80.80   801.9     16.64     74.0    1959  -999  -999.00   -999.00   -999.00     4    -3.7    1959     0   0   0   0    -999.000  -999.000
0163   81.30   802.5     16.65     74.0    1952  -999  -999.00   -999.00   -999.00     4    -3.6    1952     0   0   0   0    -999.000  -999.000
0164   81.80   803.2     16.67     74.1    1945  -999  -999.00   -999.00   -999.00     4    -3.6    1945     0   0   0   0    -999.000  -999.000
0165   82.30   803.9     16.69     74.1    1937  -999  -999.00   -999.00   -999.00     4    -3.6    1937     0   0   0   0    -999.000  -999.000
0166   82.80   804.6     16.72     74.1    1930  -999  -999.00   -999.00   -999.00     4    -3.6    1930     0   0   0   0    -999.000  -999.000
0167   83.30   805.3     16.74     74.1    1923  -999  -999.00   -999.00   -999.00     4    -3.6    1923     0   0   0   0    -999.000  -999.000
0168   83.80   805.9     16.78     74.1    1916  -999  -999.00   -999.00   -999.00     4    -3.7    1916     0   0   0   0    -999.000  -999.000
0169   84.30   806.6     16.81     74.1    1909  -999  -999.00   -999.00   -999.00     4    -3.7    1909     0   0   0   0    -999.000  -999.000
0170   84.80   807.3     16.85     74.0    1901  -999  -999.00   -999.00   -999.00     4    -3.8    1901     0   0   0   0    -999.000  -999.000
0171   85.30   808.0     16.89     74.0    1894  -999  -999.00   -999.00   -999.00     4    -3.8    1894     0   0   0   0    -999.000  -999.000
0172   85.80   808.7     16.94     74.0    1887  -999  -999.00   -999.00   -999.00     4    -3.8    1887     0   0   0   0    -999.000  -999.000
0173   86.30   809.4     16.98     73.9    1879  -999  -999.00   -999.00   -999.00     4    -3.8    1879     0   0   0   0    -999.000  -999.000
0174   86.80   810.1     17.03     73.9    1872  -999  -999.00   -999.00   -999.00     4    -3.9    1872     0   0   0   0    -999.000  -999.000
0175   87.30   810.8     17.07     73.9    1864  -999  -999.00   -999.00   -999.00     4    -3.9    1864     0   0   0   0    -999.000  -999.000
0176   87.80  -999.0   -999.00   -999.0    -999  -999  -999.00   -999.00   -999.00     4  -999.0    -999     0   0   0   0    -999.000  -999.000
0177   88.30   812.2     17.17     73.9    1850  -999  -999.00   -999.00   -999.00  -999    -3.9    1850     0   0   0   0    -999.000  -999.000
0178   88.80   812.9     17.22     73.9    1842  -999  -999.00   -999.00   -999.00     4    -3.8    1842     0   0   0   0    -999.000  -999.000
0179   89.30   813.6     17.27     73.9    1835  -999  -999.00   -999.00   -999.00  -999    -3.8    1835     0   0   0   0    -999.000  -999.000
0180   89.80   814.3     17.32     73.8    1828  -999  -999.00   -999.00   -999.00     4    -3.8    1828     0   0   0   0    -999.000  -999.000
0181   90.30   815.0     17.37     73.8    1820  -999  -999.00   -999.00   -999.00     4    -3.8    1820     0   0   0   0    -999.000  -999.000
0182   90.80   815.7     17.42     73.7    1813  -999  -999.00   -999.00   -999.00     4    -3.8    1813     0   0   0   0    -999.000  -999.000
0183   91.30   816.4     17.47     73.7    1806  -999  -999.00   -999.00   -999.00     4    -3.8    1806     0   0   0   0    -999.000  -999.000
0184   91.80   817.1     17.51     73.6    1799  -999  -999.00   -999.00   -999.00     4    -3.8    1799     0   0   0   0    -999.000  -999.000
0185   92.30   817.8     17.56     73.6    1791  -999  -999.00   -999.00   -999.00     4    -3.8    1791     0   0   0   0    -999.000  -999.000
0186   92.80   818.4     17.60     73.6    1784  -999  -999.00   -999.00   -999.00     4    -3.8    1784     0   0   0   0    -999.000  -999.000
0187   93.30   819.1     17.64     73.5    1777  -999  -999.00   -999.00   -999.00     4    -3.8    1777     0   0   0   0    -999.000  -999.000
0188   93.80   819.8     17.68     73.5    1769  -999  -999.00   -999.00   -999.00     4    -3.8    1769     0   0   0   0    -999.000  -999.000
0189   94.30   820.5     17.72     73.4    1762  -999  -999.00   -999.00   -999.00     4    -3.8    1762     0   0   0   0    -999.000  -999.000
0190   94.80   821.2     17.76     73.4    1755  -999  -999.00   -999.00   -999.00     4    -3.8    1755     0   0   0   0    -999.000  -999.000
0191   95.30   822.0     17.80     73.3    1747  -999  -999.00   -999.00   -999.00     4    -3.7    1747     0   0   0   0    -999.000  -999.000
0192   95.80   822.6     17.84     73.2    1740  -999  -999.00   -999.00   -999.00     4    -3.7    1740     0   0   0   0    -999.000  -999.000
0193   96.30   823.3     17.88     73.2    1733  -999  -999.00   -999.00   -999.00     4    -3.7    1733     0   0   0   0    -999.000  -999.000
0194   96.80   824.0     17.92     73.1    1726  -999  -999.00   -999.00   -999.00     4    -3.6    1726     0   0   0   0    -999.000  -999.000
0195   97.30   824.7     17.96     73.0    1719  -999  -999.00   -999.00   -999.00     4    -3.6    1719     0   0   0   0    -999.000  -999.000
0196   97.80   825.4     18.01     72.9    1712  -999  -999.00   -999.00   -999.00     4    -3.5    1712     0   0   0   0    -999.000  -999.000
0197   98.30   826.1     18.05     72.8    1704  -999  -999.00   -999.00   -999.00     4    -3.5    1704     0   0   0   0    -999.000  -999.000
0198   98.80   826.8     18.09     72.8    1697  -999  -999.00   -999.00   -999.00     4    -3.5    1697     0   0   0   0    -999.000  -999.000
0199   99.30   827.5     18.13     72.7    1690  -999  -999.00   -999.00   -999.00  -999    -3.5    1690     0   0   0   0    -999.000  -999.000
0200   99.80   828.1     18.18     72.7    1683  -999  -999.00   -999.00   -999.00  -999    -3.5    1683     0   0   0   0    -999.000  -999.000
0201  100.30   828.8     18.22     72.6    1676  -999  -999.00   -999.00   -999.00     4    -3.5    1676     0   0   0   0    -999.000  -999.000
0202  100.80   829.5     18.25     72.6    1669  -999  -999.00   -999.00   -999.00     4    -3.6    1669     0   0   0   0    -999.000  -999.000
0203  101.30   830.2     18.29     72.6    1662  -999  -999.00   -999.00   -999.00     4    -3.6    1662     0   0   0   0    -999.000  -999.000
0204  101.80   830.9     18.32     72.6    1655  -999  -999.00   -999.00   -999.00  -999    -3.6    1655     0   0   0   0    -999.000  -999.000
0205  102.30   831.6     18.35     72.6    1647  -999  -999.00   -999.00   -999.00     4    -3.6    1647     0   0   0   0    -999.000  -999.000
0206  102.80   832.3     18.38     72.6    1640  -999  -999.00   -999.00   -999.00     4    -3.6    1640     0   0   0   0    -999.000  -999.000
0207  103.30   833.0     18.41     72.5    1633  -999  -999.00   -999.00   -999.00     4    -3.6    1633     0   0   0   0    -999.000  -999.000
0208  103.80   833.7     18.45     72.5    1626  -999  -999.00   -999.00   -999.00     4    -3.6    1626     0   0   0   0    -999.000  -999.000
0209  104.30   834.4     18.48     72.4    1619  -999  -999.00   -999.00   -999.00     4    -3.6    1619     0   0   0   0    -999.000  -999.000
0210  104.80   835.1     18.52     72.3    1611  -999  -999.00   -999.00   -999.00     4    -3.6    1611     0   0   0   0    -999.000  -999.000
0211  105.30   835.8     18.55     72.2    1604  -999  -999.00   -999.00   -999.00  -999    -3.6    1604     0   0   0   0    -999.000  -999.000
0212  105.80   836.5     18.60     72.0    1597  -999  -999.00   -999.00   -999.00     4    -3.5    1597     0   0   0   0    -999.000  -999.000
0213  106.30   837.1     18.64     71.9    1590  -999  -999.00   -999.00   -999.00     4    -3.5    1590     0   0   0   0    -999.000  -999.000
0214  106.80   837.8     18.69     71.8    1583  -999  -999.00   -999.00   -999.00     4    -3.4    1583     0   0   0   0    -999.000  -999.000
0215  107.30   838.5     18.73     71.6    1576  -999  -999.00   -999.00   -999.00     4    -3.4    1576     0   0   0   0    -999.000  -999.000
0216  107.80   839.2     18.78     71.5    1569  -999  -999.00   -999.00   -999.00     4    -3.4    1569     0   0   0   0    -999.000  -999.000
0217  108.30   839.9     18.83     71.4    1562  -999  -999.00   -999.00   -999.00     4    -3.4    1562     0   0   0   0    -999.000  -999.000
0218  108.80   840.6     18.88     71.2    1555  -999  -999.00   -999.00   -999.00     4    -3.3    1555     0   0   0   0    -999.000  -999.000
0219  109.30   841.3     18.93     71.1    1548  -999  -999.00   -999.00   -999.00     4    -3.3    1548     0   0   0   0    -999.000  -999.000
0220  109.80   841.9     18.99     70.9    1541  -999  -999.00   -999.00   -999.00  -999    -3.3    1541     0   0   0   0    -999.000  -999.000
0221  110.30   842.6     19.04     70.8    1534  -999  -999.00   -999.00   -999.00     4    -3.3    1534     0   0   0   0    -999.000  -999.000
0222  110.80   843.3     19.09     70.6    1527  -999  -999.00   -999.00   -999.00     4    -3.4    1527     0   0   0   0    -999.000  -999.000
0223  111.30   844.0     19.14     70.5    1520  -999  -999.00   -999.00   -999.00     4    -3.4    1520     0   0   0   0    -999.000  -999.000
0224  111.80   844.7     19.19     70.3    1513  -999  -999.00   -999.00   -999.00     4    -3.4    1513     0   0   0   0    -999.000  -999.000
0225  112.30   845.4     19.23     70.2    1506  -999  -999.00   -999.00   -999.00     4    -3.4    1506     0   0   0   0    -999.000  -999.000
0226  112.80   846.1     19.28     70.0    1499  -999  -999.00   -999.00   -999.00     4    -3.4    1499     0   0   0   0    -999.000  -999.000
0227  113.30   846.8     19.33     69.9    1492  -999  -999.00   -999.00   -999.00     4    -3.4    1492     0   0   0   0    -999.000  -999.000
0228  113.80   847.4     19.37     69.8    1485  -999  -999.00   -999.00   -999.00     4    -3.4    1485     0   0   0   0    -999.000  -999.000
0229  114.30   848.1     19.41     69.7    1478  -999  -999.00   -999.00   -999.00  -999    -3.4    1478     0   0   0   0    -999.000  -999.000
0230  114.80   848.8     19.45     69.6    1471  -999  -999.00   -999.00   -999.00     4    -3.4    1471     0   0   0   0    -999.000  -999.000
0231  115.30   849.5     19.48     69.6    1464  -999  -999.00   -999.00   -999.00     4    -3.4    1464     0   0   0   0    -999.000  -999.000
0232  115.80   850.2     19.51     69.6    1457  -999  -999.00   -999.00   -999.00     4    -3.4    1457     0   0   0   0    -999.000  -999.000
0233  116.30   850.9     19.53     69.6    1450  -999  -999.00   -999.00   -999.00     4    -3.4    1450     0   0   0   0    -999.000  -999.000
0234  116.80   851.6     19.55     69.8    1443  -999  -999.00   -999.00   -999.00     4    -3.5    1443     0   0   0   0    -999.000  -999.000
0235  117.30   852.3     19.56     69.9    1436  -999  -999.00   -999.00   -999.00     4    -3.5    1436     0   0   0   0    -999.000  -999.000
0236  117.80   853.0     19.57     70.1    1429  -999  -999.00   -999.00   -999.00     4    -3.5    1429     0   0   0   0    -999.000  -999.000
0237  118.30   853.7     19.58     70.3    1422  -999  -999.00   -999.00   -999.00     4    -3.6    1422     0   0   0   0    -999.000  -999.000
0238  118.80   854.4     19.58     70.5    1415  -999  -999.00   -999.00   -999.00     4    -3.6    1415     0   0   0   0    -999.000  -999.000
0239  119.30   855.1     19.59     70.7    1407  -999  -999.00   -999.00   -999.00     4    -3.6    1407     0   0   0   0    -999.000  -999.000
0240  119.80   855.8     19.59     70.8    1400  -999  -999.00   -999.00   -999.00     4    -3.7    1400     0   0   0   0    -999.000  -999.000
0241  120.30   856.5     19.60     70.9    1393  -999  -999.00   -999.00   -999.00     4    -3.7    1393     0   0   0   0    -999.000  -999.000
0242  120.80   857.2     19.61     71.0    1386  -999  -999.00   -999.00   -999.00     4    -3.7    1386     0   0   0   0    -999.000  -999.000
0243  121.30   857.9     19.62     71.0    1379  -999  -999.00   -999.00   -999.00     4    -3.6    1379     0   0   0   0    -999.000  -999.000
0244  121.80   858.6     19.63     71.0    1372  -999  -999.00   -999.00   -999.00     4    -3.6    1372     0   0   0   0    -999.000  -999.000
0245  122.30   859.3     19.65     70.9    1365  -999  -999.00   -999.00   -999.00     4    -3.5    1365     0   0   0   0    -999.000  -999.000
0246  122.80   860.0     19.66     70.9    1357  -999  -999.00   -999.00   -999.00     4    -3.5    1357     0   0   0   0    -999.000  -999.000
0247  123.30   860.7     19.68     70.9    1350  -999  -999.00   -999.00   -999.00     4    -3.4    1350     0   0   0   0    -999.000  -999.000
0248  123.80   861.4     19.70     70.8    1344  -999  -999.00   -999.00   -999.00     4    -3.4    1344     0   0   0   0    -999.000  -999.000
0249  124.30   862.1     19.73     70.8    1337  -999  -999.00   -999.00   -999.00     4    -3.3    1337     0   0   0   0    -999.000  -999.000
0250  124.80  -999.0   -999.00   -999.0    -999  -999  -999.00   -999.00   -999.00     4  -999.0    -999     0   0   0   0    -999.000  -999.000
0251  125.30   863.5     19.79     70.7    1323  -999  -999.00   -999.00   -999.00     4    -3.3    1323     0   0   0   0    -999.000  -999.000
0252  125.80   864.2     19.82     70.6    1316  -999  -999.00   -999.00   -999.00     4    -3.3    1316     0   0   0   0    -999.000  -999.000
0253  126.30   864.9     19.86     70.6    1309  -999  -999.00   -999.00   -999.00     4    -3.3    1309     0   0   0   0    -999.000  -999.000
0254  126.80   865.6     19.90     70.6    1302  -999  -999.00   -999.00   -999.00     4    -3.4    1302     0   0   0   0    -999.000  -999.000
0255  127.30   866.3     19.95     70.6    1295  -999  -999.00   -999.00   -999.00     4    -3.4    1295     0   0   0   0    -999.000  -999.000
0256  127.80   867.0     20.00     70.6    1288  -999  -999.00   -999.00   -999.00     4    -3.5    1288     0   0   0   0    -999.000  -999.000
0257  128.30   867.7     20.05     70.7    1281  -999  -999.00   -999.00   -999.00     4    -3.5    1281     0   0   0   0    -999.000  -999.000
0258  128.80  -999.0   -999.00   -999.0    -999  -999  -999.00   -999.00   -999.00     4  -999.0    -999     0   0   0   0    -999.000  -999.000
0259  129.30   869.1     20.15     70.8    1267  -999  -999.00   -999.00   -999.00     4    -3.6    1267     0   0   0   0    -999.000  -999.000
0260  129.80   869.8     20.20     70.9    1260  -999  -999.00   -999.00   -999.00  -999    -3.6    1260     0   0   0   0    -999.000  -999.000
0261  130.30   870.5     20.24     71.0    1253  -999  -999.00   -999.00   -999.00  -999    -3.6    1253     0   0   0   0    -999.000  -999.000
0262  130.80   871.2     20.29     71.1    1246  -999  -999.00   -999.00   -999.00     4    -3.6    1246     0   0   0   0    -999.000  -999.000
0263  131.30   871.9     20.33     71.2    1239  -999  -999.00   -999.00   -999.00     4    -3.6    1239     0   0   0   0    -999.000  -999.000
0264  131.80   872.7     20.37     71.4    1232  -999  -999.00   -999.00   -999.00     4    -3.6    1232     0   0   0   0    -999.000  -999.000
0265  132.30   873.4     20.40     71.5    1225  -999  -999.00   -999.00   -999.00  -999    -3.6    1225     0   0   0   0    -999.000  -999.000
0266  132.80   874.1     20.43     71.8    1217  -999  -999.00   -999.00   -999.00  -999    -3.5    1217     0   0   0   0    -999.000  -999.000
0267  133.30   874.8     20.44     72.1    1210  -999  -999.00   -999.00   -999.00     4    -3.5    1210     0   0   0   0    -999.000  -999.000
0268  133.80   875.5     20.45     72.7    1204  -999  -999.00   -999.00   -999.00     4    -3.5    1204     0   0   0   0    -999.000  -999.000
0269  134.30   876.2     20.45     73.3    1197  -999  -999.00   -999.00   -999.00     4    -3.5    1197     0   0   0   0    -999.000  -999.000
0270  134.80   876.9     20.44     74.1    1190  -999  -999.00   -999.00   -999.00     4    -3.5    1190     0   0   0   0    -999.000  -999.000
0271  135.30   877.6     20.42     75.1    1183  -999  -999.00   -999.00   -999.00     4    -3.5    1183     0   0   0   0    -999.000  -999.000
0272  135.80   878.3     20.39     76.1    1176  -999  -999.00   -999.00   -999.00     4    -3.5    1176     0   0   0   0    -999.000  -999.000
0273  136.30   879.0     20.34     77.2    1169  -999  -999.00   -999.00   -999.00     4    -3.5    1169     0   0   0   0    -999.000  -999.000
0274  136.80   879.7     20.29     78.2    1162  -999  -999.00   -999.00   -999.00     4    -3.6    1162     0   0   0   0    -999.000  -999.000
0275  137.30   880.5     20.24     79.3    1155  -999  -999.00   -999.00   -999.00     4    -3.6    1155     0   0   0   0    -999.000  -999.000
0276  137.80   881.2     20.18     80.3    1148  -999  -999.00   -999.00   -999.00  -999    -3.6    1148     0   0   0   0    -999.000  -999.000
0277  138.30   881.9     20.12     81.3    1141  -999  -999.00   -999.00   -999.00     4    -3.6    1141     0   0   0   0    -999.000  -999.000
0278  138.80   882.6     20.06     82.3    1133  -999  -999.00   -999.00   -999.00     4    -3.7    1133     0   0   0   0    -999.000  -999.000
0279  139.30   883.3     20.01     83.1    1126  -999  -999.00   -999.00   -999.00     4    -3.7    1126     0   0   0   0    -999.000  -999.000
0280  139.80   884.0     19.97     83.8    1119  -999  -999.00   -999.00   -999.00     0    -3.7    1119     0   0   0   0    -999.000  -999.000
0281  140.30   884.8     19.93     84.4    1112  -999  -999.00   -999.00   -999.00     4    -3.7    1112     0   0   0   0    -999.000  -999.000
0282  140.80   885.5     19.91     84.8    1105  -999  -999.00   -999.00   -999.00     4    -3.7    1105     0   0   0   0    -999.000  -999.000
0283  141.30   886.2     19.89     85.1    1098  -999  -999.00   -999.00   -999.00     4    -3.7    1098     0   0   0   0    -999.000  -999.000
0284  141.80   886.9     19.89     85.3    1091  -999  -999.00   -999.00   -999.00     4    -3.7    1091     0   0   0   0    -999.000  -999.000
0285  142.30   887.7     19.89     85.5    1084  -999  -999.00   -999.00   -999.00     4    -3.7    1084     0   0   0   0    -999.000  -999.000
0286  142.80   888.4     19.91     85.7    1077  -999  -999.00   -999.00   -999.00     4    -3.7    1077     0   0   0   0    -999.000  -999.000
0287  143.30   889.1     19.92     85.9    1070  -999  -999.00   -999.00   -999.00     4    -3.6    1070     0   0   0   0    -999.000  -999.000
0288  143.80   889.8     19.94     86.1    1063  -999  -999.00   -999.00   -999.00     4    -3.5    1063     0   0   0   0    -999.000  -999.000
0289  144.30   890.6     19.96     86.3    1056  -999  -999.00   -999.00   -999.00     4    -3.4    1056     0   0   0   0    -999.000  -999.000
0290  144.80   891.3     19.98     86.6    1049  -999  -999.00   -999.00   -999.00     4    -3.4    1049     0   0   0   0    -999.000  -999.000
0291  145.30   892.0     20.01     86.8    1042  -999  -999.00   -999.00   -999.00     4    -3.3    1042     0   0   0   0    -999.000  -999.000
0292  145.80   892.7     20.03     87.0    1035  -999  -999.00   -999.00   -999.00     4    -3.2    1035     0   0   0   0    -999.000  -999.000
0293  146.30   893.4     20.06     87.1    1029  -999  -999.00   -999.00   -999.00     4    -3.1    1029     0   0   0   0    -999.000  -999.000
0294  146.80   894.0     20.09     87.2    1022  -999  -999.00   -999.00   -999.00     4    -3.1    1022     0   0   0   0    -999.000  -999.000
0295  147.30   894.7     20.12     87.2    1015  -999  -999.00   -999.00   -999.00     4    -3.1    1015     0   0   0   0    -999.000  -999.000
0296  147.80   895.4     20.16     87.1    1009  -999  -999.00   -999.00   -999.00     4    -3.0    1009     0   0   0   0    -999.000  -999.000
0297  148.30   896.1     20.21     87.0    1002  -999  -999.00   -999.00   -999.00     4    -3.0    1002     0   0   0   0    -999.000  -999.000
0298  148.80   896.8     20.26     86.8     995  -999  -999.00   -999.00   -999.00     4    -3.0     995     0   0   0   0    -999.000  -999.000
0299  149.30   897.5     20.31     86.6     988  -999  -999.00   -999.00   -999.00     4    -3.0     988     0   0   0   0    -999.000  -999.000
0300  149.80   898.2     20.36     86.5     982  -999  -999.00   -999.00   -999.00     4    -3.0     982     0   0   0   0    -999.000  -999.000
0301  150.30   898.9     20.41     86.4     975  -999  -999.00   -999.00   -999.00     4    -3.0     975     0   0   0   0    -999.000  -999.000
0302  150.80   899.6     20.46     86.4     968  -999  -999.00   -999.00   -999.00     4    -3.0     968     0   0   0   0    -999.000  -999.000
0303  151.30   900.3     20.51     86.6     962  -999  -999.00   -999.00   -999.00     4    -3.0     962     0   0   0   0    -999.000  -999.000
0304  151.80   901.0     20.55     86.9     955  -999  -999.00   -999.00   -999.00     4    -2.9     955     0   0   0   0    -999.000  -999.000
0305  152.30   901.7     20.58     87.3     948  -999  -999.00   -999.00   -999.00     4    -2.9     948     0   0   0   0    -999.000  -999.000
0306  152.80   902.3     20.62     87.8     942  -999  -999.00   -999.00   -999.00     4    -2.9     942     0   0   0   0    -999.000  -999.000
0307  153.30   903.0     20.64     88.4     935  -999  -999.00   -999.00   -999.00     4    -2.9     935     0   0   0   0    -999.000  -999.000
0308  153.80   903.7     20.67     88.9     929  -999  -999.00   -999.00   -999.00     4    -2.9     929     0   0   0   0    -999.000  -999.000
0309  154.30   904.4     20.69     89.3     922  -999  -999.00   -999.00   -999.00     4    -2.9     922     0   0   0   0    -999.000  -999.000
0310  154.80   905.1     20.71     89.6     915  -999  -999.00   -999.00   -999.00     4    -2.9     915     0   0   0   0    -999.000  -999.000
0311  155.30   905.8     20.73     89.9     909  -999  -999.00   -999.00   -999.00     4    -2.9     909     0   0   0   0    -999.000  -999.000
0312  155.80   906.5     20.76     90.0     902  -999  -999.00   -999.00   -999.00     5    -2.9     902     0   0   0   0    -999.000  -999.000
0313  156.30   907.2     20.79     90.1     896  -999  -999.00   -999.00   -999.00     5    -2.9     896     0   0   0   0    -999.000  -999.000
0314  156.80   907.9     20.82     90.1     889  -999  -999.00   -999.00   -999.00     4    -2.9     889     0   0   0   0    -999.000  -999.000
0315  157.30   908.5     20.86     90.1     882  -999  -999.00   -999.00   -999.00     4    -2.8     882     0   0   0   0    -999.000  -999.000
0316  157.80   909.2     20.90     90.0     876  -999  -999.00   -999.00   -999.00     4    -2.8     876     0   0   0   0    -999.000  -999.000
0317  158.30   909.9     20.94     90.0     869  -999  -999.00   -999.00   -999.00     4    -2.8     869     0   0   0   0    -999.000  -999.000
0318  158.80   910.6     20.99     89.8     863  -999  -999.00   -999.00   -999.00     4    -2.7     863     0   0   0   0    -999.000  -999.000
0319  159.30   911.3     21.04     89.7     856  -999  -999.00   -999.00   -999.00     4    -2.6     856     0   0   0   0    -999.000  -999.000
0320  159.80   912.0     21.09     89.5     850  -999  -999.00   -999.00   -999.00     5    -2.6     850     0   0   0   0    -999.000  -999.000
0321  160.30   912.6     21.14     89.3     843  -999  -999.00   -999.00   -999.00     4    -2.5     843     0   0   0   0    -999.000  -999.000
0322  160.80   913.3     21.19     89.1     837  -999  -999.00   -999.00   -999.00     4    -2.5     837     0   0   0   0    -999.000  -999.000
0323  161.30   914.0     21.25     88.9     831  -999  -999.00   -999.00   -999.00     4    -2.4     831     0   0   0   0    -999.000  -999.000
0324  161.80   914.6     21.30     88.6     824  -999  -999.00   -999.00   -999.00     4    -2.4     824     0   0   0   0    -999.000  -999.000
0325  162.30   915.3     21.36     88.4     818  -999  -999.00   -999.00   -999.00     4    -2.4     818     0   0   0   0    -999.000  -999.000
0326  162.80   916.0     21.42     88.2     812  -999  -999.00   -999.00   -999.00     4    -2.4     812     0   0   0   0    -999.000  -999.000
0327  163.30   916.6     21.48     87.9     805  -999  -999.00   -999.00   -999.00     4    -2.4     805     0   0   0   0    -999.000  -999.000
0328  163.80   917.3     21.54     87.6     799  -999  -999.00   -999.00   -999.00     4    -2.4     799     0   0   0   0    -999.000  -999.000
0329  164.30   918.0     21.60     87.4     793  -999  -999.00   -999.00   -999.00     4    -2.5     793     0   0   0   0    -999.000  -999.000
0330  164.80   918.6     21.66     87.1     786  -999  -999.00   -999.00   -999.00     4    -2.5     786     0   0   0   0    -999.000  -999.000
0331  165.30   919.3     21.72     86.9     780  -999  -999.00   -999.00   -999.00     4    -2.6     780     0   0   0   0    -999.000  -999.000
0332  165.80   920.0     21.78     86.6     773  -999  -999.00   -999.00   -999.00     4    -2.7     773     0   0   0   0    -999.000  -999.000
0333  166.30   920.7     21.84     86.4     767  -999  -999.00   -999.00   -999.00     4    -2.7     767     0   0   0   0    -999.000  -999.000
0334  166.80   921.4     21.89     86.2     760  -999  -999.00   -999.00   -999.00     5    -2.8     760     0   0   0   0    -999.000  -999.000
0335  167.30   922.1     21.95     85.9     754  -999  -999.00   -999.00   -999.00     5    -2.9     754     0   0   0   0    -999.000  -999.000
0336  167.80   922.8     22.01     85.6     747  -999  -999.00   -999.00   -999.00     5    -3.0     747     0   0   0   0    -999.000  -999.000
0337  168.30   923.5     22.07     85.3     741  -999  -999.00   -999.00   -999.00     5    -3.0     741     0   0   0   0    -999.000  -999.000
0338  168.80   924.2     22.14     85.0     734  -999  -999.00   -999.00   -999.00     5    -3.1     734     0   0   0   0    -999.000  -999.000
0339  169.30   924.9     22.20     84.7     727  -999  -999.00   -999.00   -999.00     5    -3.2     727     0   0   0   0    -999.000  -999.000
0340  169.80   925.6     22.26     84.3     721  -999  -999.00   -999.00   -999.00     5    -3.2     721     0   0   0   0    -999.000  -999.000
0341  170.30   926.3     22.33     84.0     714  -999  -999.00   -999.00   -999.00     5    -3.3     714     0   0   0   0    -999.000  -999.000
0342  170.80   927.0     22.39     83.7     707  -999  -999.00   -999.00   -999.00     5    -3.3     707     0   0   0   0    -999.000  -999.000
0343  171.30   927.7     22.45     83.5     700  -999  -999.00   -999.00   -999.00     5    -3.4     700     0   0   0   0    -999.000  -999.000
0344  171.80   928.5     22.51     83.3     694  -999  -999.00   -999.00   -999.00  -999    -3.4     694     0   0   0   0    -999.000  -999.000
0345  172.30   929.2     22.57     83.2     687  -999  -999.00   -999.00   -999.00     5    -3.4     687     0   0   0   0    -999.000  -999.000
0346  172.80   929.9     22.62     83.1     680  -999  -999.00   -999.00   -999.00     5    -3.4     680     0   0   0   0    -999.000  -999.000
0347  173.30   930.6     22.67     83.1     673  -999  -999.00   -999.00   -999.00     5    -3.4     673     0   0   0   0    -999.000  -999.000
0348  173.80   931.4     22.72     83.1     666  -999  -999.00   -999.00   -999.00     5    -3.3     666     0   0   0   0    -999.000  -999.000
0349  174.30   932.1     22.77     83.1     659  -999  -999.00   -999.00   -999.00     5    -3.3     659     0   0   0   0    -999.000  -999.000
0350  174.80   932.8     22.81     83.1     653  -999  -999.00   -999.00   -999.00     5    -3.3     653     0   0   0   0    -999.000  -999.000
0351  175.30   933.5     22.85     83.1     646  -999  -999.00   -999.00   -999.00     5    -3.2     646     0   0   0   0    -999.000  -999.000
0352  175.80   934.2     22.89     83.1     639  -999  -999.00   -999.00   -999.00     5    -3.2     639     0   0   0   0    -999.000  -999.000
0353  176.30   934.9     22.93     83.1     633  -999  -999.00   -999.00   -999.00     5    -3.1     633     0   0   0   0    -999.000  -999.000
0354  176.80   935.6     22.98     83.0     626  -999  -999.00   -999.00   -999.00     5    -3.1     626     0   0   0   0    -999.000  -999.000
0355  177.30   936.4     23.03     82.9     619  -999  -999.00   -999.00   -999.00     5    -3.1     619     0   0   0   0    -999.000  -999.000
0356  177.80   937.1     23.08     82.8     613  -999  -999.00   -999.00   -999.00  -999    -3.1     613     0   0   0   0    -999.000  -999.000
0357  178.30   937.8     23.13     82.6     606  -999  -999.00   -999.00   -999.00     5    -3.1     606     0   0   0   0    -999.000  -999.000
0358  178.80   938.5     23.18     82.4     600  -999  -999.00   -999.00   -999.00     5    -3.1     600     0   0   0   0    -999.000  -999.000
0359  179.30   939.2     23.24     82.2     593  -999  -999.00   -999.00   -999.00     5    -3.1     593     0   0   0   0    -999.000  -999.000
0360  179.80   939.9     23.29     82.0     586  -999  -999.00   -999.00   -999.00     5    -3.1     586     0   0   0   0    -999.000  -999.000
0361  180.30   940.6     23.35     81.7     580  -999  -999.00   -999.00   -999.00     5    -3.2     580     0   0   0   0    -999.000  -999.000
0362  180.80   941.3     23.41     81.4     573  -999  -999.00   -999.00   -999.00     5    -3.2     573     0   0   0   0    -999.000  -999.000
0363  181.30   942.1     23.48     81.1     566  -999  -999.00   -999.00   -999.00     5    -3.2     566     0   0   0   0    -999.000  -999.000
0364  181.80   942.8     23.54     80.8     560  -999  -999.00   -999.00   -999.00     5    -3.3     560     0   0   0   0    -999.000  -999.000
0365  182.30   943.5     23.60     80.5     553  -999  -999.00   -999.00   -999.00     5    -3.3     553     0   0   0   0    -999.000  -999.000
0366  182.80   944.2     23.66     80.2     546  -999  -999.00   -999.00   -999.00     5    -3.3     546     0   0   0   0    -999.000  -999.000
0367  183.30   945.0     23.73     79.9     539  -999  -999.00   -999.00   -999.00     5    -3.3     539     0   0   0   0    -999.000  -999.000
0368  183.80   945.7     23.79     79.6     533  -999  -999.00   -999.00   -999.00     5    -3.3     533     0   0   0   0    -999.000  -999.000
0369  184.30   946.4     23.85     79.4     526  -999  -999.00   -999.00   -999.00     5    -3.3     526     0   0   0   0    -999.000  -999.000
0370  184.80   947.1     23.91     79.1     519  -999  -999.00   -999.00   -999.00     5    -3.4     519     0   0   0   0    -999.000  -999.000
0371  185.30   947.9     23.97     78.9     512  -999  -999.00   -999.00   -999.00     5    -3.4     512     0   0   0   0    -999.000  -999.000
0372  185.80   948.6     24.03     78.6     506  -999  -999.00   -999.00   -999.00     5    -3.4     506     0   0   0   0    -999.000  -999.000
0373  186.30   949.3     24.09     78.4     499  -999  -999.00   -999.00   -999.00     5    -3.4     499     0   0   0   0    -999.000  -999.000
0374  186.80   950.1     24.16     78.1     492  -999  -999.00   -999.00   -999.00     5    -3.4     492     0   0   0   0    -999.000  -999.000
0375  187.30   950.8     24.22     77.9     485  -999  -999.00   -999.00   -999.00     5    -3.4     485     0   0   0   0    -999.000  -999.000
0376  187.80   951.5     24.28     77.6     479  -999  -999.00   -999.00   -999.00  -999    -3.4     479     0   0   0   0    -999.000  -999.000
0377  188.30   952.3     24.35     77.4     472  -999  -999.00   -999.00   -999.00     5    -3.4     472     0   0   0   0    -999.000  -999.000
0378  188.80   953.0     24.41     77.2     465  -999  -999.00   -999.00   -999.00     5    -3.4     465     0   0   0   0    -999.000  -999.000
0379  189.30   953.7     24.47     76.9     458  -999  -999.00   -999.00   -999.00     5    -3.4     458     0   0   0   0    -999.000  -999.000
0380  189.80   954.4     24.53     76.7     452  -999  -999.00   -999.00   -999.00     5    -3.5     452     0   0   0   0    -999.000  -999.000
0381  190.30   955.2     24.60     76.5     445  -999  -999.00   -999.00   -999.00     5    -3.5     445     0   0   0   0    -999.000  -999.000
0382  190.80   955.9     24.66     76.3     438  -999  -999.00   -999.00   -999.00     5    -3.6     438     0   0   0   0    -999.000  -999.000
0383  191.30   956.7     24.72     76.1     431  -999  -999.00   -999.00   -999.00     5    -3.6     431     0   0   0   0    -999.000  -999.000
0384  191.80   957.4     24.78     76.0     424  -999  -999.00   -999.00   -999.00     5    -3.7     424     0   0   0   0    -999.000  -999.000
0385  192.30   958.1     24.84     75.8     417  -999  -999.00   -999.00   -999.00     5    -3.7     417     0   0   0   0    -999.000  -999.000
0386  192.80   958.9     24.91     75.7     411  -999  -999.00   -999.00   -999.00     5    -3.7     411     0   0   0   0    -999.000  -999.000
0387  193.30   959.7     24.97     75.6     404  -999  -999.00   -999.00   -999.00     5    -3.7     404     0   0   0   0    -999.000  -999.000
0388  193.80   960.4     25.03     75.5     397  -999  -999.00   -999.00   -999.00     5    -3.7     397     0   0   0   0    -999.000  -999.000
0389  194.30   961.2     25.09     75.4     390  -999  -999.00   -999.00   -999.00     5    -3.6     390     0   0   0   0    -999.000  -999.000
0390  194.80   961.9     25.15     75.3     383  -999  -999.00   -999.00   -999.00     5    -3.5     383     0   0   0   0    -999.000  -999.000
0391  195.30   962.7     25.21     75.2     376  -999  -999.00   -999.00   -999.00     5    -3.3     376     0   0   0   0    -999.000  -999.000
0392  195.80   963.4     25.27     75.1     369  -999  -999.00   -999.00   -999.00     5    -3.1     369     0   0   0   0    -999.000  -999.000
0393  196.30   964.1     25.33     75.1     363  -999  -999.00   -999.00   -999.00     5    -2.9     363     0   0   0   0    -999.000  -999.000
0394  196.80   964.8     25.39     75.1     356  -999  -999.00   -999.00   -999.00     5    -2.7     356     0   0   0   0    -999.000  -999.000
0395  197.30   965.5     25.45     75.1     350  -999  -999.00   -999.00   -999.00     5    -2.5     350     0   0   0   0    -999.000  -999.000
0396  197.80   966.2     25.50     75.0     344  -999  -999.00   -999.00   -999.00     5    -2.2     344     0   0   0   0    -999.000  -999.000
0397  198.30   966.9     25.56     75.0     338  -999  -999.00   -999.00   -999.00     5    -2.0     338     0   0   0   0    -999.000  -999.000
0398  198.80   967.5     25.61     74.9     332  -999  -999.00   -999.00   -999.00  -999    -1.8     332     0   0   0   0    -999.000  -999.000
0399  199.30   968.1     25.66     74.7     326  -999  -999.00   -999.00   -999.00     5    -1.7     326     0   0   0   0    -999.000  -999.000
0400  199.80   968.8     25.71     74.5     320  -999  -999.00   -999.00   -999.00     5    -1.5     320     0   0   0   0    -999.000  -999.000
0401  200.30   969.4     25.77     74.2     315  -999  -999.00   -999.00   -999.00     5    -1.5     315     0   0   0   0    -999.000  -999.000
0402  200.80   970.0     25.82     73.9     309  -999  -999.00   -999.00   -999.00     5    -1.4     309     0   0   0   0    -999.000  -999.000
0403  201.30   970.6     25.88     73.6     303  -999  -999.00   -999.00   -999.00     5    -1.4     303     0   0   0   0    -999.000  -999.000
0404  201.80   971.3     25.93     73.2     297  -999  -999.00   -999.00   -999.00     5    -1.4     297     0   0   0   0    -999.000  -999.000
0405  202.30   971.9     25.99     72.9     292  -999  -999.00   -999.00   -999.00     5    -1.4     292     0   0   0   0    -999.000  -999.000
0406  202.80   972.6     26.04     72.6     286  -999  -999.00   -999.00   -999.00     5    -1.5     286     0   0   0   0    -999.000  -999.000
0407  203.30   973.2     26.10     72.4     280  -999  -999.00   -999.00   -999.00  -999    -1.5     280     0   0   0   0    -999.000  -999.000
0408  203.80   973.8     26.16     72.2     274  -999  -999.00   -999.00   -999.00     5    -1.6     274     0   0   0   0    -999.000  -999.000
0409  204.30   974.5     26.21     72.1     268  -999  -999.00   -999.00   -999.00     5    -1.7     268     0   0   0   0    -999.000  -999.000
0410  204.80   975.1     26.27     72.0     263  -999  -999.00   -999.00   -999.00     5    -1.7     263     0   0   0   0    -999.000  -999.000
0411  205.30   975.8     26.32     72.0     257  -999  -999.00   -999.00   -999.00     5    -1.8     257     0   0   0   0    -999.000  -999.000
0412  205.80   976.4     26.38     71.9     251  -999  -999.00   -999.00   -999.00     5    -1.9     251     0   0   0   0    -999.000  -999.000
0413  206.30   977.1     26.43     71.8     245  -999  -999.00   -999.00   -999.00     5    -2.1     245     0   0   0   0    -999.000  -999.000
0414  206.80   977.7     26.48     71.7     239  -999  -999.00   -999.00   -999.00     5    -2.2     239     0   0   0   0    -999.000  -999.000
0415  207.30   978.4     26.54     71.5     232  -999  -999.00   -999.00   -999.00     5    -2.3     232     0   0   0   0    -999.000  -999.000
0416  207.80   979.1     26.60     71.3     226  -999  -999.00   -999.00   -999.00     5    -2.4     226     0   0   0   0    -999.000  -999.000
0417  208.30   979.8     26.65     71.1     220  -999  -999.00   -999.00   -999.00     5    -2.5     220     0   0   0   0    -999.000  -999.000
0418  208.80   980.5     26.71     70.8     214  -999  -999.00   -999.00   -999.00     5    -2.5     214     0   0   0   0    -999.000  -999.000
0419  209.30   981.2     26.77     70.6     207  -999  -999.00   -999.00   -999.00     5    -2.6     207     0   0   0   0    -999.000  -999.000
0420  209.80   981.9     26.83     70.3     201  -999  -999.00   -999.00   -999.00     5    -2.7     201     0   0   0   0    -999.000  -999.000
0421  210.30   982.6     26.89     70.1     195  -999  -999.00   -999.00   -999.00     5    -2.7     195     0   0   0   0    -999.000  -999.000
0422  210.80   983.3     26.96     70.0     188  -999  -999.00   -999.00   -999.00     5    -2.7     188     0   0   0   0    -999.000  -999.000
0423  211.30   984.0     27.02     69.8     182  -999  -999.00   -999.00   -999.00     5    -2.8     182     0   0   0   0    -999.000  -999.000
0424  211.80   984.7     27.08     69.7     176  -999  -999.00   -999.00   -999.00     5    -2.8     176     0   0   0   0    -999.000  -999.000
0425  212.30   985.4     27.14     69.5     169  -999  -999.00   -999.00   -999.00  -999    -2.9     169     0   0   0   0    -999.000  -999.000
0426  212.80   986.1     27.20     69.4     163  -999  -999.00   -999.00   -999.00     5    -2.9     163     0   0   0   0    -999.000  -999.000
0427  213.30   986.8     27.26     69.3     156  -999  -999.00   -999.00   -999.00     5    -2.9     156     0   0   0   0    -999.000  -999.000
0428  213.80   987.6     27.33     69.3     150  -999  -999.00   -999.00   -999.00     5    -3.0     150     0   0   0   0    -999.000  -999.000
0429  214.30   988.3     27.39     69.4     143  -999  -999.00   -999.00   -999.00     5    -3.0     143     0   0   0   0    -999.000  -999.000
0430  214.80   989.0     27.45     69.5     137  -999  -999.00   -999.00   -999.00     5    -3.0     137     0   0   0   0    -999.000  -999.000
0431  215.30   989.7     27.51     69.6     130  -999  -999.00   -999.00   -999.00     5    -3.0     130     0   0   0   0    -999.000  -999.000
0432  215.80   990.5     27.58     69.7     124  -999  -999.00   -999.00   -999.00     5    -2.9     124     0   0   0   0    -999.000  -999.000
0433  216.30   991.2     27.64     69.8     117  -999  -999.00   -999.00   -999.00     5    -2.8     117     0   0   0   0    -999.000  -999.000
0434  216.80   991.9     27.70     69.9     111  -999  -999.00   -999.00   -999.00     5    -2.8     111     0   0   0   0    -999.000  -999.000
0435  217.30   992.6     27.77     69.9     105  -999  -999.00   -999.00   -999.00     5    -2.7     105     0   0   0   0    -999.000  -999.000
0436  217.80   993.3     27.83     69.9      98  -999  -999.00   -999.00   -999.00     5    -2.6      98     0   0   0   0    -999.000  -999.000
0437  218.30   994.0     27.89     69.9      92  -999  -999.00   -999.00   -999.00     5    -2.5      92     0   0   0   0    -999.000  -999.000
0438  218.80   994.7     27.96     69.8      86  -999  -999.00   -999.00   -999.00     5    -2.4      86     0   0   0   0    -999.000  -999.000
0439  219.30   995.4     28.02     69.7      80  -999  -999.00   -999.00   -999.00     5    -2.3      80     0   0   0   0    -999.000  -999.000
0440  219.80   996.1     28.09     69.7      74  -999  -999.00   -999.00   -999.00     4    -2.2      74     0   0   0   0    -999.000  -999.000
0441  220.30   996.7     28.16     69.6      68  -999  -999.00   -999.00   -999.00     5    -2.1      68     0   0   0   0    -999.000  -999.000
0442  220.80   997.4     28.22     69.5      62  -999  -999.00   -999.00   -999.00     5    -2.0      62     0   0   0   0    -999.000  -999.000
0443  221.30   998.1     28.29     69.4      56  -999  -999.00   -999.00   -999.00     5    -2.0      56     0   0   0   0    -999.000  -999.000
0444  221.80   998.7     28.35     69.3      50  -999  -999.00   -999.00   -999.00     5    -2.0      50     0   0   0   0    -999.000  -999.000
0445  222.30   999.4     28.42     69.3      44  -999  -999.00   -999.00   -999.00     5    -2.0      44     0   0   0   0    -999.000  -999.000
0446  222.80  1000.1     28.48     69.3      38  -999  -999.00   -999.00   -999.00     5    -2.1      38     0   0   0   0    -999.000  -999.000
0447  223.30  1000.7     28.54     69.3      32  -999  -999.00   -999.00   -999.00     5    -2.1      32     0   0   0   0    -999.000  -999.000
0448  223.80  1001.4     28.60     69.3      26  -999  -999.00   -999.00   -999.00     5    -2.2      26     0   0   0   0    -999.000  -999.000
0449  224.30  1002.1     28.67     69.4      20  -999  -999.00   -999.00   -999.00     5    -2.3      20     0   0   0   0    -999.000  -999.000
0450  224.80  1002.8     28.73     69.4      14  -999  -999.00   -999.00   -999.00     5    -2.3      14     0   0   0   0    -999.000  -999.000
0451  225.30  1003.6     28.79     69.5       7  -999  -999.00   -999.00   -999.00     5    -2.4       7     0   0   0   0    -999.000  -999.000
0452  225.84  1004.3     28.79     69.5       0  -999  -999.00   -999.00   -999.00  -999  -999.0       0     0   0   0   0    -999.000  -999.000
