 ===========================================================================
 DROPWINDSONDE PROCESSING RECORD                            Sonde: 061319099
 FRD file written by Aspen V3.4.8, 29 Jun 2023 19:06 UTC
 Aircraft: WP-3D Orion, N42RF                Date: 080722   Time: 112815 UTC
 ---------------------------------------------------------------------------
 Bias corrections:  PR =   0.0 mb  TE =   0.0 C  RH =   0.0 %  PRB =  0.0 mb
 Filters (LPF):     PTH = 
 Dyn RH correction = 
 Estimated PR used = 
 Dyn T correction  = 
 ---------------------------------------------------------------------------
 COMMENT: none, Good Drop
 ===========================================================================

 ===========================================================================
 Date: 080722   Lat:  23.72 N   TA:   12.0 C   PS:  696.2 mb   WD:    87 deg
 Time: 112815   Lon:  94.02 W   TD:    8.5 C   GA:   3063 m    WS:   2.1 m/s
 SID:  061319099                RH:   79.1 %   Navaid:   GP
 ===========================================================================

IX      t (s)  P (mb)    T (C)    RH (%)  Z (m)   WD    WS (m/s)   U (m/s)   V (m/s)  NS  WZ (m/s)  ZW (m)   FP  FT  FH  FW    LAT (N)   LON (E)
0001    0.15  -999.0   -999.00   -999.0    -999  -999  -999.00   -999.00   -999.00     0  -999.0    -999     0   0   0   0    -999.000  -999.000
0002    0.65  -999.0   -999.00   -999.0    -999  -999  -999.00   -999.00   -999.00     8  -999.0    -999     0   0   0   0      23.715   -94.022
0003    1.15  -999.0   -999.00   -999.0    -999  -999  -999.00   -999.00   -999.00     9  -999.0    -999     0   0   0   0      23.715   -94.022
0004    1.65  -999.0   -999.00   -999.0    -999  -999  -999.00   -999.00   -999.00    10  -999.0    -999     0   0   0   0      23.715   -94.022
0005    2.15  -999.0   -999.00   -999.0    -999  -999  -999.00   -999.00   -999.00    10  -999.0    -999     0   0   0   0      23.714   -94.023
0006    2.65  -999.0   -999.00   -999.0    -999  -999  -999.00   -999.00   -999.00     6  -999.0    -999     0   0   0   0      23.715   -94.022
0007    3.15  -999.0   -999.00   -999.0    -999  -999  -999.00   -999.00   -999.00     6  -999.0    -999     0   0   0   0      23.715   -94.022
0008    3.65  -999.0   -999.00   -999.0    -999  -999  -999.00   -999.00   -999.00     6  -999.0    -999     0   0   0   0      23.715   -94.022
0009    4.15  -999.0   -999.00   -999.0    -999  -999  -999.00   -999.00   -999.00     8  -999.0    -999     0   0   0   0      23.715   -94.022
0010    4.65  -999.0   -999.00   -999.0    -999  -999  -999.00   -999.00   -999.00    10  -999.0    -999     0   0   0   0      23.715   -94.022
0011    5.15  -999.0   -999.00   -999.0    -999  -999  -999.00   -999.00   -999.00    10  -999.0    -999     0   0   0   0      23.715   -94.022
0012    5.65  -999.0   -999.00   -999.0    -999  -999  -999.00   -999.00   -999.00    10  -999.0    -999     0   0   0   0      23.715   -94.022
0013    6.15  -999.0   -999.00   -999.0    -999  -999  -999.00   -999.00   -999.00    10  -999.0    -999     0   0   0   0      23.715   -94.022
0014    6.65  -999.0   -999.00   -999.0    -999  -999  -999.00   -999.00   -999.00    10  -999.0    -999     0   0   0   0      23.715   -94.022
0015    7.15  -999.0   -999.00   -999.0    -999  -999  -999.00   -999.00   -999.00    10  -999.0    -999     0   0   0   0      23.715   -94.022
0016    7.65  -999.0   -999.00   -999.0    -999  -999  -999.00   -999.00   -999.00    10  -999.0    -999     0   0   0   0      23.715   -94.022
0017    8.15  -999.0   -999.00   -999.0    -999  -999  -999.00   -999.00   -999.00    10  -999.0    -999     0   0   0   0      23.715   -94.022
0018    8.65  -999.0   -999.00   -999.0    -999  -999  -999.00   -999.00   -999.00    10  -999.0    -999     0   0   0   0      23.715   -94.022
0019    9.15  -999.0   -999.00   -999.0    -999  -999  -999.00   -999.00   -999.00    10  -999.0    -999     0   0   0   0      23.715   -94.022
0020    9.65  -999.0   -999.00   -999.0    -999  -999  -999.00   -999.00   -999.00    10  -999.0    -999     0   0   0   0      23.715   -94.022
0021   10.15  -999.0   -999.00   -999.0    -999   116     2.57     -2.31      1.12    10  -999.0    -999     0   0   0   0      23.715   -94.022
0022   10.65  -999.0   -999.00   -999.0    -999   117     2.61     -2.33      1.17    10  -999.0    -999     0   0   0   0      23.715   -94.022
0023   11.15  -999.0   -999.00   -999.0    -999   117     2.66     -2.36      1.23    10  -999.0    -999     0   0   0   0      23.715   -94.022
0024   11.65  -999.0   -999.00   -999.0    -999   118     2.71     -2.39      1.28    10  -999.0    -999     0   0   0   0      23.715   -94.022
0025   12.15  -999.0   -999.00   -999.0    -999   119     2.77     -2.42      1.34    10  -999.0    -999     0   0   0   0      23.715   -94.022
0026   12.65  -999.0   -999.00   -999.0    -999   120     2.83     -2.45      1.40    10  -999.0    -999     0   0   0   0      23.715   -94.022
0027   13.15  -999.0   -999.00   -999.0    -999   121     2.89     -2.49      1.47    10  -999.0    -999     0   0   0   0      23.715   -94.022
0028   13.65  -999.0   -999.00   -999.0    -999   121     2.95     -2.52      1.53    10  -999.0    -999     0   0   0   0      23.715   -94.022
0029   14.15   711.3     13.09   -999.0    2882   122     3.13     -2.65      1.68    10    -1.5    2882     0   0   0   0      23.715   -94.022
0030   14.65   711.9     13.08   -999.0    2875   122     3.17     -2.67      1.70    11    -1.6    2875     0   0   0   0      23.715   -94.022
0031   15.15   712.4     13.08   -999.0    2869   122     3.18     -2.69      1.69    11    -1.6    2869     0   0   0   0      23.715   -94.022
0032   15.65   713.0     13.08   -999.0    2862   121     3.17     -2.70      1.66    11    -1.7    2862     0   0   0   0      23.715   -94.022
0033   16.15   713.5     13.07   -999.0    2855   121     3.14     -2.70      1.60    11    -1.8    2855     0   0   0   0      23.715   -94.022
0034   16.65   714.1     13.07   -999.0    2849   120     3.09     -2.69      1.54    11    -1.8    2849     0   0   0   0      23.715   -94.022
0035   17.15   714.7     13.07   -999.0    2842   119     3.03     -2.65      1.46    11    -1.8    2842     0   0   0   0      23.715   -94.022
0036   17.65   715.2     13.07   -999.0    2835   118     2.95     -2.61      1.38    11    -1.7    2835     0   0   0   0      23.715   -94.022
0037   18.15   715.8     13.07   -999.0    2829   117     2.86     -2.54      1.30    11    -1.7    2829     0   0   0   0      23.715   -94.022
0038   18.65   716.4     13.08   -999.0    2822   117     2.76     -2.46      1.24    11    -1.7    2822     0   0   0   0      23.715   -94.022
0039   19.15   716.9     13.09   -999.0    2816   116     2.65     -2.38      1.18    11    -1.6    2816     0   0   0   0      23.715   -94.022
0040   19.65   717.5     13.10   -999.0    2809   116     2.55     -2.29      1.13    11    -1.6    2809     0   0   0   0      23.715   -94.022
0041   20.15   718.0     13.11   -999.0    2803   116     2.45     -2.20      1.09    11    -1.6    2803     0   0   0   0      23.715   -94.022
0042   20.65   718.6     13.13   -999.0    2796   117     2.37     -2.11      1.06    11    -1.6    2796     0   0   0   0      23.716   -94.022
0043   21.15   719.1     13.15   -999.0    2790   117     2.29     -2.04      1.04    11    -1.6    2790     0   0   0   0      23.716   -94.022
0044   21.65   719.7     13.18   -999.0    2783   117     2.23     -1.98      1.02    11    -1.6    2783     0   0   0   0      23.716   -94.022
0045   22.15   720.2     13.21   -999.0    2777   118     2.18     -1.93      1.02    11    -1.6    2777     0   0   0   0      23.716   -94.022
0046   22.65   720.8     13.24   -999.0    2770   118     2.15     -1.89      1.02    11    -1.6    2770     0   0   0   0      23.716   -94.022
0047   23.15   721.3     13.27   -999.0    2764   119     2.13     -1.87      1.02    11    -1.6    2764     0   0   0   0      23.716   -94.022
0048   23.65   721.9     13.31   -999.0    2757   119     2.11     -1.84      1.02    11    -1.7    2757     0   0   0   0      23.716   -94.022
0049   24.15   722.4     13.34   -999.0    2751   119     2.10     -1.83      1.02    11    -1.7    2751     0   0   0   0      23.716   -94.022
0050   24.65   723.0     13.37     85.0    2744   119     2.08     -1.82      1.01    11    -1.7    2744     0   0   0   0      23.716   -94.022
0051   25.15   723.6     13.39     85.4    2737   119     2.07     -1.81      1.00    11    -1.7    2737     0   0   0   0      23.716   -94.022
0052   25.65   724.1     13.42     85.8    2731   119     2.05     -1.80      0.98    11    -1.7    2731     0   0   0   0      23.716   -94.022
0053   26.15   724.7     13.44     86.1    2724   118     2.04     -1.79      0.97    11    -1.7    2724     0   0   0   0      23.716   -94.022
0054   26.65   725.3     13.45     86.4    2718   118     2.01     -1.77      0.95    11    -1.7    2718     0   0   0   0      23.716   -94.022
0055   27.15   725.8     13.47     86.6    2711   118     1.98     -1.74      0.94    11    -1.7    2711     0   0   0   0      23.716   -94.022
0056   27.65   726.4     13.49     86.7    2705   119     1.94     -1.70      0.94    11    -1.7    2705     0   0   0   0      23.716   -94.022
0057   28.15   726.9     13.51     86.7    2698   120     1.89     -1.64      0.93    11    -1.6    2698     0   0   0   0      23.716   -94.022
0058   28.65   727.5     13.53     86.7    2692   121     1.83     -1.57      0.94    11    -1.6    2692     0   0   0   0      23.716   -94.022
0059   29.15   728.1     13.55     86.7    2685   122     1.76     -1.49      0.94    11    -1.6    2685     0   0   0   0      23.716   -94.022
0060   29.65   728.6     13.57     86.6    2679   124     1.68     -1.39      0.94    12    -1.6    2679     0   0   0   0      23.716   -94.022
0061   30.15   729.2     13.60     86.5    2672   126     1.60     -1.30      0.93    12    -1.6    2672     0   0   0   0      23.716   -94.022
0062   30.65   729.7     13.63     86.3    2666   127     1.52     -1.21      0.93    12    -1.6    2666     0   0   0   0      23.716   -94.022
0063   31.15   730.3     13.66     86.1    2659   129     1.45     -1.12      0.92    12    -1.6    2659     0   0   0   0      23.716   -94.022
0064   31.65   730.9     13.70     85.8    2653   131     1.38     -1.04      0.91    12    -1.7    2653     0   0   0   0      23.716   -94.022
0065   32.15   731.4     13.74     85.5    2646   133     1.33     -0.97      0.91    12    -1.7    2646     0   0   0   0      23.716   -94.022
0066   32.65   732.0     13.78     85.2    2640   135     1.30     -0.92      0.92    12    -1.7    2640     0   0   0   0      23.716   -94.022
0067   33.15   732.5     13.82     84.8    2633   137     1.29     -0.88      0.94    12    -1.7    2633     0   0   0   0      23.716   -94.022
0068   33.65   733.1     13.86     84.4    2627   139     1.30     -0.86      0.98    12    -1.7    2627     0   0   0   0      23.716   -94.022
0069   34.15   733.7     13.90     84.1    2620   140     1.33     -0.85      1.02    12    -1.7    2620     0   0   0   0      23.716   -94.022
0070   34.65   734.2     13.94     83.8    2614   141     1.38     -0.86      1.07    12    -1.7    2614     0   0   0   0      23.716   -94.022
0071   35.15   734.8     13.98     83.6    2607   142     1.42     -0.88      1.12    12    -1.7    2607     0   0   0   0      23.716   -94.022
0072   35.65   735.4     14.02     83.5    2601   142     1.46     -0.90      1.15    12    -1.8    2601     0   0   0   0      23.716   -94.022
0073   36.15   735.9     14.06     83.3    2594   142     1.50     -0.93      1.18    12    -1.8    2594     0   0   0   0      23.716   -94.022
0074   36.65   736.5     14.09     83.3    2588   141     1.52     -0.95      1.19    12    -1.8    2588     0   0   0   0      23.716   -94.022
0075   37.15   737.1     14.13     83.2    2581   141     1.54     -0.97      1.19    12    -1.8    2581     0   0   0   0      23.716   -94.022
0076   37.65   737.6     14.17     83.1    2575   140     1.55     -0.99      1.19    12    -1.7    2575     0   0   0   0      23.716   -94.022
0077   38.15   738.2     14.21     83.0    2568   139     1.55     -1.01      1.17    12    -1.7    2568     0   0   0   0      23.716   -94.022
0078   38.65   738.8     14.25     82.9    2562   138     1.54     -1.03      1.15    12    -1.7    2562     0   0   0   0      23.716   -94.022
0079   39.15   739.3     14.29     82.9    2555   137     1.53     -1.05      1.11    12    -1.6    2555     0   0   0   0      23.716   -94.022
0080   39.65   739.9     14.33     82.8    2549   135     1.52     -1.08      1.07    12    -1.6    2549     0   0   0   0      23.716   -94.022
0081   40.15   740.5     14.37     82.7    2542   133     1.50     -1.10      1.02    12    -1.5    2542     0   0   0   0      23.716   -94.022
0082   40.65   741.0     14.41     82.6    2536   130     1.48     -1.13      0.95    12    -1.5    2536     0   0   0   0      23.716   -94.022
0083   41.15   741.6     14.45     82.6    2530   127     1.46     -1.16      0.88    12    -1.4    2530     0   0   0   0      23.716   -94.022
0084   41.65   742.1     14.49     82.7    2523   124     1.44     -1.20      0.80    12    -1.4    2523     0   0   0   0      23.716   -94.022
0085   42.15   742.7     14.52     82.8    2517   120     1.42     -1.23      0.71    12    -1.4    2517     0   0   0   0      23.716   -94.022
0086   42.65   743.2     14.56     83.0    2511  -999  -999.00   -999.00   -999.00     0    -1.3    2511     0   0   0   0    -999.000  -999.000
0087   43.15   743.8     14.59     83.3    2504   112     1.40     -1.30      0.53    12    -1.3    2504     0   0   0   0      23.716   -94.022
0088   43.65   744.3     14.62     83.5    2498   108     1.39     -1.32      0.43    12    -1.2    2498     0   0   0   0      23.716   -94.022
0089   44.15   744.9     14.65     83.7    2492   104     1.39     -1.34      0.34    12    -1.2    2492     0   0   0   0      23.716   -94.022
0090   44.65   745.4     14.68     83.8    2485  -999  -999.00   -999.00   -999.00     0    -1.2    2485     0   0   0   0    -999.000  -999.000
0091   45.15   746.0     14.70     83.9    2479    98     1.37     -1.35      0.18    12    -1.1    2479     0   0   0   0      23.716   -94.022
0092   45.65   746.5     14.73     83.8    2473    95     1.35     -1.34      0.12    12    -1.1    2473     0   0   0   0      23.716   -94.022
0093   46.15   747.1     14.75     83.7    2467    93     1.32     -1.32      0.06    12    -1.1    2467     0   0   0   0      23.716   -94.022
0094   46.65   747.6     14.78     83.5    2461    90     1.28     -1.28      0.01    12    -1.1    2461     0   0   0   0      23.716   -94.022
0095   47.15   748.2     14.80     83.3    2455    88     1.25     -1.25     -0.04    12    -1.1    2455     0   0   0   0      23.716   -94.022
0096   47.65   748.7     14.83     83.0    2448    87     1.21     -1.21     -0.07    12    -1.1    2448     0   0   0   0      23.716   -94.022
0097   48.15   749.2     14.85     82.7    2442  -999  -999.00   -999.00   -999.00     0    -1.1    2442     0   0   0   0    -999.000  -999.000
0098   48.65   749.8     14.88     82.4    2436    85     1.15     -1.14     -0.11    12    -1.1    2436     0   0   0   0      23.716   -94.022
0099   49.15   750.3     14.90     82.0    2430    85     1.12     -1.12     -0.10    12    -1.1    2430     0   0   0   0      23.716   -94.022
0100   49.65   750.9     14.93     81.6    2424    86     1.10     -1.10     -0.07    12    -1.1    2424     0   0   0   0      23.716   -94.022
0101   50.15   751.4     14.96     81.2    2418    88     1.09     -1.09     -0.03    12    -1.1    2418     0   0   0   0      23.716   -94.023
0102   50.65   752.0     14.99     80.8    2412    91     1.09     -1.09      0.02    12    -1.1    2412     0   0   0   0      23.716   -94.023
0103   51.15   752.5     15.01     80.3    2405    94     1.09     -1.09      0.08    12    -1.1    2405     0   0   0   0      23.716   -94.023
0104   51.65   753.0     15.04     79.9    2399    97     1.11     -1.10      0.14    12    -1.1    2399     0   0   0   0      23.716   -94.023
0105   52.15   753.6     15.06     79.5    2393   101     1.13     -1.11      0.21    12    -1.1    2393     0   0   0   0      23.716   -94.023
0106   52.65   754.1     15.09     79.1    2387   104     1.15     -1.12      0.27    12    -1.1    2387     0   0   0   0      23.716   -94.023
0107   53.15   754.7     15.12     78.7    2381   106     1.17     -1.13      0.33    12    -1.1    2381     0   0   0   0      23.716   -94.023
0108   53.65   755.2     15.15     78.3    2375   109     1.20     -1.13      0.40    12    -1.1    2375     0   0   0   0      23.716   -94.023
0109   54.15   755.8     15.18     78.0    2369   112     1.23     -1.14      0.46    12    -1.0    2369     0   0   0   0      23.716   -94.023
0110   54.65   756.3     15.21     77.8    2363   115     1.26     -1.14      0.53    12    -1.0    2363     0   0   0   0      23.716   -94.023
0111   55.15   756.9     15.25     77.6    2356  -999  -999.00   -999.00   -999.00     0    -1.0    2356     0   0   0   0    -999.000  -999.000
0112   55.65   757.4     15.28     77.5    2350   119     1.31     -1.14      0.64    12    -1.0    2350     0   0   0   0      23.716   -94.023
0113   56.15   757.9     15.31     77.4    2344   121     1.34     -1.14      0.70    12    -1.0    2344     0   0   0   0      23.716   -94.023
0114   56.65   758.5     15.35     77.4    2338   123     1.37     -1.15      0.75    12    -1.0    2338     0   0   0   0      23.716   -94.023
0115   57.15   759.0     15.38     77.5    2332   125     1.40     -1.15      0.79    12    -1.0    2332     0   0   0   0      23.716   -94.023
0116   57.65   759.6     15.41     77.6    2326   126     1.43     -1.16      0.84    12    -1.0    2326     0   0   0   0      23.716   -94.023
0117   58.15   760.1     15.44     77.7    2320   127     1.47     -1.18      0.88    12    -1.0    2320     0   0   0   0      23.716   -94.023
0118   58.65   760.6     15.47     77.8    2314   127     1.51     -1.20      0.92    12    -1.0    2314     0   0   0   0      23.716   -94.023
0119   59.15   761.2     15.50     77.9    2308  -999  -999.00   -999.00   -999.00     0    -1.0    2308     0   0   0   0    -999.000  -999.000
0120   59.65   761.7     15.53     78.0    2302   128     1.57     -1.24      0.96    12    -1.0    2302     0   0   0   0      23.716   -94.023
0121   60.15   762.3     15.56     78.1    2296   128     1.59     -1.26      0.97    12    -1.0    2296     0   0   0   0      23.716   -94.023
0122   60.65   762.8     15.59     78.2    2290   127     1.60     -1.28      0.96    12    -1.0    2290     0   0   0   0      23.716   -94.023
0123   61.15   763.4     15.62     78.2    2284   126     1.60     -1.30      0.94    12    -1.0    2284     0   0   0   0      23.716   -94.023
0124   61.65   763.9     15.65     78.2    2278   125     1.60     -1.32      0.91    12    -1.0    2278     0   0   0   0      23.716   -94.023
0125   62.15   764.4     15.68     78.1    2272   123     1.59     -1.33      0.88    12    -1.0    2272     0   0   0   0      23.716   -94.023
0126   62.65   765.0     15.71     78.1    2266   122     1.58     -1.34      0.84    12    -1.0    2266     0   0   0   0      23.716   -94.023
0127   63.15   765.5     15.74     78.1    2260   121     1.57     -1.35      0.80    12    -1.0    2260     0   0   0   0      23.716   -94.023
0128   63.65   766.1     15.77     78.0    2254   119     1.56     -1.36      0.77    12    -1.0    2254     0   0   0   0      23.716   -94.023
0129   64.15   766.6     15.80     78.0    2247   118     1.56     -1.37      0.74    12    -1.0    2247     0   0   0   0      23.716   -94.023
0130   64.65   767.2     15.84     78.0    2241   118     1.56     -1.38      0.73    12    -1.0    2241     0   0   0   0      23.716   -94.023
0131   65.15   767.7     15.87     77.9    2235   118     1.56     -1.38      0.73    12    -1.0    2235     0   0   0   0      23.716   -94.023
0132   65.65   768.3     15.91     77.9    2229   118     1.56     -1.38      0.74    12    -1.0    2229     0   0   0   0      23.716   -94.023
0133   66.15   768.8     15.94     77.9    2223   119     1.57     -1.37      0.76    12    -1.0    2223     0   0   0   0      23.716   -94.023
0134   66.65   769.3     15.98     77.8    2217   120     1.57     -1.36      0.79    12    -1.0    2217     0   0   0   0      23.716   -94.023
0135   67.15   769.9     16.02     77.7    2211   122     1.58     -1.35      0.83    12    -1.0    2211     0   0   0   0      23.716   -94.023
0136   67.65   770.4     16.05     77.6    2205   123     1.59     -1.33      0.87    12    -1.0    2205     0   0   0   0      23.716   -94.023
0137   68.15   771.0     16.09     77.5    2199   124     1.60     -1.32      0.90    12    -1.0    2199     0   0   0   0      23.716   -94.023
0138   68.65   771.5     16.13     77.4    2193   126     1.60     -1.30      0.93    12    -1.0    2193     0   0   0   0      23.716   -94.023
0139   69.15   772.1     16.18     77.3    2187   126     1.60     -1.29      0.95    12    -0.9    2187     0   0   0   0      23.716   -94.023
0140   69.65   772.6     16.22     77.2    2181   127     1.59     -1.28      0.96    12    -0.9    2181     0   0   0   0      23.716   -94.023
0141   70.15   773.2     16.26     77.1    2175   127     1.59     -1.26      0.96    12    -0.9    2175     0   0   0   0      23.716   -94.023
0142   70.65   773.7     16.31     77.0    2169   128     1.58     -1.25      0.96    12    -0.9    2169     0   0   0   0      23.716   -94.023
0143   71.15   774.2     16.35     76.9    2163  -999  -999.00   -999.00   -999.00     0    -0.9    2163     0   0   0   0    -999.000  -999.000
0144   71.65   774.8     16.40     76.7    2157  -999  -999.00   -999.00   -999.00     0    -0.9    2157     0   0   0   0    -999.000  -999.000
0145   72.15   775.3     16.45     76.6    2151   128     1.57     -1.24      0.97    12    -0.9    2151     0   0   0   0      23.716   -94.023
0146   72.65   775.9     16.49     76.5    2145  -999  -999.00   -999.00   -999.00     0    -0.9    2145     0   0   0   0    -999.000  -999.000
0147   73.15   776.4     16.54     76.5    2139   129     1.58     -1.24      0.99    12    -0.9    2139     0   0   0   0      23.716   -94.023
0148   73.65   777.0     16.59     76.4    2133  -999  -999.00   -999.00   -999.00     0    -0.9    2133     0   0   0   0    -999.000  -999.000
0149   74.15   777.5     16.63     76.3    2127  -999  -999.00   -999.00   -999.00     0    -0.9    2127     0   0   0   0    -999.000  -999.000
0150   74.65   778.1     16.68     76.3    2121   130     1.62     -1.25      1.03    12    -0.8    2121     0   0   0   0      23.716   -94.023
0151   75.15   778.6     16.73     76.3    2115   130     1.63     -1.25      1.05    12    -0.8    2115     0   0   0   0      23.716   -94.023
0152   75.65   779.1     16.77     76.3    2109   131     1.64     -1.25      1.07    12    -0.8    2109     0   0   0   0      23.716   -94.023
0153   76.15   779.7     16.81     76.3    2103  -999  -999.00   -999.00   -999.00     0    -0.7    2103     0   0   0   0    -999.000  -999.000
0154   76.65   780.2     16.86     76.3    2097   132     1.65     -1.24      1.09    12    -0.7    2097     0   0   0   0      23.716   -94.023
0155   77.15   780.7     16.90     76.3    2092   132     1.65     -1.22      1.10    12    -0.7    2092     0   0   0   0      23.716   -94.023
0156   77.65   781.3     16.94     76.3    2086   132     1.64     -1.21      1.10    12    -0.7    2086     0   0   0   0      23.716   -94.023
0157   78.15   781.8     16.99     76.3    2080  -999  -999.00   -999.00   -999.00     0    -0.7    2080     0   0   0   0    -999.000  -999.000
0158   78.65   782.3     17.03     76.3    2074   133     1.60     -1.18      1.08    12    -0.7    2074     0   0   0   0      23.716   -94.023
0159   79.15   782.9     17.07     76.3    2068   132     1.58     -1.17      1.07    12    -0.7    2068     0   0   0   0      23.716   -94.023
0160   79.65   783.4     17.11     76.2    2062   132     1.56     -1.16      1.04    12    -0.7    2062     0   0   0   0      23.716   -94.023
0161   80.15   784.0     17.15     76.1    2056  -999  -999.00   -999.00   -999.00     0    -0.7    2056     0   0   0   0    -999.000  -999.000
0162   80.65   784.5     17.19     76.0    2050   131     1.51     -1.15      0.98    12    -0.8    2050     0   0   0   0      23.716   -94.023
0163   81.15   785.0     17.23     75.9    2045   130     1.49     -1.14      0.95    12    -0.8    2045     0   0   0   0      23.716   -94.023
0164   81.65   785.6     17.27     75.8    2039   129     1.46     -1.14      0.92    12    -0.8    2039     0   0   0   0      23.716   -94.023
0165   82.15   786.1     17.31     75.8    2033   128     1.43     -1.12      0.88    12    -0.8    2033     0   0   0   0      23.716   -94.023
0166   82.65   786.7     17.34     75.7    2027   127     1.39     -1.11      0.85    12    -0.8    2027     0   0   0   0      23.716   -94.023
0167   83.15   787.2     17.37     75.8    2021   126     1.35     -1.09      0.80    12    -0.9    2021     0   0   0   0      23.716   -94.023
0168   83.65   787.8     17.41     76.0    2015   125     1.30     -1.06      0.75    12    -0.9    2015     0   0   0   0      23.716   -94.023
0169   84.15   788.3     17.43     76.2    2009  -999  -999.00   -999.00   -999.00     0    -0.9    2009     0   0   0   0    -999.000  -999.000
0170   84.65   788.9     17.46     76.5    2003   122     1.17     -0.99      0.62    12    -0.9    2003     0   0   0   0      23.716   -94.023
0171   85.15  -999.0   -999.00   -999.0    -999  -999  -999.00   -999.00   -999.00     0  -999.0    -999     0   0   0   0    -999.000  -999.000
0172   85.65   790.0     17.51     77.2    1991   116     1.00     -0.89      0.44    12    -0.9    1991     0   0   0   0      23.716   -94.023
0173   86.15   790.5     17.53     77.4    1985   112     0.91     -0.85      0.34    12    -0.9    1985     0   0   0   0      23.716   -94.023
0174   86.65   791.0     17.54     77.6    1979   105     0.83     -0.80      0.22    12    -0.9    1979     0   0   0   0      23.716   -94.023
0175   87.15   791.6     17.56     77.7    1973    98     0.77     -0.76      0.11    12    -0.9    1973     0   0   0   0      23.716   -94.023
0176   87.65   792.1     17.58     77.7    1967    90     0.73     -0.73     -0.00    12    -0.9    1967     0   0   0   0      23.716   -94.023
0177   88.15   792.7     17.60     77.7    1961    81     0.71     -0.71     -0.11    12    -0.9    1961     0   0   0   0      23.716   -94.023
0178   88.65   793.2     17.62     77.6    1955    74     0.71     -0.68     -0.20    12    -0.9    1955     0   0   0   0      23.716   -94.023
0179   89.15   793.8     17.65     77.5    1950    68     0.72     -0.66     -0.27    12    -0.9    1950     0   0   0   0      23.716   -94.023
0180   89.65   794.3     17.67     77.4    1944  -999  -999.00   -999.00   -999.00     0    -0.8    1944     0   0   0   0    -999.000  -999.000
0181   90.15   794.9     17.70     77.4    1938  -999  -999.00   -999.00   -999.00     0    -0.8    1938     0   0   0   0    -999.000  -999.000
0182   90.65   795.4     17.73     77.4    1932    57     0.72     -0.60     -0.39    12    -0.8    1932     0   0   0   0      23.716   -94.023
0183   91.15   796.0     17.75     77.4    1926    56     0.69     -0.57     -0.39    12    -0.8    1926     0   0   0   0      23.716   -94.023
0184   91.65   796.5     17.78     77.5    1920  -999  -999.00   -999.00   -999.00     0    -0.8    1920     0   0   0   0    -999.000  -999.000
0185   92.15   797.1     17.81     77.6    1914    56     0.61     -0.50     -0.34    12    -0.8    1914     0   0   0   0      23.716   -94.023
0186   92.65   797.6     17.84     77.7    1908    57     0.55     -0.46     -0.30    12    -0.8    1908     0   0   0   0      23.716   -94.023
0187   93.15   798.1     17.88     77.7    1903    58     0.49     -0.41     -0.26    12    -0.8    1903     0   0   0   0      23.716   -94.023
0188   93.65   798.7     17.91     77.8    1897    58     0.43     -0.36     -0.22    12    -0.8    1897     0   0   0   0      23.716   -94.023
0189   94.15   799.2     17.94     77.8    1891  -999  -999.00   -999.00   -999.00     0    -0.8    1891     0   0   0   0    -999.000  -999.000
0190   94.65   799.8     17.98     77.7    1885    59     0.30     -0.25     -0.15    12    -0.9    1885     0   0   0   0      23.716   -94.023
0191   95.15   800.3     18.01     77.5    1879  -999  -999.00   -999.00   -999.00     0    -0.9    1879     0   0   0   0    -999.000  -999.000
0192   95.65   800.9     18.05     77.4    1873    55     0.18     -0.15     -0.10    12    -0.9    1873     0   0   0   0      23.716   -94.023
0193   96.15   801.4     18.08     77.1    1867    48     0.13     -0.10     -0.09    12    -0.9    1867     0   0   0   0      23.716   -94.023
0194   96.65   802.0     18.12     76.8    1861    31     0.09     -0.04     -0.07    12    -0.9    1861     0   0   0   0      23.716   -94.023
0195   97.15   802.6     18.16     76.5    1855   357     0.07      0.00     -0.06    12    -0.9    1855     0   0   0   0      23.716   -94.023
0196   97.65   803.1     18.20     76.2    1849   317     0.07      0.05     -0.05    12    -0.9    1849     0   0   0   0      23.716   -94.023
0197   98.15   803.7     18.24     75.9    1843   294     0.10      0.10     -0.04    12    -0.9    1843     0   0   0   0      23.716   -94.023
0198   98.65   804.2     18.28     75.6    1838   281     0.14      0.14     -0.03    12    -0.9    1838     0   0   0   0      23.716   -94.023
0199   99.15   804.8     18.32     75.3    1832   273     0.17      0.17     -0.01    12    -0.8    1832     0   0   0   0      23.716   -94.023
0200   99.65   805.3     18.37     75.0    1826   268     0.21      0.20      0.01    12    -0.8    1826     0   0   0   0      23.716   -94.023
0201  100.15   805.8     18.41     74.7    1820  -999  -999.00   -999.00   -999.00     0    -0.8    1820     0   0   0   0    -999.000  -999.000
0202  100.65   806.4     18.45     74.5    1814  -999  -999.00   -999.00   -999.00     0    -0.7    1814     0   0   0   0    -999.000  -999.000
0203  101.15   806.9     18.50     74.2    1809   259     0.27      0.27      0.05    12    -0.7    1809     0   0   0   0      23.716   -94.023
0204  101.65   807.5     18.54     74.0    1803   258     0.28      0.28      0.06    12    -0.7    1803     0   0   0   0      23.716   -94.023
0205  102.15   808.0     18.59     73.9    1797   257     0.29      0.28      0.07    12    -0.7    1797     0   0   0   0      23.716   -94.023
0206  102.65   808.6     18.64     73.7    1791  -999  -999.00   -999.00   -999.00     0    -0.7    1791     0   0   0   0    -999.000  -999.000
0207  103.15   809.1     18.68     73.6    1785   257     0.29      0.28      0.07    12    -0.7    1785     0   0   0   0      23.716   -94.023
0208  103.65   809.7     18.73     73.4    1780  -999  -999.00   -999.00   -999.00     0    -0.7    1780     0   0   0   0    -999.000  -999.000
0209  104.15   810.2     18.78     73.3    1774   258     0.30      0.29      0.06    12    -0.7    1774     0   0   0   0      23.716   -94.023
0210  104.65   810.7     18.83     73.1    1768  -999  -999.00   -999.00   -999.00     0    -0.7    1768     0   0   0   0    -999.000  -999.000
0211  105.15   811.3     18.88     72.9    1762  -999  -999.00   -999.00   -999.00     0    -0.7    1762     0   0   0   0    -999.000  -999.000
0212  105.65   811.8     18.93     72.7    1757   254     0.36      0.35      0.10    12    -0.7    1757     0   0   0   0      23.716   -94.023
0213  106.15   812.4     18.98     72.6    1751  -999  -999.00   -999.00   -999.00     0    -0.7    1751     0   0   0   0    -999.000  -999.000
0214  106.65   812.9     19.03     72.4    1745   247     0.44      0.40      0.17    12    -0.7    1745     0   0   0   0      23.716   -94.023
0215  107.15   813.5     19.08     72.2    1739   243     0.48      0.43      0.22    12    -0.7    1739     0   0   0   0      23.716   -94.023
0216  107.65  -999.0   -999.00   -999.0    -999   240     0.54      0.46      0.27    12  -999.0    -999     0   0   0   0      23.716   -94.023
0217  108.15   814.6     19.18     71.9    1728   237     0.59      0.49      0.32    12    -0.7    1728     0   0   0   0      23.716   -94.023
0218  108.65   815.1     19.22     71.7    1722   235     0.64      0.52      0.37    12    -0.7    1722     0   0   0   0      23.716   -94.023
0219  109.15   815.6     19.27     71.5    1716   233     0.68      0.54      0.41    12    -0.7    1716     0   0   0   0      23.716   -94.023
0220  109.65   816.2     19.32     71.4    1710   231     0.71      0.56      0.45    12    -0.7    1710     0   0   0   0      23.716   -94.023
0221  110.15   816.7     19.37     71.2    1705   230     0.74      0.57      0.47    12    -0.7    1705     0   0   0   0      23.716   -94.023
0222  110.65   817.3     19.42     71.0    1699   230     0.75      0.57      0.49    12    -0.7    1699     0   0   0   0      23.716   -94.023
0223  111.15   817.8     19.47     70.9    1693  -999  -999.00   -999.00   -999.00     0    -0.7    1693     0   0   0   0    -999.000  -999.000
0224  111.65   818.4     19.52     70.7    1687   229     0.76      0.57      0.49    12    -0.7    1687     0   0   0   0      23.716   -94.023
0225  112.15   818.9     19.57     70.5    1681  -999  -999.00   -999.00   -999.00     0    -0.7    1681     0   0   0   0    -999.000  -999.000
0226  112.65   819.5     19.62     70.4    1676  -999  -999.00   -999.00   -999.00     0    -0.7    1676     0   0   0   0    -999.000  -999.000
0227  113.15   820.0     19.67     70.2    1670   230     0.75      0.58      0.48    12    -0.7    1670     0   0   0   0      23.716   -94.023
0228  113.65   820.6     19.72     70.0    1664   231     0.75      0.59      0.47    12    -0.7    1664     0   0   0   0      23.716   -94.023
0229  114.15   821.1     19.77     69.9    1658   233     0.76      0.61      0.46    12    -0.7    1658     0   0   0   0      23.716   -94.023
0230  114.65   821.7     19.82     69.7    1653   234     0.78      0.63      0.45    12    -0.7    1653     0   0   0   0      23.716   -94.023
0231  115.15   822.2     19.86     69.5    1647   236     0.80      0.67      0.44    12    -0.7    1647     0   0   0   0      23.716   -94.023
0232  115.65   822.7     19.91     69.4    1641   238     0.83      0.70      0.44    12    -0.7    1641     0   0   0   0      23.716   -94.023
0233  116.15   823.3     19.95     69.3    1636   240     0.85      0.74      0.43    12    -0.7    1636     0   0   0   0      23.716   -94.023
0234  116.65   823.8     20.00     69.2    1630  -999  -999.00   -999.00   -999.00     0    -0.8    1630     0   0   0   0    -999.000  -999.000
0235  117.15   824.4     20.04     69.1    1624   243     0.89      0.79      0.41    12    -0.8    1624     0   0   0   0      23.716   -94.023
0236  117.65   824.9     20.08     69.1    1618   244     0.89      0.80      0.39    12    -0.8    1618     0   0   0   0      23.716   -94.023
0237  118.15   825.5     20.12     69.1    1612   246     0.88      0.80      0.36    12    -0.9    1612     0   0   0   0      23.716   -94.023
0238  118.65   826.1     20.15     69.2    1606   248     0.85      0.79      0.32    12    -0.9    1606     0   0   0   0      23.716   -94.023
0239  119.15   826.6     20.19     69.3    1601   251     0.82      0.77      0.27    12    -0.9    1601     0   0   0   0      23.716   -94.023
0240  119.65   827.2     20.22     69.5    1595   254     0.77      0.74      0.21    12    -0.9    1595     0   0   0   0      23.716   -94.023
0241  120.15   827.7     20.25     69.7    1589   259     0.73      0.71      0.14    12    -0.9    1589     0   0   0   0      23.716   -94.023
0242  120.65   828.3     20.28     70.0    1583   264     0.68      0.68      0.07    12    -0.9    1583     0   0   0   0      23.716   -94.023
0243  121.15   828.8     20.31     70.3    1577   271     0.64      0.64     -0.01    12    -0.9    1577     0   0   0   0      23.716   -94.023
0244  121.65  -999.0   -999.00   -999.0    -999  -999  -999.00   -999.00   -999.00     0  -999.0    -999     0   0   0   0    -999.000  -999.000
0245  122.15   830.0     20.36     71.0    1566  -999  -999.00   -999.00   -999.00     0    -0.8    1566     0   0   0   0    -999.000  -999.000
0246  122.65   830.5     20.38     71.3    1560  -999  -999.00   -999.00   -999.00     0    -0.8    1560     0   0   0   0    -999.000  -999.000
0247  123.15   831.1     20.41     71.6    1554   298     0.61      0.54     -0.29    12    -0.8    1554     0   0   0   0      23.716   -94.023
0248  123.65   831.6     20.43     71.9    1548   303     0.63      0.53     -0.34    12    -0.8    1548     0   0   0   0      23.716   -94.023
0249  124.15   832.2     20.46     72.1    1543   305     0.65      0.53     -0.37    12    -0.8    1543     0   0   0   0      23.716   -94.023
0250  124.65   832.7     20.49     72.3    1537   306     0.67      0.54     -0.40    12    -0.8    1537     0   0   0   0      23.716   -94.023
0251  125.15   833.3     20.51     72.5    1531   306     0.69      0.56     -0.41    12    -0.7    1531     0   0   0   0      23.716   -94.023
0252  125.65   833.8     20.55     72.7    1525  -999  -999.00   -999.00   -999.00     0    -0.7    1525     0   0   0   0    -999.000  -999.000
0253  126.15   834.4     20.58     72.8    1520   302     0.74      0.63     -0.39    12    -0.7    1520     0   0   0   0      23.716   -94.023
0254  126.65   834.9     20.61     72.9    1514   299     0.77      0.68     -0.37    12    -0.7    1514     0   0   0   0      23.716   -94.023
0255  127.15   835.5     20.64     72.9    1508  -999  -999.00   -999.00   -999.00     0    -0.7    1508     0   0   0   0    -999.000  -999.000
0256  127.65   836.0     20.68     72.9    1502   292     0.83      0.77     -0.31    12    -0.7    1502     0   0   0   0      23.716   -94.023
0257  128.15   836.6     20.71     72.7    1497   289     0.86      0.81     -0.28    12    -0.7    1497     0   0   0   0      23.716   -94.023
0258  128.65   837.2     20.75     72.5    1491   286     0.88      0.85     -0.24    12    -0.7    1491     0   0   0   0      23.716   -94.023
0259  129.15   837.7     20.79     72.2    1485   283     0.89      0.87     -0.21    12    -0.7    1485     0   0   0   0      23.716   -94.023
0260  129.65   838.3     20.82     71.9    1479   281     0.90      0.88     -0.17    12    -0.7    1479     0   0   0   0      23.716   -94.023
0261  130.15   838.8     20.86     71.5    1474  -999  -999.00   -999.00   -999.00     0    -0.7    1474     0   0   0   0    -999.000  -999.000
0262  130.65   839.4     20.90     71.1    1468   278     0.88      0.87     -0.12    12    -0.7    1468     0   0   0   0      23.716   -94.023
0263  131.15   839.9     20.94     70.7    1462  -999  -999.00   -999.00   -999.00     0    -0.7    1462     0   0   0   0    -999.000  -999.000
0264  131.65   840.5     20.98     70.4    1457  -999  -999.00   -999.00   -999.00     0    -0.7    1457     0   0   0   0    -999.000  -999.000
0265  132.15   841.0     21.01     70.2    1451   278     0.82      0.81     -0.11    12    -0.8    1451     0   0   0   0      23.716   -94.023
0266  132.65   841.6     21.04     70.0    1445   279     0.81      0.80     -0.12    12    -0.8    1445     0   0   0   0      23.716   -94.023
0267  133.15   842.1     21.07     69.9    1440   280     0.80      0.79     -0.14    12    -0.8    1440     0   0   0   0      23.716   -94.023
0268  133.65   842.7     21.09     69.8    1434   282     0.81      0.79     -0.16    12    -0.9    1434     0   0   0   0      23.716   -94.023
0269  134.15   843.2     21.11     69.9    1428   283     0.82      0.80     -0.18    12    -0.9    1428     0   0   0   0      23.716   -94.023
0270  134.65  -999.0   -999.00   -999.0    -999  -999  -999.00   -999.00   -999.00     0  -999.0    -999     0   0   0   0    -999.000  -999.000
0271  135.15   844.4     21.14     70.1    1416   282     0.88      0.86     -0.19    12    -0.9    1416     0   0   0   0      23.716   -94.023
0272  135.65   844.9     21.15     70.3    1410   281     0.92      0.90     -0.18    12    -0.9    1410     0   0   0   0      23.716   -94.023
0273  136.15   845.5     21.15     70.6    1405   279     0.96      0.95     -0.16    12    -0.9    1405     0   0   0   0      23.716   -94.023
0274  136.65   846.1     21.16     70.9    1399   277     0.99      0.99     -0.13    12    -0.9    1399     0   0   0   0      23.716   -94.023
0275  137.15   846.6     21.16     71.3    1393   276     1.02      1.01     -0.10    12    -0.9    1393     0   0   0   0      23.716   -94.023
0276  137.65   847.2     21.16     71.8    1387   274     1.03      1.03     -0.07    12    -0.9    1387     0   0   0   0      23.716   -94.023
0277  138.15   847.8     21.16     72.3    1381   272     1.03      1.02     -0.04    12    -0.9    1381     0   0   0   0      23.716   -94.023
0278  138.65   848.3     21.16     72.9    1376   271     1.01      1.01     -0.02    12    -0.9    1376     0   0   0   0      23.716   -94.023
0279  139.15   848.9     21.16     73.4    1370  -999  -999.00   -999.00   -999.00     0    -0.9    1370     0   0   0   0    -999.000  -999.000
0280  139.65   849.5     21.15     74.0    1364   270     0.92      0.92     -0.01    12    -0.9    1364     0   0   0   0      23.716   -94.023
0281  140.15   850.0     21.15     74.4    1358   271     0.87      0.87     -0.01    12    -0.9    1358     0   0   0   0      23.716   -94.023
0282  140.65   850.6     21.15     74.8    1353   271     0.80      0.80     -0.02    12    -0.9    1353     0   0   0   0      23.716   -94.023
0283  141.15   851.2     21.15     75.1    1347  -999  -999.00   -999.00   -999.00     0    -0.9    1347     0   0   0   0    -999.000  -999.000
0284  141.65   851.7     21.16     75.3    1341   274     0.65      0.65     -0.05    12    -1.0    1341     0   0   0   0      23.716   -94.023
0285  142.15   852.3     21.16     75.5    1335   277     0.59      0.58     -0.07    12    -1.0    1335     0   0   0   0      23.716   -94.023
0286  142.65   852.9     21.17     75.6    1329   281     0.53      0.52     -0.10    12    -1.0    1329     0   0   0   0      23.716   -94.023
0287  143.15   853.4     21.19     75.6    1323   286     0.48      0.46     -0.13    12    -1.0    1323     0   0   0   0      23.716   -94.023
0288  143.65   854.0     21.21     75.7    1318   293     0.43      0.40     -0.17    12    -1.0    1318     0   0   0   0      23.716   -94.023
0289  144.15   854.6     21.23     75.7    1312   301     0.40      0.34     -0.21    12    -1.0    1312     0   0   0   0      23.716   -94.023
0290  144.65   855.2     21.25     75.8    1306   312     0.37      0.28     -0.25    12    -1.0    1306     0   0   0   0      23.716   -94.023
0291  145.15   855.7     21.27     75.8    1300  -999  -999.00   -999.00   -999.00     0    -1.0    1300     0   0   0   0    -999.000  -999.000
0292  145.65   856.3     21.30     76.0    1294   338     0.37      0.14     -0.34    12    -1.0    1294     0   0   0   0      23.716   -94.023
0293  146.15   856.9     21.32     76.2    1289   350     0.40      0.07     -0.40    12    -1.0    1289     0   0   0   0      23.716   -94.023
0294  146.65   857.4     21.35     76.4    1283   360     0.45      0.00     -0.45    12    -1.0    1283     0   0   0   0      23.716   -94.023
0295  147.15   858.0     21.38     76.7    1277  -999  -999.00   -999.00   -999.00     0    -1.0    1277     0   0   0   0    -999.000  -999.000
0296  147.65   858.6     21.40     77.0    1271    12     0.57     -0.12     -0.55    12    -1.0    1271     0   0   0   0      23.716   -94.023
0297  148.15   859.2     21.42     77.3    1265    15     0.62     -0.16     -0.60    12    -1.0    1265     0   0   0   0      23.716   -94.023
0298  148.65   859.7     21.45     77.7    1260    16     0.67     -0.19     -0.65    12    -1.0    1260     0   0   0   0      23.716   -94.023
0299  149.15   860.3     21.47     78.0    1254  -999  -999.00   -999.00   -999.00     0    -1.0    1254     0   0   0   0    -999.000  -999.000
0300  149.65   860.9     21.49     78.2    1248    15     0.74     -0.19     -0.72    12    -1.0    1248     0   0   0   0      23.716   -94.023
0301  150.15   861.5     21.51     78.5    1242  -999  -999.00   -999.00   -999.00     0    -1.0    1242     0   0   0   0    -999.000  -999.000
0302  150.65   862.0     21.53     78.6    1236  -999  -999.00   -999.00   -999.00     0    -1.0    1236     0   0   0   0    -999.000  -999.000
0303  151.15   862.6     21.54     78.8    1231     4     0.80     -0.06     -0.80    12    -1.0    1231     0   0   0   0      23.716   -94.023
0304  151.65   863.2     21.56     78.9    1225   359     0.82      0.01     -0.82    12    -1.0    1225     0   0   0   0      23.716   -94.023
0305  152.15   863.8     21.57     79.0    1219   353     0.85      0.10     -0.84    12    -1.0    1219     0   0   0   0      23.716   -94.023
0306  152.65   864.3     21.58     79.0    1213   347     0.88      0.19     -0.86    12    -1.0    1213     0   0   0   0      23.716   -94.023
0307  153.15   864.9     21.58     79.1    1207  -999  -999.00   -999.00   -999.00     0    -1.0    1207     0   0   0   0    -999.000  -999.000
0308  153.65   865.5     21.59     79.1    1202  -999  -999.00   -999.00   -999.00     0    -1.0    1202     0   0   0   0    -999.000  -999.000
0309  154.15   866.1     21.59     79.2    1196  -999  -999.00   -999.00   -999.00     0    -1.0    1196     0   0   0   0    -999.000  -999.000
0310  154.65   866.6     21.58     79.3    1190  -999  -999.00   -999.00   -999.00     0    -1.0    1190     0   0   0   0    -999.000  -999.000
0311  155.15   867.2     21.58     79.3    1184   323     1.09      0.65     -0.87    12    -0.9    1184     0   0   0   0      23.716   -94.023
0312  155.65   867.8     21.58     79.4    1179  -999  -999.00   -999.00   -999.00     0    -0.9    1179     0   0   0   0    -999.000  -999.000
0313  156.15   868.4     21.58     79.4    1173  -999  -999.00   -999.00   -999.00     0    -0.9    1173     0   0   0   0    -999.000  -999.000
0314  156.65   868.9     21.57     79.5    1167   314     1.16      0.83     -0.81    12    -0.9    1167     0   0   0   0      23.716   -94.023
0315  157.15   869.5     21.57     79.6    1161   312     1.17      0.87     -0.79    12    -0.8    1161     0   0   0   0      23.716   -94.023
0316  157.65  -999.0   -999.00   -999.0    -999  -999  -999.00   -999.00   -999.00     0  -999.0    -999     0   0   0   0    -999.000  -999.000
0317  158.15   870.6     21.57     79.9    1150   310     1.20      0.91     -0.77    12    -0.8    1150     0   0   0   0      23.716   -94.023
0318  158.65   871.2     21.58     80.1    1144   310     1.21      0.92     -0.78    12    -0.8    1144     0   0   0   0      23.716   -94.023
0319  159.15  -999.0   -999.00   -999.0    -999  -999  -999.00   -999.00   -999.00     0  -999.0    -999     0   0   0   0    -999.000  -999.000
0320  159.65  -999.0   -999.00   -999.0    -999   313     1.24      0.91     -0.85    12  -999.0    -999     0   0   0   0      23.716   -94.023
0321  160.15   872.9     21.60     81.1    1127  -999  -999.00   -999.00   -999.00     0    -0.8    1127     0   0   0   0    -999.000  -999.000
0322  160.65   873.5     21.62     81.5    1122   318     1.30      0.86     -0.96    12    -0.8    1122     0   0   0   0      23.716   -94.023
0323  161.15   874.0     21.63     81.9    1116   321     1.33      0.83     -1.03    12    -0.8    1116     0   0   0   0      23.716   -94.023
0324  161.65   874.6     21.65     82.4    1111   324     1.36      0.79     -1.11    12    -0.8    1111     0   0   0   0      23.716   -94.023
0325  162.15   875.1     21.67     82.8    1105   328     1.39      0.74     -1.17    12    -0.8    1105     0   0   0   0      23.716   -94.023
0326  162.65   875.7     21.69     83.1    1099   331     1.42      0.70     -1.23    12    -0.8    1099     0   0   0   0      23.716   -94.023
0327  163.15   876.3     21.71     83.4    1094   333     1.44      0.65     -1.29    12    -0.8    1094     0   0   0   0      23.716   -94.023
0328  163.65   876.9     21.74     83.6    1088  -999  -999.00   -999.00   -999.00     0    -0.8    1088     0   0   0   0    -999.000  -999.000
0329  164.15   877.4     21.76     83.7    1082   338     1.46      0.55     -1.36    12    -0.8    1082     0   0   0   0      23.716   -94.023
0330  164.65   878.0     21.79     83.7    1077   339     1.46      0.51     -1.37    12    -0.8    1077     0   0   0   0      23.716   -94.023
0331  165.15   878.6     21.82     83.6    1071  -999  -999.00   -999.00   -999.00     0    -0.8    1071     0   0   0   0    -999.000  -999.000
0332  165.65   879.1     21.85     83.6    1065   342     1.45      0.45     -1.38    12    -0.8    1065     0   0   0   0      23.716   -94.023
0333  166.15   879.7     21.88     83.6    1060   343     1.44      0.43     -1.38    12    -0.8    1060     0   0   0   0      23.716   -94.023
0334  166.65   880.3     21.91     83.7    1054   343     1.44      0.42     -1.38    12    -0.8    1054     0   0   0   0      23.716   -94.023
0335  167.15   880.8     21.94     83.7    1048   343     1.44      0.42     -1.37    12    -0.8    1048     0   0   0   0      23.716   -94.023
0336  167.65   881.4     21.97     83.8    1043   343     1.43      0.41     -1.37    12    -0.8    1043     0   0   0   0      23.716   -94.023
0337  168.15   882.0     22.00     83.9    1037  -999  -999.00   -999.00   -999.00     0    -0.8    1037     0   0   0   0    -999.000  -999.000
0338  168.65   882.6     22.03     83.9    1031   343     1.42      0.41     -1.36    12    -0.9    1031     0   0   0   0      23.716   -94.023
0339  169.15   883.1     22.06     83.9    1026  -999  -999.00   -999.00   -999.00     0    -0.9    1026     0   0   0   0    -999.000  -999.000
0340  169.65   883.7     22.09     83.7    1020   343     1.37      0.39     -1.32    12    -0.9    1020     0   0   0   0      23.716   -94.023
0341  170.15   884.3     22.12     83.3    1014   344     1.34      0.38     -1.28    12    -0.9    1014     0   0   0   0      23.716   -94.023
0342  170.65   884.9     22.15     82.8    1009   344     1.29      0.35     -1.25    12    -0.9    1009     0   0   0   0      23.716   -94.023
0343  171.15   885.4     22.19     82.2    1003   345     1.24      0.32     -1.20    12    -1.0    1003     0   0   0   0      23.716   -94.023
0344  171.65   886.0     22.23     81.5     997   347     1.18      0.27     -1.15    12    -1.0     997     0   0   0   0      23.716   -94.023
0345  172.15   886.6     22.27     80.7     992   348     1.12      0.23     -1.10    12    -1.0     992     0   0   0   0      23.716   -94.023
0346  172.65   887.2     22.31     80.0     986   350     1.06      0.18     -1.04    12    -1.0     986     0   0   0   0      23.716   -94.023
0347  173.15   887.8     22.35     79.3     980   352     1.00      0.14     -0.99    12    -1.0     980     0   0   0   0      23.716   -94.023
0348  173.65   888.4     22.39     78.7     974   354     0.94      0.10     -0.93    12    -0.9     974     0   0   0   0      23.716   -94.023
0349  174.15   888.9     22.44     78.2     969   355     0.88      0.08     -0.87    12    -0.9     969     0   0   0   0      23.716   -94.023
0350  174.65   889.5     22.48     77.7     963  -999  -999.00   -999.00   -999.00     0    -0.9     963     0   0   0   0    -999.000  -999.000
0351  175.15   890.1     22.52     77.4     957  -999  -999.00   -999.00   -999.00     0    -0.8     957     0   0   0   0    -999.000  -999.000
0352  175.65   890.6     22.55     77.1     952   355     0.71      0.06     -0.71    12    -0.8     952     0   0   0   0      23.716   -94.023
0353  176.15   891.2     22.59     76.9     946   353     0.66      0.08     -0.65    12    -0.8     946     0   0   0   0      23.716   -94.023
0354  176.65   891.8     22.62     76.8     941   350     0.61      0.10     -0.60    12    -0.8     941     0   0   0   0      23.716   -94.023
0355  177.15   892.4     22.65     76.7     935  -999  -999.00   -999.00   -999.00     0    -0.7     935     0   0   0   0    -999.000  -999.000
0356  177.65   892.9     22.67     76.8     929   338     0.54      0.20     -0.51    12    -0.7     929     0   0   0   0      23.716   -94.023
0357  178.15   893.5     22.69     76.9     924   330     0.54      0.27     -0.47    12    -0.7     924     0   0   0   0      23.716   -94.023
0358  178.65   894.1     22.71     77.1     918   322     0.57      0.35     -0.45    12    -0.7     918     0   0   0   0      23.716   -94.023
0359  179.15   894.6     22.72     77.4     913   316     0.62      0.43     -0.44    12    -0.7     913     0   0   0   0      23.716   -94.023
0360  179.65   895.2     22.72     77.7     907   310     0.68      0.52     -0.44    12    -0.7     907     0   0   0   0      23.716   -94.023
0361  180.15   895.8     22.73     78.1     902   307     0.75      0.60     -0.45    12    -0.7     902     0   0   0   0      23.716   -94.023
0362  180.65   896.3     22.72     78.5     896   304     0.82      0.68     -0.46    12    -0.7     896     0   0   0   0      23.716   -94.023
0363  181.15   896.9     22.72     79.0     891   303     0.88      0.73     -0.48    12    -0.7     891     0   0   0   0      23.716   -94.023
0364  181.65   897.5     22.71     79.4     885   303     0.92      0.77     -0.50    12    -0.7     885     0   0   0   0      23.716   -94.023
0365  182.15   898.0     22.71     79.9     879   304     0.94      0.78     -0.53    12    -0.7     879     0   0   0   0      23.716   -94.023
0366  182.65   898.6     22.70     80.4     874   306     0.95      0.77     -0.55    12    -0.7     874     0   0   0   0      23.716   -94.023
0367  183.15   899.2     22.69     80.8     868   307     0.94      0.75     -0.57    12    -0.7     868     0   0   0   0      23.716   -94.023
0368  183.65   899.8     22.69     81.3     863   309     0.92      0.72     -0.58    12    -0.6     863     0   0   0   0      23.716   -94.023
0369  184.15   900.3     22.68     81.6     857   311     0.89      0.68     -0.58    12    -0.6     857     0   0   0   0      23.716   -94.023
0370  184.65   900.9     22.68     82.0     852   312     0.86      0.64     -0.57    12    -0.6     852     0   0   0   0      23.716   -94.023
0371  185.15   901.5     22.68     82.2     846   312     0.81      0.60     -0.55    12    -0.6     846     0   0   0   0      23.716   -94.023
0372  185.65   902.0     22.67     82.4     841   312     0.77      0.57     -0.51    12    -0.6     841     0   0   0   0      23.716   -94.023
0373  186.15   902.6     22.68     82.6     835   311     0.72      0.55     -0.47    12    -0.6     835     0   0   0   0      23.716   -94.023
0374  186.65   903.2     22.68     82.7     830   309     0.68      0.53     -0.43    12    -0.6     830     0   0   0   0      23.716   -94.023
0375  187.15   903.7     22.68     82.8     824  -999  -999.00   -999.00   -999.00     0    -0.6     824     0   0   0   0    -999.000  -999.000
0376  187.65   904.3     22.69     82.9     819   307     0.62      0.49     -0.37    12    -0.6     819     0   0   0   0      23.716   -94.023
0377  188.15   904.9     22.70     83.0     813   307     0.59      0.48     -0.36    12    -0.7     813     0   0   0   0      23.716   -94.023
0378  188.65   905.4     22.71     83.1     808   307     0.58      0.46     -0.35    12    -0.7     808     0   0   0   0      23.716   -94.023
0379  189.15   906.0     22.73     83.2     802  -999  -999.00   -999.00   -999.00     0    -0.7     802     0   0   0   0    -999.000  -999.000
0380  189.65   906.6     22.74     83.4     797   309     0.59      0.45     -0.37    12    -0.7     797     0   0   0   0      23.716   -94.023
0381  190.15   907.1     22.75     83.6     791  -999  -999.00   -999.00   -999.00     0    -0.7     791     0   0   0   0    -999.000  -999.000
0382  190.65   907.7     22.77     83.8     786   312     0.64      0.47     -0.43    12    -0.7     786     0   0   0   0      23.716   -94.023
0383  191.15   908.3     22.78     84.1     780   314     0.69      0.49     -0.48    12    -0.7     780     0   0   0   0      23.716   -94.023
0384  191.65   908.9     22.79     84.3     775   316     0.75      0.52     -0.54    12    -0.7     775     0   0   0   0      23.716   -94.023
0385  192.15   909.5     22.79     84.6     769   318     0.81      0.55     -0.60    12    -0.7     769     0   0   0   0      23.716   -94.023
0386  192.65   910.0     22.80     84.9     764   320     0.89      0.58     -0.68    12    -0.7     764     0   0   0   0      23.716   -94.023
0387  193.15   910.6     22.80     85.2     758   321     0.97      0.61     -0.76    12    -0.7     758     0   0   0   0      23.716   -94.023
0388  193.65   911.2     22.81     85.5     753   323     1.05      0.64     -0.84    12    -0.7     753     0   0   0   0      23.716   -94.023
0389  194.15   911.7     22.81     85.8     747   324     1.13      0.66     -0.91    12    -0.6     747     0   0   0   0      23.716   -94.023
0390  194.65   912.3     22.81     86.2     742  -999  -999.00   -999.00   -999.00     0    -0.6     742     0   0   0   0    -999.000  -999.000
0391  195.15   912.9     22.80     86.6     736   326     1.25      0.70     -1.03    12    -0.6     736     0   0   0   0      23.716   -94.023
0392  195.65   913.4     22.80     87.1     731   327     1.29      0.71     -1.07    12    -0.6     731     0   0   0   0      23.716   -94.023
0393  196.15   914.0     22.80     87.6     725   327     1.31      0.71     -1.10    12    -0.6     725     0   0   0   0      23.716   -94.022
0394  196.65   914.6     22.79     88.1     720   327     1.31      0.71     -1.10    12    -0.7     720     0   0   0   0      23.716   -94.022
0395  197.15   915.2     22.79     88.7     714   328     1.30      0.70     -1.10    12    -0.7     714     0   0   0   0      23.716   -94.022
0396  197.65   915.7     22.79     89.4     709   328     1.27      0.68     -1.07    12    -0.7     709     0   0   0   0      23.716   -94.022
0397  198.15   916.3     22.79     90.0     703   328     1.23      0.66     -1.04    12    -0.7     703     0   0   0   0      23.716   -94.022
0398  198.65   916.9     22.79     90.7     698   328     1.19      0.63     -1.01    12    -0.7     698     0   0   0   0      23.716   -94.022
0399  199.15   917.5     22.78     91.4     692   328     1.16      0.61     -0.98    12    -0.6     692     0   0   0   0      23.716   -94.022
0400  199.65   918.0     22.78     92.0     687   329     1.13      0.58     -0.97    12    -0.6     687     0   0   0   0      23.716   -94.022
0401  200.15   918.6     22.78     92.7     681   330     1.12      0.56     -0.97    12    -0.6     681     0   0   0   0      23.716   -94.022
0402  200.65   919.2     22.77     93.3     676   331     1.12      0.54     -0.98    12    -0.6     676     0   0   0   0      23.716   -94.022
0403  201.15   919.7     22.77     93.9     671   332     1.13      0.53     -1.00    12    -0.5     671     0   0   0   0      23.716   -94.022
0404  201.65   920.3     22.77     94.5     665   333     1.16      0.53     -1.03    12    -0.5     665     0   0   0   0      23.716   -94.022
0405  202.15   920.9     22.77     95.0     660   334     1.19      0.53     -1.07    12    -0.5     660     0   0   0   0      23.716   -94.022
0406  202.65   921.4     22.77     95.5     655   334     1.23      0.54     -1.11    12    -0.5     655     0   0   0   0      23.716   -94.022
0407  203.15   922.0     22.76     95.9     649  -999  -999.00   -999.00   -999.00     0    -0.5     649     0   0   0   0    -999.000  -999.000
0408  203.65   922.6     22.76     96.4     644  -999  -999.00   -999.00   -999.00     0    -0.5     644     0   0   0   0    -999.000  -999.000
0409  204.15   923.1     22.76     96.7     639   333     1.35      0.61     -1.20    12    -0.5     639     0   0   0   0      23.716   -94.022
0410  204.65   923.7     22.76     97.1     633   332     1.39      0.65     -1.23    12    -0.5     633     0   0   0   0      23.716   -94.022
0411  205.15   924.3     22.76     97.4     628   331     1.42      0.69     -1.24    12    -0.6     628     0   0   0   0      23.716   -94.022
0412  205.65   924.8     22.77     97.7     622   330     1.44      0.73     -1.25    12    -0.6     622     0   0   0   0      23.716   -94.022
0413  206.15   925.4     22.77     98.0     617   328     1.47      0.77     -1.25    12    -0.6     617     0   0   0   0      23.716   -94.022
0414  206.65   926.0     22.77     98.2     611   327     1.48      0.81     -1.24    12    -0.7     611     0   0   0   0      23.716   -94.022
0415  207.15   926.6     22.78     98.4     606   326     1.49      0.84     -1.23    12    -0.7     606     0   0   0   0      23.715   -94.022
0416  207.65   927.1     22.79     98.6     600   325     1.48      0.86     -1.21    12    -0.7     600     0   0   0   0      23.715   -94.022
0417  208.15   927.7     22.81     98.8     595   324     1.48      0.87     -1.19    12    -0.7     595     0   0   0   0      23.715   -94.022
0418  208.65   928.3     22.83     98.9     590  -999  -999.00   -999.00   -999.00     0    -0.6     590     0   0   0   0    -999.000  -999.000
0419  209.15   928.9     22.85     99.0     584   323     1.44      0.87     -1.15    12    -0.6     584     0   0   0   0      23.715   -94.022
0420  209.65   929.4     22.87     99.0     579   323     1.41      0.85     -1.13    12    -0.6     579     0   0   0   0      23.715   -94.022
0421  210.15   930.0     22.90     99.0     573   323     1.38      0.82     -1.11    12    -0.5     573     0   0   0   0      23.715   -94.022
0422  210.65   930.6     22.93     99.0     568   325     1.35      0.78     -1.10    12    -0.5     568     0   0   0   0      23.715   -94.022
0423  211.15   931.2     22.96     99.0     563   326     1.32      0.73     -1.09    12    -0.5     563     0   0   0   0      23.715   -94.022
0424  211.65   931.7     22.99     99.0     557   328     1.28      0.68     -1.09    12    -0.4     557     0   0   0   0      23.715   -94.022
0425  212.15   932.3     23.02     99.0     552   330     1.24      0.62     -1.08    12    -0.4     552     0   0   0   0      23.715   -94.022
0426  212.65   932.8     23.05     99.0     547   332     1.20      0.55     -1.06    12    -0.4     547     0   0   0   0      23.715   -94.022
0427  213.15   933.4     23.08     99.1     541   335     1.14      0.49     -1.03    12    -0.4     541     0   0   0   0      23.715   -94.022
0428  213.65   934.0     23.11     99.1     536   337     1.08      0.42     -0.99    12    -0.4     536     0   0   0   0      23.715   -94.022
0429  214.15   934.5     23.13     99.2     531   339     1.01      0.35     -0.94    12    -0.4     531     0   0   0   0      23.715   -94.022
0430  214.65   935.1     23.16     99.2     526   342     0.94      0.29     -0.89    12    -0.4     526     0   0   0   0      23.715   -94.022
0431  215.15   935.7     23.18     99.3     520   345     0.87      0.23     -0.84    12    -0.4     520     0   0   0   0      23.715   -94.022
0432  215.65   936.2     23.21     99.3     515   348     0.81      0.17     -0.79    12    -0.5     515     0   0   0   0      23.715   -94.022
0433  216.15   936.8     23.23     99.4     510   351     0.76      0.12     -0.75    12    -0.5     510     0   0   0   0      23.715   -94.022
0434  216.65   937.4     23.25     99.5     504   355     0.71      0.06     -0.71    12    -0.5     504     0   0   0   0      23.715   -94.022
0435  217.15   937.9     23.27     99.6     499   360     0.68      0.00     -0.68    12    -0.5     499     0   0   0   0      23.715   -94.022
0436  217.65   938.5     23.29     99.7     493     4     0.67     -0.05     -0.67    12    -0.6     493     0   0   0   0      23.715   -94.022
0437  218.15   939.1     23.31     99.8     488     9     0.67     -0.10     -0.66    12    -0.6     488     0   0   0   0      23.715   -94.022
0438  218.65   939.7     23.33     99.8     483  -999  -999.00   -999.00   -999.00     0    -0.6     483     0   0   0   0    -999.000  -999.000
0439  219.15   940.2     23.36     99.9     477    16     0.70     -0.19     -0.67    12    -0.6     477     0   0   0   0      23.715   -94.022
0440  219.65   940.8     23.38     99.9     472    19     0.73     -0.23     -0.69    12    -0.6     472     0   0   0   0      23.715   -94.022
0441  220.15   941.4     23.41    100.0     467    20     0.76     -0.26     -0.72    12    -0.6     467     0   0   0   0      23.715   -94.022
0442  220.65   942.0     23.43    100.0     461    21     0.80     -0.28     -0.75    12    -0.6     461     0   0   0   0      23.715   -94.022
0443  221.15   942.5     23.46    100.0     456    21     0.84     -0.30     -0.78    12    -0.6     456     0   0   0   0      23.715   -94.022
0444  221.65   943.1     23.49    100.0     450    21     0.87     -0.31     -0.81    12    -0.7     450     0   0   0   0      23.715   -94.022
0445  222.15   943.7     23.52    100.0     445    21     0.90     -0.32     -0.85    12    -0.7     445     0   0   0   0      23.715   -94.022
0446  222.65   944.3     23.55    100.0     440    20     0.93     -0.32     -0.88    12    -0.7     440     0   0   0   0      23.715   -94.022
0447  223.15   944.9     23.57    100.0     434    20     0.96     -0.32     -0.90    12    -0.7     434     0   0   0   0      23.715   -94.022
0448  223.65   945.5     23.60    100.0     429    19     0.98     -0.32     -0.93    12    -0.8     429     0   0   0   0      23.715   -94.022
0449  224.15   946.0     23.62    100.0     423    18     1.01     -0.31     -0.96    12    -0.8     423     0   0   0   0      23.715   -94.022
0450  224.65   946.6     23.64    100.0     418  -999  -999.00   -999.00   -999.00     0    -0.8     418     0   0   0   0    -999.000  -999.000
0451  225.15   947.2     23.67    100.0     412  -999  -999.00   -999.00   -999.00     0    -0.8     412     0   0   0   0    -999.000  -999.000
0452  225.65   947.8     23.69    100.0     407    14     1.06     -0.25     -1.03    12    -0.8     407     0   0   0   0      23.715   -94.022
0453  226.15   948.4     23.71    100.0     401    12     1.07     -0.22     -1.05    12    -0.8     401     0   0   0   0      23.715   -94.022
0454  226.65   949.0     23.73    100.0     396    10     1.08     -0.19     -1.07    12    -0.8     396     0   0   0   0      23.715   -94.022
0455  227.15   949.6     23.75    100.0     390  -999  -999.00   -999.00   -999.00     0    -0.8     390     0   0   0   0    -999.000  -999.000
0456  227.65   950.2     23.77    100.0     385     7     1.09     -0.13     -1.08    12    -0.7     385     0   0   0   0      23.715   -94.022
0457  228.15   950.8     23.79    100.0     379  -999  -999.00   -999.00   -999.00     0    -0.7     379     0   0   0   0    -999.000  -999.000
0458  228.65   951.3     23.81    100.0     374     4     1.09     -0.07     -1.09    12    -0.7     374     0   0   0   0      23.715   -94.022
0459  229.15   951.9     23.83    100.0     369  -999  -999.00   -999.00   -999.00     0    -0.6     369     0   0   0   0    -999.000  -999.000
0460  229.65   952.5     23.85    100.0     363     1     1.09     -0.03     -1.09    12    -0.6     363     0   0   0   0      23.715   -94.022
0461  230.15   953.1     23.88    100.0     358     0     1.10     -0.01     -1.10    12    -0.6     358     0   0   0   0      23.715   -94.022
0462  230.65   953.7     23.90    100.0     353  -999  -999.00   -999.00   -999.00     0    -0.6     353     0   0   0   0    -999.000  -999.000
0463  231.15   954.2     23.92    100.0     347   359     1.11      0.03     -1.11    12    -0.5     347     0   0   0   0      23.715   -94.022
0464  231.65   954.8     23.94    100.0     342   358     1.12      0.04     -1.12    12    -0.5     342     0   0   0   0      23.715   -94.022
0465  232.15   955.4     23.96     99.9     337   357     1.14      0.05     -1.14    12    -0.5     337     0   0   0   0      23.715   -94.022
0466  232.65  -999.0   -999.00   -999.0    -999  -999  -999.00   -999.00   -999.00     0  -999.0    -999     0   0   0   0    -999.000  -999.000
0467  233.15   956.5     24.00     99.9     326   357     1.18      0.07     -1.18    12    -0.5     326     0   0   0   0      23.715   -94.022
0468  233.65   957.1     24.02     99.8     321   356     1.21      0.09     -1.21    12    -0.5     321     0   0   0   0      23.715   -94.022
0469  234.15   957.7     24.04     99.8     316   355     1.25      0.10     -1.24    12    -0.5     316     0   0   0   0      23.715   -94.022
0470  234.65   958.3     24.06     99.7     310   354     1.30      0.13     -1.29    12    -0.5     310     0   0   0   0      23.715   -94.022
0471  235.15   958.9     24.08     99.6     305   353     1.35      0.16     -1.34    12    -0.5     305     0   0   0   0      23.715   -94.022
0472  235.65   959.4     24.10     99.6     300  -999  -999.00   -999.00   -999.00     0    -0.6     300     0   0   0   0    -999.000  -999.000
0473  236.15   960.0     24.12     99.5     294  -999  -999.00   -999.00   -999.00     0    -0.6     294     0   0   0   0    -999.000  -999.000
0474  236.65   960.6     24.15     99.4     289   349     1.51      0.29     -1.48    12    -0.6     289     0   0   0   0      23.715   -94.022
0475  237.15   961.2     24.17     99.4     284   348     1.55      0.33     -1.51    12    -0.6     284     0   0   0   0      23.715   -94.022
0476  237.65   961.8     24.20     99.4     278   347     1.59      0.37     -1.54    12    -0.6     278     0   0   0   0      23.715   -94.022
0477  238.15   962.3     24.22     99.4     273  -999  -999.00   -999.00   -999.00     0    -0.6     273     0   0   0   0    -999.000  -999.000
0478  238.65   962.9     24.25     99.4     268   345     1.64      0.42     -1.58    12    -0.6     268     0   0   0   0      23.715   -94.022
0479  239.15   963.5     24.28     99.4     262  -999  -999.00   -999.00   -999.00     0    -0.6     262     0   0   0   0    -999.000  -999.000
0480  239.65   964.1     24.31     99.5     257   345     1.67      0.43     -1.62    12    -0.6     257     0   0   0   0      23.715   -94.022
0481  240.15   964.7     24.35     99.5     252   346     1.69      0.42     -1.64    12    -0.7     252     0   0   0   0      23.715   -94.022
0482  240.65   965.3     24.39     99.6     246   346     1.72      0.40     -1.67    12    -0.7     246     0   0   0   0      23.715   -94.022
0483  241.15   965.8     24.42     99.6     241   347     1.75      0.38     -1.71    12    -0.7     241     0   0   0   0      23.715   -94.022
0484  241.65   966.4     24.46     99.7     235   348     1.79      0.36     -1.75    12    -0.7     235     0   0   0   0      23.715   -94.022
0485  242.15   967.0     24.50     99.8     230   349     1.83      0.35     -1.80    12    -0.7     230     0   0   0   0      23.715   -94.022
0486  242.65   967.6     24.53     99.8     225   350     1.89      0.34     -1.86    12    -0.7     225     0   0   0   0      23.715   -94.022
0487  243.15   968.2     24.57     99.8     219   350     1.94      0.34     -1.91    12    -0.7     219     0   0   0   0      23.715   -94.022
0488  243.65   968.8     24.61     99.8     214   350     1.99      0.35     -1.96    12    -0.7     214     0   0   0   0      23.715   -94.022
0489  244.15   969.4     24.65     99.8     209   349     2.04      0.38     -2.01    12    -0.7     209     0   0   0   0      23.715   -94.022
0490  244.65   970.0     24.69     99.8     203   348     2.09      0.42     -2.05    12    -0.7     203     0   0   0   0      23.715   -94.022
0491  245.15   970.6     24.73     99.7     198   347     2.13      0.48     -2.07    12    -0.7     198     0   0   0   0      23.715   -94.022
0492  245.65   971.2     24.77     99.6     193   346     2.15      0.54     -2.09    12    -0.8     193     0   0   0   0      23.715   -94.022
0493  246.15   971.7     24.81     99.6     187  -999  -999.00   -999.00   -999.00     0    -0.8     187     0   0   0   0    -999.000  -999.000
0494  246.65   972.3     24.85     99.5     182   343     2.19      0.64     -2.10    12    -0.8     182     0   0   0   0      23.715   -94.022
0495  247.15   972.9     24.89     99.5     176  -999  -999.00   -999.00   -999.00     0    -0.8     176     0   0   0   0    -999.000  -999.000
0496  247.65   973.5     24.94     99.5     171   342     2.22      0.68     -2.11    12    -0.8     171     0   0   0   0      23.715   -94.022
0497  248.15   974.1     24.98     99.5     165  -999  -999.00   -999.00   -999.00     0    -0.9     165     0   0   0   0    -999.000  -999.000
0498  248.65   974.7     25.02     99.4     160   344     2.25      0.60     -2.16    12    -0.9     160     0   0   0   0      23.715   -94.022
0499  249.15   975.3     25.06     99.4     155   346     2.26      0.53     -2.19    12    -0.9     155     0   0   0   0      23.715   -94.022
0500  249.65   975.9     25.10     99.4     149   348     2.27      0.45     -2.23    12    -0.9     149     0   0   0   0      23.715   -94.022
0501  250.15   976.5     25.14     99.3     144   350     2.29      0.38     -2.26    12    -0.9     144     0   0   0   0      23.715   -94.022
0502  250.65   977.1     25.19     99.2     138   352     2.30      0.32     -2.28    12    -0.9     138     0   0   0   0      23.715   -94.022
0503  251.15   977.8     25.23     99.1     133   353     2.31      0.29     -2.30    12    -0.9     133     0   0   0   0      23.715   -94.022
0504  251.65   978.4     25.27     98.9     127   353     2.32      0.28     -2.30    12    -0.9     127     0   0   0   0      23.715   -94.022
0505  252.15   979.0     25.32     98.8     122   352     2.33      0.30     -2.31    12    -0.9     122     0   0   0   0      23.715   -94.022
0506  252.65   979.6     25.36     98.6     116   351     2.33      0.35     -2.30    12    -1.0     116     0   0   0   0      23.715   -94.022
0507  253.15   980.2     25.41     98.4     111   350     2.34      0.42     -2.30    12    -1.0     111     0   0   0   0      23.715   -94.022
0508  253.65   980.8     25.46     98.2     105   348     2.35      0.49     -2.30    12    -1.0     105     0   0   0   0      23.715   -94.022
0509  254.15   981.4     25.51     98.0     100   346     2.36      0.56     -2.29    12    -1.0     100     0   0   0   0      23.715   -94.022
0510  254.65   982.0     25.56     97.8      94   345     2.37      0.62     -2.29    12    -1.0      94     0   0   0   0      23.715   -94.022
0511  255.15   982.6     25.61     97.6      89   344     2.38      0.66     -2.29    12    -1.0      89     0   0   0   0      23.715   -94.022
0512  255.65   983.2     25.66     97.4      83   343     2.39      0.69     -2.29    12    -1.0      83     0   0   0   0      23.715   -94.022
0513  256.15   983.8     25.72     97.3      78   343     2.40      0.70     -2.30    12    -0.9      78     0   0   0   0      23.715   -94.022
0514  256.65   984.4     25.77     97.1      72   343     2.40      0.69     -2.30    11    -0.9      72     0   0   0   0      23.715   -94.022
0515  257.15   985.0     25.83     97.0      67  -999  -999.00   -999.00   -999.00     0    -0.8      67     0   0   0   0    -999.000  -999.000
0516  257.65   985.6     25.88     96.9      62   344     2.40      0.64     -2.31    11    -0.8      62     0   0   0   0      23.715   -94.022
0517  258.15   986.2     25.95     96.9      56   345     2.40      0.60     -2.32    12    -0.7      56     0   0   0   0      23.715   -94.022
0518  258.65   986.8     26.01     96.8      51   346     2.39      0.56     -2.32    12    -0.6      51     0   0   0   0      23.715   -94.022
0519  259.15   987.4     26.07     96.8      46   348     2.39      0.51     -2.33    12    -0.6      46     0   0   0   0      23.715   -94.022
0520  259.65   988.0     26.13     96.7      40   349     2.39      0.47     -2.34    12    -0.5      40     0   0   0   0      23.715   -94.022
0521  260.15   988.6     26.20     96.6      35   350     2.38      0.42     -2.35    11    -0.4      35     0   0   0   0      23.715   -94.022
0522  260.65   989.1     26.26     96.4      30  -999  -999.00   -999.00   -999.00     0    -0.3      30     0   0   0   0    -999.000  -999.000
0523  261.15   989.7     26.33     96.3      25   352     2.40      0.31     -2.38    10    -0.2      25     0   0   0   0      23.715   -94.022
0524  261.65   990.3     26.39     96.0      20  -999  -999.00   -999.00   -999.00     0    -0.1      20     0   0   0   0    -999.000  -999.000
0525  262.15   990.8     26.45     95.8      15   354     2.47      0.27     -2.45     9    -0.1      15     0   0   0   0      23.715   -94.022
0526  262.65   991.4     26.51     95.5      10  -999  -999.00   -999.00   -999.00     0    -0.0      10     0   0   0   0    -999.000  -999.000
0527  263.15   991.9     26.57     95.3       5   354     2.60      0.29     -2.58     7    -0.0       5     0   0   0   0      23.715   -94.022
0528  263.69   992.5     26.57     95.3       0  -999  -999.00   -999.00   -999.00  -999  -999.0       0     0   0   0   0    -999.000  -999.000
