 ===========================================================================
 DROPWINDSONDE PROCESSING RECORD                            Sonde: 142715012
 FRD file written by Aspen V3.3-297, 07 Oct 2016 22:52 UTC
 Aircraft: WP-3D, N43RF                      Date: 161007   Time: 224627 UTC
 ---------------------------------------------------------------------------
 Bias corrections:  PR =   0.0 mb  TE =   0.0 C  RH =   0.0 %  PRB =  0.0 mb
 Filters (LPF):     PTH = 
 Dyn RH correction = 
 Estimated PR used = 
 Dyn T correction  = 
 ---------------------------------------------------------------------------
 COMMENT: none, Good Drop; TDDryBiasCorrApplied
 ===========================================================================

 ===========================================================================
 Date: 161007   Lat:  31.08 N   TA:   15.9 C   PS:  778.6 mb   WD:   140 deg
 Time: 224627   Lon:  79.79 W   TD:   15.9 C   GA:   2105 m    WS:  37.6 m/s
 SID:  142715012                RH:  100.0 %   Navaid:   GP
 ===========================================================================

IX      t (s)  P (mb)    T (C)    RH (%)  Z (m)   WD    WS (m/s)   U (m/s)   V (m/s)  NS  WZ (m/s)  ZW (m)   FP  FT  FH  FW    LAT (N)   LON (E)
0001    13.8  -999.0   -999.00   -999.0    -999   138    39.79    -26.43     29.74     9  -999.0    -999     0   0   0   0    -999.000  -999.000
0002    14.0   793.6     16.91   -999.0    1934   138    39.84    -26.54     29.71     9    -1.3    1934     0   0   0   0      31.086   -79.796
0003    14.3  -999.0   -999.00   -999.0    -999   138    39.85    -26.55     29.71     9  -999.0    -999     0   0   0   0    -999.000  -999.000
0004    14.5   794.2     16.91   -999.0    1928   138    39.85    -26.56     29.70     8    -1.5    1928     0   0   0   0      31.086   -79.796
0005    14.8  -999.0   -999.00   -999.0    -999   138    39.85    -26.58     29.69     9  -999.0    -999     0   0   0   0    -999.000  -999.000
0006    15.0   794.7     16.92   -999.0    1921   138    39.85    -26.59     29.68     9    -1.6    1921     0   0   0   0      31.086   -79.796
0007    15.3  -999.0   -999.00   -999.0    -999   138    39.85    -26.60     29.67     9  -999.0    -999     0   0   0   0    -999.000  -999.000
0008    15.5   795.3     16.92   -999.0    1915   138    39.84    -26.62     29.65     9    -1.7    1915     0   0   0   0      31.086   -79.796
0009    15.8  -999.0   -999.00   -999.0    -999   138    39.84    -26.64     29.63     9  -999.0    -999     0   0   0   0    -999.000  -999.000
0010    16.0   795.9     16.92   -999.0    1909   138    39.83    -26.66     29.60     9    -1.8    1909     0   0   0   0      31.086   -79.796
0011    16.3  -999.0   -999.00   -999.0    -999   138    39.82    -26.68     29.57     9  -999.0    -999     0   0   0   0    -999.000  -999.000
0012    16.5   796.5     16.93   -999.0    1902   138    39.82    -26.70     29.53     9    -1.9    1902     0   0   0   0      31.087   -79.796
0013    16.8  -999.0   -999.00   -999.0    -999   138    39.81    -26.73     29.50     9  -999.0    -999     0   0   0   0    -999.000  -999.000
0014    17.0   797.1     16.94   -999.0    1896   138    39.80    -26.76     29.46     9    -2.0    1896     0   0   0   0      31.087   -79.796
0015    17.3  -999.0   -999.00   -999.0    -999   138    39.79    -26.79     29.41     9  -999.0    -999     0   0   0   0    -999.000  -999.000
0016    17.5   797.7     16.95   -999.0    1889   138    39.78    -26.83     29.37     9    -2.0    1889     0   0   0   0      31.087   -79.797
0017    17.8  -999.0   -999.00   -999.0    -999   138    39.77    -26.87     29.33     9  -999.0    -999     0   0   0   0    -999.000  -999.000
0018    18.0   798.4     16.96   -999.0    1883   137    39.77    -26.91     29.28     9    -1.9    1883     0   0   0   0      31.087   -79.797
0019    18.3  -999.0   -999.00   -999.0    -999   137    39.77    -26.95     29.24     9  -999.0    -999     0   0   0   0    -999.000  -999.000
0020    18.5   799.0     16.97   -999.0    1876   137    39.77    -26.99     29.21     9    -1.9    1876     0   0   0   0      31.087   -79.797
0021    18.8  -999.0   -999.00   -999.0    -999   137    39.78    -27.04     29.17     9  -999.0    -999     0   0   0   0    -999.000  -999.000
0022    19.0   799.6     16.99   -999.0    1870   137    39.79    -27.09     29.14     9    -1.7    1870     0   0   0   0      31.087   -79.797
0023    19.3  -999.0   -999.00   -999.0    -999   137    39.80    -27.14     29.12     9  -999.0    -999     0   0   0   0    -999.000  -999.000
0024    19.5   800.1     17.01   -999.0    1863   137    39.82    -27.19     29.10     9    -1.6    1863     0   0   0   0      31.087   -79.797
0025    19.8  -999.0   -999.00   -999.0    -999   137    39.85    -27.24     29.08     9  -999.0    -999     0   0   0   0    -999.000  -999.000
0026    20.0   800.7     17.03   -999.0    1857   137    39.88    -27.29     29.07     9    -1.5    1857     0   0   0   0      31.087   -79.797
0027    20.3  -999.0   -999.00   -999.0    -999   137    39.91    -27.35     29.07     9  -999.0    -999     0   0   0   0    -999.000  -999.000
0028    20.5   801.3     17.05   -999.0    1851   137    39.95    -27.40     29.07     9    -1.4    1851     0   0   0   0      31.088   -79.797
0029    20.8  -999.0   -999.00   -999.0    -999   137    39.99    -27.46     29.07     9  -999.0    -999     0   0   0   0    -999.000  -999.000
0030    21.0   801.9     17.07   -999.0    1845   137    40.03    -27.51     29.07     9    -1.3    1845     0   0   0   0      31.088   -79.798
0031    21.3  -999.0   -999.00   -999.0    -999   137    40.07    -27.57     29.08     9  -999.0    -999     0   0   0   0    -999.000  -999.000
0032    21.5   802.4     17.10   -999.0    1839   136    40.12    -27.63     29.09     9    -1.2    1839     0   0   0   0      31.088   -79.798
0033    21.8  -999.0   -999.00   -999.0    -999   136    40.17    -27.69     29.10     9  -999.0    -999     0   0   0   0    -999.000  -999.000
0034    22.0   803.0     17.12   -999.0    1833   136    40.23    -27.75     29.12     9    -1.2    1833     0   0   0   0      31.088   -79.798
0035    22.3  -999.0   -999.00   -999.0    -999   136    40.28    -27.82     29.13     9  -999.0    -999     0   0   0   0    -999.000  -999.000
0036    22.5   803.5     17.14     89.8    1827   136    40.33    -27.89     29.14     9    -1.1    1827     0   0   0   0      31.088   -79.798
0037    22.8  -999.0   -999.00   -999.0    -999   136    40.39    -27.96     29.15     9  -999.0    -999     0   0   0   0    -999.000  -999.000
0038    23.0   804.1     17.15     89.9    1821   136    40.44    -28.03     29.16     9    -1.1    1821     0   0   0   0      31.088   -79.798
0039    23.3  -999.0   -999.00   -999.0    -999   136    40.50    -28.10     29.16     9  -999.0    -999     0   0   0   0    -999.000  -999.000
0040    23.5   804.7     17.17     89.9    1815   136    40.55    -28.17     29.16     9    -1.1    1815     0   0   0   0      31.088   -79.798
0041    23.8  -999.0   -999.00   -999.0    -999   136    40.60    -28.25     29.16     9  -999.0    -999     0   0   0   0    -999.000  -999.000
0042    24.0   805.2     17.18     90.0    1809   136    40.64    -28.32     29.15     9    -1.1    1809     0   0   0   0      31.089   -79.798
0043    24.3  -999.0   -999.00   -999.0    -999   136    40.68    -28.39     29.14     9  -999.0    -999     0   0   0   0    -999.000  -999.000
0044    24.5   805.8     17.20     90.0    1803   136    40.71    -28.45     29.12     9    -1.2    1803     0   0   0   0      31.089   -79.799
0045    24.8  -999.0   -999.00   -999.0    -999   136    40.74    -28.51     29.10     9  -999.0    -999     0   0   0   0    -999.000  -999.000
0046    25.0   806.4     17.21     90.1    1797   136    40.77    -28.57     29.08     9    -1.2    1797     0   0   0   0      31.089   -79.799
0047    25.3  -999.0   -999.00   -999.0    -999   135    40.79    -28.63     29.06     9  -999.0    -999     0   0   0   0    -999.000  -999.000
0048    25.5   806.9     17.23     90.2    1791   135    40.81    -28.68     29.04     9    -1.2    1791     0   0   0   0      31.089   -79.799
0049    25.8  -999.0   -999.00   -999.0    -999   135    40.83    -28.73     29.01     9  -999.0    -999     0   0   0   0    -999.000  -999.000
0050    26.0   807.5     17.25     90.2    1785   135    40.85    -28.77     28.99     9    -1.2    1785     0   0   0   0      31.089   -79.799
0051    26.3  -999.0   -999.00   -999.0    -999   135    40.86    -28.81     28.97     9  -999.0    -999     0   0   0   0    -999.000  -999.000
0052    26.5   808.1     17.26     90.3    1779   135    40.87    -28.85     28.95     9    -1.2    1779     0   0   0   0      31.089   -79.799
0053    26.8  -999.0   -999.00   -999.0    -999   135    40.89    -28.89     28.93     9  -999.0    -999     0   0   0   0    -999.000  -999.000
0054    27.0   808.6     17.28     90.3    1773   135    40.90    -28.92     28.92     9    -1.1    1773     0   0   0   0      31.089   -79.799
0055    27.3  -999.0   -999.00   -999.0    -999   135    40.91    -28.95     28.90     9  -999.0    -999     0   0   0   0    -999.000  -999.000
0056    27.5   809.2     17.30     90.4    1767   135    40.92    -28.98     28.89     9    -1.1    1767     0   0   0   0      31.089   -79.799
0057    27.8  -999.0   -999.00   -999.0    -999   135    40.93    -29.01     28.87     9  -999.0    -999     0   0   0   0    -999.000  -999.000
0058    28.0   809.8     17.33     90.4    1761   135    40.94    -29.04     28.86     9    -1.1    1761     0   0   0   0      31.090   -79.800
0059    28.3  -999.0   -999.00   -999.0    -999   135    40.95    -29.06     28.84     9  -999.0    -999     0   0   0   0    -999.000  -999.000
0060    28.5   810.3     17.35     90.4    1755   135    40.96    -29.09     28.83     9    -1.1    1755     0   0   0   0      31.090   -79.800
0061    28.8  -999.0   -999.00   -999.0    -999   135    40.96    -29.12     28.81     9  -999.0    -999     0   0   0   0    -999.000  -999.000
0062    29.0   810.9     17.37     90.4    1749   135    40.97    -29.15     28.78     9    -1.1    1749     0   0   0   0      31.090   -79.800
0063    29.3  -999.0   -999.00   -999.0    -999   135    40.98    -29.19     28.76     9  -999.0    -999     0   0   0   0    -999.000  -999.000
0064    29.5   811.5     17.40     90.4    1743  -999  -999.00   -999.00   -999.00     9    -1.2    1743     0   0   0   0      31.090   -79.800
0065    29.8  -999.0   -999.00   -999.0    -999   134    40.99    -29.26     28.71     9  -999.0    -999     0   0   0   0    -999.000  -999.000
0066    30.0   812.0     17.42     90.5    1737   134    41.00    -29.30     28.68     9    -1.2    1737     0   0   0   0      31.090   -79.800
0067    30.3  -999.0   -999.00   -999.0    -999   134    41.00    -29.34     28.65     9  -999.0    -999     0   0   0   0    -999.000  -999.000
0068    30.5   812.6     17.45     90.5    1731   134    41.01    -29.38     28.62     9    -1.2    1731     0   0   0   0      31.090   -79.800
0069    30.8  -999.0   -999.00   -999.0    -999   134    41.02    -29.42     28.59     9  -999.0    -999     0   0   0   0    -999.000  -999.000
0070    31.0   813.2     17.47     90.5    1725   134    41.03    -29.46     28.55     9    -1.3    1725     0   0   0   0      31.090   -79.801
0071    31.3  -999.0   -999.00   -999.0    -999   134    41.04    -29.51     28.52     9  -999.0    -999     0   0   0   0    -999.000  -999.000
0072    31.5   813.7     17.49     90.6    1719   134    41.05    -29.55     28.49     9    -1.3    1719     0   0   0   0      31.090   -79.801
0073    31.8  -999.0   -999.00   -999.0    -999   134    41.06    -29.59     28.47     9  -999.0    -999     0   0   0   0    -999.000  -999.000
0074    32.0   814.3     17.52     90.6    1713   134    41.07    -29.63     28.44     9    -1.4    1713     0   0   0   0      31.091   -79.801
0075    32.3  -999.0   -999.00   -999.0    -999   134    41.08    -29.67     28.41     9  -999.0    -999     0   0   0   0    -999.000  -999.000
0076    32.5   814.9     17.54     90.7    1707   134    41.08    -29.71     28.38     9    -1.4    1707     0   0   0   0      31.091   -79.801
0077    32.8  -999.0   -999.00   -999.0    -999   134    41.09    -29.74     28.35     9  -999.0    -999     0   0   0   0    -999.000  -999.000
0078    33.0   815.5     17.56     90.8    1701   134    41.09    -29.77     28.32     9    -1.4    1701     0   0   0   0      31.091   -79.801
0079    33.3  -999.0   -999.00   -999.0    -999   134    41.08    -29.79     28.29     9  -999.0    -999     0   0   0   0    -999.000  -999.000
0080    33.5   816.1     17.59     90.8    1694   133    41.08    -29.81     28.26     9    -1.4    1694     0   0   0   0      31.091   -79.801
0081    33.8  -999.0   -999.00   -999.0    -999   133    41.07    -29.83     28.23     9  -999.0    -999     0   0   0   0    -999.000  -999.000
0082    34.0   816.7     17.61     90.9    1688   133    41.05    -29.83     28.19     9    -1.4    1688     0   0   0   0      31.091   -79.801
0083    34.3  -999.0   -999.00   -999.0    -999   133    41.03    -29.84     28.16     9  -999.0    -999     0   0   0   0    -999.000  -999.000
0084    34.5   817.2     17.64     90.9    1682   133    41.00    -29.84     28.12     9    -1.4    1682     0   0   0   0      31.091   -79.802
0085    34.8  -999.0   -999.00   -999.0    -999   133    40.97    -29.83     28.09     9  -999.0    -999     0   0   0   0    -999.000  -999.000
0086    35.0   817.8     17.67     90.9    1676   133    40.94    -29.82     28.05     9    -1.4    1676     0   0   0   0      31.091   -79.802
0087    35.3  -999.0   -999.00   -999.0    -999   133    40.90    -29.80     28.01     9  -999.0    -999     0   0   0   0    -999.000  -999.000
0088    35.5   818.4     17.70     90.8    1670   133    40.86    -29.78     27.97     9    -1.3    1670     0   0   0   0      31.091   -79.802
0089    35.8  -999.0   -999.00   -999.0    -999   133    40.81    -29.76     27.94     9  -999.0    -999     0   0   0   0    -999.000  -999.000
0090    36.0   819.0     17.74     90.8    1664   133    40.77    -29.73     27.90     9    -1.3    1664     0   0   0   0      31.092   -79.802
0091    36.3  -999.0   -999.00   -999.0    -999   133    40.72    -29.70     27.86     9  -999.0    -999     0   0   0   0    -999.000  -999.000
0092    36.5   819.5     17.77     90.7    1658   133    40.67    -29.66     27.82     9    -1.3    1658     0   0   0   0      31.092   -79.802
0093    36.8  -999.0   -999.00   -999.0    -999   133    40.62    -29.63     27.79     9  -999.0    -999     0   0   0   0    -999.000  -999.000
0094    37.0   820.1     17.81     90.6    1652   133    40.58    -29.59     27.76     9    -1.3    1652     0   0   0   0      31.092   -79.802
0095    37.3  -999.0   -999.00   -999.0    -999   133    40.53    -29.56     27.73     9  -999.0    -999     0   0   0   0    -999.000  -999.000
0096    37.5   820.7     17.85     90.5    1646   133    40.49    -29.52     27.71     9    -1.2    1646     0   0   0   0      31.092   -79.803
0097    37.8  -999.0   -999.00   -999.0    -999   133    40.45    -29.49     27.69     9  -999.0    -999     0   0   0   0    -999.000  -999.000
0098    38.0   821.3     17.89     90.4    1640   133    40.42    -29.46     27.67     9    -1.2    1640     0   0   0   0      31.092   -79.803
0099    38.3  -999.0   -999.00   -999.0    -999   133    40.38    -29.43     27.65     9  -999.0    -999     0   0   0   0    -999.000  -999.000
0100    38.5   821.8     17.93     90.4    1634   133    40.35    -29.40     27.64     9    -1.2    1634     0   0   0   0      31.092   -79.803
0101    38.8  -999.0   -999.00   -999.0    -999   133    40.33    -29.38     27.63     9  -999.0    -999     0   0   0   0    -999.000  -999.000
0102    39.0   822.4     17.97     90.3    1628   133    40.31    -29.35     27.62     9    -1.2    1628     0   0   0   0      31.092   -79.803
0103    39.3  -999.0   -999.00   -999.0    -999   133    40.29    -29.34     27.61     9  -999.0    -999     0   0   0   0    -999.000  -999.000
0104    39.5   823.0     18.01     90.3    1622   133    40.27    -29.33     27.60     9    -1.2    1622     0   0   0   0      31.092   -79.803
0105    39.8  -999.0   -999.00   -999.0    -999   133    40.26    -29.32     27.60     9  -999.0    -999     0   0   0   0    -999.000  -999.000
0106    40.0   823.6     18.04     90.3    1616   133    40.26    -29.32     27.58     9    -1.2    1616     0   0   0   0      31.093   -79.803
0107    40.3  -999.0   -999.00   -999.0    -999   133    40.26    -29.33     27.57     9  -999.0    -999     0   0   0   0    -999.000  -999.000
0108    40.5   824.1     18.08     90.3    1610   133    40.26    -29.35     27.56     9    -1.2    1610     0   0   0   0      31.093   -79.803
0109    40.8  -999.0   -999.00   -999.0    -999   133    40.27    -29.38     27.54     9  -999.0    -999     0   0   0   0    -999.000  -999.000
0110    41.0   824.7     18.12     90.4    1604   133    40.28    -29.41     27.52     9    -1.3    1604     0   0   0   0      31.093   -79.804
0111    41.3  -999.0   -999.00   -999.0    -999   133    40.29    -29.46     27.50     9  -999.0    -999     0   0   0   0    -999.000  -999.000
0112    41.5   825.3     18.15     90.5    1598   133    40.31    -29.50     27.47     9    -1.3    1598     0   0   0   0      31.093   -79.804
0113    41.8  -999.0   -999.00   -999.0    -999   133    40.33    -29.56     27.44     9  -999.0    -999     0   0   0   0    -999.000  -999.000
0114    42.0   825.9     18.18     90.6    1592   133    40.35    -29.62     27.40     9    -1.3    1592     0   0   0   0      31.093   -79.804
0115    42.3  -999.0   -999.00   -999.0    -999   133    40.37    -29.68     27.37     9  -999.0    -999     0   0   0   0    -999.000  -999.000
0116    42.5   826.4     18.22     90.6    1586   133    40.39    -29.75     27.33     9    -1.3    1586     0   0   0   0      31.093   -79.804
0117    42.8  -999.0   -999.00   -999.0    -999   132    40.41    -29.81     27.28     9  -999.0    -999     0   0   0   0    -999.000  -999.000
0118    43.0   827.0     18.25     90.6    1580   132    40.44    -29.88     27.24     9    -1.4    1580     0   0   0   0      31.093   -79.804
0119    43.3  -999.0   -999.00   -999.0    -999   132    40.46    -29.95     27.20     9  -999.0    -999     0   0   0   0    -999.000  -999.000
0120    43.5   827.6     18.28     90.6    1574   132    40.48    -30.02     27.16     9    -1.4    1574     0   0   0   0      31.093   -79.804
0121    43.8  -999.0   -999.00   -999.0    -999   132    40.50    -30.09     27.11     9  -999.0    -999     0   0   0   0    -999.000  -999.000
0122    44.0   828.2     18.31     90.5    1568   132    40.52    -30.15     27.07     9    -1.4    1568     0   0   0   0      31.094   -79.805
0123    44.3  -999.0   -999.00   -999.0    -999   132    40.54    -30.22     27.03     9  -999.0    -999     0   0   0   0    -999.000  -999.000
0124    44.5   828.8     18.35     90.4    1562   132    40.56    -30.28     26.99     9    -1.4    1562     0   0   0   0      31.094   -79.805
0125    44.8  -999.0   -999.00   -999.0    -999   132    40.58    -30.35     26.95     9  -999.0    -999     0   0   0   0    -999.000  -999.000
0126    45.0   829.4     18.38     90.3    1556   132    40.60    -30.41     26.91     9    -1.4    1556     0   0   0   0      31.094   -79.805
0127    45.3  -999.0   -999.00   -999.0    -999   131    40.62    -30.46     26.87     9  -999.0    -999     0   0   0   0    -999.000  -999.000
0128    45.5   830.0     18.41     90.2    1549   131    40.64    -30.51     26.84     9    -1.4    1549     0   0   0   0      31.094   -79.805
0129    45.8  -999.0   -999.00   -999.0    -999   131    40.65    -30.56     26.81     9  -999.0    -999     0   0   0   0    -999.000  -999.000
0130    46.0   830.5     18.45     90.0    1543   131    40.66    -30.60     26.78     9    -1.5    1543     0   0   0   0      31.094   -79.805
0131    46.3  -999.0   -999.00   -999.0    -999   131    40.67    -30.63     26.75     9  -999.0    -999     0   0   0   0    -999.000  -999.000
0132    46.5   831.1     18.48     89.9    1537   131    40.67    -30.65     26.73     9    -1.5    1537     0   0   0   0      31.094   -79.805
0133    46.8  -999.0   -999.00   -999.0    -999   131    40.67    -30.67     26.71     9  -999.0    -999     0   0   0   0    -999.000  -999.000
0134    47.0   831.7     18.51     89.8    1531   131    40.66    -30.68     26.69     9    -1.5    1531     0   0   0   0      31.094   -79.806
0135    47.3  -999.0   -999.00   -999.0    -999   131    40.66    -30.68     26.68     9  -999.0    -999     0   0   0   0    -999.000  -999.000
0136    47.5   832.3     18.54     89.8    1525   131    40.64    -30.67     26.66     9    -1.5    1525     0   0   0   0      31.094   -79.806
0137    47.8  -999.0   -999.00   -999.0    -999   131    40.63    -30.66     26.65     9  -999.0    -999     0   0   0   0    -999.000  -999.000
0138    48.0   832.9     18.57     89.9    1519   131    40.61    -30.64     26.65     9    -1.5    1519     0   0   0   0      31.095   -79.806
0139    48.3  -999.0   -999.00   -999.0    -999   131    40.59    -30.62     26.64     9  -999.0    -999     0   0   0   0    -999.000  -999.000
0140    48.5   833.5     18.59     90.0    1513   131    40.56    -30.59     26.64     9    -1.5    1513     0   0   0   0      31.095   -79.806
0141    48.8  -999.0   -999.00   -999.0    -999   131    40.54    -30.56     26.63     9  -999.0    -999     0   0   0   0    -999.000  -999.000
0142    49.0   834.1     18.61     90.2    1507   131    40.51    -30.52     26.63     9    -1.5    1507     0   0   0   0      31.095   -79.806
0143    49.3  -999.0   -999.00   -999.0    -999   131    40.48    -30.48     26.63     9  -999.0    -999     0   0   0   0    -999.000  -999.000
0144    49.5   834.7     18.62     90.5    1501   131    40.45    -30.44     26.63     9    -1.5    1501     0   0   0   0      31.095   -79.806
0145    49.8  -999.0   -999.00   -999.0    -999   131    40.41    -30.39     26.64     9  -999.0    -999     0   0   0   0    -999.000  -999.000
0146    50.0   835.3     18.63     90.8    1495   131    40.38    -30.34     26.64     9    -1.5    1495     0   0   0   0      31.095   -79.806
0147    50.3  -999.0   -999.00   -999.0    -999   131    40.34    -30.29     26.64     9  -999.0    -999     0   0   0   0    -999.000  -999.000
0148    50.5   835.8     18.63     91.2    1489   131    40.30    -30.24     26.64     9    -1.4    1489     0   0   0   0      31.095   -79.807
0149    50.8  -999.0   -999.00   -999.0    -999   131    40.27    -30.20     26.64     9  -999.0    -999     0   0   0   0    -999.000  -999.000
0150    51.0   836.4     18.63     91.5    1482   131    40.23    -30.15     26.64     9    -1.4    1482     0   0   0   0      31.095   -79.807
0151    51.3  -999.0   -999.00   -999.0    -999   132    40.19    -30.10     26.64     9  -999.0    -999     0   0   0   0    -999.000  -999.000
0152    51.5   837.0     18.63     91.9    1476   132    40.16    -30.05     26.64     9    -1.3    1476     0   0   0   0      31.095   -79.807
0153    51.8  -999.0   -999.00   -999.0    -999   132    40.12    -30.00     26.64     9  -999.0    -999     0   0   0   0    -999.000  -999.000
0154    52.0   837.6     18.62     92.1    1470   132    40.09    -29.95     26.65     9    -1.3    1470     0   0   0   0      31.096   -79.807
0155    52.3  -999.0   -999.00   -999.0    -999   132    40.06    -29.91     26.66     9  -999.0    -999     0   0   0   0    -999.000  -999.000
0156    52.5   838.2     18.62     92.4    1464   132    40.04    -29.86     26.67     9    -1.2    1464     0   0   0   0      31.096   -79.807
0157    52.8  -999.0   -999.00   -999.0    -999   132    40.02    -29.82     26.68     9  -999.0    -999     0   0   0   0    -999.000  -999.000
0158    53.0   838.8     18.61     92.6    1458   132    40.00    -29.78     26.70     9    -1.2    1458     0   0   0   0      31.096   -79.807
0159    53.3  -999.0   -999.00   -999.0    -999   132    39.99    -29.75     26.72     9  -999.0    -999     0   0   0   0    -999.000  -999.000
0160    53.5   839.3     18.60     92.7    1453   132    39.98    -29.71     26.75     9    -1.1    1453     0   0   0   0      31.096   -79.808
0161    53.8  -999.0   -999.00   -999.0    -999   132    39.98    -29.68     26.78     9  -999.0    -999     0   0   0   0    -999.000  -999.000
0162    54.0   839.9     18.60     92.8    1447   132    39.98    -29.66     26.81     9    -1.0    1447     0   0   0   0      31.096   -79.808
0163    54.3  -999.0   -999.00   -999.0    -999   132    39.99    -29.64     26.85     9  -999.0    -999     0   0   0   0    -999.000  -999.000
0164    54.5   840.5     18.60     93.0    1441   132    40.01    -29.63     26.89     9    -1.0    1441     0   0   0   0      31.096   -79.808
0165    54.8  -999.0   -999.00   -999.0    -999   132    40.03    -29.62     26.93     9  -999.0    -999     0   0   0   0    -999.000  -999.000
0166    55.0   841.0     18.60     93.0    1435   132    40.05    -29.61     26.97     9    -0.9    1435     0   0   0   0      31.096   -79.808
0167    55.3  -999.0   -999.00   -999.0    -999   132    40.08    -29.61     27.01     9  -999.0    -999     0   0   0   0    -999.000  -999.000
0168    55.5   841.6     18.60     93.1    1429   132    40.12    -29.62     27.06     9    -0.9    1429     0   0   0   0      31.096   -79.808
0169    55.8  -999.0   -999.00   -999.0    -999   132    40.15    -29.62     27.10     9  -999.0    -999     0   0   0   0    -999.000  -999.000
0170    56.0   842.2     18.61     93.2    1424   132    40.19    -29.63     27.15     9    -0.9    1424     0   0   0   0      31.096   -79.808
0171    56.3  -999.0   -999.00   -999.0    -999   133    40.23    -29.65     27.20     9  -999.0    -999     0   0   0   0    -999.000  -999.000
0172    56.5   842.7     18.62     93.3    1418   133    40.28    -29.66     27.25     9    -0.8    1418     0   0   0   0      31.097   -79.809
0173    56.8  -999.0   -999.00   -999.0    -999   133    40.32    -29.67     27.30     9  -999.0    -999     0   0   0   0    -999.000  -999.000
0174    57.0   843.3     18.63     93.3    1412   133    40.37    -29.69     27.36     9    -0.8    1412     0   0   0   0      31.097   -79.809
0175    57.3  -999.0   -999.00   -999.0    -999   133    40.42    -29.70     27.42     9  -999.0    -999     0   0   0   0    -999.000  -999.000
0176    57.5   843.8     18.64     93.3    1406   133    40.47    -29.70     27.48     9    -0.8    1406     0   0   0   0      31.097   -79.809
0177    57.8  -999.0   -999.00   -999.0    -999   133    40.51    -29.71     27.55     9  -999.0    -999     0   0   0   0    -999.000  -999.000
0178    58.0   844.4     18.66     93.4    1401   133    40.56    -29.71     27.62     9    -0.8    1401     0   0   0   0      31.097   -79.809
0179    58.3  -999.0   -999.00   -999.0    -999   133    40.61    -29.70     27.69     9  -999.0    -999     0   0   0   0    -999.000  -999.000
0180    58.5   845.0     18.67     93.4    1395   133    40.65    -29.69     27.77     9    -0.8    1395     0   0   0   0      31.097   -79.809
0181    58.8  -999.0   -999.00   -999.0    -999   133    40.70    -29.68     27.84     9  -999.0    -999     0   0   0   0    -999.000  -999.000
0182    59.0   845.5     18.69     93.3    1389   133    40.75    -29.67     27.93     9    -0.8    1389     0   0   0   0      31.097   -79.809
0183    59.3  -999.0   -999.00   -999.0    -999   133    40.79    -29.65     28.01     9  -999.0    -999     0   0   0   0    -999.000  -999.000
0184    59.5   846.1     18.71     93.3    1383   133    40.84    -29.63     28.10     9    -0.8    1383     0   0   0   0      31.097   -79.809
0185    59.8  -999.0   -999.00   -999.0    -999   134    40.88    -29.61     28.19     9  -999.0    -999     0   0   0   0    -999.000  -999.000
0186    60.0   846.7     18.73     93.2    1378   134    40.93    -29.59     28.28     9    -0.8    1378     0   0   0   0      31.097   -79.810
0187    60.3  -999.0   -999.00   -999.0    -999   134    40.97    -29.56     28.36     9  -999.0    -999     0   0   0   0    -999.000  -999.000
0188    60.5   847.2     18.74     93.1    1372   134    41.01    -29.54     28.45     9    -0.8    1372     0   0   0   0      31.098   -79.810
0189    60.8  -999.0   -999.00   -999.0    -999   134    41.05    -29.51     28.54     9  -999.0    -999     0   0   0   0    -999.000  -999.000
0190    61.0   847.8     18.76     93.0    1366   134    41.09    -29.48     28.62     9    -0.8    1366     0   0   0   0      31.098   -79.810
0191    61.3  -999.0   -999.00   -999.0    -999   134    41.12    -29.45     28.70     9  -999.0    -999     0   0   0   0    -999.000  -999.000
0192    61.5   848.3     18.78     92.9    1361   134    41.16    -29.42     28.78     9    -0.9    1361     0   0   0   0      31.098   -79.810
0193    61.8  -999.0   -999.00   -999.0    -999   134    41.19    -29.39     28.86     9  -999.0    -999     0   0   0   0    -999.000  -999.000
0194    62.0   848.9     18.79     92.7    1355  -999  -999.00   -999.00   -999.00     9    -0.9    1355     0   0   0   0    -999.000  -999.000
0195    62.3  -999.0   -999.00   -999.0    -999   135    41.25    -29.34     29.00     9  -999.0    -999     0   0   0   0    -999.000  -999.000
0196    62.5   849.5     18.81     92.6    1349   135    41.28    -29.31     29.07     9    -1.0    1349     0   0   0   0      31.098   -79.810
0197    62.8  -999.0   -999.00   -999.0    -999   135    41.30    -29.28     29.14     9  -999.0    -999     0   0   0   0    -999.000  -999.000
0198    63.0   850.0     18.83     92.4    1343   135    41.32    -29.24     29.20     9    -1.1    1343     0   0   0   0      31.098   -79.811
0199    63.3  -999.0   -999.00   -999.0    -999   135    41.34    -29.21     29.26     9  -999.0    -999     0   0   0   0    -999.000  -999.000
0200    63.5   850.6     18.85     92.3    1337   135    41.35    -29.17     29.31     9    -1.1    1337     0   0   0   0      31.098   -79.811
0201    63.8  -999.0   -999.00   -999.0    -999   135    41.36    -29.13     29.36     9  -999.0    -999     0   0   0   0    -999.000  -999.000
0202    64.0   851.2     18.86     92.1    1332   135    41.36    -29.09     29.41     9    -1.1    1332     0   0   0   0      31.099   -79.811
0203    64.3  -999.0   -999.00   -999.0    -999   135    41.36    -29.04     29.45     9  -999.0    -999     0   0   0   0    -999.000  -999.000
0204    64.5   851.8     18.88     91.9    1326   135    41.36    -28.99     29.49     9    -1.2    1326     0   0   0   0      31.099   -79.811
0205    64.8  -999.0   -999.00   -999.0    -999   136    41.35    -28.95     29.53     9  -999.0    -999     0   0   0   0    -999.000  -999.000
0206    65.0   852.4     18.90     91.7    1320   136    41.33    -28.90     29.56     9    -1.2    1320     0   0   0   0      31.099   -79.811
0207    65.3  -999.0   -999.00   -999.0    -999   136    41.32    -28.85     29.58     9  -999.0    -999     0   0   0   0    -999.000  -999.000
0208    65.5   853.0     18.92     91.5    1314   136    41.29    -28.79     29.60     9    -1.2    1314     0   0   0   0      31.099   -79.811
0209    65.8  -999.0   -999.00   -999.0    -999   136    41.26    -28.74     29.61     9  -999.0    -999     0   0   0   0    -999.000  -999.000
0210    66.0   853.5     18.93     91.2    1308   136    41.23    -28.68     29.61     9    -1.2    1308     0   0   0   0      31.099   -79.811
0211    66.3  -999.0   -999.00   -999.0    -999   136    41.18    -28.62     29.61     9  -999.0    -999     0   0   0   0    -999.000  -999.000
0212    66.5   854.1     18.94     91.0    1302   136    41.14    -28.56     29.60     9    -1.1    1302     0   0   0   0      31.099   -79.812
0213    66.8  -999.0   -999.00   -999.0    -999   136    41.08    -28.50     29.59     9  -999.0    -999     0   0   0   0    -999.000  -999.000
0214    67.0   854.7     18.95     90.8    1296   136    41.02    -28.44     29.56     9    -1.1    1296     0   0   0   0      31.099   -79.812
0215    67.3  -999.0   -999.00   -999.0    -999   136    40.96    -28.37     29.54     9  -999.0    -999     0   0   0   0    -999.000  -999.000
0216    67.5   855.3     18.95     90.6    1290   136    40.89    -28.31     29.51     9    -1.1    1290     0   0   0   0      31.099   -79.812
0217    67.8  -999.0   -999.00   -999.0    -999   136    40.82    -28.25     29.47     9  -999.0    -999     0   0   0   0    -999.000  -999.000
0218    68.0   855.9     18.96     90.5    1285   136    40.75    -28.19     29.43     9    -1.1    1285     0   0   0   0      31.100   -79.812
0219    68.3  -999.0   -999.00   -999.0    -999   136    40.68    -28.13     29.39     9  -999.0    -999     0   0   0   0    -999.000  -999.000
0220    68.5   856.4     18.95     90.4    1279   136    40.61    -28.08     29.35     9    -1.1    1279     0   0   0   0      31.100   -79.812
0221    68.8  -999.0   -999.00   -999.0    -999   136    40.54    -28.02     29.30     9  -999.0    -999     0   0   0   0    -999.000  -999.000
0222    69.0   857.0     18.95     90.4    1273   136    40.48    -27.98     29.25     9    -1.0    1273     0   0   0   0      31.100   -79.812
0223    69.3  -999.0   -999.00   -999.0    -999   136    40.42    -27.93     29.21     9  -999.0    -999     0   0   0   0    -999.000  -999.000
0224    69.5   857.6     18.95     90.4    1267   136    40.36    -27.89     29.16     9    -1.0    1267     0   0   0   0      31.100   -79.813
0225    69.8  -999.0   -999.00   -999.0    -999   136    40.30    -27.86     29.12     9  -999.0    -999     0   0   0   0    -999.000  -999.000
0226    70.0   858.2     18.96     90.5    1261   136    40.25    -27.82     29.08     9    -1.0    1261     0   0   0   0      31.100   -79.813
0227    70.3  -999.0   -999.00   -999.0    -999   136    40.20    -27.79     29.04     9  -999.0    -999     0   0   0   0    -999.000  -999.000
0228    70.5   858.7     18.96     90.5    1256   136    40.15    -27.76     29.01     9    -1.0    1256     0   0   0   0      31.100   -79.813
0229    70.8  -999.0   -999.00   -999.0    -999   136    40.11    -27.73     28.97     9  -999.0    -999     0   0   0   0    -999.000  -999.000
0230    71.0   859.3     18.97     90.6    1250   136    40.07    -27.71     28.94     9    -1.0    1250     0   0   0   0      31.100   -79.813
0231    71.3  -999.0   -999.00   -999.0    -999  -999  -999.00   -999.00   -999.00     9  -999.0    -999     0   0   0   0    -999.000  -999.000
0232    71.5   859.9     18.98     90.7    1244   136    39.98    -27.65     28.88     9    -0.9    1244     0   0   0   0      31.100   -79.813
0233    71.8  -999.0   -999.00   -999.0    -999   136    39.94    -27.62     28.86     9  -999.0    -999     0   0   0   0    -999.000  -999.000
0234    72.0   860.5     19.00     90.8    1238   136    39.90    -27.58     28.83     9    -0.9    1238     0   0   0   0      31.101   -79.813
0235    72.3  -999.0   -999.00   -999.0    -999   136    39.86    -27.55     28.80     9  -999.0    -999     0   0   0   0    -999.000  -999.000
0236    72.5   861.0     19.01     90.9    1233   136    39.81    -27.51     28.78     9    -0.9    1233     0   0   0   0      31.101   -79.813
0237    72.8  -999.0   -999.00   -999.0    -999   136    39.77    -27.47     28.75     9  -999.0    -999     0   0   0   0    -999.000  -999.000
0238    73.0   861.6     19.03     91.0    1227   136    39.72    -27.42     28.73     9    -0.9    1227     0   0   0   0      31.101   -79.814
0239    73.3  -999.0   -999.00   -999.0    -999   136    39.66    -27.38     28.70     9  -999.0    -999     0   0   0   0    -999.000  -999.000
0240    73.5   862.2     19.05     91.0    1221   136    39.61    -27.33     28.67     9    -0.9    1221     0   0   0   0      31.101   -79.814
0241    73.8  -999.0   -999.00   -999.0    -999   136    39.55    -27.28     28.64     9  -999.0    -999     0   0   0   0    -999.000  -999.000
0242    74.0   862.7     19.07     91.1    1215   136    39.49    -27.23     28.61     9    -0.9    1215     0   0   0   0      31.101   -79.814
0243    74.3  -999.0   -999.00   -999.0    -999   136    39.43    -27.18     28.57     9  -999.0    -999     0   0   0   0    -999.000  -999.000
0244    74.5   863.3     19.09     91.2    1210   136    39.37    -27.13     28.53     9    -0.9    1210     0   0   0   0      31.101   -79.814
0245    74.8  -999.0   -999.00   -999.0    -999   136    39.31    -27.07     28.49     9  -999.0    -999     0   0   0   0    -999.000  -999.000
0246    75.0   863.9     19.11     91.3    1204   136    39.24    -27.02     28.45     9    -0.9    1204     0   0   0   0      31.101   -79.814
0247    75.3  -999.0   -999.00   -999.0    -999   136    39.17    -26.97     28.41     9  -999.0    -999     0   0   0   0    -999.000  -999.000
0248    75.5   864.5     19.13     91.4    1198   137    39.10    -26.92     28.37     9    -0.9    1198     0   0   0   0      31.102   -79.814
0249    75.8  -999.0   -999.00   -999.0    -999   137    39.04    -26.87     28.32     9  -999.0    -999     0   0   0   0    -999.000  -999.000
0250    76.0   865.0     19.15     91.5    1192   137    38.97    -26.82     28.28     9    -0.9    1192     0   0   0   0      31.102   -79.814
0251    76.3  -999.0   -999.00   -999.0    -999   137    38.91    -26.77     28.24     9  -999.0    -999     0   0   0   0    -999.000  -999.000
0252    76.5   865.6     19.17     91.7    1187   137    38.84    -26.72     28.20     9    -1.0    1187     0   0   0   0      31.102   -79.815
0253    76.8  -999.0   -999.00   -999.0    -999   137    38.78    -26.67     28.16     9  -999.0    -999     0   0   0   0    -999.000  -999.000
0254    77.0   866.2     19.19     91.8    1181   137    38.73    -26.62     28.12     9    -1.0    1181     0   0   0   0      31.102   -79.815
0255    77.3  -999.0   -999.00   -999.0    -999   137    38.67    -26.58     28.09     9  -999.0    -999     0   0   0   0    -999.000  -999.000
0256    77.5   866.8     19.21     91.9    1175   137    38.62    -26.54     28.06     9    -1.0    1175     0   0   0   0      31.102   -79.815
0257    77.8  -999.0   -999.00   -999.0    -999   137    38.58    -26.50     28.04     9  -999.0    -999     0   0   0   0    -999.000  -999.000
0258    78.0   867.3     19.23     92.0    1170   137    38.53    -26.46     28.02     9    -1.0    1170     0   0   0   0      31.102   -79.815
0259    78.3  -999.0   -999.00   -999.0    -999   137    38.50    -26.42     28.00     9  -999.0    -999     0   0   0   0    -999.000  -999.000
0260    78.5   867.9     19.25     92.1    1164   137    38.46    -26.39     27.98     9    -1.0    1164     0   0   0   0      31.102   -79.815
0261    78.8  -999.0   -999.00   -999.0    -999   137    38.43    -26.35     27.97     9  -999.0    -999     0   0   0   0    -999.000  -999.000
0262    79.0   868.5     19.28     92.2    1158   137    38.40    -26.32     27.97     9    -1.1    1158     0   0   0   0      31.102   -79.815
0263    79.3  -999.0   -999.00   -999.0    -999   137    38.38    -26.29     27.96     9  -999.0    -999     0   0   0   0    -999.000  -999.000
0264    79.5   869.1     19.30     92.2    1152   137    38.35    -26.26     27.96     9    -1.1    1152     0   0   0   0      31.103   -79.815
0265    79.8  -999.0   -999.00   -999.0    -999   137    38.33    -26.23     27.95     9  -999.0    -999     0   0   0   0    -999.000  -999.000
0266    80.0   869.7     19.33     92.3    1146   137    38.31    -26.20     27.95     9    -1.1    1146     0   0   0   0      31.103   -79.816
0267    80.3  -999.0   -999.00   -999.0    -999   137    38.29    -26.17     27.95     9  -999.0    -999     0   0   0   0    -999.000  -999.000
0268    80.5   870.3     19.35     92.4    1140   137    38.27    -26.14     27.95     9    -1.1    1140     0   0   0   0      31.103   -79.816
0269    80.8  -999.0   -999.00   -999.0    -999   137    38.25    -26.12     27.95     9  -999.0    -999     0   0   0   0    -999.000  -999.000
0270    81.0   870.8     19.38     92.5    1135   137    38.24    -26.10     27.95     9    -1.2    1135     0   0   0   0      31.103   -79.816
0271    81.3  -999.0   -999.00   -999.0    -999   137    38.22    -26.08     27.95     9  -999.0    -999     0   0   0   0    -999.000  -999.000
0272    81.5   871.4     19.41     92.5    1129   137    38.21    -26.06     27.95     9    -1.2    1129     0   0   0   0      31.103   -79.816
0273    81.8  -999.0   -999.00   -999.0    -999   137    38.21    -26.05     27.95     9  -999.0    -999     0   0   0   0    -999.000  -999.000
0274    82.0   872.0     19.44     92.6    1123   137    38.20    -26.04     27.95     9    -1.1    1123     0   0   0   0      31.103   -79.816
0275    82.3  -999.0   -999.00   -999.0    -999   137    38.20    -26.03     27.96     9  -999.0    -999     0   0   0   0    -999.000  -999.000
0276    82.5   872.6     19.48     92.6    1117   137    38.21    -26.03     27.96     9    -1.1    1117     0   0   0   0      31.103   -79.816
0277    82.8  -999.0   -999.00   -999.0    -999   137    38.21    -26.03     27.97     9  -999.0    -999     0   0   0   0    -999.000  -999.000
0278    83.0   873.2     19.51     92.6    1111   137    38.22    -26.04     27.98     9    -1.1    1111     0   0   0   0      31.103   -79.816
0279    83.3  -999.0   -999.00   -999.0    -999  -999  -999.00   -999.00   -999.00     9  -999.0    -999     0   0   0   0    -999.000  -999.000
0280    83.5   873.8     19.55     92.6    1106   137    38.25    -26.06     28.00     9    -1.1    1106     0   0   0   0      31.104   -79.816
0281    83.8  -999.0   -999.00   -999.0    -999   137    38.27    -26.07     28.02     9  -999.0    -999     0   0   0   0    -999.000  -999.000
0282    84.0   874.4     19.58     92.6    1100   137    38.29    -26.08     28.03     9    -1.1    1100     0   0   0   0      31.104   -79.817
0283    84.3  -999.0   -999.00   -999.0    -999   137    38.31    -26.09     28.05     9  -999.0    -999     0   0   0   0    -999.000  -999.000
0284    84.5   875.0     19.62     92.6    1094   137    38.33    -26.10     28.07     9    -1.1    1094     0   0   0   0      31.104   -79.817
0285    84.8  -999.0   -999.00   -999.0    -999   137    38.35    -26.11     28.08     9  -999.0    -999     0   0   0   0    -999.000  -999.000
0286    85.0   875.5     19.65     92.6    1088   137    38.36    -26.12     28.10     9    -1.1    1088     0   0   0   0      31.104   -79.817
0287    85.3  -999.0   -999.00   -999.0    -999   137    38.38    -26.12     28.12     9  -999.0    -999     0   0   0   0    -999.000  -999.000
0288    85.5  -999.0   -999.00   -999.0    -999  -999  -999.00   -999.00   -999.00     0  -999.0    -999     0   0   0   0    -999.000  -999.000
0289    85.8  -999.0   -999.00   -999.0    -999  -999  -999.00   -999.00   -999.00     0  -999.0    -999     0   0   0   0    -999.000  -999.000
0290    86.0  -999.0   -999.00   -999.0    -999  -999  -999.00   -999.00   -999.00     0  -999.0    -999     0   0   0   0    -999.000  -999.000
0291    86.3  -999.0   -999.00   -999.0    -999  -999  -999.00   -999.00   -999.00     0  -999.0    -999     0   0   0   0    -999.000  -999.000
0292    86.5  -999.0   -999.00   -999.0    -999  -999  -999.00   -999.00   -999.00     0  -999.0    -999     0   0   0   0    -999.000  -999.000
0293    86.8   877.6     19.77     92.5    1068   137    38.44    -26.14     28.18     9    -1.1    1068     0   0   0   0      31.104   -79.817
0294    87.0  -999.0   -999.00   -999.0    -999   137    38.44    -26.13     28.18     9  -999.0    -999     0   0   0   0    -999.000  -999.000
0295    87.3   878.1     19.80     92.4    1062  -999  -999.00   -999.00   -999.00     0    -1.1    1062     0   0   0   0    -999.000  -999.000
0296    87.5  -999.0   -999.00   -999.0    -999  -999  -999.00   -999.00   -999.00    16  -999.0    -999     0   0   0   0    -999.000  -999.000
0297    87.8   878.7     19.84     92.4    1057   137    38.43    -26.12     28.18     9    -1.1    1057     0   0   0   0      31.105   -79.818
0298    88.0  -999.0   -999.00   -999.0    -999   137    38.42    -26.12     28.17     9  -999.0    -999     0   0   0   0    -999.000  -999.000
0299    88.3   879.3     19.87     92.4    1051   137    38.41    -26.12     28.16     9    -1.2    1051     0   0   0   0      31.105   -79.818
0300    88.5  -999.0   -999.00   -999.0    -999   137    38.40    -26.12     28.15     9  -999.0    -999     0   0   0   0    -999.000  -999.000
0301    88.8   879.9     19.90     92.4    1045  -999  -999.00   -999.00   -999.00     9    -1.2    1045     0   0   0   0      31.105   -79.818
0302    89.0  -999.0   -999.00   -999.0    -999   137    38.38    -26.12     28.12     9  -999.0    -999     0   0   0   0    -999.000  -999.000
0303    89.3   880.5     19.93     92.3    1039   137    38.36    -26.12     28.10     9    -1.3    1039     0   0   0   0      31.105   -79.818
0304    89.5  -999.0   -999.00   -999.0    -999   137    38.34    -26.12     28.08     9  -999.0    -999     0   0   0   0    -999.000  -999.000
0305    89.8   881.1     19.96     92.3    1033   137    38.33    -26.11     28.05     9    -1.3    1033     0   0   0   0      31.105   -79.818
0306    90.0  -999.0   -999.00   -999.0    -999   137    38.31    -26.11     28.03     9  -999.0    -999     0   0   0   0    -999.000  -999.000
0307    90.3   881.7     19.99     92.3    1027   137    38.29    -26.11     28.01     9    -1.3    1027     0   0   0   0      31.105   -79.818
0308    90.5  -999.0   -999.00   -999.0    -999   137    38.27    -26.11     27.98     9  -999.0    -999     0   0   0   0    -999.000  -999.000
0309    90.8   882.3     20.03     92.3    1021   137    38.25    -26.10     27.96     9    -1.3    1021     0   0   0   0      31.105   -79.818
0310    91.0  -999.0   -999.00   -999.0    -999   137    38.23    -26.09     27.94     9  -999.0    -999     0   0   0   0    -999.000  -999.000
0311    91.3   882.9     20.06     92.3    1016   137    38.21    -26.09     27.92     9    -1.3    1016     0   0   0   0      31.106   -79.819
0312    91.5  -999.0   -999.00   -999.0    -999   137    38.19    -26.08     27.90     9  -999.0    -999     0   0   0   0    -999.000  -999.000
0313    91.8   883.5     20.09     92.3    1010   137    38.17    -26.07     27.88     9    -1.3    1010     0   0   0   0      31.106   -79.819
0314    92.0  -999.0   -999.00   -999.0    -999  -999  -999.00   -999.00   -999.00     9  -999.0    -999     0   0   0   0    -999.000  -999.000
0315    92.3   884.1     20.12     92.3    1004   137    38.12    -26.03     27.85     9    -1.3    1004     0   0   0   0      31.106   -79.819
0316    92.5  -999.0   -999.00   -999.0    -999   137    38.10    -26.01     27.84     9  -999.0    -999     0   0   0   0    -999.000  -999.000
0317    92.8   884.7     20.16     92.3     998   137    38.08    -25.99     27.83     9    -1.3     998     0   0   0   0      31.106   -79.819
0318    93.0  -999.0   -999.00   -999.0    -999   137    38.06    -25.96     27.82     9  -999.0    -999     0   0   0   0    -999.000  -999.000
0319    93.3   885.3     20.19     92.3     992   137    38.03    -25.93     27.82     9    -1.3     992     0   0   0   0      31.106   -79.819
0320    93.5  -999.0   -999.00   -999.0    -999   137    38.01    -25.90     27.82     9  -999.0    -999     0   0   0   0    -999.000  -999.000
0321    93.8   885.9     20.22     92.3     986   137    37.99    -25.86     27.83     9    -1.3     986     0   0   0   0      31.106   -79.819
0322    94.0  -999.0   -999.00   -999.0    -999   137    37.98    -25.82     27.85     9  -999.0    -999     0   0   0   0    -999.000  -999.000
0323    94.3   886.5     20.25     92.3     980   137    37.96    -25.78     27.86     9    -1.3     980     0   0   0   0      31.106   -79.819
0324    94.5  -999.0   -999.00   -999.0    -999   137    37.95    -25.74     27.89     9  -999.0    -999     0   0   0   0    -999.000  -999.000
0325    94.8   887.1     20.28     92.3     974   137    37.93    -25.69     27.91     9    -1.3     974     0   0   0   0      31.106   -79.820
0326    95.0  -999.0   -999.00   -999.0    -999   137    37.92    -25.64     27.94     9  -999.0    -999     0   0   0   0    -999.000  -999.000
0327    95.3   887.7     20.31     92.3     969   138    37.91    -25.60     27.97     9    -1.3     969     0   0   0   0      31.107   -79.820
0328    95.5  -999.0   -999.00   -999.0    -999   138    37.91    -25.55     28.00     9  -999.0    -999     0   0   0   0    -999.000  -999.000
0329    95.8   888.3     20.34     92.3     963   138    37.90    -25.51     28.04     9    -1.3     963     0   0   0   0      31.107   -79.820
0330    96.0  -999.0   -999.00   -999.0    -999   138    37.90    -25.47     28.07     9  -999.0    -999     0   0   0   0    -999.000  -999.000
0331    96.3   888.9     20.37     92.3     957   138    37.90    -25.43     28.11     9    -1.4     957     0   0   0   0      31.107   -79.820
0332    96.5  -999.0   -999.00   -999.0    -999   138    37.90    -25.39     28.14     9  -999.0    -999     0   0   0   0    -999.000  -999.000
0333    96.8   889.5     20.40     92.3     951   138    37.91    -25.36     28.17     9    -1.4     951     0   0   0   0      31.107   -79.820
0334    97.0  -999.0   -999.00   -999.0    -999   138    37.91    -25.34     28.20     9  -999.0    -999     0   0   0   0    -999.000  -999.000
0335    97.3   890.1     20.43     92.2     945   138    37.91    -25.32     28.22     9    -1.4     945     0   0   0   0      31.107   -79.820
0336    97.5  -999.0   -999.00   -999.0    -999   138    37.91    -25.30     28.24     9  -999.0    -999     0   0   0   0    -999.000  -999.000
0337    97.8   890.7     20.47     92.2     939   138    37.92    -25.29     28.25     9    -1.4     939     0   0   0   0      31.107   -79.820
0338    98.0  -999.0   -999.00   -999.0    -999   138    37.92    -25.28     28.26     9  -999.0    -999     0   0   0   0    -999.000  -999.000
0339    98.3   891.3     20.50     92.1     933   138    37.92    -25.28     28.27     9    -1.4     933     0   0   0   0      31.107   -79.820
0340    98.5  -999.0   -999.00   -999.0    -999   138    37.93    -25.28     28.27     9  -999.0    -999     0   0   0   0    -999.000  -999.000
0341    98.8   891.9     20.53     92.1     927   138    37.93    -25.29     28.27     9    -1.4     927     0   0   0   0      31.107   -79.821
0342    99.0  -999.0   -999.00   -999.0    -999   138    37.93    -25.30     28.27     9  -999.0    -999     0   0   0   0    -999.000  -999.000
0343    99.3   892.6     20.56     92.0     921  -999  -999.00   -999.00   -999.00     9    -1.5     921     0   0   0   0      31.108   -79.821
0344    99.5  -999.0   -999.00   -999.0    -999   138    37.95    -25.33     28.26     9  -999.0    -999     0   0   0   0    -999.000  -999.000
0345    99.8   893.2     20.60     92.0     915   138    37.95    -25.35     28.25     9    -1.5     915     0   0   0   0      31.108   -79.821
0346   100.0  -999.0   -999.00   -999.0    -999   138    37.96    -25.37     28.23     9  -999.0    -999     0   0   0   0    -999.000  -999.000
0347   100.3   893.8     20.63     91.9     909   138    37.97    -25.40     28.22     9    -1.5     909     0   0   0   0      31.108   -79.821
0348   100.5  -999.0   -999.00   -999.0    -999   138    37.97    -25.42     28.20     9  -999.0    -999     0   0   0   0    -999.000  -999.000
0349   100.8   894.4     20.66     91.9     904   138    37.98    -25.45     28.18     9    -1.5     904     0   0   0   0      31.108   -79.821
0350   101.0  -999.0   -999.00   -999.0    -999   138    37.98    -25.49     28.16     9  -999.0    -999     0   0   0   0    -999.000  -999.000
0351   101.3   895.0     20.69     91.9     898   138    37.99    -25.52     28.14     9    -1.5     898     0   0   0   0      31.108   -79.821
0352   101.5  -999.0   -999.00   -999.0    -999   138    38.00    -25.55     28.12     9  -999.0    -999     0   0   0   0    -999.000  -999.000
0353   101.8   895.6     20.72     91.9     892   138    38.00    -25.59     28.09     9    -1.5     892     0   0   0   0      31.108   -79.821
0354   102.0  -999.0   -999.00   -999.0    -999   138    38.01    -25.63     28.07     9  -999.0    -999     0   0   0   0    -999.000  -999.000
0355   102.3   896.2     20.74     91.9     886   138    38.02    -25.67     28.04     9    -1.6     886     0   0   0   0      31.108   -79.822
0356   102.5  -999.0   -999.00   -999.0    -999   137    38.02    -25.71     28.02     9  -999.0    -999     0   0   0   0    -999.000  -999.000
0357   102.8   896.8     20.77     91.9     880   137    38.03    -25.75     27.99     9    -1.6     880     0   0   0   0      31.108   -79.822
0358   103.0  -999.0   -999.00   -999.0    -999  -999  -999.00   -999.00   -999.00     9  -999.0    -999     0   0   0   0    -999.000  -999.000
0359   103.3   897.5     20.79     91.9     874   137    38.05    -25.83     27.93     9    -1.6     874     0   0   0   0      31.109   -79.822
0360   103.5  -999.0   -999.00   -999.0    -999   137    38.05    -25.87     27.90     9  -999.0    -999     0   0   0   0    -999.000  -999.000
0361   103.8   898.1     20.81     91.9     868   137    38.06    -25.91     27.88     9    -1.7     868     0   0   0   0      31.109   -79.822
0362   104.0  -999.0   -999.00   -999.0    -999   137    38.07    -25.96     27.85     9  -999.0    -999     0   0   0   0    -999.000  -999.000
0363   104.3   898.7     20.84     91.8     862   137    38.08    -26.00     27.82     9    -1.7     862     0   0   0   0      31.109   -79.822
0364   104.5  -999.0   -999.00   -999.0    -999   137    38.09    -26.05     27.79     9  -999.0    -999     0   0   0   0    -999.000  -999.000
0365   104.8   899.3     20.86     91.8     856   137    38.10    -26.09     27.76     9    -1.7     856     0   0   0   0      31.109   -79.822
0366   105.0  -999.0   -999.00   -999.0    -999   137    38.11    -26.13     27.73     9  -999.0    -999     0   0   0   0    -999.000  -999.000
0367   105.3   900.0     20.89     91.7     850   137    38.12    -26.18     27.71     9    -1.8     850     0   0   0   0      31.109   -79.822
0368   105.5  -999.0   -999.00   -999.0    -999   137    38.14    -26.23     27.69     9  -999.0    -999     0   0   0   0    -999.000  -999.000
0369   105.8   900.6     20.91     91.6     844   136    38.16    -26.27     27.67     9    -1.8     844     0   0   0   0      31.109   -79.822
0370   106.0  -999.0   -999.00   -999.0    -999   136    38.18    -26.32     27.65     9  -999.0    -999     0   0   0   0    -999.000  -999.000
0371   106.3   901.2     20.94     91.6     837   136    38.20    -26.37     27.64     9    -1.8     837     0   0   0   0      31.109   -79.823
0372   106.5  -999.0   -999.00   -999.0    -999   136    38.22    -26.41     27.62     9  -999.0    -999     0   0   0   0    -999.000  -999.000
0373   106.8   901.8     20.96     91.5     831   136    38.24    -26.46     27.61     9    -1.8     831     0   0   0   0      31.109   -79.823
0374   107.0  -999.0   -999.00   -999.0    -999   136    38.27    -26.51     27.60     9  -999.0    -999     0   0   0   0    -999.000  -999.000
0375   107.3   902.5     20.99     91.4     825   136    38.29    -26.55     27.59     9    -1.8     825     0   0   0   0      31.110   -79.823
0376   107.5  -999.0   -999.00   -999.0    -999   136    38.31    -26.59     27.58     9  -999.0    -999     0   0   0   0    -999.000  -999.000
0377   107.8   903.1     21.02     91.4     819   136    38.33    -26.63     27.57     9    -1.8     819     0   0   0   0      31.110   -79.823
0378   108.0  -999.0   -999.00   -999.0    -999   136    38.35    -26.66     27.56     9  -999.0    -999     0   0   0   0    -999.000  -999.000
0379   108.3   903.7     21.04     91.5     813   136    38.36    -26.69     27.56     9    -1.8     813     0   0   0   0      31.110   -79.823
0380   108.5  -999.0   -999.00   -999.0    -999   136    38.38    -26.72     27.55     9  -999.0    -999     0   0   0   0    -999.000  -999.000
0381   108.8   904.4     21.07     91.6     807   136    38.39    -26.74     27.55     9    -1.8     807     0   0   0   0      31.110   -79.823
0382   109.0  -999.0   -999.00   -999.0    -999   136    38.40    -26.75     27.55     9  -999.0    -999     0   0   0   0    -999.000  -999.000
0383   109.3   905.0     21.10     91.8     801   136    38.41    -26.77     27.55     9    -1.9     801     0   0   0   0      31.110   -79.823
0384   109.5  -999.0   -999.00   -999.0    -999   136    38.42    -26.78     27.55     9  -999.0    -999     0   0   0   0    -999.000  -999.000
0385   109.8   905.6     21.12     92.1     795   136    38.43    -26.78     27.56     9    -1.9     795     0   0   0   0      31.110   -79.824
0386   110.0  -999.0   -999.00   -999.0    -999   136    38.44    -26.78     27.57     9  -999.0    -999     0   0   0   0    -999.000  -999.000
0387   110.3   906.3     21.15     92.5     789   136    38.45    -26.79     27.59     9    -2.0     789     0   0   0   0      31.110   -79.824
0388   110.5  -999.0   -999.00   -999.0    -999   136    38.46    -26.78     27.61     9  -999.0    -999     0   0   0   0    -999.000  -999.000
0389   110.8   906.9     21.17     92.9     783   136    38.48    -26.78     27.63     9    -2.0     783     0   0   0   0      31.110   -79.824
0390   111.0  -999.0   -999.00   -999.0    -999   136    38.49    -26.78     27.65     9  -999.0    -999     0   0   0   0    -999.000  -999.000
0391   111.3   907.5     21.20     93.3     777   136    38.50    -26.77     27.68     9    -2.1     777     0   0   0   0      31.111   -79.824
0392   111.5  -999.0   -999.00   -999.0    -999   136    38.52    -26.76     27.71     9  -999.0    -999     0   0   0   0    -999.000  -999.000
0393   111.8   908.2     21.22     93.7     770   136    38.54    -26.75     27.74     9    -2.1     770     0   0   0   0      31.111   -79.824
0394   112.0  -999.0   -999.00   -999.0    -999   136    38.56    -26.74     27.77     9  -999.0    -999     0   0   0   0    -999.000  -999.000
0395   112.3   908.8     21.24     94.0     764   136    38.57    -26.73     27.81     9    -2.1     764     0   0   0   0      31.111   -79.824
0396   112.5  -999.0   -999.00   -999.0    -999   136    38.59    -26.72     27.85     9  -999.0    -999     0   0   0   0    -999.000  -999.000
0397   112.8   909.5     21.27     94.3     758   136    38.61    -26.70     27.89     9    -2.1     758     0   0   0   0      31.111   -79.824
0398   113.0  -999.0   -999.00   -999.0    -999   136    38.63    -26.68     27.94     9  -999.0    -999     0   0   0   0    -999.000  -999.000
0399   113.3   910.1     21.29     94.5     752   136    38.65    -26.66     27.98     9    -2.1     752     0   0   0   0      31.111   -79.825
0400   113.5  -999.0   -999.00   -999.0    -999   136    38.67    -26.64     28.03     9  -999.0    -999     0   0   0   0    -999.000  -999.000
0401   113.8   910.8     21.30     94.7     745   137    38.69    -26.62     28.08     9    -2.0     745     0   0   0   0      31.111   -79.825
0402   114.0  -999.0   -999.00   -999.0    -999   137    38.71    -26.59     28.13     9  -999.0    -999     0   0   0   0    -999.000  -999.000
0403   114.3   911.4     21.32     94.7     739   137    38.73    -26.57     28.18     9    -1.9     739     0   0   0   0      31.111   -79.825
0404   114.5  -999.0   -999.00   -999.0    -999   137    38.74    -26.54     28.22     9  -999.0    -999     0   0   0   0    -999.000  -999.000
0405   114.8   912.1     21.34     94.8     733   137    38.74    -26.50     28.26     9    -1.9     733     0   0   0   0      31.111   -79.825
0406   115.0  -999.0   -999.00   -999.0    -999   137    38.74    -26.47     28.29     9  -999.0    -999     0   0   0   0    -999.000  -999.000
0407   115.3   912.7     21.35     94.8     727   137    38.74    -26.43     28.32     9    -1.8     727     0   0   0   0      31.112   -79.825
0408   115.5  -999.0   -999.00   -999.0    -999   137    38.73    -26.40     28.34     9  -999.0    -999     0   0   0   0    -999.000  -999.000
0409   115.8   913.3     21.37     94.8     721   137    38.71    -26.37     28.34     9    -1.7     721     0   0   0   0      31.112   -79.825
0410   116.0  -999.0   -999.00   -999.0    -999   137    38.69    -26.34     28.34     9  -999.0    -999     0   0   0   0    -999.000  -999.000
0411   116.3   914.0     21.39     94.7     715   137    38.67    -26.32     28.33     9    -1.7     715     0   0   0   0      31.112   -79.825
0412   116.5  -999.0   -999.00   -999.0    -999   137    38.63    -26.30     28.30     9  -999.0    -999     0   0   0   0    -999.000  -999.000
0413   116.8   914.6     21.41     94.7     709   137    38.59    -26.28     28.26     9    -1.6     709     0   0   0   0      31.112   -79.826
0414   117.0  -999.0   -999.00   -999.0    -999   137    38.55    -26.27     28.22     9  -999.0    -999     0   0   0   0    -999.000  -999.000
0415   117.3   915.2     21.44     94.6     703   137    38.51    -26.27     28.16     9    -1.7     703     0   0   0   0      31.112   -79.826
0416   117.5  -999.0   -999.00   -999.0    -999   137    38.46    -26.27     28.10     9  -999.0    -999     0   0   0   0    -999.000  -999.000
0417   117.8   915.8     21.47     94.5     698  -999  -999.00   -999.00   -999.00     9    -1.7     698     0   0   0   0      31.112   -79.826
0418   118.0  -999.0   -999.00   -999.0    -999   137    38.38    -26.28     27.96     9  -999.0    -999     0   0   0   0    -999.000  -999.000
0419   118.3   916.4     21.50     94.4     692   137    38.33    -26.29     27.90     9    -1.8     692     0   0   0   0      31.112   -79.826
0420   118.5  -999.0   -999.00   -999.0    -999   137    38.29    -26.30     27.83     9  -999.0    -999     0   0   0   0    -999.000  -999.000
0421   118.8   917.1     21.54     94.2     686   137    38.26    -26.31     27.78     9    -1.8     686     0   0   0   0      31.112   -79.826
0422   119.0  -999.0   -999.00   -999.0    -999   136    38.22    -26.31     27.72     9  -999.0    -999     0   0   0   0    -999.000  -999.000
0423   119.3   917.7     21.57     93.9     679   136    38.19    -26.31     27.68     9    -1.9     679     0   0   0   0      31.113   -79.826
0424   119.5  -999.0   -999.00   -999.0    -999   136    38.16    -26.31     27.64     9  -999.0    -999     0   0   0   0    -999.000  -999.000
0425   119.8   918.4     21.61     93.6     673   136    38.13    -26.30     27.60     9    -2.1     673     0   0   0   0      31.113   -79.826
0426   120.0  -999.0   -999.00   -999.0    -999   136    38.10    -26.29     27.57     9  -999.0    -999     0   0   0   0    -999.000  -999.000
0427   120.3   919.0     21.65     93.3     667   136    38.08    -26.28     27.55     9    -2.2     667     0   0   0   0      31.113   -79.827
0428   120.5  -999.0   -999.00   -999.0    -999   136    38.05    -26.26     27.54     9  -999.0    -999     0   0   0   0    -999.000  -999.000
0429   120.8   919.7     21.69     93.0     661   136    38.03    -26.24     27.53     9    -2.3     661     0   0   0   0      31.113   -79.827
0430   121.0  -999.0   -999.00   -999.0    -999   136    38.01    -26.21     27.53     9  -999.0    -999     0   0   0   0    -999.000  -999.000
0431   121.3   920.4     21.73     92.7     655   136    38.00    -26.18     27.53     9    -2.3     655     0   0   0   0      31.113   -79.827
0432   121.5  -999.0   -999.00   -999.0    -999   136    37.98    -26.16     27.54     9  -999.0    -999     0   0   0   0    -999.000  -999.000
0433   121.8   921.0     21.77     92.6     648   137    37.97    -26.13     27.55     9    -2.4     648     0   0   0   0      31.113   -79.827
0434   122.0  -999.0   -999.00   -999.0    -999   137    37.96    -26.10     27.57     9  -999.0    -999     0   0   0   0    -999.000  -999.000
0435   122.3   921.7     21.81     92.5     642   137    37.95    -26.07     27.58     9    -2.5     642     0   0   0   0      31.113   -79.827
0436   122.5  -999.0   -999.00   -999.0    -999   137    37.95    -26.05     27.60     9  -999.0    -999     0   0   0   0    -999.000  -999.000
0437   122.8   922.4     21.84     92.5     635   137    37.94    -26.02     27.61     9    -2.5     635     0   0   0   0      31.113   -79.827
0438   123.0  -999.0   -999.00   -999.0    -999   137    37.94    -26.01     27.63     9  -999.0    -999     0   0   0   0    -999.000  -999.000
0439   123.3   923.0     21.87     92.6     629   137    37.94    -26.00     27.64     9    -2.5     629     0   0   0   0      31.114   -79.827
0440   123.5  -999.0   -999.00   -999.0    -999   137    37.94    -25.99     27.65     9  -999.0    -999     0   0   0   0    -999.000  -999.000
0441   123.8   923.7     21.90     92.8     623   137    37.94    -25.99     27.65     9    -2.5     623     0   0   0   0      31.114   -79.827
0442   124.0  -999.0   -999.00   -999.0    -999   137    37.95    -26.00     27.64     9  -999.0    -999     0   0   0   0    -999.000  -999.000
0443   124.3   924.4     21.93     92.9     616   137    37.95    -26.01     27.63     9    -2.5     616     0   0   0   0      31.114   -79.828
0444   124.5  -999.0   -999.00   -999.0    -999   137    37.95    -26.04     27.60     9  -999.0    -999     0   0   0   0    -999.000  -999.000
0445   124.8   925.1     21.96     93.0     610   137    37.94    -26.07     27.57     9    -2.5     610     0   0   0   0      31.114   -79.828
0446   125.0  -999.0   -999.00   -999.0    -999   136    37.94    -26.12     27.52     9  -999.0    -999     0   0   0   0    -999.000  -999.000
0447   125.3   925.7     21.98     93.1     604   136    37.94    -26.18     27.46     9    -2.5     604     0   0   0   0      31.114   -79.828
0448   125.5  -999.0   -999.00   -999.0    -999   136    37.94    -26.25     27.39     9  -999.0    -999     0   0   0   0    -999.000  -999.000
0449   125.8   926.4     22.01     93.1     597   136    37.93    -26.33     27.30     9    -2.5     597     0   0   0   0      31.114   -79.828
0450   126.0  -999.0   -999.00   -999.0    -999   136    37.93    -26.43     27.20     9  -999.0    -999     0   0   0   0    -999.000  -999.000
0451   126.3   927.1     22.04     93.0     591   136    37.93    -26.55     27.08     9    -2.5     591     0   0   0   0      31.114   -79.828
0452   126.5  -999.0   -999.00   -999.0    -999   135    37.92    -26.68     26.95     9  -999.0    -999     0   0   0   0    -999.000  -999.000
0453   126.8   927.8     22.08     93.0     585   135    37.92    -26.82     26.80     9    -2.4     585     0   0   0   0      31.114   -79.828
0454   127.0  -999.0   -999.00   -999.0    -999   135    37.91    -26.97     26.64     9  -999.0    -999     0   0   0   0    -999.000  -999.000
0455   127.3   928.4     22.11     92.8     578   134    37.90    -27.12     26.47     9    -2.4     578     0   0   0   0      31.115   -79.828
0456   127.5  -999.0   -999.00   -999.0    -999   134    37.87    -27.27     26.28     9  -999.0    -999     0   0   0   0    -999.000  -999.000
0457   127.8   929.1     22.15     92.7     572   134    37.84    -27.42     26.09     9    -2.4     572     0   0   0   0      31.115   -79.829
0458   128.0  -999.0   -999.00   -999.0    -999   133    37.80    -27.55     25.88     9  -999.0    -999     0   0   0   0    -999.000  -999.000
0459   128.3   929.8     22.19     92.5     566   133    37.75    -27.67     25.68     9    -2.3     566     0   0   0   0      31.115   -79.829
0460   128.5  -999.0   -999.00   -999.0    -999   133    37.69    -27.78     25.48     9  -999.0    -999     0   0   0   0    -999.000  -999.000
0461   128.8   930.4     22.23     92.3     559   132    37.62    -27.86     25.28     9    -2.3     559     0   0   0   0      31.115   -79.829
0462   129.0  -999.0   -999.00   -999.0    -999   132    37.54    -27.92     25.09     9  -999.0    -999     0   0   0   0    -999.000  -999.000
0463   129.3   931.1     22.28     92.1     553   132    37.45    -27.96     24.92     9    -2.2     553     0   0   0   0      31.115   -79.829
0464   129.5  -999.0   -999.00   -999.0    -999   132    37.36    -27.98     24.77     9  -999.0    -999     0   0   0   0    -999.000  -999.000
0465   129.8   931.8     22.32     92.0     547   131    37.27    -27.97     24.63     9    -2.1     547     0   0   0   0      31.115   -79.829
0466   130.0  -999.0   -999.00   -999.0    -999   131    37.18    -27.95     24.52     9  -999.0    -999     0   0   0   0    -999.000  -999.000
0467   130.3   932.4     22.36     91.9     541   131    37.08    -27.90     24.42     9    -2.1     541     0   0   0   0      31.115   -79.829
0468   130.5  -999.0   -999.00   -999.0    -999   131    36.99    -27.85     24.34     9  -999.0    -999     0   0   0   0    -999.000  -999.000
0469   130.8   933.1     22.41     91.8     535   131    36.89    -27.78     24.28     9    -2.0     535     0   0   0   0      31.115   -79.829
0470   131.0  -999.0   -999.00   -999.0    -999   131    36.80    -27.70     24.24     9  -999.0    -999     0   0   0   0    -999.000  -999.000
0471   131.3   933.7     22.45     91.7     529   131    36.72    -27.61     24.20     9    -1.9     529     0   0   0   0      31.115   -79.830
0472   131.5  -999.0   -999.00   -999.0    -999   131    36.64    -27.52     24.19     9  -999.0    -999     0   0   0   0    -999.000  -999.000
0473   131.8   934.4     22.50     91.7     523   131    36.57    -27.44     24.18     9    -1.9     523     0   0   0   0      31.116   -79.830
0474   132.0  -999.0   -999.00   -999.0    -999   131    36.51    -27.36     24.18     9  -999.0    -999     0   0   0   0    -999.000  -999.000
0475   132.3   935.0     22.54     91.6     517   132    36.46    -27.29     24.18     9    -1.8     517     0   0   0   0      31.116   -79.830
0476   132.5  -999.0   -999.00   -999.0    -999   132    36.42    -27.22     24.20     9  -999.0    -999     0   0   0   0    -999.000  -999.000
0477   132.8   935.7     22.59     91.6     511   132    36.39    -27.17     24.22     9    -1.8     511     0   0   0   0      31.116   -79.830
0478   133.0  -999.0   -999.00   -999.0    -999   132    36.38    -27.12     24.24     9  -999.0    -999     0   0   0   0    -999.000  -999.000
0479   133.3   936.3     22.63     91.5     505   132    36.37    -27.08     24.27     9    -1.8     505     0   0   0   0      31.116   -79.830
0480   133.5  -999.0   -999.00   -999.0    -999   132    36.37    -27.05     24.31     9  -999.0    -999     0   0   0   0    -999.000  -999.000
0481   133.8   936.9     22.68     91.4     499   132    36.37    -27.03     24.35     9    -1.8     499     0   0   0   0      31.116   -79.830
0482   134.0  -999.0   -999.00   -999.0    -999   132    36.39    -27.01     24.39     9  -999.0    -999     0   0   0   0    -999.000  -999.000
0483   134.3   937.6     22.72     91.4     493   132    36.41    -27.00     24.43     9    -1.8     493     0   0   0   0      31.116   -79.830
0484   134.5  -999.0   -999.00   -999.0    -999   132    36.44    -26.99     24.47     9  -999.0    -999     0   0   0   0    -999.000  -999.000
0485   134.8   938.2     22.76     91.4     487   132    36.47    -26.99     24.52     9    -1.8     487     0   0   0   0      31.116   -79.831
0486   135.0  -999.0   -999.00   -999.0    -999   132    36.50    -27.00     24.56     9  -999.0    -999     0   0   0   0    -999.000  -999.000
0487   135.3   938.8     22.81     91.3     481  -999  -999.00   -999.00   -999.00     9    -1.9     481     0   0   0   0      31.116   -79.831
0488   135.5  -999.0   -999.00   -999.0    -999   132    36.58    -27.04     24.63     9  -999.0    -999     0   0   0   0    -999.000  -999.000
0489   135.8   939.5     22.85     91.3     475   132    36.62    -27.07     24.66     9    -1.9     475     0   0   0   0      31.116   -79.831
0490   136.0  -999.0   -999.00   -999.0    -999   132    36.66    -27.10     24.69     9  -999.0    -999     0   0   0   0    -999.000  -999.000
0491   136.3   940.1     22.90     91.2     469   132    36.70    -27.14     24.71     9    -2.0     469     0   0   0   0      31.117   -79.831
0492   136.5  -999.0   -999.00   -999.0    -999   132    36.74    -27.18     24.72     9  -999.0    -999     0   0   0   0    -999.000  -999.000
0493   136.8   940.8     22.95     91.1     463   132    36.79    -27.23     24.74     9    -2.1     463     0   0   0   0      31.117   -79.831
0494   137.0  -999.0   -999.00   -999.0    -999  -999  -999.00   -999.00   -999.00     9  -999.0    -999     0   0   0   0    -999.000  -999.000
0495   137.3   941.5     23.00     91.0     456   132    36.87    -27.34     24.74     9    -2.1     456     0   0   0   0      31.117   -79.831
0496   137.5  -999.0   -999.00   -999.0    -999   132    36.92    -27.40     24.74     9  -999.0    -999     0   0   0   0    -999.000  -999.000
0497   137.8   942.1     23.05     90.9     450   132    36.96    -27.47     24.74     9    -2.2     450     0   0   0   0      31.117   -79.831
0498   138.0  -999.0   -999.00   -999.0    -999   132    37.01    -27.54     24.73     9  -999.0    -999     0   0   0   0    -999.000  -999.000
0499   138.3   942.8     23.10     90.8     444   132    37.06    -27.63     24.71     9    -2.2     444     0   0   0   0      31.117   -79.832
0500   138.5  -999.0   -999.00   -999.0    -999   132    37.12    -27.72     24.69     9  -999.0    -999     0   0   0   0    -999.000  -999.000
0501   138.8   943.5     23.15     90.7     438   132    37.17    -27.81     24.67     9    -2.3     438     0   0   0   0      31.117   -79.832
0502   139.0  -999.0   -999.00   -999.0    -999   131    37.23    -27.92     24.64     9  -999.0    -999     0   0   0   0    -999.000  -999.000
0503   139.3   944.1     23.20     90.7     431   131    37.29    -28.03     24.61     9    -2.3     431     0   0   0   0      31.117   -79.832
0504   139.5  -999.0   -999.00   -999.0    -999   131    37.36    -28.14     24.57     9  -999.0    -999     0   0   0   0    -999.000  -999.000
0505   139.8   944.8     23.25     90.7     425   131    37.42    -28.25     24.54     9    -2.3     425     0   0   0   0      31.117   -79.832
0506   140.0  -999.0   -999.00   -999.0    -999   131    37.48    -28.36     24.50     9  -999.0    -999     0   0   0   0    -999.000  -999.000
0507   140.3   945.5     23.30     90.6     419   131    37.54    -28.47     24.46     9    -2.3     419     0   0   0   0      31.117   -79.832
0508   140.5  -999.0   -999.00   -999.0    -999   131    37.59    -28.58     24.42     9  -999.0    -999     0   0   0   0    -999.000  -999.000
0509   140.8   946.2     23.35     90.6     413   130    37.63    -28.67     24.37     9    -2.3     413     0   0   0   0      31.118   -79.832
0510   141.0  -999.0   -999.00   -999.0    -999   130    37.67    -28.76     24.33     9  -999.0    -999     0   0   0   0    -999.000  -999.000
0511   141.3   946.8     23.40     90.5     407   130    37.70    -28.84     24.27     9    -2.3     407     0   0   0   0      31.118   -79.832
0512   141.5  -999.0   -999.00   -999.0    -999   130    37.71    -28.91     24.22     9  -999.0    -999     0   0   0   0    -999.000  -999.000
0513   141.8   947.5     23.45     90.4     400   130    37.71    -28.96     24.16     9    -2.4     400     0   0   0   0      31.118   -79.833
0514   142.0  -999.0   -999.00   -999.0    -999   130    37.70    -28.99     24.09     9  -999.0    -999     0   0   0   0    -999.000  -999.000
0515   142.3   948.2     23.50     90.3     394   130    37.67    -29.02     24.02     9    -2.4     394     0   0   0   0      31.118   -79.833
0516   142.5  -999.0   -999.00   -999.0    -999   130    37.62    -29.02     23.93     9  -999.0    -999     0   0   0   0    -999.000  -999.000
0517   142.8   948.8     23.55     90.2     388   129    37.55    -29.01     23.84     9    -2.5     388     0   0   0   0      31.118   -79.833
0518   143.0  -999.0   -999.00   -999.0    -999   129    37.47    -28.99     23.74     9  -999.0    -999     0   0   0   0    -999.000  -999.000
0519   143.3   949.5     23.60     90.1     382   129    37.37    -28.95     23.63     9    -2.5     382     0   0   0   0      31.118   -79.833
0520   143.5  -999.0   -999.00   -999.0    -999   129    37.26    -28.90     23.51     9  -999.0    -999     0   0   0   0    -999.000  -999.000
0521   143.8   950.2     23.65     90.0     375   129    37.13    -28.84     23.39     9    -2.6     375     0   0   0   0      31.118   -79.833
0522   144.0  -999.0   -999.00   -999.0    -999   129    37.00    -28.78     23.26     9  -999.0    -999     0   0   0   0    -999.000  -999.000
0523   144.3   950.9     23.70     90.0     369   129    36.87    -28.70     23.13     9    -2.7     369     0   0   0   0      31.118   -79.833
0524   144.5  -999.0   -999.00   -999.0    -999   129    36.72    -28.63     23.00     9  -999.0    -999     0   0   0   0    -999.000  -999.000
0525   144.8   951.6     23.75     89.9     362   129    36.58    -28.54     22.88     9    -2.8     362     0   0   0   0      31.118   -79.834
0526   145.0  -999.0   -999.00   -999.0    -999   129    36.44    -28.45     22.76     9  -999.0    -999     0   0   0   0    -999.000  -999.000
0527   145.3   952.3     23.80     89.8     356   129    36.30    -28.36     22.65     9    -2.9     356     0   0   0   0      31.119   -79.834
0528   145.5  -999.0   -999.00   -999.0    -999   129    36.16    -28.27     22.55     9  -999.0    -999     0   0   0   0    -999.000  -999.000
0529   145.8   953.0     23.85     89.7     350   129    36.02    -28.17     22.45     9    -3.0     350     0   0   0   0      31.119   -79.834
0530   146.0  -999.0   -999.00   -999.0    -999   129    35.89    -28.07     22.36     9  -999.0    -999     0   0   0   0    -999.000  -999.000
0531   146.3   953.7     23.91     89.5     343  -999  -999.00   -999.00   -999.00     9    -3.0     343     0   0   0   0    -999.000  -999.000
0532   146.5  -999.0   -999.00   -999.0    -999   129    35.63    -27.87     22.21     9  -999.0    -999     0   0   0   0    -999.000  -999.000
0533   146.8   954.4     23.96     89.3     336   129    35.51    -27.76     22.14     9    -3.1     336     0   0   0   0      31.119   -79.834
0534   147.0  -999.0   -999.00   -999.0    -999   129    35.39    -27.66     22.08     9  -999.0    -999     0   0   0   0    -999.000  -999.000
0535   147.3   955.1     24.01     89.0     330   129    35.27    -27.56     22.02     9    -3.1     330     0   0   0   0      31.119   -79.834
0536   147.5  -999.0   -999.00   -999.0    -999   129    35.16    -27.46     21.96     9  -999.0    -999     0   0   0   0    -999.000  -999.000
0537   147.8   955.9     24.07     88.7     323   129    35.04    -27.36     21.90     9    -3.1     323     0   0   0   0      31.119   -79.834
0538   148.0  -999.0   -999.00   -999.0    -999   129    34.93    -27.26     21.83     9  -999.0    -999     0   0   0   0    -999.000  -999.000
0539   148.3   956.6     24.13     88.5     316   129    34.81    -27.17     21.76     9    -3.0     316     0   0   0   0      31.119   -79.835
0540   148.5  -999.0   -999.00   -999.0    -999   129    34.70    -27.09     21.69     9  -999.0    -999     0   0   0   0    -999.000  -999.000
0541   148.8   957.3     24.19     88.3     310   129    34.59    -27.01     21.61     9    -2.9     310     0   0   0   0      31.119   -79.835
0542   149.0  -999.0   -999.00   -999.0    -999  -999  -999.00   -999.00   -999.00     9  -999.0    -999     0   0   0   0    -999.000  -999.000
0543   149.3   958.0     24.24     88.2     303   129    34.37    -26.87     21.43     9    -2.8     303     0   0   0   0      31.119   -79.835
0544   149.5  -999.0   -999.00   -999.0    -999   128    34.26    -26.81     21.33     9  -999.0    -999     0   0   0   0    -999.000  -999.000
0545   149.8   958.7     24.30     88.1     297   128    34.16    -26.76     21.22     9    -2.6     297     0   0   0   0      31.119   -79.835
0546   150.0  -999.0   -999.00   -999.0    -999   128    34.06    -26.72     21.12     9  -999.0    -999     0   0   0   0    -999.000  -999.000
0547   150.3   959.4     24.35     88.1     291   128    33.96    -26.68     21.01     9    -2.5     291     0   0   0   0      31.120   -79.835
0548   150.5  -999.0   -999.00   -999.0    -999   128    33.88    -26.65     20.91     9  -999.0    -999     0   0   0   0    -999.000  -999.000
0549   150.8   960.1     24.39     88.1     284   128    33.79    -26.62     20.82     9    -2.3     284     0   0   0   0      31.120   -79.835
0550   151.0  -999.0   -999.00   -999.0    -999   128    33.72    -26.59     20.74     9  -999.0    -999     0   0   0   0    -999.000  -999.000
0551   151.3   960.8     24.44     88.1     278   128    33.66    -26.57     20.67     9    -2.0     278     0   0   0   0      31.120   -79.835
0552   151.5  -999.0   -999.00   -999.0    -999   128    33.61    -26.55     20.61     9  -999.0    -999     0   0   0   0    -999.000  -999.000
0553   151.8   961.4     24.48     88.0     272   128    33.56    -26.53     20.56     9    -1.8     272     0   0   0   0      31.120   -79.836
0554   152.0  -999.0   -999.00   -999.0    -999   128    33.53    -26.51     20.53     9  -999.0    -999     0   0   0   0    -999.000  -999.000
0555   152.3   962.0     24.52     88.0     266   128    33.50    -26.49     20.51     9    -1.6     266     0   0   0   0      31.120   -79.836
0556   152.5  -999.0   -999.00   -999.0    -999   128    33.48    -26.47     20.49     9  -999.0    -999     0   0   0   0    -999.000  -999.000
0557   152.8   962.7     24.56     87.9     261   128    33.46    -26.45     20.48     9    -1.5     261     0   0   0   0      31.120   -79.836
0558   153.0  -999.0   -999.00   -999.0    -999   128    33.43    -26.43     20.48     9  -999.0    -999     0   0   0   0    -999.000  -999.000
0559   153.3   963.3     24.59     87.9     255   128    33.41    -26.40     20.47     9    -1.3     255     0   0   0   0      31.120   -79.836
0560   153.5  -999.0   -999.00   -999.0    -999   128    33.38    -26.37     20.47     9  -999.0    -999     0   0   0   0    -999.000  -999.000
0561   153.8   963.9     24.63     87.8     249   128    33.34    -26.33     20.45     9    -1.1     249     0   0   0   0      31.120   -79.836
0562   154.0  -999.0   -999.00   -999.0    -999   128    33.29    -26.28     20.42     9  -999.0    -999     0   0   0   0    -999.000  -999.000
0563   154.3   964.5     24.66     87.9     244   128    33.22    -26.23     20.39     9    -1.0     244     0   0   0   0      31.120   -79.836
0564   154.5  -999.0   -999.00   -999.0    -999   128    33.14    -26.17     20.34     9  -999.0    -999     0   0   0   0    -999.000  -999.000
0565   154.8   965.1     24.70     88.0     238   128    33.05    -26.10     20.28     9    -0.9     238     0   0   0   0      31.120   -79.836
0566   155.0  -999.0   -999.00   -999.0    -999   128    32.94    -26.02     20.21     9  -999.0    -999     0   0   0   0    -999.000  -999.000
0567   155.3   965.7     24.73     88.2     233   128    32.82    -25.93     20.12     9    -0.8     233     0   0   0   0      31.121   -79.837
0568   155.5  -999.0   -999.00   -999.0    -999   128    32.69    -25.84     20.02     9  -999.0    -999     0   0   0   0    -999.000  -999.000
0569   155.8   966.3     24.77     88.6     227   128    32.55    -25.74     19.92     9    -0.7     227     0   0   0   0      31.121   -79.837
0570   156.0  -999.0   -999.00   -999.0    -999   128    32.39    -25.63     19.81     9  -999.0    -999     0   0   0   0    -999.000  -999.000
0571   156.3   966.9     24.80     89.0     222   128    32.23    -25.53     19.68     9    -0.6     222     0   0   0   0      31.121   -79.837
0572   156.5  -999.0   -999.00   -999.0    -999   128    32.07    -25.42     19.56     9  -999.0    -999     0   0   0   0    -999.000  -999.000
0573   156.8   967.5     24.83     89.6     217   128    31.91    -25.31     19.43     9    -0.5     217     0   0   0   0      31.121   -79.837
0574   157.0  -999.0   -999.00   -999.0    -999   127    31.74    -25.20     19.31     9  -999.0    -999     0   0   0   0    -999.000  -999.000
0575   157.3   968.1     24.86     90.1     211   127    31.58    -25.09     19.18     9    -0.4     211     0   0   0   0      31.121   -79.837
0576   157.5  -999.0   -999.00   -999.0    -999   127    31.43    -24.99     19.06     9  -999.0    -999     0   0   0   0    -999.000  -999.000
0577   157.8   968.6     24.88     90.6     206   127    31.28    -24.89     18.95     9    -0.2     206     0   0   0   0      31.121   -79.837
0578   158.0  -999.0   -999.00   -999.0    -999   127    31.14    -24.80     18.84     9  -999.0    -999     0   0   0   0    -999.000  -999.000
0579   158.3   969.2     24.91     91.1     201   127    31.02    -24.71     18.74     9    -0.1     201     0   0   0   0      31.121   -79.837
0580   158.5  -999.0   -999.00   -999.0    -999   127    30.90    -24.63     18.66     9  -999.0    -999     0   0   0   0    -999.000  -999.000
0581   158.8   969.7     24.94     91.4     196   127    30.80    -24.56     18.58     9     0.0     196     0   0   0   0      31.121   -79.837
0582   159.0  -999.0   -999.00   -999.0    -999   127    30.71    -24.50     18.52     9  -999.0    -999     0   0   0   0    -999.000  -999.000
0583   159.3   970.3     24.96     91.7     191  -999  -999.00   -999.00   -999.00     9     0.2     191     0   0   0   0      31.121   -79.838
0584   159.5  -999.0   -999.00   -999.0    -999   127    30.58    -24.41     18.43     9  -999.0    -999     0   0   0   0    -999.000  -999.000
0585   159.8   970.8     24.99     91.9     186   127    30.54    -24.38     18.39     9     0.3     186     0   0   0   0      31.121   -79.838
0586   160.0  -999.0   -999.00   -999.0    -999   127    30.51    -24.36     18.37     9  -999.0    -999     0   0   0   0    -999.000  -999.000
0587   160.3   971.4     25.03     92.0     181  -999  -999.00   -999.00   -999.00     9     0.4     181     0   0   0   0      31.121   -79.838
0588   160.5  -999.0   -999.00   -999.0    -999   127    30.50    -24.37     18.34     9  -999.0    -999     0   0   0   0    -999.000  -999.000
0589   160.8   971.9     25.06     92.1     177   127    30.52    -24.40     18.33     9     0.5     177     0   0   0   0      31.121   -79.838
0590   161.0  -999.0   -999.00   -999.0    -999   127    30.54    -24.44     18.32     9  -999.0    -999     0   0   0   0    -999.000  -999.000
0591   161.3   972.4     25.10     92.1     172   127    30.57    -24.48     18.31     9     0.6     172     0   0   0   0      31.122   -79.838
0592   161.5  -999.0   -999.00   -999.0    -999   127    30.61    -24.54     18.29     9  -999.0    -999     0   0   0   0    -999.000  -999.000
0593   161.8   972.9     25.14     92.0     167   127    30.65    -24.61     18.27     9     0.7     167     0   0   0   0      31.122   -79.838
0594   162.0  -999.0   -999.00   -999.0    -999   126    30.70    -24.69     18.25     9  -999.0    -999     0   0   0   0    -999.000  -999.000
0595   162.3   973.4     25.18     91.9     163   126    30.74    -24.77     18.21     9     0.8     163     0   0   0   0      31.122   -79.838
0596   162.5  -999.0   -999.00   -999.0    -999   126    30.79    -24.86     18.16     9  -999.0    -999     0   0   0   0    -999.000  -999.000
0597   162.8   973.9     25.22     91.8     158   126    30.83    -24.95     18.11     9     0.9     158     0   0   0   0      31.122   -79.838
0598   163.0  -999.0   -999.00   -999.0    -999   126    30.86    -25.04     18.04     9  -999.0    -999     0   0   0   0    -999.000  -999.000
0599   163.3   974.4     25.27     91.6     153   126    30.90    -25.14     17.97     9     0.9     153     0   0   0   0      31.122   -79.839
0600   163.5  -999.0   -999.00   -999.0    -999  -999  -999.00   -999.00   -999.00     9  -999.0    -999     0   0   0   0    -999.000  -999.000
0601   163.8   974.9     25.31     91.3     149   125    30.98    -25.36     17.80     9     0.9     149     0   0   0   0      31.122   -79.839
0602   164.0  -999.0   -999.00   -999.0    -999   125    31.02    -25.47     17.70     9  -999.0    -999     0   0   0   0    -999.000  -999.000
0603   164.3   975.4     25.36     91.0     144   125    31.06    -25.60     17.60     9     0.8     144     0   0   0   0      31.122   -79.839
0604   164.5  -999.0   -999.00   -999.0    -999   124    31.11    -25.73     17.49     9  -999.0    -999     0   0   0   0    -999.000  -999.000
0605   164.8   975.9     25.40     90.6     140   124    31.15    -25.86     17.36     9     0.7     140     0   0   0   0      31.122   -79.839
0606   165.0  -999.0   -999.00   -999.0    -999   124    31.19    -26.00     17.24     9  -999.0    -999     0   0   0   0    -999.000  -999.000
0607   165.3   976.4     25.45     90.3     135   123    31.24    -26.14     17.10     9     0.6     135     0   0   0   0      31.122   -79.839
0608   165.5  -999.0   -999.00   -999.0    -999  -999  -999.00   -999.00   -999.00     9  -999.0    -999     0   0   0   0    -999.000  -999.000
0609   165.8   977.0     25.49     90.0     131  -999  -999.00   -999.00   -999.00     9     0.4     131     0   0   0   0      31.122   -79.839
0610   166.0  -999.0   -999.00   -999.0    -999  -999  -999.00   -999.00   -999.00     9  -999.0    -999     0   0   0   0    -999.000  -999.000
0611   166.3   977.5     25.54     89.7     126   122    31.38    -26.64     16.58     9     0.2     126     0   0   0   0      31.122   -79.839
0612   166.5  -999.0   -999.00   -999.0    -999  -999  -999.00   -999.00   -999.00     9  -999.0    -999     0   0   0   0    -999.000  -999.000
0613   166.8   978.0     25.58     89.5     121   121    31.43    -26.82     16.38     9    -0.1     121     0   0   0   0      31.122   -79.840
0614   167.0  -999.0   -999.00   -999.0    -999   121    31.44    -26.89     16.30     9  -999.0    -999     0   0   0   0    -999.000  -999.000
0615   167.3   978.6     25.63     89.3     116   121    31.45    -26.93     16.24     9    -0.3     116     0   0   0   0      31.123   -79.840
0616   167.5  -999.0   -999.00   -999.0    -999   121    31.45    -26.97     16.19     9  -999.0    -999     0   0   0   0    -999.000  -999.000
0617   167.8   979.2     25.68     89.2     110   121    31.45    -26.98     16.16     9    -0.5     110     0   0   0   0      31.123   -79.840
0618   168.0  -999.0   -999.00   -999.0    -999   121    31.44    -26.98     16.15     9  -999.0    -999     0   0   0   0    -999.000  -999.000
0619   168.3   979.8     25.72     89.1     105   121    31.43    -26.97     16.14     9    -0.7     105     0   0   0   0      31.123   -79.840
0620   168.5  -999.0   -999.00   -999.0    -999   121    31.41    -26.94     16.15     8  -999.0    -999     0   0   0   0    -999.000  -999.000
0621   168.8   980.4     25.77     89.0     100   121    31.39    -26.91     16.17     9    -0.9     100     0   0   0   0      31.123   -79.840
0622   169.0  -999.0   -999.00   -999.0    -999   121    31.37    -26.87     16.19     9  -999.0    -999     0   0   0   0    -999.000  -999.000
0623   169.3   981.0     25.82     89.0      94   121    31.34    -26.82     16.22     9    -1.0      94     0   0   0   0      31.123   -79.840
0624   169.5  -999.0   -999.00   -999.0    -999   121    31.31    -26.77     16.25     9  -999.0    -999     0   0   0   0    -999.000  -999.000
0625   169.8   981.6     25.87     88.9      88   121    31.28    -26.71     16.29     9    -1.1      88     0   0   0   0      31.123   -79.840
0626   170.0  -999.0   -999.00   -999.0    -999   121    31.25    -26.65     16.32     9  -999.0    -999     0   0   0   0    -999.000  -999.000
0627   170.3   982.2     25.92     88.8      83   122    31.22    -26.59     16.36     9    -1.1      83     0   0   0   0      31.123   -79.841
0628   170.5  -999.0   -999.00   -999.0    -999   122    31.19    -26.53     16.39     9  -999.0    -999     0   0   0   0    -999.000  -999.000
0629   170.8   982.9     25.96     88.8      77   122    31.15    -26.47     16.43     8    -1.1      77     0   0   0   0      31.123   -79.841
0630   171.0  -999.0   -999.00   -999.0    -999   122    31.11    -26.40     16.45     9  -999.0    -999     0   0   0   0    -999.000  -999.000
0631   171.3   983.5     26.01     88.7      72   122    31.05    -26.33     16.47     9    -1.0      72     0   0   0   0      31.123   -79.841
0632   171.5  -999.0   -999.00   -999.0    -999   122    31.00    -26.26     16.47     9  -999.0    -999     0   0   0   0    -999.000  -999.000
0633   171.8   984.1     26.06     88.6      66   122    30.93    -26.18     16.47     9    -0.9      66     0   0   0   0      31.123   -79.841
0634   172.0  -999.0   -999.00   -999.0    -999   122    30.86    -26.11     16.46     9  -999.0    -999     0   0   0   0    -999.000  -999.000
0635   172.3   984.7     26.11     88.6      61  -999  -999.00   -999.00   -999.00     9    -0.7      61     0   0   0   0      31.123   -79.841
0636   172.5  -999.0   -999.00   -999.0    -999   122    30.70    -25.95     16.40     9  -999.0    -999     0   0   0   0    -999.000  -999.000
0637   172.8   985.3     26.16     88.5      55  -999  -999.00   -999.00   -999.00     9    -0.5      55     0   0   0   0    -999.000  -999.000
0638   173.0  -999.0   -999.00   -999.0    -999   122    30.53    -25.80     16.32     9  -999.0    -999     0   0   0   0    -999.000  -999.000
0639   173.3   985.9     26.20     88.5      50   122    30.43    -25.72     16.26     9    -0.2      50     0   0   0   0      31.123   -79.841
0640   173.5  -999.0   -999.00   -999.0    -999  -999  -999.00   -999.00   -999.00     9  -999.0    -999     0   0   0   0    -999.000  -999.000
0641   173.8   986.4     26.25     88.4      45   122    30.22    -25.56     16.13     9    -0.0      45     0   0   0   0      31.123   -79.841
0642   174.0  -999.0   -999.00   -999.0    -999   122    30.12    -25.48     16.05     9  -999.0    -999     0   0   0   0    -999.000  -999.000
0643   174.3   987.0     26.29     88.3      40  -999  -999.00   -999.00   -999.00     9     0.2      40     0   0   0   0      31.124   -79.842
0644   174.5  -999.0   -999.00   -999.0    -999   122    29.92    -25.33     15.93     9  -999.0    -999     0   0   0   0    -999.000  -999.000
0645   174.8   987.5     26.33     88.3      35   122    29.82    -25.25     15.87     9     0.3      35     0   0   0   0      31.124   -79.842
0646   175.0  -999.0   -999.00   -999.0    -999   122    29.70    -25.15     15.79     9  -999.0    -999     0   0   0   0    -999.000  -999.000
0647   175.3   988.0     26.38     88.2      31   122    29.53    -25.04     15.67     9     0.5      31     0   0   0   0      31.124   -79.842
0648   175.5  -999.0   -999.00   -999.0    -999   122    29.33    -24.90     15.49     9  -999.0    -999     0   0   0   0    -999.000  -999.000
0649   175.8   988.5     26.42     88.2      26   122    29.07    -24.75     15.25     9     0.6      26     0   0   0   0      31.124   -79.842
0650   176.0  -999.0   -999.00   -999.0    -999   121    28.76    -24.58     14.95     9  -999.0    -999     0   0   0   0    -999.000  -999.000
0651   176.3   989.0     26.46     88.1      22   121    28.42    -24.39     14.59     9     0.7      22     0   0   0   0      31.124   -79.842
0652   176.5  -999.0   -999.00   -999.0    -999   120    28.06    -24.20     14.20     9  -999.0    -999     0   0   0   0    -999.000  -999.000
0653   176.8   989.5     26.50     88.1      17   120    27.70    -24.02     13.80     9     0.7      17     0   0   0   0      31.124   -79.842
0654   177.0  -999.0   -999.00   -999.0    -999   119    27.34    -23.84     13.38     9  -999.0    -999     0   0   0   0    -999.000  -999.000
0655   177.3   990.1     26.54     88.1      12   119    26.99    -23.68     12.95     9     0.7      12     0   0   0   0      31.124   -79.842
0656   177.5  -999.0   -999.00   -999.0    -999   118    26.65    -23.53     12.50     9  -999.0    -999     0   0   0   0    -999.000  -999.000
0657   177.8   990.6     26.58     88.1       7  -999  -999.00   -999.00   -999.00     9     0.7       7     0   0   0   0      31.124   -79.843
0658   178.0  -999.0   -999.00   -999.0    -999  -999  -999.00   -999.00   -999.00     9  -999.0    -999     0   0   0   0    -999.000  -999.000
0659   178.5   991.5     26.60     88.0       0  -999  -999.00   -999.00   -999.00  -999  -999.0       0     0   0   0   0    -999.000  -999.000
