 ===========================================================================
 DROPWINDSONDE PROCESSING RECORD                            Sonde: 084419048
 FRD file written by Aspen V3.4.8, 28 Jun 2023 16:38 UTC
 Aircraft: Lockheed WP-3D, N43RF             Date: 090820   Time: 020049 UTC
 ---------------------------------------------------------------------------
 Bias corrections:  PR =   0.0 mb  TE =   0.0 C  RH =   0.0 %  PRB =  0.0 mb
 Filters (LPF):     PTH = 
 Dyn RH correction = 
 Estimated PR used = 
 Dyn T correction  = 
 ---------------------------------------------------------------------------
 COMMENT: center drop E to W, Good Drop
 ===========================================================================

 ===========================================================================
 Date: 090820   Lat:  20.44 N   TA:   18.3 C   PS:  697.0 mb   WD:    59 deg
 Time: 020049   Lon:  58.71 W   TD:    6.8 C   GA:   2702 m    WS:   2.9 m/s
 SID:  084419048                RH:   46.7 %   Navaid:   GP
 ===========================================================================

IX      t (s)  P (mb)    T (C)    RH (%)  Z (m)   WD    WS (m/s)   U (m/s)   V (m/s)  NS  WZ (m/s)  ZW (m)   FP  FT  FH  FW    LAT (N)   LON (E)
0001    0.00  -999.0   -999.00   -999.0    -999  -999  -999.00   -999.00   -999.00     8  -999.0    -999     0   0   0   0      20.442   -58.688
0002    0.50  -999.0   -999.00   -999.0    -999  -999  -999.00   -999.00   -999.00     8  -999.0    -999     0   0   0   0      20.442   -58.688
0003    1.00  -999.0   -999.00   -999.0    -999  -999  -999.00   -999.00   -999.00     8  -999.0    -999     0   0   0   0      20.442   -58.688
0004    1.50  -999.0   -999.00   -999.0    -999  -999  -999.00   -999.00   -999.00     0  -999.0    -999     0   0   0   0    -999.000  -999.000
0005    2.00  -999.0   -999.00   -999.0    -999  -999  -999.00   -999.00   -999.00     5  -999.0    -999     0   0   0   0    -999.000  -999.000
0006    2.50  -999.0   -999.00   -999.0    -999  -999  -999.00   -999.00   -999.00     5  -999.0    -999     0   0   0   0    -999.000  -999.000
0007    3.00  -999.0   -999.00   -999.0    -999  -999  -999.00   -999.00   -999.00     5  -999.0    -999     0   0   0   0    -999.000  -999.000
0008    3.50  -999.0   -999.00   -999.0    -999  -999  -999.00   -999.00   -999.00     5  -999.0    -999     0   0   0   0    -999.000  -999.000
0009    4.00  -999.0   -999.00   -999.0    -999  -999  -999.00   -999.00   -999.00     5  -999.0    -999     0   0   0   0    -999.000  -999.000
0010    4.50  -999.0   -999.00   -999.0    -999  -999  -999.00   -999.00   -999.00     6  -999.0    -999     0   0   0   0      20.442   -58.688
0011    5.00  -999.0   -999.00   -999.0    -999  -999  -999.00   -999.00   -999.00     6  -999.0    -999     0   0   0   0      20.442   -58.688
0012    5.50  -999.0   -999.00   -999.0    -999  -999  -999.00   -999.00   -999.00     6  -999.0    -999     0   0   0   0      20.442   -58.688
0013    6.00  -999.0   -999.00   -999.0    -999  -999  -999.00   -999.00   -999.00     6  -999.0    -999     0   0   0   0      20.442   -58.688
0014    6.50  -999.0   -999.00   -999.0    -999  -999  -999.00   -999.00   -999.00     6  -999.0    -999     0   0   0   0      20.442   -58.688
0015    7.00  -999.0   -999.00   -999.0    -999  -999  -999.00   -999.00   -999.00     7  -999.0    -999     0   0   0   0      20.442   -58.688
0016    7.50  -999.0   -999.00   -999.0    -999  -999  -999.00   -999.00   -999.00     0  -999.0    -999     0   0   0   0    -999.000  -999.000
0017    8.00  -999.0   -999.00   -999.0    -999  -999  -999.00   -999.00   -999.00     8  -999.0    -999     0   0   0   0      20.442   -58.688
0018    8.50  -999.0   -999.00   -999.0    -999  -999  -999.00   -999.00   -999.00     7  -999.0    -999     0   0   0   0      20.442   -58.688
0019    9.00  -999.0   -999.00   -999.0    -999  -999  -999.00   -999.00   -999.00     6  -999.0    -999     0   0   0   0      20.442   -58.688
0020    9.50  -999.0   -999.00   -999.0    -999  -999  -999.00   -999.00   -999.00     8  -999.0    -999     0   0   0   0      20.442   -58.688
0021   10.00  -999.0   -999.00   -999.0    -999   162     1.86     -0.56      1.77     6  -999.0    -999     0   0   0   0      20.442   -58.688
0022   10.50  -999.0   -999.00   -999.0    -999  -999  -999.00   -999.00   -999.00     0  -999.0    -999     0   0   0   0    -999.000  -999.000
0023   11.00  -999.0   -999.00   -999.0    -999   157     2.18     -0.86      2.00     8  -999.0    -999     0   0   0   0      20.442   -58.688
0024   11.50  -999.0   -999.00   -999.0    -999   154     2.24     -1.00      2.00     8  -999.0    -999     0   0   0   0      20.442   -58.688
0025   12.00   723.1     19.65   -999.0    2377  -999  -999.00   -999.00   -999.00     8   -11.2    2377     0   0   0   0      20.442   -58.688
0026   12.50   724.1     19.66   -999.0    2365  -999  -999.00   -999.00   -999.00     0   -11.0    2365     0   0   0   0    -999.000  -999.000
0027   13.00   725.1     19.68     49.6    2353  -999  -999.00   -999.00   -999.00     0   -10.7    2353     0   0   0   0    -999.000  -999.000
0028   13.50   726.0     19.69     49.8    2342   111     1.49     -1.39      0.54     7   -10.3    2342     0   0   0   0      20.442   -58.688
0029   14.00  -999.0   -999.00   -999.0    -999  -999  -999.00   -999.00   -999.00     8  -999.0    -999     0   0   0   0      20.442   -58.688
0030   14.50   727.9     19.70     50.1    2319   100     1.51     -1.49      0.27     8    -9.1    2319     0   0   0   0      20.442   -58.688
0031   15.00   728.8     19.70     50.3    2309    99     1.61     -1.58      0.26     7    -8.3    2309     0   0   0   0      20.442   -58.688
0032   15.50   729.6     19.70     50.4    2299  -999  -999.00   -999.00   -999.00     0    -7.4    2299     0   0   0   0    -999.000  -999.000
0033   16.00   730.4     19.70     50.5    2290  -999  -999.00   -999.00   -999.00     0    -6.5    2290     0   0   0   0    -999.000  -999.000
0034   16.50   731.1     19.71     50.6    2282   106     1.99     -1.92      0.55     8    -5.6    2282     0   0   0   0      20.442   -58.688
0035   17.00   731.8     19.71     50.7    2274   109     2.12     -2.01      0.68     8    -4.8    2274     0   0   0   0      20.442   -58.688
0036   17.50   732.4     19.72     50.8    2266  -999  -999.00   -999.00   -999.00     0    -4.1    2266     0   0   0   0    -999.000  -999.000
0037   18.00   733.1     19.73     51.0    2259   113     2.34     -2.15      0.92     8    -3.5    2259     0   0   0   0      20.442   -58.688
0038   18.50   733.7     19.73     51.3    2252  -999  -999.00   -999.00   -999.00     0    -3.1    2252     0   0   0   0    -999.000  -999.000
0039   19.00   734.3     19.74     51.5    2245   117     2.54     -2.27      1.14     8    -2.8    2245     0   0   0   0      20.442   -58.688
0040   19.50   734.9     19.74     51.8    2238   118     2.65     -2.33      1.25     6    -2.6    2238     0   0   0   0      20.442   -58.688
0041   20.00   735.4     19.75     52.2    2231   119     2.77     -2.41      1.36     7    -2.5    2231     0   0   0   0      20.442   -58.688
0042   20.50   736.0     19.74     52.5    2224   120     2.90     -2.50      1.46     7    -2.4    2224     0   0   0   0      20.442   -58.688
0043   21.00   736.6     19.74     52.8    2217   121     3.03     -2.61      1.54     8    -2.4    2217     0   0   0   0      20.442   -58.688
0044   21.50   737.2     19.73     53.1    2210   120     3.16     -2.72      1.60     8    -2.5    2210     0   0   0   0      20.442   -58.688
0045   22.00   737.8     19.73     53.4    2203   120     3.27     -2.84      1.63     8    -2.6    2203     0   0   0   0      20.442   -58.688
0046   22.50   738.4     19.71     53.8    2196   119     3.38     -2.95      1.64     7    -2.7    2196     0   0   0   0      20.442   -58.688
0047   23.00   739.0     19.69     54.2    2188   118     3.46     -3.06      1.62     7    -2.8    2188     0   0   0   0      20.442   -58.688
0048   23.50   739.7     19.67     54.7    2181   117     3.53     -3.15      1.59     8    -2.9    2181     0   0   0   0      20.442   -58.688
0049   24.00   740.3     19.64     55.4    2174  -999  -999.00   -999.00   -999.00     0    -3.0    2174     0   0   0   0    -999.000  -999.000
0050   24.50   740.9     19.60     56.2    2167   115     3.62     -3.29      1.50     8    -3.0    2167     0   0   0   0      20.442   -58.688
0051   25.00   741.5     19.55     57.2    2160   114     3.64     -3.34      1.45     8    -3.1    2160     0   0   0   0      20.442   -58.688
0052   25.50   742.1     19.49     58.4    2152   113     3.65     -3.37      1.40     7    -3.1    2152     0   0   0   0      20.442   -58.688
0053   26.00   742.8     19.41     59.7    2145   112     3.65     -3.39      1.36     8    -3.2    2145     0   0   0   0      20.442   -58.688
0054   26.50   743.4     19.32     61.0    2138   111     3.64     -3.40      1.31     8    -3.2    2138     0   0   0   0      20.442   -58.688
0055   27.00   744.0     19.22     62.2    2131   110     3.61     -3.39      1.25     8    -3.2    2131     0   0   0   0      20.442   -58.688
0056   27.50   744.7     19.12     63.4    2123   109     3.57     -3.37      1.17     8    -3.2    2123     0   0   0   0      20.442   -58.688
0057   28.00   745.3     19.02     64.4    2116   108     3.51     -3.34      1.08     8    -3.2    2116     0   0   0   0      20.442   -58.688
0058   28.50   745.9     18.91     65.4    2109   106     3.44     -3.30      0.97     8    -3.2    2109     0   0   0   0      20.442   -58.688
0059   29.00   746.5     18.81     66.3    2101   104     3.37     -3.26      0.84     7    -3.2    2101     0   0   0   0      20.442   -58.688
0060   29.50   747.2     18.71     67.3    2094  -999  -999.00   -999.00   -999.00     0    -3.2    2094     0   0   0   0    -999.000  -999.000
0061   30.00   747.8     18.60     68.4    2087    99     3.20     -3.15      0.51     8    -3.3    2087     0   0   0   0      20.442   -58.688
0062   30.50   748.4     18.49     69.8    2080    96     3.11     -3.09      0.31     8    -3.3    2080     0   0   0   0      20.442   -58.688
0063   31.00   749.1     18.37     71.5    2072    92     3.02     -3.02      0.08     8    -3.3    2072     0   0   0   0      20.442   -58.688
0064   31.50   749.7     18.23     73.6    2065    87     2.95     -2.95     -0.16     8    -3.4    2065     0   0   0   0      20.442   -58.688
0065   32.00   750.3     18.08     76.0    2058    82     2.91     -2.88     -0.40     8    -3.4    2058     0   0   0   0      20.442   -58.688
0066   32.50   751.0     17.91     78.7    2050    77     2.90     -2.82     -0.65     8    -3.4    2050     0   0   0   0      20.442   -58.688
0067   33.00   751.6     17.73     81.4    2043    73     2.92     -2.78     -0.87     8    -3.4    2043     0   0   0   0      20.442   -58.689
0068   33.50   752.3     17.54     84.0    2036  -999  -999.00   -999.00   -999.00     0    -3.4    2036     0   0   0   0    -999.000  -999.000
0069   34.00   752.9     17.35     86.4    2028    67     3.01     -2.77     -1.17     8    -3.4    2028     0   0   0   0      20.442   -58.689
0070   34.50   753.6     17.18     88.4    2021    67     3.07     -2.82     -1.22     8    -3.4    2021     0   0   0   0      20.442   -58.689
0071   35.00   754.2     17.03     90.0    2014    68     3.14     -2.91     -1.19     8    -3.3    2014     0   0   0   0      20.442   -58.689
0072   35.50   754.8     16.90     91.4    2006    70     3.21     -3.02     -1.08     8    -3.3    2006     0   0   0   0      20.442   -58.689
0073   36.00   755.5     16.80     92.4    1999    74     3.28     -3.15     -0.91     8    -3.3    1999     0   0   0   0      20.442   -58.689
0074   36.50   756.1     16.73     93.1    1992    78     3.35     -3.28     -0.70     8    -3.3    1992     0   0   0   0      20.442   -58.689
0075   37.00   756.8     16.69     93.7    1985    82     3.44     -3.41     -0.45     8    -3.3    1985     0   0   0   0      20.442   -58.689
0076   37.50   757.4     16.68     94.1    1978  -999  -999.00   -999.00   -999.00     0    -3.2    1978     0   0   0   0    -999.000  -999.000
0077   38.00   758.0     16.68     94.3    1970    91     3.63     -3.63      0.07     8    -3.2    1970     0   0   0   0      20.442   -58.689
0078   38.50   758.7     16.70     94.5    1963    95     3.73     -3.72      0.30     8    -3.3    1963     0   0   0   0      20.442   -58.689
0079   39.00   759.3     16.74     94.7    1956    98     3.81     -3.77      0.50     8    -3.3    1956     0   0   0   0      20.442   -58.689
0080   39.50   760.0     16.79     94.8    1949   100     3.86     -3.81      0.66     8    -3.3    1949     0   0   0   0      20.442   -58.689
0081   40.00   760.6     16.85     94.8    1942   101     3.88     -3.81      0.75     8    -3.3    1942     0   0   0   0      20.442   -58.689
0082   40.50   761.2     16.91     94.9    1934   102     3.86     -3.78      0.79     8    -3.3    1934     0   0   0   0      20.442   -58.689
0083   41.00   761.9     16.98     94.9    1927   102     3.80     -3.72      0.78     8    -3.3    1927     0   0   0   0      20.442   -58.689
0084   41.50   762.5     17.05     94.9    1920  -999  -999.00   -999.00   -999.00     0    -3.3    1920     0   0   0   0    -999.000  -999.000
0085   42.00   763.2     17.12     94.9    1912   100     3.58     -3.53      0.63     8    -3.3    1912     0   0   0   0      20.442   -58.689
0086   42.50   763.8     17.19     94.9    1905    99     3.44     -3.41      0.51     8    -3.2    1905     0   0   0   0      20.442   -58.689
0087   43.00   764.5     17.26     94.9    1898    97     3.30     -3.28      0.38     8    -3.2    1898     0   0   0   0      20.442   -58.689
0088   43.50   765.1     17.33     94.9    1891  -999  -999.00   -999.00   -999.00     0    -3.1    1891     0   0   0   0    -999.000  -999.000
0089   44.00   765.7     17.40     94.8    1884    92     3.06     -3.06      0.10     8    -3.0    1884     0   0   0   0      20.442   -58.689
0090   44.50   766.4     17.46     94.8    1877    89     2.99     -2.99     -0.03     8    -3.0    1877     0   0   0   0      20.442   -58.689
0091   45.00   767.0     17.53     94.7    1870    87     2.95     -2.95     -0.14     8    -2.9    1870     0   0   0   0      20.442   -58.689
0092   45.50   767.6     17.59     94.5    1863    86     2.95     -2.94     -0.22     8    -2.8    1863     0   0   0   0      20.442   -58.689
0093   46.00   768.2     17.65     94.4    1856    85     2.96     -2.95     -0.27     8    -2.7    1856     0   0   0   0      20.442   -58.689
0094   46.50   768.8     17.71     94.2    1849    84     2.97     -2.96     -0.29     8    -2.6    1849     0   0   0   0      20.442   -58.689
0095   47.00   769.5     17.76     94.0    1842    85     2.99     -2.97     -0.28     8    -2.5    1842     0   0   0   0      20.442   -58.689
0096   47.50   770.1     17.82     93.8    1835  -999  -999.00   -999.00   -999.00     0    -2.4    1835     0   0   0   0    -999.000  -999.000
0097   48.00   770.7     17.87     93.6    1829    87     2.96     -2.96     -0.13     8    -2.2    1829     0   0   0   0      20.442   -58.689
0098   48.50   771.3     17.92     93.4    1822    90     2.93     -2.93      0.01     6    -2.1    1822     0   0   0   0      20.442   -58.689
0099   49.00   771.9     17.98     93.2    1815    94     2.88     -2.87      0.18     6    -2.0    1815     0   0   0   0      20.442   -58.689
0100   49.50   772.4     18.03     93.0    1809  -999  -999.00   -999.00   -999.00     0    -2.0    1809     0   0   0   0    -999.000  -999.000
0101   50.00   773.0     18.08     92.8    1802  -999  -999.00   -999.00   -999.00     0    -1.9    1802     0   0   0   0    -999.000  -999.000
0102   50.50   773.6     18.13     92.6    1796   108     2.78     -2.64      0.85     8    -1.8    1796     0   0   0   0      20.442   -58.689
0103   51.00   774.2     18.18     92.4    1789   112     2.79     -2.59      1.04     8    -1.8    1789     0   0   0   0      20.442   -58.689
0104   51.50   774.8     18.23     92.2    1783   115     2.83     -2.56      1.20     8    -1.7    1783     0   0   0   0      20.442   -58.689
0105   52.00   775.3     18.28     92.0    1777   117     2.87     -2.55      1.31     8    -1.7    1777     0   0   0   0      20.442   -58.689
0106   52.50   775.9     18.32     91.9    1770   118     2.90     -2.56      1.36     8    -1.7    1770     0   0   0   0      20.442   -58.689
0107   53.00   776.5     18.37     91.7    1764   118     2.92     -2.58      1.37     8    -1.7    1764     0   0   0   0      20.442   -58.689
0108   53.50   777.1     18.41     91.6    1757   117     2.93     -2.61      1.33     8    -1.7    1757     0   0   0   0      20.442   -58.689
0109   54.00   777.6     18.46     91.5    1751   116     2.94     -2.65      1.27     8    -1.7    1751     0   0   0   0      20.442   -58.689
0110   54.50   778.2     18.50     91.4    1745  -999  -999.00   -999.00   -999.00     0    -1.7    1745     0   0   0   0    -999.000  -999.000
0111   55.00   778.8     18.54     91.4    1738   112     2.99     -2.78      1.12     8    -1.7    1738     0   0   0   0      20.442   -58.689
0112   55.50   779.4     18.58     91.3    1732   110     3.04     -2.85      1.05     8    -1.7    1732     0   0   0   0      20.442   -58.689
0113   56.00   780.0     18.62     91.2    1725   109     3.09     -2.93      0.99     8    -1.8    1725     0   0   0   0      20.442   -58.689
0114   56.50   780.5     18.66     91.1    1719   107     3.15     -3.00      0.94     8    -1.8    1719     0   0   0   0      20.442   -58.689
0115   57.00   781.1     18.70     91.0    1712   106     3.19     -3.06      0.90     8    -1.8    1712     0   0   0   0      20.442   -58.689
0116   57.50   781.7     18.74     90.9    1706  -999  -999.00   -999.00   -999.00     0    -1.8    1706     0   0   0   0    -999.000  -999.000
0117   58.00   782.3     18.78     90.8    1700   105     3.23     -3.11      0.84     8    -1.8    1700     0   0   0   0      20.442   -58.689
0118   58.50   782.9     18.82     90.7    1693   105     3.22     -3.12      0.82     8    -1.8    1693     0   0   0   0      20.442   -58.689
0119   59.00   783.5     18.87     90.6    1687   104     3.21     -3.11      0.79     7    -1.8    1687     0   0   0   0      20.442   -58.689
0120   59.50   784.0     18.91     90.5    1680  -999  -999.00   -999.00   -999.00     0    -1.8    1680     0   0   0   0    -999.000  -999.000
0121   60.00   784.6     18.95     90.4    1674   103     3.15     -3.07      0.72     8    -1.8    1674     0   0   0   0      20.442   -58.689
0122   60.50   785.2     18.99     90.4    1667   103     3.11     -3.03      0.68     7    -1.8    1667     0   0   0   0      20.442   -58.689
0123   61.00   785.8     19.03     90.4    1661  -999  -999.00   -999.00   -999.00     0    -1.9    1661     0   0   0   0    -999.000  -999.000
0124   61.50   786.4     19.07     90.4    1655   102     2.98     -2.92      0.60     8    -1.9    1655     0   0   0   0      20.442   -58.689
0125   62.00   787.0     19.11     90.4    1648   101     2.91     -2.86      0.55     8    -1.9    1648     0   0   0   0      20.442   -58.689
0126   62.50   787.6     19.15     90.4    1642  -999  -999.00   -999.00   -999.00     0    -1.9    1642     0   0   0   0    -999.000  -999.000
0127   63.00   788.1     19.19     90.4    1635  -999  -999.00   -999.00   -999.00     0    -2.0    1635     0   0   0   0    -999.000  -999.000
0128   63.50   788.7     19.23     90.4    1629    98     2.68     -2.65      0.39     8    -2.0    1629     0   0   0   0      20.442   -58.689
0129   64.00   789.3     19.26     90.4    1622  -999  -999.00   -999.00   -999.00     0    -2.0    1622     0   0   0   0    -999.000  -999.000
0130   64.50   789.9     19.30     90.4    1616    97     2.54     -2.51      0.33     8    -2.0    1616     0   0   0   0      20.442   -58.689
0131   65.00   790.5     19.34     90.4    1609  -999  -999.00   -999.00   -999.00     0    -2.0    1609     0   0   0   0    -999.000  -999.000
0132   65.50   791.1     19.38     90.4    1602    98     2.41     -2.39      0.33     8    -2.0    1602     0   0   0   0      20.442   -58.689
0133   66.00   791.7     19.42     90.3    1596    98     2.36     -2.33      0.34     8    -2.0    1596     0   0   0   0      20.442   -58.689
0134   66.50   792.3     19.46     90.3    1590    99     2.30     -2.27      0.36     8    -1.9    1590     0   0   0   0      20.442   -58.689
0135   67.00   792.9     19.50     90.2    1583   100     2.25     -2.21      0.39     7    -1.9    1583     0   0   0   0      20.442   -58.690
0136   67.50   793.5     19.54     90.1    1577   101     2.19     -2.15      0.41     8    -1.9    1577     0   0   0   0      20.442   -58.690
0137   68.00   794.1     19.58     90.0    1570   102     2.14     -2.10      0.45     8    -1.8    1570     0   0   0   0      20.442   -58.690
0138   68.50   794.7     19.62     89.9    1564  -999  -999.00   -999.00   -999.00     0    -1.8    1564     0   0   0   0    -999.000  -999.000
0139   69.00   795.3     19.65     89.8    1558   104     2.07     -2.00      0.52     7    -1.8    1558     0   0   0   0      20.442   -58.690
0140   69.50   795.8     19.69     89.8    1551   106     2.04     -1.97      0.55     7    -1.8    1551     0   0   0   0      20.442   -58.690
0141   70.00   796.4     19.73     89.7    1545   106     2.03     -1.94      0.57     8    -1.7    1545     0   0   0   0      20.442   -58.690
0142   70.50   797.0     19.76     89.7    1538   107     2.03     -1.94      0.59     8    -1.7    1538     0   0   0   0      20.442   -58.690
0143   71.00   797.6     19.79     89.8    1532   107     2.03     -1.94      0.60     8    -1.7    1532     0   0   0   0      20.442   -58.690
0144   71.50   798.2     19.82     89.8    1526   108     2.04     -1.95      0.62     8    -1.7    1526     0   0   0   0      20.442   -58.690
0145   72.00   798.8     19.85     90.0    1519  -999  -999.00   -999.00   -999.00     0    -1.7    1519     0   0   0   0    -999.000  -999.000
0146   72.50   799.3     19.88     90.1    1513  -999  -999.00   -999.00   -999.00     0    -1.7    1513     0   0   0   0    -999.000  -999.000
0147   73.00   799.9     19.90     90.3    1507   110     2.05     -1.93      0.70     8    -1.7    1507     0   0   0   0      20.442   -58.690
0148   73.50   800.5     19.93     90.5    1500   111     2.04     -1.91      0.73     8    -1.7    1500     0   0   0   0      20.442   -58.690
0149   74.00   801.1     19.95     90.7    1494   112     2.02     -1.87      0.76     8    -1.7    1494     0   0   0   0      20.442   -58.690
0150   74.50   801.7     19.97     90.9    1488  -999  -999.00   -999.00   -999.00     0    -1.7    1488     0   0   0   0    -999.000  -999.000
0151   75.00   802.3     19.98     91.0    1481   116     1.96     -1.77      0.85     8    -1.7    1481     0   0   0   0      20.442   -58.690
0152   75.50   802.8     20.00     91.2    1475  -999  -999.00   -999.00   -999.00     0    -1.7    1475     0   0   0   0    -999.000  -999.000
0153   76.00   803.4     20.02     91.3    1469  -999  -999.00   -999.00   -999.00     0    -1.6    1469     0   0   0   0    -999.000  -999.000
0154   76.50   804.0     20.04     91.4    1463  -999  -999.00   -999.00   -999.00     0    -1.6    1463     0   0   0   0    -999.000  -999.000
0155   77.00   804.6     20.06     91.5    1456   123     1.89     -1.58      1.03     8    -1.6    1456     0   0   0   0      20.442   -58.690
0156   77.50   805.2     20.08     91.5    1450   124     1.88     -1.56      1.05     8    -1.6    1450     0   0   0   0      20.442   -58.690
0157   78.00   805.8     20.10     91.6    1444   125     1.88     -1.55      1.07     8    -1.5    1444     0   0   0   0      20.442   -58.690
0158   78.50   806.3     20.12     91.7    1438   124     1.88     -1.55      1.07     8    -1.5    1438     0   0   0   0      20.442   -58.690
0159   79.00   806.9     20.14     91.7    1431   124     1.89     -1.57      1.06     8    -1.4    1431     0   0   0   0      20.442   -58.690
0160   79.50   807.5     20.16     91.9    1425  -999  -999.00   -999.00   -999.00     0    -1.4    1425     0   0   0   0    -999.000  -999.000
0161   80.00   808.1     20.18     92.0    1419   123     1.93     -1.63      1.05     8    -1.4    1419     0   0   0   0      20.442   -58.690
0162   80.50   808.6     20.20     92.2    1413  -999  -999.00   -999.00   -999.00     0    -1.3    1413     0   0   0   0    -999.000  -999.000
0163   81.00   809.2     20.22     92.4    1407   120     1.98     -1.72      0.99     8    -1.3    1407     0   0   0   0      20.442   -58.690
0164   81.50   809.8     20.24     92.6    1401   118     2.00     -1.78      0.93     7    -1.3    1401     0   0   0   0      20.442   -58.690
0165   82.00   810.3     20.26     92.7    1395   115     2.02     -1.83      0.85     8    -1.3    1395     0   0   0   0      20.442   -58.690
0166   82.50   810.9     20.27     92.9    1389   112     2.04     -1.89      0.76     8    -1.3    1389     0   0   0   0      20.442   -58.690
0167   83.00   811.5     20.29     93.0    1382   109     2.05     -1.93      0.67     8    -1.2    1382     0   0   0   0      20.442   -58.690
0168   83.50   812.0     20.31     93.2    1376  -999  -999.00   -999.00   -999.00     0    -1.2    1376     0   0   0   0    -999.000  -999.000
0169   84.00   812.6     20.33     93.3    1370   105     2.06     -1.99      0.53     8    -1.2    1370     0   0   0   0      20.442   -58.690
0170   84.50   813.2     20.35     93.4    1364   104     2.07     -2.01      0.49     7    -1.3    1364     0   0   0   0      20.442   -58.690
0171   85.00   813.7     20.36     93.6    1358   103     2.08     -2.03      0.47     8    -1.3    1358     0   0   0   0      20.442   -58.690
0172   85.50   814.3     20.38     93.7    1352   103     2.10     -2.05      0.47     7    -1.3    1352     0   0   0   0      20.442   -58.690
0173   86.00   814.9     20.40     93.9    1346   103     2.12     -2.07      0.49     8    -1.3    1346     0   0   0   0      20.442   -58.690
0174   86.50   815.4     20.41     94.1    1340  -999  -999.00   -999.00   -999.00     0    -1.3    1340     0   0   0   0    -999.000  -999.000
0175   87.00   816.0     20.43     94.4    1334   104     2.20     -2.13      0.55     7    -1.4    1334     0   0   0   0      20.442   -58.690
0176   87.50   816.6     20.44     94.6    1328   105     2.26     -2.19      0.57     8    -1.4    1328     0   0   0   0      20.442   -58.690
0177   88.00   817.2     20.45     94.8    1322   105     2.33     -2.25      0.60     8    -1.4    1322     0   0   0   0      20.442   -58.690
0178   88.50   817.8     20.47     95.0    1316  -999  -999.00   -999.00   -999.00     0    -1.4    1316     0   0   0   0    -999.000  -999.000
0179   89.00   818.3     20.49     95.1    1309   105     2.47     -2.39      0.63     7    -1.4    1309     0   0   0   0      20.442   -58.690
0180   89.50   818.9     20.51     95.2    1303   105     2.54     -2.46      0.65     7    -1.4    1303     0   0   0   0      20.442   -58.690
0181   90.00   819.5     20.53     95.2    1297   105     2.61     -2.52      0.68     8    -1.4    1297     0   0   0   0      20.442   -58.690
0182   90.50   820.1     20.56     95.3    1291  -999  -999.00   -999.00   -999.00     0    -1.4    1291     0   0   0   0    -999.000  -999.000
0183   91.00   820.6     20.59     95.3    1285   107     2.74     -2.62      0.79     8    -1.4    1285     0   0   0   0      20.442   -58.690
0184   91.50   821.2     20.62     95.2    1279   108     2.80     -2.66      0.86     8    -1.3    1279     0   0   0   0      20.442   -58.690
0185   92.00   821.8     20.66     95.2    1273   110     2.86     -2.69      0.95     8    -1.3    1273     0   0   0   0      20.442   -58.690
0186   92.50   822.4     20.70     95.1    1267   111     2.92     -2.72      1.05     8    -1.3    1267     0   0   0   0      20.442   -58.690
0187   93.00   822.9     20.73     95.0    1261   113     2.98     -2.74      1.16     7    -1.3    1261     0   0   0   0      20.442   -58.690
0188   93.50   823.5     20.77     94.9    1255   115     3.04     -2.76      1.26     8    -1.3    1255     0   0   0   0      20.442   -58.690
0189   94.00   824.1     20.81     94.8    1249  -999  -999.00   -999.00   -999.00     0    -1.2    1249     0   0   0   0    -999.000  -999.000
0190   94.50   824.6     20.85     94.7    1242  -999  -999.00   -999.00   -999.00     0    -1.2    1242     0   0   0   0    -999.000  -999.000
0191   95.00   825.2     20.89     94.6    1236   118     3.20     -2.82      1.51     8    -1.2    1236     0   0   0   0      20.442   -58.690
0192   95.50   825.8     20.93     94.5    1230   119     3.25     -2.84      1.57     8    -1.2    1230     0   0   0   0      20.442   -58.690
0193   96.00   826.4     20.96     94.5    1224   120     3.29     -2.86      1.63     8    -1.2    1224     0   0   0   0      20.442   -58.690
0194   96.50   826.9     21.00     94.5    1218   120     3.33     -2.88      1.68     8    -1.2    1218     0   0   0   0      20.442   -58.690
0195   97.00   827.5     21.03     94.5    1212  -999  -999.00   -999.00   -999.00     0    -1.1    1212     0   0   0   0    -999.000  -999.000
0196   97.50   828.1     21.05     94.6    1207   121     3.41     -2.91      1.77     8    -1.1    1207     0   0   0   0      20.442   -58.690
0197   98.00   828.6     21.08     94.7    1201   122     3.43     -2.91      1.82     8    -1.1    1201     0   0   0   0      20.442   -58.690
0198   98.50   829.2     21.10     94.9    1195   122     3.45     -2.91      1.85     8    -1.1    1195     0   0   0   0      20.442   -58.690
0199   99.00   829.8     21.12     95.0    1189   123     3.46     -2.91      1.88     8    -1.2    1189     0   0   0   0      20.442   -58.690
0200   99.50   830.3     21.13     95.2    1183   123     3.47     -2.90      1.90     8    -1.2    1183     0   0   0   0      20.442   -58.690
0201  100.00   830.9     21.14     95.4    1177   124     3.48     -2.90      1.93     8    -1.2    1177     0   0   0   0      20.442   -58.690
0202  100.50   831.5     21.15     95.6    1171   124     3.50     -2.89      1.97     8    -1.2    1171     0   0   0   0      20.442   -58.690
0203  101.00   832.0     21.17     95.8    1165   125     3.52     -2.88      2.02     8    -1.2    1165     0   0   0   0      20.442   -58.690
0204  101.50   832.6     21.18     96.0    1159  -999  -999.00   -999.00   -999.00     0    -1.3    1159     0   0   0   0    -999.000  -999.000
0205  102.00   833.2     21.19     96.1    1153  -999  -999.00   -999.00   -999.00     0    -1.3    1153     0   0   0   0    -999.000  -999.000
0206  102.50   833.8     21.20     96.2    1147   127     3.59     -2.85      2.18     8    -1.3    1147     0   0   0   0      20.442   -58.690
0207  103.00   834.3     21.22     96.3    1141  -999  -999.00   -999.00   -999.00     0    -1.3    1141     0   0   0   0    -999.000  -999.000
0208  103.50   834.9     21.24     96.3    1135  -999  -999.00   -999.00   -999.00     0    -1.4    1135     0   0   0   0    -999.000  -999.000
0209  104.00   835.5     21.26     96.4    1129   129     3.65     -2.84      2.29     8    -1.4    1129     0   0   0   0      20.442   -58.690
0210  104.50   836.1     21.29     96.4    1122  -999  -999.00   -999.00   -999.00     0    -1.4    1122     0   0   0   0    -999.000  -999.000
0211  105.00   836.7     21.31     96.4    1116   129     3.63     -2.80      2.31     8    -1.4    1116     0   0   0   0      20.442   -58.690
0212  105.50   837.3     21.34     96.5    1110   130     3.60     -2.78      2.29     8    -1.4    1110     0   0   0   0      20.442   -58.690
0213  106.00   837.8     21.36     96.5    1104   129     3.55     -2.74      2.26     8    -1.4    1104     0   0   0   0      20.442   -58.690
0214  106.50   838.4     21.39     96.6    1098   129     3.50     -2.71      2.22     8    -1.3    1098     0   0   0   0      20.442   -58.690
0215  107.00   839.0     21.41     96.6    1092  -999  -999.00   -999.00   -999.00     0    -1.3    1092     0   0   0   0    -999.000  -999.000
0216  107.50   839.6     21.44     96.6    1086  -999  -999.00   -999.00   -999.00     0    -1.2    1086     0   0   0   0    -999.000  -999.000
0217  108.00   840.2     21.46     96.6    1080   128     3.40     -2.68      2.08     8    -1.2    1080     0   0   0   0      20.442   -58.690
0218  108.50   840.7     21.48     96.7    1074   127     3.38     -2.70      2.03     7    -1.1    1074     0   0   0   0      20.442   -58.690
0219  109.00   841.3     21.50     96.7    1068   126     3.38     -2.73      1.98     8    -1.0    1068     0   0   0   0      20.442   -58.690
0220  109.50   841.9     21.52     96.8    1062   125     3.38     -2.77      1.94     8    -0.9    1062     0   0   0   0      20.442   -58.690
0221  110.00   842.4     21.54     96.8    1057   124     3.38     -2.80      1.90     8    -0.9    1057     0   0   0   0      20.442   -58.690
0222  110.50   843.0     21.56     96.9    1051   124     3.39     -2.82      1.87     8    -0.8    1051     0   0   0   0      20.442   -58.691
0223  111.00   843.5     21.58     96.9    1045   123     3.39     -2.83      1.87     7    -0.7    1045     0   0   0   0      20.442   -58.691
0224  111.50   844.1     21.60     97.0    1039  -999  -999.00   -999.00   -999.00     0    -0.7    1039     0   0   0   0    -999.000  -999.000
0225  112.00   844.6     21.62     97.0    1034   124     3.37     -2.78      1.91     8    -0.7    1034     0   0   0   0      20.442   -58.691
0226  112.50   845.2     21.65     97.0    1028   125     3.36     -2.74      1.94     7    -0.6    1028     0   0   0   0      20.442   -58.691
0227  113.00   845.7     21.67     97.0    1023   126     3.34     -2.69      1.99     7    -0.6    1023     0   0   0   0      20.442   -58.691
0228  113.50   846.3     21.70     97.0    1017   128     3.32     -2.63      2.03     8    -0.6    1017     0   0   0   0      20.442   -58.691
0229  114.00   846.8     21.73     97.0    1011   129     3.31     -2.59      2.07     8    -0.6    1011     0   0   0   0      20.442   -58.691
0230  114.50   847.4     21.76     97.0    1006  -999  -999.00   -999.00   -999.00     0    -0.6    1006     0   0   0   0    -999.000  -999.000
0231  115.00   847.9     21.79     97.0    1000   130     3.30     -2.53      2.12     8    -0.6    1000     0   0   0   0      20.442   -58.691
0232  115.50   848.5     21.81     97.0     994   130     3.30     -2.52      2.13     8    -0.6     994     0   0   0   0      20.442   -58.691
0233  116.00   849.0     21.84     97.1     989   130     3.31     -2.53      2.14     8    -0.6     989     0   0   0   0      20.442   -58.691
0234  116.50   849.6     21.87     97.1     983   130     3.33     -2.54      2.15     8    -0.6     983     0   0   0   0      20.442   -58.691
0235  117.00   850.1     21.90     97.2     977  -999  -999.00   -999.00   -999.00     0    -0.6     977     0   0   0   0    -999.000  -999.000
0236  117.50   850.6     21.93     97.3     972   130     3.38     -2.60      2.16     8    -0.6     972     0   0   0   0      20.442   -58.691
0237  118.00   851.2     21.97     97.3     966   129     3.42     -2.64      2.17     8    -0.6     966     0   0   0   0      20.442   -58.691
0238  118.50   851.7     22.00     97.4     961   129     3.45     -2.69      2.17     8    -0.6     961     0   0   0   0      20.442   -58.691
0239  119.00   852.3     22.03     97.4     955   128     3.49     -2.74      2.17     8    -0.6     955     0   0   0   0      20.443   -58.691
0240  119.50   852.8     22.06     97.5     949   128     3.53     -2.79      2.16     8    -0.7     949     0   0   0   0      20.443   -58.691
0241  120.00   853.4     22.09     97.5     944   127     3.57     -2.86      2.14     8    -0.7     944     0   0   0   0      20.443   -58.691
0242  120.50   854.0     22.13     97.4     938  -999  -999.00   -999.00   -999.00     0    -0.7     938     0   0   0   0    -999.000  -999.000
0243  121.00   854.5     22.16     97.4     932   124     3.65     -3.01      2.07     8    -0.7     932     0   0   0   0      20.443   -58.691
0244  121.50   855.1     22.20     97.3     927   123     3.69     -3.08      2.02     8    -0.7     927     0   0   0   0      20.443   -58.691
0245  122.00   855.6     22.23     97.3     921  -999  -999.00   -999.00   -999.00     0    -0.7     921     0   0   0   0    -999.000  -999.000
0246  122.50   856.2     22.27     97.2     915  -999  -999.00   -999.00   -999.00     0    -0.6     915     0   0   0   0    -999.000  -999.000
0247  123.00   856.7     22.30     97.1     910   121     3.77     -3.23      1.94     8    -0.6     910     0   0   0   0      20.443   -58.691
0248  123.50   857.3     22.34     97.1     904   121     3.77     -3.23      1.95     8    -0.6     904     0   0   0   0      20.443   -58.691
0249  124.00   857.8     22.38     97.0     898   122     3.77     -3.21      1.98     8    -0.6     898     0   0   0   0      20.443   -58.691
0250  124.50   858.4     22.41     97.0     893  -999  -999.00   -999.00   -999.00     0    -0.6     893     0   0   0   0    -999.000  -999.000
0251  125.00   858.9     22.45     96.9     887   124     3.73     -3.10      2.07     8    -0.6     887     0   0   0   0      20.443   -58.691
0252  125.50   859.5     22.48     96.9     882   125     3.69     -3.02      2.12     7    -0.6     882     0   0   0   0      20.443   -58.691
0253  126.00   860.0     22.51     96.9     876  -999  -999.00   -999.00   -999.00     0    -0.6     876     0   0   0   0    -999.000  -999.000
0254  126.50   860.6     22.54     96.9     870   128     3.63     -2.86      2.23     8    -0.6     870     0   0   0   0      20.443   -58.691
0255  127.00   861.1     22.58     96.9     865   129     3.60     -2.79      2.27     7    -0.6     865     0   0   0   0      20.443   -58.691
0256  127.50   861.7     22.60     96.9     859   130     3.58     -2.74      2.30     8    -0.6     859     0   0   0   0      20.443   -58.691
0257  128.00   862.2     22.63     96.8     854   131     3.56     -2.69      2.33     8    -0.6     854     0   0   0   0      20.443   -58.691
0258  128.50   862.7     22.66     96.8     848   132     3.54     -2.65      2.35     8    -0.6     848     0   0   0   0      20.443   -58.691
0259  129.00   863.3     22.69     96.8     843   132     3.53     -2.61      2.37     7    -0.6     843     0   0   0   0      20.443   -58.691
0260  129.50   863.8     22.72     96.8     837  -999  -999.00   -999.00   -999.00     0    -0.5     837     0   0   0   0    -999.000  -999.000
0261  130.00   864.4     22.75     96.8     831   134     3.49     -2.53      2.41     8    -0.5     831     0   0   0   0      20.443   -58.691
0262  130.50   865.0     22.78     96.8     826   134     3.48     -2.49      2.43     8    -0.5     826     0   0   0   0      20.443   -58.691
0263  131.00   865.5     22.81     96.8     820   135     3.47     -2.45      2.46     7    -0.5     820     0   0   0   0      20.443   -58.691
0264  131.50   866.0     22.83     96.8     815  -999  -999.00   -999.00   -999.00     0    -0.5     815     0   0   0   0    -999.000  -999.000
0265  132.00   866.6     22.86     96.8     809  -999  -999.00   -999.00   -999.00     0    -0.4     809     0   0   0   0    -999.000  -999.000
0266  132.50   867.1     22.88     96.9     804   138     3.47     -2.34      2.56     8    -0.4     804     0   0   0   0      20.443   -58.691
0267  133.00   867.7     22.91     96.9     798   139     3.47     -2.30      2.60     8    -0.4     798     0   0   0   0      20.443   -58.691
0268  133.50   868.2     22.94     96.9     793   140     3.47     -2.25      2.64     8    -0.4     793     0   0   0   0      20.443   -58.691
0269  134.00   868.8     22.96     96.9     787   141     3.46     -2.19      2.68     8    -0.3     787     0   0   0   0      20.443   -58.691
0270  134.50   869.3     22.99     96.9     782   142     3.47     -2.15      2.72     8    -0.3     782     0   0   0   0      20.443   -58.691
0271  135.00   869.8     23.01     96.9     776   142     3.48     -2.12      2.76     8    -0.3     776     0   0   0   0      20.443   -58.691
0272  135.50   870.4     23.04     96.9     771   143     3.50     -2.11      2.79     8    -0.3     771     0   0   0   0      20.443   -58.691
0273  136.00   870.9     23.06     97.0     766   143     3.54     -2.11      2.84     8    -0.3     766     0   0   0   0      20.443   -58.691
0274  136.50   871.4     23.08     97.1     760  -999  -999.00   -999.00   -999.00     0    -0.3     760     0   0   0   0    -999.000  -999.000
0275  137.00   872.0     23.10     97.2     755   144     3.62     -2.13      2.93     8    -0.3     755     0   0   0   0      20.443   -58.691
0276  137.50   872.5     23.12     97.4     749   144     3.66     -2.13      2.98     7    -0.3     749     0   0   0   0      20.443   -58.691
0277  138.00   873.1     23.14     97.6     744   145     3.70     -2.13      3.02     8    -0.4     744     0   0   0   0      20.443   -58.691
0278  138.50   873.6     23.15     97.7     738   145     3.73     -2.14      3.06     8    -0.4     738     0   0   0   0      20.443   -58.691
0279  139.00   874.2     23.16     97.9     733  -999  -999.00   -999.00   -999.00     0    -0.4     733     0   0   0   0    -999.000  -999.000
0280  139.50   874.7     23.17     98.0     727   145     3.78     -2.15      3.11     8    -0.5     727     0   0   0   0      20.443   -58.691
0281  140.00   875.3     23.19     98.2     722   145     3.80     -2.16      3.13     8    -0.5     722     0   0   0   0      20.443   -58.691
0282  140.50   875.8     23.20     98.2     716  -999  -999.00   -999.00   -999.00     0    -0.5     716     0   0   0   0    -999.000  -999.000
0283  141.00   876.4     23.21     98.3     711   145     3.80     -2.16      3.12     7    -0.5     711     0   0   0   0      20.443   -58.691
0284  141.50   876.9     23.23     98.3     705   146     3.78     -2.14      3.12     8    -0.5     705     0   0   0   0      20.443   -58.691
0285  142.00   877.5     23.25     98.3     700  -999  -999.00   -999.00   -999.00     0    -0.5     700     0   0   0   0    -999.000  -999.000
0286  142.50   878.0     23.28     98.3     694   147     3.73     -2.04      3.12     8    -0.4     694     0   0   0   0      20.443   -58.691
0287  143.00   878.6     23.30     98.3     689   148     3.69     -1.96      3.12     8    -0.4     689     0   0   0   0      20.443   -58.691
0288  143.50   879.1     23.33     98.2     683   149     3.64     -1.88      3.12     7    -0.4     683     0   0   0   0      20.443   -58.691
0289  144.00   879.7     23.36     98.1     678   150     3.60     -1.80      3.12     7    -0.3     678     0   0   0   0      20.443   -58.691
0290  144.50   880.2     23.39     98.1     672   151     3.57     -1.73      3.12     8    -0.3     672     0   0   0   0      20.443   -58.691
0291  145.00   880.7     23.42     98.0     667   152     3.55     -1.68      3.13     8    -0.2     667     0   0   0   0      20.443   -58.691
0292  145.50   881.3     23.45     97.9     662   152     3.55     -1.66      3.14     8    -0.2     662     0   0   0   0      20.443   -58.691
0293  146.00   881.8     23.48     97.9     656   152     3.56     -1.66      3.14     8    -0.2     656     0   0   0   0      20.443   -58.691
0294  146.50   882.3     23.52     97.8     651  -999  -999.00   -999.00   -999.00     0    -0.3     651     0   0   0   0    -999.000  -999.000
0295  147.00   882.9     23.55     97.8     646  -999  -999.00   -999.00   -999.00     0    -0.3     646     0   0   0   0    -999.000  -999.000
0296  147.50   883.4     23.58     97.7     640   150     3.59     -1.79      3.11     8    -0.4     640     0   0   0   0      20.443   -58.691
0297  148.00   884.0     23.61     97.7     635   149     3.59     -1.85      3.08     6    -0.4     635     0   0   0   0      20.443   -58.691
0298  148.50   884.5     23.64     97.6     629   148     3.60     -1.91      3.05     8    -0.5     629     0   0   0   0      20.443   -58.691
0299  149.00   885.1     23.68     97.6     624   147     3.60     -1.95      3.02     8    -0.5     624     0   0   0   0      20.443   -58.691
0300  149.50   885.6     23.71     97.6     618   147     3.59     -1.96      3.01     8    -0.6     618     0   0   0   0      20.443   -58.691
0301  150.00   886.2     23.74     97.7     613   147     3.58     -1.95      3.01     8    -0.6     613     0   0   0   0      20.443   -58.691
0302  150.50   886.7     23.77     97.7     607   148     3.58     -1.92      3.02     8    -0.6     607     0   0   0   0      20.443   -58.691
0303  151.00   887.3     23.80     97.8     602   148     3.58     -1.87      3.05     8    -0.6     602     0   0   0   0      20.443   -58.691
0304  151.50   887.9     23.82     97.8     596   150     3.59     -1.81      3.10     8    -0.6     596     0   0   0   0      20.443   -58.691
0305  152.00   888.4     23.85     97.9     591   151     3.62     -1.75      3.17     8    -0.6     591     0   0   0   0      20.443   -58.691
0306  152.50   889.0     23.88     97.9     585   153     3.67     -1.68      3.26     8    -0.6     585     0   0   0   0      20.443   -58.691
0307  153.00   889.5     23.90     98.0     580  -999  -999.00   -999.00   -999.00     0    -0.6     580     0   0   0   0    -999.000  -999.000
0308  153.50   890.1     23.93     98.1     574   156     3.80     -1.55      3.46     8    -0.6     574     0   0   0   0      20.443   -58.691
0309  154.00   890.7     23.96     98.2     568   157     3.87     -1.50      3.57     7    -0.6     568     0   0   0   0      20.443   -58.691
0310  154.50   891.2     23.99     98.4     563  -999  -999.00   -999.00   -999.00     0    -0.6     563     0   0   0   0    -999.000  -999.000
0311  155.00   891.8     24.02     98.5     557   159     3.99     -1.43      3.72     8    -0.6     557     0   0   0   0      20.443   -58.691
0312  155.50   892.3     24.05     98.7     552   159     4.03     -1.42      3.77     8    -0.5     552     0   0   0   0      20.443   -58.691
0313  156.00   892.9     24.08     98.8     546   160     4.06     -1.42      3.81     8    -0.5     546     0   0   0   0      20.443   -58.691
0314  156.50   893.4     24.12     98.9     541   159     4.09     -1.44      3.82     7    -0.5     541     0   0   0   0      20.443   -58.691
0315  157.00   894.0     24.15     99.0     536   159     4.10     -1.48      3.83     7    -0.6     536     0   0   0   0      20.443   -58.691
0316  157.50   894.5     24.18     99.0     530   158     4.11     -1.52      3.82     7    -0.6     530     0   0   0   0      20.443   -58.692
0317  158.00   895.1     24.21     99.0     525   158     4.13     -1.57      3.82     8    -0.6     525     0   0   0   0      20.443   -58.692
0318  158.50   895.7     24.25     99.0     519   157     4.16     -1.62      3.83     8    -0.6     519     0   0   0   0      20.443   -58.692
0319  159.00   896.2     24.28     99.0     514   157     4.20     -1.68      3.86     7    -0.6     514     0   0   0   0      20.444   -58.692
0320  159.50   896.8     24.32     99.0     508   156     4.27     -1.73      3.90     8    -0.6     508     0   0   0   0      20.444   -58.692
0321  160.00   897.3     24.35     98.9     502   156     4.35     -1.78      3.97     7    -0.6     502     0   0   0   0      20.444   -58.692
0322  160.50   897.9     24.39     98.9     497  -999  -999.00   -999.00   -999.00     0    -0.6     497     0   0   0   0    -999.000  -999.000
0323  161.00   898.5     24.43     98.8     491   155     4.53     -1.91      4.10     7    -0.6     491     0   0   0   0      20.444   -58.692
0324  161.50   899.0     24.47     98.8     486   155     4.60     -1.98      4.15     8    -0.6     486     0   0   0   0      20.444   -58.692
0325  162.00   899.6     24.51     98.7     480   154     4.66     -2.05      4.19     7    -0.6     480     0   0   0   0      20.444   -58.692
0326  162.50   900.2     24.54     98.7     475   153     4.71     -2.12      4.21     8    -0.6     475     0   0   0   0      20.444   -58.692
0327  163.00   900.7     24.58     98.7     469   153     4.75     -2.18      4.22     8    -0.5     469     0   0   0   0      20.444   -58.692
0328  163.50   901.3     24.62     98.6     464   152     4.77     -2.21      4.22     8    -0.5     464     0   0   0   0      20.444   -58.692
0329  164.00   901.8     24.65     98.6     458   152     4.78     -2.22      4.23     8    -0.5     458     0   0   0   0      20.444   -58.692
0330  164.50   902.4     24.69     98.6     453  -999  -999.00   -999.00   -999.00     0    -0.5     453     0   0   0   0    -999.000  -999.000
0331  165.00   902.9     24.72     98.5     448   153     4.80     -2.17      4.28     8    -0.5     448     0   0   0   0      20.444   -58.692
0332  165.50   903.5     24.76     98.4     442   154     4.82     -2.13      4.33     8    -0.5     442     0   0   0   0      20.444   -58.692
0333  166.00   904.1     24.79     98.3     437  -999  -999.00   -999.00   -999.00     0    -0.5     437     0   0   0   0    -999.000  -999.000
0334  166.50   904.6     24.83     98.3     431   156     4.87     -2.00      4.44     8    -0.6     431     0   0   0   0      20.444   -58.692
0335  167.00   905.2     24.87     98.2     426   157     4.90     -1.93      4.50     8    -0.6     426     0   0   0   0      20.444   -58.692
0336  167.50   905.8     24.90     98.1     420   158     4.92     -1.86      4.56     7    -0.6     420     0   0   0   0      20.444   -58.692
0337  168.00   906.3     24.94     98.0     415   159     4.95     -1.80      4.61     8    -0.6     415     0   0   0   0      20.444   -58.692
0338  168.50   906.9     24.97     98.0     409   159     4.97     -1.74      4.65     7    -0.6     409     0   0   0   0      20.444   -58.692
0339  169.00   907.4     25.00     98.0     404   160     4.99     -1.70      4.69     8    -0.7     404     0   0   0   0      20.444   -58.692
0340  169.50   908.0     25.04     97.9     398   160     5.02     -1.68      4.73     8    -0.7     398     0   0   0   0      20.444   -58.692
0341  170.00   908.6     25.07     98.0     393   161     5.06     -1.68      4.77     8    -0.7     393     0   0   0   0      20.444   -58.692
0342  170.50   909.1     25.11     98.0     387  -999  -999.00   -999.00   -999.00     0    -0.7     387     0   0   0   0    -999.000  -999.000
0343  171.00   909.7     25.14     98.0     382   161     5.13     -1.69      4.85     8    -0.7     382     0   0   0   0      20.444   -58.692
0344  171.50   910.3     25.17     98.1     376   161     5.17     -1.71      4.88     7    -0.7     376     0   0   0   0      20.444   -58.692
0345  172.00   910.8     25.21     98.2     370   161     5.21     -1.74      4.91     8    -0.7     370     0   0   0   0      20.444   -58.692
0346  172.50   911.4     25.24     98.3     365   160     5.24     -1.77      4.93     7    -0.7     365     0   0   0   0      20.444   -58.692
0347  173.00   912.0     25.27     98.5     359   160     5.26     -1.81      4.94     8    -0.7     359     0   0   0   0      20.444   -58.692
0348  173.50   912.6     25.31     98.7     354   159     5.26     -1.86      4.92     8    -0.7     354     0   0   0   0      20.444   -58.692
0349  174.00   913.1     25.34     98.8     348   159     5.25     -1.92      4.89     8    -0.7     348     0   0   0   0      20.444   -58.692
0350  174.50   913.7     25.38     99.0     343   158     5.22     -1.99      4.83     8    -0.6     343     0   0   0   0      20.444   -58.692
0351  175.00   914.3     25.43     99.3     337   157     5.18     -2.06      4.75     7    -0.6     337     0   0   0   0      20.444   -58.692
0352  175.50   914.8     25.47     99.4     332   156     5.12     -2.12      4.66     8    -0.5     332     0   0   0   0      20.444   -58.692
0353  176.00   915.4     25.52     99.6     326  -999  -999.00   -999.00   -999.00     0    -0.4     326     0   0   0   0    -999.000  -999.000
0354  176.50   915.9     25.58     99.8     321   154     4.98     -2.21      4.46     8    -0.4     321     0   0   0   0      20.444   -58.692
0355  177.00   916.5     25.63     99.9     316   153     4.91     -2.24      4.37     8    -0.3     316     0   0   0   0      20.444   -58.692
0356  177.50   917.0     25.68    100.0     310   152     4.85     -2.27      4.29     8    -0.3     310     0   0   0   0      20.444   -58.692
0357  178.00   917.6     25.74    100.0     305   151     4.81     -2.30      4.23     8    -0.2     305     0   0   0   0      20.444   -58.692
0358  178.50   918.1     25.79    100.0     300  -999  -999.00   -999.00   -999.00     0    -0.1     300     0   0   0   0    -999.000  -999.000
0359  179.00   918.7     25.83    100.0     295   150     4.79     -2.38      4.16     8    -0.1     295     0   0   0   0      20.444   -58.692
0360  179.50   919.2     25.86    100.0     289   150     4.82     -2.44      4.16     8    -0.1     289     0   0   0   0      20.444   -58.692
0361  180.00   919.8     25.89    100.0     284   149     4.86     -2.51      4.16     7    -0.0     284     0   0   0   0      20.444   -58.692
0362  180.50   920.3     25.90    100.0     279   148     4.91     -2.59      4.18     7    -0.0     279     0   0   0   0      20.444   -58.692
0363  181.00   920.8     25.92    100.0     274   148     4.98     -2.67      4.21     8     0.0     274     0   0   0   0      20.444   -58.692
0364  181.50   921.3     25.93    100.0     269   147     5.05     -2.75      4.24     8    -0.0     269     0   0   0   0      20.444   -58.692
0365  182.00   921.9     25.94    100.0     264   147     5.12     -2.81      4.27     8    -0.0     264     0   0   0   0      20.444   -58.692
0366  182.50   922.4     25.94    100.0     259  -999  -999.00   -999.00   -999.00     0    -0.0     259     0   0   0   0    -999.000  -999.000
0367  183.00   923.0     25.96    100.0     253   146     5.20     -2.92      4.30     7    -0.1     253     0   0   0   0      20.444   -58.692
0368  183.50   923.5     25.97    100.0     248   145     5.23     -2.98      4.29     6    -0.1     248     0   0   0   0      20.444   -58.692
0369  184.00   924.0     25.98    100.0     243   144     5.24     -3.05      4.27     8    -0.1     243     0   0   0   0      20.444   -58.692
0370  184.50   924.6     26.00    100.0     238   144     5.25     -3.11      4.24     8    -0.1     238     0   0   0   0      20.445   -58.692
0371  185.00   925.1     26.02    100.0     232   143     5.26     -3.16      4.20     7    -0.1     232     0   0   0   0      20.445   -58.692
0372  185.50   925.7     26.05    100.0     227   142     5.25     -3.20      4.17     7    -0.2     227     0   0   0   0      20.445   -58.692
0373  186.00   926.2     26.07    100.0     222   142     5.23     -3.22      4.13     8    -0.1     222     0   0   0   0      20.445   -58.692
0374  186.50   926.8     26.10    100.0     217   142     5.21     -3.22      4.09     8    -0.1     217     0   0   0   0      20.445   -58.692
0375  187.00   927.3     26.12    100.0     212   142     5.18     -3.22      4.06     7    -0.1     212     0   0   0   0      20.445   -58.692
0376  187.50   927.9     26.15    100.0     206   141     5.16     -3.22      4.03     7    -0.1     206     0   0   0   0      20.445   -58.692
0377  188.00   928.4     26.18    100.0     201   141     5.15     -3.23      4.01     8    -0.0     201     0   0   0   0      20.445   -58.692
0378  188.50   928.9     26.20    100.0     196   141     5.17     -3.27      4.00     8    -0.0     196     0   0   0   0      20.445   -58.692
0379  189.00   929.5     26.23    100.0     191   140     5.20     -3.34      3.99     8     0.0     191     0   0   0   0      20.445   -58.692
0380  189.50   930.0     26.25    100.0     186  -999  -999.00   -999.00   -999.00     0     0.0     186     0   0   0   0    -999.000  -999.000
0381  190.00   930.5     26.27    100.0     181   139     5.32     -3.50      4.00     8     0.1     181     0   0   0   0      20.445   -58.692
0382  190.50   931.1     26.29    100.0     176   138     5.37     -3.58      4.00     8     0.1     176     0   0   0   0      20.445   -58.692
0383  191.00   931.6     26.31    100.0     171   137     5.41     -3.66      3.99     8     0.1     171     0   0   0   0      20.445   -58.692
0384  191.50   932.1     26.34    100.0     165   137     5.44     -3.73      3.97     7     0.1     165     0   0   0   0      20.445   -58.692
0385  192.00   932.7     26.36    100.0     160   136     5.46     -3.78      3.93     8     0.1     160     0   0   0   0      20.445   -58.692
0386  192.50   933.2     26.39    100.0     155   135     5.45     -3.83      3.89     7     0.1     155     0   0   0   0      20.445   -58.692
0387  193.00   933.7     26.42    100.0     150  -999  -999.00   -999.00   -999.00     0     0.0     150     0   0   0   0    -999.000  -999.000
0388  193.50   934.3     26.45    100.0     145   134     5.42     -3.90      3.77     8     0.0     145     0   0   0   0      20.445   -58.692
0389  194.00   934.8     26.48    100.0     140   133     5.40     -3.93      3.71     7    -0.0     140     0   0   0   0      20.445   -58.692
0390  194.50   935.4     26.51    100.0     135   133     5.38     -3.96      3.65     7    -0.0     135     0   0   0   0      20.445   -58.692
0391  195.00   935.9     26.54    100.0     130   132     5.37     -3.98      3.59     6    -0.1     130     0   0   0   0      20.445   -58.692
0392  195.50   936.4     26.58    100.0     124   132     5.34     -3.99      3.56     7    -0.2     124     0   0   0   0      20.445   -58.692
0393  196.00   937.0     26.61    100.0     119  -999  -999.00   -999.00   -999.00     0    -0.3     119     0   0   0   0    -999.000  -999.000
0394  196.50   937.5     26.65    100.0     114   131     5.32     -4.00      3.50     8    -0.4     114     0   0   0   0      20.445   -58.692
0395  197.00   938.1     26.68    100.0     109   131     5.32     -4.02      3.49     7    -0.5     109     0   0   0   0      20.445   -58.692
0396  197.50   938.7     26.72     99.9     103   131     5.34     -4.05      3.48     8    -0.7     103     0   0   0   0      20.445   -58.692
0397  198.00   939.2     26.75     99.8      98   130     5.38     -4.10      3.48     8    -0.8      98     0   0   0   0      20.445   -58.692
0398  198.50   939.8     26.79     99.8      92   130     5.43     -4.16      3.49     7    -1.0      92     0   0   0   0      20.445   -58.692
0399  199.00   940.4     26.83     99.6      87   130     5.49     -4.22      3.51     7    -1.2      87     0   0   0   0      20.445   -58.693
0400  199.50   941.0     26.87     99.5      81   130     5.56     -4.28      3.54     7    -1.3      81     0   0   0   0      20.445   -58.693
0401  200.00   941.7     26.91     99.4      75   129     5.63     -4.35      3.58     8    -1.4      75     0   0   0   0      20.445   -58.693
0402  200.50   942.3     26.95     99.2      69   129     5.71     -4.42      3.61     7    -1.5      69     0   0   0   0      20.445   -58.693
0403  201.00   942.9     27.00     99.0      63  -999  -999.00   -999.00   -999.00     0    -1.6      63     0   0   0   0    -999.000  -999.000
0404  201.50   943.5     27.05     98.8      57   128     5.89     -4.63      3.64     7    -1.6      57     0   0   0   0      20.445   -58.693
0405  202.00   944.2     27.09     98.5      51   128     5.99     -4.74      3.66     6    -1.6      51     0   0   0   0      20.445   -58.693
0406  202.50   944.8     27.14     98.3      45  -999  -999.00   -999.00   -999.00     0    -1.5      45     0   0   0   0    -999.000  -999.000
0407  203.00   945.4     27.19     98.0      39   125     6.28     -5.12      3.64     8    -1.4      39     0   0   0   0      20.445   -58.693
0408  203.50   946.0     27.23     97.8      34   123     6.42     -5.37      3.52     6    -1.4      34     0   0   0   0      20.445   -58.693
0409  204.00   946.7     27.28     97.5      28   120     6.51     -5.61      3.30     6    -1.3      28     0   0   0   0      20.445   -58.693
0410  204.50   947.3     27.32     97.3      22   118     6.54     -5.75      3.12     8    -1.2      22     0   0   0   0      20.445   -58.693
0411  205.00   947.8     27.37     97.1      16   118     6.54     -5.77      3.08     6    -1.1      16     0   0   0   0      20.445   -58.693
0412  205.50   948.4     27.42     96.9      11   119     6.55     -5.75      3.14     8    -1.1      11     0   0   0   0      20.445   -58.693
0413  206.00   948.9     27.46     96.7       6  -999  -999.00   -999.00   -999.00     0    -1.0       6     0   0   0   0    -999.000  -999.000
0414  206.54   949.6     27.46     96.7       0  -999  -999.00   -999.00   -999.00  -999  -999.0       0     0   0   0   0    -999.000  -999.000
