 ===========================================================================
 DROPWINDSONDE PROCESSING RECORD                            Sonde: 085119036
 FRD file written by Aspen V3.4.8, 28 Jun 2023 16:38 UTC
 Aircraft: Lockheed WP-3D, N43RF             Date: 090820   Time: 110329 UTC
 ---------------------------------------------------------------------------
 Bias corrections:  PR =   0.0 mb  TE =   0.0 C  RH =   0.0 %  PRB =  0.0 mb
 Filters (LPF):     PTH = 
 Dyn RH correction = 
 Estimated PR used = 
 Dyn T correction  = 
 ---------------------------------------------------------------------------
 COMMENT: eyewall, Good Drop
 ===========================================================================

 ===========================================================================
 Date: 090820   Lat:  21.73 N   TA:    8.5 C   PS:  645.6 mb   WD:   202 deg
 Time: 110329   Lon:  60.44 W   TD:    8.5 C   GA:   3562 m    WS:  51.2 m/s
 SID:  085119036                RH:  102.7 %   Navaid:   GP
 ===========================================================================

IX      t (s)  P (mb)    T (C)    RH (%)  Z (m)   WD    WS (m/s)   U (m/s)   V (m/s)  NS  WZ (m/s)  ZW (m)   FP  FT  FH  FW    LAT (N)   LON (E)
0001    0.02  -999.0   -999.00   -999.0    -999  -999  -999.00   -999.00   -999.00     0  -999.0    -999     0   0   0   0    -999.000  -999.000
0002    0.52  -999.0   -999.00   -999.0    -999  -999  -999.00   -999.00   -999.00     9  -999.0    -999     0   0   0   0      21.735   -60.438
0003    1.02  -999.0   -999.00   -999.0    -999  -999  -999.00   -999.00   -999.00     0  -999.0    -999     0   0   0   0    -999.000  -999.000
0004    1.52  -999.0   -999.00   -999.0    -999  -999  -999.00   -999.00   -999.00     6  -999.0    -999     0   0   0   0      21.735   -60.438
0005    2.02  -999.0   -999.00   -999.0    -999  -999  -999.00   -999.00   -999.00     8  -999.0    -999     0   0   0   0      21.736   -60.439
0006    2.52  -999.0   -999.00   -999.0    -999  -999  -999.00   -999.00   -999.00     7  -999.0    -999     0   0   0   0      21.736   -60.439
0007    3.02  -999.0   -999.00   -999.0    -999  -999  -999.00   -999.00   -999.00     8  -999.0    -999     0   0   0   0      21.737   -60.438
0008    3.52  -999.0   -999.00   -999.0    -999  -999  -999.00   -999.00   -999.00     8  -999.0    -999     0   0   0   0      21.737   -60.438
0009    4.02  -999.0   -999.00   -999.0    -999  -999  -999.00   -999.00   -999.00     7  -999.0    -999     0   0   0   0      21.737   -60.438
0010    4.52  -999.0   -999.00   -999.0    -999  -999  -999.00   -999.00   -999.00     9  -999.0    -999     0   0   0   0      21.737   -60.438
0011    5.02  -999.0   -999.00   -999.0    -999  -999  -999.00   -999.00   -999.00    10  -999.0    -999     0   0   0   0      21.738   -60.438
0012    5.52  -999.0   -999.00   -999.0    -999  -999  -999.00   -999.00   -999.00    10  -999.0    -999     0   0   0   0      21.738   -60.438
0013    6.02  -999.0   -999.00   -999.0    -999  -999  -999.00   -999.00   -999.00    10  -999.0    -999     0   0   0   0      21.738   -60.438
0014    6.52  -999.0   -999.00   -999.0    -999  -999  -999.00   -999.00   -999.00    10  -999.0    -999     0   0   0   0      21.738   -60.438
0015    7.02  -999.0   -999.00   -999.0    -999  -999  -999.00   -999.00   -999.00    10  -999.0    -999     0   0   0   0      21.738   -60.438
0016    7.52  -999.0   -999.00   -999.0    -999  -999  -999.00   -999.00   -999.00    10  -999.0    -999     0   0   0   0      21.739   -60.438
0017    8.02  -999.0   -999.00   -999.0    -999  -999  -999.00   -999.00   -999.00     9  -999.0    -999     0   0   0   0      21.739   -60.438
0018    8.52  -999.0   -999.00   -999.0    -999  -999  -999.00   -999.00   -999.00    10  -999.0    -999     0   0   0   0      21.739   -60.438
0019    9.02  -999.0   -999.00   -999.0    -999  -999  -999.00   -999.00   -999.00    10  -999.0    -999     0   0   0   0      21.739   -60.437
0020    9.52  -999.0   -999.00   -999.0    -999  -999  -999.00   -999.00   -999.00    10  -999.0    -999     0   0   0   0      21.740   -60.437
0021   10.02  -999.0   -999.00   -999.0    -999   200    51.91     18.14     48.64    10  -999.0    -999     0   0   0   0      21.740   -60.437
0022   10.52  -999.0   -999.00   -999.0    -999   200    51.85     17.99     48.63     9  -999.0    -999     0   0   0   0      21.740   -60.437
0023   11.02  -999.0   -999.00   -999.0    -999  -999  -999.00   -999.00   -999.00     0  -999.0    -999     0   0   0   0    -999.000  -999.000
0024   11.52  -999.0   -999.00   -999.0    -999   200    51.68     17.67     48.57    10  -999.0    -999     0   0   0   0      21.740   -60.437
0025   12.02  -999.0   -999.00   -999.0    -999   200    51.58     17.50     48.52    10  -999.0    -999     0   0   0   0      21.741   -60.437
0026   12.52  -999.0   -999.00   -999.0    -999   200    51.47     17.32     48.47    10  -999.0    -999     0   0   0   0      21.741   -60.437
0027   13.02  -999.0   -999.00   -999.0    -999   199    51.35     17.14     48.40     9  -999.0    -999     0   0   0   0      21.741   -60.437
0028   13.52  -999.0   -999.00   -999.0    -999   199    51.23     16.95     48.34    10  -999.0    -999     0   0   0   0      21.741   -60.437
0029   14.02  -999.0   -999.00   -999.0    -999   199    51.12     16.76     48.29    11  -999.0    -999     0   0   0   0      21.741   -60.437
0030   14.52  -999.0   -999.00   -999.0    -999   199    51.01     16.58     48.24    11  -999.0    -999     0   0   0   0      21.742   -60.436
0031   15.02   662.8      9.83   -999.0    3309   198    50.57     15.87     48.02    10    -1.8    3309     0   0   0   0      21.742   -60.436
0032   15.52   663.3      9.83   -999.0    3302   198    50.46     15.68     47.96    10    -1.8    3302     0   0   0   0      21.742   -60.436
0033   16.02   663.9      9.84   -999.0    3295   198    50.34     15.48     47.90    11    -1.8    3295     0   0   0   0      21.742   -60.436
0034   16.52   664.4      9.84   -999.0    3288   198    50.21     15.26     47.84    10    -1.8    3288     0   0   0   0      21.743   -60.436
0035   17.02   665.0      9.84   -999.0    3281   197    50.08     15.01     47.78    11    -1.8    3281     0   0   0   0      21.743   -60.436
0036   17.52   665.5      9.84   -999.0    3275   197    49.96     14.76     47.73    11    -1.8    3275     0   0   0   0      21.743   -60.436
0037   18.02   666.1      9.84   -999.0    3268  -999  -999.00   -999.00   -999.00     0    -1.8    3268     0   0   0   0    -999.000  -999.000
0038   18.52   666.6      9.85   -999.0    3261  -999  -999.00   -999.00   -999.00     0    -1.8    3261     0   0   0   0    -999.000  -999.000
0039   19.02   667.1      9.86   -999.0    3254  -999  -999.00   -999.00   -999.00     0    -1.8    3254     0   0   0   0    -999.000  -999.000
0040   19.52   667.7      9.88   -999.0    3248   196    49.67     13.74     47.73    11    -1.7    3248     0   0   0   0      21.744   -60.436
0041   20.02   668.2      9.90   -999.0    3241   196    49.67     13.54     47.79    11    -1.7    3241     0   0   0   0      21.744   -60.436
0042   20.52   668.8      9.93   -999.0    3234   196    49.70     13.37     47.87    11    -1.6    3234     0   0   0   0      21.744   -60.436
0043   21.02   669.3      9.96   -999.0    3227   195    49.77     13.22     47.98    10    -1.6    3227     0   0   0   0      21.745   -60.436
0044   21.52   669.8      9.99   -999.0    3221   195    49.88     13.08     48.13    11    -1.5    3221     0   0   0   0      21.745   -60.435
0045   22.02   670.4     10.03   -999.0    3214   195    50.03     12.95     48.33    10    -1.4    3214     0   0   0   0      21.745   -60.435
0046   22.52   670.9     10.06   -999.0    3207   195    50.22     12.81     48.56    11    -1.2    3207     0   0   0   0      21.745   -60.435
0047   23.02   671.4     10.10   -999.0    3201   195    50.47     12.69     48.85    11    -1.1    3201     0   0   0   0      21.745   -60.435
0048   23.52   671.9     10.14   -999.0    3195   194    50.75     12.57     49.17    11    -1.0    3195     0   0   0   0      21.746   -60.435
0049   24.02   672.4     10.17   -999.0    3188   194    51.06     12.48     49.52    11    -0.9    3188     0   0   0   0      21.746   -60.435
0050   24.52   672.9     10.21   -999.0    3182   194    51.40     12.41     49.88    11    -0.8    3182     0   0   0   0      21.746   -60.435
0051   25.02   673.4     10.24   -999.0    3176   194    51.74     12.36     50.24    11    -0.7    3176     0   0   0   0      21.746   -60.435
0052   25.52   673.9     10.27   -999.0    3170   194    52.06     12.33     50.58    11    -0.6    3170     0   0   0   0      21.747   -60.435
0053   26.02   674.4     10.30   -999.0    3163   194    52.35     12.29     50.88    11    -0.5    3163     0   0   0   0      21.747   -60.435
0054   26.52   674.9     10.32   -999.0    3157   193    52.59     12.23     51.14    11    -0.5    3157     0   0   0   0      21.747   -60.435
0055   27.02   675.4     10.34   -999.0    3151   193    52.77     12.15     51.35    11    -0.4    3151     0   0   0   0      21.747   -60.435
0056   27.52   675.9     10.36   -999.0    3145   193    52.89     12.04     51.50    11    -0.4    3145     0   0   0   0      21.747   -60.435
0057   28.02   676.4     10.37   -999.0    3139   193    52.95     11.90     51.60    11    -0.4    3139     0   0   0   0      21.748   -60.435
0058   28.52   676.9     10.39   -999.0    3133   193    52.96     11.74     51.64    11    -0.4    3133     0   0   0   0      21.748   -60.435
0059   29.02   677.4     10.41   -999.0    3127   193    52.93     11.57     51.65    11    -0.4    3127     0   0   0   0      21.748   -60.435
0060   29.52   677.9     10.43   -999.0    3121   192    52.87     11.39     51.62    11    -0.4    3121     0   0   0   0      21.748   -60.434
0061   30.02   678.4     10.45     94.5    3115   192    52.78     11.22     51.58    10    -0.4    3115     0   0   0   0      21.749   -60.434
0062   30.52   678.9     10.48     94.1    3109   192    52.68     11.06     51.51    11    -0.5    3109     0   0   0   0      21.749   -60.434
0063   31.02   679.4     10.51     93.8    3103   192    52.57     10.90     51.43    11    -0.5    3103     0   0   0   0      21.749   -60.434
0064   31.52   679.9     10.54     93.5    3097   192    52.46     10.75     51.35    11    -0.6    3097     0   0   0   0      21.749   -60.434
0065   32.02   680.4     10.58     93.1    3090   192    52.36     10.58     51.27    11    -0.7    3090     0   0   0   0      21.750   -60.434
0066   32.52   680.9     10.62     92.8    3084   191    52.27     10.41     51.22    11    -0.7    3084     0   0   0   0      21.750   -60.434
0067   33.02   681.4     10.66     92.6    3078   191    52.21     10.22     51.19    10    -0.8    3078     0   0   0   0      21.750   -60.434
0068   33.52   681.9     10.70     92.5    3072   191    52.17     10.02     51.20    11    -0.8    3072     0   0   0   0      21.750   -60.434
0069   34.02   682.4     10.74     92.4    3066   191    52.18      9.81     51.25    11    -0.9    3066     0   0   0   0      21.750   -60.434
0070   34.52   682.9     10.77     92.6    3059   191    52.22      9.58     51.34    11    -0.9    3059     0   0   0   0      21.751   -60.434
0071   35.02   683.4     10.80     92.9    3053   190    52.31      9.34     51.47    11    -0.8    3053     0   0   0   0      21.751   -60.434
0072   35.52   683.9     10.82     93.3    3047   190    52.42      9.10     51.63    11    -0.8    3047     0   0   0   0      21.751   -60.434
0073   36.02   684.4     10.83     93.9    3040   190    52.56      8.87     51.80    11    -0.7    3040     0   0   0   0      21.751   -60.434
0074   36.52   685.0     10.83     94.6    3034   189    52.71      8.65     51.99    11    -0.6    3034     0   0   0   0      21.752   -60.434
0075   37.02   685.5     10.83     95.1    3028   189    52.86      8.47     52.17    11    -0.5    3028     0   0   0   0      21.752   -60.434
0076   37.52   686.0     10.83     95.7    3022   189    52.99      8.33     52.34    11    -0.4    3022     0   0   0   0      21.752   -60.434
0077   38.02   686.4     10.83     96.1    3016   189    53.12      8.21     52.48    11    -0.3    3016     0   0   0   0      21.752   -60.434
0078   38.52   686.9     10.83     96.4    3010   189    53.22      8.13     52.59    11    -0.2    3010     0   0   0   0      21.753   -60.434
0079   39.02   687.4     10.83     96.7    3004   189    53.30      8.07     52.69    11    -0.1    3004     0   0   0   0      21.753   -60.434
0080   39.52   687.9     10.84     96.9    2998   189    53.36      8.03     52.76    11    -0.0    2998     0   0   0   0      21.753   -60.434
0081   40.02   688.4     10.85     97.0    2993   189    53.41      8.01     52.81    11     0.0    2993     0   0   0   0      21.753   -60.433
0082   40.52   688.8     10.86     97.1    2987   189    53.46      7.99     52.86    11     0.1    2987     0   0   0   0      21.753   -60.433
0083   41.02   689.3     10.88     97.1    2981   189    53.51      7.99     52.91    11     0.1    2981     0   0   0   0      21.754   -60.433
0084   41.52   689.8     10.90     97.1    2975   189    53.57      7.99     52.97    11     0.1    2975     0   0   0   0      21.754   -60.433
0085   42.02   690.3     10.93     97.2    2970   189    53.64      8.00     53.04    10     0.1    2970     0   0   0   0      21.754   -60.433
0086   42.52   690.7     10.95     97.2    2964   189    53.71      8.01     53.11    11     0.0    2964     0   0   0   0      21.754   -60.433
0087   43.02   691.2     10.99     97.2    2958   189    53.79      8.03     53.19    10     0.0    2958     0   0   0   0      21.755   -60.433
0088   43.52   691.7     11.02     97.2    2952   189    53.86      8.06     53.25    11    -0.0    2952     0   0   0   0      21.755   -60.433
0089   44.02   692.2     11.05     97.2    2946   189    53.92      8.10     53.31    11    -0.0    2946     0   0   0   0      21.755   -60.433
0090   44.52   692.7     11.09     97.3    2940   189    53.97      8.16     53.35    11    -0.1    2940     0   0   0   0      21.755   -60.433
0091   45.02   693.1     11.12     97.3    2935   189    54.00      8.22     53.37    11    -0.1    2935     0   0   0   0      21.756   -60.433
0092   45.52   693.6     11.15     97.3    2929   189    54.02      8.28     53.38    10    -0.1    2929     0   0   0   0      21.756   -60.433
0093   46.02   694.1     11.18     97.3    2923   189    54.04      8.35     53.39    11    -0.2    2923     0   0   0   0      21.756   -60.433
0094   46.52   694.6     11.21     97.3    2917   189    54.07      8.42     53.41    11    -0.2    2917     0   0   0   0      21.756   -60.433
0095   47.02   695.1     11.24     97.3    2911   189    54.09      8.49     53.42    11    -0.3    2911     0   0   0   0      21.757   -60.433
0096   47.52   695.6     11.27     97.3    2905   189    54.13      8.56     53.45    11    -0.3    2905     0   0   0   0      21.757   -60.433
0097   48.02   696.1     11.30     97.3    2899   189    54.17      8.61     53.48    11    -0.4    2899     0   0   0   0      21.757   -60.433
0098   48.52   696.6     11.33     97.2    2893   189    54.20      8.64     53.51    11    -0.4    2893     0   0   0   0      21.757   -60.433
0099   49.02   697.1     11.36     97.2    2887   189    54.23      8.65     53.53    11    -0.4    2887     0   0   0   0      21.758   -60.433
0100   49.52   697.6     11.39     97.2    2881   189    54.24      8.64     53.55    11    -0.4    2881     0   0   0   0      21.758   -60.433
0101   50.02   698.1     11.42     97.1    2875   189    54.24      8.62     53.56    10    -0.4    2875     0   0   0   0      21.758   -60.433
0102   50.52   698.6     11.45     97.1    2869   189    54.24      8.59     53.56    11    -0.4    2869     0   0   0   0      21.758   -60.433
0103   51.02   699.1     11.48     97.0    2863   189    54.24      8.54     53.57    11    -0.4    2863     0   0   0   0      21.759   -60.433
0104   51.52   699.6     11.51     96.9    2857   189    54.25      8.48     53.58    11    -0.4    2857     0   0   0   0      21.759   -60.433
0105   52.02   700.1     11.54     96.8    2851   189    54.27      8.41     53.61    11    -0.3    2851     0   0   0   0      21.759   -60.433
0106   52.52   700.5     11.57     96.7    2845   189    54.31      8.34     53.66    10    -0.3    2845     0   0   0   0      21.759   -60.432
0107   53.02   701.0     11.60     96.6    2840   189    54.37      8.27     53.74    11    -0.2    2840     0   0   0   0      21.760   -60.432
0108   53.52   701.5     11.64     96.5    2834   189    54.46      8.20     53.84    11    -0.1    2834     0   0   0   0      21.760   -60.432
0109   54.02   702.0     11.67     96.4    2828   189    54.57      8.15     53.96    11    -0.1    2828     0   0   0   0      21.760   -60.432
0110   54.52   702.5     11.70     96.3    2822   189    54.70      8.11     54.10    11     0.0    2822     0   0   0   0      21.760   -60.432
0111   55.02   703.0     11.73     96.3    2816   188    54.85      8.09     54.25    10     0.1    2816     0   0   0   0      21.760   -60.432
0112   55.52   703.5     11.75     96.2    2811   188    55.01      8.09     54.41    11     0.2    2811     0   0   0   0      21.761   -60.432
0113   56.02   703.9     11.78     96.2    2805   188    55.17      8.12     54.57    11     0.2    2805     0   0   0   0      21.761   -60.432
0114   56.52   704.4     11.81     96.2    2799   189    55.32      8.18     54.72    11     0.3    2799     0   0   0   0      21.761   -60.432
0115   57.02   704.9     11.83     96.3    2794   189    55.46      8.25     54.84    11     0.3    2794     0   0   0   0      21.761   -60.432
0116   57.52   705.3     11.86     96.4    2788   189    55.58      8.35     54.95    11     0.3    2788     0   0   0   0      21.762   -60.432
0117   58.02   705.8     11.87     96.5    2783   189    55.67      8.44     55.03    11     0.3    2783     0   0   0   0      21.762   -60.432
0118   58.52   706.3     11.89     96.7    2777   189    55.75      8.55     55.09    11     0.3    2777     0   0   0   0      21.762   -60.432
0119   59.02   706.7     11.91     96.9    2772   189    55.80      8.64     55.13    11     0.2    2772     0   0   0   0      21.762   -60.432
0120   59.52   707.2     11.92     97.2    2766   189    55.84      8.74     55.15    11     0.2    2766     0   0   0   0      21.763   -60.432
0121   60.02   707.7     11.94     97.4    2760   189    55.87      8.82     55.17    11     0.1    2760     0   0   0   0      21.763   -60.432
0122   60.52   708.2     11.96     97.6    2754   189    55.89      8.90     55.17    11     0.1    2754     0   0   0   0      21.763   -60.432
0123   61.02   708.7     11.98     97.7    2749   189    55.90      8.97     55.18    11     0.0    2749     0   0   0   0      21.763   -60.432
0124   61.52   709.1     12.00     97.9    2743   189    55.92      9.03     55.19    11    -0.0    2743     0   0   0   0      21.764   -60.432
0125   62.02   709.6     12.03     98.0    2737   189    55.94      9.07     55.20    10    -0.1    2737     0   0   0   0      21.764   -60.432
0126   62.52   710.1     12.06     98.0    2731   189    55.96      9.10     55.21    11    -0.1    2731     0   0   0   0      21.764   -60.432
0127   63.02   710.6     12.09     98.1    2725   189    55.97      9.11     55.23    11    -0.2    2725     0   0   0   0      21.764   -60.432
0128   63.52   711.1     12.12     98.1    2720   189    55.98      9.11     55.23    10    -0.2    2720     0   0   0   0      21.765   -60.432
0129   64.02   711.6     12.15     98.1    2714   189    55.98      9.10     55.23    11    -0.2    2714     0   0   0   0      21.765   -60.432
0130   64.52   712.1     12.19     98.2    2708   189    55.97      9.09     55.23    11    -0.3    2708     0   0   0   0      21.765   -60.431
0131   65.02   712.6     12.22     98.2    2702   189    55.97      9.06     55.23    11    -0.3    2702     0   0   0   0      21.765   -60.431
0132   65.52   713.1     12.26     98.2    2696   189    55.96      9.03     55.22    11    -0.3    2696     0   0   0   0      21.766   -60.431
0133   66.02   713.6     12.29     98.2    2690   189    55.94      8.98     55.22    11    -0.4    2690     0   0   0   0      21.766   -60.431
0134   66.52   714.1     12.32     98.2    2685   189    55.93      8.92     55.21    11    -0.4    2685     0   0   0   0      21.766   -60.431
0135   67.02   714.6     12.36     98.2    2679   189    55.91      8.84     55.21    11    -0.4    2679     0   0   0   0      21.766   -60.431
0136   67.52   715.1     12.39     98.2    2673   189    55.88      8.76     55.19    11    -0.4    2673     0   0   0   0      21.767   -60.431
0137   68.02   715.6     12.41     98.2    2667   189    55.85      8.68     55.18    11    -0.4    2667     0   0   0   0      21.767   -60.431
0138   68.52   716.1     12.44     98.2    2661  -999  -999.00   -999.00   -999.00     0    -0.4    2661     0   0   0   0    -999.000  -999.000
0139   69.02   716.6     12.46     98.2    2655   189    55.79      8.50     55.14    11    -0.4    2655     0   0   0   0      21.767   -60.431
0140   69.52   717.1     12.48     98.2    2649   189    55.76      8.40     55.12    11    -0.4    2649     0   0   0   0      21.768   -60.431
0141   70.02  -999.0   -999.00   -999.0    -999   189    55.73      8.30     55.11    11  -999.0    -999     0   0   0   0      21.768   -60.431
0142   70.52   718.1     12.53     98.3    2637  -999  -999.00   -999.00   -999.00     0    -0.5    2637     0   0   0   0    -999.000  -999.000
0143   71.02   718.6     12.55     98.3    2631  -999  -999.00   -999.00   -999.00     0    -0.5    2631     0   0   0   0    -999.000  -999.000
0144   71.52   719.1     12.58     98.3    2625   188    55.70      7.99     55.12    11    -0.5    2625     0   0   0   0      21.769   -60.431
0145   72.02   719.6     12.60     98.3    2619  -999  -999.00   -999.00   -999.00     0    -0.5    2619     0   0   0   0    -999.000  -999.000
0146   72.52   720.2     12.63     98.3    2613  -999  -999.00   -999.00   -999.00     0    -0.5    2613     0   0   0   0    -999.000  -999.000
0147   73.02   720.7     12.65     98.3    2607  -999  -999.00   -999.00   -999.00     0    -0.5    2607     0   0   0   0    -999.000  -999.000
0148   73.52   721.2     12.68     98.3    2601   188    55.72      7.53     55.21    11    -0.6    2601     0   0   0   0      21.770   -60.431
0149   74.02   721.7     12.70     98.3    2595   188    55.74      7.40     55.24    11    -0.6    2595     0   0   0   0      21.770   -60.431
0150   74.52   722.2     12.73     98.3    2589   187    55.76      7.27     55.29    11    -0.6    2589     0   0   0   0      21.770   -60.431
0151   75.02  -999.0   -999.00   -999.0    -999  -999  -999.00   -999.00   -999.00     0  -999.0    -999     0   0   0   0    -999.000  -999.000
0152   75.52   723.2     12.77     98.4    2577   187    55.84      7.02     55.39    10    -0.6    2577     0   0   0   0      21.771   -60.431
0153   76.02   723.8     12.79     98.4    2571   187    55.88      6.92     55.45    10    -0.6    2571     0   0   0   0      21.771   -60.431
0154   76.52   724.3     12.82     98.4    2565   187    55.92      6.84     55.50    10    -0.6    2565     0   0   0   0      21.771   -60.431
0155   77.02   724.8     12.84     98.4    2559  -999  -999.00   -999.00   -999.00     0    -0.6    2559     0   0   0   0    -999.000  -999.000
0156   77.52   725.3     12.87     98.4    2553   187    56.00      6.72     55.59    11    -0.6    2553     0   0   0   0      21.772   -60.430
0157   78.02   725.8     12.89     98.5    2547   187    56.03      6.70     55.63    11    -0.6    2547     0   0   0   0      21.772   -60.430
0158   78.52   726.3     12.92     98.5    2541   187    56.07      6.69     55.67    11    -0.6    2541     0   0   0   0      21.772   -60.430
0159   79.02   726.8     12.95     98.5    2535   187    56.10      6.70     55.70    11    -0.6    2535     0   0   0   0      21.772   -60.430
0160   79.52   727.3     12.97     98.5    2529   187    56.13      6.73     55.73    10    -0.6    2529     0   0   0   0      21.773   -60.430
0161   80.02   727.9     13.00     98.5    2523  -999  -999.00   -999.00   -999.00     0    -0.6    2523     0   0   0   0    -999.000  -999.000
0162   80.52   728.4     13.02     98.5    2517   187    56.18      6.81     55.76    11    -0.6    2517     0   0   0   0      21.773   -60.430
0163   81.02   728.9     13.05     98.5    2512   187    56.18      6.84     55.76    11    -0.6    2512     0   0   0   0      21.773   -60.430
0164   81.52   729.4     13.07     98.5    2506   187    56.18      6.86     55.76    11    -0.6    2506     0   0   0   0      21.774   -60.430
0165   82.02   729.9     13.10     98.5    2500   187    56.17      6.86     55.75    11    -0.7    2500     0   0   0   0      21.774   -60.430
0166   82.52   730.4     13.13     98.5    2494   187    56.15      6.84     55.74    10    -0.7    2494     0   0   0   0      21.774   -60.430
0167   83.02   731.0     13.16     98.5    2488  -999  -999.00   -999.00   -999.00     0    -0.8    2488     0   0   0   0    -999.000  -999.000
0168   83.52   731.5     13.18     98.5    2482   187    56.14      6.75     55.73    11    -0.8    2482     0   0   0   0      21.775   -60.430
0169   84.02   732.0     13.22     98.5    2475   187    56.15      6.69     55.75    11    -0.9    2475     0   0   0   0      21.775   -60.430
0170   84.52   732.5     13.25     98.5    2469   187    56.16      6.63     55.77    10    -1.0    2469     0   0   0   0      21.775   -60.430
0171   85.02   733.1     13.28     98.5    2463   187    56.18      6.58     55.79    11    -1.0    2463     0   0   0   0      21.775   -60.430
0172   85.52   733.6     13.31     98.5    2457   187    56.19      6.53     55.81    11    -1.1    2457     0   0   0   0      21.776   -60.430
0173   86.02   734.2     13.35     98.5    2451  -999  -999.00   -999.00   -999.00     0    -1.1    2451     0   0   0   0    -999.000  -999.000
0174   86.52   734.7     13.38     98.4    2444   187    56.21      6.45     55.84    11    -1.2    2444     0   0   0   0      21.776   -60.430
0175   87.02   735.2     13.41     98.4    2438  -999  -999.00   -999.00   -999.00     0    -1.2    2438     0   0   0   0    -999.000  -999.000
0176   87.52   735.8     13.44     98.4    2432   187    56.22      6.37     55.86    10    -1.3    2432     0   0   0   0      21.777   -60.430
0177   88.02   736.3     13.47     98.4    2426   186    56.23      6.33     55.87    11    -1.3    2426     0   0   0   0      21.777   -60.430
0178   88.52   736.9     13.50     98.4    2419   186    56.24      6.29     55.88    11    -1.3    2419     0   0   0   0      21.777   -60.430
0179   89.02   737.4     13.53     98.4    2413   186    56.25      6.24     55.90    11    -1.3    2413     0   0   0   0      21.777   -60.430
0180   89.52   738.0     13.57     98.4    2407   186    56.26      6.19     55.92    11    -1.3    2407     0   0   0   0      21.778   -60.430
0181   90.02  -999.0   -999.00   -999.0    -999  -999  -999.00   -999.00   -999.00     0  -999.0    -999     0   0   0   0    -999.000  -999.000
0182   90.52   739.1     13.63     98.3    2394   186    56.30      6.10     55.97    11    -1.3    2394     0   0   0   0      21.778   -60.430
0183   91.02   739.6     13.66     98.2    2388   186    56.33      6.07     56.00    11    -1.3    2388     0   0   0   0      21.778   -60.430
0184   91.52   740.2     13.69     98.2    2381   186    56.35      6.04     56.03    11    -1.2    2381     0   0   0   0      21.779   -60.430
0185   92.02   740.7     13.72     98.1    2375   186    56.37      6.03     56.05    10    -1.2    2375     0   0   0   0      21.779   -60.430
0186   92.52   741.3     13.76     98.0    2369   186    56.38      6.02     56.06    10    -1.1    2369     0   0   0   0      21.779   -60.430
0187   93.02   741.8     13.79     97.9    2363  -999  -999.00   -999.00   -999.00     0    -1.0    2363     0   0   0   0    -999.000  -999.000
0188   93.52   742.3     13.83     97.7    2357  -999  -999.00   -999.00   -999.00     0    -1.0    2357     0   0   0   0    -999.000  -999.000
0189   94.02  -999.0   -999.00   -999.0    -999  -999  -999.00   -999.00   -999.00     0  -999.0    -999     0   0   0   0    -999.000  -999.000
0190   94.52   743.4     13.90     97.4    2345   186    56.44      6.01     56.12    11    -0.9    2345     0   0   0   0      21.780   -60.429
0191   95.02   744.0     13.95     97.2    2339   186    56.47      6.02     56.14    11    -0.9    2339     0   0   0   0      21.780   -60.429
0192   95.52  -999.0   -999.00   -999.0    -999   186    56.49      6.01     56.17    11  -999.0    -999     0   0   0   0      21.781   -60.429
0193   96.02   745.0     14.03     96.9    2326   186    56.51      6.00     56.19    11    -0.9    2326     0   0   0   0      21.781   -60.429
0194   96.52   745.6     14.07     96.7    2320   186    56.53      5.98     56.22    11    -0.9    2320     0   0   0   0      21.781   -60.429
0195   97.02   746.1     14.12     96.5    2314   186    56.55      5.95     56.24    11    -0.9    2314     0   0   0   0      21.781   -60.429
0196   97.52   746.6     14.16     96.4    2308   186    56.57      5.92     56.26    10    -0.9    2308     0   0   0   0      21.782   -60.429
0197   98.02   747.2     14.21     96.2    2302   186    56.58      5.88     56.28    11    -1.0    2302     0   0   0   0      21.782   -60.429
0198   98.52   747.7     14.25     96.0    2296   186    56.60      5.84     56.30    11    -1.0    2296     0   0   0   0      21.782   -60.429
0199   99.02   748.2     14.30     95.8    2290   186    56.61      5.81     56.31    11    -1.0    2290     0   0   0   0      21.783   -60.429
0200   99.52   748.8     14.35     95.6    2284   186    56.61      5.77     56.32    11    -1.0    2284     0   0   0   0      21.783   -60.429
0201  100.02   749.3     14.40     95.4    2278   186    56.62      5.74     56.33    10    -1.0    2278     0   0   0   0      21.783   -60.429
0202  100.52   749.9     14.44     95.2    2271   186    56.62      5.71     56.33    11    -1.0    2271     0   0   0   0      21.783   -60.429
0203  101.02   750.4     14.49     95.1    2265   186    56.61      5.68     56.32    11    -1.0    2265     0   0   0   0      21.784   -60.429
0204  101.52   750.9     14.54     94.9    2259   186    56.60      5.64     56.32    10    -1.0    2259     0   0   0   0      21.784   -60.429
0205  102.02   751.5     14.58     94.8    2253  -999  -999.00   -999.00   -999.00     0    -1.0    2253     0   0   0   0    -999.000  -999.000
0206  102.52   752.0     14.61     94.8    2247   186    56.58      5.51     56.31    11    -0.9    2247     0   0   0   0      21.784   -60.429
0207  103.02   752.6     14.64     94.9    2241   185    56.58      5.42     56.32    11    -0.9    2241     0   0   0   0      21.785   -60.429
0208  103.52   753.1     14.66     95.1    2235   185    56.58      5.31     56.33    11    -0.9    2235     0   0   0   0      21.785   -60.429
0209  104.02   753.6     14.68     95.4    2229   185    56.58      5.19     56.34    11    -0.9    2229     0   0   0   0      21.785   -60.429
0210  104.52   754.2     14.69     95.7    2223   185    56.58      5.06     56.35    11    -0.9    2223     0   0   0   0      21.785   -60.429
0211  105.02   754.7     14.69     96.2    2217   185    56.58      4.92     56.36    10    -0.8    2217     0   0   0   0      21.786   -60.429
0212  105.52   755.2     14.69     96.6    2211  -999  -999.00   -999.00   -999.00     0    -0.8    2211     0   0   0   0    -999.000  -999.000
0213  106.02   755.8     14.69     97.0    2205   185    56.56      4.61     56.37    11    -0.8    2205     0   0   0   0      21.786   -60.429
0214  106.52   756.3     14.69     97.3    2199   185    56.54      4.46     56.36    11    -0.8    2199     0   0   0   0      21.786   -60.429
0215  107.02   756.8     14.69     97.5    2193  -999  -999.00   -999.00   -999.00     0    -0.8    2193     0   0   0   0    -999.000  -999.000
0216  107.52   757.4     14.70     97.7    2187   184    56.50      4.14     56.35    11    -0.8    2187     0   0   0   0      21.787   -60.429
0217  108.02   757.9     14.70     97.8    2181   184    56.48      3.97     56.34    10    -0.8    2181     0   0   0   0      21.787   -60.429
0218  108.52   758.4     14.71     97.8    2175   184    56.47      3.80     56.34    10    -0.7    2175     0   0   0   0      21.787   -60.429
0219  109.02   759.0     14.73     97.8    2169   184    56.45      3.64     56.34    11    -0.7    2169     0   0   0   0      21.788   -60.429
0220  109.52   759.5     14.75     97.7    2163   184    56.45      3.47     56.34    11    -0.7    2163     0   0   0   0      21.788   -60.429
0221  110.02   760.0     14.77     97.7    2157   183    56.46      3.32     56.36    11    -0.7    2157     0   0   0   0      21.788   -60.429
0222  110.52   760.5     14.79     97.6    2151   183    56.48      3.17     56.39    10    -0.7    2151     0   0   0   0      21.788   -60.429
0223  111.02   761.1     14.81     97.6    2145   183    56.50      3.04     56.42    11    -0.7    2145     0   0   0   0      21.789   -60.429
0224  111.52   761.6     14.83     97.6    2140   183    56.54      2.92     56.46    11    -0.7    2140     0   0   0   0      21.789   -60.429
0225  112.02   762.1     14.85     97.6    2134   183    56.58      2.82     56.51    11    -0.7    2134     0   0   0   0      21.789   -60.429
0226  112.52   762.7     14.88     97.6    2128   183    56.63      2.73     56.57    11    -0.7    2128     0   0   0   0      21.789   -60.429
0227  113.02   763.2     14.90     97.6    2122   183    56.68      2.67     56.62    11    -0.7    2122     0   0   0   0      21.790   -60.429
0228  113.52   763.7     14.92     97.6    2116   183    56.73      2.64     56.67    11    -0.7    2116     0   0   0   0      21.790   -60.428
0229  114.02   764.3     14.94     97.7    2110   183    56.77      2.63     56.71     9    -0.7    2110     0   0   0   0      21.790   -60.428
0230  114.52   764.8     14.96     97.7    2104   183    56.80      2.64     56.74    11    -0.7    2104     0   0   0   0      21.790   -60.428
0231  115.02   765.3     14.98     97.8    2098   183    56.82      2.67     56.75    11    -0.6    2098     0   0   0   0      21.791   -60.428
0232  115.52   765.8     15.00     97.8    2092   183    56.82      2.70     56.76    10    -0.6    2092     0   0   0   0      21.791   -60.428
0233  116.02   766.4     15.02     97.9    2086   183    56.81      2.73     56.75    11    -0.6    2086     0   0   0   0      21.791   -60.428
0234  116.52   766.9     15.04     97.9    2081  -999  -999.00   -999.00   -999.00     0    -0.6    2081     0   0   0   0    -999.000  -999.000
0235  117.02   767.4     15.07     97.9    2075   183    56.79      2.73     56.72    11    -0.5    2075     0   0   0   0      21.792   -60.428
0236  117.52   767.9     15.09     98.0    2069   183    56.77      2.70     56.71    11    -0.5    2069     0   0   0   0      21.792   -60.428
0237  118.02   768.5     15.12     98.0    2063  -999  -999.00   -999.00   -999.00     0    -0.5    2063     0   0   0   0    -999.000  -999.000
0238  118.52   769.0     15.15     98.1    2057   183    56.77      2.57     56.71    11    -0.5    2057     0   0   0   0      21.792   -60.428
0239  119.02   769.5     15.17     98.2    2052   183    56.77      2.49     56.72    11    -0.5    2052     0   0   0   0      21.793   -60.428
0240  119.52   770.0     15.20     98.2    2046   182    56.79      2.38     56.74    10    -0.5    2046     0   0   0   0      21.793   -60.428
0241  120.02   770.6     15.23     98.4    2040   182    56.81      2.26     56.76    11    -0.5    2040     0   0   0   0      21.793   -60.428
0242  120.52   771.1     15.25     98.5    2034   182    56.82      2.12     56.78    11    -0.5    2034     0   0   0   0      21.793   -60.428
0243  121.02   771.6     15.28     98.6    2028   182    56.84      1.97     56.80    10    -0.5    2028     0   0   0   0      21.794   -60.428
0244  121.52   772.1     15.31     98.7    2023   182    56.85      1.81     56.82    11    -0.5    2023     0   0   0   0      21.794   -60.428
0245  122.02   772.7     15.33     98.8    2017   182    56.86      1.66     56.84    11    -0.5    2017     0   0   0   0      21.794   -60.428
0246  122.52   773.2     15.36     98.9    2011   182    56.87      1.50     56.85    11    -0.5    2011     0   0   0   0      21.794   -60.428
0247  123.02   773.7     15.38     98.9    2005  -999  -999.00   -999.00   -999.00     0    -0.5    2005     0   0   0   0    -999.000  -999.000
0248  123.52   774.2     15.40     98.9    1999  -999  -999.00   -999.00   -999.00     0    -0.6    1999     0   0   0   0    -999.000  -999.000
0249  124.02   774.8     15.43     98.9    1994   181    56.92      1.08     56.91    11    -0.6    1994     0   0   0   0      21.795   -60.428
0250  124.52   775.3     15.45     98.9    1988   181    56.94      0.95     56.94    11    -0.6    1988     0   0   0   0      21.796   -60.428
0251  125.02   775.8     15.47     98.9    1982   181    56.96      0.82     56.96     9    -0.6    1982     0   0   0   0      21.796   -60.428
0252  125.52   776.4     15.49     98.8    1976  -999  -999.00   -999.00   -999.00     0    -0.6    1976     0   0   0   0    -999.000  -999.000
0253  126.02   776.9     15.51     98.8    1970   181    57.01      0.57     57.00    11    -0.6    1970     0   0   0   0      21.796   -60.428
0254  126.52   777.4     15.53     98.8    1964   180    57.03      0.47     57.03    11    -0.6    1964     0   0   0   0      21.797   -60.428
0255  127.02   778.0     15.55     98.7    1959   180    57.06      0.37     57.06    11    -0.6    1959     0   0   0   0      21.797   -60.428
0256  127.52   778.5     15.57     98.7    1953   180    57.11      0.30     57.10    11    -0.6    1953     0   0   0   0      21.797   -60.428
0257  128.02  -999.0   -999.00   -999.0    -999  -999  -999.00   -999.00   -999.00     0  -999.0    -999     0   0   0   0    -999.000  -999.000
0258  128.52   779.5     15.61     98.5    1941   180    57.20      0.19     57.20    11    -0.6    1941     0   0   0   0      21.798   -60.428
0259  129.02   780.1     15.63     98.5    1935   180    57.24      0.14     57.24    11    -0.6    1935     0   0   0   0      21.798   -60.428
0260  129.52   780.6     15.66     98.4    1930   180    57.27      0.11     57.27    11    -0.5    1930     0   0   0   0      21.798   -60.428
0261  130.02   781.1     15.69     98.3    1924  -999  -999.00   -999.00   -999.00     0    -0.5    1924     0   0   0   0    -999.000  -999.000
0262  130.52   781.7     15.72     98.2    1918   180    57.30      0.06     57.30    11    -0.5    1918     0   0   0   0      21.799   -60.428
0263  131.02   782.2     15.75     98.2    1912   180    57.30      0.04     57.30    11    -0.5    1912     0   0   0   0      21.799   -60.428
0264  131.52   782.7     15.79     98.1    1907   180    57.30      0.03     57.30    11    -0.5    1907     0   0   0   0      21.799   -60.428
0265  132.02   783.2     15.83     98.0    1901  -999  -999.00   -999.00   -999.00     0    -0.5    1901     0   0   0   0    -999.000  -999.000
0266  132.52   783.8     15.88     98.0    1895   180    57.29      0.03     57.29    11    -0.5    1895     0   0   0   0      21.800   -60.428
0267  133.02   784.3     15.93     97.9    1889   180    57.28      0.04     57.28    11    -0.5    1889     0   0   0   0      21.800   -60.428
0268  133.52   784.8     15.97     97.8    1884  -999  -999.00   -999.00   -999.00     0    -0.5    1884     0   0   0   0    -999.000  -999.000
0269  134.02   785.4     16.02     97.8    1878   180    57.29      0.02     57.29    11    -0.6    1878     0   0   0   0      21.800   -60.428
0270  134.52   785.9     16.07     97.7    1872   180    57.30     -0.01     57.30    11    -0.6    1872     0   0   0   0      21.801   -60.428
0271  135.02   786.4     16.11     97.6    1866   180    57.32     -0.06     57.32    11    -0.6    1866     0   0   0   0      21.801   -60.428
0272  135.52   787.0     16.16     97.5    1860   180    57.33     -0.12     57.33    11    -0.6    1860     0   0   0   0      21.801   -60.428
0273  136.02   787.5     16.20     97.5    1855   180    57.34     -0.20     57.34    11    -0.7    1855     0   0   0   0      21.801   -60.428
0274  136.52   788.0     16.24     97.3    1849   180    57.34     -0.29     57.34    11    -0.7    1849     0   0   0   0      21.802   -60.428
0275  137.02   788.6     16.28     97.2    1843  -999  -999.00   -999.00   -999.00     0    -0.7    1843     0   0   0   0    -999.000  -999.000
0276  137.52   789.1     16.32     97.1    1837   179    57.33     -0.52     57.33    11    -0.7    1837     0   0   0   0      21.802   -60.428
0277  138.02   789.6     16.35     97.0    1831   179    57.32     -0.66     57.32    11    -0.7    1831     0   0   0   0      21.802   -60.428
0278  138.52   790.2     16.39     96.8    1826   179    57.31     -0.82     57.30    10    -0.7    1826     0   0   0   0      21.803   -60.428
0279  139.02   790.7     16.42     96.7    1820   179    57.30     -0.97     57.29    11    -0.6    1820     0   0   0   0      21.803   -60.428
0280  139.52   791.3     16.46     96.6    1814   179    57.29     -1.12     57.28    11    -0.6    1814     0   0   0   0      21.803   -60.428
0281  140.02   791.8     16.49     96.5    1808   179    57.28     -1.25     57.27    11    -0.6    1808     0   0   0   0      21.804   -60.428
0282  140.52   792.3     16.52     96.4    1802   179    57.27     -1.37     57.25    11    -0.6    1802     0   0   0   0      21.804   -60.428
0283  141.02   792.9     16.56     96.3    1797   179    57.24     -1.46     57.22    11    -0.6    1797     0   0   0   0      21.804   -60.428
0284  141.52   793.4     16.59     96.2    1791   178    57.21     -1.54     57.19    11    -0.6    1791     0   0   0   0      21.804   -60.428
0285  142.02   793.9     16.62     96.2    1785   178    57.18     -1.59     57.16    11    -0.6    1785     0   0   0   0      21.805   -60.428
0286  142.52   794.5     16.65     96.1    1779  -999  -999.00   -999.00   -999.00     0    -0.7    1779     0   0   0   0    -999.000  -999.000
0287  143.02   795.0     16.68     96.1    1773   178    57.11     -1.67     57.09    11    -0.7    1773     0   0   0   0      21.805   -60.428
0288  143.52   795.5     16.71     96.1    1768   178    57.08     -1.70     57.05    11    -0.7    1768     0   0   0   0      21.805   -60.428
0289  144.02   796.1     16.74     96.1    1762   178    57.04     -1.73     57.02    11    -0.7    1762     0   0   0   0      21.806   -60.428
0290  144.52   796.6     16.77     96.2    1756   178    57.00     -1.76     56.98    11    -0.7    1756     0   0   0   0      21.806   -60.428
0291  145.02   797.2     16.80     96.2    1750   178    56.96     -1.78     56.94    11    -0.8    1750     0   0   0   0      21.806   -60.428
0292  145.52   797.7     16.82     96.3    1744   178    56.92     -1.81     56.89    11    -0.8    1744     0   0   0   0      21.806   -60.428
0293  146.02   798.3     16.85     96.4    1738   178    56.87     -1.83     56.84    10    -0.8    1738     0   0   0   0      21.807   -60.428
0294  146.52   798.8     16.88     96.5    1733   178    56.81     -1.86     56.78    11    -0.8    1733     0   0   0   0      21.807   -60.428
0295  147.02   799.4     16.90     96.6    1727   178    56.74     -1.90     56.71    10    -0.8    1727     0   0   0   0      21.807   -60.428
0296  147.52   799.9     16.93     96.7    1721   178    56.68     -1.94     56.65    11    -0.7    1721     0   0   0   0      21.807   -60.428
0297  148.02   800.4     16.96     96.7    1715   178    56.63     -2.00     56.60    11    -0.7    1715     0   0   0   0      21.808   -60.428
0298  148.52   801.0     16.99     96.8    1709   178    56.59     -2.07     56.56     9    -0.7    1709     0   0   0   0      21.808   -60.428
0299  149.02   801.5     17.02     96.9    1703   178    56.57     -2.15     56.53    11    -0.7    1703     0   0   0   0      21.808   -60.428
0300  149.52   802.1     17.05     96.9    1698   178    56.56     -2.25     56.52    11    -0.6    1698     0   0   0   0      21.808   -60.428
0301  150.02   802.6     17.09     97.0    1692   178    56.56     -2.37     56.51    11    -0.6    1692     0   0   0   0      21.809   -60.428
0302  150.52   803.2     17.12     97.0    1686  -999  -999.00   -999.00   -999.00     0    -0.6    1686     0   0   0   0    -999.000  -999.000
0303  151.02   803.7     17.15     97.0    1680  -999  -999.00   -999.00   -999.00     0    -0.6    1680     0   0   0   0    -999.000  -999.000
0304  151.52   804.2     17.19     97.0    1675   177    56.55     -2.81     56.48    11    -0.5    1675     0   0   0   0      21.809   -60.428
0305  152.02   804.8     17.22     96.9    1669   177    56.55     -2.97     56.47    11    -0.5    1669     0   0   0   0      21.810   -60.428
0306  152.52   805.3     17.26     96.9    1663   177    56.53     -3.12     56.45    11    -0.5    1663     0   0   0   0      21.810   -60.428
0307  153.02   805.8     17.29     96.9    1658   177    56.52     -3.27     56.42    11    -0.5    1658     0   0   0   0      21.810   -60.428
0308  153.52   806.4     17.33     96.9    1652   177    56.50     -3.40     56.40    11    -0.6    1652     0   0   0   0      21.810   -60.428
0309  154.02   806.9     17.36     96.9    1646   176    56.47     -3.51     56.36    10    -0.6    1646     0   0   0   0      21.811   -60.429
0310  154.52   807.4     17.40     96.8    1641   176    56.44     -3.60     56.33    11    -0.6    1641     0   0   0   0      21.811   -60.429
0311  155.02   808.0     17.43     96.7    1635   176    56.41     -3.66     56.29    11    -0.6    1635     0   0   0   0      21.811   -60.429
0312  155.52   808.5     17.47     96.6    1629   176    56.38     -3.70     56.26    11    -0.6    1629     0   0   0   0      21.811   -60.429
0313  156.02   809.1     17.51     96.5    1623   176    56.36     -3.74     56.23    11    -0.7    1623     0   0   0   0      21.812   -60.429
0314  156.52   809.6     17.54     96.4    1618   176    56.34     -3.76     56.21    11    -0.7    1618     0   0   0   0      21.812   -60.429
0315  157.02   810.1     17.58     96.4    1612   176    56.33     -3.79     56.21    10    -0.7    1612     0   0   0   0      21.812   -60.429
0316  157.52   810.7     17.61     96.3    1606   176    56.34     -3.82     56.21    11    -0.7    1606     0   0   0   0      21.813   -60.429
0317  158.02   811.2     17.64     96.4    1600   176    56.35     -3.84     56.22    11    -0.6    1600     0   0   0   0      21.813   -60.429
0318  158.52   811.8     17.68     96.5    1594   176    56.35     -3.86     56.22    11    -0.6    1594     0   0   0   0      21.813   -60.429
0319  159.02   812.3     17.71     96.6    1589   176    56.35     -3.86     56.22    11    -0.6    1589     0   0   0   0      21.813   -60.429
0320  159.52   812.9     17.74     96.9    1583   176    56.33     -3.85     56.20    10    -0.6    1583     0   0   0   0      21.814   -60.429
0321  160.02   813.4     17.77     97.2    1577   176    56.28     -3.82     56.15    11    -0.5    1577     0   0   0   0      21.814   -60.429
0322  160.52   813.9     17.79     97.6    1572   176    56.22     -3.78     56.09    11    -0.5    1572     0   0   0   0      21.814   -60.429
0323  161.02   814.5     17.82     97.9    1566   176    56.13     -3.71     56.01    11    -0.5    1566     0   0   0   0      21.814   -60.429
0324  161.52   815.0     17.85     98.2    1560   176    56.03     -3.61     55.91    11    -0.6    1560     0   0   0   0      21.815   -60.429
0325  162.02   815.5     17.89     98.5    1555   176    55.90     -3.49     55.79    11    -0.6    1555     0   0   0   0      21.815   -60.429
0326  162.52   816.1     17.93     98.8    1549   177    55.76     -3.34     55.66    11    -0.7    1549     0   0   0   0      21.815   -60.429
0327  163.02   816.6     17.97     99.0    1543   177    55.61     -3.15     55.52    11    -0.8    1543     0   0   0   0      21.815   -60.429
0328  163.52   817.2     18.01     99.2    1537   177    55.45     -2.93     55.37    11    -0.9    1537     0   0   0   0      21.816   -60.429
0329  164.02   817.7     18.06     99.3    1532   177    55.29     -2.70     55.22    11    -1.0    1532     0   0   0   0      21.816   -60.429
0330  164.52   818.3     18.11     99.4    1526   177    55.12     -2.46     55.07    11    -1.1    1526     0   0   0   0      21.816   -60.429
0331  165.02   818.9     18.17     99.5    1520   178    54.97     -2.24     54.92    11    -1.2    1520     0   0   0   0      21.816   -60.429
0332  165.52   819.4     18.22     99.5    1514   178    54.83     -2.05     54.79    11    -1.2    1514     0   0   0   0      21.817   -60.429
0333  166.02   820.0     18.26     99.6    1508   178    54.72     -1.89     54.69    11    -1.3    1508     0   0   0   0      21.817   -60.429
0334  166.52   820.6     18.30     99.6    1501   178    54.64     -1.77     54.61    11    -1.3    1501     0   0   0   0      21.817   -60.429
0335  167.02   821.2     18.34     99.6    1495   178    54.58     -1.68     54.56    11    -1.4    1495     0   0   0   0      21.817   -60.429
0336  167.52   821.8     18.38     99.6    1489   178    54.56     -1.62     54.53    11    -1.4    1489     0   0   0   0      21.818   -60.429
0337  168.02   822.3     18.41     99.6    1483  -999  -999.00   -999.00   -999.00     0    -1.4    1483     0   0   0   0    -999.000  -999.000
0338  168.52   822.9     18.44     99.6    1477   178    54.59     -1.56     54.57    11    -1.4    1477     0   0   0   0      21.818   -60.429
0339  169.02   823.5     18.47     99.6    1471   178    54.65     -1.55     54.63    11    -1.4    1471     0   0   0   0      21.818   -60.429
0340  169.52   824.1     18.50     99.6    1465   178    54.74     -1.55     54.72    11    -1.4    1465     0   0   0   0      21.819   -60.429
0341  170.02   824.7     18.53     99.6    1459   178    54.85     -1.56     54.83    11    -1.4    1459     0   0   0   0      21.819   -60.429
0342  170.52   825.3     18.55     99.6    1453   178    54.97     -1.56     54.95    11    -1.3    1453     0   0   0   0      21.819   -60.429
0343  171.02   825.8     18.58     99.6    1447   178    55.09     -1.55     55.07    11    -1.3    1447     0   0   0   0      21.819   -60.429
0344  171.52   826.4     18.60     99.6    1441   178    55.21     -1.53     55.19    11    -1.3    1441     0   0   0   0      21.820   -60.429
0345  172.02   827.0     18.61     99.6    1435   178    55.32     -1.50     55.30    11    -1.3    1435     0   0   0   0      21.820   -60.429
0346  172.52   827.6     18.63     99.6    1429   178    55.41     -1.47     55.39    10    -1.3    1429     0   0   0   0      21.820   -60.429
0347  173.02   828.1     18.65     99.6    1423   179    55.47     -1.43     55.45    11    -1.3    1423     0   0   0   0      21.820   -60.429
0348  173.52   828.7     18.67     99.6    1417   179    55.49     -1.41     55.47    10    -1.3    1417     0   0   0   0      21.821   -60.429
0349  174.02   829.3     18.69     99.6    1411   179    55.48     -1.39     55.46    11    -1.4    1411     0   0   0   0      21.821   -60.429
0350  174.52   829.9     18.71     99.6    1405   179    55.44     -1.39     55.42    10    -1.5    1405     0   0   0   0      21.821   -60.429
0351  175.02   830.5     18.73     99.7    1398   179    55.37     -1.40     55.36    10    -1.6    1398     0   0   0   0      21.821   -60.429
0352  175.52   831.1     18.76     99.7    1392   179    55.30     -1.42     55.28    11    -1.7    1392     0   0   0   0      21.822   -60.429
0353  176.02   831.6     18.79     99.7    1386   179    55.22     -1.44     55.21    11    -1.8    1386     0   0   0   0      21.822   -60.429
0354  176.52   832.3     18.82     99.7    1380   178    55.16     -1.46     55.14    11    -1.9    1380     0   0   0   0      21.822   -60.429
0355  177.02   832.9     18.85     99.7    1373   178    55.11     -1.49     55.09    11    -2.0    1373     0   0   0   0      21.822   -60.429
0356  177.52   833.5     18.88     99.7    1367   178    55.09     -1.51     55.07    11    -2.0    1367     0   0   0   0      21.823   -60.429
0357  178.02   834.1     18.91     99.7    1361   178    55.08     -1.55     55.06    11    -2.1    1361     0   0   0   0      21.823   -60.429
0358  178.52   834.7     18.94     99.7    1354   178    55.09     -1.59     55.06    11    -2.1    1354     0   0   0   0      21.823   -60.429
0359  179.02   835.4     18.97     99.7    1348   178    55.10     -1.64     55.07    10    -2.1    1348     0   0   0   0      21.823   -60.429
0360  179.52   836.0     19.00     99.7    1341   178    55.11     -1.69     55.08    11    -2.1    1341     0   0   0   0      21.824   -60.429
0361  180.02   836.6     19.03     99.7    1335   178    55.12     -1.76     55.09    11    -2.1    1335     0   0   0   0      21.824   -60.429
0362  180.52   837.2     19.06     99.7    1328   178    55.11     -1.83     55.08    11    -2.1    1328     0   0   0   0      21.824   -60.429
0363  181.02   837.8     19.08     99.7    1322   178    55.10     -1.90     55.06    10    -2.1    1322     0   0   0   0      21.824   -60.429
0364  181.52   838.5     19.11     99.7    1316   178    55.07     -1.98     55.03    11    -2.0    1316     0   0   0   0      21.824   -60.429
0365  182.02   839.1     19.14     99.7    1309   178    55.02     -2.06     54.98    11    -2.0    1309     0   0   0   0      21.825   -60.429
0366  182.52   839.7     19.17     99.7    1303   178    54.96     -2.14     54.92    11    -2.0    1303     0   0   0   0      21.825   -60.429
0367  183.02   840.3     19.19     99.7    1297   178    54.89     -2.20     54.84    10    -2.0    1297     0   0   0   0      21.825   -60.429
0368  183.52   840.9     19.22     99.8    1290   178    54.80     -2.24     54.76    11    -1.9    1290     0   0   0   0      21.825   -60.429
0369  184.02   841.5     19.26     99.8    1284   178    54.71     -2.26     54.66    11    -1.9    1284     0   0   0   0      21.826   -60.429
0370  184.52   842.1     19.29     99.8    1278   178    54.60     -2.25     54.56    11    -1.9    1278     0   0   0   0      21.826   -60.429
0371  185.02   842.8     19.32     99.8    1271   178    54.49     -2.23     54.44    11    -1.9    1271     0   0   0   0      21.826   -60.429
0372  185.52   843.4     19.35     99.9    1265   178    54.38     -2.20     54.34    11    -1.9    1265     0   0   0   0      21.826   -60.429
0373  186.02   844.0     19.39     99.9    1259   178    54.28     -2.17     54.24    11    -1.9    1259     0   0   0   0      21.827   -60.429
0374  186.52   844.6     19.42     99.9    1253   178    54.21     -2.13     54.17    11    -1.9    1253     0   0   0   0      21.827   -60.429
0375  187.02   845.2     19.45     99.9    1246   178    54.16     -2.09     54.12    11    -1.9    1246     0   0   0   0      21.827   -60.429
0376  187.52   845.8     19.48     99.9    1240   178    54.13     -2.04     54.09    11    -1.9    1240     0   0   0   0      21.827   -60.429
0377  188.02   846.4     19.51     99.9    1234   178    54.14     -1.99     54.10    11    -2.0    1234     0   0   0   0      21.828   -60.429
0378  188.52   847.0     19.53     99.9    1228   178    54.17     -1.94     54.14    10    -2.0    1228     0   0   0   0      21.828   -60.429
0379  189.02   847.7     19.56     99.8    1221   178    54.23     -1.88     54.20    10    -2.1    1221     0   0   0   0      21.828   -60.429
0380  189.52   848.3     19.59     99.8    1215   178    54.30     -1.83     54.27    10    -2.1    1215     0   0   0   0      21.828   -60.429
0381  190.02   848.9     19.61     99.8    1208   178    54.39     -1.79     54.36    11    -2.2    1208     0   0   0   0      21.829   -60.429
0382  190.52   849.5     19.64     99.8    1202   178    54.47     -1.76     54.44    11    -2.3    1202     0   0   0   0      21.829   -60.429
0383  191.02   850.2     19.67     99.8    1196   178    54.53     -1.76     54.50    10    -2.3    1196     0   0   0   0      21.829   -60.429
0384  191.52   850.8     19.69     99.7    1189   178    54.58     -1.78     54.55    11    -2.4    1189     0   0   0   0      21.829   -60.429
0385  192.02   851.4     19.72     99.7    1183   178    54.59     -1.84     54.56    11    -2.4    1183     0   0   0   0      21.830   -60.429
0386  192.52   852.1     19.74     99.7    1176   178    54.58     -1.93     54.54    11    -2.5    1176     0   0   0   0      21.830   -60.429
0387  193.02   852.7     19.77     99.7    1169   178    54.54     -2.04     54.50    11    -2.5    1169     0   0   0   0      21.830   -60.429
0388  193.52   853.4     19.80     99.7    1163   178    54.49     -2.17     54.44    10    -2.6    1163     0   0   0   0      21.830   -60.429
0389  194.02   854.0     19.83     99.7    1156   178    54.42     -2.29     54.37    11    -2.6    1156     0   0   0   0      21.831   -60.429
0390  194.52   854.7     19.85     99.7    1150   177    54.35     -2.41     54.30    11    -2.6    1150     0   0   0   0      21.831   -60.429
0391  195.02   855.3     19.88     99.7    1143   177    54.28     -2.51     54.22    11    -2.6    1143     0   0   0   0      21.831   -60.429
0392  195.52   856.0     19.91     99.7    1136   177    54.21     -2.58     54.15    11    -2.6    1136     0   0   0   0      21.831   -60.429
0393  196.02   856.6     19.94     99.7    1130   177    54.16     -2.63     54.09    11    -2.5    1130     0   0   0   0      21.832   -60.429
0394  196.52   857.3     19.97     99.7    1123   177    54.11     -2.66     54.04    11    -2.5    1123     0   0   0   0      21.832   -60.429
0395  197.02   857.9     20.00     99.7    1117   177    54.06     -2.67     54.00    11    -2.4    1117     0   0   0   0      21.832   -60.429
0396  197.52   858.6     20.03     99.8    1110   177    54.02     -2.67     53.96    11    -2.3    1110     0   0   0   0      21.832   -60.429
0397  198.02   859.2     20.06     99.8    1104   177    53.99     -2.64     53.92    11    -2.3    1104     0   0   0   0      21.833   -60.429
0398  198.52   859.9     20.09     99.8    1097   177    53.95     -2.60     53.89    11    -2.2    1097     0   0   0   0      21.833   -60.430
0399  199.02   860.5     20.11     99.9    1091   177    53.91     -2.55     53.85    11    -2.1    1091     0   0   0   0      21.833   -60.430
0400  199.52   861.1     20.14     99.9    1085   177    53.87     -2.49     53.82    11    -2.0    1085     0   0   0   0      21.833   -60.430
0401  200.02   861.7     20.16     99.9    1079   177    53.84     -2.44     53.79    11    -1.9    1079     0   0   0   0      21.834   -60.430
0402  200.52   862.3     20.19    100.0    1072   177    53.82     -2.39     53.76    11    -1.8    1072     0   0   0   0      21.834   -60.430
0403  201.02   863.0     20.21    100.0    1066   177    53.80     -2.36     53.75    11    -1.8    1066     0   0   0   0      21.834   -60.430
0404  201.52   863.6     20.24    100.0    1060   178    53.80     -2.34     53.75    11    -1.7    1060     0   0   0   0      21.834   -60.430
0405  202.02   864.2     20.27    100.0    1054   178    53.81     -2.32     53.76    11    -1.7    1054     0   0   0   0      21.835   -60.430
0406  202.52   864.8     20.29    100.0    1048   178    53.83     -2.29     53.79    11    -1.7    1048     0   0   0   0      21.835   -60.430
0407  203.02   865.4     20.32    100.0    1042   178    53.87     -2.26     53.82    11    -1.7    1042     0   0   0   0      21.835   -60.430
0408  203.52   866.0     20.35    100.0    1036   178    53.91     -2.20     53.86    11    -1.7    1036     0   0   0   0      21.835   -60.430
0409  204.02   866.6     20.39    100.0    1030   178    53.94     -2.13     53.90    11    -1.7    1030     0   0   0   0      21.836   -60.430
0410  204.52   867.2     20.42    100.0    1023   178    53.96     -2.04     53.92     9    -1.8    1023     0   0   0   0      21.836   -60.430
0411  205.02   867.8     20.45    100.0    1017   178    53.96     -1.94     53.93    11    -1.8    1017     0   0   0   0      21.836   -60.430
0412  205.52   868.5     20.48    100.0    1011   178    53.95     -1.84     53.92    11    -1.8    1011     0   0   0   0      21.836   -60.430
0413  206.02   869.1     20.52    100.0    1005   178    53.91     -1.75     53.88    11    -1.9    1005     0   0   0   0      21.837   -60.430
0414  206.52   869.7     20.55    100.0     999   178    53.86     -1.67     53.83    11    -1.9     999     0   0   0   0      21.837   -60.430
0415  207.02   870.3     20.58    100.0     992   178    53.80     -1.62     53.78    11    -1.9     992     0   0   0   0      21.837   -60.430
0416  207.52   871.0     20.60    100.0     986   178    53.74     -1.59     53.72    11    -2.0     986     0   0   0   0      21.837   -60.430
0417  208.02   871.6     20.63    100.0     980   178    53.69     -1.59     53.66    11    -2.0     980     0   0   0   0      21.837   -60.430
0418  208.52   872.2     20.66    100.0     974   178    53.64     -1.62     53.62    11    -2.1     974     0   0   0   0      21.838   -60.430
0419  209.02   872.8     20.68    100.0     967   178    53.60     -1.64     53.57    10    -2.1     967     0   0   0   0      21.838   -60.430
0420  209.52   873.5     20.71    100.0     961   178    53.56     -1.66     53.54    10    -2.1     961     0   0   0   0      21.838   -60.430
0421  210.02   874.1     20.73    100.0     955   178    53.53     -1.66     53.50    11    -2.2     955     0   0   0   0      21.838   -60.430
0422  210.52   874.7     20.75    100.0     948   178    53.49     -1.64     53.46    11    -2.2     948     0   0   0   0      21.839   -60.430
0423  211.02   875.4     20.78    100.0     942   178    53.45     -1.58     53.42    11    -2.2     942     0   0   0   0      21.839   -60.430
0424  211.52   876.0     20.80    100.0     936   178    53.41     -1.50     53.39    11    -2.2     936     0   0   0   0      21.839   -60.430
0425  212.02   876.7     20.83    100.0     929   178    53.37     -1.40     53.35    11    -2.3     929     0   0   0   0      21.839   -60.430
0426  212.52   877.3     20.85    100.0     923   179    53.35     -1.31     53.34    11    -2.3     923     0   0   0   0      21.840   -60.430
0427  213.02   877.9     20.88    100.0     916   179    53.35     -1.22     53.34    11    -2.3     916     0   0   0   0      21.840   -60.430
0428  213.52   878.6     20.91    100.0     910   179    53.37     -1.15     53.36    11    -2.3     910     0   0   0   0      21.840   -60.430
0429  214.02   879.2     20.93    100.0     904   179    53.41     -1.11     53.40    11    -2.3     904     0   0   0   0      21.840   -60.430
0430  214.52   879.9     20.96    100.0     897   179    53.48     -1.09     53.47    11    -2.2     897     0   0   0   0      21.841   -60.430
0431  215.02   880.5     20.99    100.0     891   179    53.58     -1.10     53.56    11    -2.2     891     0   0   0   0      21.841   -60.430
0432  215.52   881.2     21.02    100.0     885   179    53.69     -1.13     53.68    10    -2.2     885     0   0   0   0      21.841   -60.430
0433  216.02   881.8     21.06    100.0     878   179    53.84     -1.18     53.83    10    -2.2     878     0   0   0   0      21.841   -60.430
0434  216.52   882.4     21.09    100.0     872   179    54.00     -1.25     53.99    11    -2.2     872     0   0   0   0      21.842   -60.430
0435  217.02   883.1     21.12    100.0     866   179    54.18     -1.34     54.16    11    -2.2     866     0   0   0   0      21.842   -60.430
0436  217.52   883.7     21.15    100.0     859   178    54.35     -1.44     54.33    11    -2.2     859     0   0   0   0      21.842   -60.430
0437  218.02   884.4     21.19    100.0     853   178    54.52     -1.54     54.50    10    -2.2     853     0   0   0   0      21.842   -60.430
0438  218.52   885.0     21.22    100.0     847   178    54.68     -1.64     54.65    11    -2.2     847     0   0   0   0      21.843   -60.430
0439  219.02   885.6     21.25    100.0     841   178    54.81     -1.73     54.78    11    -2.2     841     0   0   0   0      21.843   -60.430
0440  219.52   886.3     21.28    100.0     834   178    54.90     -1.81     54.87    11    -2.2     834     0   0   0   0      21.843   -60.430
0441  220.02   886.9     21.31    100.0     828   178    54.97     -1.86     54.94    11    -2.2     828     0   0   0   0      21.843   -60.430
0442  220.52   887.6     21.34    100.0     822   178    55.01     -1.90     54.98    11    -2.2     822     0   0   0   0      21.844   -60.430
0443  221.02   888.2     21.36    100.0     815   178    55.04     -1.92     55.01    10    -2.2     815     0   0   0   0      21.844   -60.430
0444  221.52   888.9     21.39    100.0     809   178    55.08     -1.94     55.05    11    -2.2     809     0   0   0   0      21.844   -60.430
0445  222.02   889.5     21.42    100.0     803   178    55.13     -1.95     55.10    11    -2.2     803     0   0   0   0      21.844   -60.430
0446  222.52   890.2     21.44    100.0     796   178    55.20     -1.97     55.16    11    -2.3     796     0   0   0   0      21.845   -60.430
0447  223.02   890.8     21.47    100.0     790   178    55.28     -2.00     55.24    11    -2.3     790     0   0   0   0      21.845   -60.430
0448  223.52   891.5     21.49    100.0     783   178    55.36     -2.03     55.33    11    -2.3     783     0   0   0   0      21.845   -60.430
0449  224.02   892.1     21.52    100.0     777   178    55.45     -2.05     55.41    11    -2.3     777     0   0   0   0      21.845   -60.430
0450  224.52   892.8     21.54    100.0     771   178    55.53     -2.08     55.49    11    -2.4     771     0   0   0   0      21.846   -60.430
0451  225.02   893.4     21.56    100.0     764   178    55.62     -2.11     55.58    11    -2.4     764     0   0   0   0      21.846   -60.430
0452  225.52   894.1     21.58    100.0     758   178    55.71     -2.15     55.67    11    -2.5     758     0   0   0   0      21.846   -60.430
0453  226.02   894.7     21.60    100.0     752   178    55.81     -2.19     55.76    10    -2.5     752     0   0   0   0      21.846   -60.430
0454  226.52   895.4     21.63    100.0     745   178    55.89     -2.26     55.84    10    -2.6     745     0   0   0   0      21.847   -60.430
0455  227.02   896.1     21.65    100.0     739   178    55.94     -2.33     55.90    11    -2.7     739     0   0   0   0      21.847   -60.430
0456  227.52   896.7     21.67    100.0     732   178    55.97     -2.41     55.92    11    -2.8     732     0   0   0   0      21.847   -60.430
0457  228.02   897.4     21.70    100.0     725   177    55.97     -2.50     55.92    11    -2.9     725     0   0   0   0      21.847   -60.430
0458  228.52   898.1     21.72    100.0     719   177    55.94     -2.60     55.88    11    -3.0     719     0   0   0   0      21.848   -60.430
0459  229.02   898.8     21.75    100.0     712   177    55.88     -2.71     55.82    11    -3.1     712     0   0   0   0      21.848   -60.430
0460  229.52   899.5     21.77    100.0     705   177    55.79     -2.82     55.72    11    -3.2     705     0   0   0   0      21.848   -60.430
0461  230.02   900.2     21.80    100.0     698   177    55.67     -2.92     55.60    11    -3.3     698     0   0   0   0      21.848   -60.430
0462  230.52   900.9     21.83    100.0     692   177    55.53     -3.01     55.45    11    -3.4     692     0   0   0   0      21.849   -60.430
0463  231.02   901.6     21.85    100.0     685   177    55.38     -3.09     55.29    11    -3.5     685     0   0   0   0      21.849   -60.430
0464  231.52   902.3     21.88    100.0     678   177    55.22     -3.17     55.13    10    -3.6     678     0   0   0   0      21.849   -60.430
0465  232.02   903.1     21.91    100.0     671   177    55.07     -3.26     54.98    11    -3.6     671     0   0   0   0      21.849   -60.430
0466  232.52   903.8     21.94    100.0     664   177    54.94     -3.34     54.84    11    -3.7     664     0   0   0   0      21.850   -60.430
0467  233.02   904.5     21.97    100.0     657   176    54.83     -3.43     54.72    11    -3.8     657     0   0   0   0      21.850   -60.430
0468  233.52   905.2     22.00    100.0     650   176    54.75     -3.50     54.64    10    -3.9     650     0   0   0   0      21.850   -60.430
0469  234.02   906.0     22.02    100.0     642   176    54.71     -3.57     54.59    10    -3.9     642     0   0   0   0      21.850   -60.430
0470  234.52   906.7     22.05    100.0     635   176    54.70     -3.62     54.58     9    -4.0     635     0   0   0   0      21.851   -60.430
0471  235.02   907.5     22.08    100.0     628   176    54.73     -3.66     54.61    11    -4.1     628     0   0   0   0      21.851   -60.430
0472  235.52   908.2     22.11    100.0     621   176    54.78     -3.69     54.66    11    -4.2     621     0   0   0   0      21.851   -60.430
0473  236.02   909.0     22.14    100.0     614   176    54.84     -3.70     54.71    11    -4.2     614     0   0   0   0      21.851   -60.430
0474  236.52   909.7     22.17    100.0     606   176    54.88     -3.71     54.75    11    -4.3     606     0   0   0   0      21.852   -60.430
0475  237.02   910.5     22.20    100.0     599   176    54.90     -3.74     54.78    11    -4.3     599     0   0   0   0      21.852   -60.430
0476  237.52   911.3     22.23    100.0     592   176    54.90     -3.79     54.77    11    -4.3     592     0   0   0   0      21.852   -60.430
0477  238.02   912.0     22.26    100.0     584   176    54.88     -3.87     54.74    11    -4.3     584     0   0   0   0      21.852   -60.430
0478  238.52   912.8     22.29    100.0     577   176    54.85     -3.97     54.70    11    -4.3     577     0   0   0   0      21.853   -60.430
0479  239.02   913.6     22.32    100.0     570   176    54.81     -4.10     54.65    11    -4.4     570     0   0   0   0      21.853   -60.430
0480  239.52   914.3     22.35    100.0     562   176    54.76     -4.24     54.59    11    -4.4     562     0   0   0   0      21.853   -60.430
0481  240.02   915.1     22.38    100.0     555   175    54.69     -4.38     54.52    11    -4.4     555     0   0   0   0      21.853   -60.430
0482  240.52   915.8     22.41    100.0     548   175    54.61     -4.54     54.42    11    -4.4     548     0   0   0   0      21.854   -60.430
0483  241.02   916.6     22.44    100.0     540   175    54.51     -4.70     54.31    11    -4.5     540     0   0   0   0      21.854   -60.430
0484  241.52   917.4     22.47    100.0     533   175    54.39     -4.86     54.17    11    -4.5     533     0   0   0   0      21.854   -60.430
0485  242.02   918.1     22.51    100.0     526   175    54.25     -5.02     54.02    11    -4.6     526     0   0   0   0      21.854   -60.430
0486  242.52   918.9     22.54    100.0     518   175    54.08     -5.17     53.84    11    -4.6     518     0   0   0   0      21.854   -60.430
0487  243.02   919.7     22.57    100.0     511   174    53.90     -5.31     53.63    11    -4.7     511     0   0   0   0      21.855   -60.431
0488  243.52   920.5     22.60    100.0     503   174    53.69     -5.46     53.41    11    -4.7     503     0   0   0   0      21.855   -60.431
0489  244.02   921.3     22.64    100.0     496   174    53.47     -5.61     53.18    11    -4.7     496     0   0   0   0      21.855   -60.431
0490  244.52   922.1     22.67    100.0     488   174    53.24     -5.76     52.93    11    -4.6     488     0   0   0   0      21.855   -60.431
0491  245.02   922.9     22.70    100.0     481   174    53.02     -5.92     52.68    11    -4.6     481     0   0   0   0      21.856   -60.431
0492  245.52   923.7     22.74    100.0     473   173    52.80     -6.09     52.45    11    -4.4     473     0   0   0   0      21.856   -60.431
0493  246.02   924.4     22.77    100.0     466   173    52.61     -6.27     52.24    11    -4.3     466     0   0   0   0      21.856   -60.431
0494  246.52   925.2     22.80    100.0     459   173    52.47     -6.46     52.07    10    -4.1     459     0   0   0   0      21.856   -60.431
0495  247.02   926.0     22.83    100.0     451   173    52.37     -6.65     51.95    11    -3.9     451     0   0   0   0      21.857   -60.431
0496  247.52   926.7     22.87    100.0     445   173    52.33     -6.82     51.89    11    -3.7     445     0   0   0   0      21.857   -60.431
0497  248.02   927.4     22.90    100.0     438   172    52.34     -6.96     51.88    11    -3.5     438     0   0   0   0      21.857   -60.431
0498  248.52   928.1     22.93    100.0     431   172    52.39     -7.08     51.91    11    -3.3     431     0   0   0   0      21.857   -60.431
0499  249.02   928.8     22.95    100.0     424   172    52.47     -7.17     51.97    10    -3.1     424     0   0   0   0      21.858   -60.431
0500  249.52   929.5     22.98    100.0     418   172    52.55     -7.25     52.05    11    -3.0     418     0   0   0   0      21.858   -60.431
0501  250.02   930.2     23.01    100.0     411   172    52.63     -7.32     52.12    11    -2.9     411     0   0   0   0      21.858   -60.431
0502  250.52   930.9     23.04    100.0     405   172    52.70     -7.38     52.18    11    -2.8     405     0   0   0   0      21.858   -60.431
0503  251.02   931.6     23.07    100.0     398   172    52.75     -7.41     52.22    11    -2.7     398     0   0   0   0      21.859   -60.431
0504  251.52   932.3     23.09    100.0     392   172    52.78     -7.43     52.25    11    -2.7     392     0   0   0   0      21.859   -60.431
0505  252.02   933.0     23.12    100.0     385   172    52.79     -7.44     52.27    11    -2.7     385     0   0   0   0      21.859   -60.431
0506  252.52   933.7     23.16    100.0     379   172    52.80     -7.44     52.27    11    -2.7     379     0   0   0   0      21.859   -60.431
0507  253.02   934.3     23.19     99.9     372   172    52.79     -7.45     52.27    11    -2.7     372     0   0   0   0      21.859   -60.431
0508  253.52   935.0     23.23     99.9     366   172    52.79     -7.45     52.27    11    -2.8     366     0   0   0   0      21.860   -60.431
0509  254.02   935.7     23.26     99.8     360   172    52.81     -7.47     52.28    11    -2.8     360     0   0   0   0      21.860   -60.431
0510  254.52   936.4     23.30     99.8     353   172    52.85     -7.49     52.32    10    -2.9     353     0   0   0   0      21.860   -60.431
0511  255.02   937.1     23.35     99.7     346   172    52.93     -7.52     52.39    11    -3.0     346     0   0   0   0      21.860   -60.431
0512  255.52   937.8     23.39     99.6     340   172    53.05     -7.57     52.50    10    -3.0     340     0   0   0   0      21.861   -60.431
0513  256.02   938.5     23.43     99.5     333   172    53.20     -7.63     52.65    11    -3.1     333     0   0   0   0      21.861   -60.431
0514  256.52   939.2     23.48     99.3     327   172    53.39     -7.70     52.83    11    -3.1     327     0   0   0   0      21.861   -60.431
0515  257.02   939.9     23.53     99.2     320   172    53.58     -7.80     53.01    11    -3.1     320     0   0   0   0      21.861   -60.431
0516  257.52   940.7     23.58     99.0     313   172    53.78     -7.93     53.19    11    -3.1     313     0   0   0   0      21.862   -60.431
0517  258.02   941.4     23.62     98.9     306   171    53.95     -8.09     53.34    11    -3.0     306     0   0   0   0      21.862   -60.431
0518  258.52   942.1     23.67     98.8     300   171    54.08     -8.28     53.44    11    -2.9     300     0   0   0   0      21.862   -60.432
0519  259.02   942.8     23.71     98.6     293   171    54.14     -8.53     53.47    10    -2.8     293     0   0   0   0      21.862   -60.432
0520  259.52   943.5     23.76     98.5     287   171    54.14     -8.84     53.41    10    -2.6     287     0   0   0   0      21.863   -60.432
0521  260.02   944.2     23.80     98.5     280   170    54.05     -9.24     53.26    10    -2.4     280     0   0   0   0      21.863   -60.432
0522  260.52   944.8     23.83     98.4     274   170    53.90     -9.73     53.01    11    -2.2     274     0   0   0   0      21.863   -60.432
0523  261.02   945.5     23.87     98.4     268   169    53.68    -10.34     52.67    10    -1.9     268     0   0   0   0      21.863   -60.432
0524  261.52   946.1     23.90     98.4     262   168    53.42    -11.05     52.27    11    -1.7     262     0   0   0   0      21.864   -60.432
0525  262.02   946.8     23.93     98.4     256   167    53.16    -11.84     51.82    11    -1.5     256     0   0   0   0      21.864   -60.432
0526  262.52   947.4     23.96     98.4     251   166    52.91    -12.68     51.37    11    -1.3     251     0   0   0   0      21.864   -60.432
0527  263.02   948.0     23.98     98.5     245   165    52.70    -13.53     50.93    11    -1.1     245     0   0   0   0      21.864   -60.432
0528  263.52   948.6     24.01     98.6     240   164    52.55    -14.36     50.54    11    -0.9     240     0   0   0   0      21.864   -60.432
0529  264.02   949.2     24.03     98.7     234   163    52.47    -15.14     50.24    10    -0.8     234     0   0   0   0      21.865   -60.432
0530  264.52   949.7     24.05     98.9     229   162    52.47    -15.83     50.03    11    -0.7     229     0   0   0   0      21.865   -60.432
0531  265.02   950.3     24.07     99.1     223   162    52.54    -16.42     49.90    11    -0.6     223     0   0   0   0      21.865   -60.432
0532  265.52   950.9     24.09     99.4     218   161    52.64    -16.91     49.85    10    -0.5     218     0   0   0   0      21.865   -60.432
0533  266.02   951.5     24.11     99.6     213   161    52.74    -17.30     49.83    11    -0.5     213     0   0   0   0      21.866   -60.432
0534  266.52   952.0     24.13     99.7     207   161    52.82    -17.58     49.81    10    -0.4     207     0   0   0   0      21.866   -60.432
0535  267.02   952.6     24.14     99.9     202   160    52.84    -17.77     49.77    11    -0.5     202     0   0   0   0      21.866   -60.432
0536  267.52   953.2     24.17    100.0     197   160    52.81    -17.86     49.70    11    -0.5     197     0   0   0   0      21.866   -60.433
0537  268.02   953.7     24.19    100.0     192   160    52.70    -17.84     49.59    11    -0.5     192     0   0   0   0      21.867   -60.433
0538  268.52   954.3     24.21    100.0     186   160    52.52    -17.74     49.43    11    -0.6     186     0   0   0   0      21.867   -60.433
0539  269.02   954.9     24.24    100.0     181   160    52.24    -17.58     49.20    10    -0.7     181     0   0   0   0      21.867   -60.433
0540  269.52   955.5     24.28    100.0     176   160    51.86    -17.36     48.87    11    -0.7     176     0   0   0   0      21.867   -60.433
0541  270.02   956.1     24.31    100.0     170   161    51.35    -17.11     48.42    11    -0.8     170     0   0   0   0      21.867   -60.433
0542  270.52   956.7     24.35    100.0     165   161    50.72    -16.84     47.84     9    -0.8     165     0   0   0   0      21.868   -60.433
0543  271.02   957.3     24.39    100.0     159   161    49.97    -16.58     47.14    11    -0.7     159     0   0   0   0      21.868   -60.433
0544  271.52   957.9     24.43    100.0     154   161    49.16    -16.32     46.37    10    -0.6     154     0   0   0   0      21.868   -60.433
0545  272.02   958.5     24.48    100.0     148   161    48.34    -16.07     45.59    11    -0.5     148     0   0   0   0      21.868   -60.433
0546  272.52   959.1     24.52    100.0     143   161    47.55    -15.82     44.84    11    -0.3     143     0   0   0   0      21.868   -60.433
0547  273.02   959.6     24.57    100.0     137   161    46.83    -15.60     44.16     9    -0.1     137     0   0   0   0      21.869   -60.433
0548  273.52   960.2     24.61    100.0     132   161    46.22    -15.41     43.58     7     0.1     132     0   0   0   0      21.869   -60.434
0549  274.02   960.7     24.65    100.0     128   160    45.74    -15.30     43.10    10     0.3     128     0   0   0   0      21.869   -60.434
0550  274.52   961.2     24.69    100.0     123   160    45.39    -15.34     42.72     9     0.4     123     0   0   0   0      21.869   -60.434
0551  275.02   961.7     24.73    100.0     118   160    45.17    -15.54     42.42    11     0.5     118     0   0   0   0      21.869   -60.434
0552  275.52   962.2     24.77    100.0     114   159    45.11    -15.93     42.21    10     0.5     114     0   0   0   0      21.870   -60.434
0553  276.02   962.7     24.80    100.0     109   159    45.18    -16.47     42.07     7     0.5     109     0   0   0   0      21.870   -60.434
0554  276.52   963.2     24.84    100.0     104   158    45.31    -17.08     41.97     9     0.4     104     0   0   0   0      21.870   -60.434
0555  277.02   963.8     24.87    100.0      99   157    45.45    -17.67     41.88     8     0.3      99     0   0   0   0      21.870   -60.434
0556  277.52   964.3     24.91    100.0      94   156    45.55    -18.18     41.77     8     0.2      94     0   0   0   0      21.870   -60.434
0557  278.02   964.9     24.95    100.0      89   156    45.57    -18.53     41.63     9     0.2      89     0   0   0   0      21.871   -60.434
0558  278.52   965.4     24.99    100.0      84   156    45.47    -18.71     41.44     9     0.1      84     0   0   0   0      21.871   -60.434
0559  279.02   966.0     25.03    100.0      79   156    45.23    -18.71     41.18     9     0.1      79     0   0   0   0      21.871   -60.434
0560  279.52   966.5     25.07    100.0      74   156    44.87    -18.58     40.84    10     0.1      74     0   0   0   0      21.871   -60.435
0561  280.02   967.1     25.11    100.0      69   156    44.39    -18.35     40.41    10     0.2      69     0   0   0   0      21.871   -60.435
0562  280.52   967.6     25.15    100.0      64   156    43.82    -18.08     39.92     9     0.2      64     0   0   0   0      21.872   -60.435
0563  281.02   968.1     25.20     99.9      60  -999  -999.00   -999.00   -999.00     0     0.3      60     0   0   0   0    -999.000  -999.000
0564  281.52   968.6     25.24     99.9      55   156    42.50    -17.40     38.77     7     0.4      55     0   0   0   0      21.872   -60.435
0565  282.02   969.2     25.28     99.9      50  -999  -999.00   -999.00   -999.00     0     0.5      50     0   0   0   0    -999.000  -999.000
0566  282.52   969.7     25.32     99.9      45   156    40.94    -16.52     37.46     7     0.6      45     0   0   0   0      21.872   -60.435
0567  283.02   970.2     25.36     99.9      40  -999  -999.00   -999.00   -999.00     0     0.7      40     0   0   0   0    -999.000  -999.000
0568  283.52   970.7     25.40     99.8      36   157    39.12    -15.48     35.93     6     0.7      36     0   0   0   0      21.873   -60.435
0569  284.02   971.2     25.45     99.8      31   157    38.17    -14.69     35.23     8     0.8      31     0   0   0   0      21.873   -60.435
0570  284.52   971.7     25.49     99.7      26   158    37.47    -13.74     34.86     8     0.9      26     0   0   0   0      21.873   -60.435
0571  285.02   972.3     25.54     99.6      22  -999  -999.00   -999.00   -999.00     0     1.0      22     0   0   0   0    -999.000  -999.000
0572  285.52   972.7     25.59     99.5      17   161    36.73    -12.24     34.63     8     1.1      17     0   0   0   0      21.873   -60.435
0573  286.02   973.2     25.64     99.3      13   160    36.31    -12.20     34.20    10     1.2      13     0   0   0   0      21.873   -60.436
0574  286.52   973.7     25.69     99.2       9   160    35.82    -12.42     33.59     8     1.2       9     0   0   0   0      21.874   -60.436
0575  287.02   974.1     25.74     99.0       5  -999  -999.00   -999.00   -999.00     0     1.2       5     0   0   0   0    -999.000  -999.000
0576  287.56   974.6     25.74     99.0       0  -999  -999.00   -999.00   -999.00  -999  -999.0       0     0   0   0   0    -999.000  -999.000
