 ===========================================================================
 DROPWINDSONDE PROCESSING RECORD                            Sonde: 012025072
 FRD file written by Aspen V3.4.8, 03 Jul 2023 15:56 UTC
 Aircraft: WP-3D, N43RF                      Date: 050923   Time: 184421 UTC
 ---------------------------------------------------------------------------
 Bias corrections:  PR =   0.0 mb  TE =   0.0 C  RH =   0.0 %  PRB =  0.0 mb
 Filters (LPF):     PTH = 
 Dyn RH correction = 
 Estimated PR used = 
 Dyn T correction  = 
 ---------------------------------------------------------------------------
 COMMENT: none, Weak Telemetry
 ===========================================================================

 ===========================================================================
 Date: 050923   Lat:  26.63 N   TA:   12.8 C   PS:  696.3 mb   WD:   210 deg
 Time: 184421   Lon:  90.94 W   TD:   12.8 C   GA:   3069 m    WS:  32.6 m/s
 SID:  012025072                RH:  108.1 %   Navaid:   GP
 ===========================================================================

IX      t (s)  P (mb)    T (C)    RH (%)  Z (m)   WD    WS (m/s)   U (m/s)   V (m/s)  NS  WZ (m/s)  ZW (m)   FP  FT  FH  FW    LAT (N)   LON (E)
0001    0.34  -999.0   -999.00   -999.0    -999  -999  -999.00   -999.00   -999.00     0  -999.0    -999     0   0   0   0    -999.000  -999.000
0002    0.84  -999.0   -999.00   -999.0    -999  -999  -999.00   -999.00   -999.00     0  -999.0    -999     0   0   0   0    -999.000  -999.000
0003    1.34  -999.0   -999.00   -999.0    -999  -999  -999.00   -999.00   -999.00     0  -999.0    -999     0   0   0   0    -999.000  -999.000
0004    1.84  -999.0   -999.00   -999.0    -999  -999  -999.00   -999.00   -999.00     0  -999.0    -999     0   0   0   0    -999.000  -999.000
0005    2.34  -999.0   -999.00   -999.0    -999  -999  -999.00   -999.00   -999.00     0  -999.0    -999     0   0   0   0    -999.000  -999.000
0006    2.84  -999.0   -999.00   -999.0    -999  -999  -999.00   -999.00   -999.00     0  -999.0    -999     0   0   0   0    -999.000  -999.000
0007    3.34  -999.0   -999.00   -999.0    -999  -999  -999.00   -999.00   -999.00     0  -999.0    -999     0   0   0   0    -999.000  -999.000
0008    3.84  -999.0   -999.00   -999.0    -999  -999  -999.00   -999.00   -999.00     0  -999.0    -999     0   0   0   0    -999.000  -999.000
0009    4.34  -999.0   -999.00   -999.0    -999  -999  -999.00   -999.00   -999.00     0  -999.0    -999     0   0   0   0    -999.000  -999.000
0010    4.84  -999.0   -999.00   -999.0    -999  -999  -999.00   -999.00   -999.00     0  -999.0    -999     0   0   0   0    -999.000  -999.000
0011    5.34  -999.0   -999.00   -999.0    -999  -999  -999.00   -999.00   -999.00     0  -999.0    -999     0   0   0   0    -999.000  -999.000
0012    5.84  -999.0   -999.00   -999.0    -999  -999  -999.00   -999.00   -999.00     0  -999.0    -999     0   0   0   0    -999.000  -999.000
0013    6.34  -999.0   -999.00   -999.0    -999  -999  -999.00   -999.00   -999.00     0  -999.0    -999     0   0   0   0    -999.000  -999.000
0014    6.84  -999.0   -999.00   -999.0    -999  -999  -999.00   -999.00   -999.00     0  -999.0    -999     0   0   0   0    -999.000  -999.000
0015    7.34  -999.0   -999.00   -999.0    -999  -999  -999.00   -999.00   -999.00     0  -999.0    -999     0   0   0   0    -999.000  -999.000
0016    7.84  -999.0   -999.00   -999.0    -999  -999  -999.00   -999.00   -999.00     0  -999.0    -999     0   0   0   0    -999.000  -999.000
0017    8.34  -999.0   -999.00   -999.0    -999  -999  -999.00   -999.00   -999.00     0  -999.0    -999     0   0   0   0    -999.000  -999.000
0018    8.84  -999.0   -999.00   -999.0    -999  -999  -999.00   -999.00   -999.00     0  -999.0    -999     0   0   0   0    -999.000  -999.000
0019    9.34  -999.0   -999.00   -999.0    -999  -999  -999.00   -999.00   -999.00     0  -999.0    -999     0   0   0   0    -999.000  -999.000
0020    9.84  -999.0   -999.00   -999.0    -999  -999  -999.00   -999.00   -999.00     0  -999.0    -999     0   0   0   0    -999.000  -999.000
0021   10.34  -999.0   -999.00   -999.0    -999  -999  -999.00   -999.00   -999.00     0  -999.0    -999     0   0   0   0    -999.000  -999.000
0022   10.84  -999.0   -999.00   -999.0    -999  -999  -999.00   -999.00   -999.00     0  -999.0    -999     0   0   0   0    -999.000  -999.000
0023   11.34  -999.0   -999.00   -999.0    -999  -999  -999.00   -999.00   -999.00     0  -999.0    -999     0   0   0   0    -999.000  -999.000
0024   11.84  -999.0   -999.00   -999.0    -999  -999  -999.00   -999.00   -999.00     0  -999.0    -999     0   0   0   0    -999.000  -999.000
0025   12.34  -999.0   -999.00   -999.0    -999  -999  -999.00   -999.00   -999.00     0  -999.0    -999     0   0   0   0    -999.000  -999.000
0026   12.84  -999.0   -999.00   -999.0    -999  -999  -999.00   -999.00   -999.00     0  -999.0    -999     0   0   0   0    -999.000  -999.000
0027   13.34  -999.0   -999.00   -999.0    -999  -999  -999.00   -999.00   -999.00     0  -999.0    -999     0   0   0   0    -999.000  -999.000
0028   13.84   704.8     13.85   -999.0    2966  -999  -999.00   -999.00   -999.00     0     5.0    2966     0   0   0   0    -999.000  -999.000
0029   14.34   705.1     13.89   -999.0    2963  -999  -999.00   -999.00   -999.00     0     5.1    2963     0   0   0   0    -999.000  -999.000
0030   14.84   705.4     13.92   -999.0    2959  -999  -999.00   -999.00   -999.00     0     5.1    2959     0   0   0   0    -999.000  -999.000
0031   15.34   705.6     13.96   -999.0    2956  -999  -999.00   -999.00   -999.00     0     5.2    2956     0   0   0   0    -999.000  -999.000
0032   15.84   705.9     14.00   -999.0    2953  -999  -999.00   -999.00   -999.00     0     5.2    2953     0   0   0   0    -999.000  -999.000
0033   16.34   706.1     14.03   -999.0    2950  -999  -999.00   -999.00   -999.00     0     5.3    2950     0   0   0   0    -999.000  -999.000
0034   16.84   706.4     14.07   -999.0    2947  -999  -999.00   -999.00   -999.00     0     5.3    2947     0   0   0   0    -999.000  -999.000
0035   17.34   706.7     14.09   -999.0    2944  -999  -999.00   -999.00   -999.00     0     5.4    2944     0   0   0   0    -999.000  -999.000
0036   17.84   706.9     14.12   -999.0    2941  -999  -999.00   -999.00   -999.00     0     5.5    2941     0   0   0   0    -999.000  -999.000
0037   18.34   707.2     14.14   -999.0    2938  -999  -999.00   -999.00   -999.00     0     5.6    2938     0   0   0   0    -999.000  -999.000
0038   18.84   707.4     14.15   -999.0    2935  -999  -999.00   -999.00   -999.00     0     5.7    2935     0   0   0   0    -999.000  -999.000
0039   19.34   707.7     14.16   -999.0    2932  -999  -999.00   -999.00   -999.00     0     5.8    2932     0   0   0   0    -999.000  -999.000
0040   19.84   707.9     14.17   -999.0    2929  -999  -999.00   -999.00   -999.00     0     5.9    2929     0   0   0   0    -999.000  -999.000
0041   20.34   708.1     14.18   -999.0    2926  -999  -999.00   -999.00   -999.00     0     6.0    2926     0   0   0   0    -999.000  -999.000
0042   20.84   708.4     14.18   -999.0    2923  -999  -999.00   -999.00   -999.00     0     6.0    2923     0   0   0   0    -999.000  -999.000
0043   21.34   708.6     14.18   -999.0    2921  -999  -999.00   -999.00   -999.00     0     6.1    2921     0   0   0   0    -999.000  -999.000
0044   21.84   708.8     14.19   -999.0    2918  -999  -999.00   -999.00   -999.00     0     6.1    2918     0   0   0   0    -999.000  -999.000
0045   22.34   709.0     14.20   -999.0    2915  -999  -999.00   -999.00   -999.00     0     6.0    2915     0   0   0   0    -999.000  -999.000
0046   22.84   709.3     14.20   -999.0    2912  -999  -999.00   -999.00   -999.00     0     6.0    2912     0   0   0   0    -999.000  -999.000
0047   23.34   709.5     14.21   -999.0    2910  -999  -999.00   -999.00   -999.00     4     5.9    2910     0   0   0   0    -999.000  -999.000
0048   23.84   709.7     14.22   -999.0    2907  -999  -999.00   -999.00   -999.00     0     5.8    2907     0   0   0   0    -999.000  -999.000
0049   24.34   710.0     14.23   -999.0    2904  -999  -999.00   -999.00   -999.00     4     5.7    2904     0   0   0   0    -999.000  -999.000
0050   24.84   710.2     14.23   -999.0    2901  -999  -999.00   -999.00   -999.00     4     5.5    2901     0   0   0   0    -999.000  -999.000
0051   25.34   710.5     14.23   -999.0    2898  -999  -999.00   -999.00   -999.00     5     5.4    2898     0   0   0   0    -999.000  -999.000
0052   25.84   710.7     14.23   -999.0    2895  -999  -999.00   -999.00   -999.00     5     5.3    2895     0   0   0   0    -999.000  -999.000
0053   26.34   711.0     14.22   -999.0    2892  -999  -999.00   -999.00   -999.00     4     5.3    2892     0   0   0   0    -999.000  -999.000
0054   26.84   711.3     14.21    100.0    2888  -999  -999.00   -999.00   -999.00     0     5.2    2888     0   0   0   0    -999.000  -999.000
0055   27.34   711.5     14.20    100.0    2885  -999  -999.00   -999.00   -999.00     5     5.2    2885     0   0   0   0    -999.000  -999.000
0056   27.84   711.8     14.18    100.0    2882  -999  -999.00   -999.00   -999.00     0     5.2    2882     0   0   0   0    -999.000  -999.000
0057   28.34   712.1     14.16    100.0    2879  -999  -999.00   -999.00   -999.00     0     5.2    2879     0   0   0   0    -999.000  -999.000
0058   28.84   712.3     14.13    100.0    2876  -999  -999.00   -999.00   -999.00     0     5.3    2876     0   0   0   0    -999.000  -999.000
0059   29.34   712.6     14.11    100.0    2873  -999  -999.00   -999.00   -999.00     0     5.3    2873     0   0   0   0    -999.000  -999.000
0060   29.84   712.8     14.08    100.0    2870  -999  -999.00   -999.00   -999.00     0     5.3    2870     0   0   0   0    -999.000  -999.000
0061   30.34   713.1     14.05    100.0    2867  -999  -999.00   -999.00   -999.00     5     5.4    2867     0   0   0   0    -999.000  -999.000
0062   30.84  -999.0   -999.00   -999.0    -999  -999  -999.00   -999.00   -999.00     0  -999.0    -999     0   0   0   0    -999.000  -999.000
0063   31.34   713.6     13.98    100.0    2861  -999  -999.00   -999.00   -999.00     5     5.6    2861     0   0   0   0    -999.000  -999.000
0064   31.84   713.9     13.94    100.0    2858  -999  -999.00   -999.00   -999.00     4     5.7    2858     0   0   0   0    -999.000  -999.000
0065   32.34   714.1     13.91    100.0    2855  -999  -999.00   -999.00   -999.00     5     5.8    2855     0   0   0   0    -999.000  -999.000
0066   32.84   714.3     13.87    100.0    2852  -999  -999.00   -999.00   -999.00     5     6.0    2852     0   0   0   0    -999.000  -999.000
0067   33.34  -999.0   -999.00   -999.0    -999  -999  -999.00   -999.00   -999.00     0  -999.0    -999     0   0   0   0    -999.000  -999.000
0068   33.84   714.8     13.82    100.0    2847  -999  -999.00   -999.00   -999.00     0     6.3    2847     0   0   0   0    -999.000  -999.000
0069   34.34   715.0     13.80    100.0    2844  -999  -999.00   -999.00   -999.00     4     6.5    2844     0   0   0   0    -999.000  -999.000
0070   34.84   715.2     13.79    100.0    2842  -999  -999.00   -999.00   -999.00     4     6.6    2842     0   0   0   0    -999.000  -999.000
0071   35.34   715.4     13.78    100.0    2839  -999  -999.00   -999.00   -999.00     0     6.6    2839     0   0   0   0    -999.000  -999.000
0072   35.84   715.6     13.79    100.0    2837  -999  -999.00   -999.00   -999.00     0     6.7    2837     0   0   0   0    -999.000  -999.000
0073   36.34   715.8     13.79    100.0    2835  -999  -999.00   -999.00   -999.00     5     6.7    2835     0   0   0   0    -999.000  -999.000
0074   36.84   716.0     13.80    100.0    2832  -999  -999.00   -999.00   -999.00     0     6.6    2832     0   0   0   0    -999.000  -999.000
0075   37.34   716.2     13.82    100.0    2830  -999  -999.00   -999.00   -999.00     0     6.5    2830     0   0   0   0    -999.000  -999.000
0076   37.84   716.4     13.85    100.0    2827  -999  -999.00   -999.00   -999.00     5     6.4    2827     0   0   0   0    -999.000  -999.000
0077   38.34   716.6     13.88    100.0    2825  -999  -999.00   -999.00   -999.00     0     6.3    2825     0   0   0   0    -999.000  -999.000
0078   38.84  -999.0   -999.00   -999.0    -999  -999  -999.00   -999.00   -999.00     5  -999.0    -999     0   0   0   0    -999.000  -999.000
0079   39.34   717.1     13.98    100.0    2819  -999  -999.00   -999.00   -999.00     5     5.9    2819     0   0   0   0    -999.000  -999.000
0080   39.84   717.3     14.04    100.0    2816  -999  -999.00   -999.00   -999.00     0     5.8    2816     0   0   0   0    -999.000  -999.000
0081   40.34   717.6     14.12    100.0    2814  -999  -999.00   -999.00   -999.00     0     5.6    2814     0   0   0   0    -999.000  -999.000
0082   40.84   717.8     14.20    100.0    2811  -999  -999.00   -999.00   -999.00     0     5.5    2811     0   0   0   0    -999.000  -999.000
0083   41.34   718.1     14.28    100.0    2808  -999  -999.00   -999.00   -999.00     5     5.3    2808     0   0   0   0    -999.000  -999.000
0084   41.84   718.4     14.36    100.0    2804  -999  -999.00   -999.00   -999.00     5     5.2    2804     0   0   0   0    -999.000  -999.000
0085   42.34   718.6     14.42    100.0    2801  -999  -999.00   -999.00   -999.00     0     5.1    2801     0   0   0   0    -999.000  -999.000
0086   42.84   718.9     14.47    100.0    2798  -999  -999.00   -999.00   -999.00     0     5.1    2798     0   0   0   0    -999.000  -999.000
0087   43.34   719.2     14.49   -999.0    2795  -999  -999.00   -999.00   -999.00     0     5.0    2795     0   0   0   0    -999.000  -999.000
0088   43.84   719.5     14.50   -999.0    2792  -999  -999.00   -999.00   -999.00     5     4.9    2792     0   0   0   0    -999.000  -999.000
0089   44.34   719.7     14.50   -999.0    2788  -999  -999.00   -999.00   -999.00     5     4.8    2788     0   0   0   0    -999.000  -999.000
0090   44.84   720.0     14.50   -999.0    2785  -999  -999.00   -999.00   -999.00     0     4.7    2785     0   0   0   0    -999.000  -999.000
0091   45.34   720.3     14.51    100.0    2782  -999  -999.00   -999.00   -999.00     5     4.6    2782     0   0   0   0    -999.000  -999.000
0092   45.84   720.6     14.51    100.0    2778  -999  -999.00   -999.00   -999.00     5     4.5    2778     0   0   0   0    -999.000  -999.000
0093   46.34   720.9     14.52    100.0    2775  -999  -999.00   -999.00   -999.00     5     4.3    2775     0   0   0   0    -999.000  -999.000
0094   46.84   721.2     14.53    100.0    2771  -999  -999.00   -999.00   -999.00     0     4.1    2771     0   0   0   0    -999.000  -999.000
0095   47.34   721.5     14.53    100.0    2768  -999  -999.00   -999.00   -999.00     5     3.8    2768     0   0   0   0    -999.000  -999.000
0096   47.84  -999.0   -999.00   -999.0    -999  -999  -999.00   -999.00   -999.00     0  -999.0    -999     0   0   0   0    -999.000  -999.000
0097   48.34   722.2     14.52    100.0    2760  -999  -999.00   -999.00   -999.00     5     3.4    2760     0   0   0   0    -999.000  -999.000
0098   48.84   722.5     14.51    100.0    2756  -999  -999.00   -999.00   -999.00     5     3.1    2756     0   0   0   0    -999.000  -999.000
0099   49.34   722.9     14.49    100.0    2751  -999  -999.00   -999.00   -999.00     0     2.9    2751     0   0   0   0    -999.000  -999.000
0100   49.84   723.2     14.46    100.0    2747  -999  -999.00   -999.00   -999.00     5     2.8    2747     0   0   0   0    -999.000  -999.000
0101   50.34   723.6     14.42   -999.0    2743  -999  -999.00   -999.00   -999.00     0     2.8    2743     0   0   0   0    -999.000  -999.000
0102   50.84   724.0     14.39   -999.0    2738   204    30.75     12.32     28.17     6     2.8    2738     0   0   0   0      26.644   -90.928
0103   51.34   724.4     14.35   -999.0    2734  -999  -999.00   -999.00   -999.00     0     2.9    2734     0   0   0   0    -999.000  -999.000
0104   51.84   724.7     14.32   -999.0    2729  -999  -999.00   -999.00   -999.00     0     3.1    2729     0   0   0   0    -999.000  -999.000
0105   52.34   725.1     14.29   -999.0    2725  -999  -999.00   -999.00   -999.00     0     3.2    2725     0   0   0   0    -999.000  -999.000
0106   52.84  -999.0   -999.00   -999.0    -999   204    28.42     11.68     25.91     6  -999.0    -999     0   0   0   0      26.644   -90.928
0107   53.34  -999.0   -999.00   -999.0    -999  -999  -999.00   -999.00   -999.00     0  -999.0    -999     0   0   0   0    -999.000  -999.000
0108   53.84   726.1     14.30   -999.0    2713  -999  -999.00   -999.00   -999.00     0     3.7    2713     0   0   0   0    -999.000  -999.000
0109   54.34  -999.0   -999.00   -999.0    -999  -999  -999.00   -999.00   -999.00     0  -999.0    -999     0   0   0   0    -999.000  -999.000
0110   54.84  -999.0   -999.00   -999.0    -999  -999  -999.00   -999.00   -999.00     0  -999.0    -999     0   0   0   0    -999.000  -999.000
0111   55.34   727.0     14.42   -999.0    2703  -999  -999.00   -999.00   -999.00     0     3.9    2703     0   0   0   0    -999.000  -999.000
0112   55.84  -999.0   -999.00   -999.0    -999  -999  -999.00   -999.00   -999.00     0  -999.0    -999     0   0   0   0    -999.000  -999.000
0113   56.34  -999.0   -999.00   -999.0    -999  -999  -999.00   -999.00   -999.00     0  -999.0    -999     0   0   0   0    -999.000  -999.000
0114   56.84   728.0     14.58   -999.0    2692  -999  -999.00   -999.00   -999.00     0     3.8    2692     0   0   0   0    -999.000  -999.000
0115   57.34  -999.0   -999.00   -999.0    -999  -999  -999.00   -999.00   -999.00     0  -999.0    -999     0   0   0   0    -999.000  -999.000
0116   57.84   728.6     14.66   -999.0    2684   209    30.66     14.90     26.80     6     3.7    2684     0   0   0   0      26.646   -90.927
0117   58.34  -999.0   -999.00   -999.0    -999  -999  -999.00   -999.00   -999.00     0  -999.0    -999     0   0   0   0    -999.000  -999.000
0118   58.84  -999.0   -999.00   -999.0    -999  -999  -999.00   -999.00   -999.00     0  -999.0    -999     0   0   0   0    -999.000  -999.000
0119   59.34   729.7     14.68   -999.0    2672  -999  -999.00   -999.00   -999.00     0     3.7    2672     0   0   0   0    -999.000  -999.000
0120   59.84   730.0     14.68   -999.0    2668  -999  -999.00   -999.00   -999.00     0     3.8    2668     0   0   0   0    -999.000  -999.000
0121   60.34   730.3     14.68   -999.0    2664  -999  -999.00   -999.00   -999.00     0     3.9    2664     0   0   0   0    -999.000  -999.000
0122   60.84   730.6     14.68   -999.0    2661   211    26.50     13.75     22.65     6     4.0    2661     0   0   0   0      26.646   -90.927
0123   61.34   730.9     14.69   -999.0    2657  -999  -999.00   -999.00   -999.00     0     4.1    2657     0   0   0   0    -999.000  -999.000
0124   61.84   731.2     14.71   -999.0    2654  -999  -999.00   -999.00   -999.00     0     4.3    2654     0   0   0   0    -999.000  -999.000
0125   62.34   731.5     14.74   -999.0    2650  -999  -999.00   -999.00   -999.00     0     4.4    2650     0   0   0   0    -999.000  -999.000
0126   62.84   731.8     14.77   -999.0    2647  -999  -999.00   -999.00   -999.00     0     4.5    2647     0   0   0   0    -999.000  -999.000
0127   63.34  -999.0   -999.00   -999.0    -999  -999  -999.00   -999.00   -999.00     0  -999.0    -999     0   0   0   0    -999.000  -999.000
0128   63.84   732.4     14.86   -999.0    2640  -999  -999.00   -999.00   -999.00     0     4.8    2640     0   0   0   0    -999.000  -999.000
0129   64.34   732.7     14.90   -999.0    2636  -999  -999.00   -999.00   -999.00     0     4.9    2636     0   0   0   0    -999.000  -999.000
0130   64.84  -999.0   -999.00   -999.0    -999  -999  -999.00   -999.00   -999.00     0  -999.0    -999     0   0   0   0    -999.000  -999.000
0131   65.34   733.3     14.97   -999.0    2630  -999  -999.00   -999.00   -999.00     5     5.1    2630     0   0   0   0    -999.000  -999.000
0132   65.84   733.5     15.01   -999.0    2627  -999  -999.00   -999.00   -999.00     5     5.1    2627     0   0   0   0    -999.000  -999.000
0133   66.34   733.8     15.05   -999.0    2624  -999  -999.00   -999.00   -999.00     0     5.1    2624     0   0   0   0    -999.000  -999.000
0134   66.84   734.1     15.09   -999.0    2621  -999  -999.00   -999.00   -999.00     0     5.1    2621     0   0   0   0    -999.000  -999.000
0135   67.34  -999.0   -999.00   -999.0    -999  -999  -999.00   -999.00   -999.00     0  -999.0    -999     0   0   0   0    -999.000  -999.000
0136   67.84  -999.0   -999.00   -999.0    -999  -999  -999.00   -999.00   -999.00     0  -999.0    -999     0   0   0   0    -999.000  -999.000
0137   68.34  -999.0   -999.00   -999.0    -999  -999  -999.00   -999.00   -999.00     0  -999.0    -999     0   0   0   0    -999.000  -999.000
0138   68.84  -999.0   -999.00   -999.0    -999  -999  -999.00   -999.00   -999.00     0  -999.0    -999     0   0   0   0    -999.000  -999.000
0139   69.34   735.4     15.28   -999.0    2605  -999  -999.00   -999.00   -999.00     4     4.4    2605     0   0   0   0    -999.000  -999.000
0140   69.84   735.8     15.31   -999.0    2601  -999  -999.00   -999.00   -999.00     4     4.2    2601     0   0   0   0    -999.000  -999.000
0141   70.34   736.1     15.33   -999.0    2597  -999  -999.00   -999.00   -999.00     4     3.9    2597     0   0   0   0    -999.000  -999.000
0142   70.84   736.4     15.34   -999.0    2594  -999  -999.00   -999.00   -999.00     0     3.7    2594     0   0   0   0    -999.000  -999.000
0143   71.34   736.7     15.35   -999.0    2590  -999  -999.00   -999.00   -999.00     0     3.4    2590     0   0   0   0    -999.000  -999.000
0144   71.84   737.1     15.35   -999.0    2586  -999  -999.00   -999.00   -999.00     4     3.1    2586     0   0   0   0    -999.000  -999.000
0145   72.34  -999.0   -999.00   -999.0    -999  -999  -999.00   -999.00   -999.00     0  -999.0    -999     0   0   0   0    -999.000  -999.000
0146   72.84   737.8     15.35   -999.0    2577  -999  -999.00   -999.00   -999.00     0     2.6    2577     0   0   0   0    -999.000  -999.000
0147   73.34  -999.0   -999.00   -999.0    -999  -999  -999.00   -999.00   -999.00     0  -999.0    -999     0   0   0   0    -999.000  -999.000
0148   73.84   738.6     15.34   -999.0    2568  -999  -999.00   -999.00   -999.00     4     2.1    2568     0   0   0   0    -999.000  -999.000
0149   74.34   739.0     15.35   -999.0    2563  -999  -999.00   -999.00   -999.00     5     1.8    2563     0   0   0   0    -999.000  -999.000
0150   74.84  -999.0   -999.00   -999.0    -999  -999  -999.00   -999.00   -999.00     0  -999.0    -999     0   0   0   0    -999.000  -999.000
0151   75.34   739.9     15.36   -999.0    2554  -999  -999.00   -999.00   -999.00     0     1.2    2554     0   0   0   0    -999.000  -999.000
0152   75.84   740.3     15.37   -999.0    2549  -999  -999.00   -999.00   -999.00     4     0.8    2549     0   0   0   0    -999.000  -999.000
0153   76.34   740.8     15.38   -999.0    2543  -999  -999.00   -999.00   -999.00     0     0.5    2543     0   0   0   0    -999.000  -999.000
0154   76.84  -999.0   -999.00   -999.0    -999  -999  -999.00   -999.00   -999.00     0  -999.0    -999     0   0   0   0    -999.000  -999.000
0155   77.34   741.7     15.43   -999.0    2532  -999  -999.00   -999.00   -999.00     0    -0.1    2532     0   0   0   0    -999.000  -999.000
0156   77.84  -999.0   -999.00   -999.0    -999  -999  -999.00   -999.00   -999.00     0  -999.0    -999     0   0   0   0    -999.000  -999.000
0157   78.34  -999.0   -999.00   -999.0    -999  -999  -999.00   -999.00   -999.00     0  -999.0    -999     0   0   0   0    -999.000  -999.000
0158   78.84   743.3     15.51   -999.0    2515  -999  -999.00   -999.00   -999.00     0    -0.8    2515     0   0   0   0    -999.000  -999.000
0159   79.34   743.8     15.54   -999.0    2508  -999  -999.00   -999.00   -999.00     0    -0.9    2508     0   0   0   0    -999.000  -999.000
0160   79.84  -999.0   -999.00   -999.0    -999  -999  -999.00   -999.00   -999.00     0  -999.0    -999     0   0   0   0    -999.000  -999.000
0161   80.34  -999.0   -999.00   -999.0    -999  -999  -999.00   -999.00   -999.00     0  -999.0    -999     0   0   0   0    -999.000  -999.000
0162   80.84  -999.0   -999.00   -999.0    -999  -999  -999.00   -999.00   -999.00     0  -999.0    -999     0   0   0   0    -999.000  -999.000
0163   81.34  -999.0   -999.00   -999.0    -999  -999  -999.00   -999.00   -999.00     0  -999.0    -999     0   0   0   0    -999.000  -999.000
0164   81.84   746.5     15.65   -999.0    2477  -999  -999.00   -999.00   -999.00     0    -0.4    2477     0   0   0   0    -999.000  -999.000
0165   82.34  -999.0   -999.00   -999.0    -999  -999  -999.00   -999.00   -999.00     0  -999.0    -999     0   0   0   0    -999.000  -999.000
0166   82.84  -999.0   -999.00   -999.0    -999  -999  -999.00   -999.00   -999.00     0  -999.0    -999     0   0   0   0    -999.000  -999.000
0167   83.34  -999.0   -999.00   -999.0    -999  -999  -999.00   -999.00   -999.00     0  -999.0    -999     0   0   0   0    -999.000  -999.000
0168   83.84   748.5     15.71   -999.0    2455  -999  -999.00   -999.00   -999.00     5     0.5    2455     0   0   0   0    -999.000  -999.000
0169   84.34   748.9     15.73   -999.0    2450  -999  -999.00   -999.00   -999.00     0     0.7    2450     0   0   0   0    -999.000  -999.000
0170   84.84   749.3     15.75   -999.0    2445  -999  -999.00   -999.00   -999.00     0     0.8    2445     0   0   0   0    -999.000  -999.000
0171   85.34   749.8     15.78   -999.0    2440  -999  -999.00   -999.00   -999.00     0     0.8    2440     0   0   0   0    -999.000  -999.000
0172   85.84   750.2     15.81   -999.0    2435  -999  -999.00   -999.00   -999.00     0     0.6    2435     0   0   0   0    -999.000  -999.000
0173   86.34   750.7     15.85   -999.0    2430  -999  -999.00   -999.00   -999.00     5     0.5    2430     0   0   0   0    -999.000  -999.000
0174   86.84  -999.0   -999.00   -999.0    -999  -999  -999.00   -999.00   -999.00     0  -999.0    -999     0   0   0   0    -999.000  -999.000
0175   87.34  -999.0   -999.00   -999.0    -999  -999  -999.00   -999.00   -999.00     0  -999.0    -999     0   0   0   0    -999.000  -999.000
0176   87.84   752.2     15.98   -999.0    2413  -999  -999.00   -999.00   -999.00     0    -0.1    2413     0   0   0   0    -999.000  -999.000
0177   88.34   752.7     16.03   -999.0    2407  -999  -999.00   -999.00   -999.00     0    -0.3    2407     0   0   0   0    -999.000  -999.000
0178   88.84   753.2     16.07   -999.0    2401  -999  -999.00   -999.00   -999.00     5    -0.5    2401     0   0   0   0    -999.000  -999.000
0179   89.34   753.7     16.10   -999.0    2395   207    30.48     13.94     27.11     6    -0.7    2395     0   0   0   0      26.653   -90.922
0180   89.84  -999.0   -999.00   -999.0    -999  -999  -999.00   -999.00   -999.00     0  -999.0    -999     0   0   0   0    -999.000  -999.000
0181   90.34   754.8     16.16   -999.0    2383  -999  -999.00   -999.00   -999.00     0    -0.9    2383     0   0   0   0    -999.000  -999.000
0182   90.84   755.3     16.19    100.0    2377  -999  -999.00   -999.00   -999.00     0    -0.9    2377     0   0   0   0    -999.000  -999.000
0183   91.34   755.9     16.22    100.0    2371  -999  -999.00   -999.00   -999.00     0    -1.0    2371     0   0   0   0    -999.000  -999.000
0184   91.84   756.4     16.24   -999.0    2365  -999  -999.00   -999.00   -999.00     0    -1.1    2365     0   0   0   0    -999.000  -999.000
0185   92.34   757.0     16.26   -999.0    2359  -999  -999.00   -999.00   -999.00     0    -1.1    2359     0   0   0   0    -999.000  -999.000
0186   92.84  -999.0   -999.00   -999.0    -999  -999  -999.00   -999.00   -999.00     0  -999.0    -999     0   0   0   0    -999.000  -999.000
0187   93.34   758.0     16.30   -999.0    2347  -999  -999.00   -999.00   -999.00     0    -1.2    2347     0   0   0   0    -999.000  -999.000
0188   93.84  -999.0   -999.00   -999.0    -999  -999  -999.00   -999.00   -999.00     0  -999.0    -999     0   0   0   0    -999.000  -999.000
0189   94.34  -999.0   -999.00   -999.0    -999  -999  -999.00   -999.00   -999.00     0  -999.0    -999     0   0   0   0    -999.000  -999.000
0190   94.84   759.7     16.34   -999.0    2328  -999  -999.00   -999.00   -999.00     0    -1.5    2328     0   0   0   0    -999.000  -999.000
0191   95.34   760.3     16.35   -999.0    2321  -999  -999.00   -999.00   -999.00     0    -1.6    2321     0   0   0   0    -999.000  -999.000
0192   95.84  -999.0   -999.00   -999.0    -999  -999  -999.00   -999.00   -999.00     0  -999.0    -999     0   0   0   0    -999.000  -999.000
0193   96.34  -999.0   -999.00   -999.0    -999  -999  -999.00   -999.00   -999.00     0  -999.0    -999     0   0   0   0    -999.000  -999.000
0194   96.84  -999.0   -999.00   -999.0    -999  -999  -999.00   -999.00   -999.00     0  -999.0    -999     0   0   0   0    -999.000  -999.000
0195   97.34  -999.0   -999.00   -999.0    -999  -999  -999.00   -999.00   -999.00     0  -999.0    -999     0   0   0   0    -999.000  -999.000
0196   97.84  -999.0   -999.00   -999.0    -999  -999  -999.00   -999.00   -999.00     0  -999.0    -999     0   0   0   0    -999.000  -999.000
0197   98.34  -999.0   -999.00   -999.0    -999  -999  -999.00   -999.00   -999.00     0  -999.0    -999     0   0   0   0    -999.000  -999.000
0198   98.84   764.4     16.31   -999.0    2275  -999  -999.00   -999.00   -999.00     0    -1.7    2275     0   0   0   0    -999.000  -999.000
0199   99.34   764.9     16.28   -999.0    2269  -999  -999.00   -999.00   -999.00     0    -1.7    2269     0   0   0   0    -999.000  -999.000
0200   99.84  -999.0   -999.00   -999.0    -999  -999  -999.00   -999.00   -999.00     0  -999.0    -999     0   0   0   0    -999.000  -999.000
0201  100.34   766.0     16.20   -999.0    2257  -999  -999.00   -999.00   -999.00     0    -1.7    2257     0   0   0   0    -999.000  -999.000
0202  100.84  -999.0   -999.00   -999.0    -999  -999  -999.00   -999.00   -999.00     0  -999.0    -999     0   0   0   0    -999.000  -999.000
0203  101.34  -999.0   -999.00   -999.0    -999  -999  -999.00   -999.00   -999.00     0  -999.0    -999     0   0   0   0    -999.000  -999.000
0204  101.84   767.8     16.01   -999.0    2238  -999  -999.00   -999.00   -999.00     0    -2.2    2238     0   0   0   0    -999.000  -999.000
0205  102.34   768.3     15.94   -999.0    2231  -999  -999.00   -999.00   -999.00     0    -2.5    2231     0   0   0   0    -999.000  -999.000
0206  102.84  -999.0   -999.00   -999.0    -999  -999  -999.00   -999.00   -999.00     0  -999.0    -999     0   0   0   0    -999.000  -999.000
0207  103.34   769.6     15.77   -999.0    2217  -999  -999.00   -999.00   -999.00     0    -3.1    2217     0   0   0   0    -999.000  -999.000
0208  103.84  -999.0   -999.00   -999.0    -999  -999  -999.00   -999.00   -999.00     0  -999.0    -999     0   0   0   0    -999.000  -999.000
0209  104.34   770.9     15.60   -999.0    2202   213    25.43     13.68     21.44     6    -3.6    2202     0   0   0   0      26.657   -90.920
0210  104.84  -999.0   -999.00   -999.0    -999  -999  -999.00   -999.00   -999.00     0  -999.0    -999     0   0   0   0    -999.000  -999.000
0211  105.34  -999.0   -999.00   -999.0    -999   213    25.45     14.03     21.23     6  -999.0    -999     0   0   0   0      26.657   -90.920
0212  105.84   773.0     15.41   -999.0    2179  -999  -999.00   -999.00   -999.00     0    -3.9    2179     0   0   0   0    -999.000  -999.000
0213  106.34  -999.0   -999.00   -999.0    -999   214    25.56     14.24     21.23     6  -999.0    -999     0   0   0   0      26.657   -90.920
0214  106.84   774.4     15.36   -999.0    2164  -999  -999.00   -999.00   -999.00     0    -3.7    2164     0   0   0   0    -999.000  -999.000
0215  107.34   775.0     15.36   -999.0    2157   214    25.71     14.36     21.33     6    -3.6    2157     0   0   0   0      26.657   -90.920
0216  107.84   775.7     15.37   -999.0    2150   214    25.72     14.42     21.30     6    -3.4    2150     0   0   0   0      26.657   -90.920
0217  108.34  -999.0   -999.00   -999.0    -999   214    25.66     14.44     21.21     6  -999.0    -999     0   0   0   0      26.657   -90.920
0218  108.84   777.0     15.45   -999.0    2136  -999  -999.00   -999.00   -999.00     0    -3.2    2136     0   0   0   0    -999.000  -999.000
0219  109.34   777.6     15.50   -999.0    2129   215    25.74     14.70     21.13     6    -3.2    2129     0   0   0   0      26.657   -90.919
0220  109.84   778.3     15.56   -999.0    2122  -999  -999.00   -999.00   -999.00     0    -3.2    2122     0   0   0   0    -999.000  -999.000
0221  110.34  -999.0   -999.00   -999.0    -999  -999  -999.00   -999.00   -999.00     5  -999.0    -999     0   0   0   0    -999.000  -999.000
0222  110.84   779.6     15.66   -999.0    2107  -999  -999.00   -999.00   -999.00     0    -3.4    2107     0   0   0   0    -999.000  -999.000
0223  111.34   780.2     15.71   -999.0    2100  -999  -999.00   -999.00   -999.00     0    -3.5    2100     0   0   0   0    -999.000  -999.000
0224  111.84  -999.0   -999.00   -999.0    -999  -999  -999.00   -999.00   -999.00     0  -999.0    -999     0   0   0   0    -999.000  -999.000
0225  112.34  -999.0   -999.00   -999.0    -999  -999  -999.00   -999.00   -999.00     0  -999.0    -999     0   0   0   0    -999.000  -999.000
0226  112.84   782.2     15.76   -999.0    2078  -999  -999.00   -999.00   -999.00     0    -4.2    2078     0   0   0   0    -999.000  -999.000
0227  113.34  -999.0   -999.00   -999.0    -999  -999  -999.00   -999.00   -999.00     0  -999.0    -999     0   0   0   0    -999.000  -999.000
0228  113.84  -999.0   -999.00   -999.0    -999  -999  -999.00   -999.00   -999.00     0  -999.0    -999     0   0   0   0    -999.000  -999.000
0229  114.34   784.4     15.76   -999.0    2055  -999  -999.00   -999.00   -999.00     0    -5.3    2055     0   0   0   0    -999.000  -999.000
0230  114.84  -999.0   -999.00   -999.0    -999  -999  -999.00   -999.00   -999.00     0  -999.0    -999     0   0   0   0    -999.000  -999.000
0231  115.34  -999.0   -999.00   -999.0    -999  -999  -999.00   -999.00   -999.00     0  -999.0    -999     0   0   0   0    -999.000  -999.000
0232  115.84  -999.0   -999.00   -999.0    -999  -999  -999.00   -999.00   -999.00     0  -999.0    -999     0   0   0   0    -999.000  -999.000
0233  116.34  -999.0   -999.00   -999.0    -999  -999  -999.00   -999.00   -999.00     0  -999.0    -999     0   0   0   0    -999.000  -999.000
0234  116.84   788.3     15.81    100.0    2012  -999  -999.00   -999.00   -999.00     0    -6.9    2012     0   0   0   0    -999.000  -999.000
0235  117.34   789.2     15.84    100.0    2003  -999  -999.00   -999.00   -999.00     6    -7.0    2003     0   0   0   0      26.659   -90.918
0236  117.84   790.1     15.87    100.0    1993  -999  -999.00   -999.00   -999.00     0    -7.0    1993     0   0   0   0    -999.000  -999.000
0237  118.34  -999.0   -999.00   -999.0    -999  -999  -999.00   -999.00   -999.00     0  -999.0    -999     0   0   0   0    -999.000  -999.000
0238  118.84  -999.0   -999.00   -999.0    -999  -999  -999.00   -999.00   -999.00     0  -999.0    -999     0   0   0   0    -999.000  -999.000
0239  119.34  -999.0   -999.00   -999.0    -999  -999  -999.00   -999.00   -999.00     0  -999.0    -999     0   0   0   0    -999.000  -999.000
0240  119.84  -999.0   -999.00   -999.0    -999  -999  -999.00   -999.00   -999.00     0  -999.0    -999     0   0   0   0    -999.000  -999.000
0241  120.34  -999.0   -999.00   -999.0    -999  -999  -999.00   -999.00   -999.00     0  -999.0    -999     0   0   0   0    -999.000  -999.000
0242  120.84  -999.0   -999.00   -999.0    -999  -999  -999.00   -999.00   -999.00     0  -999.0    -999     0   0   0   0    -999.000  -999.000
0243  121.34   795.7     16.39    100.0    1933  -999  -999.00   -999.00   -999.00     0    -3.7    1933     0   0   0   0    -999.000  -999.000
0244  121.84   796.3     16.48    100.0    1926  -999  -999.00   -999.00   -999.00     0    -3.0    1926     0   0   0   0    -999.000  -999.000
0245  122.34  -999.0   -999.00   -999.0    -999  -999  -999.00   -999.00   -999.00     0  -999.0    -999     0   0   0   0    -999.000  -999.000
0246  122.84  -999.0   -999.00   -999.0    -999  -999  -999.00   -999.00   -999.00     0  -999.0    -999     0   0   0   0    -999.000  -999.000
0247  123.34  -999.0   -999.00   -999.0    -999  -999  -999.00   -999.00   -999.00     0  -999.0    -999     0   0   0   0    -999.000  -999.000
0248  123.84   798.5     16.81    100.0    1902  -999  -999.00   -999.00   -999.00     0    -1.0    1902     0   0   0   0    -999.000  -999.000
0249  124.34   799.1     16.86    100.0    1896  -999  -999.00   -999.00   -999.00     4    -0.9    1896     0   0   0   0    -999.000  -999.000
0250  124.84  -999.0   -999.00   -999.0    -999  -999  -999.00   -999.00   -999.00     0  -999.0    -999     0   0   0   0    -999.000  -999.000
0251  125.34   800.2     16.93    100.0    1885  -999  -999.00   -999.00   -999.00     0    -1.1    1885     0   0   0   0    -999.000  -999.000
0252  125.84   800.7     16.94    100.0    1878   216    25.22     14.78     20.44     7    -1.2    1878     0   0   0   0      26.660   -90.917
0253  126.34   801.3     16.95    100.0    1872  -999  -999.00   -999.00   -999.00     0    -1.4    1872     0   0   0   0    -999.000  -999.000
0254  126.84   801.9     16.96    100.0    1866  -999  -999.00   -999.00   -999.00     0    -1.5    1866     0   0   0   0    -999.000  -999.000
0255  127.34  -999.0   -999.00   -999.0    -999  -999  -999.00   -999.00   -999.00     0  -999.0    -999     0   0   0   0    -999.000  -999.000
0256  127.84   803.1     17.00    100.0    1853   218    26.35     16.25     20.74     7    -1.7    1853     0   0   0   0      26.661   -90.917
0257  128.34  -999.0   -999.00   -999.0    -999  -999  -999.00   -999.00   -999.00     0  -999.0    -999     0   0   0   0    -999.000  -999.000
0258  128.84  -999.0   -999.00   -999.0    -999  -999  -999.00   -999.00   -999.00     0  -999.0    -999     0   0   0   0    -999.000  -999.000
0259  129.34  -999.0   -999.00   -999.0    -999  -999  -999.00   -999.00   -999.00     0  -999.0    -999     0   0   0   0    -999.000  -999.000
0260  129.84  -999.0   -999.00   -999.0    -999  -999  -999.00   -999.00   -999.00     0  -999.0    -999     0   0   0   0    -999.000  -999.000
0261  130.34  -999.0   -999.00   -999.0    -999  -999  -999.00   -999.00   -999.00     0  -999.0    -999     0   0   0   0    -999.000  -999.000
0262  130.84  -999.0   -999.00   -999.0    -999  -999  -999.00   -999.00   -999.00     0  -999.0    -999     0   0   0   0    -999.000  -999.000
0263  131.34  -999.0   -999.00   -999.0    -999  -999  -999.00   -999.00   -999.00     0  -999.0    -999     0   0   0   0    -999.000  -999.000
0264  131.84   807.8     17.42   -999.0    1803  -999  -999.00   -999.00   -999.00     0    -0.8    1803     0   0   0   0    -999.000  -999.000
0265  132.34   808.3     17.47   -999.0    1797  -999  -999.00   -999.00   -999.00     0    -0.6    1797     0   0   0   0    -999.000  -999.000
0266  132.84   808.9     17.51   -999.0    1792  -999  -999.00   -999.00   -999.00     0    -0.4    1792     0   0   0   0    -999.000  -999.000
0267  133.34   809.4     17.55   -999.0    1786  -999  -999.00   -999.00   -999.00     0    -0.2    1786     0   0   0   0    -999.000  -999.000
0268  133.84   809.9     17.59   -999.0    1781  -999  -999.00   -999.00   -999.00     0    -0.1    1781     0   0   0   0    -999.000  -999.000
0269  134.34  -999.0   -999.00   -999.0    -999  -999  -999.00   -999.00   -999.00     0  -999.0    -999     0   0   0   0    -999.000  -999.000
0270  134.84   810.9     17.67   -999.0    1770  -999  -999.00   -999.00   -999.00     0    -0.2    1770     0   0   0   0    -999.000  -999.000
0271  135.34   811.4     17.71   -999.0    1765   216    28.19     16.44     22.90     6    -0.4    1765     0   0   0   0      26.662   -90.916
0272  135.84   812.0     17.74   -999.0    1759  -999  -999.00   -999.00   -999.00     0    -0.8    1759     0   0   0   0    -999.000  -999.000
0273  136.34   812.5     17.76   -999.0    1754  -999  -999.00   -999.00   -999.00     0    -1.3    1754     0   0   0   0    -999.000  -999.000
0274  136.84   813.1     17.78   -999.0    1748  -999  -999.00   -999.00   -999.00     0    -1.7    1748     0   0   0   0    -999.000  -999.000
0275  137.34   813.7     17.79   -999.0    1741  -999  -999.00   -999.00   -999.00     0    -2.1    1741     0   0   0   0    -999.000  -999.000
0276  137.84   814.3     17.79   -999.0    1735  -999  -999.00   -999.00   -999.00     0    -2.4    1735     0   0   0   0    -999.000  -999.000
0277  138.34  -999.0   -999.00   -999.0    -999  -999  -999.00   -999.00   -999.00     0  -999.0    -999     0   0   0   0    -999.000  -999.000
0278  138.84  -999.0   -999.00   -999.0    -999  -999  -999.00   -999.00   -999.00     0  -999.0    -999     0   0   0   0    -999.000  -999.000
0279  139.34  -999.0   -999.00   -999.0    -999  -999  -999.00   -999.00   -999.00     0  -999.0    -999     0   0   0   0    -999.000  -999.000
0280  139.84  -999.0   -999.00   -999.0    -999  -999  -999.00   -999.00   -999.00     0  -999.0    -999     0   0   0   0    -999.000  -999.000
0281  140.34  -999.0   -999.00   -999.0    -999  -999  -999.00   -999.00   -999.00     0  -999.0    -999     0   0   0   0    -999.000  -999.000
0282  140.84   818.3     17.71   -999.0    1693  -999  -999.00   -999.00   -999.00     0    -0.5    1693     0   0   0   0    -999.000  -999.000
0283  141.34   818.8     17.71   -999.0    1688  -999  -999.00   -999.00   -999.00     0     0.1    1688     0   0   0   0    -999.000  -999.000
0284  141.84   819.2     17.73   -999.0    1683  -999  -999.00   -999.00   -999.00     0     0.7    1683     0   0   0   0    -999.000  -999.000
0285  142.34  -999.0   -999.00   -999.0    -999  -999  -999.00   -999.00   -999.00     0  -999.0    -999     0   0   0   0    -999.000  -999.000
0286  142.84  -999.0   -999.00   -999.0    -999  -999  -999.00   -999.00   -999.00     0  -999.0    -999     0   0   0   0    -999.000  -999.000
0287  143.34   820.4     17.81   -999.0    1671   219    27.42     17.25     21.31     7     1.7    1671     0   0   0   0      26.664   -90.914
0288  143.84   820.8     17.86   -999.0    1667  -999  -999.00   -999.00   -999.00     0     1.5    1667     0   0   0   0    -999.000  -999.000
0289  144.34  -999.0   -999.00   -999.0    -999  -999  -999.00   -999.00   -999.00     0  -999.0    -999     0   0   0   0    -999.000  -999.000
0290  144.84   821.7     18.00   -999.0    1657  -999  -999.00   -999.00   -999.00     0     0.1    1657     0   0   0   0    -999.000  -999.000
0291  145.34   822.2     18.08   -999.0    1652  -999  -999.00   -999.00   -999.00     0    -0.7    1652     0   0   0   0    -999.000  -999.000
0292  145.84  -999.0   -999.00   -999.0    -999  -999  -999.00   -999.00   -999.00     0  -999.0    -999     0   0   0   0    -999.000  -999.000
0293  146.34   823.5     18.27   -999.0    1639  -999  -999.00   -999.00   -999.00     0    -2.2    1639     0   0   0   0    -999.000  -999.000
0294  146.84  -999.0   -999.00   -999.0    -999  -999  -999.00   -999.00   -999.00     0  -999.0    -999     0   0   0   0    -999.000  -999.000
0295  147.34  -999.0   -999.00   -999.0    -999  -999  -999.00   -999.00   -999.00     0  -999.0    -999     0   0   0   0    -999.000  -999.000
0296  147.84  -999.0   -999.00   -999.0    -999  -999  -999.00   -999.00   -999.00     0  -999.0    -999     0   0   0   0    -999.000  -999.000
0297  148.34   826.3     18.65   -999.0    1610  -999  -999.00   -999.00   -999.00     0    -4.5    1610     0   0   0   0    -999.000  -999.000
0298  148.84   827.0     18.72   -999.0    1602  -999  -999.00   -999.00   -999.00     0    -4.9    1602     0   0   0   0    -999.000  -999.000
0299  149.34   827.8     18.77   -999.0    1594  -999  -999.00   -999.00   -999.00     0    -5.1    1594     0   0   0   0    -999.000  -999.000
0300  149.84  -999.0   -999.00   -999.0    -999  -999  -999.00   -999.00   -999.00     0  -999.0    -999     0   0   0   0    -999.000  -999.000
0301  150.34  -999.0   -999.00   -999.0    -999  -999  -999.00   -999.00   -999.00     0  -999.0    -999     0   0   0   0    -999.000  -999.000
0302  150.84  -999.0   -999.00   -999.0    -999  -999  -999.00   -999.00   -999.00     0  -999.0    -999     0   0   0   0    -999.000  -999.000
0303  151.34  -999.0   -999.00   -999.0    -999  -999  -999.00   -999.00   -999.00     0  -999.0    -999     0   0   0   0    -999.000  -999.000
0304  151.84  -999.0   -999.00   -999.0    -999  -999  -999.00   -999.00   -999.00     0  -999.0    -999     0   0   0   0    -999.000  -999.000
0305  152.34  -999.0   -999.00   -999.0    -999  -999  -999.00   -999.00   -999.00     0  -999.0    -999     0   0   0   0    -999.000  -999.000
0306  152.84  -999.0   -999.00   -999.0    -999  -999  -999.00   -999.00   -999.00     0  -999.0    -999     0   0   0   0    -999.000  -999.000
0307  153.34  -999.0   -999.00   -999.0    -999  -999  -999.00   -999.00   -999.00     0  -999.0    -999     0   0   0   0    -999.000  -999.000
0308  153.84  -999.0   -999.00   -999.0    -999  -999  -999.00   -999.00   -999.00     0  -999.0    -999     0   0   0   0    -999.000  -999.000
0309  154.34  -999.0   -999.00   -999.0    -999  -999  -999.00   -999.00   -999.00     0  -999.0    -999     0   0   0   0    -999.000  -999.000
0310  154.84  -999.0   -999.00   -999.0    -999  -999  -999.00   -999.00   -999.00     0  -999.0    -999     0   0   0   0    -999.000  -999.000
0311  155.34  -999.0   -999.00   -999.0    -999  -999  -999.00   -999.00   -999.00     0  -999.0    -999     0   0   0   0    -999.000  -999.000
0312  155.84   837.8     18.93   -999.0    1491  -999  -999.00   -999.00   -999.00     0    -3.5    1491     0   0   0   0    -999.000  -999.000
0313  156.34   838.4     19.01   -999.0    1484  -999  -999.00   -999.00   -999.00     0    -3.0    1484     0   0   0   0    -999.000  -999.000
0314  156.84  -999.0   -999.00   -999.0    -999  -999  -999.00   -999.00   -999.00     0  -999.0    -999     0   0   0   0    -999.000  -999.000
0315  157.34  -999.0   -999.00   -999.0    -999  -999  -999.00   -999.00   -999.00     0  -999.0    -999     0   0   0   0    -999.000  -999.000
0316  157.84  -999.0   -999.00   -999.0    -999  -999  -999.00   -999.00   -999.00     0  -999.0    -999     0   0   0   0    -999.000  -999.000
0317  158.34   840.9     19.34   -999.0    1459  -999  -999.00   -999.00   -999.00     0    -1.3    1459     0   0   0   0    -999.000  -999.000
0318  158.84  -999.0   -999.00   -999.0    -999   216    29.49     17.40     23.81     7  -999.0    -999     0   0   0   0      26.667   -90.912
0319  159.34   842.1     19.42   -999.0    1447   217    29.16     17.43     23.38     7    -0.5    1447     0   0   0   0      26.667   -90.912
0320  159.84   842.6     19.43   -999.0    1442  -999  -999.00   -999.00   -999.00     0    -0.1    1442     0   0   0   0    -999.000  -999.000
0321  160.34  -999.0   -999.00   -999.0    -999  -999  -999.00   -999.00   -999.00     0  -999.0    -999     0   0   0   0    -999.000  -999.000
0322  160.84   843.6     19.37   -999.0    1431  -999  -999.00   -999.00   -999.00     0     0.4    1431     0   0   0   0    -999.000  -999.000
0323  161.34  -999.0   -999.00   -999.0    -999  -999  -999.00   -999.00   -999.00     0  -999.0    -999     0   0   0   0    -999.000  -999.000
0324  161.84  -999.0   -999.00   -999.0    -999  -999  -999.00   -999.00   -999.00     0  -999.0    -999     0   0   0   0    -999.000  -999.000
0325  162.34   845.1     19.20   -999.0    1416  -999  -999.00   -999.00   -999.00     0     0.9    1416     0   0   0   0    -999.000  -999.000
0326  162.84  -999.0   -999.00   -999.0    -999  -999  -999.00   -999.00   -999.00     0  -999.0    -999     0   0   0   0    -999.000  -999.000
0327  163.34  -999.0   -999.00   -999.0    -999  -999  -999.00   -999.00   -999.00     0  -999.0    -999     0   0   0   0    -999.000  -999.000
0328  163.84   846.5     19.06   -999.0    1402  -999  -999.00   -999.00   -999.00     0     0.9    1402     0   0   0   0    -999.000  -999.000
0329  164.34   847.0     19.04   -999.0    1397  -999  -999.00   -999.00   -999.00     0     0.7    1397     0   0   0   0    -999.000  -999.000
0330  164.84   847.5     19.03   -999.0    1392  -999  -999.00   -999.00   -999.00     0     0.5    1392     0   0   0   0    -999.000  -999.000
0331  165.34   848.0     19.04   -999.0    1387  -999  -999.00   -999.00   -999.00     0     0.2    1387     0   0   0   0    -999.000  -999.000
0332  165.84   848.5     19.06   -999.0    1382  -999  -999.00   -999.00   -999.00     0    -0.1    1382     0   0   0   0    -999.000  -999.000
0333  166.34   849.0     19.07   -999.0    1377  -999  -999.00   -999.00   -999.00     0    -0.5    1377     0   0   0   0    -999.000  -999.000
0334  166.84  -999.0   -999.00   -999.0    -999  -999  -999.00   -999.00   -999.00     0  -999.0    -999     0   0   0   0    -999.000  -999.000
0335  167.34  -999.0   -999.00   -999.0    -999  -999  -999.00   -999.00   -999.00     0  -999.0    -999     0   0   0   0    -999.000  -999.000
0336  167.84  -999.0   -999.00   -999.0    -999  -999  -999.00   -999.00   -999.00     0  -999.0    -999     0   0   0   0    -999.000  -999.000
0337  168.34  -999.0   -999.00   -999.0    -999  -999  -999.00   -999.00   -999.00     0  -999.0    -999     0   0   0   0    -999.000  -999.000
0338  168.84  -999.0   -999.00   -999.0    -999  -999  -999.00   -999.00   -999.00     0  -999.0    -999     0   0   0   0    -999.000  -999.000
0339  169.34  -999.0   -999.00   -999.0    -999  -999  -999.00   -999.00   -999.00     0  -999.0    -999     0   0   0   0    -999.000  -999.000
0340  169.84  -999.0   -999.00   -999.0    -999  -999  -999.00   -999.00   -999.00     0  -999.0    -999     0   0   0   0    -999.000  -999.000
0341  170.34   853.9     19.31   -999.0    1327  -999  -999.00   -999.00   -999.00     0    -2.9    1327     0   0   0   0    -999.000  -999.000
0342  170.84  -999.0   -999.00   -999.0    -999  -999  -999.00   -999.00   -999.00     0  -999.0    -999     0   0   0   0    -999.000  -999.000
0343  171.34  -999.0   -999.00   -999.0    -999  -999  -999.00   -999.00   -999.00     0  -999.0    -999     0   0   0   0    -999.000  -999.000
0344  171.84  -999.0   -999.00   -999.0    -999  -999  -999.00   -999.00   -999.00     0  -999.0    -999     0   0   0   0    -999.000  -999.000
0345  172.34  -999.0   -999.00   -999.0    -999  -999  -999.00   -999.00   -999.00     0  -999.0    -999     0   0   0   0    -999.000  -999.000
0346  172.84   857.4     19.55   -999.0    1291   212    28.81     15.31     24.40     7    -2.4    1291     0   0   0   0      26.670   -90.910
0347  173.34   858.1     19.60   -999.0    1285  -999  -999.00   -999.00   -999.00     0    -2.0    1285     0   0   0   0    -999.000  -999.000
0348  173.84  -999.0   -999.00   -999.0    -999  -999  -999.00   -999.00   -999.00     0  -999.0    -999     0   0   0   0    -999.000  -999.000
0349  174.34  -999.0   -999.00   -999.0    -999  -999  -999.00   -999.00   -999.00     0  -999.0    -999     0   0   0   0    -999.000  -999.000
0350  174.84  -999.0   -999.00   -999.0    -999  -999  -999.00   -999.00   -999.00     0  -999.0    -999     0   0   0   0    -999.000  -999.000
0351  175.34  -999.0   -999.00   -999.0    -999  -999  -999.00   -999.00   -999.00     0  -999.0    -999     0   0   0   0    -999.000  -999.000
0352  175.84  -999.0   -999.00   -999.0    -999  -999  -999.00   -999.00   -999.00     0  -999.0    -999     0   0   0   0    -999.000  -999.000
0353  176.34  -999.0   -999.00   -999.0    -999  -999  -999.00   -999.00   -999.00     0  -999.0    -999     0   0   0   0    -999.000  -999.000
0354  176.84  -999.0   -999.00   -999.0    -999  -999  -999.00   -999.00   -999.00     0  -999.0    -999     0   0   0   0    -999.000  -999.000
0355  177.34  -999.0   -999.00   -999.0    -999  -999  -999.00   -999.00   -999.00     0  -999.0    -999     0   0   0   0    -999.000  -999.000
0356  177.84  -999.0   -999.00   -999.0    -999  -999  -999.00   -999.00   -999.00     0  -999.0    -999     0   0   0   0    -999.000  -999.000
0357  178.34  -999.0   -999.00   -999.0    -999  -999  -999.00   -999.00   -999.00     0  -999.0    -999     0   0   0   0    -999.000  -999.000
0358  178.84  -999.0   -999.00   -999.0    -999  -999  -999.00   -999.00   -999.00     0  -999.0    -999     0   0   0   0    -999.000  -999.000
0359  179.34   864.5     20.07   -999.0    1221  -999  -999.00   -999.00   -999.00     0     0.1    1221     0   0   0   0    -999.000  -999.000
0360  179.84   865.0     20.07   -999.0    1215  -999  -999.00   -999.00   -999.00     0    -0.0    1215     0   0   0   0    -999.000  -999.000
0361  180.34   865.6     20.07   -999.0    1210  -999  -999.00   -999.00   -999.00     0    -0.1    1210     0   0   0   0    -999.000  -999.000
0362  180.84   866.1     20.06   -999.0    1204   211    29.36     15.25     25.09     8    -0.1    1204     0   0   0   0      26.672   -90.908
0363  181.34   866.7     20.06   -999.0    1199  -999  -999.00   -999.00   -999.00     0    -0.1    1199     0   0   0   0    -999.000  -999.000
0364  181.84  -999.0   -999.00   -999.0    -999  -999  -999.00   -999.00   -999.00     0  -999.0    -999     0   0   0   0    -999.000  -999.000
0365  182.34  -999.0   -999.00   -999.0    -999  -999  -999.00   -999.00   -999.00     0  -999.0    -999     0   0   0   0    -999.000  -999.000
0366  182.84   868.3     20.05   -999.0    1183  -999  -999.00   -999.00   -999.00     0     0.2    1183     0   0   0   0    -999.000  -999.000
0367  183.34  -999.0   -999.00   -999.0    -999  -999  -999.00   -999.00   -999.00     0  -999.0    -999     0   0   0   0    -999.000  -999.000
0368  183.84  -999.0   -999.00   -999.0    -999  -999  -999.00   -999.00   -999.00     0  -999.0    -999     0   0   0   0    -999.000  -999.000
0369  184.34  -999.0   -999.00   -999.0    -999  -999  -999.00   -999.00   -999.00     0  -999.0    -999     0   0   0   0    -999.000  -999.000
0370  184.84   870.3     20.19   -999.0    1163  -999  -999.00   -999.00   -999.00     0     1.3    1163     0   0   0   0    -999.000  -999.000
0371  185.34   870.7     20.26   -999.0    1159  -999  -999.00   -999.00   -999.00     0     1.6    1159     0   0   0   0    -999.000  -999.000
0372  185.84  -999.0   -999.00   -999.0    -999  -999  -999.00   -999.00   -999.00     0  -999.0    -999     0   0   0   0    -999.000  -999.000
0373  186.34   871.6     20.44   -999.0    1150  -999  -999.00   -999.00   -999.00     0     2.2    1150     0   0   0   0    -999.000  -999.000
0374  186.84  -999.0   -999.00   -999.0    -999  -999  -999.00   -999.00   -999.00     0  -999.0    -999     0   0   0   0    -999.000  -999.000
0375  187.34  -999.0   -999.00   -999.0    -999  -999  -999.00   -999.00   -999.00     0  -999.0    -999     0   0   0   0    -999.000  -999.000
0376  187.84  -999.0   -999.00   -999.0    -999  -999  -999.00   -999.00   -999.00     0  -999.0    -999     0   0   0   0    -999.000  -999.000
0377  188.34  -999.0   -999.00   -999.0    -999  -999  -999.00   -999.00   -999.00     0  -999.0    -999     0   0   0   0    -999.000  -999.000
0378  188.84  -999.0   -999.00   -999.0    -999   211    28.90     14.98     24.71     7  -999.0    -999     0   0   0   0      26.674   -90.907
0379  189.34   873.8     21.15   -999.0    1128  -999  -999.00   -999.00   -999.00     0     3.6    1128     0   0   0   0    -999.000  -999.000
0380  189.84   874.2     21.26   -999.0    1125  -999  -999.00   -999.00   -999.00     0     3.7    1125     0   0   0   0    -999.000  -999.000
0381  190.34  -999.0   -999.00   -999.0    -999  -999  -999.00   -999.00   -999.00     0  -999.0    -999     0   0   0   0    -999.000  -999.000
0382  190.84  -999.0   -999.00   -999.0    -999  -999  -999.00   -999.00   -999.00     0  -999.0    -999     0   0   0   0    -999.000  -999.000
0383  191.34  -999.0   -999.00   -999.0    -999  -999  -999.00   -999.00   -999.00     0  -999.0    -999     0   0   0   0    -999.000  -999.000
0384  191.84  -999.0   -999.00   -999.0    -999  -999  -999.00   -999.00   -999.00     0  -999.0    -999     0   0   0   0    -999.000  -999.000
0385  192.34  -999.0   -999.00   -999.0    -999  -999  -999.00   -999.00   -999.00     0  -999.0    -999     0   0   0   0    -999.000  -999.000
0386  192.84  -999.0   -999.00   -999.0    -999  -999  -999.00   -999.00   -999.00     0  -999.0    -999     0   0   0   0    -999.000  -999.000
0387  193.34  -999.0   -999.00   -999.0    -999  -999  -999.00   -999.00   -999.00     0  -999.0    -999     0   0   0   0    -999.000  -999.000
0388  193.84  -999.0   -999.00   -999.0    -999  -999  -999.00   -999.00   -999.00     0  -999.0    -999     0   0   0   0    -999.000  -999.000
0389  194.34   877.1     21.57   -999.0    1095  -999  -999.00   -999.00   -999.00     0     4.0    1095     0   0   0   0    -999.000  -999.000
0390  194.84  -999.0   -999.00   -999.0    -999  -999  -999.00   -999.00   -999.00     0  -999.0    -999     0   0   0   0    -999.000  -999.000
0391  195.34  -999.0   -999.00   -999.0    -999  -999  -999.00   -999.00   -999.00     0  -999.0    -999     0   0   0   0    -999.000  -999.000
0392  195.84  -999.0   -999.00   -999.0    -999  -999  -999.00   -999.00   -999.00     0  -999.0    -999     0   0   0   0    -999.000  -999.000
0393  196.34   878.5     21.32   -999.0    1082   203    27.29     10.57     25.16     6     3.8    1082     0   0   0   0      26.675   -90.906
0394  196.84  -999.0   -999.00   -999.0    -999  -999  -999.00   -999.00   -999.00     0  -999.0    -999     0   0   0   0    -999.000  -999.000
0395  197.34  -999.0   -999.00   -999.0    -999  -999  -999.00   -999.00   -999.00     0  -999.0    -999     0   0   0   0    -999.000  -999.000
0396  197.84  -999.0   -999.00   -999.0    -999  -999  -999.00   -999.00   -999.00     0  -999.0    -999     0   0   0   0    -999.000  -999.000
0397  198.34   879.8     21.04    100.0    1069  -999  -999.00   -999.00   -999.00     0     4.1    1069     0   0   0   0    -999.000  -999.000
0398  198.84  -999.0   -999.00   -999.0    -999  -999  -999.00   -999.00   -999.00     0  -999.0    -999     0   0   0   0    -999.000  -999.000
0399  199.34   880.5     20.92   -999.0    1062  -999  -999.00   -999.00   -999.00     0     4.5    1062     0   0   0   0    -999.000  -999.000
0400  199.84  -999.0   -999.00   -999.0    -999   201    29.18     10.31     27.30     7  -999.0    -999     0   0   0   0      26.676   -90.906
0401  200.34   881.1     20.81   -999.0    1056   201    29.16     10.36     27.26     6     4.9    1056     0   0   0   0      26.676   -90.906
0402  200.84   881.4     20.76   -999.0    1053   201    29.20     10.52     27.24     6     5.0    1053     0   0   0   0      26.677   -90.906
0403  201.34   881.6     20.72   -999.0    1051   201    29.00     10.47     27.04     6     5.2    1051     0   0   0   0      26.677   -90.906
0404  201.84  -999.0   -999.00   -999.0    -999   201    28.98     10.60     26.97     6  -999.0    -999     0   0   0   0      26.677   -90.906
0405  202.34  -999.0   -999.00   -999.0    -999   201    29.23     10.68     27.21     6  -999.0    -999     0   0   0   0      26.677   -90.906
0406  202.84   882.4     20.65   -999.0    1044  -999  -999.00   -999.00   -999.00     0     5.2    1044     0   0   0   0    -999.000  -999.000
0407  203.34  -999.0   -999.00   -999.0    -999  -999  -999.00   -999.00   -999.00     0  -999.0    -999     0   0   0   0    -999.000  -999.000
0408  203.84  -999.0   -999.00   -999.0    -999  -999  -999.00   -999.00   -999.00     0  -999.0    -999     0   0   0   0    -999.000  -999.000
0409  204.34  -999.0   -999.00   -999.0    -999  -999  -999.00   -999.00   -999.00     0  -999.0    -999     0   0   0   0    -999.000  -999.000
0410  204.84  -999.0   -999.00   -999.0    -999   206    25.77     11.15     23.23     6  -999.0    -999     0   0   0   0      26.677   -90.906
0411  205.34  -999.0   -999.00   -999.0    -999  -999  -999.00   -999.00   -999.00     0  -999.0    -999     0   0   0   0    -999.000  -999.000
0412  205.84  -999.0   -999.00   -999.0    -999  -999  -999.00   -999.00   -999.00     5  -999.0    -999     0   0   0   0    -999.000  -999.000
0413  206.34   884.4     21.21   -999.0    1023  -999  -999.00   -999.00   -999.00     0     1.9    1023     0   0   0   0    -999.000  -999.000
0414  206.84  -999.0   -999.00   -999.0    -999  -999  -999.00   -999.00   -999.00     0  -999.0    -999     0   0   0   0    -999.000  -999.000
0415  207.34  -999.0   -999.00   -999.0    -999  -999  -999.00   -999.00   -999.00     0  -999.0    -999     0   0   0   0    -999.000  -999.000
0416  207.84  -999.0   -999.00   -999.0    -999  -999  -999.00   -999.00   -999.00     0  -999.0    -999     0   0   0   0    -999.000  -999.000
0417  208.34   886.6     21.55   -999.0    1002  -999  -999.00   -999.00   -999.00     6    -0.0    1002     0   0   0   0      26.678   -90.905
0418  208.84   887.2     21.58   -999.0     996  -999  -999.00   -999.00   -999.00     0    -0.1     996     0   0   0   0    -999.000  -999.000
0419  209.34  -999.0   -999.00   -999.0    -999  -999  -999.00   -999.00   -999.00     0  -999.0    -999     0   0   0   0    -999.000  -999.000
0420  209.84  -999.0     21.55   -999.0    -999  -999  -999.00   -999.00   -999.00     0  -999.0    -999     0   0   0   0    -999.000  -999.000
0421  210.34  -999.0   -999.00   -999.0    -999  -999  -999.00   -999.00   -999.00     0  -999.0    -999     0   0   0   0    -999.000  -999.000
0422  210.84   889.4     21.43   -999.0     975  -999  -999.00   -999.00   -999.00     0     1.7     975     0   0   0   0    -999.000  -999.000
0423  211.34   889.8   -999.00   -999.0     971  -999  -999.00   -999.00   -999.00     5     2.4     971     0   0   0   0    -999.000  -999.000
0424  211.84   890.1     21.31   -999.0     967   215    29.28     16.69     24.06     6     3.3     967     0   0   0   0      26.679   -90.905
0425  212.34  -999.0   -999.00   -999.0    -999  -999  -999.00   -999.00   -999.00     0  -999.0    -999     0   0   0   0    -999.000  -999.000
0426  212.84   890.7     21.29   -999.0     962  -999  -999.00   -999.00   -999.00     0     4.7     962     0   0   0   0    -999.000  -999.000
0427  213.34   890.9     21.32   -999.0     960   214    28.94     16.08     24.06     6     5.1     960     0   0   0   0      26.679   -90.904
0428  213.84   891.1     21.35   -999.0     957  -999  -999.00   -999.00   -999.00     0     5.2     957     0   0   0   0    -999.000  -999.000
0429  214.34   891.4     21.38   -999.0     955  -999  -999.00   -999.00   -999.00     0     5.0     955     0   0   0   0    -999.000  -999.000
0430  214.84  -999.0     21.40   -999.0    -999  -999  -999.00   -999.00   -999.00     0  -999.0    -999     0   0   0   0    -999.000  -999.000
0431  215.34   892.0     21.41   -999.0     949  -999  -999.00   -999.00   -999.00     0     4.6     949     0   0   0   0    -999.000  -999.000
0432  215.84  -999.0   -999.00   -999.0    -999  -999  -999.00   -999.00   -999.00     0  -999.0    -999     0   0   0   0    -999.000  -999.000
0433  216.34  -999.0   -999.00   -999.0    -999  -999  -999.00   -999.00   -999.00     0  -999.0    -999     0   0   0   0    -999.000  -999.000
0434  216.84  -999.0   -999.00   -999.0    -999  -999  -999.00   -999.00   -999.00     0  -999.0    -999     0   0   0   0    -999.000  -999.000
0435  217.34  -999.0   -999.00   -999.0    -999  -999  -999.00   -999.00   -999.00     0  -999.0    -999     0   0   0   0    -999.000  -999.000
0436  217.84   893.7     21.35   -999.0     932  -999  -999.00   -999.00   -999.00     0     3.3     932     0   0   0   0    -999.000  -999.000
0437  218.34  -999.0   -999.00   -999.0    -999  -999  -999.00   -999.00   -999.00     0  -999.0    -999     0   0   0   0    -999.000  -999.000
0438  218.84  -999.0   -999.00   -999.0    -999  -999  -999.00   -999.00   -999.00     0  -999.0    -999     0   0   0   0    -999.000  -999.000
0439  219.34  -999.0   -999.00   -999.0    -999  -999  -999.00   -999.00   -999.00     0  -999.0    -999     0   0   0   0    -999.000  -999.000
0440  219.84  -999.0   -999.00   -999.0    -999  -999  -999.00   -999.00   -999.00     0  -999.0    -999     0   0   0   0    -999.000  -999.000
0441  220.34   895.7     21.28   -999.0     913  -999  -999.00   -999.00   -999.00     0     2.0     913     0   0   0   0    -999.000  -999.000
0442  220.84  -999.0   -999.00   -999.0    -999  -999  -999.00   -999.00   -999.00     0  -999.0    -999     0   0   0   0    -999.000  -999.000
0443  221.34   896.6     21.31   -999.0     904  -999  -999.00   -999.00   -999.00     0     1.4     904     0   0   0   0    -999.000  -999.000
0444  221.84  -999.0   -999.00   -999.0    -999  -999  -999.00   -999.00   -999.00     0  -999.0    -999     0   0   0   0    -999.000  -999.000
0445  222.34   897.5     21.40   -999.0     895  -999  -999.00   -999.00   -999.00     5     0.4     895     0   0   0   0    -999.000  -999.000
0446  222.84   898.0     21.45   -999.0     890  -999  -999.00   -999.00   -999.00     5    -0.2     890     0   0   0   0    -999.000  -999.000
0447  223.34  -999.0   -999.00   -999.0    -999  -999  -999.00   -999.00   -999.00     5  -999.0    -999     0   0   0   0    -999.000  -999.000
0448  223.84   899.1     21.59   -999.0     879  -999  -999.00   -999.00   -999.00     5    -1.4     879     0   0   0   0    -999.000  -999.000
0449  224.34   899.8     21.66   -999.0     873  -999  -999.00   -999.00   -999.00     5    -2.0     873     0   0   0   0    -999.000  -999.000
0450  224.84   900.4   -999.00   -999.0     867  -999  -999.00   -999.00   -999.00     0    -2.6     867     0   0   0   0    -999.000  -999.000
0451  225.34   901.2     21.80   -999.0     860  -999  -999.00   -999.00   -999.00     0    -3.1     860     0   0   0   0    -999.000  -999.000
0452  225.84   901.9     21.86   -999.0     852  -999  -999.00   -999.00   -999.00     0    -3.4     852     0   0   0   0    -999.000  -999.000
0453  226.34   902.8     21.91   -999.0     844  -999  -999.00   -999.00   -999.00     0    -3.7     844     0   0   0   0    -999.000  -999.000
0454  226.84  -999.0   -999.00   -999.0    -999  -999  -999.00   -999.00   -999.00     0  -999.0    -999     0   0   0   0    -999.000  -999.000
0455  227.34  -999.0   -999.00   -999.0    -999  -999  -999.00   -999.00   -999.00     0  -999.0    -999     0   0   0   0    -999.000  -999.000
0456  227.84  -999.0   -999.00   -999.0    -999  -999  -999.00   -999.00   -999.00     0  -999.0    -999     0   0   0   0    -999.000  -999.000
0457  228.34  -999.0   -999.00   -999.0    -999  -999  -999.00   -999.00   -999.00     0  -999.0    -999     0   0   0   0    -999.000  -999.000
0458  228.84  -999.0   -999.00   -999.0    -999  -999  -999.00   -999.00   -999.00     0  -999.0    -999     0   0   0   0    -999.000  -999.000
0459  229.34  -999.0   -999.00   -999.0    -999  -999  -999.00   -999.00   -999.00     0  -999.0    -999     0   0   0   0    -999.000  -999.000
0460  229.84  -999.0   -999.00   -999.0    -999  -999  -999.00   -999.00   -999.00     0  -999.0    -999     0   0   0   0    -999.000  -999.000
0461  230.34  -999.0   -999.00   -999.0    -999  -999  -999.00   -999.00   -999.00     0  -999.0    -999     0   0   0   0    -999.000  -999.000
0462  230.84  -999.0   -999.00   -999.0    -999  -999  -999.00   -999.00   -999.00     0  -999.0    -999     0   0   0   0    -999.000  -999.000
0463  231.34  -999.0   -999.00   -999.0    -999  -999  -999.00   -999.00   -999.00     0  -999.0    -999     0   0   0   0    -999.000  -999.000
0464  231.84  -999.0   -999.00   -999.0    -999  -999  -999.00   -999.00   -999.00     0  -999.0    -999     0   0   0   0    -999.000  -999.000
0465  232.34  -999.0   -999.00   -999.0    -999  -999  -999.00   -999.00   -999.00     0  -999.0    -999     0   0   0   0    -999.000  -999.000
0466  232.84  -999.0   -999.00   -999.0    -999  -999  -999.00   -999.00   -999.00     0  -999.0    -999     0   0   0   0    -999.000  -999.000
0467  233.34  -999.0   -999.00   -999.0    -999  -999  -999.00   -999.00   -999.00     0  -999.0    -999     0   0   0   0    -999.000  -999.000
0468  233.84  -999.0   -999.00   -999.0    -999  -999  -999.00   -999.00   -999.00     0  -999.0    -999     0   0   0   0    -999.000  -999.000
0469  234.34  -999.0   -999.00   -999.0    -999  -999  -999.00   -999.00   -999.00     0  -999.0    -999     0   0   0   0    -999.000  -999.000
0470  234.84  -999.0   -999.00   -999.0    -999  -999  -999.00   -999.00   -999.00     0  -999.0    -999     0   0   0   0    -999.000  -999.000
0471  235.34  -999.0   -999.00   -999.0    -999  -999  -999.00   -999.00   -999.00     0  -999.0    -999     0   0   0   0    -999.000  -999.000
0472  235.84  -999.0   -999.00   -999.0    -999  -999  -999.00   -999.00   -999.00     0  -999.0    -999     0   0   0   0    -999.000  -999.000
0473  236.34  -999.0   -999.00   -999.0    -999  -999  -999.00   -999.00   -999.00     0  -999.0    -999     0   0   0   0    -999.000  -999.000
0474  236.84  -999.0   -999.00   -999.0    -999  -999  -999.00   -999.00   -999.00     5  -999.0    -999     0   0   0   0    -999.000  -999.000
0475  237.34   919.1     22.37   -999.0     688  -999  -999.00   -999.00   -999.00     0    -4.0     688     0   0   0   0    -999.000  -999.000
0476  237.84   919.9     22.43   -999.0     680  -999  -999.00   -999.00   -999.00     0    -3.9     680     0   0   0   0    -999.000  -999.000
0477  238.34   920.6     22.48    100.0     673  -999  -999.00   -999.00   -999.00     0    -3.8     673     0   0   0   0    -999.000  -999.000
0478  238.84  -999.0   -999.00   -999.0    -999  -999  -999.00   -999.00   -999.00     0  -999.0    -999     0   0   0   0    -999.000  -999.000
0479  239.34  -999.0   -999.00   -999.0    -999  -999  -999.00   -999.00   -999.00     0  -999.0    -999     0   0   0   0    -999.000  -999.000
0480  239.84  -999.0   -999.00   -999.0    -999  -999  -999.00   -999.00   -999.00     0  -999.0    -999     0   0   0   0    -999.000  -999.000
0481  240.34  -999.0   -999.00   -999.0    -999  -999  -999.00   -999.00   -999.00     0  -999.0    -999     0   0   0   0    -999.000  -999.000
0482  240.84  -999.0   -999.00   -999.0    -999  -999  -999.00   -999.00   -999.00     0  -999.0    -999     0   0   0   0    -999.000  -999.000
0483  241.34  -999.0   -999.00   -999.0    -999  -999  -999.00   -999.00   -999.00     0  -999.0    -999     0   0   0   0    -999.000  -999.000
0484  241.84   925.6     22.88   -999.0     626   210    28.56     14.37     24.68     6    -2.6     626     0   0   0   0      26.685   -90.900
0485  242.34   926.2     22.94   -999.0     620  -999  -999.00   -999.00   -999.00     0    -2.4     620     0   0   0   0    -999.000  -999.000
0486  242.84  -999.0   -999.00   -999.0    -999  -999  -999.00   -999.00   -999.00     0  -999.0    -999     0   0   0   0    -999.000  -999.000
0487  243.34  -999.0   -999.00   -999.0    -999  -999  -999.00   -999.00   -999.00     0  -999.0    -999     0   0   0   0    -999.000  -999.000
0488  243.84  -999.0   -999.00   -999.0    -999  -999  -999.00   -999.00   -999.00     0  -999.0    -999     0   0   0   0    -999.000  -999.000
0489  244.34  -999.0   -999.00   -999.0    -999  -999  -999.00   -999.00   -999.00     0  -999.0    -999     0   0   0   0    -999.000  -999.000
0490  244.84  -999.0   -999.00   -999.0    -999  -999  -999.00   -999.00   -999.00     0  -999.0    -999     0   0   0   0    -999.000  -999.000
0491  245.34  -999.0   -999.00   -999.0    -999  -999  -999.00   -999.00   -999.00     0  -999.0    -999     0   0   0   0    -999.000  -999.000
0492  245.84  -999.0   -999.00   -999.0    -999  -999  -999.00   -999.00   -999.00     0  -999.0    -999     0   0   0   0    -999.000  -999.000
0493  246.34   931.3     23.42   -999.0     572  -999  -999.00   -999.00   -999.00     0    -1.0     572     0   0   0   0    -999.000  -999.000
0494  246.84   931.9     23.48   -999.0     566  -999  -999.00   -999.00   -999.00     0    -0.8     566     0   0   0   0    -999.000  -999.000
0495  247.34   932.5     23.53   -999.0     561   210    26.50     13.30     22.92     8    -0.6     561     0   0   0   0      26.687   -90.900
0496  247.84  -999.0     23.59   -999.0    -999  -999  -999.00   -999.00   -999.00     0  -999.0    -999     0   0   0   0    -999.000  -999.000
0497  248.34   933.6   -999.00   -999.0     550  -999  -999.00   -999.00   -999.00     8    -0.3     550     0   0   0   0      26.687   -90.899
0498  248.84   934.2     23.67   -999.0     545  -999  -999.00   -999.00   -999.00     0    -0.2     545     0   0   0   0    -999.000  -999.000
0499  249.34  -999.0   -999.00   -999.0    -999  -999  -999.00   -999.00   -999.00     0  -999.0    -999     0   0   0   0    -999.000  -999.000
0500  249.84  -999.0   -999.00   -999.0    -999  -999  -999.00   -999.00   -999.00     0  -999.0    -999     0   0   0   0    -999.000  -999.000
0501  250.34  -999.0   -999.00   -999.0    -999  -999  -999.00   -999.00   -999.00     0  -999.0    -999     0   0   0   0    -999.000  -999.000
0502  250.84  -999.0   -999.00   -999.0    -999  -999  -999.00   -999.00   -999.00     0  -999.0    -999     0   0   0   0    -999.000  -999.000
0503  251.34  -999.0   -999.00   -999.0    -999  -999  -999.00   -999.00   -999.00     0  -999.0    -999     0   0   0   0    -999.000  -999.000
0504  251.84  -999.0   -999.00   -999.0    -999  -999  -999.00   -999.00   -999.00     0  -999.0    -999     0   0   0   0    -999.000  -999.000
0505  252.34   938.0     23.85   -999.0     509  -999  -999.00   -999.00   -999.00     0    -1.2     509     0   0   0   0    -999.000  -999.000
0506  252.84   938.7     23.88   -999.0     503  -999  -999.00   -999.00   -999.00     0    -1.6     503     0   0   0   0    -999.000  -999.000
0507  253.34   939.3     23.91   -999.0     496  -999  -999.00   -999.00   -999.00     0    -1.9     496     0   0   0   0    -999.000  -999.000
0508  253.84   940.0     23.95   -999.0     490  -999  -999.00   -999.00   -999.00     0    -2.3     490     0   0   0   0    -999.000  -999.000
0509  254.34  -999.0     23.99   -999.0    -999  -999  -999.00   -999.00   -999.00     0  -999.0    -999     0   0   0   0    -999.000  -999.000
0510  254.84  -999.0   -999.00   -999.0    -999  -999  -999.00   -999.00   -999.00     0  -999.0    -999     0   0   0   0    -999.000  -999.000
0511  255.34  -999.0   -999.00   -999.0    -999  -999  -999.00   -999.00   -999.00     0  -999.0    -999     0   0   0   0    -999.000  -999.000
0512  255.84  -999.0   -999.00   -999.0    -999  -999  -999.00   -999.00   -999.00     0  -999.0    -999     0   0   0   0    -999.000  -999.000
0513  256.34  -999.0   -999.00   -999.0    -999  -999  -999.00   -999.00   -999.00     0  -999.0    -999     0   0   0   0    -999.000  -999.000
0514  256.84  -999.0   -999.00   -999.0    -999  -999  -999.00   -999.00   -999.00     0  -999.0    -999     0   0   0   0    -999.000  -999.000
0515  257.34  -999.0   -999.00   -999.0    -999  -999  -999.00   -999.00   -999.00     0  -999.0    -999     0   0   0   0    -999.000  -999.000
0516  257.84  -999.0   -999.00   -999.0    -999  -999  -999.00   -999.00   -999.00     0  -999.0    -999     0   0   0   0    -999.000  -999.000
0517  258.34  -999.0   -999.00   -999.0    -999  -999  -999.00   -999.00   -999.00     0  -999.0    -999     0   0   0   0    -999.000  -999.000
0518  258.84  -999.0   -999.00   -999.0    -999  -999  -999.00   -999.00   -999.00     0  -999.0    -999     0   0   0   0    -999.000  -999.000
0519  259.34  -999.0   -999.00   -999.0    -999  -999  -999.00   -999.00   -999.00     0  -999.0    -999     0   0   0   0    -999.000  -999.000
0520  259.84  -999.0   -999.00   -999.0    -999  -999  -999.00   -999.00   -999.00     0  -999.0    -999     0   0   0   0    -999.000  -999.000
0521  260.34  -999.0   -999.00   -999.0    -999  -999  -999.00   -999.00   -999.00     0  -999.0    -999     0   0   0   0    -999.000  -999.000
0522  260.84  -999.0   -999.00   -999.0    -999  -999  -999.00   -999.00   -999.00     0  -999.0    -999     0   0   0   0    -999.000  -999.000
0523  261.34  -999.0   -999.00   -999.0    -999  -999  -999.00   -999.00   -999.00     0  -999.0    -999     0   0   0   0    -999.000  -999.000
0524  261.84  -999.0   -999.00   -999.0    -999  -999  -999.00   -999.00   -999.00     0  -999.0    -999     0   0   0   0    -999.000  -999.000
0525  262.34  -999.0   -999.00   -999.0    -999  -999  -999.00   -999.00   -999.00     0  -999.0    -999     0   0   0   0    -999.000  -999.000
0526  262.84  -999.0   -999.00   -999.0    -999  -999  -999.00   -999.00   -999.00     0  -999.0    -999     0   0   0   0    -999.000  -999.000
0527  263.34  -999.0   -999.00   -999.0    -999  -999  -999.00   -999.00   -999.00     0  -999.0    -999     0   0   0   0    -999.000  -999.000
0528  263.84  -999.0   -999.00   -999.0    -999  -999  -999.00   -999.00   -999.00     0  -999.0    -999     0   0   0   0    -999.000  -999.000
0529  264.34  -999.0   -999.00   -999.0    -999  -999  -999.00   -999.00   -999.00     0  -999.0    -999     0   0   0   0    -999.000  -999.000
0530  264.84  -999.0   -999.00   -999.0    -999  -999  -999.00   -999.00   -999.00     0  -999.0    -999     0   0   0   0    -999.000  -999.000
0531  265.34  -999.0   -999.00   -999.0    -999  -999  -999.00   -999.00   -999.00     0  -999.0    -999     0   0   0   0    -999.000  -999.000
0532  265.84  -999.0   -999.00   -999.0    -999  -999  -999.00   -999.00   -999.00     0  -999.0    -999     0   0   0   0    -999.000  -999.000
0533  266.34  -999.0   -999.00   -999.0    -999  -999  -999.00   -999.00   -999.00     0  -999.0    -999     0   0   0   0    -999.000  -999.000
0534  266.84   958.9     24.87   -999.0     315  -999  -999.00   -999.00   -999.00     0    -1.4     315     0   0   0   0    -999.000  -999.000
0535  267.34   959.5     24.91   -999.0     309  -999  -999.00   -999.00   -999.00     0    -1.1     309     0   0   0   0    -999.000  -999.000
0536  267.84   960.0     24.95   -999.0     304  -999  -999.00   -999.00   -999.00     0    -0.9     304     0   0   0   0    -999.000  -999.000
0537  268.34  -999.0   -999.00   -999.0    -999  -999  -999.00   -999.00   -999.00     0  -999.0    -999     0   0   0   0    -999.000  -999.000
0538  268.84  -999.0   -999.00   -999.0    -999  -999  -999.00   -999.00   -999.00     0  -999.0    -999     0   0   0   0    -999.000  -999.000
0539  269.34  -999.0   -999.00   -999.0    -999  -999  -999.00   -999.00   -999.00     0  -999.0    -999     0   0   0   0    -999.000  -999.000
0540  269.84  -999.0   -999.00   -999.0    -999  -999  -999.00   -999.00   -999.00     0  -999.0    -999     0   0   0   0    -999.000  -999.000
0541  270.34  -999.0   -999.00   -999.0    -999  -999  -999.00   -999.00   -999.00     0  -999.0    -999     0   0   0   0    -999.000  -999.000
0542  270.84  -999.0   -999.00   -999.0    -999  -999  -999.00   -999.00   -999.00     0  -999.0    -999     0   0   0   0    -999.000  -999.000
0543  271.34  -999.0   -999.00   -999.0    -999  -999  -999.00   -999.00   -999.00     0  -999.0    -999     0   0   0   0    -999.000  -999.000
0544  271.84   964.6     25.19    100.0     262  -999  -999.00   -999.00   -999.00     0    -0.9     262     0   0   0   0    -999.000  -999.000
0545  272.34  -999.0   -999.00   -999.0    -999  -999  -999.00   -999.00   -999.00     0  -999.0    -999     0   0   0   0    -999.000  -999.000
0546  272.84   965.8     25.25   -999.0     251  -999  -999.00   -999.00   -999.00     0    -1.6     251     0   0   0   0    -999.000  -999.000
0547  273.34   966.4     25.28   -999.0     245  -999  -999.00   -999.00   -999.00     0    -2.0     245     0   0   0   0    -999.000  -999.000
0548  273.84  -999.0   -999.00   -999.0    -999  -999  -999.00   -999.00   -999.00     0  -999.0    -999     0   0   0   0    -999.000  -999.000
0549  274.34  -999.0   -999.00   -999.0    -999  -999  -999.00   -999.00   -999.00     0  -999.0    -999     0   0   0   0    -999.000  -999.000
0550  274.84  -999.0   -999.00   -999.0    -999  -999  -999.00   -999.00   -999.00     0  -999.0    -999     0   0   0   0    -999.000  -999.000
0551  275.34  -999.0   -999.00   -999.0    -999  -999  -999.00   -999.00   -999.00     0  -999.0    -999     0   0   0   0    -999.000  -999.000
0552  275.84  -999.0   -999.00   -999.0    -999  -999  -999.00   -999.00   -999.00     0  -999.0    -999     0   0   0   0    -999.000  -999.000
0553  276.34  -999.0   -999.00   -999.0    -999  -999  -999.00   -999.00   -999.00     0  -999.0    -999     0   0   0   0    -999.000  -999.000
0554  276.84  -999.0   -999.00   -999.0    -999  -999  -999.00   -999.00   -999.00     0  -999.0    -999     0   0   0   0    -999.000  -999.000
0555  277.34  -999.0   -999.00   -999.0    -999  -999  -999.00   -999.00   -999.00     0  -999.0    -999     0   0   0   0    -999.000  -999.000
0556  277.84  -999.0   -999.00   -999.0    -999  -999  -999.00   -999.00   -999.00     0  -999.0    -999     0   0   0   0    -999.000  -999.000
0557  278.34  -999.0   -999.00   -999.0    -999  -999  -999.00   -999.00   -999.00     0  -999.0    -999     0   0   0   0    -999.000  -999.000
0558  278.84  -999.0   -999.00   -999.0    -999  -999  -999.00   -999.00   -999.00     0  -999.0    -999     0   0   0   0    -999.000  -999.000
0559  279.34  -999.0   -999.00   -999.0    -999  -999  -999.00   -999.00   -999.00     0  -999.0    -999     0   0   0   0    -999.000  -999.000
0560  279.84  -999.0   -999.00   -999.0    -999  -999  -999.00   -999.00   -999.00     0  -999.0    -999     0   0   0   0    -999.000  -999.000
0561  280.34   976.8     25.85   -999.0     151  -999  -999.00   -999.00   -999.00     0    -3.2     151     0   0   0   0    -999.000  -999.000
0562  280.84   977.5     25.88   -999.0     144  -999  -999.00   -999.00   -999.00     0    -3.0     144     0   0   0   0    -999.000  -999.000
0563  281.34   978.2     25.90   -999.0     138  -999  -999.00   -999.00   -999.00     0    -2.7     138     0   0   0   0    -999.000  -999.000
0564  281.84   978.9     25.92   -999.0     132  -999  -999.00   -999.00   -999.00     0    -2.3     132     0   0   0   0    -999.000  -999.000
0565  282.34   979.6     25.93   -999.0     125  -999  -999.00   -999.00   -999.00     0    -2.0     125     0   0   0   0    -999.000  -999.000
0566  282.84   980.3     25.93   -999.0     119   208    23.25     10.89     20.54     7    -1.7     119     0   0   0   0      26.694   -90.895
0567  283.34  -999.0   -999.00   -999.0    -999  -999  -999.00   -999.00   -999.00     0  -999.0    -999     0   0   0   0    -999.000  -999.000
0568  283.84   981.5     25.93    100.0     108   209    22.66     11.00     19.81     8    -1.3     108     0   0   0   0      26.694   -90.895
0569  284.34   982.1     25.92   -999.0     103  -999  -999.00   -999.00   -999.00     0    -1.1     103     0   0   0   0    -999.000  -999.000
0570  284.84   982.7     25.92   -999.0      97  -999  -999.00   -999.00   -999.00     0    -1.1      97     0   0   0   0    -999.000  -999.000
0571  285.34   983.3     25.93   -999.0      92  -999  -999.00   -999.00   -999.00     0    -1.1      92     0   0   0   0    -999.000  -999.000
0572  285.84   983.9     25.94   -999.0      87  -999  -999.00   -999.00   -999.00     0    -1.3      87     0   0   0   0    -999.000  -999.000
0573  286.34   984.5     25.96   -999.0      81   209    22.10     10.65     19.37     8    -1.5      81     0   0   0   0      26.694   -90.895
0574  286.84  -999.0   -999.00   -999.0    -999  -999  -999.00   -999.00   -999.00     0  -999.0    -999     0   0   0   0    -999.000  -999.000
0575  287.34  -999.0   -999.00   -999.0    -999  -999  -999.00   -999.00   -999.00     0  -999.0    -999     0   0   0   0    -999.000  -999.000
0576  287.84  -999.0   -999.00   -999.0    -999  -999  -999.00   -999.00   -999.00     0  -999.0    -999     0   0   0   0    -999.000  -999.000
0577  288.34  -999.0   -999.00   -999.0    -999  -999  -999.00   -999.00   -999.00     0  -999.0    -999     0   0   0   0    -999.000  -999.000
0578  288.84  -999.0   -999.00   -999.0    -999  -999  -999.00   -999.00   -999.00     0  -999.0    -999     0   0   0   0    -999.000  -999.000
0579  289.34  -999.0   -999.00   -999.0    -999  -999  -999.00   -999.00   -999.00     0  -999.0    -999     0   0   0   0    -999.000  -999.000
0580  289.84  -999.0   -999.00   -999.0    -999  -999  -999.00   -999.00   -999.00     0  -999.0    -999     0   0   0   0    -999.000  -999.000
0581  290.34  -999.0   -999.00   -999.0    -999  -999  -999.00   -999.00   -999.00     0  -999.0    -999     0   0   0   0    -999.000  -999.000
0582  290.84  -999.0   -999.00   -999.0    -999  -999  -999.00   -999.00   -999.00     0  -999.0    -999     0   0   0   0    -999.000  -999.000
0583  291.34  -999.0   -999.00   -999.0    -999  -999  -999.00   -999.00   -999.00     0  -999.0    -999     0   0   0   0    -999.000  -999.000
0584  291.84   992.2     26.52   -999.0      12  -999  -999.00   -999.00   -999.00     0    -2.6      12     0   0   0   0    -999.000  -999.000
0585  292.34   992.9     26.58   -999.0       7  -999  -999.00   -999.00   -999.00     0    -2.6       7     0   0   0   0    -999.000  -999.000
0586  292.88   993.6     26.58   -999.0       0  -999  -999.00   -999.00   -999.00  -999  -999.0       0     0   0   0   0    -999.000  -999.000
