 ===========================================================================
 DROPWINDSONDE PROCESSING RECORD                            Sonde: 054046094
 PDS file written Sep  2, 2007.                             Format:    V6.05
 Aircraft: N43RF                             Date: 070902   Time: 093142 UTC
 ---------------------------------------------------------------------------
 Bias corrections:  PR =    .0 mb  TE =    .0 C  RH =    .0 %  PRB =   .0 mb
 Filters (LPF):     PTH =  10 s    WIND =  10 s       Hyd anchor =       SFC
 Dyn RH correction =  N     WSHR COR =      Y         Splash PR  = 1010.0 mb
 Estimated PR used =  N     GPS VERR =    .18 m/s     HYD SFCP   = 1019.5 mb
 Dyn T correction  =  Y     WGACORR  =    -.5 m       AC GA ADJ  =     .0 m
 ---------------------------------------------------------------------------
 COMMENTS: 100 nm out                                                  
 ===========================================================================

 ==============================================================================
 Date: 070902   Lat:  14.35 N   TA:    9.3 C   PS:  696.3 mb   WD:    95 deg
 Time: 093142   Lon:  68.12 W   TD:    7.5 C   GA:   3261 m    WS:  18.3 m/s
 SID:  054046094                RH:   88.5 %   Navaid:   GP          
 ===========================================================================

IX      t (s)  P (mb)    T (C)    RH (%)  Z (m)   WD    WS (m/s)   U (m/s)   V (m/s)  NS  WZ (m/s)  ZW (m)   FP  FT  FH  FW   LAT (N)    LON (E)  ZW (ft)  WS (kt)  WS (mph)  THETAE (K)
0001      .2   696.8      9.32   -999.0    3179    95    18.21    -18.13      1.74  -999  -999.0    3178     3   3   0   3    14.3548   -68.1181    10427    35.33     40.79     -999.00
0002      .7   697.4      9.36   -999.0    3172    97    17.88    -17.76      2.05  -999  -999.0    3172     3   3   0   3    14.3548   -68.1182    10405    34.69     40.05     -999.00
0003     1.2   697.9      9.39   -999.0    3166    97    17.79    -17.66      2.13  -999  -999.0    3165     3   3   0   3    14.3548   -68.1182    10384    34.52     39.86     -999.00
0004     1.7   698.5      9.42   -999.0    3159    97    17.70    -17.57      2.22  -999  -999.0    3159     3   3   0   3    14.3548   -68.1183    10363    34.35     39.66     -999.00
0005     2.2   699.0      9.44   -999.0    3153    98    17.62    -17.47      2.30  -999  -999.0    3152     3   3   0   3    14.3548   -68.1184    10341    34.18     39.46     -999.00
0006     2.7   699.6      9.47   -999.0    3146    98    17.53    -17.37      2.39  -999  -999.0    3146     3   3   0   3    14.3549   -68.1185    10320    34.01     39.27     -999.00
0007     3.2   700.1      9.50   -999.0    3140    98    17.44    -17.27      2.47  -999  -999.0    3139     3   3   0   3    14.3549   -68.1186    10299    33.84     39.07     -999.00
0008     3.7   700.7      9.53   -999.0    3133    98    17.36    -17.17      2.55  -999  -999.0    3133     3   3   0   3    14.3549   -68.1187    10277    33.67     38.88     -999.00
0009     4.2   701.2      9.56   -999.0    3127    99    17.28    -17.08      2.64  -999  -999.0    3126     3   3   0   3    14.3549   -68.1187    10256    33.52     38.71     -999.00
0010     4.7   701.8      9.59   -999.0    3120    99    17.22    -17.00      2.74  -999  -999.0    3120     3   3   0   3    14.3549   -68.1188    10235    33.41     38.58     -999.00
0011     5.2   702.3      9.61   -999.0    3114    99    17.19    -16.95      2.84  -999  -999.0    3113     3   3   0   3    14.3549   -68.1189    10214    33.34     38.50     -999.00
0012     5.7   702.9      9.64   -999.0    3107   100    17.16    -16.91      2.93  -999  -999.0    3107     3   3   0   3    14.3549   -68.1190    10193    33.30     38.45     -999.00
0013     6.2   703.4      9.67   -999.0    3101   100    17.15    -16.88      3.03  -999  -999.0    3100     3   3   0   3    14.3549   -68.1190    10171    33.28     38.42     -999.00
0014     6.7   704.0      9.69   -999.0    3094   100    17.15    -16.86      3.12  -999  -999.0    3094     3   3   0   3    14.3550   -68.1191    10150    33.27     38.41     -999.00
0015     7.2   704.5      9.72   -999.0    3088   101    17.15    -16.85      3.21     5  -999.0    3087     3   3   0   0    14.3550   -68.1192    10129    33.28     38.42     -999.00
0016     7.7   705.0      9.74   -999.0    3081   101    17.16    -16.84      3.29     5  -999.0    3081     3   3   0   0    14.3550   -68.1193    10108    33.30     38.45     -999.00
0017     8.2   705.6      9.77   -999.0    3075   101    17.18    -16.85      3.38     5  -999.0    3074     3   3   0   0    14.3550   -68.1193    10087    33.33     38.49     -999.00
0018     8.7   706.1      9.80   -999.0    3069   102    17.20    -16.85      3.47     5  -999.0    3068     3   3   0   0    14.3550   -68.1194    10066    33.38     38.54     -999.00
0019     9.2   706.7      9.82   -999.0    3062   102    17.23    -16.85      3.57     5  -999.0    3062     3   3   0   0    14.3550   -68.1195    10044    33.42     38.59     -999.00
0020     9.7   707.2      9.85   -999.0    3056   102    17.25    -16.85      3.67     6  -999.0    3055     3   3   0   0    14.3551   -68.1196    10023    33.46     38.63     -999.00
0021    10.2   707.8      9.87   -999.0    3049   103    17.26    -16.84      3.77     6  -999.0    3049     3   3   0   0    14.3551   -68.1196    10002    33.48     38.66     -999.00
0022    10.7   708.3      9.90   -999.0    3043   103    17.26    -16.82      3.87     6  -999.0    3042     3   3   0   0    14.3551   -68.1197     9981    33.48     38.66     -999.00
0023    11.2   708.9      9.92   -999.0    3036   103    17.25    -16.78      3.97     6  -999.0    3036     3   3   0   0    14.3551   -68.1198     9960    33.46     38.63     -999.00
0024    11.7   709.4      9.95   -999.0    3030   104    17.22    -16.73      4.05     6  -999.0    3029     3   3   0   0    14.3551   -68.1199     9939    33.40     38.56     -999.00
0025    12.2   710.0      9.97   -999.0    3024   104    17.17    -16.66      4.13     6  -999.0    3023     3   3   0   0    14.3551   -68.1199     9918    33.30     38.46     -999.00
0026    12.7   710.5      9.98   -999.0    3017   104    17.10    -16.58      4.19     6  -999.0    3017     3   3   0   0    14.3552   -68.1200     9897    33.18     38.31     -999.00
0027    13.2   711.1     10.00   -999.0    3011   104    17.03    -16.49      4.25     6  -999.0    3010     3   3   0   0    14.3552   -68.1201     9876    33.03     38.14     -999.00
0028    13.7   711.6     10.00   -999.0    3004   105    16.94    -16.39      4.28     6  -999.0    3004     3   3   0   0    14.3552   -68.1202     9855    32.86     37.94     -999.00
0029    14.2   712.2     10.01   -999.0    2998   105    16.85    -16.29      4.31     6  -999.0    2997     3   3   0   0    14.3552   -68.1203     9833    32.69     37.75     -999.00
0030    14.7   712.7     10.01   -999.0    2991   105    16.76    -16.20      4.32     7  -999.0    2991     3   3   0   0    14.3552   -68.1203     9812    32.52     37.55     -999.00
0031    15.2   713.3     10.01   -999.0    2985   105    16.67    -16.11      4.32     7  -999.0    2984     0   0   0   0    14.3553   -68.1204     9791    32.35     37.35     -999.00
0032    15.7   713.8     10.00   -999.0    2978   105    16.59    -16.02      4.30     7     1.3    2978     0   0   0   0    14.3553   -68.1205     9770    32.19     37.16     -999.00
0033    16.2   714.4     10.00   -999.0    2972   105    16.51    -15.95      4.27     7     1.3    2971     0   0   0   0    14.3553   -68.1206     9748    32.04     36.99     -999.00
0034    16.7   714.9      9.99   -999.0    2965   105    16.44    -15.89      4.23     7     1.3    2965     0   0   0   0    14.3553   -68.1206     9727    31.90     36.84     -999.00
0035    17.2   715.5      9.98   -999.0    2959   105    16.39    -15.84      4.19     7     1.2    2958     0   0   0   0    14.3553   -68.1207     9706    31.79     36.70     -999.00
0036    17.7   716.1      9.97   -999.0    2952   105    16.33    -15.80      4.14     7     1.2    2952     0   0   0   0    14.3554   -68.1208     9685    31.69     36.59     -999.00
0037    18.2   716.6      9.97   -999.0    2946   105    16.29    -15.77      4.09     7     1.2    2945     0   0   0   0    14.3554   -68.1209     9663    31.60     36.49     -999.00
0038    18.7   717.2      9.97   -999.0    2939   104    16.25    -15.74      4.04     7     1.2    2939     0   0   0   0    14.3554   -68.1209     9642    31.53     36.41     -999.00
0039    19.2   717.7      9.98   -999.0    2933   104    16.22    -15.72      3.99     7     1.2    2932     0   0   0   0    14.3554   -68.1210     9621    31.47     36.33     -999.00
0040    19.7   718.3      9.99   -999.0    2926   104    16.19    -15.70      3.96     7     1.1    2926     0   0   0   0    14.3554   -68.1211     9599    31.41     36.27     -999.00
0041    20.2   718.9     10.00   -999.0    2920   104    16.16    -15.68      3.93     7     1.1    2919     0   0   0   0    14.3554   -68.1212     9578    31.35     36.20     -999.00
0042    20.7   719.4     10.02   -999.0    2913   104    16.13    -15.65      3.91     7     1.1    2913     0   0   0   0    14.3555   -68.1212     9556    31.29     36.13     -999.00
0043    21.2   720.0     10.05     79.6    2907   104    16.10    -15.62      3.90     7     1.0    2906     0   0   0   0    14.3555   -68.1213     9535    31.23     36.06      337.86
0044    21.7   720.6     10.09     79.0    2900   104    16.06    -15.57      3.91     7     1.0    2900     0   0   0   0    14.3555   -68.1214     9513    31.15     35.97      337.67
0045    22.2   721.1     10.12     78.9    2894   104    16.01    -15.53      3.92     7     1.0    2893     0   0   0   0    14.3555   -68.1215     9491    31.06     35.87      337.65
0046    22.7   721.7     10.17     78.9    2887   104    15.96    -15.47      3.94     7     1.0    2886     0   0   0   0    14.3555   -68.1215     9470    30.97     35.76      337.68
0047    23.2   722.3     10.22     78.8    2880   104    15.91    -15.40      3.96     7     1.0    2880     0   0   0   0    14.3556   -68.1216     9448    30.86     35.63      337.70
0048    23.7   722.8     10.27     78.6    2874   105    15.84    -15.33      3.99     7     1.1    2873     0   0   0   0    14.3556   -68.1217     9427    30.73     35.49      337.67
0049    24.2   723.4     10.32     78.1    2867   105    15.77    -15.25      4.02     7     1.1    2867     0   0   0   0    14.3556   -68.1217     9405    30.60     35.33      337.59
0050    24.7   724.0     10.38     77.6    2861   105    15.70    -15.17      4.05     7     1.1    2860     0   0   0   0    14.3556   -68.1218     9384    30.46     35.17      337.46
0051    25.2   724.5     10.43     76.9    2854   105    15.63    -15.08      4.08     7     1.2    2854     0   0   0   0    14.3556   -68.1219     9362    30.31     35.00      337.32
0052    25.7   725.1     10.49     76.3    2848   105    15.55    -15.00      4.12     7     1.2    2847     0   0   0   0    14.3556   -68.1219     9341    30.17     34.83      337.17
0053    26.2   725.7     10.55     75.6    2841   106    15.47    -14.91      4.15     7     1.3    2841     0   0   0   0    14.3557   -68.1220     9320    30.02     34.66      337.03
0054    26.7   726.2     10.61     75.0    2835   106    15.40    -14.82      4.18     8     1.3    2834     0   0   0   0    14.3557   -68.1221     9299    29.88     34.50      336.89
0055    27.2   726.8     10.67     74.4    2828   106    15.33    -14.74      4.22     8     1.3    2828     0   0   0   0    14.3557   -68.1221     9278    29.74     34.34      336.76
0056    27.7   727.3     10.73     73.8    2822   106    15.26    -14.66      4.26     8     1.4    2821     0   0   0   0    14.3557   -68.1222     9257    29.61     34.19      336.64
0057    28.2   727.9     10.78     73.2    2816   106    15.20    -14.58      4.30     8     1.4    2815     0   0   0   0    14.3557   -68.1223     9236    29.49     34.05      336.52
0058    28.7   728.4     10.84     72.7    2809   107    15.14    -14.51      4.35     8     1.4    2809     0   0   0   0    14.3558   -68.1223     9215    29.38     33.92      336.42
0059    29.2   729.0     10.90     72.3    2803   107    15.09    -14.44      4.39     9     1.4    2802     0   0   0   0    14.3558   -68.1224     9194    29.28     33.80      336.33
0060    29.7   729.6     10.95     71.9    2797   107    15.05    -14.37      4.44     9     1.4    2796     0   0   0   0    14.3558   -68.1225     9173    29.19     33.70      336.26
0061    30.2   730.1     11.01     71.5    2790   107    15.00    -14.32      4.49     9     1.4    2790     0   0   0   0    14.3558   -68.1226     9153    29.11     33.61      336.20
0062    30.7   730.7     11.06     71.2    2784   108    14.97    -14.26      4.54     9     1.4    2783     0   0   0   0    14.3558   -68.1226     9132    29.04     33.53      336.16
0063    31.2   731.2     11.11     71.0    2778   108    14.93    -14.21      4.59     9     1.4    2777     0   0   0   0    14.3559   -68.1227     9111    28.97     33.45      336.13
0064    31.7   731.8     11.15     70.9    2771   108    14.90    -14.16      4.63     9     1.4    2771     0   0   0   0    14.3559   -68.1228     9090    28.90     33.37      336.11
0065    32.2   732.3     11.20     70.8    2765   108    14.86    -14.11      4.66     9     1.3    2764     0   0   0   0    14.3559   -68.1228     9069    28.83     33.28      336.11
0066    32.7   732.9     11.24     70.7    2758   108    14.82    -14.06      4.68     9     1.3    2758     0   0   0   0    14.3559   -68.1229     9048    28.74     33.19      336.11
0067    33.2   733.5     11.27     70.7    2752   108    14.77    -14.01      4.69     9     1.3    2751     0   0   0   0    14.3559   -68.1230     9027    28.65     33.08      336.11
0068    33.7   734.0     11.31     70.7    2746   109    14.71    -13.95      4.68     9     1.3    2745     0   0   0   0    14.3560   -68.1230     9006    28.55     32.96      336.13
0069    34.2   734.6     11.34     70.7    2739   109    14.65    -13.90      4.66     9     1.3    2739     0   0   0   0    14.3560   -68.1231     8985    28.43     32.83      336.14
0070    34.7   735.1     11.38     70.8    2733   108    14.59    -13.84      4.62     9     1.2    2732     0   0   0   0    14.3560   -68.1231     8964    28.31     32.69      336.17
0071    35.2   735.7     11.41     70.9    2726   108    14.53    -13.79      4.58     9     1.2    2726     0   0   0   0    14.3560   -68.1232     8943    28.18     32.54      336.19
0072    35.7   736.3     11.44     71.0    2720   108    14.47    -13.74      4.52     9     1.2    2719     0   0   0   0    14.3560   -68.1233     8922    28.07     32.41      336.22
0073    36.2   736.8     11.46     71.1    2714   108    14.41    -13.70      4.47     9     1.2    2713     0   0   0   0    14.3561   -68.1233     8901    27.96     32.29      336.25
0074    36.7   737.4     11.49     71.3    2707   108    14.37    -13.68      4.41     9     1.2    2707     0   0   0   0    14.3561   -68.1234     8880    27.89     32.20      336.30
0075    37.2   738.0     11.52     71.5    2701   108    14.35    -13.67      4.36     9     1.1    2700     0   0   0   0    14.3561   -68.1235     8859    27.84     32.15      336.36
0076    37.7   738.5     11.55     71.7    2694   108    14.35    -13.69      4.33     9     1.1    2694     0   0   0   0    14.3561   -68.1235     8837    27.85     32.15      336.42
0077    38.2   739.1     11.58     72.0    2688   107    14.38    -13.72      4.31     9     1.1    2687     0   0   0   0    14.3561   -68.1236     8816    27.90     32.21      336.50
0078    38.7   739.7     11.61     72.3    2681   107    14.44    -13.78      4.31     9     1.1    2681     0   0   0   0    14.3562   -68.1236     8795    28.01     32.34      336.59
0079    39.2   740.3     11.63     72.6    2675   107    14.52    -13.86      4.34     9     1.1    2674     0   0   0   0    14.3562   -68.1237     8774    28.17     32.53      336.69
0080    39.7   740.8     11.66     72.9    2668   107    14.63    -13.96      4.39     9     1.2    2668     0   0   0   0    14.3562   -68.1238     8753    28.39     32.78      336.80
0081    40.2   741.4     11.69     73.2    2662   108    14.77    -14.08      4.46     9     1.2    2661     0   0   0   0    14.3562   -68.1238     8732    28.66     33.09      336.90
0082    40.7   742.0     11.72     73.5    2655   108    14.93    -14.22      4.56     9     1.2    2655     0   0   0   0    14.3562   -68.1239     8710    28.97     33.45      337.01
0083    41.2   742.5     11.75     73.8    2649   108    15.11    -14.37      4.67     9     1.2    2649     0   0   0   0    14.3563   -68.1240     8689    29.31     33.84      337.11
0084    41.7   743.1     11.78     74.1    2643   108    15.30    -14.52      4.80     9     1.2    2642     0   0   0   0    14.3563   -68.1240     8669    29.67     34.26      337.20
0085    42.2   743.7     11.81     74.4    2636   109    15.49    -14.68      4.92     9     1.2    2636     0   0   0   0    14.3563   -68.1241     8648    30.04     34.69      337.29
0086    42.7   744.2     11.84     74.6    2630   109    15.68    -14.84      5.05     9     1.3    2629     0   0   0   0    14.3563   -68.1242     8627    30.41     35.11      337.37
0087    43.2   744.8     11.87     74.9    2624   109    15.86    -14.99      5.17     9     1.3    2623     0   0   0   0    14.3564   -68.1242     8606    30.77     35.52      337.45
0088    43.7   745.4     11.90     75.1    2617   109    16.03    -15.14      5.28     9     1.3    2617     0   0   0   0    14.3564   -68.1243     8585    31.10     35.91      337.53
0089    44.2   745.9     11.93     75.3    2611   109    16.19    -15.28      5.38     9     1.3    2610     0   0   0   0    14.3564   -68.1244     8564    31.42     36.28      337.60
0090    44.7   746.5     11.96     75.5    2605   109    16.34    -15.41      5.45     9     1.2    2604     0   0   0   0    14.3564   -68.1244     8543    31.71     36.61      337.68
0091    45.2   747.0     11.99     75.8    2598   110    16.48    -15.53      5.51     9     1.2    2598     0   0   0   0    14.3565   -68.1245     8522    31.97     36.92      337.76
0092    45.7   747.6     12.02     76.1    2592   109    16.61    -15.66      5.54     9     1.2    2591     0   0   0   0    14.3565   -68.1246     8502    32.22     37.20      337.84
0093    46.2   748.2     12.04     76.4    2585   109    16.73    -15.78      5.55     9     1.2    2585     0   0   0   0    14.3565   -68.1247     8481    32.46     37.47      337.94
0094    46.7   748.8     12.06     76.8    2579   109    16.85    -15.91      5.54     9     1.1    2578     0   0   0   0    14.3565   -68.1247     8460    32.68     37.74      338.04
0095    47.2   749.3     12.08     77.2    2573   109    16.96    -16.04      5.52     9     1.1    2572     0   0   0   0    14.3566   -68.1248     8438    32.91     38.00      338.14
0096    47.7   749.9     12.10     77.6    2566   109    17.08    -16.18      5.48     9     1.1    2566     0   0   0   0    14.3566   -68.1249     8417    33.13     38.26      338.26
0097    48.2   750.5     12.12     78.0    2560   108    17.20    -16.32      5.42     9     1.0    2559     0   0   0   0    14.3566   -68.1250     8396    33.36     38.52      338.37
0098    48.7   751.1     12.13     78.5    2553   108    17.32    -16.47      5.36     9     1.0    2553     0   0   0   0    14.3566   -68.1250     8375    33.60     38.80      338.47
0099    49.2   751.6     12.15     78.9    2547   108    17.44    -16.62      5.27     9     1.0    2546     0   0   0   0    14.3567   -68.1251     8354    33.83     39.07      338.58
0100    49.7   752.2     12.16     79.3    2540   107    17.56    -16.78      5.18     9     1.0    2540     0   0   0   0    14.3567   -68.1252     8332    34.06     39.33      338.67
0101    50.2   752.8     12.17     79.7    2534   107    17.67    -16.93      5.07     9      .9    2533     0   0   0   0    14.3567   -68.1253     8311    34.28     39.58      338.76
0102    50.7   753.4     12.18     80.1    2527   106    17.77    -17.07      4.95     9      .9    2527     0   0   0   0    14.3567   -68.1254     8290    34.48     39.81      338.83
0103    51.2   754.0     12.20     80.4    2521   106    17.86    -17.20      4.81     9      .9    2520     0   0   0   0    14.3567   -68.1254     8268    34.64     40.00      338.89
0104    51.7   754.6     12.22     80.7    2514   105    17.92    -17.30      4.66     9      .9    2514     0   0   0   0    14.3568   -68.1255     8247    34.77     40.14      338.94
0105    52.2   755.1     12.24     80.9    2508   104    17.96    -17.39      4.49     9      .9    2507     0   0   0   0    14.3568   -68.1256     8226    34.85     40.24      338.98
0106    52.7   755.7     12.26     81.0    2501   104    17.98    -17.46      4.31    10      .9    2501     0   0   0   0    14.3568   -68.1257     8204    34.89     40.28      339.02
0107    53.2   756.3     12.29     81.2    2495   103    17.98    -17.50      4.12    10      .8    2494     0   0   0   0    14.3568   -68.1258     8183    34.88     40.28      339.05
0108    53.7   756.9     12.32     81.3    2488   103    17.96    -17.53      3.92    10      .8    2488     0   0   0   0    14.3568   -68.1258     8161    34.84     40.23      339.07
0109    54.2   757.5     12.35     81.3    2482   102    17.92    -17.53      3.72    10      .8    2481     0   0   0   0    14.3569   -68.1259     8140    34.77     40.15      339.10
0110    54.7   758.1     12.38     81.4    2475   101    17.88    -17.53      3.53    10      .8    2475     0   0   0   0    14.3569   -68.1260     8119    34.69     40.06      339.13
0111    55.2   758.7     12.42     81.4    2469   101    17.84    -17.52      3.35    10      .8    2468     0   0   0   0    14.3569   -68.1261     8097    34.61     39.96      339.16
0112    55.7   759.3     12.46     81.4    2462   100    17.80    -17.51      3.19    10      .8    2461     0   0   0   0    14.3569   -68.1262     8076    34.53     39.87      339.19
0113    56.2   759.8     12.50     81.4    2455   100    17.77    -17.50      3.06    10      .8    2455     0   0   0   0    14.3569   -68.1263     8054    34.47     39.80      339.22
0114    56.7   760.4     12.54     81.4    2449   100    17.75    -17.50      2.96    10      .8    2448     0   0   0   0    14.3569   -68.1264     8033    34.43     39.76      339.26
0115    57.2   761.0     12.58     81.5    2442    99    17.75    -17.51      2.91    10      .8    2442     0   0   0   0    14.3569   -68.1264     8011    34.43     39.75      339.29
0116    57.7   761.6     12.62     81.4    2436    99    17.76    -17.52      2.89    10      .8    2435     0   0   0   0    14.3570   -68.1265     7990    34.45     39.78      339.32
0117    58.2   762.2     12.67     81.4    2429    99    17.78    -17.54      2.91    10      .8    2429     0   0   0   0    14.3570   -68.1266     7968    34.50     39.83      339.35
0118    58.7   762.8     12.71     81.4    2423   100    17.82    -17.57      2.97    10      .8    2422     0   0   0   0    14.3570   -68.1267     7947    34.57     39.92      339.38
0119    59.2   763.4     12.75     81.4    2416   100    17.86    -17.60      3.05    10      .8    2416     0   0   0   0    14.3570   -68.1268     7925    34.65     40.01      339.40
0120    59.7   764.0     12.79     81.3    2410   100    17.91    -17.63      3.14    10      .8    2409     0   0   0   0    14.3570   -68.1269     7904    34.75     40.12      339.41
0121    60.2   764.6     12.83     81.3    2403   100    17.96    -17.66      3.24    10      .8    2403     0   0   0   0    14.3570   -68.1269     7882    34.84     40.22      339.42
0122    60.7   765.2     12.87     81.2    2397   101    18.00    -17.69      3.33    10      .8    2396     0   0   0   0    14.3570   -68.1270     7861    34.92     40.32      339.42
0123    61.2   765.8     12.91     81.1    2390   101    18.03    -17.71      3.40    10      .8    2390     0   0   0   0    14.3571   -68.1271     7840    34.98     40.39      339.41
0124    61.7   766.4     12.95     81.0    2384   101    18.06    -17.73      3.43    10      .8    2383     0   0   0   0    14.3571   -68.1272     7818    35.03     40.45      339.40
0125    62.2   767.0     12.99     80.9    2377   101    18.08    -17.75      3.42    10      .8    2377     0   0   0   0    14.3571   -68.1273     7797    35.07     40.49      339.37
0126    62.7   767.5     13.03     80.7    2371   101    18.09    -17.77      3.36    10      .8    2370     0   0   0   0    14.3571   -68.1274     7776    35.09     40.52      339.33
0127    63.2   768.1     13.06     80.5    2364   100    18.10    -17.81      3.24    10      .7    2364     0   0   0   0    14.3571   -68.1274     7754    35.12     40.55      339.29
0128    63.7   768.7     13.10     80.4    2358   100    18.12    -17.85      3.08    10      .7    2357     0   0   0   0    14.3571   -68.1275     7733    35.15     40.59      339.24
0129    64.2   769.3     13.14     80.2    2351    99    18.15    -17.92      2.87    10      .6    2350     0   0   0   0    14.3571   -68.1276     7711    35.21     40.65      339.19
0130    64.7   769.9     13.17     80.0    2344    98    18.20    -18.01      2.61    10      .6    2344     0   0   0   0    14.3572   -68.1277     7690    35.31     40.77      339.13
0131    65.2   770.5     13.21     79.8    2338    97    18.28    -18.13      2.33    10      .5    2337     0   0   0   0    14.3572   -68.1278     7668    35.46     40.94      339.07
0132    65.7   771.1     13.24     79.7    2331    96    18.39    -18.27      2.03    10      .5    2331     0   0   0   0    14.3572   -68.1279     7646    35.67     41.18      339.02
0133    66.2   771.8     13.27     79.6    2324    95    18.52    -18.44      1.73    10      .4    2324     0   0   0   0    14.3572   -68.1279     7624    35.94     41.49      338.97
0134    66.7   772.4     13.30     79.5    2318    94    18.69    -18.63      1.44    10      .4    2317     0   0   0   0    14.3572   -68.1280     7602    36.26     41.87      338.93
0135    67.2   773.0     13.32     79.5    2311    94    18.88    -18.84      1.17    10      .4    2311     0   0   0   0    14.3572   -68.1281     7580    36.63     42.29      338.91
0136    67.7   773.6     13.35     79.5    2304    93    19.09    -19.06       .94    10      .3    2304     0   0   0   3    14.3572   -68.1282     7558    37.03     42.75      338.90
0137    68.2   774.2     13.37     79.7    2298    92    19.30    -19.28       .76    10      .3    2297     0   0   0   0    14.3572   -68.1283     7536    37.44     43.23      338.91
0138    68.7   774.8     13.38     79.9    2291    92    19.51    -19.50       .63    10      .3    2290     0   0   0   0    14.3572   -68.1284     7514    37.85     43.70      338.94
0139    69.2   775.5     13.40     80.1    2284    92    19.71    -19.70       .55    10      .3    2284     0   0   0   0    14.3572   -68.1285     7492    38.24     44.15      338.98
0140    69.7   776.1     13.41     80.5    2277    92    19.89    -19.89       .53    10      .3    2277     0   0   0   0    14.3572   -68.1286     7470    38.60     44.56      339.04
0141    70.2   776.7     13.41     80.9    2271    92    20.06    -20.05       .55    10      .3    2270     0   0   0   0    14.3572   -68.1287     7448    38.92     44.93      339.10
0142    70.7   777.3     13.42     81.3    2264    92    20.20    -20.19       .61    10      .4    2263     0   0   0   0    14.3572   -68.1288     7426    39.19     45.25      339.18
0143    71.2   777.9     13.42     81.7    2257    92    20.32    -20.31       .71    10      .4    2257     0   0   0   0    14.3572   -68.1288     7404    39.43     45.52      339.25
0144    71.7   778.5     13.42     82.2    2251    92    20.42    -20.41       .84    10      .4    2250     0   0   0   3    14.3572   -68.1289     7382    39.62     45.75      339.31
0145    72.2   779.2     13.42     82.6    2244    93    20.51    -20.48       .98    10      .4    2243     0   0   0   3    14.3572   -68.1290     7360    39.78     45.93      339.37
0146    72.7   779.8     13.42     83.0    2237    93    20.57    -20.54      1.13    10      .5    2237     0   0   0   0    14.3572   -68.1291     7339    39.91     46.09      339.41
0147    73.2   780.4     13.42     83.3    2231    94    20.63    -20.59      1.28    10      .5    2230     0   0   0   0    14.3572   -68.1292     7317    40.03     46.22      339.44
0148    73.7   781.0     13.43     83.5    2224    94    20.68    -20.63      1.43    10      .6    2224     0   0   0   0    14.3572   -68.1293     7295    40.12     46.33      339.45
0149    74.2   781.6     13.43     83.7    2218    94    20.73    -20.67      1.56    10      .6    2217     0   0   0   0    14.3573   -68.1294     7274    40.22     46.44      339.44
0150    74.7   782.2     13.45     83.8    2211    95    20.78    -20.71      1.69    10      .6    2211     0   0   0   0    14.3573   -68.1295     7252    40.31     46.54      339.41
0151    75.2   782.8     13.46     83.9    2205    95    20.82    -20.75      1.80    10      .7    2204     0   0   0   0    14.3573   -68.1296     7231    40.40     46.65      339.38
0152    75.7   783.4     13.48     83.9    2198    95    20.87    -20.79      1.89    10      .7    2198     0   0   0   0    14.3573   -68.1297     7210    40.49     46.75      339.33
0153    76.2   784.0     13.51     83.8    2192    95    20.92    -20.82      1.97    10      .8    2191     0   0   0   0    14.3573   -68.1298     7189    40.58     46.85      339.29
0154    76.7   784.6     13.53     83.7    2185    96    20.96    -20.86      2.03    10      .8    2185     0   0   0   0    14.3573   -68.1299     7167    40.66     46.94      339.24
0155    77.2   785.2     13.57     83.5    2179    96    20.99    -20.88      2.08    10      .8    2178     0   0   0   0    14.3573   -68.1300     7146    40.72     47.01      339.20
0156    77.7   785.8     13.61     83.4    2172    96    21.01    -20.90      2.11    10      .8    2172     0   0   0   0    14.3573   -68.1301     7125    40.75     47.05      339.17
0157    78.2   786.4     13.65     83.2    2166    96    21.01    -20.90      2.13    10      .9    2165     0   0   0   0    14.3573   -68.1302     7104    40.76     47.06      339.15
0158    78.7   787.0     13.69     83.1    2160    96    20.99    -20.88      2.13    10      .9    2159     0   0   0   0    14.3573   -68.1303     7083    40.72     47.02      339.14
0159    79.2   787.6     13.74     83.0    2153    96    20.95    -20.85      2.13    10      .9    2153     0   0   0   0    14.3573   -68.1304     7062    40.65     46.94      339.15
0160    79.7   788.2     13.79     82.8    2147    96    20.90    -20.79      2.11    10      .9    2146     0   0   0   0    14.3574   -68.1305     7042    40.54     46.81      339.17
0161    80.2   788.8     13.84     82.8    2140    96    20.82    -20.71      2.10    10      .9    2140     3   3   3   0    14.3574   -68.1306     7021    40.38     46.63      339.19
0162    80.7   789.4     13.89     82.7    2134    96    20.72    -20.61      2.08    10      .9    2134     3   3   3   0    14.3574   -68.1307     7000    40.19     46.41      339.23
0163    81.2   789.9     13.94     82.6    2128    96    20.60    -20.50      2.06    10      .9    2127     0   0   0   0    14.3574   -68.1308     6979    39.97     46.15      339.27
0164    81.7   790.5     13.98     82.6    2121    96    20.47    -20.37      2.04    10      .9    2121     0   0   0   3    14.3574   -68.1309     6958    39.72     45.86      339.31
0165    82.2   791.1     14.03     82.5    2115    96    20.34    -20.24      2.02    10      .9    2114     0   0   0   0    14.3574   -68.1310     6937    39.45     45.55      339.34
0166    82.7   791.7     14.08     82.5    2109    96    20.20    -20.10      2.01    10      .9    2108     0   0   0   0    14.3574   -68.1311     6916    39.18     45.24      339.37
0167    83.2   792.3     14.12     82.4    2102    96    20.06    -19.96      2.01    10      .9    2102     0   0   0   0    14.3574   -68.1312     6895    38.91     44.93      339.40
0168    83.7   792.9     14.17     82.3    2096    96    19.92    -19.82      2.02    10      .9    2095     0   0   0   0    14.3574   -68.1313     6874    38.65     44.63      339.42
0169    84.2   793.5     14.21     82.2    2090    96    19.80    -19.70      2.03    10      .9    2089     0   0   0   0    14.3574   -68.1313     6854    38.41     44.36      339.43
0170    84.7   794.1     14.26     82.1    2083    96    19.69    -19.58      2.05    10      .9    2083     0   0   0   0    14.3574   -68.1314     6833    38.20     44.11      339.44
0171    85.2   794.7     14.30     82.0    2077    96    19.59    -19.49      2.07    10      .9    2076     0   0   0   0    14.3575   -68.1315     6812    38.01     43.89      339.45
0172    85.7   795.3     14.34     82.0    2070    96    19.51    -19.40      2.10    10      .9    2070     0   0   0   0    14.3575   -68.1316     6791    37.86     43.71      339.46
0173    86.2   795.9     14.38     81.9    2064    96    19.45    -19.33      2.13    10      .9    2064     0   0   0   0    14.3575   -68.1317     6770    37.73     43.57      339.47
0174    86.7   796.5     14.42     81.9    2058    96    19.40    -19.28      2.16    10      .9    2057     0   0   0   0    14.3575   -68.1318     6749    37.63     43.45      339.49
0175    87.2   797.1     14.46     81.9    2051    96    19.36    -19.24      2.19    10     1.0    2051     0   0   0   0    14.3575   -68.1319     6729    37.56     43.37      339.51
0176    87.7   797.7     14.50     81.9    2045    97    19.33    -19.21      2.22    10     1.0    2045     0   0   0   0    14.3575   -68.1320     6708    37.51     43.31      339.55
0177    88.2   798.3     14.53     81.9    2039    97    19.32    -19.19      2.24    10     1.0    2038     3   3   3   3    14.3575   -68.1321     6687    37.47     43.27      339.59
0178    88.7   798.9     14.56     82.0    2033    97    19.31    -19.17      2.26    10     1.0    2032     0   0   0   0    14.3575   -68.1322     6667    37.45     43.24      339.63
0179    89.2   799.5     14.59     82.1    2026    97    19.30    -19.16      2.28    10     1.0    2026     0   0   0   0    14.3575   -68.1323     6646    37.44     43.23      339.68
0180    89.7   800.1     14.62     82.3    2020    97    19.29    -19.16      2.30    10     1.1    2019     0   0   0   3    14.3575   -68.1324     6626    37.43     43.22      339.74
0181    90.2   800.6     14.65     82.4    2014    97    19.29    -19.16      2.31    10     1.1    2013     0   0   0   0    14.3576   -68.1324     6605    37.43     43.22      339.79
0182    90.7   801.2     14.67     82.6    2008    97    19.30    -19.16      2.32    10     1.1    2007     0   0   0   0    14.3576   -68.1325     6585    37.43     43.22      339.83
0183    91.2   801.8     14.70     82.7    2001    97    19.30    -19.16      2.33    10     1.1    2001     0   0   0   0    14.3576   -68.1326     6564    37.44     43.23      339.88
0184    91.7   802.4     14.72     82.9    1995    97    19.30    -19.16      2.33    10     1.1    1995     0   0   0   0    14.3576   -68.1327     6544    37.45     43.24      339.91
0185    92.2   803.0     14.74     83.0    1989    97    19.31    -19.17      2.34    10     1.1    1988     0   0   0   0    14.3576   -68.1328     6523    37.46     43.25      339.94
0186    92.7   803.6     14.76     83.1    1983    97    19.32    -19.17      2.35    10     1.1    1982     0   0   0   0    14.3576   -68.1329     6503    37.48     43.27      339.95
0187    93.2   804.2     14.78     83.2    1976    97    19.33    -19.18      2.36    10     1.1    1976     0   0   0   0    14.3576   -68.1330     6483    37.50     43.30      339.96
0188    93.7   804.8     14.81     83.2    1970    97    19.35    -19.20      2.37    10     1.1    1970     0   0   0   3    14.3576   -68.1331     6462    37.53     43.33      339.96
0189    94.2   805.4     14.83     83.3    1964    97    19.37    -19.22      2.39    10     1.1    1964     0   0   0   0    14.3576   -68.1332     6442    37.57     43.38      339.96
0190    94.7   805.9     14.86     83.3    1958    97    19.39    -19.24      2.41    10     1.1    1957     0   0   0   0    14.3577   -68.1333     6422    37.62     43.44      339.96
0191    95.2   806.5     14.88     83.3    1952    97    19.42    -19.27      2.43    10     1.1    1951     0   0   0   0    14.3577   -68.1334     6401    37.68     43.51      339.97
0192    95.7   807.1     14.91     83.4    1945    97    19.46    -19.31      2.44    10     1.1    1945     0   0   0   0    14.3577   -68.1335     6381    37.75     43.59      339.98
0193    96.2   807.7     14.94     83.4    1939    97    19.50    -19.35      2.46    10     1.1    1939     0   0   0   0    14.3577   -68.1335     6360    37.84     43.69      339.99
0194    96.7   808.3     14.97     83.5    1933    97    19.55    -19.39      2.47    10     1.1    1932     0   0   0   3    14.3577   -68.1336     6340    37.93     43.79      340.02
0195    97.2   808.9     14.99     83.6    1927    97    19.60    -19.44      2.48    10     1.1    1926     0   0   0   3    14.3577   -68.1337     6319    38.02     43.90      340.05
0196    97.7   809.5     15.02     83.7    1921    97    19.65    -19.49      2.48    10     1.1    1920     0   0   0   3    14.3577   -68.1338     6299    38.12     44.02      340.09
0197    98.2   810.1     15.05     83.9    1914    97    19.70    -19.55      2.48    10     1.1    1914     0   0   0   3    14.3577   -68.1339     6279    38.22     44.13      340.15
0198    98.7   810.7     15.07     84.0    1908    97    19.75    -19.60      2.46    10     1.1    1908     0   0   0   3    14.3577   -68.1340     6258    38.32     44.25      340.20
0199    99.2   811.3     15.09     84.2    1902    97    19.81    -19.65      2.44    10     1.1    1901     0   0   0   0    14.3578   -68.1341     6238    38.42     44.36      340.26
0200    99.7   811.9     15.12     84.4    1896    97    19.86    -19.71      2.41    10     1.2    1895     0   0   0   0    14.3578   -68.1342     6218    38.52     44.48      340.31
0201   100.2   812.4     15.14     84.6    1890    97    19.91    -19.76      2.37    10     1.2    1889     0   0   0   0    14.3578   -68.1343     6198    38.62     44.59      340.36
0202   100.7   813.0     15.15     84.8    1883    97    19.96    -19.82      2.32    10     1.2    1883     0   0   0   0    14.3578   -68.1344     6178    38.71     44.70      340.41
0203   101.2   813.6     15.17     85.0    1877    97    20.00    -19.87      2.27    10     1.2    1877     0   0   0   0    14.3578   -68.1345     6158    38.81     44.81      340.45
0204   101.7   814.2     15.19     85.1    1871    96    20.05    -19.93      2.21    10     1.2    1871     0   0   0   0    14.3578   -68.1346     6137    38.90     44.91      340.48
0205   102.2   814.8     15.21     85.3    1865    96    20.10    -19.98      2.15    10     1.2    1865     0   0   0   0    14.3578   -68.1346     6117    38.99     45.02      340.49
0206   102.7   815.4     15.23     85.4    1859    96    20.15    -20.04      2.08    10     1.2    1858     0   0   0   0    14.3578   -68.1347     6097    39.08     45.13      340.51
0207   103.2   816.0     15.25     85.4    1853    96    20.19    -20.09      2.02    10     1.2    1852     0   0   0   0    14.3578   -68.1348     6077    39.18     45.23      340.51
0208   103.7   816.6     15.28     85.5    1847    96    20.24    -20.15      1.96    10     1.2    1846     0   0   0   3    14.3578   -68.1349     6057    39.27     45.35      340.51
0209   104.2   817.1     15.30     85.5    1841    95    20.30    -20.21      1.91    10     1.2    1840     0   0   0   0    14.3579   -68.1350     6037    39.38     45.46      340.50
0210   104.7   817.7     15.33     85.5    1834    95    20.35    -20.27      1.86    10     1.2    1834     0   0   0   0    14.3579   -68.1351     6017    39.48     45.59      340.50
0211   105.2   818.3     15.36     85.5    1828    95    20.41    -20.33      1.81    10     1.2    1828     0   0   0   0    14.3579   -68.1352     5996    39.59     45.71      340.50
0212   105.7   818.9     15.39     85.4    1822    95    20.46    -20.39      1.77    10     1.2    1822     0   0   0   0    14.3579   -68.1353     5976    39.70     45.83      340.50
0213   106.2   819.5     15.42     85.4    1816    95    20.52    -20.44      1.73    10     1.2    1815     0   0   0   0    14.3579   -68.1354     5956    39.80     45.96      340.50
0214   106.7   820.1     15.46     85.3    1810    95    20.57    -20.50      1.70    10     1.2    1809     0   0   0   0    14.3579   -68.1355     5936    39.90     46.07      340.50
0215   107.2   820.7     15.49     85.3    1804    95    20.61    -20.55      1.67    10     1.2    1803     0   0   0   0    14.3579   -68.1356     5916    39.99     46.17      340.51
0216   107.7   821.3     15.53     85.2    1798    95    20.65    -20.59      1.65    10     1.3    1797     0   0   0   3    14.3579   -68.1357     5896    40.07     46.27      340.51
0217   108.2   821.9     15.57     85.1    1792    95    20.69    -20.62      1.63    10     1.3    1791     0   0   0   3    14.3579   -68.1358     5876    40.13     46.34      340.52
0218   108.7   822.4     15.61     85.0    1786    94    20.71    -20.65      1.62    10     1.3    1785     0   0   0   3    14.3579   -68.1359     5856    40.18     46.40      340.53
0219   109.2   823.0     15.65     84.9    1780    94    20.73    -20.67      1.61    10     1.3    1779     0   0   0   0    14.3579   -68.1360     5836    40.22     46.44      340.53
0220   109.7   823.6     15.70     84.8    1773    94    20.74    -20.68      1.61    10     1.4    1773     0   0   0   0    14.3579   -68.1361     5817    40.24     46.46      340.52
0221   110.2   824.2     15.74     84.6    1767    94    20.75    -20.68      1.62    10     1.4    1767     0   0   0   0    14.3579   -68.1362     5797    40.25     46.47      340.51
0222   110.7   824.8     15.79     84.4    1761    94    20.75    -20.68      1.63    10     1.4    1761     0   0   0   0    14.3580   -68.1363     5777    40.25     46.47      340.49
0223   111.2   825.4     15.83     84.2    1755    95    20.74    -20.68      1.64    10     1.4    1755     0   0   0   0    14.3580   -68.1364     5758    40.24     46.46      340.47
0224   111.7   825.9     15.88     83.9    1750    95    20.74    -20.67      1.65    10     1.4    1749     0   0   0   0    14.3580   -68.1365     5738    40.23     46.45      340.44
0225   112.2   826.5     15.93     83.7    1744    95    20.73    -20.66      1.67    10     1.4    1743     0   0   0   0    14.3580   -68.1366     5718    40.22     46.44      340.41
0226   112.7   827.1     15.98     83.5    1738    95    20.72    -20.65      1.68    10     1.3    1737     0   0   0   0    14.3580   -68.1367     5699    40.20     46.42      340.39
0227   113.2   827.7     16.02     83.3    1731    95    20.71    -20.65      1.69    10     1.3    1731     0   0   0   0    14.3580   -68.1367     5679    40.19     46.40      340.36
0228   113.7   828.3     16.06     83.1    1725    95    20.71    -20.64      1.68    10     1.3    1725     0   0   0   0    14.3580   -68.1368     5659    40.17     46.38      340.34
0229   114.2   828.9     16.11     82.9    1719    95    20.69    -20.63      1.67    10     1.3    1719     0   0   0   0    14.3580   -68.1369     5639    40.15     46.36      340.33
0230   114.7   829.4     16.14     82.8    1713    95    20.68    -20.62      1.64    10     1.3    1713     0   0   0   0    14.3580   -68.1370     5620    40.12     46.33      340.32
0231   115.2   830.0     16.18     82.8    1707    94    20.67    -20.60      1.60    10     1.3    1707     0   0   0   0    14.3580   -68.1371     5600    40.09     46.29      340.33
0232   115.7   830.6     16.21     82.8    1701    94    20.64    -20.59      1.55    10     1.2    1701     0   0   0   0    14.3580   -68.1372     5580    40.05     46.24      340.35
0233   116.2   831.2     16.24     82.9    1695    94    20.62    -20.57      1.48    10     1.2    1695     0   0   0   0    14.3580   -68.1373     5560    40.00     46.19      340.38
0234   116.7   831.8     16.26     83.0    1689    94    20.59    -20.54      1.40    10     1.2    1689     0   0   0   0    14.3580   -68.1374     5540    39.95     46.12      340.41
0235   117.2   832.4     16.28     83.2    1683    94    20.56    -20.51      1.32    10     1.2    1683     0   0   0   0    14.3580   -68.1375     5520    39.88     46.05      340.46
0236   117.7   833.0     16.30     83.4    1677    93    20.52    -20.48      1.24    10     1.2    1676     0   0   0   0    14.3581   -68.1376     5500    39.81     45.97      340.51
0237   118.2   833.6     16.31     83.6    1671    93    20.49    -20.45      1.16    10     1.2    1670     0   0   0   0    14.3581   -68.1377     5480    39.74     45.89      340.56
0238   118.7   834.2     16.32     83.9    1665    93    20.45    -20.42      1.09    10     1.2    1664     0   0   0   0    14.3581   -68.1378     5460    39.67     45.81      340.60
0239   119.2   834.8     16.33     84.1    1659    93    20.42    -20.39      1.03    10     1.2    1658     0   0   0   0    14.3581   -68.1379     5441    39.61     45.73      340.65
0240   119.7   835.4     16.34     84.4    1653    93    20.39    -20.36       .98    10     1.2    1652     0   0   0   0    14.3581   -68.1380     5421    39.55     45.67      340.69
0241   120.2   836.0     16.35     84.6    1647    93    20.36    -20.34       .95    10     1.2    1646     0   0   0   0    14.3581   -68.1381     5401    39.50     45.61      340.72
0242   120.7   836.5     16.35     84.9    1641    93    20.35    -20.32       .94    10     1.2    1640     0   0   0   0    14.3581   -68.1382     5381    39.47     45.57      340.75
0243   121.2   837.1     16.36     85.0    1635    93    20.33    -20.31       .94    10     1.2    1634     0   0   0   0    14.3581   -68.1383     5361    39.45     45.55      340.76
0244   121.7   837.7     16.38     85.2    1628    93    20.33    -20.31       .96    10     1.2    1628     0   0   0   0    14.3581   -68.1383     5341    39.44     45.54      340.77
0245   122.2   838.3     16.39     85.3    1622    93    20.34    -20.31       .98    10     1.2    1622     0   0   0   0    14.3581   -68.1384     5321    39.45     45.55      340.77
0246   122.7   838.9     16.40     85.4    1616    93    20.35    -20.32      1.01    10     1.2    1616     0   0   0   0    14.3581   -68.1385     5301    39.47     45.57      340.76
0247   123.2   839.5     16.42     85.4    1610    93    20.36    -20.33      1.04    10     1.2    1610     0   0   0   3    14.3581   -68.1386     5281    39.50     45.61      340.75
0248   123.7   840.1     16.44     85.5    1604    93    20.38    -20.35      1.06    10     1.2    1604     0   0   0   0    14.3581   -68.1387     5262    39.53     45.65      340.73
0249   124.2   840.7     16.46     85.4    1598    93    20.40    -20.37      1.08    10     1.3    1598     0   0   0   3    14.3581   -68.1388     5242    39.57     45.69      340.71
0250   124.7   841.3     16.49     85.4    1592    93    20.42    -20.39      1.08    10     1.3    1592     0   0   0   0    14.3581   -68.1389     5222    39.61     45.73      340.69
0251   125.2   841.9     16.51     85.4    1586    93    20.43    -20.41      1.07    10     1.3    1586     0   0   0   0    14.3581   -68.1390     5203    39.64     45.77      340.66
0252   125.7   842.5     16.54     85.3    1580    93    20.45    -20.42      1.05    10     1.3    1580     0   0   0   3    14.3581   -68.1391     5183    39.68     45.81      340.63
0253   126.2   843.1     16.57     85.2    1574    93    20.47    -20.44      1.02    10     1.3    1574     0   0   0   0    14.3581   -68.1392     5163    39.71     45.84      340.61
0254   126.7   843.7     16.60     85.1    1568    93    20.48    -20.45       .98    10     1.3    1568     0   0   0   0    14.3581   -68.1393     5144    39.73     45.87      340.58
0255   127.2   844.2     16.63     85.0    1562    93    20.49    -20.46       .94    10     1.3    1562     0   0   0   3    14.3581   -68.1394     5124    39.74     45.89      340.56
0256   127.7   844.8     16.67     84.9    1556    92    20.49    -20.47       .89    10     1.3    1556     0   0   0   3    14.3581   -68.1394     5105    39.75     45.89      340.53
0257   128.2   845.4     16.70     84.8    1550    92    20.48    -20.47       .84    10     1.3    1550     0   0   0   3    14.3581   -68.1395     5085    39.74     45.88      340.51
0258   128.7   846.0     16.73     84.7    1544    92    20.47    -20.45       .79    10     1.3    1544     0   0   0   0    14.3582   -68.1396     5065    39.71     45.85      340.49
0259   129.2   846.6     16.76     84.7    1538    92    20.45    -20.43       .76    10     1.3    1538     0   0   0   0    14.3582   -68.1397     5045    39.66     45.80      340.47
0260   129.7   847.2     16.79     84.6    1532    92    20.41    -20.40       .73    10     1.3    1532     0   0   0   0    14.3582   -68.1398     5026    39.59     45.72      340.46
0261   130.2   847.8     16.82     84.6    1526    92    20.36    -20.35       .71    10     1.3    1526     0   0   0   0    14.3582   -68.1399     5006    39.49     45.60      340.45
0262   130.7   848.4     16.84     84.6    1520    92    20.29    -20.28       .70    10     1.3    1520     0   0   0   0    14.3582   -68.1400     4986    39.36     45.45      340.44
0263   131.2   849.0     16.87     84.6    1514    92    20.21    -20.20       .71    10     1.3    1514     3   3   3   0    14.3582   -68.1401     4967    39.20     45.27      340.43
0264   131.7   849.6     16.89     84.6    1509    92    20.11    -20.10       .73    10     1.4    1508     0   0   0   3    14.3582   -68.1402     4947    39.01     45.04      340.43
0265   132.2   850.2     16.91     84.7    1503    92    20.00    -19.98       .76    10     1.4    1502     0   0   0   0    14.3582   -68.1403     4928    38.79     44.79      340.43
0266   132.7   850.8     16.93     84.7    1497    92    19.87    -19.86       .79    10     1.5    1496     0   0   0   0    14.3582   -68.1404     4909    38.55     44.52      340.43
0267   133.2   851.3     16.95     84.8    1491    92    19.74    -19.72       .83    10     1.5    1490     0   0   0   3    14.3582   -68.1404     4889    38.30     44.22      340.44
0268   133.7   851.9     16.97     84.8    1485    93    19.61    -19.59       .87    10     1.6    1484     0   0   0   3    14.3582   -68.1405     4870    38.04     43.92      340.44
0269   134.2   852.5     16.99     84.9    1479    93    19.48    -19.45       .91    10     1.6    1479     0   0   0   0    14.3582   -68.1406     4851    37.78     43.63      340.44
0270   134.7   853.1     17.01     85.0    1473    93    19.35    -19.33       .94    10     1.6    1473     0   0   0   0    14.3582   -68.1407     4832    37.54     43.34      340.45
0271   135.2   853.6     17.03     85.0    1468    93    19.24    -19.21       .97    10     1.7    1467     0   0   0   0    14.3582   -68.1408     4814    37.32     43.09      340.45
0272   135.7   854.2     17.05     85.1    1462    93    19.14    -19.11       .99    10     1.7    1461     0   0   0   0    14.3582   -68.1409     4795    37.12     42.86      340.45
0273   136.2   854.8     17.08     85.1    1456    93    19.05    -19.03      1.00    10     1.7    1456     0   0   0   0    14.3582   -68.1410     4776    36.96     42.68      340.45
0274   136.7   855.4     17.10     85.1    1451    93    18.99    -18.96      1.00    10     1.7    1450     0   0   0   3    14.3582   -68.1411     4757    36.84     42.53      340.45
0275   137.2   855.9     17.13     85.0    1445    93    18.94    -18.92       .98    10     1.6    1444     0   0   0   0    14.3582   -68.1412     4738    36.75     42.43      340.45
0276   137.7   856.5     17.16     85.0    1439    93    18.91    -18.89       .96    10     1.6    1438     0   0   0   0    14.3582   -68.1413     4719    36.69     42.36      340.45
0277   138.2   857.1     17.20     84.9    1433    93    18.90    -18.87       .93    10     1.5    1433     0   0   0   0    14.3582   -68.1413     4700    36.66     42.33      340.45
0278   138.7   857.7     17.23     84.9    1427    93    18.89    -18.87       .89    10     1.5    1427     0   0   0   0    14.3582   -68.1414     4681    36.65     42.31      340.45
0279   139.2   858.3     17.27     84.8    1422    93    18.89    -18.87       .85    10     1.4    1421     0   0   0   3    14.3582   -68.1415     4662    36.64     42.31      340.46
0280   139.7   858.8     17.31     84.7    1416    92    18.89    -18.87       .81    10     1.3    1415     0   0   0   0    14.3582   -68.1416     4643    36.64     42.30      340.46
0281   140.2   859.4     17.35     84.6    1410    92    18.88    -18.86       .78    10     1.3    1409     0   0   0   0    14.3582   -68.1417     4623    36.62     42.29      340.47
0282   140.7   860.0     17.39     84.5    1404    92    18.86    -18.85       .75    10     1.2    1403     0   0   0   0    14.3582   -68.1418     4604    36.59     42.25      340.48
0283   141.2   860.6     17.43     84.4    1398    92    18.83    -18.82       .74    10     1.2    1397     0   0   0   0    14.3582   -68.1418     4584    36.53     42.18      340.49
0284   141.7   861.2     17.48     84.3    1392    92    18.79    -18.77       .74    10     1.2    1391     0   0   0   0    14.3583   -68.1419     4565    36.45     42.09      340.50
0285   142.2   861.8     17.52     84.2    1386    92    18.73    -18.71       .75    10     1.1    1385     0   0   0   0    14.3583   -68.1420     4545    36.33     41.95      340.52
0286   142.7   862.5     17.57     84.1    1380    92    18.65    -18.64       .79    10     1.1    1379     0   0   0   0    14.3583   -68.1421     4525    36.19     41.79      340.55
0287   143.2   863.1     17.61     84.0    1374    93    18.57    -18.55       .85    10     1.1    1373     0   0   0   0    14.3583   -68.1422     4505    36.02     41.59      340.57
0288   143.7   863.7     17.65     83.9    1368    93    18.47    -18.45       .93    10     1.1    1367     0   0   0   0    14.3583   -68.1423     4486    35.84     41.38      340.60
0289   144.2   864.3     17.69     83.9    1362    93    18.37    -18.34      1.04    10     1.2    1361     0   0   0   0    14.3583   -68.1423     4466    35.64     41.15      340.63
0290   144.7   864.9     17.74     83.8    1356    94    18.27    -18.23      1.16    10     1.2    1355     0   0   0   0    14.3583   -68.1424     4446    35.44     40.92      340.65
0291   145.2   865.5     17.78     83.8    1350    94    18.17    -18.12      1.29    10     1.2    1349     0   0   0   0    14.3583   -68.1425     4427    35.25     40.70      340.68
0292   145.7   866.1     17.81     83.7    1344    95    18.08    -18.02      1.43    10     1.2    1343     0   0   0   0    14.3583   -68.1426     4407    35.07     40.49      340.70
0293   146.2   866.7     17.85     83.7    1338    95    17.99    -17.92      1.58    10     1.3    1337     0   0   0   0    14.3583   -68.1427     4388    34.90     40.30      340.72
0294   146.7   867.3     17.89     83.6    1332    96    17.92    -17.83      1.73    10     1.3    1332     0   0   0   0    14.3583   -68.1428     4368    34.76     40.13      340.73
0295   147.2   867.9     17.92     83.5    1326    96    17.85    -17.75      1.87    10     1.3    1326     0   0   0   0    14.3583   -68.1429     4349    34.63     39.99      340.73
0296   147.7   868.5     17.96     83.5    1320    96    17.79    -17.68      2.00    10     1.3    1320     0   0   0   0    14.3583   -68.1429     4330    34.52     39.86      340.73
0297   148.2   869.0     17.99     83.4    1314    97    17.74    -17.61      2.12    10     1.3    1314     0   0   0   0    14.3583   -68.1430     4311    34.42     39.74      340.72
0298   148.7   869.6     18.03     83.3    1309    97    17.70    -17.56      2.23    10     1.3    1308     0   0   0   0    14.3583   -68.1431     4291    34.33     39.64      340.70
0299   149.2   870.2     18.06     83.2    1303    98    17.65    -17.50      2.33    10     1.3    1302     0   0   0   0    14.3583   -68.1432     4272    34.25     39.55      340.68
0300   149.7   870.8     18.09     83.1    1297    98    17.61    -17.45      2.42    10     1.3    1296     0   0   0   0    14.3584   -68.1433     4253    34.17     39.46      340.66
0301   150.2   871.4     18.13     83.0    1291    98    17.58    -17.40      2.50    10     1.3    1290     0   0   0   3    14.3584   -68.1434     4234    34.10     39.37      340.64
0302   150.7   872.0     18.16     82.9    1285    98    17.54    -17.35      2.58    10     1.3    1285     0   0   0   0    14.3584   -68.1434     4214    34.02     39.28      340.62
0303   151.2   872.6     18.19     82.8    1279    99    17.50    -17.30      2.65    10     1.3    1279     0   0   0   0    14.3584   -68.1435     4195    33.95     39.20      340.59
0304   151.7   873.2     18.23     82.7    1273    99    17.46    -17.25      2.72    10     1.3    1273     0   0   0   0    14.3584   -68.1436     4176    33.88     39.12      340.57
0305   152.2   873.8     18.26     82.6    1267    99    17.43    -17.20      2.80    10     1.4    1267     0   0   0   0    14.3584   -68.1437     4157    33.82     39.05      340.56
0306   152.7   874.4     18.29     82.5    1262   100    17.40    -17.16      2.89    10     1.4    1261     0   0   0   0    14.3584   -68.1438     4137    33.76     38.98      340.54
0307   153.2   875.0     18.33     82.4    1256   100    17.38    -17.12      2.98    10     1.4    1255     0   0   0   3    14.3584   -68.1438     4118    33.71     38.93      340.54
0308   153.7   875.6     18.36     82.3    1250   100    17.36    -17.08      3.08    10     1.4    1249     0   0   0   3    14.3585   -68.1439     4099    33.68     38.89      340.53
0309   154.2   876.2     18.39     82.3    1244   101    17.35    -17.05      3.19    10     1.4    1244     0   0   0   0    14.3585   -68.1440     4080    33.65     38.86      340.52
0310   154.7   876.8     18.42     82.2    1238   101    17.34    -17.02      3.30    10     1.4    1238     0   0   0   3    14.3585   -68.1441     4061    33.64     38.84      340.52
0311   155.2   877.4     18.46     82.2    1232   101    17.34    -17.00      3.41    10     1.4    1232     0   0   0   0    14.3585   -68.1441     4042    33.63     38.83      340.51
0312   155.7   878.0     18.49     82.1    1227   102    17.33    -16.97      3.52    10     1.4    1226     0   0   0   0    14.3585   -68.1442     4023    33.63     38.83      340.51
0313   156.2   878.6     18.52     82.1    1221   102    17.34    -16.95      3.63    10     1.4    1220     0   0   0   0    14.3585   -68.1443     4004    33.63     38.83      340.50
0314   156.7   879.2     18.55     82.0    1215   102    17.34    -16.93      3.73    10     1.4    1214     0   0   0   0    14.3586   -68.1444     3984    33.63     38.83      340.50
0315   157.2   879.8     18.58     82.0    1209   103    17.33    -16.90      3.83    10     1.3    1209     0   0   0   3    14.3586   -68.1444     3965    33.63     38.83      340.49
0316   157.7   880.3     18.61     81.9    1203   103    17.33    -16.88      3.92    10     1.3    1203     0   0   0   0    14.3586   -68.1445     3946    33.61     38.81      340.49
0317   158.2   880.9     18.64     81.9    1197   103    17.31    -16.85      3.99    10     1.3    1197     0   0   0   3    14.3586   -68.1446     3927    33.59     38.78      340.49
0318   158.7   881.5     18.67     81.9    1192   104    17.29    -16.81      4.07    10     1.3    1191     0   0   0   3    14.3586   -68.1447     3908    33.55     38.74      340.49
0319   159.2   882.2     18.70     81.8    1186   104    17.27    -16.77      4.13    10     1.2    1185     0   0   0   3    14.3586   -68.1447     3888    33.50     38.68      340.49
0320   159.7   882.8     18.73     81.9    1180   104    17.24    -16.72      4.20    10     1.2    1179     0   0   0   0    14.3587   -68.1448     3869    33.44     38.61      340.50
0321   160.2   883.4     18.76     81.9    1174   104    17.20    -16.67      4.26    10     1.2    1173     0   0   0   0    14.3587   -68.1449     3850    33.37     38.53      340.52
0322   160.7   884.0     18.78     81.9    1168   105    17.16    -16.61      4.33    10     1.2    1167     0   0   0   0    14.3587   -68.1450     3830    33.30     38.44      340.54
0323   161.2   884.6     18.81     82.0    1162   105    17.12    -16.55      4.40    10     1.2    1162     0   0   0   3    14.3587   -68.1451     3811    33.21     38.35      340.56
0324   161.7   885.2     18.83     82.0    1156   105    17.07    -16.48      4.47    10     1.2    1156     0   0   0   3    14.3587   -68.1451     3791    33.13     38.25      340.58
0325   162.2   885.8     18.86     82.1    1150   106    17.03    -16.41      4.56    10     1.2    1150     0   0   0   3    14.3588   -68.1452     3772    33.03     38.14      340.61
0326   162.7   886.4     18.88     82.2    1144   106    16.98    -16.33      4.64    10     1.2    1144     0   0   0   3    14.3588   -68.1453     3752    32.94     38.03      340.63
0327   163.2   887.0     18.90     82.3    1138   106    16.93    -16.25      4.74    10     1.2    1138     0   0   0   3    14.3588   -68.1454     3733    32.84     37.92      340.65
0328   163.7   887.6     18.92     82.3    1132   107    16.88    -16.17      4.83    10     1.2    1132     0   0   0   3    14.3588   -68.1454     3714    32.74     37.81      340.66
0329   164.2   888.2     18.94     82.4    1127   107    16.82    -16.08      4.93    10     1.2    1126     0   0   0   0    14.3589   -68.1455     3694    32.63     37.68      340.66
0330   164.7   888.8     18.96     82.4    1121   107    16.76    -15.99      5.02    11     1.3    1120     0   0   0   0    14.3589   -68.1456     3675    32.52     37.55      340.65
0331   165.2   889.4     18.98     82.4    1115   108    16.70    -15.90      5.10    11     1.3    1114     0   0   0   3    14.3589   -68.1457     3656    32.40     37.41      340.64
0332   165.7   890.0     19.00     82.4    1109   108    16.63    -15.80      5.18    11     1.3    1109     0   0   0   3    14.3589   -68.1457     3637    32.27     37.26      340.62
0333   166.2   890.6     19.03     82.4    1103   108    16.56    -15.71      5.24    11     1.3    1103     0   0   0   0    14.3589   -68.1458     3618    32.13     37.10      340.59
0334   166.7   891.2     19.05     82.3    1098   109    16.49    -15.61      5.29    11     1.4    1097     0   0   0   3    14.3590   -68.1459     3599    31.98     36.93      340.56
0335   167.2   891.8     19.08     82.2    1092   109    16.41    -15.52      5.33    11     1.4    1091     0   0   0   3    14.3590   -68.1460     3580    31.84     36.76      340.53
0336   167.7   892.4     19.10     82.2    1086   109    16.34    -15.44      5.34    11     1.4    1085     0   0   0   3    14.3590   -68.1460     3561    31.69     36.59      340.49
0337   168.2   893.0     19.13     82.1    1080   109    16.27    -15.36      5.34    11     1.4    1080     0   0   0   0    14.3590   -68.1461     3542    31.56     36.44      340.47
0338   168.7   893.6     19.17     82.0    1074   109    16.20    -15.30      5.32    11     1.4    1074     0   0   0   0    14.3591   -68.1462     3523    31.43     36.30      340.44
0339   169.2   894.2     19.20     81.9    1069   109    16.15    -15.26      5.29    11     1.4    1068     0   0   0   0    14.3591   -68.1462     3504    31.33     36.18      340.43
0340   169.7   894.8     19.23     81.8    1063   109    16.11    -15.24      5.24    11     1.4    1062     0   0   0   0    14.3591   -68.1463     3485    31.26     36.10      340.42
0341   170.2   895.4     19.27     81.7    1057   109    16.09    -15.24      5.17    11     1.4    1056     0   0   0   0    14.3591   -68.1464     3466    31.22     36.05      340.42
0342   170.7   896.0     19.31     81.7    1051   108    16.09    -15.27      5.09    11     1.4    1051     0   0   0   0    14.3592   -68.1464     3447    31.22     36.05      340.43
0343   171.2   896.6     19.34     81.6    1045   108    16.11    -15.31      5.01    11     1.4    1045     0   0   0   0    14.3592   -68.1465     3428    31.26     36.09      340.45
0344   171.7   897.2     19.38     81.6    1040   108    16.15    -15.38      4.91    11     1.4    1039     0   0   0   0    14.3592   -68.1466     3409    31.33     36.17      340.48
0345   172.2   897.8     19.42     81.5    1034   107    16.20    -15.47      4.81    11     1.4    1033     0   0   0   0    14.3592   -68.1466     3390    31.43     36.29      340.51
0346   172.7   898.4     19.46     81.5    1028   107    16.27    -15.57      4.72    11     1.5    1028     0   0   0   0    14.3592   -68.1467     3371    31.57     36.45      340.54
0347   173.2   899.0     19.49     81.5    1022   106    16.36    -15.69      4.63    11     1.5    1022     0   0   0   0    14.3593   -68.1468     3353    31.73     36.64      340.57
0348   173.7   899.6     19.53     81.5    1017   106    16.45    -15.81      4.54    11     1.5    1016     0   0   0   0    14.3593   -68.1469     3334    31.91     36.85      340.59
0349   174.2   900.2     19.57     81.4    1011   106    16.55    -15.93      4.46    11     1.6    1011     0   0   0   0    14.3593   -68.1469     3315    32.10     37.06      340.62
0350   174.7   900.8     19.60     81.4    1005   105    16.65    -16.06      4.39    11     1.6    1005     0   0   0   0    14.3593   -68.1470     3297    32.29     37.29      340.64
0351   175.2   901.4     19.64     81.3    1000   105    16.74    -16.17      4.34    11     1.6     999     0   0   0   0    14.3593   -68.1471     3278    32.48     37.51      340.66
0352   175.7   902.0     19.68     81.2     994   105    16.84    -16.28      4.30    11     1.7     994     0   0   0   0    14.3594   -68.1472     3260    32.67     37.72      340.67
0353   176.2   902.5     19.72     81.1     989   105    16.93    -16.38      4.27    11     1.7     988     0   0   0   0    14.3594   -68.1472     3242    32.84     37.92      340.67
0354   176.7   903.1     19.76     81.0     983   104    17.01    -16.47      4.26    11     1.7     982     0   0   0   0    14.3594   -68.1473     3223    33.01     38.11      340.68
0355   177.2   903.7     19.80     80.9     977   104    17.09    -16.55      4.25    11     1.7     977     0   0   0   0    14.3594   -68.1474     3205    33.16     38.28      340.68
0356   177.7   904.3     19.84     80.8     972   104    17.16    -16.63      4.25    11     1.6     971     0   0   0   0    14.3594   -68.1475     3187    33.29     38.44      340.68
0357   178.2   904.9     19.89     80.6     966   104    17.23    -16.69      4.26    11     1.6     966     0   0   0   0    14.3595   -68.1475     3168    33.42     38.59      340.68
0358   178.7   905.5     19.93     80.5     961   104    17.29    -16.75      4.26    11     1.6     960     0   0   0   0    14.3595   -68.1476     3150    33.54     38.72      340.68
0359   179.2   906.1     19.98     80.3     955   104    17.34    -16.81      4.27    11     1.6     954     0   0   0   0    14.3595   -68.1477     3131    33.65     38.85      340.69
0360   179.7   906.7     20.03     80.1     949   104    17.40    -16.86      4.28    11     1.6     949     0   0   0   0    14.3595   -68.1478     3113    33.75     38.97      340.69
0361   180.2   907.3     20.08     80.0     944   104    17.45    -16.92      4.28    11     1.6     943     0   0   0   0    14.3595   -68.1479     3094    33.86     39.09      340.70
0362   180.7   907.8     20.13     79.8     938   104    17.50    -16.97      4.28    11     1.6     937     0   0   0   3    14.3596   -68.1479     3076    33.95     39.21      340.71
0363   181.2   908.4     20.18     79.6     932   104    17.55    -17.02      4.27    11     1.6     932     0   0   0   0    14.3596   -68.1480     3057    34.05     39.32      340.72
0364   181.7   909.0     20.23     79.5     927   104    17.60    -17.08      4.25    11     1.6     926     0   0   0   0    14.3596   -68.1481     3039    34.14     39.42      340.73
0365   182.2   909.6     20.28     79.3     921   104    17.64    -17.13      4.23    11     1.6     921     0   0   0   0    14.3596   -68.1482     3020    34.23     39.52      340.74
0366   182.7   910.2     20.33     79.1     915   104    17.69    -17.18      4.20    11     1.6     915     0   0   0   0    14.3596   -68.1482     3002    34.31     39.61      340.74
0367   183.2   910.8     20.38     78.9     910   104    17.72    -17.23      4.17    11     1.7     909     0   0   0   0    14.3597   -68.1483     2983    34.38     39.70      340.75
0368   183.7   911.4     20.43     78.8     904   103    17.76    -17.27      4.13    11     1.7     904     0   0   0   0    14.3597   -68.1484     2965    34.45     39.78      340.75
0369   184.2   912.0     20.48     78.6     899   103    17.79    -17.31      4.09    11     1.7     898     0   0   0   0    14.3597   -68.1485     2947    34.51     39.85      340.75
0370   184.7   912.6     20.52     78.4     893   103    17.82    -17.35      4.04    12     1.7     893     0   0   0   0    14.3597   -68.1486     2929    34.56     39.91      340.75
0371   185.2   913.1     20.57     78.2     888   103    17.84    -17.39      3.99    12     1.8     887     0   0   0   0    14.3597   -68.1486     2910    34.61     39.96      340.74
0372   185.7   913.7     20.62     78.0     882   103    17.86    -17.42      3.95    12     1.8     882     0   0   0   0    14.3597   -68.1487     2892    34.65     40.01      340.73
0373   186.2   914.3     20.66     77.9     877   103    17.88    -17.45      3.90    12     1.8     876     0   0   0   0    14.3598   -68.1488     2874    34.69     40.06      340.72
0374   186.7   914.9     20.71     77.7     871   102    17.90    -17.49      3.85    12     1.9     871     0   0   0   0    14.3598   -68.1489     2856    34.73     40.10      340.70
0375   187.2   915.5     20.76     77.5     866   102    17.93    -17.52      3.80    12     1.9     865     0   0   0   3    14.3598   -68.1490     2838    34.78     40.15      340.69
0376   187.7   916.0     20.80     77.3     860   102    17.95    -17.56      3.75    12     1.9     860     0   0   0   3    14.3598   -68.1491     2821    34.82     40.21      340.67
0377   188.2   916.6     20.85     77.1     855   102    17.98    -17.59      3.70    12     1.9     854     0   0   0   0    14.3598   -68.1491     2803    34.88     40.28      340.66
0378   188.7   917.2     20.90     76.9     849   102    18.01    -17.64      3.66    12     1.9     849     0   0   0   3    14.3598   -68.1492     2785    34.94     40.35      340.65
0379   189.2   917.8     20.94     76.7     844   102    18.05    -17.68      3.63    12     2.0     843     0   0   0   3    14.3599   -68.1493     2767    35.01     40.43      340.64
0380   189.7   918.3     20.99     76.6     839   101    18.09    -17.72      3.60    12     2.0     838     0   0   0   3    14.3599   -68.1494     2749    35.09     40.51      340.64
0381   190.2   918.9     21.04     76.4     833   101    18.12    -17.77      3.58    12     2.0     833     3   3   3   3    14.3599   -68.1495     2732    35.16     40.60      340.64
0382   190.7   919.5     21.08     76.3     828   101    18.16    -17.81      3.57    12     2.0     827     0   0   0   0    14.3599   -68.1496     2714    35.23     40.68      340.64
0383   191.2   920.0     21.13     76.1     822   101    18.20    -17.84      3.57    12     2.0     822     0   0   0   0    14.3599   -68.1496     2696    35.30     40.76      340.65
0384   191.7   920.6     21.17     76.0     817   101    18.23    -17.87      3.58    12     2.0     816     0   0   0   3    14.3599   -68.1497     2678    35.36     40.83      340.66
0385   192.2   921.2     21.22     75.9     811   101    18.26    -17.90      3.60    12     2.0     811     0   0   0   3    14.3600   -68.1498     2661    35.42     40.89      340.67
0386   192.7   921.8     21.26     75.8     806   101    18.28    -17.91      3.63    12     2.0     806     0   0   0   3    14.3600   -68.1499     2643    35.46     40.94      340.69
0387   193.2   922.3     21.30     75.7     801   102    18.30    -17.92      3.67    12     2.0     800     0   0   0   3    14.3600   -68.1500     2625    35.49     40.98      340.70
0388   193.7   922.9     21.34     75.6     795   102    18.31    -17.93      3.72    12     2.1     795     0   0   0   3    14.3600   -68.1501     2608    35.52     41.01      340.70
0389   194.2   923.5     21.37     75.5     790   102    18.32    -17.92      3.77    12     2.1     789     0   0   0   3    14.3600   -68.1501     2590    35.53     41.03      340.71
0390   194.7   924.0     21.41     75.4     785   102    18.32    -17.91      3.83    12     2.1     784     0   0   0   3    14.3600   -68.1502     2573    35.54     41.04      340.70
0391   195.2   924.6     21.44     75.4     779   102    18.32    -17.90      3.90    12     2.1     779     0   0   0   3    14.3601   -68.1503     2555    35.55     41.04      340.70
0392   195.7   925.2     21.47     75.3     774   102    18.32    -17.89      3.97    12     2.1     773     0   0   0   0    14.3601   -68.1504     2538    35.55     41.04      340.69
0393   196.2   925.7     21.50     75.2     769   103    18.32    -17.87      4.04    12     2.1     768     0   0   0   0    14.3601   -68.1505     2520    35.55     41.04      340.67
0394   196.7   926.3     21.53     75.1     763   103    18.32    -17.86      4.11    12     2.1     763     0   0   0   0    14.3601   -68.1506     2503    35.55     41.05      340.65
0395   197.2   926.9     21.56     75.0     758   103    18.33    -17.84      4.19    12     2.2     758     0   0   0   0    14.3601   -68.1507     2485    35.55     41.05      340.63
0396   197.7   927.4     21.59     75.0     753   103    18.33    -17.83      4.26    12     2.2     752     0   0   0   3    14.3602   -68.1507     2468    35.56     41.06      340.62
0397   198.2   928.0     21.62     74.9     748   104    18.34    -17.82      4.34    12     2.2     747     0   0   0   0    14.3602   -68.1508     2451    35.58     41.08      340.60
0398   198.7   928.6     21.65     74.8     742   104    18.35    -17.80      4.43    12     2.2     742     0   0   0   0    14.3602   -68.1509     2433    35.59     41.09      340.58
0399   199.2   929.1     21.69     74.7     737   104    18.36    -17.79      4.51    12     2.2     736     0   0   0   3    14.3602   -68.1510     2416    35.61     41.12      340.57
0400   199.7   929.7     21.72     74.6     732   104    18.37    -17.78      4.59    12     2.2     731     0   0   0   0    14.3602   -68.1511     2399    35.63     41.14      340.56
0401   200.2   930.2     21.75     74.5     726   105    18.38    -17.78      4.68    12     2.2     726     0   0   0   0    14.3603   -68.1512     2381    35.66     41.17      340.55
0402   200.7   930.8     21.79     74.4     721   105    18.39    -17.77      4.76    12     2.1     721     0   0   0   0    14.3603   -68.1512     2364    35.69     41.20      340.55
0403   201.2   931.4     21.83     74.3     716   105    18.41    -17.76      4.84    12     2.1     715     0   0   0   0    14.3603   -68.1513     2347    35.71     41.24      340.55
0404   201.7   931.9     21.87     74.2     711   105    18.43    -17.76      4.91    12     2.1     710     0   0   0   0    14.3603   -68.1514     2329    35.75     41.27      340.55
0405   202.2   932.5     21.91     74.1     705   106    18.44    -17.76      4.98    12     2.0     705     0   0   0   0    14.3603   -68.1515     2312    35.78     41.31      340.55
0406   202.7   933.1     21.95     74.0     700   106    18.46    -17.76      5.05    12     2.0     699     0   0   0   0    14.3604   -68.1516     2294    35.82     41.36      340.55
0407   203.2   933.7     21.99     73.9     694   106    18.49    -17.77      5.10    12     2.0     694     0   0   0   0    14.3604   -68.1517     2277    35.86     41.41      340.56
0408   203.7   934.2     22.03     73.8     689   106    18.51    -17.78      5.14    12     1.9     689     0   0   0   0    14.3604   -68.1517     2259    35.91     41.46      340.56
0409   204.2   934.8     22.07     73.7     684   106    18.54    -17.80      5.17    12     1.8     683     0   0   0   0    14.3604   -68.1518     2241    35.96     41.53      340.56
0410   204.7   935.4     22.11     73.6     678   106    18.57    -17.83      5.19    12     1.8     678     0   0   0   0    14.3605   -68.1519     2223    36.02     41.60      340.57
0411   205.2   936.0     22.15     73.5     673   106    18.60    -17.86      5.20    12     1.7     672     0   0   0   0    14.3605   -68.1520     2205    36.09     41.67      340.57
0412   205.7   936.6     22.19     73.4     667   106    18.64    -17.90      5.20    12     1.6     667     0   0   0   0    14.3605   -68.1521     2187    36.16     41.76      340.58
0413   206.2   937.2     22.23     73.3     662   106    18.68    -17.95      5.18    12     1.6     661     0   0   0   0    14.3605   -68.1522     2169    36.24     41.84      340.60
0414   206.7   937.8     22.27     73.3     656   106    18.72    -18.00      5.16    12     1.5     656     0   0   0   0    14.3606   -68.1522     2151    36.32     41.93      340.64
0415   207.2   938.4     22.31     73.3     651   106    18.76    -18.05      5.12    12     1.5     650     0   0   0   0    14.3606   -68.1523     2132    36.40     42.02      340.69
0416   207.7   939.0     22.34     73.4     645   106    18.80    -18.10      5.07    12     1.5     644     0   0   0   0    14.3606   -68.1524     2114    36.47     42.11      340.76
0417   208.2   939.6     22.37     73.5     639   105    18.83    -18.15      5.01    12     1.5     639     0   0   0   0    14.3606   -68.1525     2096    36.54     42.19      340.87
0418   208.7   940.2     22.41     73.7     634   105    18.86    -18.20      4.94    12     1.4     633     0   0   0   0    14.3606   -68.1526     2077    36.59     42.25      341.01
0419   209.2   940.8     22.43     74.1     628   105    18.88    -18.25      4.86    12     1.4     627     0   0   0   0    14.3607   -68.1527     2059    36.63     42.30      341.20
0420   209.7   941.4     22.46     74.5     622   105    18.90    -18.28      4.78    12     1.4     622     0   0   0   0    14.3607   -68.1527     2040    36.66     42.33      341.43
0421   210.2   942.0     22.48     75.0     617   104    18.90    -18.31      4.68    12     1.4     616     0   0   0   0    14.3607   -68.1528     2022    36.67     42.34      341.72
0422   210.7   942.6     22.50     75.6     611   104    18.90    -18.33      4.59    12     1.4     611     0   0   0   3    14.3607   -68.1529     2003    36.66     42.33      342.05
0423   211.2   943.2     22.52     76.4     606   104    18.88    -18.34      4.48    12     1.4     605     0   0   0   0    14.3608   -68.1530     1985    36.63     42.30      342.42
0424   211.7   943.8     22.53     77.2     600   103    18.86    -18.34      4.38    12     1.4     599     0   0   0   3    14.3608   -68.1531     1966    36.59     42.25      342.84
0425   212.2   944.5     22.55     78.1     594   103    18.83    -18.34      4.27    12     1.4     594     0   0   0   0    14.3608   -68.1532     1948    36.53     42.18      343.29
0426   212.7   945.1     22.56     79.1     589   103    18.80    -18.33      4.16    12     1.3     588     0   0   0   0    14.3608   -68.1533     1929    36.47     42.10      343.77
0427   213.2   945.7     22.57     80.1     583   102    18.76    -18.32      4.06    12     1.3     582     0   0   0   0    14.3608   -68.1533     1911    36.39     42.02      344.26
0428   213.7   946.3     22.58     81.1     577   102    18.72    -18.30      3.95    12     1.3     577     0   0   0   3    14.3608   -68.1534     1892    36.32     41.93      344.75
0429   214.2   946.9     22.59     82.1     572   102    18.68    -18.28      3.85    12     1.2     571     0   0   0   3    14.3609   -68.1535     1873    36.24     41.84      345.23
0430   214.7   947.5     22.60     83.0     566   102    18.64    -18.26      3.75    12     1.2     565     0   0   0   3    14.3609   -68.1536     1855    36.16     41.76      345.68
0431   215.2   948.2     22.61     83.9     560   101    18.61    -18.24      3.66    12     1.2     560     0   0   0   3    14.3609   -68.1537     1836    36.09     41.68      346.10
0432   215.7   948.8     22.62     84.6     554   101    18.57    -18.23      3.57    12     1.1     554     0   0   0   3    14.3609   -68.1538     1817    36.03     41.60      346.48
0433   216.2   949.4     22.63     85.3     549   101    18.54    -18.21      3.48    12     1.1     548     0   0   0   3    14.3609   -68.1538     1798    35.97     41.54      346.79
0434   216.7   950.0     22.64     85.8     543   101    18.52    -18.20      3.40    12     1.1     542     0   0   0   3    14.3609   -68.1539     1779    35.92     41.48      347.04
0435   217.2   950.7     22.66     86.2     537   100    18.49    -18.20      3.32    12     1.0     537     0   0   0   3    14.3610   -68.1540     1760    35.88     41.43      347.21
0436   217.7   951.3     22.67     86.5     531   100    18.48    -18.19      3.24    12     1.0     531     0   0   0   3    14.3610   -68.1541     1741    35.84     41.38      347.32
0437   218.2   951.9     22.69     86.6     525   100    18.46    -18.19      3.16    12     1.0     525     3   3   3   3    14.3610   -68.1542     1722    35.81     41.35      347.35
0438   218.7   952.6     22.71     86.6     520   100    18.44    -18.18      3.08    12      .9     519     3   3   3   3    14.3610   -68.1543     1703    35.78     41.31      347.31
0439   219.2   953.2     22.72     86.5     514    99    18.43    -18.18      3.00    12      .8     513     0   0   0   3    14.3610   -68.1543     1684    35.74     41.27      347.22
0440   219.7   953.8     22.74     86.2     508    99    18.41    -18.18      2.92    12      .8     507     0   0   0   3    14.3610   -68.1544     1665    35.71     41.24      347.06
0441   220.2   954.5     22.77     85.9     502    99    18.39    -18.17      2.85    12      .7     501     0   0   0   3    14.3610   -68.1545     1645    35.68     41.20      346.87
0442   220.7   955.1     22.79     85.5     496    99    18.37    -18.17      2.77    12      .6     496     0   0   0   3    14.3611   -68.1546     1626    35.65     41.16      346.64
0443   221.2   955.8     22.82     85.0     490    98    18.36    -18.16      2.68    12      .6     490     0   0   0   3    14.3611   -68.1547     1606    35.61     41.12      346.39
0444   221.7   956.4     22.85     84.5     484    98    18.34    -18.15      2.60    12      .5     483     0   0   0   3    14.3611   -68.1548     1586    35.58     41.08      346.14
0445   222.2   957.1     22.88     84.0     478    98    18.32    -18.15      2.52    12      .5     477     3   3   3   3    14.3611   -68.1548     1566    35.55     41.04      345.90
0446   222.7   957.8     22.92     83.5     472    98    18.31    -18.14      2.43    12      .4     471     3   3   3   3    14.3611   -68.1549     1546    35.52     41.01      345.68
0447   223.2   958.4     22.96     83.0     466    97    18.29    -18.14      2.34    12      .4     465     3   3   3   3    14.3611   -68.1550     1526    35.49     40.98      345.49
0448   223.7   959.1     23.01     82.6     460    97    18.28    -18.15      2.25    12      .4     459     0   0   0   3    14.3611   -68.1551     1506    35.47     40.96      345.33
0449   224.2   959.8     23.06     82.2     454    97    18.28    -18.15      2.15    12      .5     453     0   0   0   3    14.3611   -68.1552     1486    35.46     40.95      345.21
0450   224.7   960.4     23.12     81.9     447    96    18.28    -18.16      2.05    12      .6     447     0   0   0   3    14.3611   -68.1553     1466    35.46     40.95      345.14
0451   225.2   961.1     23.17     81.6     441    96    18.28    -18.18      1.96    12      .6     441     0   0   0   3    14.3611   -68.1553     1447    35.47     40.95      345.11
0452   225.7   961.8     23.23     81.4     436    96    18.29    -18.20      1.86    12      .7     435     0   0   0   3    14.3612   -68.1554     1427    35.48     40.97      345.12
0453   226.2   962.4     23.29     81.2     430    96    18.30    -18.22      1.76    12      .8     429     0   0   0   3    14.3612   -68.1555     1408    35.50     40.99      345.17
0454   226.7   963.0     23.35     81.1     424    95    18.31    -18.24      1.66    12      .9     423     0   0   0   0    14.3612   -68.1556     1389    35.52     41.02      345.26
0455   227.2   963.7     23.41     81.1     418    95    18.32    -18.26      1.57    12     1.0     418     0   0   0   3    14.3612   -68.1557     1370    35.55     41.04      345.38
0456   227.7   964.3     23.46     81.1     412    95    18.33    -18.27      1.48    12     1.1     412     0   0   0   0    14.3612   -68.1558     1351    35.56     41.06      345.52
0457   228.2   964.9     23.52     81.1     407    94    18.34    -18.29      1.39    13     1.2     406     0   0   0   3    14.3612   -68.1559     1333    35.58     41.08      345.67
0458   228.7   965.5     23.57     81.2     401    94    18.34    -18.29      1.31    13     1.3     401     0   0   0   0    14.3612   -68.1559     1314    35.58     41.08      345.82
0459   229.2   966.2     23.62     81.3     395    94    18.33    -18.29      1.24    13     1.3     395     3   3   3   0    14.3612   -68.1560     1296    35.57     41.07      345.98
0460   229.7   966.8     23.67     81.3     390    94    18.32    -18.28      1.17    13     1.3     389     0   0   0   0    14.3612   -68.1561     1277    35.54     41.04      346.12
0461   230.2   967.4     23.72     81.4     384    94    18.30    -18.26      1.12    13     1.4     384     3   3   3   3    14.3612   -68.1562     1259    35.50     40.99      346.26
0462   230.7   968.0     23.77     81.4     379    93    18.27    -18.24      1.08    13     1.4     378     0   0   0   3    14.3612   -68.1563     1241    35.44     40.92      346.38
0463   231.2   968.6     23.81     81.5     373    93    18.23    -18.20      1.05    13     1.3     373     0   0   0   3    14.3612   -68.1564     1223    35.37     40.83      346.48
0464   231.7   969.2     23.86     81.4     368    93    18.18    -18.16      1.04    13     1.3     367     0   0   0   3    14.3612   -68.1564     1204    35.28     40.73      346.56
0465   232.2   969.9     23.90     81.4     362    93    18.14    -18.11      1.04    13     1.3     361     0   0   0   3    14.3612   -68.1565     1186    35.18     40.62      346.63
0466   232.7   970.5     23.95     81.4     356    93    18.08    -18.05      1.05    13     1.3     356     0   0   0   3    14.3612   -68.1566     1167    35.08     40.51      346.68
0467   233.2   971.1     23.99     81.3     351    93    18.04    -18.00      1.08    13     1.2     350     0   0   0   3    14.3612   -68.1567     1149    34.99     40.40      346.71
0468   233.7   971.7     24.04     81.2     345    94    17.99    -17.96      1.12    13     1.2     345     0   0   0   0    14.3612   -68.1568     1130    34.90     40.30      346.74
0469   234.2   972.3     24.08     81.0     339    94    17.96    -17.92      1.17    13     1.2     339     0   0   0   3    14.3613   -68.1569     1112    34.84     40.22      346.76
0470   234.7   973.0     24.13     80.9     334    94    17.93    -17.89      1.24    13     1.1     333     0   0   0   0    14.3613   -68.1569     1093    34.79     40.17      346.78
0471   235.2   973.6     24.17     80.8     328    94    17.92    -17.87      1.31    12     1.1     328     0   0   0   0    14.3613   -68.1570     1075    34.76     40.13      346.80
0472   235.7   974.2     24.22     80.7     322    94    17.92    -17.86      1.38    12     1.1     322     0   0   0   3    14.3613   -68.1571     1056    34.76     40.13      346.82
0473   236.2   974.9     24.27     80.5     317    95    17.93    -17.87      1.46    11     1.1     316     0   0   0   0    14.3613   -68.1572     1037    34.78     40.16      346.85
0474   236.7   975.5     24.32     80.4     311    95    17.95    -17.88      1.54    10     1.0     310     0   0   0   0    14.3613   -68.1573     1018    34.82     40.20      346.88
0475   237.2   976.1     24.36     80.3     305    95    17.97    -17.90      1.61    11     1.0     305     0   0   0   0    14.3613   -68.1574     1000    34.87     40.26      346.92
0476   237.7   976.8     24.41     80.3     299    95    18.00    -17.93      1.67    12     1.0     299     0   0   0   0    14.3613   -68.1574      981    34.93     40.33      346.97
0477   238.2   977.4     24.46     80.2     294    95    18.03    -17.95      1.72    13     1.0     293     0   0   0   0    14.3613   -68.1575      962    34.98     40.39      347.03
0478   238.7   978.1     24.51     80.1     288    96    18.06    -17.97      1.75    13     1.0     287     0   0   0   0    14.3613   -68.1576      943    35.03     40.45      347.10
0479   239.2   978.7     24.56     80.1     282    96    18.07    -17.99      1.77    13     1.0     282     0   0   0   3    14.3613   -68.1577      924    35.06     40.48      347.18
0480   239.7   979.3     24.60     80.1     277    96    18.07    -17.99      1.76    13     1.0     276     0   0   0   3    14.3613   -68.1578      905    35.06     40.49      347.26
0481   240.2   980.0     24.65     80.1     271    96    18.06    -17.98      1.75    13     1.1     270     0   0   0   0    14.3613   -68.1579      887    35.04     40.46      347.34
0482   240.7   980.6     24.70     80.0     265    95    18.04    -17.96      1.71    13     1.1     265     0   0   0   3    14.3613   -68.1580      868    34.99     40.40      347.42
0483   241.2   981.2     24.74     80.0     259    95    17.99    -17.92      1.65    13     1.1     259     0   0   0   0    14.3614   -68.1580      849    34.91     40.31      347.49
0484   241.7   981.9     24.79     80.0     254    95    17.94    -17.87      1.58    13     1.1     253     0   0   0   0    14.3614   -68.1581      831    34.80     40.18      347.56
0485   242.2   982.5     24.83     79.9     248    95    17.87    -17.81      1.50    13     1.1     248     0   0   0   0    14.3614   -68.1582      812    34.66     40.03      347.61
0486   242.7   983.1     24.88     79.8     242    95    17.79    -17.73      1.41    13     1.2     242     0   0   0   3    14.3614   -68.1583      794    34.51     39.85      347.65
0487   243.2   983.8     24.92     79.7     237    94    17.70    -17.65      1.31    13     1.2     236     0   0   0   0    14.3614   -68.1584      775    34.34     39.65      347.67
0488   243.7   984.4     24.96     79.6     231    94    17.61    -17.57      1.20    13     1.2     231     0   0   0   3    14.3614   -68.1585      757    34.17     39.45      347.68
0489   244.2   985.0     25.01     79.4     226    94    17.52    -17.49      1.10    13     1.2     225     0   0   0   3    14.3614   -68.1585      738    33.99     39.25      347.68
0490   244.7   985.6     25.06     79.2     220    93    17.44    -17.41       .99    12     1.2     219     0   0   0   3    14.3614   -68.1586      720    33.82     39.06      347.67
0491   245.2   986.3     25.10     79.1     214    93    17.35    -17.33       .88    12     1.3     214     0   0   0   3    14.3614   -68.1587      702    33.67     38.87      347.65
0492   245.7   986.9     25.15     78.9     209    93    17.28    -17.26       .78    12     1.3     208     0   0   0   3    14.3614   -68.1588      683    33.52     38.71      347.63
0493   246.2   987.5     25.20     78.7     203    92    17.21    -17.20       .68    12     1.3     203     0   0   0   3    14.3614   -68.1589      665    33.39     38.56      347.61
0494   246.7   988.1     25.25     78.5     198    92    17.16    -17.15       .59    12     1.4     197     0   0   0   3    14.3614   -68.1589      647    33.28     38.43      347.60
0495   247.2   988.8     25.30     78.3     192    92    17.10    -17.10       .49    11     1.4     192     0   0   0   3    14.3614   -68.1590      629    33.18     38.31      347.60
0496   247.7   989.4     25.35     78.1     187    91    17.06    -17.06       .40    11     1.4     186     0   0   0   3    14.3614   -68.1591      610    33.10     38.22      347.61
0497   248.2   990.0     25.40     78.0     181    91    17.02    -17.02       .31    11     1.5     181     0   0   0   3    14.3614   -68.1592      592    33.02     38.13      347.63
0498   248.7   990.6     25.45     77.8     176    91    16.98    -16.98       .22    11     1.5     175     0   0   0   3    14.3614   -68.1592      575    32.95     38.04      347.67
0499   249.2   991.2     25.50     77.7     170    90    16.95    -16.94       .12    11     1.6     170     3   3   3   3    14.3614   -68.1593      557    32.87     37.96      347.71
0500   249.7   991.8     25.55     77.6     165    90    16.90    -16.90       .03    10     1.6     164     0   0   0   3    14.3614   -68.1594      539    32.79     37.87      347.76
0501   250.2   992.4     25.60     77.6     159    90    16.86    -16.86      -.08    10     1.6     159     0   0   0   3    14.3614   -68.1595      521    32.71     37.76      347.82
0502   250.7   993.0     25.64     77.5     154    89    16.81    -16.80      -.18    10     1.7     154     3   3   3   3    14.3614   -68.1595      504    32.60     37.64      347.88
0503   251.2   993.6     25.69     77.4     149    89    16.74    -16.74      -.29    10     1.7     148     3   3   3   3    14.3614   -68.1596      486    32.48     37.50      347.94
0504   251.7   994.2     25.73     77.4     143    89    16.67    -16.66      -.40    10     1.7     143     0   0   0   3    14.3614   -68.1597      469    32.34     37.34      348.01
0505   252.2   994.8     25.78     77.3     138    88    16.58    -16.58      -.52     9     1.7     138     0   0   0   3    14.3614   -68.1598      451    32.17     37.15      348.07
0506   252.7   995.4     25.82     77.3     133    88    16.48    -16.47      -.64     9     1.7     132     0   0   0   3    14.3614   -68.1599      434    31.98     36.92      348.12
0507   253.2   996.0     25.86     77.2     127    87    16.37    -16.36      -.75     9     1.7     127     0   0   0   0    14.3614   -68.1599      416    31.76     36.68      348.17
0508   253.7   996.6     25.91     77.1     122    87    16.26    -16.24      -.85    11     1.7     121     0   0   0   0    14.3614   -68.1600      399    31.55     36.42      348.22
0509   254.2   997.2     25.95     77.0     117    87    16.14    -16.12      -.95    13     1.7     116     0   0   0   0    14.3614   -68.1601      381    31.32     36.16      348.25
0510   254.7   997.8     26.00     76.9     111    86    16.03    -15.99     -1.03    11     1.7     111     0   0   0   0    14.3614   -68.1602      363    31.09     35.90      348.29
0511   255.2   998.4     26.05     76.8     106    86    15.91    -15.87     -1.11     9     1.7     105     0   0   0   0    14.3614   -68.1602      346    30.87     35.64      348.32
0512   255.7   999.0     26.09     76.7     101    86    15.80    -15.76     -1.17     9     1.7     100     0   0   0   3    14.3614   -68.1603      328    30.65     35.39      348.34
0513   256.2   999.7     26.14     76.6      95    86    15.69    -15.65     -1.22     9     1.7      95     0   0   0   3    14.3614   -68.1604      311    30.45     35.16      348.37
0514   256.7  1000.3     26.19     76.4      90    85    15.60    -15.55     -1.25     9     1.7      89     0   0   0   3    14.3614   -68.1605      293    30.27     34.95      348.40
0515   257.2  1000.9     26.24     76.3      85    85    15.52    -15.47     -1.28     9     1.7      84     0   0   0   3    14.3614   -68.1605      276    30.11     34.76      348.43
0516   257.7  1001.5     26.29     76.2      79    85    15.45    -15.40     -1.30     8     1.7      79     0   0   0   3    14.3614   -68.1606      258    29.98     34.61      348.46
0517   258.2  1002.1     26.34     76.0      74    85    15.40    -15.34     -1.31     8     1.7      73     0   0   0   3    14.3614   -68.1607      241    29.87     34.49      348.49
0518   258.7  1002.7     26.39     75.9      69    85    15.36    -15.30     -1.32     8     1.7      68     0   0   0   3    14.3613   -68.1607      224    29.80     34.40      348.52
0519   259.2  1003.3     26.45     75.7      63    85    15.33    -15.28     -1.32     8     1.7      63     0   0   0   3    14.3613   -68.1608      206    29.75     34.35      348.55
0520   259.7  1003.9     26.50     75.6      58    85    15.32    -15.26     -1.33     8     1.7      58     0   0   0   0    14.3613   -68.1609      189    29.72     34.32      348.58
0521   260.2  1004.5     26.55     75.4      53    85    15.32    -15.26     -1.33     8     1.7      52     0   0   0   3    14.3613   -68.1609      171    29.72     34.32      348.61
0522   260.7  1005.1     26.60     75.3      47    85    15.34    -15.28     -1.33     8     1.7      47     0   0   0   3    14.3613   -68.1610      154    29.75     34.35      348.63
0523   261.2  1005.7     26.65     75.2      42    85    15.37    -15.31     -1.33     9     1.7      42     0   0   0   3    14.3613   -68.1611      137    29.82     34.43      348.66
0524   261.7  1006.3     26.70     75.0      37    85    15.43    -15.37     -1.31     9     1.7      36     0   0   0   3    14.3613   -68.1611      119    29.93     34.56      348.69
0525   262.2  1006.9     26.75     74.9      31    85    15.51    -15.45     -1.29     9     1.6      31     0   0   0   3    14.3613   -68.1612      101    30.09     34.74      348.74
0526   262.7  1007.5     26.81     74.8      26    85    15.59    -15.54     -1.25     9     1.6      26     0   0   0   0    14.3613   -68.1613       84    30.24     34.92      348.82
0527   263.2  1008.1     26.87     74.8      21    86    15.67    -15.62     -1.17     9     1.5      20     0   0   0   3    14.3613   -68.1613       66    30.39     35.09      348.95
0528   263.7  1008.7     26.93     74.9      15    86    15.70    -15.67     -1.01     9     1.5      15     0   0   0   0    14.3613   -68.1614       49    30.46     35.17      349.18
0529   264.2  1009.3     27.00     75.4      10    88    15.28    -15.26      -.65     6     1.5       9     0   0   0   0    14.3613   -68.1615       31    29.64     34.22      349.75
0530   264.7  1010.0     27.06     76.1       4    89    14.28    -14.28      -.15     7     1.5       4     0   0   0   0    14.3613   -68.1616       12    27.70     31.99      350.39
