 ===========================================================================
 DROPWINDSONDE PROCESSING RECORD                            Sonde: 022945270
 PDS file written Sep 16, 2003.                             Format:    V5.07
 Aircraft: N42RF                             Date: 030916   Time: 145954 UTC
 ---------------------------------------------------------------------------
 Bias corrections:  PR =    .0 mb  TE =    .0 C  RH =    .0 %  PRB =   .0 mb
 Filters (LPF):     PTH =  10 s    WIND =  10 s       Hyd anchor =       SFC
 Dyn RH correction =  N     WSHR COR =      Y         Splash PR  =  958.9 mb
 Estimated PR used =  N     GPS VERR =    .31 m/s     HYD SFCP   =  962.1 mb
 Dyn T correction  =  Y     WGACORR  =     .5 m       AC GA ADJ  =     .0 m
 ---------------------------------------------------------------------------
 COMMENTS: None                                                        
 ===========================================================================

 ==============================================================================
 Date: 030916   Lat:  27.21 N   TA:   17.0 C   PS:  756.3 mb   WD:   180 deg
 Time: 145954   Lon:  71.09 W   TD:   16.6 C   GA:   2099 m    WS:    .6 m/s
 SID:  022945270                RH:   97.5 %   Navaid:   GP          
 ===========================================================================

IX      t (s)  P (mb)    T (C)    RH (%)  Z (m)   WD    WS (m/s)   U (m/s)   V (m/s)  NS  WZ (m/s)  ZW (m)   FP  FT  FH  FW   LAT (N)    LON (E)  ZW (ft)  WS (kt)  WS (mph)  THETAE (K)
0001      .0   756.9     17.02   -999.0    2071   181      .64       .02       .64  -999  -999.0    2071     3   3   0   3    27.2056   -71.0893     6795     1.24      1.43     -999.00
0002      .5   757.4     17.05   -999.0    2064   185      .78       .06       .78  -999  -999.0    2065     3   3   0   3    27.2056   -71.0893     6774     1.51      1.74     -999.00
0003     1.0   758.0     17.08   -999.0    2058   186      .82       .08       .81  -999  -999.0    2058     3   3   0   3    27.2056   -71.0893     6753     1.59      1.83     -999.00
0004     1.5   758.5     17.11   -999.0    2052   186      .86       .09       .85  -999  -999.0    2052     3   3   0   3    27.2056   -71.0893     6733     1.66      1.92     -999.00
0005     2.0   759.1     17.14   -999.0    2045   187      .90       .11       .89  -999  -999.0    2046     3   3   0   3    27.2056   -71.0893     6712     1.74      2.01     -999.00
0006     2.5   759.7     17.16   -999.0    2039   187      .94       .12       .93  -999  -999.0    2039     3   3   0   3    27.2056   -71.0893     6691     1.82      2.10     -999.00
0007     3.0   760.2     17.19   -999.0    2033   188      .98       .13       .97  -999  -999.0    2033     3   3   0   3    27.2056   -71.0893     6670     1.89      2.19     -999.00
0008     3.5   760.8     17.22   -999.0    2026   188     1.02       .15      1.01  -999  -999.0    2027     3   3   0   3    27.2056   -71.0893     6650     1.97      2.28     -999.00
0009     4.0   761.3     17.24   -999.0    2020   189     1.06       .16      1.04  -999  -999.0    2021     3   3   0   3    27.2056   -71.0893     6629     2.05      2.36     -999.00
0010     4.5   761.9     17.27   -999.0    2014   189     1.10       .17      1.08  -999  -999.0    2014     3   3   0   3    27.2056   -71.0893     6608     2.12      2.45     -999.00
0011     5.0   762.5     17.30   -999.0    2007   189     1.14       .19      1.12  -999  -999.0    2008     3   3   0   3    27.2056   -71.0893     6588     2.20      2.54     -999.00
0012     5.5   763.0     17.33   -999.0    2001   190     1.18       .20      1.16  -999  -999.0    2002     3   3   0   3    27.2057   -71.0893     6567     2.28      2.63     -999.00
0013     6.0   763.6     17.35   -999.0    1995   190     1.22       .21      1.20  -999  -999.0    1995     3   3   0   3    27.2057   -71.0893     6546     2.36      2.72     -999.00
0014     6.5   764.2     17.38   -999.0    1988   190     1.26       .23      1.23  -999  -999.0    1989     3   3   0   3    27.2057   -71.0893     6526     2.43      2.81     -999.00
0015     7.0   764.7     17.41   -999.0    1982   191     1.30       .24      1.27  -999  -999.0    1983     3   3   0   3    27.2057   -71.0893     6505     2.51      2.90     -999.00
0016     7.5   765.3     17.43   -999.0    1976   191     1.34       .25      1.31  -999  -999.0    1976     3   3   0   3    27.2057   -71.0893     6484     2.59      2.99     -999.00
0017     8.0   765.8     17.46   -999.0    1970   191     1.38       .27      1.35  -999  -999.0    1970     3   3   0   3    27.2057   -71.0893     6464     2.67      3.08     -999.00
0018     8.5   766.4     17.49   -999.0    1963   191     1.42       .28      1.39  -999  -999.0    1964     3   3   0   3    27.2057   -71.0893     6443     2.75      3.17     -999.00
0019     9.0   767.0     17.52   -999.0    1957   192     1.46       .29      1.43  -999  -999.0    1958     3   3   0   3    27.2057   -71.0893     6423     2.82      3.26     -999.00
0020     9.5   767.5     17.54   -999.0    1951   192     1.50       .31      1.46  -999  -999.0    1951     3   3   0   3    27.2057   -71.0893     6402     2.90      3.35     -999.00
0021    10.0   768.1     17.57   -999.0    1945   192     1.54       .32      1.50  -999  -999.0    1945     3   3   0   3    27.2057   -71.0893     6382     2.98      3.44     -999.00
0022    10.5   768.6     17.60   -999.0    1938   192     1.58       .33      1.54  -999  -999.0    1939     3   3   0   3    27.2057   -71.0893     6361     3.06      3.53     -999.00
0023    11.0   769.2     17.63   -999.0    1932   192     1.62       .35      1.58  -999  -999.0    1933     3   3   0   3    27.2057   -71.0893     6341     3.14      3.62     -999.00
0024    11.5   769.7     17.65   -999.0    1926   193     1.66       .36      1.62  -999  -999.0    1927     3   3   0   3    27.2057   -71.0893     6321     3.22      3.72     -999.00
0025    12.0   770.3     17.68   -999.0    1920   193     1.70       .37      1.66  -999  -999.0    1920     3   3   0   3    27.2057   -71.0893     6300     3.30      3.81     -999.00
0026    12.5   770.9     17.71   -999.0    1913   193     1.74       .39      1.70  -999  -999.0    1914     3   3   0   3    27.2057   -71.0893     6279     3.38      3.91     -999.00
0027    13.0   771.4     17.73   -999.0    1907   193     1.79       .41      1.74  -999  -999.0    1908     3   3   0   3    27.2058   -71.0893     6259     3.47      4.00     -999.00
0028    13.5   772.0     17.76   -999.0    1901   193     1.83       .42      1.78  -999  -999.0    1901     3   3   0   3    27.2058   -71.0893     6238     3.55      4.10     -999.00
0029    14.0   772.6     17.79   -999.0    1894   194     1.87       .44      1.82  -999  -999.0    1895     3   3   0   3    27.2058   -71.0893     6217     3.63      4.19     -999.00
0030    14.5   773.2     17.82   -999.0    1888   194     1.91       .46      1.86  -999  -999.0    1888     0   0   0   3    27.2058   -71.0893     6195     3.71      4.29     -999.00
0031    15.0   773.8     17.84   -999.0    1881   194     1.95       .48      1.89  -999  -999.0    1882     0   0   0   3    27.2058   -71.0893     6174     3.79      4.38     -999.00
0032    15.5   774.3     17.87   -999.0    1875   195     1.99       .50      1.93  -999      .9    1875     0   0   0   3    27.2058   -71.0893     6153     3.86      4.46     -999.00
0033    16.0   774.9     17.90   -999.0    1868   195     2.03       .52      1.96  -999      .8    1869     0   0   0   3    27.2058   -71.0893     6131     3.94      4.54     -999.00
0034    16.5   775.5     17.92   -999.0    1862   195     2.06       .53      1.99  -999      .8    1862     0   0   0   3    27.2058   -71.0893     6110     4.00      4.62     -999.00
0035    17.0   776.1     17.95   -999.0    1855   195     2.10       .54      2.03  -999      .8    1856     0   0   0   3    27.2058   -71.0893     6089     4.07      4.69     -999.00
0036    17.5   776.7     17.98   -999.0    1849   195     2.13       .54      2.06  -999      .8    1849     0   0   0   3    27.2058   -71.0893     6067     4.13      4.76     -999.00
0037    18.0   777.3     18.01   -999.0    1842   195     2.16       .54      2.09  -999      .8    1843     0   0   0   3    27.2058   -71.0893     6046     4.18      4.83     -999.00
0038    18.5   777.9     18.03     93.6    1836   194     2.18       .53      2.12  -999      .8    1836     0   0   0   3    27.2058   -71.0893     6024     4.24      4.89      362.25
0039    19.0   778.5     18.06     93.5    1829   193     2.21       .51      2.15  -999      .8    1830     0   0   0   3    27.2059   -71.0893     6003     4.29      4.95      362.20
0040    19.5   779.1     18.09     93.5    1823   193     2.24       .49      2.18     4      .8    1823     0   0   0   0    27.2059   -71.0893     5981     4.34      5.01      362.20
0041    20.0   779.7     18.11     93.5    1816   192     2.26       .46      2.21     4      .8    1817     0   0   0   0    27.2059   -71.0893     5960     4.39      5.06      362.19
0042    20.5   780.3     18.14     93.5    1809   191     2.29       .42      2.25     4      .7    1810     0   0   0   0    27.2059   -71.0893     5938     4.43      5.12      362.19
0043    21.0   780.9     18.17     93.5    1803   189     2.31       .38      2.28     5      .7    1803     0   0   0   0    27.2059   -71.0893     5917     4.48      5.18      362.21
0044    21.5   781.5     18.20     93.6    1796   188     2.34       .33      2.31     5      .7    1797     0   0   0   0    27.2059   -71.0893     5895     4.54      5.24      362.23
0045    22.0   782.0     18.23     93.6    1790   187     2.36       .28      2.35     5      .6    1790     0   0   0   0    27.2059   -71.0893     5874     4.59      5.30      362.25
0046    22.5   782.6     18.26     93.6    1783   185     2.39       .23      2.38     5      .6    1784     0   0   0   0    27.2059   -71.0893     5852     4.64      5.36      362.27
0047    23.0   783.2     18.29     93.6    1777   184     2.42       .17      2.42     5      .5    1777     0   0   0   0    27.2059   -71.0893     5830     4.70      5.43      362.28
0048    23.5   783.9     18.32     93.6    1770   183     2.45       .12      2.45     5      .5    1770     0   0   0   0    27.2060   -71.0893     5809     4.76      5.49      362.29
0049    24.0   784.5     18.35     93.5    1763   182     2.48       .07      2.48     5      .4    1764     0   0   0   0    27.2060   -71.0893     5787     4.82      5.56      362.30
0050    24.5   785.1     18.38     93.5    1757   181     2.52       .02      2.52     5      .4    1757     0   0   0   0    27.2060   -71.0893     5765     4.88      5.63      362.30
0051    25.0   785.7     18.41     93.5    1750   180     2.55      -.01      2.55     5      .3    1750     0   0   0   0    27.2060   -71.0893     5743     4.94      5.71      362.30
0052    25.5   786.3     18.45     93.4    1743   179     2.58      -.03      2.58     5      .3    1744     0   0   0   0    27.2060   -71.0893     5720     5.01      5.79      362.30
0053    26.0   786.9     18.48     93.4    1736   179     2.62      -.05      2.62     5      .3    1737     0   0   0   0    27.2060   -71.0893     5698     5.08      5.87      362.30
0054    26.5   787.5     18.51     93.4    1730   179     2.66      -.04      2.66     5      .3    1730     0   0   0   0    27.2060   -71.0893     5676     5.15      5.95      362.32
0055    27.0   788.1     18.54     93.4    1723   179     2.70      -.03      2.70     5      .4    1723     0   0   0   0    27.2060   -71.0893     5654     5.23      6.04      362.34
0056    27.5   788.8     18.57     93.4    1716   180     2.74       .00      2.74     5      .4    1717     0   0   0   0    27.2060   -71.0893     5632     5.32      6.14      362.38
0057    28.0   789.4     18.61     93.5    1710   181     2.79       .05      2.79     5      .5    1710     0   0   0   0    27.2061   -71.0893     5610     5.42      6.25      362.43
0058    28.5   790.0     18.64     93.5    1703   182     2.85       .10      2.84     5      .5    1703     0   0   0   0    27.2061   -71.0893     5589     5.52      6.37      362.49
0059    29.0   790.6     18.67     93.6    1696   183     2.90       .17      2.90     5      .6    1697     0   0   0   0    27.2061   -71.0893     5567     5.64      6.51      362.56
0060    29.5   791.2     18.71     93.7    1690   185     2.97       .24      2.96     6      .7    1690     0   0   0   0    27.2061   -71.0893     5546     5.76      6.65      362.64
0061    30.0   791.8     18.74     93.8    1683   186     3.04       .32      3.02     6      .8    1684     0   0   0   0    27.2061   -71.0893     5524     5.89      6.80      362.74
0062    30.5   792.4     18.78     93.9    1677   187     3.11       .40      3.08     6      .8    1677     0   0   0   0    27.2061   -71.0893     5503     6.03      6.96      362.84
0063    31.0   793.0     18.82     94.0    1670   189     3.18       .48      3.14     6      .9    1671     0   0   0   0    27.2061   -71.0893     5482     6.17      7.12      362.94
0064    31.5   793.5     18.85     94.1    1664   190     3.25       .56      3.20     6      .9    1664     0   0   0   0    27.2062   -71.0893     5461     6.30      7.28      363.05
0065    32.0   794.1     18.89     94.2    1658   191     3.31       .63      3.25     6      .9    1658     0   0   0   3    27.2062   -71.0893     5440     6.43      7.42      363.15
0066    32.5   794.7     18.93     94.3    1651   192     3.37       .70      3.30     6     1.0    1652     0   0   0   0    27.2062   -71.0893     5419     6.54      7.55      363.24
0067    33.0   795.3     18.96     94.3    1645   193     3.42       .76      3.34     6     1.0    1645     0   0   0   0    27.2062   -71.0893     5398     6.64      7.66      363.32
0068    33.5   795.9     19.00     94.4    1639   194     3.46       .81      3.37     6     1.0    1639     0   0   0   0    27.2062   -71.0893     5378     6.72      7.76      363.39
0069    34.0   796.5     19.03     94.4    1632   194     3.49       .86      3.39     6     1.0    1633     0   0   0   0    27.2062   -71.0893     5357     6.78      7.83      363.46
0070    34.5   797.1     19.07     94.4    1626   195     3.52       .90      3.40     6     1.0    1626     0   0   0   0    27.2062   -71.0893     5336     6.82      7.88      363.51
0071    35.0   797.6     19.10     94.4    1619   195     3.53       .93      3.41     6      .9    1620     0   0   0   0    27.2063   -71.0893     5315     6.85      7.91      363.55
0072    35.5   798.2     19.13     94.4    1613   196     3.54       .96      3.41     6      .9    1614     0   0   0   0    27.2063   -71.0893     5294     6.87      7.93      363.59
0073    36.0   798.8     19.16     94.4    1607   196     3.54      1.00      3.40     6      .9    1607     0   0   0   3    27.2063   -71.0892     5273     6.87      7.93      363.62
0074    36.5   799.4     19.20     94.5    1600   197     3.53      1.03      3.38     6      .9    1601     0   0   0   0    27.2063   -71.0892     5252     6.86      7.92      363.65
0075    37.0   800.0     19.23     94.5    1594   198     3.52      1.07      3.36     6      .8    1594     0   0   0   0    27.2063   -71.0892     5231     6.83      7.89      363.68
0076    37.5   800.6     19.26     94.5    1587   198     3.51      1.11      3.33     6      .8    1588     0   0   0   0    27.2063   -71.0892     5210     6.81      7.86      363.71
0077    38.0   801.2     19.29     94.5    1581   199     3.49      1.15      3.29     6      .7    1582     0   0   0   0    27.2064   -71.0892     5189     6.77      7.81      363.74
0078    38.5   801.8     19.32     94.5    1575   200     3.46      1.19      3.25     6      .7    1575     0   0   0   0    27.2064   -71.0892     5168     6.72      7.76      363.78
0079    39.0   802.4     19.35     94.5    1568   201     3.43      1.24      3.20     6      .7    1569     0   0   0   3    27.2064   -71.0892     5146     6.66      7.69      363.83
0080    39.5   803.0     19.39     94.6    1562   202     3.40      1.27      3.15     6      .7    1562     0   0   0   0    27.2064   -71.0892     5125     6.59      7.61      363.88
0081    40.0   803.6     19.42     94.6    1555   203     3.35      1.31      3.09     6      .7    1556     0   0   0   0    27.2064   -71.0892     5104     6.50      7.51      363.95
0082    40.5   804.2     19.46     94.7    1549   204     3.30      1.33      3.02     6      .7    1549     0   0   0   0    27.2064   -71.0892     5082     6.40      7.40      364.03
0083    41.0   804.8     19.50     94.7    1542   205     3.25      1.35      2.95     6      .7    1543     0   0   0   0    27.2064   -71.0892     5061     6.30      7.27      364.11
0084    41.5   805.4     19.54     94.8    1536   205     3.19      1.35      2.89     6      .7    1536     0   0   0   0    27.2064   -71.0892     5040     6.18      7.14      364.21
0085    42.0   806.0     19.58     94.8    1529   205     3.12      1.34      2.82     6      .7    1530     0   0   0   0    27.2065   -71.0892     5018     6.06      7.00      364.32
0086    42.5   806.6     19.63     94.8    1523   206     3.07      1.32      2.77     6      .8    1523     0   0   0   0    27.2065   -71.0891     4997     5.95      6.87      364.43
0087    43.0   807.2     19.68     94.9    1516   205     3.02      1.29      2.73     6      .9    1517     0   0   0   3    27.2065   -71.0891     4976     5.85      6.76      364.56
0088    43.5   807.8     19.73     94.9    1510   205     2.98      1.26      2.70     6     1.0    1510     0   0   0   0    27.2065   -71.0891     4955     5.78      6.68      364.69
0089    44.0   808.4     19.78     94.9    1504   204     2.96      1.21      2.70     6     1.1    1504     0   0   0   0    27.2065   -71.0891     4934     5.75      6.64      364.82
0090    44.5   809.0     19.83     95.0    1497   203     2.96      1.17      2.73     6     1.1    1498     0   0   0   0    27.2065   -71.0891     4914     5.75      6.64      364.96
0091    45.0   809.6     19.88     95.0    1491   202     2.99      1.12      2.78     6     1.3    1492     0   0   0   0    27.2065   -71.0891     4894     5.80      6.70      365.11
0092    45.5   810.1     19.92     95.1    1485   201     3.04      1.07      2.85     6     1.4    1485     0   0   0   0    27.2065   -71.0891     4873     5.91      6.82      365.26
0093    46.0   810.7     19.97     95.1    1479   199     3.12      1.02      2.95     6     1.5    1479     0   0   0   0    27.2066   -71.0891     4853     6.05      6.99      365.41
0094    46.5   811.3     20.02     95.2    1473   198     3.22       .98      3.06     6     1.5    1473     0   0   0   0    27.2066   -71.0891     4834     6.24      7.21      365.56
0095    47.0   811.8     20.06     95.3    1467   197     3.33       .95      3.19     6     1.6    1467     0   0   0   0    27.2066   -71.0891     4814     6.46      7.46      365.72
0096    47.5   812.4     20.10     95.5    1461   196     3.45       .93      3.32     6     1.7    1461     0   0   0   0    27.2066   -71.0891     4794     6.69      7.73      365.88
0097    48.0   813.0     20.13     95.7    1455   195     3.57       .91      3.45     6     1.8    1455     0   0   0   0    27.2066   -71.0891     4775     6.93      8.00      366.03
0098    48.5   813.5     20.16     95.9    1449   194     3.68       .91      3.57     6     1.8    1450     0   0   0   0    27.2066   -71.0891     4756     7.15      8.25      366.19
0099    49.0   814.1     20.19     96.1    1443   194     3.78       .93      3.67     6     1.8    1444     0   0   0   0    27.2067   -71.0891     4737     7.34      8.47      366.34
0100    49.5   814.6     20.22     96.3    1437   194     3.86       .95      3.74     6     1.9    1438     0   0   0   0    27.2067   -71.0890     4717     7.48      8.64      366.49
0101    50.0   815.1     20.23     96.6    1431   195     3.91       .99      3.78     6     1.9    1432     0   0   0   0    27.2067   -71.0890     4698     7.58      8.75      366.63
0102    50.5   815.7     20.25     96.9    1426   195     3.93      1.03      3.79     6     1.9    1426     0   0   0   0    27.2067   -71.0890     4679     7.62      8.80      366.77
0103    51.0   816.2     20.26     97.2    1420   196     3.92      1.08      3.77     6     1.9    1420     0   0   0   0    27.2067   -71.0890     4660     7.60      8.78      366.90
0104    51.5   816.8     20.28     97.5    1414   197     3.88      1.13      3.72     6     1.9    1415     0   0   0   0    27.2067   -71.0890     4641     7.54      8.70      367.02
0105    52.0   817.3     20.29     97.8    1408   198     3.82      1.17      3.64     6     1.9    1409     0   0   0   0    27.2068   -71.0890     4622     7.42      8.57      367.14
0106    52.5   817.9     20.30     98.1    1402   199     3.74      1.20      3.55     6     1.9    1403     0   0   0   0    27.2068   -71.0890     4602     7.26      8.39      367.24
0107    53.0   818.4     20.31     98.3    1396   199     3.65      1.22      3.44     6     1.8    1397     0   0   0   0    27.2068   -71.0890     4583     7.08      8.17      367.34
0108    53.5   819.0     20.32     98.6    1391   200     3.54      1.21      3.33     6     1.8    1391     0   0   0   0    27.2068   -71.0890     4564     6.87      7.93      367.42
0109    54.0   819.5     20.33     98.8    1385   200     3.43      1.18      3.22     6     1.8    1385     0   0   0   3    27.2068   -71.0890     4545     6.65      7.68      367.49
0110    54.5   820.1     20.34     99.0    1379   200     3.31      1.13      3.11     6     1.8    1379     0   0   0   0    27.2068   -71.0890     4526     6.43      7.42      367.55
0111    55.0   820.7     20.35     99.2    1373   199     3.20      1.06      3.02     6     1.8    1374     0   0   0   3    27.2068   -71.0890     4506     6.21      7.17      367.60
0112    55.5   821.2     20.36     99.3    1367   198     3.10       .96      2.95     6     1.8    1368     0   0   0   0    27.2069   -71.0890     4487     6.02      6.95      367.63
0113    56.0   821.8     20.38     99.4    1361   197     3.01       .86      2.89     6     1.8    1362     0   0   0   3    27.2069   -71.0889     4468     5.84      6.75      367.65
0114    56.5   822.3     20.39     99.5    1355   195     2.94       .74      2.85     6     1.7    1356     0   0   0   3    27.2069   -71.0889     4449     5.71      6.59      367.65
0115    57.0   822.9     20.41     99.5    1350   193     2.89       .63      2.82     6     1.7    1350     0   0   0   0    27.2069   -71.0889     4429     5.61      6.48      367.64
0116    57.5   823.4     20.42     99.5    1344   191     2.87       .53      2.82     6     1.7    1344     0   0   0   0    27.2069   -71.0889     4410     5.56      6.42      367.61
0117    58.0   824.0     20.44     99.5    1338   189     2.86       .45      2.83     6     1.7    1338     0   0   0   0    27.2069   -71.0889     4391     5.56      6.41      367.58
0118    58.5   824.6     20.46     99.5    1332   188     2.88       .39      2.86     6     1.6    1332     0   0   0   0    27.2069   -71.0889     4371     5.59      6.46      367.53
0119    59.0   825.1     20.48     99.5    1326   187     2.93       .36      2.90     6     1.6    1326     0   0   0   0    27.2069   -71.0889     4352     5.68      6.55      367.48
0120    59.5   825.7     20.49     99.4    1320   187     2.99       .36      2.97     6     1.6    1320     0   0   0   0    27.2070   -71.0889     4332     5.80      6.69      367.42
0121    60.0   826.2     20.51     99.4    1314   187     3.07       .39      3.05     6     1.6    1315     0   0   0   0    27.2070   -71.0889     4313     5.96      6.88      367.36
0122    60.5   826.8     20.53     99.3    1308   188     3.17       .45      3.14     6     1.5    1309     0   0   0   0    27.2070   -71.0889     4293     6.15      7.10      367.30
0123    61.0   827.4     20.55     99.2    1302   189     3.29       .54      3.25     6     1.5    1303     0   0   0   0    27.2070   -71.0889     4273     6.38      7.37      367.25
0124    61.5   828.0     20.57     99.2    1296   191     3.42       .64      3.36     6     1.4    1297     0   0   0   0    27.2070   -71.0889     4254     6.64      7.67      367.20
0125    62.0   828.5     20.59     99.1    1290   192     3.57       .75      3.49     6     1.4    1291     0   0   0   0    27.2070   -71.0889     4234     6.92      7.99      367.15
0126    62.5   829.1     20.61     99.1    1284   193     3.72       .87      3.62     6     1.4    1285     0   0   0   0    27.2071   -71.0889     4214     7.22      8.33      367.11
0127    63.0   829.7     20.63     99.1    1278   195     3.87       .98      3.75     6     1.3    1278     0   0   0   0    27.2071   -71.0889     4194     7.51      8.67      367.08
0128    63.5   830.3     20.65     99.0    1272   196     4.02      1.08      3.87     6     1.3    1272     0   0   0   0    27.2071   -71.0889     4174     7.79      9.00      367.05
0129    64.0   830.8     20.67     99.0    1266   196     4.15      1.17      3.98     6     1.2    1266     0   0   0   0    27.2071   -71.0889     4154     8.05      9.29      367.04
0130    64.5   831.4     20.70     99.0    1260   197     4.26      1.24      4.07     6     1.2    1260     0   0   0   0    27.2071   -71.0889     4134     8.26      9.54      367.02
0131    65.0   832.0     20.72     99.0    1253   197     4.34      1.29      4.14     6     1.1    1254     0   0   0   0    27.2071   -71.0889     4114     8.42      9.72      367.01
0132    65.5   832.6     20.74     99.0    1247   198     4.40      1.33      4.19     6     1.1    1248     0   0   0   0    27.2072   -71.0889     4094     8.53      9.85      367.01
0133    66.0   833.2     20.76     99.1    1241   198     4.42      1.36      4.21     6     1.1    1242     0   0   0   0    27.2072   -71.0889     4074     8.58      9.91      367.00
0134    66.5   833.8     20.78     99.1    1235   198     4.42      1.38      4.20     6     1.0    1235     0   0   0   0    27.2072   -71.0889     4053     8.58      9.91      366.99
0135    67.0   834.4     20.80     99.1    1229   199     4.39      1.40      4.17     6     1.0    1229     0   0   0   0    27.2072   -71.0889     4033     8.53      9.84      366.97
0136    67.5   835.0     20.82     99.1    1222   199     4.35      1.41      4.11     6      .9    1223     0   0   0   0    27.2072   -71.0889     4012     8.43      9.73      366.96
0137    68.0   835.6     20.83     99.1    1216   199     4.28      1.42      4.04     6      .9    1217     0   0   0   3    27.2073   -71.0889     3992     8.30      9.59      366.94
0138    68.5   836.2     20.85     99.1    1210   200     4.20      1.43      3.95     6      .8    1210     0   0   0   0    27.2073   -71.0888     3971     8.15      9.42      366.91
0139    69.0   836.8     20.87     99.2    1204   201     4.12      1.45      3.86     6      .8    1204     0   0   0   0    27.2073   -71.0888     3951     8.00      9.24      366.88
0140    69.5   837.4     20.89     99.2    1197   201     4.04      1.47      3.77     6      .8    1198     0   0   0   0    27.2073   -71.0888     3930     7.85      9.06      366.86
0141    70.0   838.0     20.91     99.2    1191   202     3.97      1.49      3.68     6      .7    1192     0   0   0   0    27.2073   -71.0888     3909     7.71      8.90      366.84
0142    70.5   838.6     20.92     99.2    1185   203     3.91      1.52      3.61     6      .7    1185     0   0   0   0    27.2073   -71.0888     3888     7.59      8.76      366.82
0143    71.0   839.2     20.95     99.2    1178   204     3.86      1.54      3.54     6      .6    1179     0   0   0   0    27.2074   -71.0888     3867     7.49      8.65      366.82
0144    71.5   839.9     20.97     99.3    1172   204     3.83      1.57      3.49     6      .6    1172     0   0   0   0    27.2074   -71.0888     3847     7.43      8.58      366.82
0145    72.0   840.5     20.99     99.3    1165   205     3.81      1.60      3.46     6      .5    1166     0   0   0   0    27.2074   -71.0888     3825     7.39      8.53      366.84
0146    72.5   841.1     21.02     99.3    1159   205     3.80      1.63      3.44     6      .5    1160     0   0   0   0    27.2074   -71.0888     3804     7.38      8.52      366.86
0147    73.0   841.7     21.05     99.4    1153   206     3.81      1.66      3.43     6      .4    1153     0   0   0   0    27.2074   -71.0888     3783     7.40      8.54      366.90
0148    73.5   842.3     21.08     99.4    1146   206     3.83      1.70      3.43     6      .4    1147     0   0   0   0    27.2074   -71.0888     3762     7.44      8.59      366.95
0149    74.0   843.0     21.11     99.4    1140   207     3.86      1.74      3.45     6      .4    1140     3   3   3   0    27.2074   -71.0888     3741     7.49      8.65      367.01
0150    74.5   843.6     21.15     99.5    1133   207     3.90      1.78      3.46     6      .3    1134     0   0   0   0    27.2075   -71.0888     3719     7.56      8.73      367.07
0151    75.0   844.2     21.18     99.5    1127   208     3.93      1.83      3.48     6      .3    1127     0   0   0   0    27.2075   -71.0887     3698     7.63      8.81      367.13
0152    75.5   844.9     21.21     99.5    1120   208     3.97      1.88      3.50     6      .2    1121     0   0   0   0    27.2075   -71.0887     3676     7.71      8.90      367.19
0153    76.0   845.5     21.25     99.5    1113   209     4.01      1.93      3.51     6      .2    1114     0   0   0   0    27.2075   -71.0887     3655     7.78      8.98      367.25
0154    76.5   846.1     21.28     99.6    1107   209     4.04      1.98      3.52     6      .1    1107     0   0   0   3    27.2075   -71.0887     3633     7.84      9.05      367.31
0155    77.0   846.8     21.31     99.6    1100   210     4.06      2.02      3.53     6      .1    1101     0   0   0   0    27.2075   -71.0887     3611     7.89      9.10      367.35
0156    77.5   847.4     21.35     99.6    1094   210     4.08      2.07      3.52     6      .1    1094     0   0   0   0    27.2076   -71.0887     3590     7.92      9.15      367.39
0157    78.0   848.1     21.37     99.6    1087   211     4.10      2.10      3.51     7      .0    1087     0   0   0   0    27.2076   -71.0887     3568     7.95      9.17      367.41
0158    78.5   848.7     21.40     99.6    1080   211     4.10      2.14      3.50     7      .0    1081     0   0   0   0    27.2076   -71.0887     3546     7.96      9.19      367.42
0159    79.0   849.4     21.43     99.6    1074   212     4.10      2.16      3.49     7     -.1    1074     0   0   0   0    27.2076   -71.0887     3524     7.96      9.19      367.41
0160    79.5   850.0     21.45     99.6    1067   212     4.10      2.18      3.47     7     -.1    1067     0   0   0   0    27.2076   -71.0887     3502     7.96      9.19      367.40
0161    80.0   850.7     21.47     99.6    1060   212     4.10      2.20      3.46     7     -.1    1061     0   0   0   0    27.2076   -71.0887     3480     7.96      9.19      367.38
0162    80.5   851.3     21.49     99.6    1053   213     4.10      2.21      3.46     7     -.2    1054     0   0   0   0    27.2076   -71.0887     3458     7.96      9.19      367.35
0163    81.0   852.0     21.51     99.6    1047   213     4.11      2.22      3.46     7     -.2    1047     0   0   0   0    27.2077   -71.0887     3436     7.97      9.20      367.32
0164    81.5   852.7     21.53     99.6    1040   213     4.12      2.23      3.46     7     -.2    1040     0   0   0   0    27.2077   -71.0886     3414     7.99      9.23      367.29
0165    82.0   853.3     21.55     99.6    1033   213     4.14      2.24      3.48     7     -.3    1034     0   0   0   0    27.2077   -71.0886     3391     8.02      9.27      367.26
0166    82.5   854.0     21.57     99.6    1026   213     4.16      2.24      3.51     7     -.3    1027     0   0   0   0    27.2077   -71.0886     3369     8.07      9.32      367.22
0167    83.0   854.7     21.59     99.6    1020   212     4.19      2.25      3.54     7     -.4    1020     0   0   0   0    27.2077   -71.0886     3347     8.13      9.39      367.19
0168    83.5   855.3     21.61     99.7    1013   212     4.23      2.25      3.58     7     -.4    1013     0   0   0   3    27.2077   -71.0886     3324     8.20      9.47      367.17
0169    84.0   856.0     21.63     99.7    1006   212     4.27      2.25      3.63     7     -.4    1006     0   0   0   0    27.2078   -71.0886     3302     8.28      9.56      367.14
0170    84.5   856.7     21.65     99.7     999   211     4.31      2.25      3.68     7     -.5    1000     0   0   0   0    27.2078   -71.0886     3279     8.36      9.65      367.11
0171    85.0   857.3     21.67     99.7     992   211     4.35      2.25      3.72     7     -.5     993     0   0   0   0    27.2078   -71.0886     3257     8.44      9.74      367.09
0172    85.5   858.0     21.69     99.7     985   211     4.38      2.25      3.76     7     -.5     986     0   0   0   0    27.2078   -71.0886     3234     8.50      9.82      367.06
0173    86.0   858.7     21.71     99.7     978   211     4.41      2.25      3.79     7     -.6     979     0   0   0   0    27.2078   -71.0886     3212     8.56      9.88      367.03
0174    86.5   859.4     21.73     99.7     971   211     4.43      2.25      3.81     7     -.6     972     0   0   0   0    27.2078   -71.0886     3189     8.59      9.92      367.00
0175    87.0   860.1     21.75     99.7     964   211     4.44      2.26      3.82     6     -.6     965     0   0   0   0    27.2079   -71.0886     3166     8.61      9.95      366.97
0176    87.5   860.7     21.77     99.7     958   211     4.44      2.28      3.82     7     -.6     958     0   0   0   3    27.2079   -71.0885     3143     8.62      9.95      366.93
0177    88.0   861.4     21.79     99.7     951   211     4.44      2.30      3.80     7     -.6     951     0   0   0   0    27.2079   -71.0885     3121     8.61      9.94      366.89
0178    88.5   862.1     21.81     99.7     944   212     4.42      2.32      3.76     7     -.5     944     0   0   0   0    27.2079   -71.0885     3098     8.58      9.91      366.84
0179    89.0   862.8     21.82     99.7     937   212     4.41      2.36      3.72     7     -.5     937     0   0   0   0    27.2079   -71.0885     3075     8.55      9.87      366.79
0180    89.5   863.5     21.84     99.7     930   213     4.39      2.40      3.68     7     -.5     931     0   0   0   0    27.2079   -71.0885     3053     8.52      9.84      366.74
0181    90.0   864.1     21.86     99.6     923   214     4.38      2.46      3.62     7     -.5     924     0   0   0   0    27.2080   -71.0885     3031     8.49      9.81      366.68
0182    90.5   864.8     21.88     99.6     916   215     4.37      2.52      3.57     7     -.4     917     0   0   0   0    27.2080   -71.0885     3008     8.47      9.78      366.63
0183    91.0   865.5     21.90     99.6     910   216     4.36      2.58      3.52     7     -.4     910     0   0   0   0    27.2080   -71.0884     2986     8.46      9.77      366.57
0184    91.5   866.2     21.91     99.6     903   217     4.36      2.65      3.47     7     -.4     903     0   0   0   0    27.2080   -71.0884     2963     8.46      9.77      366.52
0185    92.0   866.8     21.93     99.5     896   218     4.37      2.71      3.43     7     -.4     896     0   0   0   0    27.2080   -71.0884     2941     8.48      9.79      366.47
0186    92.5   867.5     21.95     99.5     889   219     4.38      2.77      3.39     7     -.4     890     0   0   0   0    27.2080   -71.0884     2919     8.50      9.81      366.42
0187    93.0   868.2     21.97     99.5     882   220     4.39      2.83      3.36     7     -.4     883     3   3   3   0    27.2081   -71.0884     2897     8.52      9.84      366.37
0188    93.5   868.9     22.00     99.4     876   221     4.41      2.89      3.33     7     -.4     876     0   0   0   0    27.2081   -71.0884     2875     8.55      9.87      366.32
0189    94.0   869.5     22.02     99.4     869   222     4.42      2.93      3.30     7     -.3     869     0   0   0   0    27.2081   -71.0883     2852     8.57      9.90      366.28
0190    94.5   870.2     22.04     99.3     862   222     4.43      2.97      3.28     7     -.3     863     3   3   3   0    27.2081   -71.0883     2830     8.59      9.92      366.23
0191    95.0   870.9     22.07     99.3     855   223     4.43      3.00      3.26     7     -.3     856     0   0   0   0    27.2081   -71.0883     2808     8.60      9.93      366.19
0192    95.5   871.5     22.10     99.2     849   223     4.44      3.03      3.24     7     -.3     849     0   0   0   0    27.2081   -71.0883     2786     8.61      9.94      366.15
0193    96.0   872.2     22.13     99.1     842   223     4.43      3.04      3.22     7     -.3     842     0   0   0   0    27.2081   -71.0883     2764     8.60      9.93      366.11
0194    96.5   872.9     22.16     99.0     835   224     4.43      3.05      3.21     7     -.3     836     0   0   0   0    27.2082   -71.0883     2742     8.58      9.91      366.08
0195    97.0   873.6     22.19     98.9     828   224     4.41      3.05      3.19     7     -.2     829     0   0   0   0    27.2082   -71.0883     2720     8.56      9.89      366.06
0196    97.5   874.2     22.22     98.9     822   224     4.40      3.04      3.18     7     -.2     822     0   0   0   0    27.2082   -71.0882     2698     8.54      9.86      366.04
0197    98.0   874.9     22.25     98.8     815   224     4.38      3.03      3.17     7     -.2     816     0   0   0   0    27.2082   -71.0882     2676     8.50      9.82      366.03
0198    98.5   875.5     22.28     98.7     808   223     4.37      3.01      3.17     7     -.2     809     0   0   0   0    27.2082   -71.0882     2654     8.47      9.78      366.02
0199    99.0   876.2     22.32     98.6     802   223     4.35      2.98      3.17     7     -.1     802     0   0   0   0    27.2082   -71.0882     2632     8.44      9.75      366.03
0200    99.5   876.9     22.35     98.6     795   223     4.34      2.94      3.19     7     -.1     796     0   0   0   0    27.2083   -71.0882     2611     8.42      9.72      366.04
0201   100.0   877.5     22.38     98.6     789   222     4.32      2.90      3.21     7     -.1     789     0   0   0   0    27.2083   -71.0882     2589     8.39      9.69      366.06
0202   100.5   878.2     22.42     98.6     782   221     4.31      2.85      3.24     7     -.2     782     0   0   0   0    27.2083   -71.0882     2567     8.37      9.66      366.09
0203   101.0   878.9     22.45     98.6     775   221     4.30      2.80      3.27     7     -.2     776     0   0   0   0    27.2083   -71.0881     2545     8.35      9.64      366.13
0204   101.5   879.5     22.48     98.6     769   220     4.29      2.74      3.30     7     -.2     769     0   0   0   0    27.2083   -71.0881     2524     8.33      9.62      366.18
0205   102.0   880.2     22.52     98.6     762   219     4.29      2.69      3.34     7     -.2     763     0   0   0   0    27.2083   -71.0881     2502     8.32      9.60      366.24
0206   102.5   880.9     22.55     98.7     755   218     4.28      2.63      3.37     7     -.2     756     0   0   0   0    27.2083   -71.0881     2480     8.30      9.58      366.30
0207   103.0   881.5     22.58     98.7     749   217     4.27      2.58      3.40     7     -.2     749     0   0   0   0    27.2084   -71.0881     2458     8.28      9.56      366.36
0208   103.5   882.2     22.61     98.8     742   216     4.26      2.53      3.43     7     -.3     743     0   0   0   0    27.2084   -71.0881     2436     8.27      9.54      366.43
0209   104.0   882.9     22.63     98.9     735   216     4.25      2.49      3.44     7     -.3     736     0   0   0   0    27.2084   -71.0880     2414     8.24      9.52      366.51
0210   104.5   883.6     22.66     99.0     729   216     4.24      2.47      3.45     7     -.3     729     0   0   0   0    27.2084   -71.0880     2392     8.22      9.49      366.58
0211   105.0   884.2     22.69     99.1     722   216     4.23      2.46      3.44     7     -.2     722     0   0   0   0    27.2084   -71.0880     2370     8.20      9.47      366.66
0212   105.5   884.9     22.72     99.3     715   216     4.22      2.46      3.43     7     -.2     716     0   0   0   3    27.2084   -71.0880     2349     8.18      9.44      366.74
0213   106.0   885.6     22.74     99.4     709   216     4.21      2.48      3.40     7     -.2     709     0   0   0   0    27.2084   -71.0880     2327     8.16      9.43      366.82
0214   106.5   886.3     22.77     99.5     702   217     4.20      2.51      3.38     7     -.2     703     0   0   0   0    27.2085   -71.0880     2305     8.16      9.42      366.90
0215   107.0   886.9     22.79     99.6     695   217     4.20      2.55      3.34     7     -.2     696     0   0   0   0    27.2085   -71.0880     2283     8.16      9.42      366.98
0216   107.5   887.6     22.82     99.7     689   218     4.21      2.60      3.31     7     -.1     689     0   0   0   0    27.2085   -71.0879     2262     8.17      9.43      367.05
0217   108.0   888.3     22.85     99.8     682   219     4.22      2.66      3.28     7     -.1     683     0   0   0   0    27.2085   -71.0879     2240     8.19      9.45      367.12
0218   108.5   888.9     22.87     99.9     676   220     4.24      2.73      3.24     7     -.1     676     0   0   0   0    27.2085   -71.0879     2218     8.22      9.49      367.18
0219   109.0   889.6     22.90    100.0     669   221     4.26      2.79      3.22     7     -.1     670     0   0   0   0    27.2085   -71.0879     2197     8.26      9.53      367.23
0220   109.5   890.3     22.93    100.0     662   222     4.28      2.85      3.19     7     -.1     663     0   0   0   0    27.2086   -71.0879     2175     8.30      9.58      367.25
0221   110.0   890.9     22.95    100.0     656   222     4.30      2.90      3.17     7     -.2     656     0   0   0   0    27.2086   -71.0879     2154     8.34      9.62      367.26
0222   110.5   891.6     22.98    100.0     649   223     4.31      2.94      3.16     7     -.2     650     0   0   0   0    27.2086   -71.0878     2132     8.37      9.66      367.27
0223   111.0   892.3     23.01    100.0     643   223     4.33      2.97      3.15     7     -.2     643     0   0   0   0    27.2086   -71.0878     2110     8.40      9.69      367.28
0224   111.5   892.9     23.03    100.0     636   224     4.33      2.99      3.14     7     -.2     637     0   0   0   0    27.2086   -71.0878     2089     8.41      9.71      367.29
0225   112.0   893.6     23.06    100.0     629   224     4.34      2.99      3.14     7     -.2     630     0   0   0   0    27.2086   -71.0878     2067     8.41      9.71      367.28
0226   112.5   894.3     23.09     99.9     623   224     4.33      2.99      3.13     7     -.2     623     0   0   0   0    27.2086   -71.0878     2045     8.40      9.70      367.25
0227   113.0   895.0     23.12     99.8     616   224     4.32      2.97      3.13     7     -.2     617     0   0   0   0    27.2087   -71.0878     2023     8.38      9.67      367.21
0228   113.5   895.6     23.15     99.7     610   223     4.30      2.95      3.13     7     -.2     610     0   0   0   3    27.2087   -71.0878     2002     8.35      9.64      367.16
0229   114.0   896.3     23.18     99.5     603   223     4.29      2.93      3.13     7     -.2     603     0   0   0   0    27.2087   -71.0877     1980     8.31      9.60      367.11
0230   114.5   897.0     23.21     99.4     596   223     4.27      2.90      3.14     7     -.2     597     0   0   0   0    27.2087   -71.0877     1958     8.28      9.57      367.06
0231   115.0   897.7     23.25     99.2     590   222     4.26      2.87      3.14     7     -.2     590     0   0   0   0    27.2087   -71.0877     1937     8.26      9.54      367.00
0232   115.5   898.3     23.28     99.1     583   222     4.25      2.85      3.16     7     -.2     584     0   0   0   0    27.2087   -71.0877     1915     8.25      9.52      366.95
0233   116.0   899.0     23.32     99.0     577   222     4.25      2.83      3.17     7     -.1     577     0   0   0   0    27.2087   -71.0877     1893     8.25      9.52      366.91
0234   116.5   899.7     23.35     98.8     570   221     4.26      2.82      3.20     7     -.1     571     0   0   0   0    27.2087   -71.0877     1872     8.27      9.55      366.87
0235   117.0   900.4     23.39     98.7     563   221     4.28      2.81      3.23     7      .0     564     0   0   0   0    27.2088   -71.0876     1850     8.30      9.59      366.84
0236   117.5   901.0     23.42     98.6     557   221     4.31      2.81      3.26     7      .0     558     0   0   0   0    27.2088   -71.0876     1829     8.36      9.65      366.81
0237   118.0   901.7     23.46     98.4     550   220     4.34      2.82      3.30     7      .0     551     0   0   0   0    27.2088   -71.0876     1808     8.43      9.73      366.79
0238   118.5   902.3     23.49     98.3     544   220     4.38      2.83      3.35     7      .1     545     0   0   0   0    27.2088   -71.0876     1787     8.51      9.82      366.78
0239   119.0   903.0     23.53     98.2     538   220     4.43      2.85      3.39     7      .1     538     0   0   0   0    27.2088   -71.0876     1766     8.59      9.92      366.76
0240   119.5   903.7     23.57     98.1     531   220     4.47      2.87      3.44     7      .1     532     0   0   0   0    27.2088   -71.0876     1744     8.68     10.02      366.75
0241   120.0   904.3     23.60     98.0     525   220     4.52      2.88      3.48     7      .2     525     0   0   0   0    27.2089   -71.0876     1723     8.76     10.12      366.74
0242   120.5   905.0     23.64     97.8     518   220     4.55      2.90      3.51     7      .2     519     0   0   0   0    27.2089   -71.0875     1703     8.83     10.20      366.73
0243   121.0   905.6     23.68     97.7     512   219     4.58      2.91      3.54     7      .2     513     0   0   0   0    27.2089   -71.0875     1682     8.89     10.26      366.72
0244   121.5   906.3     23.71     97.6     506   219     4.60      2.92      3.55     7      .2     506     0   0   0   0    27.2089   -71.0875     1661     8.92     10.30      366.71
0245   122.0   906.9     23.75     97.5     499   219     4.61      2.92      3.56     7      .2     500     0   0   0   0    27.2089   -71.0875     1640     8.94     10.32      366.71
0246   122.5   907.6     23.79     97.4     493   219     4.60      2.92      3.55     7      .2     494     0   0   0   0    27.2089   -71.0875     1619     8.93     10.31      366.70
0247   123.0   908.3     23.82     97.3     487   219     4.59      2.92      3.54     7      .2     487     0   0   0   0    27.2089   -71.0875     1598     8.90     10.27      366.70
0248   123.5   908.9     23.86     97.3     480   220     4.56      2.90      3.51     7      .2     481     0   0   0   0    27.2090   -71.0874     1577     8.84     10.21      366.71
0249   124.0   909.6     23.89     97.2     474   220     4.52      2.88      3.48     7      .2     474     0   0   0   0    27.2090   -71.0874     1557     8.77     10.12      366.72
0250   124.5   910.2     23.92     97.1     468   220     4.47      2.86      3.44     7      .2     468     0   0   0   0    27.2090   -71.0874     1536     8.68     10.02      366.74
0251   125.0   910.9     23.96     97.1     461   220     4.42      2.83      3.39     7      .2     462     0   0   0   0    27.2090   -71.0874     1515     8.57      9.90      366.77
0252   125.5   911.5     23.99     97.1     455   220     4.36      2.80      3.34     7      .2     455     0   0   0   0    27.2090   -71.0874     1494     8.46      9.77      366.81
0253   126.0   912.2     24.02     97.1     449   220     4.31      2.77      3.30     7      .2     449     0   0   0   0    27.2090   -71.0874     1473     8.35      9.65      366.87
0254   126.5   912.9     24.05     97.2     442   220     4.25      2.74      3.25     7      .2     443     0   0   0   0    27.2091   -71.0874     1453     8.25      9.52      366.93
0255   127.0   913.5     24.09     97.2     436   220     4.20      2.71      3.21     7      .2     436     0   0   0   0    27.2091   -71.0873     1432     8.15      9.41      367.01
0256   127.5   914.2     24.12     97.3     430   220     4.15      2.68      3.18     7      .2     430     0   0   0   0    27.2091   -71.0873     1411     8.06      9.30      367.11
0257   128.0   914.8     24.15     97.4     423   220     4.11      2.65      3.15     7      .2     424     0   0   0   0    27.2091   -71.0873     1390     7.98      9.22      367.21
0258   128.5   915.5     24.18     97.6     417   220     4.08      2.63      3.13     7      .2     417     0   0   0   0    27.2091   -71.0873     1369     7.92      9.15      367.33
0259   129.0   916.1     24.21     97.7     411   220     4.06      2.61      3.12     7      .2     411     0   0   0   0    27.2091   -71.0873     1349     7.88      9.10      367.45
0260   129.5   916.8     24.24     97.8     404   220     4.05      2.59      3.11     7      .2     405     0   0   0   0    27.2091   -71.0873     1328     7.86      9.08      367.58
0261   130.0   917.5     24.27     98.0     398   220     4.05      2.58      3.12     7      .2     398     0   0   0   0    27.2092   -71.0872     1307     7.85      9.07      367.71
0262   130.5   918.1     24.30     98.1     392   219     4.05      2.58      3.13     7      .2     392     0   0   0   0    27.2092   -71.0872     1287     7.86      9.08      367.84
0263   131.0   918.8     24.33     98.2     385   219     4.06      2.57      3.15     7      .2     386     0   0   0   0    27.2092   -71.0872     1266     7.88      9.10      367.97
0264   131.5   919.4     24.37     98.4     379   219     4.07      2.55      3.17     7      .2     379     0   0   0   0    27.2092   -71.0872     1245     7.90      9.13      368.09
0265   132.0   920.1     24.40     98.4     373   218     4.09      2.54      3.21     7      .1     373     0   0   0   0    27.2092   -71.0872     1224     7.93      9.16      368.21
0266   132.5   920.8     24.43     98.5     366   218     4.11      2.52      3.24     7      .1     367     0   0   0   0    27.2092   -71.0872     1203     7.96      9.20      368.31
0267   133.0   921.4     24.47     98.6     360   217     4.12      2.49      3.29     7      .1     360     0   0   0   0    27.2092   -71.0872     1182     7.99      9.23      368.40
0268   133.5   922.1     24.51     98.6     353   216     4.13      2.45      3.33     7      .1     354     0   0   0   0    27.2093   -71.0871     1161     8.02      9.26      368.48
0269   134.0   922.8     24.55     98.6     347   216     4.14      2.41      3.37     7      .0     348     0   0   0   0    27.2093   -71.0871     1140     8.04      9.28      368.55
0270   134.5   923.4     24.58     98.5     341   215     4.15      2.36      3.42     7      .0     341     0   0   0   0    27.2093   -71.0871     1119     8.05      9.30      368.61
0271   135.0   924.1     24.62     98.5     334   214     4.16      2.31      3.46     7      .0     335     0   0   0   0    27.2093   -71.0871     1098     8.07      9.31      368.66
0272   135.5   924.8     24.66     98.4     328   213     4.16      2.25      3.50     7      .0     328     0   0   0   0    27.2093   -71.0871     1077     8.07      9.32      368.70
0273   136.0   925.4     24.70     98.4     321   212     4.16      2.20      3.53     7      .0     322     0   0   0   0    27.2093   -71.0871     1056     8.08      9.33      368.74
0274   136.5   926.1     24.74     98.3     315   211     4.16      2.16      3.56     7      .0     315     0   0   0   0    27.2093   -71.0871     1035     8.08      9.33      368.77
0275   137.0   926.8     24.78     98.2     308   211     4.17      2.12      3.59     7      .0     309     0   0   0   3    27.2094   -71.0871     1014     8.08      9.33      368.80
0276   137.5   927.5     24.82     98.2     302   210     4.17      2.09      3.60     7      .0     303     0   0   0   0    27.2094   -71.0871      993     8.08      9.33      368.83
0277   138.0   928.2     24.86     98.1     296   210     4.17      2.07      3.62     7      .0     296     0   0   0   0    27.2094   -71.0871      971     8.08      9.33      368.87
0278   138.5   928.8     24.89     98.1     289   210     4.16      2.05      3.62     7      .0     290     0   0   0   0    27.2094   -71.0870      950     8.08      9.33      368.90
0279   139.0   929.5     24.93     98.0     283   209     4.16      2.05      3.63     7      .0     283     0   0   0   0    27.2094   -71.0870      929     8.08      9.33      368.94
0280   139.5   930.2     24.97     98.0     276   210     4.16      2.05      3.62     7      .0     277     0   0   0   0    27.2094   -71.0870      908     8.08      9.33      368.99
0281   140.0   930.8     25.00     98.0     270   210     4.16      2.06      3.62     7      .1     270     0   0   0   0    27.2095   -71.0870      887     8.08      9.33      369.04
0282   140.5   931.5     25.04     98.0     264   210     4.16      2.07      3.61     7      .1     264     0   0   0   0    27.2095   -71.0870      866     8.07      9.32      369.09
0283   141.0   932.2     25.07     98.0     257   210     4.16      2.09      3.60     7      .1     258     0   0   0   0    27.2095   -71.0870      846     8.07      9.32      369.15
0284   141.5   932.9     25.11     98.0     251   210     4.15      2.10      3.58     7      .1     251     0   0   0   0    27.2095   -71.0870      825     8.06      9.31      369.21
0285   142.0   933.5     25.14     98.0     245   211     4.15      2.12      3.57     7      .2     245     0   0   0   0    27.2095   -71.0870      804     8.05      9.29      369.27
0286   142.5   934.2     25.17     98.0     238   211     4.14      2.13      3.55     7      .2     239     0   0   0   0    27.2095   -71.0870      784     8.03      9.27      369.34
0287   143.0   934.8     25.20     98.0     232   211     4.13      2.14      3.53     7      .2     233     0   0   0   0    27.2096   -71.0870      763     8.01      9.25      369.40
0288   143.5   935.5     25.23     98.1     226   212     4.11      2.16      3.50     7      .2     226     0   0   0   0    27.2096   -71.0870      742     7.98      9.22      369.47
0289   144.0   936.2     25.27     98.1     219   212     4.10      2.17      3.48     8      .3     220     0   0   0   0    27.2096   -71.0870      722     7.95      9.18      369.54
0290   144.5   936.8     25.30     98.2     213   212     4.08      2.19      3.45     8      .3     214     0   0   0   0    27.2096   -71.0870      701     7.92      9.15      369.61
0291   145.0   937.5     25.32     98.2     207   213     4.07      2.20      3.42     8      .3     208     0   0   0   0    27.2096   -71.0869      681     7.89      9.11      369.68
0292   145.5   938.2     25.35     98.3     201   213     4.05      2.23      3.39     8      .3     201     0   0   0   0    27.2096   -71.0869      661     7.86      9.08      369.74
0293   146.0   938.8     25.38     98.3     195   214     4.04      2.25      3.36     8      .4     195     0   0   0   0    27.2097   -71.0869      640     7.84      9.06      369.80
0294   146.5   939.5     25.41     98.4     188   214     4.04      2.28      3.33     8      .4     189     0   0   0   0    27.2097   -71.0869      620     7.83      9.04      369.86
0295   147.0   940.1     25.44     98.4     182   215     4.04      2.32      3.30     8      .4     183     0   0   0   0    27.2097   -71.0869      600     7.83      9.04      369.91
0296   147.5   940.8     25.46     98.4     176   216     4.04      2.35      3.29     8      .4     177     0   0   0   0    27.2097   -71.0869      579     7.84      9.05      369.96
0297   148.0   941.4     25.49     98.5     170   216     4.05      2.39      3.27     8      .5     170     0   0   0   0    27.2097   -71.0869      559     7.86      9.07      370.01
0298   148.5   942.1     25.52     98.5     164   217     4.07      2.42      3.27     8      .5     164     0   0   0   0    27.2097   -71.0869      539     7.89      9.11      370.06
0299   149.0   942.7     25.55     98.5     158   217     4.09      2.46      3.27     8      .5     158     0   0   0   0    27.2097   -71.0868      519     7.93      9.16      370.12
0300   149.5   943.4     25.59     98.5     152   217     4.12      2.49      3.28     8      .5     152     0   0   0   0    27.2098   -71.0868      499     7.99      9.22      370.18
0301   150.0   944.0     25.62     98.5     146   217     4.15      2.52      3.29     8      .6     146     0   0   0   0    27.2098   -71.0868      479     8.04      9.29      370.25
0302   150.5   944.7     25.66     98.5     139   217     4.17      2.53      3.32     8      .6     140     0   0   0   0    27.2098   -71.0868      459     8.09      9.34      370.33
0303   151.0   945.3     25.69     98.5     133   217     4.19      2.53      3.34     8      .6     134     0   0   0   0    27.2098   -71.0868      439     8.13      9.39      370.42
0304   151.5   946.0     25.73     98.6     127   217     4.20      2.52      3.37     8      .6     128     0   0   0   3    27.2098   -71.0868      420     8.16      9.42      370.53
0305   152.0   946.6     25.77     98.6     121   216     4.21      2.50      3.39     8      .5     122     0   0   0   0    27.2098   -71.0867      400     8.17      9.43      370.65
0306   152.5   947.3     25.82     98.6     115   216     4.21      2.47      3.41     8      .5     116     0   0   0   0    27.2098   -71.0867      380     8.16      9.42      370.78
0307   153.0   947.9     25.86     98.6     109   215     4.20      2.44      3.42     8      .5     110     0   0   0   0    27.2099   -71.0867      360     8.14      9.40      370.92
0308   153.5   948.6     25.90     98.7     103   215     4.18      2.40      3.42     8      .4     104     0   0   0   0    27.2099   -71.0867      340     8.11      9.36      371.07
0309   154.0   949.2     25.95     98.7      97   215     4.15      2.36      3.42     8      .4      97     0   0   0   0    27.2099   -71.0867      319     8.06      9.30      371.23
0310   154.5   949.9     25.99     98.8      91   214     4.12      2.31      3.41     8      .4      91     0   0   0   3    27.2099   -71.0867      299     7.99      9.23      371.38
0311   155.0   950.5     26.04     98.8      85   214     4.08      2.26      3.39     8      .3      85     0   0   0   0    27.2099   -71.0867      279     7.91      9.13      371.53
0312   155.5   951.2     26.08     98.9      78   213     4.02      2.20      3.37     8      .3      79     0   0   0   0    27.2099   -71.0867      259     7.81      9.02      371.68
0313   156.0   951.9     26.12     98.9      72   212     3.97      2.12      3.35     7      .2      73     0   0   0   0    27.2100   -71.0866      238     7.69      8.88      371.81
0314   156.5   952.5     26.17     98.9      66   212     3.90      2.04      3.32     8      .2      66     3   3   3   0    27.2100   -71.0866      218     7.56      8.73      371.94
0315   157.0   953.2     26.22     98.9      60   211     3.82      1.94      3.29     8      .2      60     0   0   0   3    27.2100   -71.0866      197     7.41      8.56      372.05
0316   157.5   953.9     26.26     98.8      53   209     3.74      1.83      3.26     8      .2      54     0   0   0   0    27.2100   -71.0866      177     7.25      8.37      372.15
0317   158.0   954.6     26.31     98.8      47   208     3.64      1.70      3.21     8      .2      48     0   0   0   0    27.2100   -71.0866      156     7.06      8.15      372.26
0318   158.5   955.2     26.36     98.7      41   206     3.52      1.54      3.17     8      .3      41     0   0   0   0    27.2100   -71.0866      136     6.83      7.89      372.37
0319   159.0   955.9     26.42     98.7      35   203     3.39      1.35      3.11     8      .6      35     0   0   0   0    27.2100   -71.0866      115     6.59      7.60      372.52
0320   159.5   956.6     26.47     98.7      28   200     3.26      1.12      3.06     8     1.1      29     0   0   0   0    27.2101   -71.0866       94     6.32      7.30      372.71
0321   160.0   957.2     26.53     98.7      22   197     3.13       .94      2.98     8     1.2      23     0   0   0   0    27.2101   -71.0866       75     6.06      7.00      372.92
0322   160.5   957.8     26.59     98.6      17   197     2.99       .85      2.87     8     1.4      17     0   0   0   0    27.2101   -71.0866       56     5.80      6.70      373.08
0323   161.0   958.4     26.65     98.4      11   195     2.85       .76      2.75     8     1.6      12     0   0   0   0    27.2101   -71.0866       39     5.54      6.39      373.16
0324   161.5   958.9     26.69     98.1       7   196     2.77       .75      2.67     8     2.0       7     0   0   0   0    27.2101   -71.0866       24     5.38      6.21      373.05
