 ===========================================================================
 DROPWINDSONDE PROCESSING RECORD                            Sonde: 004255259
 PDS file written Sep 30, 2002.                             Format:    V5.07
 Aircraft: N43RF                             Date: 020930   Time: 191737 UTC
 ---------------------------------------------------------------------------
 Bias corrections:  PR =    .0 mb  TE =    .0 C  RH =    .0 %  PRB =   .0 mb
 Filters (LPF):     PTH =  10 s    WIND =  10 s       Hyd anchor =       SFC
 Dyn RH correction =  N     WSHR COR =      Y         Splash PR  = 1008.3 mb
 Estimated PR used =  N     GPS VERR =    .26 m/s     HYD SFCP   = 1008.8 mb
 Dyn T correction  =  Y     WGACORR  =   -4.1 m       AC GA ADJ  =     .0 m
 ---------------------------------------------------------------------------
 COMMENTS: IP and westmost point of flight                             
 ===========================================================================

 ==============================================================================
 Date: 020930   Lat:  20.97 N   TA:   19.2 C   PS:  849.0 mb   WD:    23 deg
 Time: 191737   Lon:  83.93 W   TD:   13.0 C   GA:   1507 m    WS:   8.6 m/s
 SID:  004255259                RH:   66.7 %   Navaid:   GP          
 ===========================================================================

IX      t (s)  P (mb)    T (C)    RH (%)  Z (m)   WD    WS (m/s)   U (m/s)   V (m/s)  NS  WZ (m/s)  ZW (m)   FP  FT  FH  FW   LAT (N)    LON (E)  ZW (ft)  WS (kt)  WS (mph)  THETAE (K)
0001      .3   849.6     19.21   -999.0    1501    24     8.63     -3.44     -7.91  -999  -999.0    1497     3   3   0   3    20.9734   -83.9323     4912    16.74     19.32     -999.00
0002      .8   850.2     19.22   -999.0    1495    25     8.72     -3.74     -7.88  -999  -999.0    1491     3   3   0   3    20.9733   -83.9323     4892    16.93     19.54     -999.00
0003     1.3   850.8     19.23   -999.0    1489    26     8.76     -3.82     -7.88  -999  -999.0    1485     3   3   0   3    20.9733   -83.9323     4873    16.98     19.61     -999.00
0004     1.8   851.4     19.24   -999.0    1483    26     8.79     -3.91     -7.87  -999  -999.0    1479     3   3   0   3    20.9733   -83.9324     4853    17.04     19.68     -999.00
0005     2.3   851.9     19.25   -999.0    1477    27     8.82     -3.99     -7.86  -999  -999.0    1473     3   3   0   3    20.9732   -83.9324     4834    17.11     19.75     -999.00
0006     2.8   852.5     19.26   -999.0    1471    27     8.85     -4.08     -7.86  -999  -999.0    1467     3   3   0   3    20.9732   -83.9324     4814    17.17     19.82     -999.00
0007     3.3   853.1     19.28   -999.0    1465    28     8.88     -4.16     -7.85  -999  -999.0    1461     3   3   0   3    20.9731   -83.9324     4795    17.23     19.90     -999.00
0008     3.8   853.7     19.29   -999.0    1460    28     8.92     -4.25     -7.84  -999  -999.0    1455     3   3   0   3    20.9731   -83.9324     4775    17.30     19.97     -999.00
0009     4.3   854.3     19.30   -999.0    1454    29     8.95     -4.33     -7.83  -999  -999.0    1449     3   3   0   3    20.9731   -83.9325     4756    17.37     20.05     -999.00
0010     4.8   854.9     19.31   -999.0    1448    29     8.99     -4.42     -7.83  -999  -999.0    1444     3   3   0   3    20.9730   -83.9325     4736    17.43     20.13     -999.00
0011     5.3   855.5     19.32   -999.0    1442    30     9.02     -4.50     -7.82  -999  -999.0    1438     3   3   0   3    20.9730   -83.9325     4717    17.50     20.21     -999.00
0012     5.8   856.1     19.33   -999.0    1436    30     9.06     -4.58     -7.81  -999  -999.0    1432     3   3   0   3    20.9730   -83.9325     4697    17.57     20.29     -999.00
0013     6.3   856.6     19.34   -999.0    1430    31     9.10     -4.67     -7.81  -999  -999.0    1426     3   3   0   3    20.9729   -83.9326     4678    17.64     20.37     -999.00
0014     6.8   857.2     19.36   -999.0    1424    31     9.13     -4.76     -7.80  -999  -999.0    1420     3   3   0   3    20.9729   -83.9326     4658    17.72     20.46     -999.00
0015     7.3   857.8     19.37   -999.0    1418    32     9.17     -4.85     -7.78  -999  -999.0    1414     3   3   0   3    20.9729   -83.9326     4639    17.79     20.54     -999.00
0016     7.8   858.4     19.38   -999.0    1412    32     9.21     -4.94     -7.77  -999  -999.0    1408     3   3   0   3    20.9728   -83.9326     4620    17.87     20.63     -999.00
0017     8.3   859.0     19.39   -999.0    1406    33     9.26     -5.03     -7.77  -999  -999.0    1402     3   3   0   3    20.9728   -83.9327     4600    17.96     20.74     -999.00
0018     8.8   859.6     19.41   -999.0    1400    33     9.32     -5.13     -7.78  -999  -999.0    1396     3   3   0   3    20.9728   -83.9327     4581    18.07     20.87     -999.00
0019     9.3   860.2     19.42   -999.0    1394    34     9.38     -5.21     -7.80  -999  -999.0    1390     3   3   0   3    20.9727   -83.9327     4562    18.20     21.01     -999.00
0020     9.8   860.8     19.43   -999.0    1389    34     9.45     -5.29     -7.83  -999  -999.0    1385     3   3   0   3    20.9727   -83.9327     4542    18.33     21.16     -999.00
0021    10.3   861.3     19.44   -999.0    1383    34     9.51     -5.34     -7.87  -999  -999.0    1379     3   3   0   3    20.9727   -83.9327     4523    18.46     21.31     -999.00
0022    10.8   861.9     19.46   -999.0    1377    34     9.57     -5.37     -7.92  -999  -999.0    1373     3   3   0   3    20.9726   -83.9328     4504    18.57     21.44     -999.00
0023    11.3   862.5     19.47   -999.0    1371    34     9.62     -5.38     -7.98  -999  -999.0    1367     3   3   0   3    20.9726   -83.9328     4485    18.66     21.55     -999.00
0024    11.8   863.1     19.49   -999.0    1365    34     9.65     -5.36     -8.03     4  -999.0    1361     3   3   0   0    20.9725   -83.9328     4465    18.72     21.62     -999.00
0025    12.3   863.7     19.50     66.2    1359    33     9.66     -5.31     -8.07     4  -999.0    1355     3   3   0   0    20.9725   -83.9328     4446    18.75     21.64      338.61
0026    12.8   864.3     19.52     66.2    1353    33     9.65     -5.24     -8.10     4  -999.0    1349     3   3   0   0    20.9725   -83.9329     4427    18.72     21.62      338.60
0027    13.3   864.9     19.54     66.2    1347    32     9.61     -5.16     -8.11     4  -999.0    1343     3   3   0   0    20.9724   -83.9329     4407    18.65     21.53      338.57
0028    13.8   865.5     19.56     66.0    1341    32     9.56     -5.06     -8.11     4  -999.0    1337     3   3   0   0    20.9724   -83.9329     4387    18.54     21.41      338.45
0029    14.3   866.1     19.59     65.8    1335    32     9.49     -4.97     -8.08     4  -999.0    1331     0   0   0   0    20.9724   -83.9329     4367    18.41     21.25      338.35
0030    14.8   866.7     19.61     65.8    1329    31     9.41     -4.87     -8.04     4  -999.0    1325     0   0   0   0    20.9723   -83.9330     4348    18.25     21.07      338.33
0031    15.3   867.3     19.64     65.9    1323    31     9.31     -4.79     -7.99     4  -999.0    1319     0   0   0   0    20.9723   -83.9330     4328    18.07     20.86      338.36
0032    15.8   867.9     19.67     66.0    1317    31     9.22     -4.72     -7.92     4      .8    1313     0   0   0   0    20.9723   -83.9330     4307    17.88     20.64      338.41
0033    16.3   868.6     19.70     66.1    1311    31     9.12     -4.67     -7.84     4      .8    1307     0   0   0   0    20.9722   -83.9330     4287    17.70     20.43      338.46
0034    16.8   869.2     19.74     66.1    1305    31     9.04     -4.64     -7.75     4      .7    1301     0   0   0   0    20.9722   -83.9330     4267    17.53     20.24      338.51
0035    17.3   869.8     19.77     66.2    1298    31     8.96     -4.63     -7.67     4      .7    1294     0   0   0   0    20.9722   -83.9331     4246    17.39     20.08      338.55
0036    17.8   870.4     19.81     66.2    1292    31     8.91     -4.65     -7.60     4      .6    1288     0   0   0   0    20.9721   -83.9331     4226    17.29     19.96      338.58
0037    18.3   871.1     19.85     66.2    1286    32     8.88     -4.69     -7.54     4      .6    1282     0   0   0   0    20.9721   -83.9331     4205    17.23     19.89      338.61
0038    18.8   871.7     19.89     66.1    1280    32     8.87     -4.74     -7.50     4      .6    1276     0   0   0   0    20.9720   -83.9331     4185    17.21     19.88      338.62
0039    19.3   872.3     19.93     66.1    1273    33     8.89     -4.80     -7.48     4      .6    1269     0   0   0   0    20.9720   -83.9332     4164    17.25     19.91      338.63
0040    19.8   873.0     19.97     66.0    1267    33     8.93     -4.88     -7.48     4      .6    1263     0   0   0   0    20.9720   -83.9332     4144    17.32     20.00      338.63
0041    20.3   873.6     20.00     66.0    1261    33     8.99     -4.95     -7.50     4      .6    1257     0   0   0   0    20.9719   -83.9332     4123    17.43     20.13      338.63
0042    20.8   874.2     20.04     65.9    1255    34     9.06     -5.02     -7.54     4      .6    1250     0   0   0   0    20.9719   -83.9332     4102    17.57     20.29      338.64
0043    21.3   874.9     20.08     65.9    1248    34     9.13     -5.08     -7.59     4      .6    1244     0   0   0   0    20.9719   -83.9333     4082    17.72     20.46      338.67
0044    21.8   875.5     20.11     66.0    1242    34     9.22     -5.13     -7.65     4      .6    1238     0   0   0   0    20.9718   -83.9333     4061    17.88     20.64      338.70
0045    22.3   876.1     20.15     66.1    1236    34     9.29     -5.18     -7.72     4      .6    1232     0   0   0   0    20.9718   -83.9333     4041    18.03     20.82      338.77
0046    22.8   876.8     20.17     66.2    1229    34     9.37     -5.22     -7.78     4      .6    1225     0   0   0   0    20.9718   -83.9333     4020    18.17     20.98      338.86
0047    23.3   877.4     20.20     66.5    1223    34     9.43     -5.26     -7.83     4      .6    1219     0   0   0   0    20.9717   -83.9333     4000    18.30     21.13      338.98
0048    23.8   878.0     20.22     66.8    1217    34     9.49     -5.30     -7.88     4      .6    1213     0   0   0   0    20.9717   -83.9334     3979    18.41     21.26      339.12
0049    24.3   878.7     20.24     67.2    1211    34     9.54     -5.34     -7.90     4      .5    1207     0   0   0   0    20.9717   -83.9334     3959    18.51     21.37      339.29
0050    24.8   879.3     20.26     67.7    1204    34     9.58     -5.40     -7.91     4      .5    1200     0   0   0   0    20.9716   -83.9334     3938    18.59     21.47      339.48
0051    25.3   879.9     20.27     68.1    1198    35     9.62     -5.48     -7.91     4      .5    1194     0   0   0   0    20.9716   -83.9334     3918    18.67     21.56      339.66
0052    25.8   880.6     20.28     68.6    1192    35     9.66     -5.58     -7.89     4      .5    1188     0   0   0   0    20.9716   -83.9335     3897    18.75     21.65      339.85
0053    26.3   881.2     20.29     69.1    1186    36     9.71     -5.70     -7.87     4      .5    1182     0   0   0   0    20.9715   -83.9335     3876    18.84     21.76      340.02
0054    26.8   881.9     20.30     69.5    1179    37     9.77     -5.84     -7.83     4      .5    1175     0   0   0   0    20.9715   -83.9335     3856    18.95     21.88      340.18
0055    27.3   882.5     20.31     69.9    1173    38     9.84     -5.99     -7.80     4      .5    1169     0   0   0   0    20.9714   -83.9336     3835    19.09     22.04      340.32
0056    27.8   883.2     20.32     70.3    1167    38     9.92     -6.16     -7.78     4      .4    1163     0   0   0   0    20.9714   -83.9336     3814    19.25     22.22      340.43
0057    28.3   883.8     20.33     70.6    1160    39    10.02     -6.33     -7.76     4      .4    1156     0   0   0   0    20.9714   -83.9336     3794    19.44     22.44      340.51
0058    28.8   884.4     20.34     70.8    1154    40    10.13     -6.50     -7.76     4      .4    1150     0   0   0   0    20.9713   -83.9336     3773    19.65     22.69      340.57
0059    29.3   885.1     20.35     71.0    1148    41    10.24     -6.66     -7.78     4      .4    1144     0   0   0   0    20.9713   -83.9337     3752    19.87     22.94      340.61
0060    29.8   885.7     20.36     71.1    1141    41    10.36     -6.80     -7.82     4      .4    1137     0   0   0   0    20.9713   -83.9337     3732    20.10     23.21      340.62
0061    30.3   886.4     20.38     71.2    1135    41    10.48     -6.92     -7.87     4      .4    1131     0   0   0   0    20.9712   -83.9337     3711    20.32     23.47      340.61
0062    30.8   887.0     20.40     71.2    1129    41    10.58     -7.01     -7.93     4      .5    1125     0   0   0   0    20.9712   -83.9338     3690    20.53     23.70      340.60
0063    31.3   887.7     20.42     71.2    1123    41    10.67     -7.07     -8.00     4      .5    1119     0   0   0   0    20.9712   -83.9338     3670    20.70     23.91      340.58
0064    31.8   888.3     20.44     71.2    1116    41    10.74     -7.10     -8.07     4      .5    1112     0   0   0   0    20.9711   -83.9338     3649    20.84     24.07      340.55
0065    32.3   888.9     20.47     71.2    1110    41    10.79     -7.10     -8.13     4      .5    1106     0   0   0   0    20.9711   -83.9339     3629    20.94     24.18      340.53
0066    32.8   889.6     20.50     71.1    1104    41    10.82     -7.07     -8.19     4      .6    1100     0   0   0   0    20.9711   -83.9339     3608    20.99     24.24      340.51
0067    33.3   890.2     20.53     71.1    1098    41    10.82     -7.03     -8.22     4      .6    1094     0   0   0   0    20.9710   -83.9339     3588    21.00     24.24      340.50
0068    33.8   890.9     20.56     71.1    1092    40    10.80     -6.98     -8.24     4      .6    1087     0   0   0   0    20.9710   -83.9340     3568    20.95     24.19      340.50
0069    34.3   891.5     20.60     71.1    1085    40    10.76     -6.93     -8.23     4      .7    1081     0   0   0   3    20.9709   -83.9340     3548    20.87     24.10      340.51
0070    34.8   892.1     20.63     71.1    1079    40    10.70     -6.88     -8.19     4      .7    1075     0   0   0   0    20.9709   -83.9340     3527    20.75     23.96      340.54
0071    35.3   892.8     20.67     71.1    1073    40    10.62     -6.83     -8.13     4      .7    1069     0   0   0   0    20.9709   -83.9340     3507    20.61     23.79      340.59
0072    35.8   893.4     20.70     71.2    1067    40    10.54     -6.80     -8.05     4      .7    1063     0   0   0   0    20.9708   -83.9341     3487    20.44     23.60      340.65
0073    36.3   894.0     20.74     71.3    1061    40    10.45     -6.78     -7.95     4      .7    1057     0   0   0   0    20.9708   -83.9341     3467    20.27     23.40      340.72
0074    36.8   894.6     20.77     71.4    1055    41    10.36     -6.77     -7.84     4      .8    1051     0   0   0   3    20.9708   -83.9341     3447    20.10     23.21      340.82
0075    37.3   895.3     20.81     71.5    1049    41    10.28     -6.78     -7.72     4      .8    1045     0   0   0   3    20.9707   -83.9342     3427    19.94     23.02      340.92
0076    37.8   895.9     20.84     71.7    1043    42    10.20     -6.81     -7.60     4      .8    1038     0   0   0   3    20.9707   -83.9342     3407    19.79     22.86      341.04
0077    38.3   896.5     20.87     72.0    1036    42    10.14     -6.84     -7.49     4      .8    1032     0   0   0   3    20.9707   -83.9342     3387    19.67     22.72      341.17
0078    38.8   897.2     20.90     72.2    1030    43    10.09     -6.88     -7.39     4      .8    1026     0   0   0   3    20.9706   -83.9343     3367    19.58     22.61      341.30
0079    39.3   897.8     20.93     72.5    1024    43    10.06     -6.92     -7.30     4      .8    1020     0   0   0   0    20.9706   -83.9343     3347    19.51     22.53      341.44
0080    39.8   898.4     20.95     72.8    1018    44    10.04     -6.96     -7.23     4      .8    1014     0   0   0   3    20.9706   -83.9343     3327    19.47     22.48      341.58
0081    40.3   899.0     20.97     73.0    1012    44    10.03     -7.00     -7.18     4      .8    1008     0   0   0   3    20.9705   -83.9343     3307    19.46     22.46      341.71
0082    40.8   899.7     21.00     73.3    1006    45    10.03     -7.03     -7.15     4      .8    1002     0   0   0   3    20.9705   -83.9344     3287    19.46     22.46      341.83
0083    41.3   900.3     21.02     73.5    1000    45    10.04     -7.06     -7.13     4      .8     996     0   0   0   3    20.9705   -83.9344     3268    19.47     22.48      341.93
0084    41.8   900.9     21.04     73.7     994    45    10.05     -7.08     -7.13     4      .8     990     0   0   0   3    20.9704   -83.9344     3248    19.49     22.51      342.01
0085    42.3   901.6     21.07     73.8     988    45    10.06     -7.10     -7.13     4      .8     984     0   0   0   3    20.9704   -83.9345     3228    19.52     22.54      342.06
0086    42.8   902.2     21.09     73.9     982    45    10.08     -7.11     -7.14     4      .8     978     0   0   0   3    20.9704   -83.9345     3208    19.55     22.57      342.09
0087    43.3   902.8     21.12     73.9     976    45    10.09     -7.12     -7.15     4      .8     972     0   0   0   3    20.9703   -83.9345     3188    19.58     22.61      342.08
0088    43.8   903.4     21.15     73.8     970    45    10.11     -7.13     -7.16     4      .8     966     0   0   0   3    20.9703   -83.9346     3168    19.60     22.64      342.05
0089    44.3   904.1     21.18     73.7     964    45    10.12     -7.14     -7.17     4      .8     960     0   0   0   3    20.9703   -83.9346     3149    19.63     22.66      341.99
0090    44.8   904.7     21.21     73.5     958    45    10.13     -7.15     -7.17     4      .7     954     0   0   0   3    20.9702   -83.9346     3129    19.64     22.68      341.92
0091    45.3   905.3     21.25     73.2     952    45    10.13     -7.16     -7.17     4      .7     948     0   0   0   3    20.9702   -83.9347     3109    19.66     22.70      341.84
0092    45.8   906.0     21.29     73.0     946    45    10.14     -7.17     -7.17     4      .7     941     0   0   0   3    20.9702   -83.9347     3089    19.67     22.71      341.75
0093    46.3   906.6     21.33     72.7     939    45    10.14     -7.18     -7.16     4      .7     935     0   0   0   3    20.9701   -83.9347     3069    19.67     22.72      341.68
0094    46.8   907.2     21.37     72.5     933    45    10.14     -7.20     -7.15     4      .7     929     0   0   0   3    20.9701   -83.9348     3049    19.68     22.72      341.62
0095    47.3   907.9     21.42     72.4     927    45    10.15     -7.21     -7.14     4      .7     923     0   0   0   3    20.9701   -83.9348     3029    19.68     22.73      341.59
0096    47.8   908.5     21.46     72.3     921    45    10.15     -7.23     -7.12     4      .7     917     0   0   0   3    20.9700   -83.9349     3009    19.69     22.73      341.59
0097    48.3   909.2     21.50     72.2     915    46    10.15     -7.24     -7.11     4      .7     911     0   0   0   3    20.9700   -83.9349     2988    19.69     22.73      341.62
0098    48.8   909.8     21.54     72.3     909    46    10.15     -7.25     -7.10     4      .7     905     0   0   0   3    20.9700   -83.9349     2969    19.69     22.73      341.69
0099    49.3   910.4     21.58     72.4     903    46    10.15     -7.27     -7.09     5      .8     899     0   0   0   3    20.9699   -83.9350     2949    19.69     22.74      341.80
0100    49.8   911.1     21.62     72.6     897    46    10.15     -7.28     -7.07     5      .8     893     0   0   0   3    20.9699   -83.9350     2929    19.70     22.74      341.94
0101    50.3   911.7     21.66     72.8     891    46    10.16     -7.30     -7.06     5      .8     887     0   0   0   3    20.9699   -83.9351     2909    19.71     22.75      342.09
0102    50.8   912.3     21.69     73.1     885    46    10.16     -7.32     -7.05     5      .9     881     0   0   0   3    20.9699   -83.9351     2889    19.72     22.77      342.27
0103    51.3   913.0     21.72     73.4     879    46    10.17     -7.33     -7.05     5      .9     875     0   0   0   3    20.9698   -83.9351     2870    19.73     22.79      342.44
0104    51.8   913.6     21.75     73.7     873    46    10.18     -7.35     -7.04     5      .9     869     0   0   0   3    20.9698   -83.9352     2850    19.75     22.81      342.62
0105    52.3   914.2     21.77     74.0     867    46    10.19     -7.37     -7.04     5      .9     863     0   0   0   3    20.9698   -83.9352     2830    19.77     22.83      342.78
0106    52.8   914.8     21.80     74.2     861    46    10.20     -7.38     -7.04     5      .9     857     0   0   0   3    20.9697   -83.9352     2811    19.79     22.85      342.92
0107    53.3   915.5     21.83     74.4     855    46    10.21     -7.40     -7.04     5      .9     851     0   0   0   3    20.9697   -83.9353     2791    19.81     22.88      343.04
0108    53.8   916.1     21.85     74.6     849    46    10.22     -7.41     -7.04     5      .9     845     0   0   0   3    20.9697   -83.9353     2772    19.83     22.89      343.13
0109    54.3   916.7     21.88     74.7     843    47    10.22     -7.42     -7.03     5      .9     839     0   0   0   3    20.9696   -83.9354     2752    19.84     22.90      343.20
0110    54.8   917.3     21.91     74.8     837    47    10.23     -7.43     -7.02     5      .9     833     0   0   0   3    20.9696   -83.9354     2733    19.84     22.90      343.24
0111    55.3   918.0     21.94     74.8     831    47    10.22     -7.44     -7.01     5      .9     827     0   0   0   3    20.9696   -83.9354     2713    19.83     22.90      343.26
0112    55.8   918.6     21.98     74.8     825    47    10.21     -7.45     -6.98     5      .8     821     0   0   0   3    20.9695   -83.9355     2694    19.81     22.88      343.27
0113    56.3   919.2     22.01     74.7     819    47    10.20     -7.46     -6.96     5      .8     815     0   0   0   3    20.9695   -83.9355     2674    19.79     22.85      343.27
0114    56.8   919.9     22.05     74.6     813    47    10.18     -7.47     -6.92     5      .8     809     0   0   0   3    20.9695   -83.9355     2654    19.76     22.81      343.27
0115    57.3   920.5     22.09     74.5     807    47    10.16     -7.48     -6.88     5      .8     803     0   0   0   3    20.9694   -83.9356     2634    19.71     22.76      343.28
0116    57.8   921.1     22.13     74.5     801    48    10.13     -7.49     -6.83     5      .8     797     0   0   0   3    20.9694   -83.9356     2615    19.66     22.70      343.30
0117    58.3   921.8     22.17     74.4     795    48    10.10     -7.49     -6.77     5      .7     791     0   0   0   3    20.9694   -83.9357     2595    19.59     22.62      343.34
0118    58.8   922.4     22.22     74.4     789    48    10.06     -7.49     -6.71     5      .7     785     0   0   0   0    20.9693   -83.9357     2575    19.51     22.53      343.40
0119    59.3   923.1     22.26     74.4     783    48    10.01     -7.48     -6.65     5      .8     779     0   0   0   0    20.9693   -83.9357     2555    19.41     22.42      343.47
0120    59.8   923.7     22.31     74.4     777    49     9.95     -7.46     -6.58     5      .8     773     0   0   0   0    20.9693   -83.9358     2535    19.30     22.29      343.56
0121    60.3   924.3     22.36     74.5     771    49     9.88     -7.44     -6.51     5      .8     767     0   0   0   0    20.9693   -83.9358     2516    19.17     22.14      343.67
0122    60.8   925.0     22.40     74.6     765    49     9.81     -7.40     -6.43     5      .8     761     0   0   0   0    20.9692   -83.9359     2496    19.03     21.97      343.79
0123    61.3   925.6     22.45     74.7     759    49     9.73     -7.36     -6.36     5      .8     755     0   0   0   0    20.9692   -83.9359     2476    18.87     21.78      343.92
0124    61.8   926.2     22.49     74.8     753    49     9.64     -7.31     -6.29     5      .8     749     0   0   0   0    20.9692   -83.9359     2457    18.70     21.59      344.05
0125    62.3   926.9     22.53     74.9     747    49     9.55     -7.24     -6.22     5      .8     743     0   0   0   0    20.9691   -83.9360     2437    18.52     21.38      344.19
0126    62.8   927.5     22.57     75.1     741    49     9.45     -7.17     -6.15     5      .8     737     0   0   0   0    20.9691   -83.9360     2418    18.34     21.17      344.32
0127    63.3   928.1     22.61     75.2     735    49     9.36     -7.10     -6.10     5      .9     731     0   0   0   0    20.9691   -83.9360     2398    18.15     20.96      344.45
0128    63.8   928.8     22.65     75.4     729    49     9.27     -7.02     -6.05     5      .9     725     0   0   0   0    20.9691   -83.9361     2378    17.97     20.75      344.57
0129    64.3   929.4     22.69     75.5     723    49     9.18     -6.94     -6.00     5      .9     719     0   0   0   0    20.9690   -83.9361     2359    17.81     20.56      344.69
0130    64.8   930.0     22.72     75.6     717    49     9.10     -6.87     -5.97     5      .9     713     0   0   0   0    20.9690   -83.9361     2340    17.66     20.39      344.80
0131    65.3   930.7     22.76     75.7     711    49     9.03     -6.79     -5.95     5      .9     707     0   0   0   0    20.9690   -83.9362     2320    17.52     20.23      344.91
0132    65.8   931.3     22.79     75.8     705    49     8.98     -6.73     -5.94     5      .9     701     0   0   0   0    20.9690   -83.9362     2301    17.42     20.11      345.01
0133    66.3   931.9     22.83     75.9     699    48     8.94     -6.67     -5.94     5      .9     695     0   0   0   0    20.9689   -83.9362     2281    17.34     20.02      345.10
0134    66.8   932.6     22.87     76.0     693    48     8.91     -6.63     -5.95     5      .9     689     0   0   0   0    20.9689   -83.9362     2262    17.28     19.96      345.20
0135    67.3   933.2     22.91     76.1     688    48     8.89     -6.59     -5.97     5      .9     683     0   0   0   0    20.9689   -83.9363     2242    17.25     19.92      345.29
0136    67.8   933.8     22.95     76.1     682    48     8.89     -6.56     -6.00     5      .9     677     0   0   0   0    20.9688   -83.9363     2223    17.24     19.91      345.38
0137    68.3   934.5     22.99     76.2     676    47     8.89     -6.53     -6.03     5      .9     672     0   0   0   0    20.9688   -83.9363     2203    17.25     19.92      345.46
0138    68.8   935.1     23.03     76.2     670    47     8.90     -6.51     -6.07     5      .9     666     0   0   0   0    20.9688   -83.9364     2184    17.27     19.94      345.54
0139    69.3   935.7     23.07     76.2     664    47     8.91     -6.49     -6.11     5      .9     660     0   0   0   0    20.9688   -83.9364     2164    17.29     19.97      345.62
0140    69.8   936.4     23.12     76.2     658    47     8.93     -6.48     -6.14     5      .9     654     0   0   0   0    20.9687   -83.9364     2145    17.32     19.99      345.70
0141    70.3   937.0     23.16     76.2     652    46     8.93     -6.46     -6.17     5      .9     648     0   0   0   0    20.9687   -83.9365     2126    17.33     20.01      345.77
0142    70.8   937.6     23.20     76.2     646    46     8.94     -6.44     -6.20     5      .9     642     0   0   0   0    20.9687   -83.9365     2106    17.34     20.03      345.85
0143    71.3   938.3     23.25     76.2     640    46     8.94     -6.41     -6.23     5     1.0     636     0   0   0   0    20.9687   -83.9365     2087    17.34     20.02      345.92
0144    71.8   938.9     23.29     76.2     634    46     8.93     -6.37     -6.25     5     1.0     630     0   0   0   0    20.9686   -83.9366     2068    17.32     20.00      345.98
0145    72.3   939.5     23.33     76.3     628    45     8.91     -6.33     -6.28     5     1.0     624     0   0   0   0    20.9686   -83.9366     2048    17.29     19.96      346.05
0146    72.8   940.1     23.36     76.3     623    45     8.89     -6.27     -6.30     5     1.0     619     3   0   0   0    20.9686   -83.9366     2029    17.25     19.91      346.11
0147    73.3   940.8     23.40     76.3     617    44     8.86     -6.21     -6.32     5     1.0     613     0   0   0   0    20.9685   -83.9366     2010    17.19     19.85      346.16
0148    73.8   941.4     23.43     76.3     611    44     8.83     -6.14     -6.35     5     1.1     607     0   0   0   0    20.9685   -83.9367     1991    17.13     19.78      346.21
0149    74.3   942.0     23.46     76.4     605    44     8.79     -6.06     -6.37     5     1.1     601     0   0   0   0    20.9685   -83.9367     1972    17.06     19.70      346.26
0150    74.8   942.6     23.49     76.4     599    43     8.76     -5.98     -6.41     5     1.1     595     0   0   0   0    20.9685   -83.9367     1953    17.00     19.63      346.31
0151    75.3   943.3     23.52     76.5     594    42     8.73     -5.89     -6.44     5     1.1     589     0   0   0   0    20.9684   -83.9368     1934    16.93     19.55      346.35
0152    75.8   943.9     23.55     76.5     588    42     8.70     -5.80     -6.49     5     1.0     584     0   0   0   0    20.9684   -83.9368     1915    16.88     19.48      346.39
0153    76.3   944.5     23.58     76.6     582    41     8.67     -5.70     -6.53     5     1.0     578     0   0   0   0    20.9684   -83.9368     1896    16.82     19.42      346.44
0154    76.8   945.1     23.61     76.6     576    40     8.64     -5.61     -6.58     5     1.0     572     0   0   0   0    20.9683   -83.9369     1877    16.77     19.36      346.48
0155    77.3   945.8     23.64     76.7     570    40     8.62     -5.51     -6.63     5     1.0     566     0   0   0   0    20.9683   -83.9369     1858    16.72     19.31      346.53
0156    77.8   946.4     23.67     76.7     564    39     8.60     -5.42     -6.67     5      .9     560     0   0   0   0    20.9683   -83.9369     1838    16.68     19.26      346.59
0157    78.3   947.0     23.70     76.8     559    38     8.57     -5.32     -6.72     5      .9     554     0   0   0   0    20.9682   -83.9369     1819    16.63     19.21      346.66
0158    78.8   947.7     23.73     76.9     553    38     8.55     -5.23     -6.77     5      .9     549     0   0   0   0    20.9682   -83.9370     1800    16.59     19.16      346.75
0159    79.3   948.3     23.76     77.0     547    37     8.53     -5.14     -6.81     5      .9     543     0   0   0   0    20.9682   -83.9370     1780    16.55     19.11      346.84
0160    79.8   949.0     23.80     77.1     541    36     8.51     -5.04     -6.85     5      .9     537     0   0   0   0    20.9682   -83.9370     1761    16.50     19.06      346.95
0161    80.3   949.6     23.83     77.3     535    36     8.49     -4.95     -6.89     5      .9     531     0   0   0   0    20.9681   -83.9370     1742    16.46     19.01      347.07
0162    80.8   950.2     23.86     77.4     529    35     8.47     -4.86     -6.94     5      .9     525     0   0   0   0    20.9681   -83.9370     1723    16.42     18.96      347.20
0163    81.3   950.9     23.90     77.6     523    34     8.45     -4.76     -6.98     5      .9     519     0   0   0   0    20.9681   -83.9371     1703    16.39     18.93      347.34
0164    81.8   951.5     23.93     77.8     517    34     8.44     -4.67     -7.03     5     1.0     513     0   0   0   0    20.9680   -83.9371     1684    16.37     18.91      347.50
0165    82.3   952.1     23.96     78.1     512    33     8.44     -4.58     -7.09     5     1.0     507     0   0   0   0    20.9680   -83.9371     1665    16.37     18.90      347.66
0166    82.8   952.8     23.99     78.3     506    32     8.44     -4.49     -7.15     5     1.0     502     0   0   0   0    20.9680   -83.9371     1646    16.38     18.91      347.83
0167    83.3   953.4     24.02     78.6     500    31     8.45     -4.39     -7.22     5     1.0     496     0   0   0   0    20.9679   -83.9372     1627    16.40     18.93      348.01
0168    83.8   954.0     24.05     78.9     494    31     8.47     -4.30     -7.30     5     1.1     490     0   0   0   0    20.9679   -83.9372     1608    16.43     18.98      348.20
0169    84.3   954.6     24.07     79.1     488    30     8.50     -4.22     -7.38     5     1.1     484     0   0   0   0    20.9679   -83.9372     1589    16.49     19.03      348.38
0170    84.8   955.3     24.10     79.4     483    29     8.53     -4.15     -7.46     5     1.1     479     0   0   0   0    20.9678   -83.9372     1570    16.55     19.11      348.57
0171    85.3   955.9     24.13     79.7     477    28     8.57     -4.08     -7.54     5     1.1     473     0   0   0   0    20.9678   -83.9372     1551    16.64     19.21      348.75
0172    85.8   956.5     24.15     80.0     471    28     8.62     -4.03     -7.63     5     1.1     467     0   0   0   0    20.9678   -83.9373     1532    16.73     19.32      348.93
0173    86.3   957.1     24.18     80.3     465    27     8.68     -3.99     -7.71     5     1.1     461     0   0   0   0    20.9677   -83.9373     1514    16.83     19.44      349.10
0174    86.8   957.8     24.21     80.5     460    27     8.73     -3.96     -7.78     5     1.1     456     0   0   0   0    20.9677   -83.9373     1495    16.94     19.56      349.26
0175    87.3   958.4     24.24     80.7     454    27     8.78     -3.94     -7.85     5     1.1     450     0   0   0   0    20.9677   -83.9373     1476    17.04     19.67      349.40
0176    87.8   959.0     24.27     80.9     448    26     8.83     -3.93     -7.91     5     1.1     444     0   0   0   0    20.9676   -83.9373     1457    17.13     19.78      349.54
0177    88.3   959.6     24.30     81.0     442    26     8.87     -3.92     -7.95     5     1.0     438     0   0   0   0    20.9676   -83.9374     1438    17.20     19.86      349.65
0178    88.8   960.3     24.33     81.1     437    26     8.89     -3.92     -7.99     5     1.0     433     0   0   0   0    20.9675   -83.9374     1419    17.26     19.92      349.76
0179    89.3   960.9     24.36     81.2     431    26     8.91     -3.91     -8.01     5     1.0     427     0   0   0   0    20.9675   -83.9374     1400    17.28     19.96      349.85
0180    89.8   961.5     24.40     81.3     425    26     8.91     -3.89     -8.01     5     1.0     421     0   0   0   0    20.9675   -83.9374     1381    17.29     19.96      349.93
0181    90.3   962.2     24.44     81.3     419    26     8.90     -3.87     -8.01     5      .9     415     0   0   0   0    20.9674   -83.9374     1362    17.26     19.93      350.00
0182    90.8   962.8     24.47     81.3     413    26     8.87     -3.83     -8.01     5      .9     409     0   0   0   0    20.9674   -83.9374     1343    17.22     19.88      350.07
0183    91.3   963.5     24.51     81.3     408    25     8.84     -3.78     -7.99     5      .9     403     0   0   0   0    20.9674   -83.9374     1324    17.15     19.80      350.15
0184    91.8   964.1     24.55     81.3     402    25     8.80     -3.71     -7.98     5      .9     398     0   0   0   0    20.9673   -83.9375     1305    17.08     19.72      350.22
0185    92.3   964.7     24.59     81.4     396    24     8.76     -3.63     -7.98     5      .9     392     0   0   0   0    20.9673   -83.9375     1286    17.00     19.63      350.30
0186    92.8   965.4     24.63     81.4     390    24     8.73     -3.54     -7.98     5     1.0     386     0   0   0   0    20.9673   -83.9375     1266    16.93     19.55      350.40
0187    93.3   966.0     24.68     81.4     384    23     8.70     -3.43     -7.99     5     1.0     380     0   0   0   0    20.9672   -83.9375     1247    16.87     19.48      350.50
0188    93.8   966.6     24.72     81.5     379    23     8.68     -3.33     -8.01     5     1.0     374     0   0   0   0    20.9672   -83.9375     1228    16.83     19.44      350.62
0189    94.3   967.3     24.76     81.6     373    22     8.67     -3.22     -8.05     5     1.0     369     0   0   0   0    20.9671   -83.9375     1210    16.82     19.42      350.74
0190    94.8   967.9     24.81     81.6     367    21     8.67     -3.13     -8.09     5     1.0     363     0   0   0   0    20.9671   -83.9376     1191    16.83     19.43      350.88
0191    95.3   968.5     24.85     81.7     361    20     8.69     -3.04     -8.15     5     1.0     357     0   0   0   0    20.9671   -83.9376     1172    16.87     19.47      351.01
0192    95.8   969.2     24.90     81.8     356    20     8.73     -2.96     -8.21     5     1.1     351     0   0   0   0    20.9670   -83.9376     1153    16.93     19.55      351.15
0193    96.3   969.8     24.94     81.8     350    19     8.77     -2.90     -8.28     5     1.1     346     0   0   0   0    20.9670   -83.9376     1134    17.02     19.65      351.28
0194    96.8   970.4     24.99     81.8     344    19     8.83     -2.85     -8.35     5     1.1     340     0   0   0   0    20.9670   -83.9376     1115    17.12     19.77      351.40
0195    97.3   971.1     25.04     81.8     338    19     8.88     -2.82     -8.42     5     1.0     334     0   0   0   0    20.9669   -83.9376     1097    17.23     19.90      351.50
0196    97.8   971.7     25.09     81.8     333    18     8.94     -2.80     -8.49     5     1.0     328     0   0   0   0    20.9669   -83.9376     1078    17.34     20.02      351.59
0197    98.3   972.3     25.14     81.7     327    18     8.99     -2.80     -8.54     5     1.0     323     0   0   0   0    20.9668   -83.9377     1059    17.44     20.14      351.66
0198    98.8   973.0     25.19     81.6     321    18     9.03     -2.82     -8.58     5     1.0     317     0   0   0   0    20.9668   -83.9377     1040    17.52     20.23      351.71
0199    99.3   973.6     25.24     81.5     315    18     9.06     -2.85     -8.60     5     1.0     311     0   0   0   0    20.9668   -83.9377     1021    17.58     20.30      351.74
0200    99.8   974.2     25.29     81.3     310    19     9.08     -2.88     -8.61     5      .9     305     0   0   0   0    20.9667   -83.9377     1002    17.61     20.33      351.75
0201   100.3   974.9     25.35     81.1     304    19     9.08     -2.93     -8.59     5      .9     300     0   0   0   0    20.9667   -83.9377      983    17.61     20.34      351.76
0202   100.8   975.5     25.40     80.9     298    19     9.07     -2.98     -8.56     5      .9     294     0   0   0   0    20.9667   -83.9377      964    17.59     20.31      351.75
0203   101.3   976.2     25.45     80.6     292    20     9.04     -3.03     -8.52     5      .9     288     0   0   0   0    20.9666   -83.9378      945    17.53     20.25      351.73
0204   101.8   976.8     25.51     80.4     286    20     9.00     -3.09     -8.45     5      .9     282     0   0   0   0    20.9666   -83.9378      926    17.46     20.16      351.71
0205   102.3   977.5     25.56     80.2     280    21     8.95     -3.14     -8.38     5      .9     276     0   0   0   0    20.9665   -83.9378      907    17.37     20.06      351.70
0206   102.8   978.1     25.62     79.9     275    21     8.90     -3.20     -8.31     5      .9     271     0   0   0   0    20.9665   -83.9378      887    17.27     19.94      351.68
0207   103.3   978.7     25.67     79.7     269    22     8.85     -3.26     -8.23     5      .9     265     0   0   0   0    20.9665   -83.9378      868    17.18     19.83      351.67
0208   103.8   979.4     25.73     79.5     263    22     8.81     -3.32     -8.16     5      .9     259     0   0   0   0    20.9664   -83.9378      849    17.09     19.73      351.66
0209   104.3   980.0     25.79     79.2     257    23     8.77     -3.38     -8.09     5      .9     253     0   0   0   0    20.9664   -83.9378      830    17.01     19.65      351.66
0210   104.8   980.7     25.84     79.0     251    23     8.74     -3.43     -8.04     5      .9     247     0   0   0   0    20.9664   -83.9379      811    16.96     19.58      351.66
0211   105.3   981.3     25.90     78.8     246    24     8.72     -3.49     -8.00     5      .9     241     0   0   0   0    20.9663   -83.9379      792    16.92     19.54      351.65
0212   105.8   982.0     25.96     78.6     240    24     8.72     -3.54     -7.97     5     1.0     236     0   0   0   0    20.9663   -83.9379      773    16.91     19.52      351.65
0213   106.3   982.6     26.01     78.3     234    24     8.72     -3.59     -7.95     5     1.0     230     0   0   0   0    20.9663   -83.9379      754    16.92     19.53      351.63
0214   106.8   983.2     26.07     78.1     228    25     8.74     -3.63     -7.95     5     1.0     224     0   0   0   0    20.9662   -83.9379      736    16.95     19.57      351.62
0215   107.3   983.9     26.13     77.8     223    25     8.76     -3.68     -7.95     5     1.0     218     0   0   0   0    20.9662   -83.9379      717    17.00     19.63      351.59
0216   107.8   984.5     26.19     77.5     217    25     8.80     -3.72     -7.97     5     1.0     213     0   0   0   0    20.9661   -83.9380      698    17.06     19.70      351.56
0217   108.3   985.1     26.24     77.3     211    25     8.83     -3.75     -8.00     5     1.0     207     0   0   0   0    20.9661   -83.9380      679    17.14     19.79      351.53
0218   108.8   985.8     26.30     77.0     205    25     8.87     -3.78     -8.02     5     1.1     201     0   0   0   0    20.9661   -83.9380      661    17.21     19.87      351.48
0219   109.3   986.4     26.36     76.7     200    25     8.91     -3.81     -8.05     5     1.1     196     0   0   0   0    20.9660   -83.9380      642    17.28     19.96      351.44
0220   109.8   987.0     26.42     76.4     194    25     8.94     -3.83     -8.08     5     1.1     190     0   0   0   0    20.9660   -83.9380      623    17.35     20.03      351.38
0221   110.3   987.7     26.48     76.1     188    25     8.97     -3.84     -8.11     5     1.1     184     0   0   0   0    20.9660   -83.9380      605    17.41     20.10      351.33
0222   110.8   988.3     26.54     75.7     183    25     8.99     -3.85     -8.13     5     1.1     179     0   0   0   0    20.9659   -83.9380      586    17.45     20.15      351.27
0223   111.3   988.9     26.59     75.4     177    25     9.01     -3.85     -8.15     5     1.1     173     0   0   0   0    20.9659   -83.9381      567    17.48     20.18      351.22
0224   111.8   989.6     26.65     75.1     171    25     9.01     -3.84     -8.15     6     1.1     167     0   0   0   0    20.9659   -83.9381      549    17.49     20.19      351.17
0225   112.3   990.2     26.71     74.9     166    25     9.01     -3.83     -8.16     6     1.1     162     0   0   0   0    20.9658   -83.9381      530    17.48     20.19      351.12
0226   112.8   990.8     26.77     74.6     160    25     9.00     -3.80     -8.16     6     1.1     156     0   0   0   0    20.9658   -83.9381      512    17.46     20.16      351.09
0227   113.3   991.5     26.82     74.4     154    25     8.98     -3.77     -8.15     6     1.1     150     0   0   0   0    20.9657   -83.9381      493    17.42     20.11      351.06
0228   113.8   992.1     26.88     74.1     149    25     8.95     -3.73     -8.14     6     1.1     145     0   0   0   0    20.9657   -83.9381      474    17.37     20.05      351.05
0229   114.3   992.7     26.93     74.0     143    24     8.92     -3.69     -8.12     6     1.1     139     0   0   0   0    20.9657   -83.9381      456    17.31     19.99      351.06
0230   114.8   993.4     26.99     73.8     137    24     8.89     -3.64     -8.11     6     1.1     133     0   0   0   0    20.9656   -83.9382      437    17.25     19.92      351.09
0231   115.3   994.0     27.04     73.7     132    24     8.87     -3.60     -8.10     6     1.1     128     0   0   0   0    20.9656   -83.9382      419    17.20     19.86      351.13
0232   115.8   994.6     27.10     73.5     126    24     8.84     -3.56     -8.10     6     1.1     122     0   0   0   0    20.9656   -83.9382      400    17.15     19.81      351.18
0233   116.3   995.3     27.15     73.4     120    24     8.83     -3.52     -8.09     6     1.1     116     0   0   0   0    20.9655   -83.9382      382    17.12     19.77      351.24
0234   116.8   995.9     27.21     73.4     115    23     8.82     -3.49     -8.10     6     1.1     111     0   0   0   0    20.9655   -83.9382      363    17.10     19.75      351.31
0235   117.3   996.5     27.26     73.3     109    23     8.81     -3.47     -8.10     7     1.1     105     0   0   0   0    20.9655   -83.9382      344    17.09     19.73      351.39
0236   117.8   997.2     27.31     73.2     103    23     8.81     -3.46     -8.10     7     1.1      99     0   0   0   0    20.9654   -83.9383      326    17.09     19.73      351.46
0237   118.3   997.8     27.37     73.1      98    23     8.82     -3.46     -8.11     7     1.0      94     0   0   0   0    20.9654   -83.9383      307    17.10     19.75      351.52
0238   118.8   998.5     27.42     73.0      92    23     8.83     -3.47     -8.11     7     1.0      88     0   0   0   0    20.9653   -83.9383      289    17.12     19.77      351.58
0239   119.3   999.1     27.48     72.9      86    23     8.84     -3.49     -8.12     7     1.0      82     0   0   0   0    20.9653   -83.9383      270    17.14     19.79      351.62
0240   119.8   999.7     27.53     72.7      81    23     8.85     -3.51     -8.12     7     1.0      77     0   0   0   0    20.9653   -83.9383      251    17.16     19.82      351.65
0241   120.3  1000.4     27.59     72.5      75    23     8.86     -3.53     -8.12     7     1.0      71     0   0   0   0    20.9652   -83.9383      232    17.18     19.84      351.66
0242   120.8  1001.0     27.64     72.3      69    24     8.86     -3.55     -8.12     7      .9      65     0   0   0   0    20.9652   -83.9383      214    17.19     19.85      351.66
0243   121.3  1001.7     27.70     72.1      63    24     8.87     -3.59     -8.11     7      .9      59     0   0   0   0    20.9652   -83.9384      195    17.20     19.86      351.64
0244   121.8  1002.3     27.75     71.9      58    24     8.87     -3.64     -8.09     7      .9      54     0   0   0   0    20.9651   -83.9384      176    17.22     19.88      351.60
0245   122.3  1003.0     27.81     71.6      52    25     8.89     -3.70     -8.08     7      .9      48     0   0   0   0    20.9651   -83.9384      157    17.24     19.91      351.53
0246   122.8  1003.6     27.86     71.3      46    25     8.90     -3.77     -8.07     7      .8      42     0   0   0   0    20.9651   -83.9384      138    17.27     19.94      351.45
0247   123.3  1004.3     27.92     70.9      40    26     8.93     -3.86     -8.05     7      .7      36     0   0   0   0    20.9650   -83.9384      119    17.33     20.01      351.33
0248   123.8  1004.9     27.98     70.6      35    26     9.04     -4.00     -8.11     7      .5      31     0   0   0   0    20.9650   -83.9384      100    17.54     20.25      351.21
0249   124.3  1005.6     28.03     70.3      29    26     9.24     -4.07     -8.29     7      .6      25     0   0   0   0    20.9649   -83.9385       81    17.92     20.69      351.17
0250   124.8  1006.2     28.08     70.2      23    25     9.29     -3.92     -8.43     7      .5      19     0   0   0   0    20.9649   -83.9385       62    18.03     20.81      351.18
0251   125.3  1006.9     28.14     70.2      17    25     9.03     -3.75     -8.21     7      .5      13     0   0   0   0    20.9649   -83.9385       42    17.51     20.22      351.31
0252   125.8  1007.6     28.21     70.6      10    27     8.87     -3.98     -7.93     7      .4       6     0   0   0   0    20.9648   -83.9385       21    17.21     19.88      351.78
0253   126.3  1008.3     28.27     72.1       5  -999  -999.00   -999.00   -999.00  -999      .3       1     0   0   0   0    20.9648   -83.9385        2  -999.00   -999.00      353.05
