 ===========================================================================
 DROPWINDSONDE PROCESSING RECORD                            Sonde: 061329055
 FRD file written by Aspen V3.4.8, 07 Jul 2023 19:27 UTC
 Aircraft: WP-3D Orion, N42RF                Date: 080723   Time: 013100 UTC
 ---------------------------------------------------------------------------
 Bias corrections:  PR =   0.0 mb  TE =   0.0 C  RH =   0.0 %  PRB =  0.0 mb
 Filters (LPF):     PTH = 
 Dyn RH correction = 
 Estimated PR used = 
 Dyn T correction  = 
 ---------------------------------------------------------------------------
 COMMENT: none, Good Drop
 ===========================================================================

 ===========================================================================
 Date: 080723   Lat:  26.00 N   TA:   16.7 C   PS:  762.7 mb   WD:    34 deg
 Time: 013100   Lon:  97.02 W   TD:    7.6 C   GA:   2398 m    WS:  20.1 m/s
 SID:  061329055                RH:   54.5 %   Navaid:   GP
 ===========================================================================

IX      t (s)  P (mb)    T (C)    RH (%)  Z (m)   WD    WS (m/s)   U (m/s)   V (m/s)  NS  WZ (m/s)  ZW (m)   FP  FT  FH  FW    LAT (N)   LON (E)
0001    0.03  -999.0   -999.00   -999.0    -999  -999  -999.00   -999.00   -999.00     0  -999.0    -999     0   0   0   0    -999.000  -999.000
0002    0.53  -999.0   -999.00   -999.0    -999  -999  -999.00   -999.00   -999.00     0  -999.0    -999     0   0   0   0    -999.000  -999.000
0003    1.03  -999.0   -999.00   -999.0    -999  -999  -999.00   -999.00   -999.00     0  -999.0    -999     0   0   0   0    -999.000  -999.000
0004    1.53  -999.0   -999.00   -999.0    -999  -999  -999.00   -999.00   -999.00     5  -999.0    -999     0   0   0   0    -999.000  -999.000
0005    2.03  -999.0   -999.00   -999.0    -999  -999  -999.00   -999.00   -999.00     5  -999.0    -999     0   0   0   0    -999.000  -999.000
0006    2.53  -999.0   -999.00   -999.0    -999  -999  -999.00   -999.00   -999.00     5  -999.0    -999     0   0   0   0    -999.000  -999.000
0007    3.03  -999.0   -999.00   -999.0    -999  -999  -999.00   -999.00   -999.00     5  -999.0    -999     0   0   0   0    -999.000  -999.000
0008    3.53  -999.0   -999.00   -999.0    -999  -999  -999.00   -999.00   -999.00     7  -999.0    -999     0   0   0   0      25.998   -97.016
0009    4.03  -999.0   -999.00   -999.0    -999  -999  -999.00   -999.00   -999.00     7  -999.0    -999     0   0   0   0      25.997   -97.016
0010    4.53  -999.0   -999.00   -999.0    -999  -999  -999.00   -999.00   -999.00     6  -999.0    -999     0   0   0   0      25.997   -97.016
0011    5.03  -999.0   -999.00   -999.0    -999  -999  -999.00   -999.00   -999.00     6  -999.0    -999     0   0   0   0      25.997   -97.016
0012    5.53  -999.0   -999.00   -999.0    -999  -999  -999.00   -999.00   -999.00     6  -999.0    -999     0   0   0   0      25.997   -97.016
0013    6.03  -999.0   -999.00   -999.0    -999  -999  -999.00   -999.00   -999.00     6  -999.0    -999     0   0   0   0      25.997   -97.016
0014    6.53  -999.0   -999.00   -999.0    -999  -999  -999.00   -999.00   -999.00     6  -999.0    -999     0   0   0   0      25.997   -97.016
0015    7.03  -999.0   -999.00   -999.0    -999  -999  -999.00   -999.00   -999.00     6  -999.0    -999     0   0   0   0      25.997   -97.016
0016    7.53  -999.0   -999.00   -999.0    -999  -999  -999.00   -999.00   -999.00     6  -999.0    -999     0   0   0   0      25.997   -97.016
0017    8.03  -999.0   -999.00   -999.0    -999  -999  -999.00   -999.00   -999.00     6  -999.0    -999     0   0   0   0      25.997   -97.016
0018    8.53  -999.0   -999.00   -999.0    -999  -999  -999.00   -999.00   -999.00     6  -999.0    -999     0   0   0   0      25.997   -97.016
0019    9.03  -999.0   -999.00   -999.0    -999  -999  -999.00   -999.00   -999.00     6  -999.0    -999     0   0   0   0      25.997   -97.017
0020    9.53  -999.0   -999.00   -999.0    -999  -999  -999.00   -999.00   -999.00     6  -999.0    -999     0   0   0   0      25.996   -97.017
0021   10.03  -999.0   -999.00   -999.0    -999    38    19.01    -11.69    -14.99     6  -999.0    -999     0   0   0   0      25.996   -97.017
0022   10.53  -999.0   -999.00   -999.0    -999    38    18.90    -11.70    -14.84     6  -999.0    -999     0   0   0   0      25.996   -97.017
0023   11.03  -999.0   -999.00   -999.0    -999    39    18.79    -11.72    -14.68     6  -999.0    -999     0   0   0   0      25.996   -97.017
0024   11.53  -999.0   -999.00   -999.0    -999    39    18.68    -11.73    -14.53     6  -999.0    -999     0   0   0   0      25.996   -97.017
0025   12.03   776.1     16.95   -999.0    2252    39    18.58    -11.75    -14.39     6    -0.9    2252     0   0   0   0      25.996   -97.017
0026   12.53   776.7     16.87   -999.0    2246    40    18.49    -11.78    -14.25     6    -1.0    2246     0   0   0   0      25.996   -97.017
0027   13.03   777.2     16.79   -999.0    2240    40    18.42    -11.83    -14.12     6    -1.0    2240     0   0   0   0      25.996   -97.017
0028   13.53   777.8     16.70   -999.0    2234    40    18.37    -11.88    -14.00     6    -1.1    2234     0   0   0   0      25.996   -97.017
0029   14.03   778.3     16.60   -999.0    2228    41    18.33    -11.95    -13.89     6    -1.1    2228     0   0   0   0      25.996   -97.017
0030   14.53   778.9     16.50   -999.0    2222    41    18.30    -12.04    -13.79     6    -1.2    2222     0   0   0   0      25.996   -97.017
0031   15.03   779.4     16.41   -999.0    2215    42    18.29    -12.13    -13.68     6    -1.2    2215     0   0   0   0      25.996   -97.017
0032   15.53   780.0     16.31   -999.0    2209    42    18.28    -12.23    -13.58     6    -1.3    2209     0   0   0   0      25.996   -97.017
0033   16.03   780.6     16.23     74.6    2203    42    18.28    -12.35    -13.49     6    -1.3    2203     0   0   0   0      25.996   -97.017
0034   16.53   781.1     16.14     75.6    2197    43    18.30    -12.46    -13.40     6    -1.3    2197     0   0   0   0      25.995   -97.017
0035   17.03   781.7     16.07     76.6    2191    43    18.32    -12.59    -13.32     6    -1.3    2191     0   0   0   0      25.995   -97.017
0036   17.53   782.3     16.00     77.7    2185    44    18.36    -12.71    -13.26     6    -1.3    2185     0   0   0   0      25.995   -97.018
0037   18.03   782.8     15.94     78.7    2178    44    18.41    -12.82    -13.22     6    -1.4    2178     0   0   0   0      25.995   -97.018
0038   18.53   783.4     15.89     79.7    2172    44    18.48    -12.91    -13.22     7    -1.4    2172     0   0   0   0      25.995   -97.018
0039   19.03   784.0     15.85     80.6    2166    44    18.56    -12.97    -13.27     7    -1.4    2166     0   0   0   0      25.995   -97.018
0040   19.53   784.5     15.82     81.5    2160    44    18.65    -12.98    -13.38     7    -1.4    2160     0   0   0   0      25.995   -97.018
0041   20.03   785.1     15.80     82.2    2154    44    18.75    -12.98    -13.53     7    -1.4    2154     0   0   0   0      25.995   -97.018
0042   20.53   785.7     15.79     82.9    2147    43    18.86    -12.95    -13.71     7    -1.5    2147     0   0   0   0      25.995   -97.018
0043   21.03   786.3     15.79     83.4    2141    43    18.97    -12.92    -13.89     6    -1.5    2141     0   0   0   0      25.995   -97.018
0044   21.53   786.8     15.80     83.8    2135    42    19.07    -12.88    -14.06     6    -1.6    2135     0   0   0   0      25.995   -97.018
0045   22.03   787.4     15.81     84.1    2129    42    19.16    -12.86    -14.21     6    -1.6    2129     0   0   0   0      25.995   -97.018
0046   22.53   788.0     15.83     84.3    2122    42    19.24    -12.84    -14.33     6    -1.7    2122     0   0   0   0      25.995   -97.018
0047   23.03   788.6     15.86     84.3    2116    42    19.29    -12.83    -14.41     6    -1.7    2116     0   0   0   0      25.995   -97.018
0048   23.53   789.2     15.89     84.3    2110    42    19.31    -12.82    -14.45     6    -1.7    2110     0   0   0   0      25.995   -97.018
0049   24.03   789.8     15.92     84.3    2103    42    19.31    -12.81    -14.45     6    -1.8    2103     0   0   0   0      25.995   -97.018
0050   24.53   790.3     15.95     84.2    2097    42    19.27    -12.79    -14.41     6    -1.8    2097     0   0   0   0      25.994   -97.018
0051   25.03   790.9     15.97     84.2    2091    42    19.20    -12.77    -14.34     6    -1.8    2091     0   0   0   0      25.994   -97.019
0052   25.53   791.5     16.00     84.2    2084    42    19.10    -12.72    -14.24     6    -1.9    2084     0   0   0   0      25.994   -97.019
0053   26.03   792.1     16.02     84.3    2078    42    18.97    -12.66    -14.12     7    -1.9    2078     0   0   0   0      25.994   -97.019
0054   26.53   792.7     16.03     84.5    2071    42    18.82    -12.58    -14.00     7    -1.9    2071     0   0   0   0      25.994   -97.019
0055   27.03   793.3     16.05     84.7    2065    42    18.66    -12.49    -13.87     8    -1.9    2065     0   0   0   0      25.994   -97.019
0056   27.53   793.9     16.06     85.0    2059    42    18.51    -12.39    -13.74     9    -1.9    2059     0   0   0   0      25.994   -97.019
0057   28.03   794.5     16.06     85.4    2052    42    18.36    -12.30    -13.63     9    -1.9    2052     0   0   0   0      25.994   -97.019
0058   28.53   795.1     16.07     85.7    2046    42    18.22    -12.21    -13.53     9    -1.9    2046     0   0   0   0      25.994   -97.019
0059   29.03   795.7     16.08     85.9    2039    42    18.11    -12.14    -13.45     9    -1.9    2039     0   0   0   0      25.994   -97.019
0060   29.53   796.3     16.09     86.1    2033    42    18.02    -12.07    -13.39     9    -1.9    2033     0   0   0   0      25.994   -97.019
0061   30.03   796.9     16.11     86.3    2026    42    17.95    -12.01    -13.34     9    -1.9    2026     0   0   0   0      25.994   -97.019
0062   30.53   797.5     16.13     86.5    2020    42    17.89    -11.96    -13.31     9    -1.9    2020     0   0   0   0      25.994   -97.019
0063   31.03   798.1     16.16     86.6    2014    42    17.85    -11.91    -13.30     9    -1.9    2014     0   0   0   0      25.994   -97.019
0064   31.53   798.7     16.18     86.7    2007    42    17.82    -11.87    -13.29     9    -1.9    2007     0   0   0   0      25.994   -97.019
0065   32.03   799.3     16.22     86.9    2001    42    17.80    -11.84    -13.29     9    -1.8    2001     0   0   0   0      25.994   -97.019
0066   32.53   799.9     16.25     87.0    1994    42    17.79    -11.82    -13.29     9    -1.8    1994     0   0   0   0      25.993   -97.019
0067   33.03   800.5     16.28     87.2    1988    42    17.79    -11.82    -13.29     9    -1.8    1988     0   0   0   0      25.993   -97.019
0068   33.53   801.1     16.32     87.3    1982    42    17.80    -11.83    -13.30     9    -1.8    1982     0   0   0   0      25.993   -97.020
0069   34.03   801.7     16.35     87.4    1975    42    17.82    -11.85    -13.31     9    -1.7    1975     0   0   0   0      25.993   -97.020
0070   34.53   802.3     16.38     87.6    1969    42    17.85    -11.87    -13.33     9    -1.7    1969     0   0   0   0      25.993   -97.020
0071   35.03   802.9     16.41     87.7    1963    42    17.88    -11.90    -13.35     9    -1.7    1963     0   0   0   0      25.993   -97.020
0072   35.53   803.5     16.45     87.7    1957    42    17.91    -11.92    -13.37     9    -1.6    1957     0   0   0   0      25.993   -97.020
0073   36.03   804.0     16.48     87.8    1950    42    17.94    -11.95    -13.39     9    -1.6    1950     0   0   0   0      25.993   -97.020
0074   36.53   804.6     16.52     87.8    1944    42    17.97    -11.97    -13.41     9    -1.6    1944     0   0   0   0      25.993   -97.020
0075   37.03   805.2     16.55     87.8    1938  -999  -999.00   -999.00   -999.00     0    -1.6    1938     0   0   0   0    -999.000  -999.000
0076   37.53   805.8     16.59     87.9    1932    42    18.01    -11.99    -13.43     9    -1.7    1932     0   0   0   0      25.993   -97.020
0077   38.03   806.4     16.62     88.0    1925    42    18.02    -12.01    -13.44     9    -1.7    1925     0   0   0   0      25.993   -97.020
0078   38.53   807.0     16.66     88.1    1919    42    18.03    -12.02    -13.44     9    -1.7    1919     0   0   0   0      25.993   -97.020
0079   39.03   807.6     16.70     88.2    1913    42    18.04    -12.04    -13.44     8    -1.8    1913     0   0   0   0      25.993   -97.020
0080   39.53   808.2     16.73     88.4    1907    42    18.05    -12.06    -13.42     8    -1.8    1907     0   0   0   0      25.993   -97.020
0081   40.03   808.8     16.76     88.6    1900    42    18.06    -12.10    -13.40     8    -1.8    1900     0   0   0   0      25.993   -97.020
0082   40.53   809.4     16.80     88.8    1894    42    18.07    -12.15    -13.38     8    -1.9    1894     0   0   0   0      25.992   -97.020
0083   41.03   810.0     16.83     89.0    1887    42    18.09    -12.21    -13.35     9    -1.9    1887     0   0   0   0      25.992   -97.020
0084   41.53   810.6     16.86     89.2    1881    43    18.11    -12.27    -13.33     9    -1.9    1881     0   0   0   0      25.992   -97.021
0085   42.03   811.2     16.89     89.4    1875    43    18.15    -12.33    -13.32     9    -1.9    1875     0   0   0   0      25.992   -97.021
0086   42.53   811.8     16.92     89.5    1868    43    18.19    -12.38    -13.33     9    -1.9    1868     0   0   0   0      25.992   -97.021
0087   43.03   812.4     16.94     89.6    1862    43    18.23    -12.42    -13.35     8    -1.9    1862     0   0   0   0      25.992   -97.021
0088   43.53   813.0     16.97     89.8    1855    43    18.28    -12.45    -13.39     8    -1.9    1855     0   0   0   0      25.992   -97.021
0089   44.03   813.6     16.99     89.9    1849    43    18.33    -12.46    -13.44     7    -1.9    1849     0   0   0   0      25.992   -97.021
0090   44.53   814.2     17.00     90.1    1843  -999  -999.00   -999.00   -999.00     4    -1.9    1843     0   0   0   0    -999.000  -999.000
0091   45.03   814.8     17.02     90.4    1836  -999  -999.00   -999.00   -999.00     4    -1.9    1836     0   0   0   0    -999.000  -999.000
0092   45.53   815.4     17.03     90.6    1830  -999  -999.00   -999.00   -999.00     5    -1.9    1830     0   0   0   0    -999.000  -999.000
0093   46.03   816.0     17.03     90.9    1824  -999  -999.00   -999.00   -999.00     0    -1.9    1824     0   0   0   0    -999.000  -999.000
0094   46.53   816.6     17.04     91.2    1817    42    18.43    -12.32    -13.70     8    -2.0    1817     0   0   0   0      25.992   -97.021
0095   47.03   817.2     17.04     91.5    1811    42    18.41    -12.28    -13.72     8    -2.0    1811     0   0   0   0      25.992   -97.021
0096   47.53   817.9     17.04     91.8    1805    42    18.38    -12.23    -13.72     8    -2.0    1805     0   0   0   0      25.992   -97.021
0097   48.03   818.5     17.04     92.2    1798  -999  -999.00   -999.00   -999.00     0    -2.1    1798     0   0   0   0    -999.000  -999.000
0098   48.53   819.1     17.04     92.6    1792    42    18.27    -12.13    -13.66     8    -2.1    1792     0   0   0   0      25.992   -97.021
0099   49.03   819.7     17.03     93.0    1785    42    18.19    -12.07    -13.61     8    -2.2    1785     0   0   0   0      25.991   -97.021
0100   49.53   820.3     17.03     93.5    1779    42    18.10    -12.02    -13.54     8    -2.2    1779     0   0   0   0      25.991   -97.021
0101   50.03   821.0     17.02     94.1    1772    42    18.00    -11.95    -13.47     8    -2.3    1772     0   0   0   0      25.991   -97.022
0102   50.53   821.6     17.01     94.6    1766    42    17.90    -11.87    -13.39     8    -2.3    1766     0   0   0   0      25.991   -97.022
0103   51.03   822.2     17.00     95.2    1759    41    17.78    -11.78    -13.32     9    -2.4    1759     0   0   0   0      25.991   -97.022
0104   51.53   822.8     16.99     95.7    1753    41    17.66    -11.67    -13.26     9    -2.4    1753     0   0   0   0      25.991   -97.022
0105   52.03   823.5     16.98     96.1    1746    41    17.55    -11.56    -13.20     9    -2.4    1746     0   0   0   0      25.991   -97.022
0106   52.53   824.1     16.98     96.4    1739    41    17.43    -11.44    -13.15     9    -2.4    1739     0   0   0   0      25.991   -97.022
0107   53.03   824.7     16.98     96.7    1733    41    17.33    -11.33    -13.11     9    -2.4    1733     0   0   0   0      25.991   -97.022
0108   53.53   825.4     16.99     96.8    1726    41    17.24    -11.23    -13.08     9    -2.4    1726     0   0   0   0      25.991   -97.022
0109   54.03   826.0     17.00     97.0    1720    40    17.17    -11.14    -13.06     9    -2.3    1720     0   0   0   0      25.991   -97.022
0110   54.53   826.6     17.01     97.0    1713    40    17.11    -11.06    -13.05     9    -2.3    1713     0   0   0   0      25.991   -97.022
0111   55.03   827.3     17.04     97.1    1707    40    17.05    -10.99    -13.04     9    -2.3    1707     0   0   0   0      25.991   -97.022
0112   55.53   827.9     17.06     97.1    1700    40    17.01    -10.92    -13.04     9    -2.2    1700     0   0   0   0      25.991   -97.022
0113   56.03   828.5     17.09     97.1    1694    40    16.96    -10.85    -13.04     9    -2.2    1694     0   0   0   0      25.991   -97.022
0114   56.53   829.1     17.13     97.1    1687  -999  -999.00   -999.00   -999.00     0    -2.1    1687     0   0   0   0    -999.000  -999.000
0115   57.03   829.8     17.16     97.1    1681    39    16.89    -10.74    -13.04     9    -2.1    1681     0   0   0   0      25.990   -97.022
0116   57.53   830.4     17.20     97.1    1674    39    16.86    -10.70    -13.03    10    -2.0    1674     0   0   0   0      25.990   -97.022
0117   58.03   831.0     17.24     97.2    1668    39    16.84    -10.67    -13.03    10    -2.0    1668     0   0   0   0      25.990   -97.022
0118   58.53   831.6     17.28     97.3    1662    39    16.84    -10.66    -13.04    10    -2.0    1662     0   0   0   0      25.990   -97.023
0119   59.03   832.2     17.33     97.4    1655  -999  -999.00   -999.00   -999.00     0    -1.9    1655     0   0   0   0    -999.000  -999.000
0120   59.53   832.8     17.37     97.5    1649  -999  -999.00   -999.00   -999.00     0    -1.9    1649     0   0   0   0    -999.000  -999.000
0121   60.03   833.4     17.41     97.7    1643    39    16.88    -10.68    -13.08     7    -1.9    1643     0   0   0   0      25.990   -97.023
0122   60.53   834.1     17.45     97.9    1637    39    16.90    -10.69    -13.08     9    -1.9    1637     0   0   0   0      25.990   -97.023
0123   61.03   834.7     17.49     98.1    1630    39    16.90    -10.71    -13.08     9    -1.9    1630     0   0   0   0      25.990   -97.023
0124   61.53   835.3     17.53     98.3    1624    39    16.90    -10.72    -13.07     9    -1.9    1624     0   0   0   0      25.990   -97.023
0125   62.03   835.9     17.57     98.4    1618    39    16.90    -10.73    -13.06     9    -1.9    1618     0   0   0   0      25.990   -97.023
0126   62.53   836.5     17.61     98.6    1611  -999  -999.00   -999.00   -999.00     0    -2.0    1611     0   0   0   0    -999.000  -999.000
0127   63.03   837.1     17.65     98.6    1605    39    16.87    -10.73    -13.02     8    -2.0    1605     0   0   0   0      25.990   -97.023
0128   63.53   837.7     17.68     98.7    1599    40    16.86    -10.73    -13.00     8    -2.1    1599     0   0   0   0      25.990   -97.023
0129   64.03   838.4     17.72     98.7    1592    40    16.84    -10.72    -12.98     6    -2.1    1592     0   0   0   0      25.990   -97.023
0130   64.53   839.0     17.76     98.8    1586    40    16.82    -10.72    -12.96     7    -2.1    1586     0   0   0   0      25.990   -97.023
0131   65.03   839.6     17.79     98.8    1580    40    16.80    -10.72    -12.94     7    -2.1    1580     0   0   0   0      25.990   -97.023
0132   65.53   840.2     17.83     98.8    1573    40    16.79    -10.72    -12.92     7    -2.2    1573     0   0   0   0      25.989   -97.023
0133   66.03   840.9     17.87     98.8    1567    40    16.77    -10.73    -12.89     7    -2.1    1567     0   0   0   0      25.989   -97.023
0134   66.53   841.5     17.91     98.8    1560    40    16.76    -10.75    -12.86     8    -2.1    1560     0   0   0   0      25.989   -97.023
0135   67.03   842.1     17.94     98.8    1554    40    16.76    -10.78    -12.83     8    -2.1    1554     0   0   0   0      25.989   -97.023
0136   67.53   842.7     17.98     98.8    1547    40    16.77    -10.82    -12.81     8    -2.0    1547     0   0   0   0      25.989   -97.023
0137   68.03   843.4     18.02     98.8    1541    40    16.79    -10.88    -12.79     7    -1.9    1541     0   0   0   0      25.989   -97.024
0138   68.53   844.0     18.06     98.9    1535    41    16.83    -10.96    -12.78     7    -1.9    1535     0   0   0   0      25.989   -97.024
0139   69.03   844.6     18.10     98.9    1529    41    16.90    -11.06    -12.78     7    -1.8    1529     0   0   0   0      25.989   -97.024
0140   69.53   845.2     18.13     98.9    1522    41    17.00    -11.18    -12.80     7    -1.7    1522     0   0   0   0      25.989   -97.024
0141   70.03   845.8     18.17     98.9    1516    41    17.11    -11.33    -12.82    10    -1.7    1516     0   0   0   0      25.989   -97.024
0142   70.53   846.4     18.20     98.9    1510    42    17.23    -11.49    -12.84    10    -1.6    1510     0   0   0   0      25.989   -97.024
0143   71.03   847.0     18.24     98.9    1504    42    17.35    -11.66    -12.85    10    -1.6    1504     0   0   0   0      25.989   -97.024
0144   71.53   847.6     18.27     99.0    1498  -999  -999.00   -999.00   -999.00     5    -1.6    1498     0   0   0   0    -999.000  -999.000
0145   72.03   848.2     18.30     99.0    1492  -999  -999.00   -999.00   -999.00     5    -1.6    1492     0   0   0   0    -999.000  -999.000
0146   72.53   848.8     18.33     99.0    1486  -999  -999.00   -999.00   -999.00     5    -1.6    1486     0   0   0   0    -999.000  -999.000
0147   73.03   849.4     18.35     99.0    1480    44    17.70    -12.19    -12.83     7    -1.7    1480     0   0   0   0      25.989   -97.024
0148   73.53   850.0     18.38     99.0    1474    44    17.75    -12.28    -12.81     8    -1.7    1474     0   0   0   0      25.989   -97.024
0149   74.03   850.6     18.40     99.0    1467    44    17.78    -12.35    -12.79     9    -1.8    1467     0   0   0   0      25.988   -97.024
0150   74.53   851.2     18.42     99.0    1461  -999  -999.00   -999.00   -999.00     0    -1.8    1461     0   0   0   0    -999.000  -999.000
0151   75.03   851.8     18.44     98.9    1455    44    17.83    -12.48    -12.74     7    -1.8    1455     0   0   0   0      25.988   -97.024
0152   75.53   852.5     18.46     98.9    1449    45    17.87    -12.55    -12.72     7    -1.8    1449     0   0   0   0      25.988   -97.024
0153   76.03   853.1     18.48     98.9    1442    45    17.91    -12.63    -12.70     8    -1.7    1442     0   0   0   0      25.988   -97.024
0154   76.53   853.7     18.50     98.9    1436    45    17.96    -12.72    -12.68     8    -1.7    1436     0   0   0   0      25.988   -97.025
0155   77.03   854.3     18.51     98.9    1430    45    18.02    -12.81    -12.66     9    -1.6    1430     0   0   0   0      25.988   -97.025
0156   77.53   854.9     18.53     98.9    1424    46    18.07    -12.91    -12.65     9    -1.6    1424     0   0   0   0      25.988   -97.025
0157   78.03   855.5     18.54     98.9    1418    46    18.13    -12.99    -12.64     9    -1.5    1418     0   0   0   0      25.988   -97.025
0158   78.53   856.1     18.56     98.9    1412    46    18.18    -13.06    -12.65    10    -1.5    1412     0   0   0   0      25.988   -97.025
0159   79.03   856.7     18.57     98.9    1406    46    18.23    -13.11    -12.67    10    -1.5    1406     0   0   0   0      25.988   -97.025
0160   79.53   857.3     18.58     98.9    1400    46    18.28    -13.15    -12.71    10    -1.5    1400     0   0   0   0      25.988   -97.025
0161   80.03   857.9     18.60     98.9    1394  -999  -999.00   -999.00   -999.00     5    -1.5    1394     0   0   0   0    -999.000  -999.000
0162   80.53   858.5     18.61     98.9    1388  -999  -999.00   -999.00   -999.00     5    -1.6    1388     0   0   0   0    -999.000  -999.000
0163   81.03   859.1     18.62     98.9    1382    46    18.43    -13.20    -12.87     7    -1.7    1382     0   0   0   0      25.988   -97.025
0164   81.53   859.7     18.64     98.9    1376    46    18.47    -13.21    -12.92     9    -1.7    1376     0   0   0   0      25.988   -97.025
0165   82.03   860.3     18.65     98.9    1370    46    18.50    -13.22    -12.95     8    -1.8    1370     0   0   0   0      25.988   -97.025
0166   82.53   860.9     18.67     98.9    1364    46    18.52    -13.23    -12.96     8    -1.9    1364     0   0   0   0      25.988   -97.025
0167   83.03   861.5     18.68     98.9    1357    46    18.53    -13.25    -12.95     8    -2.0    1357     0   0   0   0      25.987   -97.025
0168   83.53   862.2     18.69     98.8    1351    46    18.53    -13.28    -12.93     8    -2.1    1351     0   0   0   0      25.987   -97.025
0169   84.03   862.8     18.70     98.8    1345    46    18.53    -13.31    -12.89     8    -2.1    1345     0   0   0   0      25.987   -97.026
0170   84.53   863.4     18.71     98.8    1338    46    18.53    -13.35    -12.85    10    -2.1    1338     0   0   0   0      25.987   -97.026
0171   85.03   864.1     18.71     98.7    1332    46    18.52    -13.39    -12.79    10    -2.1    1332     0   0   0   0      25.987   -97.026
0172   85.53   864.7     18.72     98.6    1326    47    18.51    -13.44    -12.74    10    -2.1    1326     0   0   0   0      25.987   -97.026
0173   86.03   865.4     18.73     98.5    1319    47    18.51    -13.48    -12.68     6    -2.1    1319     0   0   0   0      25.987   -97.026
0174   86.53   866.0     18.74     98.4    1313    47    18.50    -13.54    -12.62     8    -2.1    1313     0   0   0   0      25.987   -97.026
0175   87.03   866.6     18.75     98.3    1307    47    18.50    -13.59    -12.55     9    -2.0    1307     0   0   0   0      25.987   -97.026
0176   87.53   867.2     18.77     98.2    1300  -999  -999.00   -999.00   -999.00     0    -2.0    1300     0   0   0   0    -999.000  -999.000
0177   88.03   867.9     18.79     98.0    1294    48    18.47    -13.70    -12.39     9    -1.9    1294     0   0   0   0      25.987   -97.026
0178   88.53   868.5     18.82     97.9    1288    48    18.46    -13.76    -12.31     9    -1.9    1288     0   0   0   0      25.987   -97.026
0179   89.03   869.1     18.84     97.6    1282  -999  -999.00   -999.00   -999.00     0    -1.9    1282     0   0   0   0    -999.000  -999.000
0180   89.53   869.7     18.88     97.4    1276  -999  -999.00   -999.00   -999.00     0    -1.8    1276     0   0   0   0    -999.000  -999.000
0181   90.03   870.4     18.91     97.0    1270    49    18.43    -13.95    -12.05    10    -1.8    1270     0   0   0   0      25.987   -97.026
0182   90.53   871.0     18.94     96.7    1263    50    18.44    -14.03    -11.97    11    -1.8    1263     0   0   0   0      25.987   -97.026
0183   91.03   871.6     18.98     96.4    1257    50    18.47    -14.13    -11.90    11    -1.8    1257     0   0   0   0      25.987   -97.026
0184   91.53   872.2     19.02     96.0    1251  -999  -999.00   -999.00   -999.00     0    -1.8    1251     0   0   0   0    -999.000  -999.000
0185   92.03   872.8     19.05     95.8    1245  -999  -999.00   -999.00   -999.00     0    -1.8    1245     0   0   0   0    -999.000  -999.000
0186   92.53   873.5     19.09     95.6    1239    51    18.63    -14.44    -11.77     9    -1.8    1239     0   0   0   0      25.986   -97.027
0187   93.03   874.1     19.13     95.7    1233    51    18.70    -14.51    -11.79    11    -1.8    1233     0   0   0   0      25.986   -97.027
0188   93.53   874.7     19.17     95.9    1227    51    18.77    -14.55    -11.85    11    -1.8    1227     0   0   0   0      25.986   -97.027
0189   94.03   875.3     19.21     96.3    1220    51    18.83    -14.56    -11.94    11    -1.8    1220     0   0   0   0      25.986   -97.027
0190   94.53   875.9     19.25     96.9    1214    50    18.87    -14.54    -12.03    11    -1.8    1214     0   0   0   0      25.986   -97.027
0191   95.03   876.6     19.29     97.4    1208    50    18.90    -14.51    -12.11    11    -1.8    1208     0   0   0   0      25.986   -97.027
0192   95.53   877.2     19.33     98.0    1202    50    18.93    -14.48    -12.19    11    -1.8    1202     0   0   0   0      25.986   -97.027
0193   96.03   877.8     19.37     98.4    1196    50    18.96    -14.47    -12.26    11    -1.8    1196     0   0   0   0      25.986   -97.027
0194   96.53   878.4     19.41     98.8    1190  -999  -999.00   -999.00   -999.00     5    -1.8    1190     0   0   0   0    -999.000  -999.000
0195   97.03   879.1     19.45     99.0    1184    50    19.04    -14.48    -12.37     8    -1.8    1184     0   0   0   0      25.986   -97.027
0196   97.53   879.7     19.48     99.2    1178    49    19.10    -14.51    -12.41     7    -1.8    1178     0   0   0   0      25.986   -97.027
0197   98.03   880.3     19.52     99.3    1171    49    19.16    -14.57    -12.45     7    -1.8    1171     0   0   0   0      25.986   -97.027
0198   98.53   880.9     19.55     99.3    1165    50    19.24    -14.64    -12.49     7    -1.8    1165     0   0   0   0      25.986   -97.028
0199   99.03   881.5     19.58     99.3    1159  -999  -999.00   -999.00   -999.00     0    -1.8    1159     0   0   0   0    -999.000  -999.000
0200   99.53   882.2     19.61     99.3    1153    50    19.42    -14.82    -12.55     6    -1.8    1153     0   0   0   0      25.986   -97.028
0201  100.03   882.8     19.64     99.3    1147    50    19.51    -14.92    -12.58     6    -1.8    1147     0   0   0   0      25.986   -97.028
0202  100.53   883.4     19.67     99.3    1141  -999  -999.00   -999.00   -999.00     0    -1.8    1141     0   0   0   0    -999.000  -999.000
0203  101.03   884.0     19.70     99.2    1135    50    19.68    -15.12    -12.60     6    -1.8    1135     0   0   0   0      25.985   -97.028
0204  101.53   884.7     19.73     99.2    1129    50    19.76    -15.21    -12.60     6    -1.8    1129     0   0   0   0      25.985   -97.028
0205  102.03   885.3     19.76     99.2    1122    51    19.82    -15.31    -12.60     8    -1.9    1122     0   0   0   0      25.985   -97.028
0206  102.53   885.9     19.79     99.2    1116  -999  -999.00   -999.00   -999.00     0    -1.9    1116     0   0   0   0    -999.000  -999.000
0207  103.03   886.5     19.82     99.2    1110    51    19.93    -15.47    -12.57     8    -1.9    1110     0   0   0   0      25.985   -97.028
0208  103.53   887.2     19.86     99.2    1104    51    19.98    -15.55    -12.54     8    -1.9    1104     0   0   0   0      25.985   -97.028
0209  104.03   887.8     19.89     99.2    1098    51    20.02    -15.63    -12.52     8    -1.9    1098     0   0   0   0      25.985   -97.028
0210  104.53   888.4     19.93     99.2    1092    52    20.07    -15.71    -12.49    11    -1.9    1092     0   0   0   0      25.985   -97.028
0211  105.03   889.1     19.96     99.2    1086    52    20.12    -15.79    -12.46    11    -1.9    1086     0   0   0   0      25.985   -97.029
0212  105.53   889.7     20.00     99.2    1079    52    20.16    -15.87    -12.44    11    -1.9    1079     0   0   0   0      25.985   -97.029
0213  106.03   890.3     20.03     99.2    1073    52    20.22    -15.95    -12.42    11    -1.8    1073     0   0   0   0      25.985   -97.029
0214  106.53   891.0     20.06     99.2    1067  -999  -999.00   -999.00   -999.00     0    -1.8    1067     0   0   0   0    -999.000  -999.000
0215  107.03   891.6     20.09     99.2    1061  -999  -999.00   -999.00   -999.00     5    -1.8    1061     0   0   0   0    -999.000  -999.000
0216  107.53   892.2     20.11     99.2    1055  -999  -999.00   -999.00   -999.00     5    -1.8    1055     0   0   0   0    -999.000  -999.000
0217  108.03   892.8     20.13     99.3    1049  -999  -999.00   -999.00   -999.00     5    -1.8    1049     0   0   0   0    -999.000  -999.000
0218  108.53   893.5     20.15     99.2    1043  -999  -999.00   -999.00   -999.00     5    -1.8    1043     0   0   0   0    -999.000  -999.000
0219  109.03   894.1     20.17     99.2    1037  -999  -999.00   -999.00   -999.00     5    -1.8    1037     0   0   0   0    -999.000  -999.000
0220  109.53   894.7     20.18     99.2    1031    53    20.48    -16.37    -12.31     8    -1.8    1031     0   0   0   0      25.984   -97.029
0221  110.03   895.3     20.20     99.2    1025    53    20.51    -16.42    -12.29     8    -1.8    1025     0   0   0   0      25.984   -97.029
0222  110.53   896.0     20.21     99.2    1018    53    20.52    -16.46    -12.27    10    -1.8    1018     0   0   0   0      25.984   -97.029
0223  111.03   896.6     20.22     99.1    1012    53    20.54    -16.49    -12.24     8    -1.8    1012     0   0   0   0      25.984   -97.030
0224  111.53   897.2     20.24     99.0    1006  -999  -999.00   -999.00   -999.00     0    -1.9    1006     0   0   0   0    -999.000  -999.000
0225  112.03   897.9     20.25     98.9    1000    54    20.57    -16.57    -12.20     8    -1.9    1000     0   0   0   0      25.984   -97.030
0226  112.53   898.5     20.27     98.7     994    54    20.59    -16.61    -12.17     9    -1.9     994     0   0   0   0      25.984   -97.030
0227  113.03   899.1     20.30     98.5     988    54    20.61    -16.65    -12.15     8    -1.9     988     0   0   0   0      25.984   -97.030
0228  113.53   899.8     20.33     98.2     982    54    20.64    -16.70    -12.13    11    -1.9     982     0   0   0   0      25.984   -97.030
0229  114.03   900.4     20.36     97.8     976  -999  -999.00   -999.00   -999.00     0    -1.9     976     0   0   0   0    -999.000  -999.000
0230  114.53   901.0     20.40     97.2     969    54    20.71    -16.82    -12.09    11    -1.9     969     0   0   0   0      25.984   -97.030
0231  115.03   901.7     20.44     96.6     963    54    20.74    -16.88    -12.06    11    -1.9     963     0   0   0   0      25.984   -97.030
0232  115.53   902.3     20.49     95.8     957    55    20.78    -16.94    -12.03    11    -1.9     957     0   0   0   0      25.984   -97.030
0233  116.03   903.0     20.55     95.1     951  -999  -999.00   -999.00   -999.00     0    -1.9     951     0   0   0   0    -999.000  -999.000
0234  116.53   903.6     20.60     94.3     945  -999  -999.00   -999.00   -999.00     0    -1.9     945     0   0   0   0    -999.000  -999.000
0235  117.03   904.2     20.66     93.6     939    55    20.86    -17.14    -11.89     6    -1.9     939     0   0   0   0      25.984   -97.031
0236  117.53   904.8     20.72     93.1     933    55    20.89    -17.21    -11.83     6    -1.8     933     0   0   0   0      25.984   -97.031
0237  118.03   905.5     20.78     92.8     927    56    20.91    -17.28    -11.77     7    -1.8     927     0   0   0   0      25.984   -97.031
0238  118.53   906.1     20.84     92.7     921    56    20.93    -17.35    -11.72     7    -1.8     921     0   0   0   0      25.983   -97.031
0239  119.03   906.7     20.89     92.7     915    56    20.97    -17.41    -11.68     8    -1.8     915     0   0   0   0      25.983   -97.031
0240  119.53   907.4     20.95     92.7     909    56    21.01    -17.48    -11.65    11    -1.8     909     0   0   0   0      25.983   -97.031
0241  120.03   908.0     21.00     92.8     903    56    21.07    -17.56    -11.65    11    -1.8     903     0   0   0   0      25.983   -97.031
0242  120.53   908.6     21.05     92.9     896    57    21.14    -17.64    -11.66    11    -1.8     896     0   0   0   0      25.983   -97.031
0243  121.03   909.3     21.10     93.0     890    57    21.23    -17.72    -11.68    11    -1.7     890     0   0   0   0      25.983   -97.031
0244  121.53  -999.0   -999.00   -999.0    -999  -999  -999.00   -999.00   -999.00     0  -999.0    -999     0   0   0   0    -999.000  -999.000
0245  122.03   910.5     21.19     93.1     878    57    21.40    -17.88    -11.76     7    -1.7     878     0   0   0   0      25.983   -97.031
0246  122.53   911.2     21.24     93.0     872    57    21.48    -17.95    -11.80     7    -1.7     872     0   0   0   0      25.983   -97.031
0247  123.03   911.8     21.29     93.0     867    57    21.56    -18.02    -11.83     6    -1.7     867     0   0   0   0      25.983   -97.032
0248  123.53   912.4     21.34     92.9     861    57    21.63    -18.08    -11.87     6    -1.7     861     0   0   0   0      25.983   -97.032
0249  124.03  -999.0   -999.00   -999.0    -999  -999  -999.00   -999.00   -999.00     0  -999.0    -999     0   0   0   0    -999.000  -999.000
0250  124.53   913.7     21.44     92.6     849    57    21.76    -18.19    -11.94     7    -1.7     849     0   0   0   0      25.983   -97.032
0251  125.03   914.3     21.49     92.4     843    57    21.81    -18.23    -11.97     7    -1.7     843     0   0   0   0      25.983   -97.032
0252  125.53   914.9     21.54     92.3     837    57    21.87    -18.27    -12.01     7    -1.7     837     0   0   0   0      25.983   -97.032
0253  126.03   915.6     21.59     92.1     831    57    21.91    -18.30    -12.06     7    -1.7     831     0   0   0   0      25.983   -97.032
0254  126.53   916.2     21.64     91.9     825    57    21.96    -18.32    -12.11     7    -1.7     825     0   0   0   0      25.983   -97.032
0255  127.03   916.8     21.70     91.7     819    56    22.01    -18.34    -12.17     7    -1.6     819     0   0   0   0      25.983   -97.032
0256  127.53   917.4     21.75     91.4     813  -999  -999.00   -999.00   -999.00     0    -1.6     813     0   0   0   0    -999.000  -999.000
0257  128.03   918.1     21.80     91.2     807    56    22.11    -18.37    -12.30     7    -1.6     807     0   0   0   0      25.982   -97.032
0258  128.53   918.7     21.85     90.9     801    56    22.16    -18.38    -12.37     7    -1.6     801     0   0   0   0      25.982   -97.033
0259  129.03   919.3     21.91     90.5     795    56    22.21    -18.40    -12.44     7    -1.5     795     0   0   0   0      25.982   -97.033
0260  129.53   919.9     21.96     90.1     789    56    22.26    -18.42    -12.50     8    -1.5     789     0   0   0   0      25.982   -97.033
0261  130.03   920.5     22.01     89.6     783    56    22.30    -18.44    -12.54     9    -1.5     783     0   0   0   0      25.982   -97.033
0262  130.53   921.2     22.06     89.1     777    56    22.33    -18.46    -12.56     9    -1.4     777     0   0   0   0      25.982   -97.033
0263  131.03   921.8     22.10     88.5     771    56    22.34    -18.48    -12.56     9    -1.4     771     0   0   0   0      25.982   -97.033
0264  131.53   922.4     22.15     87.9     766    56    22.34    -18.50    -12.52     9    -1.4     766     0   0   0   0      25.982   -97.033
0265  132.03   923.0     22.20     87.3     760    56    22.33    -18.53    -12.46     9    -1.4     760     0   0   0   0      25.982   -97.033
0266  132.53   923.6     22.24     86.8     754    56    22.30    -18.56    -12.37     8    -1.4     754     0   0   0   0      25.982   -97.033
0267  133.03   924.2     22.27     86.4     748    57    22.26    -18.59    -12.25     8    -1.4     748     0   0   0   0      25.982   -97.033
0268  133.53   924.8     22.31     86.2     742    57    22.23    -18.62    -12.13     8    -1.4     742     0   0   0   0      25.982   -97.034
0269  134.03   925.5     22.33     86.2     737    57    22.20    -18.67    -12.01     8    -1.4     737     0   0   0   0      25.982   -97.034
0270  134.53   926.1     22.36     86.4     731    58    22.19    -18.73    -11.89     7    -1.5     731     0   0   0   0      25.982   -97.034
0271  135.03   926.7     22.38     86.8     725  -999  -999.00   -999.00   -999.00     0    -1.5     725     0   0   0   0    -999.000  -999.000
0272  135.53   927.3     22.39     87.3     719    58    22.23    -18.89    -11.72     7    -1.5     719     0   0   0   0      25.982   -97.034
0273  136.03   927.9     22.41     88.0     713    58    22.30    -18.99    -11.68     7    -1.5     713     0   0   0   0      25.982   -97.034
0274  136.53   928.6     22.42     88.7     707    59    22.38    -19.10    -11.68    11    -1.6     707     0   0   0   0      25.982   -97.034
0275  137.03   929.2     22.44     89.3     701    59    22.49    -19.21    -11.71    11    -1.6     701     0   0   0   0      25.981   -97.034
0276  137.53   929.8     22.46     89.8     695    59    22.61    -19.31    -11.77    11    -1.6     695     0   0   0   0      25.981   -97.034
0277  138.03   930.5     22.48     90.2     690    59    22.73    -19.40    -11.84     6    -1.6     690     0   0   0   0      25.981   -97.034
0278  138.53   931.1     22.50     90.5     684    59    22.83    -19.48    -11.92     6    -1.6     684     0   0   0   0      25.981   -97.034
0279  139.03   931.7     22.53     90.6     678    58    22.92    -19.54    -11.98     6    -1.6     678     0   0   0   0      25.981   -97.035
0280  139.53   932.3     22.57     90.6     672    58    22.98    -19.59    -12.02     6    -1.6     672     0   0   0   0      25.981   -97.035
0281  140.03   933.0     22.61     90.6     666    58    23.03    -19.62    -12.04     6    -1.6     666     0   0   0   0      25.981   -97.035
0282  140.53   933.6     22.65     90.5     660    58    23.05    -19.65    -12.05    11    -1.5     660     0   0   0   0      25.981   -97.035
0283  141.03   934.2     22.69     90.4     654    58    23.07    -19.67    -12.06    11    -1.5     654     0   0   0   0      25.981   -97.035
0284  141.53   934.8     22.74     90.3     648    58    23.07    -19.67    -12.06    11    -1.5     648     0   0   0   0      25.981   -97.035
0285  142.03   935.5     22.79     90.2     643    58    23.07    -19.67    -12.06    11    -1.5     643     0   0   0   0      25.981   -97.035
0286  142.53   936.1     22.83     90.0     637  -999  -999.00   -999.00   -999.00     5    -1.5     637     0   0   0   0    -999.000  -999.000
0287  143.03   936.7     22.88     89.9     631  -999  -999.00   -999.00   -999.00     5    -1.5     631     0   0   0   0    -999.000  -999.000
0288  143.53   937.3     22.93     89.8     625  -999  -999.00   -999.00   -999.00     5    -1.5     625     0   0   0   0    -999.000  -999.000
0289  144.03   938.0     22.98     89.7     619  -999  -999.00   -999.00   -999.00     5    -1.5     619     0   0   0   0    -999.000  -999.000
0290  144.53   938.6     23.03     89.5     614    58    22.99    -19.60    -12.02     6    -1.5     614     0   0   0   0      25.981   -97.036
0291  145.03  -999.0   -999.00   -999.0    -999  -999  -999.00   -999.00   -999.00     0  -999.0    -999     0   0   0   0    -999.000  -999.000
0292  145.53   939.8     23.12     89.3     602  -999  -999.00   -999.00   -999.00     0    -1.5     602     0   0   0   0    -999.000  -999.000
0293  146.03   940.5     23.17     89.2     596  -999  -999.00   -999.00   -999.00     5    -1.5     596     0   0   0   0    -999.000  -999.000
0294  146.53   941.1     23.22     89.2     590  -999  -999.00   -999.00   -999.00     0    -1.5     590     0   0   0   0    -999.000  -999.000
0295  147.03   941.7     23.26     89.1     584    58    22.82    -19.42    -11.99     7    -1.6     584     0   0   0   0      25.980   -97.036
0296  147.53   942.3     23.31     89.0     578    58    22.77    -19.36    -11.97     7    -1.6     578     0   0   0   0      25.980   -97.036
0297  148.03   943.0     23.35     89.0     573  -999  -999.00   -999.00   -999.00     0    -1.6     573     0   0   0   0    -999.000  -999.000
0298  148.53   943.6     23.39     88.9     567    58    22.63    -19.23    -11.94     6    -1.6     567     0   0   0   0      25.980   -97.036
0299  149.03   944.2     23.44     88.8     561    58    22.55    -19.15    -11.90     6    -1.7     561     0   0   0   0      25.980   -97.037
0300  149.53   944.9     23.48     88.7     555    58    22.47    -19.08    -11.86     6    -1.7     555     0   0   0   0      25.980   -97.037
0301  150.03   945.5     23.52     88.6     549    58    22.38    -19.01    -11.80     6    -1.7     549     0   0   0   0      25.980   -97.037
0302  150.53   946.2     23.56     88.4     543    58    22.29    -18.95    -11.74     6    -1.8     543     0   0   0   0      25.980   -97.037
0303  151.03   946.8     23.61     88.3     537  -999  -999.00   -999.00   -999.00     0    -1.8     537     0   0   0   0    -999.000  -999.000
0304  151.53   947.4     23.65     88.1     531    58    22.11    -18.84    -11.58     6    -1.8     531     0   0   0   0      25.980   -97.037
0305  152.03   948.1     23.69     87.9     525    59    22.03    -18.80    -11.48     7    -1.9     525     0   0   0   0      25.980   -97.037
0306  152.53   948.7     23.74     87.7     519    59    21.94    -18.76    -11.38     7    -1.9     519     0   0   0   0      25.980   -97.037
0307  153.03   949.4     23.78     87.5     513    59    21.86    -18.73    -11.27     7    -1.9     513     0   0   0   0      25.980   -97.037
0308  153.53   950.0     23.83     87.3     507    59    21.77    -18.69    -11.15     7    -1.8     507     0   0   0   0      25.980   -97.037
0309  154.03   950.7     23.87     87.1     501    59    21.67    -18.65    -11.04    11    -1.8     501     0   0   0   0      25.980   -97.037
0310  154.53   951.3     23.92     86.9     495    60    21.56    -18.59    -10.93    11    -1.8     495     0   0   0   0      25.980   -97.038
0311  155.03   952.0     23.97     86.6     489    60    21.45    -18.51    -10.84    11    -1.7     489     0   0   0   0      25.980   -97.038
0312  155.53   952.6     24.02     86.4     483    60    21.33    -18.42    -10.76    11    -1.7     483     0   0   0   0      25.980   -97.038
0313  156.03   953.3     24.08     86.1     477  -999  -999.00   -999.00   -999.00     5    -1.7     477     0   0   0   0    -999.000  -999.000
0314  156.53   953.9     24.13     85.8     471    60    21.09    -18.22    -10.62     7    -1.6     471     0   0   0   0      25.979   -97.038
0315  157.03   954.5     24.18     85.6     466  -999  -999.00   -999.00   -999.00     0    -1.6     466     0   0   0   0    -999.000  -999.000
0316  157.53   955.2     24.24     85.3     460    60    20.88    -18.02    -10.53     7    -1.6     460     0   0   0   0      25.979   -97.038
0317  158.03   955.8     24.29     85.1     454    60    20.78    -17.93    -10.50     7    -1.5     454     0   0   0   0      25.979   -97.038
0318  158.53   956.4     24.34     84.8     448    60    20.69    -17.83    -10.49    11    -1.5     448     0   0   0   0      25.979   -97.038
0319  159.03   957.1     24.39     84.6     442    59    20.60    -17.74    -10.49    11    -1.5     442     0   0   0   0      25.979   -97.038
0320  159.53   957.7     24.44     84.3     437    59    20.52    -17.63    -10.50    11    -1.4     437     0   0   0   0      25.979   -97.038
0321  160.03   958.3     24.49     84.1     431    59    20.43    -17.52    -10.51     6    -1.4     431     0   0   0   0      25.979   -97.039
0322  160.53   958.9     24.54     83.8     425    59    20.33    -17.40    -10.52    10    -1.4     425     0   0   0   0      25.979   -97.039
0323  161.03   959.6     24.58     83.6     419    59    20.22    -17.27    -10.53     9    -1.4     419     0   0   0   0      25.979   -97.039
0324  161.53   960.2     24.63     83.4     414    58    20.11    -17.14    -10.52     9    -1.3     414     0   0   0   0      25.979   -97.039
0325  162.03   960.8     24.68     83.1     408    58    19.99    -17.01    -10.51     9    -1.3     408     0   0   0   0      25.979   -97.039
0326  162.53   961.4     24.72     82.9     402    58    19.88    -16.89    -10.49     9    -1.3     402     0   0   0   0      25.979   -97.039
0327  163.03   962.0     24.77     82.7     397    58    19.76    -16.77    -10.45     9    -1.3     397     0   0   0   0      25.979   -97.039
0328  163.53   962.7     24.81     82.5     391  -999  -999.00   -999.00   -999.00     0    -1.2     391     0   0   0   0    -999.000  -999.000
0329  164.03   963.3     24.86     82.4     385    58    19.55    -16.58    -10.36     9    -1.2     385     0   0   0   0      25.979   -97.039
0330  164.53   963.9     24.90     82.2     380    58    19.45    -16.51    -10.29     9    -1.2     380     0   0   0   0      25.979   -97.039
0331  165.03   964.5     24.95     82.0     374    58    19.37    -16.45    -10.22     9    -1.3     374     0   0   0   0      25.979   -97.039
0332  165.53   965.1     25.00     81.8     368    58    19.29    -16.41    -10.15     9    -1.3     368     0   0   0   0      25.979   -97.039
0333  166.03   965.8     25.04     81.7     363    58    19.22    -16.37    -10.07     9    -1.3     363     0   0   0   0      25.978   -97.040
0334  166.53   966.4     25.09     81.5     357    59    19.15    -16.34    -10.00    10    -1.3     357     0   0   0   0      25.978   -97.040
0335  167.03   967.0     25.15     81.3     351    59    19.09    -16.30     -9.93    10    -1.3     351     0   0   0   0      25.978   -97.040
0336  167.53   967.6     25.20     81.1     346    59    19.03    -16.27     -9.86     7    -1.3     346     0   0   0   0      25.978   -97.040
0337  168.03   968.3     25.25     80.9     340    59    18.97    -16.24     -9.80     7    -1.3     340     0   0   0   0      25.978   -97.040
0338  168.53   968.9     25.31     80.7     334    59    18.92    -16.21     -9.75     7    -1.3     334     0   0   0   0      25.978   -97.040
0339  169.03   969.5     25.36     80.6     328    59    18.88    -16.18     -9.71     7    -1.3     328     0   0   0   0      25.978   -97.040
0340  169.53   970.1     25.41     80.4     323    59    18.84    -16.16     -9.68     7    -1.3     323     0   0   0   0      25.978   -97.040
0341  170.03   970.8     25.46     80.2     317    59    18.80    -16.12     -9.66     8    -1.3     317     0   0   0   0      25.978   -97.040
0342  170.53   971.4     25.52     80.0     311    59    18.76    -16.09     -9.65     7    -1.3     311     0   0   0   0      25.978   -97.040
0343  171.03   972.0     25.57     79.8     306    59    18.72    -16.04     -9.65     8    -1.3     306     0   0   0   0      25.978   -97.040
0344  171.53   972.6     25.62     79.7     300    59    18.66    -15.97     -9.66     8    -1.4     300     0   0   0   0      25.978   -97.040
0345  172.03   973.3     25.66     79.5     294    59    18.60    -15.90     -9.66     7    -1.4     294     0   0   0   0      25.978   -97.040
0346  172.53   973.9     25.70     79.4     289    59    18.52    -15.81     -9.65     9    -1.4     289     0   0   0   0      25.978   -97.041
0347  173.03   974.5     25.74     79.4     283  -999  -999.00   -999.00   -999.00     0    -1.4     283     0   0   0   0    -999.000  -999.000
0348  173.53   975.1     25.76     79.3     277    58    18.32    -15.61     -9.58     8    -1.4     277     0   0   0   0      25.978   -97.041
0349  174.03   975.8     25.79     79.4     271    58    18.20    -15.52     -9.52     8    -1.4     271     0   0   0   0      25.978   -97.041
0350  174.53   976.4     25.80     79.4     266    59    18.08    -15.43     -9.43     8    -1.4     266     0   0   0   0      25.978   -97.041
0351  175.03   977.0     25.81     79.5     260    59    17.96    -15.34     -9.33     8    -1.5     260     0   0   0   0      25.978   -97.041
0352  175.53   977.7     25.82     79.6     254    59    17.83    -15.26     -9.22     9    -1.5     254     0   0   0   0      25.978   -97.041
0353  176.03   978.3     25.83     79.8     249    59    17.70    -15.18     -9.11     9    -1.5     249     0   0   0   0      25.978   -97.041
0354  176.53   978.9     25.83     79.9     243    59    17.58    -15.10     -9.00     8    -1.5     243     0   0   0   0      25.978   -97.041
0355  177.03   979.6     25.84     80.0     237    59    17.46    -15.01     -8.91     7    -1.5     237     0   0   0   0      25.978   -97.041
0356  177.53   980.2     25.85     80.1     231    59    17.34    -14.92     -8.84     7    -1.6     231     0   0   0   0      25.978   -97.041
0357  178.03   980.9     25.86     80.2     225    59    17.25    -14.83     -8.81     7    -1.6     225     0   0   0   0      25.977   -97.041
0358  178.53   981.5     25.87     80.2     220    59    17.16    -14.73     -8.81     8    -1.6     220     0   0   0   0      25.977   -97.041
0359  179.03   982.1     25.88     80.2     214    59    17.09    -14.62     -8.84    10    -1.6     214     0   0   0   0      25.977   -97.042
0360  179.53   982.8     25.90     80.2     208    59    17.01    -14.51     -8.88    10    -1.6     208     0   0   0   0      25.977   -97.042
0361  180.03   983.4     25.92     80.1     202    58    16.93    -14.39     -8.92    10    -1.6     202     0   0   0   0      25.977   -97.042
0362  180.53   984.1     25.95     80.0     196    58    16.84    -14.26     -8.95    10    -1.6     196     0   0   0   0      25.977   -97.042
0363  181.03   984.7     25.98     79.9     191    58    16.72    -14.12     -8.96     9    -1.6     191     0   0   0   0      25.977   -97.042
0364  181.53   985.4     26.01     79.8     185    57    16.60    -13.97     -8.95     8    -1.6     185     0   0   0   0      25.977   -97.042
0365  182.03   986.0     26.04     79.7     179    57    16.45    -13.82     -8.93     8    -1.6     179     0   0   0   0      25.977   -97.042
0366  182.53   986.7     26.08     79.5     173    57    16.30    -13.64     -8.91     8    -1.6     173     0   0   0   0      25.977   -97.042
0367  183.03   987.3     26.11     79.4     167    57    16.13    -13.46     -8.89     9    -1.6     167     0   0   0   0      25.977   -97.042
0368  183.53   988.0     26.14     79.3     162    56    15.96    -13.26     -8.87     9    -1.5     162     0   0   0   0      25.977   -97.042
0369  184.03   988.6     26.17     79.2     156    56    15.78    -13.06     -8.86     7    -1.5     156     0   0   0   0      25.977   -97.042
0370  184.53   989.2     26.20     79.1     150    55    15.61    -12.85     -8.85     6    -1.5     150     0   0   0   0      25.977   -97.042
0371  185.03   989.9     26.23     79.1     144    55    15.44    -12.65     -8.86     6    -1.5     144     0   0   0   0      25.977   -97.042
0372  185.53   990.5     26.25     79.0     139    54    15.29    -12.44     -8.89     6    -1.4     139     0   0   0   0      25.977   -97.042
0373  186.03   991.2     26.28     79.0     133    54    15.15    -12.23     -8.93     7    -1.4     133     0   0   0   0      25.977   -97.042
0374  186.53   991.8     26.29     79.0     127    53    15.02    -12.02     -9.00     7    -1.4     127     0   0   0   0      25.977   -97.043
0375  187.03   992.4     26.31     79.0     122    52    14.89    -11.80     -9.09     7    -1.5     122     0   0   0   0      25.977   -97.043
0376  187.53   993.1     26.32     79.0     116  -999  -999.00   -999.00   -999.00     0    -1.5     116     0   0   0   0    -999.000  -999.000
0377  188.03   993.7     26.34     79.0     110    50    14.65    -11.31     -9.32     7    -1.5     110     0   0   0   0      25.977   -97.043
0378  188.53   994.3     26.36     79.0     105    49    14.53    -11.04     -9.45     8    -1.6     105     0   0   0   0      25.977   -97.043
0379  189.03   995.0     26.38     79.0      99    48    14.40    -10.77     -9.56     8    -1.7      99     0   0   0   0      25.977   -97.043
0380  189.53   995.6     26.40     79.0      93    47    14.25    -10.49     -9.66     8    -1.8      93     0   0   0   0      25.977   -97.043
0381  190.03   996.3     26.43     79.0      87    46    14.11    -10.22     -9.73     9    -1.9      87     0   0   0   0      25.976   -97.043
0382  190.53   997.0     26.46     79.0      81    46    13.96     -9.97     -9.77     9    -2.0      81     0   0   0   0      25.976   -97.043
0383  191.03   997.6     26.49     78.9      75    45    13.82     -9.76     -9.77     8    -2.1      75     0   0   0   0      25.976   -97.043
0384  191.53   998.3     26.53     78.9      69    45    13.68     -9.60     -9.75     8    -2.2      69     0   0   0   0      25.976   -97.043
0385  192.03   999.0     26.57     78.8      63    44    13.56     -9.48     -9.69     8    -2.3      63     0   0   0   0      25.976   -97.043
0386  192.53   999.7     26.61     78.7      57    44    13.44     -9.41     -9.60    10    -2.4      57     0   0   0   0      25.976   -97.043
0387  193.03  1000.4     26.66     78.6      51    45    13.33     -9.36     -9.49    10    -2.5      51     0   0   0   0      25.976   -97.043
0388  193.53  1001.1     26.71     78.5      45    45    13.22     -9.35     -9.35    10    -2.5      45     0   0   0   0      25.976   -97.043
0389  194.03  1001.8     26.75     78.4      38    46    13.12     -9.36     -9.19    10    -2.6      38     0   0   0   0      25.976   -97.043
0390  194.53  1002.5     26.80     78.3      32    46    13.00     -9.37     -9.01    10    -2.6      32     0   0   0   0      25.976   -97.043
0391  195.03  1003.2     26.85     78.3      26    47    12.84     -9.35     -8.80     8    -2.7      26     0   0   0   0      25.976   -97.043
0392  195.53  1003.9     26.90     78.2      20    47    12.64     -9.28     -8.58     9    -2.7      20     0   0   0   0      25.976   -97.043
0393  196.03  1004.6     26.95     78.1      13    48    12.38     -9.14     -8.35     9    -2.7      13     0   0   0   0      25.976   -97.044
0394  196.53  1005.4     27.00     78.1       7    48    12.08     -8.93     -8.14     9    -2.7       7     0   0   0   0      25.976   -97.044
0395  197.07  1006.1     27.00     78.1       0  -999  -999.00   -999.00   -999.00  -999  -999.0       0     0   0   0   0    -999.000  -999.000
