 ===========================================================================
 DROPWINDSONDE PROCESSING RECORD                            Sonde: 043625185
 FRD file written by Aspen V3.4.8, 05 Jul 2023 14:48 UTC
 Aircraft: Lockheed WP-3D, N43RF             Date: 050718   Time: 171436 UTC
 ---------------------------------------------------------------------------
 Bias corrections:  PR =   0.0 mb  TE =   0.0 C  RH =   0.0 %  PRB =  0.0 mb
 Filters (LPF):     PTH = 
 Dyn RH correction = 
 Estimated PR used = 
 Dyn T correction  = 
 ---------------------------------------------------------------------------
 COMMENT: none, Good Drop
 ===========================================================================

 ===========================================================================
 Date: 050718   Lat:  22.15 N   TA:   10.6 C   PS:  696.1 mb   WD:   156 deg
 Time: 171436   Lon:  89.72 W   TD:   10.6 C   GA:   3106 m    WS:  35.5 m/s
 SID:  043625185                RH:  106.2 %   Navaid:   GP
 ===========================================================================

IX      t (s)  P (mb)    T (C)    RH (%)  Z (m)   WD    WS (m/s)   U (m/s)   V (m/s)  NS  WZ (m/s)  ZW (m)   FP  FT  FH  FW    LAT (N)   LON (E)
0001    0.00  -999.0   -999.00   -999.0    -999  -999  -999.00   -999.00   -999.00  -999  -999.0    -999     0   0   0   0    -999.000  -999.000
0002    0.50  -999.0   -999.00   -999.0    -999  -999  -999.00   -999.00   -999.00  -999  -999.0    -999     0   0   0   0    -999.000  -999.000
0003    1.00  -999.0   -999.00   -999.0    -999  -999  -999.00   -999.00   -999.00  -999  -999.0    -999     0   0   0   0    -999.000  -999.000
0004    1.50  -999.0   -999.00   -999.0    -999  -999  -999.00   -999.00   -999.00  -999  -999.0    -999     0   0   0   0    -999.000  -999.000
0005    2.00  -999.0   -999.00   -999.0    -999  -999  -999.00   -999.00   -999.00  -999  -999.0    -999     0   0   0   0    -999.000  -999.000
0006    2.50  -999.0   -999.00   -999.0    -999  -999  -999.00   -999.00   -999.00  -999  -999.0    -999     0   0   0   0    -999.000  -999.000
0007    3.00  -999.0   -999.00   -999.0    -999  -999  -999.00   -999.00   -999.00     0  -999.0    -999     0   0   0   0    -999.000  -999.000
0008    3.50  -999.0   -999.00   -999.0    -999  -999  -999.00   -999.00   -999.00     0  -999.0    -999     0   0   0   0    -999.000  -999.000
0009    4.00  -999.0   -999.00   -999.0    -999  -999  -999.00   -999.00   -999.00     0  -999.0    -999     0   0   0   0    -999.000  -999.000
0010    4.50  -999.0   -999.00   -999.0    -999  -999  -999.00   -999.00   -999.00     0  -999.0    -999     0   0   0   0    -999.000  -999.000
0011    5.00  -999.0   -999.00   -999.0    -999  -999  -999.00   -999.00   -999.00     0  -999.0    -999     0   0   0   0    -999.000  -999.000
0012    5.50  -999.0   -999.00   -999.0    -999  -999  -999.00   -999.00   -999.00     0  -999.0    -999     0   0   0   0    -999.000  -999.000
0013    6.00  -999.0   -999.00   -999.0    -999  -999  -999.00   -999.00   -999.00     0  -999.0    -999     0   0   0   0    -999.000  -999.000
0014    6.50  -999.0   -999.00   -999.0    -999  -999  -999.00   -999.00   -999.00     0  -999.0    -999     0   0   0   0    -999.000  -999.000
0015    7.00  -999.0   -999.00   -999.0    -999  -999  -999.00   -999.00   -999.00     0  -999.0    -999     0   0   0   0    -999.000  -999.000
0016    7.50  -999.0   -999.00   -999.0    -999  -999  -999.00   -999.00   -999.00     0  -999.0    -999     0   0   0   0    -999.000  -999.000
0017    8.00  -999.0   -999.00   -999.0    -999  -999  -999.00   -999.00   -999.00     0  -999.0    -999     0   0   0   0    -999.000  -999.000
0018    8.50  -999.0   -999.00   -999.0    -999  -999  -999.00   -999.00   -999.00     0  -999.0    -999     0   0   0   0    -999.000  -999.000
0019    9.00  -999.0   -999.00   -999.0    -999  -999  -999.00   -999.00   -999.00     0  -999.0    -999     0   0   0   0    -999.000  -999.000
0020    9.50  -999.0   -999.00   -999.0    -999  -999  -999.00   -999.00   -999.00     0  -999.0    -999     0   0   0   0    -999.000  -999.000
0021   10.00  -999.0   -999.00   -999.0    -999  -999  -999.00   -999.00   -999.00     0  -999.0    -999     0   0   0   0    -999.000  -999.000
0022   10.50  -999.0   -999.00   -999.0    -999  -999  -999.00   -999.00   -999.00     0  -999.0    -999     0   0   0   0    -999.000  -999.000
0023   11.00  -999.0   -999.00   -999.0    -999  -999  -999.00   -999.00   -999.00     0  -999.0    -999     0   0   0   0    -999.000  -999.000
0024   11.50  -999.0   -999.00   -999.0    -999  -999  -999.00   -999.00   -999.00     0  -999.0    -999     0   0   0   0    -999.000  -999.000
0025   12.00  -999.0   -999.00   -999.0    -999  -999  -999.00   -999.00   -999.00     0  -999.0    -999     0   0   0   0    -999.000  -999.000
0026   12.50  -999.0   -999.00   -999.0    -999  -999  -999.00   -999.00   -999.00     0  -999.0    -999     0   0   0   0    -999.000  -999.000
0027   13.00  -999.0   -999.00   -999.0    -999  -999  -999.00   -999.00   -999.00     0  -999.0    -999     0   0   0   0    -999.000  -999.000
0028   13.50  -999.0   -999.00   -999.0    -999  -999  -999.00   -999.00   -999.00     0  -999.0    -999     0   0   0   0    -999.000  -999.000
0029   14.00   711.3     11.17   -999.0    2912  -999  -999.00   -999.00   -999.00     0    -1.1    2912     0   0   0   0    -999.000  -999.000
0030   14.50   711.9     11.19   -999.0    2905  -999  -999.00   -999.00   -999.00     0    -1.1    2905     0   0   0   0    -999.000  -999.000
0031   15.00   712.4     11.22   -999.0    2899  -999  -999.00   -999.00   -999.00     0    -1.2    2899     0   0   0   0    -999.000  -999.000
0032   15.50   712.9     11.24   -999.0    2893  -999  -999.00   -999.00   -999.00     0    -1.2    2893     0   0   0   0    -999.000  -999.000
0033   16.00   713.5     11.27   -999.0    2886  -999  -999.00   -999.00   -999.00     0    -1.2    2886     0   0   0   0    -999.000  -999.000
0034   16.50   714.0     11.30   -999.0    2880  -999  -999.00   -999.00   -999.00     0    -1.3    2880     0   0   0   0    -999.000  -999.000
0035   17.00   714.6     11.34   -999.0    2874  -999  -999.00   -999.00   -999.00     0    -1.3    2874     0   0   0   0    -999.000  -999.000
0036   17.50   715.1     11.37   -999.0    2867  -999  -999.00   -999.00   -999.00     0    -1.3    2867     0   0   0   0    -999.000  -999.000
0037   18.00   715.7     11.41   -999.0    2861  -999  -999.00   -999.00   -999.00     0    -1.3    2861     0   0   0   0    -999.000  -999.000
0038   18.50   716.2     11.45   -999.0    2855  -999  -999.00   -999.00   -999.00     0    -1.3    2855     0   0   0   0    -999.000  -999.000
0039   19.00   716.7     11.49   -999.0    2848  -999  -999.00   -999.00   -999.00     0    -1.3    2848     0   0   0   0    -999.000  -999.000
0040   19.50   717.3     11.52   -999.0    2842  -999  -999.00   -999.00   -999.00     0    -1.3    2842     0   0   0   0    -999.000  -999.000
0041   20.00   717.8     11.56   -999.0    2835  -999  -999.00   -999.00   -999.00     0    -1.4    2835     0   0   0   0    -999.000  -999.000
0042   20.50   718.4     11.60   -999.0    2829  -999  -999.00   -999.00   -999.00     0    -1.4    2829     0   0   0   0    -999.000  -999.000
0043   21.00   718.9     11.63   -999.0    2823  -999  -999.00   -999.00   -999.00     0    -1.4    2823     0   0   0   0    -999.000  -999.000
0044   21.50   719.5     11.66   -999.0    2816  -999  -999.00   -999.00   -999.00     0    -1.4    2816     0   0   0   0    -999.000  -999.000
0045   22.00   720.0     11.69   -999.0    2810  -999  -999.00   -999.00   -999.00     0    -1.4    2810     0   0   0   0    -999.000  -999.000
0046   22.50   720.6     11.72   -999.0    2803  -999  -999.00   -999.00   -999.00     0    -1.4    2803     0   0   0   0    -999.000  -999.000
0047   23.00   721.1     11.75   -999.0    2797  -999  -999.00   -999.00   -999.00     0    -1.4    2797     0   0   0   0    -999.000  -999.000
0048   23.50   721.7     11.78   -999.0    2791  -999  -999.00   -999.00   -999.00     0    -1.5    2791     0   0   0   0    -999.000  -999.000
0049   24.00   722.2     11.80   -999.0    2784  -999  -999.00   -999.00   -999.00     0    -1.5    2784     0   0   0   0    -999.000  -999.000
0050   24.50   722.8     11.83   -999.0    2778  -999  -999.00   -999.00   -999.00     0    -1.5    2778     0   0   0   0    -999.000  -999.000
0051   25.00   723.3     11.85   -999.0    2771  -999  -999.00   -999.00   -999.00     0    -1.5    2771     0   0   0   0    -999.000  -999.000
0052   25.50   723.9     11.87   -999.0    2765  -999  -999.00   -999.00   -999.00     0    -1.5    2765     0   0   0   0    -999.000  -999.000
0053   26.00   724.4     11.90   -999.0    2759  -999  -999.00   -999.00   -999.00     0    -1.5    2759     0   0   0   0    -999.000  -999.000
0054   26.50   725.0     11.92   -999.0    2752  -999  -999.00   -999.00   -999.00     0    -1.5    2752     0   0   0   0    -999.000  -999.000
0055   27.00   725.5     11.95   -999.0    2746  -999  -999.00   -999.00   -999.00     0    -1.5    2746     0   0   0   0    -999.000  -999.000
0056   27.50   726.1     11.98   -999.0    2739  -999  -999.00   -999.00   -999.00     4    -1.5    2739     0   0   0   0    -999.000  -999.000
0057   28.00   726.6     12.01     94.5    2733  -999  -999.00   -999.00   -999.00     4    -1.5    2733     0   0   0   0    -999.000  -999.000
0058   28.50   727.2     12.03     94.4    2727  -999  -999.00   -999.00   -999.00     4    -1.5    2727     0   0   0   0    -999.000  -999.000
0059   29.00   727.8     12.06     94.4    2720  -999  -999.00   -999.00   -999.00     4    -1.5    2720     0   0   0   0    -999.000  -999.000
0060   29.50   728.3     12.10     94.3    2714  -999  -999.00   -999.00   -999.00     4    -1.5    2714     0   0   0   0    -999.000  -999.000
0061   30.00   728.9     12.13     94.2    2707  -999  -999.00   -999.00   -999.00     4    -1.5    2707     0   0   0   0    -999.000  -999.000
0062   30.50   729.4     12.16     94.2    2701  -999  -999.00   -999.00   -999.00     5    -1.5    2701     0   0   0   0    -999.000  -999.000
0063   31.00   730.0     12.20     94.1    2694  -999  -999.00   -999.00   -999.00     5    -1.6    2694     0   0   0   0    -999.000  -999.000
0064   31.50   730.5     12.23     94.1    2688  -999  -999.00   -999.00   -999.00     5    -1.6    2688     0   0   0   0    -999.000  -999.000
0065   32.00   731.1     12.27     94.1    2681  -999  -999.00   -999.00   -999.00     5    -1.6    2681     0   0   0   0    -999.000  -999.000
0066   32.50   731.7     12.30     94.0    2675  -999  -999.00   -999.00   -999.00     5    -1.6    2675     0   0   0   0    -999.000  -999.000
0067   33.00   732.2     12.33     94.0    2669  -999  -999.00   -999.00   -999.00     5    -1.6    2669     0   0   0   0    -999.000  -999.000
0068   33.50   732.8     12.36     94.0    2662  -999  -999.00   -999.00   -999.00     5    -1.6    2662     0   0   0   0    -999.000  -999.000
0069   34.00   733.4     12.39     94.0    2656  -999  -999.00   -999.00   -999.00     5    -1.6    2656     0   0   0   0    -999.000  -999.000
0070   34.50   733.9     12.42     93.9    2649  -999  -999.00   -999.00   -999.00     5    -1.6    2649     0   0   0   0    -999.000  -999.000
0071   35.00   734.5     12.45     93.9    2643  -999  -999.00   -999.00   -999.00     5    -1.6    2643     0   0   0   0    -999.000  -999.000
0072   35.50   735.0     12.48     93.8    2636  -999  -999.00   -999.00   -999.00     5    -1.6    2636     0   0   0   0    -999.000  -999.000
0073   36.00   735.6     12.50     93.8    2630  -999  -999.00   -999.00   -999.00     5    -1.6    2630     0   0   0   0    -999.000  -999.000
0074   36.50   736.2     12.53     93.7    2623  -999  -999.00   -999.00   -999.00     5    -1.7    2623     0   0   0   0    -999.000  -999.000
0075   37.00   736.7     12.56     93.7    2617  -999  -999.00   -999.00   -999.00     5    -1.7    2617     0   0   0   0    -999.000  -999.000
0076   37.50   737.3     12.59     93.6    2610  -999  -999.00   -999.00   -999.00     5    -1.7    2610     0   0   0   0    -999.000  -999.000
0077   38.00   737.9     12.61     93.6    2604  -999  -999.00   -999.00   -999.00     5    -1.8    2604     0   0   0   0    -999.000  -999.000
0078   38.50   738.4     12.64     93.5    2597  -999  -999.00   -999.00   -999.00     5    -1.8    2597     0   0   0   0    -999.000  -999.000
0079   39.00   739.0     12.67     93.5    2591  -999  -999.00   -999.00   -999.00     5    -1.8    2591     0   0   0   0    -999.000  -999.000
0080   39.50   739.6     12.70     93.4    2584  -999  -999.00   -999.00   -999.00     5    -1.9    2584     0   0   0   0    -999.000  -999.000
0081   40.00   740.2     12.73     93.4    2578  -999  -999.00   -999.00   -999.00     5    -1.9    2578     0   0   0   0    -999.000  -999.000
0082   40.50   740.7     12.76     93.3    2571  -999  -999.00   -999.00   -999.00     5    -1.9    2571     0   0   0   0    -999.000  -999.000
0083   41.00   741.3     12.79     93.3    2565  -999  -999.00   -999.00   -999.00     5    -1.9    2565     0   0   0   0    -999.000  -999.000
0084   41.50   741.9     12.82     93.2    2558  -999  -999.00   -999.00   -999.00     5    -2.0    2558     0   0   0   0    -999.000  -999.000
0085   42.00   742.5     12.85     93.2    2551  -999  -999.00   -999.00   -999.00     5    -2.0    2551     0   0   0   0    -999.000  -999.000
0086   42.50   743.1     12.88     93.2    2545  -999  -999.00   -999.00   -999.00     5    -2.0    2545     0   0   0   0    -999.000  -999.000
0087   43.00   743.7     12.91     93.1    2538  -999  -999.00   -999.00   -999.00     5    -1.9    2538     0   0   0   0    -999.000  -999.000
0088   43.50   744.2     12.94     93.1    2532  -999  -999.00   -999.00   -999.00     5    -1.9    2532     0   0   0   0    -999.000  -999.000
0089   44.00   744.8     12.96     93.1    2525  -999  -999.00   -999.00   -999.00     5    -1.9    2525     0   0   0   0    -999.000  -999.000
0090   44.50   745.4     12.99     93.1    2518  -999  -999.00   -999.00   -999.00     5    -1.9    2518     0   0   0   0    -999.000  -999.000
0091   45.00   746.0     13.02     93.1    2512  -999  -999.00   -999.00   -999.00     5    -1.9    2512     0   0   0   0    -999.000  -999.000
0092   45.50   746.6     13.05     93.1    2505  -999  -999.00   -999.00   -999.00     5    -1.9    2505     0   0   0   0    -999.000  -999.000
0093   46.00   747.1     13.08     93.1    2499  -999  -999.00   -999.00   -999.00     5    -2.0    2499     0   0   0   0    -999.000  -999.000
0094   46.50   747.7     13.11     93.1    2492  -999  -999.00   -999.00   -999.00     5    -2.0    2492     0   0   0   0    -999.000  -999.000
0095   47.00   748.3     13.14     93.0    2486  -999  -999.00   -999.00   -999.00     5    -2.0    2486     0   0   0   0    -999.000  -999.000
0096   47.50   748.9     13.16     93.0    2479  -999  -999.00   -999.00   -999.00     5    -2.0    2479     0   0   0   0    -999.000  -999.000
0097   48.00   749.5     13.19     93.0    2472  -999  -999.00   -999.00   -999.00     5    -2.0    2472     0   0   0   0    -999.000  -999.000
0098   48.50   750.1     13.22     93.0    2466  -999  -999.00   -999.00   -999.00     5    -2.0    2466     0   0   0   0    -999.000  -999.000
0099   49.00   750.6     13.25     92.9    2459  -999  -999.00   -999.00   -999.00     5    -2.0    2459     0   0   0   0    -999.000  -999.000
0100   49.50   751.2     13.27     92.9    2453  -999  -999.00   -999.00   -999.00     5    -2.0    2453     0   0   0   0    -999.000  -999.000
0101   50.00   751.8     13.30     92.9    2446  -999  -999.00   -999.00   -999.00     5    -2.0    2446     0   0   0   0    -999.000  -999.000
0102   50.50   752.4     13.33     92.9    2439  -999  -999.00   -999.00   -999.00     5    -2.0    2439     0   0   0   0    -999.000  -999.000
0103   51.00   753.0     13.36     92.9    2433  -999  -999.00   -999.00   -999.00     4    -2.0    2433     0   0   0   0    -999.000  -999.000
0104   51.50   753.6     13.39     92.9    2426  -999  -999.00   -999.00   -999.00     5    -2.0    2426     0   0   0   0    -999.000  -999.000
0105   52.00   754.2     13.42     92.9    2419   152    36.96    -17.33     32.64     6    -2.0    2419     0   0   0   0      22.166   -89.730
0106   52.50   754.8     13.45     92.9    2413   152    36.88    -17.30     32.57     6    -2.0    2413     0   0   0   0      22.166   -89.730
0107   53.00   755.4     13.48     92.9    2406   152    36.80    -17.27     32.49     6    -2.0    2406     0   0   0   0      22.166   -89.730
0108   53.50   755.9     13.51     92.9    2400   152    36.72    -17.23     32.42     6    -2.0    2400     0   0   0   0      22.166   -89.730
0109   54.00   756.5     13.54     92.8    2393   152    36.63    -17.18     32.35     6    -1.9    2393     0   0   0   0      22.166   -89.730
0110   54.50   757.1     13.57     92.8    2387   152    36.56    -17.13     32.29     6    -1.9    2387     0   0   0   0      22.166   -89.730
0111   55.00   757.7     13.59     92.8    2380  -999  -999.00   -999.00   -999.00     5    -1.9    2380     0   0   0   0    -999.000  -999.000
0112   55.50   758.3     13.62     92.8    2374  -999  -999.00   -999.00   -999.00  -999    -1.8    2374     0   0   0   0    -999.000  -999.000
0113   56.00   758.9     13.64     92.9    2367   152    36.40    -17.00     32.18     6    -1.8    2367     0   0   0   0      22.167   -89.730
0114   56.50   759.4     13.67     92.9    2361   152    36.39    -16.97     32.19     6    -1.8    2361     0   0   0   0      22.167   -89.730
0115   57.00   760.0     13.69     92.9    2354   152    36.40    -16.94     32.21     6    -1.8    2354     0   0   0   0      22.167   -89.730
0116   57.50   760.6     13.72     93.0    2348   152    36.42    -16.93     32.25     6    -1.8    2348     0   0   0   0      22.167   -89.730
0117   58.00   761.2     13.74     93.0    2341   152    36.47    -16.92     32.31     6    -1.8    2341     0   0   0   0      22.167   -89.731
0118   58.50   761.8     13.77     93.0    2335   152    36.52    -16.91     32.37     6    -1.8    2335     0   0   0   0      22.168   -89.731
0119   59.00   762.3     13.80     93.1    2328   152    36.57    -16.90     32.43     6    -1.8    2328     0   0   0   0      22.168   -89.731
0120   59.50   762.9     13.83     93.1    2322   153    36.61    -16.89     32.48     6    -1.8    2322     0   0   0   0      22.168   -89.731
0121   60.00   763.5     13.86     93.2    2316   153    36.64    -16.88     32.53     6    -1.8    2316     0   0   0   0      22.168   -89.731
0122   60.50   764.1     13.90     93.2    2309   153    36.67    -16.88     32.55     6    -1.8    2309     0   0   0   0      22.168   -89.731
0123   61.00   764.7     13.93     93.2    2303   153    36.69    -16.90     32.57     6    -1.9    2303     0   0   0   0      22.168   -89.731
0124   61.50   765.3     13.97     93.2    2296   153    36.71    -16.93     32.57     6    -1.9    2296     0   0   0   0      22.168   -89.731
0125   62.00   765.8     14.01     93.2    2290  -999  -999.00   -999.00   -999.00  -999    -1.9    2290     0   0   0   0    -999.000  -999.000
0126   62.50   766.4     14.04     93.2    2283   152    36.74    -17.03     32.55     6    -1.9    2283     0   0   0   0      22.169   -89.731
0127   63.00   767.0     14.08     93.2    2277   152    36.75    -17.10     32.53     6    -1.9    2277     0   0   0   0      22.169   -89.731
0128   63.50   767.6     14.12     93.2    2270   152    36.78    -17.17     32.52     6    -1.9    2270     0   0   0   0      22.169   -89.731
0129   64.00   768.2     14.15     93.2    2264   152    36.80    -17.26     32.51     6    -1.9    2264     0   0   0   0      22.169   -89.732
0130   64.50   768.8     14.19     93.2    2257  -999  -999.00   -999.00   -999.00  -999    -1.9    2257     0   0   0   0    -999.000  -999.000
0131   65.00   769.4     14.23     93.2    2251   152    36.88    -17.46     32.48     6    -1.8    2251     0   0   0   0      22.170   -89.732
0132   65.50   770.0     14.26     93.2    2244   152    36.93    -17.58     32.47     6    -1.8    2244     0   0   0   0      22.170   -89.732
0133   66.00   770.5     14.30     93.3    2238  -999  -999.00   -999.00   -999.00     5    -1.7    2238     0   0   0   0    -999.000  -999.000
0134   66.50   771.1     14.35     93.3    2231  -999  -999.00   -999.00   -999.00     5    -1.6    2231     0   0   0   0    -999.000  -999.000
0135   67.00   771.7     14.39     93.4    2225  -999  -999.00   -999.00   -999.00     5    -1.6    2225     0   0   0   0    -999.000  -999.000
0136   67.50   772.3     14.44     93.5    2219   151    37.06    -18.09     32.34     6    -1.5    2219     0   0   0   0      22.170   -89.732
0137   68.00   772.8     14.49     93.6    2213  -999  -999.00   -999.00   -999.00  -999    -1.5    2213     0   0   0   0    -999.000  -999.000
0138   68.50   773.4     14.53     93.7    2206   150    37.06    -18.36     32.20     6    -1.4    2206     0   0   0   0      22.171   -89.732
0139   69.00   774.0     14.58     93.8    2200   150    37.05    -18.49     32.11     6    -1.4    2200     0   0   0   0      22.171   -89.732
0140   69.50   774.5     14.63     93.9    2194  -999  -999.00   -999.00   -999.00  -999    -1.4    2194     0   0   0   0    -999.000  -999.000
0141   70.00   775.1     14.67     94.0    2188  -999  -999.00   -999.00   -999.00     5    -1.4    2188     0   0   0   0    -999.000  -999.000
0142   70.50   775.7     14.70     94.1    2182  -999  -999.00   -999.00   -999.00     5    -1.4    2182     0   0   0   0    -999.000  -999.000
0143   71.00   776.2     14.74     94.1    2175  -999  -999.00   -999.00   -999.00     5    -1.4    2175     0   0   0   0    -999.000  -999.000
0144   71.50   776.8     14.77     94.2    2169  -999  -999.00   -999.00   -999.00     5    -1.5    2169     0   0   0   0    -999.000  -999.000
0145   72.00   777.4     14.79     94.2    2163  -999  -999.00   -999.00   -999.00     5    -1.5    2163     0   0   0   0    -999.000  -999.000
0146   72.50   778.0     14.82     94.2    2157  -999  -999.00   -999.00   -999.00     5    -1.6    2157     0   0   0   0    -999.000  -999.000
0147   73.00   778.5     14.84     94.2    2150  -999  -999.00   -999.00   -999.00  -999    -1.6    2150     0   0   0   0    -999.000  -999.000
0148   73.50   779.1     14.87     94.2    2144  -999  -999.00   -999.00   -999.00     4    -1.7    2144     0   0   0   0    -999.000  -999.000
0149   74.00   779.7     14.89     94.2    2137  -999  -999.00   -999.00   -999.00     4    -1.7    2137     0   0   0   0    -999.000  -999.000
0150   74.50   780.3     14.92     94.2    2131  -999  -999.00   -999.00   -999.00     4    -1.8    2131     0   0   0   0    -999.000  -999.000
0151   75.00   780.9     14.94     94.2    2125   148    36.65    -19.52     31.02     6    -1.8    2125     0   0   0   0      22.172   -89.734
0152   75.50   781.5     14.97     94.2    2118   148    36.61    -19.59     30.93     6    -1.8    2118     0   0   0   0      22.173   -89.734
0153   76.00   782.1     14.99     94.2    2112   147    36.57    -19.65     30.84     6    -1.9    2112     0   0   0   0      22.173   -89.734
0154   76.50   782.6     15.02     94.2    2105   147    36.55    -19.73     30.77     6    -1.9    2105     0   0   0   0      22.173   -89.734
0155   77.00   783.2     15.05     94.2    2099  -999  -999.00   -999.00   -999.00  -999    -1.9    2099     0   0   0   0    -999.000  -999.000
0156   77.50   783.8     15.08     94.2    2093   147    36.58    -19.90     30.69     6    -2.0    2093     0   0   0   0      22.173   -89.734
0157   78.00   784.4     15.11     94.2    2086   147    36.66    -20.02     30.71     6    -2.0    2086     0   0   0   0      22.173   -89.734
0158   78.50   785.0     15.14     94.2    2080   147    36.77    -20.14     30.76     6    -2.1    2080     0   0   0   0      22.173   -89.734
0159   79.00   785.6     15.18     94.2    2073   147    36.91    -20.28     30.84     6    -2.1    2073     0   0   0   0      22.174   -89.734
0160   79.50   786.2     15.21     94.2    2067  -999  -999.00   -999.00   -999.00     5    -2.2    2067     0   0   0   0    -999.000  -999.000
0161   80.00   786.8     15.25     94.2    2060   146    37.23    -20.57     31.03     6    -2.2    2060     0   0   0   0      22.174   -89.734
0162   80.50   787.5     15.29     94.2    2053   146    37.37    -20.71     31.11     6    -2.3    2053     0   0   0   0      22.174   -89.735
0163   81.00   788.1     15.32     94.2    2047   146    37.47    -20.82     31.15     6    -2.3    2047     0   0   0   0      22.174   -89.735
0164   81.50   788.7     15.36     94.2    2040   146    37.52    -20.92     31.15     6    -2.3    2040     0   0   0   0      22.174   -89.735
0165   82.00   789.3     15.40     94.2    2033   146    37.53    -21.01     31.09     6    -2.2    2033     0   0   0   0      22.174   -89.735
0166   82.50   789.9     15.43     94.1    2027   146    37.48    -21.08     30.99     6    -2.2    2027     0   0   0   0      22.174   -89.735
0167   83.00   790.5     15.47     94.1    2020   146    37.41    -21.15     30.86     6    -2.2    2020     0   0   0   0      22.175   -89.735
0168   83.50  -999.0   -999.00   -999.0    -999  -999  -999.00   -999.00   -999.00  -999  -999.0    -999     0   0   0   0    -999.000  -999.000
0169   84.00   791.7     15.54     94.0    2007   145    37.23    -21.29     30.54     6    -2.1    2007     0   0   0   0      22.175   -89.735
0170   84.50   792.3     15.58     94.0    2001   145    37.16    -21.38     30.39     6    -2.1    2001     0   0   0   0      22.175   -89.735
0171   85.00   792.9     15.61     94.0    1994   145    37.10    -21.48     30.24     6    -2.0    1994     0   0   0   0      22.175   -89.735
0172   85.50   793.5     15.65     93.9    1988   144    37.07    -21.60     30.12     6    -2.0    1988     0   0   0   0      22.175   -89.736
0173   86.00   794.1     15.68     93.9    1981   144    37.06    -21.72     30.03     6    -2.0    1981     0   0   0   0      22.175   -89.736
0174   86.50   794.7     15.71     93.9    1975   144    37.07    -21.85     29.95     6    -2.0    1975     0   0   0   0      22.176   -89.736
0175   87.00   795.3     15.74     93.9    1968   144    37.11    -21.99     29.89     6    -2.0    1968     0   0   0   0      22.176   -89.736
0176   87.50   795.9     15.77     93.9    1962   143    37.16    -22.13     29.85     6    -2.0    1962     0   0   0   0      22.176   -89.736
0177   88.00   796.5     15.79     93.9    1956   143    37.22    -22.27     29.82     6    -2.0    1956     0   0   0   0      22.176   -89.736
0178   88.50   797.1     15.82     93.9    1949   143    37.27    -22.40     29.79     6    -2.0    1949     0   0   0   0      22.176   -89.736
0179   89.00   797.7     15.84     93.9    1943   143    37.33    -22.52     29.77     6    -2.0    1943     0   0   0   0      22.176   -89.736
0180   89.50   798.4     15.87     93.8    1936   143    37.39    -22.63     29.76     6    -2.1    1936     0   0   0   0      22.176   -89.736
0181   90.00   799.0     15.89     93.8    1930   143    37.45    -22.72     29.76     6    -2.2    1930     0   0   0   0      22.177   -89.737
0182   90.50   799.6     15.92     93.7    1923   143    37.50    -22.81     29.77     6    -2.2    1923     0   0   0   0      22.177   -89.737
0183   91.00   800.2     15.94     93.6    1917   142    37.56    -22.88     29.79     6    -2.3    1917     0   0   0   0      22.177   -89.737
0184   91.50   800.8     15.97     93.5    1910  -999  -999.00   -999.00   -999.00  -999    -2.4    1910     0   0   0   0    -999.000  -999.000
0185   92.00   801.4     16.00     93.4    1903   142    37.66    -22.99     29.82     6    -2.5    1903     0   0   0   0      22.177   -89.737
0186   92.50   802.1     16.03     93.3    1897   142    37.69    -23.03     29.84     6    -2.5    1897     0   0   0   0      22.177   -89.737
0187   93.00   802.7     16.06     93.2    1890   142    37.72    -23.06     29.85     6    -2.6    1890     0   0   0   0      22.177   -89.737
0188   93.50   803.3     16.10     93.2    1883   142    37.73    -23.09     29.85     6    -2.7    1883     0   0   0   0      22.177   -89.737
0189   94.00   804.0     16.13     93.1    1876   142    37.74    -23.10     29.84     6    -2.7    1876     0   0   0   0      22.178   -89.737
0190   94.50   804.6     16.17     93.0    1869  -999  -999.00   -999.00   -999.00  -999    -2.7    1869     0   0   0   0    -999.000  -999.000
0191   95.00  -999.0   -999.00   -999.0    -999   142    37.72    -23.12     29.80     6  -999.0    -999     0   0   0   0      22.178   -89.738
0192   95.50   805.9     16.26     92.8    1856   142    37.70    -23.13     29.77     6    -2.7    1856     0   0   0   0      22.178   -89.738
0193   96.00   806.5     16.30     92.7    1849   142    37.69    -23.14     29.75     6    -2.7    1849     0   0   0   0      22.178   -89.738
0194   96.50   807.2     16.34     92.7    1842   142    37.69    -23.16     29.73     6    -2.7    1842     0   0   0   0      22.178   -89.738
0195   97.00   807.8     16.38     92.6    1836   142    37.69    -23.19     29.71     6    -2.7    1836     0   0   0   0      22.178   -89.738
0196   97.50   808.5     16.43     92.5    1829   142    37.70    -23.22     29.70     6    -2.6    1829     0   0   0   0      22.179   -89.738
0197   98.00   809.1     16.47     92.4    1822   142    37.70    -23.25     29.68     6    -2.6    1822     0   0   0   0      22.179   -89.738
0198   98.50   809.7     16.50     92.3    1815   142    37.71    -23.28     29.66     6    -2.5    1815     0   0   0   0      22.179   -89.738
0199   99.00   810.4     16.54     92.1    1809   142    37.70    -23.30     29.63     7    -2.4    1809     0   0   0   0      22.179   -89.739
0200   99.50   811.0     16.58     92.0    1802   142    37.67    -23.31     29.59     7    -2.4    1802     0   0   0   0      22.179   -89.739
0201  100.00   811.6     16.61     91.8    1795   142    37.63    -23.30     29.54     7    -2.3    1795     0   0   0   0      22.179   -89.739
0202  100.50   812.2     16.65     91.7    1789   142    37.57    -23.28     29.49     7    -2.3    1789     0   0   0   0      22.179   -89.739
0203  101.00   812.9     16.69     91.5    1782   142    37.51    -23.26     29.42     7    -2.3    1782     0   0   0   0      22.179   -89.739
0204  101.50   813.5     16.72     91.4    1776   142    37.44    -23.24     29.36     7    -2.3    1776     0   0   0   0      22.180   -89.739
0205  102.00   814.1     16.76     91.4    1769   142    37.39    -23.22     29.30     7    -2.3    1769     0   0   0   0      22.180   -89.739
0206  102.50   814.7     16.79     91.3    1763   142    37.35    -23.22     29.25     7    -2.3    1763     0   0   0   0      22.180   -89.739
0207  103.00   815.3     16.83     91.3    1756   142    37.32    -23.22     29.22     7    -2.3    1756     0   0   0   0      22.180   -89.739
0208  103.50   816.0     16.86     91.3    1750   142    37.32    -23.23     29.21     7    -2.3    1750     0   0   0   0      22.180   -89.740
0209  104.00   816.6     16.90     91.4    1743  -999  -999.00   -999.00   -999.00  -999    -2.3    1743     0   0   0   0    -999.000  -999.000
0210  104.50   817.2     16.93     91.4    1737   142    37.37    -23.24     29.26     7    -2.3    1737     0   0   0   0      22.180   -89.740
0211  105.00   817.8     16.96     91.5    1730   142    37.41    -23.25     29.31     7    -2.4    1730     0   0   0   0      22.181   -89.740
0212  105.50   818.5     17.00     91.6    1724   142    37.47    -23.25     29.39     7    -2.4    1724     0   0   0   0      22.181   -89.740
0213  106.00   819.1     17.03     91.7    1717   142    37.53    -23.24     29.47     7    -2.4    1717     0   0   0   0      22.181   -89.740
0214  106.50   819.7     17.06     91.8    1710   142    37.59    -23.23     29.55     7    -2.4    1710     0   0   0   0      22.181   -89.740
0215  107.00   820.4     17.09     91.9    1704   142    37.64    -23.21     29.64     7    -2.4    1704     0   0   0   0      22.181   -89.740
0216  107.50   821.0     17.13     91.9    1697   142    37.68    -23.17     29.71     7    -2.4    1697     0   0   0   0      22.181   -89.740
0217  108.00   821.6     17.16     92.0    1691   142    37.69    -23.13     29.76     7    -2.4    1691     0   0   0   0      22.181   -89.741
0218  108.50   822.3     17.19     92.0    1684   142    37.68    -23.07     29.79     7    -2.4    1684     0   0   0   0      22.181   -89.741
0219  109.00   822.9     17.23     92.0    1677   142    37.66    -23.02     29.80     7    -2.4    1677     0   0   0   0      22.182   -89.741
0220  109.50   823.5     17.27     92.0    1671   142    37.62    -22.96     29.80     7    -2.4    1671     0   0   0   0      22.182   -89.741
0221  110.00   824.1     17.30     92.0    1664   142    37.58    -22.92     29.78     7    -2.4    1664     0   0   0   0      22.182   -89.741
0222  110.50   824.8     17.34     92.0    1658   142    37.53    -22.88     29.75     7    -2.4    1658     0   0   0   0      22.182   -89.741
0223  111.00   825.4     17.38     92.0    1651   142    37.48    -22.86     29.71     7    -2.4    1651     0   0   0   0      22.182   -89.741
0224  111.50   826.0     17.42     92.0    1645   142    37.44    -22.84     29.66     7    -2.3    1645     0   0   0   0      22.182   -89.741
0225  112.00   826.7     17.46     92.0    1638   142    37.39    -22.84     29.61     7    -2.3    1638     0   0   0   0      22.182   -89.741
0226  112.50   827.3     17.50     92.0    1632  -999  -999.00   -999.00   -999.00  -999    -2.3    1632     0   0   0   0    -999.000  -999.000
0227  113.00   827.9     17.54     92.0    1625   142    37.30    -22.85     29.49     6    -2.3    1625     0   0   0   0      22.183   -89.742
0228  113.50   828.6     17.58     92.0    1619   142    37.25    -22.87     29.41     7    -2.3    1619     0   0   0   0      22.183   -89.742
0229  114.00   829.2     17.62     92.0    1612   142    37.20    -22.90     29.32     7    -2.4    1612     0   0   0   0      22.183   -89.742
0230  114.50   829.8     17.66     91.9    1605   142    37.15    -22.94     29.21     7    -2.4    1605     0   0   0   0      22.183   -89.742
0231  115.00   830.4     17.71     91.9    1599   142    37.08    -22.98     29.10     7    -2.4    1599     0   0   0   0      22.183   -89.742
0232  115.50   831.1     17.75     91.9    1592   142    37.00    -23.01     28.97     7    -2.4    1592     0   0   0   0      22.183   -89.742
0233  116.00   831.7     17.79     92.0    1586   141    36.91    -23.02     28.85     7    -2.4    1586     0   0   0   0      22.183   -89.742
0234  116.50   832.4     17.84     92.0    1579   141    36.81    -23.01     28.73     7    -2.4    1579     0   0   0   0      22.184   -89.742
0235  117.00   833.0     17.88     92.2    1573   141    36.70    -22.98     28.62     7    -2.4    1573     0   0   0   0      22.184   -89.743
0236  117.50   833.6     17.92     92.3    1566   141    36.60    -22.93     28.53     7    -2.4    1566     0   0   0   0      22.184   -89.743
0237  118.00  -999.0   -999.00   -999.0    -999   141    36.51    -22.86     28.47     7  -999.0    -999     0   0   0   0      22.184   -89.743
0238  118.50   834.9     17.99     92.6    1553   141    36.43    -22.79     28.43     7    -2.4    1553     0   0   0   0      22.184   -89.743
0239  119.00   835.5     18.02     92.7    1546  -999  -999.00   -999.00   -999.00  -999    -2.4    1546     0   0   0   0    -999.000  -999.000
0240  119.50   836.2     18.05     92.8    1540   141    36.34    -22.66     28.41     7    -2.4    1540     0   0   0   0      22.184   -89.743
0241  120.00   836.8     18.07     92.9    1533   141    36.33    -22.63     28.42     7    -2.5    1533     0   0   0   0      22.185   -89.743
0242  120.50   837.4     18.10     92.9    1527   142    36.34    -22.61     28.45     7    -2.5    1527     0   0   0   0      22.185   -89.743
0243  121.00   838.1     18.13     92.9    1520   142    36.38    -22.62     28.50     7    -2.5    1520     0   0   0   0      22.185   -89.743
0244  121.50   838.7     18.15     92.9    1514  -999  -999.00   -999.00   -999.00  -999    -2.5    1514     0   0   0   0    -999.000  -999.000
0245  122.00   839.4     18.18     92.8    1507   142    36.51    -22.69     28.61     7    -2.5    1507     0   0   0   0      22.185   -89.744
0246  122.50   840.0     18.20     92.8    1500   142    36.60    -22.73     28.68     7    -2.5    1500     0   0   0   0      22.185   -89.744
0247  123.00   840.7     18.23     92.8    1494   142    36.68    -22.77     28.75     7    -2.5    1494     0   0   0   0      22.185   -89.744
0248  123.50   841.3     18.25     92.8    1487   142    36.76    -22.80     28.83     7    -2.5    1487     0   0   0   0      22.185   -89.744
0249  124.00   842.0     18.28     92.8    1481   142    36.83    -22.83     28.91     7    -2.5    1481     0   0   0   0      22.186   -89.744
0250  124.50   842.6     18.30     92.9    1474   142    36.90    -22.83     28.98     6    -2.4    1474     0   0   0   0      22.186   -89.744
0251  125.00   843.2     18.32     92.9    1468  -999  -999.00   -999.00   -999.00  -999    -2.4    1468     0   0   0   0    -999.000  -999.000
0252  125.50   843.9     18.33     93.0    1461   142    37.00    -22.80     29.14     7    -2.4    1461     0   0   0   0      22.186   -89.744
0253  126.00   844.5     18.35     93.1    1455   142    37.05    -22.77     29.22     7    -2.3    1455     0   0   0   0      22.186   -89.745
0254  126.50   845.1     18.37     93.3    1448   142    37.09    -22.72     29.31     7    -2.3    1448     0   0   0   0      22.186   -89.745
0255  127.00   845.8     18.39     93.5    1442  -999  -999.00   -999.00   -999.00  -999    -2.3    1442     0   0   0   0    -999.000  -999.000
0256  127.50   846.4     18.40     93.8    1435   142    37.14    -22.62     29.46     7    -2.3    1435     0   0   0   0      22.186   -89.745
0257  128.00   847.0     18.42     94.0    1429   143    37.16    -22.57     29.51     7    -2.3    1429     0   0   0   0      22.187   -89.745
0258  128.50   847.7     18.44     94.3    1422   143    37.16    -22.53     29.55     7    -2.3    1422     0   0   0   0      22.187   -89.745
0259  129.00   848.3     18.47     94.5    1416  -999  -999.00   -999.00   -999.00  -999    -2.3    1416     0   0   0   0    -999.000  -999.000
0260  129.50   849.0     18.49     94.6    1409  -999  -999.00   -999.00   -999.00  -999    -2.4    1409     0   0   0   0    -999.000  -999.000
0261  130.00   849.6     18.52     94.6    1403   143    37.07    -22.40     29.53     7    -2.4    1403     0   0   0   0      22.187   -89.745
0262  130.50   850.2     18.55     94.5    1396   143    37.00    -22.37     29.48     7    -2.4    1396     0   0   0   0      22.187   -89.746
0263  131.00   850.9     18.58     94.4    1390   143    36.93    -22.34     29.41     7    -2.4    1390     0   0   0   0      22.187   -89.746
0264  131.50   851.5     18.61     94.1    1383  -999  -999.00   -999.00   -999.00  -999    -2.4    1383     0   0   0   0    -999.000  -999.000
0265  132.00   852.2     18.65     93.9    1377  -999  -999.00   -999.00   -999.00  -999    -2.4    1377     0   0   0   0    -999.000  -999.000
0266  132.50   852.8     18.69     93.5    1370  -999  -999.00   -999.00   -999.00  -999    -2.4    1370     0   0   0   0    -999.000  -999.000
0267  133.00   853.5     18.73     93.2    1364   143    36.66    -22.29     29.10     7    -2.4    1364     0   0   0   0      22.188   -89.746
0268  133.50   854.1     18.77     93.0    1357   143    36.62    -22.29     29.05     7    -2.4    1357     0   0   0   0      22.188   -89.746
0269  134.00   854.7     18.81     92.8    1351   142    36.60    -22.29     29.03     7    -2.4    1351     0   0   0   0      22.188   -89.746
0270  134.50   855.4     18.85     92.6    1344   142    36.59    -22.29     29.02     7    -2.3    1344     0   0   0   0      22.188   -89.746
0271  135.00   856.0     18.89     92.6    1338  -999  -999.00   -999.00   -999.00  -999    -2.3    1338     0   0   0   0    -999.000  -999.000
0272  135.50   856.7     18.92     92.6    1331   142    36.57    -22.27     29.00     6    -2.3    1331     0   0   0   0      22.189   -89.747
0273  136.00   857.3     18.95     92.8    1325   142    36.55    -22.26     28.99     7    -2.2    1325     0   0   0   0      22.189   -89.747
0274  136.50   857.9     18.97     93.0    1319  -999  -999.00   -999.00   -999.00  -999    -2.2    1319     0   0   0   0    -999.000  -999.000
0275  137.00   858.6     18.99     93.2    1312   142    36.48    -22.24     28.92     7    -2.2    1312     0   0   0   0      22.189   -89.747
0276  137.50   859.2     19.01     93.5    1306   142    36.45    -22.24     28.87     7    -2.2    1306     0   0   0   0      22.189   -89.747
0277  138.00   859.8     19.02     93.7    1299  -999  -999.00   -999.00   -999.00  -999    -2.1    1299     0   0   0   0    -999.000  -999.000
0278  138.50   860.5     19.03     93.9    1293   142    36.38    -22.24     28.78     7    -2.1    1293     0   0   0   0      22.189   -89.747
0279  139.00   861.1     19.05     94.1    1287   142    36.35    -22.25     28.74     7    -2.1    1287     0   0   0   0      22.189   -89.747
0280  139.50   861.7     19.06     94.3    1281   142    36.33    -22.26     28.71     7    -2.1    1281     0   0   0   0      22.190   -89.748
0281  140.00   862.4     19.08     94.4    1274   142    36.32    -22.28     28.68     7    -2.1    1274     0   0   0   0      22.190   -89.748
0282  140.50   863.0     19.10     94.5    1268   142    36.31    -22.31     28.65     7    -2.1    1268     0   0   0   0      22.190   -89.748
0283  141.00   863.6     19.12     94.7    1262   142    36.30    -22.34     28.61     7    -2.1    1262     0   0   0   0      22.190   -89.748
0284  141.50   864.3     19.14     94.8    1255   142    36.29    -22.38     28.57     7    -2.0    1255     0   0   0   0      22.190   -89.748
0285  142.00   864.9     19.16     94.9    1249   142    36.29    -22.42     28.53     7    -2.0    1249     0   0   0   0      22.190   -89.748
0286  142.50   865.5     19.18     95.0    1243   142    36.28    -22.46     28.49     7    -2.0    1243     0   0   0   0      22.190   -89.748
0287  143.00   866.1     19.21     95.1    1236   142    36.28    -22.50     28.46     7    -1.9    1236     0   0   0   0      22.191   -89.748
0288  143.50   866.8     19.23     95.2    1230   142    36.29    -22.54     28.44     7    -1.9    1230     0   0   0   0      22.191   -89.748
0289  144.00   867.4     19.25     95.3    1224   142    36.31    -22.58     28.43     7    -1.9    1224     0   0   0   0      22.191   -89.749
0290  144.50   868.0     19.27     95.3    1218   141    36.34    -22.63     28.43     7    -1.9    1218     0   0   0   0      22.191   -89.749
0291  145.00   868.6     19.30     95.4    1212   141    36.39    -22.70     28.45     7    -1.9    1212     0   0   0   0      22.191   -89.749
0292  145.50   869.2     19.32     95.4    1206   141    36.46    -22.77     28.47     7    -1.9    1206     0   0   0   0      22.191   -89.749
0293  146.00   869.9     19.34     95.4    1199   141    36.54    -22.86     28.51     7    -1.9    1199     0   0   0   0      22.191   -89.749
0294  146.50   870.5     19.36     95.5    1193   141    36.63    -22.95     28.55     7    -1.9    1193     0   0   0   0      22.191   -89.749
0295  147.00   871.1     19.38     95.5    1187   141    36.75    -23.06     28.61     7    -1.9    1187     0   0   0   0      22.192   -89.749
0296  147.50   871.7     19.40     95.5    1181   141    36.87    -23.18     28.67     7    -1.9    1181     0   0   0   0      22.192   -89.749
0297  148.00   872.4     19.42     95.5    1174   141    37.00    -23.30     28.74     7    -1.8    1174     0   0   0   0      22.192   -89.749
0298  148.50   873.0     19.44     95.5    1168   141    37.14    -23.42     28.82     7    -1.8    1168     0   0   0   0      22.192   -89.750
0299  149.00   873.6     19.45     95.6    1162   141    37.27    -23.53     28.90     7    -1.8    1162     0   0   0   0      22.192   -89.750
0300  149.50   874.2     19.47     95.6    1156   141    37.40    -23.64     28.98     7    -1.7    1156     0   0   0   0      22.192   -89.750
0301  150.00   874.8     19.49     95.6    1150   141    37.51    -23.74     29.05     7    -1.7    1150     0   0   0   0      22.192   -89.750
0302  150.50   875.5     19.51     95.6    1144   141    37.63    -23.84     29.11     7    -1.7    1144     0   0   0   0      22.192   -89.750
0303  151.00   876.1     19.53     95.6    1138   141    37.74    -23.93     29.18     7    -1.7    1138     0   0   0   0      22.193   -89.750
0304  151.50   876.7     19.55     95.7    1132   141    37.85    -24.03     29.24     6    -1.7    1132     0   0   0   0      22.193   -89.750
0305  152.00   877.3     19.57     95.7    1126   141    37.95    -24.12     29.30     7    -1.7    1126     0   0   0   0      22.193   -89.750
0306  152.50   877.9     19.59     95.7    1120   140    38.04    -24.21     29.35     7    -1.7    1120     0   0   0   0      22.193   -89.750
0307  153.00   878.5     19.61     95.7    1114   140    38.11    -24.29     29.37     7    -1.7    1114     0   0   0   0      22.193   -89.751
0308  153.50   879.1     19.63     95.7    1108   140    38.16    -24.35     29.38     7    -1.7    1108     0   0   0   0      22.193   -89.751
0309  154.00   879.8     19.65     95.7    1101   140    38.17    -24.40     29.35     7    -1.8    1101     0   0   0   0      22.193   -89.751
0310  154.50   880.4     19.68     95.7    1095   140    38.16    -24.45     29.30     7    -1.8    1095     0   0   0   0      22.194   -89.751
0311  155.00   881.0     19.70     95.7    1089   140    38.12    -24.49     29.22     7    -1.9    1089     0   0   0   0      22.194   -89.751
0312  155.50   881.6     19.71     95.7    1083   140    38.08    -24.53     29.12     7    -1.9    1083     0   0   0   0      22.194   -89.751
0313  156.00   882.3     19.73     95.7    1077   140    38.05    -24.59     29.03     7    -2.0    1077     0   0   0   0      22.194   -89.751
0314  156.50   882.9     19.75     95.7    1071   140    38.04    -24.68     28.95     7    -2.0    1071     0   0   0   0      22.194   -89.751
0315  157.00   883.6     19.76     95.7    1064   139    38.07    -24.80     28.89     7    -2.1    1064     0   0   0   0      22.194   -89.751
0316  157.50   884.2     19.77     95.7    1058   139    38.14    -24.94     28.86     7    -2.1    1058     0   0   0   0      22.194   -89.752
0317  158.00   884.8     19.78     95.7    1052   139    38.25    -25.11     28.85     7    -2.1    1052     0   0   0   0      22.194   -89.752
0318  158.50   885.5     19.78     95.7    1045   139    38.40    -25.30     28.88     7    -2.0    1045     0   0   0   0      22.195   -89.752
0319  159.00  -999.0   -999.00   -999.0    -999   139    38.55    -25.49     28.92     7  -999.0    -999     0   0   0   0      22.195   -89.752
0320  159.50   886.7     19.80     95.8    1033   138    38.70    -25.66     28.97     7    -2.0    1033     0   0   0   0      22.195   -89.752
0321  160.00   887.4     19.81     95.8    1027   138    38.83    -25.81     29.01     7    -1.9    1027     0   0   0   0      22.195   -89.752
0322  160.50   888.0     19.81     95.8    1021   138    38.94    -25.94     29.05     7    -1.8    1021     0   0   0   0      22.195   -89.752
0323  161.00   888.6     19.82     95.9    1015   138    39.04    -26.06     29.08     7    -1.8    1015     0   0   0   0      22.195   -89.752
0324  161.50   889.2     19.83     95.9    1009   138    39.14    -26.17     29.11     7    -1.7    1009     0   0   0   0      22.195   -89.753
0325  162.00   889.9     19.85     96.0    1003   138    39.25    -26.28     29.15     7    -1.6    1003     0   0   0   0      22.195   -89.753
0326  162.50   890.5     19.86     96.0     997   138    39.38    -26.41     29.21     6    -1.6     997     0   0   0   0      22.196   -89.753
0327  163.00   891.1     19.87     96.0     991   138    39.53    -26.54     29.30     6    -1.5     991     0   0   0   0      22.196   -89.753
0328  163.50   891.7     19.89     96.1     985   138    39.70    -26.69     29.39     7    -1.4     985     0   0   0   0      22.196   -89.753
0329  164.00   892.3     19.90     96.1     979   138    39.88    -26.83     29.50     7    -1.4     979     0   0   0   0      22.196   -89.753
0330  164.50   892.9     19.92     96.1     973   138    40.05    -26.97     29.60     7    -1.3     973     0   0   0   0      22.196   -89.753
0331  165.00   893.5     19.94     96.2     967   138    40.20    -27.09     29.71     7    -1.3     967     0   0   0   0      22.196   -89.753
0332  165.50   894.1     19.96     96.2     961   138    40.34    -27.19     29.79     7    -1.3     961     0   0   0   0      22.196   -89.754
0333  166.00   894.7     19.98     96.2     955   138    40.45    -27.27     29.87     7    -1.2     955     0   0   0   0      22.197   -89.754
0334  166.50   895.3     20.00     96.3     950   138    40.54    -27.34     29.94     7    -1.2     950     0   0   0   0      22.197   -89.754
0335  167.00   895.9     20.03     96.3     944  -999  -999.00   -999.00   -999.00  -999    -1.2     944     0   0   0   0    -999.000  -999.000
0336  167.50   896.5     20.05     96.3     938   138    40.69    -27.44     30.05     7    -1.2     938     0   0   0   0      22.197   -89.754
0337  168.00   897.1     20.08     96.3     932   138    40.76    -27.49     30.10     7    -1.2     932     0   0   0   0      22.197   -89.754
0338  168.50   897.7     20.10     96.3     927   138    40.85    -27.55     30.16     7    -1.3     927     0   0   0   0      22.197   -89.754
0339  169.00   898.3     20.12     96.3     921   138    40.95    -27.63     30.22     7    -1.3     921     0   0   0   0      22.197   -89.755
0340  169.50   898.9     20.15     96.2     915   138    41.05    -27.73     30.27     7    -1.3     915     0   0   0   0      22.197   -89.755
0341  170.00   899.5     20.17     96.2     909   137    41.17    -27.85     30.31     6    -1.3     909     0   0   0   0      22.198   -89.755
0342  170.50   900.1     20.19     96.2     903   137    41.27    -27.98     30.34     6    -1.4     903     0   0   0   0      22.198   -89.755
0343  171.00   900.7     20.21     96.2     897  -999  -999.00   -999.00   -999.00  -999    -1.4     897     0   0   0   0    -999.000  -999.000
0344  171.50   901.3     20.23     96.2     892   137    41.43    -28.25     30.30     7    -1.4     892     0   0   0   0      22.198   -89.755
0345  172.00   902.0     20.25     96.1     886   137    41.46    -28.38     30.23     7    -1.4     886     0   0   0   0      22.198   -89.755
0346  172.50   902.6     20.27     96.1     880   137    41.47    -28.49     30.14     8    -1.3     880     0   0   0   0      22.198   -89.756
0347  173.00   903.2     20.29     96.1     874   136    41.46    -28.60     30.01     7    -1.3     874     0   0   0   0      22.198   -89.756
0348  173.50   903.8     20.30     96.0     868  -999  -999.00   -999.00   -999.00  -999    -1.2     868     0   0   0   0    -999.000  -999.000
0349  174.00   904.4     20.32     96.0     862   136    41.38    -28.84     29.67     8    -1.1     862     0   0   0   0      22.199   -89.756
0350  174.50  -999.0   -999.00   -999.0    -999   135    41.32    -28.98     29.44     8  -999.0    -999     0   0   0   0      22.199   -89.756
0351  175.00   905.6     20.34     95.9     851   135    41.26    -29.16     29.20     8    -1.0     851     0   0   0   0      22.199   -89.756
0352  175.50   906.1     20.35     95.9     845   135    41.23    -29.37     28.94     8    -0.9     845     0   0   0   0      22.199   -89.756
0353  176.00   906.7     20.36     95.9     840   134    41.21    -29.60     28.67     8    -0.8     840     0   0   0   0      22.199   -89.756
0354  176.50   907.3     20.37     95.8     834   134    41.23    -29.87     28.43     8    -0.7     834     0   0   0   0      22.199   -89.757
0355  177.00   907.9     20.38     95.8     829   133    41.28    -30.14     28.20     8    -0.7     829     0   0   0   0      22.199   -89.757
0356  177.50   908.4     20.39     95.7     824   133    41.35    -30.42     28.00     8    -0.6     824     0   0   0   0      22.200   -89.757
0357  178.00   909.0     20.40     95.7     818   132    41.43    -30.67     27.84     7    -0.5     818     0   0   0   0      22.200   -89.757
0358  178.50   909.6     20.41     95.7     813   132    41.52    -30.90     27.72     8    -0.5     813     0   0   0   0      22.200   -89.757
0359  179.00   910.1     20.43     95.7     807   132    41.60    -31.10     27.63     8    -0.5     807     0   0   0   0      22.200   -89.757
0360  179.50   910.7     20.45     95.6     802   131    41.67    -31.25     27.56     8    -0.4     802     0   0   0   0      22.200   -89.757
0361  180.00   911.3     20.47     95.6     797   131    41.71    -31.35     27.52     8    -0.4     797     0   0   0   0      22.200   -89.758
0362  180.50   911.8     20.49     95.6     791   131    41.74    -31.43     27.47     8    -0.3     791     0   0   0   0      22.200   -89.758
0363  181.00   912.4     20.51     95.6     786   131    41.75    -31.49     27.42     8    -0.2     786     0   0   0   0      22.200   -89.758
0364  181.50   912.9     20.53     95.5     781   131    41.76    -31.56     27.36     8    -0.2     781     0   0   0   0      22.201   -89.758
0365  182.00   913.5     20.55     95.5     776   131    41.78    -31.65     27.27     7    -0.1     776     0   0   0   0      22.201   -89.758
0366  182.50   914.0     20.57     95.5     770   131    41.80    -31.78     27.15     8    -0.0     770     0   0   0   0      22.201   -89.758
0367  183.00   914.6     20.59     95.5     765   130    41.85    -31.96     27.01     8     0.1     765     0   0   0   0      22.201   -89.759
0368  183.50   915.1     20.61     95.5     760   130    41.92    -32.18     26.86     8     0.1     760     0   0   0   0      22.201   -89.759
0369  184.00   915.6     20.64     95.5     755   129    42.02    -32.43     26.73     7     0.2     755     0   0   0   0      22.201   -89.759
0370  184.50   916.2     20.66     95.5     750   129    42.16    -32.69     26.61     8     0.3     750     0   0   0   0      22.201   -89.759
0371  185.00   916.7     20.68     95.5     745   129    42.32    -32.96     26.54     8     0.3     745     0   0   0   0      22.201   -89.759
0372  185.50   917.2     20.70     95.6     740   129    42.52    -33.23     26.53     8     0.4     740     0   0   0   0      22.202   -89.759
0373  186.00   917.7     20.72     95.6     735   128    42.75    -33.49     26.57     8     0.4     735     0   0   0   0      22.202   -89.759
0374  186.50   918.2     20.75     95.6     730   128    43.00    -33.73     26.67     7     0.4     730     0   0   0   0      22.202   -89.760
0375  187.00   918.7     20.77     95.6     726   128    43.28    -33.95     26.85     8     0.4     726     0   0   0   0      22.202   -89.760
0376  187.50   919.3     20.79     95.6     721   128    43.57    -34.15     27.06     8     0.3     721     0   0   0   0      22.202   -89.760
0377  188.00   919.8     20.81     95.6     716   129    43.84    -34.30     27.30     7     0.3     716     0   0   0   0      22.202   -89.760
0378  188.50   920.3     20.84     95.7     711   129    44.07    -34.41     27.54     7     0.2     711     0   0   0   0      22.202   -89.760
0379  189.00   920.9     20.86     95.7     706   129    44.26    -34.48     27.74     8     0.2     706     0   0   0   0      22.202   -89.760
0380  189.50   921.4     20.88     95.7     701   129    44.40    -34.54     27.90     8     0.1     701     0   0   0   0      22.203   -89.761
0381  190.00   921.9     20.90     95.7     695   129    44.51    -34.59     28.01     8     0.0     695     0   0   0   0      22.203   -89.761
0382  190.50   922.5     20.92     95.7     690   129    44.59    -34.64     28.07     7    -0.1     690     0   0   0   0      22.203   -89.761
0383  191.00   923.0     20.94     95.7     685   129    44.64    -34.70     28.09     8    -0.1     685     0   0   0   0      22.203   -89.761
0384  191.50   923.6     20.96     95.7     680   129    44.67    -34.76     28.06     8    -0.2     680     0   0   0   0      22.203   -89.761
0385  192.00   924.1     20.99     95.7     675   129    44.68    -34.82     28.00     8    -0.3     675     0   0   0   0      22.203   -89.761
0386  192.50   924.7     21.01     95.7     669   129    44.67    -34.87     27.92     8    -0.4     669     0   0   0   0      22.203   -89.762
0387  193.00   925.3     21.03     95.7     664   129    44.64    -34.91     27.83     8    -0.5     664     0   0   0   0      22.203   -89.762
0388  193.50   925.8     21.05     95.7     659   128    44.59    -34.92     27.73     8    -0.6     659     0   0   0   0      22.204   -89.762
0389  194.00   926.4     21.07     95.7     653   128    44.50    -34.91     27.60     8    -0.8     653     0   0   0   0      22.204   -89.762
0390  194.50   927.0     21.10     95.8     648   128    44.39    -34.88     27.46     8    -0.9     648     0   0   0   0      22.204   -89.762
0391  195.00   927.6     21.12     95.8     642   128    44.26    -34.83     27.32     8    -1.0     642     0   0   0   0      22.204   -89.763
0392  195.50   928.2     21.14     95.8     637   128    44.12    -34.77     27.17     8    -1.1     637     0   0   0   0      22.204   -89.763
0393  196.00   928.8     21.17     95.9     631   128    43.98    -34.70     27.03     8    -1.2     631     0   0   0   0      22.204   -89.763
0394  196.50   929.4     21.19     95.9     625   128    43.85    -34.64     26.89     8    -1.3     625     0   0   0   0      22.204   -89.763
0395  197.00   930.0     21.22     96.0     619   128    43.73    -34.59     26.76     8    -1.4     619     0   0   0   0      22.204   -89.763
0396  197.50   930.7     21.24     96.1     613   128    43.64    -34.58     26.63     8    -1.5     613     0   0   0   0      22.205   -89.763
0397  198.00   931.3     21.27     96.1     607   127    43.58    -34.61     26.48     8    -1.5     607     0   0   0   0      22.205   -89.764
0398  198.50   931.9     21.30     96.2     602   127    43.56    -34.71     26.31     8    -1.6     602     0   0   0   0      22.205   -89.764
0399  199.00   932.6     21.33     96.2     596   127    43.56    -34.87     26.12     8    -1.6     596     0   0   0   0      22.205   -89.764
0400  199.50   933.2     21.36     96.3     590   126    43.60    -35.07     25.91     8    -1.7     590     0   0   0   0      22.205   -89.764
0401  200.00   933.8     21.38     96.4     584   126    43.67    -35.31     25.70     8    -1.8     584     0   0   0   0      22.205   -89.764
0402  200.50   934.5     21.41     96.4     578   126    43.75    -35.58     25.46     8    -1.9     578     0   0   0   0      22.205   -89.764
0403  201.00   935.1     21.44     96.4     572   125    43.82    -35.85     25.19     8    -2.1     572     0   0   0   0      22.205   -89.765
0404  201.50   935.8     21.47     96.5     566   125    43.86    -36.13     24.87     8    -2.2     566     0   0   0   0      22.206   -89.765
0405  202.00   936.4     21.49     96.5     560   124    43.85    -36.38     24.49     8    -2.4     560     0   0   0   0      22.206   -89.765
0406  202.50   937.1     21.52     96.5     553   123    43.78    -36.59     24.03     8    -2.6     553     0   0   0   0      22.206   -89.765
0407  203.00   937.8     21.55     96.5     547   123    43.64    -36.76     23.52     8    -2.8     547     0   0   0   0      22.206   -89.765
0408  203.50   938.5     21.57     96.5     540   122    43.45    -36.89     22.95     8    -3.1     540     0   0   0   0      22.206   -89.765
0409  204.00   939.2     21.60     96.5     534   121    43.19    -36.97     22.34     8    -3.3     534     0   0   0   0      22.206   -89.766
0410  204.50   940.0     21.62     96.5     527   120    42.92    -37.02     21.72     8    -3.4     527     0   0   0   0      22.206   -89.766
0411  205.00   940.7     21.65     96.5     520   120    42.67    -37.08     21.12     7    -3.6     520     0   0   0   0      22.206   -89.766
0412  205.50   941.5     21.67     96.5     513   119    42.48    -37.17     20.56     7    -3.7     513     0   0   0   0      22.206   -89.766
0413  206.00   942.2     21.70     96.5     506   118    42.36    -37.31     20.07     7    -3.8     506     0   0   0   0      22.206   -89.766
0414  206.50   943.0     21.73     96.5     499   118    42.37    -37.51     19.70     7    -3.8     499     0   0   0   0      22.207   -89.766
0415  207.00   943.7     21.76     96.5     492   117    42.51    -37.79     19.47     7    -3.8     492     0   0   0   0      22.207   -89.767
0416  207.50   944.5     21.79     96.5     485   117    42.75    -38.12     19.36     7    -3.8     485     0   0   0   0      22.207   -89.767
0417  208.00   945.2     21.82     96.5     478   117    43.07    -38.47     19.36     7    -3.7     478     0   0   0   0      22.207   -89.767
0418  208.50   946.0     21.85     96.5     471   117    43.44    -38.84     19.46     7    -3.6     471     0   0   0   0      22.207   -89.767
0419  209.00   946.7     21.89     96.5     464   117    43.79    -39.16     19.59     7    -3.5     464     0   0   0   0      22.207   -89.767
0420  209.50   947.5     21.92     96.5     458   117    44.05    -39.39     19.71     7    -3.4     458     0   0   0   0      22.207   -89.768
0421  210.00   948.2     21.95     96.5     451   117    44.19    -39.50     19.80     7    -3.3     451     0   0   0   0      22.207   -89.768
0422  210.50   948.9     21.99     96.5     444   117    44.16    -39.47     19.81     8    -3.2     444     0   0   0   0      22.207   -89.768
0423  211.00   949.6     22.02     96.5     438   117    43.93    -39.25     19.72     7    -3.2     438     0   0   0   0      22.207   -89.768
0424  211.50   950.3     22.05     96.5     431   117    43.47    -38.84     19.52     8    -3.1     431     0   0   0   0      22.207   -89.768
0425  212.00   951.0     22.08     96.5     425   117    42.86    -38.30     19.24     7    -3.1     425     0   0   0   0      22.208   -89.769
0426  212.50   951.7     22.12     96.5     418   117    42.11    -37.63     18.89     7    -3.1     418     0   0   0   0      22.208   -89.769
0427  213.00   952.5     22.15     96.4     412   117    41.29    -36.91     18.52     6    -3.1     412     0   0   0   0      22.208   -89.769
0428  213.50   953.2     22.18     96.4     405   117    40.50    -36.20     18.15     7    -3.1     405     0   0   0   0      22.208   -89.769
0429  214.00   953.9     22.21     96.4     398   117    39.80    -35.58     17.83     7    -3.1     398     0   0   0   0      22.208   -89.769
0430  214.50   954.6     22.24     96.4     392   117    39.25    -35.10     17.56     7    -3.1     392     0   0   0   0      22.208   -89.769
0431  215.00   955.4     22.28     96.4     385   117    38.89    -34.80     17.37     6    -3.0     385     0   0   0   0      22.208   -89.770
0432  215.50   956.1     22.32     96.4     378   116    38.77    -34.72     17.26     7    -3.0     378     0   0   0   0      22.208   -89.770
0433  216.00   956.8     22.35     96.4     372   116    38.86    -34.84     17.21     7    -2.9     372     0   0   0   0      22.208   -89.770
0434  216.50   957.5     22.39     96.5     365   116    39.12    -35.13     17.22     7    -2.8     365     0   0   0   0      22.208   -89.770
0435  217.00   958.2     22.42     96.5     359   116    39.54    -35.57     17.27     8    -2.6     359     0   0   0   0      22.208   -89.770
0436  217.50   958.9     22.46     96.6     353   116    40.04    -36.09     17.35     7    -2.5     353     0   0   0   0      22.208   -89.770
0437  218.00   959.6     22.49     96.6     347   115    40.56    -36.62     17.44     7    -2.4     347     0   0   0   0      22.209   -89.771
0438  218.50   960.3     22.52     96.7     340   115    41.05    -37.12     17.53     7    -2.3     340     0   0   0   0      22.209   -89.771
0439  219.00   960.9     22.56     96.7     334   115    41.48    -37.56     17.60     7    -2.1     334     0   0   0   0      22.209   -89.771
0440  219.50   961.6     22.59     96.7     328   115    41.82    -37.91     17.65     7    -2.0     328     0   0   0   0      22.209   -89.771
0441  220.00   962.2     22.61     96.8     322   115    42.07    -38.18     17.67     7    -2.0     322     0   0   0   0      22.209   -89.771
0442  220.50   962.9     22.64     96.8     316   115    42.25    -38.38     17.65     7    -1.9     316     0   0   0   0      22.209   -89.772
0443  221.00   963.6     22.67     96.8     310   115    42.34    -38.50     17.61     7    -1.8     310     0   0   0   0      22.209   -89.772
0444  221.50   964.2     22.70     96.8     304   114    42.35    -38.55     17.54     8    -1.8     304     0   0   0   0      22.209   -89.772
0445  222.00   964.9     22.73     96.8     298   114    42.30    -38.54     17.45     8    -1.8     298     0   0   0   0      22.209   -89.772
0446  222.50   965.5     22.76     96.8     293   114    42.18    -38.45     17.32     8    -1.8     293     0   0   0   0      22.209   -89.772
0447  223.00   966.2     22.79     96.7     287   114    41.98    -38.30     17.17     8    -1.8     287     0   0   0   0      22.209   -89.772
0448  223.50   966.8     22.82     96.7     281   114    41.71    -38.10     16.99     8    -1.8     281     0   0   0   0      22.209   -89.773
0449  224.00   967.5     22.86     96.7     275   114    41.39    -37.83     16.79     8    -1.8     275     0   0   0   0      22.209   -89.773
0450  224.50   968.1     22.90     96.7     269   114    41.02    -37.52     16.59     8    -1.9     269     0   0   0   0      22.210   -89.773
0451  225.00   968.8     22.93     96.6     263   114    40.63    -37.18     16.40     8    -2.0     263     0   0   0   0      22.210   -89.773
0452  225.50   969.4     22.97     96.6     257   114    40.23    -36.82     16.23     8    -2.1     257     0   0   0   0      22.210   -89.773
0453  226.00   970.1     23.00     96.6     251   114    39.85    -36.46     16.09     8    -2.2     251     0   0   0   0      22.210   -89.774
0454  226.50   970.8     23.04     96.7     245   114    39.50    -36.12     15.99     8    -2.4     245     0   0   0   0      22.210   -89.774
0455  227.00   971.5     23.08     96.7     239   114    39.21    -35.82     15.93     8    -2.5     239     0   0   0   0      22.210   -89.774
0456  227.50   972.2     23.12     96.8     232   114    38.97    -35.58     15.91     8    -2.7     232     0   0   0   0      22.210   -89.774
0457  228.00   972.9     23.16     96.8     226   114    38.81    -35.39     15.92     8    -2.9     226     0   0   0   0      22.210   -89.774
0458  228.50   973.6     23.19     96.8     220   114    38.71    -35.26     15.97     8    -3.0     220     0   0   0   0      22.210   -89.774
0459  229.00   974.3     23.23     96.9     213   115    38.67    -35.18     16.05     8    -3.1     213     0   0   0   0      22.210   -89.775
0460  229.50   975.0     23.27     96.8     206   115    38.69    -35.17     16.13     8    -3.2     206     0   0   0   0      22.210   -89.775
0461  230.00   975.8     23.31     96.8     200   115    38.79    -35.24     16.19     8    -3.2     200     0   0   0   0      22.210   -89.775
0462  230.50   976.5     23.36     96.8     193   115    38.93    -35.39     16.23     8    -3.2     193     0   0   0   0      22.210   -89.775
0463  231.00   977.3     23.40     96.7     186   114    39.14    -35.62     16.21     8    -3.1     186     0   0   0   0      22.211   -89.775
0464  231.50   978.0     23.44     96.6     180   114    39.39    -35.94     16.13     7    -2.9     180     0   0   0   0      22.211   -89.776
0465  232.00   978.7     23.48     96.4     173   114    39.66    -36.29     15.99     6    -2.7     173     0   0   0   0      22.211   -89.776
0466  232.50   979.5     23.52     96.3     167  -999  -999.00   -999.00   -999.00     4    -2.5     167     0   0   0   0    -999.000  -999.000
0467  233.00   980.1     23.56     96.2     161   113    40.07    -36.92     15.58     6    -2.3     161     0   0   0   0      22.211   -89.776
0468  233.50   980.8     23.60     96.0     155   112    40.16    -37.12     15.32     7    -2.0     155     0   0   0   0      22.211   -89.776
0469  234.00   981.5     23.64     95.8     149   112    40.15    -37.23     15.02     7    -1.8     149     0   0   0   0      22.211   -89.776
0470  234.50   982.1     23.68     95.7     143   112    40.03    -37.24     14.68     8    -1.7     143     0   0   0   0      22.211   -89.777
0471  235.00   982.7     23.72     95.5     137   111    39.84    -37.18     14.31     8    -1.5     137     0   0   0   0      22.211   -89.777
0472  235.50   983.4     23.76     95.4     132   111    39.57    -37.04     13.92     8    -1.5     132     0   0   0   0      22.211   -89.777
0473  236.00   984.0     23.80     95.3     126   110    39.25    -36.85     13.52     6    -1.4     126     0   0   0   0      22.211   -89.777
0474  236.50   984.6     23.83     95.2     121   110    38.93    -36.65     13.13     6    -1.5     121     0   0   0   0      22.211   -89.777
0475  237.00   985.3     23.87     95.2     115   109    38.65    -36.48     12.78     7    -1.5     115     0   0   0   0      22.211   -89.777
0476  237.50   985.9     23.91     95.1     109   109    38.42    -36.35     12.46     7    -1.6     109     0   0   0   0      22.211   -89.778
0477  238.00   986.6     23.95     95.1     103   109    38.25    -36.26     12.16     7    -1.7     103     0   0   0   0      22.211   -89.778
0478  238.50   987.2     23.99     95.0      97   108    38.12    -36.21     11.90     6    -1.9      97     0   0   0   0      22.212   -89.778
0479  239.00   987.9     24.04     94.9      91   108    38.00    -36.17     11.65     7    -2.0      91     0   0   0   0      22.212   -89.778
0480  239.50   988.6     24.08     94.7      85   108    37.86    -36.09     11.43     7    -2.1      85     0   0   0   0      22.212   -89.778
0481  240.00   989.3     24.13     94.6      79   107    37.67    -35.96     11.25     8    -2.2      79     0   0   0   0      22.212   -89.779
0482  240.50   989.9     24.18     94.5      73   107    37.48    -35.81     11.07     8    -2.3      73     0   0   0   0      22.212   -89.779
0483  241.00   990.6     24.23     94.5      67  -999  -999.00   -999.00   -999.00  -999    -2.4      67     0   0   0   0    -999.000  -999.000
0484  241.50   991.3     24.29     94.5      61   107    36.82    -35.17     10.88     8    -2.4      61     0   0   0   0      22.212   -89.779
0485  242.00   992.0     24.35   -999.0      55   107    36.38    -34.70     10.93     8    -2.4      55     0   0   0   0      22.212   -89.779
0486  242.50   992.7     24.41   -999.0      48   108    35.93    -34.20     11.02     8    -2.4      48     0   0   0   0      22.212   -89.779
0487  243.00   993.4     24.48     94.7      42   108    35.45    -33.68     11.06     8    -2.4      42     0   0   0   0      22.212   -89.779
0488  243.50   994.1     24.54     94.8      36   108    34.91    -33.12     11.02     7    -2.3      36     0   0   0   0      22.212   -89.780
0489  244.00   994.8     24.61     94.8      30   109    34.35    -32.56     10.96     7    -2.3      30     0   0   0   0      22.212   -89.780
0490  244.50   995.5     24.68     94.8      24  -999  -999.00   -999.00   -999.00     4    -2.2      24     0   0   0   0    -999.000  -999.000
0491  245.00   996.2     24.76     94.8      18  -999  -999.00   -999.00   -999.00     4    -2.2      18     0   0   0   0    -999.000  -999.000
0492  245.50   996.8     24.82     94.8      12  -999  -999.00   -999.00   -999.00     0    -2.1      12     0   0   0   0    -999.000  -999.000
0493  246.00   997.5     24.89   -999.0       7  -999  -999.00   -999.00   -999.00     0    -2.1       7     0   0   0   0    -999.000  -999.000
0494  246.54   998.2     24.89     94.8       0  -999  -999.00   -999.00   -999.00  -999  -999.0       0     0   0   0   0    -999.000  -999.000
