 ===========================================================================
 DROPWINDSONDE PROCESSING RECORD                            Sonde: 003825230
 FRD file written by Aspen V3.4.8, 06 Jul 2023 14:47 UTC
 Aircraft: WP-3D, N42rf                      Date: 020919   Time: 214423 UTC
 ---------------------------------------------------------------------------
 Bias corrections:  PR =   0.0 mb  TE =   0.0 C  RH =   0.0 %  PRB =  0.0 mb
 Filters (LPF):     PTH = 
 Dyn RH correction = 
 Estimated PR used = 
 Dyn T correction  = 
 ---------------------------------------------------------------------------
 COMMENT: none, Good Drop
 ===========================================================================

 ===========================================================================
 Date: 020919   Lat:  20.08 N   TA:   16.2 C   PS:  783.1 mb   WD:   259 deg
 Time: 214423   Lon:  82.02 W   TD:   14.5 C   GA:   2112 m    WS:  21.4 m/s
 SID:  003825230                RH:   89.7 %   Navaid:   GP
 ===========================================================================

IX      t (s)  P (mb)    T (C)    RH (%)  Z (m)   WD    WS (m/s)   U (m/s)   V (m/s)  NS  WZ (m/s)  ZW (m)   FP  FT  FH  FW    LAT (N)   LON (E)
0001    0.30  -999.0   -999.00   -999.0    -999  -999  -999.00   -999.00   -999.00  -999  -999.0    -999     0   0   0   0    -999.000  -999.000
0002    0.80  -999.0   -999.00   -999.0    -999  -999  -999.00   -999.00   -999.00  -999  -999.0    -999     0   0   0   0    -999.000  -999.000
0003    1.30  -999.0   -999.00   -999.0    -999  -999  -999.00   -999.00   -999.00  -999  -999.0    -999     0   0   0   0    -999.000  -999.000
0004    1.80  -999.0   -999.00   -999.0    -999  -999  -999.00   -999.00   -999.00  -999  -999.0    -999     0   0   0   0    -999.000  -999.000
0005    2.30  -999.0   -999.00   -999.0    -999  -999  -999.00   -999.00   -999.00  -999  -999.0    -999     0   0   0   0    -999.000  -999.000
0006    2.80  -999.0   -999.00   -999.0    -999  -999  -999.00   -999.00   -999.00  -999  -999.0    -999     0   0   0   0    -999.000  -999.000
0007    3.30  -999.0   -999.00   -999.0    -999  -999  -999.00   -999.00   -999.00  -999  -999.0    -999     0   0   0   0    -999.000  -999.000
0008    3.80  -999.0   -999.00   -999.0    -999  -999  -999.00   -999.00   -999.00     0  -999.0    -999     0   0   0   0    -999.000  -999.000
0009    4.30  -999.0   -999.00   -999.0    -999  -999  -999.00   -999.00   -999.00     0  -999.0    -999     0   0   0   0    -999.000  -999.000
0010    4.80  -999.0   -999.00   -999.0    -999  -999  -999.00   -999.00   -999.00     0  -999.0    -999     0   0   0   0    -999.000  -999.000
0011    5.30  -999.0   -999.00   -999.0    -999  -999  -999.00   -999.00   -999.00     0  -999.0    -999     0   0   0   0    -999.000  -999.000
0012    5.80  -999.0   -999.00   -999.0    -999  -999  -999.00   -999.00   -999.00     0  -999.0    -999     0   0   0   0    -999.000  -999.000
0013    6.30  -999.0   -999.00   -999.0    -999  -999  -999.00   -999.00   -999.00     0  -999.0    -999     0   0   0   0    -999.000  -999.000
0014    6.80  -999.0   -999.00   -999.0    -999  -999  -999.00   -999.00   -999.00     4  -999.0    -999     0   0   0   0    -999.000  -999.000
0015    7.30  -999.0   -999.00   -999.0    -999  -999  -999.00   -999.00   -999.00     4  -999.0    -999     0   0   0   0    -999.000  -999.000
0016    7.80  -999.0   -999.00   -999.0    -999  -999  -999.00   -999.00   -999.00     4  -999.0    -999     0   0   0   0    -999.000  -999.000
0017    8.30  -999.0   -999.00   -999.0    -999  -999  -999.00   -999.00   -999.00     4  -999.0    -999     0   0   0   0    -999.000  -999.000
0018    8.80  -999.0   -999.00   -999.0    -999  -999  -999.00   -999.00   -999.00     4  -999.0    -999     0   0   0   0    -999.000  -999.000
0019    9.30  -999.0   -999.00   -999.0    -999  -999  -999.00   -999.00   -999.00     4  -999.0    -999     0   0   0   0    -999.000  -999.000
0020    9.80  -999.0   -999.00   -999.0    -999  -999  -999.00   -999.00   -999.00     4  -999.0    -999     0   0   0   0    -999.000  -999.000
0021   10.30  -999.0   -999.00   -999.0    -999  -999  -999.00   -999.00   -999.00     4  -999.0    -999     0   0   0   0    -999.000  -999.000
0022   10.80  -999.0   -999.00   -999.0    -999  -999  -999.00   -999.00   -999.00     4  -999.0    -999     0   0   0   0    -999.000  -999.000
0023   11.30  -999.0   -999.00   -999.0    -999  -999  -999.00   -999.00   -999.00     5  -999.0    -999     0   0   0   0    -999.000  -999.000
0024   11.80  -999.0   -999.00   -999.0    -999  -999  -999.00   -999.00   -999.00     5  -999.0    -999     0   0   0   0    -999.000  -999.000
0025   12.30   797.3     17.05   -999.0    1952  -999  -999.00   -999.00   -999.00     5    -1.9    1952     0   0   0   0    -999.000  -999.000
0026   12.80   797.9     17.05   -999.0    1946  -999  -999.00   -999.00   -999.00     5    -2.0    1946     0   0   0   0    -999.000  -999.000
0027   13.30   798.5     17.05   -999.0    1939  -999  -999.00   -999.00   -999.00     5    -2.1    1939     0   0   0   0    -999.000  -999.000
0028   13.80   799.1     17.05   -999.0    1932  -999  -999.00   -999.00   -999.00     5    -2.3    1932     0   0   0   0    -999.000  -999.000
0029   14.30   799.8     17.05   -999.0    1926  -999  -999.00   -999.00   -999.00     5    -2.4    1926     0   0   0   0    -999.000  -999.000
0030   14.80   800.4     17.06   -999.0    1919  -999  -999.00   -999.00   -999.00     5    -2.5    1919     0   0   0   0    -999.000  -999.000
0031   15.30   801.0     17.07   -999.0    1912  -999  -999.00   -999.00   -999.00     5    -2.5    1912     0   0   0   0    -999.000  -999.000
0032   15.80   801.6     17.08   -999.0    1906  -999  -999.00   -999.00   -999.00     5    -2.6    1906     0   0   0   0    -999.000  -999.000
0033   16.30   802.3     17.10   -999.0    1899  -999  -999.00   -999.00   -999.00     5    -2.7    1899     0   0   0   0    -999.000  -999.000
0034   16.80   802.9     17.12   -999.0    1892  -999  -999.00   -999.00   -999.00     5    -2.7    1892     0   0   0   0    -999.000  -999.000
0035   17.30   803.6     17.15   -999.0    1885  -999  -999.00   -999.00   -999.00     5    -2.7    1885     0   0   0   0    -999.000  -999.000
0036   17.80   804.2     17.17   -999.0    1878  -999  -999.00   -999.00   -999.00     5    -2.7    1878     0   0   0   0    -999.000  -999.000
0037   18.30   804.8     17.20   -999.0    1872  -999  -999.00   -999.00   -999.00     5    -2.7    1872     0   0   0   0    -999.000  -999.000
0038   18.80   805.5     17.23   -999.0    1865  -999  -999.00   -999.00   -999.00     5    -2.6    1865     0   0   0   0    -999.000  -999.000
0039   19.30   806.1     17.25   -999.0    1858  -999  -999.00   -999.00   -999.00     5    -2.6    1858     0   0   0   0    -999.000  -999.000
0040   19.80   806.7     17.27   -999.0    1851  -999  -999.00   -999.00   -999.00     5    -2.5    1851     0   0   0   0    -999.000  -999.000
0041   20.30   807.4     17.30   -999.0    1845  -999  -999.00   -999.00   -999.00     5    -2.5    1845     0   0   0   0    -999.000  -999.000
0042   20.80   808.0     17.32     80.1    1838  -999  -999.00   -999.00   -999.00     5    -2.4    1838     0   0   0   0    -999.000  -999.000
0043   21.30   808.6     17.34     80.2    1831  -999  -999.00   -999.00   -999.00     5    -2.4    1831     0   0   0   0    -999.000  -999.000
0044   21.80   809.2     17.37     80.3    1825  -999  -999.00   -999.00   -999.00     5    -2.4    1825     0   0   0   0    -999.000  -999.000
0045   22.30   809.9     17.39     80.4    1818  -999  -999.00   -999.00   -999.00     5    -2.4    1818     0   0   0   0    -999.000  -999.000
0046   22.80   810.5     17.42     80.6    1812  -999  -999.00   -999.00   -999.00     5    -2.4    1812     0   0   0   0    -999.000  -999.000
0047   23.30   811.1     17.45     80.7    1805  -999  -999.00   -999.00   -999.00     5    -2.4    1805     0   0   0   0    -999.000  -999.000
0048   23.80   811.7     17.48     80.8    1798  -999  -999.00   -999.00   -999.00     5    -2.5    1798     0   0   0   0    -999.000  -999.000
0049   24.30   812.4     17.51     80.9    1792  -999  -999.00   -999.00   -999.00     5    -2.5    1792     0   0   0   0    -999.000  -999.000
0050   24.80   813.0     17.54     80.9    1785  -999  -999.00   -999.00   -999.00     5    -2.6    1785     0   0   0   0    -999.000  -999.000
0051   25.30   813.6     17.58     80.9    1778  -999  -999.00   -999.00   -999.00     5    -2.7    1778     0   0   0   0    -999.000  -999.000
0052   25.80   814.3     17.62     80.9    1772  -999  -999.00   -999.00   -999.00     5    -2.7    1772     0   0   0   0    -999.000  -999.000
0053   26.30   814.9     17.66     80.8    1765  -999  -999.00   -999.00   -999.00     5    -2.8    1765     0   0   0   0    -999.000  -999.000
0054   26.80   815.6     17.70     80.6    1758  -999  -999.00   -999.00   -999.00     5    -2.8    1758     0   0   0   0    -999.000  -999.000
0055   27.30   816.2     17.75     80.5    1751  -999  -999.00   -999.00   -999.00     5    -2.9    1751     0   0   0   0    -999.000  -999.000
0056   27.80   816.9     17.79     80.3    1744  -999  -999.00   -999.00   -999.00     5    -2.9    1744     0   0   0   0    -999.000  -999.000
0057   28.30   817.5     17.84     80.0    1737  -999  -999.00   -999.00   -999.00     5    -2.9    1737     0   0   0   0    -999.000  -999.000
0058   28.80   818.2     17.89     79.8    1730   259    20.12     19.76      3.80     6    -2.8    1730     0   0   0   0      20.081   -82.017
0059   29.30   818.9     17.94     79.6    1724   259    20.16     19.79      3.86     6    -2.8    1724     0   0   0   0      20.080   -82.017
0060   29.80   819.5     17.99     79.5    1717   259    20.19     19.81      3.93     6    -2.7    1717     0   0   0   0      20.080   -82.017
0061   30.30   820.1     18.04     79.4    1710   259    20.22     19.82      3.99     6    -2.6    1710     0   0   0   0      20.080   -82.017
0062   30.80   820.8     18.09     79.4    1703   258    20.24     19.83      4.06     6    -2.6    1703     0   0   0   0      20.080   -82.017
0063   31.30   821.4     18.13     79.5    1697   258    20.26     19.83      4.12     6    -2.5    1697     0   0   0   0      20.080   -82.017
0064   31.80   822.0     18.18     79.7    1690   258    20.25     19.82      4.18     6    -2.5    1690     0   0   0   0      20.080   -82.017
0065   32.30   822.7     18.22     80.0    1684   258    20.24     19.79      4.23     6    -2.4    1684     0   0   0   0      20.081   -82.017
0066   32.80   823.3     18.26     80.3    1677   258    20.20     19.75      4.28     6    -2.4    1677     0   0   0   0      20.081   -82.017
0067   33.30   823.9     18.30     80.7    1670   258    20.16     19.69      4.32     6    -2.4    1670     0   0   0   0      20.081   -82.017
0068   33.80   824.6     18.34     81.2    1664   258    20.11     19.64      4.35     6    -2.4    1664     0   0   0   0      20.081   -82.017
0069   34.30   825.2     18.38     81.6    1657   257    20.06     19.58      4.37     6    -2.4    1657     0   0   0   0      20.081   -82.016
0070   34.80   825.8     18.42     82.0    1651   257    20.01     19.53      4.38     6    -2.4    1651     0   0   0   0      20.081   -82.016
0071   35.30   826.5     18.46     82.2    1644   257    19.97     19.48      4.40     6    -2.5    1644     0   0   0   0      20.081   -82.016
0072   35.80   827.1     18.50     82.4    1638   257    19.93     19.44      4.40     6    -2.5    1638     0   0   0   0      20.081   -82.016
0073   36.30   827.7     18.54     82.4    1631   257    19.90     19.41      4.40     6    -2.5    1631     0   0   0   0      20.081   -82.016
0074   36.80   828.4     18.59     82.3    1624   257    19.88     19.38      4.40     6    -2.6    1624     0   0   0   0      20.081   -82.016
0075   37.30   829.0     18.64     82.1    1618   257    19.86     19.36      4.39     6    -2.6    1618     0   0   0   0      20.081   -82.016
0076   37.80   829.6     18.69     81.7    1611   257    19.84     19.35      4.38     6    -2.6    1611     0   0   0   0      20.081   -82.016
0077   38.30   830.3     18.74     81.3    1604   257    19.83     19.34      4.36     6    -2.6    1604     0   0   0   0      20.081   -82.016
0078   38.80   830.9     18.80     80.7    1597   257    19.82     19.34      4.33     6    -2.6    1597     0   0   0   0      20.081   -82.016
0079   39.30   831.6     18.86     80.1    1591   258    19.81     19.34      4.29     6    -2.6    1591     0   0   0   0      20.081   -82.016
0080   39.80   832.2     18.92     79.4    1584   258    19.79     19.34      4.24     6    -2.5    1584     0   0   0   0      20.081   -82.015
0081   40.30   832.9     18.99     78.6    1577   258    19.77     19.33      4.18     6    -2.5    1577     0   0   0   0      20.081   -82.015
0082   40.80   833.5     19.05     77.9    1571   258    19.74     19.31      4.12     6    -2.4    1571     0   0   0   0      20.081   -82.015
0083   41.30   834.2     19.12     77.2    1564   258    19.70     19.28      4.05     6    -2.3    1564     0   0   0   0      20.081   -82.015
0084   41.80   834.8     19.18     76.6    1558   258    19.65     19.24      3.98     6    -2.2    1558     0   0   0   0      20.081   -82.015
0085   42.30   835.4     19.25     76.0    1551  -999  -999.00   -999.00   -999.00  -999    -2.2    1551     0   0   0   0    -999.000  -999.000
0086   42.80   836.0     19.31     75.4    1545   259    19.53     19.15      3.86     6    -2.1    1545     0   0   0   0      20.081   -82.015
0087   43.30   836.6     19.37     75.0    1539   259    19.48     19.10      3.81     6    -2.1    1539     0   0   0   0      20.081   -82.015
0088   43.80   837.3     19.43     74.6    1532   259    19.43     19.06      3.76     6    -2.0    1532     0   0   0   0      20.081   -82.015
0089   44.30   837.9     19.48     74.2    1526   259    19.39     19.03      3.73     6    -2.0    1526     0   0   0   0      20.081   -82.015
0090   44.80   838.5     19.53     73.9    1520   259    19.37     19.01      3.70     6    -2.0    1520     0   0   0   0      20.081   -82.015
0091   45.30   839.1     19.57     73.7    1513   259    19.35     19.00      3.69     6    -2.0    1513     0   0   0   0      20.081   -82.014
0092   45.80   839.7     19.61     73.4    1507   259    19.35     19.00      3.69     6    -2.1    1507     0   0   0   0      20.081   -82.014
0093   46.30   840.3     19.64     73.2    1501   259    19.36     19.00      3.71     6    -2.1    1501     0   0   0   0      20.081   -82.014
0094   46.80   841.0     19.67     73.1    1494   259    19.38     19.01      3.73     6    -2.1    1494     0   0   0   0      20.081   -82.014
0095   47.30  -999.0   -999.00   -999.0    -999   259    19.41     19.04      3.77     6  -999.0    -999     0   0   0   0      20.081   -82.014
0096   47.80   842.2     19.71     73.0    1481   259    19.44     19.07      3.81     6    -2.2    1481     0   0   0   0      20.081   -82.014
0097   48.30   842.9     19.72     73.1    1475   259    19.49     19.10      3.87     6    -2.2    1475     0   0   0   0      20.081   -82.014
0098   48.80   843.5     19.73     73.2    1468   258    19.54     19.14      3.94     6    -2.3    1468     0   0   0   0      20.081   -82.014
0099   49.30   844.1     19.74     73.4    1462   258    19.59     19.18      4.01     6    -2.3    1462     0   0   0   0      20.081   -82.014
0100   49.80   844.8     19.75     73.8    1455  -999  -999.00   -999.00   -999.00  -999    -2.3    1455     0   0   0   0    -999.000  -999.000
0101   50.30   845.4     19.75     74.2    1449  -999  -999.00   -999.00   -999.00  -999    -2.3    1449     0   0   0   0    -999.000  -999.000
0102   50.80   846.0     19.75     74.7    1442   258    19.73     19.28      4.19     6    -2.3    1442     0   0   0   0      20.081   -82.013
0103   51.30   846.7     19.75     75.3    1436   258    19.77     19.31      4.24     6    -2.3    1436     0   0   0   0      20.081   -82.013
0104   51.80   847.3     19.75     75.9    1429   258    19.79     19.32      4.26     6    -2.3    1429     0   0   0   0      20.081   -82.013
0105   52.30   847.9     19.75     76.4    1423   258    19.80     19.33      4.28     6    -2.4    1423     0   0   0   0      20.081   -82.013
0106   52.80   848.6     19.75     76.9    1416   258    19.79     19.32      4.28     6    -2.4    1416     0   0   0   0      20.081   -82.013
0107   53.30   849.2     19.75     77.1    1410   258    19.77     19.30      4.28     6    -2.4    1410     0   0   0   0      20.081   -82.013
0108   53.80   849.8     19.76     77.1    1403   258    19.74     19.27      4.26     6    -2.4    1403     0   0   0   0      20.081   -82.013
0109   54.30   850.5     19.77     77.0    1397   258    19.69     19.23      4.24     6    -2.4    1397     0   0   0   0      20.081   -82.013
0110   54.80   851.1     19.78     76.6    1390   258    19.64     19.18      4.22     6    -2.5    1390     0   0   0   0      20.081   -82.013
0111   55.30   851.8     19.79     76.1    1384   258    19.58     19.13      4.19     6    -2.5    1384     0   0   0   0      20.081   -82.013
0112   55.80   852.4     19.81     75.6    1377   258    19.52     19.08      4.16     6    -2.5    1377     0   0   0   0      20.081   -82.013
0113   56.30   853.1     19.83     75.0    1371   258    19.47     19.02      4.14     6    -2.5    1371     0   0   0   0      20.081   -82.012
0114   56.80   853.7     19.85     74.5    1364   258    19.42     18.98      4.11     6    -2.5    1364     0   0   0   0      20.081   -82.012
0115   57.30   854.4     19.87     74.1    1358   258    19.37     18.93      4.09     6    -2.4    1358     0   0   0   0      20.081   -82.012
0116   57.80   855.0     19.89     73.8    1351   258    19.33     18.89      4.08     6    -2.4    1351     0   0   0   0      20.082   -82.012
0117   58.30   855.7     19.92     73.6    1345   258    19.29     18.86      4.07     6    -2.4    1345     0   0   0   0      20.082   -82.012
0118   58.80   856.3     19.94     73.5    1338   258    19.27     18.84      4.06     6    -2.4    1338     0   0   0   0      20.082   -82.012
0119   59.30   856.9     19.97     73.5    1332   258    19.25     18.81      4.07     6    -2.3    1332     0   0   0   0      20.082   -82.012
0120   59.80   857.6     19.99     73.6    1325   258    19.23     18.79      4.07     6    -2.3    1325     0   0   0   0      20.082   -82.012
0121   60.30   858.2     20.02     73.9    1319   258    19.22     18.78      4.09     6    -2.3    1319     0   0   0   0      20.082   -82.012
0122   60.80   858.8     20.04     74.4    1312   258    19.21     18.76      4.12     6    -2.3    1312     0   0   0   0      20.082   -82.012
0123   61.30   859.5     20.07     74.9    1306   258    19.21     18.75      4.15     6    -2.3    1306     0   0   0   0      20.082   -82.012
0124   61.80   860.1     20.09     75.5    1299   257    19.21     18.75      4.19     6    -2.3    1299     0   0   0   0      20.082   -82.011
0125   62.30   860.8     20.12     76.1    1293   257    19.22     18.75      4.24     6    -2.4    1293     0   0   0   0      20.082   -82.011
0126   62.80   861.4     20.15     76.7    1287   257    19.23     18.75      4.30     6    -2.4    1287     0   0   0   0      20.082   -82.011
0127   63.30   862.1     20.17     77.3    1280   257    19.25     18.75      4.36     6    -2.4    1280     0   0   0   0      20.082   -82.011
0128   63.80   862.7     20.20     77.8    1274   257    19.26     18.74      4.42     6    -2.5    1274     0   0   0   0      20.082   -82.011
0129   64.30   863.3     20.23     78.3    1267   257    19.26     18.74      4.48     6    -2.5    1267     0   0   0   0      20.082   -82.011
0130   64.80   864.0     20.26     78.7    1260  -999  -999.00   -999.00   -999.00  -999    -2.5    1260     0   0   0   0    -999.000  -999.000
0131   65.30   864.7     20.29     79.0    1254   256    19.27     18.72      4.56     6    -2.5    1254     0   0   0   0      20.082   -82.011
0132   65.80   865.3     20.31     79.2    1247   256    19.26     18.70      4.58     6    -2.5    1247     0   0   0   0      20.082   -82.011
0133   66.30   866.0     20.34     79.2    1241   256    19.24     18.69      4.59     6    -2.5    1241     0   0   0   0      20.082   -82.011
0134   66.80   866.6     20.37     79.1    1234   256    19.22     18.67      4.57     6    -2.4    1234     0   0   0   0      20.082   -82.011
0135   67.30   867.3     20.40     78.9    1228   256    19.19     18.65      4.55     6    -2.4    1228     0   0   0   0      20.082   -82.010
0136   67.80   867.9     20.43     78.6    1221   256    19.16     18.63      4.50     6    -2.4    1221     0   0   0   0      20.082   -82.010
0137   68.30   868.6     20.46     78.3    1215   257    19.13     18.61      4.45     6    -2.3    1215     0   0   0   0      20.082   -82.010
0138   68.80   869.2     20.50     77.9    1209   257    19.10     18.59      4.39     6    -2.3    1209     0   0   0   0      20.082   -82.010
0139   69.30   869.8     20.53     77.4    1202   257    19.07     18.57      4.33     6    -2.3    1202     0   0   0   0      20.082   -82.010
0140   69.80   870.5     20.57     77.0    1196   257    19.03     18.55      4.27     6    -2.2    1196     0   0   0   0      20.082   -82.010
0141   70.30   871.1     20.61     76.7    1189   257    18.99     18.52      4.21     6    -2.2    1189     0   0   0   0      20.082   -82.010
0142   70.80   871.7     20.65     76.3    1183   257    18.95     18.48      4.17     6    -2.2    1183     0   0   0   0      20.082   -82.010
0143   71.30   872.4     20.69     76.1    1177   257    18.90     18.44      4.13     6    -2.2    1177     0   0   0   0      20.082   -82.010
0144   71.80   873.0     20.73     75.9    1170   257    18.84     18.39      4.10     6    -2.2    1170     0   0   0   0      20.082   -82.010
0145   72.30   873.7     20.76     75.9    1164   257    18.78     18.33      4.07     6    -2.2    1164     0   0   0   0      20.082   -82.010
0146   72.80   874.3     20.80     76.1    1158   257    18.72     18.28      4.06     6    -2.2    1158     0   0   0   0      20.082   -82.009
0147   73.30   875.0     20.83     76.4    1151   257    18.67     18.23      4.05     6    -2.2    1151     0   0   0   0      20.082   -82.009
0148   73.80   875.6     20.86     76.9    1145   257    18.63     18.19      4.05     6    -2.2    1145     0   0   0   0      20.082   -82.009
0149   74.30   876.2     20.88     77.5    1138   257    18.61     18.16      4.06     6    -2.2    1138     0   0   0   0      20.082   -82.009
0150   74.80   876.9     20.91     78.2    1132   257    18.59     18.14      4.07     6    -2.2    1132     0   0   0   0      20.082   -82.009
0151   75.30   877.5     20.93     78.8    1126   257    18.59     18.13      4.09     6    -2.2    1126     0   0   0   0      20.082   -82.009
0152   75.80   878.2     20.95     79.4    1119   257    18.59     18.13      4.12     6    -2.2    1119     0   0   0   0      20.082   -82.009
0153   76.30   878.8     20.97     79.9    1113   257    18.60     18.13      4.15     6    -2.2    1113     0   0   0   0      20.082   -82.009
0154   76.80   879.5     20.99     80.4    1107   257    18.60     18.13      4.17     6    -2.2    1107     0   0   0   0      20.082   -82.009
0155   77.30   880.1     21.01     80.8    1100   257    18.60     18.12      4.19     6    -2.3    1100     0   0   0   0      20.082   -82.009
0156   77.80   880.7     21.03     81.2    1094   257    18.60     18.11      4.21     6    -2.3    1094     0   0   0   0      20.082   -82.009
0157   78.30   881.4     21.05     81.5    1088   257    18.59     18.10      4.21     6    -2.3    1088     0   0   0   0      20.082   -82.009
0158   78.80   882.0     21.07     81.7    1081   257    18.57     18.09      4.19     6    -2.3    1081     0   0   0   0      20.082   -82.008
0159   79.30   882.7     21.09     81.9    1075   257    18.56     18.09      4.16     6    -2.3    1075     0   0   0   0      20.082   -82.008
0160   79.80   883.3     21.11     82.1    1068   257    18.55     18.09      4.11     6    -2.3    1068     0   0   0   0      20.082   -82.008
0161   80.30   884.0     21.14     82.2    1062   257    18.54     18.10      4.05     6    -2.3    1062     0   0   0   0      20.082   -82.008
0162   80.80   884.6     21.16     82.2    1056   258    18.54     18.11      3.97     6    -2.2    1056     0   0   0   0      20.082   -82.008
0163   81.30   885.3     21.18     82.2    1049   258    18.55     18.14      3.87     6    -2.2    1049     0   0   0   0      20.082   -82.008
0164   81.80   885.9     21.21     82.2    1043   258    18.56     18.17      3.77     6    -2.2    1043     0   0   0   0      20.082   -82.008
0165   82.30   886.6     21.23     82.2    1037   259    18.57     18.21      3.67     6    -2.1    1037     0   0   0   0      20.082   -82.008
0166   82.80   887.2     21.26     82.2    1031   259    18.59     18.24      3.57     6    -2.1    1031     0   0   0   0      20.082   -82.008
0167   83.30   887.8     21.28     82.2    1024   259    18.61     18.28      3.48     6    -2.0    1024     0   0   0   0      20.082   -82.008
0168   83.80   888.5     21.31     82.3    1018   259    18.62     18.31      3.40     6    -2.0    1018     0   0   0   0      20.082   -82.008
0169   84.30   889.1     21.34     82.3    1012   260    18.63     18.33      3.33     6    -2.0    1012     0   0   0   0      20.083   -82.007
0170   84.80   889.7     21.37     82.4    1006   260    18.64     18.35      3.29     6    -1.9    1006     0   0   0   0      20.083   -82.007
0171   85.30  -999.0   -999.00   -999.0    -999   260    18.65     18.36      3.25     6  -999.0    -999     0   0   0   0      20.083   -82.007
0172   85.80   891.0     21.43     82.7     993   260    18.65     18.36      3.24     6    -1.9     993     0   0   0   0      20.083   -82.007
0173   86.30   891.6     21.46     82.8     987   260    18.64     18.36      3.23     6    -1.9     987     0   0   0   0      20.083   -82.007
0174   86.80   892.3     21.49     82.9     981   260    18.62     18.34      3.24     6    -1.8     981     0   0   0   0      20.083   -82.007
0175   87.30   892.9     21.51     83.0     975   260    18.60     18.31      3.24     6    -1.8     975     0   0   0   0      20.083   -82.007
0176   87.80   893.5     21.54     83.1     969   260    18.57     18.28      3.25     6    -1.8     969     0   0   0   0      20.083   -82.007
0177   88.30   894.1     21.56     83.1     963   260    18.52     18.24      3.25     6    -1.9     963     0   0   0   0      20.083   -82.007
0178   88.80   894.8     21.58     83.0     957   260    18.48     18.19      3.25     6    -1.9     957     0   0   0   0      20.083   -82.007
0179   89.30   895.4     21.60     82.9     951   260    18.43     18.15      3.22     6    -1.9     951     0   0   0   0      20.083   -82.007
0180   89.80   896.0     21.62     82.6     944   260    18.39     18.11      3.19     6    -2.0     944     0   0   0   0      20.083   -82.007
0181   90.30   896.7     21.64     82.2     938   260    18.35     18.08      3.14     6    -2.0     938     0   0   0   0      20.083   -82.006
0182   90.80   897.3     21.67     81.7     932  -999  -999.00   -999.00   -999.00  -999    -2.1     932     0   0   0   0    -999.000  -999.000
0183   91.30   897.9     21.69     81.2     926   261    18.29     18.04      3.00     6    -2.1     926     0   0   0   0      20.083   -82.006
0184   91.80   898.6     21.72     80.6     919   261    18.26     18.03      2.91     6    -2.1     919     0   0   0   0      20.083   -82.006
0185   92.30   899.2     21.74     80.1     913   261    18.23     18.01      2.81     6    -2.1     913     0   0   0   0      20.083   -82.006
0186   92.80   899.9     21.77     79.6     907   261    18.20     17.99      2.72     6    -2.1     907     0   0   0   0      20.083   -82.006
0187   93.30   900.5     21.80     79.3     901   262    18.17     17.98      2.65     6    -2.1     901     0   0   0   0      20.083   -82.006
0188   93.80   901.2     21.84     79.0     894   262    18.15     17.96      2.59     6    -2.1     894     0   0   0   0      20.083   -82.006
0189   94.30   901.8     21.87     78.9     888   262    18.13     17.95      2.56     6    -2.1     888     0   0   0   0      20.083   -82.006
0190   94.80   902.5     21.90     78.9     882   262    18.13     17.94      2.56     6    -2.1     882     0   0   0   0      20.083   -82.006
0191   95.30   903.1     21.93     78.9     876   262    18.12     17.94      2.58     6    -2.0     876     0   0   0   0      20.083   -82.006
0192   95.80   903.8     21.96     79.0     870   262    18.12     17.93      2.62     6    -2.0     870     0   0   0   0      20.083   -82.005
0193   96.30   904.4     22.00     79.1     863   262    18.13     17.93      2.67     6    -2.0     863     0   0   0   0      20.083   -82.005
0194   96.80   905.0     22.03     79.3     857   261    18.13     17.93      2.72     6    -2.0     857     0   0   0   0      20.083   -82.005
0195   97.30   905.7     22.06     79.4     851   261    18.14     17.93      2.76     6    -2.0     851     0   0   0   0      20.083   -82.005
0196   97.80   906.3     22.09     79.4     845   261    18.16     17.94      2.79     6    -2.0     845     0   0   0   0      20.083   -82.005
0197   98.30   907.0     22.11     79.5     839   261    18.18     17.96      2.81     6    -2.0     839     0   0   0   0      20.083   -82.005
0198   98.80   907.6     22.14     79.5     833   261    18.21     17.99      2.80     6    -2.0     833     0   0   0   0      20.083   -82.005
0199   99.30   908.2     22.17     79.5     826   261    18.25     18.04      2.76     6    -2.0     826     0   0   0   0      20.083   -82.005
0200   99.80   908.9     22.20     79.5     820   261    18.30     18.10      2.71     6    -2.1     820     0   0   0   0      20.083   -82.005
0201  100.30   909.5     22.23     79.6     814   262    18.36     18.17      2.65     6    -2.1     814     0   0   0   0      20.083   -82.005
0202  100.80   910.2     22.26     79.7     808   262    18.42     18.24      2.58     6    -2.1     808     0   0   0   0      20.083   -82.005
0203  101.30   910.8     22.28     79.8     802   262    18.49     18.32      2.51     6    -2.1     802     0   0   0   0      20.083   -82.005
0204  101.80   911.5     22.31     79.9     795   262    18.54     18.38      2.44     6    -2.1     795     0   0   0   0      20.083   -82.004
0205  102.30   912.1     22.33     80.0     789   263    18.60     18.44      2.39     6    -2.1     789     0   0   0   0      20.083   -82.004
0206  102.80   912.8     22.36     80.1     783  -999  -999.00   -999.00   -999.00  -999    -2.0     783     0   0   0   0    -999.000  -999.000
0207  103.30   913.4     22.38     80.2     777   263    18.67     18.53      2.33     6    -2.0     777     0   0   0   0      20.083   -82.004
0208  103.80   914.1     22.40     80.3     771   263    18.70     18.55      2.32     6    -2.0     771     0   0   0   0      20.083   -82.004
0209  104.30   914.7     22.42     80.4     765   263    18.71     18.57      2.33     6    -2.0     765     0   0   0   0      20.083   -82.004
0210  104.80   915.3     22.44     80.5     758   263    18.72     18.57      2.35     6    -1.9     758     0   0   0   0      20.083   -82.004
0211  105.30   916.0     22.47     80.7     752   263    18.73     18.57      2.38     6    -1.9     752     0   0   0   0      20.083   -82.004
0212  105.80   916.6     22.49     80.8     746   263    18.72     18.57      2.42     6    -1.9     746     0   0   0   0      20.083   -82.004
0213  106.30   917.3     22.51     80.9     740   262    18.72     18.56      2.46     6    -1.9     740     0   0   0   0      20.083   -82.004
0214  106.80   917.9     22.54     81.0     734   262    18.72     18.55      2.51     6    -1.9     734     0   0   0   0      20.083   -82.004
0215  107.30   918.5     22.56     81.0     728  -999  -999.00   -999.00   -999.00  -999    -1.9     728     0   0   0   0    -999.000  -999.000
0216  107.80   919.2     22.59     81.0     722   262    18.74     18.56      2.59     6    -1.9     722     0   0   0   0      20.083   -82.003
0217  108.30   919.8     22.63     81.0     716   262    18.75     18.57      2.63     6    -1.9     716     0   0   0   0      20.083   -82.003
0218  108.80   920.4     22.66     80.9     710   262    18.77     18.58      2.67     6    -1.9     710     0   0   0   0      20.083   -82.003
0219  109.30   921.1     22.70     80.7     704   262    18.80     18.60      2.71     6    -1.9     704     0   0   0   0      20.083   -82.003
0220  109.80   921.7     22.74     80.6     698   262    18.82     18.62      2.74     7    -1.9     698     0   0   0   0      20.083   -82.003
0221  110.30   922.4     22.78     80.5     692   262    18.85     18.64      2.76     7    -2.0     692     0   0   0   0      20.083   -82.003
0222  110.80   923.0     22.82     80.3     685   262    18.87     18.66      2.78     7    -2.0     685     0   0   0   0      20.083   -82.003
0223  111.30   923.7     22.85     80.3     679   262    18.88     18.67      2.79     7    -2.0     679     0   0   0   0      20.083   -82.003
0224  111.80   924.3     22.89     80.2     673   262    18.89     18.68      2.78     7    -2.1     673     0   0   0   0      20.083   -82.003
0225  112.30   925.0     22.93     80.2     667   262    18.88     18.68      2.77     7    -2.1     667     0   0   0   0      20.083   -82.003
0226  112.80   925.6     22.96     80.3     661   262    18.88     18.67      2.75     7    -2.1     661     0   0   0   0      20.083   -82.002
0227  113.30   926.3     22.98     80.5     655   262    18.87     18.67      2.71     7    -2.1     655     0   0   0   0      20.083   -82.002
0228  113.80   926.9     23.01     80.9     648   262    18.86     18.67      2.67     7    -2.1     648     0   0   0   0      20.083   -82.002
0229  114.30   927.6     23.02     81.3     642   262    18.86     18.67      2.62     7    -2.1     642     0   0   0   0      20.083   -82.002
0230  114.80   928.2     23.04     81.8     636   262    18.86     18.69      2.56     7    -2.0     636     0   0   0   0      20.083   -82.002
0231  115.30   928.9     23.04     82.3     630   262    18.87     18.70      2.49     7    -2.0     630     0   0   0   0      20.083   -82.002
0232  115.80   929.5     23.05     82.9     624   263    18.88     18.72      2.42     7    -2.0     624     0   0   0   0      20.083   -82.002
0233  116.30   930.2     23.05     83.4     618   263    18.89     18.74      2.35     7    -1.9     618     0   0   0   0      20.083   -82.002
0234  116.80   930.8     23.05     83.9     612   263    18.89     18.75      2.29     7    -1.9     612     0   0   0   0      20.083   -82.002
0235  117.30   931.5     23.05     84.3     606   263    18.89     18.76      2.23     7    -1.9     606     0   0   0   0      20.083   -82.002
0236  117.80   932.1     23.06     84.6     600   263    18.88     18.76      2.19     7    -1.9     600     0   0   0   0      20.083   -82.002
0237  118.30   932.7     23.07     84.8     594   263    18.87     18.75      2.16     7    -1.8     594     0   0   0   0      20.083   -82.001
0238  118.80   933.4     23.08     85.0     588   263    18.86     18.74      2.15     7    -1.8     588     0   0   0   0      20.083   -82.001
0239  119.30   934.0     23.10     85.0     582   263    18.86     18.74      2.14     7    -1.8     582     0   0   0   0      20.083   -82.001
0240  119.80   934.7     23.13     85.0     576   263    18.87     18.75      2.14     7    -1.8     576     0   0   0   0      20.083   -82.001
0241  120.30   935.3     23.16     85.0     570   263    18.90     18.78      2.15     7    -1.8     570     0   0   0   0      20.083   -82.001
0242  120.80   935.9     23.19     84.9     564   263    18.95     18.83      2.17     7    -1.8     564     0   0   0   0      20.083   -82.001
0243  121.30   936.6     23.23     84.9     558   263    19.01     18.89      2.19     7    -1.9     558     0   0   0   0      20.083   -82.001
0244  121.80   937.2     23.27     84.8     552   263    19.08     18.95      2.22     7    -1.9     552     0   0   0   0      20.083   -82.001
0245  122.30   937.9     23.32     84.7     546   263    19.15     19.02      2.24     7    -1.9     546     0   0   0   0      20.083   -82.001
0246  122.80   938.5     23.37     84.6     539   263    19.22     19.09      2.26     7    -1.9     539     0   0   0   0      20.083   -82.001
0247  123.30   939.2     23.42     84.5     533   263    19.29     19.15      2.27     7    -2.0     533     0   0   0   0      20.083   -82.001
0248  123.80   939.8     23.47     84.4     527   263    19.34     19.21      2.29     7    -2.0     527     0   0   0   0      20.083   -82.001
0249  124.30   940.5     23.52     84.3     521   263    19.38     19.25      2.29     7    -2.0     521     0   0   0   0      20.083   -82.000
0250  124.80   941.1     23.57     84.2     515   263    19.41     19.27      2.29     7    -2.0     515     0   0   0   0      20.084   -82.000
0251  125.30   941.8     23.62     84.1     509   263    19.42     19.28      2.29     7    -2.1     509     0   0   0   0      20.084   -82.000
0252  125.80   942.5     23.67     84.1     503   263    19.42     19.28      2.29     7    -2.1     503     0   0   0   0      20.084   -82.000
0253  126.30   943.1     23.72     84.0     497   263    19.41     19.28      2.29     7    -2.1     497     0   0   0   0      20.084   -82.000
0254  126.80   943.8     23.77     83.9     491   263    19.40     19.26      2.30     7    -2.2     491     0   0   0   0      20.084   -82.000
0255  127.30   944.4     23.81     83.8     485   263    19.39     19.25      2.32     7    -2.2     485     0   0   0   0      20.084   -82.000
0256  127.80   945.1     23.86     83.7     478   263    19.38     19.23      2.36     7    -2.2     478     0   0   0   0      20.084   -82.000
0257  128.30   945.8     23.90     83.5     472   263    19.36     19.21      2.42     7    -2.2     472     0   0   0   0      20.084   -82.000
0258  128.80   946.4     23.95     83.4     466   263    19.34     19.18      2.48     7    -2.3     466     0   0   0   0      20.084   -82.000
0259  129.30   947.1     23.99     83.4     460   262    19.31     19.14      2.56     7    -2.3     460     0   0   0   0      20.084   -81.999
0260  129.80   947.8     24.03     83.3     453   262    19.27     19.09      2.65     7    -2.2     453     0   0   0   0      20.084   -81.999
0261  130.30   948.4     24.06     83.3     447   262    19.23     19.04      2.74     7    -2.2     447     0   0   0   0      20.084   -81.999
0262  130.80   949.1     24.09     83.3     441   262    19.18     18.98      2.82     7    -2.2     441     0   0   0   0      20.084   -81.999
0263  131.30   949.8     24.12     83.3     435   261    19.13     18.91      2.90     7    -2.2     435     0   0   0   0      20.084   -81.999
0264  131.80   950.4     24.15     83.4     429   261    19.07     18.84      2.96     7    -2.1     429     0   0   0   0      20.084   -81.999
0265  132.30   951.1     24.18     83.5     423   261    19.01     18.77      3.01     7    -2.1     423     0   0   0   0      20.084   -81.999
0266  132.80   951.8     24.21     83.6     417   261    18.94     18.70      3.05     7    -2.1     417     0   0   0   0      20.084   -81.999
0267  133.30   952.4     24.24     83.7     411   261    18.88     18.63      3.06     7    -2.1     411     0   0   0   0      20.084   -81.999
0268  133.80   953.1     24.27     83.9     404   261    18.82     18.57      3.06     7    -2.0     404     0   0   0   0      20.084   -81.999
0269  134.30   953.7     24.30     84.1     398   261    18.77     18.52      3.05     7    -2.0     398     0   0   0   0      20.084   -81.999
0270  134.80   954.4     24.33     84.2     392   261    18.74     18.49      3.03     7    -2.0     392     0   0   0   0      20.084   -81.999
0271  135.30   955.1     24.36     84.2     386   261    18.72     18.48      3.01     7    -2.0     386     0   0   0   0      20.084   -81.998
0272  135.80   955.7     24.40     84.2     380   261    18.72     18.48      2.98     7    -2.0     380     0   0   0   0      20.084   -81.998
0273  136.30   956.4     24.44     84.2     374   261    18.74     18.50      2.96     7    -2.0     374     0   0   0   0      20.084   -81.998
0274  136.80   957.0     24.47     84.2     368   261    18.77     18.54      2.94     7    -2.1     368     0   0   0   0      20.084   -81.998
0275  137.30   957.7     24.51     84.1     362   261    18.81     18.59      2.92     7    -2.1     362     0   0   0   0      20.084   -81.998
0276  137.80   958.3     24.55     84.0     356   261    18.87     18.64      2.90     7    -2.1     356     0   0   0   0      20.084   -81.998
0277  138.30   959.0     24.59     83.9     350   261    18.93     18.71      2.89     7    -2.1     350     0   0   0   0      20.084   -81.998
0278  138.80   959.7     24.62     83.9     344   261    18.99     18.77      2.88     7    -2.2     344     0   0   0   0      20.084   -81.998
0279  139.30   960.4     24.66     83.8     337   261    19.04     18.83      2.87     7    -2.2     337     0   0   0   0      20.084   -81.998
0280  139.80   961.0     24.69     83.8     331   261    19.09     18.88      2.87     7    -2.2     331     0   0   0   0      20.084   -81.998
0281  140.30   961.7     24.72     83.8     325   261    19.14     18.92      2.87     7    -2.3     325     0   0   0   0      20.084   -81.998
0282  140.80   962.4     24.75     83.8     319   261    19.18     18.96      2.89     7    -2.3     319     0   0   0   0      20.084   -81.997
0283  141.30   963.0     24.78     83.8     313   261    19.21     18.99      2.93     7    -2.3     313     0   0   0   0      20.084   -81.997
0284  141.80   963.7     24.80     83.9     307   261    19.25     19.02      2.98     7    -2.3     307     0   0   0   0      20.084   -81.997
0285  142.30   964.4     24.82     83.9     300   261    19.28     19.03      3.05     7    -2.3     300     0   0   0   0      20.084   -81.997
0286  142.80   965.1     24.85     84.0     294   261    19.30     19.04      3.14     7    -2.2     294     0   0   0   0      20.084   -81.997
0287  143.30   965.7     24.87     84.1     288   260    19.32     19.04      3.25     7    -2.2     288     0   0   0   0      20.084   -81.997
0288  143.80   966.4     24.89     84.1     282   260    19.32     19.03      3.36     7    -2.2     282     0   0   0   0      20.084   -81.997
0289  144.30   967.1     24.91     84.2     276   260    19.33     19.01      3.48     7    -2.2     276     0   0   0   0      20.084   -81.997
0290  144.80   967.8     24.93     84.2     270   259    19.33     18.99      3.61     7    -2.1     270     0   0   0   0      20.084   -81.997
0291  145.30   968.4     24.96     84.3     264   259    19.33     18.96      3.74     7    -2.1     264     0   0   0   0      20.084   -81.997
0292  145.80   969.1     24.99     84.3     258  -999  -999.00   -999.00   -999.00  -999    -2.1     258     0   0   0   0    -999.000  -999.000
0293  146.30   969.8     25.01     84.3     252   258    19.33     18.91      3.97     7    -2.1     252     0   0   0   0      20.084   -81.996
0294  146.80   970.4     25.05     84.4     246   258    19.33     18.89      4.08     7    -2.1     246     0   0   0   0      20.084   -81.996
0295  147.30   971.1     25.08     84.4     239   258    19.33     18.87      4.17     7    -2.1     239     0   0   0   0      20.084   -81.996
0296  147.80   971.8     25.11     84.4     233   257    19.33     18.85      4.25     7    -2.1     233     0   0   0   0      20.084   -81.996
0297  148.30   972.4     25.15     84.4     227   257    19.32     18.83      4.32     7    -2.1     227     0   0   0   0      20.084   -81.996
0298  148.80   973.1     25.18     84.4     221   257    19.31     18.81      4.37     7    -2.1     221     0   0   0   0      20.084   -81.996
0299  149.30   973.8     25.22     84.4     215   257    19.30     18.78      4.42     7    -2.1     215     0   0   0   0      20.084   -81.996
0300  149.80   974.4     25.26     84.4     209   257    19.27     18.75      4.46     7    -2.2     209     0   0   0   0      20.084   -81.996
0301  150.30   975.1     25.30     84.4     203   256    19.23     18.69      4.50     7    -2.2     203     0   0   0   0      20.084   -81.996
0302  150.80   975.8     25.34     84.3     197   256    19.16     18.62      4.54     7    -2.3     197     0   0   0   0      20.084   -81.996
0303  151.30   976.5     25.38     84.2     191   256    19.08     18.52      4.59     7    -2.3     191     0   0   0   0      20.084   -81.996
0304  151.80   977.1     25.41     84.1     185   256    18.98     18.40      4.65     7    -2.4     185     0   0   0   0      20.084   -81.995
0305  152.30   977.8     25.45     84.0     178   255    18.85     18.24      4.74     7    -2.5     178     0   0   0   0      20.084   -81.995
0306  152.80   978.5     25.49     83.9     172   255    18.69     18.06      4.83     7    -2.6     172     0   0   0   0      20.084   -81.995
0307  153.30   979.2     25.54     83.8     166   254    18.51     17.84      4.95     7    -2.7     166     0   0   0   0      20.084   -81.995
0308  153.80   979.9     25.58     83.6     160   254    18.32     17.60      5.08     7    -2.8     160     0   0   0   0      20.084   -81.995
0309  154.30   980.6     25.63     83.5     153   253    18.10     17.33      5.22     7    -2.8     153     0   0   0   0      20.084   -81.995
0310  154.80   981.3     25.67     83.4     147   252    17.87     17.04      5.38     7    -2.9     147     0   0   0   0      20.084   -81.995
0311  155.30   982.1     25.71     83.3     140   252    17.64     16.75      5.55     7    -2.9     140     0   0   0   0      20.084   -81.995
0312  155.80   982.8     25.76     83.2     134   251    17.43     16.47      5.73     7    -2.9     134     0   0   0   0      20.084   -81.995
0313  156.30   983.5     25.80     83.2     127   250    17.25     16.21      5.92     7    -2.8     127     0   0   0   0      20.084   -81.995
0314  156.80   984.2     25.84     83.2     121   249    17.13     15.99      6.12     7    -2.8     121     0   0   0   0      20.084   -81.995
0315  157.30   984.9     25.88     83.2     114   248    17.05     15.84      6.33     7    -2.7     114     0   0   0   0      20.084   -81.994
0316  157.80   985.6     25.91     83.2     108   247    17.03     15.73      6.52     7    -2.6     108     0   0   0   0      20.085   -81.994
0317  158.30   986.3     25.95     83.2     102   247    17.07     15.70      6.70     7    -2.5     102     0   0   0   0      20.085   -81.994
0318  158.80   987.0     25.99     83.2      96   246    17.13     15.70      6.86     7    -2.4      96     0   0   0   0      20.085   -81.994
0319  159.30   987.7     26.04     83.2      90   246    17.20     15.71      6.99     7    -2.3      90     0   0   0   0      20.085   -81.994
0320  159.80   988.4     26.08     83.2      83   246    17.23     15.71      7.09     7    -2.1      83     0   0   0   0      20.085   -81.994
0321  160.30   989.1     26.13     83.2      77   245    17.22     15.66      7.16     7    -2.0      77     0   0   0   0      20.085   -81.994
0322  160.80   989.7     26.18     83.3      71   245    17.12     15.54      7.19     7    -1.9      71     0   0   0   0      20.085   -81.994
0323  161.30   990.4     26.23     83.3      66   245    16.95     15.36      7.18     7    -1.7      66     0   0   0   0      20.085   -81.994
0324  161.80   991.0     26.29     83.4      60   245    16.70     15.11      7.12     7    -1.6      60     0   0   0   0      20.085   -81.994
0325  162.30   991.7     26.34     83.4      54   245    16.38     14.80      7.02     7    -1.4      54     0   0   0   0      20.085   -81.994
0326  162.80   992.3     26.40     83.5      48   244    16.02     14.46      6.90     7    -1.3      48     0   0   0   0      20.085   -81.994
0327  163.30   992.9     26.47     83.5      43   244    15.61     14.08      6.73     7    -1.2      43     0   0   0   0      20.085   -81.994
0328  163.80   993.5     26.53     83.5      37   244    15.16     13.65      6.58     7    -1.0      37     0   0   0   0      20.085   -81.994
0329  164.30   994.1     26.59     83.5      32   244    14.70     13.19      6.49     7    -0.9      32     0   0   0   0      20.085   -81.993
0330  164.80   994.8     26.66     83.4      26   243    14.26     12.75      6.40     7    -0.8      26     0   0   0   0      20.085   -81.993
0331  165.30   995.4     26.72     83.3      21   243    13.87     12.41      6.20     7    -0.7      21     0   0   0   0      20.085   -81.993
0332  165.80   995.9     26.78     83.1      16   244    13.54     12.22      5.84     7    -0.7      16     0   0   0   0      20.085   -81.993
0333  166.30   996.5     26.85     82.9      11   246    13.25     12.13      5.34     7    -0.6      11     0   0   0   0      20.085   -81.993
0334  166.80   997.1     26.91   -999.0       6   248    12.99     12.07      4.81     7    -0.6       6     0   0   0   0      20.085   -81.993
0335  167.34   997.7     26.91     82.8       0  -999  -999.00   -999.00   -999.00  -999  -999.0       0     0   0   0   0    -999.000  -999.000
