 ===========================================================================
 DROPWINDSONDE PROCESSING RECORD                            Sonde: 013635234
 FRD file written by Aspen V3.4.8, 07 Jul 2023 21:44 UTC
 Aircraft: WP-3D, N42rf                      Date: 021002   Time: 174514 UTC
 ---------------------------------------------------------------------------
 Bias corrections:  PR =   0.0 mb  TE =   0.0 C  RH =   0.0 %  PRB =  0.0 mb
 Filters (LPF):     PTH = 
 Dyn RH correction = 
 Estimated PR used = 
 Dyn T correction  = 
 ---------------------------------------------------------------------------
 COMMENT: none, Good Drop
 ===========================================================================

 ===========================================================================
 Date: 021002   Lat:  25.42 N   TA:   16.6 C   PS:  739.5 mb   WD:   160 deg
 Time: 174514   Lon:  89.35 W   TD:   16.6 C   GA:   2179 m    WS:  53.5 m/s
 SID:  013635234                RH:  108.6 %   Navaid:   GP
 ===========================================================================

IX      t (s)  P (mb)    T (C)    RH (%)  Z (m)   WD    WS (m/s)   U (m/s)   V (m/s)  NS  WZ (m/s)  ZW (m)   FP  FT  FH  FW    LAT (N)   LON (E)
0001    0.20  -999.0   -999.00   -999.0    -999  -999  -999.00   -999.00   -999.00  -999  -999.0    -999     0   0   0   0    -999.000  -999.000
0002    0.70  -999.0   -999.00   -999.0    -999  -999  -999.00   -999.00   -999.00  -999  -999.0    -999     0   0   0   0    -999.000  -999.000
0003    1.20  -999.0   -999.00   -999.0    -999  -999  -999.00   -999.00   -999.00  -999  -999.0    -999     0   0   0   0    -999.000  -999.000
0004    1.70  -999.0   -999.00   -999.0    -999  -999  -999.00   -999.00   -999.00     0  -999.0    -999     0   0   0   0    -999.000  -999.000
0005    2.20  -999.0   -999.00   -999.0    -999  -999  -999.00   -999.00   -999.00     0  -999.0    -999     0   0   0   0    -999.000  -999.000
0006    2.70  -999.0   -999.00   -999.0    -999  -999  -999.00   -999.00   -999.00     0  -999.0    -999     0   0   0   0    -999.000  -999.000
0007    3.20  -999.0   -999.00   -999.0    -999  -999  -999.00   -999.00   -999.00  -999  -999.0    -999     0   0   0   0    -999.000  -999.000
0008    3.70  -999.0   -999.00   -999.0    -999  -999  -999.00   -999.00   -999.00     0  -999.0    -999     0   0   0   0    -999.000  -999.000
0009    4.20  -999.0   -999.00   -999.0    -999  -999  -999.00   -999.00   -999.00     0  -999.0    -999     0   0   0   0    -999.000  -999.000
0010    4.70  -999.0   -999.00   -999.0    -999  -999  -999.00   -999.00   -999.00     0  -999.0    -999     0   0   0   0    -999.000  -999.000
0011    5.20  -999.0   -999.00   -999.0    -999  -999  -999.00   -999.00   -999.00     0  -999.0    -999     0   0   0   0    -999.000  -999.000
0012    5.70  -999.0   -999.00   -999.0    -999  -999  -999.00   -999.00   -999.00     0  -999.0    -999     0   0   0   0    -999.000  -999.000
0013    6.20  -999.0   -999.00   -999.0    -999  -999  -999.00   -999.00   -999.00     0  -999.0    -999     0   0   0   0    -999.000  -999.000
0014    6.70  -999.0   -999.00   -999.0    -999  -999  -999.00   -999.00   -999.00     0  -999.0    -999     0   0   0   0    -999.000  -999.000
0015    7.20  -999.0   -999.00   -999.0    -999  -999  -999.00   -999.00   -999.00     0  -999.0    -999     0   0   0   0    -999.000  -999.000
0016    7.70  -999.0   -999.00   -999.0    -999  -999  -999.00   -999.00   -999.00     0  -999.0    -999     0   0   0   0    -999.000  -999.000
0017    8.20  -999.0   -999.00   -999.0    -999  -999  -999.00   -999.00   -999.00     0  -999.0    -999     0   0   0   0    -999.000  -999.000
0018    8.70  -999.0   -999.00   -999.0    -999  -999  -999.00   -999.00   -999.00     0  -999.0    -999     0   0   0   0    -999.000  -999.000
0019    9.20  -999.0   -999.00   -999.0    -999  -999  -999.00   -999.00   -999.00     0  -999.0    -999     0   0   0   0    -999.000  -999.000
0020    9.70  -999.0   -999.00   -999.0    -999  -999  -999.00   -999.00   -999.00     0  -999.0    -999     0   0   0   0    -999.000  -999.000
0021   10.20  -999.0   -999.00   -999.0    -999  -999  -999.00   -999.00   -999.00     0  -999.0    -999     0   0   0   0    -999.000  -999.000
0022   10.70  -999.0   -999.00   -999.0    -999  -999  -999.00   -999.00   -999.00     0  -999.0    -999     0   0   0   0    -999.000  -999.000
0023   11.20  -999.0   -999.00   -999.0    -999  -999  -999.00   -999.00   -999.00     0  -999.0    -999     0   0   0   0    -999.000  -999.000
0024   11.70  -999.0   -999.00   -999.0    -999  -999  -999.00   -999.00   -999.00     0  -999.0    -999     0   0   0   0    -999.000  -999.000
0025   12.20   754.2     18.02   -999.0    1987  -999  -999.00   -999.00   -999.00     0    -1.8    1987     0   0   0   0    -999.000  -999.000
0026   12.70   754.8     18.05   -999.0    1980  -999  -999.00   -999.00   -999.00     0    -1.9    1980     0   0   0   0    -999.000  -999.000
0027   13.20   755.4     18.07   -999.0    1974  -999  -999.00   -999.00   -999.00     0    -1.9    1974     0   0   0   0    -999.000  -999.000
0028   13.70   755.9     18.08   -999.0    1967  -999  -999.00   -999.00   -999.00     0    -2.0    1967     0   0   0   0    -999.000  -999.000
0029   14.20   756.5     18.10   -999.0    1960  -999  -999.00   -999.00   -999.00     0    -2.0    1960     0   0   0   0    -999.000  -999.000
0030   14.70   757.1     18.12   -999.0    1954  -999  -999.00   -999.00   -999.00     0    -2.0    1954     0   0   0   0    -999.000  -999.000
0031   15.20   757.7     18.14   -999.0    1947  -999  -999.00   -999.00   -999.00     0    -2.0    1947     0   0   0   0    -999.000  -999.000
0032   15.70   758.3     18.16   -999.0    1940  -999  -999.00   -999.00   -999.00     0    -2.1    1940     0   0   0   0    -999.000  -999.000
0033   16.20   758.9     18.18   -999.0    1934  -999  -999.00   -999.00   -999.00     0    -2.1    1934     0   0   0   0    -999.000  -999.000
0034   16.70   759.4     18.20   -999.0    1927  -999  -999.00   -999.00   -999.00     0    -2.0    1927     0   0   0   0    -999.000  -999.000
0035   17.20   760.0     18.23   -999.0    1920  -999  -999.00   -999.00   -999.00     0    -2.0    1920     0   0   0   0    -999.000  -999.000
0036   17.70   760.6     18.25   -999.0    1914  -999  -999.00   -999.00   -999.00     0    -2.0    1914     0   0   0   0    -999.000  -999.000
0037   18.20   761.2     18.28   -999.0    1907  -999  -999.00   -999.00   -999.00     0    -1.9    1907     0   0   0   0    -999.000  -999.000
0038   18.70   761.8     18.30   -999.0    1901  -999  -999.00   -999.00   -999.00     0    -1.9    1901     0   0   0   0    -999.000  -999.000
0039   19.20   762.3     18.33   -999.0    1894  -999  -999.00   -999.00   -999.00     0    -1.9    1894     0   0   0   0    -999.000  -999.000
0040   19.70   762.9     18.35   -999.0    1888  -999  -999.00   -999.00   -999.00     0    -1.8    1888     0   0   0   0    -999.000  -999.000
0041   20.20   763.5     18.38   -999.0    1881  -999  -999.00   -999.00   -999.00     0    -1.8    1881     0   0   0   0    -999.000  -999.000
0042   20.70   764.1     18.40   -999.0    1875  -999  -999.00   -999.00   -999.00     0    -1.8    1875     0   0   0   0    -999.000  -999.000
0043   21.20   764.6     18.43   -999.0    1868  -999  -999.00   -999.00   -999.00     0    -1.8    1868     0   0   0   0    -999.000  -999.000
0044   21.70   765.2     18.46   -999.0    1862  -999  -999.00   -999.00   -999.00     0    -1.8    1862     0   0   0   0    -999.000  -999.000
0045   22.20   765.8     18.48   -999.0    1855  -999  -999.00   -999.00   -999.00     0    -1.8    1855     0   0   0   0    -999.000  -999.000
0046   22.70   766.4     18.50     95.2    1849  -999  -999.00   -999.00   -999.00     0    -1.9    1849     0   0   0   0    -999.000  -999.000
0047   23.20   766.9     18.53     95.2    1842  -999  -999.00   -999.00   -999.00     0    -1.9    1842     0   0   0   0    -999.000  -999.000
0048   23.70   767.5     18.55     95.2    1836  -999  -999.00   -999.00   -999.00     0    -2.0    1836     0   0   0   0    -999.000  -999.000
0049   24.20   768.1     18.57     95.2    1829  -999  -999.00   -999.00   -999.00     0    -2.1    1829     0   0   0   0    -999.000  -999.000
0050   24.70   768.7     18.60     95.2    1823  -999  -999.00   -999.00   -999.00     0    -2.2    1823     0   0   0   0    -999.000  -999.000
0051   25.20   769.3     18.62     95.2    1816  -999  -999.00   -999.00   -999.00     0    -2.3    1816     0   0   0   0    -999.000  -999.000
0052   25.70   769.9     18.64     95.2    1809  -999  -999.00   -999.00   -999.00     0    -2.4    1809     0   0   0   0    -999.000  -999.000
0053   26.20   770.5     18.67     95.2    1802  -999  -999.00   -999.00   -999.00     0    -2.4    1802     0   0   0   0    -999.000  -999.000
0054   26.70   771.1     18.70     95.3    1795  -999  -999.00   -999.00   -999.00     0    -2.5    1795     0   0   0   0    -999.000  -999.000
0055   27.20   771.7     18.72     95.3    1789  -999  -999.00   -999.00   -999.00     0    -2.5    1789     0   0   0   0    -999.000  -999.000
0056   27.70   772.3     18.75     95.3    1782  -999  -999.00   -999.00   -999.00     0    -2.5    1782     0   0   0   0    -999.000  -999.000
0057   28.20   773.0     18.78     95.3    1775  -999  -999.00   -999.00   -999.00     0    -2.6    1775     0   0   0   0    -999.000  -999.000
0058   28.70   773.6     18.81     95.4    1768  -999  -999.00   -999.00   -999.00     0    -2.6    1768     0   0   0   0    -999.000  -999.000
0059   29.20   774.2     18.84     95.4    1761  -999  -999.00   -999.00   -999.00  -999    -2.6    1761     0   0   0   0    -999.000  -999.000
0060   29.70   774.8     18.87     95.4    1754  -999  -999.00   -999.00   -999.00     0    -2.5    1754     0   0   0   0    -999.000  -999.000
0061   30.20   775.4     18.91     95.5    1748  -999  -999.00   -999.00   -999.00     0    -2.5    1748     0   0   0   0    -999.000  -999.000
0062   30.70   776.0     18.94     95.5    1741  -999  -999.00   -999.00   -999.00     0    -2.5    1741     0   0   0   0    -999.000  -999.000
0063   31.20   776.6     18.97     95.6    1734  -999  -999.00   -999.00   -999.00     0    -2.5    1734     0   0   0   0    -999.000  -999.000
0064   31.70   777.2     19.00     95.6    1727  -999  -999.00   -999.00   -999.00     0    -2.5    1727     0   0   0   0    -999.000  -999.000
0065   32.20   777.9     19.02     95.6    1720  -999  -999.00   -999.00   -999.00     0    -2.5    1720     0   0   0   0    -999.000  -999.000
0066   32.70   778.5     19.05     95.6    1714  -999  -999.00   -999.00   -999.00  -999    -2.6    1714     0   0   0   0    -999.000  -999.000
0067   33.20  -999.0   -999.00   -999.0    -999  -999  -999.00   -999.00   -999.00     0  -999.0    -999     0   0   0   0    -999.000  -999.000
0068   33.70   779.7     19.10     95.7    1700  -999  -999.00   -999.00   -999.00     0    -2.7    1700     0   0   0   0    -999.000  -999.000
0069   34.20   780.3     19.13     95.7    1693  -999  -999.00   -999.00   -999.00     0    -2.8    1693     0   0   0   0    -999.000  -999.000
0070   34.70   780.9     19.15     95.7    1686  -999  -999.00   -999.00   -999.00     0    -2.8    1686     0   0   0   0    -999.000  -999.000
0071   35.20  -999.0   -999.00   -999.0    -999  -999  -999.00   -999.00   -999.00     0  -999.0    -999     0   0   0   0    -999.000  -999.000
0072   35.70  -999.0   -999.00   -999.0    -999  -999  -999.00   -999.00   -999.00  -999  -999.0    -999     0   0   0   0    -999.000  -999.000
0073   36.20   782.8     19.23     95.7    1665  -999  -999.00   -999.00   -999.00     0    -3.1    1665     0   0   0   0    -999.000  -999.000
0074   36.70   783.5     19.25     95.7    1658  -999  -999.00   -999.00   -999.00     0    -3.2    1658     0   0   0   0    -999.000  -999.000
0075   37.20   784.1     19.28     95.7    1651  -999  -999.00   -999.00   -999.00     0    -3.3    1651     0   0   0   0    -999.000  -999.000
0076   37.70   784.8     19.30     95.7    1644  -999  -999.00   -999.00   -999.00     0    -3.3    1644     0   0   0   0    -999.000  -999.000
0077   38.20  -999.0   -999.00   -999.0    -999  -999  -999.00   -999.00   -999.00     0  -999.0    -999     0   0   0   0    -999.000  -999.000
0078   38.70   786.1     19.36     95.7    1629  -999  -999.00   -999.00   -999.00     0    -3.4    1629     0   0   0   0    -999.000  -999.000
0079   39.20   786.8     19.39     95.7    1622  -999  -999.00   -999.00   -999.00     0    -3.4    1622     0   0   0   0    -999.000  -999.000
0080   39.70  -999.0   -999.00   -999.0    -999  -999  -999.00   -999.00   -999.00     0  -999.0    -999     0   0   0   0    -999.000  -999.000
0081   40.20   788.1     19.44     95.7    1607  -999  -999.00   -999.00   -999.00     0    -3.4    1607     0   0   0   0    -999.000  -999.000
0082   40.70   788.7     19.47     95.7    1600  -999  -999.00   -999.00   -999.00  -999    -3.3    1600     0   0   0   0    -999.000  -999.000
0083   41.20   789.4     19.50     95.7    1593  -999  -999.00   -999.00   -999.00     0    -3.3    1593     0   0   0   0    -999.000  -999.000
0084   41.70   790.0     19.53     95.7    1586  -999  -999.00   -999.00   -999.00     0    -3.3    1586     0   0   0   0    -999.000  -999.000
0085   42.20   790.7     19.56     95.7    1579  -999  -999.00   -999.00   -999.00     0    -3.2    1579     0   0   0   0    -999.000  -999.000
0086   42.70   791.3     19.58     95.7    1572  -999  -999.00   -999.00   -999.00     0    -3.2    1572     0   0   0   0    -999.000  -999.000
0087   43.20   792.0     19.61     95.7    1565  -999  -999.00   -999.00   -999.00     0    -3.2    1565     0   0   0   0    -999.000  -999.000
0088   43.70   792.6     19.64     95.7    1558  -999  -999.00   -999.00   -999.00     0    -3.2    1558     0   0   0   0    -999.000  -999.000
0089   44.20   793.3     19.67     95.8    1550  -999  -999.00   -999.00   -999.00     0    -3.2    1550     0   0   0   0    -999.000  -999.000
0090   44.70  -999.0   -999.00   -999.0    -999  -999  -999.00   -999.00   -999.00     0  -999.0    -999     0   0   0   0    -999.000  -999.000
0091   45.20   794.6     19.72     95.8    1536  -999  -999.00   -999.00   -999.00     0    -3.2    1536     0   0   0   0    -999.000  -999.000
0092   45.70  -999.0   -999.00   -999.0    -999  -999  -999.00   -999.00   -999.00     0  -999.0    -999     0   0   0   0    -999.000  -999.000
0093   46.20   795.9     19.78     95.8    1522  -999  -999.00   -999.00   -999.00  -999    -3.2    1522     0   0   0   0    -999.000  -999.000
0094   46.70  -999.0   -999.00   -999.0    -999  -999  -999.00   -999.00   -999.00  -999  -999.0    -999     0   0   0   0    -999.000  -999.000
0095   47.20   797.2     19.85     95.8    1508  -999  -999.00   -999.00   -999.00     0    -3.3    1508     0   0   0   0    -999.000  -999.000
0096   47.70   797.8     19.88     95.7    1501  -999  -999.00   -999.00   -999.00     0    -3.3    1501     0   0   0   0    -999.000  -999.000
0097   48.20   798.5     19.92     95.7    1494  -999  -999.00   -999.00   -999.00     0    -3.3    1494     0   0   0   0    -999.000  -999.000
0098   48.70   799.2     19.95     95.7    1487  -999  -999.00   -999.00   -999.00  -999    -3.4    1487     0   0   0   0    -999.000  -999.000
0099   49.20   799.8     19.99     95.6    1479  -999  -999.00   -999.00   -999.00     0    -3.5    1479     0   0   0   0    -999.000  -999.000
0100   49.70   800.5     20.02     95.5    1472  -999  -999.00   -999.00   -999.00     0    -3.5    1472     0   0   0   0    -999.000  -999.000
0101   50.20  -999.0   -999.00   -999.0    -999  -999  -999.00   -999.00   -999.00     0  -999.0    -999     0   0   0   0    -999.000  -999.000
0102   50.70   801.8     20.09     95.5    1457  -999  -999.00   -999.00   -999.00     0    -3.6    1457     0   0   0   0    -999.000  -999.000
0103   51.20   802.5     20.12     95.4    1450  -999  -999.00   -999.00   -999.00     0    -3.6    1450     0   0   0   0    -999.000  -999.000
0104   51.70  -999.0   -999.00   -999.0    -999  -999  -999.00   -999.00   -999.00     0  -999.0    -999     0   0   0   0    -999.000  -999.000
0105   52.20   803.9     20.18     95.4    1436  -999  -999.00   -999.00   -999.00  -999    -3.6    1436     0   0   0   0    -999.000  -999.000
0106   52.70   804.5     20.20     95.5    1428  -999  -999.00   -999.00   -999.00     0    -3.6    1428     0   0   0   0    -999.000  -999.000
0107   53.20   805.2     20.22     95.5    1421  -999  -999.00   -999.00   -999.00  -999    -3.6    1421     0   0   0   0    -999.000  -999.000
0108   53.70   805.9     20.24     95.6    1414  -999  -999.00   -999.00   -999.00  -999    -3.6    1414     0   0   0   0    -999.000  -999.000
0109   54.20   806.5     20.26     95.6    1407  -999  -999.00   -999.00   -999.00     0    -3.6    1407     0   0   0   0    -999.000  -999.000
0110   54.70   807.2     20.28     95.7    1399  -999  -999.00   -999.00   -999.00     0    -3.6    1399     0   0   0   0    -999.000  -999.000
0111   55.20   807.9     20.30     95.7    1392  -999  -999.00   -999.00   -999.00     0    -3.7    1392     0   0   0   0    -999.000  -999.000
0112   55.70   808.6     20.32     95.8    1385  -999  -999.00   -999.00   -999.00     0    -3.7    1385     0   0   0   0    -999.000  -999.000
0113   56.20   809.3     20.33     95.9    1377  -999  -999.00   -999.00   -999.00     0    -3.7    1377     0   0   0   0    -999.000  -999.000
0114   56.70   809.9     20.35     95.9    1370  -999  -999.00   -999.00   -999.00     0    -3.7    1370     0   0   0   0    -999.000  -999.000
0115   57.20   810.6     20.37     96.0    1363  -999  -999.00   -999.00   -999.00     0    -3.7    1363     0   0   0   0    -999.000  -999.000
0116   57.70   811.3     20.39     96.0    1356  -999  -999.00   -999.00   -999.00     0    -3.6    1356     0   0   0   0    -999.000  -999.000
0117   58.20   812.0     20.42     96.1    1348  -999  -999.00   -999.00   -999.00     0    -3.6    1348     0   0   0   0    -999.000  -999.000
0118   58.70  -999.0   -999.00   -999.0    -999  -999  -999.00   -999.00   -999.00     0  -999.0    -999     0   0   0   0    -999.000  -999.000
0119   59.20   813.3     20.47     96.2    1334  -999  -999.00   -999.00   -999.00     0    -3.5    1334     0   0   0   0    -999.000  -999.000
0120   59.70   814.0     20.50     96.2    1327  -999  -999.00   -999.00   -999.00  -999    -3.5    1327     0   0   0   0    -999.000  -999.000
0121   60.20   814.7     20.53     96.2    1319  -999  -999.00   -999.00   -999.00  -999    -3.4    1319     0   0   0   0    -999.000  -999.000
0122   60.70   815.3     20.56     96.2    1312  -999  -999.00   -999.00   -999.00     0    -3.3    1312     0   0   0   0    -999.000  -999.000
0123   61.20   816.0     20.59     96.2    1305  -999  -999.00   -999.00   -999.00     5    -3.3    1305     0   0   0   0    -999.000  -999.000
0124   61.70   816.7     20.63     96.3    1298  -999  -999.00   -999.00   -999.00     5    -3.2    1298     0   0   0   0    -999.000  -999.000
0125   62.20   817.3     20.66     96.3    1291  -999  -999.00   -999.00   -999.00     5    -3.2    1291     0   0   0   0    -999.000  -999.000
0126   62.70  -999.0   -999.00   -999.0    -999  -999  -999.00   -999.00   -999.00  -999  -999.0    -999     0   0   0   0    -999.000  -999.000
0127   63.20   818.6     20.72     96.4    1277  -999  -999.00   -999.00   -999.00  -999    -3.2    1277     0   0   0   0    -999.000  -999.000
0128   63.70   819.3     20.75     96.4    1270  -999  -999.00   -999.00   -999.00     5    -3.2    1270     0   0   0   0    -999.000  -999.000
0129   64.20   819.9     20.78     96.4    1263  -999  -999.00   -999.00   -999.00  -999    -3.2    1263     0   0   0   0    -999.000  -999.000
0130   64.70   820.6     20.81     96.4    1256  -999  -999.00   -999.00   -999.00  -999    -3.3    1256     0   0   0   0    -999.000  -999.000
0131   65.20   821.3     20.84     96.4    1249  -999  -999.00   -999.00   -999.00     5    -3.3    1249     0   0   0   0    -999.000  -999.000
0132   65.70  -999.0   -999.00   -999.0    -999  -999  -999.00   -999.00   -999.00     5  -999.0    -999     0   0   0   0    -999.000  -999.000
0133   66.20  -999.0   -999.00   -999.0    -999  -999  -999.00   -999.00   -999.00  -999  -999.0    -999     0   0   0   0    -999.000  -999.000
0134   66.70   823.3     20.92     96.5    1228  -999  -999.00   -999.00   -999.00  -999    -3.4    1228     0   0   0   0    -999.000  -999.000
0135   67.20  -999.0   -999.00   -999.0    -999  -999  -999.00   -999.00   -999.00     5  -999.0    -999     0   0   0   0    -999.000  -999.000
0136   67.70  -999.0   -999.00   -999.0    -999  -999  -999.00   -999.00   -999.00  -999  -999.0    -999     0   0   0   0    -999.000  -999.000
0137   68.20   825.3     20.99     96.5    1206  -999  -999.00   -999.00   -999.00  -999    -3.2    1206     0   0   0   0    -999.000  -999.000
0138   68.70  -999.0   -999.00   -999.0    -999  -999  -999.00   -999.00   -999.00     5  -999.0    -999     0   0   0   0    -999.000  -999.000
0139   69.20   826.6     21.05     96.5    1192  -999  -999.00   -999.00   -999.00  -999    -3.1    1192     0   0   0   0    -999.000  -999.000
0140   69.70   827.3     21.07     96.6    1186  -999  -999.00   -999.00   -999.00     5    -3.0    1186     0   0   0   0    -999.000  -999.000
0141   70.20  -999.0   -999.00   -999.0    -999  -999  -999.00   -999.00   -999.00     5  -999.0    -999     0   0   0   0    -999.000  -999.000
0142   70.70   828.6     21.12     96.6    1172  -999  -999.00   -999.00   -999.00     5    -2.8    1172     0   0   0   0    -999.000  -999.000
0143   71.20   829.2     21.15     96.6    1165  -999  -999.00   -999.00   -999.00     5    -2.7    1165     0   0   0   0    -999.000  -999.000
0144   71.70   829.9     21.17     96.5    1159  -999  -999.00   -999.00   -999.00     5    -2.6    1159     0   0   0   0    -999.000  -999.000
0145   72.20  -999.0   -999.00   -999.0    -999  -999  -999.00   -999.00   -999.00     5  -999.0    -999     0   0   0   0    -999.000  -999.000
0146   72.70  -999.0   -999.00   -999.0    -999  -999  -999.00   -999.00   -999.00     5  -999.0    -999     0   0   0   0    -999.000  -999.000
0147   73.20   831.8     21.23     96.5    1139  -999  -999.00   -999.00   -999.00     5    -2.3    1139     0   0   0   0    -999.000  -999.000
0148   73.70   832.4     21.25     96.5    1132  -999  -999.00   -999.00   -999.00  -999    -2.2    1132     0   0   0   0    -999.000  -999.000
0149   74.20   833.0     21.27     96.4    1126  -999  -999.00   -999.00   -999.00     5    -2.1    1126     0   0   0   0    -999.000  -999.000
0150   74.70   833.6     21.29     96.4    1119  -999  -999.00   -999.00   -999.00     5    -2.1    1119     0   0   0   0    -999.000  -999.000
0151   75.20   834.2     21.30     96.4    1113   145    53.39    -30.97     43.49     6    -2.0    1113     0   0   0   0      25.448   -89.373
0152   75.70   834.8     21.32     96.5    1107   144    53.46    -31.21     43.40     6    -2.0    1107     0   0   0   0      25.448   -89.374
0153   76.20   835.4     21.34     96.5    1100   144    53.52    -31.45     43.30     6    -2.0    1100     0   0   0   0      25.449   -89.374
0154   76.70   836.0     21.36     96.5    1094   144    53.57    -31.68     43.20     6    -2.0    1094     0   0   0   0      25.449   -89.374
0155   77.20   836.7     21.38     96.5    1088   143    53.61    -31.89     43.09     6    -2.0    1088     0   0   0   0      25.449   -89.374
0156   77.70   837.3     21.40     96.6    1081   143    53.63    -32.09     42.97     6    -2.1    1081     0   0   0   0      25.449   -89.374
0157   78.20   837.9     21.42     96.6    1075   143    53.64    -32.25     42.86     6    -2.2    1075     0   0   0   0      25.449   -89.375
0158   78.70   838.5     21.44     96.6    1068   143    53.65    -32.39     42.77     6    -2.2    1068     0   0   0   0      25.449   -89.375
0159   79.20   839.1     21.46     96.7    1062  -999  -999.00   -999.00   -999.00  -999    -2.3    1062     0   0   0   0    -999.000  -999.000
0160   79.70   839.8     21.49     96.7    1055  -999  -999.00   -999.00   -999.00  -999    -2.4    1055     0   0   0   0    -999.000  -999.000
0161   80.20   840.4     21.51     96.7    1049   143    53.61    -32.53     42.61     6    -2.5    1049     0   0   0   0      25.450   -89.375
0162   80.70   841.0     21.53     96.7    1042   143    53.59    -32.50     42.61     6    -2.6    1042     0   0   0   0      25.450   -89.375
0163   81.20   841.7     21.56     96.8    1035   143    53.57    -32.46     42.62     6    -2.6    1035     0   0   0   0      25.450   -89.376
0164   81.70   842.3     21.58     96.8    1029   143    53.55    -32.41     42.63     6    -2.7    1029     0   0   0   0      25.451   -89.376
0165   82.20   843.0     21.61     96.8    1022   143    53.54    -32.38     42.64     6    -2.7    1022     0   0   0   0      25.451   -89.376
0166   82.70   843.6     21.63     96.9    1015   143    53.54    -32.37     42.65     6    -2.7    1015     0   0   0   0      25.451   -89.376
0167   83.20   844.3     21.66     96.9    1008  -999  -999.00   -999.00   -999.00  -999    -2.6    1008     0   0   0   0    -999.000  -999.000
0168   83.70   844.9     21.69     97.0    1002  -999  -999.00   -999.00   -999.00  -999    -2.5    1002     0   0   0   0    -999.000  -999.000
0169   84.20  -999.0   -999.00   -999.0    -999   143    53.56    -32.46     42.60     6  -999.0    -999     0   0   0   0      25.452   -89.377
0170   84.70  -999.0   -999.00   -999.0    -999   143    53.56    -32.53     42.55     6  -999.0    -999     0   0   0   0      25.452   -89.377
0171   85.20   846.8     21.78     97.2     982   143    53.56    -32.60     42.49     6    -2.1     982     0   0   0   0      25.452   -89.377
0172   85.70   847.4     21.81     97.2     976   142    53.55    -32.69     42.42     6    -1.9     976     0   0   0   0      25.452   -89.377
0173   86.20   848.0     21.84     97.3     970   142    53.54    -32.78     42.33     6    -1.8     970     0   0   0   0      25.452   -89.377
0174   86.70   848.6     21.88     97.3     963   142    53.52    -32.88     42.23     6    -1.6     963     0   0   0   0      25.452   -89.377
0175   87.20   849.2     21.91     97.3     957   142    53.50    -32.98     42.12     6    -1.4     957     0   0   0   0      25.453   -89.378
0176   87.70   849.8     21.94     97.4     951   142    53.47    -33.07     42.01     6    -1.2     951     0   0   0   0      25.453   -89.378
0177   88.20  -999.0   -999.00   -999.0    -999   142    53.43    -33.16     41.90     6  -999.0    -999     0   0   0   0      25.453   -89.378
0178   88.70   850.9     22.00     97.4     940   141    53.41    -33.27     41.78     6    -0.9     940     0   0   0   0      25.453   -89.378
0179   89.20   851.5     22.02     97.4     934   141    53.39    -33.39     41.67     6    -0.8     934     0   0   0   0      25.453   -89.378
0180   89.70   852.1     22.04     97.4     928  -999  -999.00   -999.00   -999.00  -999    -0.7     928     0   0   0   0    -999.000  -999.000
0181   90.20   852.6     22.06     97.4     923   141    53.42    -33.70     41.45     6    -0.6     923     0   0   0   0      25.454   -89.379
0182   90.70   853.1     22.08     97.4     917   141    53.47    -33.89     41.37     6    -0.5     917     0   0   0   0      25.454   -89.379
0183   91.20  -999.0   -999.00   -999.0    -999  -999  -999.00   -999.00   -999.00     5  -999.0    -999     0   0   0   0    -999.000  -999.000
0184   91.70   854.2     22.11     97.4     906   140    53.66    -34.25     41.31     6    -0.4     906     0   0   0   0      25.454   -89.379
0185   92.20   854.8     22.12     97.4     901   140    53.80    -34.38     41.37     6    -0.4     901     0   0   0   0      25.455   -89.379
0186   92.70   855.3     22.14     97.5     895   140    53.96    -34.47     41.51     6    -0.4     895     0   0   0   0      25.455   -89.379
0187   93.20   855.8     22.16     97.5     890   140    54.15    -34.50     41.73     6    -0.3     890     0   0   0   0      25.455   -89.380
0188   93.70   856.4     22.17     97.5     884   141    54.34    -34.48     42.00     6    -0.3     884     0   0   0   0      25.455   -89.380
0189   94.20   856.9     22.19     97.5     879   141    54.53    -34.43     42.30     6    -0.3     879     0   0   0   0      25.455   -89.380
0190   94.70   857.4     22.21     97.5     873   141    54.71    -34.34     42.60     6    -0.3     873     0   0   0   0      25.455   -89.380
0191   95.20   858.0     22.23     97.6     868   141    54.87    -34.23     42.88     6    -0.2     868     0   0   0   0      25.456   -89.380
0192   95.70   858.5     22.25     97.6     862   142    54.99    -34.11     43.13     6    -0.1     862     0   0   0   0      25.456   -89.380
0193   96.20   859.0     22.28     97.6     857   142    55.08    -33.99     43.35     6    -0.0     857     0   0   0   0      25.456   -89.381
0194   96.70   859.6     22.30     97.7     852   142    55.16    -33.88     43.53     6     0.1     852     0   0   0   0      25.456   -89.381
0195   97.20   860.1     22.33     97.7     846   142    55.23    -33.79     43.68     6     0.2     846     0   0   0   0      25.456   -89.381
0196   97.70   860.6     22.36     97.8     841  -999  -999.00   -999.00   -999.00  -999     0.4     841     0   0   0   0    -999.000  -999.000
0197   98.20   861.1     22.39     97.8     836   142    55.36    -33.74     43.88     6     0.6     836     0   0   0   0      25.457   -89.381
0198   98.70   861.6     22.42     97.9     831  -999  -999.00   -999.00   -999.00  -999     0.8     831     0   0   0   0    -999.000  -999.000
0199   99.20   862.1     22.45     97.9     826   142    55.54    -33.90     43.99     6     0.9     826     0   0   0   0      25.457   -89.382
0200   99.70   862.5     22.48     97.9     821   142    55.68    -34.08     44.04     6     1.1     821     0   0   0   0      25.457   -89.382
0201  100.20   863.0     22.51     97.9     817   142    55.87    -34.33     44.08     6     1.3     817     0   0   0   0      25.458   -89.382
0202  100.70   863.4     22.54     98.0     812  -999  -999.00   -999.00   -999.00     5     1.4     812     0   0   0   0    -999.000  -999.000
0203  101.20   863.9     22.56     98.0     808  -999  -999.00   -999.00   -999.00     5     1.5     808     0   0   0   0    -999.000  -999.000
0204  101.70  -999.0   -999.00   -999.0    -999   141    56.70    -35.34     44.34     6  -999.0    -999     0   0   0   0      25.458   -89.383
0205  102.20   864.8     22.60     98.0     799   141    56.99    -35.61     44.50     6     1.7     799     0   0   0   0      25.458   -89.383
0206  102.70   865.2     22.62     98.0     794   141    57.26    -35.77     44.71     6     1.7     794     0   0   0   0      25.459   -89.383
0207  103.20   865.7     22.64     98.0     790   142    57.47    -35.77     44.98     6     1.7     790     0   0   0   0      25.459   -89.383
0208  103.70   866.1     22.66     98.0     785   142    57.63    -35.64     45.29     6     1.8     785     0   0   0   0      25.459   -89.383
0209  104.20   866.5     22.67     98.0     781   142    57.73    -35.44     45.57     6     1.8     781     0   0   0   0      25.459   -89.383
0210  104.70   867.0     22.69     98.0     777  -999  -999.00   -999.00   -999.00  -999     1.8     777     0   0   0   0    -999.000  -999.000
0211  105.20  -999.0   -999.00   -999.0    -999   143    57.70    -35.01     45.87     6  -999.0    -999     0   0   0   0      25.460   -89.384
0212  105.70   867.8     22.71     97.9     768   143    57.57    -34.90     45.79     6     1.8     768     0   0   0   0      25.460   -89.384
0213  106.20   868.3     22.72     97.9     763   143    57.36    -34.89     45.53     6     1.9     763     0   0   0   0      25.460   -89.384
0214  106.70   868.7     22.73     98.0     759   142    57.10    -34.98     45.13     6     1.9     759     0   0   0   0      25.460   -89.384
0215  107.20  -999.0   -999.00   -999.0    -999  -999  -999.00   -999.00   -999.00     5  -999.0    -999     0   0   0   0    -999.000  -999.000
0216  107.70   869.6     22.74     98.0     750  -999  -999.00   -999.00   -999.00  -999     1.9     750     0   0   0   0    -999.000  -999.000
0217  108.20   870.0     22.75     98.0     746   141    56.24    -35.66     43.49     6     1.9     746     0   0   0   0      25.461   -89.385
0218  108.70   870.4     22.76     98.0     742   140    55.99    -35.97     42.90     6     1.9     742     0   0   0   0      25.461   -89.385
0219  109.20   870.9     22.76     98.0     737  -999  -999.00   -999.00   -999.00     5     1.8     737     0   0   0   0    -999.000  -999.000
0220  109.70   871.3     22.77     98.0     733  -999  -999.00   -999.00   -999.00     5     1.8     733     0   0   0   0    -999.000  -999.000
0221  110.20   871.7     22.77     98.0     729  -999  -999.00   -999.00   -999.00     5     1.7     729     0   0   0   0    -999.000  -999.000
0222  110.70   872.2     22.78     98.0     724  -999  -999.00   -999.00   -999.00     5     1.6     724     0   0   0   0    -999.000  -999.000
0223  111.20   872.6     22.78     98.0     720  -999  -999.00   -999.00   -999.00     5     1.5     720     0   0   0   0    -999.000  -999.000
0224  111.70   873.0     22.78     97.9     715  -999  -999.00   -999.00   -999.00     5     1.4     715     0   0   0   0    -999.000  -999.000
0225  112.20   873.5     22.79     98.0     711  -999  -999.00   -999.00   -999.00     5     1.2     711     0   0   0   0    -999.000  -999.000
0226  112.70   874.0     22.80     98.0     706  -999  -999.00   -999.00   -999.00     4     1.1     706     0   0   0   0    -999.000  -999.000
0227  113.20   874.4     22.80     98.0     701  -999  -999.00   -999.00   -999.00     4     1.0     701     0   0   0   0    -999.000  -999.000
0228  113.70   874.9     22.81     98.0     696  -999  -999.00   -999.00   -999.00     4     0.8     696     0   0   0   0    -999.000  -999.000
0229  114.20   875.4     22.82     98.0     691  -999  -999.00   -999.00   -999.00     4     0.7     691     0   0   0   0    -999.000  -999.000
0230  114.70   875.9     22.83     98.1     687  -999  -999.00   -999.00   -999.00     4     0.6     687     0   0   0   0    -999.000  -999.000
0231  115.20   876.4     22.84     98.1     682  -999  -999.00   -999.00   -999.00     4     0.5     682     0   0   0   0    -999.000  -999.000
0232  115.70   876.9     22.85     98.2     677  -999  -999.00   -999.00   -999.00     5     0.4     677     0   0   0   0    -999.000  -999.000
0233  116.20  -999.0   -999.00   -999.0    -999  -999  -999.00   -999.00   -999.00     4  -999.0    -999     0   0   0   0    -999.000  -999.000
0234  116.70   877.9     22.88     98.2     666  -999  -999.00   -999.00   -999.00     0     0.4     666     0   0   0   0    -999.000  -999.000
0235  117.20   878.4     22.90     98.3     661  -999  -999.00   -999.00   -999.00     4     0.4     661     0   0   0   0    -999.000  -999.000
0236  117.70   878.9     22.92     98.3     656  -999  -999.00   -999.00   -999.00     4     0.5     656     0   0   0   0    -999.000  -999.000
0237  118.20   879.5     22.94     98.4     651  -999  -999.00   -999.00   -999.00     4     0.6     651     0   0   0   0    -999.000  -999.000
0238  118.70   880.0     22.96     98.4     646  -999  -999.00   -999.00   -999.00     4     0.8     646     0   0   0   0    -999.000  -999.000
0239  119.20   880.4     22.98     98.5     641  -999  -999.00   -999.00   -999.00     4     1.0     641     0   0   0   0    -999.000  -999.000
0240  119.70   880.9     23.00     98.5     637  -999  -999.00   -999.00   -999.00     4     1.2     637     0   0   0   0    -999.000  -999.000
0241  120.20   881.4     23.02     98.5     632  -999  -999.00   -999.00   -999.00     4     1.5     632     0   0   0   0    -999.000  -999.000
0242  120.70   881.8     23.04     98.6     628  -999  -999.00   -999.00   -999.00     4     1.7     628     0   0   0   0    -999.000  -999.000
0243  121.20   882.2     23.06     98.6     623  -999  -999.00   -999.00   -999.00     4     1.9     623     0   0   0   0    -999.000  -999.000
0244  121.70   882.7     23.08     98.6     619  -999  -999.00   -999.00   -999.00     4     2.1     619     0   0   0   0    -999.000  -999.000
0245  122.20   883.1     23.09     98.6     615  -999  -999.00   -999.00   -999.00     4     2.3     615     0   0   0   0    -999.000  -999.000
0246  122.70   883.5     23.11     98.6     611  -999  -999.00   -999.00   -999.00     4     2.5     611     0   0   0   0    -999.000  -999.000
0247  123.20   883.9     23.13     98.7     607  -999  -999.00   -999.00   -999.00     4     2.7     607     0   0   0   0    -999.000  -999.000
0248  123.70   884.3     23.15     98.7     603  -999  -999.00   -999.00   -999.00     4     2.8     603     0   0   0   0    -999.000  -999.000
0249  124.20   884.6     23.17     98.7     599  -999  -999.00   -999.00   -999.00     4     3.0     599     0   0   0   0    -999.000  -999.000
0250  124.70   885.0     23.19     98.8     596  -999  -999.00   -999.00   -999.00     4     3.1     596     0   0   0   0    -999.000  -999.000
0251  125.20  -999.0   -999.00   -999.0    -999  -999  -999.00   -999.00   -999.00     4  -999.0    -999     0   0   0   0    -999.000  -999.000
0252  125.70   885.7     23.23     98.8     588  -999  -999.00   -999.00   -999.00  -999     3.3     588     0   0   0   0    -999.000  -999.000
0253  126.20   886.1     23.24     98.8     585  -999  -999.00   -999.00   -999.00     4     3.4     585     0   0   0   0    -999.000  -999.000
0254  126.70   886.5     23.26     98.8     581  -999  -999.00   -999.00   -999.00     5     3.4     581     0   0   0   0    -999.000  -999.000
0255  127.20   886.8     23.27     98.9     578  -999  -999.00   -999.00   -999.00     5     3.5     578     0   0   0   0    -999.000  -999.000
0256  127.70  -999.0   -999.00   -999.0    -999  -999  -999.00   -999.00   -999.00     5  -999.0    -999     0   0   0   0    -999.000  -999.000
0257  128.20   887.5     23.29     98.9     571  -999  -999.00   -999.00   -999.00     5     3.5     571     0   0   0   0    -999.000  -999.000
0258  128.70   887.9     23.30     98.9     568  -999  -999.00   -999.00   -999.00     5     3.6     568     0   0   0   0    -999.000  -999.000
0259  129.20   888.2     23.31     98.9     564  -999  -999.00   -999.00   -999.00     5     3.6     564     0   0   0   0    -999.000  -999.000
0260  129.70   888.6     23.32     98.9     561  -999  -999.00   -999.00   -999.00     5     3.6     561     0   0   0   0    -999.000  -999.000
0261  130.20   888.9     23.33     98.9     557  -999  -999.00   -999.00   -999.00     4     3.7     557     0   0   0   0    -999.000  -999.000
0262  130.70   889.3     23.35     99.0     554  -999  -999.00   -999.00   -999.00     5     3.8     554     0   0   0   0    -999.000  -999.000
0263  131.20   889.6     23.36     99.0     550  -999  -999.00   -999.00   -999.00     5     3.9     550     0   0   0   0    -999.000  -999.000
0264  131.70   889.9     23.37     99.0     547  -999  -999.00   -999.00   -999.00     5     4.0     547     0   0   0   0    -999.000  -999.000
0265  132.20   890.3     23.38     99.0     544  -999  -999.00   -999.00   -999.00     5     4.1     544     0   0   0   0    -999.000  -999.000
0266  132.70   890.6     23.40     99.0     541  -999  -999.00   -999.00   -999.00     4     4.2     541     0   0   0   0    -999.000  -999.000
0267  133.20   890.9     23.41     99.1     538  -999  -999.00   -999.00   -999.00     5     4.3     538     0   0   0   0    -999.000  -999.000
0268  133.70   891.2     23.42     99.1     535  -999  -999.00   -999.00   -999.00     4     4.4     535     0   0   0   0    -999.000  -999.000
0269  134.20   891.5     23.43     99.1     532  -999  -999.00   -999.00   -999.00     4     4.5     532     0   0   0   0    -999.000  -999.000
0270  134.70   891.8     23.44     99.1     529  -999  -999.00   -999.00   -999.00     5     4.6     529     0   0   0   0    -999.000  -999.000
0271  135.20   892.1     23.45     99.1     526  -999  -999.00   -999.00   -999.00     5     4.6     526     0   0   0   0    -999.000  -999.000
0272  135.70   892.4     23.46     99.1     523  -999  -999.00   -999.00   -999.00     5     4.7     523     0   0   0   0    -999.000  -999.000
0273  136.20   892.7     23.47     99.1     520  -999  -999.00   -999.00   -999.00     5     4.7     520     0   0   0   0    -999.000  -999.000
0274  136.70   893.0     23.48     99.1     517  -999  -999.00   -999.00   -999.00     4     4.8     517     0   0   0   0    -999.000  -999.000
0275  137.20   893.3     23.48     99.1     514  -999  -999.00   -999.00   -999.00     4     4.8     514     0   0   0   0    -999.000  -999.000
0276  137.70   893.5     23.49     99.1     511  -999  -999.00   -999.00   -999.00     5     4.8     511     0   0   0   0    -999.000  -999.000
0277  138.20   893.8     23.49     99.1     509  -999  -999.00   -999.00   -999.00     5     4.8     509     0   0   0   0    -999.000  -999.000
0278  138.70   894.1     23.49     99.2     506  -999  -999.00   -999.00   -999.00     5     4.8     506     0   0   0   0    -999.000  -999.000
0279  139.20   894.4     23.49     99.2     503  -999  -999.00   -999.00   -999.00     5     4.8     503     0   0   0   0    -999.000  -999.000
0280  139.70   894.7     23.50     99.2     500  -999  -999.00   -999.00   -999.00     5     4.7     500     0   0   0   0    -999.000  -999.000
0281  140.20   894.9     23.50     99.2     498  -999  -999.00   -999.00   -999.00     5     4.6     498     0   0   0   0    -999.000  -999.000
0282  140.70   895.2     23.50     99.2     495  -999  -999.00   -999.00   -999.00     5     4.5     495     0   0   0   0    -999.000  -999.000
0283  141.20   895.5     23.51     99.3     492  -999  -999.00   -999.00   -999.00     5     4.3     492     0   0   0   0    -999.000  -999.000
0284  141.70   895.9     23.51     99.3     489  -999  -999.00   -999.00   -999.00     5     4.2     489     0   0   0   0    -999.000  -999.000
0285  142.20   896.2     23.52     99.3     485  -999  -999.00   -999.00   -999.00     5     4.1     485     0   0   0   0    -999.000  -999.000
0286  142.70   896.5     23.53     99.3     482  -999  -999.00   -999.00   -999.00  -999     3.9     482     0   0   0   0    -999.000  -999.000
0287  143.20   896.9     23.53     99.3     479  -999  -999.00   -999.00   -999.00     5     3.8     479     0   0   0   0    -999.000  -999.000
0288  143.70   897.2     23.54     99.3     475  -999  -999.00   -999.00   -999.00     5     3.7     475     0   0   0   0    -999.000  -999.000
0289  144.20   897.6     23.55     99.3     472  -999  -999.00   -999.00   -999.00     5     3.5     472     0   0   0   0    -999.000  -999.000
0290  144.70   897.9     23.55     99.3     469  -999  -999.00   -999.00   -999.00     5     3.4     469     0   0   0   0    -999.000  -999.000
0291  145.20   898.3     23.56     99.3     465  -999  -999.00   -999.00   -999.00     5     3.3     465     0   0   0   0    -999.000  -999.000
0292  145.70   898.6     23.56     99.3     462  -999  -999.00   -999.00   -999.00     4     3.1     462     0   0   0   0    -999.000  -999.000
0293  146.20   899.0     23.57     99.4     458  -999  -999.00   -999.00   -999.00     5     3.0     458     0   0   0   0    -999.000  -999.000
0294  146.70   899.4     23.58     99.4     454  -999  -999.00   -999.00   -999.00     5     2.9     454     0   0   0   0    -999.000  -999.000
0295  147.20   899.7     23.59     99.4     451  -999  -999.00   -999.00   -999.00     5     2.9     451     0   0   0   0    -999.000  -999.000
0296  147.70  -999.0   -999.00   -999.0    -999  -999  -999.00   -999.00   -999.00     5  -999.0    -999     0   0   0   0    -999.000  -999.000
0297  148.20   900.5     23.61     99.5     443  -999  -999.00   -999.00   -999.00     4     3.0     443     0   0   0   0    -999.000  -999.000
0298  148.70  -999.0   -999.00   -999.0    -999  -999  -999.00   -999.00   -999.00  -999  -999.0    -999     0   0   0   0    -999.000  -999.000
0299  149.20   901.3     23.63     99.6     435  -999  -999.00   -999.00   -999.00     4     3.4     435     0   0   0   0    -999.000  -999.000
0300  149.70   901.7     23.64     99.6     432  -999  -999.00   -999.00   -999.00     0     3.7     432     0   0   0   0    -999.000  -999.000
0301  150.20   902.0     23.66     99.7     428  -999  -999.00   -999.00   -999.00     0     4.1     428     0   0   0   0    -999.000  -999.000
0302  150.70   902.3     23.67     99.7     425  -999  -999.00   -999.00   -999.00     0     4.5     425     0   0   0   0    -999.000  -999.000
0303  151.20   902.6     23.68     99.7     422  -999  -999.00   -999.00   -999.00     4     4.9     422     0   0   0   0    -999.000  -999.000
0304  151.70   902.9     23.68     99.8     420  -999  -999.00   -999.00   -999.00     4     5.2     420     0   0   0   0    -999.000  -999.000
0305  152.20   903.1     23.69     99.8     418  -999  -999.00   -999.00   -999.00     4     5.6     418     0   0   0   0    -999.000  -999.000
0306  152.70  -999.0   -999.00   -999.0    -999  -999  -999.00   -999.00   -999.00     4  -999.0    -999     0   0   0   0    -999.000  -999.000
0307  153.20   903.6     23.71     99.8     413  -999  -999.00   -999.00   -999.00     5     6.1     413     0   0   0   0    -999.000  -999.000
0308  153.70   903.8     23.72     99.9     411   115    73.39    -66.40     31.24     6     6.3     411     0   0   0   0      25.478   -89.408
0309  154.20   904.0     23.73     99.9     409   115    73.39    -66.64     30.75     6     6.4     409     0   0   0   0      25.478   -89.409
0310  154.70   904.2     23.74     99.9     407   114    73.38    -66.86     30.23     6     6.4     407     0   0   0   0      25.479   -89.409
0311  155.20   904.4     23.75     99.9     405   114    73.35    -67.08     29.68     6     6.4     405     0   0   0   0      25.479   -89.409
0312  155.70   904.6     23.76    100.0     403   113    73.31    -67.28     29.12     6     6.3     403     0   0   0   0      25.479   -89.410
0313  156.20   904.8     23.77    100.0     401  -999  -999.00   -999.00   -999.00     5     6.2     401     0   0   0   0    -999.000  -999.000
0314  156.70   905.0     23.78    100.0     399  -999  -999.00   -999.00   -999.00     5     6.0     399     0   0   0   0    -999.000  -999.000
0315  157.20   905.3     23.79    100.0     397   112    73.22    -67.79     27.66     6     5.8     397     0   0   0   0      25.479   -89.411
0316  157.70   905.5     23.80    100.0     394   112    73.24    -67.94     27.34     6     5.5     394     0   0   0   0      25.479   -89.411
0317  158.20   905.8     23.82    100.0     392   112    73.28    -68.08     27.11     6     5.1     392     0   0   0   0      25.479   -89.412
0318  158.70   906.1     23.83    100.0     389   112    73.35    -68.21     26.96     6     4.8     389     0   0   0   0      25.480   -89.412
0319  159.20   906.3     23.84    100.0     386   111    73.44    -68.35     26.87     6     4.3     386     0   0   0   0      25.480   -89.412
0320  159.70   906.6     23.85    100.0     383   111    73.55    -68.49     26.81     6     3.9     383     0   0   0   0      25.480   -89.413
0321  160.20   907.0     23.87    100.0     380   111    73.67    -68.63     26.77     6     3.4     380     0   0   0   0      25.480   -89.413
0322  160.70   907.3     23.88    100.0     377   111    73.81    -68.79     26.74     6     2.8     377     0   0   0   0      25.480   -89.413
0323  161.20   907.7     23.89    100.0     373  -999  -999.00   -999.00   -999.00     5     2.3     373     0   0   0   0    -999.000  -999.000
0324  161.70   908.2     23.91    100.0     369  -999  -999.00   -999.00   -999.00     4     1.8     369     0   0   0   0    -999.000  -999.000
0325  162.20   908.6     23.92    100.0     364  -999  -999.00   -999.00   -999.00     5     1.4     364     0   0   0   0    -999.000  -999.000
0326  162.70   909.1     23.94    100.0     360  -999  -999.00   -999.00   -999.00     5     1.1     360     0   0   0   0    -999.000  -999.000
0327  163.20   909.6     23.95    100.0     355  -999  -999.00   -999.00   -999.00     4     0.9     355     0   0   0   0    -999.000  -999.000
0328  163.70  -999.0   -999.00   -999.0    -999  -999  -999.00   -999.00   -999.00  -999  -999.0    -999     0   0   0   0    -999.000  -999.000
0329  164.20   910.6     23.98    100.0     345  -999  -999.00   -999.00   -999.00  -999     0.9     345     0   0   0   0    -999.000  -999.000
0330  164.70   911.1     24.00    100.0     340  -999  -999.00   -999.00   -999.00     5     1.2     340     0   0   0   0    -999.000  -999.000
0331  165.20   911.6     24.01    100.0     335  -999  -999.00   -999.00   -999.00     0     1.5     335     0   0   0   0    -999.000  -999.000
0332  165.70   912.1     24.02    100.0     331  -999  -999.00   -999.00   -999.00     5     1.9     331     0   0   0   0    -999.000  -999.000
0333  166.20   912.5     24.04    100.0     326  -999  -999.00   -999.00   -999.00     4     2.3     326     0   0   0   0    -999.000  -999.000
0334  166.70  -999.0   -999.00   -999.0    -999  -999  -999.00   -999.00   -999.00     0  -999.0    -999     0   0   0   0    -999.000  -999.000
0335  167.20   913.3     24.06    100.0     319  -999  -999.00   -999.00   -999.00     0     3.1     319     0   0   0   0    -999.000  -999.000
0336  167.70   913.6     24.07    100.0     316  -999  -999.00   -999.00   -999.00     4     3.5     316     0   0   0   0    -999.000  -999.000
0337  168.20   914.0     24.08    100.0     313  -999  -999.00   -999.00   -999.00     4     3.7     313     0   0   0   0    -999.000  -999.000
0338  168.70   914.3     24.09    100.0     310  -999  -999.00   -999.00   -999.00     4     4.0     310     0   0   0   0    -999.000  -999.000
0339  169.20   914.6     24.10    100.0     307  -999  -999.00   -999.00   -999.00     5     4.1     307     0   0   0   0    -999.000  -999.000
0340  169.70   914.9     24.10    100.0     304  -999  -999.00   -999.00   -999.00     5     4.1     304     0   0   0   0    -999.000  -999.000
0341  170.20   915.2     24.11    100.0     300  -999  -999.00   -999.00   -999.00     5     4.0     300     0   0   0   0    -999.000  -999.000
0342  170.70   915.5     24.11    100.0     297  -999  -999.00   -999.00   -999.00     5     3.9     297     0   0   0   0    -999.000  -999.000
0343  171.20   915.9     24.12    100.0     294  -999  -999.00   -999.00   -999.00     5     3.7     294     0   0   0   0    -999.000  -999.000
0344  171.70   916.2     24.13    100.0     291  -999  -999.00   -999.00   -999.00     5     3.4     291     0   0   0   0    -999.000  -999.000
0345  172.20   916.6     24.14    100.0     287  -999  -999.00   -999.00   -999.00     5     3.1     287     0   0   0   0    -999.000  -999.000
0346  172.70   917.0     24.15    100.0     283  -999  -999.00   -999.00   -999.00     5     2.7     283     0   0   0   0    -999.000  -999.000
0347  173.20   917.4     24.17    100.0     280  -999  -999.00   -999.00   -999.00     5     2.3     280     0   0   0   0    -999.000  -999.000
0348  173.70   917.8     24.18    100.0     275  -999  -999.00   -999.00   -999.00     5     1.9     275     0   0   0   0    -999.000  -999.000
0349  174.20   918.3     24.20    100.0     271  -999  -999.00   -999.00   -999.00     5     1.4     271     0   0   0   0    -999.000  -999.000
0350  174.70   918.7     24.22    100.0     267  -999  -999.00   -999.00   -999.00     5     0.9     267     0   0   0   0    -999.000  -999.000
0351  175.20   919.2     24.24    100.0     262  -999  -999.00   -999.00   -999.00     5     0.5     262     0   0   0   0    -999.000  -999.000
0352  175.70   919.8     24.27    100.0     257  -999  -999.00   -999.00   -999.00     5    -0.0     257     0   0   0   0    -999.000  -999.000
0353  176.20   920.3     24.29    100.0     252  -999  -999.00   -999.00   -999.00     5    -0.5     252     0   0   0   0    -999.000  -999.000
0354  176.70   920.9     24.32    100.0     246  -999  -999.00   -999.00   -999.00     5    -0.9     246     0   0   0   0    -999.000  -999.000
0355  177.20   921.5     24.35    100.0     240  -999  -999.00   -999.00   -999.00     5    -1.2     240     0   0   0   0    -999.000  -999.000
0356  177.70   922.1     24.37    100.0     234  -999  -999.00   -999.00   -999.00     5    -1.6     234     0   0   0   0    -999.000  -999.000
0357  178.20   922.7     24.40    100.0     228  -999  -999.00   -999.00   -999.00     5    -1.8     228     0   0   0   0    -999.000  -999.000
0358  178.70   923.4     24.43    100.0     222  -999  -999.00   -999.00   -999.00     5    -2.1     222     0   0   0   0    -999.000  -999.000
0359  179.20   924.0     24.45    100.0     216  -999  -999.00   -999.00   -999.00     5    -2.2     216     0   0   0   0    -999.000  -999.000
0360  179.70   924.7     24.48    100.0     210  -999  -999.00   -999.00   -999.00     5    -2.3     210     0   0   0   0    -999.000  -999.000
0361  180.20   925.4     24.51    100.0     203   102    75.20    -73.66     15.12     6    -2.4     203     0   0   0   0      25.484   -89.427
0362  180.70   926.0     24.54    100.0     197   101    75.16    -73.72     14.65     6    -2.4     197     0   0   0   0      25.484   -89.428
0363  181.20  -999.0   -999.00   -999.0    -999  -999  -999.00   -999.00   -999.00     5  -999.0    -999     0   0   0   0    -999.000  -999.000
0364  181.70   927.4     24.59    100.0     184  -999  -999.00   -999.00   -999.00     4    -2.3     184     0   0   0   0    -999.000  -999.000
0365  182.20   928.0     24.62    100.0     178  -999  -999.00   -999.00   -999.00     4    -2.2     178     0   0   0   0    -999.000  -999.000
0366  182.70   928.7     24.65    100.0     172  -999  -999.00   -999.00   -999.00     0    -2.0     172     0   0   0   0    -999.000  -999.000
0367  183.20   929.3     24.67    100.0     166  -999  -999.00   -999.00   -999.00     0    -1.8     166     0   0   0   0    -999.000  -999.000
0368  183.70   929.9     24.70    100.0     160  -999  -999.00   -999.00   -999.00     4    -1.5     160     0   0   0   0    -999.000  -999.000
0369  184.20   930.5     24.72    100.0     154  -999  -999.00   -999.00   -999.00     0    -1.3     154     0   0   0   0    -999.000  -999.000
0370  184.70  -999.0   -999.00   -999.0    -999  -999  -999.00   -999.00   -999.00     0  -999.0    -999     0   0   0   0    -999.000  -999.000
0371  185.20   931.7     24.77    100.0     143  -999  -999.00   -999.00   -999.00     0    -0.6     143     0   0   0   0    -999.000  -999.000
0372  185.70   932.2     24.80    100.0     138  -999  -999.00   -999.00   -999.00     0    -0.2     138     0   0   0   0    -999.000  -999.000
0373  186.20   932.8     24.82    100.0     133  -999  -999.00   -999.00   -999.00     0     0.3     133     0   0   0   0    -999.000  -999.000
0374  186.70   933.3     24.85    100.0     127  -999  -999.00   -999.00   -999.00     0     0.8     127     0   0   0   0    -999.000  -999.000
0375  187.20   933.8     24.87    100.0     123  -999  -999.00   -999.00   -999.00     0     1.5     123     0   0   0   0    -999.000  -999.000
0376  187.70   934.3     24.90    100.0     118  -999  -999.00   -999.00   -999.00     0     2.2     118     0   0   0   0    -999.000  -999.000
0377  188.20   934.7     24.92    100.0     114  -999  -999.00   -999.00   -999.00     0     3.0     114     0   0   0   0    -999.000  -999.000
0378  188.70   935.1     24.94    100.0     111  -999  -999.00   -999.00   -999.00     0     3.8     111     0   0   0   0    -999.000  -999.000
0379  189.20   935.4     24.96    100.0     108  -999  -999.00   -999.00   -999.00     0     4.5     108     0   0   0   0    -999.000  -999.000
0380  189.70   935.6     24.98    100.0     106  -999  -999.00   -999.00   -999.00     0     5.3     106     0   0   0   0    -999.000  -999.000
0381  190.20   935.9     24.99    100.0     104  -999  -999.00   -999.00   -999.00     0     6.0     104     0   0   0   0    -999.000  -999.000
0382  190.70   936.1     25.01    100.0     102  -999  -999.00   -999.00   -999.00     0     6.6     102     0   0   0   0    -999.000  -999.000
0383  191.20   936.2     25.02    100.0     100  -999  -999.00   -999.00   -999.00     0     7.1     100     0   0   0   0    -999.000  -999.000
0384  191.70   936.4     25.03    100.0      99  -999  -999.00   -999.00   -999.00     0     7.6      99     0   0   0   0    -999.000  -999.000
0385  192.20   936.5     25.04    100.0      97  -999  -999.00   -999.00   -999.00  -999     8.0      97     0   0   0   0    -999.000  -999.000
0386  192.70   936.6     25.05    100.0      96  -999  -999.00   -999.00   -999.00     0     8.4      96     0   0   0   0    -999.000  -999.000
0387  193.20   936.7     25.05    100.0      95  -999  -999.00   -999.00   -999.00     0     8.7      95     0   0   0   0    -999.000  -999.000
0388  193.70   936.8     25.06    100.0      95  -999  -999.00   -999.00   -999.00     0     8.9      95     0   0   0   0    -999.000  -999.000
0389  194.20   936.9     25.07    100.0      94  -999  -999.00   -999.00   -999.00     0     9.0      94     0   0   0   0    -999.000  -999.000
0390  194.70   936.9     25.07    100.0      94  -999  -999.00   -999.00   -999.00     0     9.0      94     0   0   0   0    -999.000  -999.000
0391  195.20   937.0     25.07    100.0      93  -999  -999.00   -999.00   -999.00     0     8.8      93     0   0   0   0    -999.000  -999.000
0392  195.70   937.0     25.08    100.0      92  -999  -999.00   -999.00   -999.00     0     8.5      92     0   0   0   0    -999.000  -999.000
0393  196.20   937.1     25.08    100.0      92  -999  -999.00   -999.00   -999.00     4     8.1      92     0   0   0   0    -999.000  -999.000
0394  196.70   937.2     25.08    100.0      91  -999  -999.00   -999.00   -999.00     5     7.6      91     0   0   0   0    -999.000  -999.000
0395  197.20   937.4     25.09    100.0      89  -999  -999.00   -999.00   -999.00     5     7.0      89     0   0   0   0    -999.000  -999.000
0396  197.70   937.6     25.09    100.0      88  -999  -999.00   -999.00   -999.00     5     6.4      88     0   0   0   0    -999.000  -999.000
0397  198.20   937.8     25.10    100.0      85  -999  -999.00   -999.00   -999.00     5     5.7      85     0   0   0   0    -999.000  -999.000
0398  198.70   938.1     25.12    100.0      83  -999  -999.00   -999.00   -999.00     4     5.0      83     0   0   0   0    -999.000  -999.000
0399  199.20   938.4     25.13    100.0      80  -999  -999.00   -999.00   -999.00     4     4.3      80     0   0   0   0    -999.000  -999.000
0400  199.70   938.7     25.15    100.0      77  -999  -999.00   -999.00   -999.00     4     3.6      77     0   0   0   0    -999.000  -999.000
0401  200.20   939.1     25.17    100.0      73  -999  -999.00   -999.00   -999.00     0     3.0      73     0   0   0   0    -999.000  -999.000
0402  200.70   939.5     25.20    100.0      69  -999  -999.00   -999.00   -999.00     4     2.5      69     0   0   0   0    -999.000  -999.000
0403  201.20   939.9     25.22    100.0      65  -999  -999.00   -999.00   -999.00     4     2.0      65     0   0   0   0    -999.000  -999.000
0404  201.70   940.4     25.24    100.0      61  -999  -999.00   -999.00   -999.00     4     1.5      61     0   0   0   0    -999.000  -999.000
0405  202.20   940.8     25.27    100.0      57  -999  -999.00   -999.00   -999.00     5     1.0      57     0   0   0   0    -999.000  -999.000
0406  202.70   941.3     25.29    100.0      52  -999  -999.00   -999.00   -999.00     4     0.5      52     0   0   0   0    -999.000  -999.000
0407  203.20   941.8     25.32    100.0      47  -999  -999.00   -999.00   -999.00     4     0.1      47     0   0   0   0    -999.000  -999.000
0408  203.70   942.3     25.35    100.0      43  -999  -999.00   -999.00   -999.00     4    -0.3      43     0   0   0   0    -999.000  -999.000
0409  204.20   942.9     25.38    100.0      37  -999  -999.00   -999.00   -999.00     4    -0.6      37     0   0   0   0    -999.000  -999.000
0410  204.70   943.5     25.41    100.0      32  -999  -999.00   -999.00   -999.00     4    -0.8      32     0   0   0   0    -999.000  -999.000
0411  205.20   944.2     25.45    100.0      25  -999  -999.00   -999.00   -999.00     4    -0.9      25     0   0   0   0    -999.000  -999.000
0412  205.70   944.9     25.49    100.0      18  -999  -999.00   -999.00   -999.00     4    -0.9      18     0   0   0   0    -999.000  -999.000
0413  206.20   945.6     25.54    100.0      12  -999  -999.00   -999.00   -999.00     0    -0.7      12     0   0   0   0    -999.000  -999.000
0414  206.70   946.0     25.60    100.0       8  -999  -999.00   -999.00   -999.00     4    -0.6       8     0   0   0   0    -999.000  -999.000
0415  207.20   946.3     25.66   -999.0       6  -999  -999.00   -999.00   -999.00     0    -0.5       6     0   0   0   0    -999.000  -999.000
0416  207.74   946.9     25.66    100.0       0  -999  -999.00   -999.00   -999.00  -999  -999.0       0     0   0   0   0    -999.000  -999.000
