 ===========================================================================
 DROPWINDSONDE PROCESSING RECORD                            Sonde: 143215073
 FRD file written by Aspen V3.3-304, 18 Aug 2017 10:55 UTC
 Aircraft: AFRC C-130J, ---                  Date: 170818   Time: 105215 UTC
 ---------------------------------------------------------------------------
 Bias corrections:  PR =   0.0 mb  TE =   0.0 C  RH =   0.0 %  PRB =  0.0 mb
 Filters (LPF):     PTH = 
 Dyn RH correction = 
 Estimated PR used = 
 Dyn T correction  = 
 ---------------------------------------------------------------------------
 COMMENT: RICKERT, Good Drop; TDDryBiasCorrApplied
 ===========================================================================

 ===========================================================================
 Date: 170818   Lat:  14.83 N   TA:   19.5 C   PS:  843.3 mb   WD:    80 deg
 Time: 105215   Lon:  60.02 W   TD:   16.3 C   GA:   1579 m    WS:  18.9 m/s
 SID:  143215073                RH:   81.2 %   Navaid:   GP
 ===========================================================================

IX      t (s)  P (mb)    T (C)    RH (%)  Z (m)   WD    WS (m/s)   U (m/s)   V (m/s)  NS  WZ (m/s)  ZW (m)   FP  FT  FH  FW    LAT (N)   LON (E)
0001     0.0  -999.0   -999.00   -999.0    -999  -999  -999.00   -999.00   -999.00     0  -999.0    -999     0   0   0   0    -999.000  -999.000
0002     0.3  -999.0   -999.00   -999.0    -999  -999  -999.00   -999.00   -999.00     0  -999.0    -999     0   0   0   0    -999.000  -999.000
0003     0.5  -999.0   -999.00   -999.0    -999  -999  -999.00   -999.00   -999.00     0  -999.0    -999     0   0   0   0    -999.000  -999.000
0004     0.8  -999.0   -999.00   -999.0    -999  -999  -999.00   -999.00   -999.00     4  -999.0    -999     0   0   0   0    -999.000  -999.000
0005     1.0  -999.0   -999.00   -999.0    -999  -999  -999.00   -999.00   -999.00     7  -999.0    -999     0   0   0   0      14.829   -60.077
0006     1.3  -999.0   -999.00   -999.0    -999  -999  -999.00   -999.00   -999.00     7  -999.0    -999     0   0   0   0    -999.000  -999.000
0007     1.5  -999.0   -999.00   -999.0    -999  -999  -999.00   -999.00   -999.00     6  -999.0    -999     0   0   0   0      14.828   -60.073
0008     1.8  -999.0   -999.00   -999.0    -999  -999  -999.00   -999.00   -999.00     0  -999.0    -999     0   0   0   0    -999.000  -999.000
0009     2.0  -999.0   -999.00   -999.0    -999  -999  -999.00   -999.00   -999.00     0  -999.0    -999     0   0   0   0    -999.000  -999.000
0010     2.3  -999.0   -999.00   -999.0    -999  -999  -999.00   -999.00   -999.00     0  -999.0    -999     0   0   0   0    -999.000  -999.000
0011     2.5  -999.0   -999.00   -999.0    -999  -999  -999.00   -999.00   -999.00     0  -999.0    -999     0   0   0   0    -999.000  -999.000
0012     2.8  -999.0   -999.00   -999.0    -999  -999  -999.00   -999.00   -999.00     0  -999.0    -999     0   0   0   0    -999.000  -999.000
0013     3.0  -999.0   -999.00   -999.0    -999  -999  -999.00   -999.00   -999.00     0  -999.0    -999     0   0   0   0    -999.000  -999.000
0014     3.3  -999.0   -999.00   -999.0    -999  -999  -999.00   -999.00   -999.00     0  -999.0    -999     0   0   0   0    -999.000  -999.000
0015     3.5  -999.0   -999.00   -999.0    -999  -999  -999.00   -999.00   -999.00     0  -999.0    -999     0   0   0   0    -999.000  -999.000
0016     3.8  -999.0   -999.00   -999.0    -999  -999  -999.00   -999.00   -999.00     0  -999.0    -999     0   0   0   0    -999.000  -999.000
0017     4.0  -999.0   -999.00   -999.0    -999  -999  -999.00   -999.00   -999.00     0  -999.0    -999     0   0   0   0    -999.000  -999.000
0018     4.3  -999.0   -999.00   -999.0    -999  -999  -999.00   -999.00   -999.00     0  -999.0    -999     0   0   0   0    -999.000  -999.000
0019     4.5  -999.0   -999.00   -999.0    -999  -999  -999.00   -999.00   -999.00     0  -999.0    -999     0   0   0   0    -999.000  -999.000
0020     4.8  -999.0   -999.00   -999.0    -999  -999  -999.00   -999.00   -999.00     0  -999.0    -999     0   0   0   0    -999.000  -999.000
0021     5.0  -999.0   -999.00   -999.0    -999  -999  -999.00   -999.00   -999.00     0  -999.0    -999     0   0   0   0    -999.000  -999.000
0022     5.3  -999.0   -999.00   -999.0    -999  -999  -999.00   -999.00   -999.00     8  -999.0    -999     0   0   0   0    -999.000  -999.000
0023     5.5  -999.0   -999.00   -999.0    -999  -999  -999.00   -999.00   -999.00     8  -999.0    -999     0   0   0   0      14.831   -60.016
0024     5.8  -999.0   -999.00   -999.0    -999  -999  -999.00   -999.00   -999.00     9  -999.0    -999     0   0   0   0    -999.000  -999.000
0025     6.0  -999.0   -999.00   -999.0    -999  -999  -999.00   -999.00   -999.00     9  -999.0    -999     0   0   0   0      14.831   -60.016
0026     6.3  -999.0   -999.00   -999.0    -999  -999  -999.00   -999.00   -999.00     9  -999.0    -999     0   0   0   0    -999.000  -999.000
0027     6.5  -999.0   -999.00   -999.0    -999  -999  -999.00   -999.00   -999.00    11  -999.0    -999     0   0   0   0      14.831   -60.016
0028     6.8  -999.0   -999.00   -999.0    -999  -999  -999.00   -999.00   -999.00    10  -999.0    -999     0   0   0   0    -999.000  -999.000
0029     7.0  -999.0   -999.00   -999.0    -999  -999  -999.00   -999.00   -999.00    11  -999.0    -999     0   0   0   0      14.831   -60.016
0030     7.3  -999.0   -999.00   -999.0    -999  -999  -999.00   -999.00   -999.00    11  -999.0    -999     0   0   0   0    -999.000  -999.000
0031     7.5  -999.0   -999.00   -999.0    -999  -999  -999.00   -999.00   -999.00    11  -999.0    -999     0   0   0   0      14.831   -60.016
0032     7.8  -999.0   -999.00   -999.0    -999  -999  -999.00   -999.00   -999.00    12  -999.0    -999     0   0   0   0    -999.000  -999.000
0033     8.0  -999.0   -999.00   -999.0    -999  -999  -999.00   -999.00   -999.00    12  -999.0    -999     0   0   0   0      14.831   -60.017
0034     8.3  -999.0   -999.00   -999.0    -999  -999  -999.00   -999.00   -999.00    11  -999.0    -999     0   0   0   0    -999.000  -999.000
0035     8.5  -999.0   -999.00   -999.0    -999  -999  -999.00   -999.00   -999.00    11  -999.0    -999     0   0   0   0      14.831   -60.017
0036     8.8  -999.0   -999.00   -999.0    -999  -999  -999.00   -999.00   -999.00    10  -999.0    -999     0   0   0   0    -999.000  -999.000
0037     9.0  -999.0   -999.00   -999.0    -999  -999  -999.00   -999.00   -999.00    10  -999.0    -999     0   0   0   0      14.831   -60.017
0038     9.3  -999.0   -999.00   -999.0    -999  -999  -999.00   -999.00   -999.00    11  -999.0    -999     0   0   0   0    -999.000  -999.000
0039     9.5  -999.0   -999.00   -999.0    -999  -999  -999.00   -999.00   -999.00     9  -999.0    -999     0   0   0   0      14.831   -60.017
0040     9.8  -999.0   -999.00   -999.0    -999  -999  -999.00   -999.00   -999.00    11  -999.0    -999     0   0   0   0    -999.000  -999.000
0041    10.0  -999.0   -999.00   -999.0    -999    79    19.41    -19.02     -3.85    11  -999.0    -999     0   0   0   0      14.831   -60.017
0042    10.3  -999.0   -999.00   -999.0    -999    78    19.40    -19.01     -3.88    10  -999.0    -999     0   0   0   0    -999.000  -999.000
0043    10.5  -999.0   -999.00   -999.0    -999    78    19.39    -19.00     -3.90    11  -999.0    -999     0   0   0   0      14.831   -60.017
0044    10.8  -999.0   -999.00   -999.0    -999    78    19.39    -18.98     -3.93    11  -999.0    -999     0   0   0   0    -999.000  -999.000
0045    11.0   858.5     20.17   -999.0    1421    78    19.35    -18.92     -4.03    11    -0.8    1421     0   0   0   0      14.831   -60.017
0046    11.3  -999.0   -999.00   -999.0    -999    78    19.34    -18.91     -4.06    11  -999.0    -999     0   0   0   0    -999.000  -999.000
0047    11.5   859.0     20.19   -999.0    1415    78    19.33    -18.89     -4.07    11    -0.6    1415     0   0   0   0      14.831   -60.017
0048    11.8  -999.0   -999.00   -999.0    -999    78    19.31    -18.87     -4.09    11  -999.0    -999     0   0   0   0    -999.000  -999.000
0049    12.0   859.6     20.21   -999.0    1410    78    19.30    -18.86     -4.10    11    -0.4    1410     0   0   0   0      14.830   -60.017
0050    12.3  -999.0   -999.00   -999.0    -999    78    19.29    -18.85     -4.11    11  -999.0    -999     0   0   0   0    -999.000  -999.000
0051    12.5   860.1     20.23   -999.0    1404    78    19.28    -18.83     -4.11    11    -0.3    1404     0   0   0   0      14.830   -60.017
0052    12.8  -999.0   -999.00   -999.0    -999    78    19.27    -18.82     -4.11    11  -999.0    -999     0   0   0   0    -999.000  -999.000
0053    13.0   860.6     20.25   -999.0    1399    78    19.26    -18.81     -4.10    11    -0.2    1399     0   0   0   0      14.830   -60.017
0054    13.3  -999.0   -999.00   -999.0    -999    78    19.25    -18.81     -4.09    11  -999.0    -999     0   0   0   0    -999.000  -999.000
0055    13.5   861.2     20.28   -999.0    1394    78    19.24    -18.80     -4.08    11    -0.1    1394     0   0   0   0      14.830   -60.018
0056    13.8  -999.0   -999.00   -999.0    -999    78    19.23    -18.80     -4.06    11  -999.0    -999     0   0   0   0    -999.000  -999.000
0057    14.0   861.7     20.30   -999.0    1388    78    19.23    -18.80     -4.04    11     0.0    1388     0   0   0   0      14.830   -60.018
0058    14.3  -999.0   -999.00   -999.0    -999    78    19.22    -18.80     -4.02    11  -999.0    -999     0   0   0   0    -999.000  -999.000
0059    14.5   862.2     20.33   -999.0    1383    78    19.22    -18.80     -3.99    11     0.1    1383     0   0   0   0      14.830   -60.018
0060    14.8  -999.0   -999.00   -999.0    -999    78    19.22    -18.80     -3.97    11  -999.0    -999     0   0   0   0    -999.000  -999.000
0061    15.0   862.7     20.36   -999.0    1378    78    19.21    -18.80     -3.94    11     0.1    1378     0   0   0   0      14.830   -60.018
0062    15.3  -999.0   -999.00   -999.0    -999    78    19.21    -18.81     -3.92    11  -999.0    -999     0   0   0   0    -999.000  -999.000
0063    15.5   863.2     20.39     74.5    1373    78    19.21    -18.81     -3.89    11     0.1    1373     0   0   0   0      14.830   -60.018
0064    15.8  -999.0   -999.00   -999.0    -999    78    19.20    -18.81     -3.86    11  -999.0    -999     0   0   0   0    -999.000  -999.000
0065    16.0   863.8     20.42     74.4    1367    78    19.20    -18.81     -3.84    11     0.1    1367     0   0   0   0      14.830   -60.018
0066    16.3  -999.0   -999.00   -999.0    -999    79    19.20    -18.81     -3.82    11  -999.0    -999     0   0   0   0    -999.000  -999.000
0067    16.5   864.3     20.45     74.3    1362    79    19.19    -18.81     -3.80    11     0.1    1362     0   0   0   0      14.830   -60.018
0068    16.8  -999.0   -999.00   -999.0    -999    79    19.18    -18.81     -3.78    11  -999.0    -999     0   0   0   0    -999.000  -999.000
0069    17.0   864.8     20.49     74.2    1357    79    19.18    -18.80     -3.77    11     0.1    1357     0   0   0   0      14.830   -60.018
0070    17.3  -999.0   -999.00   -999.0    -999    79    19.17    -18.80     -3.75    10  -999.0    -999     0   0   0   0    -999.000  -999.000
0071    17.5   865.3     20.53     74.1    1352    79    19.16    -18.79     -3.74    10     0.1    1352     0   0   0   0      14.830   -60.018
0072    17.8  -999.0   -999.00   -999.0    -999    79    19.14    -18.77     -3.73    11  -999.0    -999     0   0   0   0    -999.000  -999.000
0073    18.0   865.9     20.57     74.0    1346    79    19.12    -18.76     -3.72    11     0.2    1346     0   0   0   0      14.830   -60.018
0074    18.3  -999.0   -999.00   -999.0    -999    79    19.10    -18.74     -3.71    11  -999.0    -999     0   0   0   0    -999.000  -999.000
0075    18.5   866.4     20.61     74.0    1341    79    19.07    -18.71     -3.70    11     0.2    1341     0   0   0   0      14.830   -60.018
0076    18.8  -999.0   -999.00   -999.0    -999    79    19.04    -18.68     -3.70    11  -999.0    -999     0   0   0   0    -999.000  -999.000
0077    19.0   866.9     20.65     73.9    1336    79    19.01    -18.65     -3.69    11     0.2    1336     0   0   0   0      14.830   -60.018
0078    19.3  -999.0   -999.00   -999.0    -999    79    18.97    -18.61     -3.69    11  -999.0    -999     0   0   0   0    -999.000  -999.000
0079    19.5   867.4     20.69     73.8    1331    79    18.94    -18.57     -3.69    11     0.2    1331     0   0   0   0      14.830   -60.019
0080    19.8  -999.0   -999.00   -999.0    -999    79    18.90    -18.53     -3.70    11  -999.0    -999     0   0   0   0    -999.000  -999.000
0081    20.0   867.9     20.73     73.7    1326    79    18.86    -18.50     -3.70    11     0.2    1326     0   0   0   0      14.830   -60.019
0082    20.3  -999.0   -999.00   -999.0    -999    79    18.83    -18.46     -3.71    11  -999.0    -999     0   0   0   0    -999.000  -999.000
0083    20.5   868.5     20.78     73.6    1320    79    18.79    -18.42     -3.71    11     0.2    1320     0   0   0   0      14.830   -60.019
0084    20.8  -999.0   -999.00   -999.0    -999    79    18.77    -18.39     -3.72    10  -999.0    -999     0   0   0   0    -999.000  -999.000
0085    21.0   869.0     20.82     73.5    1315    79    18.74    -18.37     -3.73    11     0.1    1315     0   0   0   0      14.830   -60.019
0086    21.3  -999.0   -999.00   -999.0    -999    78    18.72    -18.35     -3.75    11  -999.0    -999     0   0   0   0    -999.000  -999.000
0087    21.5   869.5     20.86     73.4    1310    78    18.71    -18.33     -3.76    11     0.1    1310     0   0   0   0      14.830   -60.019
0088    21.8  -999.0   -999.00   -999.0    -999    78    18.70    -18.32     -3.77    11  -999.0    -999     0   0   0   0    -999.000  -999.000
0089    22.0   870.0     20.90     73.3    1305    78    18.70    -18.31     -3.78    11     0.1    1305     0   0   0   0      14.830   -60.019
0090    22.3  -999.0   -999.00   -999.0    -999    78    18.70    -18.31     -3.79    11  -999.0    -999     0   0   0   0    -999.000  -999.000
0091    22.5   870.5     20.95     73.2    1300    78    18.71    -18.32     -3.80    11     0.0    1300     0   0   0   0      14.830   -60.019
0092    22.8  -999.0   -999.00   -999.0    -999    78    18.72    -18.33     -3.80    11  -999.0    -999     0   0   0   0    -999.000  -999.000
0093    23.0   871.1     20.99     73.1    1295    78    18.73    -18.34     -3.81    11    -0.0    1295     0   0   0   0      14.830   -60.019
0094    23.3  -999.0   -999.00   -999.0    -999    78    18.74    -18.35     -3.81    11  -999.0    -999     0   0   0   0    -999.000  -999.000
0095    23.5   871.6     21.03     73.0    1289    78    18.75    -18.36     -3.80    11    -0.1    1289     0   0   0   0      14.830   -60.019
0096    23.8  -999.0   -999.00   -999.0    -999    78    18.77    -18.38     -3.80    11  -999.0    -999     0   0   0   0    -999.000  -999.000
0097    24.0   872.1     21.08     72.9    1284    78    18.77    -18.39     -3.79    11    -0.2    1284     0   0   0   0      14.830   -60.019
0098    24.3  -999.0   -999.00   -999.0    -999    78    18.78    -18.40     -3.79    11  -999.0    -999     0   0   0   0    -999.000  -999.000
0099    24.5   872.7     21.12     72.8    1278    78    18.78    -18.40     -3.78    11    -0.3    1278     0   0   0   0      14.830   -60.019
0100    24.8  -999.0   -999.00   -999.0    -999    78    18.78    -18.40     -3.77    11  -999.0    -999     0   0   0   0    -999.000  -999.000
0101    25.0   873.2     21.17     72.7    1273    78    18.78    -18.40     -3.77    11    -0.3    1273     0   0   0   0      14.830   -60.019
0102    25.3  -999.0   -999.00   -999.0    -999    78    18.77    -18.39     -3.77    11  -999.0    -999     0   0   0   0    -999.000  -999.000
0103    25.5   873.8     21.21     72.6    1268    78    18.76    -18.37     -3.76    11    -0.4    1268     0   0   0   0      14.830   -60.020
0104    25.8  -999.0   -999.00   -999.0    -999    78    18.74    -18.36     -3.76    11  -999.0    -999     0   0   0   0    -999.000  -999.000
0105    26.0   874.3     21.25     72.5    1262    78    18.72    -18.34     -3.77    11    -0.4    1262     0   0   0   0      14.830   -60.020
0106    26.3  -999.0   -999.00   -999.0    -999    78    18.70    -18.32     -3.77    11  -999.0    -999     0   0   0   0    -999.000  -999.000
0107    26.5   874.9     21.29     72.5    1257    78    18.68    -18.29     -3.77    11    -0.4    1257     0   0   0   0      14.830   -60.020
0108    26.8  -999.0   -999.00   -999.0    -999    78    18.66    -18.27     -3.78    11  -999.0    -999     0   0   0   0    -999.000  -999.000
0109    27.0   875.4     21.33     72.4    1251    78    18.63    -18.25     -3.78    11    -0.4    1251     0   0   0   0      14.830   -60.020
0110    27.3  -999.0   -999.00   -999.0    -999    78    18.61    -18.22     -3.78    11  -999.0    -999     0   0   0   0    -999.000  -999.000
0111    27.5   876.0     21.37     72.4    1246    78    18.59    -18.20     -3.78    11    -0.4    1246     0   0   0   0      14.830   -60.020
0112    27.8  -999.0   -999.00   -999.0    -999    78    18.58    -18.19     -3.77    11  -999.0    -999     0   0   0   0    -999.000  -999.000
0113    28.0   876.5     21.41     72.4    1240    78    18.56    -18.18     -3.77    11    -0.4    1240     0   0   0   0      14.830   -60.020
0114    28.3  -999.0   -999.00   -999.0    -999    78    18.55    -18.17     -3.76    11  -999.0    -999     0   0   0   0    -999.000  -999.000
0115    28.5   877.1     21.44     72.4    1235    78    18.55    -18.16     -3.75    11    -0.4    1235     0   0   0   0      14.830   -60.020
0116    28.8  -999.0   -999.00   -999.0    -999    78    18.54    -18.16     -3.73    11  -999.0    -999     0   0   0   0    -999.000  -999.000
0117    29.0   877.6     21.48     72.5    1229    78    18.54    -18.17     -3.72    11    -0.4    1229     0   0   0   0      14.830   -60.020
0118    29.3  -999.0   -999.00   -999.0    -999    79    18.55    -18.18     -3.70    11  -999.0    -999     0   0   0   0    -999.000  -999.000
0119    29.5   878.2     21.51     72.5    1224    79    18.56    -18.19     -3.67    11    -0.3    1224     0   0   0   0      14.830   -60.020
0120    29.8  -999.0   -999.00   -999.0    -999    79    18.57    -18.20     -3.65    11  -999.0    -999     0   0   0   0    -999.000  -999.000
0121    30.0   878.7     21.54     72.6    1218    79    18.58    -18.22     -3.63    11    -0.3    1218     0   0   0   0      14.830   -60.020
0122    30.3  -999.0   -999.00   -999.0    -999    79    18.60    -18.24     -3.60    11  -999.0    -999     0   0   0   0    -999.000  -999.000
0123    30.5   879.3     21.56     72.7    1213    79    18.62    -18.27     -3.57    11    -0.3    1213     0   0   0   0      14.830   -60.020
0124    30.8  -999.0   -999.00   -999.0    -999    79    18.65    -18.31     -3.54    11  -999.0    -999     0   0   0   0    -999.000  -999.000
0125    31.0   879.8     21.59     72.8    1208    79    18.68    -18.35     -3.51    11    -0.2    1208     0   0   0   0      14.830   -60.021
0126    31.3  -999.0   -999.00   -999.0    -999    79    18.72    -18.39     -3.49    11  -999.0    -999     0   0   0   0    -999.000  -999.000
0127    31.5   880.3     21.61     73.0    1202    79    18.76    -18.44     -3.46    11    -0.2    1202     0   0   0   0      14.830   -60.021
0128    31.8  -999.0   -999.00   -999.0    -999    79    18.80    -18.49     -3.44    11  -999.0    -999     0   0   0   0    -999.000  -999.000
0129    32.0   880.9     21.63     73.2    1197    80    18.85    -18.54     -3.42    11    -0.1    1197     0   0   0   0      14.830   -60.021
0130    32.3  -999.0   -999.00   -999.0    -999    80    18.90    -18.59     -3.40    11  -999.0    -999     0   0   0   0    -999.000  -999.000
0131    32.5   881.4     21.65     73.4    1192    80    18.95    -18.65     -3.39    11    -0.1    1192     0   0   0   0      14.830   -60.021
0132    32.8  -999.0   -999.00   -999.0    -999    80    19.00    -18.70     -3.38    11  -999.0    -999     0   0   0   0    -999.000  -999.000
0133    33.0   882.0     21.67     73.7    1186    80    19.05    -18.75     -3.37    11    -0.0    1186     0   0   0   0      14.830   -60.021
0134    33.3  -999.0   -999.00   -999.0    -999    80    19.09    -18.79     -3.37    11  -999.0    -999     0   0   0   0    -999.000  -999.000
0135    33.5   882.5     21.68     73.9    1181    80    19.14    -18.84     -3.37    11     0.0    1181     0   0   0   0      14.830   -60.021
0136    33.8  -999.0   -999.00   -999.0    -999    80    19.18    -18.88     -3.38    11  -999.0    -999     0   0   0   0    -999.000  -999.000
0137    34.0   883.0     21.70     74.2    1176    80    19.21    -18.91     -3.38    11     0.1    1176     0   0   0   0      14.830   -60.021
0138    34.3  -999.0   -999.00   -999.0    -999    80    19.25    -18.94     -3.39    10  -999.0    -999     0   0   0   0    -999.000  -999.000
0139    34.5   883.5     21.71     74.4    1171    80    19.27    -18.97     -3.40    10     0.1    1171     0   0   0   0      14.830   -60.021
0140    34.8  -999.0   -999.00   -999.0    -999    80    19.30    -18.99     -3.42    11  -999.0    -999     0   0   0   0    -999.000  -999.000
0141    35.0   884.1     21.73     74.6    1166    80    19.32    -19.01     -3.43    11     0.1    1166     0   0   0   0      14.830   -60.021
0142    35.3  -999.0   -999.00   -999.0    -999    80    19.33    -19.02     -3.45    11  -999.0    -999     0   0   0   0    -999.000  -999.000
0143    35.5   884.6     21.74     74.8    1160    80    19.34    -19.02     -3.47    11     0.1    1160     0   0   0   0      14.830   -60.021
0144    35.8  -999.0   -999.00   -999.0    -999    80    19.34    -19.02     -3.49    11  -999.0    -999     0   0   0   0    -999.000  -999.000
0145    36.0   885.1     21.75     75.0    1155    80    19.33    -19.01     -3.51    11     0.1    1155     0   0   0   0      14.830   -60.021
0146    36.3  -999.0   -999.00   -999.0    -999    79    19.32    -19.00     -3.52    11  -999.0    -999     0   0   0   0    -999.000  -999.000
0147    36.5   885.6     21.77     75.2    1150    79    19.31    -18.98     -3.54    11     0.1    1150     0   0   0   0      14.830   -60.021
0148    36.8  -999.0   -999.00   -999.0    -999    79    19.28    -18.95     -3.56    11  -999.0    -999     0   0   0   0    -999.000  -999.000
0149    37.0   886.2     21.78     75.4    1145    79    19.26    -18.92     -3.58    11     0.1    1145     0   0   0   0      14.830   -60.022
0150    37.3  -999.0   -999.00   -999.0    -999    79    19.23    -18.89     -3.60    11  -999.0    -999     0   0   0   0    -999.000  -999.000
0151    37.5   886.7     21.79     75.6    1140    79    19.20    -18.85     -3.62    11     0.1    1140     0   0   0   0      14.830   -60.022
0152    37.8  -999.0   -999.00   -999.0    -999    79    19.16    -18.81     -3.63    11  -999.0    -999     0   0   0   0    -999.000  -999.000
0153    38.0   887.2     21.80     75.9    1135    79    19.12    -18.77     -3.65    11     0.0    1135     0   0   0   0      14.830   -60.022
0154    38.3  -999.0   -999.00   -999.0    -999    79    19.08    -18.73     -3.66    11  -999.0    -999     0   0   0   0    -999.000  -999.000
0155    38.5   887.7     21.81     76.2    1130    79    19.04    -18.68     -3.68    11    -0.0    1130     0   0   0   0      14.830   -60.022
0156    38.8  -999.0   -999.00   -999.0    -999    79    19.00    -18.64     -3.69    11  -999.0    -999     0   0   0   0    -999.000  -999.000
0157    39.0   888.3     21.81     76.7    1124    79    18.96    -18.59     -3.70    11    -0.1    1124     0   0   0   0      14.830   -60.022
0158    39.3  -999.0   -999.00   -999.0    -999    79    18.92    -18.55     -3.70    11  -999.0    -999     0   0   0   0    -999.000  -999.000
0159    39.5   888.8     21.81     77.1    1119    79    18.88    -18.51     -3.71    11    -0.2    1119     0   0   0   0      14.830   -60.022
0160    39.8  -999.0   -999.00   -999.0    -999    79    18.84    -18.47     -3.71    11  -999.0    -999     0   0   0   0    -999.000  -999.000
0161    40.0   889.4     21.81     77.6    1114    79    18.81    -18.43     -3.72    11    -0.3    1114     0   0   0   0      14.830   -60.022
0162    40.3  -999.0   -999.00   -999.0    -999    79    18.77    -18.40     -3.72    11  -999.0    -999     0   0   0   0    -999.000  -999.000
0163    40.5   889.9     21.81     78.1    1108    79    18.75    -18.37     -3.72    11    -0.4    1108     0   0   0   0      14.830   -60.022
0164    40.8  -999.0   -999.00   -999.0    -999    79    18.72    -18.35     -3.72    11  -999.0    -999     0   0   0   0    -999.000  -999.000
0165    41.0   890.5     21.81     78.6    1103    79    18.71    -18.33     -3.73    11    -0.5    1103     0   0   0   0      14.830   -60.022
0166    41.3  -999.0   -999.00   -999.0    -999    78    18.69    -18.32     -3.73    11  -999.0    -999     0   0   0   0    -999.000  -999.000
0167    41.5   891.0     21.81     79.0    1097  -999  -999.00   -999.00   -999.00    11    -0.5    1097     0   0   0   0    -999.000  -999.000
0168    41.8  -999.0   -999.00   -999.0    -999    78    18.68    -18.30     -3.75    11  -999.0    -999     0   0   0   0    -999.000  -999.000
0169    42.0   891.6     21.82     79.3    1092    78    18.68    -18.30     -3.76    11    -0.6    1092     0   0   0   0      14.829   -60.022
0170    42.3  -999.0   -999.00   -999.0    -999    78    18.68    -18.30     -3.76    11  -999.0    -999     0   0   0   0    -999.000  -999.000
0171    42.5   892.2     21.82     79.6    1086    78    18.69    -18.30     -3.77    11    -0.7    1086     0   0   0   0      14.829   -60.022
0172    42.8  -999.0   -999.00   -999.0    -999    78    18.69    -18.31     -3.77    11  -999.0    -999     0   0   0   0    -999.000  -999.000
0173    43.0   892.7     21.84     79.9    1081    78    18.70    -18.31     -3.77    11    -0.7    1081     0   0   0   0      14.829   -60.023
0174    43.3  -999.0   -999.00   -999.0    -999  -999  -999.00   -999.00   -999.00    11  -999.0    -999     0   0   0   0    -999.000  -999.000
0175    43.5   893.3     21.85     80.1    1075    78    18.71    -18.32     -3.76    11    -0.8    1075     0   0   0   0      14.829   -60.023
0176    43.8  -999.0   -999.00   -999.0    -999    78    18.71    -18.33     -3.75    11  -999.0    -999     0   0   0   0    -999.000  -999.000
0177    44.0   893.9     21.87     80.2    1070    78    18.71    -18.33     -3.73    11    -0.8    1070     0   0   0   0      14.829   -60.023
0178    44.3  -999.0   -999.00   -999.0    -999    79    18.71    -18.33     -3.71    11  -999.0    -999     0   0   0   0    -999.000  -999.000
0179    44.5   894.4     21.90     80.2    1064    79    18.70    -18.34     -3.69    11    -0.8    1064     0   0   0   0      14.829   -60.023
0180    44.8  -999.0   -999.00   -999.0    -999    79    18.70    -18.34     -3.66    11  -999.0    -999     0   0   0   0    -999.000  -999.000
0181    45.0   895.0     21.93     80.2    1058    79    18.70    -18.34     -3.63    11    -0.8    1058     0   0   0   0      14.829   -60.023
0182    45.3  -999.0   -999.00   -999.0    -999    79    18.70    -18.35     -3.60    11  -999.0    -999     0   0   0   0    -999.000  -999.000
0183    45.5   895.6     21.96     80.1    1053    79    18.70    -18.36     -3.57    11    -0.8    1053     0   0   0   0      14.829   -60.023
0184    45.8  -999.0   -999.00   -999.0    -999    79    18.70    -18.37     -3.53    11  -999.0    -999     0   0   0   0    -999.000  -999.000
0185    46.0   896.2     22.00     79.9    1047    79    18.71    -18.38     -3.50    11    -0.8    1047     0   0   0   0      14.829   -60.023
0186    46.3  -999.0   -999.00   -999.0    -999    79    18.72    -18.40     -3.46    11  -999.0    -999     0   0   0   0    -999.000  -999.000
0187    46.5   896.7     22.05     79.7    1042    79    18.74    -18.42     -3.43    11    -0.8    1042     0   0   0   0      14.829   -60.023
0188    46.8  -999.0   -999.00   -999.0    -999    80    18.75    -18.44     -3.39    11  -999.0    -999     0   0   0   0    -999.000  -999.000
0189    47.0   897.3     22.09     79.4    1036    80    18.77    -18.47     -3.35    11    -0.8    1036     0   0   0   0      14.829   -60.023
0190    47.3  -999.0   -999.00   -999.0    -999    80    18.79    -18.50     -3.32    11  -999.0    -999     0   0   0   0    -999.000  -999.000
0191    47.5   897.9     22.14     79.2    1030    80    18.82    -18.53     -3.29    11    -0.8    1030     0   0   0   0      14.829   -60.023
0192    47.8  -999.0   -999.00   -999.0    -999    80    18.84    -18.56     -3.26    11  -999.0    -999     0   0   0   0    -999.000  -999.000
0193    48.0   898.5     22.19     79.0    1025    80    18.86    -18.59     -3.23    11    -0.7    1025     0   0   0   0      14.829   -60.023
0194    48.3  -999.0   -999.00   -999.0    -999    80    18.89    -18.61     -3.20    11  -999.0    -999     0   0   0   0    -999.000  -999.000
0195    48.5   899.0     22.24     78.9    1019    80    18.90    -18.64     -3.17    10    -0.7    1019     0   0   0   0      14.829   -60.024
0196    48.8  -999.0   -999.00   -999.0    -999    80    18.92    -18.66     -3.15    10  -999.0    -999     0   0   0   0    -999.000  -999.000
0197    49.0   899.6     22.29     78.8    1014    80    18.93    -18.67     -3.13    11    -0.6    1014     0   0   0   0      14.829   -60.024
0198    49.3  -999.0   -999.00   -999.0    -999  -999  -999.00   -999.00   -999.00    11  -999.0    -999     0   0   0   0    -999.000  -999.000
0199    49.5   900.2     22.34     78.8    1008    81    18.95    -18.69     -3.10    11    -0.6    1008     0   0   0   0      14.829   -60.024
0200    49.8  -999.0   -999.00   -999.0    -999    81    18.95    -18.69     -3.09    11  -999.0    -999     0   0   0   0    -999.000  -999.000
0201    50.0   900.7     22.38     78.8    1003    81    18.94    -18.69     -3.08    11    -0.5    1003     0   0   0   0      14.829   -60.024
0202    50.3  -999.0   -999.00   -999.0    -999    81    18.93    -18.68     -3.07    11  -999.0    -999     0   0   0   0    -999.000  -999.000
0203    50.5   901.3     22.41     78.8     997    81    18.92    -18.67     -3.06    11    -0.5     997     0   0   0   0      14.829   -60.024
0204    50.8  -999.0   -999.00   -999.0    -999    81    18.90    -18.65     -3.05    11  -999.0    -999     0   0   0   0    -999.000  -999.000
0205    51.0   901.9     22.44     78.9     992    81    18.87    -18.63     -3.05    11    -0.4     992     0   0   0   0      14.829   -60.024
0206    51.3  -999.0   -999.00   -999.0    -999  -999  -999.00   -999.00   -999.00     0  -999.0    -999     0   0   0   0    -999.000  -999.000
0207    51.5   902.4     22.47     79.1     987    81    18.82    -18.57     -3.04    11    -0.4     987     0   0   0   0      14.829   -60.024
0208    51.8  -999.0   -999.00   -999.0    -999    81    18.79    -18.54     -3.04    11  -999.0    -999     0   0   0   0    -999.000  -999.000
0209    52.0   903.0     22.49     79.2     981    81    18.75    -18.51     -3.04    11    -0.4     981     0   0   0   0      14.829   -60.024
0210    52.3  -999.0   -999.00   -999.0    -999    81    18.72    -18.47     -3.04    11  -999.0    -999     0   0   0   0    -999.000  -999.000
0211    52.5   903.5     22.51     79.4     976    81    18.69    -18.44     -3.05    11    -0.4     976     0   0   0   0      14.829   -60.024
0212    52.8  -999.0   -999.00   -999.0    -999    81    18.65    -18.40     -3.06    11  -999.0    -999     0   0   0   0    -999.000  -999.000
0213    53.0   904.1     22.53     79.6     971    81    18.62    -18.37     -3.07    11    -0.4     971     0   0   0   0      14.829   -60.024
0214    53.3  -999.0   -999.00   -999.0    -999    80    18.59    -18.33     -3.09    11  -999.0    -999     0   0   0   0    -999.000  -999.000
0215    53.5   904.6     22.54     79.8     965    80    18.56    -18.30     -3.11    11    -0.4     965     0   0   0   0      14.829   -60.024
0216    53.8  -999.0   -999.00   -999.0    -999    80    18.53    -18.27     -3.13    11  -999.0    -999     0   0   0   0    -999.000  -999.000
0217    54.0   905.2     22.55     80.0     960    80    18.51    -18.24     -3.15    11    -0.5     960     0   0   0   0      14.829   -60.024
0218    54.3  -999.0   -999.00   -999.0    -999    80    18.49    -18.21     -3.18    11  -999.0    -999     0   0   0   0    -999.000  -999.000
0219    54.5   905.7     22.55     80.2     954    80    18.47    -18.19     -3.21    11    -0.5     954     0   0   0   0      14.829   -60.025
0220    54.8  -999.0   -999.00   -999.0    -999    80    18.46    -18.17     -3.23    11  -999.0    -999     0   0   0   0    -999.000  -999.000
0221    55.0   906.3     22.56     80.3     949    80    18.44    -18.15     -3.26    11    -0.6     949     0   0   0   0      14.829   -60.025
0222    55.3  -999.0   -999.00   -999.0    -999    80    18.43    -18.13     -3.29    11  -999.0    -999     0   0   0   0    -999.000  -999.000
0223    55.5   906.9     22.57     80.4     943  -999  -999.00   -999.00   -999.00    11    -0.6     943     0   0   0   0    -999.000  -999.000
0224    55.8  -999.0   -999.00   -999.0    -999    80    18.41    -18.10     -3.34    11  -999.0    -999     0   0   0   0    -999.000  -999.000
0225    56.0   907.5     22.57     80.5     938    79    18.40    -18.09     -3.37    11    -0.6     938     0   0   0   0      14.829   -60.025
0226    56.3  -999.0   -999.00   -999.0    -999    79    18.40    -18.08     -3.40    11  -999.0    -999     0   0   0   0    -999.000  -999.000
0227    56.5   908.0     22.57     80.5     932    79    18.39    -18.07     -3.43    11    -0.7     932     0   0   0   0      14.829   -60.025
0228    56.8  -999.0   -999.00   -999.0    -999    79    18.39    -18.06     -3.47    11  -999.0    -999     0   0   0   0    -999.000  -999.000
0229    57.0   908.6     22.58     80.6     927    79    18.38    -18.04     -3.50    11    -0.7     927     0   0   0   0      14.829   -60.025
0230    57.3  -999.0   -999.00   -999.0    -999    79    18.37    -18.02     -3.53    11  -999.0    -999     0   0   0   0    -999.000  -999.000
0231    57.5   909.2     22.58     80.7     921    79    18.35    -18.00     -3.56    11    -0.7     921     0   0   0   0      14.829   -60.025
0232    57.8  -999.0   -999.00   -999.0    -999    79    18.33    -17.98     -3.60    11  -999.0    -999     0   0   0   0    -999.000  -999.000
0233    58.0   909.8     22.58     80.9     916    79    18.31    -17.95     -3.63    11    -0.7     916     0   0   0   0      14.829   -60.025
0234    58.3  -999.0   -999.00   -999.0    -999    78    18.28    -17.91     -3.66    11  -999.0    -999     0   0   0   0    -999.000  -999.000
0235    58.5   910.3     22.57     81.1     910    78    18.25    -17.87     -3.69    11    -0.7     910     0   0   0   0      14.829   -60.025
0236    58.8  -999.0   -999.00   -999.0    -999    78    18.21    -17.83     -3.72    11  -999.0    -999     0   0   0   0    -999.000  -999.000
0237    59.0   910.9     22.56     81.5     905    78    18.17    -17.78     -3.74    11    -0.7     905     0   0   0   0      14.829   -60.025
0238    59.3  -999.0   -999.00   -999.0    -999    78    18.13    -17.73     -3.77    11  -999.0    -999     0   0   0   0    -999.000  -999.000
0239    59.5   911.5     22.55     81.9     899    78    18.08    -17.68     -3.80    11    -0.7     899     0   0   0   0      14.829   -60.025
0240    59.8  -999.0   -999.00   -999.0    -999    78    18.04    -17.63     -3.82    11  -999.0    -999     0   0   0   0    -999.000  -999.000
0241    60.0   912.0     22.53     82.5     894    78    18.00    -17.58     -3.85    11    -0.7     894     0   0   0   0      14.829   -60.025
0242    60.3  -999.0   -999.00   -999.0    -999    78    17.96    -17.53     -3.88    11  -999.0    -999     0   0   0   0    -999.000  -999.000
0243    60.5   912.6     22.50     83.1     888    77    17.92    -17.49     -3.91    11    -0.7     888     0   0   0   0      14.829   -60.026
0244    60.8  -999.0   -999.00   -999.0    -999    77    17.88    -17.44     -3.94    11  -999.0    -999     0   0   0   0    -999.000  -999.000
0245    61.0   913.2     22.47     83.8     883    77    17.85    -17.40     -3.98    11    -0.7     883     0   0   0   0      14.829   -60.026
0246    61.3  -999.0   -999.00   -999.0    -999    77    17.83    -17.37     -4.03    11  -999.0    -999     0   0   0   0    -999.000  -999.000
0247    61.5   913.8     22.44     84.5     877    77    17.81    -17.34     -4.07    11    -0.7     877     0   0   0   0      14.829   -60.026
0248    61.8  -999.0   -999.00   -999.0    -999    77    17.80    -17.31     -4.13    11  -999.0    -999     0   0   0   0    -999.000  -999.000
0249    62.0   914.3     22.41     85.1     872    76    17.79    -17.29     -4.19    11    -0.7     872     0   0   0   0      14.829   -60.026
0250    62.3  -999.0   -999.00   -999.0    -999    76    17.80    -17.28     -4.25    11  -999.0    -999     0   0   0   0    -999.000  -999.000
0251    62.5   914.9     22.38     85.6     866    76    17.81    -17.28     -4.32    11    -0.6     866     0   0   0   0      14.829   -60.026
0252    62.8  -999.0   -999.00   -999.0    -999    76    17.83    -17.28     -4.39    11  -999.0    -999     0   0   0   0    -999.000  -999.000
0253    63.0   915.5     22.35     86.1     861    76    17.86    -17.29     -4.47    11    -0.6     861     0   0   0   0      14.829   -60.026
0254    63.3  -999.0   -999.00   -999.0    -999    75    17.90    -17.31     -4.55    11  -999.0    -999     0   0   0   0    -999.000  -999.000
0255    63.5   916.1     22.32     86.5     855    75    17.94    -17.33     -4.64    11    -0.6     855     0   0   0   0      14.829   -60.026
0256    63.8  -999.0   -999.00   -999.0    -999    75    17.99    -17.36     -4.72    11  -999.0    -999     0   0   0   0    -999.000  -999.000
0257    64.0   916.6     22.30     86.9     850    75    18.05    -17.39     -4.81    11    -0.5     850     0   0   0   0      14.829   -60.026
0258    64.3  -999.0   -999.00   -999.0    -999    74    18.10    -17.43     -4.90    11  -999.0    -999     0   0   0   0    -999.000  -999.000
0259    64.5   917.2     22.29     87.2     845    74    18.16    -17.46     -4.99    11    -0.5     845     0   0   0   0      14.829   -60.026
0260    64.8  -999.0   -999.00   -999.0    -999    74    18.21    -17.49     -5.08    11  -999.0    -999     0   0   0   0    -999.000  -999.000
0261    65.0   917.8     22.28     87.6     839    74    18.27    -17.52     -5.16    11    -0.4     839     0   0   0   0      14.829   -60.026
0262    65.3  -999.0   -999.00   -999.0    -999    73    18.32    -17.55     -5.25    11  -999.0    -999     0   0   0   0    -999.000  -999.000
0263    65.5   918.3     22.27     88.0     834    73    18.36    -17.57     -5.33    11    -0.4     834     0   0   0   0      14.829   -60.026
0264    65.8  -999.0   -999.00   -999.0    -999    73    18.41    -17.59     -5.41    11  -999.0    -999     0   0   0   0    -999.000  -999.000
0265    66.0   918.9     22.27     88.3     829    73    18.45    -17.61     -5.49    11    -0.4     829     0   0   0   0      14.829   -60.026
0266    66.3  -999.0   -999.00   -999.0    -999    72    18.48    -17.63     -5.56    11  -999.0    -999     0   0   0   0    -999.000  -999.000
0267    66.5   919.4     22.27     88.7     823    72    18.52    -17.65     -5.63    11    -0.4     823     0   0   0   0      14.829   -60.027
0268    66.8  -999.0   -999.00   -999.0    -999    72    18.56    -17.66     -5.70    11  -999.0    -999     0   0   0   0    -999.000  -999.000
0269    67.0   920.0     22.27     89.0     818    72    18.59    -17.68     -5.76    11    -0.4     818     0   0   0   0      14.829   -60.027
0270    67.3  -999.0   -999.00   -999.0    -999    72    18.62    -17.69     -5.82    11  -999.0    -999     0   0   0   0    -999.000  -999.000
0271    67.5   920.5     22.28     89.2     813    72    18.66    -17.71     -5.88    11    -0.4     813     0   0   0   0      14.829   -60.027
0272    67.8  -999.0   -999.00   -999.0    -999    71    18.68    -17.72     -5.93    11  -999.0    -999     0   0   0   0    -999.000  -999.000
0273    68.0   921.1     22.29     89.5     808    71    18.71    -17.73     -5.99    11    -0.4     808     0   0   0   0      14.829   -60.027
0274    68.3  -999.0   -999.00   -999.0    -999    71    18.73    -17.73     -6.05    11  -999.0    -999     0   0   0   0    -999.000  -999.000
0275    68.5   921.7     22.30     89.6     802    71    18.75    -17.73     -6.10    11    -0.4     802     0   0   0   0      14.829   -60.027
0276    68.8  -999.0   -999.00   -999.0    -999    71    18.76    -17.71     -6.16    10  -999.0    -999     0   0   0   0    -999.000  -999.000
0277    69.0   922.2     22.32     89.7     797    71    18.76    -17.69     -6.22    10    -0.4     797     0   0   0   0      14.829   -60.027
0278    69.3  -999.0   -999.00   -999.0    -999    70    18.75    -17.66     -6.29    10  -999.0    -999     0   0   0   0    -999.000  -999.000
0279    69.5   922.8     22.34     89.8     792    70    18.73    -17.62     -6.35    10    -0.5     792     0   0   0   0      14.829   -60.027
0280    69.8  -999.0   -999.00   -999.0    -999    70    18.71    -17.57     -6.42    10  -999.0    -999     0   0   0   0    -999.000  -999.000
0281    70.0   923.4     22.37     89.8     786    70    18.68    -17.52     -6.49    10    -0.5     786     0   0   0   0      14.828   -60.027
0282    70.3  -999.0   -999.00   -999.0    -999    69    18.64    -17.45     -6.55    10  -999.0    -999     0   0   0   0    -999.000  -999.000
0283    70.5   923.9     22.40     89.8     781    69    18.60    -17.38     -6.61    10    -0.5     781     0   0   0   0      14.828   -60.027
0284    70.8  -999.0   -999.00   -999.0    -999    69    18.55    -17.30     -6.67    11  -999.0    -999     0   0   0   0    -999.000  -999.000
0285    71.0   924.5     22.43     89.7     775    69    18.49    -17.23     -6.73    11    -0.5     775     0   0   0   0      14.828   -60.027
0286    71.3  -999.0   -999.00   -999.0    -999    68    18.44    -17.15     -6.79    11  -999.0    -999     0   0   0   0    -999.000  -999.000
0287    71.5  -999.0   -999.00   -999.0    -999    68    18.39    -17.07     -6.84    11  -999.0    -999     0   0   0   0      14.828   -60.027
0288    71.8  -999.0   -999.00   -999.0    -999    68    18.34    -17.00     -6.89    11  -999.0    -999     0   0   0   0    -999.000  -999.000
0289    72.0   925.6     22.50     89.7     765    68    18.29    -16.93     -6.93    11    -0.4     765     0   0   0   0      14.828   -60.027
0290    72.3  -999.0   -999.00   -999.0    -999    68    18.25    -16.87     -6.97    11  -999.0    -999     0   0   0   0    -999.000  -999.000
0291    72.5   926.2     22.53     89.6     759    67    18.22    -16.82     -7.01    11    -0.4     759     0   0   0   0      14.828   -60.028
0292    72.8  -999.0   -999.00   -999.0    -999    67    18.19    -16.78     -7.04    11  -999.0    -999     0   0   0   0    -999.000  -999.000
0293    73.0   926.8     22.57     89.6     754    67    18.18    -16.74     -7.07    11    -0.4     754     0   0   0   0      14.828   -60.028
0294    73.3  -999.0   -999.00   -999.0    -999    67    18.17    -16.72     -7.09    11  -999.0    -999     0   0   0   0    -999.000  -999.000
0295    73.5   927.3     22.61     89.6     749    67    18.16    -16.71     -7.11    11    -0.3     749     0   0   0   0      14.828   -60.028
0296    73.8  -999.0   -999.00   -999.0    -999    67    18.17    -16.72     -7.12    11  -999.0    -999     0   0   0   0    -999.000  -999.000
0297    74.0   927.9     22.64     89.6     743    67    18.18    -16.73     -7.12    11    -0.3     743     0   0   0   0      14.828   -60.028
0298    74.3  -999.0   -999.00   -999.0    -999    67    18.20    -16.75     -7.11    11  -999.0    -999     0   0   0   0    -999.000  -999.000
0299    74.5   928.4     22.68     89.6     738    67    18.21    -16.78     -7.09    11    -0.3     738     0   0   0   0      14.828   -60.028
0300    74.8  -999.0   -999.00   -999.0    -999    67    18.24    -16.81     -7.07    11  -999.0    -999     0   0   0   0    -999.000  -999.000
0301    75.0   929.0     22.71     89.5     733    67    18.26    -16.85     -7.03    11    -0.2     733     0   0   0   0      14.828   -60.028
0302    75.3  -999.0   -999.00   -999.0    -999    68    18.29    -16.90     -6.99    11  -999.0    -999     0   0   0   0    -999.000  -999.000
0303    75.5   929.6     22.75     89.4     728    68    18.31    -16.95     -6.94    11    -0.2     728     0   0   0   0      14.828   -60.028
0304    75.8  -999.0   -999.00   -999.0    -999    68    18.34    -17.00     -6.88    11  -999.0    -999     0   0   0   0    -999.000  -999.000
0305    76.0   930.1     22.79     89.4     722    68    18.37    -17.06     -6.81    11    -0.2     722     0   0   0   0      14.828   -60.028
0306    76.3  -999.0   -999.00   -999.0    -999    68    18.40    -17.12     -6.75    11  -999.0    -999     0   0   0   0    -999.000  -999.000
0307    76.5   930.7     22.83     89.2     717    69    18.43    -17.18     -6.67    11    -0.2     717     0   0   0   0      14.828   -60.028
0308    76.8  -999.0   -999.00   -999.0    -999    69    18.46    -17.24     -6.60    11  -999.0    -999     0   0   0   0    -999.000  -999.000
0309    77.0   931.2     22.87     89.1     712    69    18.49    -17.30     -6.53    11    -0.1     712     0   0   0   0      14.828   -60.028
0310    77.3  -999.0   -999.00   -999.0    -999    70    18.53    -17.36     -6.46    11  -999.0    -999     0   0   0   0    -999.000  -999.000
0311    77.5   931.7     22.91     88.9     707    70    18.56    -17.43     -6.39    11    -0.2     707     0   0   0   0      14.828   -60.028
0312    77.8  -999.0   -999.00   -999.0    -999  -999  -999.00   -999.00   -999.00    11  -999.0    -999     0   0   0   0    -999.000  -999.000
0313    78.0   932.3     22.95     88.8     702    70    18.64    -17.55     -6.26    11    -0.2     702     0   0   0   0      14.828   -60.028
0314    78.3  -999.0   -999.00   -999.0    -999    71    18.68    -17.62     -6.20    11  -999.0    -999     0   0   0   0    -999.000  -999.000
0315    78.5   932.8     22.99     88.6     697    71    18.71    -17.68     -6.14    11    -0.2     697     0   0   0   0      14.828   -60.028
0316    78.8  -999.0   -999.00   -999.0    -999    71    18.75    -17.74     -6.08    11  -999.0    -999     0   0   0   0    -999.000  -999.000
0317    79.0   933.4     23.04     88.4     691    71    18.78    -17.79     -6.02    11    -0.3     691     0   0   0   0      14.828   -60.029
0318    79.3  -999.0   -999.00   -999.0    -999    72    18.81    -17.84     -5.96    11  -999.0    -999     0   0   0   0    -999.000  -999.000
0319    79.5   934.0     23.08     88.2     686    72    18.84    -17.89     -5.90    11    -0.4     686     0   0   0   0      14.828   -60.029
0320    79.8  -999.0   -999.00   -999.0    -999    72    18.86    -17.93     -5.84    11  -999.0    -999     0   0   0   0    -999.000  -999.000
0321    80.0   934.5     23.13     88.1     681    72    18.88    -17.97     -5.78    11    -0.5     681     0   0   0   0      14.828   -60.029
0322    80.3  -999.0   -999.00   -999.0    -999    72    18.89    -18.00     -5.73    11  -999.0    -999     0   0   0   0    -999.000  -999.000
0323    80.5   935.1     23.17     87.9     676    73    18.90    -18.03     -5.67    11    -0.6     676     0   0   0   0      14.828   -60.029
0324    80.8  -999.0   -999.00   -999.0    -999    73    18.91    -18.05     -5.62    11  -999.0    -999     0   0   0   0    -999.000  -999.000
0325    81.0   935.7     23.22     87.8     670    73    18.91    -18.07     -5.57    11    -0.7     670     0   0   0   0      14.828   -60.029
0326    81.3  -999.0   -999.00   -999.0    -999    73    18.91    -18.09     -5.53    11  -999.0    -999     0   0   0   0    -999.000  -999.000
0327    81.5   936.3     23.27     87.7     665    73    18.91    -18.10     -5.49    11    -0.8     665     0   0   0   0      14.828   -60.029
0328    81.8  -999.0   -999.00   -999.0    -999    73    18.91    -18.10     -5.46    11  -999.0    -999     0   0   0   0    -999.000  -999.000
0329    82.0   936.9     23.31     87.6     659    73    18.91    -18.11     -5.44    11    -0.9     659     0   0   0   0      14.828   -60.029
0330    82.3  -999.0   -999.00   -999.0    -999    73    18.91    -18.11     -5.43    11  -999.0    -999     0   0   0   0    -999.000  -999.000
0331    82.5   937.5     23.36     87.5     653    73    18.91    -18.12     -5.42    11    -0.9     653     0   0   0   0      14.828   -60.029
0332    82.8  -999.0   -999.00   -999.0    -999    73    18.91    -18.12     -5.42    11  -999.0    -999     0   0   0   0    -999.000  -999.000
0333    83.0   938.1     23.40     87.4     648    73    18.92    -18.12     -5.43    11    -1.0     648     0   0   0   0      14.828   -60.029
0334    83.3  -999.0   -999.00   -999.0    -999    73    18.92    -18.12     -5.44    11  -999.0    -999     0   0   0   0    -999.000  -999.000
0335    83.5   938.7     23.45     87.2     642    73    18.93    -18.13     -5.46    11    -1.0     642     0   0   0   0      14.828   -60.029
0336    83.8  -999.0   -999.00   -999.0    -999    73    18.94    -18.13     -5.48    11  -999.0    -999     0   0   0   0    -999.000  -999.000
0337    84.0  -999.0   -999.00   -999.0    -999  -999  -999.00   -999.00   -999.00     0  -999.0    -999     0   0   0   0    -999.000  -999.000
0338    84.3  -999.0   -999.00   -999.0    -999  -999  -999.00   -999.00   -999.00     0  -999.0    -999     0   0   0   0    -999.000  -999.000
0339    84.5   939.9     23.54     86.9     631    73    18.98    -18.14     -5.57    11    -1.0     631     0   0   0   0      14.828   -60.029
0340    84.8  -999.0   -999.00   -999.0    -999    73    18.99    -18.15     -5.60    11  -999.0    -999     0   0   0   0    -999.000  -999.000
0341    85.0   940.5     23.59     86.7     625    73    19.01    -18.16     -5.63    11    -1.0     625     0   0   0   0      14.828   -60.030
0342    85.3  -999.0   -999.00   -999.0    -999    73    19.03    -18.17     -5.67    11  -999.0    -999     0   0   0   0    -999.000  -999.000
0343    85.5   941.1     23.64     86.5     620    73    19.06    -18.18     -5.71    11    -0.9     620     0   0   0   0      14.828   -60.030
0344    85.8  -999.0   -999.00   -999.0    -999    72    19.08    -18.20     -5.74    11  -999.0    -999     0   0   0   0    -999.000  -999.000
0345    86.0   941.7     23.69     86.2     614    72    19.11    -18.21     -5.78    11    -0.9     614     0   0   0   0      14.828   -60.030
0346    86.3  -999.0   -999.00   -999.0    -999    72    19.13    -18.22     -5.82    11  -999.0    -999     0   0   0   0    -999.000  -999.000
0347    86.5   942.2     23.74     86.0     609    72    19.15    -18.23     -5.86    11    -0.9     609     0   0   0   0      14.828   -60.030
0348    86.8  -999.0   -999.00   -999.0    -999    72    19.17    -18.24     -5.90    11  -999.0    -999     0   0   0   0    -999.000  -999.000
0349    87.0   942.8     23.79     85.7     603    72    19.18    -18.24     -5.93    11    -0.9     603     0   0   0   0      14.828   -60.030
0350    87.3  -999.0   -999.00   -999.0    -999    72    19.19    -18.24     -5.96    11  -999.0    -999     0   0   0   0    -999.000  -999.000
0351    87.5   943.4     23.84     85.5     598    72    19.19    -18.23     -5.99    11    -0.8     598     0   0   0   0      14.828   -60.030
0352    87.8  -999.0   -999.00   -999.0    -999    72    19.18    -18.21     -6.02    11  -999.0    -999     0   0   0   0    -999.000  -999.000
0353    88.0   944.0     23.89     85.3     592    72    19.16    -18.19     -6.04    11    -0.8     592     0   0   0   0      14.827   -60.030
0354    88.3  -999.0   -999.00   -999.0    -999    72    19.14    -18.16     -6.05    11  -999.0    -999     0   0   0   0    -999.000  -999.000
0355    88.5   944.6     23.94     85.1     587    72    19.11    -18.13     -6.05    11    -0.8     587     0   0   0   0      14.827   -60.030
0356    88.8  -999.0   -999.00   -999.0    -999    72    19.08    -18.10     -6.04    11  -999.0    -999     0   0   0   0    -999.000  -999.000
0357    89.0   945.2     23.98     84.9     581    72    19.04    -18.06     -6.03    11    -0.8     581     0   0   0   0      14.827   -60.030
0358    89.3  -999.0   -999.00   -999.0    -999    72    19.01    -18.03     -6.01    11  -999.0    -999     0   0   0   0    -999.000  -999.000
0359    89.5   945.8     24.03     84.7     576    72    18.97    -18.01     -5.97    11    -0.8     576     0   0   0   0      14.827   -60.030
0360    89.8  -999.0   -999.00   -999.0    -999    72    18.94    -17.98     -5.93    11  -999.0    -999     0   0   0   0    -999.000  -999.000
0361    90.0   946.4     24.08     84.5     570    72    18.90    -17.96     -5.89    11    -0.8     570     0   0   0   0      14.827   -60.030
0362    90.3  -999.0   -999.00   -999.0    -999    72    18.87    -17.95     -5.84    11  -999.0    -999     0   0   0   0    -999.000  -999.000
0363    90.5   947.0     24.13     84.3     565    72    18.84    -17.93     -5.79    11    -0.8     565     0   0   0   0      14.827   -60.030
0364    90.8  -999.0   -999.00   -999.0    -999    72    18.82    -17.93     -5.74    11  -999.0    -999     0   0   0   0    -999.000  -999.000
0365    91.0   947.6     24.18     84.0     559    72    18.81    -17.92     -5.69    11    -0.8     559     0   0   0   0      14.827   -60.031
0366    91.3  -999.0   -999.00   -999.0    -999    73    18.79    -17.93     -5.65    11  -999.0    -999     0   0   0   0    -999.000  -999.000
0367    91.5   948.1     24.23     83.8     554    73    18.79    -17.93     -5.61    11    -0.8     554     0   0   0   0      14.827   -60.031
0368    91.8  -999.0   -999.00   -999.0    -999    73    18.79    -17.94     -5.58    11  -999.0    -999     0   0   0   0    -999.000  -999.000
0369    92.0   948.7     24.27     83.6     548    73    18.79    -17.95     -5.56    11    -0.8     548     0   0   0   0      14.827   -60.031
0370    92.3  -999.0   -999.00   -999.0    -999    73    18.80    -17.97     -5.55    11  -999.0    -999     0   0   0   0    -999.000  -999.000
0371    92.5   949.3     24.32     83.4     543    73    18.81    -17.98     -5.54    11    -0.7     543     0   0   0   0      14.827   -60.031
0372    92.8  -999.0   -999.00   -999.0    -999    73    18.83    -17.99     -5.54    11  -999.0    -999     0   0   0   0    -999.000  -999.000
0373    93.0   949.9     24.37     83.3     538    73    18.84    -18.00     -5.55    10    -0.7     538     0   0   0   0      14.827   -60.031
0374    93.3  -999.0   -999.00   -999.0    -999    73    18.85    -18.01     -5.56    10  -999.0    -999     0   0   0   0    -999.000  -999.000
0375    93.5   950.5     24.41     83.2     532    73    18.85    -18.01     -5.57    10    -0.7     532     0   0   0   0      14.827   -60.031
0376    93.8  -999.0   -999.00   -999.0    -999    73    18.86    -18.01     -5.59    10  -999.0    -999     0   0   0   0    -999.000  -999.000
0377    94.0   951.1     24.46     83.2     527    73    18.85    -18.00     -5.60    10    -0.6     527     0   0   0   0      14.827   -60.031
0378    94.3  -999.0   -999.00   -999.0    -999    73    18.85    -17.99     -5.62    10  -999.0    -999     0   0   0   0    -999.000  -999.000
0379    94.5   951.7     24.50     83.1     521    73    18.83    -17.97     -5.63    10    -0.6     521     0   0   0   0      14.827   -60.031
0380    94.8  -999.0   -999.00   -999.0    -999    73    18.82    -17.95     -5.65    10  -999.0    -999     0   0   0   0    -999.000  -999.000
0381    95.0   952.2     24.55     83.1     516    72    18.80    -17.93     -5.66    11    -0.5     516     0   0   0   0      14.827   -60.031
0382    95.3  -999.0   -999.00   -999.0    -999    72    18.78    -17.90     -5.68    11  -999.0    -999     0   0   0   0    -999.000  -999.000
0383    95.5   952.8     24.59     83.0     511    72    18.75    -17.87     -5.69    11    -0.5     511     0   0   0   0      14.827   -60.031
0384    95.8  -999.0   -999.00   -999.0    -999    72    18.73    -17.84     -5.71    11  -999.0    -999     0   0   0   0    -999.000  -999.000
0385    96.0   953.4     24.63     83.0     505    72    18.70    -17.80     -5.73    11    -0.5     505     0   0   0   0      14.827   -60.031
0386    96.3  -999.0   -999.00   -999.0    -999    72    18.67    -17.77     -5.75    11  -999.0    -999     0   0   0   0    -999.000  -999.000
0387    96.5   953.9     24.68     82.9     500    72    18.65    -17.73     -5.77    11    -0.4     500     0   0   0   0      14.827   -60.031
0388    96.8  -999.0   -999.00   -999.0    -999    72    18.62    -17.69     -5.79    11  -999.0    -999     0   0   0   0    -999.000  -999.000
0389    97.0   954.5     24.72     82.9     495    72    18.59    -17.66     -5.82    11    -0.4     495     0   0   0   0      14.827   -60.032
0390    97.3  -999.0   -999.00   -999.0    -999    72    18.57    -17.62     -5.85    11  -999.0    -999     0   0   0   0    -999.000  -999.000
0391    97.5   955.1     24.76     82.8     490    72    18.54    -17.59     -5.87    11    -0.3     490     0   0   0   0      14.827   -60.032
0392    97.8  -999.0   -999.00   -999.0    -999    71    18.52    -17.55     -5.90    11  -999.0    -999     0   0   0   0    -999.000  -999.000
0393    98.0   955.7     24.80     82.6     484    71    18.49    -17.51     -5.94    11    -0.2     484     0   0   0   0      14.827   -60.032
0394    98.3  -999.0   -999.00   -999.0    -999    71    18.47    -17.48     -5.97    11  -999.0    -999     0   0   0   0    -999.000  -999.000
0395    98.5   956.2     24.85     82.4     479    71    18.45    -17.44     -6.00    11    -0.2     479     0   0   0   0      14.827   -60.032
0396    98.8  -999.0   -999.00   -999.0    -999    71    18.42    -17.41     -6.03    11  -999.0    -999     0   0   0   0    -999.000  -999.000
0397    99.0   956.8     24.90     82.2     474    71    18.40    -17.37     -6.07    11    -0.1     474     0   0   0   0      14.827   -60.032
0398    99.3  -999.0   -999.00   -999.0    -999    71    18.37    -17.33     -6.10    11  -999.0    -999     0   0   0   0    -999.000  -999.000
0399    99.5   957.3     24.94     82.0     469    70    18.34    -17.29     -6.14    11    -0.1     469     0   0   0   0      14.827   -60.032
0400    99.8  -999.0   -999.00   -999.0    -999    70    18.31    -17.24     -6.17    11  -999.0    -999     0   0   0   0    -999.000  -999.000
0401   100.0   957.9     24.99     81.8     464    70    18.29    -17.20     -6.21    11    -0.0     464     0   0   0   0      14.827   -60.032
0402   100.3  -999.0   -999.00   -999.0    -999    70    18.26    -17.15     -6.25    11  -999.0    -999     0   0   0   0    -999.000  -999.000
0403   100.5   958.4     25.04     81.6     459    70    18.22    -17.11     -6.28    11    -0.0     459     0   0   0   0      14.827   -60.032
0404   100.8  -999.0   -999.00   -999.0    -999    70    18.19    -17.06     -6.32    11  -999.0    -999     0   0   0   0    -999.000  -999.000
0405   101.0   959.0     25.09     81.3     454    69    18.16    -17.01     -6.36    11     0.0     454     0   0   0   0      14.827   -60.032
0406   101.3  -999.0   -999.00   -999.0    -999    69    18.13    -16.96     -6.40    11  -999.0    -999     0   0   0   0    -999.000  -999.000
0407   101.5   959.5     25.14     81.1     449    69    18.09    -16.91     -6.43    11     0.0     449     0   0   0   0      14.827   -60.032
0408   101.8  -999.0   -999.00   -999.0    -999    69    18.05    -16.86     -6.46    11  -999.0    -999     0   0   0   0    -999.000  -999.000
0409   102.0   960.1     25.18     80.8     444    69    18.02    -16.81     -6.49    11     0.0     444     0   0   0   0      14.827   -60.032
0410   102.3  -999.0   -999.00   -999.0    -999    69    17.99    -16.76     -6.52    11  -999.0    -999     0   0   0   0    -999.000  -999.000
0411   102.5   960.6     25.23     80.6     439    69    17.95    -16.71     -6.55    11     0.0     439     0   0   0   0      14.827   -60.032
0412   102.8  -999.0   -999.00   -999.0    -999    68    17.92    -16.67     -6.58    11  -999.0    -999     0   0   0   0    -999.000  -999.000
0413   103.0   961.2     25.28     80.3     434    68    17.90    -16.63     -6.60    11    -0.0     434     0   0   0   0      14.827   -60.033
0414   103.3  -999.0   -999.00   -999.0    -999    68    17.87    -16.60     -6.63    11  -999.0    -999     0   0   0   0    -999.000  -999.000
0415   103.5   961.7     25.33     80.1     429    68    17.86    -16.57     -6.66    11    -0.1     429     0   0   0   0      14.827   -60.033
0416   103.8  -999.0   -999.00   -999.0    -999    68    17.84    -16.54     -6.68    11  -999.0    -999     0   0   0   0    -999.000  -999.000
0417   104.0   962.3     25.38     79.9     424    68    17.83    -16.52     -6.71    11    -0.1     424     0   0   0   0      14.827   -60.033
0418   104.3  -999.0   -999.00   -999.0    -999    68    17.83    -16.50     -6.74    11  -999.0    -999     0   0   0   0    -999.000  -999.000
0419   104.5   962.8     25.43     79.8     419    68    17.82    -16.49     -6.77    11    -0.2     419     0   0   0   0      14.827   -60.033
0420   104.8  -999.0   -999.00   -999.0    -999    68    17.82    -16.48     -6.80    11  -999.0    -999     0   0   0   0    -999.000  -999.000
0421   105.0   963.4     25.47     79.6     413    67    17.83    -16.47     -6.82    11    -0.2     413     0   0   0   0      14.827   -60.033
0422   105.3  -999.0   -999.00   -999.0    -999    67    17.83    -16.46     -6.85    11  -999.0    -999     0   0   0   0    -999.000  -999.000
0423   105.5   963.9     25.52     79.5     408    67    17.84    -16.46     -6.88    11    -0.3     408     0   0   0   0      14.827   -60.033
0424   105.8  -999.0   -999.00   -999.0    -999    67    17.85    -16.47     -6.90    11  -999.0    -999     0   0   0   0    -999.000  -999.000
0425   106.0   964.5     25.56     79.4     403    67    17.87    -16.47     -6.92    11    -0.3     403     0   0   0   0      14.826   -60.033
0426   106.3  -999.0   -999.00   -999.0    -999    67    17.88    -16.48     -6.94    11  -999.0    -999     0   0   0   0    -999.000  -999.000
0427   106.5   965.1     25.60     79.3     398    67    17.90    -16.50     -6.95    11    -0.3     398     0   0   0   0      14.826   -60.033
0428   106.8  -999.0   -999.00   -999.0    -999    67    17.93    -16.52     -6.96    11  -999.0    -999     0   0   0   0    -999.000  -999.000
0429   107.0   965.7     25.63     79.2     393    67    17.95    -16.54     -6.98    11    -0.3     393     0   0   0   0      14.826   -60.033
0430   107.3  -999.0   -999.00   -999.0    -999    67    17.98    -16.57     -6.99    11  -999.0    -999     0   0   0   0    -999.000  -999.000
0431   107.5   966.2     25.67     79.1     387    67    18.01    -16.60     -7.00    11    -0.3     387     0   0   0   0      14.826   -60.033
0432   107.8  -999.0   -999.00   -999.0    -999    67    18.05    -16.63     -7.01    11  -999.0    -999     0   0   0   0    -999.000  -999.000
0433   108.0   966.8     25.70     79.1     382    67    18.08    -16.66     -7.02    11    -0.3     382     0   0   0   0      14.826   -60.033
0434   108.3  -999.0   -999.00   -999.0    -999    67    18.12    -16.70     -7.03    11  -999.0    -999     0   0   0   0    -999.000  -999.000
0435   108.5   967.4     25.73     79.0     377    67    18.16    -16.74     -7.04    11    -0.3     377     0   0   0   0      14.826   -60.033
0436   108.8  -999.0   -999.00   -999.0    -999    67    18.20    -16.77     -7.06    11  -999.0    -999     0   0   0   0    -999.000  -999.000
0437   109.0   967.9     25.76     79.0     372    67    18.23    -16.80     -7.08    11    -0.2     372     0   0   0   0      14.826   -60.033
0438   109.3  -999.0   -999.00   -999.0    -999    67    18.27    -16.84     -7.10    11  -999.0    -999     0   0   0   0    -999.000  -999.000
0439   109.5   968.5     25.78     79.1     367    67    18.31    -16.87     -7.12    11    -0.2     367     0   0   0   0      14.826   -60.034
0440   109.8  -999.0   -999.00   -999.0    -999    67    18.35    -16.89     -7.15    11  -999.0    -999     0   0   0   0    -999.000  -999.000
0441   110.0   969.1     25.80     79.1     361    67    18.38    -16.92     -7.18    11    -0.2     361     0   0   0   0      14.826   -60.034
0442   110.3  -999.0   -999.00   -999.0    -999    67    18.41    -16.94     -7.21    11  -999.0    -999     0   0   0   0    -999.000  -999.000
0443   110.5   969.6     25.83     79.2     356    67    18.44    -16.96     -7.24    11    -0.1     356     0   0   0   0      14.826   -60.034
0444   110.8  -999.0   -999.00   -999.0    -999    67    18.47    -16.98     -7.28    10  -999.0    -999     0   0   0   0    -999.000  -999.000
0445   111.0   970.2     25.85     79.3     351    67    18.50    -16.99     -7.32    10    -0.1     351     0   0   0   0      14.826   -60.034
0446   111.3  -999.0   -999.00   -999.0    -999    67    18.53    -17.01     -7.37    10  -999.0    -999     0   0   0   0    -999.000  -999.000
0447   111.5   970.7     25.87     79.4     346    66    18.56    -17.02     -7.41    10    -0.1     346     0   0   0   0      14.826   -60.034
0448   111.8  -999.0   -999.00   -999.0    -999    66    18.59    -17.03     -7.46    10  -999.0    -999     0   0   0   0    -999.000  -999.000
0449   112.0   971.3     25.89     79.4     341    66    18.63    -17.05     -7.51    10    -0.1     341     0   0   0   0      14.826   -60.034
0450   112.3  -999.0   -999.00   -999.0    -999    66    18.66    -17.06     -7.56    10  -999.0    -999     0   0   0   0    -999.000  -999.000
0451   112.5   971.8     25.91     79.5     336    66    18.69    -17.08     -7.60    10    -0.1     336     0   0   0   0      14.826   -60.034
0452   112.8  -999.0   -999.00   -999.0    -999    66    18.73    -17.09     -7.65     9  -999.0    -999     0   0   0   0    -999.000  -999.000
0453   113.0   972.4     25.92     79.5     331    66    18.76    -17.11     -7.69    10    -0.1     331     0   0   0   0      14.826   -60.034
0454   113.3  -999.0   -999.00   -999.0    -999    66    18.80    -17.13     -7.73    10  -999.0    -999     0   0   0   0    -999.000  -999.000
0455   113.5   972.9     25.94     79.5     326    66    18.83    -17.16     -7.76    10    -0.1     326     0   0   0   0      14.826   -60.034
0456   113.8  -999.0   -999.00   -999.0    -999    66    18.87    -17.18     -7.80    10  -999.0    -999     0   0   0   0    -999.000  -999.000
0457   114.0   973.5     25.96     79.5     321    66    18.90    -17.21     -7.82    10    -0.1     321     0   0   0   0      14.826   -60.034
0458   114.3  -999.0   -999.00   -999.0    -999    66    18.94    -17.24     -7.85    11  -999.0    -999     0   0   0   0    -999.000  -999.000
0459   114.5   974.1     25.99     79.4     316    66    18.98    -17.27     -7.87    11    -0.1     316     0   0   0   0      14.826   -60.034
0460   114.8  -999.0   -999.00   -999.0    -999    65    19.01    -17.30     -7.89    11  -999.0    -999     0   0   0   0    -999.000  -999.000
0461   115.0   974.6     26.01     79.3     311    65    19.05    -17.33     -7.91    11    -0.1     311     0   0   0   0      14.826   -60.034
0462   115.3  -999.0   -999.00   -999.0    -999    65    19.08    -17.36     -7.92    11  -999.0    -999     0   0   0   0    -999.000  -999.000
0463   115.5   975.2     26.03     79.1     306    65    19.11    -17.39     -7.93    11    -0.1     306     0   0   0   0      14.826   -60.034
0464   115.8  -999.0   -999.00   -999.0    -999    65    19.14    -17.41     -7.95    11  -999.0    -999     0   0   0   0    -999.000  -999.000
0465   116.0   975.7     26.06     79.0     301    65    19.17    -17.44     -7.96    11    -0.1     301     0   0   0   0      14.826   -60.035
0466   116.3  -999.0   -999.00   -999.0    -999    65    19.19    -17.45     -7.97    11  -999.0    -999     0   0   0   0    -999.000  -999.000
0467   116.5   976.3     26.09     78.9     296    65    19.21    -17.47     -7.98    11    -0.1     296     0   0   0   0      14.826   -60.035
0468   116.8  -999.0   -999.00   -999.0    -999    65    19.23    -17.49     -7.99    11  -999.0    -999     0   0   0   0    -999.000  -999.000
0469   117.0   976.8     26.12     78.8     291    65    19.24    -17.50     -8.01    11    -0.1     291     0   0   0   0      14.826   -60.035
0470   117.3  -999.0   -999.00   -999.0    -999    65    19.26    -17.51     -8.02    11  -999.0    -999     0   0   0   0    -999.000  -999.000
0471   117.5   977.4     26.14     78.7     286    65    19.27    -17.52     -8.03    11    -0.1     286     0   0   0   0      14.826   -60.035
0472   117.8  -999.0   -999.00   -999.0    -999    65    19.29    -17.53     -8.05    11  -999.0    -999     0   0   0   0    -999.000  -999.000
0473   118.0   978.0     26.17     78.7     281    65    19.30    -17.54     -8.06    11    -0.1     281     0   0   0   0      14.826   -60.035
0474   118.3  -999.0   -999.00   -999.0    -999    65    19.32    -17.55     -8.08    11  -999.0    -999     0   0   0   0    -999.000  -999.000
0475   118.5   978.5     26.20     78.7     275    65    19.33    -17.56     -8.09    11    -0.1     275     0   0   0   0      14.826   -60.035
0476   118.8  -999.0   -999.00   -999.0    -999    65    19.35    -17.57     -8.11    11  -999.0    -999     0   0   0   0    -999.000  -999.000
0477   119.0   979.1     26.23     78.8     270    65    19.37    -17.58     -8.13    10    -0.1     270     0   0   0   0      14.826   -60.035
0478   119.3  -999.0   -999.00   -999.0    -999    65    19.39    -17.59     -8.15    10  -999.0    -999     0   0   0   0    -999.000  -999.000
0479   119.5   979.6     26.27     78.9     265    65    19.41    -17.60     -8.17    10    -0.2     265     0   0   0   0      14.826   -60.035
0480   119.8  -999.0   -999.00   -999.0    -999    65    19.43    -17.61     -8.20    10  -999.0    -999     0   0   0   0    -999.000  -999.000
0481   120.0   980.2     26.30     79.0     260    65    19.45    -17.63     -8.23    11    -0.2     260     0   0   0   0      14.826   -60.035
0482   120.3  -999.0   -999.00   -999.0    -999    65    19.48    -17.64     -8.26    11  -999.0    -999     0   0   0   0    -999.000  -999.000
0483   120.5   980.8     26.33     79.1     255    65    19.51    -17.66     -8.30    11    -0.2     255     0   0   0   0      14.826   -60.035
0484   120.8  -999.0   -999.00   -999.0    -999    65    19.54    -17.67     -8.34    11  -999.0    -999     0   0   0   0    -999.000  -999.000
0485   121.0   981.3     26.36     79.2     250    65    19.58    -17.69     -8.39    11    -0.2     250     0   0   0   0      14.825   -60.035
0486   121.3  -999.0   -999.00   -999.0    -999    65    19.62    -17.71     -8.44    10  -999.0    -999     0   0   0   0    -999.000  -999.000
0487   121.5   981.9     26.39     79.4     245    64    19.66    -17.73     -8.49    10    -0.2     245     0   0   0   0      14.825   -60.035
0488   121.8  -999.0   -999.00   -999.0    -999    64    19.70    -17.76     -8.54    11  -999.0    -999     0   0   0   0    -999.000  -999.000
0489   122.0   982.5     26.43     79.5     240    64    19.75    -17.78     -8.59    11    -0.2     240     0   0   0   0      14.825   -60.036
0490   122.3  -999.0   -999.00   -999.0    -999    64    19.79    -17.81     -8.64    11  -999.0    -999     0   0   0   0    -999.000  -999.000
0491   122.5   983.0     26.46     79.6     235    64    19.84    -17.83     -8.69    11    -0.2     235     0   0   0   0      14.825   -60.036
0492   122.8  -999.0   -999.00   -999.0    -999    64    19.88    -17.85     -8.74    11  -999.0    -999     0   0   0   0    -999.000  -999.000
0493   123.0   983.6     26.49     79.7     229    64    19.91    -17.88     -8.78    11    -0.2     229     0   0   0   0      14.825   -60.036
0494   123.3  -999.0   -999.00   -999.0    -999    64    19.95    -17.89     -8.81    11  -999.0    -999     0   0   0   0    -999.000  -999.000
0495   123.5   984.2     26.53     79.8     224    64    19.97    -17.91     -8.84    10    -0.2     224     0   0   0   0      14.825   -60.036
0496   123.8  -999.0   -999.00   -999.0    -999    64    19.99    -17.92     -8.87    10  -999.0    -999     0   0   0   0    -999.000  -999.000
0497   124.0   984.7     26.56     79.9     219    64    20.01    -17.93     -8.88    10    -0.2     219     0   0   0   0      14.825   -60.036
0498   124.3  -999.0   -999.00   -999.0    -999    64    20.02    -17.93     -8.90    10  -999.0    -999     0   0   0   0    -999.000  -999.000
0499   124.5   985.3     26.60     80.0     214    64    20.02    -17.94     -8.90    11    -0.2     214     0   0   0   0      14.825   -60.036
0500   124.8  -999.0   -999.00   -999.0    -999    64    20.03    -17.94     -8.91    11  -999.0    -999     0   0   0   0    -999.000  -999.000
0501   125.0   985.9     26.64     80.1     209    64    20.02    -17.94     -8.90    11    -0.2     209     0   0   0   0      14.825   -60.036
0502   125.3  -999.0   -999.00   -999.0    -999    64    20.02    -17.93     -8.90    11  -999.0    -999     0   0   0   0    -999.000  -999.000
0503   125.5   986.4     26.68     80.1     204    64    20.01    -17.93     -8.89    11    -0.2     204     0   0   0   0      14.825   -60.036
0504   125.8  -999.0   -999.00   -999.0    -999    64    20.00    -17.92     -8.88    11  -999.0    -999     0   0   0   0    -999.000  -999.000
0505   126.0   987.0     26.71     80.0     199    64    19.99    -17.92     -8.87    11    -0.2     199     0   0   0   0      14.825   -60.036
0506   126.3  -999.0   -999.00   -999.0    -999    64    19.98    -17.91     -8.86    11  -999.0    -999     0   0   0   0    -999.000  -999.000
0507   126.5   987.5     26.76     79.9     194    64    19.97    -17.91     -8.85    11    -0.3     194     0   0   0   0      14.825   -60.036
0508   126.8  -999.0   -999.00   -999.0    -999    64    19.96    -17.90     -8.84    10  -999.0    -999     0   0   0   0    -999.000  -999.000
0509   127.0   988.1     26.80     79.8     189    64    19.96    -17.90     -8.83    10    -0.3     189     0   0   0   0      14.825   -60.036
0510   127.3  -999.0   -999.00   -999.0    -999    64    19.95    -17.89     -8.83    10  -999.0    -999     0   0   0   0    -999.000  -999.000
0511   127.5   988.7     26.84     79.7     184  -999  -999.00   -999.00   -999.00    10    -0.3     184     0   0   0   0    -999.000  -999.000
0512   127.8  -999.0   -999.00   -999.0    -999    64    19.94    -17.88     -8.82    10  -999.0    -999     0   0   0   0    -999.000  -999.000
0513   128.0   989.3     26.88     79.5     179    64    19.93    -17.88     -8.82    10    -0.3     179     0   0   0   0      14.825   -60.037
0514   128.3  -999.0   -999.00   -999.0    -999    64    19.93    -17.87     -8.82    10  -999.0    -999     0   0   0   0    -999.000  -999.000
0515   128.5   989.8     26.92     79.4     173    64    19.93    -17.87     -8.83     9    -0.3     173     0   0   0   0      14.825   -60.037
0516   128.8  -999.0   -999.00   -999.0    -999    64    19.92    -17.86     -8.83     9  -999.0    -999     0   0   0   0    -999.000  -999.000
0517   129.0   990.4     26.97     79.2     168    64    19.92    -17.85     -8.84     9    -0.3     168     0   0   0   0      14.825   -60.037
0518   129.3  -999.0   -999.00   -999.0    -999    64    19.92    -17.84     -8.85     9  -999.0    -999     0   0   0   0    -999.000  -999.000
0519   129.5   991.0     27.01     79.1     163    64    19.91    -17.83     -8.87    10    -0.3     163     0   0   0   0      14.825   -60.037
0520   129.8  -999.0   -999.00   -999.0    -999    64    19.90    -17.81     -8.88    11  -999.0    -999     0   0   0   0    -999.000  -999.000
0521   130.0   991.6     27.06     79.0     158    63    19.90    -17.80     -8.89    11    -0.3     158     0   0   0   0      14.825   -60.037
0522   130.3  -999.0   -999.00   -999.0    -999    63    19.88    -17.78     -8.90    11  -999.0    -999     0   0   0   0    -999.000  -999.000
0523   130.5   992.2     27.10     78.9     153    63    19.87    -17.76     -8.91    10    -0.3     153     0   0   0   0      14.825   -60.037
0524   130.8  -999.0   -999.00   -999.0    -999    63    19.86    -17.74     -8.92    10  -999.0    -999     0   0   0   0    -999.000  -999.000
0525   131.0   992.7     27.15     78.7     148    63    19.84    -17.72     -8.92    10    -0.3     148     0   0   0   0      14.825   -60.037
0526   131.3  -999.0   -999.00   -999.0    -999    63    19.83    -17.71     -8.92    10  -999.0    -999     0   0   0   0    -999.000  -999.000
0527   131.5   993.3     27.19     78.5     143    63    19.81    -17.70     -8.91    10    -0.2     143     0   0   0   0      14.825   -60.037
0528   131.8  -999.0   -999.00   -999.0    -999    63    19.80    -17.69     -8.90    10  -999.0    -999     0   0   0   0    -999.000  -999.000
0529   132.0   993.9     27.23     78.3     138    63    19.79    -17.68     -8.89    10    -0.2     138     0   0   0   0      14.825   -60.037
0530   132.3  -999.0   -999.00   -999.0    -999    63    19.77    -17.67     -8.87    10  -999.0    -999     0   0   0   0    -999.000  -999.000
0531   132.5   994.4     27.28     78.0     132    63    19.76    -17.67     -8.84    10    -0.3     132     0   0   0   0      14.825   -60.037
0532   132.8  -999.0   -999.00   -999.0    -999    63    19.75    -17.67     -8.82    10  -999.0    -999     0   0   0   0    -999.000  -999.000
0533   133.0   995.0     27.33     77.8     127    64    19.73    -17.67     -8.79    10    -0.3     127     0   0   0   0      14.825   -60.037
0534   133.3  -999.0   -999.00   -999.0    -999    64    19.71    -17.66     -8.75    10  -999.0    -999     0   0   0   0    -999.000  -999.000
0535   133.5   995.6     27.37     77.4     122    64    19.69    -17.66     -8.72    10    -0.3     122     0   0   0   0      14.824   -60.037
0536   133.8  -999.0   -999.00   -999.0    -999    64    19.67    -17.65     -8.68    10  -999.0    -999     0   0   0   0    -999.000  -999.000
0537   134.0   996.1     27.42     77.1     117    64    19.64    -17.63     -8.64    11    -0.3     117     0   0   0   0      14.824   -60.038
0538   134.3  -999.0   -999.00   -999.0    -999    64    19.61    -17.62     -8.60    10  -999.0    -999     0   0   0   0    -999.000  -999.000
0539   134.5   996.7     27.47     76.8     112    64    19.57    -17.60     -8.57    10    -0.4     112     0   0   0   0      14.824   -60.038
0540   134.8  -999.0   -999.00   -999.0    -999    64    19.53    -17.57     -8.53    10  -999.0    -999     0   0   0   0    -999.000  -999.000
0541   135.0   997.3     27.52     76.5     107    64    19.49    -17.54     -8.50    10    -0.4     107     0   0   0   0      14.824   -60.038
0542   135.3  -999.0   -999.00   -999.0    -999    64    19.45    -17.51     -8.47    10  -999.0    -999     0   0   0   0    -999.000  -999.000
0543   135.5   997.9     27.57     76.2     102    64    19.40    -17.47     -8.44    10    -0.4     102     0   0   0   0      14.824   -60.038
0544   135.8  -999.0   -999.00   -999.0    -999    64    19.35    -17.42     -8.42    11  -999.0    -999     0   0   0   0    -999.000  -999.000
0545   136.0   998.5     27.62     76.0      96    64    19.30    -17.38     -8.41    10    -0.4      96     0   0   0   0      14.824   -60.038
0546   136.3  -999.0   -999.00   -999.0    -999    64    19.25    -17.33     -8.39    10  -999.0    -999     0   0   0   0    -999.000  -999.000
0547   136.5   999.0     27.67     75.8      91    64    19.20    -17.28     -8.38    10    -0.4      91     0   0   0   0      14.824   -60.038
0548   136.8  -999.0   -999.00   -999.0    -999    64    19.15    -17.22     -8.37    10  -999.0    -999     0   0   0   0    -999.000  -999.000
0549   137.0   999.6     27.72     75.6      86    64    19.10    -17.17     -8.37    10    -0.4      86     0   0   0   0      14.824   -60.038
0550   137.3  -999.0   -999.00   -999.0    -999    64    19.05    -17.12     -8.36    10  -999.0    -999     0   0   0   0    -999.000  -999.000
0551   137.5  1000.2     27.76     75.5      81    64    19.00    -17.07     -8.35    10    -0.4      81     0   0   0   0      14.824   -60.038
0552   137.8  -999.0   -999.00   -999.0    -999    64    18.96    -17.02     -8.34    10  -999.0    -999     0   0   0   0    -999.000  -999.000
0553   138.0  1000.8     27.81     75.5      76    64    18.91    -16.97     -8.34    10    -0.4      76     0   0   0   0      14.824   -60.038
0554   138.3  -999.0   -999.00   -999.0    -999    64    18.86    -16.92     -8.33    10  -999.0    -999     0   0   0   0    -999.000  -999.000
0555   138.5  1001.4     27.86     75.4      70    64    18.81    -16.87     -8.31    10    -0.4      70     0   0   0   0      14.824   -60.038
0556   138.8  -999.0   -999.00   -999.0    -999    64    18.76    -16.82     -8.30    10  -999.0    -999     0   0   0   0    -999.000  -999.000
0557   139.0  1001.9     27.90     75.5      65    64    18.71    -16.77     -8.28    10    -0.4      65     0   0   0   0      14.824   -60.038
0558   139.3  -999.0   -999.00   -999.0    -999    64    18.65    -16.72     -8.27    10  -999.0    -999     0   0   0   0    -999.000  -999.000
0559   139.5  1002.5     27.95     75.6      60    64    18.59    -16.66     -8.25    10    -0.4      60     0   0   0   0      14.824   -60.038
0560   139.8  -999.0   -999.00   -999.0    -999    64    18.53    -16.60     -8.22     9  -999.0    -999     0   0   0   0    -999.000  -999.000
0561   140.0  1003.1     27.99     75.8      55    64    18.46    -16.54     -8.20     9    -0.4      55     0   0   0   0      14.824   -60.038
0562   140.3  -999.0   -999.00   -999.0    -999    64    18.39    -16.47     -8.17     9  -999.0    -999     0   0   0   0    -999.000  -999.000
0563   140.5  1003.7     28.04     76.1      50    64    18.31    -16.40     -8.14     9    -0.4      50     0   0   0   0      14.824   -60.039
0564   140.8  -999.0   -999.00   -999.0    -999    64    18.24    -16.33     -8.11     9  -999.0    -999     0   0   0   0    -999.000  -999.000
0565   141.0  1004.2     28.08     76.4      45    64    18.16    -16.26     -8.08    10    -0.4      45     0   0   0   0      14.824   -60.039
0566   141.3  -999.0   -999.00   -999.0    -999    64    18.07    -16.18     -8.04    11  -999.0    -999     0   0   0   0    -999.000  -999.000
0567   141.5  1004.8     28.13     76.8      40    64    17.99    -16.11     -8.00    10    -0.5      40     0   0   0   0      14.824   -60.039
0568   141.8  -999.0   -999.00   -999.0    -999    64    17.90    -16.04     -7.95    11  -999.0    -999     0   0   0   0    -999.000  -999.000
0569   142.0  1005.4     28.18     77.1      34    64    17.81    -15.97     -7.89    11    -0.5      34     0   0   0   0      14.824   -60.039
0570   142.3  -999.0   -999.00   -999.0    -999    64    17.72    -15.90     -7.83    11  -999.0    -999     0   0   0   0    -999.000  -999.000
0571   142.5  1006.0     28.22     77.5      29    64    17.63    -15.82     -7.77    11    -0.5      29     0   0   0   0      14.824   -60.039
0572   142.8  -999.0   -999.00   -999.0    -999    64    17.54    -15.74     -7.72    11  -999.0    -999     0   0   0   0    -999.000  -999.000
0573   143.0  1006.6     28.27     77.8      24    64    17.44    -15.66     -7.67    11    -0.5      24     0   0   0   0      14.824   -60.039
0574   143.3  -999.0   -999.00   -999.0    -999    64    17.34    -15.57     -7.64    11  -999.0    -999     0   0   0   0    -999.000  -999.000
0575   143.5  1007.2     28.32     78.2      19    64    17.23    -15.46     -7.60    11    -0.5      19     0   0   0   0      14.824   -60.039
0576   143.8  -999.0   -999.00   -999.0    -999    64    17.09    -15.32     -7.58    11  -999.0    -999     0   0   0   0    -999.000  -999.000
0577   144.0  1007.8     28.37     78.5      13    64    16.92    -15.15     -7.55    11    -0.5      13     0   0   0   0      14.824   -60.039
0578   144.3  -999.0   -999.00   -999.0    -999    63    16.74    -14.96     -7.51    11  -999.0    -999     0   0   0   0    -999.000  -999.000
0579   144.5  1008.4     28.42     78.8       8    63    16.54    -14.76     -7.47    11    -0.5       8     0   0   0   0      14.824   -60.039
0580   144.8  -999.0   -999.00   -999.0    -999    63    16.94    -15.14     -7.59    11  -999.0    -999     0   0   0   0    -999.000  -999.000
0581   145.3  1009.3     28.45     79.0       0  -999  -999.00   -999.00   -999.00  -999  -999.0       0     0   0   0   0    -999.000  -999.000
