 ===========================================================================
 DROPWINDSONDE PROCESSING RECORD                            Sonde: 012225149
 FRD file written by Aspen V3.4.8, 03 Jul 2023 17:03 UTC
 Aircraft: WP-3D, N42RF                      Date: 050909   Time: 055927 UTC
 ---------------------------------------------------------------------------
 Bias corrections:  PR =   0.0 mb  TE =   0.0 C  RH =   0.0 %  PRB =  0.0 mb
 Filters (LPF):     PTH = 
 Dyn RH correction = 
 Estimated PR used = 
 Dyn T correction  = 
 ---------------------------------------------------------------------------
 COMMENT: none, Late Winds
 ===========================================================================

 ===========================================================================
 Date: 050909   Lat:  28.87 N   TA:   20.7 C   PS:  837.9 mb   WD:   290 deg
 Time: 055927   Lon:  79.28 W   TD:   18.3 C   GA:   1456 m    WS:   1.2 m/s
 SID:  012225149                RH:   86.1 %   Navaid:   GP
 ===========================================================================

IX      t (s)  P (mb)    T (C)    RH (%)  Z (m)   WD    WS (m/s)   U (m/s)   V (m/s)  NS  WZ (m/s)  ZW (m)   FP  FT  FH  FW    LAT (N)   LON (E)
0001    0.49  -999.0   -999.00   -999.0    -999  -999  -999.00   -999.00   -999.00     0  -999.0    -999     0   0   0   0    -999.000  -999.000
0002    0.98  -999.0   -999.00   -999.0    -999  -999  -999.00   -999.00   -999.00     0  -999.0    -999     0   0   0   0    -999.000  -999.000
0003    1.49  -999.0   -999.00   -999.0    -999  -999  -999.00   -999.00   -999.00     0  -999.0    -999     0   0   0   0    -999.000  -999.000
0004    1.98  -999.0   -999.00   -999.0    -999  -999  -999.00   -999.00   -999.00     0  -999.0    -999     0   0   0   0    -999.000  -999.000
0005    2.49  -999.0   -999.00   -999.0    -999  -999  -999.00   -999.00   -999.00     0  -999.0    -999     0   0   0   0    -999.000  -999.000
0006    2.98  -999.0   -999.00   -999.0    -999  -999  -999.00   -999.00   -999.00     0  -999.0    -999     0   0   0   0    -999.000  -999.000
0007    3.49  -999.0   -999.00   -999.0    -999  -999  -999.00   -999.00   -999.00     0  -999.0    -999     0   0   0   0    -999.000  -999.000
0008    3.98  -999.0   -999.00   -999.0    -999  -999  -999.00   -999.00   -999.00     0  -999.0    -999     0   0   0   0    -999.000  -999.000
0009    4.49  -999.0   -999.00   -999.0    -999  -999  -999.00   -999.00   -999.00     0  -999.0    -999     0   0   0   0    -999.000  -999.000
0010    4.98  -999.0   -999.00   -999.0    -999  -999  -999.00   -999.00   -999.00     0  -999.0    -999     0   0   0   0    -999.000  -999.000
0011    5.49  -999.0   -999.00   -999.0    -999  -999  -999.00   -999.00   -999.00     0  -999.0    -999     0   0   0   0    -999.000  -999.000
0012    5.98  -999.0   -999.00   -999.0    -999  -999  -999.00   -999.00   -999.00     0  -999.0    -999     0   0   0   0    -999.000  -999.000
0013    6.49  -999.0   -999.00   -999.0    -999  -999  -999.00   -999.00   -999.00     0  -999.0    -999     0   0   0   0    -999.000  -999.000
0014    6.98  -999.0   -999.00   -999.0    -999  -999  -999.00   -999.00   -999.00     0  -999.0    -999     0   0   0   0    -999.000  -999.000
0015    7.49  -999.0   -999.00   -999.0    -999  -999  -999.00   -999.00   -999.00     0  -999.0    -999     0   0   0   0    -999.000  -999.000
0016    7.98  -999.0   -999.00   -999.0    -999  -999  -999.00   -999.00   -999.00     0  -999.0    -999     0   0   0   0    -999.000  -999.000
0017    8.49  -999.0   -999.00   -999.0    -999  -999  -999.00   -999.00   -999.00     0  -999.0    -999     0   0   0   0    -999.000  -999.000
0018    8.98  -999.0   -999.00   -999.0    -999  -999  -999.00   -999.00   -999.00     0  -999.0    -999     0   0   0   0    -999.000  -999.000
0019    9.49  -999.0   -999.00   -999.0    -999  -999  -999.00   -999.00   -999.00     0  -999.0    -999     0   0   0   0    -999.000  -999.000
0020    9.98   850.1     21.20   -999.0    1350  -999  -999.00   -999.00   -999.00     0    -1.8    1350     0   0   0   0    -999.000  -999.000
0021   10.49   850.7     21.24   -999.0    1344  -999  -999.00   -999.00   -999.00     0    -1.9    1344     0   0   0   0    -999.000  -999.000
0022   10.98   851.3     21.29   -999.0    1338  -999  -999.00   -999.00   -999.00     0    -2.0    1338     0   0   0   0    -999.000  -999.000
0023   11.49   851.9     21.33   -999.0    1331  -999  -999.00   -999.00   -999.00     0    -2.1    1331     0   0   0   0    -999.000  -999.000
0024   11.98   852.6     21.38   -999.0    1325  -999  -999.00   -999.00   -999.00     0    -2.2    1325     0   0   0   0    -999.000  -999.000
0025   12.49   853.2     21.43   -999.0    1318  -999  -999.00   -999.00   -999.00     0    -2.3    1318     0   0   0   0    -999.000  -999.000
0026   12.98   853.8     21.48   -999.0    1312  -999  -999.00   -999.00   -999.00     0    -2.3    1312     0   0   0   0    -999.000  -999.000
0027   13.49   854.5     21.52     86.4    1305  -999  -999.00   -999.00   -999.00     0    -2.3    1305     0   0   0   0    -999.000  -999.000
0028   13.98   855.1     21.57     86.3    1299  -999  -999.00   -999.00   -999.00     0    -2.3    1299     0   0   0   0    -999.000  -999.000
0029   14.49   855.8     21.62     86.2    1292  -999  -999.00   -999.00   -999.00     0    -2.3    1292     0   0   0   0    -999.000  -999.000
0030   14.98   856.4     21.66     86.1    1286  -999  -999.00   -999.00   -999.00     0    -2.3    1286     0   0   0   0    -999.000  -999.000
0031   15.49   857.0     21.71     86.0    1279  -999  -999.00   -999.00   -999.00     0    -2.3    1279     0   0   0   0    -999.000  -999.000
0032   15.98   857.6     21.75     85.9    1273  -999  -999.00   -999.00   -999.00     0    -2.2    1273     0   0   0   0    -999.000  -999.000
0033   16.49   858.3     21.80     85.8    1267  -999  -999.00   -999.00   -999.00     0    -2.2    1267     0   0   0   0    -999.000  -999.000
0034   16.98   858.9     21.84     85.7    1260  -999  -999.00   -999.00   -999.00     0    -2.2    1260     0   0   0   0    -999.000  -999.000
0035   17.49   859.5     21.88     85.7    1254  -999  -999.00   -999.00   -999.00     0    -2.2    1254     0   0   0   0    -999.000  -999.000
0036   17.98   860.2     21.92     85.7    1247  -999  -999.00   -999.00   -999.00     0    -2.2    1247     0   0   0   0    -999.000  -999.000
0037   18.49   860.8     21.95     85.7    1241  -999  -999.00   -999.00   -999.00     0    -2.2    1241     0   0   0   0    -999.000  -999.000
0038   18.98   861.4     21.98     85.8    1235  -999  -999.00   -999.00   -999.00     0    -2.2    1235     0   0   0   0    -999.000  -999.000
0039   19.49   862.1     22.01     85.9    1228  -999  -999.00   -999.00   -999.00     0    -2.2    1228     0   0   0   0    -999.000  -999.000
0040   19.98   862.7     22.03     86.1    1222  -999  -999.00   -999.00   -999.00     0    -2.2    1222     0   0   0   0    -999.000  -999.000
0041   20.49   863.3     22.05     86.3    1215  -999  -999.00   -999.00   -999.00     0    -2.2    1215     0   0   0   0    -999.000  -999.000
0042   20.98   864.0     22.06     86.6    1209  -999  -999.00   -999.00   -999.00     0    -2.2    1209     0   0   0   0    -999.000  -999.000
0043   21.49   864.6     22.06     86.8    1202  -999  -999.00   -999.00   -999.00     0    -2.2    1202     0   0   0   0    -999.000  -999.000
0044   21.98   865.2     22.07     87.2    1196  -999  -999.00   -999.00   -999.00     0    -2.2    1196     0   0   0   0    -999.000  -999.000
0045   22.49   865.9     22.07     87.5    1190  -999  -999.00   -999.00   -999.00     0    -2.2    1190     0   0   0   0    -999.000  -999.000
0046   22.98   866.5     22.07     87.9    1183  -999  -999.00   -999.00   -999.00     0    -2.2    1183     0   0   0   0    -999.000  -999.000
0047   23.49   867.1     22.07     88.2    1177  -999  -999.00   -999.00   -999.00     0    -2.1    1177     0   0   0   0    -999.000  -999.000
0048   23.98   867.7     22.07     88.5    1171  -999  -999.00   -999.00   -999.00     0    -2.1    1171     0   0   0   0    -999.000  -999.000
0049   24.49   868.4     22.08     88.8    1164  -999  -999.00   -999.00   -999.00     0    -2.1    1164     0   0   0   0    -999.000  -999.000
0050   24.98   869.0     22.09     89.0    1158  -999  -999.00   -999.00   -999.00     0    -2.1    1158     0   0   0   0    -999.000  -999.000
0051   25.49   869.6     22.11     89.1    1152  -999  -999.00   -999.00   -999.00     0    -2.1    1152     0   0   0   0    -999.000  -999.000
0052   25.98   870.3     22.14     89.2    1146  -999  -999.00   -999.00   -999.00     0    -2.0    1146     0   0   0   0    -999.000  -999.000
0053   26.49   870.9     22.16     89.3    1139  -999  -999.00   -999.00   -999.00     0    -2.0    1139     0   0   0   0    -999.000  -999.000
0054   26.98   871.5     22.20     89.3    1133  -999  -999.00   -999.00   -999.00     0    -2.0    1133     0   0   0   0    -999.000  -999.000
0055   27.49   872.1     22.23     89.3    1127  -999  -999.00   -999.00   -999.00     0    -1.9    1127     0   0   0   0    -999.000  -999.000
0056   27.98   872.8     22.27     89.3    1120  -999  -999.00   -999.00   -999.00     0    -1.9    1120     0   0   0   0    -999.000  -999.000
0057   28.49   873.4     22.31     89.2    1114  -999  -999.00   -999.00   -999.00     0    -1.8    1114     0   0   0   0    -999.000  -999.000
0058   28.98   874.0     22.35     89.2    1108  -999  -999.00   -999.00   -999.00     0    -1.8    1108     0   0   0   0    -999.000  -999.000
0059   29.49   874.6     22.39     89.1    1102  -999  -999.00   -999.00   -999.00     0    -1.7    1102     0   0   0   0    -999.000  -999.000
0060   29.98   875.2     22.44     89.1    1096  -999  -999.00   -999.00   -999.00     0    -1.7    1096     0   0   0   0    -999.000  -999.000
0061   30.49   875.8     22.48     89.0    1090  -999  -999.00   -999.00   -999.00     0    -1.7    1090     0   0   0   0    -999.000  -999.000
0062   30.98   876.4     22.53     88.9    1084  -999  -999.00   -999.00   -999.00     0    -1.7    1084     0   0   0   0    -999.000  -999.000
0063   31.49   877.1     22.58     88.8    1077  -999  -999.00   -999.00   -999.00     0    -1.8    1077     0   0   0   0    -999.000  -999.000
0064   31.98   877.7     22.63     88.7    1071  -999  -999.00   -999.00   -999.00     0    -1.8    1071     0   0   0   0    -999.000  -999.000
0065   32.49   878.3     22.68     88.5    1065  -999  -999.00   -999.00   -999.00     0    -1.8    1065     0   0   0   0    -999.000  -999.000
0066   32.98   878.9     22.72     88.4    1059  -999  -999.00   -999.00   -999.00     0    -1.9    1059     0   0   0   0    -999.000  -999.000
0067   33.49   879.5     22.77     88.2    1053  -999  -999.00   -999.00   -999.00     0    -1.9    1053     0   0   0   0    -999.000  -999.000
0068   33.98   880.1     22.82     88.1    1047  -999  -999.00   -999.00   -999.00     0    -2.0    1047     0   0   0   0    -999.000  -999.000
0069   34.49   880.8     22.87     87.9    1040  -999  -999.00   -999.00   -999.00     0    -2.0    1040     0   0   0   0    -999.000  -999.000
0070   34.98   881.4     22.92     87.7    1034  -999  -999.00   -999.00   -999.00     0    -2.0    1034     0   0   0   0    -999.000  -999.000
0071   35.49   882.0     22.96     87.6    1028  -999  -999.00   -999.00   -999.00     0    -2.1    1028     0   0   0   0    -999.000  -999.000
0072   35.98   882.7     23.00     87.4    1022  -999  -999.00   -999.00   -999.00     0    -2.1    1022     0   0   0   0    -999.000  -999.000
0073   36.49   883.3     23.04     87.3    1015  -999  -999.00   -999.00   -999.00     0    -2.1    1015     0   0   0   0    -999.000  -999.000
0074   36.98   883.9     23.08     87.3    1009  -999  -999.00   -999.00   -999.00     0    -2.1    1009     0   0   0   0    -999.000  -999.000
0075   37.49   884.6     23.11     87.3    1003  -999  -999.00   -999.00   -999.00     0    -2.1    1003     0   0   0   0    -999.000  -999.000
0076   37.98   885.2     23.14     87.4     996  -999  -999.00   -999.00   -999.00     0    -2.1     996     0   0   0   0    -999.000  -999.000
0077   38.49   885.9     23.16     87.5     990  -999  -999.00   -999.00   -999.00     0    -2.0     990     0   0   0   0    -999.000  -999.000
0078   38.98   886.5     23.18     87.7     984  -999  -999.00   -999.00   -999.00     0    -2.0     984     0   0   0   0    -999.000  -999.000
0079   39.49   887.1     23.19     87.9     977  -999  -999.00   -999.00   -999.00     0    -1.9     977     0   0   0   0    -999.000  -999.000
0080   39.98   887.7     23.20     88.2     971  -999  -999.00   -999.00   -999.00     0    -1.9     971     0   0   0   0    -999.000  -999.000
0081   40.49   888.4     23.20     88.4     965  -999  -999.00   -999.00   -999.00     0    -1.8     965     0   0   0   0    -999.000  -999.000
0082   40.98   889.0     23.21     88.7     959  -999  -999.00   -999.00   -999.00     0    -1.8     959     0   0   0   0    -999.000  -999.000
0083   41.49   889.6     23.21     89.0     953  -999  -999.00   -999.00   -999.00     0    -1.8     953     0   0   0   0    -999.000  -999.000
0084   41.98   890.2     23.21     89.2     947  -999  -999.00   -999.00   -999.00     0    -1.8     947     0   0   0   0    -999.000  -999.000
0085   42.49   890.8     23.21     89.4     941  -999  -999.00   -999.00   -999.00     0    -1.8     941     0   0   0   0    -999.000  -999.000
0086   42.98   891.4     23.22     89.6     935  -999  -999.00   -999.00   -999.00     0    -1.8     935     0   0   0   0    -999.000  -999.000
0087   43.49   892.1     23.22     89.8     929  -999  -999.00   -999.00   -999.00     4    -1.8     929     0   0   0   0    -999.000  -999.000
0088   43.98   892.7     23.23     89.9     923  -999  -999.00   -999.00   -999.00     4    -1.9     923     0   0   0   0    -999.000  -999.000
0089   44.49   893.3     23.25     89.9     916  -999  -999.00   -999.00   -999.00     0    -1.9     916     0   0   0   0    -999.000  -999.000
0090   44.98   894.0     23.27     90.0     910  -999  -999.00   -999.00   -999.00     4    -1.9     910     0   0   0   0    -999.000  -999.000
0091   45.49   894.6     23.29     90.0     904  -999  -999.00   -999.00   -999.00     4    -2.0     904     0   0   0   0    -999.000  -999.000
0092   45.98   895.2     23.31     90.1     898  -999  -999.00   -999.00   -999.00     4    -2.0     898     0   0   0   0    -999.000  -999.000
0093   46.49   895.9     23.33     90.3     891  -999  -999.00   -999.00   -999.00     4    -2.0     891     0   0   0   0    -999.000  -999.000
0094   46.98   896.5     23.34     90.5     885  -999  -999.00   -999.00   -999.00     4    -2.0     885     0   0   0   0    -999.000  -999.000
0095   47.49   897.1     23.35     90.8     879  -999  -999.00   -999.00   -999.00     4    -2.0     879     0   0   0   0    -999.000  -999.000
0096   47.98   897.8     23.36     91.2     873  -999  -999.00   -999.00   -999.00     4    -2.0     873     0   0   0   0    -999.000  -999.000
0097   48.49   898.4     23.36     91.7     867  -999  -999.00   -999.00   -999.00     4    -2.0     867     0   0   0   0    -999.000  -999.000
0098   48.98   899.0     23.36     92.3     860  -999  -999.00   -999.00   -999.00     4    -2.0     860     0   0   0   0    -999.000  -999.000
0099   49.49   899.7     23.36     92.8     854  -999  -999.00   -999.00   -999.00     4    -2.0     854     0   0   0   0    -999.000  -999.000
0100   49.98   900.3     23.35     93.4     848  -999  -999.00   -999.00   -999.00     4    -2.0     848     0   0   0   0    -999.000  -999.000
0101   50.49   901.0     23.35     94.0     842  -999  -999.00   -999.00   -999.00     4    -2.0     842     0   0   0   0    -999.000  -999.000
0102   50.98   901.6     23.35     94.5     836  -999  -999.00   -999.00   -999.00     4    -2.1     836     0   0   0   0    -999.000  -999.000
0103   51.49   902.2     23.36     95.1     829  -999  -999.00   -999.00   -999.00     4    -2.1     829     0   0   0   0    -999.000  -999.000
0104   51.98   902.9     23.37     95.6     823  -999  -999.00   -999.00   -999.00     4    -2.1     823     0   0   0   0    -999.000  -999.000
0105   52.49   903.5     23.39     96.1     817  -999  -999.00   -999.00   -999.00     0    -2.1     817     0   0   0   0    -999.000  -999.000
0106   52.98   904.1     23.40     96.7     811  -999  -999.00   -999.00   -999.00     4    -2.2     811     0   0   0   0    -999.000  -999.000
0107   53.49   904.8     23.43     97.2     804  -999  -999.00   -999.00   -999.00     4    -2.2     804     0   0   0   0    -999.000  -999.000
0108   53.98   905.4     23.45     97.6     798  -999  -999.00   -999.00   -999.00     4    -2.3     798     0   0   0   0    -999.000  -999.000
0109   54.49   906.1     23.49     98.0     792  -999  -999.00   -999.00   -999.00     4    -2.3     792     0   0   0   0    -999.000  -999.000
0110   54.98   906.7     23.52     98.3     785  -999  -999.00   -999.00   -999.00     4    -2.4     785     0   0   0   0    -999.000  -999.000
0111   55.49   907.4     23.56     98.4     779  -999  -999.00   -999.00   -999.00     4    -2.4     779     0   0   0   0    -999.000  -999.000
0112   55.98   908.1     23.61     98.4     773  -999  -999.00   -999.00   -999.00     4    -2.4     773     0   0   0   0    -999.000  -999.000
0113   56.49   908.7     23.66     98.3     766  -999  -999.00   -999.00   -999.00     4    -2.4     766     0   0   0   0    -999.000  -999.000
0114   56.98   909.4     23.71     98.2     760  -999  -999.00   -999.00   -999.00     4    -2.4     760     0   0   0   0    -999.000  -999.000
0115   57.49   910.1     23.77     98.0     753  -999  -999.00   -999.00   -999.00     4    -2.4     753     0   0   0   0    -999.000  -999.000
0116   57.98   910.7     23.83     97.8     747  -999  -999.00   -999.00   -999.00     4    -2.4     747     0   0   0   0    -999.000  -999.000
0117   58.49   911.4     23.88     97.6     740  -999  -999.00   -999.00   -999.00     4    -2.3     740     0   0   0   0    -999.000  -999.000
0118   58.98   912.0     23.93     97.5     734  -999  -999.00   -999.00   -999.00     4    -2.3     734     0   0   0   0    -999.000  -999.000
0119   59.49   912.7     23.98     97.4     728  -999  -999.00   -999.00   -999.00     4    -2.2     728     0   0   0   0    -999.000  -999.000
0120   59.98   913.3     24.02     97.3     722  -999  -999.00   -999.00   -999.00     4    -2.2     722     0   0   0   0    -999.000  -999.000
0121   60.49   914.0     24.07     97.3     715  -999  -999.00   -999.00   -999.00     4    -2.2     715     0   0   0   0    -999.000  -999.000
0122   60.98   914.6     24.11     97.3     709  -999  -999.00   -999.00   -999.00     4    -2.2     709     0   0   0   0    -999.000  -999.000
0123   61.49   915.3     24.14     97.2     703  -999  -999.00   -999.00   -999.00     4    -2.2     703     0   0   0   0    -999.000  -999.000
0124   61.98   915.9     24.18     97.2     697  -999  -999.00   -999.00   -999.00     4    -2.3     697     0   0   0   0    -999.000  -999.000
0125   62.49   916.6     24.22     97.1     690  -999  -999.00   -999.00   -999.00     4    -2.3     690     0   0   0   0    -999.000  -999.000
0126   62.98   917.2     24.26     97.0     684  -999  -999.00   -999.00   -999.00     4    -2.4     684     0   0   0   0    -999.000  -999.000
0127   63.49   917.9     24.29     96.9     678  -999  -999.00   -999.00   -999.00     4    -2.5     678     0   0   0   0    -999.000  -999.000
0128   63.98   918.6     24.33     96.8     671  -999  -999.00   -999.00   -999.00     4    -2.5     671     0   0   0   0    -999.000  -999.000
0129   64.49   919.3     24.38     96.6     665  -999  -999.00   -999.00   -999.00     4    -2.6     665     0   0   0   0    -999.000  -999.000
0130   64.98   919.9     24.42     96.4     658  -999  -999.00   -999.00   -999.00     4    -2.6     658     0   0   0   0    -999.000  -999.000
0131   65.49   920.6     24.46     96.1     652  -999  -999.00   -999.00   -999.00     4    -2.6     652     0   0   0   0    -999.000  -999.000
0132   65.98   921.3     24.51     96.0     646  -999  -999.00   -999.00   -999.00     0    -2.6     646     0   0   0   0    -999.000  -999.000
0133   66.49   921.9     24.55     95.8     639  -999  -999.00   -999.00   -999.00     4    -2.6     639     0   0   0   0    -999.000  -999.000
0134   66.98   922.6     24.60     95.7     633  -999  -999.00   -999.00   -999.00     4    -2.6     633     0   0   0   0    -999.000  -999.000
0135   67.49   923.3     24.64     95.6     626  -999  -999.00   -999.00   -999.00     4    -2.6     626     0   0   0   0    -999.000  -999.000
0136   67.98   924.0     24.68     95.5     620  -999  -999.00   -999.00   -999.00     4    -2.6     620     0   0   0   0    -999.000  -999.000
0137   68.49   924.6     24.72     95.5     613  -999  -999.00   -999.00   -999.00     4    -2.6     613     0   0   0   0    -999.000  -999.000
0138   68.98   925.3     24.76     95.5     607  -999  -999.00   -999.00   -999.00     4    -2.6     607     0   0   0   0    -999.000  -999.000
0139   69.49   926.0     24.79     95.5     600  -999  -999.00   -999.00   -999.00     4    -2.6     600     0   0   0   0    -999.000  -999.000
0140   69.98   926.7     24.83     95.4     594  -999  -999.00   -999.00   -999.00     4    -2.6     594     0   0   0   0    -999.000  -999.000
0141   70.49   927.3     24.87     95.4     587  -999  -999.00   -999.00   -999.00     4    -2.5     587     0   0   0   0    -999.000  -999.000
0142   70.98   928.0     24.90     95.3     581  -999  -999.00   -999.00   -999.00     4    -2.5     581     0   0   0   0    -999.000  -999.000
0143   71.49   928.7     24.94     95.2     575  -999  -999.00   -999.00   -999.00     4    -2.5     575     0   0   0   0    -999.000  -999.000
0144   71.98   929.3     24.98     95.1     568  -999  -999.00   -999.00   -999.00     4    -2.4     568     0   0   0   0    -999.000  -999.000
0145   72.49   930.0     25.03     95.0     562  -999  -999.00   -999.00   -999.00     4    -2.4     562     0   0   0   0    -999.000  -999.000
0146   72.98   930.7     25.07     94.8     556  -999  -999.00   -999.00   -999.00     4    -2.4     556     0   0   0   0    -999.000  -999.000
0147   73.49   931.3     25.12     94.7     549  -999  -999.00   -999.00   -999.00     4    -2.4     549     0   0   0   0    -999.000  -999.000
0148   73.98   932.0     25.16     94.5     543  -999  -999.00   -999.00   -999.00     4    -2.4     543     0   0   0   0    -999.000  -999.000
0149   74.49   932.7     25.21     94.3     537  -999  -999.00   -999.00   -999.00     4    -2.4     537     0   0   0   0    -999.000  -999.000
0150   74.98   933.3     25.26     94.1     530  -999  -999.00   -999.00   -999.00     4    -2.4     530     0   0   0   0    -999.000  -999.000
0151   75.49   934.0     25.30     94.0     524  -999  -999.00   -999.00   -999.00     4    -2.4     524     0   0   0   0    -999.000  -999.000
0152   75.98   934.7     25.35     93.8     518  -999  -999.00   -999.00   -999.00     4    -2.4     518     0   0   0   0    -999.000  -999.000
0153   76.49   935.4     25.40     93.7     511  -999  -999.00   -999.00   -999.00     4    -2.4     511     0   0   0   0    -999.000  -999.000
0154   76.98   936.0     25.45     93.6     505  -999  -999.00   -999.00   -999.00     4    -2.4     505     0   0   0   0    -999.000  -999.000
0155   77.49   936.7     25.49     93.5     499  -999  -999.00   -999.00   -999.00     4    -2.4     499     0   0   0   0    -999.000  -999.000
0156   77.98   937.3     25.54     93.4     493  -999  -999.00   -999.00   -999.00     4    -2.3     493     0   0   0   0    -999.000  -999.000
0157   78.49   938.0     25.58     93.3     486  -999  -999.00   -999.00   -999.00     4    -2.3     486     0   0   0   0    -999.000  -999.000
0158   78.98   938.7     25.63     93.2     480  -999  -999.00   -999.00   -999.00     4    -2.3     480     0   0   0   0    -999.000  -999.000
0159   79.49   939.3     25.67     93.1     474  -999  -999.00   -999.00   -999.00     4    -2.3     474     0   0   0   0    -999.000  -999.000
0160   79.98   940.0     25.72     93.0     467  -999  -999.00   -999.00   -999.00     4    -2.3     467     0   0   0   0    -999.000  -999.000
0161   80.49   940.7     25.76     92.8     461  -999  -999.00   -999.00   -999.00     4    -2.3     461     0   0   0   0    -999.000  -999.000
0162   80.98   941.3     25.81     92.7     455  -999  -999.00   -999.00   -999.00     4    -2.3     455     0   0   0   0    -999.000  -999.000
0163   81.49   942.0     25.86     92.4     449  -999  -999.00   -999.00   -999.00     4    -2.3     449     0   0   0   0    -999.000  -999.000
0164   81.98   942.6     25.90     92.2     443  -999  -999.00   -999.00   -999.00     4    -2.3     443     0   0   0   0    -999.000  -999.000
0165   82.49   943.3     25.96     91.9     436  -999  -999.00   -999.00   -999.00     4    -2.3     436     0   0   0   0    -999.000  -999.000
0166   82.98   944.0     26.01     91.6     430  -999  -999.00   -999.00   -999.00     4    -2.3     430     0   0   0   0    -999.000  -999.000
0167   83.49   944.6     26.06     91.3     424  -999  -999.00   -999.00   -999.00     4    -2.3     424     0   0   0   0    -999.000  -999.000
0168   83.98   945.3     26.11     91.0     418  -999  -999.00   -999.00   -999.00     4    -2.3     418     0   0   0   0    -999.000  -999.000
0169   84.49   946.0     26.16     90.8     411  -999  -999.00   -999.00   -999.00     4    -2.3     411     0   0   0   0    -999.000  -999.000
0170   84.98   946.6     26.21     90.6     405  -999  -999.00   -999.00   -999.00     4    -2.2     405     0   0   0   0    -999.000  -999.000
0171   85.49   947.3     26.26     90.4     399  -999  -999.00   -999.00   -999.00     4    -2.2     399     0   0   0   0    -999.000  -999.000
0172   85.98   948.0     26.30     90.2     393  -999  -999.00   -999.00   -999.00     4    -2.1     393     0   0   0   0    -999.000  -999.000
0173   86.49   948.6     26.35     90.1     386  -999  -999.00   -999.00   -999.00     4    -2.1     386     0   0   0   0    -999.000  -999.000
0174   86.98   949.3     26.39     90.1     380  -999  -999.00   -999.00   -999.00     4    -2.1     380     0   0   0   0    -999.000  -999.000
0175   87.49   949.9     26.42     90.0     374  -999  -999.00   -999.00   -999.00     4    -2.0     374     0   0   0   0    -999.000  -999.000
0176   87.98   950.6     26.46     90.0     368  -999  -999.00   -999.00   -999.00     4    -2.0     368     0   0   0   0    -999.000  -999.000
0177   88.49   951.2     26.49     90.0     362  -999  -999.00   -999.00   -999.00     4    -2.0     362     0   0   0   0    -999.000  -999.000
0178   88.98   951.9     26.52     89.9     356  -999  -999.00   -999.00   -999.00     4    -2.0     356     0   0   0   0    -999.000  -999.000
0179   89.49   952.5     26.55     89.9     350  -999  -999.00   -999.00   -999.00     4    -2.0     350     0   0   0   0    -999.000  -999.000
0180   89.98   953.2     26.59     89.9     344  -999  -999.00   -999.00   -999.00     4    -2.0     344     0   0   0   0    -999.000  -999.000
0181   90.49   953.8     26.62     89.8     338  -999  -999.00   -999.00   -999.00     4    -2.0     338     0   0   0   0    -999.000  -999.000
0182   90.98   954.5     26.66     89.7     332  -999  -999.00   -999.00   -999.00     0    -2.0     332     0   0   0   0    -999.000  -999.000
0183   91.49   955.2     26.70     89.6     325  -999  -999.00   -999.00   -999.00     4    -2.0     325     0   0   0   0    -999.000  -999.000
0184   91.98   955.8     26.74     89.6     319  -999  -999.00   -999.00   -999.00     4    -2.0     319     0   0   0   0    -999.000  -999.000
0185   92.49   956.5     26.78     89.5     313  -999  -999.00   -999.00   -999.00     4    -2.0     313     0   0   0   0    -999.000  -999.000
0186   92.98   957.1     26.82     89.4     307  -999  -999.00   -999.00   -999.00     4    -2.0     307     0   0   0   0    -999.000  -999.000
0187   93.49   957.8     26.86     89.3     301  -999  -999.00   -999.00   -999.00     4    -2.0     301     0   0   0   0    -999.000  -999.000
0188   93.98   958.4     26.90     89.2     295  -999  -999.00   -999.00   -999.00     4    -2.0     295     0   0   0   0    -999.000  -999.000
0189   94.49   959.1     26.94     89.1     289  -999  -999.00   -999.00   -999.00     4    -2.0     289     0   0   0   0    -999.000  -999.000
0190   94.98   959.7     26.98     89.0     283  -999  -999.00   -999.00   -999.00     4    -2.0     283     0   0   0   0    -999.000  -999.000
0191   95.49   960.4     27.02     88.9     277  -999  -999.00   -999.00   -999.00     4    -2.0     277     0   0   0   0    -999.000  -999.000
0192   95.98   961.0     27.05     88.8     271  -999  -999.00   -999.00   -999.00     4    -2.0     271     0   0   0   0    -999.000  -999.000
0193   96.49   961.7     27.09     88.7     265  -999  -999.00   -999.00   -999.00     4    -2.0     265     0   0   0   0    -999.000  -999.000
0194   96.98   962.3     27.12     88.7     259  -999  -999.00   -999.00   -999.00     4    -2.0     259     0   0   0   0    -999.000  -999.000
0195   97.49   963.0     27.15     88.7     253  -999  -999.00   -999.00   -999.00     4    -2.0     253     0   0   0   0    -999.000  -999.000
0196   97.98   963.7     27.17     88.7     247  -999  -999.00   -999.00   -999.00     4    -2.0     247     0   0   0   0    -999.000  -999.000
0197   98.49   964.3     27.20     88.8     240  -999  -999.00   -999.00   -999.00     4    -2.0     240     0   0   0   0    -999.000  -999.000
0198   98.98   965.0     27.22     88.9     235  -999  -999.00   -999.00   -999.00     4    -2.0     235     0   0   0   0    -999.000  -999.000
0199   99.49   965.6     27.24     89.0     228  -999  -999.00   -999.00   -999.00     4    -2.0     228     0   0   0   0    -999.000  -999.000
0200   99.98   966.3     27.26     89.1     222  -999  -999.00   -999.00   -999.00     4    -2.0     222     0   0   0   0    -999.000  -999.000
0201  100.49   966.9     27.28     89.2     216  -999  -999.00   -999.00   -999.00     4    -2.0     216     0   0   0   0    -999.000  -999.000
0202  100.98   967.6     27.30     89.4     210  -999  -999.00   -999.00   -999.00     4    -2.0     210     0   0   0   0    -999.000  -999.000
0203  101.49   968.2     27.32     89.6     204  -999  -999.00   -999.00   -999.00     4    -2.0     204     0   0   0   0    -999.000  -999.000
0204  101.98   968.9     27.33     89.9     199  -999  -999.00   -999.00   -999.00     4    -2.0     199     0   0   0   0    -999.000  -999.000
0205  102.49   969.5     27.35     90.2     192  -999  -999.00   -999.00   -999.00     4    -2.0     192     0   0   0   0    -999.000  -999.000
0206  102.98   970.2     27.36     90.6     186  -999  -999.00   -999.00   -999.00     5    -2.0     186     0   0   0   0    -999.000  -999.000
0207  103.49   970.9     27.37     91.1     180  -999  -999.00   -999.00   -999.00     5    -2.0     180     0   0   0   0    -999.000  -999.000
0208  103.98   971.5     27.37     91.5     174  -999  -999.00   -999.00   -999.00     5    -2.0     174     0   0   0   0    -999.000  -999.000
0209  104.49   972.2     27.38     91.8     168  -999  -999.00   -999.00   -999.00     5    -2.0     168     0   0   0   0    -999.000  -999.000
0210  104.98   972.8     27.39     92.1     162  -999  -999.00   -999.00   -999.00     5    -2.0     162     0   0   0   0    -999.000  -999.000
0211  105.49   973.5     27.40     92.3     156  -999  -999.00   -999.00   -999.00     5    -1.9     156     0   0   0   0    -999.000  -999.000
0212  105.98   974.2     27.42     92.4     150  -999  -999.00   -999.00   -999.00     5    -1.9     150     0   0   0   0    -999.000  -999.000
0213  106.49   974.8     27.44     92.5     144  -999  -999.00   -999.00   -999.00     5    -1.9     144     0   0   0   0    -999.000  -999.000
0214  106.98   975.4     27.47     92.5     138  -999  -999.00   -999.00   -999.00     5    -1.9     138     0   0   0   0    -999.000  -999.000
0215  107.49   976.1     27.50     92.4     132  -999  -999.00   -999.00   -999.00     5    -1.9     132     0   0   0   0    -999.000  -999.000
0216  107.98   976.7     27.53     92.3     126  -999  -999.00   -999.00   -999.00     5    -1.9     126     0   0   0   0    -999.000  -999.000
0217  108.49   977.4     27.57     92.2     120  -999  -999.00   -999.00   -999.00     0    -1.9     120     0   0   0   0    -999.000  -999.000
0218  108.98   978.1     27.61     92.2     114  -999  -999.00   -999.00   -999.00     5    -2.0     114     0   0   0   0    -999.000  -999.000
0219  109.49   978.7     27.65     92.1     108  -999  -999.00   -999.00   -999.00     5    -2.0     108     0   0   0   0    -999.000  -999.000
0220  109.98   979.4     27.69     92.2     102  -999  -999.00   -999.00   -999.00     5    -2.0     102     0   0   0   0    -999.000  -999.000
0221  110.49   980.1     27.72     92.3      96  -999  -999.00   -999.00   -999.00     5    -2.1      96     0   0   0   0    -999.000  -999.000
0222  110.98   980.7     27.76     92.5      90  -999  -999.00   -999.00   -999.00     5    -2.1      90     0   0   0   0    -999.000  -999.000
0223  111.49   981.4     27.79     92.7      84  -999  -999.00   -999.00   -999.00     5    -2.1      84     0   0   0   0    -999.000  -999.000
0224  111.98   982.0     27.81     93.0      78  -999  -999.00   -999.00   -999.00     5    -2.1      78     0   0   0   0    -999.000  -999.000
0225  112.49   982.7     27.84     93.3      72  -999  -999.00   -999.00   -999.00     5    -2.1      72     0   0   0   0    -999.000  -999.000
0226  112.98   983.4     27.86     93.7      66  -999  -999.00   -999.00   -999.00     5    -2.1      66     0   0   0   0    -999.000  -999.000
0227  113.49   984.1     27.89     94.0      60  -999  -999.00   -999.00   -999.00     5    -2.1      60     0   0   0   0    -999.000  -999.000
0228  113.98   984.7     27.91     94.4      54  -999  -999.00   -999.00   -999.00     5    -2.0      54     0   0   0   0    -999.000  -999.000
0229  114.49   985.4     27.94     94.7      48  -999  -999.00   -999.00   -999.00     5    -2.0      48     0   0   0   0    -999.000  -999.000
0230  114.98   986.0     27.96     95.0      42  -999  -999.00   -999.00   -999.00     5    -1.9      42     0   0   0   0    -999.000  -999.000
0231  115.49   986.7     27.99     95.3      36  -999  -999.00   -999.00   -999.00     5    -1.9      36     0   0   0   0    -999.000  -999.000
0232  115.98   987.3     28.02     95.5      30  -999  -999.00   -999.00   -999.00     5    -1.9      30     0   0   0   0    -999.000  -999.000
0233  116.49   988.0     28.05     95.7      24  -999  -999.00   -999.00   -999.00     5    -1.8      24     0   0   0   0    -999.000  -999.000
0234  116.98   988.6     28.08     95.8      18  -999  -999.00   -999.00   -999.00     5    -1.8      18     0   0   0   0    -999.000  -999.000
0235  117.49   989.3     28.11     95.9      12  -999  -999.00   -999.00   -999.00     5    -1.8      12     0   0   0   0    -999.000  -999.000
0236  117.98   989.9     28.14     96.0       6  -999  -999.00   -999.00   -999.00     5    -1.8       6     0   0   0   0    -999.000  -999.000
0237  118.52   990.7     28.14     96.0       0  -999  -999.00   -999.00   -999.00  -999  -999.0       0     0   0   0   0    -999.000  -999.000
