 ===========================================================================
 DROPWINDSONDE PROCESSING RECORD                            Sonde: 061329215
 PDS file written Jul 22, 2008.                             Format:    V6.08
 Aircraft: N42RF                             Date: 080722   Time: 123937 UTC
 ---------------------------------------------------------------------------
 Bias corrections:  PR =    .0 mb  TE =    .0 C  RH =    .0 %  PRB =   .3 mb
 Filters (LPF):     PTH =  10 s    WIND =  10 s       Hyd anchor =       SFC
 Dyn RH correction =  N     WSHR COR =      Y         Splash PR  = 1001.9 mb
 Estimated PR used =  N     GPS VERR =    .17 m/s     HYD SFCP   = 1001.1 mb
 Dyn T correction  =  Y     WGACORR  =    4.2 m       AC GA ADJ  =     .0 m
 ---------------------------------------------------------------------------
 COMMENTS: None                                                        
 ===========================================================================

 ==============================================================================
 Date: 080722   Lat:  23.31 N   TA:   10.0 C   PS:  696.2 mb   WD:   226 deg
 Time: 123937   Lon:  93.70 W   TD: -999.0 C   GA:   3111 m    WS:  17.3 m/s
 SID:  061329215                RH: -999.0 %   Navaid:   GP          
 ===========================================================================

IX      t (s)  P (mb)    T (C)    RH (%)  Z (m)   WD    WS (m/s)   U (m/s)   V (m/s)  NS  WZ (m/s)  ZW (m)   FP  FT  FH  FW   LAT (N)    LON (E)  ZW (ft)  WS (kt)  WS (mph)  THETAE (K)
0001      .5   696.8     10.03   -999.0    3115   225    17.09     12.06     12.11  -999  -999.0    3119     3   3   0   3  -999.0000  -999.0000    10234    33.16     38.28     -999.00
0002     1.0   697.4     10.08   -999.0    3108   220    16.36     10.47     12.57  -999  -999.0    3112     3   3   0   3    23.3124    93.7002    10211    31.74     36.64     -999.00
0003     1.5   698.0     10.12   -999.0    3101   218    16.19     10.06     12.68  -999  -999.0    3105     3   3   0   3    23.3127    93.7007    10188    31.41     36.27     -999.00
0004     2.0   698.6     10.16   -999.0    3094   217    16.03      9.66     12.80  -999  -999.0    3098     3   3   0   3    23.3130    93.7011    10164    31.11     35.92     -999.00
0005     2.5   699.2     10.20   -999.0    3087   216    15.91      9.32     12.90  -999  -999.0    3091     3   3   0   3    23.3131    93.7015    10141    30.87     35.64     -999.00
0006     3.0   699.8     10.24   -999.0    3080   217    15.98      9.55     12.81  -999  -999.0    3084     3   3   0   3    23.3133    93.7020    10118    31.00     35.79     -999.00
0007     3.5   700.3     10.28   -999.0    3073   219    16.26     10.31     12.58  -999  -999.0    3077     3   3   0   3    23.3127    93.7000    10095    31.55     36.43     -999.00
0008     4.0   700.9     10.32   -999.0    3066   222    16.60     11.04     12.39     5  -999.0    3070     3   3   0   0    23.3127    93.6999    10072    32.20     37.18     -999.00
0009     4.5   701.5     10.36   -999.0    3059   223    16.87     11.56     12.29     5  -999.0    3063     3   3   0   0    23.3128    93.6999    10049    32.73     37.79     -999.00
0010     5.0   702.1     10.40   -999.0    3052   224    17.08     11.93     12.23     5  -999.0    3056     3   3   0   0    23.3128    93.6998    10026    33.14     38.26     -999.00
0011     5.5   702.7     10.44   -999.0    3045   225    17.24     12.20     12.18     5  -999.0    3049     3   3   0   0    23.3129    93.6997    10003    33.45     38.62     -999.00
0012     6.0   703.3     10.48   -999.0    3038   226    17.37     12.43     12.14     5  -999.0    3042     3   3   0   0    23.3130    93.6997     9980    33.70     38.91     -999.00
0013     6.5   703.9     10.52   -999.0    3031   226    17.48     12.62     12.10     5  -999.0    3035     3   3   0   0    23.3130    93.6996     9957    33.91     39.16     -999.00
0014     7.0   704.5     10.56   -999.0    3024   227    17.58     12.78     12.06     5  -999.0    3028     3   3   0   0    23.3131    93.6996     9934    34.10     39.37     -999.00
0015     7.5   705.1     10.60   -999.0    3017   227    17.66     12.92     12.03     5  -999.0    3021     3   3   0   0    23.3131    93.6995     9911    34.25     39.55     -999.00
0016     8.0   705.7     10.64   -999.0    3009   227    17.72     13.03     12.00     5  -999.0    3014     3   3   0   0    23.3132    93.6994     9888    34.37     39.68     -999.00
0017     8.5   706.3     10.68   -999.0    3002   228    17.75     13.12     11.96     5  -999.0    3007     3   3   0   0    23.3132    93.6994     9865    34.44     39.77     -999.00
0018     9.0   706.9     10.72   -999.0    2996   228    17.77     13.19     11.92     5  -999.0    3000     3   3   0   0    23.3133    93.6993     9842    34.48     39.81     -999.00
0019     9.5   707.4     10.76   -999.0    2989   228    17.78     13.24     11.87     5  -999.0    2993     3   3   0   0    23.3133    93.6992     9819    34.50     39.83     -999.00
0020    10.0   708.0     10.80   -999.0    2982   228    17.78     13.29     11.81     5  -999.0    2986     3   3   0   0    23.3134    93.6992     9796    34.49     39.83     -999.00
0021    10.5   708.6     10.84   -999.0    2975   229    17.77     13.32     11.76     5  -999.0    2979     3   3   0   0    23.3134    93.6991     9773    34.47     39.80     -999.00
0022    11.0   709.2     10.88   -999.0    2968   229    17.76     13.35     11.70     6  -999.0    2972     3   3   0   0    23.3135    93.6991     9751    34.45     39.78     -999.00
0023    11.5   709.8     10.92   -999.0    2961   229    17.75     13.38     11.66     6  -999.0    2965     3   3   0   0    23.3135    93.6990     9728    34.43     39.75     -999.00
0024    12.0   710.4     10.96   -999.0    2954   229    17.74     13.40     11.62     6  -999.0    2958     3   3   0   0    23.3136    93.6989     9705    34.41     39.74     -999.00
0025    12.5   711.0     10.99   -999.0    2947   229    17.74     13.42     11.59     7  -999.0    2951     3   3   0   0    23.3136    93.6989     9682    34.41     39.73     -999.00
0026    13.0   711.6     11.03   -999.0    2940   229    17.74     13.44     11.58     7  -999.0    2944     3   3   0   0    23.3137    93.6988     9659    34.41     39.73     -999.00
0027    13.5   712.2     11.06   -999.0    2933   229    17.74     13.45     11.57     7  -999.0    2937     3   3   0   0    23.3138    93.6987     9636    34.42     39.75     -999.00
0028    14.0   712.8     11.09   -999.0    2926   229    17.76     13.48     11.58     7  -999.0    2930     3   3   0   0    23.3138    93.6987     9613    34.46     39.79     -999.00
0029    14.5   713.4     11.12   -999.0    2919   229    17.80     13.51     11.59     7  -999.0    2923     3   3   0   0    23.3139    93.6986     9589    34.53     39.87     -999.00
0030    15.0   714.0     11.15   -999.0    2911   229    17.83     13.54     11.60     7  -999.0    2916     3   3   0   0    23.3139    93.6985     9566    34.59     39.94     -999.00
0031    15.5   714.6     11.18   -999.0    2904   229    17.86     13.56     11.63     7  -999.0    2908     0   0   0   0    23.3140    93.6985     9542    34.66     40.02     -999.00
0032    16.0   715.2     11.21   -999.0    2897   229    17.89     13.57     11.66     7     -.3    2901     0   0   0   0    23.3140    93.6984     9518    34.71     40.08     -999.00
0033    16.5   715.9     11.23   -999.0    2890   229    17.91     13.57     11.69     7     -.4    2894     0   0   0   0    23.3141    93.6983     9494    34.75     40.12     -999.00
0034    17.0   716.5     11.26   -999.0    2882   229    17.92     13.56     11.71     7     -.5    2887     0   0   0   0    23.3141    93.6983     9470    34.77     40.14     -999.00
0035    17.5   717.1     11.28   -999.0    2875   229    17.92     13.55     11.73     7     -.6    2879     0   0   0   0    23.3142    93.6982     9446    34.77     40.15     -999.00
0036    18.0   717.8     11.31   -999.0    2867   229    17.92     13.53     11.74     7     -.6    2872     0   0   0   0    23.3142    93.6981     9421    34.76     40.13     -999.00
0037    18.5   718.4     11.34   -999.0    2860   229    17.90     13.52     11.74     7     -.7    2864     0   0   0   0    23.3143    93.6981     9397    34.73     40.10     -999.00
0038    19.0   719.1     11.36   -999.0    2852   229    17.89     13.50     11.73     7     -.8    2857     0   0   0   0    23.3143    93.6980     9372    34.70     40.06     -999.00
0039    19.5   719.7     11.39   -999.0    2845   229    17.86     13.49     11.71     7     -.8    2849     0   0   0   0    23.3144    93.6979     9348    34.66     40.02     -999.00
0040    20.0   720.3     11.43   -999.0    2837   229    17.84     13.48     11.69     7     -.8    2842     0   0   0   0    23.3144    93.6979     9323    34.61     39.96     -999.00
0041    20.5   721.0     11.46   -999.0    2830   229    17.81     13.47     11.66     7     -.8    2834     0   0   0   0    23.3145    93.6978     9298    34.56     39.90     -999.00
0042    21.0   721.6     11.50   -999.0    2822   229    17.79     13.46     11.63     7     -.8    2827     0   0   0   0    23.3145    93.6977     9274    34.51     39.84     -999.00
0043    21.5   722.3     11.53   -999.0    2815   229    17.76     13.45     11.59     7     -.8    2819     0   0   0   0    23.3146    93.6977     9249    34.45     39.78     -999.00
0044    22.0   722.9     11.57   -999.0    2807   229    17.73     13.44     11.57     7     -.8    2812     0   0   0   0    23.3146    93.6976     9224    34.40     39.72     -999.00
0045    22.5   723.6     11.61   -999.0    2800   229    17.71     13.42     11.55     7     -.8    2804     0   0   0   0    23.3147    93.6975     9200    34.35     39.66     -999.00
0046    23.0   724.2     11.66     90.3    2792   229    17.68     13.40     11.53     7     -.8    2797     0   0   0   0    23.3148    93.6975     9175    34.30     39.60      346.00
0047    23.5   724.9     11.70     90.2    2785   229    17.66     13.38     11.52     7     -.8    2789     0   0   0   0    23.3148    93.6974     9151    34.25     39.55      345.97
0048    24.0   725.5     11.74     90.1    2777   229    17.63     13.35     11.52     7     -.7    2782     0   0   0   0    23.3149    93.6973     9126    34.21     39.50      345.99
0049    24.5   726.2     11.78     90.2    2770   229    17.61     13.32     11.52     7     -.7    2774     0   0   0   0    23.3149    93.6973     9102    34.16     39.44      346.02
0050    25.0   726.8     11.82     90.2    2763   229    17.59     13.28     11.53     7     -.7    2767     0   0   0   0    23.3150    93.6972     9077    34.12     39.39      346.04
0051    25.5   727.5     11.86     90.4    2755   229    17.56     13.24     11.54     7     -.7    2759     0   0   0   0    23.3150    93.6972     9053    34.07     39.34      346.14
0052    26.0   728.1     11.90     90.7    2748   229    17.54     13.20     11.55     7     -.7    2752     0   0   0   3  -999.0000  -999.0000     9029    34.03     39.29      346.26
0053    26.5   728.7     11.93     91.0    2740   229    17.52     13.16     11.56     7     -.7    2744     0   0   0   0    23.3151    93.6970     9004    33.98     39.24      346.37
0054    27.0   729.4     11.97     91.2    2733   229    17.49     13.12     11.57     7     -.7    2737     0   0   0   0    23.3152    93.6970     8980    33.93     39.18      346.47
0055    27.5   730.0     12.00     91.4    2725   228    17.47     13.08     11.58     8     -.7    2730     0   0   0   0    23.3152    93.6969     8956    33.89     39.13      346.54
0056    28.0   730.7     12.03     91.6    2718   228    17.44     13.04     11.59     8     -.6    2722     0   0   0   0    23.3153    93.6968     8931    33.84     39.07      346.59
0057    28.5   731.3     12.06     91.7    2711   228    17.42     13.00     11.60     8     -.6    2715     0   0   0   0    23.3153    93.6968     8907    33.79     39.01      346.62
0058    29.0   731.9     12.09     91.7    2703   228    17.39     12.95     11.61     8     -.6    2708     0   0   0   0    23.3154    93.6967     8883    33.74     38.96      346.62
0059    29.5   732.6     12.12     91.7    2696   228    17.37     12.91     11.62     8     -.6    2700     0   0   0   0    23.3154    93.6966     8859    33.70     38.91      346.59
0060    30.0   733.2     12.15     91.6    2689   228    17.36     12.87     11.64     8     -.6    2693     0   0   0   0    23.3155    93.6966     8835    33.67     38.88      346.54
0061    30.5   733.9     12.18     91.5    2681   228    17.35     12.83     11.67     8     -.6    2685     0   0   0   0    23.3155    93.6965     8811    33.65     38.86      346.48
0062    31.0   734.5     12.20     91.3    2674   228    17.35     12.80     11.71     8     -.6    2678     0   0   0   0    23.3156    93.6964     8786    33.65     38.85      346.38
0063    31.5   735.2     12.23     91.1    2667   227    17.36     12.77     11.76     8     -.6    2671     0   0   0   0    23.3156    93.6964     8762    33.67     38.88      346.27
0064    32.0   735.8     12.25     90.8    2659   227    17.38     12.74     11.81     8     -.5    2663     0   0   0   0    23.3157    93.6963     8738    33.71     38.92      346.14
0065    32.5   736.4     12.28     90.5    2652   227    17.41     12.73     11.87     8     -.5    2656     0   0   0   0    23.3157    93.6963     8714    33.77     38.99      346.00
0066    33.0   737.1     12.30     90.3    2645   227    17.45     12.73     11.94     8     -.5    2649     0   0   0   0    23.3158    93.6962     8690    33.85     39.09      345.86
0067    33.5   737.7     12.32     90.1    2637   227    17.50     12.74     12.00     8     -.5    2642     0   0   0   0    23.3158    93.6961     8667    33.95     39.20      345.74
0068    34.0   738.4     12.34     89.9    2630   227    17.56     12.76     12.07     8     -.5    2634     0   0   0   0    23.3159    93.6961     8643    34.07     39.33      345.64
0069    34.5   739.0     12.36     89.9    2623   227    17.62     12.79     12.13     8     -.5    2627     0   0   0   0    23.3160    93.6960     8619    34.19     39.48      345.57
0070    35.0   739.6     12.37     90.0    2615   226    17.69     12.82     12.18     8     -.5    2620     0   0   0   0    23.3160    93.6959     8595    34.32     39.62      345.54
0071    35.5   740.3     12.38     90.2    2608   226    17.75     12.87     12.23     8     -.5    2612     0   0   0   0    23.3161    93.6959     8571    34.44     39.76      345.55
0072    36.0   740.9     12.39     90.6    2601   226    17.81     12.91     12.26     8     -.4    2605     0   0   0   0    23.3161    93.6958     8547    34.55     39.89      345.60
0073    36.5   741.5     12.40     91.0    2594   227    17.85     12.95     12.29     8     -.4    2598     0   0   0   0    23.3162    93.6958     8523    34.64     40.00      345.68
0074    37.0   742.2     12.41     91.5    2587   227    17.89     12.99     12.30     8     -.4    2591     0   0   0   0    23.3162    93.6957     8500    34.71     40.07      345.80
0075    37.5   742.8     12.42     92.1    2579   227    17.91     13.01     12.31     8     -.4    2584     0   0   0   0    23.3163    93.6956     8476    34.75     40.12      345.95
0076    38.0   743.5     12.43     92.8    2572   227    17.92     13.02     12.31     8     -.3    2576     0   0   0   0    23.3163    93.6956     8453    34.76     40.14      346.11
0077    38.5   744.1     12.45     93.4    2565   227    17.91     13.02     12.30     8     -.3    2569     0   0   0   0    23.3164    93.6955     8429    34.75     40.13      346.28
0078    39.0   744.7     12.46     94.1    2558   227    17.90     13.00     12.29     8     -.3    2562     0   0   0   0    23.3164    93.6954     8406    34.72     40.09      346.46
0079    39.5   745.4     12.48     94.7    2551   227    17.87     12.97     12.29     9     -.3    2555     0   0   0   0    23.3165    93.6954     8382    34.67     40.03      346.63
0080    40.0   746.0     12.49     95.3    2544   226    17.84     12.93     12.28     9     -.2    2548     0   0   0   0    23.3166    93.6953     8359    34.60     39.95      346.80
0081    40.5   746.6     12.51     95.8    2536   226    17.80     12.89     12.28     9     -.2    2541     0   0   0   0    23.3166    93.6953     8336    34.53     39.88      346.94
0082    41.0   747.2     12.54     96.2    2529   226    17.77     12.84     12.28     9     -.2    2534     0   0   0   0    23.3167    93.6952     8312    34.47     39.80      347.06
0083    41.5   747.9     12.56     96.4    2522   226    17.74     12.79     12.29     9     -.2    2526     0   0   0   0    23.3167    93.6951     8289    34.41     39.73      347.15
0084    42.0   748.5     12.59     96.6    2515   226    17.71     12.75     12.30     9     -.2    2519     0   0   0   0    23.3168    93.6951     8266    34.36     39.67      347.21
0085    42.5   749.1     12.62     96.7    2508   226    17.70     12.71     12.31     9     -.3    2512     0   0   0   0    23.3168    93.6950     8242    34.33     39.64      347.23
0086    43.0   749.8     12.66     96.7    2501   226    17.69     12.70     12.31     9     -.3    2505     0   0   0   0    23.3169    93.6949     8219    34.31     39.62      347.22
0087    43.5   750.4     12.69     96.5    2494   226    17.69     12.70     12.31     9     -.3    2498     0   0   0   0    23.3169    93.6949     8196    34.31     39.62      347.17
0088    44.0   751.0     12.72     96.3    2487   226    17.69     12.71     12.30     9     -.4    2491     0   0   0   0    23.3170    93.6948     8172    34.32     39.63      347.10
0089    44.5   751.7     12.76     96.1    2479   226    17.70     12.74     12.29     9     -.4    2484     0   0   0   0    23.3171    93.6948     8149    34.34     39.65      347.01
0090    45.0   752.3     12.79     95.7    2472   226    17.71     12.77     12.27     9     -.4    2477     0   0   0   0    23.3171    93.6947     8125    34.35     39.67      346.90
0091    45.5   753.0     12.83     95.4    2465   226    17.71     12.81     12.23    10     -.5    2469     0   0   0   0    23.3172    93.6946     8101    34.37     39.68      346.78
0092    46.0   753.6     12.87     95.0    2458   226    17.71     12.85     12.20    10     -.5    2462     0   0   0   0    23.3172    93.6946     8078    34.36     39.68      346.66
0093    46.5   754.3     12.90     94.7    2451   227    17.70     12.87     12.15    10     -.5    2455     0   0   0   0    23.3173    93.6945     8054    34.35     39.66      346.54
0094    47.0   754.9     12.94     94.4    2443   227    17.68     12.89     12.11    10     -.6    2448     0   0   0   0    23.3173    93.6944     8030    34.31     39.61      346.44
0095    47.5   755.5     12.97     94.2    2436   227    17.65     12.89     12.07    10     -.6    2440     0   0   0   0    23.3174    93.6944     8006    34.25     39.54      346.35
0096    48.0   756.2     13.01     94.0    2429   227    17.61     12.87     12.02    10     -.6    2433     0   0   0   0    23.3174    93.6943     7983    34.17     39.45      346.29
0097    48.5   756.8     13.04     93.9    2422   227    17.56     12.83     11.99    10     -.6    2426     0   0   0   0    23.3175    93.6942     7959    34.07     39.34      346.25
0098    49.0   757.5     13.08     93.8    2414   227    17.51     12.79     11.96    10     -.5    2419     0   0   0   0    23.3176    93.6942     7935    33.97     39.22      346.24
0099    49.5   758.1     13.11     93.8    2407   227    17.46     12.73     11.95    10     -.5    2411     0   0   0   0    23.3176    93.6941     7911    33.87     39.10      346.25
0100    50.0   758.8     13.14     93.9    2400   227    17.41     12.67     11.94    10     -.5    2404     0   0   0   0    23.3177    93.6941     7888    33.77     38.99      346.27
0101    50.5   759.4     13.17     94.0    2393   227    17.37     12.61     11.94    10     -.4    2397     0   0   0   0    23.3177    93.6940     7864    33.69     38.90      346.30
0102    51.0   760.1     13.20     94.1    2386   226    17.34     12.56     11.95    10     -.4    2390     0   0   0   0    23.3178    93.6939     7841    33.64     38.84      346.33
0103    51.5   760.7     13.23     94.2    2379   226    17.33     12.53     11.97    10     -.3    2383     0   0   0   0    23.3178    93.6939     7817    33.62     38.82      346.35
0104    52.0   761.4     13.25     94.3    2371   226    17.34     12.52     12.00    10     -.2    2376     0   0   0   0    23.3179    93.6938     7794    33.64     38.84      346.37
0105    52.5   762.0     13.27     94.4    2364   226    17.37     12.54     12.03    10     -.2    2369     0   0   0   0    23.3179    93.6937     7771    33.71     38.92      346.36
0106    53.0   762.6     13.29     94.4    2357   226    17.43     12.59     12.06    10     -.1    2362     0   0   0   0    23.3180    93.6937     7748    33.82     39.05      346.33
0107    53.5   763.3     13.31     94.4    2350   226    17.51     12.67     12.09    10      .0    2355     0   0   0   0    23.3180    93.6936     7725    33.98     39.23      346.27
0108    54.0   763.9     13.33     94.3    2344   226    17.62     12.78     12.13    10      .1    2348     0   0   0   0    23.3181    93.6936     7703    34.18     39.46      346.18
0109    54.5   764.5     13.34     94.2    2337   227    17.74     12.91     12.16    10      .1    2341     0   0   0   0    23.3181    93.6935     7680    34.42     39.74      346.07
0110    55.0   765.1     13.35     94.0    2330   227    17.88     13.07     12.20    10      .2    2334     0   0   0   3  -999.0000  -999.0000     7658    34.69     40.05      345.93
0111    55.5   765.7     13.37     93.8    2323   227    18.03     13.25     12.23    10      .2    2327     0   0   0   0    23.3183    93.6934     7635    34.99     40.40      345.79
0112    56.0   766.4     13.38     93.5    2316   228    18.20     13.43     12.27    10      .2    2320     0   0   0   0    23.3183    93.6933     7613    35.30     40.76      345.63
0113    56.5   767.0     13.39     93.3    2309   228    18.36     13.62     12.31    10      .3    2314     0   0   0   0    23.3184    93.6932     7591    35.62     41.13      345.48
0114    57.0   767.6     13.41     93.1    2303   228    18.52     13.81     12.35     9      .3    2307     0   0   0   0    23.3184    93.6932     7569    35.93     41.49      345.35
0115    57.5   768.2     13.42     92.9    2296   228    18.68     13.99     12.38    10      .2    2300     0   0   0   0    23.3185    93.6931     7547    36.24     41.84      345.22
0116    58.0   768.8     13.44     92.8    2289   229    18.83     14.15     12.42    10      .2    2293     0   0   0   0    23.3185    93.6930     7524    36.52     42.17      345.13
0117    58.5   769.4     13.47     92.7    2282   229    18.96     14.30     12.45    11      .1    2287     0   0   0   0    23.3186    93.6930     7502    36.78     42.47      345.06
0118    59.0   770.1     13.49     92.6    2276   229    19.08     14.42     12.48    11      .1    2280     0   0   0   3  -999.0000  -999.0000     7480    37.01     42.73      345.01
0119    59.5   770.7     13.52     92.6    2269   229    19.18     14.53     12.51    11      .0    2273     0   0   0   0    23.3187    93.6928     7457    37.21     42.96      344.99
0120    60.0   771.3     13.54     92.7    2262   229    19.27     14.63     12.54    11     -.1    2266     0   0   0   0    23.3188    93.6928     7435    37.37     43.15      345.00
0121    60.5   771.9     13.58     92.7    2255   229    19.34     14.70     12.56    11     -.1    2259     0   0   0   0    23.3188    93.6927     7412    37.51     43.32      345.03
0122    61.0   772.6     13.61     92.8    2248   230    19.40     14.76     12.58    11     -.2    2252     0   0   0   3  -999.0000  -999.0000     7389    37.63     43.45      345.07
0123    61.5   773.2     13.64     92.9    2241   230    19.45     14.81     12.60    11     -.3    2245     0   0   0   3  -999.0000  -999.0000     7366    37.73     43.56      345.12
0124    62.0   773.9     13.68     93.0    2234   230    19.49     14.86     12.61    11     -.3    2238     0   0   0   0    23.3190    93.6925     7343    37.81     43.66      345.18
0125    62.5   774.5     13.72     93.1    2227   230    19.53     14.90     12.62    11     -.4    2231     0   0   0   3  -999.0000  -999.0000     7320    37.88     43.74      345.25
0126    63.0   775.2     13.76     93.2    2220   230    19.56     14.93     12.64    11     -.4    2224     0   0   0   0    23.3191    93.6923     7296    37.95     43.82      345.31
0127    63.5   775.8     13.80     93.3    2213   230    19.59     14.96     12.65    11     -.4    2217     0   0   0   0    23.3192    93.6923     7273    38.01     43.89      345.38
0128    64.0   776.5     13.84     93.4    2205   230    19.62     14.99     12.66    11     -.5    2210     0   0   0   3  -999.0000  -999.0000     7250    38.07     43.95      345.44
0129    64.5   777.1     13.88     93.5    2198   230    19.65     15.01     12.68    11     -.5    2203     0   0   0   0    23.3193    93.6921     7226    38.12     44.02      345.49
0130    65.0   777.8     13.92     93.5    2191   230    19.67     15.03     12.70    11     -.5    2195     0   0   0   0    23.3193    93.6920     7203    38.17     44.07      345.54
0131    65.5   778.4     13.96     93.6    2184   230    19.70     15.04     12.72    11     -.5    2188     0   0   0   0    23.3194    93.6920     7180    38.21     44.12      345.59
0132    66.0   779.1     13.99     93.7    2177   230    19.71     15.04     12.74    11     -.5    2181     0   0   0   0    23.3194    93.6919     7156    38.24     44.15      345.64
0133    66.5   779.7     14.03     93.7    2170   230    19.72     15.03     12.76    11     -.5    2174     0   0   0   0    23.3195    93.6918     7133    38.25     44.17      345.69
0134    67.0   780.4     14.07     93.8    2163   230    19.71     15.01     12.78    11     -.5    2167     0   0   0   0    23.3196    93.6918     7110    38.25     44.16      345.74
0135    67.5   781.0     14.11     93.9    2156   230    19.70     14.99     12.79    11     -.5    2160     0   0   0   0    23.3196    93.6917     7086    38.22     44.13      345.79
0136    68.0   781.7     14.14     94.0    2149   229    19.68     14.95     12.80    11     -.5    2153     0   0   0   3  -999.0000  -999.0000     7063    38.18     44.09      345.83
0137    68.5   782.3     14.18     94.0    2142   229    19.66     14.91     12.80    11     -.5    2146     0   0   0   0    23.3197    93.6915     7040    38.13     44.03      345.88
0138    69.0   783.0     14.21     94.1    2134   229    19.62     14.87     12.80    11     -.5    2139     0   0   0   0    23.3198    93.6915     7017    38.07     43.96      345.93
0139    69.5   783.7     14.24     94.2    2127   229    19.59     14.84     12.80    11     -.5    2132     0   0   0   3  -999.0000  -999.0000     6993    38.01     43.89      345.97
0140    70.0   784.3     14.28     94.3    2120   229    19.57     14.81     12.79    11     -.5    2124     0   0   0   0    23.3199    93.6913     6970    37.96     43.84      346.01
0141    70.5   785.0     14.31     94.3    2113   229    19.56     14.79     12.79    11     -.6    2117     0   0   0   0    23.3200    93.6912     6947    37.94     43.81      346.03
0142    71.0   785.6     14.35     94.3    2106   229    19.56     14.80     12.79    11     -.6    2110     0   0   0   0    23.3200    93.6912     6923    37.95     43.82      346.04
0143    71.5   786.3     14.39     94.2    2099   229    19.59     14.83     12.80    11     -.6    2103     0   0   0   3  -999.0000  -999.0000     6900    38.00     43.88      346.02
0144    72.0   787.0     14.42     94.0    2092   229    19.64     14.88     12.82    11     -.6    2096     0   0   0   3  -999.0000  -999.0000     6876    38.11     44.00      345.98
0145    72.5   787.6     14.46     93.8    2085   229    19.73     14.96     12.86    11     -.6    2089     0   0   0   0    23.3202    93.6909     6853    38.27     44.19      345.92
0146    73.0   788.3     14.51     93.5    2077   229    19.84     15.07     12.91    11     -.7    2082     0   0   0   0    23.3202    93.6909     6829    38.50     44.45      345.83
0147    73.5   789.0     14.55     93.1    2070   230    19.99     15.21     12.97    11     -.7    2074     0   0   0   0    23.3203    93.6908     6806    38.78     44.78      345.70
0148    74.0   789.6     14.59     92.6    2063   230    20.16     15.37     13.05    11     -.7    2067     0   0   0   0    23.3204    93.6907     6782    39.11     45.16      345.56
0149    74.5   790.3     14.63     92.1    2056   230    20.35     15.55     13.13    11     -.7    2060     0   0   0   0    23.3204    93.6907     6759    39.49     45.59      345.38
0150    75.0   791.0     14.68     91.5    2049   230    20.56     15.74     13.23    11     -.7    2053     0   0   0   3  -999.0000  -999.0000     6735    39.88     46.05      345.19
0151    75.5   791.6     14.72     90.9    2041   230    20.77     15.93     13.33    10     -.7    2046     0   0   0   0    23.3205    93.6905     6712    40.29     46.52      344.98
0152    76.0   792.3     14.76     90.3    2034   230    20.98     16.11     13.43    10     -.7    2038     0   0   0   0    23.3206    93.6904     6688    40.69     46.99      344.77
0153    76.5   793.0     14.80     89.7    2027   230    21.17     16.28     13.53    10     -.7    2031     0   0   0   0    23.3207    93.6904     6664    41.08     47.43      344.55
0154    77.0   793.6     14.84     89.2    2020   230    21.35     16.44     13.62    11     -.7    2024     0   0   0   3  -999.0000  -999.0000     6641    41.42     47.83      344.34
0155    77.5   794.3     14.87     88.7    2013   230    21.51     16.58     13.70    11     -.6    2017     0   0   0   0    23.3208    93.6902     6617    41.73     48.18      344.14
0156    78.0   795.0     14.91     88.2    2006   230    21.64     16.69     13.77    11     -.6    2010     0   0   0   0    23.3208    93.6901     6594    41.98     48.47      343.96
0157    78.5   795.6     14.94     87.8    1999   231    21.74     16.78     13.82    11     -.5    2003     0   0   0   0    23.3209    93.6900     6571    42.18     48.70      343.81
0158    79.0   796.3     14.97     87.5    1991   231    21.81     16.84     13.86    11     -.5    1996     0   0   0   3  -999.0000  -999.0000     6548    42.32     48.86      343.68
0159    79.5   797.0     14.99     87.3    1984   231    21.86     16.88     13.89    11     -.4    1989     0   0   0   0    23.3210    93.6899     6525    42.41     48.97      343.57
0160    80.0   797.6     15.02     87.2    1977   231    21.88     16.90     13.90    11     -.4    1982     0   0   0   3  -999.0000  -999.0000     6502    42.45     49.02      343.50
0161    80.5   798.3     15.04     87.1    1970   231    21.89     16.90     13.91    11     -.3    1975     0   0   0   0    23.3212    93.6897     6479    42.46     49.02      343.46
0162    81.0   798.9     15.07     87.2    1964   230    21.87     16.87     13.92    11     -.3    1968     0   0   0   0    23.3212    93.6896     6456    42.43     48.99      343.44
0163    81.5   799.6     15.09     87.3    1957   230    21.84     16.83     13.92    11     -.2    1961     0   0   0   0    23.3213    93.6895     6433    42.36     48.91      343.45
0164    82.0   800.2     15.11     87.4    1950   230    21.79     16.76     13.92    11     -.2    1954     0   0   0   0    23.3213    93.6895     6411    42.28     48.81      343.48
0165    82.5   800.9     15.14     87.6    1943   230    21.73     16.68     13.93    11     -.1    1947     0   0   0   3  -999.0000  -999.0000     6388    42.16     48.68      343.54
0166    83.0   801.5     15.16     87.9    1936   230    21.67     16.58     13.95    11     -.1    1940     0   0   0   0    23.3215    93.6893     6366    42.03     48.53      343.61
0167    83.5   802.2     15.18     88.2    1929   230    21.59     16.46     13.97    11     -.1    1934     0   0   0   0    23.3215    93.6892     6344    41.88     48.35      343.71
0168    84.0   802.8     15.20     88.6    1923   229    21.50     16.32     13.99    11      .0    1927     0   0   0   0    23.3216    93.6891     6321    41.70     48.15      343.82
0169    84.5   803.4     15.22     89.0    1916   229    21.40     16.16     14.02    11      .0    1920     0   0   0   3  -999.0000  -999.0000     6299    41.51     47.93      343.94
0170    85.0   804.1     15.23     89.4    1909   229    21.29     15.99     14.06    11      .0    1913     0   0   0   3  -999.0000  -999.0000     6277    41.30     47.69      344.08
0171    85.5   804.7     15.25     89.9    1902   228    21.17     15.81     14.09    11     -.1    1906     0   0   0   3  -999.0000  -999.0000     6255    41.08     47.43      344.22
0172    86.0   805.4     15.27     90.4    1895   228    21.06     15.62     14.12    11     -.1    1900     0   0   0   0    23.3218    93.6888     6232    40.85     47.17      344.38
0173    86.5   806.0     15.29     90.9    1889   227    20.94     15.43     14.16    11     -.1    1893     0   0   0   0    23.3219    93.6887     6210    40.63     46.91      344.55
0174    87.0   806.6     15.31     91.4    1882   227    20.83     15.25     14.19    11     -.1    1886     0   0   0   3  -999.0000  -999.0000     6188    40.42     46.67      344.71
0175    87.5   807.3     15.33     91.9    1875   227    20.73     15.09     14.22    11     -.1    1879     0   0   0   0    23.3220    93.6886     6165    40.22     46.44      344.89
0176    88.0   807.9     15.35     92.4    1868   226    20.65     14.94     14.25    11     -.2    1872     0   0   0   0    23.3221    93.6885     6143    40.06     46.25      345.06
0177    88.5   808.6     15.37     92.9    1861   226    20.58     14.82     14.28    11     -.2    1865     0   0   0   0    23.3222    93.6884     6120    39.92     46.09      345.23
0178    89.0   809.2     15.39     93.3    1854   226    20.53     14.73     14.30    11     -.2    1859     0   0   0   0    23.3222    93.6884     6098    39.83     45.98      345.39
0179    89.5   809.9     15.42     93.7    1848   226    20.50     14.66     14.33    11     -.2    1852     0   0   0   0    23.3223    93.6883     6075    39.77     45.92      345.55
0180    90.0   810.6     15.45     94.1    1841   226    20.49     14.63     14.35    11     -.2    1845     0   0   0   3  -999.0000  -999.0000     6053    39.75     45.90      345.69
0181    90.5   811.2     15.48     94.4    1834   226    20.50     14.63     14.37    11     -.2    1838     0   0   0   0    23.3224    93.6881     6030    39.78     45.93      345.82
0182    91.0   811.9     15.52     94.6    1827   226    20.53     14.65     14.38    11     -.2    1831     0   0   0   3  -999.0000  -999.0000     6008    39.83     45.98      345.94
0183    91.5   812.5     15.55     94.8    1820   226    20.57     14.68     14.40    11     -.2    1824     0   0   0   0    23.3226    93.6880     5985    39.90     46.07      346.05
0184    92.0   813.2     15.59     95.0    1813   226    20.61     14.73     14.42    11     -.2    1817     0   0   0   0    23.3226    93.6879     5963    39.98     46.16      346.14
0185    92.5   813.8     15.63     95.0    1806   226    20.65     14.77     14.43    11     -.2    1811     0   0   0   0    23.3227    93.6879     5940    40.06     46.26      346.22
0186    93.0   814.5     15.68     95.1    1799   226    20.69     14.82     14.44    11     -.2    1804     0   0   0   0    23.3227    93.6878     5918    40.14     46.34      346.29
0187    93.5   815.1     15.72     95.1    1793   226    20.72     14.85     14.45    11     -.2    1797     0   0   0   3  -999.0000  -999.0000     5895    40.19     46.41      346.36
0188    94.0   815.8     15.77     95.1    1786   226    20.73     14.87     14.45    11     -.2    1790     0   0   0   3  -999.0000  -999.0000     5873    40.22     46.44      346.41
0189    94.5   816.4     15.82     95.0    1779   226    20.74     14.87     14.45    11     -.2    1783     0   0   0   0    23.3229    93.6876     5850    40.23     46.45      346.46
0190    95.0   817.1     15.87     95.0    1772   226    20.72     14.86     14.45    11     -.3    1776     0   0   0   0    23.3230    93.6875     5828    40.21     46.42      346.51
0191    95.5   817.8     15.91     94.9    1765   226    20.70     14.83     14.45    11     -.3    1769     3   3   3   0    23.3231    93.6874     5805    40.16     46.37      346.56
0192    96.0   818.4     15.96     94.9    1758   226    20.67     14.79     14.44    11     -.3    1763     0   0   0   0    23.3231    93.6874     5783    40.10     46.30      346.60
0193    96.5   819.1     16.01     94.9    1752   226    20.63     14.74     14.44    11     -.3    1756     0   0   0   0    23.3232    93.6873     5760    40.03     46.22      346.65
0194    97.0   819.7     16.05     94.8    1745   225    20.60     14.69     14.44    11     -.3    1749     0   0   0   3  -999.0000  -999.0000     5738    39.96     46.14      346.71
0195    97.5   820.4     16.10     94.8    1738   225    20.56     14.64     14.44    11     -.3    1742     0   0   0   0    23.3233    93.6871     5715    39.90     46.06      346.77
0196    98.0   821.1     16.14     94.9    1731   225    20.54     14.60     14.45    11     -.3    1735     0   0   0   0    23.3234    93.6871     5693    39.84     46.01      346.83
0197    98.5   821.7     16.18     94.9    1724   225    20.52     14.56     14.46    11     -.3    1728     0   0   0   0    23.3235    93.6870     5670    39.81     45.97      346.90
0198    99.0   822.4     16.22     95.0    1717   225    20.52     14.54     14.48    11     -.3    1721     0   0   0   0    23.3235    93.6869     5648    39.80     45.96      346.97
0199    99.5   823.0     16.26     95.1    1710   225    20.52     14.53     14.50    11     -.3    1715     0   0   0   0    23.3236    93.6869     5625    39.82     45.98      347.04
0200   100.0   823.7     16.29     95.2    1703   225    20.54     14.53     14.52    11     -.3    1708     0   0   0   0    23.3237    93.6868     5603    39.85     46.02      347.11
0201   100.5   824.4     16.32     95.4    1697   225    20.57     14.54     14.56    11     -.3    1701     0   0   0   0    23.3237    93.6867     5580    39.91     46.08      347.19
0202   101.0   825.0     16.36     95.5    1690   225    20.61     14.55     14.59    11     -.3    1694     0   0   0   0    23.3238    93.6866     5558    39.98     46.17      347.25
0203   101.5   825.7     16.38     95.7    1683   225    20.65     14.57     14.63    11     -.3    1687     0   0   0   0    23.3239    93.6866     5535    40.07     46.26      347.31
0204   102.0   826.3     16.41     95.8    1676   225    20.70     14.59     14.68    11     -.3    1680     0   0   0   0    23.3239    93.6865     5513    40.15     46.36      347.36
0205   102.5   827.0     16.44     95.9    1669   225    20.74     14.61     14.72    11     -.3    1673     0   0   0   3  -999.0000  -999.0000     5490    40.24     46.46      347.40
0206   103.0   827.7     16.46     96.0    1662   225    20.79     14.63     14.77    11     -.2    1667     0   0   0   0    23.3241    93.6864     5468    40.32     46.56      347.43
0207   103.5   828.3     16.49     96.0    1656   225    20.83     14.64     14.82    11     -.2    1660     0   0   0   0    23.3241    93.6863     5446    40.40     46.65      347.43
0208   104.0   829.0     16.51     96.1    1649   225    20.86     14.64     14.86    11     -.2    1653     0   0   0   3  -999.0000  -999.0000     5423    40.47     46.73      347.43
0209   104.5   829.6     16.54     96.1    1642   224    20.89     14.63     14.91    11     -.3    1646     0   0   0   0    23.3243    93.6861     5401    40.53     46.79      347.41
0210   105.0   830.3     16.56     96.0    1635   224    20.91     14.63     14.95    11     -.3    1639     0   0   0   0    23.3243    93.6861     5379    40.57     46.85      347.37
0211   105.5   831.0     16.59     95.9    1628   224    20.93     14.61     14.99    11     -.3    1633     0   0   0   0    23.3244    93.6860     5356    40.61     46.89      347.32
0212   106.0   831.6     16.62     95.8    1622   224    20.94     14.60     15.02    11     -.3    1626     0   0   0   3  -999.0000  -999.0000     5334    40.63     46.92      347.27
0213   106.5   832.3     16.65     95.7    1615   224    20.95     14.58     15.05    11     -.4    1619     0   0   0   3  -999.0000  -999.0000     5311    40.65     46.93      347.22
0214   107.0   833.0     16.68     95.5    1608   224    20.95     14.56     15.07    11     -.4    1612     0   0   0   0    23.3246    93.6858     5289    40.65     46.94      347.17
0215   107.5   833.6     16.72     95.4    1601   224    20.95     14.54     15.09    11     -.5    1605     0   0   0   0    23.3247    93.6857     5266    40.64     46.93      347.13
0216   108.0   834.3     16.75     95.3    1594   224    20.94     14.52     15.09    11     -.5    1598     0   0   0   0    23.3247    93.6856     5244    40.63     46.91      347.10
0217   108.5   835.0     16.79     95.2    1587   224    20.93     14.50     15.09    11     -.6    1591     0   0   0   3  -999.0000  -999.0000     5221    40.60     46.88      347.09
0218   109.0   835.7     16.83     95.1    1580   224    20.91     14.49     15.08    11     -.6    1584     0   0   0   0    23.3249    93.6855     5198    40.57     46.85      347.10
0219   109.5   836.3     16.87     95.1    1573   224    20.89     14.47     15.07    11     -.7    1577     0   0   0   0    23.3249    93.6854     5175    40.53     46.80      347.14
0220   110.0   837.0     16.91     95.2    1566   224    20.87     14.45     15.05    11     -.7    1570     0   0   0   3  -999.0000  -999.0000     5152    40.49     46.75      347.20
0221   110.5   837.7     16.95     95.3    1559   224    20.84     14.44     15.03    11     -.7    1563     0   0   0   0    23.3251    93.6853     5129    40.43     46.69      347.29
0222   111.0   838.4     16.99     95.5    1552   224    20.81     14.42     15.01    11     -.7    1556     0   0   0   0    23.3251    93.6852     5106    40.38     46.62      347.40
0223   111.5   839.1     17.02     95.7    1545   224    20.78     14.40     14.99    11     -.7    1549     0   0   0   0    23.3252    93.6851     5083    40.32     46.56      347.54
0224   112.0   839.8     17.06     96.0    1538   224    20.75     14.37     14.97    11     -.7    1542     0   0   0   0    23.3253    93.6851     5060    40.26     46.49      347.69
0225   112.5   840.5     17.09     96.4    1531   224    20.72     14.34     14.95    11     -.7    1535     0   0   0   3  -999.0000  -999.0000     5037    40.20     46.41      347.86
0226   113.0   841.2     17.13     96.7    1524   224    20.69     14.31     14.94    11     -.6    1528     0   0   0   0    23.3254    93.6849     5014    40.14     46.34      348.04
0227   113.5   841.8     17.16     97.1    1517   224    20.66     14.28     14.93    11     -.6    1521     0   0   0   0    23.3255    93.6849     4991    40.08     46.27      348.24
0228   114.0   842.5     17.20     97.5    1510   224    20.63     14.25     14.92    11     -.6    1514     0   0   0   3  -999.0000  -999.0000     4969    40.02     46.21      348.44
0229   114.5   843.2     17.23     97.9    1503   224    20.60     14.22     14.91    11     -.5    1508     0   0   0   3  -999.0000  -999.0000     4946    39.97     46.15      348.64
0230   115.0   843.9     17.27     98.3    1496   224    20.59     14.20     14.91    11     -.5    1501     0   0   0   0    23.3257    93.6847     4923    39.94     46.11      348.85
0231   115.5   844.5     17.31     98.6    1490   224    20.57     14.18     14.91    11     -.4    1494     0   0   0   0    23.3257    93.6846     4901    39.92     46.09      349.06
0232   116.0   845.2     17.36     98.9    1483   224    20.58     14.18     14.91    11     -.4    1487     0   0   0   0    23.3258    93.6845     4878    39.92     46.09      349.28
0233   116.5   845.9     17.41     99.2    1476   224    20.59     14.18     14.93    11     -.3    1480     0   0   0   0    23.3259    93.6844     4856    39.95     46.12      349.49
0234   117.0   846.6     17.47     99.4    1469   224    20.62     14.20     14.95    11     -.3    1473     0   0   0   0    23.3259    93.6844     4834    40.01     46.20      349.70
0235   117.5   847.2     17.53     99.6    1462   224    20.67     14.24     14.99    11     -.2    1467     0   0   0   3  -999.0000  -999.0000     4812    40.11     46.31      349.91
0236   118.0   847.9     17.60     99.7    1456   224    20.75     14.29     15.04    11     -.2    1460     0   0   0   0    23.3261    93.6842     4790    40.25     46.47      350.12
0237   118.5   848.5     17.66     99.8    1449   224    20.84     14.36     15.11    11     -.1    1453     0   0   0   0    23.3262    93.6842     4768    40.43     46.68      350.32
0238   119.0   849.2     17.73     99.8    1442   224    20.96     14.43     15.19    11     -.1    1447     0   0   0   0    23.3262    93.6841     4746    40.66     46.95      350.51
0239   119.5   849.9     17.80     99.8    1436   224    21.10     14.52     15.30    11      .0    1440     0   0   0   0    23.3263    93.6840     4724    40.93     47.25      350.69
0240   120.0   850.5     17.87     99.8    1429   223    21.25     14.62     15.42    11      .0    1433     0   0   0   0    23.3264    93.6840     4703    41.23     47.61      350.86
0241   120.5   851.2     17.93     99.8    1423   223    21.43     14.72     15.57    11      .0    1427     0   0   0   0    23.3264    93.6839     4681    41.57     48.00      351.01
0242   121.0   851.8     18.00     99.8    1416   223    21.61     14.83     15.73    11      .1    1420     0   0   0   3  -999.0000  -999.0000     4659    41.93     48.42      351.14
0243   121.5   852.5     18.05     99.8    1409   223    21.81     14.93     15.90    11      .1    1414     0   0   0   3  -999.0000  -999.0000     4638    42.31     48.85      351.25
0244   122.0   853.1     18.10     99.7    1403   223    22.01     15.03     16.08    11      .1    1407     0   0   0   3  -999.0000  -999.0000     4616    42.69     49.30      351.33
0245   122.5   853.8     18.14     99.7    1396   223    22.20     15.12     16.26    11      .2    1401     0   0   0   0    23.3267    93.6836     4595    43.07     49.73      351.39
0246   123.0   854.4     18.18     99.7    1390   223    22.39     15.21     16.43    11      .2    1394     0   0   0   3  -999.0000  -999.0000     4574    43.44     50.16      351.41
0247   123.5   855.1     18.20     99.7    1383   223    22.57     15.28     16.61    11      .2    1388     0   0   0   0    23.3268    93.6834     4552    43.78     50.55      351.41
0248   124.0   855.7     18.23     99.7    1377   222    22.73     15.35     16.76    11      .2    1381     0   0   0   0    23.3269    93.6834     4531    44.10     50.92      351.38
0249   124.5   856.3     18.24     99.7    1370   222    22.87     15.41     16.90    11      .2    1375     0   0   0   0    23.3270    93.6833     4510    44.38     51.24      351.33
0250   125.0   857.0     18.25     99.6    1364   222    23.00     15.46     17.02    11      .2    1368     0   0   0   0    23.3271    93.6832     4488    44.62     51.52      351.25
0251   125.5   857.6     18.26     99.6    1357   222    23.10     15.51     17.12    11      .2    1362     3   3   3   3  -999.0000  -999.0000     4467    44.82     51.75      351.16
0252   126.0   858.3     18.27     99.6    1351   222    23.19     15.55     17.20    12      .2    1355     0   0   0   3  -999.0000  -999.0000     4446    44.99     51.94      351.05
0253   126.5   858.9     18.27     99.5    1344   222    23.26     15.59     17.26    12      .2    1349     0   0   0   3  -999.0000  -999.0000     4425    45.12     52.09      350.93
0254   127.0   859.6     18.28     99.5    1338   222    23.31     15.62     17.30    12      .2    1342     0   0   0   0    23.3274    93.6829     4403    45.22     52.21      350.82
0255   127.5   860.2     18.29     99.4    1331   222    23.35     15.65     17.33    12      .2    1336     0   0   0   3  -999.0000  -999.0000     4382    45.30     52.30      350.71
0256   128.0   860.9     18.29     99.4    1325   222    23.38     15.68     17.34    12      .1    1329     0   0   0   0    23.3275    93.6828     4361    45.36     52.37      350.61
0257   128.5   861.5     18.31     99.3    1318   222    23.40     15.71     17.35    12      .1    1323     0   0   0   0    23.3276    93.6827     4339    45.40     52.42      350.53
0258   129.0   862.2     18.32     99.3    1312   222    23.42     15.74     17.35    12      .1    1316     0   0   0   0    23.3277    93.6826     4318    45.44     52.47      350.47
0259   129.5   862.8     18.34     99.3    1305   222    23.44     15.77     17.35    12      .0    1310     0   0   0   0    23.3278    93.6825     4296    45.48     52.51      350.43
0260   130.0   863.5     18.37     99.3    1299   222    23.46     15.80     17.34    12      .0    1303     0   0   0   0    23.3278    93.6825     4275    45.51     52.55      350.42
0261   130.5   864.1     18.40     99.3    1292   222    23.48     15.83     17.35    11      .0    1296     0   0   0   0    23.3279    93.6824     4253    45.56     52.60      350.44
0262   131.0   864.8     18.43     99.3    1286   222    23.51     15.87     17.35    11     -.1    1290     0   0   0   0    23.3280    93.6823     4232    45.61     52.67      350.48
0263   131.5   865.5     18.47     99.4    1279   222    23.55     15.91     17.37    12     -.1    1283     0   0   0   0    23.3281    93.6822     4210    45.69     52.75      350.55
0264   132.0   866.1     18.51     99.4    1272   223    23.60     15.95     17.38    12     -.1    1277     0   0   0   3  -999.0000  -999.0000     4188    45.77     52.85      350.64
0265   132.5   866.8     18.56     99.5    1266   223    23.65     16.01     17.41    12     -.1    1270     0   0   0   0    23.3282    93.6821     4166    45.88     52.98      350.74
0266   133.0   867.5     18.60     99.6    1259   223    23.72     16.07     17.45    12     -.2    1263     0   0   0   3  -999.0000  -999.0000     4145    46.02     53.13      350.85
0267   133.5   868.1     18.65     99.6    1252   223    23.80     16.14     17.50    12     -.2    1257     0   0   0   3  -999.0000  -999.0000     4123    46.18     53.32      350.97
0268   134.0   868.8     18.69     99.7    1246   223    23.90     16.21     17.56    12     -.2    1250     3   3   3   0    23.3285    93.6818     4101    46.36     53.53      351.07
0269   134.5   869.5     18.73     99.8    1239   223    24.00     16.29     17.63    12     -.2    1243     0   0   0   3  -999.0000  -999.0000     4079    46.56     53.77      351.17
0270   135.0   870.2     18.77     99.8    1232   223    24.12     16.37     17.71    12     -.1    1237     0   0   0   0    23.3286    93.6817     4057    46.79     54.03      351.24
0271   135.5   870.8     18.81     99.9    1226   223    24.25     16.45     17.81    12     -.1    1230     0   0   0   0    23.3287    93.6816     4036    47.04     54.31      351.29
0272   136.0   871.5     18.84     99.9    1219   223    24.38     16.52     17.92    12     -.1    1223     0   0   0   0    23.3288    93.6815     4014    47.29     54.60      351.30
0273   136.5   872.2     18.86     99.9    1213   223    24.51     16.58     18.05    12      .0    1217     0   0   0   0    23.3289    93.6814     3992    47.55     54.90      351.29
0274   137.0   872.8     18.88     99.9    1206   222    24.64     16.63     18.18    12      .0    1210     0   0   0   0    23.3290    93.6814     3971    47.81     55.20      351.23
0275   137.5   873.5     18.89     99.8    1200   222    24.77     16.66     18.33    12      .1    1204     0   0   0   3  -999.0000  -999.0000     3950    48.05     55.48      351.15
0276   138.0   874.1     18.89     99.8    1193   222    24.89     16.67     18.48    12      .1    1197     0   0   0   0    23.3291    93.6812     3928    48.28     55.75      351.03
0277   138.5   874.8     18.90     99.7    1187   222    24.99     16.66     18.63    12      .2    1191     0   0   0   0    23.3292    93.6811     3907    48.49     55.99      350.89
0278   139.0   875.4     18.89     99.6    1180   222    25.09     16.63     18.78    12      .2    1184     0   0   0   0    23.3293    93.6810     3886    48.68     56.20      350.73
0279   139.5   876.1     18.89     99.6    1174   221    25.17     16.59     18.93    12      .3    1178     0   0   0   3  -999.0000  -999.0000     3865    48.84     56.39      350.56
0280   140.0   876.7     18.88     99.5    1167   221    25.24     16.54     19.07    12      .3    1172     0   0   0   0    23.3294    93.6809     3844    48.97     56.54      350.38
0281   140.5   877.4     18.87     99.4    1161   221    25.30     16.47     19.20    11      .3    1165     0   0   0   0    23.3295    93.6808     3823    49.08     56.67      350.20
0282   141.0   878.0     18.86     99.4    1155   220    25.35     16.41     19.33    11      .4    1159     0   0   0   0    23.3296    93.6807     3802    49.18     56.78      350.03
0283   141.5   878.7     18.85     99.4    1148   220    25.39     16.34     19.43    12      .4    1153     0   0   0   0    23.3297    93.6806     3782    49.26     56.88      349.88
0284   142.0   879.3     18.85     99.4    1142   220    25.43     16.28     19.53    12      .4    1146     0   0   0   0    23.3298    93.6806     3761    49.33     56.95      349.74
0285   142.5   880.0     18.84     99.4    1136   220    25.46     16.23     19.61    12      .4    1140     0   0   0   0    23.3299    93.6805     3740    49.39     57.02      349.62
0286   143.0   880.6     18.84     99.4    1129   219    25.49     16.19     19.68    12      .4    1134     0   0   0   0    23.3300    93.6804     3719    49.44     57.09      349.52
0287   143.5   881.2     18.85     99.4    1123   219    25.51     16.16     19.74    12      .4    1127     0   0   0   0    23.3301    93.6803     3699    49.50     57.15      349.44
0288   144.0   881.9     18.86     99.5    1117   219    25.54     16.14     19.79    12      .4    1121     0   0   0   0    23.3301    93.6802     3678    49.55     57.21      349.38
0289   144.5   882.5     18.87     99.5    1110   219    25.56     16.13     19.83    12      .3    1115     0   0   0   0    23.3302    93.6802     3657    49.60     57.27      349.35
0290   145.0   883.2     18.89     99.5    1104   219    25.59     16.12     19.87    12      .3    1108     0   0   0   3  -999.0000  -999.0000     3636    49.64     57.32      349.33
0291   145.5   883.8     18.91     99.6    1098   219    25.61     16.11     19.91    12      .3    1102     0   0   0   3  -999.0000  -999.0000     3616    49.69     57.38      349.32
0292   146.0   884.5     18.93     99.6    1091   219    25.64     16.11     19.95    12      .3    1096     0   0   0   3  -999.0000  -999.0000     3595    49.74     57.43      349.32
0293   146.5   885.1     18.96     99.6    1085   219    25.66     16.09     19.99    12      .3    1089     0   0   0   3  -999.0000  -999.0000     3574    49.78     57.48      349.33
0294   147.0   885.8     18.99     99.6    1079   219    25.68     16.07     20.03    12      .3    1083     0   0   0   0    23.3307    93.6798     3553    49.82     57.52      349.34
0295   147.5   886.4     19.02     99.5    1072   219    25.70     16.04     20.08    12      .2    1077     0   0   0   0    23.3308    93.6797     3532    49.85     57.56      349.35
0296   148.0   887.1     19.06     99.5    1066   218    25.71     16.00     20.13    12      .2    1070     0   0   0   3  -999.0000  -999.0000     3511    49.89     57.60      349.35
0297   148.5   887.8     19.10     99.4    1060   218    25.73     15.96     20.19    12      .2    1064     0   0   0   0    23.3309    93.6795     3490    49.92     57.64      349.35
0298   149.0   888.4     19.13     99.2    1053   218    25.75     15.90     20.25    11      .2    1057     0   0   0   0    23.3310    93.6795     3469    49.96     57.68      349.33
0299   149.5   889.1     19.17     99.1    1047   218    25.77     15.85     20.33    11      .1    1051     0   0   0   0    23.3311    93.6794     3448    50.00     57.74      349.31
0300   150.0   889.7     19.21     98.9    1040   218    25.80     15.79     20.41    12      .1    1045     0   0   0   0    23.3312    93.6793     3427    50.06     57.80      349.28
0301   150.5   890.4     19.25     98.7    1034   218    25.84     15.73     20.50    12      .1    1038     0   0   0   0    23.3313    93.6792     3406    50.12     57.88      349.23
0302   151.0   891.1     19.28     98.5    1028   217    25.88     15.67     20.59    12      .0    1032     0   0   0   3  -999.0000  -999.0000     3385    50.20     57.97      349.18
0303   151.5   891.7     19.32     98.3    1021   217    25.92     15.62     20.69    12      .0    1025     0   0   0   0    23.3315    93.6791     3364    50.29     58.07      349.11
0304   152.0   892.4     19.35     98.1    1015   217    25.97     15.56     20.79    12      .0    1019     0   0   0   3  -999.0000  -999.0000     3342    50.38     58.17      349.04
0305   152.5   893.1     19.39     97.9    1008   217    26.02     15.50     20.90    12     -.1    1012     0   0   0   0    23.3317    93.6789     3321    50.47     58.28      348.97
0306   153.0   893.7     19.42     97.7    1001   216    26.06     15.44     21.00    12     -.1    1006     0   0   0   0    23.3318    93.6788     3300    50.56     58.38      348.89
0307   153.5   894.4     19.45     97.4     995   216    26.10     15.37     21.09    12     -.1     999     0   0   0   0    23.3319    93.6788     3278    50.63     58.45      348.81
0308   154.0   895.1     19.49     97.2     988   216    26.12     15.28     21.18    12     -.1     993     0   0   0   0    23.3320    93.6787     3257    50.67     58.50      348.74
0309   154.5   895.8     19.52     97.0     982   216    26.13     15.19     21.26    11     -.1     986     0   0   0   0    23.3321    93.6786     3235    50.68     58.52      348.66
0310   155.0   896.5     19.56     96.8     975   215    26.12     15.07     21.33    11     -.2     980     0   0   0   0    23.3322    93.6785     3214    50.66     58.50      348.60
0311   155.5   897.1     19.59     96.6     969   215    26.09     14.94     21.39    13     -.2     973     0   0   0   0    23.3322    93.6785     3192    50.61     58.44      348.54
0312   156.0   897.8     19.63     96.5     962   215    26.04     14.79     21.44    13     -.2     966     0   0   0   0    23.3323    93.6784     3171    50.53     58.34      348.49
0313   156.5   898.5     19.66     96.3     956   214    25.99     14.62     21.49    13     -.2     960     0   0   0   0    23.3324    93.6783     3149    50.42     58.22      348.45
0314   157.0   899.2     19.70     96.2     949   214    25.93     14.44     21.53    13     -.2     953     0   0   0   0    23.3325    93.6782     3128    50.30     58.07      348.43
0315   157.5   899.8     19.74     96.0     943   213    25.86     14.26     21.57    13     -.2     947     0   0   0   0    23.3326    93.6782     3106    50.17     57.93      348.42
0316   158.0   900.5     19.78     95.9     936   213    25.80     14.08     21.62    13     -.3     940     0   0   0   0    23.3327    93.6781     3085    50.05     57.79      348.42
0317   158.5   901.2     19.82     95.8     929   213    25.75     13.90     21.68    13     -.3     934     0   0   0   0    23.3328    93.6780     3063    49.96     57.68      348.43
0318   159.0   901.9     19.87     95.7     923   212    25.72     13.74     21.74    13     -.3     927     0   0   0   0    23.3329    93.6780     3042    49.89     57.61      348.45
0319   159.5   902.6     19.91     95.7     916   212    25.70     13.60     21.81    12     -.4     920     0   0   0   0    23.3330    93.6779     3020    49.87     57.58      348.48
0320   160.0   903.3     19.95     95.6     910   212    25.71     13.49     21.89    12     -.4     914     0   0   0   0    23.3331    93.6778     2998    49.89     57.60      348.51
0321   160.5   904.0     19.99     95.6     903   211    25.75     13.41     21.98    13     -.4     907     0   0   0   0    23.3332    93.6777     2976    49.95     57.68      348.54
0322   161.0   904.7     20.03     95.5     896   211    25.81     13.37     22.07    13     -.5     901     0   0   0   0    23.3333    93.6777     2954    50.06     57.80      348.57
0323   161.5   905.4     20.07     95.5     890   211    25.88     13.37     22.16    13     -.5     894     0   0   0   0    23.3334    93.6776     2933    50.21     57.97      348.60
0324   162.0   906.1     20.11     95.4     883   211    25.97     13.40     22.24    13     -.5     887     0   0   0   0    23.3335    93.6776     2911    50.37     58.16      348.63
0325   162.5   906.8     20.15     95.3     876   211    26.06     13.46     22.31    13     -.5     880     0   0   0   0    23.3336    93.6775     2889    50.55     58.37      348.65
0326   163.0   907.5     20.20     95.3     870   211    26.15     13.55     22.36    13     -.5     874     3   3   3   0    23.3337    93.6774     2867    50.73     58.57      348.67
0327   163.5   908.2     20.24     95.2     863   211    26.23     13.66     22.40    13     -.4     867     0   0   0   0    23.3338    93.6774     2845    50.89     58.76      348.69
0328   164.0   908.9     20.28     95.0     856   212    26.30     13.78     22.40    13     -.4     860     0   0   0   3  -999.0000  -999.0000     2823    51.03     58.92      348.70
0329   164.5   909.6     20.33     94.9     850   212    26.36     13.91     22.39    13     -.4     854     0   0   0   0    23.3340    93.6772     2801    51.13     59.04      348.70
0330   165.0   910.2     20.37     94.8     843   212    26.39     14.05     22.35    11     -.3     847     0   0   0   0    23.3341    93.6772     2780    51.21     59.12      348.70
0331   165.5   910.9     20.41     94.6     836   212    26.41     14.18     22.29    11     -.3     841     0   0   0   0    23.3342    93.6771     2758    51.24     59.17      348.70
0332   166.0   911.6     20.46     94.5     830   213    26.42     14.31     22.21    11     -.3     834     0   0   0   0    23.3343    93.6770     2737    51.25     59.18      348.69
0333   166.5   912.3     20.51     94.3     823   213    26.41     14.42     22.13    12     -.3     828     0   0   0   0    23.3344    93.6770     2715    51.24     59.16      348.69
0334   167.0   913.0     20.55     94.2     817   213    26.40     14.52     22.05    13     -.2     821     0   0   0   0    23.3345    93.6769     2694    51.21     59.13      348.70
0335   167.5   913.7     20.59     94.0     810   214    26.38     14.60     21.97    13     -.2     815     0   0   0   0    23.3346    93.6768     2672    51.17     59.09      348.71
0336   168.0   914.4     20.64     93.9     804   214    26.36     14.66     21.91    13     -.2     808     0   0   0   3  -999.0000  -999.0000     2651    51.14     59.05      348.72
0337   168.5   915.1     20.68     93.9     797   214    26.35     14.70     21.87    13     -.2     802     0   0   0   0    23.3348    93.6767     2630    51.11     59.01      348.75
0338   169.0   915.7     20.72     93.9     791   214    26.34     14.71     21.84    13     -.3     795     0   0   0   3  -999.0000  -999.0000     2608    51.09     59.00      348.79
0339   169.5   916.4     20.75     93.9     784   214    26.34     14.71     21.84    13     -.3     788     0   0   0   0    23.3350    93.6765     2587    51.09     58.99      348.84
0340   170.0   917.1     20.78     94.0     778   214    26.34     14.68     21.87    13     -.3     782     0   0   0   3  -999.0000  -999.0000     2565    51.10     59.00      348.90
0341   170.5   917.8     20.81     94.1     771   214    26.35     14.64     21.91    13     -.3     775     0   0   0   0    23.3352    93.6764     2544    51.11     59.02      348.97
0342   171.0   918.5     20.84     94.2     765   214    26.36     14.57     21.96    13     -.3     769     3   3   3   0    23.3353    93.6763     2522    51.13     59.04      349.05
0343   171.5   919.2     20.87     94.4     758   213    26.36     14.48     22.03    13     -.3     762     0   0   0   0    23.3354    93.6762     2501    51.15     59.05      349.13
0344   172.0   919.9     20.89     94.6     751   213    26.37     14.38     22.10    13     -.3     756     0   0   0   3  -999.0000  -999.0000     2479    51.15     59.06      349.21
0345   172.5   920.6     20.91     94.8     745   213    26.36     14.26     22.17    13     -.3     749     0   0   0   0    23.3356    93.6761     2458    51.14     59.05      349.28
0346   173.0   921.3     20.93     95.0     738   212    26.34     14.13     22.24    13     -.3     743     0   0   0   0    23.3357    93.6760     2436    51.11     59.01      349.35
0347   173.5   922.0     20.95     95.1     732   212    26.32     13.99     22.30    13     -.3     736     0   0   0   0    23.3358    93.6760     2415    51.06     58.96      349.41
0348   174.0   922.7     20.97     95.3     725   212    26.29     13.84     22.35    13     -.3     729     0   0   0   0    23.3359    93.6759     2393    51.00     58.88      349.45
0349   174.5   923.4     20.98     95.4     719   211    26.25     13.69     22.39    13     -.3     723     0   0   0   3  -999.0000  -999.0000     2372    50.92     58.79      349.47
0350   175.0   924.1     21.00     95.5     712   211    26.20     13.54     22.43    13     -.3     716     0   0   0   0    23.3361    93.6758     2350    50.82     58.68      349.48
0351   175.5   924.8     21.02     95.6     706   211    26.15     13.39     22.46    13     -.3     710     0   0   0   0    23.3362    93.6757     2329    50.73     58.57      349.47
0352   176.0   925.5     21.04     95.6     699   211    26.09     13.25     22.48    13     -.3     703     0   0   0   0    23.3363    93.6756     2307    50.62     58.45      349.44
0353   176.5   926.2     21.06     95.6     693   210    26.04     13.12     22.50    13     -.3     697     0   0   0   0    23.3364    93.6756     2286    50.52     58.33      349.41
0354   177.0   926.9     21.07     95.6     686   210    25.99     12.99     22.51    13     -.2     690     0   0   0   3  -999.0000  -999.0000     2265    50.42     58.21      349.37
0355   177.5   927.5     21.09     95.6     680   210    25.94     12.87     22.52    13     -.2     684     0   0   0   0    23.3366    93.6754     2243    50.31     58.10      349.32
0356   178.0   928.2     21.11     95.6     673   210    25.88     12.76     22.52    13     -.2     677     0   0   0   3  -999.0000  -999.0000     2222    50.21     57.98      349.28
0357   178.5   928.9     21.13     95.6     667   209    25.83     12.65     22.52    13     -.2     671     0   0   0   0    23.3368    93.6753     2201    50.12     57.87      349.24
0358   179.0   929.6     21.15     95.6     660   209    25.78     12.55     22.52    13     -.1     664     0   0   0   0    23.3369    93.6752     2180    50.02     57.75      349.21
0359   179.5   930.3     21.16     95.6     654   209    25.73     12.45     22.52    13     -.1     658     0   0   0   0    23.3370    93.6752     2159    49.92     57.64      349.19
0360   180.0   931.0     21.18     95.7     647   209    25.68     12.35     22.52    13     -.1     652     0   0   0   0    23.3371    93.6751     2138    49.82     57.52      349.17
0361   180.5   931.7     21.20     95.7     641   209    25.63     12.25     22.51    13      .0     645     0   0   0   0    23.3372    93.6750     2117    49.72     57.41      349.17
0362   181.0   932.3     21.21     95.8     635   208    25.58     12.16     22.50    13      .0     639     0   0   0   3  -999.0000  -999.0000     2096    49.62     57.29      349.16
0363   181.5   933.0     21.23     95.9     628   208    25.53     12.07     22.49    13      .0     633     0   0   0   0    23.3374    93.6749     2075    49.52     57.18      349.16
0364   182.0   933.7     21.24     95.9     622   208    25.48     11.99     22.49    13      .1     626     0   0   0   0    23.3375    93.6749     2054    49.44     57.08      349.16
0365   182.5   934.4     21.26     96.0     616   208    25.45     11.92     22.48    12      .1     620     0   0   0   0    23.3376    93.6748     2034    49.36     57.00      349.15
0366   183.0   935.0     21.28     96.0     609   208    25.42     11.87     22.47    12      .1     614     0   0   0   0    23.3377    93.6748     2013    49.31     56.94      349.14
0367   183.5   935.7     21.30     96.1     603   208    25.40     11.83     22.48    13      .1     607     0   0   0   0    23.3378    93.6747     1992    49.28     56.90      349.12
0368   184.0   936.4     21.32     96.0     597   208    25.40     11.82     22.48    13      .1     601     0   0   0   3  -999.0000  -999.0000     1972    49.27     56.89      349.09
0369   184.5   937.1     21.35     96.0     591   208    25.41     11.82     22.49    13      .1     595     0   0   0   0    23.3380    93.6746     1951    49.29     56.91      349.06
0370   185.0   937.7     21.37     95.9     584   208    25.43     11.84     22.51    13      .1     588     0   0   0   0    23.3381    93.6745     1931    49.34     56.97      349.01
0371   185.5   938.4     21.40     95.8     578   208    25.47     11.87     22.54    13      .1     582     0   0   0   0    23.3382    93.6745     1910    49.42     57.06      348.97
0372   186.0   939.1     21.43     95.7     572   208    25.52     11.92     22.57    13      .1     576     0   0   0   0    23.3383    93.6744     1890    49.52     57.18      348.93
0373   186.5   939.8     21.46     95.5     565   208    25.59     11.97     22.62    13      .1     570     0   0   0   0    23.3384    93.6743     1869    49.64     57.32      348.88
0374   187.0   940.5     21.50     95.4     559   208    25.66     12.02     22.67    13      .0     563     0   0   0   0    23.3386    93.6743     1848    49.78     57.48      348.85
0375   187.5   941.1     21.53     95.3     553   208    25.74     12.07     22.73    13      .0     557     0   0   0   0    23.3387    93.6742     1827    49.93     57.65      348.83
0376   188.0   941.8     21.57     95.1     546   208    25.82     12.11     22.80    13      .0     551     0   0   0   0    23.3388    93.6742     1807    50.08     57.83      348.81
0377   188.5   942.5     21.61     95.0     540   208    25.90     12.13     22.88    13      .0     544     0   0   0   0    23.3389    93.6741     1786    50.24     58.00      348.81
0378   189.0   943.2     21.65     94.9     534   208    25.97     12.13     22.96    13     -.1     538     0   0   0   0    23.3390    93.6740     1765    50.38     58.17      348.83
0379   189.5   943.9     21.69     94.9     527   208    26.04     12.11     23.05    13     -.1     532     0   0   0   3  -999.0000  -999.0000     1744    50.52     58.33      348.85
0380   190.0   944.6     21.73     94.8     521   208    26.11     12.07     23.15    13     -.1     525     0   0   0   0    23.3392    93.6739     1723    50.65     58.48      348.89
0381   190.5   945.3     21.77     94.8     515   207    26.16     12.01     23.25    13     -.1     519     0   0   0   0    23.3393    93.6739     1702    50.76     58.61      348.93
0382   191.0   946.0     21.80     94.8     508   207    26.22     11.93     23.35    13     -.1     512     0   0   0   0    23.3394    93.6738     1681    50.86     58.72      348.98
0383   191.5   946.7     21.84     94.8     502   207    26.26     11.83     23.44    13     -.1     506     0   0   0   0    23.3395    93.6738     1660    50.95     58.82      349.03
0384   192.0   947.4     21.88     94.8     495   206    26.30     11.73     23.54    13     -.1     500     3   3   3   0    23.3396    93.6737     1639    51.02     58.91      349.08
0385   192.5   948.0     21.92     94.8     489   206    26.33     11.62     23.63    13     -.1     493     0   0   0   0    23.3397    93.6736     1618    51.09     58.99      349.12
0386   193.0   948.7     21.96     94.8     483   206    26.36     11.52     23.71    13     -.1     487     0   0   0   0    23.3398    93.6736     1598    51.14     59.05      349.16
0387   193.5   949.4     21.99     94.7     476   206    26.39     11.42     23.79    13     -.1     481     0   0   0   0    23.3399    93.6735     1577    51.19     59.10      349.19
0388   194.0   950.1     22.03     94.7     470   205    26.40     11.33     23.85    13     -.1     474     0   0   0   0    23.3400    93.6735     1556    51.23     59.15      349.21
0389   194.5   950.8     22.07     94.6     464   205    26.42     11.25     23.90    13     -.1     468     0   0   0   3  -999.0000  -999.0000     1535    51.25     59.18      349.22
0390   195.0   951.5     22.10     94.5     457   205    26.43     11.19     23.94    13     -.1     461     0   0   0   0    23.3402    93.6734     1514    51.27     59.20      349.21
0391   195.5   952.2     22.14     94.4     451   205    26.44     11.14     23.97    13     -.1     455     0   0   0   0    23.3403    93.6733     1493    51.29     59.22      349.19
0392   196.0   952.9     22.18     94.2     445   205    26.44     11.11     24.00    13     -.1     449     0   0   0   0    23.3404    93.6732     1472    51.30     59.23      349.16
0393   196.5   953.6     22.22     94.0     438   205    26.45     11.09     24.01    13     -.1     442     0   0   0   0    23.3406    93.6732     1451    51.30     59.24      349.13
0394   197.0   954.3     22.26     93.8     432   205    26.45     11.08     24.02    11      .0     436     0   0   0   3  -999.0000  -999.0000     1431    51.31     59.25      349.09
0395   197.5   955.0     22.30     93.6     426   205    26.45     11.08     24.02     9      .0     430     0   0   0   0    23.3408    93.6731     1410    51.32     59.25      349.04
0396   198.0   955.7     22.34     93.4     419   205    26.46     11.09     24.02    10      .0     423     0   0   0   0    23.3409    93.6730     1389    51.33     59.27      349.01
0397   198.5   956.3     22.38     93.3     413   205    26.47     11.11     24.02    11      .0     417     0   0   0   0    23.3410    93.6730     1369    51.35     59.29      348.97
0398   199.0   957.0     22.42     93.1     407   205    26.48     11.14     24.02    11      .0     411     0   0   0   0    23.3411    93.6729     1348    51.37     59.31      348.95
0399   199.5   957.7     22.47     93.0     400   205    26.49     11.17     24.02    11      .1     405     0   0   0   0    23.3412    93.6729     1328    51.39     59.34      348.95
0400   200.0   958.4     22.51     92.8     394   205    26.50     11.22     24.01    13      .1     398     0   0   0   0    23.3413    93.6728     1307    51.41     59.36      348.96
0401   200.5   959.1     22.55     92.8     388   205    26.51     11.27     24.00    13      .1     392     0   0   0   0    23.3414    93.6728     1287    51.43     59.39      348.99
0402   201.0   959.8     22.59     92.7     382   205    26.52     11.33     23.98    12      .1     386     0   0   0   0    23.3415    93.6727     1266    51.45     59.41      349.03
0403   201.5   960.4     22.63     92.7     376   205    26.53     11.39     23.96    12      .1     380     0   0   0   0    23.3416    93.6726     1246    51.46     59.42      349.08
0404   202.0   961.1     22.67     92.7     369   206    26.53     11.46     23.93    13      .1     374     0   0   0   0    23.3417    93.6726     1226    51.46     59.42      349.15
0405   202.5   961.8     22.70     92.8     363   206    26.53     11.53     23.89    12      .1     367     0   0   0   0    23.3418    93.6725     1205    51.46     59.42      349.23
0406   203.0   962.5     22.74     92.8     357   206    26.52     11.59     23.85    12      .1     361     0   0   0   0    23.3420    93.6725     1185    51.44     59.40      349.31
0407   203.5   963.2     22.78     92.8     351   206    26.50     11.65     23.81    13      .0     355     0   0   0   0    23.3421    93.6724     1164    51.42     59.37      349.38
0408   204.0   963.9     22.82     92.9     344   206    26.49     11.70     23.76    13      .0     349     0   0   0   0    23.3422    93.6724     1144    51.39     59.33      349.46
0409   204.5   964.6     22.86     92.9     338   206    26.47     11.73     23.72    13      .0     342     3   3   3   0    23.3423    93.6723     1123    51.35     59.29      349.53
0410   205.0   965.3     22.90     92.9     332   206    26.44     11.75     23.69    13     -.1     336     0   0   0   3  -999.0000  -999.0000     1102    51.30     59.24      349.59
0411   205.5   966.0     22.94     92.9     325   206    26.42     11.76     23.66    12     -.1     330     0   0   0   0    23.3425    93.6722     1082    51.25     59.18      349.65
0412   206.0   966.7     22.98     92.9     319   206    26.39     11.74     23.64    12     -.1     323     0   0   0   0    23.3426    93.6721     1061    51.20     59.12      349.70
0413   206.5   967.4     23.02     92.8     313   206    26.37     11.71     23.62    10     -.1     317     0   0   0   0    23.3427    93.6721     1040    51.15     59.06      349.74
0414   207.0   968.0     23.06     92.8     307   206    26.34     11.67     23.62    11     -.1     311     0   0   0   0    23.3428    93.6720     1020    51.11     59.01      349.79
0415   207.5   968.7     23.10     92.8     300   206    26.32     11.61     23.62    11     -.1     304     0   0   0   0    23.3429    93.6720      999    51.07     58.96      349.83
0416   208.0   969.4     23.14     92.7     294   206    26.30     11.54     23.64    11     -.1     298     0   0   0   0    23.3430    93.6719      978    51.03     58.92      349.88
0417   208.5   970.1     23.18     92.7     288   206    26.29     11.47     23.65    10     -.1     292     0   0   0   0    23.3431    93.6718      957    51.00     58.89      349.94
0418   209.0   970.8     23.22     92.7     281   206    26.28     11.40     23.68    12     -.1     285     0   0   0   0    23.3432    93.6718      937    50.98     58.87      349.99
0419   209.5   971.5     23.27     92.6     275   206    26.27     11.32     23.71    12      .0     279     0   0   0   3  -999.0000  -999.0000      916    50.97     58.85      350.06
0420   210.0   972.2     23.31     92.6     269   205    26.27     11.25     23.74    11      .0     273     3   3   3   0    23.3435    93.6717      896    50.96     58.84      350.12
0421   210.5   972.9     23.35     92.6     262   205    26.27     11.18     23.77    11      .0     267     0   0   0   0    23.3436    93.6716      875    50.96     58.84      350.18
0422   211.0   973.6     23.39     92.6     256   205    26.27     11.12     23.80    11      .0     260     0   0   0   0    23.3437    93.6716      855    50.97     58.85      350.25
0423   211.5   974.3     23.42     92.6     250   205    26.28     11.06     23.84    12      .1     254     0   0   0   0    23.3438    93.6715      834    50.98     58.86      350.30
0424   212.0   975.0     23.46     92.6     244   205    26.28     11.00     23.87    12      .1     248     0   0   0   0    23.3439    93.6715      814    50.99     58.87      350.35
0425   212.5   975.7     23.50     92.6     238   205    26.28     10.94     23.90    12      .1     242     0   0   0   0    23.3440    93.6714      794    50.99     58.87      350.39
0426   213.0   976.4     23.53     92.6     232   204    26.28     10.89     23.92    12      .1     236     0   0   0   0    23.3441    93.6713      773    50.98     58.87      350.42
0427   213.5   977.0     23.57     92.5     225   204    26.27     10.83     23.93    12      .2     230     0   0   0   0    23.3442    93.6713      753    50.97     58.85      350.44
0428   214.0   977.7     23.60     92.5     219   204    26.26     10.77     23.94    12      .2     223     0   0   0   0    23.3443    93.6712      733    50.94     58.81      350.46
0429   214.5   978.4     23.64     92.4     213   204    26.23     10.71     23.95    12      .2     217     0   0   0   0    23.3444    93.6712      713    50.89     58.76      350.46
0430   215.0   979.1     23.67     92.3     207   204    26.20     10.65     23.94    13      .2     211     0   0   0   0    23.3445    93.6711      693    50.83     58.70      350.47
0431   215.5   979.8     23.71     92.2     201   204    26.17     10.59     23.93    13      .2     205     0   0   0   0    23.3446    93.6711      673    50.77     58.62      350.46
0432   216.0   980.5     23.74     92.1     195   204    26.13     10.53     23.92    12      .2     199     0   0   0   0    23.3447    93.6710      653    50.70     58.54      350.46
0433   216.5   981.2     23.78     92.0     189   204    26.10     10.46     23.91    12      .2     193     0   0   0   0    23.3449    93.6710      632    50.63     58.45      350.45
0434   217.0   981.8     23.81     91.9     182   204    26.06     10.41     23.89    13      .2     187     0   0   0   0    23.3450    93.6709      612    50.56     58.38      350.44
0435   217.5   982.5     23.85     91.8     176   203    26.03     10.35     23.89    13      .2     181     0   0   0   0    23.3451    93.6709      592    50.50     58.31      350.42
0436   218.0   983.2     23.89     91.7     170   203    26.01     10.30     23.89    13      .2     174     0   0   0   0    23.3452    93.6708      572    50.46     58.26      350.41
0437   218.5   983.9     23.93     91.6     164   203    26.00     10.25     23.89    12      .2     168     0   0   0   0    23.3453    93.6708      552    50.44     58.24      350.39
0438   219.0   984.6     23.96     91.4     158   203    26.00     10.20     23.92    12      .2     162     0   0   0   0    23.3454    93.6707      532    50.44     58.24      350.37
0439   219.5   985.3     24.00     91.3     152   203    26.02     10.16     23.95    11      .2     156     0   0   0   0    23.3455    93.6707      512    50.48     58.28      350.35
0440   220.0   985.9     24.03     91.2     146   203    26.07     10.13     24.02    12      .2     150     0   0   0   0    23.3456    93.6706      492    50.57     58.39      350.33
0441   220.5   986.6     24.06     91.1     140   203    26.13     10.10     24.10    10      .2     144     0   0   0   0    23.3457    93.6706      472    50.70     58.53      350.31
0442   221.0   987.3     24.09     91.1     133   203    26.20     10.06     24.19     9      .2     138     0   0   0   0    23.3458    93.6705      452    50.83     58.69      350.30
0443   221.5   988.0     24.11     91.1     127   202    26.28     10.01     24.30     9      .3     132     0   0   0   0    23.3459    93.6705      432    50.98     58.86      350.30
0444   222.0   988.7     24.14     91.1     121   202    26.36      9.95     24.41    10      .3     126     0   0   0   3  -999.0000  -999.0000      412    51.14     59.04      350.31
0445   222.5   989.4     24.16     91.2     115   202    26.44      9.87     24.52    11      .3     120     0   0   0   0    23.3462    93.6704      392    51.29     59.22      350.33
0446   223.0   990.0     24.18     91.3     109   202    26.51      9.78     24.63    11      .3     113     0   0   0   0    23.3463    93.6703      372    51.42     59.37      350.38
0447   223.5   990.7     24.19     91.5     103   201    26.56      9.69     24.73    10      .3     107     0   0   0   0    23.3464    93.6703      352    51.53     59.50      350.46
0448   224.0   991.4     24.21     91.8      97   201    26.60      9.58     24.82    11      .4     101     0   0   0   3  -999.0000  -999.0000      333    51.61     59.59      350.56
0449   224.5   992.1     24.22     92.0      91   201    26.62      9.47     24.88    12      .4      95     0   0   0   0    23.3466    93.6702      313    51.65     59.63      350.69
0450   225.0   992.8     24.24     92.4      85   201    26.62      9.34     24.93    11      .4      89     0   0   0   3  -999.0000  -999.0000      293    51.64     59.63      350.85
0451   225.5   993.4     24.26     92.7      79   200    26.60      9.21     24.95    10      .5      83     0   0   0   0    23.3468    93.6701      274    51.60     59.58      351.03
0452   226.0   994.1     24.27     93.1      73   200    26.55      9.05     24.96    11      .5      78     3   3   3   0    23.3469    93.6701      254    51.52     59.48      351.23
0453   226.5   994.8     24.29     93.5      67   200    26.49      8.88     24.96    10      .6      72     0   0   0   3  -999.0000  -999.0000      235    51.40     59.35      351.43
0454   227.0   995.4     24.32     93.9      62   199    26.41      8.70     24.94     9      .7      66     0   0   0   0    23.3472    93.6700      216    51.24     59.16      351.63
0455   227.5   996.1     24.34     94.2      56   199    26.31      8.49     24.90     9      .8      60     0   0   0   0    23.3473    93.6699      196    51.04     58.93      351.83
0456   228.0   996.7     24.37     94.5      50   198    26.17      8.25     24.84     9      .9      54     0   0   0   0    23.3474    93.6699      177    50.78     58.63      352.03
0457   228.5   997.4     24.41     94.7      44   198    25.99      7.96     24.74     8     1.0      48     0   0   0   0    23.3475    93.6698      159    50.42     58.21      352.24
0458   229.0   998.0     24.45     95.0      39   197    25.72      7.59     24.57     7     1.0      43     0   0   0   0    23.3476    93.6698      140    49.89     57.61      352.49
0459   229.5   998.7     24.49     95.4      33   196    25.29      7.13     24.26     6     1.1      37     0   0   0   0    23.3477    93.6697      122    49.06     56.65      352.85
0460   230.0   999.3     24.55     95.9      27   196    24.66      6.64     23.75     5     1.0      32     0   0   0   0    23.3478    93.6697      104    47.83     55.23      353.27
0461   230.5   999.9     24.61     95.9      22   195    23.85      6.21     23.03    13     1.0      26     0   0   0   0    23.3479    93.6697       86    46.26     53.42      353.51
0462   231.0  1000.6     24.68     95.7      16   195    23.04      6.06     22.23    13     1.0      20     0   0   0   0    23.3481    93.6696       67    44.69     51.60      353.62
0463   231.5  1001.2     24.75     95.5      11   197    22.50      6.47     21.55    13     1.0      15     0   0   0   0    23.3482    93.6696       49    43.64     50.39      353.69
0464   232.0  1001.9     24.80     95.9       5   197    22.92      6.69     21.92    13      .9       9     0   0   0   0    23.3483    93.6696       29    44.47     51.34      354.04
