 ===========================================================================
 DROPWINDSONDE PROCESSING RECORD                            Sonde: 982430029
 FRD file written by Aspen V3.4.8, 10 Jul 2023 20:03 UTC
 Aircraft: WP-3D, N43RF                      Date: 980831   Time: 004340 UTC
 ---------------------------------------------------------------------------
 Bias corrections:  PR =   0.0 mb  TE =   0.0 C  RH =   0.0 %  PRB =  0.0 mb
 Filters (LPF):     PTH = 
 Dyn RH correction = 
 Estimated PR used = 
 Dyn T correction  = 
 ---------------------------------------------------------------------------
 COMMENT: 
 ===========================================================================

 ===========================================================================
 Date: 980831   Lat:  28.56 N   TA:   14.1 C   PS:  759.7 mb   WD:    44 deg
 Time: 004340   Lon:  74.86 W   TD:   13.0 C   GA:   2444 m    WS:  24.2 m/s
 SID:  982430029                RH:   93.1 %   Navaid:   GP
 ===========================================================================

IX      t (s)  P (mb)    T (C)    RH (%)  Z (m)   WD    WS (m/s)   U (m/s)   V (m/s)  NS  WZ (m/s)  ZW (m)   FP  FT  FH  FW    LAT (N)   LON (E)
0001    0.30  -999.0   -999.00   -999.0    -999  -999  -999.00   -999.00   -999.00  -999  -999.0    -999     0   0   0   0    -999.000  -999.000
0002    0.80  -999.0   -999.00   -999.0    -999  -999  -999.00   -999.00   -999.00  -999  -999.0    -999     0   0   0   0    -999.000  -999.000
0003    1.30  -999.0   -999.00   -999.0    -999  -999  -999.00   -999.00   -999.00  -999  -999.0    -999     0   0   0   0    -999.000  -999.000
0004    1.80  -999.0   -999.00   -999.0    -999  -999  -999.00   -999.00   -999.00  -999  -999.0    -999     0   0   0   0    -999.000  -999.000
0005    2.30  -999.0   -999.00   -999.0    -999  -999  -999.00   -999.00   -999.00  -999  -999.0    -999     0   0   0   0    -999.000  -999.000
0006    2.80  -999.0   -999.00   -999.0    -999  -999  -999.00   -999.00   -999.00  -999  -999.0    -999     0   0   0   0    -999.000  -999.000
0007    3.30  -999.0   -999.00   -999.0    -999  -999  -999.00   -999.00   -999.00     0  -999.0    -999     0   0   0   0    -999.000  -999.000
0008    3.80  -999.0   -999.00   -999.0    -999  -999  -999.00   -999.00   -999.00     0  -999.0    -999     0   0   0   0    -999.000  -999.000
0009    4.30  -999.0   -999.00   -999.0    -999  -999  -999.00   -999.00   -999.00     0  -999.0    -999     0   0   0   0    -999.000  -999.000
0010    4.80  -999.0   -999.00   -999.0    -999  -999  -999.00   -999.00   -999.00     0  -999.0    -999     0   0   0   0    -999.000  -999.000
0011    5.30  -999.0   -999.00   -999.0    -999  -999  -999.00   -999.00   -999.00     0  -999.0    -999     0   0   0   0    -999.000  -999.000
0012    5.80  -999.0   -999.00   -999.0    -999  -999  -999.00   -999.00   -999.00     0  -999.0    -999     0   0   0   0    -999.000  -999.000
0013    6.30  -999.0   -999.00   -999.0    -999  -999  -999.00   -999.00   -999.00     0  -999.0    -999     0   0   0   0    -999.000  -999.000
0014    6.80  -999.0   -999.00   -999.0    -999  -999  -999.00   -999.00   -999.00     0  -999.0    -999     0   0   0   0    -999.000  -999.000
0015    7.30  -999.0   -999.00   -999.0    -999  -999  -999.00   -999.00   -999.00     0  -999.0    -999     0   0   0   0    -999.000  -999.000
0016    7.80  -999.0   -999.00   -999.0    -999  -999  -999.00   -999.00   -999.00     0  -999.0    -999     0   0   0   0    -999.000  -999.000
0017    8.30  -999.0   -999.00   -999.0    -999  -999  -999.00   -999.00   -999.00     0  -999.0    -999     0   0   0   0    -999.000  -999.000
0018    8.80  -999.0   -999.00   -999.0    -999  -999  -999.00   -999.00   -999.00     0  -999.0    -999     0   0   0   0    -999.000  -999.000
0019    9.30  -999.0   -999.00   -999.0    -999  -999  -999.00   -999.00   -999.00     0  -999.0    -999     0   0   0   0    -999.000  -999.000
0020    9.80  -999.0   -999.00   -999.0    -999  -999  -999.00   -999.00   -999.00     0  -999.0    -999     0   0   0   0    -999.000  -999.000
0021   10.30  -999.0   -999.00   -999.0    -999  -999  -999.00   -999.00   -999.00     0  -999.0    -999     0   0   0   0    -999.000  -999.000
0022   10.80  -999.0   -999.00   -999.0    -999  -999  -999.00   -999.00   -999.00     0  -999.0    -999     0   0   0   0    -999.000  -999.000
0023   11.30  -999.0   -999.00   -999.0    -999  -999  -999.00   -999.00   -999.00     0  -999.0    -999     0   0   0   0    -999.000  -999.000
0024   11.80  -999.0   -999.00   -999.0    -999  -999  -999.00   -999.00   -999.00     0  -999.0    -999     0   0   0   0    -999.000  -999.000
0025   12.30  -999.0   -999.00   -999.0    -999  -999  -999.00   -999.00   -999.00     0  -999.0    -999     0   0   0   0    -999.000  -999.000
0026   12.80   776.3     14.70   -999.0    2236  -999  -999.00   -999.00   -999.00     0    -3.4    2236     0   0   0   0    -999.000  -999.000
0027   13.30   777.0     14.72   -999.0    2229  -999  -999.00   -999.00   -999.00     0    -3.6    2229     0   0   0   0    -999.000  -999.000
0028   13.80   777.7     14.74   -999.0    2222  -999  -999.00   -999.00   -999.00     0    -3.7    2222     0   0   0   0    -999.000  -999.000
0029   14.30   778.4     14.77   -999.0    2214  -999  -999.00   -999.00   -999.00     0    -3.8    2214     0   0   0   0    -999.000  -999.000
0030   14.80   779.0     14.79   -999.0    2207  -999  -999.00   -999.00   -999.00     0    -3.9    2207     0   0   0   0    -999.000  -999.000
0031   15.30   779.7     14.82   -999.0    2199  -999  -999.00   -999.00   -999.00     0    -4.0    2199     0   0   0   0    -999.000  -999.000
0032   15.80   780.4     14.85   -999.0    2192  -999  -999.00   -999.00   -999.00     0    -4.0    2192     0   0   0   0    -999.000  -999.000
0033   16.30   781.1     14.88   -999.0    2184  -999  -999.00   -999.00   -999.00     0    -4.0    2184     0   0   0   0    -999.000  -999.000
0034   16.80   781.8     14.90   -999.0    2177  -999  -999.00   -999.00   -999.00     0    -4.0    2177     0   0   0   0    -999.000  -999.000
0035   17.30   782.5     14.93   -999.0    2169  -999  -999.00   -999.00   -999.00     0    -4.1    2169     0   0   0   0    -999.000  -999.000
0036   17.80   783.2     14.96   -999.0    2162  -999  -999.00   -999.00   -999.00     0    -4.0    2162     0   0   0   0    -999.000  -999.000
0037   18.30   783.9     14.99   -999.0    2154  -999  -999.00   -999.00   -999.00     0    -4.0    2154     0   0   0   0    -999.000  -999.000
0038   18.80   784.6     15.02   -999.0    2147  -999  -999.00   -999.00   -999.00     0    -4.0    2147     0   0   0   0    -999.000  -999.000
0039   19.30   785.3     15.05   -999.0    2139  -999  -999.00   -999.00   -999.00     0    -4.0    2139     0   0   0   0    -999.000  -999.000
0040   19.80   785.9     15.08   -999.0    2132  -999  -999.00   -999.00   -999.00     0    -4.0    2132     0   0   0   0    -999.000  -999.000
0041   20.30   786.6     15.12   -999.0    2124  -999  -999.00   -999.00   -999.00     0    -4.0    2124     0   0   0   0    -999.000  -999.000
0042   20.80   787.3     15.15   -999.0    2117  -999  -999.00   -999.00   -999.00     0    -4.0    2117     0   0   0   0    -999.000  -999.000
0043   21.30   788.0     15.19   -999.0    2109  -999  -999.00   -999.00   -999.00     0    -4.0    2109     0   0   0   0    -999.000  -999.000
0044   21.80   788.7     15.23   -999.0    2102  -999  -999.00   -999.00   -999.00     0    -4.0    2102     0   0   0   0    -999.000  -999.000
0045   22.30   789.4     15.27   -999.0    2094  -999  -999.00   -999.00   -999.00     0    -3.9    2094     0   0   0   0    -999.000  -999.000
0046   22.80   790.1     15.31   -999.0    2087  -999  -999.00   -999.00   -999.00     0    -3.9    2087     0   0   0   0    -999.000  -999.000
0047   23.30   790.8     15.35   -999.0    2079  -999  -999.00   -999.00   -999.00     0    -3.9    2079     0   0   0   0    -999.000  -999.000
0048   23.80   791.5     15.40     87.0    2072  -999  -999.00   -999.00   -999.00     0    -3.9    2072     0   0   0   0    -999.000  -999.000
0049   24.30   792.2     15.44     87.0    2065  -999  -999.00   -999.00   -999.00     0    -3.9    2065     0   0   0   0    -999.000  -999.000
0050   24.80   792.9     15.48     87.1    2057  -999  -999.00   -999.00   -999.00     0    -3.9    2057     0   0   0   0    -999.000  -999.000
0051   25.30   793.5     15.52     87.2    2050  -999  -999.00   -999.00   -999.00     0    -3.9    2050     0   0   0   0    -999.000  -999.000
0052   25.80   794.2     15.56     87.3    2042  -999  -999.00   -999.00   -999.00     4    -3.8    2042     0   0   0   0    -999.000  -999.000
0053   26.30   794.9     15.59     87.4    2035  -999  -999.00   -999.00   -999.00     4    -3.8    2035     0   0   0   0    -999.000  -999.000
0054   26.80   795.6     15.62     87.6    2028  -999  -999.00   -999.00   -999.00     4    -3.9    2028     0   0   0   0    -999.000  -999.000
0055   27.30   796.3     15.65     87.8    2020  -999  -999.00   -999.00   -999.00     4    -3.9    2020     0   0   0   0    -999.000  -999.000
0056   27.80   797.0     15.67     88.1    2013  -999  -999.00   -999.00   -999.00     4    -3.9    2013     0   0   0   0    -999.000  -999.000
0057   28.30   797.7     15.69     88.3    2006  -999  -999.00   -999.00   -999.00     4    -3.9    2006     0   0   0   0    -999.000  -999.000
0058   28.80   798.4     15.71     88.5    1998  -999  -999.00   -999.00   -999.00     4    -3.9    1998     0   0   0   0    -999.000  -999.000
0059   29.30   799.1     15.72     88.7    1991  -999  -999.00   -999.00   -999.00     4    -3.9    1991     0   0   0   0    -999.000  -999.000
0060   29.80   799.8     15.74     88.9    1983  -999  -999.00   -999.00   -999.00     4    -3.9    1983     0   0   0   0    -999.000  -999.000
0061   30.30   800.5     15.76     89.1    1976  -999  -999.00   -999.00   -999.00     4    -4.0    1976     0   0   0   0    -999.000  -999.000
0062   30.80   801.2     15.78     89.1    1969  -999  -999.00   -999.00   -999.00     4    -4.0    1969     0   0   0   0    -999.000  -999.000
0063   31.30   801.9     15.81     89.2    1961  -999  -999.00   -999.00   -999.00     4    -4.0    1961     0   0   0   0    -999.000  -999.000
0064   31.80   802.6     15.84     89.1    1954  -999  -999.00   -999.00   -999.00     4    -4.0    1954     0   0   0   0    -999.000  -999.000
0065   32.30   803.3     15.87     89.1    1946  -999  -999.00   -999.00   -999.00     4    -4.0    1946     0   0   0   0    -999.000  -999.000
0066   32.80   804.0     15.91     89.0    1939  -999  -999.00   -999.00   -999.00     4    -4.0    1939     0   0   0   0    -999.000  -999.000
0067   33.30   804.7     15.95     88.9    1931  -999  -999.00   -999.00   -999.00     4    -4.0    1931     0   0   0   0    -999.000  -999.000
0068   33.80   805.4     15.99     88.8    1924  -999  -999.00   -999.00   -999.00     4    -4.0    1924     0   0   0   0    -999.000  -999.000
0069   34.30   806.1     16.03     88.7    1916  -999  -999.00   -999.00   -999.00     4    -4.0    1916     0   0   0   0    -999.000  -999.000
0070   34.80   806.8     16.07     88.6    1909  -999  -999.00   -999.00   -999.00     4    -4.0    1909     0   0   0   0    -999.000  -999.000
0071   35.30   807.5     16.11     88.6    1902  -999  -999.00   -999.00   -999.00     4    -4.0    1902     0   0   0   0    -999.000  -999.000
0072   35.80   808.2     16.14     88.6    1894  -999  -999.00   -999.00   -999.00     4    -4.0    1894     0   0   0   0    -999.000  -999.000
0073   36.30   808.9     16.18     88.6    1887  -999  -999.00   -999.00   -999.00     4    -4.0    1887     0   0   0   0    -999.000  -999.000
0074   36.80   809.6     16.21     88.6    1879  -999  -999.00   -999.00   -999.00     4    -4.1    1879     0   0   0   0    -999.000  -999.000
0075   37.30   810.3     16.24     88.6    1872  -999  -999.00   -999.00   -999.00     4    -4.1    1872     0   0   0   0    -999.000  -999.000
0076   37.80   811.0     16.27     88.6    1864  -999  -999.00   -999.00   -999.00     4    -4.1    1864     0   0   0   0    -999.000  -999.000
0077   38.30   811.7     16.30     88.6    1857  -999  -999.00   -999.00   -999.00     4    -4.1    1857     0   0   0   0    -999.000  -999.000
0078   38.80   812.4     16.33     88.6    1849  -999  -999.00   -999.00   -999.00     4    -4.1    1849     0   0   0   0    -999.000  -999.000
0079   39.30   813.1     16.36     88.6    1842  -999  -999.00   -999.00   -999.00     4    -4.1    1842     0   0   0   0    -999.000  -999.000
0080   39.80   813.8     16.39     88.6    1835  -999  -999.00   -999.00   -999.00     4    -4.1    1835     0   0   0   0    -999.000  -999.000
0081   40.30   814.6     16.42     88.5    1827  -999  -999.00   -999.00   -999.00     4    -4.1    1827     0   0   0   0    -999.000  -999.000
0082   40.80   815.3     16.45     88.5    1820  -999  -999.00   -999.00   -999.00     4    -4.1    1820     0   0   0   0    -999.000  -999.000
0083   41.30   816.0     16.48     88.4    1812  -999  -999.00   -999.00   -999.00     4    -4.1    1812     0   0   0   0    -999.000  -999.000
0084   41.80   816.7     16.51     88.3    1805  -999  -999.00   -999.00   -999.00     4    -4.1    1805     0   0   0   0    -999.000  -999.000
0085   42.30   817.4     16.55     88.2    1797  -999  -999.00   -999.00   -999.00     4    -4.1    1797     0   0   0   0    -999.000  -999.000
0086   42.80   818.1     16.59     88.0    1790  -999  -999.00   -999.00   -999.00     4    -4.1    1790     0   0   0   0    -999.000  -999.000
0087   43.30   818.8     16.63     87.8    1782  -999  -999.00   -999.00   -999.00     4    -4.0    1782     0   0   0   0    -999.000  -999.000
0088   43.80   819.5     16.67     87.6    1775  -999  -999.00   -999.00   -999.00     4    -4.0    1775     0   0   0   0    -999.000  -999.000
0089   44.30   820.2     16.71     87.4    1768  -999  -999.00   -999.00   -999.00     4    -4.0    1768     0   0   0   0    -999.000  -999.000
0090   44.80   820.9     16.76     87.2    1760  -999  -999.00   -999.00   -999.00     4    -4.0    1760     0   0   0   0    -999.000  -999.000
0091   45.30   821.6     16.80     86.9    1753  -999  -999.00   -999.00   -999.00     4    -4.0    1753     0   0   0   0    -999.000  -999.000
0092   45.80   822.4     16.85     86.7    1746  -999  -999.00   -999.00   -999.00     4    -4.0    1746     0   0   0   0    -999.000  -999.000
0093   46.30   823.1     16.90     86.4    1738  -999  -999.00   -999.00   -999.00     4    -4.0    1738     0   0   0   0    -999.000  -999.000
0094   46.80   823.8     16.94     86.2    1731  -999  -999.00   -999.00   -999.00     4    -4.0    1731     0   0   0   0    -999.000  -999.000
0095   47.30   824.5     16.99     86.0    1724  -999  -999.00   -999.00   -999.00     4    -4.0    1724     0   0   0   0    -999.000  -999.000
0096   47.80   825.2     17.03     85.8    1716  -999  -999.00   -999.00   -999.00     4    -3.9    1716     0   0   0   0    -999.000  -999.000
0097   48.30   825.9     17.07     85.6    1709  -999  -999.00   -999.00   -999.00     5    -3.9    1709     0   0   0   0    -999.000  -999.000
0098   48.80   826.6     17.11     85.5    1701  -999  -999.00   -999.00   -999.00     5    -3.9    1701     0   0   0   0    -999.000  -999.000
0099   49.30   827.3     17.15     85.5    1694  -999  -999.00   -999.00   -999.00     5    -3.9    1694     0   0   0   0    -999.000  -999.000
0100   49.80   828.0     17.18     85.6    1687  -999  -999.00   -999.00   -999.00     5    -3.9    1687     0   0   0   0    -999.000  -999.000
0101   50.30   828.7     17.21     85.7    1679  -999  -999.00   -999.00   -999.00     5    -4.0    1679     0   0   0   0    -999.000  -999.000
0102   50.80   829.4     17.24     85.8    1672  -999  -999.00   -999.00   -999.00     5    -4.0    1672     0   0   0   0    -999.000  -999.000
0103   51.30   830.1     17.27     86.0    1665  -999  -999.00   -999.00   -999.00     5    -4.0    1665     0   0   0   0    -999.000  -999.000
0104   51.80   830.9     17.29     86.2    1658  -999  -999.00   -999.00   -999.00     5    -4.0    1658     0   0   0   0    -999.000  -999.000
0105   52.30   831.6     17.32     86.3    1650  -999  -999.00   -999.00   -999.00     5    -4.1    1650     0   0   0   0    -999.000  -999.000
0106   52.80   832.3     17.34     86.5    1643  -999  -999.00   -999.00   -999.00     5    -4.1    1643     0   0   0   0    -999.000  -999.000
0107   53.30   833.0     17.36     86.6    1635  -999  -999.00   -999.00   -999.00     5    -4.2    1635     0   0   0   0    -999.000  -999.000
0108   53.80   833.7     17.39     86.8    1628  -999  -999.00   -999.00   -999.00     5    -4.2    1628     0   0   0   0    -999.000  -999.000
0109   54.30   834.5     17.42     86.8    1620  -999  -999.00   -999.00   -999.00     5    -4.2    1620     0   0   0   0    -999.000  -999.000
0110   54.80   835.2     17.44     86.9    1613  -999  -999.00   -999.00   -999.00     5    -4.2    1613     0   0   0   0    -999.000  -999.000
0111   55.30   835.9     17.47     86.9    1605  -999  -999.00   -999.00   -999.00     5    -4.2    1605     0   0   0   0    -999.000  -999.000
0112   55.80   836.6     17.50     86.9    1598  -999  -999.00   -999.00   -999.00     5    -4.2    1598     0   0   0   0    -999.000  -999.000
0113   56.30   837.4     17.53     86.8    1591  -999  -999.00   -999.00   -999.00     5    -4.2    1591     0   0   0   0    -999.000  -999.000
0114   56.80   838.1     17.56     86.8    1583  -999  -999.00   -999.00   -999.00     5    -4.2    1583     0   0   0   0    -999.000  -999.000
0115   57.30   838.8     17.59     86.8    1576  -999  -999.00   -999.00   -999.00     5    -4.1    1576     0   0   0   0    -999.000  -999.000
0116   57.80   839.5     17.63     86.7    1568  -999  -999.00   -999.00   -999.00     5    -4.1    1568     0   0   0   0    -999.000  -999.000
0117   58.30   840.3     17.66     86.7    1561  -999  -999.00   -999.00   -999.00     5    -4.1    1561     0   0   0   0    -999.000  -999.000
0118   58.80   841.0     17.69     86.7    1554  -999  -999.00   -999.00   -999.00     5    -4.1    1554     0   0   0   0    -999.000  -999.000
0119   59.30   841.7     17.73     86.7    1546  -999  -999.00   -999.00   -999.00     5    -4.1    1546     0   0   0   0    -999.000  -999.000
0120   59.80   842.4     17.76     86.8    1539  -999  -999.00   -999.00   -999.00     5    -4.1    1539     0   0   0   0    -999.000  -999.000
0121   60.30   843.2     17.80     86.8    1531  -999  -999.00   -999.00   -999.00     5    -4.1    1531     0   0   0   0    -999.000  -999.000
0122   60.80   843.9     17.83     86.9    1524  -999  -999.00   -999.00   -999.00     5    -4.1    1524     0   0   0   0    -999.000  -999.000
0123   61.30   844.6     17.87     87.0    1517  -999  -999.00   -999.00   -999.00     5    -4.1    1517     0   0   0   0    -999.000  -999.000
0124   61.80   845.3     17.91     87.1    1509  -999  -999.00   -999.00   -999.00  -999    -4.1    1509     0   0   0   0    -999.000  -999.000
0125   62.30   846.0     17.95     87.2    1502  -999  -999.00   -999.00   -999.00     5    -4.2    1502     0   0   0   0    -999.000  -999.000
0126   62.80   846.8     17.99     87.3    1495  -999  -999.00   -999.00   -999.00  -999    -4.2    1495     0   0   0   0    -999.000  -999.000
0127   63.30   847.5     18.03     87.4    1487  -999  -999.00   -999.00   -999.00     5    -4.2    1487     0   0   0   0    -999.000  -999.000
0128   63.80   848.2     18.07     87.5    1480  -999  -999.00   -999.00   -999.00     5    -4.2    1480     0   0   0   0    -999.000  -999.000
0129   64.30   849.0     18.12     87.6    1472  -999  -999.00   -999.00   -999.00     5    -4.2    1472     0   0   0   0    -999.000  -999.000
0130   64.80   849.7     18.16     87.6    1465  -999  -999.00   -999.00   -999.00     5    -4.2    1465     0   0   0   0    -999.000  -999.000
0131   65.30  -999.0   -999.00   -999.0    -999  -999  -999.00   -999.00   -999.00     5  -999.0    -999     0   0   0   0    -999.000  -999.000
0132   65.80   851.2     18.25     87.8    1450  -999  -999.00   -999.00   -999.00  -999    -4.2    1450     0   0   0   0    -999.000  -999.000
0133   66.30   851.9     18.29     87.9    1443  -999  -999.00   -999.00   -999.00     5    -4.1    1443     0   0   0   0    -999.000  -999.000
0134   66.80   852.6     18.33     88.0    1435  -999  -999.00   -999.00   -999.00     5    -4.1    1435     0   0   0   0    -999.000  -999.000
0135   67.30   853.4     18.38     88.1    1428  -999  -999.00   -999.00   -999.00     5    -4.0    1428     0   0   0   0    -999.000  -999.000
0136   67.80   854.1     18.42     88.1    1421  -999  -999.00   -999.00   -999.00     5    -4.0    1421     0   0   0   0    -999.000  -999.000
0137   68.30   854.8     18.46     88.2    1414  -999  -999.00   -999.00   -999.00     5    -4.0    1414     0   0   0   0    -999.000  -999.000
0138   68.80   855.5     18.51     88.1    1406  -999  -999.00   -999.00   -999.00     5    -3.9    1406     0   0   0   0    -999.000  -999.000
0139   69.30   856.2     18.56     88.1    1399  -999  -999.00   -999.00   -999.00     5    -3.9    1399     0   0   0   0    -999.000  -999.000
0140   69.80   857.0     18.61     88.0    1392  -999  -999.00   -999.00   -999.00     5    -3.9    1392     0   0   0   0    -999.000  -999.000
0141   70.30   857.7     18.65     87.8    1385  -999  -999.00   -999.00   -999.00     5    -3.9    1385     0   0   0   0    -999.000  -999.000
0142   70.80   858.4     18.71     87.7    1377  -999  -999.00   -999.00   -999.00     5    -3.9    1377     0   0   0   0    -999.000  -999.000
0143   71.30   859.1     18.76     87.5    1370  -999  -999.00   -999.00   -999.00     5    -3.9    1370     0   0   0   0    -999.000  -999.000
0144   71.80   859.8     18.81     87.3    1363  -999  -999.00   -999.00   -999.00     5    -3.9    1363     0   0   0   0    -999.000  -999.000
0145   72.30   860.5     18.87     87.1    1356  -999  -999.00   -999.00   -999.00     5    -3.9    1356     0   0   0   0    -999.000  -999.000
0146   72.80   861.3     18.92     86.9    1349  -999  -999.00   -999.00   -999.00     5    -4.0    1349     0   0   0   0    -999.000  -999.000
0147   73.30   862.0     18.97     86.7    1341  -999  -999.00   -999.00   -999.00     5    -4.0    1341     0   0   0   0    -999.000  -999.000
0148   73.80   862.7     19.03     86.5    1334  -999  -999.00   -999.00   -999.00     5    -4.0    1334     0   0   0   0    -999.000  -999.000
0149   74.30   863.5     19.08     86.4    1327  -999  -999.00   -999.00   -999.00     5    -4.0    1327     0   0   0   0    -999.000  -999.000
0150   74.80   864.2     19.13     86.2    1319  -999  -999.00   -999.00   -999.00     5    -4.1    1319     0   0   0   0    -999.000  -999.000
0151   75.30   864.9     19.18     86.1    1312  -999  -999.00   -999.00   -999.00     5    -4.0    1312     0   0   0   0    -999.000  -999.000
0152   75.80   865.7     19.22     86.0    1305  -999  -999.00   -999.00   -999.00     5    -4.0    1305     0   0   0   0    -999.000  -999.000
0153   76.30   866.4     19.27     85.9    1297  -999  -999.00   -999.00   -999.00     5    -4.0    1297     0   0   0   0    -999.000  -999.000
0154   76.80   867.1     19.31     85.8    1290  -999  -999.00   -999.00   -999.00     5    -4.0    1290     0   0   0   0    -999.000  -999.000
0155   77.30   867.8     19.35     85.7    1283  -999  -999.00   -999.00   -999.00     5    -3.9    1283     0   0   0   0    -999.000  -999.000
0156   77.80   868.6     19.38     85.6    1276  -999  -999.00   -999.00   -999.00     5    -3.9    1276     0   0   0   0    -999.000  -999.000
0157   78.30   869.3     19.42     85.6    1269  -999  -999.00   -999.00   -999.00     5    -3.9    1269     0   0   0   0    -999.000  -999.000
0158   78.80   870.0     19.45     85.6    1261  -999  -999.00   -999.00   -999.00     5    -3.8    1261     0   0   0   0    -999.000  -999.000
0159   79.30   870.7     19.48     85.6    1254  -999  -999.00   -999.00   -999.00     5    -3.8    1254     0   0   0   0    -999.000  -999.000
0160   79.80   871.5     19.51     85.7    1247  -999  -999.00   -999.00   -999.00     5    -3.7    1247     0   0   0   0    -999.000  -999.000
0161   80.30   872.2     19.55     85.7    1240  -999  -999.00   -999.00   -999.00     5    -3.7    1240     0   0   0   0    -999.000  -999.000
0162   80.80   872.9     19.59     85.7    1233  -999  -999.00   -999.00   -999.00     5    -3.7    1233     0   0   0   0    -999.000  -999.000
0163   81.30   873.6     19.63     85.8    1226  -999  -999.00   -999.00   -999.00     5    -3.7    1226     0   0   0   0    -999.000  -999.000
0164   81.80   874.3     19.67     85.8    1219  -999  -999.00   -999.00   -999.00     5    -3.7    1219     0   0   0   0    -999.000  -999.000
0165   82.30   875.0     19.72     85.8    1212  -999  -999.00   -999.00   -999.00     5    -3.7    1212     0   0   0   0    -999.000  -999.000
0166   82.80   875.7     19.76     85.9    1205  -999  -999.00   -999.00   -999.00     5    -3.7    1205     0   0   0   0    -999.000  -999.000
0167   83.30   876.5     19.81     86.0    1198  -999  -999.00   -999.00   -999.00     5    -3.8    1198     0   0   0   0    -999.000  -999.000
0168   83.80   877.2     19.87     86.1    1190  -999  -999.00   -999.00   -999.00     5    -3.8    1190     0   0   0   0    -999.000  -999.000
0169   84.30   877.9     19.92     86.2    1183  -999  -999.00   -999.00   -999.00     5    -3.8    1183     0   0   0   0    -999.000  -999.000
0170   84.80   878.6     19.97     86.4    1176  -999  -999.00   -999.00   -999.00     5    -3.8    1176     0   0   0   0    -999.000  -999.000
0171   85.30   879.4     20.02     86.6    1169  -999  -999.00   -999.00   -999.00     5    -3.8    1169     0   0   0   0    -999.000  -999.000
0172   85.80   880.1     20.07     86.8    1162  -999  -999.00   -999.00   -999.00     5    -3.8    1162     0   0   0   0    -999.000  -999.000
0173   86.30   880.8     20.11     86.9    1155  -999  -999.00   -999.00   -999.00     5    -3.8    1155     0   0   0   0    -999.000  -999.000
0174   86.80   881.5     20.16     87.0    1148  -999  -999.00   -999.00   -999.00     5    -3.8    1148     0   0   0   0    -999.000  -999.000
0175   87.30   882.3     20.20     87.0    1140  -999  -999.00   -999.00   -999.00  -999    -3.8    1140     0   0   0   0    -999.000  -999.000
0176   87.80   883.0     20.24     87.0    1133  -999  -999.00   -999.00   -999.00  -999    -3.8    1133     0   0   0   0    -999.000  -999.000
0177   88.30   883.7     20.29     86.9    1126  -999  -999.00   -999.00   -999.00     5    -3.8    1126     0   0   0   0    -999.000  -999.000
0178   88.80   884.4     20.33     86.8    1119  -999  -999.00   -999.00   -999.00     5    -3.8    1119     0   0   0   0    -999.000  -999.000
0179   89.30   885.2     20.37     86.7    1112  -999  -999.00   -999.00   -999.00     5    -3.7    1112     0   0   0   0    -999.000  -999.000
0180   89.80   885.9     20.41     86.6    1105  -999  -999.00   -999.00   -999.00     5    -3.7    1105     0   0   0   0    -999.000  -999.000
0181   90.30   886.6     20.45     86.5    1098  -999  -999.00   -999.00   -999.00     5    -3.7    1098     0   0   0   0    -999.000  -999.000
0182   90.80   887.3     20.49     86.5    1091  -999  -999.00   -999.00   -999.00     5    -3.7    1091     0   0   0   0    -999.000  -999.000
0183   91.30  -999.0   -999.00   -999.0    -999  -999  -999.00   -999.00   -999.00  -999  -999.0    -999     0   0   0   0    -999.000  -999.000
0184   91.80   888.8     20.56     86.4    1077  -999  -999.00   -999.00   -999.00     5    -3.7    1077     0   0   0   0    -999.000  -999.000
0185   92.30  -999.0   -999.00   -999.0    -999  -999  -999.00   -999.00   -999.00  -999  -999.0    -999     0   0   0   0    -999.000  -999.000
0186   92.80   890.2     20.64     86.4    1062  -999  -999.00   -999.00   -999.00     5    -3.7    1062     0   0   0   0    -999.000  -999.000
0187   93.30   891.0     20.68     86.3    1055  -999  -999.00   -999.00   -999.00     5    -3.7    1055     0   0   0   0    -999.000  -999.000
0188   93.80   891.7     20.72     86.3    1048  -999  -999.00   -999.00   -999.00     5    -3.7    1048     0   0   0   0    -999.000  -999.000
0189   94.30   892.4     20.75     86.2    1041  -999  -999.00   -999.00   -999.00     5    -3.7    1041     0   0   0   0    -999.000  -999.000
0190   94.80   893.1     20.79     86.2    1034  -999  -999.00   -999.00   -999.00     5    -3.7    1034     0   0   0   0    -999.000  -999.000
0191   95.30   893.9     20.82     86.1    1027  -999  -999.00   -999.00   -999.00     5    -3.7    1027     0   0   0   0    -999.000  -999.000
0192   95.80   894.6     20.85     86.1    1020  -999  -999.00   -999.00   -999.00     5    -3.8    1020     0   0   0   0    -999.000  -999.000
0193   96.30   895.3     20.88     86.1    1013  -999  -999.00   -999.00   -999.00     5    -3.8    1013     0   0   0   0    -999.000  -999.000
0194   96.80   896.0     20.91     86.1    1006  -999  -999.00   -999.00   -999.00     5    -3.8    1006     0   0   0   0    -999.000  -999.000
0195   97.30   896.8     20.93     86.1     999  -999  -999.00   -999.00   -999.00     5    -3.8     999     0   0   0   0    -999.000  -999.000
0196   97.80   897.5     20.96     86.1     992  -999  -999.00   -999.00   -999.00     5    -3.8     992     0   0   0   0    -999.000  -999.000
0197   98.30   898.2     20.98     86.2     985  -999  -999.00   -999.00   -999.00     5    -3.8     985     0   0   0   0    -999.000  -999.000
0198   98.80   899.0     21.00     86.2     978  -999  -999.00   -999.00   -999.00     5    -3.8     978     0   0   0   0    -999.000  -999.000
0199   99.30   899.7     21.02     86.2     970  -999  -999.00   -999.00   -999.00     5    -3.8     970     0   0   0   0    -999.000  -999.000
0200   99.80   900.5     21.05     86.2     963  -999  -999.00   -999.00   -999.00     5    -3.8     963     0   0   0   0    -999.000  -999.000
0201  100.30   901.2     21.07     86.3     956  -999  -999.00   -999.00   -999.00     5    -3.7     956     0   0   0   0    -999.000  -999.000
0202  100.80   901.9     21.09     86.3     949  -999  -999.00   -999.00   -999.00     5    -3.7     949     0   0   0   0    -999.000  -999.000
0203  101.30   902.6     21.11     86.4     942  -999  -999.00   -999.00   -999.00     5    -3.7     942     0   0   0   0    -999.000  -999.000
0204  101.80   903.4     21.14     86.4     935  -999  -999.00   -999.00   -999.00     5    -3.6     935     0   0   0   0    -999.000  -999.000
0205  102.30   904.1     21.16     86.5     928  -999  -999.00   -999.00   -999.00     5    -3.6     928     0   0   0   0    -999.000  -999.000
0206  102.80   904.8     21.18     86.6     921  -999  -999.00   -999.00   -999.00     5    -3.6     921     0   0   0   0    -999.000  -999.000
0207  103.30   905.5     21.20     86.7     914  -999  -999.00   -999.00   -999.00     5    -3.6     914     0   0   0   0    -999.000  -999.000
0208  103.80   906.2     21.23     86.8     908  -999  -999.00   -999.00   -999.00     5    -3.6     908     0   0   0   0    -999.000  -999.000
0209  104.30   907.0     21.26     86.8     901  -999  -999.00   -999.00   -999.00     5    -3.6     901     0   0   0   0    -999.000  -999.000
0210  104.80   907.7     21.28     86.8     894  -999  -999.00   -999.00   -999.00     5    -3.6     894     0   0   0   0    -999.000  -999.000
0211  105.30   908.4     21.31     86.8     887  -999  -999.00   -999.00   -999.00     5    -3.6     887     0   0   0   0    -999.000  -999.000
0212  105.80   909.2     21.34     86.8     880  -999  -999.00   -999.00   -999.00     5    -3.6     880     0   0   0   0    -999.000  -999.000
0213  106.30   909.9     21.38     86.8     873  -999  -999.00   -999.00   -999.00     5    -3.7     873     0   0   0   0    -999.000  -999.000
0214  106.80   910.6     21.41     86.7     866  -999  -999.00   -999.00   -999.00     5    -3.7     866     0   0   0   0    -999.000  -999.000
0215  107.30   911.3     21.44     86.6     859  -999  -999.00   -999.00   -999.00  -999    -3.7     859     0   0   0   0    -999.000  -999.000
0216  107.80   912.1     21.48     86.6     852  -999  -999.00   -999.00   -999.00     5    -3.7     852     0   0   0   0    -999.000  -999.000
0217  108.30   912.8     21.51     86.5     845  -999  -999.00   -999.00   -999.00     5    -3.7     845     0   0   0   0    -999.000  -999.000
0218  108.80   913.6     21.55     86.5     838  -999  -999.00   -999.00   -999.00     5    -3.7     838     0   0   0   0    -999.000  -999.000
0219  109.30   914.3     21.58     86.4     831  -999  -999.00   -999.00   -999.00     5    -3.7     831     0   0   0   0    -999.000  -999.000
0220  109.80   915.0     21.61     86.3     824  -999  -999.00   -999.00   -999.00     5    -3.7     824     0   0   0   0    -999.000  -999.000
0221  110.30   915.7     21.64     86.3     817  -999  -999.00   -999.00   -999.00     5    -3.7     817     0   0   0   0    -999.000  -999.000
0222  110.80   916.5     21.67     86.2     810  -999  -999.00   -999.00   -999.00     5    -3.7     810     0   0   0   0    -999.000  -999.000
0223  111.30   917.2     21.71     86.2     803  -999  -999.00   -999.00   -999.00     5    -3.8     803     0   0   0   0    -999.000  -999.000
0224  111.80   918.0     21.74     86.1     796  -999  -999.00   -999.00   -999.00     5    -3.8     796     0   0   0   0    -999.000  -999.000
0225  112.30   918.7     21.78     86.0     789  -999  -999.00   -999.00   -999.00     5    -3.8     789     0   0   0   0    -999.000  -999.000
0226  112.80   919.4     21.81     86.0     782  -999  -999.00   -999.00   -999.00     5    -3.8     782     0   0   0   0    -999.000  -999.000
0227  113.30   920.2     21.85     85.9     775  -999  -999.00   -999.00   -999.00     5    -3.8     775     0   0   0   0    -999.000  -999.000
0228  113.80   920.9     21.88     85.9     768  -999  -999.00   -999.00   -999.00     5    -3.8     768     0   0   0   0    -999.000  -999.000
0229  114.30   921.7     21.91     85.8     761  -999  -999.00   -999.00   -999.00     5    -3.8     761     0   0   0   0    -999.000  -999.000
0230  114.80   922.4     21.94     85.8     754  -999  -999.00   -999.00   -999.00     5    -3.8     754     0   0   0   0    -999.000  -999.000
0231  115.30   923.2     21.98     85.8     746  -999  -999.00   -999.00   -999.00     5    -3.8     746     0   0   0   0    -999.000  -999.000
0232  115.80   923.9     22.01     85.7     739  -999  -999.00   -999.00   -999.00     5    -3.8     739     0   0   0   0    -999.000  -999.000
0233  116.30   924.6     22.03     85.7     732  -999  -999.00   -999.00   -999.00     5    -3.7     732     0   0   0   0    -999.000  -999.000
0234  116.80   925.4     22.06     85.7     725  -999  -999.00   -999.00   -999.00     5    -3.7     725     0   0   0   0    -999.000  -999.000
0235  117.30   926.1     22.09     85.7     718  -999  -999.00   -999.00   -999.00     5    -3.7     718     0   0   0   0    -999.000  -999.000
0236  117.80   926.9     22.11     85.8     712  -999  -999.00   -999.00   -999.00     5    -3.6     712     0   0   0   0    -999.000  -999.000
0237  118.30   927.6     22.13     85.9     705  -999  -999.00   -999.00   -999.00     5    -3.6     705     0   0   0   0    -999.000  -999.000
0238  118.80   928.3     22.15     86.0     698  -999  -999.00   -999.00   -999.00     5    -3.6     698     0   0   0   0    -999.000  -999.000
0239  119.30   929.1     22.17     86.1     691  -999  -999.00   -999.00   -999.00     5    -3.6     691     0   0   0   0    -999.000  -999.000
0240  119.80   929.8     22.18     86.2     684  -999  -999.00   -999.00   -999.00     5    -3.6     684     0   0   0   0    -999.000  -999.000
0241  120.30   930.5     22.20     86.4     677  -999  -999.00   -999.00   -999.00     5    -3.7     677     0   0   0   0    -999.000  -999.000
0242  120.80   931.3     22.21     86.5     670  -999  -999.00   -999.00   -999.00     5    -3.7     670     0   0   0   0    -999.000  -999.000
0243  121.30   932.0     22.23     86.7     663  -999  -999.00   -999.00   -999.00     5    -3.7     663     0   0   0   0    -999.000  -999.000
0244  121.80   932.8     22.25     86.8     656  -999  -999.00   -999.00   -999.00     5    -3.8     656     0   0   0   0    -999.000  -999.000
0245  122.30   933.5     22.26     86.9     649  -999  -999.00   -999.00   -999.00     5    -3.8     649     0   0   0   0    -999.000  -999.000
0246  122.80   934.3     22.28     87.0     642  -999  -999.00   -999.00   -999.00     5    -3.8     642     0   0   0   0    -999.000  -999.000
0247  123.30   935.0     22.30     87.0     635  -999  -999.00   -999.00   -999.00     5    -3.8     635     0   0   0   0    -999.000  -999.000
0248  123.80   935.8     22.32     87.0     628  -999  -999.00   -999.00   -999.00     5    -3.8     628     0   0   0   0    -999.000  -999.000
0249  124.30   936.5     22.34     87.0     621  -999  -999.00   -999.00   -999.00     5    -3.8     621     0   0   0   0    -999.000  -999.000
0250  124.80   937.3     22.37     87.0     614  -999  -999.00   -999.00   -999.00     5    -3.8     614     0   0   0   0    -999.000  -999.000
0251  125.30   938.0     22.39     87.0     607  -999  -999.00   -999.00   -999.00     5    -3.8     607     0   0   0   0    -999.000  -999.000
0252  125.80   938.8     22.42     87.0     600  -999  -999.00   -999.00   -999.00     5    -3.8     600     0   0   0   0    -999.000  -999.000
0253  126.30   939.5     22.45     87.0     593  -999  -999.00   -999.00   -999.00     5    -3.7     593     0   0   0   0    -999.000  -999.000
0254  126.80   940.3     22.48     87.0     586  -999  -999.00   -999.00   -999.00     5    -3.7     586     0   0   0   0    -999.000  -999.000
0255  127.30   941.0     22.51     87.0     579  -999  -999.00   -999.00   -999.00     5    -3.7     579     0   0   0   0    -999.000  -999.000
0256  127.80   941.7     22.54     86.9     572  -999  -999.00   -999.00   -999.00     5    -3.7     572     0   0   0   0    -999.000  -999.000
0257  128.30   942.5     22.57     86.9     566  -999  -999.00   -999.00   -999.00     5    -3.7     566     0   0   0   0    -999.000  -999.000
0258  128.80   943.2     22.60     86.9     559  -999  -999.00   -999.00   -999.00     5    -3.7     559     0   0   0   0    -999.000  -999.000
0259  129.30   944.0     22.63     86.8     552  -999  -999.00   -999.00   -999.00     5    -3.7     552     0   0   0   0    -999.000  -999.000
0260  129.80   944.7     22.67     86.8     545  -999  -999.00   -999.00   -999.00     5    -3.7     545     0   0   0   0    -999.000  -999.000
0261  130.30   945.5     22.70     86.7     538  -999  -999.00   -999.00   -999.00     5    -3.7     538     0   0   0   0    -999.000  -999.000
0262  130.80   946.2     22.73     86.7     531  -999  -999.00   -999.00   -999.00     5    -3.8     531     0   0   0   0    -999.000  -999.000
0263  131.30   947.0     22.76     86.6     524  -999  -999.00   -999.00   -999.00     5    -3.8     524     0   0   0   0    -999.000  -999.000
0264  131.80   947.7     22.79     86.6     517  -999  -999.00   -999.00   -999.00     5    -3.8     517     0   0   0   0    -999.000  -999.000
0265  132.30   948.5     22.82     86.6     510  -999  -999.00   -999.00   -999.00     5    -3.8     510     0   0   0   0    -999.000  -999.000
0266  132.80   949.2     22.85     86.5     503  -999  -999.00   -999.00   -999.00     5    -3.8     503     0   0   0   0    -999.000  -999.000
0267  133.30   950.0     22.88     86.5     496  -999  -999.00   -999.00   -999.00     5    -3.8     496     0   0   0   0    -999.000  -999.000
0268  133.80   950.8     22.91     86.5     489  -999  -999.00   -999.00   -999.00     5    -3.8     489     0   0   0   0    -999.000  -999.000
0269  134.30   951.5     22.94     86.6     482  -999  -999.00   -999.00   -999.00     5    -3.7     482     0   0   0   0    -999.000  -999.000
0270  134.80   952.3     22.96     86.6     475  -999  -999.00   -999.00   -999.00     5    -3.7     475     0   0   0   0    -999.000  -999.000
0271  135.30   953.0     22.99     86.6     468  -999  -999.00   -999.00   -999.00     5    -3.7     468     0   0   0   0    -999.000  -999.000
0272  135.80   953.8     23.01     86.6     462  -999  -999.00   -999.00   -999.00     5    -3.7     462     0   0   0   0    -999.000  -999.000
0273  136.30   954.5     23.03     86.6     455  -999  -999.00   -999.00   -999.00     5    -3.6     455     0   0   0   0    -999.000  -999.000
0274  136.80   955.3     23.06     86.6     448  -999  -999.00   -999.00   -999.00     5    -3.6     448     0   0   0   0    -999.000  -999.000
0275  137.30   956.0     23.08     86.5     441  -999  -999.00   -999.00   -999.00     5    -3.6     441     0   0   0   0    -999.000  -999.000
0276  137.80   956.7     23.11     86.5     434  -999  -999.00   -999.00   -999.00     5    -3.6     434     0   0   0   0    -999.000  -999.000
0277  138.30   957.5     23.14     86.4     427  -999  -999.00   -999.00   -999.00     5    -3.7     427     0   0   0   0    -999.000  -999.000
0278  138.80   958.2     23.16     86.4     421  -999  -999.00   -999.00   -999.00     5    -3.7     421     0   0   0   0    -999.000  -999.000
0279  139.30   959.0     23.19     86.3     414  -999  -999.00   -999.00   -999.00     5    -3.7     414     0   0   0   0    -999.000  -999.000
0280  139.80   959.7     23.22     86.2     407  -999  -999.00   -999.00   -999.00     5    -3.7     407     0   0   0   0    -999.000  -999.000
0281  140.30   960.5     23.24     86.2     400  -999  -999.00   -999.00   -999.00     5    -3.8     400     0   0   0   0    -999.000  -999.000
0282  140.80   961.3     23.27     86.2     393  -999  -999.00   -999.00   -999.00     5    -3.8     393     0   0   0   0    -999.000  -999.000
0283  141.30   962.0     23.29     86.2     386  -999  -999.00   -999.00   -999.00     5    -3.8     386     0   0   0   0    -999.000  -999.000
0284  141.80   962.8     23.31     86.3     379  -999  -999.00   -999.00   -999.00     5    -3.8     379     0   0   0   0    -999.000  -999.000
0285  142.30   963.6     23.33     86.3     372  -999  -999.00   -999.00   -999.00     5    -3.8     372     0   0   0   0    -999.000  -999.000
0286  142.80   964.3     23.35     86.5     365  -999  -999.00   -999.00   -999.00     5    -3.8     365     0   0   0   0    -999.000  -999.000
0287  143.30   965.1     23.36     86.6     358  -999  -999.00   -999.00   -999.00     5    -3.8     358     0   0   0   0    -999.000  -999.000
0288  143.80   965.9     23.37     86.8     351  -999  -999.00   -999.00   -999.00     5    -3.8     351     0   0   0   0    -999.000  -999.000
0289  144.30   966.6     23.38     87.0     344  -999  -999.00   -999.00   -999.00     5    -3.8     344     0   0   0   0    -999.000  -999.000
0290  144.80   967.4     23.39     87.1     337  -999  -999.00   -999.00   -999.00     5    -3.7     337     0   0   0   0    -999.000  -999.000
0291  145.30   968.1     23.40     87.3     330    42    25.75    -17.31    -19.07     6    -3.7     330     0   0   0   0      28.535   -74.889
0292  145.80   968.9     23.41     87.5     324    41    25.86    -17.08    -19.41     6    -3.7     324     0   0   0   0      28.534   -74.889
0293  146.30   969.7     23.43     87.6     317    41    25.97    -16.89    -19.74     6    -3.6     317     0   0   0   0      28.534   -74.889
0294  146.80   970.4     23.45     87.7     310    40    26.09    -16.72    -20.03     6    -3.6     310     0   0   0   0      28.534   -74.889
0295  147.30   971.2     23.47     87.8     303    39    26.20    -16.60    -20.27     6    -3.6     303     0   0   0   0      28.534   -74.890
0296  147.80   971.9     23.50     87.8     296    39    26.30    -16.52    -20.47     6    -3.6     296     0   0   0   0      28.534   -74.890
0297  148.30   972.7     23.53     87.8     290    39    26.39    -16.50    -20.60     6    -3.6     290     0   0   0   0      28.534   -74.890
0298  148.80   973.4     23.56     87.7     283    39    26.47    -16.50    -20.69     6    -3.6     283     0   0   0   0      28.534   -74.890
0299  149.30   974.2     23.60     87.7     276    39    26.53    -16.53    -20.75     6    -3.6     276     0   0   0   0      28.534   -74.890
0300  149.80   974.9     23.64     87.6     269    39    26.57    -16.55    -20.78     6    -3.7     269     0   0   0   0      28.533   -74.890
0301  150.30   975.7     23.68     87.6     263    39    26.59    -16.57    -20.80     6    -3.7     263     0   0   0   0      28.533   -74.890
0302  150.80   976.4     23.72     87.6     256    38    26.60    -16.56    -20.82     6    -3.7     256     0   0   0   0      28.533   -74.890
0303  151.30   977.2     23.76     87.6     249    38    26.59    -16.51    -20.84     6    -3.7     249     0   0   0   0      28.533   -74.890
0304  151.80   978.0     23.80     87.6     242    38    26.55    -16.40    -20.88     6    -3.7     242     0   0   0   0      28.533   -74.890
0305  152.30   978.7     23.84     87.7     235    38    26.50    -16.25    -20.93     6    -3.7     235     0   0   0   0      28.533   -74.890
0306  152.80   979.5     23.88     87.8     228    37    26.41    -16.05    -20.97     6    -3.7     228     0   0   0   0      28.533   -74.890
0307  153.30   980.3     23.92     87.8     221    37    26.29    -15.81    -21.00     6    -3.6     221     0   0   0   0      28.533   -74.891
0308  153.80   981.0     23.96     87.9     214    36    26.13    -15.54    -21.01     6    -3.6     214     0   0   0   0      28.532   -74.891
0309  154.30   981.8     24.00     87.9     208    36    25.93    -15.23    -20.99     6    -3.5     208     0   0   0   0      28.532   -74.891
0310  154.80   982.5     24.03     88.0     201    35    25.68    -14.89    -20.93     6    -3.4     201     0   0   0   0      28.532   -74.891
0311  155.30   983.3     24.07     88.0     194    35    25.39    -14.52    -20.82     6    -3.3     194     0   0   0   0      28.532   -74.891
0312  155.80   984.0     24.11     88.1     188    34    25.06    -14.15    -20.69     6    -3.2     188     0   0   0   0      28.532   -74.891
0313  156.30   984.7     24.15     88.1     181    34    24.73    -13.77    -20.53     6    -3.1     181     0   0   0   0      28.532   -74.891
0314  156.80   985.5     24.19     88.1     175    33    24.40    -13.42    -20.38     6    -3.1     175     0   0   0   0      28.532   -74.891
0315  157.30   986.2     24.23     88.1     168    33    24.10    -13.10    -20.24     6    -3.1     168     0   0   0   0      28.532   -74.891
0316  157.80   986.9     24.27     88.1     162    33    23.86    -12.83    -20.12     6    -3.1     162     0   0   0   0      28.531   -74.891
0317  158.30   987.7     24.32     88.0     155    32    23.69    -12.62    -20.05     6    -3.1     155     0   0   0   0      28.531   -74.891
0318  158.80   988.4     24.36     87.9     149  -999  -999.00   -999.00   -999.00     5    -3.1     149     0   0   0   0    -999.000  -999.000
0319  159.30   989.1     24.41     87.7     142    32    23.61    -12.43    -20.07     6    -3.2     142     0   0   0   0      28.531   -74.891
0320  159.80   989.8     24.46     87.6     136    32    23.66    -12.42    -20.14     6    -3.2     136     0   0   0   0      28.531   -74.891
0321  160.30   990.6     24.51     87.4     129    32    23.75    -12.43    -20.24     6    -3.3     129     0   0   0   0      28.531   -74.892
0322  160.80   991.3     24.57     87.2     122    31    23.85    -12.46    -20.34     6    -3.4     122     0   0   0   0      28.531   -74.892
0323  161.30   992.1     24.62     87.0     116    31    23.94    -12.47    -20.44     6    -3.4     116     0   0   0   0      28.531   -74.892
0324  161.80   992.8     24.68     86.8     109    31    23.99    -12.45    -20.51     6    -3.5     109     0   0   0   0      28.530   -74.892
0325  162.30   993.6     24.74     86.7     102    31    23.98    -12.38    -20.54     6    -3.6     102     0   0   0   0      28.530   -74.892
0326  162.80   994.4     24.80     86.5      96  -999  -999.00   -999.00   -999.00     5    -3.6      96     0   0   0   0    -999.000  -999.000
0327  163.30   995.1     24.86     86.4      89    31    23.80    -12.08    -20.50     6    -3.6      89     0   0   0   0      28.530   -74.892
0328  163.80   995.9     24.91     86.3      82    30    23.64    -11.88    -20.44     6    -3.6      82     0   0   0   0      28.530   -74.892
0329  164.30   996.7     24.97     86.3      75    30    23.46    -11.65    -20.36     6    -3.6      75     0   0   0   0      28.530   -74.892
0330  164.80   997.4     25.03     86.2      68    29    23.26    -11.42    -20.26     6    -3.6      68     0   0   0   0      28.530   -74.892
0331  165.30   998.2     25.09     86.2      62    29    23.06    -11.19    -20.17     6    -3.6      62     0   0   0   0      28.530   -74.892
0332  165.80   999.0     25.15     86.1      55    29    22.88    -10.98    -20.07     6    -3.6      55     0   0   0   0      28.529   -74.892
0333  166.30   999.7     25.21     86.1      48    28    22.71    -10.79    -19.99     6    -3.6      48     0   0   0   0      28.529   -74.892
0334  166.80  -999.0   -999.00   -999.0    -999    28    22.57    -10.62    -19.91     6  -999.0    -999     0   0   0   0      28.529   -74.892
0335  167.30  -999.0   -999.00   -999.0    -999    28    22.43    -10.47    -19.84     6  -999.0    -999     0   0   0   0      28.529   -74.892
0336  167.80  1002.0     25.40     85.9      28    28    22.31    -10.33    -19.77     6    -3.6      28     0   0   0   0      28.529   -74.892
0337  168.30  1002.7     25.46     85.9      21    27    22.19    -10.20    -19.71     6    -3.6      21     0   0   0   0      28.529   -74.892
0338  168.80  1003.5     25.52     85.8      14    27    22.09    -10.08    -19.65     6    -3.7      14     0   0   0   0      28.529   -74.893
0339  169.30  1004.3     25.59     85.7       7    27    21.98     -9.96    -19.59     6    -3.7       7     0   0   0   0      28.529   -74.893
0340  169.84  1005.2     25.59     85.7       0  -999  -999.00   -999.00   -999.00  -999  -999.0       0     0   0   0   0    -999.000  -999.000
