 ===========================================================================
 DROPWINDSONDE PROCESSING RECORD                            Sonde: 063229030
 FRD file written by Aspen V3.4.8, 07 Jul 2023 19:04 UTC
 Aircraft: WP-3D Orion, N42RF                Date: 080912   Time: 034201 UTC
 ---------------------------------------------------------------------------
 Bias corrections:  PR =   0.0 mb  TE =   0.0 C  RH =   0.0 %  PRB =  0.0 mb
 Filters (LPF):     PTH = 
 Dyn RH correction = 
 Estimated PR used = 
 Dyn T correction  = 
 ---------------------------------------------------------------------------
 COMMENT: none, Good Drop
 ===========================================================================

 ===========================================================================
 Date: 080912   Lat:  27.15 N   TA:   17.2 C   PS:  743.0 mb   WD:    81 deg
 Time: 034201   Lon:  90.99 W   TD:   15.9 C   GA:   2411 m    WS:  41.9 m/s
 SID:  063229030                RH:   92.1 %   Navaid:   GP
 ===========================================================================

IX      t (s)  P (mb)    T (C)    RH (%)  Z (m)   WD    WS (m/s)   U (m/s)   V (m/s)  NS  WZ (m/s)  ZW (m)   FP  FT  FH  FW    LAT (N)   LON (E)
0001    0.10  -999.0   -999.00   -999.0    -999  -999  -999.00   -999.00   -999.00     8  -999.0    -999     0   0   0   0      27.158   -91.000
0002    0.60  -999.0   -999.00   -999.0    -999  -999  -999.00   -999.00   -999.00     9  -999.0    -999     0   0   0   0      27.158   -91.001
0003    1.10  -999.0   -999.00   -999.0    -999  -999  -999.00   -999.00   -999.00     9  -999.0    -999     0   0   0   0      27.158   -91.001
0004    1.60  -999.0   -999.00   -999.0    -999  -999  -999.00   -999.00   -999.00     7  -999.0    -999     0   0   0   0      27.158   -91.001
0005    2.10  -999.0   -999.00   -999.0    -999  -999  -999.00   -999.00   -999.00     7  -999.0    -999     0   0   0   0      27.158   -91.001
0006    2.60  -999.0   -999.00   -999.0    -999  -999  -999.00   -999.00   -999.00     9  -999.0    -999     0   0   0   0      27.158   -91.001
0007    3.10  -999.0   -999.00   -999.0    -999  -999  -999.00   -999.00   -999.00     9  -999.0    -999     0   0   0   0      27.158   -91.002
0008    3.60  -999.0   -999.00   -999.0    -999  -999  -999.00   -999.00   -999.00     9  -999.0    -999     0   0   0   0      27.158   -91.002
0009    4.10  -999.0   -999.00   -999.0    -999  -999  -999.00   -999.00   -999.00     9  -999.0    -999     0   0   0   0      27.158   -91.002
0010    4.60  -999.0   -999.00   -999.0    -999  -999  -999.00   -999.00   -999.00     9  -999.0    -999     0   0   0   0      27.158   -91.002
0011    5.10  -999.0   -999.00   -999.0    -999  -999  -999.00   -999.00   -999.00     9  -999.0    -999     0   0   0   0      27.158   -91.003
0012    5.60  -999.0   -999.00   -999.0    -999  -999  -999.00   -999.00   -999.00     9  -999.0    -999     0   0   0   0      27.158   -91.003
0013    6.10  -999.0   -999.00   -999.0    -999  -999  -999.00   -999.00   -999.00     9  -999.0    -999     0   0   0   0      27.158   -91.003
0014    6.60  -999.0   -999.00   -999.0    -999  -999  -999.00   -999.00   -999.00     9  -999.0    -999     0   0   0   0      27.158   -91.003
0015    7.10  -999.0   -999.00   -999.0    -999  -999  -999.00   -999.00   -999.00     9  -999.0    -999     0   0   0   0      27.158   -91.004
0016    7.60  -999.0   -999.00   -999.0    -999  -999  -999.00   -999.00   -999.00     9  -999.0    -999     0   0   0   0      27.158   -91.004
0017    8.10  -999.0   -999.00   -999.0    -999  -999  -999.00   -999.00   -999.00     9  -999.0    -999     0   0   0   0      27.158   -91.004
0018    8.60  -999.0   -999.00   -999.0    -999  -999  -999.00   -999.00   -999.00     9  -999.0    -999     0   0   0   0      27.158   -91.004
0019    9.10  -999.0   -999.00   -999.0    -999  -999  -999.00   -999.00   -999.00     9  -999.0    -999     0   0   0   0      27.158   -91.004
0020    9.60  -999.0   -999.00   -999.0    -999  -999  -999.00   -999.00   -999.00     9  -999.0    -999     0   0   0   0      27.158   -91.005
0021   10.10  -999.0   -999.00   -999.0    -999    85    44.44    -44.30     -3.52     9  -999.0    -999     0   0   0   0      27.158   -91.005
0022   10.60  -999.0   -999.00   -999.0    -999    86    44.48    -44.35     -3.41     9  -999.0    -999     0   0   0   0      27.158   -91.005
0023   11.10  -999.0   -999.00   -999.0    -999    86    44.51    -44.39     -3.31     9  -999.0    -999     0   0   0   0      27.158   -91.005
0024   11.60  -999.0   -999.00   -999.0    -999    86    44.54    -44.42     -3.22     9  -999.0    -999     0   0   0   0      27.158   -91.006
0025   12.10   770.0     17.85   -999.0    2105    86    44.56    -44.45     -3.14     9    -5.2    2105     0   0   0   0      27.158   -91.006
0026   12.60   770.7     17.87   -999.0    2097    86    44.57    -44.47     -3.07     9    -4.5    2097     0   0   0   0      27.158   -91.006
0027   13.10   771.3     17.90   -999.0    2090    86    44.59    -44.49     -3.02     9    -3.8    2090     0   0   0   0      27.157   -91.006
0028   13.60   772.0     17.92   -999.0    2083    86    44.61    -44.51     -2.99     9    -3.2    2083     0   0   0   0      27.157   -91.006
0029   14.10   772.6     17.94   -999.0    2076    86    44.64    -44.54     -2.97     9    -2.7    2076     0   0   0   0      27.157   -91.007
0030   14.60   773.2     17.96   -999.0    2070    86    44.67    -44.57     -2.97     9    -2.3    2070     0   0   0   0      27.157   -91.007
0031   15.10   773.7     17.98   -999.0    2063    86    44.71    -44.61     -2.97     9    -2.0    2063     0   0   0   0      27.157   -91.007
0032   15.60   774.3     18.00   -999.0    2057    86    44.76    -44.66     -2.97     9    -1.8    2057     0   0   0   0      27.157   -91.007
0033   16.10   774.9     18.02   -999.0    2050    86    44.82    -44.73     -2.97     9    -1.7    2050     0   0   0   0      27.157   -91.008
0034   16.60   775.5     18.03   -999.0    2044    86    44.90    -44.80     -2.96     9    -1.7    2044     0   0   0   0      27.157   -91.008
0035   17.10   776.1     18.05   -999.0    2038    86    44.98    -44.88     -2.94     9    -1.7    2038     0   0   0   0      27.157   -91.008
0036   17.60   776.6     18.07   -999.0    2031    86    45.07    -44.98     -2.90     9    -1.7    2031     0   0   0   0      27.157   -91.008
0037   18.10   777.2     18.09   -999.0    2025    86    45.17    -45.08     -2.85     9    -1.8    2025     0   0   0   0      27.157   -91.008
0038   18.60   777.8     18.11   -999.0    2018    86    45.26    -45.18     -2.80     9    -1.8    2018     0   0   0   0      27.157   -91.009
0039   19.10   778.4     18.14   -999.0    2012    87    45.36    -45.28     -2.73     9    -1.9    2012     0   0   0   0      27.157   -91.009
0040   19.60   779.0     18.16   -999.0    2005    87    45.46    -45.38     -2.66     9    -1.9    2005     0   0   0   0      27.157   -91.009
0041   20.10   779.6     18.19   -999.0    1999    87    45.55    -45.47     -2.59     9    -2.0    1999     0   0   0   0      27.157   -91.009
0042   20.60   780.2     18.21     93.6    1992    87    45.63    -45.56     -2.50     9    -2.0    1992     0   0   0   0      27.157   -91.010
0043   21.10   780.8     18.23     93.8    1985    87    45.70    -45.64     -2.41     9    -2.0    1985     0   0   0   0      27.157   -91.010
0044   21.60   781.4     18.25     93.9    1979    87    45.77    -45.71     -2.31     9    -2.0    1979     0   0   0   0      27.157   -91.010
0045   22.10   782.0     18.27     94.1    1972    87    45.84    -45.79     -2.21     9    -2.0    1972     0   0   0   0      27.157   -91.010
0046   22.60   782.5     18.28     94.2    1966    87    45.90    -45.86     -2.11     9    -2.0    1966     0   0   0   0      27.157   -91.011
0047   23.10   783.1     18.29     94.4    1959    87    45.96    -45.92     -2.01     9    -2.0    1959     0   0   0   0      27.157   -91.011
0048   23.60   783.7     18.30     94.5    1953    88    46.02    -45.98     -1.92     9    -2.0    1953     0   0   0   0      27.157   -91.011
0049   24.10   784.3     18.31     94.7    1946    88    46.08    -46.04     -1.84     9    -2.0    1946     0   0   0   0      27.157   -91.011
0050   24.60   784.9     18.31     94.9    1940    88    46.13    -46.10     -1.79     9    -2.0    1940     0   0   0   0      27.157   -91.011
0051   25.10   785.5     18.32     95.1    1933    88    46.18    -46.15     -1.74     9    -2.0    1933     0   0   0   0      27.157   -91.012
0052   25.60   786.1     18.33     95.3    1927    88    46.23    -46.20     -1.71     9    -2.0    1927     0   0   0   0      27.157   -91.012
0053   26.10   786.7     18.34     95.5    1920    88    46.28    -46.24     -1.70     9    -2.0    1920     0   0   0   0      27.157   -91.012
0054   26.60   787.3     18.35     95.6    1914    88    46.32    -46.29     -1.71     9    -2.0    1914     0   0   0   0      27.157   -91.012
0055   27.10   787.9     18.37     95.8    1907    88    46.37    -46.34     -1.73     9    -2.1    1907     0   0   0   0      27.157   -91.013
0056   27.60   788.5     18.38     95.9    1901    88    46.43    -46.39     -1.76     9    -2.1    1901     0   0   0   0      27.157   -91.013
0057   28.10   789.1     18.40     96.0    1894    88    46.49    -46.45     -1.79     9    -2.1    1894     0   0   0   0      27.157   -91.013
0058   28.60   789.7     18.42     96.1    1888    88    46.55    -46.52     -1.83     9    -2.1    1888     0   0   0   0      27.157   -91.013
0059   29.10   790.3     18.44     96.2    1881    88    46.62    -46.58     -1.86     9    -2.1    1881     0   0   0   0      27.157   -91.014
0060   29.60   790.9     18.46     96.2    1875    88    46.70    -46.66     -1.89     9    -2.1    1875     0   0   0   0      27.157   -91.014
0061   30.10   791.5     18.48     96.2    1868    88    46.78    -46.74     -1.92     9    -2.1    1868     0   0   0   0      27.157   -91.014
0062   30.60   792.1     18.50     96.2    1861    88    46.86    -46.82     -1.94     9    -2.1    1861     0   0   0   0      27.157   -91.014
0063   31.10   792.7     18.52     96.2    1855    88    46.96    -46.91     -1.96     9    -2.1    1855     0   0   0   0      27.157   -91.014
0064   31.60   793.3     18.54     96.2    1848    88    47.05    -47.01     -1.97     9    -2.1    1848     0   0   0   0      27.157   -91.015
0065   32.10   793.9     18.57     96.2    1842    88    47.15    -47.11     -1.99     9    -2.2    1842     0   0   0   0      27.157   -91.015
0066   32.60   794.5     18.59     96.2    1835    88    47.25    -47.21     -2.01     9    -2.2    1835     0   0   0   0      27.157   -91.015
0067   33.10   795.1     18.62     96.2    1829    88    47.36    -47.32     -2.03     9    -2.2    1829     0   0   0   0      27.157   -91.015
0068   33.60   795.7     18.65     96.1    1822    88    47.47    -47.43     -2.06     9    -2.2    1822     0   0   0   0      27.157   -91.016
0069   34.10   796.3     18.67     96.1    1815    87    47.58    -47.53     -2.09     9    -2.2    1815     0   0   0   0      27.157   -91.016
0070   34.60   796.9     18.70     96.1    1809  -999  -999.00   -999.00   -999.00     0    -2.3    1809     0   0   0   0    -999.000  -999.000
0071   35.10   797.5     18.73     96.1    1802    87    47.79    -47.74     -2.16     9    -2.2    1802     0   0   0   0      27.157   -91.016
0072   35.60   798.2     18.76     96.1    1796    87    47.88    -47.83     -2.19     9    -2.2    1796     0   0   0   0      27.157   -91.017
0073   36.10   798.8     18.78     96.1    1789    87    47.95    -47.90     -2.21     9    -2.2    1789     0   0   0   0      27.157   -91.017
0074   36.60   799.4     18.81     96.0    1782  -999  -999.00   -999.00   -999.00     0    -2.2    1782     0   0   0   0    -999.000  -999.000
0075   37.10   800.0     18.84     96.0    1776    87    48.05    -48.00     -2.25     9    -2.2    1776     0   0   0   0      27.157   -91.017
0076   37.60   800.6     18.87     96.0    1769    87    48.07    -48.02     -2.27     9    -2.1    1769     0   0   0   0      27.157   -91.018
0077   38.10   801.2     18.90     96.0    1763    87    48.09    -48.03     -2.28     9    -2.1    1763     0   0   0   0      27.157   -91.018
0078   38.60   801.8     18.93     95.9    1756    87    48.09    -48.03     -2.30     9    -2.1    1756     0   0   0   0      27.157   -91.018
0079   39.10   802.4     18.96     95.9    1750    87    48.08    -48.02     -2.32     9    -2.1    1750     0   0   0   0      27.157   -91.018
0080   39.60   803.0     18.98     95.9    1743    87    48.06    -48.00     -2.34     9    -2.1    1743     0   0   0   0      27.157   -91.019
0081   40.10   803.6     19.01     95.9    1737    87    48.04    -47.98     -2.35     9    -2.1    1737     0   0   0   0      27.157   -91.019
0082   40.60   804.2     19.04     95.9    1730    87    48.01    -47.95     -2.36     9    -2.2    1730     0   0   0   0      27.157   -91.019
0083   41.10   804.8     19.06     96.0    1724    87    47.98    -47.92     -2.37     9    -2.2    1724     0   0   0   0      27.157   -91.019
0084   41.60   805.4     19.09     96.0    1717    87    47.95    -47.89     -2.37     9    -2.2    1717     0   0   0   0      27.157   -91.020
0085   42.10   806.0     19.11     96.1    1711    87    47.91    -47.85     -2.36     9    -2.2    1711     0   0   0   0      27.157   -91.020
0086   42.60   806.7     19.13     96.3    1704    87    47.88    -47.82     -2.35     9    -2.2    1704     0   0   0   0      27.157   -91.020
0087   43.10   807.3     19.15     96.4    1697    87    47.84    -47.78     -2.33     9    -2.2    1697     0   0   0   0      27.157   -91.020
0088   43.60   807.9     19.17     96.6    1691    87    47.80    -47.75     -2.30     9    -2.2    1691     0   0   0   0      27.157   -91.021
0089   44.10  -999.0   -999.00   -999.0    -999  -999  -999.00   -999.00   -999.00     0  -999.0    -999     0   0   0   0    -999.000  -999.000
0090   44.60   809.1     19.21     96.9    1678    87    47.74    -47.69     -2.19     9    -2.2    1678     0   0   0   0      27.157   -91.021
0091   45.10   809.7     19.22     97.1    1671  -999  -999.00   -999.00   -999.00     0    -2.2    1671     0   0   0   0    -999.000  -999.000
0092   45.60   810.3     19.24     97.3    1665  -999  -999.00   -999.00   -999.00     0    -2.2    1665     0   0   0   0    -999.000  -999.000
0093   46.10   811.0     19.26     97.5    1658    88    47.65    -47.61     -1.90     9    -2.2    1658     0   0   0   0      27.157   -91.022
0094   46.60   811.6     19.28     97.6    1652  -999  -999.00   -999.00   -999.00     0    -2.2    1652     0   0   0   0    -999.000  -999.000
0095   47.10   812.2     19.30     97.7    1645    88    47.60    -47.57     -1.65     9    -2.1    1645     0   0   0   0      27.157   -91.022
0096   47.60   812.8     19.33     97.8    1639    88    47.58    -47.55     -1.51     9    -2.1    1639     0   0   0   0      27.157   -91.022
0097   48.10   813.4     19.35     97.9    1632  -999  -999.00   -999.00   -999.00     0    -2.0    1632     0   0   0   0    -999.000  -999.000
0098   48.60  -999.0   -999.00   -999.0    -999    88    47.53    -47.51     -1.25     9  -999.0    -999     0   0   0   0      27.157   -91.023
0099   49.10   814.6     19.41     98.0    1619    89    47.51    -47.49     -1.14     9    -1.9    1619     0   0   0   0      27.157   -91.023
0100   49.60   815.2     19.44     98.1    1613    89    47.50    -47.48     -1.06     9    -1.9    1613     0   0   0   0      27.157   -91.023
0101   50.10   815.8     19.47     98.1    1606    89    47.49    -47.48     -1.00     9    -1.8    1606     0   0   0   0      27.157   -91.024
0102   50.60   816.4     19.50     98.1    1600  -999  -999.00   -999.00   -999.00     0    -1.8    1600     0   0   0   0    -999.000  -999.000
0103   51.10   817.0     19.54     98.1    1594    89    47.51    -47.50     -0.94     9    -1.8    1594     0   0   0   0      27.157   -91.024
0104   51.60   817.6     19.57     98.1    1588    89    47.54    -47.53     -0.93     9    -1.8    1588     0   0   0   0      27.157   -91.024
0105   52.10   818.2     19.61     98.0    1581    89    47.58    -47.57     -0.93     9    -1.7    1581     0   0   0   0      27.157   -91.025
0106   52.60   818.8     19.65     97.9    1575    89    47.63    -47.62     -0.93     9    -1.8    1575     0   0   0   0      27.157   -91.025
0107   53.10   819.4     19.69     97.9    1569    89    47.69    -47.68     -0.93     9    -1.8    1569     0   0   0   0      27.157   -91.025
0108   53.60   820.0     19.73     97.8    1562    89    47.77    -47.76     -0.92     9    -1.8    1562     0   0   0   0      27.157   -91.025
0109   54.10   820.6     19.77     97.7    1556    89    47.85    -47.84     -0.91     9    -1.8    1556     0   0   0   0      27.157   -91.026
0110   54.60   821.2     19.81     97.6    1550    89    47.94    -47.93     -0.90     9    -1.9    1550     0   0   0   0      27.157   -91.026
0111   55.10   821.8     19.85     97.4    1543    89    48.02    -48.01     -0.88     9    -1.9    1543     0   0   0   0      27.157   -91.026
0112   55.60   822.4     19.89     97.3    1537    89    48.09    -48.09     -0.87     9    -2.0    1537     0   0   0   0      27.157   -91.026
0113   56.10   823.0     19.92     97.2    1531    89    48.16    -48.15     -0.86     9    -2.0    1531     0   0   0   0      27.157   -91.027
0114   56.60   823.6     19.96     97.0    1524    89    48.22    -48.21     -0.87     9    -2.1    1524     0   0   0   0      27.157   -91.027
0115   57.10   824.2     20.00     96.8    1518    89    48.27    -48.27     -0.88     9    -2.1    1518     0   0   0   0      27.157   -91.027
0116   57.60   824.8     20.05     96.7    1511    89    48.32    -48.31     -0.90     9    -2.1    1511     0   0   0   0      27.157   -91.027
0117   58.10   825.4     20.09     96.5    1505    89    48.36    -48.35     -0.92     9    -2.1    1505     0   0   0   0      27.157   -91.028
0118   58.60   826.0     20.13     96.3    1498  -999  -999.00   -999.00   -999.00     0    -2.1    1498     0   0   0   0    -999.000  -999.000
0119   59.10   826.7     20.17     96.1    1492    89    48.43    -48.42     -0.99     9    -2.1    1492     0   0   0   0      27.157   -91.028
0120   59.60   827.3     20.22     96.0    1485    89    48.48    -48.47     -1.02     9    -2.1    1485     0   0   0   0      27.157   -91.028
0121   60.10   827.9     20.26     95.8    1479    89    48.54    -48.53     -1.06     9    -2.1    1479     0   0   0   0      27.157   -91.028
0122   60.60   828.5     20.30     95.7    1473    89    48.61    -48.60     -1.09     9    -2.1    1473     0   0   0   0      27.157   -91.029
0123   61.10   829.1     20.33     95.5    1466  -999  -999.00   -999.00   -999.00     0    -2.1    1466     0   0   0   0    -999.000  -999.000
0124   61.60   829.7     20.37     95.4    1460    89    48.78    -48.76     -1.15     9    -2.0    1460     0   0   0   0      27.157   -91.029
0125   62.10   830.3     20.40     95.3    1453  -999  -999.00   -999.00   -999.00     0    -2.0    1453     0   0   0   0    -999.000  -999.000
0126   62.60   830.9     20.44     95.1    1447    89    48.94    -48.92     -1.17     9    -2.0    1447     0   0   0   0      27.157   -91.030
0127   63.10   831.6     20.47     95.0    1441    89    49.00    -48.99     -1.17     9    -2.0    1441     0   0   0   0      27.157   -91.030
0128   63.60   832.2     20.51     94.9    1434  -999  -999.00   -999.00   -999.00     0    -2.0    1434     0   0   0   0    -999.000  -999.000
0129   64.10   832.8     20.54     94.8    1428  -999  -999.00   -999.00   -999.00     0    -2.0    1428     0   0   0   0    -999.000  -999.000
0130   64.60   833.4     20.58     94.7    1421  -999  -999.00   -999.00   -999.00     0    -2.0    1421     0   0   0   0    -999.000  -999.000
0131   65.10   834.0     20.62     94.5    1415  -999  -999.00   -999.00   -999.00     0    -2.0    1415     0   0   0   0    -999.000  -999.000
0132   65.60   834.6     20.65     94.4    1409  -999  -999.00   -999.00   -999.00     0    -2.1    1409     0   0   0   0    -999.000  -999.000
0133   66.10   835.2     20.69     94.2    1402    89    49.13    -49.12     -1.12     9    -2.1    1402     0   0   0   0      27.157   -91.031
0134   66.60   835.9     20.73     94.1    1396  -999  -999.00   -999.00   -999.00     0    -2.1    1396     0   0   0   0    -999.000  -999.000
0135   67.10   836.5     20.77     93.9    1389    89    49.16    -49.15     -1.13     9    -2.1    1389     0   0   0   0      27.157   -91.032
0136   67.60   837.1     20.82     93.7    1383    89    49.18    -49.17     -1.14     9    -2.1    1383     0   0   0   0      27.157   -91.032
0137   68.10   837.7     20.86     93.5    1377    89    49.21    -49.20     -1.16     9    -2.1    1377     0   0   0   0      27.157   -91.032
0138   68.60   838.3     20.90     93.4    1370  -999  -999.00   -999.00   -999.00     0    -2.1    1370     0   0   0   0    -999.000  -999.000
0139   69.10   839.0     20.94     93.2    1364    89    49.29    -49.27     -1.24     9    -2.1    1364     0   0   0   0      27.157   -91.033
0140   69.60   839.6     20.99     93.0    1357    89    49.34    -49.32     -1.29     9    -2.1    1357     0   0   0   0      27.157   -91.033
0141   70.10   840.2     21.03     92.8    1351    88    49.39    -49.37     -1.34     9    -2.0    1351     0   0   0   0      27.157   -91.033
0142   70.60   840.8     21.07     92.6    1345  -999  -999.00   -999.00   -999.00     0    -2.0    1345     0   0   0   0    -999.000  -999.000
0143   71.10   841.4     21.11     92.5    1338    88    49.47    -49.45     -1.43     9    -2.0    1338     0   0   0   0      27.157   -91.034
0144   71.60   842.0     21.15     92.3    1332    88    49.50    -49.48     -1.47     9    -2.0    1332     0   0   0   0      27.157   -91.034
0145   72.10   842.6     21.19     92.2    1326    88    49.51    -49.49     -1.51     9    -1.9    1326     0   0   0   0      27.157   -91.034
0146   72.60   843.2     21.23     92.0    1319    88    49.51    -49.49     -1.53     9    -1.9    1319     0   0   0   0      27.157   -91.035
0147   73.10  -999.0   -999.00   -999.0    -999  -999  -999.00   -999.00   -999.00     0  -999.0    -999     0   0   0   0    -999.000  -999.000
0148   73.60   844.5     21.30     91.8    1307  -999  -999.00   -999.00   -999.00     0    -2.0    1307     0   0   0   0    -999.000  -999.000
0149   74.10  -999.0   -999.00   -999.0    -999    88    49.43    -49.40     -1.59     9  -999.0    -999     0   0   0   0      27.157   -91.035
0150   74.60   845.7     21.37     91.6    1294    88    49.38    -49.35     -1.61     9    -2.0    1294     0   0   0   0      27.157   -91.036
0151   75.10   846.3     21.40     91.5    1288  -999  -999.00   -999.00   -999.00     0    -2.0    1288     0   0   0   0    -999.000  -999.000
0152   75.60   846.9     21.44     91.4    1281  -999  -999.00   -999.00   -999.00     0    -2.1    1281     0   0   0   0    -999.000  -999.000
0153   76.10   847.6     21.47     91.3    1275    88    49.20    -49.17     -1.71     9    -2.1    1275     0   0   0   0      27.157   -91.036
0154   76.60   848.2     21.50     91.2    1268  -999  -999.00   -999.00   -999.00     0    -2.1    1268     0   0   0   0    -999.000  -999.000
0155   77.10   848.8     21.53     91.1    1262  -999  -999.00   -999.00   -999.00     0    -2.1    1262     0   0   0   0    -999.000  -999.000
0156   77.60   849.4     21.56     91.1    1256    88    49.03    -49.00     -1.85     9    -2.0    1256     0   0   0   0      27.156   -91.037
0157   78.10   850.0     21.59     91.0    1249    88    49.00    -48.96     -1.89     9    -2.0    1249     0   0   0   0      27.156   -91.037
0158   78.60   850.7     21.62     90.9    1243    88    48.98    -48.94     -1.94     9    -2.0    1243     0   0   0   0      27.156   -91.038
0159   79.10   851.3     21.65     90.8    1237  -999  -999.00   -999.00   -999.00     0    -1.9    1237     0   0   0   0    -999.000  -999.000
0160   79.60   851.9     21.67     90.8    1230  -999  -999.00   -999.00   -999.00     0    -1.9    1230     0   0   0   0    -999.000  -999.000
0161   80.10   852.5     21.70     90.7    1224    88    49.02    -48.98     -2.06     9    -1.8    1224     0   0   0   0      27.156   -91.038
0162   80.60   853.1     21.73     90.7    1218  -999  -999.00   -999.00   -999.00     0    -1.8    1218     0   0   0   0    -999.000  -999.000
0163   81.10   853.7     21.75     90.6    1212    88    49.13    -49.08     -2.12     9    -1.8    1212     0   0   0   0      27.156   -91.039
0164   81.60   854.3     21.78     90.6    1206    87    49.19    -49.14     -2.15     9    -1.7    1206     0   0   0   0      27.156   -91.039
0165   82.10   854.9     21.80     90.6    1199  -999  -999.00   -999.00   -999.00     0    -1.7    1199     0   0   0   0    -999.000  -999.000
0166   82.60   855.5     21.83     90.5    1193    87    49.32    -49.27     -2.16     9    -1.7    1193     0   0   0   0      27.156   -91.040
0167   83.10   856.1     21.85     90.5    1187  -999  -999.00   -999.00   -999.00     0    -1.7    1187     0   0   0   0    -999.000  -999.000
0168   83.60   856.7     21.88     90.5    1181    88    49.43    -49.39     -2.10     9    -1.8    1181     0   0   0   0      27.156   -91.040
0169   84.10   857.3     21.90     90.5    1175    88    49.48    -49.44     -2.04     9    -1.8    1175     0   0   0   0      27.156   -91.040
0170   84.60   857.9     21.93     90.4    1169    88    49.52    -49.48     -1.97     9    -1.8    1169     0   0   0   0      27.156   -91.041
0171   85.10   858.6     21.96     90.4    1162  -999  -999.00   -999.00   -999.00     0    -1.9    1162     0   0   0   0    -999.000  -999.000
0172   85.60   859.2     21.99     90.3    1156    88    49.62    -49.59     -1.80     9    -1.9    1156     0   0   0   0      27.156   -91.041
0173   86.10   859.8     22.03     90.2    1150    88    49.68    -49.65     -1.71     9    -1.9    1150     0   0   0   0      27.156   -91.041
0174   86.60   860.4     22.06     90.1    1143    88    49.74    -49.72     -1.63     9    -2.0    1143     0   0   0   0      27.156   -91.042
0175   87.10   861.0     22.09     90.0    1137  -999  -999.00   -999.00   -999.00     0    -2.0    1137     0   0   0   0    -999.000  -999.000
0176   87.60   861.7     22.13     90.0    1131    88    49.89    -49.87     -1.49     9    -2.0    1131     0   0   0   0      27.156   -91.042
0177   88.10   862.3     22.16     89.9    1124    88    49.97    -49.95     -1.43     9    -2.1    1124     0   0   0   0      27.156   -91.042
0178   88.60   862.9     22.19     89.8    1118    88    50.04    -50.02     -1.38     9    -2.1    1118     0   0   0   0      27.156   -91.043
0179   89.10   863.5     22.21     89.7    1112    88    50.11    -50.09     -1.35     9    -2.1    1112     0   0   0   0      27.156   -91.043
0180   89.60   864.2     22.24     89.7    1106  -999  -999.00   -999.00   -999.00     0    -2.1    1106     0   0   0   0    -999.000  -999.000
0181   90.10   864.8     22.26     89.7    1099    89    50.24    -50.22     -1.31     9    -2.1    1099     0   0   0   0      27.156   -91.043
0182   90.60   865.4     22.27     89.7    1093    89    50.30    -50.28     -1.31     9    -2.1    1093     0   0   0   0      27.156   -91.044
0183   91.10   866.0     22.28     89.7    1086    89    50.37    -50.36     -1.31     9    -2.1    1086     0   0   0   0      27.156   -91.044
0184   91.60   866.7     22.28     89.8    1080    88    50.46    -50.45     -1.33     9    -2.1    1080     0   0   0   0      27.156   -91.044
0185   92.10   867.3     22.28     89.9    1074    88    50.57    -50.55     -1.36     9    -2.0    1074     0   0   0   0      27.156   -91.044
0186   92.60   867.9     22.28     90.0    1067    88    50.70    -50.68     -1.41     9    -2.0    1067     0   0   0   0      27.156   -91.045
0187   93.10  -999.0   -999.00   -999.0    -999    88    50.86    -50.83     -1.45     9  -999.0    -999     0   0   0   0      27.156   -91.045
0188   93.60   869.2     22.26     90.2    1055  -999  -999.00   -999.00   -999.00     0    -1.8    1055     0   0   0   0    -999.000  -999.000
0189   94.10   869.8     22.25     90.4    1049    88    51.20    -51.18     -1.53     9    -1.7    1049     0   0   0   0      27.156   -91.045
0190   94.60   870.4     22.23     90.5    1043    88    51.38    -51.35     -1.55     9    -1.7    1043     0   0   0   0      27.156   -91.046
0191   95.10   871.0     22.22     90.7    1037  -999  -999.00   -999.00   -999.00     0    -1.6    1037     0   0   0   0    -999.000  -999.000
0192   95.60   871.6     22.21     90.8    1031    88    51.72    -51.70     -1.54     9    -1.6    1031     0   0   0   0      27.156   -91.046
0193   96.10   872.2     22.19     90.9    1025  -999  -999.00   -999.00   -999.00     0    -1.6    1025     0   0   0   0    -999.000  -999.000
0194   96.60   872.8     22.19     91.0    1019    88    52.06    -52.04     -1.51     9    -1.6    1019     0   0   0   0      27.156   -91.047
0195   97.10   873.4     22.18     91.1    1012    88    52.23    -52.21     -1.51     9    -1.6    1012     0   0   0   0      27.156   -91.047
0196   97.60   874.0     22.18     91.1    1006    88    52.40    -52.38     -1.52     9    -1.6    1006     0   0   0   0      27.156   -91.047
0197   98.10   874.6     22.18     91.2    1000    88    52.57    -52.55     -1.55     9    -1.6    1000     0   0   0   0      27.156   -91.048
0198   98.60   875.2     22.18     91.2     994    88    52.74    -52.72     -1.59     9    -1.7     994     0   0   0   0      27.156   -91.048
0199   99.10   875.8     22.18     91.2     988    88    52.92    -52.89     -1.64     9    -1.7     988     0   0   0   0      27.156   -91.048
0200   99.60   876.5     22.18     91.3     982    88    53.10    -53.07     -1.71     9    -1.7     982     0   0   0   0      27.156   -91.048
0201  100.10   877.1     22.18     91.3     976    88    53.30    -53.27     -1.77     9    -1.7     976     0   0   0   0      27.156   -91.049
0202  100.60   877.7     22.17     91.3     970    88    53.51    -53.47     -1.84     9    -1.7     970     0   0   0   0      27.156   -91.049
0203  101.10   878.3     22.16     91.4     964    88    53.73    -53.70     -1.91     9    -1.7     964     0   0   0   0      27.156   -91.049
0204  101.60   878.9     22.16     91.4     958    88    53.96    -53.93     -1.97     9    -1.6     958     0   0   0   0      27.156   -91.049
0205  102.10   879.5     22.15     91.5     951    88    54.19    -54.16     -2.03     9    -1.6     951     0   0   0   0      27.156   -91.050
0206  102.60   880.1     22.15     91.5     945    88    54.42    -54.38     -2.09     9    -1.6     945     0   0   0   0      27.156   -91.050
0207  103.10   880.7     22.15     91.5     939    88    54.63    -54.59     -2.14     9    -1.5     939     0   0   0   0      27.156   -91.050
0208  103.60   881.3     22.15     91.6     933    88    54.83    -54.78     -2.19     9    -1.5     933     0   0   0   0      27.156   -91.051
0209  104.10   881.9     22.15     91.6     927    88    55.00    -54.95     -2.24     9    -1.5     927     0   0   0   0      27.156   -91.051
0210  104.60   882.5     22.16     91.6     921  -999  -999.00   -999.00   -999.00     0    -1.4     921     0   0   0   0    -999.000  -999.000
0211  105.10   883.1     22.16     91.7     916    88    55.26    -55.21     -2.34     9    -1.4     916     0   0   0   0      27.156   -91.051
0212  105.60   883.7     22.17     91.7     910    88    55.36    -55.31     -2.39     9    -1.4     910     0   0   0   0      27.156   -91.052
0213  106.10   884.3     22.18     91.7     904    87    55.43    -55.38     -2.43     9    -1.4     904     0   0   0   0      27.156   -91.052
0214  106.60   884.9     22.19     91.7     898    87    55.50    -55.44     -2.47     9    -1.3     898     0   0   0   0      27.156   -91.052
0215  107.10   885.5     22.20     91.8     892    87    55.55    -55.50     -2.52     9    -1.3     892     0   0   0   0      27.156   -91.052
0216  107.60   886.1     22.21     91.8     886  -999  -999.00   -999.00   -999.00     0    -1.3     886     0   0   0   0    -999.000  -999.000
0217  108.10   886.7     22.21     91.8     880    87    55.70    -55.64     -2.64     9    -1.3     880     0   0   0   0      27.156   -91.053
0218  108.60   887.3     22.22     91.8     874    87    55.79    -55.73     -2.72     9    -1.3     874     0   0   0   0      27.156   -91.053
0219  109.10   887.9     22.23     91.8     868    87    55.89    -55.82     -2.81     9    -1.3     868     0   0   0   0      27.156   -91.054
0220  109.60   888.5     22.24     91.8     863    87    56.00    -55.92     -2.92     9    -1.3     863     0   0   0   0      27.156   -91.054
0221  110.10   889.1     22.24     91.8     857    87    56.10    -56.02     -3.02     9    -1.3     857     0   0   0   0      27.156   -91.054
0222  110.60   889.7     22.25     91.8     851    87    56.20    -56.11     -3.13     9    -1.3     851     0   0   0   0      27.156   -91.054
0223  111.10   890.3     22.26     91.7     845    87    56.28    -56.19     -3.23     9    -1.4     845     0   0   0   0      27.156   -91.055
0224  111.60   890.9     22.27     91.7     839  -999  -999.00   -999.00   -999.00     0    -1.4     839     0   0   0   0    -999.000  -999.000
0225  112.10   891.5     22.27     91.6     833    87    56.43    -56.33     -3.40     9    -1.4     833     0   0   0   0      27.156   -91.055
0226  112.60   892.1     22.27     91.6     827  -999  -999.00   -999.00   -999.00     0    -1.5     827     0   0   0   0    -999.000  -999.000
0227  113.10   892.7     22.26     91.5     821    86    56.58    -56.46     -3.56     9    -1.5     821     0   0   0   0      27.156   -91.056
0228  113.60   893.3     22.25     91.4     815  -999  -999.00   -999.00   -999.00     0    -1.5     815     0   0   0   0    -999.000  -999.000
0229  114.10   893.9     22.22     91.4     809    86    56.74    -56.62     -3.76     9    -1.6     809     0   0   0   0      27.156   -91.056
0230  114.60   894.6     22.18     91.4     803  -999  -999.00   -999.00   -999.00     0    -1.6     803     0   0   0   0    -999.000  -999.000
0231  115.10   895.2     22.13     91.4     797    86    56.99    -56.85     -4.03     9    -1.6     797     0   0   0   0      27.156   -91.057
0232  115.60   895.8     22.07     91.4     791    86    57.17    -57.01     -4.22     8    -1.6     791     0   0   0   0      27.156   -91.057
0233  116.10   896.4     21.99     91.6     785  -999  -999.00   -999.00   -999.00     0    -1.5     785     0   0   0   0    -999.000  -999.000
0234  116.60   897.0     21.90     91.7     779    85    57.60    -57.40     -4.70     9    -1.5     779     0   0   0   0      27.156   -91.058
0235  117.10   897.6     21.80     91.9     773    85    57.83    -57.62     -5.00     9    -1.5     773     0   0   0   0      27.156   -91.058
0236  117.60   898.3     21.70     92.1     767    85    58.07    -57.82     -5.33     9    -1.5     767     0   0   0   0      27.156   -91.058
0237  118.10   898.9     21.60     92.3     761    84    58.30    -58.02     -5.68     9    -1.5     761     0   0   0   0      27.156   -91.059
0238  118.60   899.5     21.50     92.6     756  -999  -999.00   -999.00   -999.00     0    -1.5     756     0   0   0   0    -999.000  -999.000
0239  119.10   900.1     21.41     92.9     750    84    58.72    -58.37     -6.43     9    -1.6     750     0   0   0   0      27.156   -91.059
0240  119.60   900.7     21.33     93.2     744  -999  -999.00   -999.00   -999.00     0    -1.6     744     0   0   0   0    -999.000  -999.000
0241  120.10   901.3     21.26     93.5     738  -999  -999.00   -999.00   -999.00     0    -1.7     738     0   0   0   0    -999.000  -999.000
0242  120.60   901.9     21.20     93.8     732    83    59.29    -58.82     -7.48     9    -1.8     732     0   0   0   0      27.155   -91.060
0243  121.10   902.6     21.15     94.2     726    82    59.47    -58.96     -7.79     9    -1.8     726     0   0   0   0      27.155   -91.061
0244  121.60   903.2     21.11     94.6     720    82    59.65    -59.10     -8.07     9    -1.9     720     0   0   0   0      27.155   -91.061
0245  122.10   903.8     21.09     95.0     713    82    59.82    -59.23     -8.35     9    -1.9     713     0   0   0   0      27.155   -91.061
0246  122.60   904.5     21.07     95.3     707    82    59.96    -59.34     -8.63     9    -1.9     707     0   0   0   0      27.155   -91.061
0247  123.10   905.1     21.07     95.7     701    81    60.07    -59.40     -8.92     9    -1.8     701     0   0   0   0      27.155   -91.062
0248  123.60   905.8     21.07     96.1     695    81    60.13    -59.42     -9.23     9    -1.7     695     0   0   0   0      27.155   -91.062
0249  124.10   906.4     21.07     96.4     689    81    60.14    -59.38     -9.53     9    -1.6     689     0   0   0   0      27.155   -91.062
0250  124.60   907.0     21.08     96.8     683    81    60.10    -59.29     -9.82     9    -1.5     683     0   0   0   0      27.155   -91.063
0251  125.10   907.6     21.10     97.1     677    80    60.02    -59.17    -10.09     9    -1.4     677     0   0   0   0      27.155   -91.063
0252  125.60   908.2     21.11     97.4     671    80    59.92    -59.02    -10.33     9    -1.3     671     0   0   0   0      27.155   -91.063
0253  126.10   908.8     21.13     97.7     665    80    59.81    -58.87    -10.55     9    -1.3     665     0   0   0   0      27.155   -91.064
0254  126.60   909.4     21.15     97.9     660    80    59.71    -58.73    -10.74     9    -1.2     660     0   0   0   0      27.155   -91.064
0255  127.10   910.0     21.17     98.2     654    79    59.62    -58.62    -10.90     9    -1.2     654     0   0   0   0      27.155   -91.064
0256  127.60   910.6     21.20     98.4     648    79    59.57    -58.54    -11.03     9    -1.3     648     0   0   0   0      27.155   -91.064
0257  128.10   911.2     21.22     98.6     643    79    59.54    -58.49    -11.13     9    -1.4     643     0   0   0   0      27.155   -91.065
0258  128.60   911.8     21.24     98.7     637    79    59.54    -58.48    -11.19     9    -1.5     637     0   0   0   0      27.155   -91.065
0259  129.10   912.4     21.27     98.8     631  -999  -999.00   -999.00   -999.00     0    -1.7     631     0   0   0   0    -999.000  -999.000
0260  129.60   913.1     21.30     99.0     625    79    59.67    -58.61    -11.18     9    -1.9     625     0   0   0   0      27.155   -91.066
0261  130.10   913.7     21.33     99.1     619    79    59.79    -58.75    -11.12     9    -2.1     619     0   0   0   0      27.155   -91.066
0262  130.60   914.4     21.36     99.2     613    79    59.96    -58.93    -11.04     9    -2.3     613     0   0   0   0      27.155   -91.066
0263  131.10   915.0     21.39     99.2     606    80    60.16    -59.16    -10.94     9    -2.4     606     0   0   0   0      27.155   -91.066
0264  131.60   915.7     21.42     99.3     600  -999  -999.00   -999.00   -999.00     0    -2.6     600     0   0   0   0    -999.000  -999.000
0265  132.10   916.4     21.46     99.4     593    80    60.61    -59.65    -10.75     9    -2.7     593     0   0   0   0      27.154   -91.067
0266  132.60   917.1     21.50     99.5     587    80    60.85    -59.91    -10.66     9    -2.8     587     0   0   0   0      27.154   -91.067
0267  133.10   917.8     21.53     99.5     580    80    61.07    -60.14    -10.60     9    -2.8     580     0   0   0   0      27.154   -91.068
0268  133.60   918.5     21.57     99.5     573    80    61.26    -60.34    -10.57     9    -2.8     573     0   0   0   0      27.154   -91.068
0269  134.10   919.2     21.61     99.5     567    80    61.41    -60.49    -10.56     9    -2.8     567     0   0   0   0      27.154   -91.068
0270  134.60   919.9     21.66     99.5     560    80    61.51    -60.60    -10.57     9    -2.7     560     0   0   0   0      27.154   -91.069
0271  135.10   920.5     21.70     99.5     554  -999  -999.00   -999.00   -999.00     0    -2.7     554     0   0   0   0    -999.000  -999.000
0272  135.60   921.2     21.74     99.5     547    80    61.58    -60.66    -10.64     9    -2.6     547     0   0   0   0      27.154   -91.069
0273  136.10   921.9     21.77     99.4     541    80    61.55    -60.62    -10.69     9    -2.5     541     0   0   0   0      27.154   -91.070
0274  136.60   922.6     21.81     99.4     535  -999  -999.00   -999.00   -999.00     0    -2.4     535     0   0   0   0    -999.000  -999.000
0275  137.10   923.2     21.84     99.4     528    80    61.40    -60.43    -10.84     9    -2.3     528     0   0   0   0      27.154   -91.070
0276  137.60   923.9     21.88     99.3     522    80    61.29    -60.31    -10.92     9    -2.3     522     0   0   0   0      27.154   -91.070
0277  138.10   924.5     21.91     99.3     516    80    61.16    -60.16    -10.99     9    -2.3     516     0   0   0   0      27.154   -91.071
0278  138.60   925.2     21.94     99.2     510    80    61.01    -60.00    -11.06     9    -2.3     510     0   0   0   0      27.154   -91.071
0279  139.10   925.9     21.97     99.2     504  -999  -999.00   -999.00   -999.00     0    -2.3     504     0   0   0   0    -999.000  -999.000
0280  139.60   926.5     22.00     99.2     497    79    60.63    -59.59    -11.17     9    -2.4     497     0   0   0   0      27.154   -91.072
0281  140.10   927.2     22.03     99.1     491    79    60.40    -59.35    -11.22     9    -2.5     491     0   0   0   0      27.154   -91.072
0282  140.60   927.9     22.06     99.1     485    79    60.14    -59.08    -11.26     9    -2.6     485     0   0   0   0      27.154   -91.072
0283  141.10   928.6     22.10     99.0     478    79    59.86    -58.78    -11.30     9    -2.8     478     0   0   0   0      27.154   -91.073
0284  141.60   929.2     22.14     98.9     472    79    59.56    -58.47    -11.34     9    -2.9     472     0   0   0   0      27.153   -91.073
0285  142.10   930.0     22.18     98.8     465    79    59.25    -58.15    -11.38     9    -3.1     465     0   0   0   0      27.153   -91.073
0286  142.60   930.7     22.22     98.6     458    79    58.96    -57.84    -11.43     9    -3.2     458     0   0   0   0      27.153   -91.073
0287  143.10   931.4     22.27     98.4     452    79    58.69    -57.55    -11.52     9    -3.4     452     0   0   0   0      27.153   -91.074
0288  143.60   932.1     22.33     98.2     445    79    58.46    -57.29    -11.64     9    -3.5     445     0   0   0   0      27.153   -91.074
0289  144.10   932.9     22.39     98.0     438    78    58.30    -57.09    -11.81     9    -3.6     438     0   0   0   0      27.153   -91.074
0290  144.60   933.6     22.46     97.7     431    78    58.21    -56.95    -12.03     9    -3.7     431     0   0   0   0      27.153   -91.075
0291  145.10   934.3     22.52     97.4     424  -999  -999.00   -999.00   -999.00     0    -3.8     424     0   0   0   0    -999.000  -999.000
0292  145.60   935.1     22.59     97.0     417    78    58.27    -56.89    -12.57     9    -3.8     417     0   0   0   0      27.153   -91.075
0293  146.10   935.8     22.66     96.6     410    77    58.40    -56.96    -12.86     9    -3.9     410     0   0   0   0      27.153   -91.075
0294  146.60   936.6     22.74     96.2     403    77    58.59    -57.10    -13.15     9    -3.9     403     0   0   0   0      27.153   -91.076
0295  147.10   937.4     22.81     95.8     396    77    58.83    -57.28    -13.41     9    -3.9     396     0   0   0   0      27.153   -91.076
0296  147.60   938.1     22.89     95.4     389    77    59.09    -57.49    -13.65     9    -3.9     389     0   0   0   0      27.153   -91.076
0297  148.10   938.9     22.97     95.0     382  -999  -999.00   -999.00   -999.00     0    -3.8     382     0   0   0   0    -999.000  -999.000
0298  148.60   939.6     23.04     94.6     375    76    59.61    -57.94    -14.01     9    -3.8     375     0   0   0   0      27.153   -91.077
0299  149.10   940.3     23.12     94.3     368    76    59.83    -58.13    -14.16     9    -3.8     368     0   0   0   0      27.153   -91.077
0300  149.60   941.1     23.18     94.0     361    76    60.02    -58.30    -14.29     9    -3.8     361     0   0   0   0      27.153   -91.077
0301  150.10   941.8     23.24     93.8     354  -999  -999.00   -999.00   -999.00     0    -3.7     354     0   0   0   0    -999.000  -999.000
0302  150.60   942.6     23.29     93.7     347    76    60.23    -58.46    -14.50     9    -3.7     347     0   0   0   0      27.152   -91.078
0303  151.10   943.3     23.34     93.6     340    76    60.24    -58.44    -14.59     9    -3.7     340     0   0   0   0      27.152   -91.078
0304  151.60   944.1     23.37     93.6     333    76    60.16    -58.35    -14.65     9    -3.7     333     0   0   0   0      27.152   -91.079
0305  152.10   944.8     23.40     93.7     326  -999  -999.00   -999.00   -999.00     0    -3.7     326     0   0   0   0    -999.000  -999.000
0306  152.60  -999.0   -999.00   -999.0    -999    76    59.76    -57.93    -14.67     9  -999.0    -999     0   0   0   0      27.152   -91.079
0307  153.10   946.3     23.45     93.8     312  -999  -999.00   -999.00   -999.00     0    -3.7     312     0   0   0   0    -999.000  -999.000
0308  153.60   947.0     23.47     93.8     305  -999  -999.00   -999.00   -999.00     0    -3.8     305     0   0   0   0    -999.000  -999.000
0309  154.10   947.8     23.49     93.8     299    76    58.72    -56.93    -14.39     9    -3.8     299     0   0   0   0      27.152   -91.080
0310  154.60   948.5     23.52     93.7     292    76    58.32    -56.56    -14.21     9    -3.9     292     0   0   0   0      27.152   -91.080
0311  155.10   949.3     23.55     93.6     285    76    57.91    -56.20    -13.98     9    -4.0     285     0   0   0   0      27.152   -91.081
0312  155.60   950.1     23.59     93.5     278    76    57.51    -55.85    -13.71     9    -4.1     278     0   0   0   0      27.152   -91.081
0313  156.10   950.8     23.64     93.4     270    76    57.11    -55.51    -13.42     9    -4.1     270     0   0   0   0      27.152   -91.081
0314  156.60   951.6     23.68     93.4     263    77    56.69    -55.15    -13.13     9    -4.1     263     0   0   0   0      27.152   -91.081
0315  157.10   952.4     23.73     93.4     256  -999  -999.00   -999.00   -999.00     0    -4.1     256     0   0   0   0    -999.000  -999.000
0316  157.60   953.2     23.78     93.6     249    77    55.77    -54.30    -12.71     9    -4.1     249     0   0   0   0      27.152   -91.082
0317  158.10   954.0     23.83     93.8     242    77    55.23    -53.76    -12.65     9    -4.0     242     0   0   0   0      27.151   -91.082
0318  158.60   954.7     23.87     94.1     234    76    54.61    -53.10    -12.75     9    -3.9     234     0   0   0   0      27.151   -91.083
0319  159.10   955.5     23.91     94.4     227    76    53.95    -52.36    -12.98     9    -3.8     227     0   0   0   0      27.151   -91.083
0320  159.60   956.2     23.95     94.7     221    76    53.27    -51.58    -13.33     9    -3.7     221     0   0   0   0      27.151   -91.083
0321  160.10   957.0     23.99     95.0     214    75    52.60    -50.78    -13.75     9    -3.6     214     0   0   0   0      27.151   -91.083
0322  160.60   957.7     24.03     95.1     207    74    51.96    -49.99    -14.17     9    -3.5     207     0   0   0   0      27.151   -91.084
0323  161.10   958.5     24.07     95.2     200    74    51.36    -49.26    -14.54     9    -3.5     200     0   0   0   0      27.151   -91.084
0324  161.60   959.2     24.11     95.2     193    73    50.82    -48.61    -14.83     9    -3.4     193     0   0   0   0      27.151   -91.084
0325  162.10   959.9     24.16     95.1     187    73    50.35    -48.06    -15.02     9    -3.4     187     0   0   0   0      27.151   -91.084
0326  162.60   960.6     24.20     95.0     180    72    49.98    -47.63    -15.13     9    -3.5     180     0   0   0   0      27.151   -91.085
0327  163.10   961.4     24.25     94.8     173    72    49.69    -47.32    -15.17     9    -3.6     173     0   0   0   0      27.151   -91.085
0328  163.60   962.1     24.31     94.7     167    72    49.49    -47.10    -15.18     9    -3.7     167     0   0   0   0      27.151   -91.085
0329  164.10   962.9     24.36     94.5     160  -999  -999.00   -999.00   -999.00     0    -3.8     160     0   0   0   0    -999.000  -999.000
0330  164.60   963.6     24.42     94.3     153    72    49.31    -46.91    -15.18     9    -3.9     153     0   0   0   0      27.151   -91.086
0331  165.10   964.4     24.48     94.1     146    72    49.31    -46.90    -15.23     8    -4.1     146     0   0   0   0      27.151   -91.086
0332  165.60   965.2     24.54     94.0     139    72    49.38    -46.94    -15.33     8    -4.2     139     0   0   0   0      27.150   -91.086
0333  166.10   966.0     24.60     93.9     131    72    49.50    -47.01    -15.48     9    -4.4     131     0   0   0   0      27.150   -91.086
0334  166.60   966.8     24.66     93.7     124    72    49.66    -47.12    -15.67     9    -4.5     124     0   0   0   0      27.150   -91.087
0335  167.10   967.6     24.72     93.6     117  -999  -999.00   -999.00   -999.00     0    -4.6     117     0   0   0   0    -999.000  -999.000
0336  167.60  -999.0   -999.00   -999.0    -999    71    50.05    -47.38    -16.12     9  -999.0    -999     0   0   0   0      27.150   -91.087
0337  168.10   969.2     24.85     93.5     102    71    50.26    -47.52    -16.35     9    -4.8     102     0   0   0   0      27.150   -91.087
0338  168.60   970.0     24.91     93.4      95    71    50.44    -47.65    -16.57     9    -4.8      95     0   0   0   0      27.150   -91.087
0339  169.10   970.8     24.98     93.4      87    71    50.60    -47.74    -16.76     9    -4.7      87     0   0   0   0      27.150   -91.088
0340  169.60   971.6     25.05     93.4      80    70    50.70    -47.79    -16.93     8    -4.6      80     0   0   0   0      27.150   -91.088
0341  170.10   972.5     25.12     93.4      72    70    50.71    -47.75    -17.06     8    -4.4      72     0   0   0   0      27.150   -91.088
0342  170.60   973.3     25.19     93.6      65    70    50.62    -47.62    -17.14     9    -4.1      65     0   0   0   0      27.150   -91.088
0343  171.10   974.0     25.26     93.8      58    70    50.39    -47.38    -17.18     9    -3.8      58     0   0   0   0      27.150   -91.089
0344  171.60   974.8     25.33     94.0      51    70    50.08    -47.04    -17.17     7    -3.4      51     0   0   0   0      27.150   -91.089
0345  172.10   975.6     25.40     94.3      44    70    49.60    -46.55    -17.10     7    -3.0      44     0   0   0   0      27.150   -91.089
0346  172.60   976.3     25.46     94.6      38    70    48.96    -45.93    -16.98     6    -2.6      38     0   0   0   0      27.149   -91.089
0347  173.10   976.9     25.52     94.8      32  -999  -999.00   -999.00   -999.00     0    -2.2      32     0   0   0   0    -999.000  -999.000
0348  173.60   977.6     25.58     95.1      26  -999  -999.00   -999.00   -999.00     6    -1.9      26     0   0   0   0      27.149   -91.090
0349  174.10   978.2     25.63     95.3      20  -999  -999.00   -999.00   -999.00     6    -1.6      20     0   0   0   0      27.149   -91.090
0350  174.60   978.7     25.67     95.5      15  -999  -999.00   -999.00   -999.00     7    -1.5      15     0   0   0   0      27.149   -91.090
0351  175.10   979.2     25.70     95.7      11    68    43.92    -40.79    -16.28     9    -1.4      11     0   0   0   0      27.149   -91.090
0352  175.60  -999.0     25.73   -999.0    -999  -999  -999.00   -999.00   -999.00     0  -999.0    -999     0   0   0   0    -999.000  -999.000
0353  176.14   980.4     25.73     95.8       0  -999  -999.00   -999.00   -999.00  -999  -999.0       0     0   0   0   0    -999.000  -999.000
