 ===========================================================================
 DROPWINDSONDE PROCESSING RECORD                            Sonde: 042115162
 FRD file written by Aspen V3.4.8, 05 Jul 2023 15:59 UTC
 Aircraft: Lockheed WP-3D, N43RF             Date: 050705   Time: 220452 UTC
 ---------------------------------------------------------------------------
 Bias corrections:  PR =   0.0 mb  TE =   0.0 C  RH =   0.0 %  PRB =  0.0 mb
 Filters (LPF):     PTH = 
 Dyn RH correction = 
 Estimated PR used = 
 Dyn T correction  = 
 ---------------------------------------------------------------------------
 COMMENT: none, Good Drop
 ===========================================================================

 ===========================================================================
 Date: 050705   Lat:  14.49 N   TA:    7.1 C   PS:  654.3 mb   WD:    78 deg
 Time: 220452   Lon:  68.08 W   TD:    7.1 C   GA:   3661 m    WS:   8.1 m/s
 SID:  042115162                RH:  101.4 %   Navaid:   GP
 ===========================================================================

IX      t (s)  P (mb)    T (C)    RH (%)  Z (m)   WD    WS (m/s)   U (m/s)   V (m/s)  NS  WZ (m/s)  ZW (m)   FP  FT  FH  FW    LAT (N)   LON (E)
0001    0.48  -999.0   -999.00   -999.0    -999  -999  -999.00   -999.00   -999.00  -999  -999.0    -999     0   0   0   0    -999.000  -999.000
0002    0.98  -999.0   -999.00   -999.0    -999  -999  -999.00   -999.00   -999.00  -999  -999.0    -999     0   0   0   0    -999.000  -999.000
0003    1.48  -999.0   -999.00   -999.0    -999  -999  -999.00   -999.00   -999.00  -999  -999.0    -999     0   0   0   0    -999.000  -999.000
0004    1.98  -999.0   -999.00   -999.0    -999  -999  -999.00   -999.00   -999.00  -999  -999.0    -999     0   0   0   0    -999.000  -999.000
0005    2.48  -999.0   -999.00   -999.0    -999  -999  -999.00   -999.00   -999.00     0  -999.0    -999     0   0   0   0    -999.000  -999.000
0006    2.98  -999.0   -999.00   -999.0    -999  -999  -999.00   -999.00   -999.00     0  -999.0    -999     0   0   0   0    -999.000  -999.000
0007    3.48  -999.0   -999.00   -999.0    -999  -999  -999.00   -999.00   -999.00     0  -999.0    -999     0   0   0   0    -999.000  -999.000
0008    3.98  -999.0   -999.00   -999.0    -999  -999  -999.00   -999.00   -999.00     0  -999.0    -999     0   0   0   0    -999.000  -999.000
0009    4.48  -999.0   -999.00   -999.0    -999  -999  -999.00   -999.00   -999.00     0  -999.0    -999     0   0   0   0    -999.000  -999.000
0010    4.98  -999.0   -999.00   -999.0    -999  -999  -999.00   -999.00   -999.00     0  -999.0    -999     0   0   0   0    -999.000  -999.000
0011    5.48  -999.0   -999.00   -999.0    -999  -999  -999.00   -999.00   -999.00     0  -999.0    -999     0   0   0   0    -999.000  -999.000
0012    5.98  -999.0   -999.00   -999.0    -999  -999  -999.00   -999.00   -999.00     0  -999.0    -999     0   0   0   0    -999.000  -999.000
0013    6.48  -999.0   -999.00   -999.0    -999  -999  -999.00   -999.00   -999.00     0  -999.0    -999     0   0   0   0    -999.000  -999.000
0014    6.98  -999.0   -999.00   -999.0    -999  -999  -999.00   -999.00   -999.00     0  -999.0    -999     0   0   0   0    -999.000  -999.000
0015    7.48  -999.0   -999.00   -999.0    -999  -999  -999.00   -999.00   -999.00     0  -999.0    -999     0   0   0   0    -999.000  -999.000
0016    7.98  -999.0   -999.00   -999.0    -999  -999  -999.00   -999.00   -999.00     0  -999.0    -999     0   0   0   0    -999.000  -999.000
0017    8.48  -999.0   -999.00   -999.0    -999  -999  -999.00   -999.00   -999.00     0  -999.0    -999     0   0   0   0    -999.000  -999.000
0018    8.98  -999.0   -999.00   -999.0    -999  -999  -999.00   -999.00   -999.00     0  -999.0    -999     0   0   0   0    -999.000  -999.000
0019    9.48  -999.0   -999.00   -999.0    -999  -999  -999.00   -999.00   -999.00     0  -999.0    -999     0   0   0   0    -999.000  -999.000
0020    9.98  -999.0   -999.00   -999.0    -999  -999  -999.00   -999.00   -999.00     0  -999.0    -999     0   0   0   0    -999.000  -999.000
0021   10.48  -999.0   -999.00   -999.0    -999  -999  -999.00   -999.00   -999.00     0  -999.0    -999     0   0   0   0    -999.000  -999.000
0022   10.98  -999.0   -999.00   -999.0    -999  -999  -999.00   -999.00   -999.00     0  -999.0    -999     0   0   0   0    -999.000  -999.000
0023   11.48  -999.0   -999.00   -999.0    -999  -999  -999.00   -999.00   -999.00     0  -999.0    -999     0   0   0   0    -999.000  -999.000
0024   11.98  -999.0   -999.00   -999.0    -999  -999  -999.00   -999.00   -999.00     0  -999.0    -999     0   0   0   0    -999.000  -999.000
0025   12.48  -999.0   -999.00   -999.0    -999  -999  -999.00   -999.00   -999.00     0  -999.0    -999     0   0   0   0    -999.000  -999.000
0026   12.98  -999.0   -999.00   -999.0    -999  -999  -999.00   -999.00   -999.00     0  -999.0    -999     0   0   0   0    -999.000  -999.000
0027   13.48  -999.0   -999.00   -999.0    -999  -999  -999.00   -999.00   -999.00     0  -999.0    -999     0   0   0   0    -999.000  -999.000
0028   13.98  -999.0   -999.00   -999.0    -999  -999  -999.00   -999.00   -999.00     0  -999.0    -999     0   0   0   0    -999.000  -999.000
0029   14.48  -999.0   -999.00   -999.0    -999  -999  -999.00   -999.00   -999.00     0  -999.0    -999     0   0   0   0    -999.000  -999.000
0030   14.98   675.9      7.95   -999.0    3396  -999  -999.00   -999.00   -999.00     0    -2.5    3396     0   0   0   0    -999.000  -999.000
0031   15.48   676.5      7.98   -999.0    3389  -999  -999.00   -999.00   -999.00     0    -2.3    3389     0   0   0   0    -999.000  -999.000
0032   15.98   677.0      8.00   -999.0    3383  -999  -999.00   -999.00   -999.00     0    -2.1    3383     0   0   0   0    -999.000  -999.000
0033   16.48   677.6      8.03   -999.0    3376  -999  -999.00   -999.00   -999.00     0    -1.9    3376     0   0   0   0    -999.000  -999.000
0034   16.98   678.1      8.06   -999.0    3369  -999  -999.00   -999.00   -999.00     0    -1.7    3369     0   0   0   0    -999.000  -999.000
0035   17.48   678.7      8.08   -999.0    3362  -999  -999.00   -999.00   -999.00     0    -1.6    3362     0   0   0   0    -999.000  -999.000
0036   17.98   679.2      8.11   -999.0    3356  -999  -999.00   -999.00   -999.00     0    -1.5    3356     0   0   0   0    -999.000  -999.000
0037   18.48   679.7      8.14   -999.0    3349  -999  -999.00   -999.00   -999.00     0    -1.4    3349     0   0   0   0    -999.000  -999.000
0038   18.98   680.3      8.18   -999.0    3343  -999  -999.00   -999.00   -999.00     0    -1.3    3343     0   0   0   0    -999.000  -999.000
0039   19.48   680.8      8.21   -999.0    3336  -999  -999.00   -999.00   -999.00     0    -1.3    3336     0   0   0   0    -999.000  -999.000
0040   19.98   681.3      8.24   -999.0    3330  -999  -999.00   -999.00   -999.00     0    -1.3    3330     0   0   0   0    -999.000  -999.000
0041   20.48   681.9      8.27   -999.0    3323  -999  -999.00   -999.00   -999.00     0    -1.3    3323     0   0   0   0    -999.000  -999.000
0042   20.98   682.4      8.31   -999.0    3317  -999  -999.00   -999.00   -999.00     0    -1.3    3317     0   0   0   0    -999.000  -999.000
0043   21.48   682.9      8.34   -999.0    3311  -999  -999.00   -999.00   -999.00     0    -1.3    3311     0   0   0   0    -999.000  -999.000
0044   21.98   683.5      8.37   -999.0    3304  -999  -999.00   -999.00   -999.00     0    -1.3    3304     0   0   0   0    -999.000  -999.000
0045   22.48   684.0      8.41   -999.0    3298  -999  -999.00   -999.00   -999.00     0    -1.3    3298     0   0   0   0    -999.000  -999.000
0046   22.98   684.5      8.44   -999.0    3291  -999  -999.00   -999.00   -999.00     0    -1.3    3291     0   0   0   0    -999.000  -999.000
0047   23.48   685.1      8.47   -999.0    3285  -999  -999.00   -999.00   -999.00     4    -1.3    3285     0   0   0   0    -999.000  -999.000
0048   23.98   685.6      8.51   -999.0    3278  -999  -999.00   -999.00   -999.00     4    -1.3    3278     0   0   0   0    -999.000  -999.000
0049   24.48   686.1      8.54   -999.0    3272  -999  -999.00   -999.00   -999.00     4    -1.3    3272     0   0   0   0    -999.000  -999.000
0050   24.98   686.7      8.57   -999.0    3265  -999  -999.00   -999.00   -999.00     4    -1.3    3265     0   0   0   0    -999.000  -999.000
0051   25.48   687.2      8.61   -999.0    3259  -999  -999.00   -999.00   -999.00     4    -1.3    3259     0   0   0   0    -999.000  -999.000
0052   25.98   687.7      8.64   -999.0    3252  -999  -999.00   -999.00   -999.00     4    -1.4    3252     0   0   0   0    -999.000  -999.000
0053   26.48   688.3      8.68   -999.0    3246  -999  -999.00   -999.00   -999.00     4    -1.4    3246     0   0   0   0    -999.000  -999.000
0054   26.98   688.8      8.72   -999.0    3239  -999  -999.00   -999.00   -999.00     4    -1.4    3239     0   0   0   0    -999.000  -999.000
0055   27.48   689.3      8.76   -999.0    3233  -999  -999.00   -999.00   -999.00     4    -1.4    3233     0   0   0   0    -999.000  -999.000
0056   27.98   689.9      8.80   -999.0    3226  -999  -999.00   -999.00   -999.00     4    -1.4    3226     0   0   0   0    -999.000  -999.000
0057   28.48   690.4      8.84   -999.0    3220  -999  -999.00   -999.00   -999.00     4    -1.4    3220     0   0   0   0    -999.000  -999.000
0058   28.98   691.0      8.88   -999.0    3213  -999  -999.00   -999.00   -999.00     4    -1.4    3213     0   0   0   0    -999.000  -999.000
0059   29.48   691.5      8.93   -999.0    3207  -999  -999.00   -999.00   -999.00     4    -1.4    3207     0   0   0   0    -999.000  -999.000
0060   29.98   692.1      8.97   -999.0    3200  -999  -999.00   -999.00   -999.00     4    -1.5    3200     0   0   0   0    -999.000  -999.000
0061   30.48   692.6      9.02     90.2    3194  -999  -999.00   -999.00   -999.00     4    -1.5    3194     0   0   0   0    -999.000  -999.000
0062   30.98   693.1      9.06     90.0    3187  -999  -999.00   -999.00   -999.00     4    -1.5    3187     0   0   0   0    -999.000  -999.000
0063   31.48   693.7      9.10     89.8    3181  -999  -999.00   -999.00   -999.00     4    -1.5    3181     0   0   0   0    -999.000  -999.000
0064   31.98   694.2      9.15     89.6    3174  -999  -999.00   -999.00   -999.00     4    -1.5    3174     0   0   0   0    -999.000  -999.000
0065   32.48   694.8      9.19     89.4    3168  -999  -999.00   -999.00   -999.00     4    -1.5    3168     0   0   0   0    -999.000  -999.000
0066   32.98   695.3      9.23     89.2    3161  -999  -999.00   -999.00   -999.00     4    -1.5    3161     0   0   0   0    -999.000  -999.000
0067   33.48   695.9      9.27     89.0    3155  -999  -999.00   -999.00   -999.00     4    -1.5    3155     0   0   0   0    -999.000  -999.000
0068   33.98   696.4      9.31     88.8    3148  -999  -999.00   -999.00   -999.00     4    -1.6    3148     0   0   0   0    -999.000  -999.000
0069   34.48   697.0      9.35     88.7    3142  -999  -999.00   -999.00   -999.00     4    -1.6    3142     0   0   0   0    -999.000  -999.000
0070   34.98   697.5      9.39     88.6    3135  -999  -999.00   -999.00   -999.00     4    -1.6    3135     0   0   0   0    -999.000  -999.000
0071   35.48   698.1      9.43     88.5    3129  -999  -999.00   -999.00   -999.00     4    -1.6    3129     0   0   0   0    -999.000  -999.000
0072   35.98   698.6      9.48     88.5    3122  -999  -999.00   -999.00   -999.00     4    -1.6    3122     0   0   0   0    -999.000  -999.000
0073   36.48   699.2      9.52     88.4    3115  -999  -999.00   -999.00   -999.00     4    -1.6    3115     0   0   0   0    -999.000  -999.000
0074   36.98   699.7      9.56     88.4    3109  -999  -999.00   -999.00   -999.00     4    -1.6    3109     0   0   0   0    -999.000  -999.000
0075   37.48   700.3      9.60     88.3    3102  -999  -999.00   -999.00   -999.00     4    -1.6    3102     0   0   0   0    -999.000  -999.000
0076   37.98   700.8      9.64     88.2    3096  -999  -999.00   -999.00   -999.00     4    -1.6    3096     0   0   0   0    -999.000  -999.000
0077   38.48   701.4      9.68     88.1    3089  -999  -999.00   -999.00   -999.00     4    -1.6    3089     0   0   0   0    -999.000  -999.000
0078   38.98   701.9      9.72     88.1    3082  -999  -999.00   -999.00   -999.00     4    -1.6    3082     0   0   0   0    -999.000  -999.000
0079   39.48   702.5      9.77     88.0    3076  -999  -999.00   -999.00   -999.00     4    -1.6    3076     0   0   0   0    -999.000  -999.000
0080   39.98  -999.0   -999.00   -999.0    -999  -999  -999.00   -999.00   -999.00     4  -999.0    -999     0   0   0   0    -999.000  -999.000
0081   40.48   703.6      9.85     88.0    3063  -999  -999.00   -999.00   -999.00     4    -1.5    3063     0   0   0   0    -999.000  -999.000
0082   40.98   704.1      9.88     88.1    3056  -999  -999.00   -999.00   -999.00     4    -1.4    3056     0   0   0   0    -999.000  -999.000
0083   41.48   704.7      9.92     88.2    3050  -999  -999.00   -999.00   -999.00     4    -1.4    3050     0   0   0   0    -999.000  -999.000
0084   41.98   705.2      9.95     88.3    3044  -999  -999.00   -999.00   -999.00     4    -1.4    3044     0   0   0   0    -999.000  -999.000
0085   42.48   705.8      9.98     88.4    3037  -999  -999.00   -999.00   -999.00     4    -1.4    3037     0   0   0   0    -999.000  -999.000
0086   42.98   706.3     10.01     88.5    3031  -999  -999.00   -999.00   -999.00     4    -1.4    3031     0   0   0   0    -999.000  -999.000
0087   43.48   706.8     10.04     88.6    3024  -999  -999.00   -999.00   -999.00     4    -1.4    3024     0   0   0   0    -999.000  -999.000
0088   43.98   707.4     10.06     88.7    3018  -999  -999.00   -999.00   -999.00     5    -1.4    3018     0   0   0   0    -999.000  -999.000
0089   44.48   707.9     10.08     88.7    3012  -999  -999.00   -999.00   -999.00     5    -1.5    3012     0   0   0   0    -999.000  -999.000
0090   44.98   708.5     10.10     88.8    3005  -999  -999.00   -999.00   -999.00     5    -1.5    3005     0   0   0   0    -999.000  -999.000
0091   45.48   709.0     10.12     88.8    2999  -999  -999.00   -999.00   -999.00     5    -1.5    2999     0   0   0   0    -999.000  -999.000
0092   45.98   709.6     10.14     88.8    2992  -999  -999.00   -999.00   -999.00     5    -1.6    2992     0   0   0   0    -999.000  -999.000
0093   46.48   710.1     10.16     88.8    2986  -999  -999.00   -999.00   -999.00     5    -1.6    2986     0   0   0   0    -999.000  -999.000
0094   46.98   710.7     10.18     88.8    2979  -999  -999.00   -999.00   -999.00     5    -1.7    2979     0   0   0   0    -999.000  -999.000
0095   47.48   711.3     10.20     88.9    2972  -999  -999.00   -999.00   -999.00     5    -1.7    2972     0   0   0   0    -999.000  -999.000
0096   47.98   711.8     10.23     88.9    2966  -999  -999.00   -999.00   -999.00     5    -1.7    2966     0   0   0   0    -999.000  -999.000
0097   48.48   712.4     10.26     88.9    2959  -999  -999.00   -999.00   -999.00     5    -1.7    2959     0   0   0   0    -999.000  -999.000
0098   48.98   712.9     10.29     88.9    2953  -999  -999.00   -999.00   -999.00     5    -1.7    2953     0   0   0   0    -999.000  -999.000
0099   49.48   713.5     10.32     88.8    2946  -999  -999.00   -999.00   -999.00     5    -1.7    2946     0   0   0   0    -999.000  -999.000
0100   49.98   714.1     10.36     88.8    2940  -999  -999.00   -999.00   -999.00     5    -1.7    2940     0   0   0   0    -999.000  -999.000
0101   50.48   714.6     10.39     88.7    2933  -999  -999.00   -999.00   -999.00     5    -1.7    2933     0   0   0   0    -999.000  -999.000
0102   50.98   715.2     10.43     88.6    2927  -999  -999.00   -999.00   -999.00     5    -1.6    2927     0   0   0   0    -999.000  -999.000
0103   51.48   715.7     10.47     88.5    2920  -999  -999.00   -999.00   -999.00     5    -1.6    2920     0   0   0   0    -999.000  -999.000
0104   51.98   716.3     10.51     88.4    2913  -999  -999.00   -999.00   -999.00     5    -1.6    2913     0   0   0   0    -999.000  -999.000
0105   52.48   716.9     10.55     88.3    2907  -999  -999.00   -999.00   -999.00     5    -1.5    2907     0   0   0   0    -999.000  -999.000
0106   52.98   717.4     10.60     88.2    2901  -999  -999.00   -999.00   -999.00     5    -1.5    2901     0   0   0   0    -999.000  -999.000
0107   53.48   718.0     10.64     88.1    2894  -999  -999.00   -999.00   -999.00     5    -1.4    2894     0   0   0   0    -999.000  -999.000
0108   53.98   718.5     10.69     87.9    2888  -999  -999.00   -999.00   -999.00     5    -1.4    2888     0   0   0   0    -999.000  -999.000
0109   54.48   719.1     10.74     87.8    2881  -999  -999.00   -999.00   -999.00     5    -1.4    2881     0   0   0   0    -999.000  -999.000
0110   54.98   719.6     10.78     87.7    2875  -999  -999.00   -999.00   -999.00     5    -1.4    2875     0   0   0   0    -999.000  -999.000
0111   55.48   720.2     10.83     87.6    2869  -999  -999.00   -999.00   -999.00     5    -1.4    2869     0   0   0   0    -999.000  -999.000
0112   55.98   720.7     10.88     87.4    2862  -999  -999.00   -999.00   -999.00     5    -1.4    2862     0   0   0   0    -999.000  -999.000
0113   56.48   721.3     10.92     87.3    2856  -999  -999.00   -999.00   -999.00     5    -1.4    2856     0   0   0   0    -999.000  -999.000
0114   56.98   721.8     10.96     87.2    2850  -999  -999.00   -999.00   -999.00     5    -1.4    2850     0   0   0   0    -999.000  -999.000
0115   57.48   722.4     11.00     87.1    2843  -999  -999.00   -999.00   -999.00     5    -1.4    2843     0   0   0   0    -999.000  -999.000
0116   57.98   722.9     11.04     87.0    2837  -999  -999.00   -999.00   -999.00     5    -1.4    2837     0   0   0   0    -999.000  -999.000
0117   58.48   723.5     11.08     86.9    2830  -999  -999.00   -999.00   -999.00     5    -1.4    2830     0   0   0   0    -999.000  -999.000
0118   58.98   724.0     11.11     86.8    2824  -999  -999.00   -999.00   -999.00     5    -1.4    2824     0   0   0   0    -999.000  -999.000
0119   59.48   724.6     11.15     86.7    2818  -999  -999.00   -999.00   -999.00     5    -1.4    2818     0   0   0   0    -999.000  -999.000
0120   59.98   725.1     11.18     86.5    2811  -999  -999.00   -999.00   -999.00     5    -1.4    2811     0   0   0   0    -999.000  -999.000
0121   60.48   725.7     11.21     86.4    2805  -999  -999.00   -999.00   -999.00     5    -1.4    2805     0   0   0   0    -999.000  -999.000
0122   60.98   726.2     11.24     86.2    2798  -999  -999.00   -999.00   -999.00     5    -1.4    2798     0   0   0   0    -999.000  -999.000
0123   61.48   726.8     11.27     86.0    2792  -999  -999.00   -999.00   -999.00     5    -1.4    2792     0   0   0   0    -999.000  -999.000
0124   61.98   727.3     11.30     85.8    2786  -999  -999.00   -999.00   -999.00     5    -1.4    2786     0   0   0   0    -999.000  -999.000
0125   62.48   727.9     11.33     85.6    2779  -999  -999.00   -999.00   -999.00     5    -1.4    2779     0   0   0   0    -999.000  -999.000
0126   62.98   728.4     11.35     85.3    2773  -999  -999.00   -999.00   -999.00     5    -1.4    2773     0   0   0   0    -999.000  -999.000
0127   63.48   729.0     11.38     85.2    2767  -999  -999.00   -999.00   -999.00     5    -1.4    2767     0   0   0   0    -999.000  -999.000
0128   63.98   729.5     11.41     85.0    2760  -999  -999.00   -999.00   -999.00     5    -1.4    2760     0   0   0   0    -999.000  -999.000
0129   64.48   730.1     11.43     84.9    2754  -999  -999.00   -999.00   -999.00     5    -1.4    2754     0   0   0   0    -999.000  -999.000
0130   64.98   730.6     11.46     84.9    2748  -999  -999.00   -999.00   -999.00     5    -1.3    2748     0   0   0   0    -999.000  -999.000
0131   65.48   731.2     11.49     84.9    2741  -999  -999.00   -999.00   -999.00     5    -1.3    2741     0   0   0   0    -999.000  -999.000
0132   65.98   731.7     11.51     84.9    2735  -999  -999.00   -999.00   -999.00     5    -1.3    2735     0   0   0   0    -999.000  -999.000
0133   66.48   732.3     11.53     84.9    2729  -999  -999.00   -999.00   -999.00     5    -1.2    2729     0   0   0   0    -999.000  -999.000
0134   66.98   732.8     11.56     85.0    2722  -999  -999.00   -999.00   -999.00     5    -1.2    2722     0   0   0   0    -999.000  -999.000
0135   67.48   733.4     11.59     85.0    2716  -999  -999.00   -999.00   -999.00     5    -1.2    2716     0   0   0   0    -999.000  -999.000
0136   67.98   733.9     11.61     85.0    2710  -999  -999.00   -999.00   -999.00     5    -1.2    2710     0   0   0   0    -999.000  -999.000
0137   68.48   734.5     11.64     85.0    2704  -999  -999.00   -999.00   -999.00     5    -1.2    2704     0   0   0   0    -999.000  -999.000
0138   68.98   735.0     11.68     85.0    2698  -999  -999.00   -999.00   -999.00     5    -1.2    2698     0   0   0   0    -999.000  -999.000
0139   69.48   735.6     11.71     84.9    2691  -999  -999.00   -999.00   -999.00     5    -1.2    2691     0   0   0   0    -999.000  -999.000
0140   69.98   736.1     11.75     84.8    2685  -999  -999.00   -999.00   -999.00     5    -1.2    2685     0   0   0   0    -999.000  -999.000
0141   70.48   736.7     11.79     84.7    2679  -999  -999.00   -999.00   -999.00     5    -1.2    2679     0   0   0   0    -999.000  -999.000
0142   70.98   737.2     11.83     84.6    2673  -999  -999.00   -999.00   -999.00     5    -1.2    2673     0   0   0   0    -999.000  -999.000
0143   71.48   737.7     11.87     84.6    2666  -999  -999.00   -999.00   -999.00     5    -1.2    2666     0   0   0   0    -999.000  -999.000
0144   71.98   738.3     11.92     84.5    2660  -999  -999.00   -999.00   -999.00     5    -1.2    2660     0   0   0   0    -999.000  -999.000
0145   72.48   738.8     11.96     84.4    2654  -999  -999.00   -999.00   -999.00     5    -1.3    2654     0   0   0   0    -999.000  -999.000
0146   72.98   739.4     12.01     84.3    2648  -999  -999.00   -999.00   -999.00     5    -1.3    2648     0   0   0   0    -999.000  -999.000
0147   73.48   739.9     12.06     84.3    2641  -999  -999.00   -999.00   -999.00     5    -1.3    2641     0   0   0   0    -999.000  -999.000
0148   73.98   740.5     12.11     84.2    2635  -999  -999.00   -999.00   -999.00     5    -1.3    2635     0   0   0   0    -999.000  -999.000
0149   74.48   741.1     12.16     84.1    2629  -999  -999.00   -999.00   -999.00     5    -1.3    2629     0   0   0   0    -999.000  -999.000
0150   74.98   741.6     12.21     84.0    2623  -999  -999.00   -999.00   -999.00  -999    -1.3    2623     0   0   0   0    -999.000  -999.000
0151   75.48   742.2     12.26     83.9    2616  -999  -999.00   -999.00   -999.00     5    -1.3    2616     0   0   0   0    -999.000  -999.000
0152   75.98   742.7     12.31     83.7    2610  -999  -999.00   -999.00   -999.00     5    -1.3    2610     0   0   0   0    -999.000  -999.000
0153   76.48   743.3     12.36     83.6    2604  -999  -999.00   -999.00   -999.00     5    -1.2    2604     0   0   0   0    -999.000  -999.000
0154   76.98  -999.0   -999.00   -999.0    -999  -999  -999.00   -999.00   -999.00     5  -999.0    -999     0   0   0   0    -999.000  -999.000
0155   77.48  -999.0   -999.00   -999.0    -999  -999  -999.00   -999.00   -999.00     5  -999.0    -999     0   0   0   0    -999.000  -999.000
0156   77.98   744.9     12.50     83.1    2585  -999  -999.00   -999.00   -999.00     5    -1.2    2585     0   0   0   0    -999.000  -999.000
0157   78.48   745.5     12.55     82.9    2579  -999  -999.00   -999.00   -999.00     5    -1.2    2579     0   0   0   0    -999.000  -999.000
0158   78.98   746.0     12.60     82.7    2573  -999  -999.00   -999.00   -999.00     5    -1.2    2573     0   0   0   0    -999.000  -999.000
0159   79.48   746.6     12.64     82.4    2567  -999  -999.00   -999.00   -999.00     5    -1.3    2567     0   0   0   0    -999.000  -999.000
0160   79.98   747.1     12.69     82.2    2560  -999  -999.00   -999.00   -999.00     5    -1.3    2560     0   0   0   0    -999.000  -999.000
0161   80.48   747.7     12.74     82.0    2554  -999  -999.00   -999.00   -999.00     5    -1.3    2554     0   0   0   0    -999.000  -999.000
0162   80.98   748.2     12.78     81.8    2548  -999  -999.00   -999.00   -999.00     5    -1.4    2548     0   0   0   0    -999.000  -999.000
0163   81.48   748.8     12.83     81.6    2542  -999  -999.00   -999.00   -999.00     5    -1.4    2542     0   0   0   0    -999.000  -999.000
0164   81.98   749.4     12.88     81.5    2535  -999  -999.00   -999.00   -999.00     5    -1.5    2535     0   0   0   0    -999.000  -999.000
0165   82.48  -999.0   -999.00   -999.0    -999  -999  -999.00   -999.00   -999.00  -999  -999.0    -999     0   0   0   0    -999.000  -999.000
0166   82.98   750.5     12.97     81.1    2522  -999  -999.00   -999.00   -999.00  -999    -1.5    2522     0   0   0   0    -999.000  -999.000
0167   83.48   751.1     13.02     80.9    2516  -999  -999.00   -999.00   -999.00     5    -1.5    2516     0   0   0   0    -999.000  -999.000
0168   83.98   751.6     13.07     80.8    2510  -999  -999.00   -999.00   -999.00     5    -1.5    2510     0   0   0   0    -999.000  -999.000
0169   84.48   752.2     13.11     80.6    2503  -999  -999.00   -999.00   -999.00     5    -1.5    2503     0   0   0   0    -999.000  -999.000
0170   84.98   752.7     13.15     80.5    2497  -999  -999.00   -999.00   -999.00     5    -1.5    2497     0   0   0   0    -999.000  -999.000
0171   85.48   753.3     13.20     80.3    2491  -999  -999.00   -999.00   -999.00     5    -1.4    2491     0   0   0   0    -999.000  -999.000
0172   85.98   753.9     13.24     80.2    2485  -999  -999.00   -999.00   -999.00     5    -1.4    2485     0   0   0   0    -999.000  -999.000
0173   86.48   754.4     13.28     80.1    2478  -999  -999.00   -999.00   -999.00     5    -1.4    2478     0   0   0   0    -999.000  -999.000
0174   86.98   755.0     13.32     79.9    2472  -999  -999.00   -999.00   -999.00     5    -1.4    2472     0   0   0   0    -999.000  -999.000
0175   87.48   755.5     13.36     79.8    2466  -999  -999.00   -999.00   -999.00     5    -1.4    2466     0   0   0   0    -999.000  -999.000
0176   87.98   756.1     13.41     79.6    2460  -999  -999.00   -999.00   -999.00     5    -1.3    2460     0   0   0   0    -999.000  -999.000
0177   88.48   756.7     13.45     79.5    2453  -999  -999.00   -999.00   -999.00     5    -1.3    2453     0   0   0   0    -999.000  -999.000
0178   88.98   757.2     13.49     79.3    2447  -999  -999.00   -999.00   -999.00     4    -1.3    2447     0   0   0   0    -999.000  -999.000
0179   89.48   757.8     13.53     79.0    2441  -999  -999.00   -999.00   -999.00     5    -1.3    2441     0   0   0   0    -999.000  -999.000
0180   89.98   758.3     13.57     78.8    2435  -999  -999.00   -999.00   -999.00     5    -1.3    2435     0   0   0   0    -999.000  -999.000
0181   90.48   758.9     13.60     78.5    2428  -999  -999.00   -999.00   -999.00     5    -1.3    2428     0   0   0   0    -999.000  -999.000
0182   90.98   759.5     13.64     78.2    2422  -999  -999.00   -999.00   -999.00     5    -1.3    2422     0   0   0   0    -999.000  -999.000
0183   91.48   760.0     13.67     78.0    2416  -999  -999.00   -999.00   -999.00     5    -1.3    2416     0   0   0   0    -999.000  -999.000
0184   91.98   760.6     13.71     77.7    2410  -999  -999.00   -999.00   -999.00     5    -1.3    2410     0   0   0   0    -999.000  -999.000
0185   92.48   761.1     13.74     77.5    2404  -999  -999.00   -999.00   -999.00     5    -1.2    2404     0   0   0   0    -999.000  -999.000
0186   92.98  -999.0   -999.00   -999.0    -999  -999  -999.00   -999.00   -999.00     5  -999.0    -999     0   0   0   0    -999.000  -999.000
0187   93.48   762.2     13.82     77.1    2391  -999  -999.00   -999.00   -999.00  -999    -1.2    2391     0   0   0   0    -999.000  -999.000
0188   93.98   762.8     13.86     76.9    2385  -999  -999.00   -999.00   -999.00     5    -1.2    2385     0   0   0   0    -999.000  -999.000
0189   94.48   763.4     13.90     76.8    2379  -999  -999.00   -999.00   -999.00  -999    -1.2    2379     0   0   0   0    -999.000  -999.000
0190   94.98   763.9     13.94     76.7    2373  -999  -999.00   -999.00   -999.00  -999    -1.3    2373     0   0   0   0    -999.000  -999.000
0191   95.48   764.5     13.98     76.6    2367  -999  -999.00   -999.00   -999.00     5    -1.3    2367     0   0   0   0    -999.000  -999.000
0192   95.98   765.0     14.02     76.6    2360  -999  -999.00   -999.00   -999.00     5    -1.3    2360     0   0   0   0    -999.000  -999.000
0193   96.48   765.6     14.06     76.6    2354  -999  -999.00   -999.00   -999.00     5    -1.3    2354     0   0   0   0    -999.000  -999.000
0194   96.98   766.2     14.10     76.6    2348  -999  -999.00   -999.00   -999.00     5    -1.2    2348     0   0   0   0    -999.000  -999.000
0195   97.48   766.7     14.14     76.6    2342  -999  -999.00   -999.00   -999.00     5    -1.2    2342     0   0   0   0    -999.000  -999.000
0196   97.98   767.3     14.19     76.7    2336  -999  -999.00   -999.00   -999.00     5    -1.2    2336     0   0   0   0    -999.000  -999.000
0197   98.48   767.8     14.23     76.7    2330  -999  -999.00   -999.00   -999.00     5    -1.2    2330     0   0   0   0    -999.000  -999.000
0198   98.98   768.4     14.27     76.7    2323  -999  -999.00   -999.00   -999.00     5    -1.2    2323     0   0   0   0    -999.000  -999.000
0199   99.48   768.9     14.32     76.7    2317  -999  -999.00   -999.00   -999.00     5    -1.2    2317     0   0   0   0    -999.000  -999.000
0200   99.98   769.5     14.36     76.7    2311  -999  -999.00   -999.00   -999.00     5    -1.2    2311     0   0   0   0    -999.000  -999.000
0201  100.48   770.1     14.41     76.6    2305  -999  -999.00   -999.00   -999.00     5    -1.2    2305     0   0   0   0    -999.000  -999.000
0202  100.98   770.6     14.45     76.6    2299  -999  -999.00   -999.00   -999.00     5    -1.2    2299     0   0   0   0    -999.000  -999.000
0203  101.48   771.2     14.50     76.6    2293  -999  -999.00   -999.00   -999.00     5    -1.2    2293     0   0   0   0    -999.000  -999.000
0204  101.98   771.7     14.54     76.5    2287  -999  -999.00   -999.00   -999.00     5    -1.3    2287     0   0   0   0    -999.000  -999.000
0205  102.48   772.3     14.59     76.5    2280  -999  -999.00   -999.00   -999.00     5    -1.3    2280     0   0   0   0    -999.000  -999.000
0206  102.98   772.9     14.63     76.5    2274  -999  -999.00   -999.00   -999.00     5    -1.3    2274     0   0   0   0    -999.000  -999.000
0207  103.48   773.4     14.67     76.5    2268  -999  -999.00   -999.00   -999.00     5    -1.3    2268     0   0   0   0    -999.000  -999.000
0208  103.98   774.0     14.72     76.6    2262  -999  -999.00   -999.00   -999.00     5    -1.3    2262     0   0   0   0    -999.000  -999.000
0209  104.48   774.6     14.76     76.7    2256  -999  -999.00   -999.00   -999.00     5    -1.3    2256     0   0   0   0    -999.000  -999.000
0210  104.98   775.1     14.80     76.8    2249  -999  -999.00   -999.00   -999.00     5    -1.3    2249     0   0   0   0    -999.000  -999.000
0211  105.48   775.7     14.84     76.9    2243  -999  -999.00   -999.00   -999.00     5    -1.3    2243     0   0   0   0    -999.000  -999.000
0212  105.98   776.2     14.87     77.0    2237  -999  -999.00   -999.00   -999.00     5    -1.2    2237     0   0   0   0    -999.000  -999.000
0213  106.48   776.8     14.91     77.1    2231  -999  -999.00   -999.00   -999.00     5    -1.2    2231     0   0   0   0    -999.000  -999.000
0214  106.98   777.4     14.93     77.1    2225  -999  -999.00   -999.00   -999.00     5    -1.2    2225     0   0   0   0    -999.000  -999.000
0215  107.48   777.9     14.96     77.3    2219  -999  -999.00   -999.00   -999.00     5    -1.2    2219     0   0   0   0    -999.000  -999.000
0216  107.98   778.5     14.98     77.4    2213  -999  -999.00   -999.00   -999.00     5    -1.2    2213     0   0   0   0    -999.000  -999.000
0217  108.48   779.0     15.00     77.5    2207  -999  -999.00   -999.00   -999.00     5    -1.2    2207     0   0   0   0    -999.000  -999.000
0218  108.98   779.6     15.01     77.7    2201  -999  -999.00   -999.00   -999.00     5    -1.2    2201     0   0   0   0    -999.000  -999.000
0219  109.48   780.2     15.02     77.8    2194  -999  -999.00   -999.00   -999.00     5    -1.3    2194     0   0   0   0    -999.000  -999.000
0220  109.98   780.7     15.03     78.0    2188  -999  -999.00   -999.00   -999.00     5    -1.3    2188     0   0   0   0    -999.000  -999.000
0221  110.48   781.3     15.04     78.2    2182  -999  -999.00   -999.00   -999.00     5    -1.3    2182     0   0   0   0    -999.000  -999.000
0222  110.98   781.9     15.05     78.4    2176  -999  -999.00   -999.00   -999.00  -999    -1.2    2176     0   0   0   0    -999.000  -999.000
0223  111.48  -999.0   -999.00   -999.0    -999  -999  -999.00   -999.00   -999.00     5  -999.0    -999     0   0   0   0    -999.000  -999.000
0224  111.98   783.0     15.07     78.7    2164  -999  -999.00   -999.00   -999.00     5    -1.2    2164     0   0   0   0    -999.000  -999.000
0225  112.48   783.5     15.08     78.8    2158  -999  -999.00   -999.00   -999.00  -999    -1.2    2158     0   0   0   0    -999.000  -999.000
0226  112.98   784.1     15.10     78.9    2152  -999  -999.00   -999.00   -999.00     5    -1.2    2152     0   0   0   0    -999.000  -999.000
0227  113.48   784.7     15.12     78.9    2146  -999  -999.00   -999.00   -999.00     5    -1.1    2146     0   0   0   0    -999.000  -999.000
0228  113.98   785.2     15.14     78.9    2139  -999  -999.00   -999.00   -999.00     5    -1.1    2139     0   0   0   0    -999.000  -999.000
0229  114.48   785.8     15.17     79.0    2133  -999  -999.00   -999.00   -999.00     5    -1.1    2133     0   0   0   0    -999.000  -999.000
0230  114.98   786.3     15.19     79.0    2127  -999  -999.00   -999.00   -999.00     5    -1.0    2127     0   0   0   0    -999.000  -999.000
0231  115.48   786.9     15.22     78.9    2121  -999  -999.00   -999.00   -999.00  -999    -1.0    2121     0   0   0   0    -999.000  -999.000
0232  115.98   787.4     15.25     78.8    2115  -999  -999.00   -999.00   -999.00  -999    -1.0    2115     0   0   0   0    -999.000  -999.000
0233  116.48   788.0     15.29     78.7    2109  -999  -999.00   -999.00   -999.00     5    -1.0    2109     0   0   0   0    -999.000  -999.000
0234  116.98   788.6     15.32     78.5    2103  -999  -999.00   -999.00   -999.00     5    -1.0    2103     0   0   0   0    -999.000  -999.000
0235  117.48   789.1     15.36     78.2    2098  -999  -999.00   -999.00   -999.00     5    -1.0    2098     0   0   0   0    -999.000  -999.000
0236  117.98   789.7     15.39     78.0    2092  -999  -999.00   -999.00   -999.00     5    -1.0    2092     0   0   0   0    -999.000  -999.000
0237  118.48   790.2     15.42     77.7    2086  -999  -999.00   -999.00   -999.00     5    -1.0    2086     0   0   0   0    -999.000  -999.000
0238  118.98   790.8     15.46     77.4    2080  -999  -999.00   -999.00   -999.00     5    -1.0    2080     0   0   0   0    -999.000  -999.000
0239  119.48   791.3     15.49     77.1    2074  -999  -999.00   -999.00   -999.00     5    -1.1    2074     0   0   0   0    -999.000  -999.000
0240  119.98   791.9     15.51     76.8    2068  -999  -999.00   -999.00   -999.00     5    -1.1    2068     0   0   0   0    -999.000  -999.000
0241  120.48   792.4     15.54     76.5    2062  -999  -999.00   -999.00   -999.00  -999    -1.1    2062     0   0   0   0    -999.000  -999.000
0242  120.98   793.0     15.56     76.3    2056  -999  -999.00   -999.00   -999.00     5    -1.1    2056     0   0   0   0    -999.000  -999.000
0243  121.48   793.6     15.58     76.2    2050  -999  -999.00   -999.00   -999.00  -999    -1.2    2050     0   0   0   0    -999.000  -999.000
0244  121.98   794.1     15.60     76.1    2044  -999  -999.00   -999.00   -999.00     5    -1.2    2044     0   0   0   0    -999.000  -999.000
0245  122.48   794.7     15.62     76.2    2037  -999  -999.00   -999.00   -999.00     5    -1.2    2037     0   0   0   0    -999.000  -999.000
0246  122.98   795.3     15.64     76.3    2031  -999  -999.00   -999.00   -999.00     5    -1.2    2031     0   0   0   0    -999.000  -999.000
0247  123.48   795.8     15.66     76.5    2025  -999  -999.00   -999.00   -999.00     5    -1.2    2025     0   0   0   0    -999.000  -999.000
0248  123.98   796.4     15.67     76.8    2019    96     8.21     -8.17      0.82     6    -1.2    2019     0   0   0   0      14.491   -68.094
0249  124.48   797.0     15.69     77.1    2013    96     8.21     -8.17      0.87     6    -1.3    2013     0   0   0   0      14.491   -68.094
0250  124.98   797.5     15.70     77.3    2007    96     8.22     -8.17      0.91     6    -1.3    2007     0   0   0   0      14.491   -68.094
0251  125.48   798.1     15.72     77.5    2001    97     8.23     -8.17      0.96     6    -1.3    2001     0   0   0   0      14.491   -68.094
0252  125.98   798.7     15.73     77.5    1995    97     8.24     -8.18      1.01     6    -1.3    1995     0   0   0   0      14.491   -68.094
0253  126.48   799.3     15.74     77.5    1989    97     8.26     -8.19      1.06     6    -1.3    1989     0   0   0   0      14.491   -68.094
0254  126.98  -999.0   -999.00   -999.0    -999  -999  -999.00   -999.00   -999.00  -999  -999.0    -999     0   0   0   0    -999.000  -999.000
0255  127.48   800.4     15.78     77.4    1977    98     8.31     -8.23      1.17     6    -1.3    1977     0   0   0   0      14.491   -68.095
0256  127.98   801.0     15.80     77.4    1971    98     8.34     -8.25      1.22     6    -1.3    1971     0   0   0   0      14.491   -68.095
0257  128.48   801.5     15.82     77.3    1965    99     8.37     -8.27      1.27     6    -1.3    1965     0   0   0   0      14.491   -68.095
0258  128.98   802.1     15.84     77.4    1958    99     8.40     -8.29      1.33     6    -1.3    1958     0   0   0   0      14.491   -68.095
0259  129.48   802.7     15.86     77.4    1952    99     8.43     -8.31      1.38     6    -1.3    1952     0   0   0   0      14.491   -68.095
0260  129.98   803.3     15.88     77.6    1946   100     8.45     -8.33      1.43     6    -1.3    1946     0   0   0   0      14.491   -68.095
0261  130.48  -999.0   -999.00   -999.0    -999  -999  -999.00   -999.00   -999.00  -999  -999.0    -999     0   0   0   0    -999.000  -999.000
0262  130.98   804.4     15.93     77.9    1934   100     8.48     -8.35      1.52     6    -1.3    1934     0   0   0   0      14.491   -68.095
0263  131.48   805.0     15.96     78.1    1928   101     8.49     -8.35      1.56     6    -1.3    1928     0   0   0   0      14.491   -68.095
0264  131.98   805.6     15.98     78.4    1922   101     8.49     -8.34      1.60     6    -1.4    1922     0   0   0   0      14.491   -68.095
0265  132.48   806.1     16.01     78.6    1916   101     8.49     -8.33      1.63     6    -1.4    1916     0   0   0   0      14.491   -68.095
0266  132.98   806.7     16.03     78.9    1910   101     8.48     -8.32      1.67     6    -1.4    1910     0   0   0   0      14.491   -68.095
0267  133.48   807.3     16.06     79.1    1904   102     8.47     -8.30      1.71     6    -1.4    1904     0   0   0   0      14.491   -68.095
0268  133.98   807.9     16.09     79.3    1897   102     8.47     -8.28      1.76     6    -1.5    1897     0   0   0   0      14.491   -68.095
0269  134.48   808.5     16.11     79.5    1891   102     8.46     -8.26      1.82     6    -1.5    1891     0   0   0   0      14.491   -68.095
0270  134.98   809.0     16.14     79.7    1885   103     8.45     -8.24      1.87     6    -1.5    1885     0   0   0   0      14.491   -68.095
0271  135.48   809.6     16.17     79.9    1879  -999  -999.00   -999.00   -999.00  -999    -1.5    1879     0   0   0   0    -999.000  -999.000
0272  135.98  -999.0   -999.00   -999.0    -999   103     8.43     -8.20      1.95     6  -999.0    -999     0   0   0   0      14.491   -68.095
0273  136.48   810.8     16.23     80.3    1867   104     8.41     -8.18      1.97     6    -1.5    1867     0   0   0   0      14.491   -68.095
0274  136.98   811.4     16.26     80.5    1860   104     8.39     -8.16      1.97     6    -1.5    1860     0   0   0   0      14.491   -68.095
0275  137.48   812.0     16.29     80.7    1854   103     8.37     -8.15      1.94     6    -1.5    1854     0   0   0   0      14.491   -68.095
0276  137.98   812.6     16.32     80.9    1848   103     8.36     -8.14      1.90     6    -1.5    1848     0   0   0   0      14.491   -68.095
0277  138.48   813.1     16.35     81.2    1842   103     8.35     -8.14      1.84     6    -1.4    1842     0   0   0   0      14.491   -68.095
0278  138.98   813.7     16.38     81.6    1836   102     8.35     -8.16      1.76     6    -1.4    1836     0   0   0   0      14.491   -68.095
0279  139.48   814.3     16.41     82.1    1830   102     8.37     -8.20      1.69     6    -1.3    1830     0   0   0   0      14.491   -68.095
0280  139.98   814.9     16.44     82.6    1824   101     8.40     -8.25      1.61     6    -1.3    1824     0   0   0   0      14.491   -68.095
0281  140.48   815.5     16.47     83.1    1818   100     8.44     -8.30      1.53     6    -1.2    1818     0   0   0   0      14.491   -68.096
0282  140.98   816.0     16.50     83.7    1812   100     8.48     -8.35      1.47     6    -1.2    1812     0   0   0   0      14.491   -68.096
0283  141.48   816.6     16.52     84.3    1806   100     8.51     -8.39      1.41     6    -1.2    1806     0   0   0   0      14.491   -68.096
0284  141.98   817.2     16.54     84.9    1800    99     8.54     -8.43      1.36     6    -1.1    1800     0   0   0   0      14.491   -68.096
0285  142.48   817.7     16.56     85.6    1794    99     8.55     -8.45      1.32     6    -1.1    1794     0   0   0   0      14.491   -68.096
0286  142.98   818.3     16.58     86.2    1788    99     8.54     -8.44      1.29     6    -1.1    1788     0   0   0   0      14.491   -68.096
0287  143.48   818.9     16.60     86.8    1782    99     8.52     -8.42      1.27     6    -1.1    1782     0   0   0   0      14.491   -68.096
0288  143.98   819.4     16.62     87.3    1776    99     8.49     -8.40      1.26     6    -1.1    1776     0   0   0   0      14.491   -68.096
0289  144.48   820.0     16.63     87.7    1770    98     8.46     -8.37      1.25     6    -1.1    1770     0   0   0   0      14.491   -68.096
0290  144.98   820.6     16.65     88.1    1764  -999  -999.00   -999.00   -999.00  -999    -1.1    1764     0   0   0   0    -999.000  -999.000
0291  145.48   821.1     16.67     88.5    1758    99     8.41     -8.32      1.25     6    -1.1    1758     0   0   0   0      14.491   -68.096
0292  145.98   821.7     16.68     88.7    1752    99     8.40     -8.31      1.25     6    -1.1    1752     0   0   0   0      14.491   -68.096
0293  146.48   822.3     16.70     89.0    1746    99     8.40     -8.31      1.25     6    -1.1    1746     0   0   0   0      14.491   -68.096
0294  146.98   822.9     16.72     89.3    1740    99     8.41     -8.32      1.25     6    -1.1    1740     0   0   0   0      14.491   -68.096
0295  147.48   823.4     16.74     89.5    1734  -999  -999.00   -999.00   -999.00  -999    -1.2    1734     0   0   0   0    -999.000  -999.000
0296  147.98   824.0     16.75     89.8    1728    98     8.46     -8.37      1.24     6    -1.2    1728     0   0   0   0      14.491   -68.096
0297  148.48   824.6     16.77     90.1    1723    98     8.50     -8.41      1.24     6    -1.2    1723     0   0   0   0      14.491   -68.096
0298  148.98   825.2     16.79     90.4    1717    98     8.54     -8.44      1.25     6    -1.2    1717     0   0   0   0      14.491   -68.096
0299  149.48   825.7     16.81     90.6    1711    98     8.57     -8.48      1.27     6    -1.2    1711     0   0   0   0      14.491   -68.096
0300  149.98   826.3     16.82     90.9    1705    99     8.60     -8.51      1.28     6    -1.2    1705     0   0   0   0      14.491   -68.096
0301  150.48   826.9     16.84     91.1    1699    99     8.63     -8.53      1.29     7    -1.3    1699     0   0   0   0      14.491   -68.096
0302  150.98   827.5     16.86     91.2    1693    99     8.64     -8.54      1.30     7    -1.3    1693     0   0   0   0      14.491   -68.096
0303  151.48   828.0     16.88     91.4    1687    99     8.65     -8.55      1.31     7    -1.3    1687     0   0   0   0      14.491   -68.096
0304  151.98   828.6     16.90     91.5    1681    99     8.65     -8.55      1.32     7    -1.4    1681     0   0   0   0      14.491   -68.096
0305  152.48   829.2     16.92     91.5    1675    99     8.64     -8.54      1.34     7    -1.4    1675     0   0   0   0      14.491   -68.096
0306  152.98   829.8     16.95     91.5    1669    99     8.63     -8.52      1.36     7    -1.4    1669     0   0   0   0      14.491   -68.096
0307  153.48   830.4     16.97     91.5    1662    99     8.61     -8.50      1.39     7    -1.4    1662     0   0   0   0      14.491   -68.096
0308  153.98   831.0     17.00     91.5    1656   100     8.59     -8.47      1.42     7    -1.4    1656     0   0   0   0      14.491   -68.097
0309  154.48   831.6     17.03     91.5    1650   100     8.57     -8.44      1.45     7    -1.4    1650     0   0   0   0      14.491   -68.097
0310  154.98   832.2     17.06     91.5    1644  -999  -999.00   -999.00   -999.00  -999    -1.4    1644     0   0   0   0    -999.000  -999.000
0311  155.48   832.8     17.09     91.4    1638   100     8.52     -8.38      1.51     7    -1.4    1638     0   0   0   0      14.491   -68.097
0312  155.98   833.3     17.11     91.5    1632   100     8.49     -8.35      1.53     7    -1.4    1632     0   0   0   0      14.491   -68.097
0313  156.48   833.9     17.14     91.5    1626   100     8.45     -8.31      1.53     7    -1.4    1626     0   0   0   0      14.491   -68.097
0314  156.98   834.5     17.16     91.6    1620   101     8.42     -8.28      1.53     7    -1.4    1620     0   0   0   0      14.491   -68.097
0315  157.48   835.1     17.18     91.7    1614  -999  -999.00   -999.00   -999.00  -999    -1.4    1614     0   0   0   0    -999.000  -999.000
0316  157.98   835.7     17.19     91.8    1608   101     8.33     -8.18      1.57     7    -1.4    1608     0   0   0   0      14.491   -68.097
0317  158.48   836.3     17.21     92.1    1602   101     8.27     -8.11      1.61     7    -1.4    1602     0   0   0   0      14.491   -68.097
0318  158.98   836.9     17.22     92.3    1596   102     8.20     -8.03      1.67     7    -1.4    1596     0   0   0   0      14.491   -68.097
0319  159.48   837.5     17.22     92.6    1590   103     8.13     -7.94      1.76     7    -1.4    1590     0   0   0   0      14.491   -68.097
0320  159.98   838.1     17.23     92.9    1584   103     8.06     -7.84      1.87     7    -1.4    1584     0   0   0   0      14.491   -68.097
0321  160.48   838.7     17.24     93.2    1578   104     7.98     -7.72      1.99     7    -1.4    1578     0   0   0   0      14.491   -68.097
0322  160.98   839.3     17.24     93.5    1572   106     7.89     -7.60      2.11     7    -1.4    1572     0   0   0   0      14.492   -68.097
0323  161.48   839.8     17.25     93.7    1566   107     7.80     -7.47      2.23     7    -1.4    1566     0   0   0   0      14.492   -68.097
0324  161.98   840.4     17.25     93.9    1560   108     7.70     -7.33      2.33     7    -1.4    1560     0   0   0   0      14.492   -68.097
0325  162.48   841.0     17.26     94.1    1554   109     7.59     -7.19      2.42     7    -1.4    1554     0   0   0   0      14.492   -68.097
0326  162.98   841.6     17.27     94.2    1548   110     7.49     -7.06      2.50     7    -1.4    1548     0   0   0   0      14.492   -68.097
0327  163.48   842.2     17.28     94.2    1542   110     7.39     -6.93      2.57     7    -1.4    1542     0   0   0   0      14.492   -68.097
0328  163.98   842.8     17.30     94.2    1536  -999  -999.00   -999.00   -999.00  -999    -1.5    1536     0   0   0   0    -999.000  -999.000
0329  164.48   843.4     17.31     94.2    1530  -999  -999.00   -999.00   -999.00  -999    -1.5    1530     0   0   0   0    -999.000  -999.000
0330  164.98   844.0     17.32     94.2    1523   113     7.14     -6.59      2.76     7    -1.5    1523     0   0   0   0      14.492   -68.097
0331  165.48   844.6     17.34     94.2    1517  -999  -999.00   -999.00   -999.00  -999    -1.5    1517     0   0   0   0    -999.000  -999.000
0332  165.98   845.2     17.35     94.4    1511   114     7.04     -6.43      2.87     7    -1.6    1511     0   0   0   0      14.492   -68.097
0333  166.48   845.8     17.36     94.6    1505   115     7.01     -6.37      2.93     7    -1.6    1505     0   0   0   0      14.492   -68.097
0334  166.98   846.4     17.37     94.9    1499   115     6.99     -6.33      2.98     7    -1.6    1499     0   0   0   0      14.492   -68.097
0335  167.48   847.0     17.39     95.3    1493  -999  -999.00   -999.00   -999.00  -999    -1.6    1493     0   0   0   0    -999.000  -999.000
0336  167.98   847.6     17.40     95.6    1487  -999  -999.00   -999.00   -999.00  -999    -1.6    1487     0   0   0   0    -999.000  -999.000
0337  168.48   848.2     17.42     95.9    1481  -999  -999.00   -999.00   -999.00  -999    -1.6    1481     0   0   0   0    -999.000  -999.000
0338  168.98   848.8     17.44     96.1    1475   116     7.03     -6.29      3.13     7    -1.6    1475     0   0   0   0      14.492   -68.098
0339  169.48   849.4     17.46     96.2    1469   117     7.06     -6.31      3.15     7    -1.7    1469     0   0   0   0      14.492   -68.098
0340  169.98   850.0     17.49     96.3    1462  -999  -999.00   -999.00   -999.00  -999    -1.7    1462     0   0   0   0    -999.000  -999.000
0341  170.48   850.6     17.51     96.2    1456  -999  -999.00   -999.00   -999.00  -999    -1.7    1456     0   0   0   0    -999.000  -999.000
0342  170.98   851.2     17.54     96.2    1450  -999  -999.00   -999.00   -999.00  -999    -1.8    1450     0   0   0   0    -999.000  -999.000
0343  171.48   851.8     17.57     96.0    1444   116     7.26     -6.50      3.22     7    -1.8    1444     0   0   0   0      14.492   -68.098
0344  171.98   852.5     17.61     95.8    1438   116     7.32     -6.57      3.24     7    -1.8    1438     0   0   0   0      14.492   -68.098
0345  172.48   853.1     17.64     95.6    1431  -999  -999.00   -999.00   -999.00  -999    -1.8    1431     0   0   0   0    -999.000  -999.000
0346  172.98   853.7     17.68     95.3    1425   116     7.46     -6.70      3.29     7    -1.9    1425     0   0   0   0      14.492   -68.098
0347  173.48  -999.0   -999.00   -999.0    -999   116     7.53     -6.76      3.33     7  -999.0    -999     0   0   0   0      14.492   -68.098
0348  173.98   854.9     17.75     94.8    1413  -999  -999.00   -999.00   -999.00  -999    -1.9    1413     0   0   0   0    -999.000  -999.000
0349  174.48   855.5     17.79     94.6    1407   116     7.68     -6.89      3.40     7    -1.9    1407     0   0   0   0      14.492   -68.098
0350  174.98   856.2     17.82     94.4    1400   116     7.76     -6.95      3.45     7    -1.9    1400     0   0   0   0      14.492   -68.098
0351  175.48   856.8     17.85     94.2    1394   116     7.84     -7.02      3.49     7    -1.9    1394     0   0   0   0      14.492   -68.098
0352  175.98  -999.0   -999.00   -999.0    -999   116     7.91     -7.08      3.52     7  -999.0    -999     0   0   0   0      14.492   -68.098
0353  176.48  -999.0   -999.00   -999.0    -999  -999  -999.00   -999.00   -999.00  -999  -999.0    -999     0   0   0   0    -999.000  -999.000
0354  176.98  -999.0   -999.00   -999.0    -999  -999  -999.00   -999.00   -999.00  -999  -999.0    -999     0   0   0   0    -999.000  -999.000
0355  177.48   859.3     17.98     94.0    1369  -999  -999.00   -999.00   -999.00  -999    -2.0    1369     0   0   0   0    -999.000  -999.000
0356  177.98   859.9     18.01     94.0    1363   116     8.14     -7.31      3.58     7    -2.1    1363     0   0   0   0      14.492   -68.098
0357  178.48  -999.0   -999.00   -999.0    -999   116     8.17     -7.35      3.56     7  -999.0    -999     0   0   0   0      14.492   -68.098
0358  178.98   861.2     18.08     93.9    1350   116     8.18     -7.38      3.53     7    -2.1    1350     0   0   0   0      14.492   -68.098
0359  179.48   861.8     18.11     93.8    1344  -999  -999.00   -999.00   -999.00  -999    -2.1    1344     0   0   0   0    -999.000  -999.000
0360  179.98   862.5     18.14     93.8    1337  -999  -999.00   -999.00   -999.00  -999    -2.2    1337     0   0   0   0    -999.000  -999.000
0361  180.48   863.1     18.17     93.8    1331   115     8.18     -7.43      3.42     7    -2.2    1331     0   0   0   0      14.492   -68.098
0362  180.98   863.7     18.21     93.8    1325   114     8.18     -7.45      3.39     7    -2.2    1325     0   0   0   0      14.492   -68.098
0363  181.48   864.4     18.24     93.9    1318   114     8.19     -7.46      3.37     7    -2.2    1318     0   0   0   0      14.492   -68.098
0364  181.98   865.0     18.28     94.0    1312   114     8.20     -7.48      3.36     7    -2.2    1312     0   0   0   0      14.492   -68.098
0365  182.48   865.7     18.31     94.2    1306   114     8.22     -7.51      3.35     7    -2.2    1306     0   0   0   0      14.492   -68.098
0366  182.98   866.3     18.35     94.4    1299  -999  -999.00   -999.00   -999.00  -999    -2.2    1299     0   0   0   0    -999.000  -999.000
0367  183.48   866.9     18.39     94.6    1293   114     8.28     -7.56      3.37     7    -2.3    1293     0   0   0   0      14.492   -68.099
0368  183.98   867.6     18.42     94.8    1287   114     8.31     -7.59      3.38     7    -2.3    1287     0   0   0   0      14.492   -68.099
0369  184.48   868.2     18.45     94.9    1280   114     8.35     -7.62      3.40     7    -2.3    1280     0   0   0   0      14.492   -68.099
0370  184.98   868.9     18.49     95.0    1274   114     8.37     -7.64      3.42     7    -2.3    1274     0   0   0   0      14.492   -68.099
0371  185.48   869.5     18.52     95.1    1267   114     8.38     -7.65      3.43     7    -2.3    1267     0   0   0   0      14.492   -68.099
0372  185.98   870.1     18.56     95.1    1261   114     8.39     -7.65      3.45     7    -2.3    1261     0   0   0   0      14.492   -68.099
0373  186.48   870.8     18.60     95.1    1255   114     8.38     -7.64      3.46     7    -2.3    1255     0   0   0   0      14.492   -68.099
0374  186.98   871.4     18.64     95.0    1248   114     8.37     -7.62      3.46     7    -2.3    1248     0   0   0   0      14.492   -68.099
0375  187.48   872.1     18.68     95.0    1242   114     8.35     -7.60      3.45     7    -2.3    1242     0   0   0   0      14.492   -68.099
0376  187.98   872.7     18.73     95.0    1236   114     8.33     -7.58      3.44     7    -2.2    1236     0   0   0   0      14.492   -68.099
0377  188.48   873.4     18.77     94.9    1229   114     8.31     -7.57      3.42     7    -2.2    1229     0   0   0   0      14.492   -68.099
0378  188.98   874.0     18.81     94.9    1223   114     8.29     -7.57      3.40     7    -2.2    1223     0   0   0   0      14.492   -68.099
0379  189.48   874.6     18.86     94.8    1217   114     8.29     -7.57      3.37     7    -2.2    1217     0   0   0   0      14.492   -68.099
0380  189.98   875.3     18.91     94.7    1210   114     8.30     -7.59      3.35     7    -2.1    1210     0   0   0   0      14.492   -68.099
0381  190.48   875.9     18.95     94.7    1204   114     8.32     -7.62      3.33     7    -2.1    1204     0   0   0   0      14.492   -68.099
0382  190.98   876.6     19.00     94.6    1198   113     8.35     -7.66      3.32     7    -2.1    1198     0   0   0   0      14.492   -68.099
0383  191.48   877.2     19.05     94.5    1191   113     8.39     -7.70      3.32     7    -2.0    1191     0   0   0   0      14.492   -68.099
0384  191.98   877.8     19.10     94.4    1185  -999  -999.00   -999.00   -999.00  -999    -2.0    1185     0   0   0   0    -999.000  -999.000
0385  192.48   878.5     19.14     94.4    1179   113     8.48     -7.79      3.34     7    -1.9    1179     0   0   0   0      14.492   -68.099
0386  192.98   879.1     19.19     94.4    1173   113     8.51     -7.82      3.35     7    -1.8    1173     0   0   0   0      14.492   -68.099
0387  193.48   879.7     19.23     94.4    1167   113     8.53     -7.84      3.35     7    -1.8    1167     0   0   0   0      14.492   -68.099
0388  193.98   880.3     19.27     94.5    1161   113     8.53     -7.85      3.34     7    -1.7    1161     0   0   0   0      14.492   -68.099
0389  194.48   881.0     19.31     94.7    1155   113     8.52     -7.85      3.33     7    -1.7    1155     0   0   0   0      14.492   -68.099
0390  194.98   881.6     19.34     94.8    1148   113     8.49     -7.83      3.30     7    -1.7    1148     0   0   0   0      14.492   -68.099
0391  195.48   882.2     19.37     94.9    1142   113     8.46     -7.80      3.26     7    -1.7    1142     0   0   0   0      14.492   -68.099
0392  195.98   882.8     19.39     95.1    1136   112     8.42     -7.78      3.22     7    -1.7    1136     0   0   0   0      14.493   -68.099
0393  196.48   883.4     19.41     95.2    1130   112     8.39     -7.77      3.15     6    -1.7    1130     0   0   0   0      14.493   -68.099
0394  196.98   884.0     19.43     95.3    1124   112     8.36     -7.78      3.07     7    -1.7    1124     0   0   0   0      14.493   -68.099
0395  197.48   884.6     19.44     95.4    1118   111     8.35     -7.80      2.99     7    -1.8    1118     0   0   0   0      14.493   -68.100
0396  197.98   885.3     19.45     95.4    1112   110     8.35     -7.83      2.90     7    -1.8    1112     0   0   0   0      14.493   -68.100
0397  198.48   885.9     19.45     95.5    1106   110     8.36     -7.87      2.82     7    -1.8    1106     0   0   0   0      14.493   -68.100
0398  198.98   886.5     19.46     95.6    1100   109     8.39     -7.93      2.76     7    -1.9    1100     0   0   0   0      14.493   -68.100
0399  199.48   887.2     19.46     95.7    1094   109     8.43     -7.98      2.71     7    -1.9    1094     0   0   0   0      14.493   -68.100
0400  199.98   887.8     19.47     95.9    1088   108     8.46     -8.03      2.68     7    -1.9    1088     0   0   0   0      14.493   -68.100
0401  200.48   888.4     19.47     96.0    1081   108     8.50     -8.06      2.68     7    -1.9    1081     0   0   0   0      14.493   -68.100
0402  200.98   889.1     19.48     96.2    1075   108     8.53     -8.09      2.69     7    -1.8    1075     0   0   0   0      14.493   -68.100
0403  201.48   889.7     19.49     96.4    1069   109     8.55     -8.11      2.72     7    -1.8    1069     0   0   0   0      14.493   -68.100
0404  201.98   890.3     19.50     96.5    1063   109     8.58     -8.13      2.75     7    -1.7    1063     0   0   0   0      14.493   -68.100
0405  202.48   890.9     19.51     96.7    1057   109     8.61     -8.15      2.78     7    -1.6    1057     0   0   0   0      14.493   -68.100
0406  202.98   891.6     19.53     96.9    1051   109     8.64     -8.17      2.81     6    -1.5    1051     0   0   0   0      14.493   -68.100
0407  203.48   892.2     19.55     97.0    1045   109     8.66     -8.19      2.82     7    -1.5    1045     0   0   0   0      14.493   -68.100
0408  203.98   892.8     19.57     97.1    1039   109     8.68     -8.21      2.83     7    -1.4    1039     0   0   0   0      14.493   -68.100
0409  204.48   893.4     19.60     97.2    1033   109     8.70     -8.23      2.83     7    -1.3    1033     0   0   0   0      14.493   -68.100
0410  204.98   894.0     19.63     97.3    1028   109     8.70     -8.24      2.81     7    -1.3    1028     0   0   0   0      14.493   -68.100
0411  205.48   894.6     19.66     97.3    1022   109     8.70     -8.24      2.79     6    -1.2    1022     0   0   0   0      14.493   -68.100
0412  205.98   895.2     19.69     97.4    1016   109     8.68     -8.23      2.76     7    -1.2    1016     0   0   0   0      14.493   -68.100
0413  206.48   895.8     19.73     97.4    1010   108     8.65     -8.20      2.73     6    -1.2    1010     0   0   0   0      14.493   -68.100
0414  206.98   896.4     19.77     97.5    1005   108     8.61     -8.18      2.70     7    -1.2    1005     0   0   0   0      14.493   -68.100
0415  207.48  -999.0   -999.00   -999.0    -999   108     8.57     -8.15      2.66     7  -999.0    -999     0   0   0   0      14.493   -68.100
0416  207.98   897.6     19.87     97.6     993   108     8.54     -8.13      2.62     7    -1.2     993     0   0   0   0      14.493   -68.100
0417  208.48   898.2     19.93     97.6     987  -999  -999.00   -999.00   -999.00  -999    -1.2     987     0   0   0   0    -999.000  -999.000
0418  208.98   898.7     19.99     97.7     982   108     8.48     -8.08      2.56     7    -1.2     982     0   0   0   0      14.493   -68.100
0419  209.48   899.3     20.05     97.7     976   108     8.46     -8.06      2.57     7    -1.2     976     0   0   0   0      14.493   -68.100
0420  209.98   899.9     20.11     97.7     970   108     8.44     -8.03      2.61     7    -1.2     970     0   0   0   0      14.493   -68.100
0421  210.48   900.5     20.16     97.8     964   109     8.43     -7.99      2.68     7    -1.2     964     0   0   0   0      14.493   -68.101
0422  210.98   901.1     20.21     97.8     958   109     8.41     -7.94      2.77     7    -1.2     958     0   0   0   0      14.493   -68.101
0423  211.48   901.7     20.25     97.8     953   110     8.40     -7.88      2.91     7    -1.1     953     0   0   0   0      14.493   -68.101
0424  211.98   902.3     20.29     97.8     947   111     8.38     -7.80      3.05     7    -1.1     947     0   0   0   0      14.493   -68.101
0425  212.48   902.9     20.32     97.9     941   112     8.36     -7.72      3.19     7    -1.0     941     0   0   0   0      14.493   -68.101
0426  212.98   903.5     20.36     97.9     936   113     8.32     -7.64      3.30     7    -0.9     936     0   0   0   0      14.493   -68.101
0427  213.48   904.1     20.38     97.9     930   114     8.27     -7.55      3.36     7    -0.9     930     0   0   0   0      14.493   -68.101
0428  213.98   904.7     20.41     97.9     924   114     8.21     -7.48      3.39     7    -0.8     924     0   0   0   0      14.493   -68.101
0429  214.48   905.3     20.44     97.9     919   115     8.16     -7.43      3.39     7    -0.7     919     0   0   0   0      14.493   -68.101
0430  214.98   905.8     20.47     97.9     913   114     8.14     -7.41      3.36     7    -0.5     913     0   0   0   0      14.493   -68.101
0431  215.48   906.4     20.49     97.9     908   114     8.14     -7.44      3.30     7    -0.4     908     0   0   0   0      14.493   -68.101
0432  215.98   907.0     20.52     97.9     903   113     8.17     -7.50      3.24     7    -0.3     903     0   0   0   0      14.493   -68.101
0433  216.48   907.5     20.53     97.9     897   113     8.20     -7.57      3.16     7    -0.3     897     0   0   0   0      14.493   -68.101
0434  216.98   908.1     20.55     97.9     892   112     8.24     -7.65      3.08     7    -0.2     892     0   0   0   0      14.493   -68.101
0435  217.48   908.6     20.56     97.9     887   111     8.27     -7.72      2.98     7    -0.1     887     0   0   0   0      14.493   -68.101
0436  217.98   909.1     20.57     97.9     882   110     8.28     -7.77      2.86     7    -0.1     882     0   0   0   0      14.493   -68.101
0437  218.48   909.7     20.58     97.9     877   109     8.25     -7.79      2.71     7    -0.1     877     0   0   0   0      14.493   -68.101
0438  218.98   910.2     20.59     98.0     872   108     8.17     -7.77      2.52     7    -0.1     872     0   0   0   0      14.493   -68.101
0439  219.48   910.8     20.60     98.0     866   107     8.05     -7.71      2.30     7    -0.1     866     0   0   0   0      14.493   -68.101
0440  219.98   911.3     20.62     98.0     861   105     7.92     -7.64      2.08     7    -0.2     861     0   0   0   0      14.493   -68.101
0441  220.48   911.9     20.64     98.0     856   104     7.78     -7.56      1.86     7    -0.2     856     0   0   0   0      14.493   -68.101
0442  220.98   912.4     20.67     98.1     851   103     7.65     -7.47      1.67     7    -0.2     851     0   0   0   0      14.493   -68.101
0443  221.48   913.0     20.71     98.1     845   102     7.54     -7.39      1.51     7    -0.2     845     0   0   0   0      14.493   -68.101
0444  221.98   913.5     20.75     98.1     840   101     7.46     -7.32      1.41     7    -0.2     840     0   0   0   0      14.493   -68.101
0445  222.48   914.1     20.81     98.1     835   101     7.40     -7.27      1.36     7    -0.2     835     0   0   0   0      14.493   -68.101
0446  222.98   914.6     20.86     98.2     829   101     7.37     -7.24      1.36     7    -0.1     829     0   0   0   0      14.493   -68.101
0447  223.48   915.2     20.93     98.2     824   101     7.35     -7.22      1.40     7    -0.1     824     0   0   0   0      14.493   -68.101
0448  223.98   915.7     20.99     98.2     819   102     7.35     -7.20      1.48     7    -0.0     819     0   0   0   0      14.493   -68.101
0449  224.48   916.3     21.05     98.2     814   102     7.36     -7.19      1.57     7    -0.0     814     0   0   0   0      14.493   -68.101
0450  224.98   916.8     21.11     98.2     809   103     7.37     -7.17      1.67     7     0.0     809     0   0   0   0      14.493   -68.102
0451  225.48   917.3     21.17     98.2     804   104     7.37     -7.16      1.77     7     0.0     804     0   0   0   0      14.493   -68.102
0452  225.98   917.9     21.21     98.2     799   105     7.37     -7.13      1.87     7     0.0     799     0   0   0   0      14.493   -68.102
0453  226.48   918.4     21.26     98.2     794   105     7.36     -7.09      1.94     7     0.0     794     0   0   0   0      14.493   -68.102
0454  226.98   918.9     21.30     98.2     789   106     7.34     -7.06      2.01     7    -0.0     789     0   0   0   0      14.493   -68.102
0455  227.48   919.5     21.33     98.2     783   106     7.31     -7.02      2.05     7    -0.0     783     0   0   0   0      14.493   -68.102
0456  227.98   920.0     21.36     98.3     778   107     7.28     -6.98      2.08     7    -0.1     778     0   0   0   0      14.493   -68.102
0457  228.48   920.6     21.39     98.3     773   107     7.26     -6.95      2.10     7    -0.1     773     0   0   0   0      14.493   -68.102
0458  228.98   921.1     21.41     98.3     768   107     7.24     -6.93      2.10     7    -0.2     768     0   0   0   0      14.493   -68.102
0459  229.48   921.7     21.43     98.3     763   107     7.24     -6.93      2.09     7    -0.2     763     0   0   0   0      14.493   -68.102
0460  229.98   922.2     21.45     98.3     757   107     7.25     -6.95      2.06     7    -0.2     757     0   0   0   0      14.493   -68.102
0461  230.48   922.8     21.47     98.4     752   106     7.28     -7.00      2.02     7    -0.2     752     0   0   0   0      14.493   -68.102
0462  230.98   923.3     21.48     98.4     747   106     7.33     -7.06      1.98     7    -0.2     747     0   0   0   0      14.493   -68.102
0463  231.48   923.9     21.49     98.4     742   105     7.38     -7.12      1.94     7    -0.2     742     0   0   0   0      14.493   -68.102
0464  231.98   924.5     21.50     98.4     736   105     7.44     -7.19      1.91     7    -0.2     736     0   0   0   0      14.493   -68.102
0465  232.48   925.0     21.51     98.4     731   105     7.50     -7.25      1.89     7    -0.2     731     0   0   0   0      14.493   -68.102
0466  232.98   925.6     21.51     98.4     726   105     7.57     -7.32      1.90     7    -0.2     726     0   0   0   0      14.493   -68.102
0467  233.48   926.1     21.52     98.4     721   105     7.66     -7.41      1.94     7    -0.2     721     0   0   0   0      14.493   -68.102
0468  233.98   926.7     21.52     98.4     716   105     7.76     -7.50      2.01     7    -0.2     716     0   0   0   0      14.493   -68.102
0469  234.48   927.2     21.53     98.4     711   105     7.87     -7.59      2.09     7    -0.2     711     0   0   0   0      14.493   -68.102
0470  234.98   927.8     21.53     98.4     705   106     7.96     -7.65      2.19     7    -0.2     705     0   0   0   0      14.493   -68.102
0471  235.48   928.3     21.54     98.4     700   107     8.01     -7.68      2.28     7    -0.2     700     0   0   0   0      14.493   -68.102
0472  235.98   928.9     21.54     98.4     695   107     8.03     -7.67      2.36     7    -0.2     695     0   0   0   0      14.493   -68.102
0473  236.48   929.4     21.54     98.4     690   108     8.01     -7.63      2.43     7    -0.2     690     0   0   0   0      14.493   -68.102
0474  236.98   930.0     21.54     98.5     685   108     7.94     -7.55      2.46     7    -0.2     685     0   0   0   0      14.493   -68.102
0475  237.48   930.5     21.54     98.5     679   108     7.84     -7.45      2.45     7    -0.2     679     0   0   0   0      14.493   -68.102
0476  237.98   931.1     21.53     98.5     674   108     7.72     -7.33      2.41     6    -0.2     674     0   0   0   0      14.493   -68.102
0477  238.48   931.6     21.52     98.5     669   108     7.59     -7.22      2.34     7    -0.2     669     0   0   0   0      14.493   -68.102
0478  238.98   932.2     21.51     98.5     664   107     7.46     -7.12      2.23     7    -0.2     664     0   0   0   0      14.493   -68.102
0479  239.48   932.7     21.49     98.5     659   106     7.36     -7.06      2.08     7    -0.2     659     0   0   0   0      14.493   -68.103
0480  239.98   933.3     21.46     98.4     654   105     7.28     -7.02      1.92     6    -0.2     654     0   0   0   0      14.493   -68.103
0481  240.48   933.8     21.44     98.4     648   104     7.22     -7.00      1.75     7    -0.3     648     0   0   0   0      14.494   -68.103
0482  240.98   934.4     21.42     98.4     643   103     7.19     -7.02      1.58     7    -0.3     643     0   0   0   0      14.494   -68.103
0483  241.48   935.0     21.40     98.5     638   101     7.18     -7.05      1.41     7    -0.3     638     0   0   0   0      14.494   -68.103
0484  241.98   935.5     21.39     98.5     633   100     7.20     -7.09      1.25     7    -0.3     633     0   0   0   0      14.494   -68.103
0485  242.48   936.1     21.39     98.5     627    99     7.22     -7.13      1.12     7    -0.3     627     0   0   0   0      14.494   -68.103
0486  242.98   936.7     21.40     98.5     622    98     7.26     -7.19      1.01     7    -0.3     622     0   0   0   0      14.494   -68.103
0487  243.48   937.2     21.41     98.5     617    97     7.30     -7.24      0.93     7    -0.3     617     0   0   0   0      14.494   -68.103
0488  243.98   937.8     21.43     98.6     612    97     7.34     -7.29      0.86     7    -0.3     612     0   0   0   0      14.494   -68.103
0489  244.48   938.4     21.47     98.6     606    96     7.39     -7.34      0.81     7    -0.3     606     0   0   0   0      14.494   -68.103
0490  244.98   938.9     21.51     98.6     601    96     7.43     -7.39      0.76     7    -0.3     601     0   0   0   0      14.494   -68.103
0491  245.48   939.5     21.56     98.6     596    96     7.46     -7.43      0.72     7    -0.3     596     0   0   0   0      14.494   -68.103
0492  245.98   940.0     21.61     98.7     591    95     7.49     -7.46      0.69     7    -0.3     591     0   0   0   0      14.494   -68.103
0493  246.48   940.6     21.67     98.7     586    95     7.50     -7.47      0.67     7    -0.4     586     0   0   0   0      14.494   -68.103
0494  246.98   941.2     21.74     98.7     580    95     7.49     -7.46      0.66     7    -0.4     580     0   0   0   0      14.494   -68.103
0495  247.48   941.7     21.81     98.7     575    95     7.47     -7.44      0.68     7    -0.5     575     0   0   0   0      14.494   -68.103
0496  247.98   942.3     21.88     98.7     570    95     7.45     -7.41      0.71     7    -0.5     570     0   0   0   0      14.494   -68.103
0497  248.48   942.9     21.96     98.7     564    96     7.43     -7.39      0.78     7    -0.6     564     0   0   0   0      14.494   -68.103
0498  248.98   943.5     22.03     98.7     559    97     7.41     -7.36      0.88     7    -0.6     559     0   0   0   0      14.494   -68.103
0499  249.48   944.0     22.11     98.7     554    98     7.41     -7.35      0.99     7    -0.7     554     0   0   0   0      14.494   -68.103
0500  249.98   944.6     22.18     98.7     548    99     7.42     -7.34      1.11     7    -0.7     548     0   0   0   0      14.494   -68.103
0501  250.48   945.2     22.24     98.8     543   100     7.44     -7.34      1.23     7    -0.7     543     0   0   0   0      14.494   -68.103
0502  250.98   945.8     22.29     98.8     537   100     7.46     -7.34      1.35     7    -0.8     537     0   0   0   0      14.494   -68.103
0503  251.48   946.4     22.34     98.8     532   101     7.48     -7.34      1.45     6    -0.8     532     0   0   0   0      14.494   -68.103
0504  251.98   947.0     22.38     98.8     526   102     7.48     -7.32      1.54     7    -0.8     526     0   0   0   0      14.494   -68.103
0505  252.48   947.6     22.41     98.8     521   103     7.47     -7.29      1.62     7    -0.8     521     0   0   0   0      14.494   -68.103
0506  252.98   948.2     22.44     98.8     515   103     7.44     -7.25      1.67     7    -0.9     515     0   0   0   0      14.494   -68.103
0507  253.48   948.8     22.46     98.8     510   103     7.39     -7.19      1.71     7    -0.9     510     0   0   0   0      14.494   -68.103
0508  253.98   949.4     22.47     98.8     504   104     7.32     -7.11      1.72     7    -0.9     504     0   0   0   0      14.494   -68.103
0509  254.48   950.0     22.49     98.8     499   104     7.24     -7.03      1.72     7    -1.0     499     0   0   0   0      14.494   -68.104
0510  254.98   950.6     22.49     98.8     493   104     7.15     -6.94      1.71     7    -1.0     493     0   0   0   0      14.494   -68.104
0511  255.48   951.2     22.50     98.8     488   104     7.06     -6.85      1.70     7    -1.0     488     0   0   0   0      14.494   -68.104
0512  255.98   951.8     22.50     98.7     482   104     6.98     -6.77      1.68     7    -1.0     482     0   0   0   0      14.494   -68.104
0513  256.48   952.4     22.51     98.7     477   104     6.90     -6.69      1.68     7    -1.0     477     0   0   0   0      14.494   -68.104
0514  256.98   953.0     22.51     98.7     471   104     6.83     -6.62      1.68     7    -1.0     471     0   0   0   0      14.494   -68.104
0515  257.48   953.6     22.52     98.8     466   105     6.78     -6.56      1.72     7    -1.0     466     0   0   0   0      14.494   -68.104
0516  257.98   954.2     22.52     98.8     460   105     6.74     -6.50      1.78     7    -1.0     460     0   0   0   0      14.494   -68.104
0517  258.48   954.8     22.52     98.8     455   106     6.71     -6.45      1.84     7    -0.9     455     0   0   0   0      14.494   -68.104
0518  258.98   955.4     22.52     98.8     449   107     6.68     -6.40      1.92     7    -0.9     449     0   0   0   0      14.494   -68.104
0519  259.48   956.0     22.53     98.8     444   107     6.65     -6.35      1.98     7    -0.8     444     0   0   0   0      14.494   -68.104
0520  259.98   956.6     22.54     98.8     438   108     6.62     -6.30      2.03     7    -0.7     438     0   0   0   0      14.494   -68.104
0521  260.48   957.2     22.55     98.8     433   108     6.58     -6.25      2.05     7    -0.7     433     0   0   0   0      14.494   -68.104
0522  260.98   957.7     22.57     98.9     428   108     6.55     -6.23      2.04     7    -0.6     428     0   0   0   0      14.494   -68.104
0523  261.48   958.3     22.59     98.9     422   108     6.53     -6.22      1.99     7    -0.6     422     0   0   0   0      14.494   -68.104
0524  261.98   958.9     22.62     98.9     417   107     6.53     -6.24      1.91     7    -0.5     417     0   0   0   0      14.494   -68.104
0525  262.48   959.5     22.65     98.9     412   106     6.55     -6.29      1.81     7    -0.5     412     0   0   0   0      14.494   -68.104
0526  262.98   960.1     22.68     98.9     406   105     6.60     -6.38      1.68     7    -0.5     406     0   0   0   0      14.494   -68.104
0527  263.48   960.6     22.72     98.9     401   103     6.67     -6.50      1.53     7    -0.5     401     0   0   0   0      14.494   -68.104
0528  263.98   961.2     22.75     98.9     396   102     6.78     -6.64      1.36     7    -0.5     396     0   0   0   0      14.494   -68.104
0529  264.48   961.8     22.79     99.0     391   100     6.91     -6.80      1.19     7    -0.5     391     0   0   0   0      14.494   -68.104
0530  264.98   962.4     22.83     99.0     385    98     7.06     -6.99      1.03     7    -0.4     385     0   0   0   0      14.494   -68.104
0531  265.48   962.9     22.87     99.0     380    97     7.23     -7.18      0.87     7    -0.4     380     0   0   0   0      14.494   -68.104
0532  265.98   963.5     22.91     99.0     375    96     7.41     -7.38      0.73     7    -0.4     375     0   0   0   0      14.494   -68.104
0533  266.48   964.1     22.94     99.0     370    95     7.59     -7.57      0.61     7    -0.4     370     0   0   0   0      14.494   -68.104
0534  266.98   964.7     22.97     99.0     364    94     7.77     -7.75      0.52     7    -0.4     364     0   0   0   0      14.494   -68.104
0535  267.48   965.3     23.00     99.0     359    93     7.93     -7.92      0.46     7    -0.4     359     0   0   0   0      14.494   -68.104
0536  267.98   965.8     23.02     99.0     354    93     8.09     -8.08      0.41     7    -0.3     354     0   0   0   0      14.494   -68.104
0537  268.48   966.4     23.04     99.0     349    93     8.23     -8.22      0.39     7    -0.3     349     0   0   0   0      14.494   -68.104
0538  268.98   967.0     23.05     99.1     344    93     8.35     -8.34      0.37     7    -0.3     344     0   0   0   0      14.494   -68.104
0539  269.48   967.5     23.06     99.1     338    92     8.46     -8.45      0.37     7    -0.3     338     0   0   0   0      14.494   -68.104
0540  269.98   968.1     23.07     99.1     333    93     8.56     -8.55      0.37     7    -0.2     333     0   0   0   0      14.494   -68.105
0541  270.48   968.7     23.07     99.1     328    93     8.66     -8.65      0.39     7    -0.2     328     0   0   0   0      14.494   -68.105
0542  270.98   969.2     23.07     99.1     323    93     8.76     -8.75      0.42     7    -0.2     323     0   0   0   0      14.494   -68.105
0543  271.48   969.8     23.07     99.1     318    93     8.85     -8.84      0.48     7    -0.3     318     0   0   0   0      14.494   -68.105
0544  271.98   970.4     23.07     99.1     313    94     8.93     -8.91      0.55     7    -0.3     313     0   0   0   0      14.494   -68.105
0545  272.48   970.9     23.07     99.1     308    94     8.99     -8.97      0.66     7    -0.3     308     0   0   0   0      14.494   -68.105
0546  272.98   971.5     23.07     99.1     303    95     9.05     -9.01      0.80     7    -0.4     303     0   0   0   0      14.494   -68.105
0547  273.48   972.1     23.08     99.1     297    96     9.10     -9.05      0.96     7    -0.4     297     0   0   0   0      14.494   -68.105
0548  273.98   972.7     23.10     99.1     292    97     9.16     -9.09      1.14     7    -0.5     292     0   0   0   0      14.494   -68.105
0549  274.48   973.2     23.12     99.1     287    98     9.24     -9.14      1.35     7    -0.5     287     0   0   0   0      14.494   -68.105
0550  274.98   973.8     23.14     99.2     282   100     9.32     -9.19      1.56     7    -0.6     282     0   0   0   0      14.494   -68.105
0551  275.48   974.4     23.17     99.2     276   101     9.43     -9.26      1.78     7    -0.6     276     0   0   0   0      14.494   -68.105
0552  275.98   975.0     23.21     99.2     271   102     9.54     -9.33      1.99     7    -0.6     271     0   0   0   0      14.494   -68.105
0553  276.48   975.6     23.24     99.2     266   103     9.66     -9.41      2.18     7    -0.7     266     0   0   0   0      14.494   -68.105
0554  276.98   976.2     23.27     99.2     260   104     9.76     -9.48      2.36     7    -0.7     260     0   0   0   0      14.494   -68.105
0555  277.48   976.8     23.31     99.2     255   105     9.85     -9.52      2.52     7    -0.7     255     0   0   0   0      14.494   -68.105
0556  277.98   977.4     23.35     99.2     250   106     9.90     -9.54      2.67     7    -0.7     250     0   0   0   0      14.494   -68.105
0557  278.48   978.0     23.39     99.2     244   106     9.92     -9.52      2.82     7    -0.7     244     0   0   0   0      14.494   -68.105
0558  278.98   978.6     23.44     99.2     239   107     9.92     -9.47      2.95     7    -0.7     239     0   0   0   0      14.494   -68.105
0559  279.48   979.2     23.49     99.2     234   108     9.88     -9.39      3.09     7    -0.7     234     0   0   0   0      14.494   -68.105
0560  279.98   979.8     23.54     99.2     228   109     9.82     -9.28      3.22     7    -0.7     228     0   0   0   0      14.494   -68.105
0561  280.48   980.4     23.59     99.2     223   110     9.75     -9.16      3.35     7    -0.8     223     0   0   0   0      14.494   -68.105
0562  280.98   981.0     23.63     99.2     218   111     9.66     -9.02      3.46     7    -0.8     218     0   0   0   0      14.494   -68.105
0563  281.48   981.6     23.67     99.2     212   112     9.55     -8.87      3.54     7    -0.8     212     0   0   0   0      14.494   -68.105
0564  281.98   982.2     23.71     99.2     207   112     9.43     -8.72      3.59     7    -0.9     207     0   0   0   0      14.494   -68.106
0565  282.48   982.8     23.74     99.3     201   113     9.31     -8.58      3.62     7    -0.9     201     0   0   0   0      14.494   -68.106
0566  282.98   983.4     23.77     99.3     196   113     9.20     -8.45      3.63     7    -1.0     196     0   0   0   0      14.494   -68.106
0567  283.48   984.0     23.79     99.3     190   114     9.10     -8.34      3.63     7    -1.0     190     0   0   0   0      14.494   -68.106
0568  283.98   984.6     23.82     99.3     185   114     9.02     -8.26      3.63     7    -1.1     185     0   0   0   0      14.494   -68.106
0569  284.48   985.2     23.84     99.3     179   114     8.96     -8.21      3.61     7    -1.1     179     0   0   0   0      14.494   -68.106
0570  284.98   985.8     23.86     99.3     174   114     8.93     -8.18      3.59     7    -1.2     174     0   0   0   0      14.494   -68.106
0571  285.48   986.5     23.88     99.3     168   114     8.92     -8.18      3.56     7    -1.2     168     0   0   0   0      14.494   -68.106
0572  285.98   987.1     23.90     99.3     163   113     8.93     -8.20      3.52     7    -1.3     163     0   0   0   0      14.494   -68.106
0573  286.48   987.7     23.93     99.3     157   113     8.94     -8.23      3.48     7    -1.4     157     0   0   0   0      14.494   -68.106
0574  286.98   988.3     23.95     99.3     152   113     8.96     -8.27      3.44     7    -1.4     152     0   0   0   0      14.494   -68.106
0575  287.48   989.0     23.97     99.3     146   112     8.98     -8.30      3.41     7    -1.5     146     0   0   0   0      14.494   -68.106
0576  287.98   989.6     24.00     99.3     140   112     8.99     -8.33      3.38     7    -1.6     140     0   0   0   0      14.494   -68.106
0577  288.48   990.3     24.02     99.3     134   112     8.99     -8.35      3.35     7    -1.6     134     0   0   0   0      14.494   -68.106
0578  288.98   990.9     24.05     99.3     129   112     8.99     -8.35      3.32     7    -1.6     129     0   0   0   0      14.494   -68.106
0579  289.48   991.6     24.08     99.3     123   112     8.97     -8.34      3.30     7    -1.7     123     0   0   0   0      14.494   -68.106
0580  289.98   992.2     24.11     99.3     117   112     8.95     -8.32      3.29     7    -1.7     117     0   0   0   0      14.494   -68.106
0581  290.48   992.9     24.15     99.3     111   112     8.92     -8.29      3.28     7    -1.6     111     0   0   0   0      14.494   -68.106
0582  290.98   993.5     24.19     99.3     105   112     8.88     -8.25      3.29     7    -1.6     105     0   0   0   0      14.494   -68.106
0583  291.48   994.2     24.23     99.3     100   112     8.84     -8.20      3.30     7    -1.6     100     0   0   0   0      14.494   -68.106
0584  291.98   994.8     24.27     99.3      94   112     8.80     -8.14      3.33     7    -1.5      94     0   0   0   0      14.494   -68.106
0585  292.48   995.5     24.33     99.3      88   113     8.76     -8.07      3.39     7    -1.5      88     0   0   0   0      14.494   -68.106
0586  292.98   996.1     24.38     99.3      82   114     8.72     -8.00      3.48     7    -1.4      82     0   0   0   0      14.494   -68.106
0587  293.48   996.8     24.44     99.3      77   114     8.68     -7.91      3.57     7    -1.4      77     0   0   0   0      14.494   -68.106
0588  293.98   997.4     24.50     99.3      71   115     8.62     -7.81      3.66     7    -1.3      71     0   0   0   0      14.494   -68.106
0589  294.48   998.0     24.56     99.3      66   116     8.55     -7.70      3.72     7    -1.3      66     0   0   0   0      14.494   -68.106
0590  294.98   998.7     24.63     99.3      60   116     8.45     -7.58      3.75     7    -1.2      60     0   0   0   0      14.494   -68.107
0591  295.48   999.3     24.69     99.2      55   117     8.34     -7.45      3.75     7    -1.2      55     0   0   0   0      14.494   -68.107
0592  295.98   999.9     24.76     99.2      49   117     8.21     -7.31      3.72     7    -1.2      49     0   0   0   0      14.494   -68.107
0593  296.48  1000.5     24.82     99.2      44   117     8.06     -7.17      3.67     7    -1.1      44     0   0   0   0      14.494   -68.107
0594  296.98  1001.2     24.89     99.2      38   117     7.89     -7.03      3.59     7    -1.1      38     0   0   0   0      14.495   -68.107
0595  297.48  1001.8     24.96     99.1      32   117     7.73     -6.90      3.50     7    -1.1      32     0   0   0   0      14.495   -68.107
0596  297.98  1002.4     25.02     99.1      27   117     7.58     -6.77      3.43     7    -1.0      27     0   0   0   0      14.495   -68.107
0597  298.48  1003.0     25.09     99.1      21   117     7.45     -6.64      3.38     7    -1.0      21     0   0   0   0      14.495   -68.107
0598  298.98  1003.7     25.16     99.1      16   117     7.35     -6.54      3.34     7    -1.0      16     0   0   0   0      14.495   -68.107
0599  299.48  1004.2     25.23     99.0      11   117     7.28     -6.49      3.29     7    -1.0      11     0   0   0   0      14.495   -68.107
0600  299.98  -999.0   -999.00   -999.0    -999   117     7.44     -6.64      3.34     7  -999.0    -999     0   0   0   0      14.495   -68.107
0601  300.52  1005.5     25.30     99.0       0  -999  -999.00   -999.00   -999.00  -999  -999.0       0     0   0   0   0    -999.000  -999.000
