 ===========================================================================
 DROPWINDSONDE PROCESSING RECORD                            Sonde: 011245164
 FRD file written by Aspen V3.4.8, 09 Jun 2023 19:27 UTC
 Aircraft: Lockheed WP-3D, N43RF             Date: 050827   Time: 165524 UTC
 ---------------------------------------------------------------------------
 Bias corrections:  PR =   0.0 mb  TE =   0.0 C  RH =   0.0 %  PRB =  0.0 mb
 Filters (LPF):     PTH = 
 Dyn RH correction = 
 Estimated PR used = 
 Dyn T correction  = 
 ---------------------------------------------------------------------------
 COMMENT: none, Good Sounding
 ===========================================================================

 ===========================================================================
 Date: 050827   Lat:  24.47 N   TA:   17.9 C   PS:  695.8 mb   WD:    20 deg
 Time: 165524   Lon:  85.46 W   TD:   10.0 C   GA:   2816 m    WS:  36.1 m/s
 SID:  011245164                RH:   59.5 %   Navaid:   GP
 ===========================================================================

IX      t (s)  P (mb)    T (C)    RH (%)  Z (m)   WD    WS (m/s)   U (m/s)   V (m/s)  NS  WZ (m/s)  ZW (m)   FP  FT  FH  FW    LAT (N)   LON (E)
0001    0.14  -999.0   -999.00   -999.0    -999  -999  -999.00   -999.00   -999.00     0  -999.0    -999     0   0   0   0    -999.000  -999.000
0002    0.64  -999.0   -999.00   -999.0    -999  -999  -999.00   -999.00   -999.00     0  -999.0    -999     0   0   0   0    -999.000  -999.000
0003    1.14  -999.0   -999.00   -999.0    -999  -999  -999.00   -999.00   -999.00     0  -999.0    -999     0   0   0   0    -999.000  -999.000
0004    1.64  -999.0   -999.00   -999.0    -999  -999  -999.00   -999.00   -999.00     0  -999.0    -999     0   0   0   0    -999.000  -999.000
0005    2.14  -999.0   -999.00   -999.0    -999  -999  -999.00   -999.00   -999.00     0  -999.0    -999     0   0   0   0    -999.000  -999.000
0006    2.64  -999.0   -999.00   -999.0    -999  -999  -999.00   -999.00   -999.00     0  -999.0    -999     0   0   0   0    -999.000  -999.000
0007    3.14  -999.0   -999.00   -999.0    -999  -999  -999.00   -999.00   -999.00     0  -999.0    -999     0   0   0   0    -999.000  -999.000
0008    3.64  -999.0   -999.00   -999.0    -999  -999  -999.00   -999.00   -999.00     0  -999.0    -999     0   0   0   0    -999.000  -999.000
0009    4.14  -999.0   -999.00   -999.0    -999  -999  -999.00   -999.00   -999.00     0  -999.0    -999     0   0   0   0    -999.000  -999.000
0010    4.64  -999.0   -999.00   -999.0    -999  -999  -999.00   -999.00   -999.00     0  -999.0    -999     0   0   0   0    -999.000  -999.000
0011    5.14  -999.0   -999.00   -999.0    -999  -999  -999.00   -999.00   -999.00     0  -999.0    -999     0   0   0   0    -999.000  -999.000
0012    5.64  -999.0   -999.00   -999.0    -999  -999  -999.00   -999.00   -999.00     0  -999.0    -999     0   0   0   0    -999.000  -999.000
0013    6.14  -999.0   -999.00   -999.0    -999  -999  -999.00   -999.00   -999.00     0  -999.0    -999     0   0   0   0    -999.000  -999.000
0014    6.64  -999.0   -999.00   -999.0    -999  -999  -999.00   -999.00   -999.00     0  -999.0    -999     0   0   0   0    -999.000  -999.000
0015    7.14  -999.0   -999.00   -999.0    -999  -999  -999.00   -999.00   -999.00     0  -999.0    -999     0   0   0   0    -999.000  -999.000
0016    7.64  -999.0   -999.00   -999.0    -999  -999  -999.00   -999.00   -999.00     0  -999.0    -999     0   0   0   0    -999.000  -999.000
0017    8.14  -999.0   -999.00   -999.0    -999  -999  -999.00   -999.00   -999.00     0  -999.0    -999     0   0   0   0    -999.000  -999.000
0018    8.64  -999.0   -999.00   -999.0    -999  -999  -999.00   -999.00   -999.00     0  -999.0    -999     0   0   0   0    -999.000  -999.000
0019    9.14  -999.0   -999.00   -999.0    -999  -999  -999.00   -999.00   -999.00     0  -999.0    -999     0   0   0   0    -999.000  -999.000
0020    9.64  -999.0   -999.00   -999.0    -999  -999  -999.00   -999.00   -999.00     0  -999.0    -999     0   0   0   0    -999.000  -999.000
0021   10.14  -999.0   -999.00   -999.0    -999  -999  -999.00   -999.00   -999.00     0  -999.0    -999     0   0   0   0    -999.000  -999.000
0022   10.64  -999.0   -999.00   -999.0    -999  -999  -999.00   -999.00   -999.00     0  -999.0    -999     0   0   0   0    -999.000  -999.000
0023   11.14  -999.0   -999.00   -999.0    -999  -999  -999.00   -999.00   -999.00     0  -999.0    -999     0   0   0   0    -999.000  -999.000
0024   11.64  -999.0   -999.00   -999.0    -999  -999  -999.00   -999.00   -999.00     0  -999.0    -999     0   0   0   0    -999.000  -999.000
0025   12.14   709.3     18.12   -999.0    2661  -999  -999.00   -999.00   -999.00     0    -1.4    2661     0   0   0   0    -999.000  -999.000
0026   12.64   709.8     18.14   -999.0    2655  -999  -999.00   -999.00   -999.00     0    -1.4    2655     0   0   0   0    -999.000  -999.000
0027   13.14   710.3     18.17   -999.0    2648  -999  -999.00   -999.00   -999.00     0    -1.5    2648     0   0   0   0    -999.000  -999.000
0028   13.64   710.9     18.20   -999.0    2642  -999  -999.00   -999.00   -999.00     0    -1.5    2642     0   0   0   0    -999.000  -999.000
0029   14.14   711.4     18.23   -999.0    2635  -999  -999.00   -999.00   -999.00     0    -1.6    2635     0   0   0   0    -999.000  -999.000
0030   14.64   712.0     18.27   -999.0    2628  -999  -999.00   -999.00   -999.00     0    -1.6    2628     0   0   0   0    -999.000  -999.000
0031   15.14   712.5     18.30   -999.0    2622  -999  -999.00   -999.00   -999.00     0    -1.7    2622     0   0   0   0    -999.000  -999.000
0032   15.64   713.1     18.34     56.9    2615  -999  -999.00   -999.00   -999.00     0    -1.7    2615     0   0   0   0    -999.000  -999.000
0033   16.14   713.6     18.38     56.9    2609  -999  -999.00   -999.00   -999.00     0    -1.7    2609     0   0   0   0    -999.000  -999.000
0034   16.64   714.2     18.42     56.9    2602  -999  -999.00   -999.00   -999.00     0    -1.7    2602     0   0   0   0    -999.000  -999.000
0035   17.14   714.7     18.46     56.9    2595  -999  -999.00   -999.00   -999.00     0    -1.7    2595     0   0   0   0    -999.000  -999.000
0036   17.64   715.3     18.50     57.0    2589  -999  -999.00   -999.00   -999.00     0    -1.7    2589     0   0   0   0    -999.000  -999.000
0037   18.14   715.8     18.54     57.0    2582  -999  -999.00   -999.00   -999.00     0    -1.7    2582     0   0   0   0    -999.000  -999.000
0038   18.64   716.4     18.58     57.0    2575  -999  -999.00   -999.00   -999.00     0    -1.7    2575     0   0   0   0    -999.000  -999.000
0039   19.14   716.9     18.62     57.0    2569  -999  -999.00   -999.00   -999.00     0    -1.7    2569     0   0   0   0    -999.000  -999.000
0040   19.64   717.5     18.65     57.0    2562  -999  -999.00   -999.00   -999.00     0    -1.6    2562     0   0   0   0    -999.000  -999.000
0041   20.14   718.0     18.69     57.0    2555  -999  -999.00   -999.00   -999.00     0    -1.6    2555     0   0   0   0    -999.000  -999.000
0042   20.64   718.6     18.72     57.0    2549  -999  -999.00   -999.00   -999.00     0    -1.5    2549     0   0   0   0    -999.000  -999.000
0043   21.14   719.1     18.75     57.0    2542  -999  -999.00   -999.00   -999.00     0    -1.5    2542     0   0   0   0    -999.000  -999.000
0044   21.64   719.7     18.77     57.0    2536  -999  -999.00   -999.00   -999.00     0    -1.5    2536     0   0   0   0    -999.000  -999.000
0045   22.14   720.2     18.80     56.9    2529  -999  -999.00   -999.00   -999.00     0    -1.4    2529     0   0   0   0    -999.000  -999.000
0046   22.64   720.8     18.82     56.9    2523  -999  -999.00   -999.00   -999.00     0    -1.4    2523     0   0   0   0    -999.000  -999.000
0047   23.14   721.3     18.84     56.8    2517  -999  -999.00   -999.00   -999.00     0    -1.4    2517     0   0   0   0    -999.000  -999.000
0048   23.64   721.8     18.86     56.7    2510  -999  -999.00   -999.00   -999.00     0    -1.4    2510     0   0   0   0    -999.000  -999.000
0049   24.14   722.4     18.89     56.7    2504  -999  -999.00   -999.00   -999.00     0    -1.5    2504     0   0   0   0    -999.000  -999.000
0050   24.64   722.9     18.91     56.6    2497  -999  -999.00   -999.00   -999.00     0    -1.5    2497     0   0   0   0    -999.000  -999.000
0051   25.14   723.5     18.93     56.6    2491  -999  -999.00   -999.00   -999.00     0    -1.5    2491     0   0   0   0    -999.000  -999.000
0052   25.64   724.0     18.95     56.6    2484  -999  -999.00   -999.00   -999.00     0    -1.5    2484     0   0   0   0    -999.000  -999.000
0053   26.14   724.6     18.96     56.7    2478  -999  -999.00   -999.00   -999.00     0    -1.5    2478     0   0   0   0    -999.000  -999.000
0054   26.64   725.1     18.98     56.9    2471  -999  -999.00   -999.00   -999.00     0    -1.5    2471     0   0   0   0    -999.000  -999.000
0055   27.14   725.7     18.98     57.1    2465  -999  -999.00   -999.00   -999.00     4    -1.5    2465     0   0   0   0    -999.000  -999.000
0056   27.64   726.2     18.98     57.3    2458  -999  -999.00   -999.00   -999.00     4    -1.5    2458     0   0   0   0    -999.000  -999.000
0057   28.14   726.8     18.98     57.6    2452  -999  -999.00   -999.00   -999.00     4    -1.6    2452     0   0   0   0    -999.000  -999.000
0058   28.64   727.3     18.98     57.9    2445  -999  -999.00   -999.00   -999.00     4    -1.6    2445     0   0   0   0    -999.000  -999.000
0059   29.14   727.9     18.97     58.2    2439  -999  -999.00   -999.00   -999.00     4    -1.6    2439     0   0   0   0    -999.000  -999.000
0060   29.64   728.4     18.97     58.5    2432  -999  -999.00   -999.00   -999.00     4    -1.6    2432     0   0   0   0    -999.000  -999.000
0061   30.14   729.0     18.97     58.7    2425  -999  -999.00   -999.00   -999.00     4    -1.6    2425     0   0   0   0    -999.000  -999.000
0062   30.64   729.5     18.97     58.9    2419  -999  -999.00   -999.00   -999.00     4    -1.6    2419     0   0   0   0    -999.000  -999.000
0063   31.14   730.1     18.98     59.1    2412  -999  -999.00   -999.00   -999.00     4    -1.6    2412     0   0   0   0    -999.000  -999.000
0064   31.64   730.6     18.99     59.3    2406  -999  -999.00   -999.00   -999.00     4    -1.6    2406     0   0   0   0    -999.000  -999.000
0065   32.14   731.2     19.00     59.4    2399  -999  -999.00   -999.00   -999.00     4    -1.6    2399     0   0   0   0    -999.000  -999.000
0066   32.64   731.8     19.02     59.5    2393  -999  -999.00   -999.00   -999.00     4    -1.5    2393     0   0   0   0    -999.000  -999.000
0067   33.14   732.3     19.05     59.6    2386  -999  -999.00   -999.00   -999.00     4    -1.5    2386     0   0   0   0    -999.000  -999.000
0068   33.64   732.9     19.08     59.6    2380  -999  -999.00   -999.00   -999.00     4    -1.4    2380     0   0   0   0    -999.000  -999.000
0069   34.14   733.4     19.11     59.7    2373  -999  -999.00   -999.00   -999.00     4    -1.4    2373     0   0   0   0    -999.000  -999.000
0070   34.64   733.9     19.14     59.7    2367  -999  -999.00   -999.00   -999.00     4    -1.4    2367     0   0   0   0    -999.000  -999.000
0071   35.14   734.5     19.18     59.7    2361  -999  -999.00   -999.00   -999.00     4    -1.3    2361     0   0   0   0    -999.000  -999.000
0072   35.64   735.0     19.22     59.7    2354  -999  -999.00   -999.00   -999.00     4    -1.3    2354     0   0   0   0    -999.000  -999.000
0073   36.14   735.6     19.26     59.7    2348  -999  -999.00   -999.00   -999.00     4    -1.3    2348     0   0   0   0    -999.000  -999.000
0074   36.64   736.1     19.30     59.7    2342  -999  -999.00   -999.00   -999.00     4    -1.3    2342     0   0   0   0    -999.000  -999.000
0075   37.14   736.6     19.35     59.6    2335  -999  -999.00   -999.00   -999.00     4    -1.3    2335     0   0   0   0    -999.000  -999.000
0076   37.64   737.2     19.39     59.6    2329  -999  -999.00   -999.00   -999.00     4    -1.3    2329     0   0   0   0    -999.000  -999.000
0077   38.14   737.7     19.44     59.5    2322  -999  -999.00   -999.00   -999.00     4    -1.3    2322     0   0   0   0    -999.000  -999.000
0078   38.64   738.3     19.48     59.5    2316  -999  -999.00   -999.00   -999.00     4    -1.3    2316     0   0   0   0    -999.000  -999.000
0079   39.14   738.8     19.53     59.4    2310  -999  -999.00   -999.00   -999.00     4    -1.3    2310     0   0   0   0    -999.000  -999.000
0080   39.64   739.4     19.57     59.3    2303  -999  -999.00   -999.00   -999.00     4    -1.3    2303     0   0   0   0    -999.000  -999.000
0081   40.14   739.9     19.62     59.3    2297  -999  -999.00   -999.00   -999.00     5    -1.3    2297     0   0   0   0    -999.000  -999.000
0082   40.64   740.5     19.66     59.2    2291  -999  -999.00   -999.00   -999.00     5    -1.3    2291     0   0   0   0    -999.000  -999.000
0083   41.14   741.0     19.69     59.2    2284  -999  -999.00   -999.00   -999.00     5    -1.3    2284     0   0   0   0    -999.000  -999.000
0084   41.64   741.5     19.73     59.2    2278  -999  -999.00   -999.00   -999.00     5    -1.2    2278     0   0   0   0    -999.000  -999.000
0085   42.14   742.1     19.75     59.3    2272  -999  -999.00   -999.00   -999.00     5    -1.2    2272     0   0   0   0    -999.000  -999.000
0086   42.64   742.6     19.77     59.3    2265  -999  -999.00   -999.00   -999.00     5    -1.2    2265     0   0   0   0    -999.000  -999.000
0087   43.14   743.2     19.79     59.4    2259  -999  -999.00   -999.00   -999.00     5    -1.2    2259     0   0   0   0    -999.000  -999.000
0088   43.64   743.7     19.80     59.6    2253  -999  -999.00   -999.00   -999.00     0    -1.2    2253     0   0   0   0    -999.000  -999.000
0089   44.14   744.3     19.81     59.7    2247  -999  -999.00   -999.00   -999.00     5    -1.2    2247     0   0   0   0    -999.000  -999.000
0090   44.64   744.8     19.81     59.9    2240  -999  -999.00   -999.00   -999.00     5    -1.2    2240     0   0   0   0    -999.000  -999.000
0091   45.14   745.3     19.81     60.0    2234  -999  -999.00   -999.00   -999.00     5    -1.2    2234     0   0   0   0    -999.000  -999.000
0092   45.64   745.9     19.81     60.2    2228  -999  -999.00   -999.00   -999.00     5    -1.2    2228     0   0   0   0    -999.000  -999.000
0093   46.14   746.4     19.82     60.3    2221  -999  -999.00   -999.00   -999.00     5    -1.2    2221     0   0   0   0    -999.000  -999.000
0094   46.64   747.0     19.83     60.4    2215  -999  -999.00   -999.00   -999.00     5    -1.2    2215     0   0   0   0    -999.000  -999.000
0095   47.14   747.5     19.85     60.4    2209  -999  -999.00   -999.00   -999.00     5    -1.2    2209     0   0   0   0    -999.000  -999.000
0096   47.64   748.0     19.87     60.5    2203  -999  -999.00   -999.00   -999.00     5    -1.2    2203     0   0   0   0    -999.000  -999.000
0097   48.14   748.6     19.89     60.5    2197  -999  -999.00   -999.00   -999.00     5    -1.1    2197     0   0   0   0    -999.000  -999.000
0098   48.64   749.1     19.92     60.4    2190  -999  -999.00   -999.00   -999.00     5    -1.1    2190     0   0   0   0    -999.000  -999.000
0099   49.14   749.7     19.96     60.4    2184  -999  -999.00   -999.00   -999.00     5    -1.2    2184     0   0   0   0    -999.000  -999.000
0100   49.64   750.2     19.99     60.4    2178  -999  -999.00   -999.00   -999.00     5    -1.2    2178     0   0   0   0    -999.000  -999.000
0101   50.14   750.7     20.03     60.3    2172  -999  -999.00   -999.00   -999.00     5    -1.2    2172     0   0   0   0    -999.000  -999.000
0102   50.64   751.3     20.07     60.3    2165  -999  -999.00   -999.00   -999.00     5    -1.2    2165     0   0   0   0    -999.000  -999.000
0103   51.14   751.8     20.10     60.3    2159  -999  -999.00   -999.00   -999.00     5    -1.2    2159     0   0   0   0    -999.000  -999.000
0104   51.64   752.4     20.14     60.3    2153  -999  -999.00   -999.00   -999.00     5    -1.2    2153     0   0   0   0    -999.000  -999.000
0105   52.14   752.9     20.17     60.3    2147  -999  -999.00   -999.00   -999.00     5    -1.3    2147     0   0   0   0    -999.000  -999.000
0106   52.64   753.5     20.20     60.4    2140  -999  -999.00   -999.00   -999.00     5    -1.3    2140     0   0   0   0    -999.000  -999.000
0107   53.14   754.0     20.22     60.6    2134  -999  -999.00   -999.00   -999.00     5    -1.3    2134     0   0   0   0    -999.000  -999.000
0108   53.64   754.6     20.24     60.8    2128  -999  -999.00   -999.00   -999.00     5    -1.3    2128     0   0   0   0    -999.000  -999.000
0109   54.14   755.1     20.25     61.0    2121  -999  -999.00   -999.00   -999.00     5    -1.4    2121     0   0   0   0    -999.000  -999.000
0110   54.64   755.7     20.26     61.2    2115  -999  -999.00   -999.00   -999.00     5    -1.4    2115     0   0   0   0    -999.000  -999.000
0111   55.14   756.2     20.27     61.5    2109  -999  -999.00   -999.00   -999.00     5    -1.4    2109     0   0   0   0    -999.000  -999.000
0112   55.64   756.8     20.27     61.7    2102  -999  -999.00   -999.00   -999.00     5    -1.4    2102     0   0   0   0    -999.000  -999.000
0113   56.14   757.3     20.27     62.0    2096  -999  -999.00   -999.00   -999.00     5    -1.4    2096     0   0   0   0    -999.000  -999.000
0114   56.64   757.9     20.27     62.2    2090  -999  -999.00   -999.00   -999.00     5    -1.4    2090     0   0   0   0    -999.000  -999.000
0115   57.14   758.4     20.27     62.5    2083  -999  -999.00   -999.00   -999.00     5    -1.4    2083     0   0   0   0    -999.000  -999.000
0116   57.64   759.0     20.27     62.7    2077  -999  -999.00   -999.00   -999.00     5    -1.3    2077     0   0   0   0    -999.000  -999.000
0117   58.14   759.5     20.26     63.0    2071  -999  -999.00   -999.00   -999.00     5    -1.3    2071     0   0   0   0    -999.000  -999.000
0118   58.64  -999.0   -999.00   -999.0    -999  -999  -999.00   -999.00   -999.00     5  -999.0    -999     0   0   0   0    -999.000  -999.000
0119   59.14   760.6     20.26     63.3    2058  -999  -999.00   -999.00   -999.00     5    -1.2    2058     0   0   0   0    -999.000  -999.000
0120   59.64   761.2     20.26     63.5    2052  -999  -999.00   -999.00   -999.00     5    -1.1    2052     0   0   0   0    -999.000  -999.000
0121   60.14   761.7     20.26     63.6    2046  -999  -999.00   -999.00   -999.00     5    -1.1    2046     0   0   0   0    -999.000  -999.000
0122   60.64   762.3     20.27     63.7    2040  -999  -999.00   -999.00   -999.00     5    -1.0    2040     0   0   0   0    -999.000  -999.000
0123   61.14   762.8     20.28     63.8    2034  -999  -999.00   -999.00   -999.00     5    -1.0    2034     0   0   0   0    -999.000  -999.000
0124   61.64   763.4     20.29     63.9    2027  -999  -999.00   -999.00   -999.00     5    -1.0    2027     0   0   0   0    -999.000  -999.000
0125   62.14   763.9     20.31     64.0    2021  -999  -999.00   -999.00   -999.00     5    -0.9    2021     0   0   0   0    -999.000  -999.000
0126   62.64   764.4     20.33     64.0    2015  -999  -999.00   -999.00   -999.00     5    -0.9    2015     0   0   0   0    -999.000  -999.000
0127   63.14   765.0     20.35     64.1    2009  -999  -999.00   -999.00   -999.00     5    -0.9    2009     0   0   0   0    -999.000  -999.000
0128   63.64   765.5     20.37     64.1    2003  -999  -999.00   -999.00   -999.00     0    -0.8    2003     0   0   0   0    -999.000  -999.000
0129   64.14   766.0     20.39     64.2    1997  -999  -999.00   -999.00   -999.00     5    -0.8    1997     0   0   0   0    -999.000  -999.000
0130   64.64   766.5     20.41     64.3    1991  -999  -999.00   -999.00   -999.00     5    -0.8    1991     0   0   0   0    -999.000  -999.000
0131   65.14   767.1     20.43     64.3    1985  -999  -999.00   -999.00   -999.00     5    -0.8    1985     0   0   0   0    -999.000  -999.000
0132   65.64   767.6     20.45     64.4    1979  -999  -999.00   -999.00   -999.00     5    -0.8    1979     0   0   0   0    -999.000  -999.000
0133   66.14   768.1     20.47     64.5    1973  -999  -999.00   -999.00   -999.00     5    -0.8    1973     0   0   0   0    -999.000  -999.000
0134   66.64   768.7     20.49     64.6    1967  -999  -999.00   -999.00   -999.00     5    -0.9    1967     0   0   0   0    -999.000  -999.000
0135   67.14   769.2     20.51     64.6    1961  -999  -999.00   -999.00   -999.00     5    -0.9    1961     0   0   0   0    -999.000  -999.000
0136   67.64   769.8     20.54     64.7    1955  -999  -999.00   -999.00   -999.00     5    -0.9    1955     0   0   0   0    -999.000  -999.000
0137   68.14   770.3     20.56     64.8    1949  -999  -999.00   -999.00   -999.00     5    -0.8    1949     0   0   0   0    -999.000  -999.000
0138   68.64   770.8     20.58     64.9    1943  -999  -999.00   -999.00   -999.00     0    -0.8    1943     0   0   0   0    -999.000  -999.000
0139   69.14   771.4     20.59     65.0    1937  -999  -999.00   -999.00   -999.00     5    -0.8    1937     0   0   0   0    -999.000  -999.000
0140   69.64   771.9     20.61     65.1    1931  -999  -999.00   -999.00   -999.00     5    -0.8    1931     0   0   0   0    -999.000  -999.000
0141   70.14   772.4     20.63     65.2    1925  -999  -999.00   -999.00   -999.00     5    -0.8    1925     0   0   0   0    -999.000  -999.000
0142   70.64   773.0     20.64     65.3    1919  -999  -999.00   -999.00   -999.00     5    -0.7    1919     0   0   0   0    -999.000  -999.000
0143   71.14   773.5     20.66     65.4    1913  -999  -999.00   -999.00   -999.00     5    -0.7    1913     0   0   0   0    -999.000  -999.000
0144   71.64   774.0     20.67     65.4    1907  -999  -999.00   -999.00   -999.00     5    -0.7    1907     0   0   0   0    -999.000  -999.000
0145   72.14   774.5     20.69     65.5    1901  -999  -999.00   -999.00   -999.00     5    -0.7    1901     0   0   0   0    -999.000  -999.000
0146   72.64   775.1     20.71     65.6    1896  -999  -999.00   -999.00   -999.00     0    -0.7    1896     0   0   0   0    -999.000  -999.000
0147   73.14   775.6     20.73     65.6    1890  -999  -999.00   -999.00   -999.00     5    -0.7    1890     0   0   0   0    -999.000  -999.000
0148   73.64   776.1     20.74     65.7    1884  -999  -999.00   -999.00   -999.00     5    -0.7    1884     0   0   0   0    -999.000  -999.000
0149   74.14   776.7     20.76     65.8    1878  -999  -999.00   -999.00   -999.00     5    -0.7    1878     0   0   0   0    -999.000  -999.000
0150   74.64   777.2     20.78     65.9    1872  -999  -999.00   -999.00   -999.00     5    -0.7    1872     0   0   0   0    -999.000  -999.000
0151   75.14   777.7     20.79     66.1    1866  -999  -999.00   -999.00   -999.00     5    -0.7    1866     0   0   0   0    -999.000  -999.000
0152   75.64   778.3     20.80     66.2    1860  -999  -999.00   -999.00   -999.00     5    -0.7    1860     0   0   0   0    -999.000  -999.000
0153   76.14   778.8     20.81     66.4    1854  -999  -999.00   -999.00   -999.00     5    -0.7    1854     0   0   0   0    -999.000  -999.000
0154   76.64   779.3     20.82     66.6    1848  -999  -999.00   -999.00   -999.00     5    -0.7    1848     0   0   0   0    -999.000  -999.000
0155   77.14   779.9     20.82     66.8    1842  -999  -999.00   -999.00   -999.00     5    -0.7    1842     0   0   0   0    -999.000  -999.000
0156   77.64   780.4     20.82     67.0    1836  -999  -999.00   -999.00   -999.00     5    -0.7    1836     0   0   0   0    -999.000  -999.000
0157   78.14   780.9     20.82     67.2    1830  -999  -999.00   -999.00   -999.00     5    -0.7    1830     0   0   0   0    -999.000  -999.000
0158   78.64   781.4     20.82     67.4    1824  -999  -999.00   -999.00   -999.00     5    -0.7    1824     0   0   0   0    -999.000  -999.000
0159   79.14   782.0     20.83     67.5    1819  -999  -999.00   -999.00   -999.00     5    -0.7    1819     0   0   0   0    -999.000  -999.000
0160   79.64   782.5     20.83     67.7    1813  -999  -999.00   -999.00   -999.00     5    -0.7    1813     0   0   0   0    -999.000  -999.000
0161   80.14   783.0     20.83     67.8    1807  -999  -999.00   -999.00   -999.00     5    -0.7    1807     0   0   0   0    -999.000  -999.000
0162   80.64   783.6     20.84     68.0    1801  -999  -999.00   -999.00   -999.00     5    -0.7    1801     0   0   0   0    -999.000  -999.000
0163   81.14   784.1     20.85     68.1    1795  -999  -999.00   -999.00   -999.00     5    -0.7    1795     0   0   0   0    -999.000  -999.000
0164   81.64   784.6     20.85     68.3    1789     7    36.42     -4.15    -36.18     6    -0.7    1789     0   0   0   0      24.441   -85.470
0165   82.14   785.2     20.85     68.5    1783     6    36.43     -4.11    -36.20     6    -0.7    1783     0   0   0   0      24.440   -85.470
0166   82.64   785.7     20.86     68.7    1777     6    36.45     -4.08    -36.23     6    -0.7    1777     0   0   0   0      24.440   -85.470
0167   83.14   786.2     20.85     68.9    1772     6    36.48     -4.05    -36.25     6    -0.7    1772     0   0   0   0      24.440   -85.470
0168   83.64   786.8     20.85     69.1    1766     6    36.50     -4.04    -36.28     6    -0.6    1766     0   0   0   0      24.440   -85.470
0169   84.14   787.3     20.84     69.3    1760     6    36.53     -4.03    -36.30     6    -0.6    1760     0   0   0   0      24.440   -85.470
0170   84.64   787.8     20.84     69.5    1754     6    36.55     -4.03    -36.33     6    -0.6    1754     0   0   0   0      24.440   -85.470
0171   85.14   788.4     20.83     69.8    1748     6    36.58     -4.03    -36.36     6    -0.6    1748     0   0   0   0      24.439   -85.470
0172   85.64   788.9     20.82     69.9    1742     6    36.60     -4.03    -36.38     6    -0.6    1742     0   0   0   0      24.439   -85.470
0173   86.14   789.4     20.82     70.1    1736     6    36.61     -4.03    -36.39     6    -0.6    1736     0   0   0   0      24.439   -85.470
0174   86.64   789.9     20.82     70.2    1731     6    36.62     -4.02    -36.40     6    -0.7    1731     0   0   0   0      24.439   -85.470
0175   87.14   790.5     20.82     70.3    1725     6    36.63     -4.00    -36.41     6    -0.7    1725     0   0   0   0      24.439   -85.470
0176   87.64   791.0     20.83     70.4    1719  -999  -999.00   -999.00   -999.00     0    -0.7    1719     0   0   0   0    -999.000  -999.000
0177   88.14   791.5     20.84     70.5    1713     6    36.64     -3.95    -36.42     7    -0.7    1713     0   0   0   0      24.438   -85.471
0178   88.64   792.1     20.86     70.6    1707     6    36.64     -3.92    -36.43     7    -0.7    1707     0   0   0   0      24.438   -85.471
0179   89.14   792.6     20.88     70.7    1701     6    36.65     -3.89    -36.44     7    -0.8    1701     0   0   0   0      24.438   -85.471
0180   89.64   793.2     20.91     70.8    1695     6    36.65     -3.85    -36.45     7    -0.8    1695     0   0   0   0      24.438   -85.471
0181   90.14   793.7     20.93     70.8    1689     6    36.65     -3.82    -36.45     7    -0.8    1689     0   0   0   0      24.438   -85.471
0182   90.64   794.2     20.96     70.9    1683  -999  -999.00   -999.00   -999.00     0    -0.8    1683     0   0   0   0    -999.000  -999.000
0183   91.14   794.8     20.99     71.0    1678     6    36.63     -3.71    -36.44     7    -0.8    1678     0   0   0   0      24.437   -85.471
0184   91.64   795.3     21.02     71.0    1672     6    36.60     -3.63    -36.42     7    -0.9    1672     0   0   0   0      24.437   -85.471
0185   92.14   795.9     21.04     71.1    1666     6    36.57     -3.53    -36.40     7    -0.9    1666     0   0   0   0      24.437   -85.471
0186   92.64   796.4     21.06     71.2    1660     5    36.53     -3.40    -36.37     7    -0.9    1660     0   0   0   0      24.437   -85.471
0187   93.14   797.0     21.08     71.4    1654     5    36.48     -3.24    -36.33     6    -0.9    1654     0   0   0   0      24.437   -85.471
0188   93.64   797.5     21.09     71.5    1648     5    36.42     -3.05    -36.30     6    -0.9    1648     0   0   0   0      24.437   -85.471
0189   94.14   798.1     21.10     71.7    1642     5    36.37     -2.86    -36.26     6    -1.0    1642     0   0   0   0      24.437   -85.471
0190   94.64   798.6     21.10     72.0    1636     4    36.32     -2.65    -36.22     6    -1.0    1636     0   0   0   0      24.436   -85.471
0191   95.14   799.2     21.10     72.2    1630     4    36.27     -2.45    -36.18     6    -1.0    1630     0   0   0   0      24.436   -85.471
0192   95.64   799.7     21.10     72.5    1624     4    36.22     -2.26    -36.15     6    -1.0    1624     0   0   0   0      24.436   -85.471
0193   96.14   800.3     21.10     72.7    1618     3    36.18     -2.10    -36.12     6    -1.0    1618     0   0   0   0      24.436   -85.471
0194   96.64   800.8     21.10     73.0    1612     3    36.15     -1.96    -36.10     6    -1.1    1612     0   0   0   0      24.436   -85.471
0195   97.14   801.4     21.09     73.2    1606     3    36.12     -1.85    -36.07     6    -1.1    1606     0   0   0   0      24.436   -85.471
0196   97.64   801.9     21.09     73.4    1600     3    36.10     -1.76    -36.06     7    -1.1    1600     0   0   0   0      24.435   -85.471
0197   98.14   802.5     21.08     73.6    1594     3    36.08     -1.70    -36.04     7    -1.1    1594     0   0   0   0      24.435   -85.471
0198   98.64   803.0     21.08     73.8    1588     3    36.06     -1.66    -36.02     7    -1.1    1588     0   0   0   0      24.435   -85.471
0199   99.14   803.6     21.06     74.1    1582     3    36.04     -1.63    -36.00     7    -1.1    1582     0   0   0   0      24.435   -85.471
0200   99.64   804.2     21.05     74.5    1576     3    36.02     -1.62    -35.98     7    -1.0    1576     0   0   0   0      24.435   -85.471
0201  100.14   804.7     21.03     74.9    1570  -999  -999.00   -999.00   -999.00     0    -1.0    1570     0   0   0   0    -999.000  -999.000
0202  100.64   805.3     21.00     75.5    1564  -999  -999.00   -999.00   -999.00     0    -1.0    1564     0   0   0   0    -999.000  -999.000
0203  101.14   805.8     20.97     76.1    1558     3    35.92     -1.58    -35.89     7    -0.9    1558     0   0   0   0      24.434   -85.471
0204  101.64  -999.0   -999.00   -999.0    -999     2    35.87     -1.55    -35.84     7  -999.0    -999     0   0   0   0      24.434   -85.471
0205  102.14   806.9     20.89     77.6    1546  -999  -999.00   -999.00   -999.00     0    -0.9    1546     0   0   0   0    -999.000  -999.000
0206  102.64   807.5     20.85     78.5    1540  -999  -999.00   -999.00   -999.00     0    -0.9    1540     0   0   0   0    -999.000  -999.000
0207  103.14   808.0     20.80     79.3    1534     2    35.66     -1.37    -35.63     7    -1.0    1534     0   0   0   0      24.434   -85.471
0208  103.64   808.6     20.76     80.2    1528     2    35.57     -1.27    -35.54     7    -1.0    1528     0   0   0   0      24.433   -85.471
0209  104.14   809.1     20.72     81.0    1522     2    35.47     -1.16    -35.45     7    -1.0    1522     0   0   0   0      24.433   -85.471
0210  104.64   809.7     20.68     81.8    1516     2    35.37     -1.04    -35.36     7    -1.1    1516     0   0   0   0      24.433   -85.471
0211  105.14   810.2     20.65     82.5    1510     1    35.28     -0.91    -35.27     7    -1.2    1510     0   0   0   0      24.433   -85.471
0212  105.64   810.8     20.63     83.2    1504     1    35.19     -0.79    -35.18     7    -1.2    1504     0   0   0   0      24.433   -85.471
0213  106.14   811.4     20.61     83.8    1498     1    35.11     -0.67    -35.11     7    -1.3    1498     0   0   0   0      24.433   -85.471
0214  106.64   811.9     20.61     84.2    1492  -999  -999.00   -999.00   -999.00     0    -1.3    1492     0   0   0   0    -999.000  -999.000
0215  107.14   812.5     20.61     84.6    1486     1    35.00     -0.49    -35.00     7    -1.3    1486     0   0   0   0      24.432   -85.471
0216  107.64   813.1     20.62     84.9    1480     1    34.97     -0.42    -34.97     7    -1.3    1480     0   0   0   0      24.432   -85.471
0217  108.14   813.7     20.65     85.0    1474     1    34.94     -0.36    -34.94     7    -1.3    1474     0   0   0   0      24.432   -85.471
0218  108.64   814.2     20.68     85.0    1467     1    34.93     -0.31    -34.93     7    -1.3    1467     0   0   0   0      24.432   -85.471
0219  109.14   814.8     20.72     85.0    1461     0    34.92     -0.27    -34.92     7    -1.3    1461     0   0   0   0      24.432   -85.471
0220  109.64   815.4     20.76     85.0    1455     0    34.92     -0.23    -34.92     7    -1.2    1455     0   0   0   0      24.432   -85.471
0221  110.14   815.9     20.81     84.9    1449     0    34.92     -0.19    -34.92     7    -1.2    1449     0   0   0   0      24.431   -85.471
0222  110.64   816.5     20.85     84.8    1443     0    34.92     -0.14    -34.92     7    -1.1    1443     0   0   0   0      24.431   -85.471
0223  111.14   817.1     20.90     84.7    1437     0    34.91     -0.08    -34.91     7    -1.1    1437     0   0   0   0      24.431   -85.471
0224  111.64   817.6     20.95     84.6    1431     0    34.90     -0.02    -34.90     7    -1.1    1431     0   0   0   0      24.431   -85.471
0225  112.14   818.2     21.00     84.5    1426   360    34.89      0.04    -34.89     7    -1.0    1426     0   0   0   0      24.431   -85.471
0226  112.64   818.7     21.04     84.5    1420   360    34.87      0.09    -34.87     7    -1.1    1420     0   0   0   0      24.431   -85.471
0227  113.14   819.3     21.08     84.5    1414   360    34.84      0.13    -34.84     7    -1.1    1414     0   0   0   0      24.430   -85.471
0228  113.64   819.9     21.12     84.5    1408   360    34.80      0.17    -34.80     7    -1.1    1408     0   0   0   0      24.430   -85.471
0229  114.14   820.4     21.16     84.5    1402   360    34.74      0.18    -34.74     7    -1.1    1402     0   0   0   0      24.430   -85.471
0230  114.64   821.0     21.20     84.6    1396   360    34.68      0.18    -34.68     7    -1.2    1396     0   0   0   0      24.430   -85.471
0231  115.14   821.6     21.23     84.6    1390   360    34.61      0.15    -34.61     7    -1.2    1390     0   0   0   0      24.430   -85.471
0232  115.64   822.1     21.25     84.8    1384   360    34.54      0.09    -34.54     7    -1.3    1384     0   0   0   0      24.430   -85.471
0233  116.14   822.7     21.27     85.1    1378   360    34.47      0.01    -34.47     7    -1.3    1378     0   0   0   0      24.429   -85.471
0234  116.64   823.3     21.28     85.5    1371     0    34.41     -0.09    -34.41     7    -1.4    1371     0   0   0   0      24.429   -85.471
0235  117.14   823.9     21.29     85.9    1365     0    34.35     -0.20    -34.35     7    -1.4    1365     0   0   0   0      24.429   -85.471
0236  117.64   824.4     21.29     86.5    1359  -999  -999.00   -999.00   -999.00     0    -1.5    1359     0   0   0   0    -999.000  -999.000
0237  118.14   825.0     21.28     87.1    1353     1    34.24     -0.44    -34.24     7    -1.5    1353     0   0   0   0      24.429   -85.471
0238  118.64   825.6     21.26     87.6    1347     1    34.21     -0.53    -34.20     7    -1.6    1347     0   0   0   0      24.429   -85.471
0239  119.14   826.2     21.25     88.1    1341     1    34.19     -0.58    -34.19     7    -1.6    1341     0   0   0   0      24.429   -85.471
0240  119.64   826.8     21.24     88.5    1334     1    34.19     -0.60    -34.18     7    -1.7    1334     0   0   0   0      24.428   -85.471
0241  120.14   827.4     21.24     88.8    1328     1    34.19     -0.58    -34.19     7    -1.7    1328     0   0   0   0      24.428   -85.471
0242  120.64   828.0     21.24     89.1    1322     1    34.21     -0.53    -34.21     7    -1.7    1322     0   0   0   0      24.428   -85.471
0243  121.14   828.6     21.25     89.3    1316     1    34.24     -0.45    -34.24     7    -1.7    1316     0   0   0   0      24.428   -85.471
0244  121.64   829.2     21.27     89.4    1309     1    34.27     -0.36    -34.26     7    -1.8    1309     0   0   0   0      24.428   -85.471
0245  122.14   829.8     21.29     89.5    1303     0    34.29     -0.28    -34.29     7    -1.8    1303     0   0   0   0      24.428   -85.471
0246  122.64   830.4     21.32     89.5    1297     0    34.30     -0.19    -34.30     7    -1.8    1297     0   0   0   0      24.427   -85.471
0247  123.14   831.0     21.36     89.4    1290     0    34.30     -0.12    -34.30     7    -1.7    1290     0   0   0   0      24.427   -85.471
0248  123.64   831.6     21.39     89.4    1284     0    34.30     -0.07    -34.30     7    -1.7    1284     0   0   0   0      24.427   -85.471
0249  124.14   832.2     21.44     89.3    1278     0    34.29     -0.04    -34.29     7    -1.7    1278     0   0   0   0      24.427   -85.471
0250  124.64   832.8     21.48     89.2    1272     0    34.27     -0.02    -34.27     7    -1.7    1272     0   0   0   0      24.427   -85.471
0251  125.14   833.4     21.53     89.1    1265     0    34.25     -0.01    -34.25     7    -1.7    1265     0   0   0   0      24.427   -85.471
0252  125.64   833.9     21.58     89.1    1259     0    34.22     -0.00    -34.22     7    -1.6    1259     0   0   0   0      24.427   -85.471
0253  126.14   834.5     21.63     89.0    1253   360    34.19      0.00    -34.19     7    -1.6    1253     0   0   0   0      24.426   -85.471
0254  126.64   835.1     21.68     89.0    1247   360    34.16      0.02    -34.16     7    -1.6    1247     0   0   0   0      24.426   -85.471
0255  127.14   835.7     21.73     89.0    1241   360    34.12      0.04    -34.12     7    -1.5    1241     0   0   0   0      24.426   -85.471
0256  127.64   836.3     21.77     89.0    1235  -999  -999.00   -999.00   -999.00     0    -1.5    1235     0   0   0   0    -999.000  -999.000
0257  128.14   836.9     21.82     89.0    1229   360    34.06      0.11    -34.06     7    -1.5    1229     0   0   0   0      24.426   -85.471
0258  128.64   837.5     21.85     89.0    1222  -999  -999.00   -999.00   -999.00     0    -1.5    1222     0   0   0   0    -999.000  -999.000
0259  129.14   838.1     21.89     89.1    1216   360    34.00      0.21    -34.00     7    -1.5    1216     0   0   0   0      24.425   -85.471
0260  129.64   838.6     21.92     89.1    1210   360    33.98      0.27    -33.98     7    -1.4    1210     0   0   0   0      24.425   -85.471
0261  130.14   839.2     21.96     89.0    1204   359    33.97      0.33    -33.97     7    -1.4    1204     0   0   0   0      24.425   -85.471
0262  130.64   839.8     21.99     89.0    1198   359    33.95      0.40    -33.95     7    -1.4    1198     0   0   0   0      24.425   -85.471
0263  131.14   840.4     22.02     89.0    1192   359    33.94      0.46    -33.94     7    -1.4    1192     0   0   0   0      24.425   -85.471
0264  131.64   841.0     22.05     89.0    1186   359    33.93      0.51    -33.92     7    -1.4    1186     0   0   0   0      24.425   -85.471
0265  132.14   841.6     22.08     89.1    1180   359    33.91      0.55    -33.91     7    -1.4    1180     0   0   0   0      24.425   -85.471
0266  132.64   842.2     22.11     89.1    1174   359    33.88      0.58    -33.88     7    -1.4    1174     0   0   0   0      24.424   -85.471
0267  133.14   842.7     22.13     89.2    1168   359    33.85      0.58    -33.84     7    -1.4    1168     0   0   0   0      24.424   -85.471
0268  133.64   843.3     22.16     89.3    1162   359    33.80      0.57    -33.80     7    -1.4    1162     0   0   0   0      24.424   -85.471
0269  134.14   843.9     22.19     89.4    1156   359    33.75      0.55    -33.75     7    -1.4    1156     0   0   0   0      24.424   -85.471
0270  134.64   844.5     22.21     89.6    1149   359    33.70      0.52    -33.69     7    -1.4    1149     0   0   0   0      24.424   -85.471
0271  135.14   845.1     22.23     89.7    1143   359    33.64      0.49    -33.64     7    -1.4    1143     0   0   0   0      24.424   -85.471
0272  135.64   845.7     22.26     89.8    1137   359    33.59      0.47    -33.58     7    -1.4    1137     0   0   0   0      24.423   -85.471
0273  136.14   846.3     22.28     89.9    1131   359    33.54      0.47    -33.54     7    -1.4    1131     0   0   0   0      24.423   -85.471
0274  136.64   846.8     22.30     89.9    1125   359    33.51      0.50    -33.50     7    -1.4    1125     0   0   0   0      24.423   -85.471
0275  137.14   847.4     22.32     90.0    1119   359    33.48      0.54    -33.48     7    -1.3    1119     0   0   0   0      24.423   -85.471
0276  137.64   848.0     22.35     90.0    1113  -999  -999.00   -999.00   -999.00     0    -1.3    1113     0   0   0   0    -999.000  -999.000
0277  138.14   848.6     22.37     90.1    1107   359    33.46      0.67    -33.46     7    -1.3    1107     0   0   0   0      24.423   -85.471
0278  138.64   849.2     22.40     90.2    1101  -999  -999.00   -999.00   -999.00     0    -1.2    1101     0   0   0   0    -999.000  -999.000
0279  139.14   849.7     22.42     90.3    1095  -999  -999.00   -999.00   -999.00     0    -1.2    1095     0   0   0   0    -999.000  -999.000
0280  139.64   850.3     22.45     90.4    1089  -999  -999.00   -999.00   -999.00     0    -1.2    1089     0   0   0   0    -999.000  -999.000
0281  140.14   850.9     22.47     90.6    1083   358    33.50      0.99    -33.48     7    -1.2    1083     0   0   0   0      24.422   -85.471
0282  140.64   851.5     22.49     90.7    1078  -999  -999.00   -999.00   -999.00     0    -1.2    1078     0   0   0   0    -999.000  -999.000
0283  141.14   852.0     22.51     90.9    1072   358    33.52      1.13    -33.50     7    -1.2    1072     0   0   0   0      24.422   -85.471
0284  141.64   852.6     22.53     91.0    1066   358    33.53      1.19    -33.51     7    -1.2    1066     0   0   0   0      24.422   -85.471
0285  142.14   853.2     22.55     91.1    1060   358    33.53      1.25    -33.50     7    -1.2    1060     0   0   0   0      24.422   -85.471
0286  142.64   853.8     22.57     91.2    1054   358    33.51      1.29    -33.49     7    -1.2    1054     0   0   0   0      24.421   -85.471
0287  143.14   854.4     22.59     91.2    1048   358    33.49      1.33    -33.47     7    -1.2    1048     0   0   0   0      24.421   -85.471
0288  143.64   854.9     22.62     91.2    1042   358    33.47      1.35    -33.44     7    -1.2    1042     0   0   0   0      24.421   -85.471
0289  144.14   855.5     22.64     91.2    1036   358    33.44      1.37    -33.41     7    -1.1    1036     0   0   0   0      24.421   -85.471
0290  144.64   856.1     22.66     91.2    1030   358    33.41      1.38    -33.38     7    -1.1    1030     0   0   0   0      24.421   -85.471
0291  145.14   856.7     22.68     91.2    1024   358    33.38      1.39    -33.35     7    -1.1    1024     0   0   0   0      24.421   -85.471
0292  145.64   857.2     22.70     91.2    1018   358    33.36      1.39    -33.33     7    -1.1    1018     0   0   0   0      24.420   -85.471
0293  146.14   857.8     22.71     91.2    1013   358    33.35      1.40    -33.32     8    -1.1    1013     0   0   0   0      24.420   -85.471
0294  146.64   858.4     22.73     91.3    1007   358    33.34      1.40    -33.31     8    -1.1    1007     0   0   0   0      24.420   -85.471
0295  147.14   859.0     22.73     91.3    1001   358    33.34      1.41    -33.31     8    -1.1    1001     0   0   0   0      24.420   -85.471
0296  147.64   859.5     22.74     91.5     995   358    33.35      1.41    -33.32     8    -1.1     995     0   0   0   0      24.420   -85.471
0297  148.14   860.1     22.74     91.6     989   358    33.36      1.39    -33.33     8    -1.1     989     0   0   0   0      24.420   -85.471
0298  148.64   860.7     22.74     91.8     983   358    33.37      1.36    -33.34     8    -1.1     983     0   0   0   0      24.420   -85.471
0299  149.14   861.3     22.73     92.0     977   358    33.38      1.32    -33.36     8    -1.0     977     0   0   0   0      24.419   -85.471
0300  149.64   861.8     22.72     92.2     972   358    33.39      1.25    -33.36     8    -1.0     972     0   0   0   0      24.419   -85.471
0301  150.14   862.4     22.71     92.4     966   358    33.38      1.15    -33.36     8    -1.0     966     0   0   0   0      24.419   -85.471
0302  150.64   863.0     22.69     92.6     960   358    33.35      1.03    -33.33     8    -1.0     960     0   0   0   0      24.419   -85.471
0303  151.14   863.6     22.69     92.8     954   358    33.31      0.91    -33.29     8    -1.0     954     0   0   0   0      24.419   -85.471
0304  151.64   864.1     22.68     93.0     948   359    33.26      0.79    -33.25     8    -1.0     948     0   0   0   0      24.419   -85.471
0305  152.14   864.7     22.67     93.3     943   359    33.19      0.68    -33.19     8    -1.0     943     0   0   0   0      24.418   -85.471
0306  152.64   865.3     22.67     93.6     937   359    33.13      0.60    -33.12     8    -1.1     937     0   0   0   0      24.418   -85.471
0307  153.14   865.8     22.68     93.9     931   359    33.07      0.55    -33.07     8    -1.1     931     0   0   0   0      24.418   -85.471
0308  153.64   866.4     22.68     94.3     925   359    33.03      0.55    -33.03     8    -1.1     925     0   0   0   0      24.418   -85.471
0309  154.14   867.0     22.70     94.8     919   359    33.02      0.58    -33.01     8    -1.1     919     0   0   0   0      24.418   -85.471
0310  154.64   867.6     22.71     95.3     913   359    33.02      0.65    -33.02     8    -1.2     913     0   0   0   0      24.418   -85.471
0311  155.14   868.2     22.72     96.0     907   359    33.05      0.75    -33.05     8    -1.2     907     0   0   0   0      24.418   -85.471
0312  155.64   868.8     22.74     96.7     902   358    33.12      0.88    -33.11     8    -1.2     902     0   0   0   0      24.417   -85.471
0313  156.14   869.3     22.76     97.4     896   358    33.20      1.02    -33.18     8    -1.2     896     0   0   0   0      24.417   -85.471
0314  156.64   869.9     22.77     98.0     890   358    33.29      1.16    -33.27     8    -1.2     890     0   0   0   0      24.417   -85.471
0315  157.14   870.5     22.79     98.6     884   358    33.39      1.30    -33.37     8    -1.2     884     0   0   0   0      24.417   -85.471
0316  157.64   871.1     22.81     99.1     878   358    33.49      1.42    -33.46     8    -1.2     878     0   0   0   0      24.417   -85.471
0317  158.14   871.7     22.82     99.5     872   357    33.58      1.54    -33.55     8    -1.2     872     0   0   0   0      24.417   -85.471
0318  158.64   872.3     22.84     99.8     866   357    33.67      1.63    -33.63     8    -1.2     866     0   0   0   0      24.417   -85.471
0319  159.14   872.8     22.86    100.0     860   357    33.74      1.70    -33.70     8    -1.2     860     0   0   0   0      24.416   -85.471
0320  159.64   873.4     22.88    100.0     855   357    33.81      1.75    -33.77     8    -1.3     855     0   0   0   0      24.416   -85.471
0321  160.14   874.0     22.91    100.0     849   357    33.87      1.77    -33.82     8    -1.3     849     0   0   0   0      24.416   -85.471
0322  160.64   874.6     22.93    100.0     843   357    33.92      1.76    -33.87     8    -1.3     843     0   0   0   0      24.416   -85.471
0323  161.14   875.2     22.96    100.0     837   357    33.96      1.74    -33.92     8    -1.3     837     0   0   0   0      24.416   -85.471
0324  161.64   875.8     22.98    100.0     831   357    34.00      1.69    -33.95     8    -1.3     831     0   0   0   0      24.416   -85.471
0325  162.14   876.4     23.01    100.0     825   357    34.03      1.63    -33.99     8    -1.3     825     0   0   0   0      24.415   -85.471
0326  162.64   877.0     23.03    100.0     819   357    34.05      1.56    -34.02     8    -1.3     819     0   0   0   0      24.415   -85.471
0327  163.14   877.6     23.06    100.0     813   357    34.08      1.49    -34.05     8    -1.3     813     0   0   0   0      24.415   -85.471
0328  163.64   878.2     23.09    100.0     807   358    34.11      1.43    -34.08     8    -1.3     807     0   0   0   0      24.415   -85.471
0329  164.14   878.7     23.12    100.0     801   358    34.13      1.37    -34.11     8    -1.2     801     0   0   0   0      24.415   -85.471
0330  164.64   879.3     23.15    100.0     795   358    34.16      1.32    -34.14     8    -1.1     795     0   0   0   0      24.415   -85.471
0331  165.14   879.9     23.18    100.0     790   358    34.19      1.28    -34.16     8    -1.0     790     0   0   0   0      24.415   -85.471
0332  165.64   880.5     23.21    100.0     784   358    34.22      1.26    -34.19     8    -0.9     784     0   0   0   0      24.414   -85.471
0333  166.14   881.1     23.25    100.0     778   358    34.25      1.24    -34.22     8    -0.8     778     0   0   0   0      24.414   -85.471
0334  166.64   881.6     23.30    100.0     773   358    34.27      1.24    -34.25     8    -0.7     773     0   0   0   0      24.414   -85.471
0335  167.14   882.2     23.34    100.0     767   358    34.30      1.26    -34.28     8    -0.6     767     0   0   0   0      24.414   -85.471
0336  167.64   882.7     23.39    100.0     761   358    34.32      1.31    -34.30     8    -0.4     761     0   0   0   0      24.414   -85.471
0337  168.14   883.3     23.44    100.0     756   358    34.34      1.40    -34.31     8    -0.3     756     0   0   0   0      24.414   -85.471
0338  168.64   883.8     23.49    100.0     751  -999  -999.00   -999.00   -999.00     0    -0.2     751     0   0   0   0    -999.000  -999.000
0339  169.14  -999.0   -999.00   -999.0    -999  -999  -999.00   -999.00   -999.00     0  -999.0    -999     0   0   0   0    -999.000  -999.000
0340  169.64   884.9     23.59    100.0     740  -999  -999.00   -999.00   -999.00     0     0.1     740     0   0   0   0    -999.000  -999.000
0341  170.14   885.4     23.63    100.0     735   357    34.29      2.04    -34.23     8     0.2     735     0   0   0   0      24.413   -85.471
0342  170.64   885.9     23.67    100.0     730   356    34.24      2.27    -34.17     8     0.4     730     0   0   0   0      24.413   -85.471
0343  171.14   886.4     23.70    100.0     725   356    34.20      2.53    -34.10     7     0.5     725     0   0   0   0      24.413   -85.471
0344  171.64   886.9     23.73    100.0     720   355    34.15      2.79    -34.04     7     0.5     720     0   0   0   0      24.413   -85.471
0345  172.14   887.4     23.75    100.0     715   355    34.12      3.06    -33.98     7     0.6     715     0   0   0   0      24.412   -85.471
0346  172.64   887.9     23.77    100.0     710  -999  -999.00   -999.00   -999.00     0     0.6     710     0   0   0   0    -999.000  -999.000
0347  173.14   888.4     23.79    100.0     705   354    34.09      3.54    -33.90     7     0.6     705     0   0   0   0      24.412   -85.471
0348  173.64   888.9     23.81    100.0     700   354    34.10      3.74    -33.89     7     0.6     700     0   0   0   0      24.412   -85.471
0349  174.14   889.4     23.83    100.0     695   353    34.11      3.91    -33.89     7     0.5     695     0   0   0   0      24.412   -85.470
0350  174.64   889.9     23.86    100.0     690   353    34.14      4.05    -33.90     7     0.5     690     0   0   0   0      24.412   -85.470
0351  175.14   890.4     23.89    100.0     685   353    34.17      4.14    -33.92     7     0.4     685     0   0   0   0      24.411   -85.470
0352  175.64   890.9     23.92    100.0     680   353    34.20      4.21    -33.94     7     0.4     680     0   0   0   0      24.411   -85.470
0353  176.14   891.4     23.95    100.0     675   353    34.24      4.24    -33.97     7     0.3     675     0   0   0   0      24.411   -85.470
0354  176.64   892.0     23.99    100.0     670   353    34.28      4.24    -34.01     7     0.3     670     0   0   0   0      24.411   -85.470
0355  177.14   892.5     24.03    100.0     665   353    34.32      4.22    -34.06     7     0.3     665     0   0   0   0      24.411   -85.470
0356  177.64   893.0     24.08    100.0     660   353    34.36      4.21    -34.10     7     0.3     660     0   0   0   0      24.411   -85.470
0357  178.14   893.5     24.12    100.0     655   353    34.39      4.20    -34.14     7     0.4     655     0   0   0   0      24.411   -85.470
0358  178.64   894.0     24.15    100.0     650   353    34.43      4.22    -34.17     7     0.4     650     0   0   0   0      24.410   -85.470
0359  179.14   894.5     24.18    100.0     645   353    34.46      4.26    -34.20     7     0.5     645     0   0   0   0      24.410   -85.470
0360  179.64   895.0     24.21    100.0     640   353    34.50      4.32    -34.23     7     0.5     640     0   0   0   0      24.410   -85.470
0361  180.14   895.5     24.23    100.0     635   353    34.55      4.41    -34.27     7     0.5     635     0   0   0   0      24.410   -85.470
0362  180.64   896.0     24.25    100.0     630   353    34.62      4.51    -34.32     7     0.6     630     0   0   0   0      24.410   -85.470
0363  181.14   896.5     24.26    100.0     625   352    34.70      4.63    -34.39     7     0.6     625     0   0   0   0      24.410   -85.470
0364  181.64   897.0     24.27    100.0     620   352    34.79      4.74    -34.46     7     0.6     620     0   0   0   0      24.410   -85.470
0365  182.14   897.5     24.27    100.0     615   352    34.89      4.86    -34.55     7     0.7     615     0   0   0   0      24.409   -85.470
0366  182.64   898.0     24.28    100.0     610   352    34.99      4.97    -34.64     7     0.7     610     0   0   0   0      24.409   -85.470
0367  183.14   898.5     24.29    100.0     605   352    35.09      5.07    -34.72     7     0.7     605     0   0   0   0      24.409   -85.470
0368  183.64   899.0     24.29    100.0     600   352    35.17      5.16    -34.79     7     0.7     600     0   0   0   0      24.409   -85.470
0369  184.14   899.5     24.30    100.0     596   351    35.24      5.23    -34.85     7     0.6     596     0   0   0   0      24.409   -85.470
0370  184.64   900.0     24.31    100.0     591   351    35.30      5.29    -34.91     7     0.6     591     0   0   0   0      24.409   -85.470
0371  185.14   900.5     24.32    100.0     586   351    35.36      5.33    -34.95     7     0.5     586     0   0   0   0      24.408   -85.470
0372  185.64   901.0     24.33    100.0     581   351    35.40      5.36    -34.99     7     0.5     581     0   0   0   0      24.408   -85.470
0373  186.14   901.5     24.35    100.0     576   351    35.43      5.40    -35.02     7     0.4     576     0   0   0   0      24.408   -85.470
0374  186.64   902.0     24.36    100.0     571   351    35.46      5.45    -35.04     7     0.3     571     0   0   0   0      24.408   -85.470
0375  187.14   902.5     24.38    100.0     566   351    35.49      5.53    -35.05     7     0.2     566     0   0   0   0      24.408   -85.470
0376  187.64   903.1     24.40    100.0     561   351    35.50      5.65    -35.05     7     0.1     561     0   0   0   0      24.408   -85.470
0377  188.14   903.6     24.41    100.0     556   351    35.50      5.81    -35.02     7    -0.0     556     0   0   0   0      24.407   -85.470
0378  188.64   904.1     24.43    100.0     550   350    35.48      6.01    -34.96     7    -0.1     550     0   0   0   0      24.407   -85.470
0379  189.14   904.7     24.45    100.0     545   350    35.43      6.24    -34.88     7    -0.2     545     0   0   0   0      24.407   -85.470
0380  189.64   905.2     24.46    100.0     540   349    35.37      6.48    -34.77     7    -0.3     540     0   0   0   0      24.407   -85.470
0381  190.14   905.8     24.48    100.0     534   349    35.29      6.73    -34.65     7    -0.4     534     0   0   0   0      24.407   -85.470
0382  190.64   906.3     24.50    100.0     529   349    35.20      6.97    -34.50     7    -0.4     529     0   0   0   0      24.407   -85.470
0383  191.14   906.9     24.51    100.0     523   348    35.09      7.19    -34.35     7    -0.5     523     0   0   0   0      24.407   -85.470
0384  191.64   907.5     24.53    100.0     518   348    34.96      7.38    -34.18     7    -0.5     518     0   0   0   0      24.406   -85.470
0385  192.14   908.0     24.54    100.0     512  -999  -999.00   -999.00   -999.00     0    -0.5     512     0   0   0   0    -999.000  -999.000
0386  192.64   908.6     24.56    100.0     507   347    34.64      7.65    -33.79     7    -0.5     507     0   0   0   0      24.406   -85.470
0387  193.14   909.1     24.58    100.0     502   347    34.46      7.74    -33.58     7    -0.5     502     0   0   0   0      24.406   -85.470
0388  193.64   909.7     24.59    100.0     496   347    34.27      7.80    -33.37     7    -0.6     496     0   0   0   0      24.406   -85.469
0389  194.14   910.2     24.61    100.0     491   347    34.07      7.84    -33.15     7    -0.6     491     0   0   0   0      24.406   -85.469
0390  194.64   910.8     24.63    100.0     485   347    33.88      7.87    -32.95     7    -0.6     485     0   0   0   0      24.405   -85.469
0391  195.14   911.4     24.66    100.0     480   346    33.70      7.90    -32.77     7    -0.6     480     0   0   0   0      24.405   -85.469
0392  195.64   911.9     24.68    100.0     474   346    33.56      7.93    -32.61     7    -0.6     474     0   0   0   0      24.405   -85.469
0393  196.14   912.5     24.70    100.0     469   346    33.44      7.97    -32.48     7    -0.6     469     0   0   0   0      24.405   -85.469
0394  196.64   913.1     24.73    100.0     463   346    33.36      8.00    -32.38     7    -0.6     463     0   0   0   0      24.405   -85.469
0395  197.14   913.6     24.75    100.0     458   346    33.31      8.02    -32.33     7    -0.7     458     0   0   0   0      24.405   -85.469
0396  197.64   914.2     24.78    100.0     452  -999  -999.00   -999.00   -999.00     0    -0.7     452     0   0   0   0    -999.000  -999.000
0397  198.14   914.8     24.80    100.0     447   346    33.34      8.01    -32.36     7    -0.7     447     0   0   0   0      24.404   -85.469
0398  198.64   915.4     24.82    100.0     441   346    33.40      7.97    -32.44     7    -0.7     441     0   0   0   0      24.404   -85.469
0399  199.14   915.9     24.85    100.0     436   346    33.49      7.90    -32.54     7    -0.8     436     0   0   0   0      24.404   -85.469
0400  199.64   916.5     24.87    100.0     430  -999  -999.00   -999.00   -999.00     0    -0.9     430     0   0   0   0    -999.000  -999.000
0401  200.14   917.1     24.89    100.0     425   347    33.74      7.71    -32.84     7    -0.9     425     0   0   0   0      24.404   -85.469
0402  200.64   917.7     24.92    100.0     419   347    33.89      7.60    -33.03     7    -1.0     419     0   0   0   0      24.404   -85.469
0403  201.14   918.3     24.95    100.0     413   347    34.07      7.48    -33.24     7    -1.1     413     0   0   0   0      24.404   -85.469
0404  201.64   918.8     24.98    100.0     408   348    34.25      7.37    -33.45     7    -1.2     408     0   0   0   0      24.403   -85.469
0405  202.14   919.4     25.01    100.0     402   348    34.42      7.27    -33.65     7    -1.3     402     0   0   0   0      24.403   -85.469
0406  202.64   920.1     25.05    100.0     396   348    34.58      7.20    -33.82     7    -1.4     396     0   0   0   0      24.403   -85.469
0407  203.14   920.7     25.08    100.0     390   348    34.71      7.13    -33.97     7    -1.6     390     0   0   0   0      24.403   -85.469
0408  203.64   921.3     25.11    100.0     384   348    34.81      7.08    -34.08     7    -1.7     384     0   0   0   0      24.403   -85.469
0409  204.14   921.9     25.14    100.0     378   348    34.85      7.03    -34.14     7    -1.8     378     0   0   0   0      24.403   -85.469
0410  204.64   922.6     25.17    100.0     372   348    34.85      6.97    -34.14     7    -1.8     372     0   0   0   0      24.402   -85.469
0411  205.14   923.2     25.20    100.0     366   349    34.82      6.92    -34.12     7    -1.9     366     0   0   0   0      24.402   -85.469
0412  205.64   923.8     25.23    100.0     360   349    34.78      6.87    -34.09     7    -2.0     360     0   0   0   0      24.402   -85.469
0413  206.14   924.5     25.25    100.0     354   349    34.75      6.84    -34.07     7    -2.1     354     0   0   0   0      24.402   -85.469
0414  206.64   925.1     25.28    100.0     347   349    34.73      6.82    -34.06     7    -2.1     347     0   0   0   0      24.402   -85.469
0415  207.14   925.8     25.30    100.0     341   349    34.74      6.82    -34.07     7    -2.2     341     0   0   0   0      24.402   -85.468
0416  207.64   926.4     25.32    100.0     335   349    34.78      6.86    -34.09     7    -2.2     335     0   0   0   0      24.402   -85.468
0417  208.14   927.1     25.34    100.0     329   349    34.83      6.91    -34.14     7    -2.3     329     0   0   0   0      24.401   -85.468
0418  208.64   927.7     25.36    100.0     322   348    34.91      6.97    -34.21     7    -2.4     322     0   0   0   0      24.401   -85.468
0419  209.14   928.4     25.39    100.0     316   348    35.02      7.02    -34.31     7    -2.4     316     0   0   0   0      24.401   -85.468
0420  209.64   929.1     25.41    100.0     310   348    35.16      7.07    -34.44     7    -2.5     310     0   0   0   0      24.401   -85.468
0421  210.14   929.7     25.43    100.0     303   348    35.33      7.10    -34.60     7    -2.5     303     0   0   0   0      24.401   -85.468
0422  210.64   930.4     25.45    100.0     297   348    35.52      7.08    -34.80     7    -2.6     297     0   0   0   0      24.401   -85.468
0423  211.14   931.1     25.48    100.0     290   349    35.73      7.02    -35.04     7    -2.6     290     0   0   0   0      24.400   -85.468
0424  211.64   931.8     25.51    100.0     284   349    35.96      6.91    -35.29     7    -2.7     284     0   0   0   0      24.400   -85.468
0425  212.14   932.5     25.54    100.0     277   349    36.19      6.77    -35.55     7    -2.7     277     0   0   0   0      24.400   -85.468
0426  212.64   933.1     25.57    100.0     271   350    36.40      6.59    -35.80     7    -2.7     271     0   0   0   0      24.400   -85.468
0427  213.14   933.8     25.60    100.0     264   350    36.59      6.40    -36.02     7    -2.8     264     0   0   0   0      24.400   -85.468
0428  213.64   934.5     25.64    100.0     258   350    36.71      6.23    -36.18     7    -2.9     258     0   0   0   0      24.400   -85.468
0429  214.14   935.2     25.67    100.0     252   350    36.74      6.09    -36.23     7    -2.9     252     0   0   0   0      24.400   -85.468
0430  214.64   935.9     25.71    100.0     245   351    36.63      5.98    -36.13     7    -3.0     245     0   0   0   0      24.399   -85.468
0431  215.14   936.6     25.74    100.0     238   351    36.38      5.94    -35.89     7    -3.2     238     0   0   0   0      24.399   -85.468
0432  215.64   937.3     25.77    100.0     232   350    36.02      6.00    -35.52     7    -3.3     232     0   0   0   0      24.399   -85.468
0433  216.14   938.0     25.80    100.0     225   350    35.54      6.19    -35.00     7    -3.4     225     0   0   0   0      24.399   -85.468
0434  216.64   938.7     25.83    100.0     218   349    34.98      6.54    -34.36     7    -3.5     218     0   0   0   0      24.399   -85.468
0435  217.14   939.5     25.86    100.0     211   348    34.40      6.99    -33.68     7    -3.6     211     0   0   0   0      24.399   -85.468
0436  217.64   940.2     25.89    100.0     204   347    33.84      7.52    -32.99     7    -3.6     204     0   0   0   0      24.398   -85.468
0437  218.14   940.9     25.92    100.0     197   346    33.35      8.13    -32.34     6    -3.6     197     0   0   0   0      24.398   -85.468
0438  218.64   941.7     25.95    100.0     190   345    32.95      8.74    -31.76     6    -3.5     190     0   0   0   0      24.398   -85.468
0439  219.14   942.4     25.98    100.0     183   343    32.65      9.30    -31.29     7    -3.4     183     0   0   0   0      24.398   -85.468
0440  219.64   943.1     26.02    100.0     176   343    32.45      9.75    -30.95     7    -3.2     176     0   0   0   0      24.398   -85.468
0441  220.14   943.9     26.05    100.0     170   342    32.34     10.06    -30.74     7    -3.0     170     0   0   0   0      24.398   -85.468
0442  220.64   944.5     26.09    100.0     163   341    32.32     10.29    -30.64     7    -2.8     163     0   0   0   0      24.398   -85.468
0443  221.14   945.2     26.13    100.0     157   341    32.38     10.44    -30.65     6    -2.6     157     0   0   0   0      24.397   -85.468
0444  221.64   945.9     26.17    100.0     150   341    32.54     10.57    -30.77     7    -2.3     150     0   0   0   0      24.397   -85.467
0445  222.14   946.6     26.22    100.0     144   341    32.76     10.68    -30.97     7    -2.1     144     0   0   0   0      24.397   -85.467
0446  222.64   947.2     26.27    100.0     138   341    33.03     10.81    -31.21     7    -1.9     138     0   0   0   0      24.397   -85.467
0447  223.14   947.8     26.32    100.0     132  -999  -999.00   -999.00   -999.00     0    -1.8     132     0   0   0   0    -999.000  -999.000
0448  223.64   948.4     26.37    100.0     127  -999  -999.00   -999.00   -999.00     0    -1.7     127     0   0   0   0    -999.000  -999.000
0449  224.14   949.1     26.42    100.0     121   341    33.90     11.31    -31.95     6    -1.6     121     0   0   0   0      24.397   -85.467
0450  224.64   949.7     26.47    100.0     115  -999  -999.00   -999.00   -999.00     0    -1.5     115     0   0   0   0    -999.000  -999.000
0451  225.14   950.3     26.53    100.0     109  -999  -999.00   -999.00   -999.00     0    -1.5     109     0   0   0   0    -999.000  -999.000
0452  225.64   950.9     26.59    100.0     103   340    34.36     11.87    -32.24     6    -1.5     103     0   0   0   0      24.396   -85.467
0453  226.14   951.6     26.64    100.0      97   340    34.31     12.01    -32.14     6    -1.5      97     0   0   0   0      24.396   -85.467
0454  226.64   952.2     26.71    100.0      91   339    34.11     12.12    -31.88     6    -1.6      91     0   0   0   0      24.396   -85.467
0455  227.14   952.8     26.77    100.0      86   339    33.76     12.17    -31.49     6    -1.7      86     0   0   0   0      24.396   -85.467
0456  227.64   953.5     26.84    100.0      80   339    33.29     12.18    -30.98     6    -1.8      80     0   0   0   0      24.396   -85.467
0457  228.14   954.1     26.90    100.0      74  -999  -999.00   -999.00   -999.00     5    -1.8      74     0   0   0   0    -999.000  -999.000
0458  228.64   954.7     26.97    100.0      68  -999  -999.00   -999.00   -999.00     5    -1.9      68     0   0   0   0    -999.000  -999.000
0459  229.14   955.4     27.04    100.0      62  -999  -999.00   -999.00   -999.00     0    -2.0      62     0   0   0   0    -999.000  -999.000
0460  229.64   956.1     27.11    100.0      55  -999  -999.00   -999.00   -999.00     5    -2.1      55     0   0   0   0    -999.000  -999.000
0461  230.14   956.7     27.18    100.0      49  -999  -999.00   -999.00   -999.00     5    -2.1      49     0   0   0   0    -999.000  -999.000
0462  230.64   957.4     27.25    100.0      43  -999  -999.00   -999.00   -999.00     5    -2.1      43     0   0   0   0    -999.000  -999.000
0463  231.14   958.0     27.32    100.0      37  -999  -999.00   -999.00   -999.00     5    -2.1      37     0   0   0   0    -999.000  -999.000
0464  231.64   958.7     27.40    100.0      31  -999  -999.00   -999.00   -999.00     5    -2.1      31     0   0   0   0    -999.000  -999.000
0465  232.14   959.4     27.47    100.0      24   333    25.63     11.47    -22.92     6    -2.1      24     0   0   0   0      24.394   -85.466
0466  232.64   960.0     27.55    100.0      18   332    24.78     11.70    -21.84     6    -2.1      18     0   0   0   0      24.394   -85.466
0467  233.14   960.7     27.62    100.0      12   330    24.18     12.09    -20.94     6    -2.1      12     0   0   0   0      24.394   -85.466
0468  233.64   961.3     27.70    100.0       7   328    23.72     12.53    -20.14     7    -2.0       7     0   0   0   0      24.394   -85.466
0469  234.18   962.0     27.70    100.0       0  -999  -999.00   -999.00   -999.00  -999  -999.0       0     0   0   0   0    -999.000  -999.000
