 ===========================================================================
 DROPWINDSONDE PROCESSING RECORD                            Sonde: 132225035
 FRD file written by Aspen V3.4.8, 06 Jul 2023 21:59 UTC
 Aircraft: AFRC C-130J, ---                  Date: 150812   Time: 110402 UTC
 ---------------------------------------------------------------------------
 Bias corrections:  PR =   0.0 mb  TE =   0.0 C  RH =   0.0 %  PRB =  0.0 mb
 Filters (LPF):     PTH = 
 Dyn RH correction = 
 Estimated PR used = 
 Dyn T correction  = 
 ---------------------------------------------------------------------------
 COMMENT: none, Good Drop; TDDryBiasCorrApplied
 ===========================================================================

 ===========================================================================
 Date: 150812   Lat:  17.38 N   TA:   21.5 C   PS:  843.2 mb   WD:    56 deg
 Time: 110402   Lon: 151.73 W   TD:   18.0 C   GA:   1496 m    WS:   1.8 m/s
 SID:  132225035                RH:   80.0 %   Navaid:   GP
 ===========================================================================

IX      t (s)  P (mb)    T (C)    RH (%)  Z (m)   WD    WS (m/s)   U (m/s)   V (m/s)  NS  WZ (m/s)  ZW (m)   FP  FT  FH  FW    LAT (N)   LON (E)
0001    0.01  -999.0   -999.00   -999.0    -999  -999  -999.00   -999.00   -999.00     6  -999.0    -999     0   0   0   0    -999.000  -999.000
0002    0.26  -999.0   -999.00   -999.0    -999  -999  -999.00   -999.00   -999.00     7  -999.0    -999     0   0   0   0    -999.000  -999.000
0003    0.51  -999.0   -999.00   -999.0    -999  -999  -999.00   -999.00   -999.00     7  -999.0    -999     0   0   0   0    -999.000  -999.000
0004    0.76  -999.0   -999.00   -999.0    -999  -999  -999.00   -999.00   -999.00     7  -999.0    -999     0   0   0   0    -999.000  -999.000
0005    1.01  -999.0   -999.00   -999.0    -999  -999  -999.00   -999.00   -999.00     7  -999.0    -999     0   0   0   0    -999.000  -999.000
0006    1.26  -999.0   -999.00   -999.0    -999  -999  -999.00   -999.00   -999.00     7  -999.0    -999     0   0   0   0    -999.000  -999.000
0007    1.51  -999.0   -999.00   -999.0    -999  -999  -999.00   -999.00   -999.00     0  -999.0    -999     0   0   0   0    -999.000  -999.000
0008    1.76  -999.0   -999.00   -999.0    -999  -999  -999.00   -999.00   -999.00     0  -999.0    -999     0   0   0   0    -999.000  -999.000
0009    2.01  -999.0   -999.00   -999.0    -999  -999  -999.00   -999.00   -999.00     0  -999.0    -999     0   0   0   0    -999.000  -999.000
0010    2.26  -999.0   -999.00   -999.0    -999  -999  -999.00   -999.00   -999.00     0  -999.0    -999     0   0   0   0    -999.000  -999.000
0011    2.51  -999.0   -999.00   -999.0    -999  -999  -999.00   -999.00   -999.00     0  -999.0    -999     0   0   0   0    -999.000  -999.000
0012    2.76  -999.0   -999.00   -999.0    -999  -999  -999.00   -999.00   -999.00     0  -999.0    -999     0   0   0   0    -999.000  -999.000
0013    3.01  -999.0   -999.00   -999.0    -999  -999  -999.00   -999.00   -999.00     0  -999.0    -999     0   0   0   0    -999.000  -999.000
0014    3.26  -999.0   -999.00   -999.0    -999  -999  -999.00   -999.00   -999.00     0  -999.0    -999     0   0   0   0    -999.000  -999.000
0015    3.51  -999.0   -999.00   -999.0    -999  -999  -999.00   -999.00   -999.00     0  -999.0    -999     0   0   0   0    -999.000  -999.000
0016    3.76  -999.0   -999.00   -999.0    -999  -999  -999.00   -999.00   -999.00     0  -999.0    -999     0   0   0   0    -999.000  -999.000
0017    4.01  -999.0   -999.00   -999.0    -999  -999  -999.00   -999.00   -999.00     0  -999.0    -999     0   0   0   0    -999.000  -999.000
0018    4.26  -999.0   -999.00   -999.0    -999  -999  -999.00   -999.00   -999.00     0  -999.0    -999     0   0   0   0    -999.000  -999.000
0019    4.51  -999.0   -999.00   -999.0    -999  -999  -999.00   -999.00   -999.00     0  -999.0    -999     0   0   0   0    -999.000  -999.000
0020    4.76  -999.0   -999.00   -999.0    -999  -999  -999.00   -999.00   -999.00     0  -999.0    -999     0   0   0   0    -999.000  -999.000
0021    5.01  -999.0   -999.00   -999.0    -999  -999  -999.00   -999.00   -999.00     0  -999.0    -999     0   0   0   0    -999.000  -999.000
0022    5.26  -999.0   -999.00   -999.0    -999  -999  -999.00   -999.00   -999.00     0  -999.0    -999     0   0   0   0    -999.000  -999.000
0023    5.51  -999.0   -999.00   -999.0    -999  -999  -999.00   -999.00   -999.00     0  -999.0    -999     0   0   0   0    -999.000  -999.000
0024    5.76  -999.0   -999.00   -999.0    -999  -999  -999.00   -999.00   -999.00     0  -999.0    -999     0   0   0   0    -999.000  -999.000
0025    6.01  -999.0   -999.00   -999.0    -999  -999  -999.00   -999.00   -999.00     0  -999.0    -999     0   0   0   0    -999.000  -999.000
0026    6.26  -999.0   -999.00   -999.0    -999  -999  -999.00   -999.00   -999.00     0  -999.0    -999     0   0   0   0    -999.000  -999.000
0027    6.51  -999.0   -999.00   -999.0    -999  -999  -999.00   -999.00   -999.00     0  -999.0    -999     0   0   0   0    -999.000  -999.000
0028    6.76  -999.0   -999.00   -999.0    -999  -999  -999.00   -999.00   -999.00     0  -999.0    -999     0   0   0   0    -999.000  -999.000
0029    7.01  -999.0   -999.00   -999.0    -999  -999  -999.00   -999.00   -999.00     0  -999.0    -999     0   0   0   0    -999.000  -999.000
0030    7.26  -999.0   -999.00   -999.0    -999  -999  -999.00   -999.00   -999.00     0  -999.0    -999     0   0   0   0    -999.000  -999.000
0031    7.51  -999.0   -999.00   -999.0    -999  -999  -999.00   -999.00   -999.00     0  -999.0    -999     0   0   0   0    -999.000  -999.000
0032    7.76  -999.0   -999.00   -999.0    -999  -999  -999.00   -999.00   -999.00     0  -999.0    -999     0   0   0   0    -999.000  -999.000
0033    8.01  -999.0   -999.00   -999.0    -999  -999  -999.00   -999.00   -999.00     9  -999.0    -999     0   0   0   0    -999.000  -999.000
0034    8.26  -999.0   -999.00   -999.0    -999  -999  -999.00   -999.00   -999.00     9  -999.0    -999     0   0   0   0    -999.000  -999.000
0035    8.51  -999.0   -999.00   -999.0    -999  -999  -999.00   -999.00   -999.00     9  -999.0    -999     0   0   0   0    -999.000  -999.000
0036    8.76  -999.0   -999.00   -999.0    -999  -999  -999.00   -999.00   -999.00     0  -999.0    -999     0   0   0   0    -999.000  -999.000
0037    9.01  -999.0   -999.00   -999.0    -999  -999  -999.00   -999.00   -999.00     9  -999.0    -999     0   0   0   0    -999.000  -999.000
0038    9.26  -999.0   -999.00   -999.0    -999  -999  -999.00   -999.00   -999.00     9  -999.0    -999     0   0   0   0    -999.000  -999.000
0039    9.51   856.0     22.52   -999.0    1345  -999  -999.00   -999.00   -999.00     9    -3.3    1345     0   0   0   0      17.367  -151.722
0040    9.76  -999.0   -999.00   -999.0    -999  -999  -999.00   -999.00   -999.00     9  -999.0    -999     0   0   0   0    -999.000  -999.000
0041   10.01   856.7     22.55   -999.0    1338   190     3.81      0.68      3.75     9    -3.5    1338     0   0   0   0      17.367  -151.722
0042   10.26  -999.0   -999.00   -999.0    -999   190     3.81      0.67      3.75     9  -999.0    -999     0   0   0   0    -999.000  -999.000
0043   10.51   857.4     22.57   -999.0    1331   190     3.81      0.65      3.75     9    -3.7    1331     0   0   0   0      17.367  -151.722
0044   10.76  -999.0   -999.00   -999.0    -999   190     3.79      0.64      3.74     9  -999.0    -999     0   0   0   0    -999.000  -999.000
0045   11.01   858.1     22.59     75.0    1323   189     3.78      0.62      3.72     9    -3.9    1323     0   0   0   0      17.367  -151.722
0046   11.26  -999.0   -999.00   -999.0    -999   189     3.75      0.59      3.70     9  -999.0    -999     0   0   0   0    -999.000  -999.000
0047   11.51   858.8     22.61     75.0    1316   189     3.72      0.57      3.67     9    -4.0    1316     0   0   0   0      17.367  -151.722
0048   11.76  -999.0   -999.00   -999.0    -999   189     3.68      0.55      3.64     9  -999.0    -999     0   0   0   0    -999.000  -999.000
0049   12.01   859.6     22.62     75.1    1309   188     3.63      0.52      3.60     9    -4.2    1309     0   0   0   0      17.367  -151.722
0050   12.26  -999.0   -999.00   -999.0    -999   188     3.58      0.48      3.55     9  -999.0    -999     0   0   0   0    -999.000  -999.000
0051   12.51   860.3     22.64     75.1    1301   187     3.53      0.44      3.50     9    -4.2    1301     0   0   0   0      17.367  -151.722
0052   12.76  -999.0   -999.00   -999.0    -999   187     3.48      0.40      3.46     9  -999.0    -999     0   0   0   0    -999.000  -999.000
0053   13.01   861.0     22.65     75.2    1294   186     3.43      0.35      3.41     9    -4.3    1294     0   0   0   0      17.367  -151.722
0054   13.26  -999.0   -999.00   -999.0    -999   185     3.37      0.29      3.36     9  -999.0    -999     0   0   0   0    -999.000  -999.000
0055   13.51   861.8     22.67     75.3    1286   184     3.32      0.23      3.31     9    -4.2    1286     0   0   0   0      17.367  -151.722
0056   13.76  -999.0   -999.00   -999.0    -999   183     3.27      0.17      3.26     9  -999.0    -999     0   0   0   0    -999.000  -999.000
0057   14.01   862.5     22.69     75.4    1279   182     3.22      0.10      3.22     9    -4.2    1279     0   0   0   0      17.367  -151.722
0058   14.26  -999.0   -999.00   -999.0    -999   181     3.18      0.04      3.18     9  -999.0    -999     0   0   0   0    -999.000  -999.000
0059   14.51   863.3     22.70     75.4    1271   180     3.14     -0.01      3.14     9    -4.1    1271     0   0   0   0      17.367  -151.722
0060   14.76  -999.0   -999.00   -999.0    -999   179     3.10     -0.06      3.10     9  -999.0    -999     0   0   0   0    -999.000  -999.000
0061   15.01   864.0     22.72     75.5    1264   178     3.07     -0.11      3.07     9    -3.9    1264     0   0   0   0      17.367  -151.722
0062   15.26  -999.0   -999.00   -999.0    -999   177     3.04     -0.15      3.03     9  -999.0    -999     0   0   0   0    -999.000  -999.000
0063   15.51   864.7     22.73     75.6    1257   177     3.01     -0.18      3.00     9    -3.8    1257     0   0   0   0      17.367  -151.722
0064   15.76  -999.0   -999.00   -999.0    -999   176     2.98     -0.21      2.97     9  -999.0    -999     0   0   0   0    -999.000  -999.000
0065   16.01   865.4     22.75     75.6    1249   176     2.95     -0.23      2.95     9    -3.6    1249     0   0   0   0      17.367  -151.722
0066   16.26  -999.0   -999.00   -999.0    -999   175     2.93     -0.24      2.92     9  -999.0    -999     0   0   0   0    -999.000  -999.000
0067   16.51   866.1     22.77     75.7    1242   175     2.91     -0.25      2.90     9    -3.4    1242     0   0   0   0      17.367  -151.722
0068   16.76  -999.0   -999.00   -999.0    -999   175     2.88     -0.25      2.87     9  -999.0    -999     0   0   0   0    -999.000  -999.000
0069   17.01   866.8     22.78     75.8    1236   175     2.86     -0.25      2.85     9    -3.3    1236     0   0   0   0      17.367  -151.722
0070   17.26  -999.0   -999.00   -999.0    -999   175     2.84     -0.24      2.83     9  -999.0    -999     0   0   0   0    -999.000  -999.000
0071   17.51   867.5     22.80     75.8    1229   175     2.82     -0.23      2.81     9    -3.1    1229     0   0   0   0      17.367  -151.722
0072   17.76  -999.0   -999.00   -999.0    -999   176     2.80     -0.22      2.80     9  -999.0    -999     0   0   0   0    -999.000  -999.000
0073   18.01   868.1     22.81     75.9    1222   176     2.79     -0.20      2.78     9    -3.0    1222     0   0   0   0      17.367  -151.722
0074   18.26  -999.0   -999.00   -999.0    -999   176     2.78     -0.18      2.77     9  -999.0    -999     0   0   0   0    -999.000  -999.000
0075   18.51   868.8     22.83     75.9    1215   177     2.77     -0.16      2.77     9    -2.9    1215     0   0   0   0      17.367  -151.722
0076   18.76  -999.0   -999.00   -999.0    -999   177     2.77     -0.14      2.76     9  -999.0    -999     0   0   0   0    -999.000  -999.000
0077   19.01   869.5     22.85     75.9    1208   178     2.77     -0.12      2.77     9    -2.9    1208     0   0   0   0      17.367  -151.722
0078   19.26  -999.0   -999.00   -999.0    -999   178     2.78     -0.09      2.77     9  -999.0    -999     0   0   0   0    -999.000  -999.000
0079   19.51   870.1     22.87     76.0    1202   179     2.79     -0.06      2.79     9    -2.8    1202     0   0   0   0      17.367  -151.722
0080   19.76  -999.0   -999.00   -999.0    -999   179     2.81     -0.04      2.81     9  -999.0    -999     0   0   0   0    -999.000  -999.000
0081   20.01   870.8     22.89     76.0    1195   180     2.83     -0.01      2.83     9    -2.8    1195     0   0   0   0      17.367  -151.722
0082   20.26  -999.0   -999.00   -999.0    -999   180     2.85      0.02      2.85     9  -999.0    -999     0   0   0   0    -999.000  -999.000
0083   20.51   871.5     22.91     76.0    1188   181     2.87      0.04      2.87     9    -2.9    1188     0   0   0   0      17.367  -151.722
0084   20.76  -999.0   -999.00   -999.0    -999   181     2.90      0.07      2.89     9  -999.0    -999     0   0   0   0    -999.000  -999.000
0085   21.01   872.1     22.93     76.0    1182   182     2.92      0.10      2.92     9    -2.9    1182     0   0   0   0      17.367  -151.722
0086   21.26  -999.0   -999.00   -999.0    -999   182     2.94      0.13      2.94     9  -999.0    -999     0   0   0   0    -999.000  -999.000
0087   21.51   872.8     22.94     76.0    1175   183     2.96      0.15      2.96     9    -3.0    1175     0   0   0   0      17.367  -151.722
0088   21.76  -999.0   -999.00   -999.0    -999   183     2.98      0.17      2.98     9  -999.0    -999     0   0   0   0    -999.000  -999.000
0089   22.01   873.5     22.96     76.1    1168   184     2.99      0.19      2.99     9    -3.0    1168     0   0   0   0      17.367  -151.722
0090   22.26  -999.0   -999.00   -999.0    -999   184     3.00      0.21      2.99     9  -999.0    -999     0   0   0   0    -999.000  -999.000
0091   22.51   874.2     22.97     76.2    1161   184     3.00      0.23      2.99     9    -3.1    1161     0   0   0   0      17.367  -151.722
0092   22.76  -999.0   -999.00   -999.0    -999   185     2.99      0.25      2.98     9  -999.0    -999     0   0   0   0    -999.000  -999.000
0093   23.01   874.8     22.99     76.3    1154   185     2.99      0.27      2.97     9    -3.2    1154     0   0   0   0      17.367  -151.722
0094   23.26  -999.0   -999.00   -999.0    -999   186     2.97      0.30      2.96     9  -999.0    -999     0   0   0   0    -999.000  -999.000
0095   23.51   875.5     23.00     76.4    1148   186     2.96      0.33      2.94     9    -3.3    1148     0   0   0   0      17.367  -151.722
0096   23.76  -999.0   -999.00   -999.0    -999   187     2.94      0.36      2.92     9  -999.0    -999     0   0   0   0    -999.000  -999.000
0097   24.01   876.2     23.01     76.5    1141   188     2.92      0.39      2.90     9    -3.4    1141     0   0   0   0      17.367  -151.722
0098   24.26  -999.0   -999.00   -999.0    -999   188     2.90      0.42      2.87     9  -999.0    -999     0   0   0   0    -999.000  -999.000
0099   24.51   876.9     23.02     76.6    1134   189     2.88      0.44      2.85     9    -3.5    1134     0   0   0   0      17.367  -151.722
0100   24.76  -999.0   -999.00   -999.0    -999   189     2.86      0.47      2.82     9  -999.0    -999     0   0   0   0    -999.000  -999.000
0101   25.01   877.6     23.03     76.7    1127   190     2.83      0.49      2.79     9    -3.5    1127     0   0   0   0      17.367  -151.722
0102   25.26  -999.0   -999.00   -999.0    -999   190     2.80      0.50      2.76     9  -999.0    -999     0   0   0   0    -999.000  -999.000
0103   25.51   878.3     23.04     76.8    1120   191     2.77      0.52      2.73     9    -3.6    1120     0   0   0   0      17.367  -151.722
0104   25.76  -999.0   -999.00   -999.0    -999   191     2.74      0.53      2.69     9  -999.0    -999     0   0   0   0    -999.000  -999.000
0105   26.01   879.0     23.04     77.0    1113   191     2.71      0.54      2.66     9    -3.6    1113     0   0   0   0      17.367  -151.722
0106   26.26  -999.0   -999.00   -999.0    -999   192     2.68      0.55      2.63     9  -999.0    -999     0   0   0   0    -999.000  -999.000
0107   26.51   879.8     23.05     77.1    1105   192     2.65      0.56      2.59     9    -3.6    1105     0   0   0   0      17.367  -151.722
0108   26.76  -999.0   -999.00   -999.0    -999   193     2.63      0.57      2.56     9  -999.0    -999     0   0   0   0    -999.000  -999.000
0109   27.01   880.5     23.06     77.2    1098   193     2.60      0.58      2.54     9    -3.7    1098     0   0   0   0      17.367  -151.722
0110   27.26  -999.0   -999.00   -999.0    -999   193     2.57      0.58      2.51     9  -999.0    -999     0   0   0   0    -999.000  -999.000
0111   27.51   881.2     23.06     77.3    1091   193     2.55      0.59      2.48     9    -3.7    1091     0   0   0   0      17.367  -151.722
0112   27.76  -999.0   -999.00   -999.0    -999   194     2.52      0.60      2.45     9  -999.0    -999     0   0   0   0    -999.000  -999.000
0113   28.01   881.9     23.07     77.4    1084   194     2.50      0.60      2.43     9    -3.6    1084     0   0   0   0      17.367  -151.722
0114   28.26  -999.0   -999.00   -999.0    -999   194     2.48      0.61      2.40     9  -999.0    -999     0   0   0   0    -999.000  -999.000
0115   28.51   882.6     23.07     77.6    1077   194     2.45      0.61      2.38     9    -3.6    1077     0   0   0   0      17.367  -151.722
0116   28.76  -999.0   -999.00   -999.0    -999   194     2.43      0.60      2.35     9  -999.0    -999     0   0   0   0    -999.000  -999.000
0117   29.01   883.3     23.08     77.8    1070   194     2.40      0.59      2.33     9    -3.6    1070     0   0   0   0      17.367  -151.722
0118   29.26  -999.0   -999.00   -999.0    -999   194     2.37      0.58      2.30     9  -999.0    -999     0   0   0   0    -999.000  -999.000
0119   29.51   884.0     23.08     78.0    1063   194     2.34      0.56      2.27     9    -3.5    1063     0   0   0   0      17.367  -151.722
0120   29.76  -999.0   -999.00   -999.0    -999   193     2.30      0.53      2.24     9  -999.0    -999     0   0   0   0    -999.000  -999.000
0121   30.01   884.7     23.08     78.2    1056   193     2.26      0.51      2.20     9    -3.5    1056     0   0   0   0      17.367  -151.722
0122   30.26  -999.0   -999.00   -999.0    -999   192     2.22      0.47      2.17     9  -999.0    -999     0   0   0   0    -999.000  -999.000
0123   30.51   885.4     23.07     78.4    1049   192     2.18      0.44      2.14     9    -3.5    1049     0   0   0   0      17.367  -151.722
0124   30.76  -999.0   -999.00   -999.0    -999   191     2.15      0.40      2.11     9  -999.0    -999     0   0   0   0    -999.000  -999.000
0125   31.01   886.1     23.07     78.7    1042   190     2.11      0.36      2.08     9    -3.4    1042     0   0   0   0      17.367  -151.722
0126   31.26  -999.0   -999.00   -999.0    -999   189     2.07      0.31      2.05     9  -999.0    -999     0   0   0   0    -999.000  -999.000
0127   31.51   886.8     23.06     78.9    1035   187     2.04      0.26      2.02     9    -3.4    1035     0   0   0   0      17.367  -151.722
0128   31.76  -999.0   -999.00   -999.0    -999   186     2.00      0.20      1.99     9  -999.0    -999     0   0   0   0    -999.000  -999.000
0129   32.01   887.5     23.06     79.2    1028   184     1.97      0.14      1.97     9    -3.4    1028     0   0   0   0      17.367  -151.722
0130   32.26  -999.0   -999.00   -999.0    -999   182     1.94      0.08      1.94     9  -999.0    -999     0   0   0   0    -999.000  -999.000
0131   32.51   888.2     23.05     79.4    1021   180     1.92      0.01      1.92     9    -3.5    1021     0   0   0   0      17.367  -151.722
0132   32.76  -999.0   -999.00   -999.0    -999   179     1.90     -0.05      1.90     9  -999.0    -999     0   0   0   0    -999.000  -999.000
0133   33.01   889.0     23.05     79.6    1014   177     1.88     -0.11      1.88     9    -3.5    1014     0   0   0   0      17.367  -151.722
0134   33.26  -999.0   -999.00   -999.0    -999   174     1.87     -0.18      1.86     9  -999.0    -999     0   0   0   0    -999.000  -999.000
0135   33.51   889.7     23.05     79.8    1007   172     1.86     -0.25      1.84     9    -3.5    1007     0   0   0   0      17.367  -151.722
0136   33.76  -999.0   -999.00   -999.0    -999   170     1.85     -0.32      1.82     9  -999.0    -999     0   0   0   0    -999.000  -999.000
0137   34.01   890.4     23.05     80.0    1000   168     1.84     -0.39      1.80     9    -3.6    1000     0   0   0   0      17.367  -151.722
0138   34.26  -999.0   -999.00   -999.0    -999   165     1.83     -0.47      1.77     9  -999.0    -999     0   0   0   0    -999.000  -999.000
0139   34.51   891.1     23.05     80.2     993   163     1.83     -0.54      1.75     9    -3.7     993     0   0   0   0      17.367  -151.722
0140   34.76  -999.0   -999.00   -999.0    -999   161     1.82     -0.61      1.72     9  -999.0    -999     0   0   0   0    -999.000  -999.000
0141   35.01   891.8     23.06     80.4     986   158     1.82     -0.67      1.69     9    -3.7     986     0   0   0   0      17.367  -151.722
0142   35.26  -999.0   -999.00   -999.0    -999   156     1.83     -0.73      1.67     9  -999.0    -999     0   0   0   0    -999.000  -999.000
0143   35.51   892.5     23.06     80.6     979   154     1.83     -0.80      1.65     9    -3.8     979     0   0   0   0      17.367  -151.722
0144   35.76  -999.0   -999.00   -999.0    -999   152     1.84     -0.85      1.64     9  -999.0    -999     0   0   0   0    -999.000  -999.000
0145   36.01   893.3     23.07     80.8     972   151     1.86     -0.91      1.62     9    -3.9     972     0   0   0   0      17.367  -151.722
0146   36.26  -999.0   -999.00   -999.0    -999   149     1.88     -0.96      1.62     9  -999.0    -999     0   0   0   0    -999.000  -999.000
0147   36.51   894.0     23.07     81.0     965   148     1.90     -1.01      1.61     9    -3.9     965     0   0   0   0      17.367  -151.722
0148   36.76  -999.0   -999.00   -999.0    -999   147     1.93     -1.05      1.61     9  -999.0    -999     0   0   0   0    -999.000  -999.000
0149   37.01   894.7     23.08     81.2     958   146     1.95     -1.09      1.61     9    -4.0     958     0   0   0   0      17.367  -151.722
0150   37.26  -999.0   -999.00   -999.0    -999   145     1.97     -1.13      1.62     9  -999.0    -999     0   0   0   0    -999.000  -999.000
0151   37.51   895.5     23.09     81.3     950   145     2.00     -1.16      1.63     9    -4.1     950     0   0   0   0      17.367  -151.722
0152   37.76  -999.0   -999.00   -999.0    -999   144     2.02     -1.18      1.64     9  -999.0    -999     0   0   0   0    -999.000  -999.000
0153   38.01   896.2     23.10     81.5     943   144     2.04     -1.20      1.65     9    -4.1     943     0   0   0   0      17.367  -151.722
0154   38.26  -999.0   -999.00   -999.0    -999   144     2.07     -1.22      1.67     9  -999.0    -999     0   0   0   0    -999.000  -999.000
0155   38.51   897.0     23.11     81.6     936   144     2.09     -1.23      1.68     9    -4.2     936     0   0   0   0      17.367  -151.722
0156   38.76  -999.0   -999.00   -999.0    -999   144     2.11     -1.25      1.70     9  -999.0    -999     0   0   0   0    -999.000  -999.000
0157   39.01   897.7     23.12     81.7     929   144     2.12     -1.26      1.71     9    -4.2     929     0   0   0   0      17.367  -151.722
0158   39.26  -999.0   -999.00   -999.0    -999   144     2.13     -1.26      1.72     9  -999.0    -999     0   0   0   0    -999.000  -999.000
0159   39.51   898.5     23.13     81.8     921   144     2.14     -1.27      1.72     9    -4.2     921     0   0   0   0      17.367  -151.722
0160   39.76  -999.0   -999.00   -999.0    -999   144     2.14     -1.27      1.72     9  -999.0    -999     0   0   0   0    -999.000  -999.000
0161   40.01   899.2     23.15     81.8     914   144     2.14     -1.26      1.72     9    -4.2     914     0   0   0   0      17.367  -151.722
0162   40.26  -999.0   -999.00   -999.0    -999   144     2.13     -1.26      1.72     9  -999.0    -999     0   0   0   0    -999.000  -999.000
0163   40.51   900.0     23.17     81.9     907   144     2.13     -1.25      1.72     9    -4.3     907     0   0   0   0      17.367  -151.722
0164   40.76  -999.0   -999.00   -999.0    -999   144     2.12     -1.24      1.72     9  -999.0    -999     0   0   0   0    -999.000  -999.000
0165   41.01   900.7     23.18     82.0     899   144     2.12     -1.24      1.73     9    -4.3     899     0   0   0   0      17.367  -151.722
0166   41.26  -999.0   -999.00   -999.0    -999   144     2.13     -1.24      1.73     9  -999.0    -999     0   0   0   0    -999.000  -999.000
0167   41.51   901.5     23.20     82.1     892   145     2.13     -1.24      1.74     9    -4.3     892     0   0   0   0      17.367  -151.722
0168   41.76  -999.0   -999.00   -999.0    -999   145     2.14     -1.24      1.75     9  -999.0    -999     0   0   0   0    -999.000  -999.000
0169   42.01   902.2     23.21     82.2     885   145     2.15     -1.24      1.76     9    -4.3     885     0   0   0   0      17.367  -151.722
0170   42.26  -999.0   -999.00   -999.0    -999   145     2.17     -1.24      1.78     9  -999.0    -999     0   0   0   0    -999.000  -999.000
0171   42.51   903.0     23.22     82.4     877   145     2.19     -1.25      1.80     9    -4.3     877     0   0   0   0      17.367  -151.722
0172   42.76  -999.0   -999.00   -999.0    -999   146     2.22     -1.26      1.83     9  -999.0    -999     0   0   0   0    -999.000  -999.000
0173   43.01   903.7     23.22     82.7     870   146     2.25     -1.27      1.86     9    -4.3     870     0   0   0   0      17.367  -151.722
0174   43.26  -999.0   -999.00   -999.0    -999   146     2.29     -1.28      1.90     9  -999.0    -999     0   0   0   0    -999.000  -999.000
0175   43.51   904.5     23.22     83.0     863   146     2.32     -1.29      1.93     9    -4.2     863     0   0   0   0      17.367  -151.722
0176   43.76  -999.0   -999.00   -999.0    -999   146     2.35     -1.30      1.96     9  -999.0    -999     0   0   0   0    -999.000  -999.000
0177   44.01   905.2     23.21     83.4     855   147     2.38     -1.30      1.99     9    -4.2     855     0   0   0   0      17.367  -151.722
0178   44.26  -999.0   -999.00   -999.0    -999   147     2.40     -1.30      2.01     9  -999.0    -999     0   0   0   0    -999.000  -999.000
0179   44.51   906.0     23.19     83.9     848   147     2.41     -1.30      2.03     9    -4.2     848     0   0   0   0      17.367  -151.722
0180   44.76  -999.0   -999.00   -999.0    -999   148     2.42     -1.28      2.05     9  -999.0    -999     0   0   0   0    -999.000  -999.000
0181   45.01   906.7     23.17     84.3     841   149     2.42     -1.27      2.07     9    -4.2     841     0   0   0   0      17.367  -151.722
0182   45.26  -999.0   -999.00   -999.0    -999   149     2.42     -1.24      2.07     9  -999.0    -999     0   0   0   0    -999.000  -999.000
0183   45.51   907.5     23.15     84.8     834   150     2.41     -1.22      2.08     9    -4.2     834     0   0   0   0      17.367  -151.722
0184   45.76  -999.0   -999.00   -999.0    -999   150     2.39     -1.19      2.08     9  -999.0    -999     0   0   0   0    -999.000  -999.000
0185   46.01   908.2     23.13     85.3     826   151     2.37     -1.16      2.06     9    -4.2     826     0   0   0   0      17.367  -151.722
0186   46.26  -999.0   -999.00   -999.0    -999   151     2.34     -1.13      2.05     9  -999.0    -999     0   0   0   0    -999.000  -999.000
0187   46.51   909.0     23.11     85.8     819   152     2.30     -1.09      2.02     9    -4.2     819     0   0   0   0      17.367  -151.722
0188   46.76  -999.0   -999.00   -999.0    -999   152     2.26     -1.06      2.00     9  -999.0    -999     0   0   0   0    -999.000  -999.000
0189   47.01   909.8     23.09     86.2     812   153     2.22     -1.02      1.97     9    -4.2     812     0   0   0   0      17.367  -151.722
0190   47.26  -999.0   -999.00   -999.0    -999   153     2.17     -0.98      1.93     9  -999.0    -999     0   0   0   0    -999.000  -999.000
0191   47.51   910.5     23.08     86.6     805   154     2.12     -0.95      1.90     9    -4.2     805     0   0   0   0      17.367  -151.722
0192   47.76  -999.0   -999.00   -999.0    -999   154     2.07     -0.91      1.86     9  -999.0    -999     0   0   0   0    -999.000  -999.000
0193   48.01   911.3     23.07     86.9     797   154     2.02     -0.88      1.82     9    -4.2     797     0   0   0   0      17.367  -151.722
0194   48.26  -999.0   -999.00   -999.0    -999   154     1.96     -0.84      1.77     9  -999.0    -999     0   0   0   0    -999.000  -999.000
0195   48.51   912.0     23.06     87.3     790   155     1.90     -0.81      1.72     9    -4.2     790     0   0   0   0      17.367  -151.722
0196   48.76  -999.0   -999.00   -999.0    -999   155     1.83     -0.77      1.66     9  -999.0    -999     0   0   0   0    -999.000  -999.000
0197   49.01   912.8     23.06     87.6     783   155     1.76     -0.73      1.60     9    -4.2     783     0   0   0   0      17.367  -151.722
0198   49.26  -999.0   -999.00   -999.0    -999   156     1.69     -0.69      1.54     9  -999.0    -999     0   0   0   0    -999.000  -999.000
0199   49.51   913.6     23.06     87.9     775   156     1.61     -0.65      1.48     9    -4.2     775     0   0   0   0      17.367  -151.722
0200   49.76  -999.0   -999.00   -999.0    -999   157     1.54     -0.60      1.42     9  -999.0    -999     0   0   0   0    -999.000  -999.000
0201   50.01  -999.0   -999.00   -999.0    -999   158     1.47     -0.56      1.35     9  -999.0    -999     0   0   0   0      17.367  -151.722
0202   50.26  -999.0   -999.00   -999.0    -999   158     1.39     -0.52      1.29     9  -999.0    -999     0   0   0   0    -999.000  -999.000
0203   50.51   915.1     23.07     88.5     761   159     1.31     -0.47      1.23     9    -4.2     761     0   0   0   0      17.367  -151.722
0204   50.76  -999.0   -999.00   -999.0    -999   160     1.24     -0.43      1.16     9  -999.0    -999     0   0   0   0    -999.000  -999.000
0205   51.01   915.8     23.08     88.8     754   161     1.16     -0.38      1.09     9    -4.1     754     0   0   0   0      17.367  -151.722
0206   51.26  -999.0   -999.00   -999.0    -999   162     1.08     -0.33      1.03     9  -999.0    -999     0   0   0   0    -999.000  -999.000
0207   51.51   916.6     23.09     89.1     746   164     1.01     -0.29      0.97     9    -4.1     746     0   0   0   0      17.367  -151.722
0208   51.76  -999.0   -999.00   -999.0    -999   165     0.95     -0.24      0.92     9  -999.0    -999     0   0   0   0    -999.000  -999.000
0209   52.01   917.3     23.10     89.3     739   167     0.89     -0.20      0.86     9    -4.1     739     0   0   0   0      17.367  -151.722
0210   52.26  -999.0   -999.00   -999.0    -999   168     0.83     -0.17      0.82     9  -999.0    -999     0   0   0   0    -999.000  -999.000
0211   52.51  -999.0   -999.00   -999.0    -999   170     0.78     -0.14      0.77     9  -999.0    -999     0   0   0   0      17.367  -151.722
0212   52.76  -999.0   -999.00   -999.0    -999   172     0.74     -0.11      0.73     9  -999.0    -999     0   0   0   0    -999.000  -999.000
0213   53.01   918.8     23.13     89.8     725   173     0.69     -0.09      0.69     9    -4.2     725     0   0   0   0      17.367  -151.722
0214   53.26  -999.0   -999.00   -999.0    -999   174     0.66     -0.07      0.66     9  -999.0    -999     0   0   0   0    -999.000  -999.000
0215   53.51   919.6     23.15     90.0     718   176     0.63     -0.05      0.63     9    -4.2     718     0   0   0   0      17.367  -151.722
0216   53.76  -999.0   -999.00   -999.0    -999   177     0.61     -0.03      0.61     9  -999.0    -999     0   0   0   0    -999.000  -999.000
0217   54.01   920.3     23.17     90.1     710   178     0.59     -0.02      0.59     9    -4.2     710     0   0   0   0      17.367  -151.722
0218   54.26  -999.0   -999.00   -999.0    -999   178     0.59     -0.02      0.59     9  -999.0    -999     0   0   0   0    -999.000  -999.000
0219   54.51   921.1     23.19     90.2     703   178     0.59     -0.02      0.59     9    -4.2     703     0   0   0   0      17.367  -151.722
0220   54.76  -999.0   -999.00   -999.0    -999   177     0.59     -0.03      0.59     9  -999.0    -999     0   0   0   0    -999.000  -999.000
0221   55.01   921.9     23.21     90.3     696   177     0.59     -0.04      0.59     9    -4.3     696     0   0   0   0      17.367  -151.722
0222   55.26  -999.0   -999.00   -999.0    -999   175     0.60     -0.05      0.60     9  -999.0    -999     0   0   0   0    -999.000  -999.000
0223   55.51   922.6     23.24     90.4     689   174     0.61     -0.06      0.61     9    -4.3     689     0   0   0   0      17.367  -151.722
0224   55.76  -999.0   -999.00   -999.0    -999   173     0.63     -0.08      0.62     9  -999.0    -999     0   0   0   0    -999.000  -999.000
0225   56.01   923.4     23.27     90.5     681   171     0.64     -0.10      0.64     9    -4.3     681     0   0   0   0      17.367  -151.722
0226   56.26  -999.0   -999.00   -999.0    -999   170     0.66     -0.11      0.65     9  -999.0    -999     0   0   0   0    -999.000  -999.000
0227   56.51   924.2     23.30     90.5     674   169     0.68     -0.13      0.67     9    -4.3     674     0   0   0   0      17.367  -151.722
0228   56.76  -999.0   -999.00   -999.0    -999   168     0.71     -0.15      0.69     9  -999.0    -999     0   0   0   0    -999.000  -999.000
0229   57.01   924.9     23.33     90.6     667   167     0.73     -0.16      0.71     9    -4.3     667     0   0   0   0      17.367  -151.722
0230   57.26  -999.0   -999.00   -999.0    -999   166     0.76     -0.18      0.73     9  -999.0    -999     0   0   0   0    -999.000  -999.000
0231   57.51   925.7     23.36     90.6     659   165     0.78     -0.20      0.75     9    -4.3     659     0   0   0   0      17.367  -151.722
0232   57.76  -999.0   -999.00   -999.0    -999   165     0.80     -0.21      0.77     9  -999.0    -999     0   0   0   0    -999.000  -999.000
0233   58.01   926.5     23.39     90.7     652   165     0.82     -0.21      0.79     9    -4.3     652     0   0   0   0      17.367  -151.722
0234   58.26  -999.0   -999.00   -999.0    -999   165     0.84     -0.21      0.81     9  -999.0    -999     0   0   0   0    -999.000  -999.000
0235   58.51   927.2     23.43     90.7     645   166     0.85     -0.21      0.83     9    -4.3     645     0   0   0   0      17.367  -151.722
0236   58.76  -999.0   -999.00   -999.0    -999  -999  -999.00   -999.00   -999.00     9  -999.0    -999     0   0   0   0    -999.000  -999.000
0237   59.01   928.0     23.46     90.8     638   167     0.89     -0.20      0.87     9    -4.2     638     0   0   0   0      17.367  -151.722
0238   59.26  -999.0   -999.00   -999.0    -999   167     0.91     -0.20      0.89     9  -999.0    -999     0   0   0   0    -999.000  -999.000
0239   59.51   928.8     23.50     90.8     630   167     0.93     -0.21      0.91     9    -4.2     630     0   0   0   0      17.367  -151.722
0240   59.76  -999.0   -999.00   -999.0    -999   167     0.95     -0.22      0.93     9  -999.0    -999     0   0   0   0    -999.000  -999.000
0241   60.01   929.5     23.53     90.8     623   166     0.97     -0.23      0.95     9    -4.2     623     0   0   0   0      17.367  -151.722
0242   60.26  -999.0   -999.00   -999.0    -999   165     0.99     -0.25      0.96     9  -999.0    -999     0   0   0   0    -999.000  -999.000
0243   60.51   930.3     23.56     90.8     616   164     1.01     -0.27      0.97     9    -4.2     616     0   0   0   0      17.367  -151.722
0244   60.76  -999.0   -999.00   -999.0    -999   163     1.03     -0.29      0.98     9  -999.0    -999     0   0   0   0    -999.000  -999.000
0245   61.01   931.1     23.59     90.8     609   162     1.05     -0.32      1.00     9    -4.2     609     0   0   0   0      17.367  -151.722
0246   61.26  -999.0   -999.00   -999.0    -999   161     1.06     -0.34      1.01     9  -999.0    -999     0   0   0   0    -999.000  -999.000
0247   61.51   931.8     23.62     90.9     602   160     1.08     -0.37      1.02     9    -4.2     602     0   0   0   0      17.367  -151.722
0248   61.76  -999.0   -999.00   -999.0    -999   159     1.10     -0.40      1.03     9  -999.0    -999     0   0   0   0    -999.000  -999.000
0249   62.01   932.6     23.65     90.9     595   157     1.12     -0.43      1.04     9    -4.2     595     0   0   0   0      17.367  -151.722
0250   62.26  -999.0   -999.00   -999.0    -999   156     1.14     -0.46      1.04     9  -999.0    -999     0   0   0   0    -999.000  -999.000
0251   62.51   933.3     23.68     90.9     587   155     1.16     -0.49      1.05     9    -4.2     587     0   0   0   0      17.367  -151.722
0252   62.76  -999.0   -999.00   -999.0    -999   153     1.17     -0.53      1.05     9  -999.0    -999     0   0   0   0    -999.000  -999.000
0253   63.01   934.1     23.71     90.9     580   152     1.18     -0.56      1.04     9    -4.2     580     0   0   0   0      17.367  -151.722
0254   63.26  -999.0   -999.00   -999.0    -999   150     1.19     -0.59      1.03     9  -999.0    -999     0   0   0   0    -999.000  -999.000
0255   63.51   934.9     23.74     90.9     573   149     1.19     -0.61      1.02     9    -4.2     573     0   0   0   0      17.367  -151.722
0256   63.76  -999.0   -999.00   -999.0    -999   148     1.20     -0.64      1.01     9  -999.0    -999     0   0   0   0    -999.000  -999.000
0257   64.01   935.6     23.76     91.0     566  -999  -999.00   -999.00   -999.00     9    -4.2     566     0   0   0   0    -999.000  -999.000
0258   64.26  -999.0   -999.00   -999.0    -999   145     1.19     -0.68      0.98     9  -999.0    -999     0   0   0   0    -999.000  -999.000
0259   64.51   936.4     23.79     91.0     558   144     1.19     -0.70      0.97     9    -4.2     558     0   0   0   0      17.367  -151.722
0260   64.76  -999.0   -999.00   -999.0    -999   143     1.19     -0.72      0.95     9  -999.0    -999     0   0   0   0    -999.000  -999.000
0261   65.01   937.2     23.81     91.0     551   142     1.19     -0.74      0.94     9    -4.2     551     0   0   0   0      17.367  -151.722
0262   65.26  -999.0   -999.00   -999.0    -999   141     1.19     -0.76      0.92     9  -999.0    -999     0   0   0   0    -999.000  -999.000
0263   65.51   937.9     23.84     91.0     544   140     1.19     -0.77      0.91     9    -4.2     544     0   0   0   0      17.367  -151.722
0264   65.76  -999.0   -999.00   -999.0    -999   139     1.19     -0.79      0.90     9  -999.0    -999     0   0   0   0    -999.000  -999.000
0265   66.01   938.7     23.86     91.0     537   138     1.19     -0.80      0.88    10    -4.2     537     0   0   0   0      17.367  -151.722
0266   66.26  -999.0   -999.00   -999.0    -999   138     1.19     -0.80      0.88    10  -999.0    -999     0   0   0   0    -999.000  -999.000
0267   66.51   939.5     23.89     91.0     530   137     1.18     -0.80      0.87    10    -4.2     530     0   0   0   0      17.367  -151.722
0268   66.76  -999.0   -999.00   -999.0    -999   137     1.18     -0.80      0.87    10  -999.0    -999     0   0   0   0    -999.000  -999.000
0269   67.01   940.2     23.91     91.0     523   138     1.17     -0.79      0.87    10    -4.1     523     0   0   0   0      17.367  -151.722
0270   67.26  -999.0   -999.00   -999.0    -999   138     1.17     -0.78      0.87    10  -999.0    -999     0   0   0   0    -999.000  -999.000
0271   67.51   941.0     23.94     91.1     515   139     1.17     -0.77      0.87    10    -4.1     515     0   0   0   0      17.367  -151.722
0272   67.76  -999.0   -999.00   -999.0    -999   139     1.16     -0.76      0.88    10  -999.0    -999     0   0   0   0    -999.000  -999.000
0273   68.01   941.8     23.97     91.1     508   139     1.16     -0.76      0.88    10    -4.1     508     0   0   0   0      17.367  -151.722
0274   68.26  -999.0   -999.00   -999.0    -999   139     1.15     -0.75      0.87    10  -999.0    -999     0   0   0   0    -999.000  -999.000
0275   68.51   942.5     24.00     91.1     501   140     1.14     -0.74      0.87    10    -4.1     501     0   0   0   0      17.367  -151.722
0276   68.76  -999.0   -999.00   -999.0    -999   140     1.14     -0.73      0.87    10  -999.0    -999     0   0   0   0    -999.000  -999.000
0277   69.01   943.3     24.04     91.2     494   140     1.13     -0.72      0.87    10    -4.1     494     0   0   0   0      17.367  -151.722
0278   69.26  -999.0   -999.00   -999.0    -999   141     1.12     -0.71      0.87    10  -999.0    -999     0   0   0   0    -999.000  -999.000
0279   69.51   944.1     24.07     91.2     487   141     1.12     -0.70      0.87    10    -4.1     487     0   0   0   0      17.367  -151.722
0280   69.76  -999.0   -999.00   -999.0    -999   142     1.11     -0.69      0.87    10  -999.0    -999     0   0   0   0    -999.000  -999.000
0281   70.01   944.8     24.11     91.2     480   142     1.11     -0.68      0.88    10    -4.1     480     0   0   0   0      17.367  -151.722
0282   70.26  -999.0   -999.00   -999.0    -999   143     1.11     -0.67      0.89    10  -999.0    -999     0   0   0   0    -999.000  -999.000
0283   70.51   945.6     24.14     91.2     473   143     1.12     -0.67      0.89    10    -4.1     473     0   0   0   0      17.367  -151.722
0284   70.76  -999.0   -999.00   -999.0    -999   143     1.12     -0.68      0.90    10  -999.0    -999     0   0   0   0    -999.000  -999.000
0285   71.01   946.4     24.17     91.2     465   143     1.13     -0.68      0.90    10    -4.1     465     0   0   0   0      17.367  -151.722
0286   71.26  -999.0   -999.00   -999.0    -999   142     1.13     -0.69      0.90    10  -999.0    -999     0   0   0   0    -999.000  -999.000
0287   71.51   947.1     24.21     91.2     458   142     1.14     -0.70      0.90    10    -4.1     458     0   0   0   0      17.367  -151.722
0288   71.76  -999.0   -999.00   -999.0    -999   142     1.14     -0.71      0.90    10  -999.0    -999     0   0   0   0    -999.000  -999.000
0289   72.01   947.9     24.24     91.2     451   141     1.15     -0.72      0.90    10    -4.2     451     0   0   0   0      17.367  -151.722
0290   72.26  -999.0   -999.00   -999.0    -999   141     1.16     -0.72      0.91    10  -999.0    -999     0   0   0   0    -999.000  -999.000
0291   72.51   948.7     24.27     91.2     444   141     1.17     -0.73      0.91    10    -4.2     444     0   0   0   0      17.367  -151.722
0292   72.76  -999.0   -999.00   -999.0    -999   141     1.18     -0.74      0.92    10  -999.0    -999     0   0   0   0    -999.000  -999.000
0293   73.01   949.4     24.30     91.3     437   142     1.19     -0.74      0.93    10    -4.2     437     0   0   0   0      17.367  -151.722
0294   73.26  -999.0   -999.00   -999.0    -999   142     1.20     -0.75      0.95    10  -999.0    -999     0   0   0   0    -999.000  -999.000
0295   73.51   950.2     24.33     91.3     430   142     1.22     -0.75      0.96    10    -4.3     430     0   0   0   0      17.368  -151.722
0296   73.76  -999.0   -999.00   -999.0    -999   142     1.23     -0.75      0.97    10  -999.0    -999     0   0   0   0    -999.000  -999.000
0297   74.01   951.0     24.36     91.2     422   143     1.24     -0.76      0.99    10    -4.3     422     0   0   0   0      17.368  -151.722
0298   74.26  -999.0   -999.00   -999.0    -999   143     1.26     -0.76      1.00    10  -999.0    -999     0   0   0   0    -999.000  -999.000
0299   74.51   951.8     24.38     91.3     415   143     1.27     -0.76      1.01    10    -4.4     415     0   0   0   0      17.368  -151.722
0300   74.76  -999.0   -999.00   -999.0    -999   144     1.28     -0.76      1.03    10  -999.0    -999     0   0   0   0    -999.000  -999.000
0301   75.01   952.6     24.41     91.3     408   144     1.29     -0.76      1.04    10    -4.4     408     0   0   0   0      17.368  -151.722
0302   75.26  -999.0   -999.00   -999.0    -999   144     1.30     -0.76      1.06    10  -999.0    -999     0   0   0   0    -999.000  -999.000
0303   75.51   953.3     24.44     91.3     401   145     1.31     -0.75      1.08    10    -4.4     401     0   0   0   0      17.368  -151.722
0304   75.76  -999.0   -999.00   -999.0    -999   146     1.32     -0.74      1.10    10  -999.0    -999     0   0   0   0    -999.000  -999.000
0305   76.01   954.1     24.47     91.3     393   147     1.34     -0.73      1.12    10    -4.5     393     0   0   0   0      17.368  -151.722
0306   76.26  -999.0   -999.00   -999.0    -999   148     1.35     -0.72      1.14    10  -999.0    -999     0   0   0   0    -999.000  -999.000
0307   76.51   954.9     24.50     91.3     386   149     1.36     -0.71      1.17    10    -4.5     386     0   0   0   0      17.368  -151.722
0308   76.76  -999.0   -999.00   -999.0    -999   150     1.38     -0.69      1.19    10  -999.0    -999     0   0   0   0    -999.000  -999.000
0309   77.01   955.7     24.53     91.2     379   151     1.39     -0.67      1.21    10    -4.5     379     0   0   0   0      17.368  -151.722
0310   77.26  -999.0   -999.00   -999.0    -999   152     1.40     -0.66      1.24    10  -999.0    -999     0   0   0   0    -999.000  -999.000
0311   77.51   956.5     24.56     91.2     371   153     1.41     -0.64      1.26    10    -4.4     371     0   0   0   0      17.368  -151.722
0312   77.76  -999.0   -999.00   -999.0    -999   154     1.42     -0.62      1.27    10  -999.0    -999     0   0   0   0    -999.000  -999.000
0313   78.01   957.3     24.60     91.2     364   155     1.43     -0.61      1.29    10    -4.4     364     0   0   0   0      17.368  -151.722
0314   78.26  -999.0   -999.00   -999.0    -999   156     1.43     -0.59      1.31    10  -999.0    -999     0   0   0   0    -999.000  -999.000
0315   78.51   958.1     24.63     91.2     357   157     1.44     -0.57      1.32    10    -4.4     357     0   0   0   0      17.368  -151.722
0316   78.76  -999.0   -999.00   -999.0    -999   158     1.44     -0.55      1.33    10  -999.0    -999     0   0   0   0    -999.000  -999.000
0317   79.01   958.9     24.65     91.2     350   158     1.44     -0.53      1.34    10    -4.3     350     0   0   0   0      17.368  -151.722
0318   79.26  -999.0   -999.00   -999.0    -999   159     1.45     -0.51      1.35    10  -999.0    -999     0   0   0   0    -999.000  -999.000
0319   79.51   959.7     24.68     91.1     342   160     1.45     -0.50      1.36    10    -4.3     342     0   0   0   0      17.368  -151.722
0320   79.76  -999.0   -999.00   -999.0    -999   160     1.44     -0.49      1.35    10  -999.0    -999     0   0   0   0    -999.000  -999.000
0321   80.01   960.4     24.71     91.1     335   160     1.43     -0.49      1.35    10    -4.3     335     0   0   0   0      17.368  -151.722
0322   80.26  -999.0   -999.00   -999.0    -999   160     1.42     -0.49      1.33    10  -999.0    -999     0   0   0   0    -999.000  -999.000
0323   80.51   961.2     24.74     91.1     328  -999  -999.00   -999.00   -999.00     0    -4.3     328     0   0   0   0    -999.000  -999.000
0324   80.76  -999.0   -999.00   -999.0    -999  -999  -999.00   -999.00   -999.00    18  -999.0    -999     0   0   0   0    -999.000  -999.000
0325   81.01   962.0     24.77     91.1     321   159     1.37     -0.50      1.28    10    -4.3     321     0   0   0   0      17.368  -151.722
0326   81.26  -999.0   -999.00   -999.0    -999   158     1.35     -0.50      1.26    10  -999.0    -999     0   0   0   0    -999.000  -999.000
0327   81.51   962.8     24.80     91.0     314   157     1.34     -0.52      1.24    10    -4.3     314     0   0   0   0      17.368  -151.722
0328   81.76  -999.0   -999.00   -999.0    -999   156     1.33     -0.53      1.22    10  -999.0    -999     0   0   0   0    -999.000  -999.000
0329   82.01   963.6     24.83     91.0     307   155     1.32     -0.55      1.20    10    -4.3     307     0   0   0   0      17.368  -151.722
0330   82.26  -999.0   -999.00   -999.0    -999   154     1.31     -0.57      1.18    10  -999.0    -999     0   0   0   0    -999.000  -999.000
0331   82.51  -999.0   -999.00   -999.0    -999  -999  -999.00   -999.00   -999.00    10  -999.0    -999     0   0   0   0    -999.000  -999.000
0332   82.76  -999.0   -999.00   -999.0    -999   151     1.30     -0.62      1.14    10  -999.0    -999     0   0   0   0    -999.000  -999.000
0333   83.01   965.1     24.89     91.0     292  -999  -999.00   -999.00   -999.00     0    -4.4     292     0   0   0   0    -999.000  -999.000
0334   83.26  -999.0   -999.00   -999.0    -999  -999  -999.00   -999.00   -999.00     0  -999.0    -999     0   0   0   0    -999.000  -999.000
0335   83.51   965.9     24.93     90.9     285   147     1.29     -0.70      1.09    10    -4.4     285     0   0   0   0      17.368  -151.722
0336   83.76  -999.0   -999.00   -999.0    -999   146     1.30     -0.72      1.08    10  -999.0    -999     0   0   0   0    -999.000  -999.000
0337   84.01   966.7     24.97     90.9     278   145     1.30     -0.75      1.07    10    -4.4     278     0   0   0   0      17.368  -151.722
0338   84.26  -999.0   -999.00   -999.0    -999   144     1.31     -0.77      1.06    10  -999.0    -999     0   0   0   0    -999.000  -999.000
0339   84.51   967.5     25.01     90.9     271   143     1.32     -0.79      1.05    10    -4.4     271     0   0   0   0      17.368  -151.722
0340   84.76  -999.0   -999.00   -999.0    -999  -999  -999.00   -999.00   -999.00    10  -999.0    -999     0   0   0   0    -999.000  -999.000
0341   85.01  -999.0   -999.00   -999.0    -999   141     1.33     -0.83      1.04    10  -999.0    -999     0   0   0   0      17.368  -151.722
0342   85.26  -999.0   -999.00   -999.0    -999   141     1.34     -0.85      1.04    10  -999.0    -999     0   0   0   0    -999.000  -999.000
0343   85.51  -999.0   -999.00   -999.0    -999  -999  -999.00   -999.00   -999.00     0  -999.0    -999     0   0   0   0    -999.000  -999.000
0344   85.76  -999.0   -999.00   -999.0    -999  -999  -999.00   -999.00   -999.00     0  -999.0    -999     0   0   0   0    -999.000  -999.000
0345   86.01   969.9     25.13     90.9     249   140     1.36     -0.87      1.05    10    -4.4     249     0   0   0   0      17.368  -151.722
0346   86.26  -999.0   -999.00   -999.0    -999   141     1.36     -0.87      1.05    10  -999.0    -999     0   0   0   0    -999.000  -999.000
0347   86.51   970.7     25.18     90.9     242   141     1.37     -0.86      1.07    10    -4.4     242     0   0   0   0      17.368  -151.722
0348   86.76  -999.0   -999.00   -999.0    -999  -999  -999.00   -999.00   -999.00    10  -999.0    -999     0   0   0   0    -999.000  -999.000
0349   87.01   971.5     25.22     90.9     234  -999  -999.00   -999.00   -999.00    10    -4.3     234     0   0   0   0    -999.000  -999.000
0350   87.26  -999.0   -999.00   -999.0    -999   143     1.40     -0.84      1.12    10  -999.0    -999     0   0   0   0    -999.000  -999.000
0351   87.51   972.3     25.26     90.9     227   144     1.41     -0.82      1.14    10    -4.3     227     0   0   0   0      17.368  -151.722
0352   87.76  -999.0   -999.00   -999.0    -999   145     1.42     -0.81      1.16    10  -999.0    -999     0   0   0   0    -999.000  -999.000
0353   88.01   973.1     25.30     91.0     220   146     1.43     -0.79      1.19    10    -4.3     220     0   0   0   0      17.368  -151.722
0354   88.26  -999.0   -999.00   -999.0    -999   147     1.44     -0.78      1.21    10  -999.0    -999     0   0   0   0    -999.000  -999.000
0355   88.51   973.8     25.33     91.0     213   148     1.45     -0.76      1.23    10    -4.2     213     0   0   0   0      17.368  -151.722
0356   88.76  -999.0   -999.00   -999.0    -999   149     1.46     -0.76      1.25    10  -999.0    -999     0   0   0   0    -999.000  -999.000
0357   89.01   974.6     25.37     91.0     206   149     1.47     -0.75      1.27    10    -4.2     206     0   0   0   0      17.368  -151.722
0358   89.26  -999.0   -999.00   -999.0    -999   149     1.48     -0.76      1.28    10  -999.0    -999     0   0   0   0    -999.000  -999.000
0359   89.51   975.4     25.40     91.0     199   149     1.49     -0.76      1.28    10    -4.2     199     0   0   0   0      17.368  -151.722
0360   89.76  -999.0   -999.00   -999.0    -999  -999  -999.00   -999.00   -999.00    10  -999.0    -999     0   0   0   0    -999.000  -999.000
0361   90.01   976.2     25.44     91.0     192   148     1.49     -0.78      1.26    10    -4.2     192     0   0   0   0      17.368  -151.722
0362   90.26  -999.0   -999.00   -999.0    -999   148     1.48     -0.79      1.25    10  -999.0    -999     0   0   0   0    -999.000  -999.000
0363   90.51   977.0     25.47     91.1     185   147     1.48     -0.80      1.24    10    -4.2     185     0   0   0   0      17.368  -151.722
0364   90.76  -999.0   -999.00   -999.0    -999   147     1.47     -0.81      1.23    10  -999.0    -999     0   0   0   0    -999.000  -999.000
0365   91.01   977.8     25.50     91.1     177   146     1.47     -0.82      1.22    10    -4.2     177     0   0   0   0      17.368  -151.722
0366   91.26  -999.0   -999.00   -999.0    -999   146     1.47     -0.82      1.22    10  -999.0    -999     0   0   0   0    -999.000  -999.000
0367   91.51   978.6     25.54     91.1     170   146     1.46     -0.83      1.21    10    -4.3     170     0   0   0   0      17.368  -151.722
0368   91.76  -999.0   -999.00   -999.0    -999   145     1.46     -0.83      1.20    10  -999.0    -999     0   0   0   0    -999.000  -999.000
0369   92.01   979.3     25.58     91.2     163   145     1.46     -0.83      1.20    10    -4.3     163     0   0   0   0      17.368  -151.722
0370   92.26  -999.0   -999.00   -999.0    -999   145     1.46     -0.83      1.19    10  -999.0    -999     0   0   0   0    -999.000  -999.000
0371   92.51   980.1     25.61     91.2     156   145     1.45     -0.83      1.19    10    -4.4     156     0   0   0   0      17.368  -151.722
0372   92.76  -999.0   -999.00   -999.0    -999   145     1.45     -0.83      1.19    10  -999.0    -999     0   0   0   0    -999.000  -999.000
0373   93.01   980.9     25.65     91.3     149   146     1.45     -0.82      1.19    10    -4.4     149     0   0   0   0      17.368  -151.722
0374   93.26  -999.0   -999.00   -999.0    -999   146     1.45     -0.81      1.20    10  -999.0    -999     0   0   0   0    -999.000  -999.000
0375   93.51   981.7     25.69     91.3     142   146     1.45     -0.80      1.20    10    -4.5     142     0   0   0   0      17.368  -151.722
0376   93.76  -999.0   -999.00   -999.0    -999   147     1.45     -0.80      1.21    10  -999.0    -999     0   0   0   0    -999.000  -999.000
0377   94.01   982.5     25.73     91.3     134   147     1.45     -0.79      1.21    10    -4.5     134     0   0   0   0      17.368  -151.722
0378   94.26  -999.0   -999.00   -999.0    -999   147     1.45     -0.79      1.21    10  -999.0    -999     0   0   0   0    -999.000  -999.000
0379   94.51   983.3     25.77     91.4     127   147     1.45     -0.79      1.21    10    -4.6     127     0   0   0   0      17.368  -151.722
0380   94.76  -999.0   -999.00   -999.0    -999   146     1.45     -0.80      1.21    10  -999.0    -999     0   0   0   0    -999.000  -999.000
0381   95.01   984.2     25.82     91.4     120   146     1.44     -0.81      1.20    10    -4.6     120     0   0   0   0      17.368  -151.722
0382   95.26  -999.0   -999.00   -999.0    -999   146     1.44     -0.81      1.19    10  -999.0    -999     0   0   0   0    -999.000  -999.000
0383   95.51   985.0     25.86     91.4     112   145     1.44     -0.82      1.19    10    -4.6     112     0   0   0   0      17.368  -151.722
0384   95.76  -999.0   -999.00   -999.0    -999   145     1.45     -0.84      1.18    10  -999.0    -999     0   0   0   0    -999.000  -999.000
0385   96.01   985.8     25.91     91.4     105   144     1.45     -0.85      1.17    10    -4.6     105     0   0   0   0      17.368  -151.722
0386   96.26  -999.0   -999.00   -999.0    -999   143     1.46     -0.87      1.17    10  -999.0    -999     0   0   0   0    -999.000  -999.000
0387   96.51   986.6     25.96     91.4      98   143     1.46     -0.89      1.16    10    -4.6      98     0   0   0   0      17.368  -151.722
0388   96.76  -999.0   -999.00   -999.0    -999   142     1.47     -0.91      1.15    10  -999.0    -999     0   0   0   0    -999.000  -999.000
0389   97.01   987.4     26.01     91.4      90   141     1.48     -0.93      1.14    10    -4.6      90     0   0   0   0      17.368  -151.722
0390   97.26  -999.0   -999.00   -999.0    -999   140     1.48     -0.95      1.13    10  -999.0    -999     0   0   0   0    -999.000  -999.000
0391   97.51   988.2     26.06     91.4      83   139     1.48     -0.97      1.12    10    -4.6      83     0   0   0   0      17.368  -151.722
0392   97.76  -999.0   -999.00   -999.0    -999   138     1.49     -0.99      1.11    10  -999.0    -999     0   0   0   0    -999.000  -999.000
0393   98.01   989.0     26.11     91.4      76   138     1.49     -1.00      1.10    10    -4.5      76     0   0   0   0      17.368  -151.722
0394   98.26  -999.0   -999.00   -999.0    -999   137     1.49     -1.01      1.09    10  -999.0    -999     0   0   0   0    -999.000  -999.000
0395   98.51   989.8     26.16     91.4      69   137     1.48     -1.01      1.08    10    -4.5      69     0   0   0   0      17.368  -151.722
0396   98.76  -999.0   -999.00   -999.0    -999   137     1.48     -1.02      1.08    10  -999.0    -999     0   0   0   0    -999.000  -999.000
0397   99.01   990.6     26.21     91.4      62   136     1.48     -1.02      1.07    10    -4.5      62     0   0   0   0      17.368  -151.722
0398   99.26  -999.0   -999.00   -999.0    -999   136     1.48     -1.03      1.06    10  -999.0    -999     0   0   0   0    -999.000  -999.000
0399   99.51   991.4     26.26     91.3      54   135     1.47     -1.04      1.04    10    -4.5      54     0   0   0   0      17.368  -151.722
0400   99.76  -999.0   -999.00   -999.0    -999   134     1.46     -1.05      1.01    10  -999.0    -999     0   0   0   0    -999.000  -999.000
0401  100.01   992.2     26.31     91.3      47   133     1.44     -1.05      0.98    10    -4.5      47     0   0   0   0      17.368  -151.722
0402  100.26  -999.0   -999.00   -999.0    -999   133     1.42     -1.03      0.97    10  -999.0    -999     0   0   0   0    -999.000  -999.000
0403  100.51   993.1     26.36     91.2      40   134     1.40     -1.01      0.98    10    -4.4      40     0   0   0   0      17.368  -151.722
0404  100.76  -999.0   -999.00   -999.0    -999   136     1.41     -0.98      1.01    10  -999.0    -999     0   0   0   0    -999.000  -999.000
0405  101.01   993.9     26.42     91.1      33   138     1.44     -0.97      1.06    10    -4.4      33     0   0   0   0      17.368  -151.722
0406  101.26  -999.0   -999.00   -999.0    -999   139     1.48     -0.97      1.11    10  -999.0    -999     0   0   0   0    -999.000  -999.000
0407  101.51   994.7     26.47     91.0      26   139     1.51     -0.99      1.15    10    -4.4      26     0   0   0   0      17.368  -151.722
0408  101.76  -999.0   -999.00   -999.0    -999   139     1.53     -1.01      1.15    10  -999.0    -999     0   0   0   0    -999.000  -999.000
0409  102.01   995.5     26.52     90.9      18   138     1.52     -1.01      1.13    10    -4.4      18     0   0   0   0      17.368  -151.722
0410  102.26  -999.0   -999.00   -999.0    -999   138     1.48     -1.00      1.09    10  -999.0    -999     0   0   0   0    -999.000  -999.000
0411  102.51   996.3     26.57     90.8      11   138     1.41     -0.94      1.05    10    -4.4      11     0   0   0   0      17.368  -151.722
0412  102.76  -999.0   -999.00   -999.0    -999   139     1.33     -0.87      1.00    10  -999.0    -999     0   0   0   0    -999.000  -999.000
0413  103.30   997.5     26.60     90.8       0  -999  -999.00   -999.00   -999.00  -999  -999.0       0     0   0   0   0    -999.000  -999.000
