 ===========================================================================
 DROPWINDSONDE PROCESSING RECORD                            Sonde: 011378067
 PDS file written Sep 16, 2005.                             Format:    V6.03
 Aircraft: N42RF                             Date: 050916   Time: 204457 UTC
 ---------------------------------------------------------------------------
 Bias corrections:  PR =    .0 mb  TE =    .0 C  RH =    .0 %  PRB =   .3 mb
 Filters (LPF):     PTH =  10 s    WIND =  10 s       Hyd anchor =       SFC
 Dyn RH correction =  N     WSHR COR =      Y         Splash PR  =  996.8 mb
 Estimated PR used =  N     GPS VERR =    .40 m/s     HYD SFCP   = 1000.2 mb
 Dyn T correction  =  Y     WGACORR  =     .5 m       AC GA ADJ  =     .0 m
 ---------------------------------------------------------------------------
 COMMENTS: None                                                        
 ===========================================================================

 ==============================================================================
 Date: 050916   Lat:  36.78 N   TA:   12.1 C   PS:  712.2 mb   WD:   222 deg
 Time: 204457   Lon:  73.00 W   TD:   11.1 C   GA:   2929 m    WS:  13.2 m/s
 SID:  011378067                RH:   93.5 %   Navaid:   GP          
 ===========================================================================

IX      t (s)  P (mb)    T (C)    RH (%)  Z (m)   WD    WS (m/s)   U (m/s)   V (m/s)  NS  WZ (m/s)  ZW (m)   FP  FT  FH  FW   LAT (N)    LON (E)  ZW (ft)  WS (kt)  WS (mph)  THETAE (K)
0001      .0   713.4     12.20   -999.0    2891   222    13.29      8.88      9.89  -999  -999.0    2892     3   3   0   4    36.7787   -72.9999     9488    25.79     29.77     -999.00
0002      .5   714.6     12.33   -999.0    2877   220    13.92      8.86     10.74  -999  -999.0    2878     3   3   0   4    36.7788   -72.9999     9442    27.01     31.19     -999.00
0003     1.0   715.8     12.45   -999.0    2863   219    14.02      8.85     10.87  -999  -999.0    2864     3   3   0   4    36.7788   -72.9998     9396    27.20     31.40     -999.00
0004     1.5   717.0     12.56   -999.0    2849   219    14.12      8.85     11.00  -999  -999.0    2850     3   3   0   4    36.7789   -72.9998     9350    27.38     31.62     -999.00
0005     2.0   718.2     12.68   -999.0    2835   218    14.21      8.85     11.12  -999  -999.0    2836     3   3   0   4    36.7789   -72.9998     9304    27.57     31.84     -999.00
0006     2.5   719.3     12.80   -999.0    2821   218    14.31      8.84     11.25  -999  -999.0    2822     3   3   0   4    36.7790   -72.9997     9259    27.76     32.05     -999.00
0007     3.0   720.5     12.91   -999.0    2808   218    14.41      8.84     11.38  -999  -999.0    2808     3   3   0   4    36.7790   -72.9997     9213    27.95     32.27     -999.00
0008     3.5   721.7     13.03   -999.0    2794   218    14.51      8.84     11.50  -999  -999.0    2794     3   3   0   4    36.7791   -72.9996     9167    28.14     32.49     -999.00
0009     4.0   722.9     13.15   -999.0    2780   217    14.60      8.83     11.63  -999  -999.0    2780     3   3   0   4    36.7792   -72.9996     9122    28.33     32.71     -999.00
0010     4.5   724.1     13.26   -999.0    2766   217    14.70      8.83     11.76  -999  -999.0    2766     3   3   0   4    36.7792   -72.9995     9076    28.52     32.93     -999.00
0011     5.0   725.3     13.38   -999.0    2752   217    14.80      8.83     11.88  -999  -999.0    2753     3   3   0   4    36.7793   -72.9995     9031    28.72     33.16     -999.00
0012     5.5   726.5     13.50   -999.0    2738   216    14.90      8.82     12.01  -999  -999.0    2739     3   3   0   4    36.7793   -72.9994     8985    28.91     33.38     -999.00
0013     6.0   727.7     13.61   -999.0    2724   216    15.00      8.82     12.14  -999  -999.0    2725     3   3   0   4    36.7794   -72.9994     8940    29.10     33.60     -999.00
0014     6.5   728.9     13.73   -999.0    2711   216    15.10      8.81     12.26  -999  -999.0    2711     3   3   0   4    36.7794   -72.9993     8895    29.30     33.83     -999.00
0015     7.0   730.1     13.84   -999.0    2697   215    15.20      8.81     12.39  -999  -999.0    2697     3   3   0   4    36.7795   -72.9993     8849    29.50     34.06     -999.00
0016     7.5   731.3     13.96   -999.0    2683   215    15.31      8.81     12.52  -999  -999.0    2683     3   3   0   4    36.7795   -72.9993     8804    29.69     34.29     -999.00
0017     8.0   732.4     14.07   -999.0    2669   215    15.41      8.80     12.65  -999  -999.0    2670     3   3   0   4    36.7796   -72.9992     8759    29.89     34.52     -999.00
0018     8.5   733.6     14.19   -999.0    2655   215    15.51      8.80     12.78  -999  -999.0    2656     3   3   0   4    36.7796   -72.9992     8714    30.09     34.75     -999.00
0019     9.0   734.8     14.30   -999.0    2642   214    15.62      8.80     12.90  -999  -999.0    2642     3   3   0   4    36.7797   -72.9991     8669    30.30     34.98     -999.00
0020     9.5   736.0     14.41   -999.0    2628   214    15.72      8.79     13.03  -999  -999.0    2628     3   3   0   4    36.7798   -72.9991     8624    30.50     35.21     -999.00
0021    10.0   737.2     14.53   -999.0    2614   214    15.82      8.79     13.16  -999  -999.0    2615     3   3   0   4    36.7798   -72.9990     8578    30.70     35.45     -999.00
0022    10.5   738.4     14.64   -999.0    2600   213    15.93      8.79     13.29  -999  -999.0    2601     3   3   0   4    36.7799   -72.9990     8533    30.90     35.68     -999.00
0023    11.0   739.7     14.75   -999.0    2586   213    16.03      8.78     13.41  -999  -999.0    2587     3   3   0   4    36.7799   -72.9989     8487    31.10     35.91     -999.00
0024    11.5   740.9     14.86   -999.0    2572   213    16.13      8.78     13.54  -999  -999.0    2573     3   3   0   4    36.7800   -72.9989     8441    31.30     36.14     -999.00
0025    12.0   742.1     14.97   -999.0    2558   213    16.23      8.77     13.66  -999  -999.0    2559     3   3   0   4    36.7801   -72.9988     8395    31.49     36.37     -999.00
0026    12.5   743.3     15.07   -999.0    2544   212    16.33      8.77     13.78  -999  -999.0    2545     3   3   0   4    36.7801   -72.9988     8349    31.69     36.59     -999.00
0027    13.0   744.6     15.17   -999.0    2530   212    16.43      8.77     13.90  -999  -999.0    2531     3   3   0   4    36.7802   -72.9987     8303    31.88     36.81     -999.00
0028    13.5   745.8     15.26   -999.0    2516   212    16.53      8.76     14.01  -999  -999.0    2517     3   3   0   4    36.7803   -72.9987     8257    32.07     37.03     -999.00
0029    14.0   747.0     15.34   -999.0    2503   212    16.62      8.76     14.13  -999  -999.0    2503     3   3   0   4    36.7803   -72.9987     8212    32.25     37.24     -999.00
0030    14.5   748.2     15.42   -999.0    2489   212    16.72      8.76     14.24  -999  -999.0    2490     3   3   0   4    36.7804   -72.9986     8169    32.43     37.44     -999.00
0031    15.0   749.3     15.48   -999.0    2476   211    16.81      8.76     14.35  -999  -999.0    2477     3   3   0   4    36.7804   -72.9986     8126    32.61     37.65     -999.00
0032    15.5   750.4     15.53   -999.0    2464   211    16.90      8.75     14.45  -999   -10.2    2464     3   3   0   4    36.7805   -72.9985     8085    32.78     37.85     -999.00
0033    16.0   751.5     15.57   -999.0    2452   211    16.98      8.75     14.56  -999    -9.1    2452     3   3   0   4    36.7806   -72.9985     8045    32.95     38.04     -999.00
0034    16.5   752.5     15.59   -999.0    2440   211    17.07      8.75     14.66  -999    -8.0    2441     0   0   0   4    36.7806   -72.9984     8008    33.11     38.23     -999.00
0035    17.0   753.4     15.60     87.2    2430   211    17.15      8.74     14.76  -999    -6.8    2430     0   0   0   4    36.7807   -72.9984     7973    33.28     38.42      353.72
0036    17.5   754.3     15.60     88.4    2419   210    17.24      8.74     14.86  -999    -5.5    2420     0   0   0   4    36.7808   -72.9983     7940    33.44     38.62      354.08
0037    18.0   755.2     15.58     89.7    2410   210    17.32      8.74     14.96  -999    -4.3    2411     0   0   0   4    36.7808   -72.9983     7909    33.61     38.81      354.42
0038    18.5   755.9     15.55     90.3    2401   210    17.41      8.74     15.06  -999    -3.2    2402     0   0   0   4    36.7809   -72.9982     7880    33.78     39.00      354.46
0039    19.0   756.7     15.51     90.6    2393   210    17.50      8.73     15.17  -999    -2.1    2394     0   0   0   4    36.7810   -72.9982     7853    33.95     39.20      354.27
0040    19.5   757.3     15.45     90.9    2386   210    17.59      8.73     15.27  -999    -1.2    2386     0   0   0   4    36.7811   -72.9982     7828    34.13     39.40      354.08
0041    20.0   758.0     15.40     91.4    2378   210    17.68      8.73     15.38  -999     -.4    2379     0   0   0   4    36.7811   -72.9981     7805    34.31     39.61      353.94
0042    20.5   758.6     15.33     91.9    2372   209    17.78      8.73     15.49  -999      .2    2372     0   0   0   4    36.7812   -72.9981     7783    34.49     39.83      353.82
0043    21.0   759.1     15.27     92.5    2365   209    17.88      8.72     15.61  -999      .7    2366     0   0   0   4    36.7813   -72.9980     7761    34.68     40.05      353.71
0044    21.5   759.7     15.20     93.0    2359   209    17.98      8.72     15.72  -999     1.0    2359     0   0   0   4    36.7813   -72.9980     7740    34.88     40.27      353.59
0045    22.0   760.3     15.14     93.5    2353   209    18.08      8.71     15.85  -999     1.1    2353     0   0   0   4    36.7814   -72.9979     7720    35.08     40.51      353.46
0046    22.5   760.8     15.09     94.0    2346   209    18.19      8.70     15.97  -999     1.1    2347     0   0   0   4    36.7815   -72.9979     7699    35.29     40.74      353.34
0047    23.0   761.4     15.04     94.4    2340   208    18.30      8.69     16.10  -999     1.1    2341     0   0   0   4    36.7815   -72.9978     7679    35.50     40.99      353.22
0048    23.5   762.0     15.00     94.7    2334   208    18.41      8.67     16.24  -999      .9    2334     0   0   0   4    36.7816   -72.9978     7658    35.71     41.23      353.11
0049    24.0   762.5     14.97     95.1    2327   208    18.52      8.66     16.37  -999      .7    2328     0   0   0   4    36.7817   -72.9977     7637    35.93     41.48      353.02
0050    24.5   763.1     14.95     95.3    2320   208    18.63      8.65     16.50  -999      .5    2321     0   0   0   4    36.7818   -72.9977     7615    36.15     41.74      352.95
0051    25.0   763.8     14.94     95.6    2314   207    18.75      8.63     16.64  -999      .3    2314     0   0   0   4    36.7818   -72.9977     7592    36.37     41.99      352.90
0052    25.5   764.4     14.94     95.8    2307   207    18.86      8.63     16.77  -999      .1    2307     0   0   0   4    36.7819   -72.9976     7570    36.59     42.25      352.87
0053    26.0   765.0     14.95     95.9    2300   207    18.98      8.63     16.91  -999     -.1    2300     0   0   0   4    36.7820   -72.9976     7547    36.82     42.52      352.86
0054    26.5   765.6     14.97     96.1    2293   207    19.10      8.64     17.04  -999     -.2    2293     0   0   0   4    36.7821   -72.9975     7524    37.06     42.79      352.87
0055    27.0   766.3     15.00     96.2    2286   207    19.23      8.67     17.16  -999     -.3    2286     0   0   0   4    36.7821   -72.9975     7500    37.30     43.07      352.90
0056    27.5   766.9     15.03     96.2    2278   207    19.36      8.71     17.29  -999     -.4    2279     0   0   0   4    36.7822   -72.9974     7477    37.55     43.36      352.94
0057    28.0   767.6     15.07     96.3    2271   207    19.48      8.76     17.40  -999     -.4    2272     0   0   0   4    36.7823   -72.9974     7453    37.80     43.65      352.99
0058    28.5   768.2     15.11     96.3    2264   207    19.61      8.83     17.51  -999     -.4    2265     0   0   0   4    36.7824   -72.9973     7430    38.05     43.94      353.05
0059    29.0   768.9     15.16     96.3    2257   207    19.74      8.91     17.61  -999     -.4    2257     0   0   0   4    36.7825   -72.9973     7406    38.30     44.22      353.11
0060    29.5   769.5     15.20     96.3    2250   207    19.86      9.01     17.70  -999     -.3    2250     0   0   0   4    36.7825   -72.9972     7383    38.54     44.49      353.18
0061    30.0   770.1     15.25     96.3    2243   207    19.98      9.10     17.78  -999     -.3    2243     0   0   0   4    36.7826   -72.9972     7360    38.76     44.75      353.25
0062    30.5   770.8     15.30     96.3    2236   207    20.08      9.19     17.85     4     -.3    2236     0   0   0   0    36.7827   -72.9971     7337    38.95     44.97      353.32
0063    31.0   771.4     15.34     96.3    2229   207    20.16      9.27     17.90     4     -.3    2229     0   0   0   0    36.7828   -72.9971     7314    39.11     45.16      353.38
0064    31.5   772.1     15.39     96.3    2222   207    20.23      9.33     17.95     4     -.3    2222     0   0   0   0    36.7829   -72.9970     7290    39.24     45.30      353.44
0065    32.0   772.7     15.43     96.3    2215   207    20.26      9.35     17.98     4     -.4    2215     0   0   0   0    36.7829   -72.9970     7267    39.31     45.39      353.50
0066    32.5   773.3     15.47     96.3    2207   207    20.28      9.33     18.01     4     -.4    2208     0   0   0   0    36.7830   -72.9969     7244    39.34     45.42      353.54
0067    33.0   774.0     15.51     96.3    2200   207    20.26      9.25     18.03     4     -.5    2201     0   0   0   0    36.7831   -72.9968     7221    39.31     45.39      353.58
0068    33.5   774.6     15.55     96.3    2193   207    20.23      9.13     18.05     4     -.5    2194     0   0   0   0    36.7832   -72.9968     7197    39.24     45.31      353.61
0069    34.0   775.3     15.59     96.3    2186   206    20.17      8.94     18.07     4     -.6    2186     0   0   0   0    36.7833   -72.9967     7173    39.12     45.17      353.63
0070    34.5   776.0     15.62     96.3    2179   206    20.09      8.70     18.10     4     -.6    2179     0   0   0   3    36.7833   -72.9967     7150    38.97     44.99      353.65
0071    35.0   776.6     15.66     96.3    2171   205    19.99      8.42     18.14     4     -.7    2172     0   0   0   0    36.7834   -72.9967     7126    38.79     44.79      353.67
0072    35.5   777.3     15.70     96.3    2164   204    19.90      8.10     18.17     4     -.7    2165     0   0   0   3    36.7835   -72.9966     7102    38.60     44.57      353.70
0073    36.0   777.9     15.73     96.4    2157   203    19.80      7.75     18.21     4     -.7    2157     0   0   0   3    36.7836   -72.9966     7078    38.40     44.34      353.72
0074    36.5   778.6     15.77     96.4    2150   202    19.70      7.40     18.25     4     -.6    2150     0   0   0   0    36.7837   -72.9965     7054    38.21     44.12      353.75
0075    37.0   779.3     15.80     96.4    2142   201    19.60      7.05     18.29     4     -.6    2143     0   0   0   3    36.7838   -72.9965     7031    38.03     43.91      353.78
0076    37.5   779.9     15.84     96.4    2135   200    19.51      6.73     18.32     4     -.5    2136     0   0   0   0    36.7838   -72.9964     7007    37.85     43.71      353.81
0077    38.0   780.6     15.87     96.5    2128   199    19.43      6.43     18.33     4     -.4    2129     0   0   0   3    36.7839   -72.9964     6984    37.69     43.52      353.85
0078    38.5   781.2     15.91     96.5    2121   199    19.34      6.18     18.33     4     -.3    2122     0   0   0   3    36.7840   -72.9964     6961    37.53     43.33      353.89
0079    39.0   781.9     15.95     96.5    2114   198    19.26      5.98     18.31     4     -.2    2115     0   0   0   3    36.7841   -72.9963     6938    37.37     43.15      353.94
0080    39.5   782.5     15.98     96.6    2107   198    19.17      5.83     18.27     4     -.1    2108     0   0   0   0    36.7842   -72.9963     6915    37.20     42.95      353.98
0081    40.0   783.1     16.02     96.6    2100   197    19.08      5.73     18.20     4      .0    2101     0   0   0   0    36.7843   -72.9963     6893    37.01     42.73      354.02
0082    40.5   783.7     16.05     96.6    2093   197    18.97      5.67     18.10     4      .0    2094     0   0   0   0    36.7843   -72.9962     6870    36.80     42.49      354.06
0083    41.0   784.4     16.08     96.7    2087   197    18.85      5.65     17.98     4      .1    2087     0   0   0   0    36.7844   -72.9962     6848    36.57     42.22      354.09
0084    41.5   785.0     16.12     96.7    2080   198    18.72      5.67     17.84     4      .1    2080     0   0   0   0    36.7845   -72.9962     6826    36.31     41.93      354.12
0085    42.0   785.6     16.14     96.8    2073   198    18.57      5.70     17.68     4      .2    2074     0   0   0   0    36.7846   -72.9962     6803    36.03     41.61      354.14
0086    42.5   786.2     16.17     96.8    2066   198    18.42      5.75     17.50     4      .2    2067     0   0   0   3    36.7847   -72.9961     6781    35.73     41.26      354.16
0087    43.0   786.9     16.20     96.9    2060   199    18.26      5.81     17.31     4      .2    2060     0   0   0   0    36.7847   -72.9961     6759    35.42     40.89      354.18
0088    43.5   787.5     16.22     96.9    2053   199    18.09      5.87     17.11     5      .1    2053     0   0   0   0    36.7848   -72.9961     6737    35.09     40.52      354.19
0089    44.0   788.1     16.25     97.0    2046   199    17.92      5.92     16.91     5      .1    2047     0   0   0   0    36.7849   -72.9960     6715    34.76     40.13      354.20
0090    44.5   788.7     16.27     97.1    2039   200    17.75      5.97     16.72     5      .1    2040     0   0   0   0    36.7850   -72.9960     6692    34.44     39.76      354.21
0091    45.0   789.4     16.29     97.1    2032   200    17.59      6.01     16.53     5      .1    2033     0   0   0   0    36.7850   -72.9960     6670    34.13     39.40      354.23
0092    45.5   790.0     16.31     97.2    2026   200    17.45      6.04     16.37     5      .1    2026     0   0   0   3    36.7851   -72.9959     6648    33.84     39.08      354.24
0093    46.0   790.6     16.34     97.3    2019   200    17.32      6.06     16.22     5      .1    2019     0   0   0   0    36.7852   -72.9959     6625    33.60     38.79      354.26
0094    46.5   791.3     16.36     97.4    2012   201    17.21      6.08     16.10     5      .1    2013     0   0   0   0    36.7853   -72.9959     6603    33.39     38.55      354.27
0095    47.0   791.9     16.39     97.5    2005   201    17.13      6.09     16.01     5      .1    2006     0   0   0   3    36.7853   -72.9958     6580    33.23     38.37      354.30
0096    47.5   792.5     16.41     97.6    1998   201    17.07      6.10     15.94     5      .1    1999     0   0   0   0    36.7854   -72.9958     6558    33.12     38.24      354.32
0097    48.0   793.1     16.44     97.7    1992   201    17.05      6.10     15.92     5      .1    1992     0   0   0   0    36.7855   -72.9958     6536    33.07     38.18      354.34
0098    48.5   793.8     16.46     97.7    1985   201    17.05      6.09     15.92     5      .1    1985     0   0   0   0    36.7855   -72.9958     6513    33.07     38.19      354.36
0099    49.0   794.4     16.49     97.8    1978   201    17.08      6.08     15.96     5      .1    1979     0   0   0   3    36.7856   -72.9957     6491    33.13     38.26      354.38
0100    49.5   795.0     16.52     97.8    1971   201    17.13      6.05     16.03     5      .1    1972     0   0   0   0    36.7857   -72.9957     6469    33.24     38.38      354.39
0101    50.0   795.7     16.54     97.9    1964   200    17.21      6.00     16.13     5      .1    1965     0   0   0   0    36.7858   -72.9957     6447    33.39     38.56      354.40
0102    50.5   796.3     16.57     97.9    1958   200    17.31      5.95     16.25     5      .1    1958     0   0   0   0    36.7858   -72.9956     6425    33.58     38.77      354.41
0103    51.0   796.9     16.60     97.9    1951   200    17.41      5.87     16.39     5      .0    1951     0   0   0   0    36.7859   -72.9956     6402    33.78     39.01      354.41
0104    51.5   797.6     16.62     97.9    1944   199    17.53      5.78     16.54     5      .0    1945     0   0   0   0    36.7860   -72.9956     6380    34.00     39.26      354.41
0105    52.0   798.2     16.65     97.9    1937   199    17.64      5.69     16.69     5      .0    1938     0   0   0   0    36.7861   -72.9955     6358    34.21     39.50      354.41
0106    52.5   798.8     16.68     97.9    1931   198    17.74      5.58     16.83     5     -.1    1931     0   0   0   0    36.7861   -72.9955     6335    34.41     39.73      354.41
0107    53.0   799.5     16.70     97.9    1924   198    17.82      5.48     16.96     5     -.2    1924     0   0   0   0    36.7862   -72.9955     6313    34.57     39.92      354.40
0108    53.5   800.1     16.73     97.9    1917   198    17.88      5.38     17.05     4     -.3    1917     0   0   0   0    36.7863   -72.9955     6290    34.68     40.05      354.40
0109    54.0   800.8     16.76     98.0    1910   197    17.91      5.30     17.11     4     -.4    1910     0   0   0   3    36.7864   -72.9954     6267    34.74     40.11      354.40
0110    54.5   801.4     16.79     98.0    1903   197    17.90      5.23     17.12     4     -.5    1903     0   0   0   3    36.7864   -72.9954     6244    34.73     40.10      354.40
0111    55.0   802.1     16.82     98.0    1896   197    17.86      5.19     17.09     4     -.6    1896     0   0   0   0    36.7865   -72.9954     6221    34.65     40.01      354.40
0112    55.5   802.8     16.85     98.0    1889   197    17.79      5.17     17.02     4     -.7    1889     0   0   0   0    36.7866   -72.9953     6198    34.50     39.84      354.41
0113    56.0   803.4     16.88     98.0    1881   197    17.68      5.17     16.91     4     -.9    1882     0   0   0   0    36.7867   -72.9953     6174    34.29     39.60      354.41
0114    56.5   804.1     16.91     98.0    1874   197    17.54      5.18     16.76     4    -1.0    1875     0   0   0   0    36.7867   -72.9953     6150    34.03     39.29      354.42
0115    57.0   804.8     16.94     98.0    1867   197    17.39      5.21     16.59     4    -1.0    1867     0   0   0   0    36.7868   -72.9952     6126    33.73     38.95      354.43
0116    57.5   805.5     16.97     98.1    1859   198    17.22      5.24     16.40     4    -1.1    1860     0   0   0   0    36.7869   -72.9952     6102    33.41     38.58      354.44
0117    58.0   806.2     17.00     98.1    1852   198    17.05      5.27     16.22     4    -1.1    1853     0   0   0   0    36.7870   -72.9952     6078    33.09     38.20      354.45
0118    58.5   806.9     17.03     98.1    1845   198    16.89      5.29     16.04     5    -1.1    1845     0   0   0   0    36.7870   -72.9951     6054    32.77     37.84      354.46
0119    59.0   807.6     17.06     98.1    1837   198    16.75      5.30     15.89     5    -1.1    1838     0   0   0   3    36.7871   -72.9951     6029    32.49     37.51      354.47
0120    59.5   808.3     17.09     98.1    1830   199    16.62      5.27     15.76     5    -1.1    1830     0   0   0   0    36.7872   -72.9951     6005    32.24     37.23      354.48
0121    60.0   809.0     17.13     98.1    1823   198    16.51      5.22     15.67     5    -1.0    1823     0   0   0   3    36.7873   -72.9951     5981    32.04     36.99      354.49
0122    60.5   809.6     17.16     98.1    1815   198    16.43      5.14     15.61     5     -.9    1816     0   0   0   3    36.7873   -72.9950     5957    31.88     36.81      354.51
0123    61.0   810.3     17.19     98.1    1808   198    16.38      5.03     15.59     5     -.9    1809     0   0   0   3    36.7874   -72.9950     5934    31.77     36.69      354.53
0124    61.5   811.0     17.23     98.1    1801   197    16.35      4.88     15.60     5     -.8    1801     0   0   0   3    36.7875   -72.9950     5910    31.71     36.62      354.54
0125    62.0   811.7     17.26     98.1    1794   197    16.34      4.71     15.64     5     -.7    1794     0   0   0   0    36.7875   -72.9949     5887    31.70     36.60      354.57
0126    62.5   812.3     17.30     98.1    1787   196    16.35      4.52     15.71     5     -.6    1787     0   0   0   0    36.7876   -72.9949     5864    31.71     36.62      354.59
0127    63.0   813.0     17.33     98.1    1780   195    16.37      4.33     15.79     5     -.5    1780     0   0   0   0    36.7877   -72.9949     5841    31.76     36.67      354.62
0128    63.5   813.7     17.37     98.1    1773   195    16.40      4.13     15.87     5     -.4    1773     0   0   0   0    36.7878   -72.9949     5818    31.81     36.73      354.66
0129    64.0   814.3     17.41     98.2    1766   194    16.42      3.96     15.94     5     -.3    1766     0   0   0   0    36.7878   -72.9949     5795    31.86     36.79      354.70
0130    64.5   815.0     17.45     98.2    1759   193    16.44      3.82     15.99     5     -.3    1759     0   0   0   0    36.7879   -72.9948     5772    31.90     36.83      354.75
0131    65.0   815.6     17.49     98.2    1752   193    16.44      3.72     16.02     5     -.2    1753     0   0   0   3    36.7880   -72.9948     5750    31.90     36.83      354.81
0132    65.5   816.3     17.53     98.2    1745   193    16.42      3.67     16.01     4     -.1    1746     0   0   0   3    36.7880   -72.9948     5727    31.86     36.79      354.88
0133    66.0   816.9     17.57     98.2    1738   193    16.38      3.69     15.95     4     -.1    1739     0   0   0   0    36.7881   -72.9948     5705    31.77     36.68      354.96
0134    66.5   817.6     17.62     98.3    1732   193    16.30      3.77     15.86     4      .0    1732     0   0   0   0    36.7882   -72.9947     5683    31.63     36.52      355.04
0135    67.0   818.2     17.66     98.3    1725   194    16.21      3.92     15.73     4      .0    1725     0   0   0   0    36.7883   -72.9947     5661    31.45     36.32      355.13
0136    67.5   818.9     17.71     98.3    1718   195    16.11      4.12     15.57     4      .1    1719     0   0   0   0    36.7883   -72.9947     5639    31.25     36.08      355.22
0137    68.0   819.5     17.75     98.4    1711   196    16.00      4.38     15.39     5      .1    1712     0   0   0   0    36.7884   -72.9947     5617    31.04     35.84      355.32
0138    68.5   820.1     17.80     98.4    1705   197    15.90      4.68     15.19     5      .1    1705     0   0   0   0    36.7885   -72.9946     5595    30.84     35.61      355.42
0139    69.0   820.8     17.85     98.4    1698   198    15.81      5.01     15.00     5      .1    1699     0   0   0   0    36.7885   -72.9946     5573    30.67     35.41      355.51
0140    69.5   821.4     17.89     98.4    1691   200    15.74      5.34     14.81     5      .1    1692     0   0   0   0    36.7886   -72.9946     5551    30.54     35.27      355.60
0141    70.0   822.0     17.94     98.5    1685   201    15.71      5.66     14.65     6      .1    1685     0   0   0   3    36.7887   -72.9946     5529    30.47     35.18      355.69
0142    70.5   822.7     17.98     98.5    1678   202    15.70      5.95     14.53     7      .0    1679     0   0   0   0    36.7887   -72.9945     5507    30.45     35.16      355.76
0143    71.0   823.3     18.02     98.5    1671   203    15.71      6.19     14.43     7      .0    1672     0   0   0   3    36.7888   -72.9945     5485    30.47     35.18      355.82
0144    71.5   824.0     18.05     98.6    1665   204    15.73      6.38     14.38     7     -.1    1665     0   0   0   3    36.7889   -72.9944     5463    30.52     35.23      355.87
0145    72.0   824.6     18.08     98.7    1658   204    15.76      6.50     14.36     7     -.2    1658     0   0   0   0    36.7889   -72.9944     5441    30.57     35.30      355.91
0146    72.5   825.3     18.10     98.8    1651   204    15.78      6.54     14.36     7     -.3    1652     0   0   0   0    36.7890   -72.9944     5419    30.61     35.34      355.94
0147    73.0   825.9     18.12     98.9    1644   204    15.78      6.52     14.38     7     -.4    1645     0   0   0   3    36.7891   -72.9943     5396    30.62     35.36      355.95
0148    73.5   826.6     18.13     99.0    1637   204    15.76      6.42     14.40     7     -.4    1638     0   0   0   3    36.7891   -72.9943     5373    30.58     35.31      355.94
0149    74.0   827.3     18.14     99.1    1630   204    15.71      6.27     14.41     7     -.5    1631     0   0   0   3    36.7892   -72.9943     5350    30.48     35.19      355.91
0150    74.5   827.9     18.14     99.3    1623   203    15.62      6.06     14.39     7     -.5    1624     0   0   0   0    36.7892   -72.9942     5327    30.30     34.99      355.86
0151    75.0   828.6     18.14     99.3    1616   202    15.48      5.83     14.35     6     -.5    1617     0   0   0   0    36.7893   -72.9942     5304    30.04     34.68      355.78
0152    75.5   829.3     18.14     99.3    1609   201    15.30      5.57     14.26     5     -.5    1610     3   3   3   0    36.7894   -72.9942     5281    29.69     34.28      355.66
0153    76.0   830.0     18.14     99.3    1602   201    15.08      5.30     14.12     6     -.5    1603     0   0   0   3    36.7894   -72.9941     5258    29.26     33.78      355.51
0154    76.5   830.6     18.15     99.1    1595   200    14.82      5.04     13.93     6     -.4    1596     0   0   0   0    36.7895   -72.9941     5236    28.75     33.19      355.32
0155    77.0   831.3     18.16     98.8    1588   199    14.52      4.80     13.71     6     -.4    1589     0   0   3   3    36.7896   -72.9941     5213    28.18     32.53      355.09
0156    77.5   832.0     18.17     98.4    1582   199    14.21      4.59     13.44     6     -.3    1582     0   0   3   0    36.7896   -72.9940     5190    27.56     31.82      354.82
0157    78.0   832.6     18.19     97.9    1575   199    13.88      4.42     13.16     6     -.3    1575     0   0   3   0    36.7897   -72.9940     5168    26.92     31.09      354.52
0158    78.5   833.3     18.21     97.2    1568   198    13.55      4.28     12.86     6     -.3    1568     0   0   0   0    36.7897   -72.9940     5146    26.29     30.35      354.18
0159    79.0   833.9     18.24     96.5    1561   198    13.24      4.17     12.56     6     -.3    1562     0   0   3   0    36.7898   -72.9940     5123    25.68     29.65      353.82
0160    79.5   834.6     18.28     95.6    1554   198    12.94      4.10     12.28     5     -.3    1555     0   0   3   0    36.7899   -72.9940     5101    25.11     28.99      353.44
0161    80.0   835.3     18.32     94.8    1548   199    12.69      4.06     12.02     6     -.3    1548     0   0   3   0    36.7899   -72.9939     5079    24.61     28.42      353.07
0162    80.5   835.9     18.36     93.9    1541   199    12.47      4.04     11.79     6     -.4    1541     0   0   3   0    36.7900   -72.9939     5056    24.19     27.93      352.72
0163    81.0   836.6     18.41     93.2    1534   199    12.29      4.04     11.61     7     -.5    1534     0   0   3   3    36.7900   -72.9939     5034    23.84     27.53      352.41
0164    81.5   837.3     18.46     92.5    1527   199    12.15      4.03     11.47     8     -.5    1527     0   0   3   0    36.7901   -72.9939     5011    23.58     27.22      352.16
0165    82.0   837.9     18.50     92.0    1520   199    12.05      4.02     11.36     7     -.6    1520     0   0   0   0    36.7901   -72.9938     4988    23.38     27.00      352.00
0166    82.5   838.6     18.55     91.7    1513   199    11.98      4.00     11.29     8     -.7    1513     0   0   3   0    36.7902   -72.9938     4965    23.24     26.84      351.92
0167    83.0   839.3     18.59     91.7    1506   199    11.93      3.95     11.25     8     -.8    1506     0   0   3   0    36.7902   -72.9938     4942    23.14     26.72      351.96
0168    83.5   840.0     18.64     91.8    1499   199    11.88      3.88     11.23     8     -.8    1499     0   0   3   0    36.7903   -72.9938     4919    23.05     26.62      352.10
0169    84.0   840.7     18.68     92.2    1492   199    11.84      3.77     11.22     8     -.8    1492     0   0   3   0    36.7903   -72.9938     4896    22.97     26.52      352.33
0170    84.5   841.4     18.71     92.8    1485   198    11.79      3.64     11.21     8     -.9    1485     0   0   3   0    36.7904   -72.9937     4872    22.87     26.41      352.66
0171    85.0   842.1     18.74     93.6    1477   197    11.73      3.48     11.20     7     -.9    1478     0   0   3   0    36.7904   -72.9937     4849    22.75     26.27      353.04
0172    85.5   842.8     18.77     94.4    1470   196    11.65      3.29     11.18     7     -.9    1471     0   0   3   3    36.7905   -72.9937     4826    22.60     26.10      353.46
0173    86.0   843.5     18.80     95.2    1463   196    11.56      3.09     11.14     8     -.9    1464     0   0   3   3    36.7905   -72.9937     4802    22.42     25.89      353.86
0174    86.5   844.2     18.82     96.0    1456   195    11.45      2.89     11.08     8     -.9    1457     0   0   3   0    36.7906   -72.9937     4779    22.21     25.65      354.23
0175    87.0   844.8     18.85     96.6    1449   194    11.33      2.69     11.01     8     -.9    1450     0   0   3   0    36.7906   -72.9936     4756    21.98     25.38      354.51
0176    87.5   845.5     18.87     97.0    1442   193    11.21      2.50     10.92     8     -.9    1443     0   0   3   0    36.7907   -72.9936     4733    21.74     25.10      354.68
0177    88.0   846.2     18.89     97.2    1435   192    11.08      2.34     10.83     8     -.9    1436     0   0   3   0    36.7907   -72.9936     4710    21.49     24.81      354.71
0178    88.5   846.9     18.90     97.0    1428   192    10.95      2.22     10.72     8     -.9    1428     0   0   3   0    36.7908   -72.9936     4687    21.24     24.52      354.59
0179    89.0   847.6     18.92     96.5    1421   191    10.83      2.13     10.62     8    -1.0    1421     0   0   3   0    36.7908   -72.9936     4663    21.00     24.25      354.30
0180    89.5   848.3     18.94     95.7    1414   191    10.71      2.08     10.51     8    -1.0    1414     0   0   3   3    36.7909   -72.9936     4640    20.78     24.00      353.85
0181    90.0   849.0     18.96     94.7    1407   191    10.61      2.06     10.41     8    -1.1    1407     0   0   0   0    36.7909   -72.9936     4616    20.58     23.77      353.26
0182    90.5   849.7     18.98     93.3    1399   191    10.52      2.09     10.31     8    -1.1    1400     0   0   0   3    36.7909   -72.9935     4593    20.41     23.56      352.55
0183    91.0   850.4     19.01     91.8    1392   192    10.44      2.14     10.22     8    -1.2    1393     3   3   3   3    36.7910   -72.9935     4569    20.26     23.39      351.76
0184    91.5   851.2     19.03     90.2    1385   192    10.37      2.20     10.14     8    -1.2    1385     0   0   0   0    36.7910   -72.9935     4545    20.13     23.24      350.91
0185    92.0   851.9     19.06     88.5    1378   193    10.32      2.28     10.06     8    -1.2    1378     0   0   3   0    36.7911   -72.9935     4522    20.01     23.11      350.04
0186    92.5   852.6     19.09     86.8    1370   193    10.26      2.35      9.99     8    -1.2    1371     0   0   3   3    36.7911   -72.9935     4498    19.91     22.99      349.19
0187    93.0   853.3     19.12     85.2    1363   194    10.21      2.41      9.92     7    -1.2    1364     0   0   3   0    36.7912   -72.9935     4474    19.82     22.88      348.38
0188    93.5   854.0     19.15     83.7    1356   194    10.16      2.46      9.86     8    -1.2    1356     0   0   3   0    36.7912   -72.9934     4450    19.72     22.76      347.62
0189    94.0   854.7     19.18     82.3    1349   194    10.11      2.48      9.80     8    -1.2    1349     0   0   3   0    36.7913   -72.9934     4427    19.61     22.64      346.94
0190    94.5   855.4     19.21     81.0    1342   194    10.05      2.47      9.74     8    -1.2    1342     0   0   3   0    36.7913   -72.9934     4403    19.49     22.51      346.33
0191    95.0   856.2     19.25     79.9    1334   194     9.98      2.44      9.68     8    -1.2    1335     0   0   3   0    36.7914   -72.9934     4380    19.36     22.36      345.79
0192    95.5   856.9     19.28     79.0    1327   194     9.91      2.39      9.62     8    -1.2    1328     0   0   3   3    36.7914   -72.9934     4356    19.23     22.20      345.31
0193    96.0   857.6     19.32     78.1    1320   194     9.84      2.31      9.57     8    -1.2    1321     0   0   3   3    36.7914   -72.9934     4333    19.09     22.04      344.88
0194    96.5   858.3     19.35     77.3    1313   193     9.77      2.23      9.52     8    -1.3    1313     0   0   3   0    36.7915   -72.9934     4309    18.96     21.89      344.51
0195    97.0   859.0     19.38     76.7    1306   193     9.71      2.14      9.47     8    -1.3    1306     0   0   3   0    36.7915   -72.9933     4285    18.84     21.75      344.17
0196    97.5   859.7     19.41     76.1    1298   192     9.66      2.06      9.44     8    -1.4    1299     0   0   3   0    36.7916   -72.9933     4262    18.75     21.65      343.87
0197    98.0   860.5     19.44     75.6    1291   192     9.63      1.99      9.42     8    -1.6    1292     0   0   3   0    36.7916   -72.9933     4238    18.68     21.57      343.62
0198    98.5   861.2     19.48     75.2    1284   192     9.62      1.93      9.42     8    -1.7    1284     0   0   3   3    36.7916   -72.9933     4213    18.66     21.55      343.41
0199    99.0   861.9     19.51     74.9    1276   191     9.63      1.89      9.44     8    -1.8    1277     0   0   3   0    36.7917   -72.9933     4189    18.68     21.57      343.27
0200    99.5   862.7     19.54     74.8    1269   191     9.66      1.88      9.48     8    -1.9    1269     0   0   3   0    36.7917   -72.9933     4164    18.75     21.65      343.20
0201   100.0   863.5     19.57     74.9    1261   191     9.72      1.90      9.54     8    -2.0    1262     0   0   3   0    36.7918   -72.9933     4139    18.86     21.78      343.23
0202   100.5   864.2     19.61     75.1    1253   191     9.80      1.93      9.61     7    -2.1    1254     0   0   3   0    36.7918   -72.9933     4114    19.02     21.96      343.38
0203   101.0   865.0     19.64     75.7    1246   192     9.90      1.98      9.70     7    -2.2    1246     0   0   3   0    36.7919   -72.9933     4089    19.21     22.18      343.64
0204   101.5   865.8     19.68     76.4    1238   192    10.02      2.04      9.81     8    -2.2    1238     0   0   3   0    36.7919   -72.9933     4063    19.44     22.44      344.04
0205   102.0   866.5     19.72     77.4    1230   192    10.15      2.11      9.92     8    -2.2    1231     0   0   0   3    36.7920   -72.9932     4038    19.68     22.73      344.57
0206   102.5   867.3     19.76     78.7    1223   192    10.28      2.17     10.05     8    -2.1    1223     0   0   3   0    36.7920   -72.9932     4013    19.95     23.03      345.21
0207   103.0   868.1     19.80     80.1    1215   192    10.42      2.21     10.19     8    -2.1    1215     0   0   3   0    36.7920   -72.9932     3988    20.22     23.35      345.96
0208   103.5   868.8     19.84     81.6    1207   192    10.56      2.24     10.32     8    -2.0    1208     0   0   3   3    36.7921   -72.9932     3963    20.49     23.66      346.78
0209   104.0   869.6     19.88     83.2    1200   192    10.70      2.24     10.46     8    -2.0    1200     0   0   3   0    36.7921   -72.9932     3938    20.76     23.97      347.64
0210   104.5   870.4     19.92     84.9    1192   192    10.83      2.22     10.60     8    -1.9    1193     0   0   3   0    36.7922   -72.9932     3913    21.01     24.26      348.52
0211   105.0   871.1     19.96     86.4    1185   191    10.95      2.16     10.74     8    -1.8    1185     0   0   0   0    36.7922   -72.9931     3889    21.25     24.54      349.37
0212   105.5   871.9     20.00     87.9    1177   191    11.07      2.06     10.87     8    -1.8    1178     0   0   3   0    36.7923   -72.9931     3864    21.47     24.79      350.17
0213   106.0   872.6     20.04     89.3    1170   190    11.17      1.94     11.00     8    -1.7    1170     0   0   3   0    36.7923   -72.9931     3840    21.67     25.02      350.90
0214   106.5   873.3     20.08     90.4    1163   189    11.27      1.77     11.13     8    -1.7    1163     0   0   3   3    36.7924   -72.9931     3816    21.86     25.24      351.54
0215   107.0   874.1     20.12     91.4    1155   188    11.36      1.58     11.25     8    -1.7    1156     0   0   3   3    36.7924   -72.9931     3792    22.03     25.44      352.08
0216   107.5   874.8     20.16     92.2    1148   187    11.44      1.36     11.36     8    -1.7    1148     0   0   3   3    36.7925   -72.9931     3767    22.19     25.62      352.52
0217   108.0   875.6     20.19     92.8    1140   186    11.52      1.11     11.47     8    -1.7    1141     0   0   3   0    36.7925   -72.9931     3743    22.35     25.80      352.86
0218   108.5   876.3     20.23     93.2    1133   184    11.60       .85     11.57     8    -1.8    1133     0   0   3   0    36.7926   -72.9931     3719    22.50     25.98      353.12
0219   109.0   877.1     20.26     93.6    1125   183    11.67       .58     11.66     8    -1.8    1126     0   0   3   0    36.7926   -72.9931     3694    22.65     26.15      353.31
0220   109.5   877.8     20.30     93.8    1118   181    11.75       .30     11.75     8    -1.7    1119     0   0   3   0    36.7927   -72.9931     3670    22.79     26.32      353.44
0221   110.0   878.6     20.33     94.0    1111   180    11.82       .03     11.82     8    -1.7    1111     3   3   3   3    36.7927   -72.9931     3645    22.94     26.48      353.54
0222   110.5   879.3     20.36     94.1    1103   179    11.89      -.23     11.89     8    -1.7    1104     0   0   3   3    36.7928   -72.9931     3621    23.07     26.63      353.62
0223   111.0   880.1     20.39     94.2    1096   178    11.95      -.46     11.94     8    -1.6    1096     0   0   3   0    36.7929   -72.9931     3597    23.18     26.76      353.70
0224   111.5   880.8     20.43     94.4    1088   177    11.99      -.67     11.98     8    -1.5    1089     0   0   3   3    36.7929   -72.9931     3573    23.27     26.87      353.79
0225   112.0   881.6     20.46     94.6    1081   176    12.02      -.83     11.99     8    -1.4    1082     0   0   3   0    36.7930   -72.9931     3549    23.33     26.93      353.89
0226   112.5   882.3     20.49     94.8    1074   175    12.03      -.96     11.99     8    -1.3    1074     0   0   3   3    36.7930   -72.9931     3525    23.34     26.95      354.01
0227   113.0   883.0     20.52     95.0    1067   175    12.02     -1.03     11.97     8    -1.2    1067     0   0   3   3    36.7931   -72.9931     3501    23.32     26.92      354.14
0228   113.5   883.8     20.55     95.3    1060   175    11.98     -1.06     11.93     8    -1.0    1060     0   0   3   3    36.7931   -72.9931     3478    23.24     26.84      354.30
0229   114.0   884.5     20.59     95.6    1053   175    11.92     -1.04     11.88     8     -.8    1053     0   0   3   0    36.7932   -72.9931     3455    23.13     26.71      354.47
0230   114.5   885.2     20.62     95.9    1046   175    11.85      -.97     11.81     8     -.7    1046     0   0   3   0    36.7932   -72.9931     3433    22.99     26.54      354.65
0231   115.0   885.9     20.65     96.2    1039   176    11.76      -.86     11.73     8     -.5    1039     0   0   3   0    36.7933   -72.9931     3410    22.81     26.34      354.84
0232   115.5   886.6     20.68     96.5    1032   176    11.66      -.71     11.64     7     -.3    1033     0   0   3   0    36.7933   -72.9931     3388    22.62     26.12      355.04
0233   116.0   887.2     20.71     96.8    1026   177    11.56      -.54     11.55     8      .0    1026     0   0   3   0    36.7934   -72.9931     3367    22.43     25.90      355.23
0234   116.5   887.9     20.74     97.1    1019   178    11.47      -.34     11.46     8      .2    1020     0   0   3   0    36.7934   -72.9931     3345    22.25     25.69      355.43
0235   117.0   888.5     20.78     97.5    1013   179    11.38      -.13     11.38     8      .4    1013     0   0   3   0    36.7935   -72.9931     3325    22.08     25.50      355.62
0236   117.5   889.2     20.81     97.8    1007   180    11.31       .08     11.31     8      .6    1007     0   0   3   0    36.7935   -72.9931     3304    21.94     25.34      355.82
0237   118.0   889.8     20.84     98.1    1000   181    11.25       .28     11.25     8      .8    1001     0   0   3   0    36.7936   -72.9931     3284    21.83     25.20      356.01
0238   118.5   890.4     20.87     98.4     994   182    11.21       .46     11.20     7      .9     995     0   0   3   0    36.7936   -72.9931     3264    21.74     25.11      356.20
0239   119.0   891.0     20.90     98.7     988   183    11.18       .61     11.16     8     1.1     989     0   0   3   0    36.7937   -72.9931     3245    21.68     25.03      356.38
0240   119.5   891.6     20.93     98.9     983   184    11.15       .73     11.13     8     1.2     983     0   0   3   0    36.7937   -72.9931     3225    21.64     24.98      356.55
0241   120.0   892.2     20.96     99.2     977   184    11.14       .81     11.11     7     1.2     977     3   3   3   0    36.7938   -72.9931     3206    21.61     24.95      356.72
0242   120.5   892.8     20.99     99.4     971   184    11.13       .85     11.09     8     1.2     971     0   0   3   0    36.7938   -72.9931     3187    21.58     24.92      356.87
0243   121.0   893.4     21.02     99.6     965   184    11.11       .85     11.08     8     1.2     966     0   0   3   3    36.7939   -72.9931     3168    21.56     24.89      357.01
0244   121.5   894.0     21.05     99.7     959   184    11.09       .81     11.06     8     1.1     960     0   0   0   0    36.7939   -72.9931     3149    21.52     24.85      357.14
0245   122.0   894.6     21.08     99.9     953   184    11.07       .75     11.04     7      .9     954     0   0   3   0    36.7940   -72.9931     3130    21.47     24.79      357.26
0246   122.5   895.3     21.12    100.0     947   183    11.03       .66     11.01     8      .8     948     0   0   3   3    36.7940   -72.9931     3110    21.40     24.71      357.37
0247   123.0   895.9     21.15    100.0     941   183    10.98       .56     10.97     8      .5     942     0   0   3   0    36.7941   -72.9931     3090    21.30     24.60      357.44
0248   123.5   896.5     21.19    100.0     935   182    10.92       .45     10.91     8      .3     936     3   3   3   0    36.7941   -72.9931     3069    21.18     24.45      357.50
0249   124.0   897.2     21.23    100.0     929   182    10.84       .34     10.83     8      .0     929     0   0   3   3    36.7942   -72.9931     3048    21.03     24.28      357.57
0250   124.5   897.9     21.27    100.0     922   181    10.75       .23     10.74     8     -.3     923     0   0   3   3    36.7942   -72.9931     3027    20.85     24.07      357.64
0251   125.0   898.5     21.31    100.0     915   181    10.65       .13     10.65     8     -.5     916     0   0   3   0    36.7943   -72.9931     3005    20.65     23.85      357.71
0252   125.5   899.3     21.36    100.0     909   180    10.54       .03     10.54     8     -.8     909     0   0   3   0    36.7943   -72.9931     2983    20.45     23.62      357.79
0253   126.0   900.0     21.40    100.0     902   180    10.45      -.06     10.45     8    -1.0     902     0   0   3   0    36.7944   -72.9931     2960    20.27     23.40      357.88
0254   126.5   900.7     21.45    100.0     895   179    10.36      -.15     10.36     8    -1.1     895     0   0   3   3    36.7944   -72.9931     2937    20.10     23.21      357.97
0255   127.0   901.4     21.50    100.0     887   179    10.30      -.23     10.30     8    -1.3     888     0   0   0   0    36.7945   -72.9931     2913    19.98     23.07      358.06
0256   127.5   902.2     21.55    100.0     880   178    10.27      -.31     10.26     8    -1.3     881     0   0   3   0    36.7945   -72.9931     2890    19.92     23.00      358.16
0257   128.0   902.9     21.60    100.0     873   178    10.26      -.39     10.26     8    -1.3     874     0   0   3   0    36.7946   -72.9931     2866    19.91     22.99      358.26
0258   128.5   903.7     21.65    100.0     866   177    10.29      -.47     10.28     8    -1.3     866     0   0   3   0    36.7946   -72.9931     2842    19.97     23.06      358.37
0259   129.0   904.4     21.70    100.0     859   177    10.36      -.55     10.34     8    -1.2     859     0   0   3   3    36.7947   -72.9931     2819    20.09     23.20      358.48
0260   129.5   905.1     21.75    100.0     852   177    10.44      -.62     10.43     8    -1.1     852     0   0   3   0    36.7947   -72.9931     2796    20.26     23.39      358.59
0261   130.0   905.9     21.80    100.0     845   176    10.55      -.67     10.53     8    -1.0     845     0   0   0   0    36.7947   -72.9931     2773    20.47     23.63      358.70
0262   130.5   906.6     21.85    100.0     838   176    10.66      -.71     10.64     8     -.8     838     0   0   3   3    36.7948   -72.9931     2750    20.69     23.89      358.81
0263   131.0   907.3     21.90    100.0     831   176    10.77      -.72     10.75     8     -.6     831     0   0   0   0    36.7948   -72.9931     2727    20.90     24.14      358.93
0264   131.5   908.0     21.95    100.0     824   176    10.87      -.72     10.85     8     -.4     825     0   0   3   0    36.7949   -72.9931     2705    21.09     24.36      359.04
0265   132.0   908.7     22.00    100.0     817   176    10.95      -.68     10.93     8     -.2     818     0   0   3   3    36.7949   -72.9931     2684    21.24     24.53      359.15
0266   132.5   909.4     22.05    100.0     811   177    11.00      -.62     10.98     7      .0     812     0   0   3   0    36.7950   -72.9931     2662    21.33     24.63      359.26
0267   133.0   910.0     22.10    100.0     805   177    11.01      -.54     11.00     7      .2     805     0   0   3   3    36.7950   -72.9931     2642    21.36     24.66      359.36
0268   133.5   910.7     22.14    100.0     798   178    10.99      -.44     10.98     8      .3     799     0   0   3   3    36.7951   -72.9931     2621    21.32     24.61      359.46
0269   134.0   911.3     22.18    100.0     792   178    10.93      -.33     10.93     8      .5     793     0   0   3   0    36.7951   -72.9931     2601    21.21     24.49      359.55
0270   134.5   912.0     22.23    100.0     786   179    10.84      -.22     10.84     8      .6     787     0   0   3   0    36.7952   -72.9931     2581    21.03     24.29      359.64
0271   135.0   912.6     22.27    100.0     780   179    10.72      -.11     10.72     8      .6     781     0   0   3   0    36.7952   -72.9931     2561    20.81     24.02      359.73
0272   135.5   913.2     22.31    100.0     774   180    10.58      -.01     10.58     7      .7     774     0   0   3   0    36.7953   -72.9931     2541    20.53     23.71      359.81
0273   136.0   913.9     22.35    100.0     768   180    10.43       .06     10.43     7      .7     768     0   0   0   0    36.7953   -72.9931     2521    20.24     23.37      359.89
0274   136.5   914.5     22.39    100.0     762   181    10.27       .12     10.27     8      .6     762     0   0   3   0    36.7954   -72.9931     2501    19.93     23.01      359.97
0275   137.0   915.1     22.43    100.0     756   181    10.13       .14     10.12     8      .5     756     0   0   3   3    36.7954   -72.9931     2481    19.64     22.68      360.05
0276   137.5   915.8     22.47    100.0     750   181     9.99       .13      9.99     8      .4     750     0   0   0   0    36.7955   -72.9931     2461    19.39     22.39      360.13
0277   138.0   916.4     22.51    100.0     743   181     9.89       .10      9.89     8      .3     744     0   0   3   3    36.7955   -72.9931     2441    19.19     22.16      360.21
0278   138.5   917.1     22.55    100.0     737   180     9.83       .04      9.82     8      .2     738     0   0   3   3    36.7956   -72.9931     2420    19.06     22.01      360.29
0279   139.0   917.7     22.59    100.0     731   180     9.80      -.03      9.80     8      .0     731     0   0   3   0    36.7956   -72.9931     2399    19.01     21.95      360.38
0280   139.5   918.4     22.64    100.0     724   179     9.81      -.11      9.81     8     -.1     725     0   0   0   0    36.7957   -72.9931     2378    19.04     21.98      360.47
0281   140.0   919.1     22.68    100.0     718   179     9.86      -.18      9.86     8     -.2     718     0   0   3   0    36.7957   -72.9931     2356    19.13     22.09      360.57
0282   140.5   919.8     22.73    100.0     711   179     9.95      -.24      9.94     8     -.4     712     0   0   3   0    36.7957   -72.9931     2335    19.29     22.28      360.67
0283   141.0   920.5     22.78    100.0     704   178    10.05      -.28     10.05     8     -.5     705     0   0   0   0    36.7958   -72.9931     2313    19.50     22.51      360.78
0284   141.5   921.2     22.82    100.0     698   178    10.16      -.30     10.16     8     -.5     698     0   0   0   0    36.7958   -72.9931     2291    19.72     22.77      360.89
0285   142.0   921.9     22.87    100.0     691   178    10.28      -.30     10.27     8     -.6     692     0   0   0   0    36.7959   -72.9931     2269    19.94     23.03      360.99
0286   142.5   922.6     22.92    100.0     684   179    10.38      -.27     10.38     8     -.6     685     0   0   3   0    36.7959   -72.9931     2247    20.14     23.26      361.10
0287   143.0   923.3     22.97    100.0     678   179    10.47      -.22     10.47     8     -.6     678     0   0   3   0    36.7960   -72.9931     2225    20.31     23.45      361.21
0288   143.5   924.0     23.01    100.0     671   179    10.53      -.17     10.53     5     -.6     671     0   0   3   0    36.7960   -72.9931     2203    20.44     23.60      361.31
0289   144.0   924.7     23.06    100.0     664   179    10.57      -.12     10.57     5     -.6     665     0   0   0   0    36.7961   -72.9931     2181    20.51     23.68      361.41
0290   144.5   925.4     23.11    100.0     657   180    10.58      -.07     10.58     5     -.6     658     0   0   0   0    36.7961   -72.9931     2159    20.52     23.69      361.51
0291   145.0   926.2     23.15    100.0     651   180    10.56      -.04     10.56     5     -.6     651     0   0   0   0    36.7962   -72.9931     2137    20.49     23.65      361.60
0292   145.5   926.9     23.19    100.0     644   180    10.52      -.03     10.52     5     -.6     645     0   0   3   0    36.7962   -72.9931     2115    20.41     23.57      361.69
0293   146.0   927.6     23.23    100.0     637   180    10.47      -.03     10.47     5     -.5     638     0   0   3   3    36.7962   -72.9931     2093    20.30     23.44      361.77
0294   146.5   928.3     23.27    100.0     631   180    10.40      -.05     10.40     5     -.5     631     3   3   3   0    36.7963   -72.9931     2071    20.18     23.31      361.84
0295   147.0   929.0     23.32    100.0     624   180    10.34      -.08     10.34     7     -.5     625     0   0   3   0    36.7963   -72.9931     2049    20.07     23.17      361.92
0296   147.5   929.7     23.36    100.0     617   179    10.29      -.12     10.29     7     -.5     618     0   0   0   0    36.7964   -72.9931     2028    19.97     23.06      361.99
0297   148.0   930.4     23.40    100.0     611   179    10.26      -.16     10.26     7     -.5     611     0   0   3   0    36.7964   -72.9931     2006    19.91     22.99      362.07
0298   148.5   931.1     23.44    100.0     604   179    10.26      -.19     10.26     7     -.5     605     0   0   3   3    36.7965   -72.9931     1984    19.90     22.98      362.14
0299   149.0   931.8     23.48    100.0     598   179    10.28      -.21     10.28     7     -.5     598     0   0   3   0    36.7965   -72.9931     1962    19.94     23.03      362.22
0300   149.5   932.5     23.52    100.0     591   179    10.33      -.21     10.33     7     -.5     591     0   0   3   3    36.7966   -72.9931     1941    20.04     23.14      362.29
0301   150.0   933.2     23.56    100.0     584   179    10.40      -.19     10.40     6     -.4     585     0   0   0   0    36.7966   -72.9931     1919    20.18     23.30      362.36
0302   150.5   933.9     23.59    100.0     578   179    10.50      -.15     10.50     7     -.4     578     0   0   0   3    36.7967   -72.9931     1897    20.36     23.51      362.43
0303   151.0   934.6     23.63    100.0     571   180    10.61      -.09     10.61     7     -.4     572     0   0   0   0    36.7967   -72.9931     1876    20.58     23.77      362.48
0304   151.5   935.3     23.66    100.0     565   180    10.74      -.01     10.74     8     -.3     565     0   0   0   0    36.7968   -72.9931     1854    20.83     24.05      362.53
0305   152.0   936.0     23.70    100.0     558   180    10.87       .07     10.87     8     -.3     559     0   0   0   0    36.7968   -72.9931     1833    21.09     24.36      362.56
0306   152.5   936.7     23.73    100.0     552   181    11.01       .14     11.01     8     -.3     552     0   0   0   0    36.7969   -72.9931     1811    21.37     24.67      362.58
0307   153.0   937.3     23.75    100.0     545   181    11.16       .20     11.15     8     -.2     546     0   0   0   0    36.7969   -72.9931     1790    21.64     24.99      362.58
0308   153.5   938.0     23.77    100.0     539   181    11.30       .22     11.30     8     -.2     539     0   0   0   0    36.7970   -72.9931     1769    21.93     25.32      362.57
0309   154.0   938.7     23.79    100.0     532   181    11.45       .20     11.45     8     -.2     533     0   0   3   0    36.7970   -72.9931     1748    22.22     25.66      362.53
0310   154.5   939.4     23.80    100.0     526   181    11.62       .12     11.62     7     -.1     526     0   0   0   0    36.7971   -72.9931     1727    22.54     26.03      362.48
0311   155.0   940.1     23.82    100.0     519   180    11.80      -.02     11.80     7     -.1     520     0   0   0   0    36.7971   -72.9931     1706    22.90     26.44      362.42
0312   155.5   940.8     23.83    100.0     513   179    12.02      -.24     12.02     8     -.1     514     0   0   0   3    36.7972   -72.9931     1685    23.32     26.92      362.35
0313   156.0   941.5     23.84    100.0     507   178    12.27      -.52     12.26     8      .0     507     0   0   0   0    36.7972   -72.9931     1664    23.80     27.48      362.27
0314   156.5   942.1     23.85   -999.0     500   176    12.57      -.88     12.54     8      .0     501     0   0   0   0    36.7973   -72.9931     1643    24.38     28.15     -999.00
0315   157.0   942.8     23.86   -999.0     494   174    12.92     -1.30     12.85     8      .1     494     0   0   0   0    36.7973   -72.9931     1622    25.06     28.93     -999.00
0316   157.5   943.5     23.87   -999.0     488   172    13.32     -1.78     13.20     8      .1     488     0   0   0   0    36.7974   -72.9932     1601    25.83     29.83     -999.00
0317   158.0   944.2     23.88   -999.0     481   170    13.76     -2.30     13.57     8      .2     482     0   0   0   0    36.7975   -72.9932     1581    26.70     30.83     -999.00
0318   158.5   944.9     23.90   -999.0     475   168    14.25     -2.86     13.96     7      .4     476     0   0   0   3    36.7975   -72.9932     1560    27.64     31.92     -999.00
0319   159.0   945.5     23.92   -999.0     469   167    14.76     -3.43     14.36     5      .5     469     0   0   0   0    36.7976   -72.9932     1540    28.63     33.06     -999.00
0320   159.5   946.2     23.94   -999.0     463   165    15.28     -4.00     14.75     5      .6     463     0   0   0   3    36.7977   -72.9932     1520    29.64     34.22     -999.00
0321   160.0   946.8     23.96   -999.0     457   163    15.79     -4.57     15.11     5      .8     457     0   0   0   0    36.7977   -72.9933     1501    30.63     35.36     -999.00
0322   160.5   947.5     23.99   -999.0     451   162    16.27     -5.12     15.44     5     1.0     451     0   0   0   0    36.7978   -72.9933     1481    31.57     36.45     -999.00
0323   161.0   948.1     24.01   -999.0     445   160    16.72     -5.65     15.74     5     1.2     446     0   0   0   0    36.7979   -72.9933     1462    32.44     37.45     -999.00
0324   161.5   948.7     24.04   -999.0     439   159    17.13     -6.15     15.98     5     1.4     440     0   0   0   0    36.7979   -72.9934     1443    33.22     38.36     -999.00
0325   162.0   949.3     24.06   -999.0     434   158    17.48     -6.62     16.18     4     1.6     434     0   0   0   0    36.7980   -72.9934     1425    33.91     39.16     -999.00
0326   162.5   949.9     24.08   -999.0     428   157    17.79     -7.05     16.33     4     1.8     429     0   0   0   0    36.7981   -72.9934     1407    34.51     39.84     -999.00
0327   163.0   950.5     24.09   -999.0     423   156    18.05     -7.44     16.44     4     2.0     423     0   0   0   0    36.7982   -72.9935     1389    35.02     40.43     -999.00
0328   163.5   951.1     24.10   -999.0     418   155    18.27     -7.80     16.52     5     2.1     418     0   0   0   3    36.7982   -72.9935     1372    35.45     40.93     -999.00
0329   164.0   951.6     24.09   -999.0     412   154    18.46     -8.12     16.58     5     2.3     413     0   0   0   0    36.7983   -72.9936     1355    35.82     41.36     -999.00
0330   164.5   952.2     24.08   -999.0     407   153    18.63     -8.40     16.63     5     2.4     408     0   0   0   3    36.7984   -72.9936     1338    36.15     41.74     -999.00
0331   165.0   952.7     24.06   -999.0     402   153    18.78     -8.65     16.67     5     2.5     403     0   0   0   0    36.7985   -72.9937     1322    36.44     42.07     -999.00
0332   165.5   953.3     24.03   -999.0     397   152    18.92     -8.86     16.72     5     2.6     398     0   0   0   0    36.7985   -72.9937     1305    36.71     42.39     -999.00
0333   166.0   953.8     23.99   -999.0     392   152    19.06     -9.04     16.78     5     2.6     393     0   0   0   0    36.7986   -72.9938     1289    36.98     42.70     -999.00
0334   166.5   954.3     23.94   -999.0     387   151    19.20     -9.18     16.86     5     2.6     388     0   0   0   0    36.7987   -72.9938     1273    37.24     43.00     -999.00
0335   167.0   954.9     23.89   -999.0     382   151    19.33     -9.28     16.95     6     2.6     383     0   0   0   0    36.7988   -72.9939     1256    37.50     43.30     -999.00
0336   167.5   955.4     23.83   -999.0     377   151    19.46     -9.35     17.06     6     2.6     378     0   0   0   3    36.7988   -72.9939     1240    37.75     43.59     -999.00
0337   168.0   956.0     23.77   -999.0     372   151    19.58     -9.39     17.18     6     2.6     373     0   0   0   0    36.7989   -72.9940     1223    37.99     43.86     -999.00
0338   168.5   956.5     23.70   -999.0     367   152    19.69     -9.39     17.31     6     2.6     368     0   0   0   0    36.7990   -72.9940     1207    38.20     44.11     -999.00
0339   169.0   957.1     23.64   -999.0     362   152    19.79     -9.36     17.44     6     2.6     363     0   0   0   0    36.7991   -72.9941     1190    38.39     44.33     -999.00
0340   169.5   957.6     23.59   -999.0     357   152    19.87     -9.30     17.55     6     2.5     358     0   0   0   0    36.7992   -72.9941     1174    38.54     44.50     -999.00
0341   170.0   958.2     23.54   -999.0     352   152    19.92     -9.21     17.66     6     2.5     353     0   0   0   0    36.7992   -72.9942     1157    38.64     44.61     -999.00
0342   170.5   958.7     23.49   -999.0     347   153    19.94     -9.10     17.74     6     2.6     348     0   0   0   3    36.7993   -72.9942     1141    38.68     44.66     -999.00
0343   171.0   959.3     23.46   -999.0     342   153    19.94     -8.97     17.80     6     2.6     343     0   0   0   3    36.7994   -72.9943     1124    38.67     44.65     -999.00
0344   171.5   959.8     23.44   -999.0     337   154    19.90     -8.82     17.84     6     2.6     338     0   0   0   0    36.7995   -72.9943     1108    38.62     44.59     -999.00
0345   172.0   960.4     23.42   -999.0     332   154    19.85     -8.66     17.87     6     2.6     333     0   0   0   3    36.7996   -72.9944     1092    38.51     44.47     -999.00
0346   172.5   960.9     23.42   -999.0     327   155    19.79     -8.48     17.88     5     2.6     328     0   0   0   0    36.7996   -72.9944     1075    38.38     44.32     -999.00
0347   173.0   961.5     23.43   -999.0     322   155    19.71     -8.30     17.88     7     2.6     323     0   0   0   0    36.7997   -72.9945     1059    38.24     44.15     -999.00
0348   173.5   962.0     23.44   -999.0     317   156    19.63     -8.12     17.88     7     2.6     318     0   0   0   0    36.7998   -72.9945     1043    38.09     43.98     -999.00
0349   174.0   962.5     23.46   -999.0     312   156    19.56     -7.94     17.88     7     2.6     313     0   0   0   0    36.7999   -72.9946     1027    37.96     43.82     -999.00
0350   174.5   963.1     23.49   -999.0     307   157    19.50     -7.77     17.89     7     2.5     308     0   0   0   0    36.8000   -72.9946     1010    37.84     43.69     -999.00
0351   175.0   963.6     23.53   -999.0     302   157    19.45     -7.61     17.90     7     2.4     303     3   3   0   0    36.8000   -72.9947      994    37.74     43.57     -999.00
0352   175.5   964.2     23.57   -999.0     297   157    19.41     -7.46     17.92     6     2.3     298     0   0   0   0    36.8001   -72.9947      977    37.66     43.48     -999.00
0353   176.0   964.8     23.61   -999.0     292   158    19.38     -7.34     17.94     7     2.2     293     0   0   0   0    36.8002   -72.9947      961    37.60     43.41     -999.00
0354   176.5   965.3     23.65   -999.0     287   158    19.36     -7.24     17.95     7     2.1     288     0   0   0   0    36.8003   -72.9948      944    37.55     43.36     -999.00
0355   177.0   965.9     23.69   -999.0     282   158    19.34     -7.16     17.97     5     2.0     282     0   0   0   0    36.8004   -72.9948      926    37.52     43.32     -999.00
0356   177.5   966.5     23.73   -999.0     277   158    19.32     -7.11     17.97     6     1.9     277     0   0   0   3    36.8004   -72.9949      909    37.48     43.28     -999.00
0357   178.0   967.1     23.77   -999.0     271   158    19.30     -7.09     17.95     6     1.8     272     0   0   0   3    36.8005   -72.9949      891    37.45     43.24     -999.00
0358   178.5   967.7     23.81   -999.0     266   158    19.28     -7.11     17.93     7     1.7     266     0   0   0   0    36.8006   -72.9949      874    37.41     43.20     -999.00
0359   179.0   968.3     23.84   -999.0     260   158    19.26     -7.16     17.88     7     1.6     261     0   0   0   3    36.8007   -72.9950      856    37.37     43.15     -999.00
0360   179.5   968.9     23.88   -999.0     255   158    19.24     -7.26     17.82     6     1.5     255     0   0   0   0    36.8008   -72.9950      838    37.33     43.10     -999.00
0361   180.0   969.5     23.91   -999.0     249   157    19.22     -7.39     17.75     6     1.5     250     0   0   0   0    36.8008   -72.9950      819    37.29     43.06     -999.00
0362   180.5   970.1     23.94   -999.0     244   157    19.21     -7.56     17.67     6     1.5     244     0   0   0   0    36.8009   -72.9951      801    37.28     43.04     -999.00
0363   181.0   970.7     23.97   -999.0     238   156    19.22     -7.76     17.59     6     1.5     239     0   0   0   0    36.8010   -72.9951      783    37.29     43.06     -999.00
0364   181.5   971.4     24.00   -999.0     233   155    19.25     -7.99     17.51     6     1.5     233     0   0   0   3    36.8011   -72.9952      765    37.34     43.12     -999.00
0365   182.0   972.0     24.03   -999.0     227   155    19.30     -8.24     17.45     5     1.5     228     0   0   0   0    36.8012   -72.9952      747    37.44     43.23     -999.00
0366   182.5   972.6     24.06   -999.0     222   154    19.38     -8.50     17.41     6     1.5     222     0   0   0   3    36.8012   -72.9953      729    37.59     43.40     -999.00
0367   183.0   973.2     24.10   -999.0     216   153    19.48     -8.77     17.39     6     1.6     217     0   0   0   0    36.8013   -72.9953      711    37.80     43.64     -999.00
0368   183.5   973.8     24.13   -999.0     211   153    19.61     -9.04     17.40     6     1.6     211     0   0   0   0    36.8014   -72.9954      693    38.05     43.93     -999.00
0369   184.0   974.4     24.16   -999.0     205   152    19.77     -9.30     17.44     6     1.6     206     0   0   0   0    36.8015   -72.9954      675    38.35     44.28     -999.00
0370   184.5   975.0     24.20   -999.0     200   151    19.94     -9.54     17.50     6     1.6     200     0   0   0   0    36.8016   -72.9955      657    38.68     44.66     -999.00
0371   185.0   975.6     24.23   -999.0     194   151    20.11     -9.76     17.59     6     1.5     195     0   0   0   0    36.8016   -72.9955      640    39.02     45.05     -999.00
0372   185.5   976.2     24.27   -999.0     189   151    20.29     -9.94     17.69     6     1.5     189     0   0   0   0    36.8017   -72.9956      622    39.36     45.45     -999.00
0373   186.0   976.8     24.30   -999.0     183   150    20.46    -10.09     17.80     6     1.4     184     0   0   0   0    36.8018   -72.9956      604    39.69     45.82     -999.00
0374   186.5   977.4     24.34   -999.0     178   150    20.61    -10.20     17.91     6     1.4     178     0   0   0   0    36.8019   -72.9957      586    39.98     46.16     -999.00
0375   187.0   978.0     24.37   -999.0     172   150    20.73    -10.27     18.01     6     1.3     173     0   0   0   0    36.8020   -72.9958      567    40.22     46.44     -999.00
0376   187.5   978.7     24.40   -999.0     167   150    20.83    -10.31     18.11     6     1.2     167     0   0   0   0    36.8020   -72.9958      549    40.42     46.67     -999.00
0377   188.0   979.3     24.44   -999.0     161   150    20.91    -10.32     18.19     6     1.1     162     0   0   0   0    36.8021   -72.9959      530    40.57     46.84     -999.00
0378   188.5   979.9     24.47   -999.0     155   151    20.97    -10.31     18.25     5     1.0     156     0   0   0   0    36.8022   -72.9959      512    40.67     46.96     -999.00
0379   189.0   980.6     24.50   -999.0     150   151    21.02    -10.30     18.32     5      .9     150     0   0   0   3    36.8023   -72.9960      493    40.78     47.08     -999.00
0380   189.5   981.2     24.53   -999.0     144   151    21.07    -10.31     18.37     6      .8     144     0   0   0   3    36.8024   -72.9961      474    40.87     47.19     -999.00
0381   190.0   981.9     24.55   -999.0     138   151    21.11    -10.36     18.39     6      .8     139     0   0   0   0    36.8025   -72.9961      455    40.95     47.28     -999.00
0382   190.5   982.5     24.58   -999.0     132   150    21.15    -10.44     18.39     6      .7     133     0   0   0   0    36.8025   -72.9962      435    41.03     47.37     -999.00
0383   191.0   983.2     24.61   -999.0     126   150    21.20    -10.56     18.39     6      .6     127     0   0   0   3    36.8026   -72.9962      416    41.14     47.50     -999.00
0384   191.5   983.9     24.63   -999.0     120   150    21.28    -10.73     18.38     6      .6     121     0   0   0   0    36.8027   -72.9963      397    41.29     47.67     -999.00
0385   192.0   984.5     24.65   -999.0     114   149    21.39    -10.95     18.37     6      .6     115     0   0   0   0    36.8028   -72.9964      377    41.49     47.90     -999.00
0386   192.5   985.2     24.68   -999.0     108   149    21.52    -11.23     18.36     6      .6     109     3   3   0   3    36.8029   -72.9964      357    41.75     48.21     -999.00
0387   193.0   985.9     24.70   -999.0     102   148    21.69    -11.55     18.36     6      .5     103     0   0   0   0    36.8030   -72.9965      338    42.09     48.59     -999.00
0388   193.5   986.5     24.72   -999.0      97   147    21.89    -11.91     18.37     6      .5      97     0   0   0   0    36.8030   -72.9966      318    42.46     49.03     -999.00
0389   194.0   987.2     24.74   -999.0      91   146    22.09    -12.29     18.36     6      .5      91     3   3   0   3    36.8031   -72.9966      299    42.86     49.49     -999.00
0390   194.5   987.9     24.76   -999.0      85   145    22.29    -12.68     18.34     6      .5      85     0   0   0   0    36.8032   -72.9967      279    43.25     49.94     -999.00
0391   195.0   988.5     24.78   -999.0      79   144    22.48    -13.07     18.28     6      .5      79     0   0   0   0    36.8033   -72.9968      260    43.60     50.35     -999.00
0392   195.5   989.2     24.80   -999.0      73   143    22.64    -13.47     18.19     6      .5      73     0   0   0   0    36.8034   -72.9968      241    43.91     50.70     -999.00
0393   196.0   989.9     24.82   -999.0      67   142    22.76    -13.87     18.05     6      .5      67     0   0   0   0    36.8035   -72.9969      221    44.16     50.99     -999.00
0394   196.5   990.5     24.83   -999.0      61   141    22.85    -14.28     17.84     6      .5      61     3   3   0   3    36.8035   -72.9970      201    44.34     51.20     -999.00
0395   197.0   991.2     24.84   -999.0      55   140    22.89    -14.69     17.56     6      .5      55     0   0   0   3    36.8036   -72.9971      182    44.40     51.27     -999.00
0396   197.5   991.9     24.85   -999.0      49   139    22.83    -15.05     17.17     6      .5      49     0   0   0   0    36.8037   -72.9972      162    44.30     51.15     -999.00
0397   198.0   992.6     24.85   -999.0      43   137    22.65    -15.30     16.69     6      .6      43     0   0   0   3    36.8038   -72.9972      142    43.93     50.73     -999.00
0398   198.5   993.2     24.85   -999.0      37   136    22.33    -15.44     16.13     6      .4      37     0   0   0   3    36.8038   -72.9973      123    43.31     50.01     -999.00
0399   199.0   993.9     24.85   -999.0      31   135    21.90    -15.50     15.46     6      .0      31     0   0   0   0    36.8039   -72.9974      103    42.48     49.05     -999.00
0400   199.5   994.5     24.85   -999.0      25   134    21.30    -15.41     14.71     6     -.1      26     0   0   0   0    36.8040   -72.9975       84    41.33     47.72     -999.00
0401   200.0   995.2     24.84   -999.0      20   133    20.36    -14.90     13.88     5     -.2      20     0   0   0   0    36.8040   -72.9976       66    39.50     45.61     -999.00
0402   200.5   995.9     24.84   -999.0      13   133    18.74    -13.78     12.71     5     -.3      14     0   0   0   0    36.8041   -72.9977       45    36.36     41.99     -999.00
0403   201.0   996.8     24.88   -999.0       5   130    16.75    -12.89     10.70     5     -.5       6     0   0   0   0    36.8041   -72.9977       19    32.50     37.52     -999.00
