 ===========================================================================
 DROPWINDSONDE PROCESSING RECORD                            Sonde: 974730074
 PDS file written Jan 19, 1999.                             Format:    V3.16
 Aircraft: N42RF                             Date: 980824   Time: 224421 UTC
 ---------------------------------------------------------------------------
 Bias corrections:  PR =    .0 mb  TE =    .0 C  RH =    .0 %  PRB =   .0 mb
 Filters (LPF):     PTH =   5 s    WIND =   5 s       Hyd anchor =       SFC
 RH T-compensation =  Y     WSHR COR =      Y         Splash PR  =  995.5 mb
 Estimated PR used =  N     GPS VERR =    .38 m/s     HYD SFCP   =  999.4 mb
 Dyn T correction  =  Y     WGACORR  =   -1.3 m       AC GA ADJ  =     .0 m
 ---------------------------------------------------------------------------
 COMMENTS: None                                                        
 ===========================================================================

 ===========================================================================
 Date: 980824   Lat:  24.93 N   TA:    4.9 C   PS:  585.3 mb   WD:   279 deg
 Time: 224421   Lon:  72.91 W   TD:    1.1 C   GA:   4561 m    WS:  27.8 m/s
 SID:  974730074                RH:   76.1 %   Navaid:   GP          
 ===========================================================================

IX      t (s)  P (mb)    T (C)    RH (%)  Z (m)   WD    WS (m/s)   U (m/s)   V (m/s)  NS  WZ (m/s)  ZW (m)   FP  FT  FH  FW    LAT (N)   LON (E)
0001      .0   586.3      4.98     75.7    4518   279    27.77     27.44     -4.26  -999  -999.0    4517     3   3   3   4      24.927   -72.910
0002      .5   587.3      5.10     75.2    4504   278    27.66     27.42     -3.63  -999  -999.0    4503     3   3   3   4      24.927   -72.910
0003     1.0   588.3      5.20     74.7    4490   277    27.65     27.42     -3.54  -999  -999.0    4489     3   3   3   4      24.927   -72.910
0004     1.5   589.3      5.30     74.3    4477   277    27.63     27.42     -3.45  -999  -999.0    4475     3   3   3   4      24.927   -72.909
0005     2.0   590.2      5.40     73.8    4463   277    27.62     27.42     -3.35  -999  -999.0    4461     3   3   3   4      24.927   -72.909
0006     2.5   591.2      5.50     73.4    4449   277    27.61     27.41     -3.26  -999  -999.0    4448     3   3   3   4      24.927   -72.909
0007     3.0   592.2      5.60     72.9    4435   277    27.59     27.41     -3.16  -999  -999.0    4434     3   3   3   4      24.927   -72.909
0008     3.5   593.2      5.70     72.4    4422   276    27.58     27.41     -3.07  -999  -999.0    4420     3   3   3   4      24.927   -72.909
0009     4.0   594.2      5.80     72.0    4408   276    27.57     27.41     -2.98  -999  -999.0    4407     3   3   3   4      24.927   -72.909
0010     4.5   595.2      5.90     71.5    4394   276    27.56     27.41     -2.88  -999  -999.0    4393     3   3   3   4      24.927   -72.909
0011     5.0   596.2      6.00     71.1    4381   276    27.54     27.40     -2.79  -999  -999.0    4379     3   3   3   4      24.927   -72.908
0012     5.5   597.2      6.10     70.6    4367   276    27.53     27.40     -2.70  -999  -999.0    4366     3   3   3   4      24.926   -72.908
0013     6.0   598.2      6.20     70.1    4354   275    27.52     27.40     -2.60  -999  -999.0    4352     3   3   3   4      24.926   -72.908
0014     6.5   599.1      6.30     69.7    4340   275    27.51     27.40     -2.51  -999  -999.0    4339     3   3   3   4      24.926   -72.908
0015     7.0   600.1      6.40     69.2    4327   275    27.50     27.39     -2.42  -999  -999.0    4325     3   3   3   4      24.926   -72.908
0016     7.5   601.1      6.50     68.8    4313   275    27.49     27.39     -2.32  -999  -999.0    4312     3   3   3   4      24.926   -72.908
0017     8.0   602.1      6.59     68.3    4299   275    27.48     27.39     -2.23  -999  -999.0    4298     3   3   3   4      24.926   -72.908
0018     8.5   603.1      6.69     67.8    4286   274    27.47     27.39     -2.14  -999  -999.0    4285     3   3   3   4      24.926   -72.908
0019     9.0   604.1      6.79     67.4    4272   274    27.46     27.39     -2.04  -999  -999.0    4271     3   3   3   4      24.926   -72.907
0020     9.5   605.1      6.88     66.9    4259   274    27.45     27.38     -1.95  -999  -999.0    4258     3   3   3   4      24.926   -72.907
0021    10.0   606.1      6.98     66.5    4245   274    27.44     27.38     -1.85  -999  -999.0    4244     3   3   3   4      24.926   -72.907
0022    10.5   607.1      7.07     66.0    4232   274    27.43     27.38     -1.76  -999  -999.0    4231     3   3   3   4      24.926   -72.907
0023    11.0   608.0      7.16     65.6    4219   273    27.43     27.38     -1.67  -999  -999.0    4217     3   3   3   4      24.926   -72.907
0024    11.5   609.0      7.25     65.1    4206   273    27.42     27.37     -1.57  -999  -999.0    4204     3   3   3   4      24.926   -72.907
0025    12.0   610.0      7.35     64.7    4192   273    27.41     27.37     -1.48  -999  -999.0    4191     3   3   3   4      24.926   -72.907
0026    12.5   611.0      7.44     64.2    4179   273    27.41     27.37     -1.40  -999  -999.0    4178     3   3   3   4      24.926   -72.906
0027    13.0   612.0      7.53     63.7    4165   273    27.40     27.37     -1.31  -999  -999.0    4164     3   3   3   4      24.926   -72.906
0028    13.5   613.0      7.63     63.2    4152   273    27.39     27.37     -1.23  -999  -999.0    4150     3   3   3   4      24.926   -72.906
0029    14.0   614.0      7.72     62.7    4138   272    27.39     27.36     -1.15  -999  -999.0    4137     3   3   3   4      24.926   -72.906
0030    14.5   615.0      7.81     62.3    4124   272    27.38     27.36     -1.07  -999  -999.0    4123     3   3   3   4      24.926   -72.906
0031    15.0   616.0      7.89     61.9    4111   272    27.38     27.36      -.99  -999  -999.0    4110     3   3   3   4      24.926   -72.906
0032    15.5   616.9      7.96     61.6    4099   272    27.37     27.36      -.91  -999    -7.4    4098     3   3   0   4      24.926   -72.906
0033    16.0   617.7      8.02     61.4    4088   272    27.37     27.36      -.84  -999    -5.9    4087     0   0   0   4      24.926   -72.905
0034    16.5   618.5      8.06     61.3    4078   272    27.36     27.35      -.76  -999    -4.4    4077     0   0   0   4      24.926   -72.905
0035    17.0   619.2      8.10     61.2    4069   271    27.36     27.35      -.68  -999    -3.0    4068     0   0   0   4      24.926   -72.905
0036    17.5   619.8      8.12     61.1    4061   271    27.36     27.35      -.60  -999    -1.9    4059     0   0   0   4      24.926   -72.905
0037    18.0   620.4      8.15     61.1    4053   271    27.35     27.35      -.52  -999    -1.0    4052     0   0   0   4      24.926   -72.905
0038    18.5   620.9      8.18     61.0    4046   271    27.35     27.34      -.44  -999     -.5    4044     0   0   0   4      24.926   -72.905
0039    19.0   621.5      8.21     61.0    4038   271    27.35     27.34      -.36  -999     -.2    4037     0   0   0   4      24.926   -72.905
0040    19.5   622.0      8.25     60.8    4031   271    27.35     27.34      -.27  -999     -.2    4030     0   0   0   4      24.926   -72.905
0041    20.0   622.6      8.30     60.7    4023   270    27.35     27.34      -.19  -999     -.3    4022     0   0   0   4      24.926   -72.904
0042    20.5   623.2      8.35     60.6    4015   270    27.34     27.34      -.10  -999     -.4    4014     0   0   0   4      24.926   -72.904
0043    21.0   623.8      8.41     60.4    4007   270    27.34     27.34       .00  -999     -.5    4006     0   0   0   4      24.926   -72.904
0044    21.5   624.4      8.47     60.3    3999   270    27.33     27.33       .09  -999     -.5    3998     0   0   0   4      24.926   -72.904
0045    22.0   625.0      8.53     60.1    3991   270    27.32     27.32       .19  -999     -.4    3990     0   0   0   4      24.926   -72.904
0046    22.5   625.6      8.59     59.9    3983   269    27.32     27.32       .28  -999     -.3    3982     0   0   0   4      24.926   -72.904
0047    23.0   626.2      8.65     59.7    3976   269    27.32     27.32       .36  -999     -.1    3974     0   0   0   4      24.926   -72.904
0048    23.5   626.8      8.71     59.5    3968   269    27.33     27.32       .45  -999      .0    3967     0   0   0   4      24.926   -72.903
0049    24.0   627.3      8.76     59.4    3961   269    27.34     27.34       .53  -999      .1    3959     0   0   0   4      24.926   -72.903
0050    24.5   627.9      8.82     59.2    3953   269    27.35     27.35       .63  -999      .1    3952     0   0   0   4      24.926   -72.903
0051    25.0   628.5      8.88     59.0    3946   268    27.36     27.35       .73  -999      .1    3945     0   0   0   4      24.926   -72.903
0052    25.5   629.0      8.93     58.9    3939   268    27.36     27.34       .85  -999      .1    3937     0   0   0   4      24.926   -72.903
0053    26.0   629.6      8.98     58.7    3931   268    27.34     27.32       .98  -999      .0    3930     0   0   0   4      24.926   -72.903
0054    26.5   630.2      9.03     58.6    3923   268    27.30     27.28      1.09  -999     -.1    3922     0   0   0   4      24.926   -72.903
0055    27.0   630.8      9.08     58.5    3916   268    27.26     27.23      1.19  -999     -.1    3914     0   0   0   4      24.926   -72.902
0056    27.5   631.3      9.13     58.3    3908   267    27.22     27.19      1.26  -999     -.1    3907     0   0   0   4      24.926   -72.902
0057    28.0   631.9      9.19     58.1    3900   267    27.19     27.16      1.32     4     -.1    3899     0   0   0   0      24.926   -72.902
0058    28.5   632.5      9.24     58.0    3892   267    27.18     27.15      1.38     4     -.1    3891     0   0   0   0      24.926   -72.902
0059    29.0   633.1      9.30     57.8    3885   267    27.18     27.14      1.48     4      .0    3884     0   0   0   0      24.926   -72.902
0060    29.5   633.7      9.36     57.7    3877   267    27.18     27.13      1.65     4      .1    3876     0   0   0   0      24.926   -72.902
0061    30.0   634.2      9.41     57.7    3870   266    27.17     27.10      1.90     4      .2    3869     0   0   0   0      24.926   -72.902
0062    30.5   634.8      9.44     57.8    3863   265    27.13     27.04      2.24     4      .2    3861     0   0   0   0      24.926   -72.901
0063    31.0   635.4      9.47     58.1    3855   264    27.06     26.93      2.63     4      .2    3854     0   0   0   0      24.926   -72.901
0064    31.5   635.9      9.48     58.4    3848   264    26.97     26.80      3.04     4      .2    3846     0   0   0   0      24.926   -72.901
0065    32.0   636.5      9.47     58.9    3840   263    26.88     26.67      3.40     4      .2    3839     0   0   0   0      24.926   -72.901
0066    32.5   637.1      9.44     59.3    3833   262    26.82     26.57      3.65     4      .1    3832     0   0   0   0      24.926   -72.901
0067    33.0   637.7      9.41     59.8    3825   262    26.79     26.53      3.76     4      .1    3824     0   0   0   0      24.926   -72.901
0068    33.5   638.2      9.37     60.2    3818   262    26.83     26.57      3.71     4      .1    3816     0   0   0   0      24.926   -72.901
0069    34.0   638.8      9.32     60.6    3810   262    26.94     26.71      3.53     4      .2    3809     0   0   0   0      24.927   -72.901
0070    34.5   639.4      9.29     61.0    3803   263    27.12     26.92      3.28     4      .2    3802     0   0   0   0      24.927   -72.900
0071    35.0   639.9      9.26     61.2    3795   264    27.35     27.18      3.01     4      .2    3794     0   0   0   0      24.927   -72.900
0072    35.5   640.5      9.25     61.4    3788   264    27.57     27.43      2.80     4      .2    3787     0   0   0   0      24.927   -72.900
0073    36.0   641.1      9.24     61.6    3781   264    27.77     27.64      2.66     4      .2    3779     0   0   0   0      24.927   -72.900
0074    36.5   641.6      9.24     61.8    3773   265    27.91     27.79      2.63     4      .2    3772     0   0   0   0      24.927   -72.900
0075    37.0   642.2      9.24     62.0    3766   265    27.98     27.86      2.68     4      .2    3765     0   0   0   0      24.927   -72.900
0076    37.5   642.8      9.24     62.2    3759   264    28.00     27.86      2.78     4      .2    3757     0   0   0   0      24.927   -72.900
0077    38.0   643.4      9.25     62.3    3751   264    27.97     27.81      2.90     4      .2    3750     0   0   0   0      24.927   -72.899
0078    38.5   643.9      9.25     62.5    3744   264    27.92     27.75      3.02     4      .2    3743     0   0   0   0      24.927   -72.899
0079    39.0   644.5      9.26     62.7    3736   264    27.87     27.69      3.11     4      .2    3735     0   0   0   0      24.927   -72.899
0080    39.5   645.1      9.28     62.8    3729   263    27.82     27.64      3.19     4      .2    3728     0   0   0   0      24.927   -72.899
0081    40.0   645.7      9.30     62.8    3722   263    27.78     27.59      3.25     4      .2    3720     0   0   0   0      24.927   -72.899
0082    40.5   646.2      9.33     62.8    3714   263    27.74     27.54      3.32     4      .2    3713     0   0   0   0      24.927   -72.899
0083    41.0   646.8      9.36     62.8    3707   263    27.68     27.47      3.40     4      .2    3706     0   0   0   0      24.927   -72.899
0084    41.5   647.4      9.40     62.6    3700   263    27.60     27.38      3.49     4      .2    3698     0   0   0   0      24.927   -72.899
0085    42.0   648.0      9.44     62.5    3692   263    27.52     27.28      3.59     4      .2    3691     0   0   0   0      24.927   -72.898
0086    42.5   648.5      9.49     62.3    3685   262    27.43     27.18      3.67     4      .2    3683     0   0   0   0      24.927   -72.898
0087    43.0   649.1      9.54     62.1    3677   262    27.36     27.11      3.74     4      .2    3676     0   0   0   0      24.927   -72.898
0088    43.5   649.7      9.59     62.1    3670   262    27.32     27.06      3.79     4      .2    3669     0   0   0   0      24.927   -72.898
0089    44.0   650.3      9.64     62.2    3663   262    27.31     27.04      3.83     4      .2    3661     0   0   0   0      24.927   -72.898
0090    44.5   650.8      9.70     62.4    3655   262    27.33     27.05      3.87     4      .2    3654     0   0   0   0      24.927   -72.898
0091    45.0   651.4      9.75     62.9    3648   262    27.35     27.07      3.92     4      .2    3647     0   0   0   0      24.927   -72.898
0092    45.5   652.0      9.80     63.6    3641   262    27.37     27.08      4.00     4      .3    3639     0   0   0   0      24.927   -72.897
0093    46.0   652.6      9.84     64.4    3633   261    27.38     27.08      4.10     4      .3    3632     0   0   0   0      24.927   -72.897
0094    46.5   653.1      9.88     65.2    3626   261    27.39     27.06      4.22     4      .3    3625     0   0   0   0      24.927   -72.897
0095    47.0   653.7      9.91     66.0    3619   261    27.41     27.06      4.35     4      .3    3617     0   0   0   0      24.927   -72.897
0096    47.5   654.3      9.94     66.5    3611   261    27.46     27.09      4.47     4      .3    3610     0   0   0   0      24.927   -72.897
0097    48.0   654.8      9.96     66.8    3604   260    27.55     27.17      4.58     4      .2    3603     0   0   0   0      24.927   -72.897
0098    48.5   655.4      9.97     66.9    3597   260    27.70     27.30      4.68     4      .2    3596     0   0   0   0      24.927   -72.897
0099    49.0   656.0      9.98     66.7    3590   260    27.86     27.46      4.75     4      .1    3588     0   0   0   0      24.927   -72.896
0100    49.5   656.6      9.99     66.3    3582   260    28.03     27.61      4.82     4      .1    3581     0   0   0   0      24.927   -72.896
0101    50.0   657.2     10.00     65.9    3575   260    28.15     27.72      4.88     4      .0    3573     0   0   0   0      24.927   -72.896
0102    50.5   657.8     10.01     65.5    3567   260    28.19     27.75      4.96     4      .0    3566     0   0   0   0      24.927   -72.896
0103    51.0   658.3     10.03     65.1    3560   260    28.14     27.68      5.06     4      .0    3558     0   0   0   0      24.927   -72.896
0104    51.5   658.9     10.05     64.8    3552   259    28.02     27.53      5.20     4      .1    3551     0   0   0   0      24.927   -72.896
0105    52.0   659.5     10.07     64.7    3545   259    27.87     27.35      5.38     4      .1    3544     0   0   0   0      24.927   -72.896
0106    52.5   660.1     10.10     64.7    3538   258    27.74     27.17      5.59     4      .1    3536     0   0   0   0      24.927   -72.896
0107    53.0   660.7     10.13     64.7    3530   258    27.67     27.05      5.83     4      .2    3529     0   0   0   0      24.927   -72.895
0108    53.5   661.3     10.16     64.6    3523   257    27.71     27.04      6.08     4      .2    3522     0   0   0   3      24.927   -72.895
0109    54.0   661.8     10.20     64.5    3516   257    27.85     27.12      6.32     4      .2    3515     0   0   0   0      24.927   -72.895
0110    54.5   662.4     10.25     64.2    3509   257    28.04     27.28      6.50     5      .2    3507     0   0   0   0      24.927   -72.895
0111    55.0   663.0     10.30     63.8    3501   256    28.25     27.46      6.62     5      .1    3500     0   0   0   0      24.927   -72.895
0112    55.5   663.6     10.35     63.3    3494   256    28.40     27.60      6.67     5      .0    3493     0   0   0   0      24.927   -72.895
0113    56.0   664.2     10.41     62.8    3487   256    28.45     27.66      6.65     4      .0    3485     0   0   0   0      24.927   -72.895
0114    56.5   664.8     10.48     62.4    3479   257    28.37     27.60      6.59     5     -.1    3478     0   0   0   0      24.927   -72.894
0115    57.0   665.4     10.54     62.3    3472   257    28.19     27.43      6.52     4     -.1    3470     0   0   0   0      24.927   -72.894
0116    57.5   666.0     10.60     62.4    3464   257    27.94     27.18      6.47     5     -.1    3463     0   0   0   0      24.927   -72.894
0117    58.0   666.5     10.66     62.9    3457   256    27.66     26.89      6.49     5     -.1    3455     0   0   0   0      24.927   -72.894
0118    58.5   667.1     10.71     63.7    3449   256    27.42     26.63      6.57     4     -.1    3448     0   0   0   0      24.927   -72.894
0119    59.0   667.7     10.75     64.7    3442   256    27.27     26.43      6.72     5     -.1    3440     0   0   0   0      24.928   -72.894
0120    59.5   668.3     10.79     65.8    3434   255    27.21     26.32      6.90     4      .0    3433     0   0   0   0      24.928   -72.894
0121    60.0   668.9     10.81     66.8    3427   255    27.25     26.32      7.08     5      .0    3426     0   0   0   0      24.928   -72.893
0122    60.5   669.5     10.84     67.7    3420   255    27.38     26.41      7.21     5      .1    3418     0   0   0   3      24.928   -72.893
0123    61.0   670.1     10.86     68.2    3412   255    27.54     26.57      7.27     5      .1    3411     0   0   0   3      24.928   -72.893
0124    61.5   670.7     10.88     68.5    3405   255    27.72     26.76      7.25     5      .1    3404     0   0   0   0      24.928   -72.893
0125    62.0   671.3     10.90     68.6    3398   255    27.89     26.95      7.16     4      .1    3396     0   0   0   0      24.928   -72.893
0126    62.5   671.8     10.93     68.5    3391   255    28.01     27.11      7.03     4      .2    3389     0   0   0   0      24.928   -72.893
0127    63.0   672.4     10.96     68.3    3383   256    28.07     27.21      6.90     4      .2    3382     0   0   0   0      24.928   -72.893
0128    63.5   673.0     11.00     68.1    3376   256    28.08     27.24      6.80     4      .2    3375     0   0   0   0      24.928   -72.893
0129    64.0   673.6     11.03     68.0    3369   256    28.04     27.21      6.76     4      .1    3367     0   0   0   3      24.928   -72.892
0130    64.5   674.2     11.08     67.8    3361   256    27.97     27.14      6.78     4      .2    3360     0   0   0   3      24.928   -72.892
0131    65.0   674.8     11.12     67.7    3354   256    27.90     27.04      6.85     4      .2    3353     0   0   0   0      24.928   -72.892
0132    65.5   675.4     11.17     67.7    3347   256    27.85     26.96      6.95     4      .2    3346     0   0   0   3      24.928   -72.892
0133    66.0   675.9     11.22     67.5    3340   255    27.83     26.92      7.07     4      .2    3338     0   0   0   0      24.928   -72.892
0134    66.5   676.5     11.28     67.3    3332   255    27.87     26.93      7.17     5      .3    3331     3   3   3   3      24.928   -72.892
0135    67.0   677.1     11.33     67.1    3325   255    27.94     26.98      7.25     5      .3    3324     0   0   0   0      24.928   -72.892
0136    67.5   677.7     11.39     66.8    3318   255    28.02     27.05      7.29     5      .3    3317     0   0   0   0      24.928   -72.891
0137    68.0   678.3     11.45     66.5    3311   255    28.08     27.11      7.31     5      .3    3310     0   0   0   3      24.928   -72.891
0138    68.5   678.8     11.51     66.1    3304   255    28.09     27.13      7.30     5      .3    3302     0   0   0   3      24.928   -72.891
0139    69.0   679.4     11.57     65.8    3297   255    28.05     27.09      7.28     5      .3    3295     0   0   0   3      24.928   -72.891
0140    69.5   680.0     11.64     65.4    3289   255    27.96     27.00      7.24     5      .3    3288     0   0   0   3      24.928   -72.891
0141    70.0   680.6     11.71     65.1    3282   255    27.84     26.89      7.20     5      .3    3281     0   0   0   3      24.928   -72.891
0142    70.5   681.2     11.78     64.8    3275   255    27.75     26.80      7.17     5      .3    3274     0   0   0   0      24.928   -72.891
0143    71.0   681.8     11.85     64.4    3268   255    27.71     26.77      7.16     5      .4    3266     0   0   0   0      24.928   -72.891
0144    71.5   682.3     11.92     64.0    3261   255    27.76     26.82      7.18     5      .4    3259     0   0   0   3      24.928   -72.890
0145    72.0   682.9     11.98     63.6    3254   255    27.90     26.95      7.24     5      .4    3252     0   0   0   0      24.928   -72.890
0146    72.5   683.5     12.04     63.2    3247   255    28.12     27.14      7.35     4      .5    3245     0   0   0   0      24.928   -72.890
0147    73.0   684.1     12.10     62.7    3240   255    28.37     27.36      7.50     4      .5    3238     3   3   3   3      24.928   -72.890
0148    73.5   684.6     12.15     62.4    3233   254    28.59     27.54      7.69     4      .4    3231     0   0   0   0      24.928   -72.890
0149    74.0   685.2     12.20     62.1    3225   254    28.76     27.66      7.89     5      .4    3224     0   0   0   3      24.928   -72.890
0150    74.5   685.8     12.25     61.8    3218   254    28.85     27.69      8.07     5      .4    3217     3   3   3   0      24.929   -72.890
0151    75.0   686.4     12.30     61.6    3211   253    28.84     27.65      8.22     5      .3    3210     0   0   0   0      24.929   -72.889
0152    75.5   687.0     12.34     61.5    3204   253    28.77     27.55      8.30     5      .3    3203     0   0   0   0      24.929   -72.889
0153    76.0   687.6     12.39     61.3    3197   253    28.67     27.43      8.33     5      .3    3195     0   0   0   3      24.929   -72.889
0154    76.5   688.1     12.45     61.2    3190   253    28.58     27.34      8.33     5      .3    3188     0   0   0   3      24.929   -72.889
0155    77.0   688.7     12.51     61.0    3182   253    28.52     27.28      8.32     5      .3    3181     0   0   0   0      24.929   -72.889
0156    77.5   689.3     12.57     60.8    3175   253    28.52     27.27      8.35     5      .3    3174     0   0   0   0      24.929   -72.889
0157    78.0   689.9     12.62     60.6    3168   253    28.57     27.29      8.45     5      .3    3167     0   0   0   0      24.929   -72.889
0158    78.5   690.5     12.68     60.6    3161   252    28.65     27.32      8.62     5      .4    3160     3   3   3   0      24.929   -72.888
0159    79.0   691.1     12.74     60.7    3154   252    28.74     27.34      8.86     5      .4    3153     0   0   0   0      24.929   -72.888
0160    79.5   691.6     12.79     60.9    3147   251    28.84     27.35      9.15     5      .3    3146     0   0   0   0      24.929   -72.888
0161    80.0   692.2     12.83     61.2    3140   251    28.92     27.33      9.44     5      .3    3139     0   0   0   0      24.929   -72.888
0162    80.5   692.8     12.88     61.6    3133   250    28.99     27.32      9.70     5      .3    3132     0   0   0   0      24.929   -72.888
0163    81.0   693.4     12.91     62.0    3126   250    29.06     27.33      9.90     5      .3    3124     0   0   0   3      24.929   -72.888
0164    81.5   694.0     12.95     62.3    3119   250    29.14     27.36     10.03     5      .3    3117     0   0   0   0      24.929   -72.888
0165    82.0   694.6     12.99     62.5    3111   250    29.24     27.43     10.11     5      .3    3110     0   0   0   0      24.929   -72.888
0166    82.5   695.2     13.04     62.5    3104   250    29.34     27.53     10.14     5      .4    3103     0   0   0   0      24.929   -72.887
0167    83.0   695.7     13.09     62.4    3097   250    29.45     27.64     10.17     5      .4    3096     0   0   0   0      24.929   -72.887
0168    83.5   696.3     13.14     62.2    3090   250    29.54     27.73     10.21     5      .4    3089     0   0   0   0      24.929   -72.887
0169    84.0   696.9     13.20     62.0    3083   250    29.61     27.77     10.26     5      .5    3082     0   0   0   0      24.929   -72.887
0170    84.5   697.5     13.26     61.8    3076   250    29.63     27.77     10.33     5      .6    3075     0   0   0   3      24.929   -72.887
0171    85.0   698.1     13.32     61.6    3069   249    29.61     27.72     10.40     5      .6    3068     0   0   0   0      24.929   -72.887
0172    85.5   698.6     13.38     61.4    3062   249    29.55     27.63     10.46     5      .7    3061     0   0   0   0      24.929   -72.887
0173    86.0   699.2     13.45     61.3    3055   249    29.46     27.53     10.51     5      .7    3054     0   0   0   0      24.930   -72.886
0174    86.5   699.8     13.51     61.2    3049   249    29.37     27.42     10.53     5      .8    3047     0   0   0   0      24.930   -72.886
0175    87.0   700.3     13.57     61.2    3042   249    29.29     27.32     10.55     5      .8    3041     0   0   0   0      24.930   -72.886
0176    87.5   700.9     13.62     61.0    3035   249    29.23     27.24     10.58     5      .7    3034     3   3   3   0      24.930   -72.886
0177    88.0   701.5     13.68     60.9    3028   249    29.19     27.19     10.62     5      .7    3027     0   0   0   0      24.930   -72.886
0178    88.5   702.0     13.75     60.7    3021   249    29.17     27.15     10.67     5      .6    3020     3   3   3   3      24.930   -72.886
0179    89.0   702.6     13.81     60.6    3014   248    29.17     27.13     10.72     5      .5    3013     0   0   0   0      24.930   -72.886
0180    89.5   703.2     13.87     60.4    3007   248    29.18     27.11     10.78     5      .4    3006     0   0   0   0      24.930   -72.885
0181    90.0   703.8     13.94     60.2    3000   248    29.17     27.10     10.81     5      .4    2999     0   0   0   0      24.930   -72.885
0182    90.5   704.4     14.01     60.1    2993   248    29.16     27.08     10.83     4      .3    2992     0   0   0   0      24.930   -72.885
0183    91.0   705.0     14.08     59.9    2986   248    29.14     27.05     10.82     5      .3    2985     0   0   0   0      24.930   -72.885
0184    91.5   705.6     14.14     59.8    2979   248    29.11     27.02     10.82     5      .4    2978     0   0   0   0      24.930   -72.885
0185    92.0   706.2     14.21     59.6    2972   248    29.09     27.00     10.83     5      .4    2971     0   0   0   0      24.930   -72.885
0186    92.5   706.7     14.26     59.4    2965   248    29.09     26.97     10.88     5      .5    2964     0   0   0   0      24.930   -72.885
0187    93.0   707.3     14.32     59.1    2958   248    29.11     26.97     10.97     5      .5    2957     0   0   0   3      24.930   -72.885
0188    93.5   707.9     14.37     58.8    2951   248    29.18     26.98     11.10     5      .5    2950     0   0   0   3      24.930   -72.884
0189    94.0   708.5     14.41     58.5    2944   247    29.28     27.04     11.23     5      .6    2943     0   0   0   0      24.930   -72.884
0190    94.5   709.1     14.45     58.1    2937   247    29.41     27.13     11.35     5      .6    2936     0   0   0   0      24.930   -72.884
0191    95.0   709.6     14.49     57.7    2930   247    29.56     27.26     11.43     5      .6    2929     0   0   0   0      24.930   -72.884
0192    95.5   710.2     14.52     57.4    2923   247    29.72     27.42     11.45     5      .7    2922     3   3   3   3      24.930   -72.884
0193    96.0   710.8     14.55     57.1    2917   248    29.87     27.60     11.41     5      .7    2915     0   0   0   0      24.930   -72.884
0194    96.5   711.4     14.59     56.8    2910   248    30.00     27.78     11.32     4      .8    2908     0   0   0   0      24.931   -72.884
0195    97.0   711.9     14.61     56.6    2903   248    30.11     27.95     11.20     4      .8    2902     0   0   0   0      24.931   -72.883
0196    97.5   712.5     14.64     56.3    2896   249    30.19     28.09     11.06     4      .8    2895     0   0   0   0      24.931   -72.883
0197    98.0   713.1     14.66     56.1    2890   249    30.25     28.20     10.93     4      .8    2888     0   0   0   3      24.931   -72.883
0198    98.5   713.6     14.68     55.8    2883   249    30.29     28.30     10.80     5      .8    2881     0   0   0   3      24.931   -72.883
0199    99.0   714.2     14.69     55.6    2876   249    30.33     28.39     10.66     5      .8    2875     0   0   0   3      24.931   -72.883
0200    99.5   714.8     14.69     55.4    2869   250    30.38     28.50     10.53     5      .8    2868     0   0   0   0      24.931   -72.883
0201   100.0   715.3     14.69     55.3    2862   250    30.45     28.63     10.38     5      .8    2861     0   0   0   3      24.931   -72.883
0202   100.5   715.9     14.67     55.5    2856   250    30.55     28.79     10.23     5      .8    2854     0   0   0   3      24.931   -72.882
0203   101.0   716.5     14.64     55.9    2849   251    30.67     28.97     10.08     5      .9    2848     0   0   0   0      24.931   -72.882
0204   101.5   717.1     14.60     56.6    2842   251    30.80     29.14      9.96     6      .9    2841     0   0   0   0      24.931   -72.882
0205   102.0   717.6     14.55     57.7    2835   251    30.91     29.29      9.88     6     1.0    2834     0   0   0   0      24.931   -72.882
0206   102.5   718.2     14.48     59.0    2829   251    30.98     29.37      9.86     6     1.1    2827     0   0   0   0      24.931   -72.882
0207   103.0   718.8     14.41     60.4    2822   251    31.00     29.38      9.89     6     1.1    2821     0   0   0   0      24.931   -72.882
0208   103.5   719.3     14.33     61.9    2816   251    30.95     29.30      9.97     6     1.2    2814     0   0   0   3      24.931   -72.882
0209   104.0   719.9     14.25     63.3    2809   251    30.84     29.15     10.07     6     1.2    2808     0   0   0   3      24.931   -72.881
0210   104.5   720.4     14.17     64.6    2803   251    30.69     28.96     10.16     6     1.2    2801     0   0   0   3      24.931   -72.881
0211   105.0   721.0     14.10     65.8    2796   250    30.53     28.77     10.22     6     1.2    2795     0   0   0   0      24.931   -72.881
0212   105.5   721.5     14.04     66.8    2790   250    30.38     28.60     10.24     6     1.1    2788     3   3   3   0      24.931   -72.881
0213   106.0   722.1     13.98     67.7    2783   250    30.26     28.49     10.21     6     1.1    2782     0   0   0   3      24.931   -72.881
0214   106.5   722.7     13.94     68.4    2776   250    30.20     28.44     10.14     6     1.0    2775     0   0   0   0      24.931   -72.881
0215   107.0   723.2     13.90     69.0    2770   251    30.19     28.46     10.06     6     1.0    2768     0   0   0   0      24.932   -72.881
0216   107.5   723.8     13.88     69.5    2763   251    30.22     28.52      9.98     5     1.0    2762     0   0   0   0      24.932   -72.880
0217   108.0   724.4     13.86     69.8    2756   251    30.26     28.59      9.91     5     1.0    2755     0   0   0   0      24.932   -72.880
0218   108.5   724.9     13.84     69.9    2750   251    30.29     28.64      9.86     6     1.0    2748     0   0   0   0      24.932   -72.880
0219   109.0   725.5     13.84     69.8    2743   251    30.27     28.63      9.82     6     1.1    2742     0   0   0   0      24.932   -72.880
0220   109.5   726.1     13.84     69.6    2737   251    30.20     28.56      9.80     6     1.1    2735     0   0   0   3      24.932   -72.880
0221   110.0   726.6     13.85     69.3    2730   251    30.07     28.44      9.78     6     1.1    2729     0   0   0   3      24.932   -72.880
0222   110.5   727.2     13.86     68.9    2723   251    29.91     28.27      9.77     6     1.1    2722     0   0   0   3      24.932   -72.880
0223   111.0   727.8     13.89     68.5    2717   251    29.76     28.10      9.78     6     1.1    2716     0   0   0   3      24.932   -72.879
0224   111.5   728.3     13.91     68.3    2710   251    29.64     27.96      9.82     6     1.1    2709     0   0   0   0      24.932   -72.879
0225   112.0   728.9     13.94     68.2    2704   250    29.58     27.87      9.91     6     1.1    2702     0   0   0   0      24.932   -72.879
0226   112.5   729.5     13.96     68.3    2697   250    29.58     27.82     10.05     6     1.1    2696     0   0   0   3      24.932   -72.879
0227   113.0   730.0     13.98     68.5    2691   250    29.63     27.80     10.24     6     1.1    2689     3   3   3   3      24.932   -72.879
0228   113.5   730.6     13.99     68.7    2684   249    29.68     27.77     10.47     6     1.1    2683     0   0   0   0      24.932   -72.879
0229   114.0   731.2     14.00     68.9    2678   249    29.68     27.68     10.72     6     1.1    2676     0   0   0   0      24.932   -72.879
0230   114.5   731.7     14.00     69.1    2671   248    29.61     27.51     10.96     6     1.0    2670     0   0   0   3      24.932   -72.878
0231   115.0   732.3     13.99     69.1    2665   248    29.45     27.26     11.16     6      .9    2663     0   0   0   0      24.932   -72.878
0232   115.5   732.9     13.99     69.0    2658   247    29.21     26.94     11.30     6      .8    2657     0   0   0   0      24.932   -72.878
0233   116.0   733.4     13.99     68.8    2651   247    28.94     26.60     11.39     6      .6    2650     0   0   0   0      24.932   -72.878
0234   116.5   734.0     13.99     68.6    2645   246    28.68     26.30     11.45     6      .4    2643     0   0   0   0      24.932   -72.878
0235   117.0   734.6     14.00     68.3    2638   246    28.50     26.07     11.51     6      .3    2636     0   0   0   0      24.932   -72.878
0236   117.5   735.2     14.01     68.1    2631   246    28.43     25.95     11.59     5      .1    2629     0   0   0   0      24.933   -72.878
0237   118.0   735.9     14.03     68.1    2623   246    28.47     25.94     11.74     5      .0    2622     0   0   0   0      24.933   -72.878
0238   118.5   736.5     14.06     68.0    2616   245    28.62     25.99     11.97     6      .0    2615     0   0   0   3      24.933   -72.877
0239   119.0   737.1     14.10     68.1    2609   245    28.81     26.08     12.24     6      .0    2608     0   0   0   0      24.933   -72.877
0240   119.5   737.7     14.14     68.1    2602   244    29.00     26.15     12.53     6      .1    2600     0   0   0   0      24.933   -72.877
0241   120.0   738.4     14.18     68.2    2595   244    29.14     26.18     12.79     6      .3    2593     0   0   0   0      24.933   -72.877
0242   120.5   739.0     14.23     68.2    2588   244    29.18     26.15     12.96     6      .5    2587     0   0   0   3      24.933   -72.877
0243   121.0   739.5     14.29     68.1    2581   243    29.13     26.05     13.03     5      .7    2580     0   0   0   0      24.933   -72.877
0244   121.5   740.1     14.34     68.1    2575   243    28.98     25.91     12.99     5      .9    2573     0   0   0   0      24.933   -72.877
0245   122.0   740.7     14.40     67.9    2568   243    28.77     25.71     12.90     4     1.0    2567     0   0   0   0      24.933   -72.877
0246   122.5   741.2     14.45     67.8    2562   243    28.51     25.47     12.82     5     1.0    2561     0   0   0   0      24.933   -72.876
0247   123.0   741.8     14.51     67.6    2555   243    28.25     25.17     12.81     5      .9    2554     0   0   0   0      24.933   -72.876
0248   123.5   742.4     14.57     67.5    2549   242    27.98     24.81     12.94     5      .9    2548     0   0   0   3      24.933   -72.876
0249   124.0   743.0     14.63     67.3    2542   242    27.74     24.40     13.21     5      .8    2541     0   0   0   0      24.933   -72.876
0250   124.5   743.5     14.69     67.1    2535   240    27.55     23.95     13.62     5      .7    2534     0   0   0   0      24.933   -72.876
0251   125.0   744.1     14.76     66.9    2529   239    27.42     23.51     14.11     5      .7    2527     0   0   0   0      24.933   -72.876
0252   125.5   744.7     14.83     66.7    2522   238    27.37     23.14     14.62     5      .8    2521     0   0   0   0      24.933   -72.876
0253   126.0   745.3     14.90     66.4    2515   237    27.42     22.90     15.08     5      .9    2514     0   0   0   0      24.934   -72.876
0254   126.5   745.9     14.97     66.2    2508   236    27.57     22.84     15.44     6     1.0    2507     0   0   0   0      24.934   -72.875
0255   127.0   746.5     15.05     65.9    2502   236    27.80     22.95     15.70     6     1.2    2501     0   0   0   0      24.934   -72.875
0256   127.5   747.0     15.12     65.7    2496   236    28.12     23.22     15.86     6     1.4    2494     0   0   0   0      24.934   -72.875
0257   128.0   747.6     15.19     65.5    2490   236    28.47     23.57     15.96     6     1.5    2488     0   0   0   0      24.934   -72.875
0258   128.5   748.1     15.26     65.2    2483   236    28.83     23.95     16.04     6     1.6    2482     0   0   0   3      24.934   -72.875
0259   129.0   748.7     15.33     65.0    2477   236    29.15     24.28     16.14     6     1.6    2476     0   0   0   0      24.934   -72.875
0260   129.5   749.2     15.39     64.8    2471   236    29.41     24.51     16.25     6     1.6    2470     0   0   0   0      24.934   -72.875
0261   130.0   749.8     15.45     64.6    2465   236    29.60     24.65     16.39     6     1.6    2464     0   0   0   0      24.934   -72.875
0262   130.5   750.3     15.51     64.4    2459   236    29.71     24.70     16.51     5     1.5    2457     0   0   0   0      24.934   -72.875
0263   131.0   750.9     15.57     64.2    2452   236    29.77     24.71     16.60     5     1.4    2451     0   0   0   0      24.934   -72.874
0264   131.5   751.4     15.62     64.1    2446   236    29.80     24.71     16.65     5     1.3    2445     0   0   0   0      24.934   -72.874
0265   132.0   752.0     15.68     63.9    2440   236    29.81     24.72     16.66     5     1.2    2438     0   0   0   0      24.934   -72.874
0266   132.5   752.6     15.74     63.7    2433   236    29.81     24.75     16.62     5     1.1    2432     0   0   0   0      24.934   -72.874
0267   133.0   753.1     15.79     63.5    2427   236    29.81     24.78     16.58     5      .9    2425     0   0   0   3      24.935   -72.874
0268   133.5   753.7     15.85     63.3    2420   236    29.80     24.79     16.54     5      .8    2419     0   0   0   0      24.935   -72.874
0269   134.0   754.3     15.90     63.2    2414   236    29.76     24.76     16.52     5      .7    2412     0   0   0   0      24.935   -72.874
0270   134.5   754.9     15.96     63.0    2407   236    29.71     24.69     16.53     5      .5    2406     0   0   0   0      24.935   -72.874
0271   135.0   755.5     16.02     62.9    2400   236    29.64     24.58     16.56     6      .4    2399     0   0   0   0      24.935   -72.873
0272   135.5   756.1     16.08     62.7    2393   236    29.57     24.47     16.60     6      .4    2392     0   0   0   0      24.935   -72.873
0273   136.0   756.7     16.14     62.6    2386   236    29.53     24.39     16.65     6      .3    2385     0   0   0   0      24.935   -72.873
0274   136.5   757.3     16.19     62.4    2379   236    29.52     24.34     16.70     6      .4    2378     0   0   0   0      24.935   -72.873
0275   137.0   757.9     16.25     62.3    2373   236    29.55     24.36     16.73     6      .5    2371     0   0   0   0      24.935   -72.873
0276   137.5   758.5     16.30     62.1    2366   236    29.61     24.42     16.75     6      .6    2364     0   0   0   0      24.935   -72.873
0277   138.0   759.1     16.35     61.9    2359   236    29.68     24.51     16.74     6      .7    2358     0   0   0   0      24.935   -72.873
0278   138.5   759.7     16.40     61.8    2353   236    29.74     24.61     16.71     6      .7    2351     0   0   0   0      24.935   -72.873
0279   139.0   760.3     16.44     61.6    2346   236    29.78     24.69     16.64     6      .8    2345     0   0   0   0      24.935   -72.872
0280   139.5   760.9     16.48     61.5    2340   236    29.77     24.75     16.54     6      .8    2338     0   0   0   0      24.936   -72.872
0281   140.0   761.5     16.53     61.3    2333   236    29.72     24.77     16.42     6      .7    2332     0   0   0   0      24.936   -72.872
0282   140.5   762.0     16.57     61.2    2326   237    29.65     24.77     16.29     6      .6    2325     0   0   0   0      24.936   -72.872
0283   141.0   762.6     16.61     61.1    2320   237    29.57     24.74     16.20     7      .4    2318     0   0   0   0      24.936   -72.872
0284   141.5   763.3     16.65     61.0    2313   237    29.52     24.71     16.15     7      .3    2312     0   0   0   0      24.936   -72.872
0285   142.0   763.9     16.69     60.9    2306   237    29.49     24.68     16.15     7      .2    2305     0   0   0   0      24.936   -72.872
0286   142.5   764.5     16.73     60.9    2299   237    29.50     24.65     16.19     6      .1    2298     0   0   0   0      24.936   -72.872
0287   143.0   765.1     16.77     60.9    2292   237    29.51     24.64     16.25     7      .1    2291     0   0   0   0      24.936   -72.871
0288   143.5   765.8     16.80     60.9    2285   237    29.52     24.62     16.28     7      .1    2284     0   0   0   0      24.936   -72.871
0289   144.0   766.4     16.83     60.9    2278   237    29.48     24.60     16.25     7      .2    2277     0   0   0   0      24.936   -72.871
0290   144.5   767.0     16.86     60.9    2271   237    29.40     24.57     16.14     7      .3    2270     0   0   0   0      24.936   -72.871
0291   145.0   767.6     16.89     61.0    2264   237    29.26     24.52     15.95     7      .4    2263     0   0   0   0      24.936   -72.871
0292   145.5   768.2     16.91     61.0    2258   237    29.08     24.47     15.70     7      .4    2256     0   0   0   0      24.936   -72.871
0293   146.0   768.8     16.93     61.1    2251   238    28.89     24.42     15.44     7      .5    2250     0   0   0   0      24.936   -72.871
0294   146.5   769.4     16.95     61.2    2244   238    28.74     24.38     15.21     7      .5    2243     0   0   0   0      24.937   -72.871
0295   147.0   770.0     16.97     61.3    2238   238    28.65     24.38     15.05     7      .5    2236     0   0   0   0      24.937   -72.870
0296   147.5   770.6     16.98     61.3    2231   238    28.65     24.42     14.98     7      .5    2230     0   0   0   0      24.937   -72.870
0297   148.0   771.2     17.00     61.4    2224   239    28.73     24.51     14.98     7      .4    2223     0   0   0   0      24.937   -72.870
0298   148.5   771.8     17.02     61.4    2218   239    28.87     24.65     15.03     7      .4    2216     0   0   0   0      24.937   -72.870
0299   149.0   772.4     17.04     61.4    2211   239    29.05     24.82     15.10     7      .4    2210     0   0   0   0      24.937   -72.870
0300   149.5   773.0     17.06     61.3    2204   239    29.23     25.00     15.15     7      .4    2203     0   0   0   0      24.937   -72.870
0301   150.0   773.7     17.09     61.3    2197   239    29.38     25.17     15.16     7      .4    2196     0   0   0   0      24.937   -72.870
0302   150.5   774.3     17.12     61.2    2191   239    29.49     25.32     15.12     7      .4    2189     0   0   0   0      24.937   -72.870
0303   151.0   774.9     17.15     61.1    2184   239    29.56     25.44     15.05     7      .5    2183     0   0   0   0      24.937   -72.869
0304   151.5   775.5     17.17     61.1    2177   240    29.60     25.54     14.96     7      .5    2176     0   0   0   0      24.937   -72.869
0305   152.0   776.1     17.20     61.3    2171   240    29.64     25.64     14.89     7      .6    2169     0   0   0   0      24.937   -72.869
0306   152.5   776.7     17.22     61.5    2164   240    29.71     25.74     14.84     7      .6    2163     0   0   0   0      24.937   -72.869
0307   153.0   777.3     17.23     61.9    2157   240    29.82     25.88     14.81     7      .6    2156     0   0   0   0      24.937   -72.869
0308   153.5   777.9     17.24     62.3    2151   240    29.97     26.05     14.82     7      .6    2150     0   0   0   0      24.937   -72.869
0309   154.0   778.5     17.24     62.8    2144   241    30.14     26.24     14.83     7      .5    2143     0   0   0   0      24.938   -72.869
0310   154.5   779.1     17.24     63.3    2138   241    30.32     26.43     14.84     7      .5    2136     0   0   0   0      24.938   -72.869
0311   155.0   779.7     17.24     63.8    2131   241    30.47     26.61     14.85     7      .4    2130     0   0   0   0      24.938   -72.868
0312   155.5   780.3     17.23     64.1    2124   241    30.58     26.73     14.86     6      .4    2123     0   0   0   0      24.938   -72.868
0313   156.0   780.9     17.24     64.3    2117   241    30.65     26.80     14.87     6      .4    2116     0   0   0   0      24.938   -72.868
0314   156.5   781.5     17.24     64.5    2111   241    30.67     26.82     14.89     7      .4    2109     0   0   0   0      24.938   -72.868
0315   157.0   782.2     17.25     64.5    2104   241    30.67     26.78     14.93     7      .5    2103     0   0   0   0      24.938   -72.868
0316   157.5   782.8     17.27     64.6    2097   241    30.64     26.73     14.98     7      .5    2096     0   0   0   0      24.938   -72.868
0317   158.0   783.4     17.29     64.7    2091   241    30.63     26.69     15.03     7      .6    2089     0   0   0   0      24.938   -72.868
0318   158.5   784.0     17.31     64.8    2084   241    30.63     26.68     15.06     7      .6    2083     0   0   0   0      24.938   -72.868
0319   159.0   784.6     17.33     64.9    2078   241    30.67     26.71     15.07     7      .6    2076     0   0   0   0      24.938   -72.867
0320   159.5   785.2     17.35     65.0    2071   241    30.73     26.79     15.05     7      .6    2070     0   0   0   0      24.938   -72.867
0321   160.0   785.8     17.37     65.1    2065   241    30.81     26.92     15.00     7      .6    2063     0   0   0   0      24.938   -72.867
0322   160.5   786.4     17.39     65.2    2058   241    30.91     27.06     14.94     6      .5    2057     0   0   0   0      24.938   -72.867
0323   161.0   787.0     17.41     65.1    2051   241    31.00     27.21     14.86     7      .4    2050     0   0   0   0      24.938   -72.867
0324   161.5   787.6     17.44     65.0    2045   242    31.08     27.34     14.79     7      .4    2043     0   0   0   0      24.939   -72.867
0325   162.0   788.2     17.48     64.7    2038   242    31.14     27.45     14.72     7      .3    2037     0   0   0   0      24.939   -72.867
0326   162.5   788.8     17.52     64.4    2031   242    31.18     27.51     14.67     7      .3    2030     0   0   0   0      24.939   -72.866
0327   163.0   789.5     17.56     64.1    2024   242    31.19     27.55     14.63     8      .3    2023     0   0   0   0      24.939   -72.866
0328   163.5   790.1     17.60     63.7    2018   242    31.18     27.55     14.60     8      .3    2016     0   0   0   0      24.939   -72.866
0329   164.0   790.7     17.65     63.5    2011   242    31.16     27.54     14.59     8      .3    2010     0   0   0   0      24.939   -72.866
0330   164.5   791.3     17.69     63.4    2004   242    31.15     27.52     14.60     7      .3    2003     0   0   0   0      24.939   -72.866
0331   165.0   791.9     17.73     63.4    1997   242    31.14     27.49     14.63     8      .4    1996     0   0   0   0      24.939   -72.866
0332   165.5   792.6     17.76     63.6    1991   242    31.14     27.47     14.68     8      .4    1989     0   0   0   0      24.939   -72.866
0333   166.0   793.2     17.78     64.0    1984   242    31.16     27.44     14.77     8      .5    1983     0   0   0   0      24.939   -72.866
0334   166.5   793.8     17.79     64.5    1978   242    31.19     27.42     14.86     8      .6    1976     0   0   0   0      24.939   -72.865
0335   167.0   794.4     17.80     65.0    1971   241    31.22     27.40     14.97     8      .6    1970     0   0   0   3      24.939   -72.865
0336   167.5   795.0     17.80     65.6    1965   241    31.26     27.39     15.06     8      .6    1963     0   0   0   0      24.939   -72.865
0337   168.0   795.6     17.79     66.2    1958   241    31.29     27.39     15.13     8      .6    1957     0   0   0   0      24.939   -72.865
0338   168.5   796.2     17.78     66.7    1952   241    31.32     27.40     15.18     8      .6    1950     0   0   0   0      24.939   -72.865
0339   169.0   796.8     17.76     67.1    1945   241    31.35     27.42     15.20     8      .5    1944     3   3   3   0      24.940   -72.865
0340   169.5   797.4     17.75     67.4    1938   241    31.38     27.45     15.21     8      .5    1937     0   0   0   0      24.940   -72.865
0341   170.0   798.0     17.74     67.7    1932   241    31.41     27.48     15.23     8      .5    1930     0   0   0   3      24.940   -72.864
0342   170.5   798.7     17.73     68.0    1925   241    31.46     27.50     15.27     8      .5    1924     0   0   0   3      24.940   -72.864
0343   171.0   799.3     17.73     68.4    1918   241    31.52     27.53     15.34     8      .6    1917     0   0   0   3      24.940   -72.864
0344   171.5   799.9     17.72     69.0    1912   241    31.59     27.55     15.45     8      .6    1911     0   0   0   0      24.940   -72.864
0345   172.0   800.5     17.72     69.6    1905   241    31.68     27.58     15.59     8      .8    1904     0   0   0   0      24.940   -72.864
0346   172.5   801.1     17.71     70.3    1899   240    31.79     27.62     15.73     8      .9    1898     0   0   0   0      24.940   -72.864
0347   173.0   801.7     17.71     71.1    1893   240    31.91     27.68     15.87     8      .9    1891     0   0   0   0      24.940   -72.864
0348   173.5   802.3     17.70     71.8    1886   240    32.04     27.77     15.99     8     1.0    1885     0   0   0   0      24.940   -72.863
0349   174.0   802.8     17.70     72.4    1880   240    32.18     27.87     16.08     8     1.0    1879     0   0   0   0      24.940   -72.863
0350   174.5   803.4     17.70     72.9    1874   240    32.30     27.97     16.15     8     1.0    1873     0   0   0   3      24.940   -72.863
0351   175.0   804.0     17.70     73.2    1868   240    32.39     28.05     16.19     8      .9    1866     0   0   0   0      24.940   -72.863
0352   175.5   804.6     17.71     73.3    1861   240    32.44     28.10     16.22     8      .8    1860     0   0   0   0      24.940   -72.863
0353   176.0   805.2     17.73     73.4    1855   240    32.46     28.10     16.25     7      .6    1854     0   0   0   0      24.941   -72.863
0354   176.5   805.8     17.75     73.4    1848   240    32.44     28.06     16.28     8      .5    1847     0   0   0   0      24.941   -72.863
0355   177.0   806.5     17.78     73.3    1842   240    32.41     27.99     16.33     8      .3    1840     0   0   0   0      24.941   -72.862
0356   177.5   807.1     17.81     73.2    1835   240    32.37     27.91     16.40     8      .2    1834     0   0   0   0      24.941   -72.862
0357   178.0   807.7     17.85     73.1    1828   239    32.36     27.83     16.50     8      .2    1827     0   0   0   0      24.941   -72.862
0358   178.5   808.4     17.89     73.0    1821   239    32.37     27.77     16.63     7      .2    1820     0   0   0   0      24.941   -72.862
0359   179.0   809.0     17.94     72.8    1815   239    32.40     27.73     16.77     7      .2    1813     0   0   0   0      24.941   -72.862
0360   179.5   809.6     17.99     72.6    1808   239    32.45     27.70     16.91     7      .3    1807     0   0   0   0      24.941   -72.862
0361   180.0   810.3     18.05     72.4    1801   238    32.48     27.66     17.03     8      .3    1800     0   0   0   0      24.941   -72.862
0362   180.5   810.9     18.11     72.1    1795   238    32.47     27.59     17.12     8      .4    1793     0   0   0   0      24.941   -72.862
0363   181.0   811.5     18.17     71.8    1788   238    32.39     27.48     17.16     8      .5    1787     0   0   0   0      24.941   -72.861
0364   181.5   812.1     18.23     71.5    1782   238    32.24     27.31     17.15     8      .5    1781     0   0   0   0      24.941   -72.861
0365   182.0   812.7     18.29     71.2    1775   238    32.03     27.08     17.10     8      .5    1774     0   0   0   0      24.941   -72.861
0366   182.5   813.3     18.35     71.0    1769   238    31.76     26.80     17.05     8      .5    1768     0   0   0   0      24.942   -72.861
0367   183.0   813.9     18.40     70.8    1763   237    31.48     26.48     17.02     8      .4    1761     0   0   0   0      24.942   -72.861
0368   183.5   814.6     18.45     70.8    1756   237    31.22     26.15     17.04     8      .3    1755     0   0   0   0      24.942   -72.861
0369   184.0   815.2     18.50     70.8    1749   236    31.00     25.83     17.15     8      .2    1748     0   0   0   0      24.942   -72.861
0370   184.5   815.8     18.54     70.9    1743   236    30.86     25.53     17.35     8      .1    1741     0   0   0   0      24.942   -72.860
0371   185.0   816.5     18.57     71.0    1736   235    30.79     25.26     17.61     8      .0    1734     0   0   0   0      24.942   -72.860
0372   185.5   817.1     18.61     71.0    1729   234    30.79     25.05     17.91     8      .0    1728     0   0   0   0      24.942   -72.860
0373   186.0   817.8     18.64     71.0    1722   234    30.83     24.89     18.19     8      .0    1721     3   3   3   0      24.942   -72.860
0374   186.5   818.4     18.67     71.0    1715   233    30.88     24.77     18.43     8      .1    1714     0   0   0   3      24.942   -72.860
0375   187.0   819.1     18.70     70.8    1709   233    30.91     24.70     18.59     8      .2    1707     0   0   0   3      24.942   -72.860
0376   187.5   819.7     18.73     70.7    1702   233    30.93     24.66     18.66     7      .2    1701     0   0   0   3      24.942   -72.860
0377   188.0   820.3     18.76     70.7    1695   233    30.90     24.65     18.64     7      .3    1694     0   0   0   0      24.942   -72.860
0378   188.5   820.9     18.79     70.7    1689   233    30.86     24.63     18.58     7      .4    1688     0   0   0   0      24.943   -72.859
0379   189.0   821.6     18.81     70.9    1682   233    30.79     24.61     18.51     8      .4    1681     0   0   0   0      24.943   -72.859
0380   189.5   822.2     18.83     71.3    1676   233    30.72     24.56     18.45     8      .4    1675     0   0   0   0      24.943   -72.859
0381   190.0   822.8     18.83     71.8    1669   233    30.64     24.48     18.43     8      .4    1668     0   0   0   0      24.943   -72.859
0382   190.5   823.4     18.83     72.4    1663   233    30.56     24.36     18.46     8      .4    1662     0   0   0   0      24.943   -72.859
0383   191.0   824.0     18.82     73.0    1656   233    30.48     24.20     18.54     8      .3    1655     3   3   3   3      24.943   -72.859
0384   191.5   824.7     18.80     73.5    1650   232    30.39     24.00     18.65     8      .3    1648     0   0   0   3      24.943   -72.859
0385   192.0   825.3     18.78     74.0    1643   232    30.30     23.79     18.77     8      .2    1642     3   3   3   3      24.943   -72.859
0386   192.5   825.9     18.76     74.3    1636   231    30.21     23.57     18.90     8      .2    1635     0   0   0   3      24.943   -72.859
0387   193.0   826.6     18.74     74.6    1630   231    30.12     23.38     19.00     8      .2    1628     3   3   3   3      24.943   -72.858
0388   193.5   827.2     18.73     74.8    1623   231    30.04     23.22     19.07     8      .2    1622     3   3   3   3      24.943   -72.858
0389   194.0   827.9     18.72     75.0    1616   230    29.98     23.11     19.10     8      .2    1615     0   0   0   3      24.943   -72.858
0390   194.5   828.5     18.72     75.2    1610   230    29.95     23.06     19.10     8      .2    1609     0   0   0   3      24.944   -72.858
0391   195.0   829.1     18.72     75.3    1603   230    29.93     23.07     19.06     8      .2    1602     0   0   0   0      24.944   -72.858
0392   195.5   829.8     18.73     75.4    1597   231    29.93     23.12     19.01     8      .2    1595     0   0   0   3      24.944   -72.858
0393   196.0   830.4     18.75     75.5    1590   231    29.95     23.21     18.93     8      .2    1589     0   0   0   3      24.944   -72.858
0394   196.5   831.0     18.77     75.5    1584   231    29.97     23.30     18.86     8      .2    1582     0   0   0   3      24.944   -72.858
0395   197.0   831.7     18.79     75.4    1577   231    30.00     23.38     18.79     8      .2    1576     0   0   0   3      24.944   -72.857
0396   197.5   832.3     18.83     75.4    1570   231    30.01     23.45     18.73     8      .2    1569     0   0   0   3      24.944   -72.857
0397   198.0   832.9     18.86     75.5    1564   231    30.01     23.49     18.69     8      .2    1563     0   0   0   3      24.944   -72.857
0398   198.5   833.6     18.89     75.6    1557   232    30.01     23.51     18.65     8      .1    1556     3   3   3   3      24.944   -72.857
0399   199.0   834.2     18.92     76.0    1551   232    30.00     23.52     18.63     8      .1    1549     3   3   3   3      24.944   -72.857
0400   199.5   834.9     18.95     76.4    1544   232    29.99     23.52     18.60     8      .2    1542     0   0   0   3      24.944   -72.857
0401   200.0   835.5     18.96     77.0    1537   232    29.98     23.53     18.58     8      .2    1536     3   3   3   3      24.944   -72.857
0402   200.5   836.2     18.97     77.6    1531   232    29.97     23.54     18.55     8      .3    1529     0   0   0   3      24.945   -72.857
0403   201.0   836.8     18.97     78.2    1524   232    29.96     23.56     18.50     8      .4    1523     0   0   0   3      24.945   -72.857
0404   201.5   837.4     18.97     78.7    1518   232    29.96     23.60     18.46     8      .5    1516     0   0   0   3      24.945   -72.856
0405   202.0   838.0     18.96     79.1    1511   232    29.96     23.64     18.41     8      .5    1510     3   3   3   3      24.945   -72.856
0406   202.5   838.7     18.96     79.3    1505   232    29.96     23.68     18.36     8      .5    1504     0   0   0   3      24.945   -72.856
0407   203.0   839.3     18.97     79.3    1499   232    29.97     23.71     18.32     8      .5    1497     0   0   0   3      24.945   -72.856
0408   203.5   839.9     18.98     79.2    1492   232    29.97     23.73     18.30     8      .5    1491     0   0   0   3      24.945   -72.856
0409   204.0   840.5     19.00     79.1    1486   232    29.96     23.74     18.28     8      .4    1484     0   0   0   3      24.945   -72.856
0410   204.5   841.2     19.03     79.0    1479   232    29.95     23.74     18.27     8      .4    1478     3   3   3   3      24.945   -72.856
0411   205.0   841.8     19.07     78.8    1473   232    29.94     23.73     18.24     8      .4    1471     3   3   3   3      24.945   -72.856
0412   205.5   842.4     19.10     78.6    1466   233    29.92     23.74     18.20     8      .5    1465     0   0   0   3      24.945   -72.856
0413   206.0   843.1     19.14     78.5    1460   233    29.90     23.77     18.15     8      .5    1458     3   3   3   3      24.945   -72.855
0414   206.5   843.7     19.18     78.4    1453   233    29.90     23.82     18.07     8      .6    1452     3   3   3   3      24.946   -72.855
0415   207.0   844.3     19.22     78.3    1447   233    29.91     23.89     18.00     8      .7    1446     0   0   0   3      24.946   -72.855
0416   207.5   844.9     19.25     78.2    1441   233    29.94     23.97     17.94     8      .8    1439     0   0   0   3      24.946   -72.855
0417   208.0   845.5     19.28     78.3    1435   233    29.97     24.02     17.92     8      .8    1433     0   0   0   3      24.946   -72.855
0418   208.5   846.1     19.31     78.4    1429   233    30.01     24.04     17.97     8      .8    1427     3   3   3   3      24.946   -72.855
0419   209.0   846.7     19.34     78.7    1422   233    30.05     23.99     18.09     8      .7    1421     0   0   0   0      24.946   -72.855
0420   209.5   847.3     19.36     79.1    1416   233    30.07     23.87     18.29     8      .6    1415     0   0   0   0      24.946   -72.855
0421   210.0   848.0     19.37     79.6    1410   232    30.09     23.68     18.57     8      .4    1408     0   0   0   0      24.946   -72.854
0422   210.5   848.6     19.38     80.2    1403   231    30.12     23.44     18.91     8      .3    1402     0   0   0   0      24.946   -72.854
0423   211.0   849.3     19.40     80.7    1396   230    30.15     23.19     19.27     7      .2    1395     0   0   0   0      24.946   -72.854
0424   211.5   849.9     19.41     81.1    1390   229    30.19     22.95     19.62     7      .2    1389     0   0   0   3      24.946   -72.854
0425   212.0   850.6     19.43     81.4    1383   229    30.25     22.75     19.93     7      .1    1382     0   0   0   3      24.946   -72.854
0426   212.5   851.2     19.45     81.5    1377   228    30.31     22.61     20.18     8      .1    1375     3   3   3   3      24.947   -72.854
0427   213.0   851.9     19.48     81.5    1370   228    30.36     22.53     20.36     8      .1    1369     0   0   0   3      24.947   -72.854
0428   213.5   852.5     19.52     81.3    1364   228    30.40     22.49     20.45     8      .1    1362     0   0   0   0      24.947   -72.854
0429   214.0   853.1     19.56     81.1    1357   228    30.41     22.47     20.48     8      .1    1356     0   0   0   0      24.947   -72.854
0430   214.5   853.8     19.60     80.8    1351   228    30.39     22.46     20.46     8      .1    1349     0   0   0   0      24.947   -72.853
0431   215.0   854.4     19.64     80.5    1344   228    30.35     22.45     20.41     8      .1    1343     0   0   0   0      24.947   -72.853
0432   215.5   855.1     19.69     80.3    1337   228    30.30     22.44     20.36     8      .1    1336     0   0   0   3      24.947   -72.853
0433   216.0   855.7     19.74     80.1    1331   228    30.27     22.43     20.33     8      .1    1329     3   3   3   3      24.947   -72.853
0434   216.5   856.4     19.78     80.0    1324   228    30.26     22.43     20.32     7      .1    1323     0   0   0   3      24.947   -72.853
0435   217.0   857.0     19.83     79.9    1318   228    30.29     22.45     20.33     7      .1    1316     0   0   0   3      24.947   -72.853
0436   217.5   857.7     19.88     79.8    1311   228    30.34     22.48     20.37     7      .1    1310     0   0   0   0      24.947   -72.853
0437   218.0   858.3     19.93     79.8    1305   228    30.41     22.53     20.42     7      .1    1303     0   0   0   0      24.948   -72.853
0438   218.5   859.0     19.99     79.8    1298   228    30.47     22.58     20.46     8      .1    1297     0   0   0   0      24.948   -72.853
0439   219.0   859.6     20.04     79.8    1292   228    30.52     22.61     20.49     8      .1    1290     0   0   0   0      24.948   -72.852
0440   219.5   860.3     20.10     79.8    1285   228    30.53     22.63     20.50     8      .0    1284     0   0   0   0      24.948   -72.852
0441   220.0   860.9     20.15     79.7    1278   228    30.51     22.62     20.48     8      .0    1277     0   0   0   3      24.948   -72.852
0442   220.5   861.6     20.20     79.6    1272   228    30.47     22.60     20.44     8      .0    1270     0   0   0   0      24.948   -72.852
0443   221.0   862.3     20.26     79.4    1265   228    30.41     22.55     20.39     8     -.1    1264     0   0   0   0      24.948   -72.852
0444   221.5   862.9     20.31     79.2    1258   228    30.34     22.51     20.34     8     -.1    1257     0   0   0   3      24.948   -72.852
0445   222.0   863.6     20.37     78.9    1252   228    30.26     22.46     20.29     8     -.1    1250     0   0   0   3      24.948   -72.852
0446   222.5   864.3     20.43     78.7    1245   228    30.20     22.42     20.24     8      .0    1244     0   0   0   3      24.948   -72.852
0447   223.0   864.9     20.49     78.4    1238   228    30.15     22.39     20.19     8      .0    1237     0   0   0   3      24.948   -72.852
0448   223.5   865.6     20.55     78.1    1232   228    30.12     22.37     20.16     8      .1    1231     0   0   0   3      24.949   -72.851
0449   224.0   866.2     20.61     77.9    1225   228    30.11     22.38     20.15     8      .2    1224     0   0   0   3      24.949   -72.851
0450   224.5   866.9     20.67     77.7    1219   228    30.14     22.41     20.15     8      .2    1218     0   0   0   0      24.949   -72.851
0451   225.0   867.5     20.72     77.5    1212   228    30.20     22.46     20.18     8      .2    1211     0   0   0   3      24.949   -72.851
0452   225.5   868.2     20.78     77.2    1206   228    30.27     22.52     20.23     8      .2    1205     0   0   0   3      24.949   -72.851
0453   226.0   868.8     20.83     77.0    1200   228    30.36     22.58     20.29     8      .2    1198     0   0   0   0      24.949   -72.851
0454   226.5   869.4     20.88     76.8    1193   228    30.43     22.61     20.36     8      .2    1192     0   0   0   0      24.949   -72.851
0455   227.0   870.1     20.93     76.6    1187   228    30.46     22.62     20.40     8      .2    1185     0   0   0   0      24.949   -72.851
0456   227.5   870.8     20.99     76.3    1180   228    30.44     22.59     20.41     8      .1    1179     0   0   0   0      24.949   -72.850
0457   228.0   871.4     21.04     76.2    1174   228    30.37     22.52     20.37     8      .1    1172     3   3   3   0      24.949   -72.850
0458   228.5   872.1     21.09     76.0    1167   228    30.25     22.44     20.29     8      .1    1166     0   0   0   0      24.949   -72.850
0459   229.0   872.7     21.14     75.8    1161   228    30.09     22.34     20.16     8      .1    1159     0   0   0   0      24.950   -72.850
0460   229.5   873.4     21.19     75.6    1154   228    29.93     22.24     20.02     8      .2    1153     0   0   0   0      24.950   -72.850
0461   230.0   874.0     21.24     75.5    1148   228    29.78     22.15     19.89     8      .2    1146     0   0   0   3      24.950   -72.850
0462   230.5   874.7     21.28     75.3    1141   228    29.65     22.07     19.79     7      .2    1140     0   0   0   0      24.950   -72.850
0463   231.0   875.3     21.33     75.1    1135   228    29.55     22.00     19.73     7      .3    1133     0   0   0   3      24.950   -72.850
0464   231.5   876.0     21.38     74.9    1128   228    29.47     21.92     19.70     7      .3    1127     0   0   0   0      24.950   -72.850
0465   232.0   876.6     21.42     74.8    1122   228    29.42     21.85     19.69     7      .3    1121     0   0   0   3      24.950   -72.850
0466   232.5   877.3     21.46     74.7    1115   228    29.38     21.80     19.70     8      .4    1114     0   0   0   3      24.950   -72.849
0467   233.0   877.9     21.51     74.8    1109   228    29.36     21.77     19.70     8      .4    1108     0   0   0   0      24.950   -72.849
0468   233.5   878.5     21.54     74.9    1103   228    29.36     21.78     19.69     8      .4    1101     0   0   0   0      24.950   -72.849
0469   234.0   879.2     21.58     75.0    1096   228    29.40     21.85     19.66     7      .4    1095     0   0   0   0      24.950   -72.849
0470   234.5   879.8     21.60     75.2    1090   228    29.47     21.98     19.63     7      .5    1089     0   0   0   3      24.951   -72.849
0471   235.0   880.5     21.62     75.3    1084   229    29.57     22.14     19.59     7      .5    1082     0   0   0   3      24.951   -72.849
0472   235.5   881.1     21.64     75.4    1078   229    29.68     22.33     19.56     8      .5    1076     0   0   0   3      24.951   -72.849
0473   236.0   881.7     21.65     75.5    1071   229    29.80     22.50     19.53     8      .4    1070     0   0   0   3      24.951   -72.849
0474   236.5   882.4     21.65     75.4    1065   229    29.89     22.65     19.51     8      .4    1064     0   0   0   3      24.951   -72.849
0475   237.0   883.0     21.66     75.4    1059   229    29.95     22.74     19.49     8      .4    1057     0   0   0   0      24.951   -72.848
0476   237.5   883.7     21.68     75.3    1052   230    29.97     22.79     19.46     8      .4    1051     0   0   0   0      24.951   -72.848
0477   238.0   884.3     21.69     75.2    1046   230    29.95     22.80     19.42     8      .4    1045     0   0   0   0      24.951   -72.848
0478   238.5   885.0     21.71     75.1    1040   230    29.90     22.77     19.37     8      .4    1038     0   0   0   0      24.951   -72.848
0479   239.0   885.6     21.74     75.1    1033   230    29.84     22.73     19.33     8      .4    1032     0   0   0   3      24.951   -72.848
0480   239.5   886.2     21.77     75.1    1027   230    29.78     22.68     19.29     8      .5    1025     3   3   3   3      24.951   -72.848
0481   240.0   886.9     21.80     75.1    1021   230    29.72     22.63     19.27     8      .6    1019     0   0   0   3      24.952   -72.848
0482   240.5   887.5     21.83     75.1    1014   230    29.66     22.56     19.26     8      .7    1013     0   0   0   3      24.952   -72.848
0483   241.0   888.1     21.87     75.1    1008   229    29.60     22.49     19.25     8      .7    1007     0   0   0   0      24.952   -72.847
0484   241.5   888.8     21.91     75.0    1002   229    29.55     22.42     19.25     8      .8    1001     0   0   0   0      24.952   -72.847
0485   242.0   889.4     21.95     74.9     996   229    29.50     22.38     19.22     8      .8     995     0   0   0   3      24.952   -72.847
0486   242.5   890.0     21.99     74.9     990   229    29.47     22.37     19.18     8      .8     989     0   0   0   0      24.952   -72.847
0487   243.0   890.6     22.03     74.9     984   230    29.46     22.43     19.10     8      .8     983     0   0   0   0      24.952   -72.847
0488   243.5   891.2     22.07     75.0     978   230    29.48     22.54     18.99     8      .8     977     0   0   0   0      24.952   -72.847
0489   244.0   891.9     22.10     75.1     972   230    29.52     22.72     18.86     8      .7     970     0   0   0   0      24.952   -72.847
0490   244.5   892.5     22.13     75.4     966   231    29.59     22.92     18.72     8      .6     964     0   0   0   0      24.952   -72.847
0491   245.0   893.1     22.15     75.6     959   231    29.66     23.12     18.58     8      .6     958     3   3   3   0      24.952   -72.847
0492   245.5   893.8     22.17     75.9     953   232    29.73     23.30     18.46     8      .5     952     0   0   0   3      24.952   -72.846
0493   246.0   894.4     22.18     76.2     947   232    29.78     23.44     18.37     8      .4     945     0   0   0   0      24.953   -72.846
0494   246.5   895.1     22.19     76.5     940   232    29.80     23.51     18.32     8      .4     939     0   0   0   0      24.953   -72.846
0495   247.0   895.7     22.20     76.8     934   232    29.81     23.53     18.30     8      .3     933     0   0   0   0      24.953   -72.846
0496   247.5   896.4     22.21     77.1     928   232    29.81     23.51     18.32     8      .3     927     0   0   0   0      24.953   -72.846
0497   248.0   897.0     22.22     77.3     921   232    29.80     23.47     18.37     7      .2     920     0   0   0   0      24.953   -72.846
0498   248.5   897.7     22.24     77.4     915   232    29.81     23.43     18.42     8      .2     914     0   0   0   0      24.953   -72.846
0499   249.0   898.3     22.25     77.5     909   232    29.81     23.41     18.46     8      .2     907     0   0   0   3      24.953   -72.846
0500   249.5   899.0     22.27     77.5     902   232    29.81     23.39     18.48     8      .2     901     0   0   0   0      24.953   -72.846
0501   250.0   899.7     22.29     77.5     896   232    29.80     23.39     18.46     8      .2     894     0   0   0   0      24.953   -72.845
0502   250.5   900.3     22.31     77.4     889   232    29.78     23.40     18.42     8      .2     888     0   0   0   0      24.953   -72.845
0503   251.0   901.0     22.34     77.3     883   232    29.76     23.42     18.36     8      .3     882     0   0   0   0      24.953   -72.845
0504   251.5   901.6     22.38     77.2     877   232    29.75     23.45     18.31     8      .3     875     0   0   0   0      24.953   -72.845
0505   252.0   902.3     22.42     77.2     870   232    29.76     23.48     18.28     8      .4     869     0   0   0   0      24.954   -72.845
0506   252.5   902.9     22.46     77.1     864   232    29.79     23.51     18.30     8      .4     863     0   0   0   3      24.954   -72.845
0507   253.0   903.6     22.51     77.0     858   232    29.85     23.54     18.35     8      .4     857     0   0   0   0      24.954   -72.845
0508   253.5   904.2     22.56     76.8     852   232    29.93     23.57     18.45     8      .4     850     0   0   0   0      24.954   -72.845
0509   254.0   904.9     22.60     76.6     845   232    30.01     23.59     18.54     8      .4     844     0   0   0   0      24.954   -72.845
0510   254.5   905.5     22.65     76.4     839   232    30.06     23.61     18.61     8      .4     838     0   0   0   0      24.954   -72.844
0511   255.0   906.2     22.69     76.1     833   232    30.08     23.62     18.63     8      .4     831     0   0   0   0      24.954   -72.844
0512   255.5   906.8     22.73     75.7     826   232    30.06     23.64     18.57     8      .4     825     0   0   0   0      24.954   -72.844
0513   256.0   907.5     22.77     75.2     820   232    30.00     23.66     18.44     8      .4     819     0   0   0   3      24.954   -72.844
0514   256.5   908.1     22.81     74.8     814   232    29.91     23.68     18.26     8      .4     813     0   0   0   0      24.954   -72.844
0515   257.0   908.8     22.85     74.5     808   233    29.81     23.70     18.08     8      .4     807     0   0   0   3      24.954   -72.844
0516   257.5   909.4     22.88     74.3     802   233    29.71     23.70     17.92     7      .3     800     0   0   0   0      24.954   -72.844
0517   258.0   910.1     22.92     74.1     795   233    29.63     23.67     17.82     8      .2     794     0   0   0   0      24.955   -72.844
0518   258.5   910.7     22.96     74.0     789   233    29.56     23.60     17.79     8      .2     788     0   0   0   0      24.955   -72.843
0519   259.0   911.4     23.00     74.0     783   233    29.49     23.50     17.83     8      .1     781     0   0   0   0      24.955   -72.843
0520   259.5   912.1     23.04     73.9     776   233    29.44     23.37     17.90     8      .1     775     0   0   0   0      24.955   -72.843
0521   260.0   912.7     23.07     73.9     770   232    29.38     23.24     17.99     8      .0     768     0   0   0   3      24.955   -72.843
0522   260.5   913.4     23.11     73.7     763   232    29.34     23.13     18.05     8      .1     762     0   0   0   0      24.955   -72.843
0523   261.0   914.1     23.15     73.5     757   232    29.31     23.08     18.08     8      .1     755     0   0   0   0      24.955   -72.843
0524   261.5   914.8     23.18     73.3     750   232    29.31     23.08     18.06     8      .2     749     0   0   0   0      24.955   -72.843
0525   262.0   915.4     23.22     73.1     744   232    29.32     23.14     18.00     7      .2     743     0   0   0   0      24.955   -72.843
0526   262.5   916.1     23.26     72.9     738   232    29.35     23.23     17.93     7      .3     736     0   0   0   0      24.955   -72.843
0527   263.0   916.7     23.30     72.9     732   233    29.38     23.34     17.85     8      .3     730     0   0   0   0      24.955   -72.842
0528   263.5   917.4     23.34     73.0     725   233    29.41     23.43     17.77     8      .3     724     0   0   0   0      24.955   -72.842
0529   264.0   918.0     23.37     73.3     719   233    29.42     23.49     17.71     8      .3     718     3   3   3   0      24.956   -72.842
0530   264.5   918.7     23.40     73.6     713   233    29.41     23.52     17.65     8      .3     712     0   0   0   0      24.956   -72.842
0531   265.0   919.3     23.43     73.8     707   233    29.37     23.53     17.58     8      .2     705     0   0   0   0      24.956   -72.842
0532   265.5   920.0     23.45     74.0     700   233    29.32     23.52     17.51     8      .1     699     0   0   0   0      24.956   -72.842
0533   266.0   920.7     23.48     74.0     694   233    29.27     23.52     17.43     7      .1     692     0   0   0   0      24.956   -72.842
0534   266.5   921.4     23.50     73.8     687   234    29.24     23.53     17.35     8      .0     686     0   0   0   0      24.956   -72.842
0535   267.0   922.0     23.53     73.6     681   234    29.22     23.55     17.30     8      .0     680     0   0   0   0      24.956   -72.842
0536   267.5   922.7     23.56     73.5     674   234    29.23     23.58     17.27     8      .1     673     0   0   0   0      24.956   -72.841
0537   268.0   923.4     23.58     73.5     668   234    29.27     23.61     17.30     8      .1     667     0   0   0   0      24.956   -72.841
0538   268.5   924.1     23.60     73.9     662   234    29.33     23.62     17.39     8      .2     660     0   0   0   0      24.956   -72.841
0539   269.0   924.7     23.61     74.7     655   233    29.42     23.63     17.53     8      .2     654     0   0   0   0      24.956   -72.841
0540   269.5   925.4     23.60     75.8     649   233    29.54     23.63     17.73     7      .3     648     0   0   0   0      24.956   -72.841
0541   270.0   926.0     23.58     77.2     643   233    29.68     23.63     17.95     8      .3     642     0   0   0   0      24.956   -72.841
0542   270.5   926.7     23.54     78.7     637   232    29.83     23.64     18.20     7      .4     635     0   0   0   0      24.957   -72.841
0543   271.0   927.4     23.49     80.0     631   232    29.99     23.65     18.43     7      .4     629     0   0   0   0      24.957   -72.841
0544   271.5   928.0     23.43     81.2     624   232    30.13     23.67     18.65     7      .5     623     0   0   0   0      24.957   -72.841
0545   272.0   928.7     23.38     82.0     618   232    30.25     23.69     18.82     7      .6     617     0   0   0   0      24.957   -72.840
0546   272.5   929.3     23.33     82.5     612   231    30.35     23.70     18.96     7      .6     611     0   0   0   0      24.957   -72.840
0547   273.0   930.0     23.30     82.6     606   231    30.41     23.70     19.05     7      .7     605     0   0   0   3      24.957   -72.840
0548   273.5   930.6     23.28     82.6     600   231    30.45     23.70     19.12     7      .7     599     0   0   0   0      24.957   -72.840
0549   274.0   931.2     23.28     82.5     594   231    30.47     23.69     19.17     7      .7     593     0   0   0   0      24.957   -72.840
0550   274.5   931.9     23.30     82.4     588   231    30.50     23.68     19.22     7      .7     587     0   0   0   3      24.957   -72.840
0551   275.0   932.5     23.32     82.4     582   231    30.53     23.67     19.28     6      .6     581     0   0   0   0      24.957   -72.840
0552   275.5   933.1     23.35     82.5     576   231    30.56     23.67     19.34     8      .6     575     0   0   0   0      24.957   -72.840
0553   276.0   933.8     23.39     82.6     570   231    30.59     23.65     19.40     8      .5     569     0   0   0   0      24.957   -72.839
0554   276.5   934.5     23.43     82.7     564   231    30.61     23.63     19.46     8      .4     562     0   0   0   0      24.958   -72.839
0555   277.0   935.1     23.46     82.7     557   230    30.59     23.58     19.49     8      .3     556     0   0   0   3      24.958   -72.839
0556   277.5   935.8     23.51     82.7     551   230    30.55     23.52     19.49     8      .3     550     0   0   0   0      24.958   -72.839
0557   278.0   936.5     23.55     82.6     545   230    30.47     23.45     19.46     8      .3     544     0   0   0   3      24.958   -72.839
0558   278.5   937.1     23.60     82.4     539   230    30.39     23.40     19.39     8      .2     537     0   0   0   3      24.958   -72.839
0559   279.0   937.8     23.65     82.1     533   230    30.31     23.37     19.31     8      .2     531     0   0   0   0      24.958   -72.839
0560   279.5   938.5     23.70     81.9     526   231    30.26     23.37     19.23     8      .2     525     0   0   0   0      24.958   -72.839
0561   280.0   939.1     23.76     81.8     520   231    30.25     23.40     19.17     8      .2     519     0   0   0   0      24.958   -72.839
0562   280.5   939.8     23.81     81.7     514   231    30.28     23.44     19.16     8      .2     512     0   0   0   0      24.958   -72.838
0563   281.0   940.5     23.87     81.7     507   231    30.32     23.48     19.18     8      .3     506     0   0   0   0      24.958   -72.838
0564   281.5   941.1     23.92     81.7     501   231    30.36     23.50     19.23     8      .3     500     0   0   0   0      24.958   -72.838
0565   282.0   941.8     23.98     81.8     495   231    30.38     23.47     19.30     8      .4     494     0   0   0   0      24.959   -72.838
0566   282.5   942.5     24.03     81.8     489   230    30.36     23.39     19.35     8      .4     488     0   0   0   3      24.959   -72.838
0567   283.0   943.1     24.08     81.9     483   230    30.29     23.27     19.38     7      .5     481     0   0   0   0      24.959   -72.838
0568   283.5   943.8     24.13     82.0     477   230    30.19     23.14     19.38     7      .5     475     0   0   0   0      24.959   -72.838
0569   284.0   944.4     24.19     82.0     471   230    30.08     23.03     19.35     7      .4     469     0   0   0   0      24.959   -72.838
0570   284.5   945.0     24.24     82.0     465   230    30.01     22.97     19.31     7      .3     463     0   0   0   0      24.959   -72.838
0571   285.0   945.7     24.29     82.0     459   230    29.99     22.98     19.26     7      .2     457     0   0   0   0      24.959   -72.837
0572   285.5   946.4     24.34     81.9     452   230    30.03     23.07     19.22     7      .0     451     0   0   0   0      24.959   -72.837
0573   286.0   947.1     24.39     81.7     446   230    30.12     23.21     19.20     7     -.1     445     0   0   0   0      24.959   -72.837
0574   286.5   947.8     24.45     81.5     439   231    30.24     23.38     19.18     7     -.2     438     0   0   0   0      24.959   -72.837
0575   287.0   948.5     24.50     81.2     433   231    30.33     23.52     19.15     7     -.3     431     0   0   0   3      24.959   -72.837
0576   287.5   949.2     24.56     81.0     426   231    30.38     23.62     19.11     7     -.3     425     0   0   0   0      24.959   -72.837
0577   288.0   949.9     24.62     80.8     420   231    30.36     23.65     19.04     8     -.2     418     0   0   0   0      24.960   -72.837
0578   288.5   950.6     24.68     80.6     413   231    30.30     23.61     18.99     8     -.2     412     0   0   0   0      24.960   -72.837
0579   289.0   951.3     24.73     80.5     407   231    30.22     23.53     18.96     7     -.1     405     0   0   0   0      24.960   -72.837
0580   289.5   952.0     24.79     80.5     400   231    30.19     23.45     19.01     8      .0     399     0   0   0   0      24.960   -72.836
0581   290.0   952.6     24.84     80.6     394   231    30.23     23.39     19.15     8      .0     393     0   0   0   0      24.960   -72.836
0582   290.5   953.3     24.89     80.7     388   230    30.36     23.36     19.40     8      .0     387     0   0   0   0      24.960   -72.836
0583   291.0   954.0     24.94     80.9     382   230    30.56     23.33     19.75     8     -.1     381     0   0   0   0      24.960   -72.836
0584   291.5   954.7     24.98     81.0     375   229    30.78     23.28     20.14     8     -.3     374     0   0   0   0      24.960   -72.836
0585   292.0   955.4     25.03     81.0     369   228    30.95     23.15     20.55     8     -.5     368     0   0   0   0      24.960   -72.836
0586   292.5   956.1     25.08     81.0     362   228    31.01     22.90     20.92     8     -.7     361     0   0   0   3      24.960   -72.836
0587   293.0   956.8     25.14     80.8     356   227    30.93     22.53     21.20     7    -1.0     354     0   0   0   0      24.960   -72.836
0588   293.5   957.6     25.20     80.5     349   226    30.72     22.04     21.39     7    -1.2     347     0   0   0   0      24.961   -72.835
0589   294.0   958.3     25.26     80.2     342   225    30.40     21.50     21.49     7    -1.3     340     0   0   0   0      24.961   -72.835
0590   294.5   959.1     25.33     79.8     335   224    30.04     20.96     21.51     7    -1.5     333     0   0   0   0      24.961   -72.835
0591   295.0   959.9     25.39     79.5     327   224    29.70     20.50     21.49     7    -1.5     326     0   0   0   0      24.961   -72.835
0592   295.5   960.7     25.46     79.2     320   223    29.42     20.17     21.43     8    -1.6     319     0   0   0   0      24.961   -72.835
0593   296.0   961.4     25.52     78.9     313   223    29.23     19.97     21.34     8    -1.6     312     0   0   0   3      24.961   -72.835
0594   296.5   962.2     25.58     78.7     306   223    29.10     19.89     21.25     7    -1.6     305     0   0   0   0      24.961   -72.835
0595   297.0   963.0     25.64     78.6     299   223    29.03     19.89     21.14     7    -1.6     298     0   0   0   0      24.961   -72.835
0596   297.5   963.8     25.71     78.6     292   223    28.98     19.93     21.04     8    -1.6     290     0   0   0   0      24.961   -72.835
0597   298.0   964.5     25.77     78.6     285   224    28.96     19.96     20.98     8    -1.6     283     0   0   0   0      24.961   -72.835
0598   298.5   965.3     25.83     78.6     278   224    28.98     19.98     20.98     8    -1.5     276     0   0   0   0      24.962   -72.834
0599   299.0   966.1     25.90     78.6     271   223    29.03     19.97     21.07     7    -1.4     269     0   0   0   0      24.962   -72.834
0600   299.5   966.8     25.96     78.6     264   223    29.13     19.95     21.22     8    -1.3     262     0   0   0   0      24.962   -72.834
0601   300.0   967.6     26.03     78.6     257   223    29.25     19.93     21.41     8    -1.3     255     0   0   0   0      24.962   -72.834
0602   300.5   968.4     26.09     78.5     250   223    29.33     19.90     21.55     8    -1.2     248     0   0   0   3      24.962   -72.834
0603   301.0   969.1     26.16     78.4     243   223    29.33     19.87     21.58     8    -1.1     242     0   0   0   0      24.962   -72.834
0604   301.5   969.9     26.22     78.2     236   223    29.20     19.82     21.44     8    -1.1     235     0   0   0   0      24.962   -72.834
0605   302.0   970.6     26.29     77.9     229   223    28.91     19.73     21.12     8    -1.0     228     0   0   0   0      24.962   -72.834
0606   302.5   971.3     26.35     77.6     223   224    28.49     19.61     20.67     8     -.9     221     0   0   0   0      24.962   -72.834
0607   303.0   972.1     26.41     77.3     216   224    28.03     19.46     20.17     8     -.8     214     0   0   0   0      24.962   -72.834
0608   303.5   972.8     26.47     77.0     209   224    27.59     19.29     19.74     8     -.7     208     0   0   0   0      24.962   -72.833
0609   304.0   973.5     26.54     76.7     202   224    27.28     19.11     19.48     8     -.5     201     0   0   0   0      24.963   -72.833
0610   304.5   974.3     26.60     76.4     196   224    27.15     18.94     19.45     8     -.4     195     0   0   0   0      24.963   -72.833
0611   305.0   975.0     26.66     76.0     190   224    27.18     18.79     19.64     8     -.3     188     0   0   0   0      24.963   -72.833
0612   305.5   975.6     26.72     75.8     183   223    27.33     18.65     19.97     8     -.3     182     0   0   0   0      24.963   -72.833
0613   306.0   976.3     26.77     75.5     177   222    27.48     18.52     20.31     8     -.3     176     0   0   0   0      24.963   -72.833
0614   306.5   977.0     26.83     75.3     171   222    27.53     18.37     20.50     8     -.4     169     0   0   0   0      24.963   -72.833
0615   307.0   977.7     26.89     75.1     164   222    27.40     18.23     20.46     8     -.6     163     0   0   0   0      24.963   -72.833
0616   307.5   978.4     26.96     74.9     158   222    27.10     18.11     20.15     8     -.9     157     0   0   0   0      24.963   -72.833
0617   308.0   979.2     27.02     74.7     151   223    26.68     18.07     19.63     8    -1.1     150     0   0   0   0      24.963   -72.833
0618   308.5   980.0     27.09     74.6     144   224    26.29     18.16     19.02     8    -1.3     143     0   0   0   0      24.963   -72.833
0619   309.0   980.8     27.16     74.4     137   225    26.05     18.39     18.46     8    -1.4     136     0   0   0   0      24.963   -72.832
0620   309.5   981.5     27.23     74.2     130   226    26.05     18.74     18.10     8    -1.5     128     0   0   0   0      24.964   -72.832
0621   310.0   982.3     27.29     73.9     123   227    26.28     19.17     17.97     7    -1.4     121     0   0   0   0      24.964   -72.832
0622   310.5   983.1     27.36     73.7     116   227    26.65     19.60     18.07     7    -1.3     114     0   0   0   0      24.964   -72.832
0623   311.0   983.9     27.42     73.4     109   227    27.03     19.92     18.27     8    -1.2     107     0   0   0   0      24.964   -72.832
0624   311.5   984.6     27.48     73.2     102   227    27.25     20.08     18.42     8    -1.0     101     0   0   0   0      24.964   -72.832
0625   312.0   985.4     27.54     73.1      95   227    27.19     20.03     18.40     8     -.9      94     0   0   0   0      24.964   -72.832
0626   312.5   986.1     27.60     73.1      89   227    26.80     19.75     18.12     8     -.7      87     0   0   0   0      24.964   -72.832
0627   313.0   986.8     27.66     73.2      82   228    26.11     19.28     17.60     8     -.5      81     0   0   0   0      24.964   -72.832
0628   313.5   987.5     27.73     73.3      76   228    25.22     18.68     16.94     7     -.3      74     0   0   0   0      24.964   -72.832
0629   314.0   988.3     27.80     73.5      69   228    24.29     18.05     16.27     6      .0      68     0   0   0   0      24.964   -72.832
0630   314.5   989.0     27.87     73.6      63   228    23.51     17.50     15.71     7      .3      61     0   0   0   0      24.964   -72.831
0631   315.0   989.6     27.94     73.7      57   228    23.00     17.13     15.35     7      .7      55     0   0   0   0      24.964   -72.831
0632   315.5   990.3     28.00     73.6      51   228    22.80     16.98     15.22     7     1.0      50     0   0   0   0      24.964   -72.831
0633   316.0   990.9     28.07     73.4      45   228    22.81     16.96     15.26     7     1.4      44     0   0   0   0      24.965   -72.831
0634   316.5   991.5     28.13     73.2      40   228    22.90     16.96     15.38     6     1.7      39     0   0   0   0      24.965   -72.831
0635   317.0   992.1     28.19     73.0      35   227    22.90     16.85     15.51     7     1.9      33     0   0   0   3      24.965   -72.831
0636   317.5   992.6     28.25     72.8      30   227    22.78     16.56     15.64     7     2.0      28     0   0   0   0      24.965   -72.831
0637   318.0   993.2     28.30     72.5      25   226    22.61     16.14     15.84     7     2.2      23     0   0   0   0      24.965   -72.831
0638   318.5   993.8     28.35     72.3      20   224    22.36     15.56     16.06     6     2.2      18     0   0   0   0      24.965   -72.831
0639   319.0   994.3     28.39     72.1      14   222    22.19     14.92     16.43     7     2.2      13     0   0   0   0      24.965   -72.831
0640   319.5   994.9     28.45     72.4       9   224    21.95     15.22     15.82     7     2.2       8     0   0   0   0      24.965   -72.831
0641   320.0   995.5     28.54     73.4       4  -999  -999.00   -999.00   -999.00  -999     2.2       3     0   0   0   0      24.965   -72.831
