 ===========================================================================
 DROPWINDSONDE PROCESSING RECORD                            Sonde: 980730061
 PDS file written May 20, 1999.                             Format:    V4.01
 Aircraft: AFRES C-130                       Date: 980825   Time: 173907 UTC
 ---------------------------------------------------------------------------
 Bias corrections:  PR =    .0 mb  TE =    .0 C  RH =   4.6 %  PRB =   .0 mb
 Filters (LPF):     PTH =   5 s    WIND =   5 s       Hyd anchor =       SFC
 Dyn RH correction =  N     WSHR COR =      Y         Splash PR  =  961.9 mb
 Estimated PR used =  N     GPS VERR =    .37 m/s     HYD SFCP   =  961.2 mb
 Dyn T correction  =  Y     WGACORR  =   -4.4 m       AC GA ADJ  =     .0 m
 ---------------------------------------------------------------------------
 COMMENTS: Eye.                                                        
 ===========================================================================

 ===========================================================================
 Date: 980825   Lat:  29.83 N   TA:   15.3 C   PS:  697.0 mb   WD:   325 deg
 Time: 173907   Lon:  75.70 W   TD:   14.0 C   GA:   2799 m    WS:   1.0 m/s
 SID:  980730061                RH:   91.9 %   Navaid:   GP          
 ===========================================================================

IX      t (s)  P (mb)    T (C)    RH (%)  Z (m)   WD    WS (m/s)   U (m/s)   V (m/s)  NS  WZ (m/s)  ZW (m)   FP  FT  FH  FW    LAT (N)   LON (E)
0001      .2   697.6     15.31     91.9    2807   324     1.05       .62      -.85  -999  -999.0    2803     3   3   3   3      29.830   -75.700
0002      .7   698.1     15.33     91.9    2800   321     1.25       .79      -.97  -999  -999.0    2796     3   3   3   3      29.830   -75.700
0003     1.2   698.7     15.35     91.9    2793   320     1.30       .83     -1.00  -999  -999.0    2789     3   3   3   3      29.830   -75.700
0004     1.7   699.3     15.37     91.9    2786   320     1.35       .88     -1.03  -999  -999.0    2782     3   3   3   3      29.830   -75.700
0005     2.2   699.9     15.38     91.9    2779   319     1.40       .92     -1.06  -999  -999.0    2775     3   3   3   3      29.830   -75.700
0006     2.7   700.4     15.40     91.9    2772   318     1.46       .97     -1.09  -999  -999.0    2768     3   3   3   3      29.830   -75.700
0007     3.2   701.0     15.41     91.9    2765   318     1.51      1.01     -1.12  -999  -999.0    2761     3   3   3   3      29.830   -75.700
0008     3.7   701.6     15.43     91.9    2758   317     1.56      1.05     -1.15  -999  -999.0    2754     3   3   3   3      29.830   -75.700
0009     4.2   702.1     15.45     91.9    2751   317     1.61      1.10     -1.18  -999  -999.0    2747     3   3   3   3      29.830   -75.700
0010     4.7   702.7     15.46     91.9    2744   317     1.66      1.14     -1.21  -999  -999.0    2740     3   3   3   3      29.830   -75.700
0011     5.2   703.3     15.48     91.9    2737   316     1.72      1.19     -1.24  -999  -999.0    2733     3   3   3   3      29.830   -75.700
0012     5.7   703.9     15.50     91.9    2730   316     1.77      1.23     -1.27  -999  -999.0    2726     3   3   3   3      29.830   -75.700
0013     6.2   704.4     15.51     91.9    2724   316     1.82      1.28     -1.30  -999  -999.0    2719     3   3   3   3      29.830   -75.700
0014     6.7   705.0     15.53     91.9    2717   315     1.88      1.32     -1.33  -999  -999.0    2712     3   3   3   3      29.830   -75.700
0015     7.2   705.6     15.55     91.9    2710   315     1.93      1.37     -1.36  -999  -999.0    2705     3   3   3   3      29.830   -75.700
0016     7.7   706.1     15.56     92.0    2703   315     1.98      1.41     -1.39  -999  -999.0    2698     3   3   3   3      29.830   -75.700
0017     8.2   706.7     15.58     92.0    2696   314     2.03      1.45     -1.42  -999  -999.0    2692     3   3   3   3      29.830   -75.700
0018     8.7   707.3     15.60     92.0    2689   314     2.09      1.50     -1.45  -999  -999.0    2685     3   3   3   3      29.830   -75.700
0019     9.2   707.9     15.61     92.0    2682   314     2.14      1.54     -1.48  -999  -999.0    2678     3   3   3   3      29.830   -75.700
0020     9.7   708.4     15.63     92.0    2675   314     2.19      1.59     -1.51  -999  -999.0    2671     3   3   3   3      29.830   -75.700
0021    10.2   709.0     15.65     92.0    2668   313     2.24      1.63     -1.54  -999  -999.0    2664     3   3   3   3      29.830   -75.700
0022    10.7   709.6     15.66     92.0    2662   313     2.30      1.68     -1.57  -999  -999.0    2657     3   3   3   3      29.830   -75.700
0023    11.2   710.1     15.68     92.0    2655   313     2.35      1.72     -1.60  -999  -999.0    2650     3   3   3   3      29.830   -75.700
0024    11.7   710.7     15.70     92.0    2648   313     2.40      1.77     -1.63  -999  -999.0    2643     3   3   3   3      29.830   -75.700
0025    12.2   711.3     15.72     92.0    2641   312     2.46      1.82     -1.66  -999  -999.0    2636     3   3   3   3      29.830   -75.700
0026    12.7   711.9     15.74     92.0    2634   312     2.51      1.86     -1.69  -999  -999.0    2630     3   3   3   3      29.830   -75.700
0027    13.2   712.4     15.76     92.0    2627   312     2.57      1.90     -1.72  -999  -999.0    2623     3   3   3   3      29.830   -75.700
0028    13.7   713.0     15.78     92.0    2620   312     2.62      1.94     -1.76  -999  -999.0    2616     3   3   3   3      29.830   -75.700
0029    14.2   713.6     15.80     92.0    2614   312     2.67      1.98     -1.80  -999  -999.0    2609     3   3   3   3      29.830   -75.700
0030    14.7   714.1     15.83     92.0    2607   312     2.73      2.02     -1.83  -999  -999.0    2602     3   3   0   3      29.830   -75.700
0031    15.2   714.7     15.85     92.1    2600   312     2.78      2.07     -1.86  -999  -999.0    2596     3   3   0   3      29.830   -75.700
0032    15.7   715.3     15.87     92.2    2593   312     2.83      2.12     -1.88  -999      .2    2588     0   0   0   3      29.830   -75.700
0033    16.2   715.9     15.90     92.4    2586   311     2.89      2.18     -1.90  -999      .0    2581     0   0   0   3      29.830   -75.700
0034    16.7   716.5     15.93     92.6    2578   310     2.95      2.25     -1.91  -999     -.2    2574     0   0   0   3      29.830   -75.700
0035    17.2   717.1     15.96     92.7    2571   310     3.02      2.31     -1.94  -999     -.4    2567     0   0   0   3      29.830   -75.700
0036    17.7   717.8     15.99     92.8    2564   310     3.09      2.36     -1.99  -999     -.5    2559     0   0   0   3      29.830   -75.700
0037    18.2   718.4     16.02     92.7    2556   311     3.16      2.39     -2.07     5     -.6    2552     0   0   0   0      29.830   -75.700
0038    18.7   719.0     16.06     92.4    2549   312     3.24      2.41     -2.17     5     -.6    2544     0   0   0   0      29.830   -75.700
0039    19.2   719.7     16.10     92.0    2541   314     3.33      2.41     -2.30     5     -.6    2537     0   0   0   0      29.830   -75.700
0040    19.7   720.3     16.15     91.4    2534   316     3.42      2.40     -2.44     5     -.6    2529     0   0   0   0      29.830   -75.700
0041    20.2   720.9     16.19     90.9    2526   317     3.52      2.39     -2.59     5     -.5    2522     0   0   0   0      29.830   -75.700
0042    20.7   721.5     16.23     90.4    2519   319     3.63      2.40     -2.72     5     -.4    2514     0   0   0   0      29.830   -75.700
0043    21.2   722.2     16.28     90.1    2511   319     3.73      2.43     -2.83     5     -.4    2507     0   0   0   0      29.830   -75.700
0044    21.7   722.8     16.32     90.0    2504   320     3.82      2.47     -2.92     6     -.3    2500     0   0   0   0      29.830   -75.700
0045    22.2   723.4     16.36     90.2    2497   320     3.90      2.52     -2.97     6     -.3    2492     0   0   0   0      29.830   -75.700
0046    22.7   724.0     16.40     90.6    2490   319     3.95      2.58     -2.99     6     -.3    2485     0   0   0   0      29.830   -75.700
0047    23.2   724.6     16.44     91.1    2482   319     3.97      2.61     -2.99     6     -.3    2478     0   0   0   0      29.830   -75.700
0048    23.7   725.2     16.49     91.6    2475   318     3.96      2.62     -2.96     6     -.3    2471     0   0   0   0      29.830   -75.700
0049    24.2   725.9     16.53     92.1    2468   318     3.92      2.61     -2.92     6     -.3    2463     0   0   0   0      29.830   -75.700
0050    24.7   726.5     16.57     92.4    2460   318     3.85      2.58     -2.86     6     -.4    2456     0   0   0   0      29.830   -75.699
0051    25.2   727.1     16.61     92.6    2453   318     3.77      2.53     -2.80     6     -.4    2449     0   0   0   0      29.830   -75.699
0052    25.7   727.7     16.65     92.5    2446   317     3.70      2.50     -2.72     6     -.3    2441     0   0   0   0      29.830   -75.699
0053    26.2   728.4     16.69     92.3    2438   317     3.63      2.49     -2.65     6     -.3    2434     0   0   0   0      29.830   -75.699
0054    26.7   729.0     16.72     92.0    2431   316     3.60      2.50     -2.58     6     -.2    2427     0   0   0   0      29.830   -75.699
0055    27.2   729.6     16.76     91.7    2424   315     3.59      2.55     -2.53     6     -.2    2419     0   0   0   0      29.830   -75.699
0056    27.7   730.2     16.80     91.5    2417   313     3.62      2.63     -2.49     5     -.1    2412     0   0   0   0      29.830   -75.699
0057    28.2   730.8     16.84     91.3    2410   312     3.67      2.71     -2.47     5     -.1    2405     0   0   0   0      29.830   -75.699
0058    28.7   731.4     16.89     91.2    2402   311     3.73      2.80     -2.46     5     -.1    2398     0   0   0   0      29.829   -75.699
0059    29.2   732.0     16.93     91.2    2395   311     3.78      2.87     -2.46     6     -.1    2391     0   0   0   0      29.829   -75.699
0060    29.7   732.6     16.97     91.2    2388   310     3.82      2.92     -2.46     6     -.2    2384     0   0   0   0      29.829   -75.699
0061    30.2   733.3     17.02     91.1    2381   310     3.83      2.95     -2.44     6     -.2    2377     0   0   0   0      29.829   -75.699
0062    30.7   733.9     17.06     91.1    2374   309     3.82      2.96     -2.41     6     -.3    2369     0   0   0   0      29.829   -75.699
0063    31.2   734.5     17.10     90.9    2366   309     3.79      2.96     -2.37     6     -.3    2362     0   0   0   0      29.829   -75.699
0064    31.7   735.1     17.14     90.8    2359   308     3.76      2.96     -2.33     6     -.3    2355     0   0   0   0      29.829   -75.699
0065    32.2   735.8     17.18     90.7    2352   308     3.74      2.95     -2.29     6     -.2    2347     0   0   0   0      29.829   -75.699
0066    32.7   736.4     17.22     90.6    2344   308     3.72      2.94     -2.27     6     -.2    2340     0   0   0   0      29.829   -75.699
0067    33.2   737.0     17.26     90.6    2337   308     3.72      2.94     -2.27     6     -.1    2333     0   0   0   0      29.829   -75.699
0068    33.7   737.6     17.30     90.6    2330   308     3.73      2.93     -2.31     6     -.1    2326     0   0   0   0      29.829   -75.699
0069    34.2   738.2     17.34     90.7    2323   309     3.75      2.92     -2.36     6     -.1    2319     0   0   0   0      29.829   -75.699
0070    34.7   738.8     17.38     90.8    2316   310     3.79      2.90     -2.44     6     -.1    2312     0   0   0   0      29.829   -75.699
0071    35.2   739.4     17.42     90.9    2309   311     3.83      2.88     -2.52     6     -.1    2304     0   0   0   0      29.829   -75.699
0072    35.7   740.1     17.46     90.9    2302   312     3.86      2.85     -2.60     6     -.1    2297     0   0   0   0      29.829   -75.699
0073    36.2   740.7     17.51     90.9    2294   313     3.89      2.84     -2.67     6     -.1    2290     0   0   0   0      29.829   -75.699
0074    36.7   741.3     17.56     90.8    2287   314     3.91      2.83     -2.69     6     -.1    2283     0   0   0   0      29.829   -75.699
0075    37.2   741.9     17.61     90.6    2280   313     3.90      2.84     -2.67     6     -.1    2276     0   0   0   0      29.829   -75.699
0076    37.7   742.5     17.65     90.4    2273   312     3.86      2.86     -2.60     6     -.1    2269     0   0   0   0      29.829   -75.699
0077    38.2   743.1     17.70     90.2    2266   310     3.80      2.89     -2.46     6     -.1    2262     0   0   0   0      29.829   -75.699
0078    38.7   743.8     17.75     90.0    2259   308     3.72      2.93     -2.28     6     -.1    2254     0   0   0   0      29.829   -75.699
0079    39.2   744.4     17.79     89.9    2252   305     3.62      2.98     -2.06     6     -.1    2247     0   0   0   0      29.829   -75.699
0080    39.7   745.0     17.84     89.8    2245   301     3.53      3.03     -1.82     6     -.1    2240     0   0   0   0      29.829   -75.699
0081    40.2   745.6     17.88     89.6    2238   297     3.46      3.08     -1.58     6     -.1    2233     0   0   0   0      29.829   -75.699
0082    40.7   746.2     17.92     89.5    2230   294     3.41      3.13     -1.37     5      .0    2226     0   0   0   0      29.829   -75.699
0083    41.2   746.8     17.97     89.4    2223   291     3.39      3.17     -1.21     5      .0    2219     0   0   0   0      29.829   -75.699
0084    41.7   747.4     18.01     89.2    2216   289     3.39      3.21     -1.11     6      .0    2212     0   0   0   3      29.829   -75.699
0085    42.2   748.1     18.05     89.0    2209   288     3.40      3.23     -1.07     6      .1    2205     0   0   0   0      29.829   -75.699
0086    42.7   748.7     18.09     88.7    2202   288     3.42      3.24     -1.08     6      .1    2198     0   0   0   0      29.829   -75.699
0087    43.2   749.3     18.13     88.5    2195   289     3.43      3.23     -1.13     6      .1    2191     0   0   0   0      29.829   -75.699
0088    43.7   749.9     18.17     88.2    2188   290     3.42      3.21     -1.19     6      .1    2184     0   0   0   0      29.829   -75.699
0089    44.2   750.5     18.22     87.9    2181   292     3.40      3.16     -1.25     6      .1    2177     0   0   0   0      29.829   -75.699
0090    44.7   751.1     18.26     87.6    2174   292     3.35      3.10     -1.27     6      .1    2170     0   0   0   0      29.829   -75.699
0091    45.2   751.7     18.30     87.3    2167   292     3.27      3.03     -1.24     6      .0    2163     0   0   0   0      29.829   -75.699
0092    45.7   752.3     18.34     87.0    2160   291     3.18      2.97     -1.16     6     -.1    2156     0   0   0   0      29.829   -75.699
0093    46.2   752.9     18.39     86.8    2153   290     3.10      2.92     -1.04     6     -.1    2149     0   0   0   0      29.829   -75.699
0094    46.7   753.6     18.43     86.6    2146   287     3.02      2.89      -.90     6     -.2    2142     0   0   0   0      29.829   -75.699
0095    47.2   754.2     18.48     86.5    2139   285     2.97      2.88      -.75     6     -.2    2135     0   0   0   0      29.829   -75.699
0096    47.7   754.8     18.53     86.4    2132   282     2.95      2.89      -.62     6     -.3    2127     0   0   0   0      29.829   -75.699
0097    48.2   755.4     18.57     86.3    2125   280     2.95      2.90      -.53     6     -.3    2120     0   0   0   0      29.829   -75.699
0098    48.7   756.1     18.62     86.2    2117   280     2.96      2.92      -.50     6     -.3    2113     0   0   0   0      29.829   -75.699
0099    49.2   756.7     18.66     86.0    2110   280     2.97      2.92      -.51     6     -.3    2106     0   0   0   0      29.829   -75.699
0100    49.7   757.3     18.71     85.9    2103   281     2.96      2.91      -.57     6     -.3    2099     0   0   0   0      29.829   -75.699
0101    50.2   757.9     18.75     85.7    2096   283     2.95      2.87      -.65     6     -.3    2092     3   3   3   0      29.829   -75.699
0102    50.7   758.6     18.80     85.5    2089   285     2.93      2.83      -.75     6     -.3    2085     0   0   0   0      29.829   -75.699
0103    51.2   759.2     18.84     85.3    2082   287     2.91      2.79      -.85     6     -.4    2077     0   0   0   0      29.829   -75.699
0104    51.7   759.8     18.89     85.1    2075   289     2.91      2.75      -.93     6     -.5    2070     0   0   0   3      29.829   -75.699
0105    52.2   760.5     18.93     85.0    2067   290     2.92      2.74     -1.00     6     -.5    2063     0   0   0   0      29.829   -75.699
0106    52.7   761.1     18.98     84.9    2060   291     2.94      2.74     -1.05     6     -.5    2055     0   0   0   0      29.829   -75.699
0107    53.2   761.8     19.03     84.8    2053   292     2.97      2.76     -1.09     6     -.6    2048     0   0   0   0      29.829   -75.699
0108    53.7   762.4     19.07     84.7    2045   292     3.00      2.78     -1.11     6     -.5    2041     0   0   0   3      29.829   -75.699
0109    54.2   763.1     19.11     84.6    2038   292     3.01      2.80     -1.11     6     -.5    2034     0   0   0   3      29.829   -75.699
0110    54.7   763.7     19.15     84.5    2031   291     3.01      2.80     -1.10     6     -.4    2026     0   0   0   0      29.829   -75.699
0111    55.2   764.3     19.18     84.5    2024   291     2.99      2.79     -1.08     6     -.4    2019     0   0   0   0      29.829   -75.699
0112    55.7   765.0     19.22     84.4    2016   291     2.96      2.78     -1.04     6     -.3    2012     0   0   0   0      29.829   -75.699
0113    56.2   765.6     19.25     84.3    2009   290     2.93      2.77      -.98     6     -.3    2005     0   0   0   0      29.829   -75.699
0114    56.7   766.2     19.27     84.3    2002   288     2.92      2.78      -.90     7     -.2    1998     0   0   0   0      29.829   -75.699
0115    57.2   766.9     19.30     84.3    1995   286     2.93      2.82      -.82     7     -.2    1991     0   0   0   0      29.829   -75.699
0116    57.7   767.5     19.32     84.2    1988   284     2.98      2.89      -.72     7     -.2    1984     0   0   0   0      29.829   -75.698
0117    58.2   768.1     19.34     84.2    1981   282     3.06      3.00      -.63     7     -.2    1977     0   0   0   0      29.829   -75.698
0118    58.7   768.7     19.37     84.3    1974   280     3.16      3.11      -.56     7     -.2    1970     0   0   0   0      29.829   -75.698
0119    59.2   769.4     19.39     84.4    1967   279     3.27      3.23      -.52     7     -.2    1962     0   0   0   0      29.829   -75.698
0120    59.7   770.0     19.42     84.6    1960   279     3.36      3.32      -.53     7     -.2    1955     0   0   0   0      29.829   -75.698
0121    60.2   770.6     19.43     85.0    1953   280     3.45      3.39      -.60     7     -.3    1948     0   0   0   0      29.829   -75.698
0122    60.7   771.3     19.45     85.6    1946   282     3.52      3.45      -.73     7     -.3    1941     0   0   0   3      29.829   -75.698
0123    61.2   771.9     19.46     86.3    1938   285     3.61      3.49      -.91     7     -.3    1934     0   0   0   3      29.829   -75.698
0124    61.7   772.5     19.47     87.0    1931   287     3.71      3.54     -1.10     7     -.3    1927     0   0   0   0      29.829   -75.698
0125    62.2   773.2     19.46     87.8    1924   290     3.83      3.61     -1.28     7     -.4    1920     0   0   0   0      29.829   -75.698
0126    62.7   773.8     19.46     88.5    1917   291     3.95      3.69     -1.42     7     -.4    1913     0   0   0   0      29.829   -75.698
0127    63.2   774.5     19.45     89.1    1910   291     4.07      3.79     -1.48     7     -.4    1905     0   0   0   3      29.829   -75.698
0128    63.7   775.1     19.45     89.4    1903   291     4.14      3.88     -1.46     7     -.4    1898     0   0   0   0      29.829   -75.698
0129    64.2   775.7     19.44     89.6    1895   289     4.17      3.94     -1.36     7     -.4    1891     0   0   0   0      29.829   -75.698
0130    64.7   776.4     19.44     89.6    1888   287     4.14      3.96     -1.21     7     -.4    1884     0   0   0   0      29.829   -75.698
0131    65.2   777.0     19.44     89.5    1881   285     4.07      3.93     -1.04     7     -.3    1877     0   0   0   0      29.829   -75.698
0132    65.7   777.7     19.44     89.3    1874   283     3.95      3.85      -.90     7     -.2    1870     0   0   0   0      29.829   -75.698
0133    66.2   778.3     19.44     89.2    1867   282     3.82      3.73      -.81     7     -.2    1863     0   0   0   0      29.829   -75.698
0134    66.7   778.9     19.45     89.0    1860   282     3.69      3.60      -.79     7     -.1    1856     0   0   0   3      29.829   -75.698
0135    67.2   779.6     19.46     88.9    1853   284     3.59      3.49      -.84     7     -.1    1849     0   0   0   3      29.829   -75.698
0136    67.7   780.2     19.48     88.8    1846   286     3.53      3.40      -.95     7     -.1    1842     0   0   0   0      29.829   -75.698
0137    68.2   780.8     19.49     88.7    1839   288     3.53      3.36     -1.07     7     -.1    1835     0   0   0   0      29.829   -75.698
0138    68.7   781.4     19.51     88.6    1832   289     3.56      3.36     -1.18     7     -.1    1828     0   0   0   0      29.829   -75.698
0139    69.2   782.1     19.54     88.5    1825   290     3.60      3.38     -1.26     7     -.1    1821     0   0   0   0      29.829   -75.698
0140    69.7   782.7     19.57     88.3    1818   291     3.64      3.41     -1.28     7     -.1    1814     0   0   0   0      29.829   -75.698
0141    70.2   783.3     19.60     88.2    1811   290     3.65      3.43     -1.25     7     -.1    1807     0   0   0   3      29.829   -75.698
0142    70.7   784.0     19.63     88.2    1804   289     3.62      3.42     -1.19     7     -.1    1800     0   0   0   0      29.829   -75.698
0143    71.2   784.6     19.66     88.2    1797   288     3.55      3.37     -1.12     6     -.2    1793     0   0   0   0      29.829   -75.698
0144    71.7   785.2     19.70     88.2    1790   288     3.46      3.29     -1.07     7     -.2    1786     0   0   0   0      29.829   -75.698
0145    72.2   785.9     19.73     88.4    1783   288     3.37      3.20     -1.05     7     -.2    1779     0   0   0   0      29.829   -75.698
0146    72.7   786.5     19.76     88.5    1776   289     3.28      3.11     -1.07     6     -.1    1772     0   0   0   0      29.829   -75.698
0147    73.2   787.1     19.79     88.7    1770   290     3.23      3.03     -1.12     6     -.1    1765     0   0   0   3      29.829   -75.698
0148    73.7   787.8     19.82     88.9    1763   292     3.22      2.99     -1.20     6     -.1    1758     0   0   0   0      29.829   -75.698
0149    74.2   788.4     19.85     89.2    1756   293     3.26      2.99     -1.29     6     -.1    1751     0   0   0   0      29.829   -75.698
0150    74.7   789.0     19.88     89.4    1749   295     3.34      3.03     -1.39     6     -.1    1744     0   0   0   0      29.829   -75.698
0151    75.2   789.7     19.92     89.6    1742   295     3.44      3.11     -1.48     6     -.1    1737     0   0   0   0      29.829   -75.698
0152    75.7   790.3     19.95     89.9    1735   296     3.57      3.21     -1.56     6      .0    1730     0   0   0   0      29.829   -75.698
0153    76.2   790.9     19.98     90.0    1728   296     3.70      3.32     -1.62     7      .1    1723     0   0   0   0      29.829   -75.698
0154    76.7   791.5     20.01     90.2    1721   296     3.82      3.43     -1.69     7      .1    1717     0   0   0   0      29.829   -75.698
0155    77.2   792.2     20.04     90.2    1714   296     3.91      3.50     -1.74     7      .2    1710     0   0   0   0      29.829   -75.698
0156    77.7   792.8     20.07     90.2    1707   297     3.97      3.55     -1.79     7      .2    1703     0   0   0   0      29.829   -75.698
0157    78.2   793.4     20.10     90.2    1701   297     4.00      3.55     -1.83     7      .2    1696     0   0   0   0      29.829   -75.698
0158    78.7   794.0     20.13     90.1    1694   298     3.99      3.52     -1.88     7      .2    1690     0   0   0   0      29.829   -75.698
0159    79.2   794.6     20.17     90.1    1687   299     3.96      3.46     -1.92     7      .2    1683     0   0   0   0      29.829   -75.698
0160    79.7   795.2     20.20     90.0    1681   300     3.92      3.39     -1.98     7      .1    1676     0   0   0   0      29.829   -75.698
0161    80.2   795.9     20.23     90.0    1674   302     3.89      3.31     -2.04     7      .0    1669     0   0   0   0      29.829   -75.698
0162    80.7   796.5     20.27     90.0    1667   303     3.87      3.25     -2.11     7     -.1    1662     0   0   0   0      29.829   -75.698
0163    81.2   797.1     20.30     90.0    1660   304     3.86      3.19     -2.17     7     -.2    1655     0   0   0   0      29.829   -75.698
0164    81.7   797.8     20.34     90.0    1653   305     3.86      3.16     -2.23     7     -.2    1648     0   0   0   0      29.829   -75.698
0165    82.2   798.4     20.37     90.0    1646   306     3.86      3.13     -2.25     7     -.3    1641     0   0   0   0      29.829   -75.698
0166    82.7   799.1     20.40     89.9    1639   306     3.82      3.11     -2.22     7     -.2    1634     0   0   0   0      29.829   -75.698
0167    83.2   799.7     20.43     89.8    1632   305     3.76      3.08     -2.15     7     -.2    1627     0   0   0   0      29.829   -75.698
0168    83.7   800.4     20.46     89.7    1625   304     3.65      3.04     -2.03     7     -.1    1620     0   0   0   0      29.829   -75.698
0169    84.2   801.0     20.48     89.6    1618   302     3.51      2.97     -1.88     7      .0    1613     0   0   0   3      29.829   -75.698
0170    84.7   801.6     20.50     89.6    1611   301     3.36      2.89     -1.72     7      .0    1607     0   0   0   3      29.829   -75.698
0171    85.2   802.3     20.52     89.6    1604   300     3.21      2.79     -1.58     7      .1    1600     0   0   0   0      29.829   -75.698
0172    85.7   802.9     20.54     89.7    1598   299     3.07      2.69     -1.48     7      .1    1593     0   0   0   3      29.829   -75.698
0173    86.2   803.5     20.56     89.8    1591   299     2.96      2.58     -1.44     7      .1    1586     0   0   0   0      29.829   -75.698
0174    86.7   804.1     20.58     89.9    1584   300     2.89      2.49     -1.46     7      .1    1580     3   3   3   0      29.829   -75.698
0175    87.2   804.8     20.61     90.0    1577   303     2.84      2.39     -1.53     7      .1    1573     0   0   0   0      29.829   -75.698
0176    87.7   805.4     20.63     90.1    1570   305     2.82      2.31     -1.62     7      .1    1566     0   0   0   0      29.829   -75.698
0177    88.2   806.0     20.66     90.2    1564   308     2.82      2.23     -1.73     7      .0    1559     0   0   0   0      29.829   -75.697
0178    88.7   806.7     20.68     90.2    1557   310     2.81      2.15     -1.81     7      .0    1552     0   0   0   3      29.829   -75.697
0179    89.2   807.3     20.71     90.2    1550   311     2.80      2.10     -1.86     7      .0    1546     0   0   0   0      29.829   -75.697
0180    89.7   807.9     20.74     90.2    1543   312     2.79      2.07     -1.86     7     -.1    1539     0   0   0   3      29.829   -75.697
0181    90.2   808.6     20.77     90.2    1536   311     2.78      2.08     -1.83     7     -.1    1532     0   0   0   3      29.829   -75.697
0182    90.7   809.2     20.80     90.3    1529   310     2.78      2.13     -1.78     7     -.1    1525     0   0   0   0      29.829   -75.697
0183    91.2   809.8     20.83     90.3    1522   308     2.80      2.21     -1.71     7     -.1    1518     0   0   0   0      29.829   -75.697
0184    91.7   810.5     20.87     90.4    1516   305     2.84      2.31     -1.64     7     -.1    1511     0   0   0   0      29.829   -75.697
0185    92.2   811.1     20.90     90.4    1509   304     2.88      2.40     -1.59     7     -.1    1504     0   0   0   0      29.829   -75.697
0186    92.7   811.8     20.94     90.3    1502   302     2.92      2.47     -1.56     7      .0    1497     0   0   0   3      29.829   -75.697
0187    93.2   812.4     20.98     90.2    1495   302     2.93      2.49     -1.55     7      .0    1491     0   0   0   3      29.829   -75.697
0188    93.7   813.0     21.02     90.1    1488   302     2.90      2.46     -1.54     7      .0    1484     0   0   0   0      29.829   -75.697
0189    94.2   813.7     21.06     90.0    1481   303     2.84      2.39     -1.54     6      .1    1477     0   0   0   0      29.829   -75.697
0190    94.7   814.3     21.10     90.0    1475   304     2.76      2.30     -1.53     6      .1    1470     0   0   0   0      29.829   -75.697
0191    95.2   814.9     21.14     90.0    1468   304     2.69      2.22     -1.51     7      .1    1464     0   0   0   0      29.829   -75.697
0192    95.7   815.5     21.17     90.0    1461   304     2.65      2.18     -1.50     6      .2    1457     0   0   0   0      29.829   -75.697
0193    96.2   816.2     21.20     90.1    1455   304     2.66      2.21     -1.48     7      .1    1450     0   0   0   0      29.829   -75.697
0194    96.7   816.8     21.23     90.2    1448   303     2.73      2.29     -1.48     7      .1    1444     0   0   0   0      29.829   -75.697
0195    97.2   817.4     21.26     90.4    1441   302     2.85      2.43     -1.49     7      .1    1437     0   0   0   0      29.829   -75.697
0196    97.7   818.1     21.28     90.4    1435   300     3.00      2.59     -1.52     7      .1    1430     0   0   0   0      29.829   -75.697
0197    98.2   818.7     21.31     90.4    1428   300     3.15      2.74     -1.55     7      .0    1423     0   0   0   0      29.829   -75.697
0198    98.7   819.3     21.34     90.2    1421   299     3.25      2.84     -1.58     7      .0    1417     0   0   0   0      29.829   -75.697
0199    99.2   820.0     21.37     90.0    1414   299     3.29      2.88     -1.59     7     -.1    1410     0   0   0   0      29.829   -75.697
0200    99.7   820.6     21.40     89.7    1407   299     3.25      2.85     -1.56     7     -.1    1403     0   0   0   0      29.829   -75.697
0201   100.2   821.3     21.43     89.3    1400   298     3.13      2.75     -1.49     7     -.2    1396     0   0   0   0      29.829   -75.697
0202   100.7   821.9     21.45     89.0    1394   298     2.96      2.62     -1.39     7     -.2    1389     0   0   0   0      29.829   -75.697
0203   101.2   822.6     21.48     88.8    1387   297     2.78      2.48     -1.27     7     -.3    1382     0   0   0   3      29.829   -75.697
0204   101.7   823.2     21.50     88.7    1380   296     2.63      2.37     -1.14     7     -.3    1375     0   0   0   0      29.829   -75.697
0205   102.2   823.9     21.52     88.7    1373   294     2.53      2.31     -1.04     7     -.4    1368     0   0   0   0      29.829   -75.697
0206   102.7   824.5     21.54     88.8    1366   293     2.50      2.31      -.97     7     -.4    1362     0   0   0   0      29.829   -75.697
0207   103.2   825.2     21.55     88.9    1359   292     2.54      2.36      -.95     7     -.3    1354     0   0   0   0      29.829   -75.697
0208   103.7   825.9     21.57     89.2    1352   292     2.63      2.44      -.98     6     -.3    1348     0   0   0   0      29.829   -75.697
0209   104.2   826.5     21.58     89.4    1345   292     2.74      2.53     -1.04     6     -.2    1341     0   0   0   0      29.829   -75.697
0210   104.7   827.2     21.60     89.5    1338   293     2.83      2.61     -1.11     7     -.1    1334     0   0   0   0      29.828   -75.697
0211   105.2   827.8     21.62     89.6    1331   294     2.90      2.65     -1.18     7     -.1    1327     0   0   0   3      29.828   -75.697
0212   105.7   828.4     21.64     89.7    1325   295     2.91      2.65     -1.21     7      .0    1320     0   0   0   0      29.828   -75.697
0213   106.2   829.1     21.66     89.8    1318   295     2.89      2.63     -1.20     7      .0    1314     0   0   0   0      29.828   -75.697
0214   106.7   829.7     21.68     89.9    1311   294     2.83      2.59     -1.14     7      .0    1307     0   0   0   0      29.828   -75.697
0215   107.2   830.3     21.70     90.0    1305   292     2.76      2.56     -1.03     7      .0    1300     0   0   0   0      29.828   -75.697
0216   107.7   831.0     21.72     90.2    1298   289     2.69      2.54      -.90     7      .0    1294     0   0   0   0      29.828   -75.697
0217   108.2   831.6     21.74     90.5    1291   287     2.64      2.53      -.75     7     -.1    1287     0   0   0   0      29.828   -75.697
0218   108.7   832.3     21.75     90.9    1284   284     2.61      2.54      -.62     7     -.1    1280     0   0   0   0      29.828   -75.697
0219   109.2   832.9     21.76     91.2    1277   282     2.60      2.55      -.52     7      .0    1273     0   0   0   0      29.828   -75.697
0220   109.7   833.6     21.77     91.6    1271   280     2.60      2.55      -.46     7      .0    1266     0   0   0   0      29.828   -75.697
0221   110.2   834.2     21.77     91.9    1264   280     2.59      2.55      -.45     7      .1    1259     0   0   0   0      29.828   -75.697
0222   110.7   834.9     21.77     92.1    1257   281     2.58      2.53      -.47     7      .2    1253     0   0   0   3      29.828   -75.697
0223   111.2   835.5     21.78     92.3    1251   282     2.57      2.51      -.52     7      .2    1246     0   0   0   0      29.828   -75.697
0224   111.7   836.1     21.79     92.4    1244   283     2.57      2.50      -.59     7      .2    1240     0   0   0   0      29.828   -75.697
0225   112.2   836.7     21.79     92.4    1238   285     2.57      2.49      -.65     7      .2    1233     0   0   0   3      29.828   -75.697
0226   112.7   837.4     21.81     92.4    1231   286     2.59      2.49      -.71     7      .1    1227     0   0   0   0      29.828   -75.697
0227   113.2   838.0     21.82     92.4    1224   286     2.60      2.49      -.74     7      .1    1220     0   0   0   3      29.828   -75.697
0228   113.7   838.7     21.84     92.3    1218   287     2.60      2.49      -.75     7      .0    1213     0   0   0   0      29.828   -75.697
0229   114.2   839.3     21.86     92.3    1211   287     2.58      2.47      -.73     7      .0    1207     0   0   0   0      29.828   -75.697
0230   114.7   840.0     21.88     92.3    1204   286     2.53      2.44      -.70     7     -.1    1200     0   0   0   3      29.828   -75.697
0231   115.2   840.6     21.90     92.5    1197   285     2.47      2.38      -.64     7      .0    1193     0   0   0   3      29.828   -75.697
0232   115.7   841.3     21.92     92.7    1191   284     2.38      2.31      -.58     7      .0    1186     0   0   0   0      29.828   -75.697
0233   116.2   841.9     21.93     93.1    1184   283     2.30      2.24      -.53     7      .0    1180     0   0   0   0      29.828   -75.697
0234   116.7   842.5     21.94     93.5    1177   282     2.23      2.18      -.48     7      .1    1173     0   0   0   0      29.828   -75.697
0235   117.2   843.2     21.95     93.9    1171   282     2.18      2.13      -.45     7      .1    1166     0   0   0   0      29.828   -75.697
0236   117.7   843.8     21.95     94.3    1164   282     2.15      2.10      -.45     7      .1    1160     0   0   0   0      29.828   -75.697
0237   118.2   844.5     21.96     94.6    1158   282     2.14      2.09      -.46     7      .1    1153     0   0   0   0      29.828   -75.697
0238   118.7   845.1     21.97     94.8    1151   283     2.14      2.09      -.49     6      .1    1146     0   0   0   0      29.828   -75.697
0239   119.2   845.7     21.98     94.8    1144   284     2.15      2.08      -.51     6      .0    1140     0   0   0   0      29.828   -75.697
0240   119.7   846.4     22.00     94.7    1137   284     2.14      2.08      -.53     7      .0    1133     0   0   0   0      29.828   -75.697
0241   120.2   847.0     22.02     94.6    1131   284     2.14      2.07      -.53     7      .0    1126     0   0   0   0      29.828   -75.697
0242   120.7   847.7     22.04     94.4    1124   284     2.12      2.06      -.50     7      .1    1120     0   0   0   0      29.828   -75.697
0243   121.2   848.3     22.07     94.3    1117   282     2.10      2.05      -.45     7      .1    1113     0   0   0   3      29.828   -75.697
0244   121.7   849.0     22.10     94.3    1111   281     2.08      2.05      -.39     7      .2    1106     0   0   0   0      29.828   -75.697
0245   122.2   849.6     22.12     94.3    1104   279     2.07      2.04      -.32     7      .3    1100     0   0   0   0      29.828   -75.697
0246   122.7   850.2     22.14     94.5    1098   277     2.05      2.03      -.26     7      .4    1093     0   0   0   0      29.828   -75.697
0247   123.2   850.9     22.15     94.8    1091   276     2.02      2.01      -.21     7      .4    1087     0   0   0   0      29.828   -75.697
0248   123.7   851.5     22.16     95.2    1085   275     1.98      1.97      -.18     7      .4    1081     0   0   0   0      29.828   -75.697
0249   124.2   852.1     22.17     95.5    1079   275     1.93      1.92      -.16     7      .5    1074     0   0   0   0      29.828   -75.697
0250   124.7   852.7     22.18     95.8    1072   275     1.88      1.88      -.16     7      .5    1068     0   0   0   0      29.828   -75.697
0251   125.2   853.4     22.19     96.1    1066   275     1.84      1.84      -.17     7      .5    1061     0   0   0   0      29.828   -75.697
0252   125.7   854.0     22.21     96.3    1059   276     1.83      1.82      -.19     7      .5    1055     0   0   0   0      29.828   -75.697
0253   126.2   854.6     22.22     96.4    1053   276     1.83      1.82      -.21     7      .6    1048     0   0   0   0      29.828   -75.697
0254   126.7   855.2     22.24     96.5    1046   277     1.85      1.83      -.23     7      .6    1042     0   0   0   0      29.828   -75.697
0255   127.2   855.9     22.26     96.6    1040   278     1.86      1.85      -.26     7      .6    1036     0   0   0   0      29.828   -75.697
0256   127.7   856.5     22.28     96.6    1034   279     1.87      1.85      -.29     7      .6    1029     0   0   0   3      29.828   -75.697
0257   128.2   857.1     22.30     96.7    1028   280     1.84      1.81      -.32     7      .6    1023     0   0   0   0      29.828   -75.697
0258   128.7   857.7     22.32     96.7    1021   282     1.78      1.74      -.36     7      .6    1017     0   0   0   0      29.828   -75.697
0259   129.2   858.3     22.34     96.8    1015   284     1.68      1.63      -.40     7      .6    1011     0   0   0   0      29.828   -75.696
0260   129.7   858.9     22.36     96.9    1009   287     1.57      1.50      -.45     7      .5    1004     0   0   0   0      29.828   -75.696
0261   130.2   859.6     22.38     96.9    1002   289     1.46      1.37      -.48     6      .4     998     0   0   0   0      29.828   -75.696
0262   130.7   860.2     22.40     97.0     996   292     1.37      1.27      -.51     6      .4     991     0   0   0   0      29.828   -75.696
0263   131.2   860.9     22.42     97.0     989   294     1.31      1.20      -.53     7      .3     985     0   0   0   0      29.828   -75.696
0264   131.7   861.5     22.44     97.1     983   295     1.29      1.18      -.54     7      .2     978     0   0   0   0      29.828   -75.696
0265   132.2   862.1     22.47     97.1     976   294     1.31      1.19      -.53     7      .2     972     0   0   0   0      29.828   -75.696
0266   132.7   862.8     22.50     97.2     970   292     1.35      1.25      -.51     7      .2     965     0   0   0   0      29.828   -75.696
0267   133.2   863.4     22.53     97.2     963   291     1.40      1.31      -.49     7      .1     959     0   0   0   0      29.828   -75.696
0268   133.7   864.1     22.56     97.3     957   289     1.46      1.38      -.48     7      .1     952     0   0   0   0      29.828   -75.696
0269   134.2   864.7     22.59     97.3     950   288     1.51      1.44      -.47     7      .0     946     0   0   0   0      29.828   -75.696
0270   134.7   865.4     22.62     97.3     943   288     1.56      1.48      -.48     7      .0     939     0   0   0   0      29.828   -75.696
0271   135.2   866.0     22.65     97.3     937   289     1.60      1.51      -.51     7      .0     932     0   0   0   0      29.828   -75.696
0272   135.7   866.7     22.68     97.2     930   290     1.62      1.53      -.55     7     -.1     926     0   0   0   0      29.828   -75.696
0273   136.2   867.3     22.71     97.2     924   291     1.64      1.53      -.60     7     -.1     919     0   0   0   0      29.828   -75.696
0274   136.7   868.0     22.74     97.1     917   293     1.65      1.52      -.64     7     -.1     912     0   0   0   0      29.828   -75.696
0275   137.2   868.7     22.77     97.0     910   294     1.65      1.50      -.68     7     -.1     906     0   0   0   0      29.828   -75.696
0276   137.7   869.3     22.80     96.9     904   296     1.64      1.47      -.71     7     -.1     899     0   0   0   0      29.828   -75.696
0277   138.2   870.0     22.83     96.9     897   297     1.61      1.44      -.72     7     -.2     893     0   0   0   0      29.828   -75.696
0278   138.7   870.6     22.87     96.9     890   298     1.57      1.40      -.73     7     -.2     886     0   0   0   0      29.828   -75.696
0279   139.2   871.3     22.91     96.9     884   298     1.53      1.35      -.72     7     -.2     879     0   0   0   0      29.828   -75.696
0280   139.7   872.0     22.95     97.0     877   298     1.47      1.29      -.70     7     -.2     872     0   0   0   0      29.828   -75.696
0281   140.2   872.6     23.00     97.1     870   298     1.40      1.23      -.66     7     -.1     866     0   0   0   0      29.828   -75.696
0282   140.7   873.3     23.05     97.2     863   298     1.33      1.17      -.62     7     -.1     859     0   0   0   0      29.828   -75.696
0283   141.2   874.0     23.09     97.3     857   297     1.25      1.11      -.57     7     -.1     852     0   0   0   0      29.828   -75.696
0284   141.7   874.6     23.13     97.4     850   296     1.17      1.05      -.52     7      .0     846     0   0   0   0      29.828   -75.696
0285   142.2   875.3     23.17     97.4     844   295     1.12      1.01      -.47     7      .0     839     0   0   0   0      29.828   -75.696
0286   142.7   875.9     23.20     97.5     837   294     1.09       .99      -.44     7      .0     833     0   0   0   0      29.828   -75.696
0287   143.2   876.6     23.23     97.5     831   293     1.10      1.02      -.43     7      .0     826     0   0   0   0      29.828   -75.696
0288   143.7   877.2     23.26     97.6     824   292     1.17      1.08      -.44     7      .1     820     0   0   0   0      29.828   -75.696
0289   144.2   877.9     23.29     97.7     817   291     1.27      1.19      -.45     7      .1     813     0   0   0   0      29.828   -75.696
0290   144.7   878.5     23.33     97.8     811   289     1.40      1.32      -.46     7      .2     807     0   0   0   0      29.828   -75.696
0291   145.2   879.2     23.38     98.0     804   288     1.52      1.45      -.46     7      .3     800     0   0   0   0      29.828   -75.696
0292   145.7   879.8     23.45     98.3     798   285     1.61      1.55      -.43     7      .4     794     0   0   0   0      29.828   -75.696
0293   146.2   880.5     23.52     98.5     792   283     1.63      1.59      -.36     7      .6     787     0   0   0   0      29.828   -75.696
0294   146.7   881.1     23.60     98.7     785   280     1.58      1.56      -.27     7      .7     781     0   0   0   0      29.828   -75.696
0295   147.2   881.7     23.68     98.8     779   276     1.45      1.44      -.16     7      .9     775     0   0   0   0      29.828   -75.696
0296   147.7   882.3     23.76     98.9     773   273     1.27      1.27      -.07     7     1.0     769     0   0   0   0      29.828   -75.696
0297   148.2   882.9     23.82     98.9     767   271     1.08      1.08      -.01     7     1.0     763     0   0   0   0      29.828   -75.696
0298   148.7   883.5     23.87     98.9     761   270      .92       .92       .00     7     1.1     757     0   0   0   0      29.828   -75.696
0299   149.2   884.1     23.91     98.8     755   273      .83       .83      -.04     7     1.0     751     0   0   0   0      29.828   -75.696
0300   149.7   884.7     23.95     98.8     749   279      .85       .84      -.13     7     1.0     745     0   0   0   0      29.828   -75.696
0301   150.2   885.3     23.98     98.8     743   285      .97       .94      -.25     7     1.0     739     0   0   0   0      29.828   -75.696
0302   150.7   885.9     24.01     98.8     737   289     1.17      1.11      -.38     7     1.0     733     0   0   0   0      29.828   -75.696
0303   151.2   886.5     24.04     98.9     731   292     1.38      1.28      -.51     7     1.0     727     0   0   0   0      29.828   -75.696
0304   151.7   887.2     24.07     99.0     725   294     1.54      1.41      -.62     7     1.0     721     0   0   0   0      29.828   -75.696
0305   152.2   887.8     24.10     99.0     719   296     1.60      1.43      -.70     7     1.0     714     0   0   0   0      29.828   -75.696
0306   152.7   888.4     24.12     99.0     713   299     1.54      1.34      -.75     7     1.0     708     0   0   0   0      29.828   -75.696
0307   153.2   889.0     24.14     99.0     707   305     1.38      1.14      -.78     7     1.1     703     0   0   0   0      29.828   -75.696
0308   153.7   889.6     24.16     98.9     701   312     1.16       .87      -.78     7     1.1     697     0   0   0   0      29.828   -75.696
0309   154.2   890.2     24.16     98.9     695   322      .95       .59      -.75     7     1.1     691     0   0   0   0      29.828   -75.696
0310   154.7   890.8     24.17     98.9     689   331      .79       .38      -.69     7     1.1     685     0   0   0   0      29.828   -75.696
0311   155.2   891.4     24.18     98.9     683   336      .67       .27      -.61     7     1.1     679     0   0   0   0      29.828   -75.696
0312   155.7   892.0     24.20     99.0     677   332      .60       .28      -.53     7     1.2     673     0   0   0   0      29.828   -75.696
0313   156.2   892.6     24.23     99.1     671   319      .60       .40      -.45     7     1.3     667     0   0   0   0      29.828   -75.696
0314   156.7   893.2     24.26     99.2     665   304      .70       .58      -.39     7     1.4     661     0   0   0   0      29.828   -75.696
0315   157.2   893.8     24.31     99.3     659   296      .86       .78      -.37     7     1.4     655     0   0   0   0      29.828   -75.696
0316   157.7   894.4     24.35     99.4     654   293     1.02       .94      -.40     7     1.5     649     0   0   0   0      29.828   -75.696
0317   158.2   895.0     24.40     99.4     648   294     1.14      1.05      -.46     7     1.6     643     0   0   0   0      29.828   -75.696
0318   158.7   895.5     24.43     99.4     642   296     1.21      1.09      -.54     7     1.6     638     0   0   0   0      29.828   -75.696
0319   159.2   896.1     24.46     99.4     637   300     1.24      1.07      -.62     7     1.6     632     0   0   0   0      29.828   -75.696
0320   159.7   896.7     24.49     99.4     631   303     1.24      1.04      -.67     7     1.6     626     0   0   0   0      29.828   -75.696
0321   160.2   897.3     24.51     99.4     625   305     1.22      1.00      -.70     7     1.6     621     0   0   0   0      29.828   -75.696
0322   160.7   897.8     24.53     99.4     619   305     1.22      1.00      -.69     7     1.6     615     0   0   0   0      29.828   -75.696
0323   161.2   898.4     24.54     99.4     614   303     1.23      1.03      -.67     7     1.6     609     0   0   0   0      29.828   -75.696
0324   161.7   899.0     24.56     99.4     608   300     1.26      1.09      -.64     7     1.6     604     0   0   0   0      29.828   -75.696
0325   162.2   899.6     24.58     99.4     602   298     1.32      1.17      -.62     7     1.6     598     0   0   0   0      29.828   -75.696
0326   162.7   900.2     24.60     99.4     597   296     1.39      1.24      -.62     7     1.6     592     0   0   0   0      29.828   -75.696
0327   163.2   900.7     24.62     99.4     591   296     1.45      1.30      -.63     7     1.6     587     0   0   0   0      29.828   -75.696
0328   163.7   901.3     24.63     99.4     585   296     1.49      1.34      -.65     7     1.6     581     0   0   0   0      29.828   -75.696
0329   164.2   901.9     24.64     99.4     580   296     1.49      1.34      -.65     7     1.5     575     0   0   0   0      29.828   -75.696
0330   164.7   902.5     24.65     99.4     574   295     1.45      1.32      -.61     6     1.4     569     0   0   0   0      29.828   -75.696
0331   165.2   903.1     24.67     99.4     568   292     1.38      1.27      -.52     6     1.3     564     0   0   0   0      29.828   -75.696
0332   165.7   903.7     24.68     99.5     562   288     1.27      1.20      -.39     6     1.1     558     0   0   0   0      29.828   -75.696
0333   166.2   904.3     24.70     99.5     556   281     1.15      1.12      -.22     6     1.0     552     0   0   0   0      29.828   -75.696
0334   166.7   904.9     24.72     99.6     550   272     1.04      1.04      -.03     6      .9     546     0   0   0   0      29.828   -75.696
0335   167.2   905.5     24.74     99.6     544   260      .97       .96       .17     6      .9     540     0   0   0   0      29.828   -75.696
0336   167.7   906.2     24.76     99.6     538   249      .96       .89       .35     6      .8     534     0   0   0   0      29.828   -75.696
0337   168.2   906.8     24.77     99.6     532   240      .99       .85       .50     6      .8     527     0   0   0   0      29.828   -75.696
0338   168.7   907.4     24.77     99.6     526   234     1.04       .84       .61     7      .7     521     0   0   0   0      29.828   -75.696
0339   169.2   908.0     24.77     99.5     520   232     1.10       .87       .68     7      .6     515     0   0   0   0      29.828   -75.696
0340   169.7   908.7     24.77     99.5     514   233     1.15       .93       .69     7      .6     509     0   0   0   0      29.828   -75.696
0341   170.2   909.3     24.76     99.5     507   238     1.19      1.01       .63     7      .5     503     0   0   0   0      29.828   -75.696
0342   170.7   909.9     24.76     99.6     501   245     1.23      1.12       .51     7      .4     497     0   0   0   0      29.828   -75.696
0343   171.2   910.6     24.77     99.6     495   255     1.28      1.24       .34     7      .4     490     0   0   0   0      29.828   -75.696
0344   171.7   911.3     24.78     99.7     488   265     1.37      1.37       .12     7      .3     484     0   0   0   0      29.828   -75.696
0345   172.2   911.9     24.80     99.8     482   274     1.51      1.51      -.10     7      .3     478     0   0   0   0      29.828   -75.696
0346   172.7   912.6     24.83     99.8     476   280     1.67      1.65      -.29     7      .2     471     0   0   0   0      29.828   -75.696
0347   173.2   913.2     24.85     99.8     469   283     1.83      1.79      -.40     7      .2     465     0   0   0   0      29.828   -75.696
0348   173.7   913.9     24.87     99.8     463   282     1.95      1.91      -.41     7      .1     459     0   0   0   0      29.828   -75.696
0349   174.2   914.5     24.89     99.8     457   278     2.03      2.01      -.30     7      .1     452     0   0   0   0      29.828   -75.696
0350   174.7   915.2     24.89     99.7     450   272     2.07      2.07      -.08     7      .0     446     0   0   0   0      29.828   -75.696
0351   175.2   915.9     24.88     99.7     444   264     2.10      2.09       .22     7     -.1     439     0   0   0   0      29.828   -75.696
0352   175.7   916.5     24.87     99.6     437   255     2.15      2.08       .55     7     -.2     433     0   0   0   0      29.828   -75.696
0353   176.2   917.2     24.85     99.5     431   247     2.23      2.05       .89     7     -.3     426     0   0   0   0      29.828   -75.696
0354   176.7   917.9     24.83     99.4     424   240     2.32      2.00      1.18     7     -.3     420     0   0   0   0      29.828   -75.696
0355   177.2   918.6     24.82     99.3     417   234     2.42      1.96      1.41     6     -.3     413     0   0   0   0      29.828   -75.696
0356   177.7   919.3     24.81     99.2     411   231     2.50      1.94      1.57     6     -.4     406     0   0   0   0      29.828   -75.696
0357   178.2   920.0     24.82     99.0     404   229     2.56      1.93      1.68     6     -.4     400     0   0   0   0      29.828   -75.696
0358   178.7   920.7     24.83     98.9     398   228     2.60      1.94      1.73     7     -.4     393     0   0   0   0      29.828   -75.696
0359   179.2   921.4     24.84     98.8     391   228     2.62      1.95      1.75     7     -.4     387     0   0   0   0      29.828   -75.696
0360   179.7   922.0     24.87     98.7     384   228     2.64      1.98      1.75     7     -.4     380     0   0   0   0      29.828   -75.696
0361   180.2   922.7     24.90     98.6     378   229     2.65      2.01      1.73     7     -.4     373     0   0   0   0      29.828   -75.696
0362   180.7   923.4     24.93     98.5     371   230     2.67      2.05      1.70     7     -.4     367     0   0   0   0      29.828   -75.696
0363   181.2   924.1     24.96     98.5     364   232     2.69      2.13      1.65     7     -.4     360     0   0   0   0      29.828   -75.696
0364   181.7   924.8     24.99     98.4     358   235     2.73      2.23      1.57     7     -.4     353     0   0   0   0      29.828   -75.696
0365   182.2   925.5     25.02     98.4     351   238     2.79      2.38      1.46     7     -.4     347     0   0   0   0      29.828   -75.696
0366   182.7   926.2     25.05     98.3     345   242     2.87      2.54      1.33     7     -.4     340     0   0   0   0      29.828   -75.696
0367   183.2   926.9     25.09     98.2     338   246     2.96      2.71      1.19     7     -.4     334     0   0   0   0      29.828   -75.696
0368   183.7   927.6     25.12     98.1     331   250     3.03      2.85      1.04     7     -.4     327     0   0   0   0      29.828   -75.696
0369   184.2   928.3     25.16     98.0     325   253     3.08      2.94       .90     7     -.5     320     0   0   0   0      29.828   -75.696
0370   184.7   929.0     25.21     97.9     318   255     3.07      2.97       .78     7     -.5     314     0   0   0   0      29.828   -75.696
0371   185.2   929.7     25.25     97.7     311   257     3.01      2.93       .69     7     -.5     307     0   0   0   0      29.828   -75.696
0372   185.7   930.4     25.30     97.6     305   257     2.92      2.85       .64     6     -.5     300     0   0   0   0      29.828   -75.696
0373   186.2   931.1     25.35     97.4     298   257     2.82      2.75       .63     7     -.4     294     0   0   0   0      29.828   -75.696
0374   186.7   931.8     25.39     97.3     291   256     2.73      2.65       .67     6     -.4     287     0   0   0   0      29.828   -75.696
0375   187.2   932.5     25.44     97.1     285   254     2.69      2.58       .74     7     -.3     280     0   0   0   0      29.828   -75.696
0376   187.7   933.2     25.47     96.9     278   252     2.68      2.55       .83     7     -.2     274     0   0   0   0      29.828   -75.696
0377   188.2   933.9     25.50     96.8     272   250     2.72      2.56       .94     7     -.2     267     0   0   0   0      29.828   -75.696
0378   188.7   934.5     25.53     96.7     265   248     2.79      2.59      1.04     7     -.1     261     0   0   0   0      29.828   -75.696
0379   189.2   935.2     25.56     96.6     259   247     2.87      2.63      1.14     7     -.1     255     0   0   0   0      29.828   -75.696
0380   189.7   935.9     25.58     96.6     253   246     2.94      2.69      1.21     7      .0     248     0   0   0   0      29.828   -75.695
0381   190.2   936.6     25.61     96.6     246   245     3.01      2.74      1.25     7      .0     242     0   0   0   0      29.828   -75.695
0382   190.7   937.2     25.63     96.6     240   245     3.07      2.79      1.28     7      .0     235     0   0   0   0      29.828   -75.695
0383   191.2   937.9     25.66     96.6     233   246     3.12      2.85      1.28     7      .0     229     0   0   0   0      29.828   -75.695
0384   191.7   938.6     25.68     96.6     227   247     3.19      2.93      1.27     7      .0     222     0   0   0   0      29.828   -75.695
0385   192.2   939.3     25.71     96.7     221   247     3.26      3.01      1.25     7      .0     216     0   0   0   0      29.828   -75.695
0386   192.7   939.9     25.73     96.7     214   248     3.34      3.09      1.25     7      .0     210     0   0   0   0      29.828   -75.695
0387   193.2   940.6     25.76     96.8     208   248     3.41      3.17      1.26     7      .0     203     0   0   0   0      29.828   -75.695
0388   193.7   941.3     25.78     96.9     201   248     3.46      3.21      1.29     7      .1     197     0   0   0   0      29.828   -75.695
0389   194.2   942.0     25.80     97.0     195   248     3.49      3.23      1.33     7      .1     191     0   0   0   0      29.828   -75.695
0390   194.7   942.6     25.82     97.0     189   247     3.49      3.21      1.39     7      .1     184     0   0   0   0      29.828   -75.695
0391   195.2   943.3     25.84     97.0     182   245     3.48      3.16      1.44     7      .1     178     0   0   0   0      29.828   -75.695
0392   195.7   944.0     25.86     97.0     176   244     3.45      3.11      1.50     7      .1     172     0   0   0   0      29.828   -75.695
0393   196.2   944.7     25.88     97.0     170   243     3.44      3.08      1.55     7      .1     165     0   0   0   0      29.828   -75.695
0394   196.7   945.3     25.91     96.9     164   243     3.46      3.07      1.58     7      .1     159     0   0   0   0      29.828   -75.695
0395   197.2   946.0     25.94     96.8     157   243     3.50      3.11      1.60     7      .1     153     0   0   0   0      29.828   -75.695
0396   197.7   946.7     25.97     96.7     151   243     3.57      3.19      1.60     7      .2     147     0   0   0   0      29.828   -75.695
0397   198.2   947.3     26.01     96.7     145   244     3.66      3.29      1.61     7      .2     140     0   0   0   0      29.828   -75.695
0398   198.7   948.0     26.05     96.6     138   245     3.76      3.39      1.62     7      .3     134     0   0   0   0      29.828   -75.695
0399   199.2   948.7     26.08     96.6     132   245     3.84      3.47      1.64     7      .3     128     0   0   0   0      29.829   -75.695
0400   199.7   949.3     26.12     96.6     126   244     3.91      3.53      1.69     6      .4     122     0   0   0   0      29.829   -75.695
0401   200.2   950.0     26.16     96.6     120   244     3.96      3.55      1.77     7      .4     115     0   0   0   0      29.829   -75.695
0402   200.7   950.6     26.19     96.6     114   242     4.00      3.55      1.85     7      .4     109     0   0   0   0      29.829   -75.695
0403   201.2   951.3     26.22     96.6     108   241     4.04      3.54      1.93     7      .4     103     0   0   0   0      29.829   -75.695
0404   201.7   951.9     26.25     96.5     102   240     4.07      3.54      2.01     7      .3      97     0   0   0   0      29.829   -75.695
0405   202.2   952.6     26.28     96.4      95   240     4.10      3.55      2.05     7      .2      91     0   0   0   0      29.829   -75.695
0406   202.7   953.3     26.31     96.3      89   240     4.13      3.57      2.07     7      .1      85     0   0   0   0      29.829   -75.695
0407   203.2   953.9     26.35     96.2      83   240     4.15      3.60      2.06     7      .0      79     0   0   0   0      29.829   -75.695
0408   203.7   954.6     26.38     96.2      77   241     4.14      3.61      2.02     7     -.2      72     0   0   0   0      29.829   -75.695
0409   204.2   955.3     26.42     96.1      70   241     4.11      3.60      1.97     7     -.4      66     0   0   0   0      29.829   -75.695
0410   204.7   956.0     26.46     96.1      64   242     4.05      3.56      1.93     7     -.5      59     0   0   0   0      29.829   -75.695
0411   205.2   956.7     26.50     96.2      57   241     3.99      3.50      1.91     7     -.6      52     0   0   0   0      29.829   -75.695
0412   205.7   957.5     26.53     96.3      50   240     3.91      3.40      1.93     7     -.7      46     0   0   0   0      29.829   -75.695
0413   206.2   958.2     26.57     96.5      43   239     3.84      3.29      1.98     7     -.8      39     0   0   0   0      29.829   -75.695
0414   206.7   958.9     26.61     96.7      37   237     3.77      3.15      2.08     7    -1.0      32     0   0   0   0      29.829   -75.695
0415   207.2   959.7     26.64     97.0      30   233     3.73      2.98      2.25     7    -1.0      25     0   0   0   0      29.829   -75.695
0416   207.7   960.4     26.68     97.1      23   228     3.76      2.79      2.52     7    -1.1      19     0   0   0   0      29.829   -75.695
0417   208.2   961.1     26.70     97.2      16   221     3.87      2.54      2.92     7    -1.1      12     0   0   0   0      29.829   -75.695
0418   208.7   961.9     26.73     97.1       9   214     3.99      2.21      3.32     6    -1.1       5     0   0   0   0      29.829   -75.695
