 ===========================================================================
 DROPWINDSONDE PROCESSING RECORD                            Sonde: 062049215
 FRD file written by Aspen V3.4.8, 07 Jul 2023 19:23 UTC
 Aircraft: WP-3D, N43RF                      Date: 080815   Time: 073727 UTC
 ---------------------------------------------------------------------------
 Bias corrections:  PR =   0.0 mb  TE =   0.0 C  RH =   0.0 %  PRB =  0.0 mb
 Filters (LPF):     PTH = 
 Dyn RH correction = 
 Estimated PR used = 
 Dyn T correction  = 
 ---------------------------------------------------------------------------
 COMMENT: none, Good Drop
 ===========================================================================

 ===========================================================================
 Date: 080815   Lat:  17.42 N   TA:    5.0 C   PS:  641.3 mb   WD:   241 deg
 Time: 073727   Lon:  66.38 W   TD:    3.6 C   GA:   3893 m    WS:   6.6 m/s
 SID:  062049215                RH:   90.7 %   Navaid:   GP
 ===========================================================================

IX      t (s)  P (mb)    T (C)    RH (%)  Z (m)   WD    WS (m/s)   U (m/s)   V (m/s)  NS  WZ (m/s)  ZW (m)   FP  FT  FH  FW    LAT (N)   LON (E)
0001    0.00  -999.0   -999.00   -999.0    -999  -999  -999.00   -999.00   -999.00     7  -999.0    -999     0   0   0   0      17.421   -66.383
0002    0.50  -999.0   -999.00   -999.0    -999  -999  -999.00   -999.00   -999.00     7  -999.0    -999     0   0   0   0      17.422   -66.384
0003    1.00  -999.0   -999.00   -999.0    -999  -999  -999.00   -999.00   -999.00     7  -999.0    -999     0   0   0   0      17.422   -66.384
0004    1.50  -999.0   -999.00   -999.0    -999  -999  -999.00   -999.00   -999.00     8  -999.0    -999     0   0   0   0      17.422   -66.384
0005    2.00  -999.0   -999.00   -999.0    -999  -999  -999.00   -999.00   -999.00     9  -999.0    -999     0   0   0   0      17.422   -66.384
0006    2.50  -999.0   -999.00   -999.0    -999  -999  -999.00   -999.00   -999.00     9  -999.0    -999     0   0   0   0      17.422   -66.383
0007    3.00  -999.0   -999.00   -999.0    -999  -999  -999.00   -999.00   -999.00    10  -999.0    -999     0   0   0   0      17.422   -66.383
0008    3.50  -999.0   -999.00   -999.0    -999  -999  -999.00   -999.00   -999.00    10  -999.0    -999     0   0   0   0      17.422   -66.383
0009    4.00  -999.0   -999.00   -999.0    -999  -999  -999.00   -999.00   -999.00    11  -999.0    -999     0   0   0   0      17.422   -66.383
0010    4.50  -999.0   -999.00   -999.0    -999  -999  -999.00   -999.00   -999.00    11  -999.0    -999     0   0   0   0      17.422   -66.383
0011    5.00  -999.0   -999.00   -999.0    -999  -999  -999.00   -999.00   -999.00    11  -999.0    -999     0   0   0   0      17.422   -66.383
0012    5.50  -999.0   -999.00   -999.0    -999  -999  -999.00   -999.00   -999.00    11  -999.0    -999     0   0   0   0      17.422   -66.383
0013    6.00  -999.0   -999.00   -999.0    -999  -999  -999.00   -999.00   -999.00    11  -999.0    -999     0   0   0   0      17.422   -66.383
0014    6.50  -999.0   -999.00   -999.0    -999  -999  -999.00   -999.00   -999.00    11  -999.0    -999     0   0   0   0      17.422   -66.383
0015    7.00  -999.0   -999.00   -999.0    -999  -999  -999.00   -999.00   -999.00    11  -999.0    -999     0   0   0   0      17.422   -66.383
0016    7.50  -999.0   -999.00   -999.0    -999  -999  -999.00   -999.00   -999.00    11  -999.0    -999     0   0   0   0      17.422   -66.383
0017    8.00  -999.0   -999.00   -999.0    -999  -999  -999.00   -999.00   -999.00    11  -999.0    -999     0   0   0   0      17.422   -66.383
0018    8.50  -999.0   -999.00   -999.0    -999  -999  -999.00   -999.00   -999.00    11  -999.0    -999     0   0   0   0      17.422   -66.383
0019    9.00  -999.0   -999.00   -999.0    -999  -999  -999.00   -999.00   -999.00    11  -999.0    -999     0   0   0   0      17.422   -66.383
0020    9.50  -999.0   -999.00   -999.0    -999  -999  -999.00   -999.00   -999.00    11  -999.0    -999     0   0   0   0      17.422   -66.383
0021   10.00  -999.0   -999.00   -999.0    -999   220     6.98      4.53      5.31    12  -999.0    -999     0   0   0   0      17.422   -66.383
0022   10.50  -999.0   -999.00   -999.0    -999   220     6.99      4.49      5.36    12  -999.0    -999     0   0   0   0      17.422   -66.383
0023   11.00  -999.0   -999.00   -999.0    -999   220     7.00      4.46      5.40    12  -999.0    -999     0   0   0   0      17.422   -66.383
0024   11.50  -999.0   -999.00   -999.0    -999   219     7.01      4.43      5.44    12  -999.0    -999     0   0   0   0      17.422   -66.383
0025   12.00  -999.0   -999.00   -999.0    -999   219     7.02      4.40      5.47    12  -999.0    -999     0   0   0   0      17.422   -66.383
0026   12.50  -999.0   -999.00   -999.0    -999   218     7.03      4.36      5.51    12  -999.0    -999     0   0   0   0      17.422   -66.383
0027   13.00  -999.0   -999.00   -999.0    -999   218     7.04      4.33      5.55    12  -999.0    -999     0   0   0   0      17.422   -66.383
0028   13.50  -999.0   -999.00   -999.0    -999   218     7.05      4.29      5.59    12  -999.0    -999     0   0   0   0      17.422   -66.383
0029   14.00  -999.0   -999.00   -999.0    -999   217     7.06      4.25      5.64    12  -999.0    -999     0   0   0   0      17.423   -66.383
0030   14.50  -999.0   -999.00   -999.0    -999   216     7.06      4.19      5.69    12  -999.0    -999     0   0   0   0      17.423   -66.383
0031   15.00  -999.0   -999.00   -999.0    -999   216     7.07      4.13      5.73    12  -999.0    -999     0   0   0   0      17.423   -66.383
0032   15.50   661.8      6.67   -999.0    3629   215     7.07      4.07      5.78    12    -2.7    3629     0   0   0   0      17.423   -66.383
0033   16.00   662.4      6.72   -999.0    3622   214     7.06      3.99      5.82    12    -2.6    3622     0   0   0   0      17.423   -66.383
0034   16.50   663.0      6.77   -999.0    3614   214     7.04      3.91      5.85    12    -2.5    3614     0   0   0   0      17.423   -66.383
0035   17.00   663.5      6.82   -999.0    3607   213     7.01      3.83      5.87    12    -2.4    3607     0   0   0   0      17.423   -66.383
0036   17.50   664.1      6.87   -999.0    3600   212     6.97      3.74      5.88    12    -2.4    3600     0   0   0   0      17.423   -66.383
0037   18.00   664.7      6.92   -999.0    3593   212     6.93      3.66      5.89    12    -2.3    3593     0   0   0   0      17.423   -66.383
0038   18.50   665.2      6.98   -999.0    3586   211     6.89      3.58      5.89    12    -2.3    3586     0   0   0   0      17.423   -66.383
0039   19.00   665.8      7.03   -999.0    3579   211     6.85      3.50      5.89    12    -2.2    3579     0   0   0   0      17.423   -66.383
0040   19.50   666.4      7.08   -999.0    3572   210     6.82      3.42      5.90    12    -2.2    3572     0   0   0   0      17.423   -66.383
0041   20.00   666.9      7.13   -999.0    3565   209     6.80      3.34      5.92    12    -2.2    3565     0   0   0   0      17.423   -66.383
0042   20.50   667.5      7.18   -999.0    3558   209     6.80      3.27      5.97    12    -2.2    3558     0   0   0   0      17.423   -66.383
0043   21.00   668.1      7.23   -999.0    3551   208     6.82      3.19      6.03    12    -2.2    3551     0   0   0   0      17.423   -66.383
0044   21.50   668.6      7.28   -999.0    3544   207     6.86      3.12      6.11    12    -2.2    3544     0   0   0   0      17.423   -66.383
0045   22.00   669.2      7.33   -999.0    3537   206     6.90      3.04      6.19    12    -2.2    3537     0   0   0   0      17.423   -66.383
0046   22.50   669.8      7.38   -999.0    3530   205     6.94      2.96      6.28    12    -2.2    3530     0   0   0   0      17.423   -66.383
0047   23.00   670.3      7.42   -999.0    3523   204     6.98      2.86      6.36    12    -2.2    3523     0   0   0   0      17.423   -66.383
0048   23.50   670.9      7.47   -999.0    3516   203     7.00      2.77      6.43    12    -2.2    3516     0   0   0   0      17.423   -66.383
0049   24.00   671.5      7.51   -999.0    3509   202     7.01      2.67      6.48    12    -2.2    3509     0   0   0   0      17.423   -66.383
0050   24.50   672.0      7.54   -999.0    3502   202     6.99      2.57      6.50    12    -2.2    3502     0   0   0   0      17.423   -66.383
0051   25.00   672.6      7.58   -999.0    3496   201     6.96      2.48      6.51    12    -2.2    3496     0   0   0   0      17.423   -66.383
0052   25.50   673.2      7.61   -999.0    3489   200     6.91      2.39      6.49    12    -2.2    3489     0   0   0   0      17.423   -66.383
0053   26.00   673.7      7.65   -999.0    3482   200     6.85      2.30      6.46    12    -2.2    3482     0   0   0   0      17.423   -66.383
0054   26.50   674.3      7.68   -999.0    3475   199     6.79      2.22      6.41    12    -2.2    3475     0   0   0   0      17.423   -66.383
0055   27.00   674.9      7.72   -999.0    3468   199     6.71      2.14      6.36    12    -2.2    3468     0   0   0   0      17.423   -66.383
0056   27.50   675.4      7.75   -999.0    3461   198     6.64      2.06      6.31    12    -2.2    3461     0   0   0   0      17.423   -66.383
0057   28.00   676.0      7.79   -999.0    3454   198     6.56      1.98      6.25    12    -2.2    3454     0   0   0   0      17.423   -66.383
0058   28.50   676.6      7.83   -999.0    3447   197     6.48      1.89      6.20    12    -2.2    3447     0   0   0   0      17.423   -66.383
0059   29.00   677.1      7.86   -999.0    3440   196     6.40      1.80      6.14    12    -2.2    3440     0   0   0   0      17.423   -66.383
0060   29.50   677.7      7.90   -999.0    3433   196     6.31      1.70      6.08    12    -2.1    3433     0   0   0   0      17.423   -66.383
0061   30.00   678.3      7.94   -999.0    3426   195     6.23      1.60      6.02    12    -2.1    3426     0   0   0   0      17.423   -66.383
0062   30.50   678.8      7.98   -999.0    3419   194     6.15      1.50      5.96    12    -2.1    3419     0   0   0   0      17.423   -66.383
0063   31.00   679.4      8.01     90.9    3412   193     6.07      1.40      5.91    12    -2.1    3412     0   0   0   0      17.423   -66.383
0064   31.50   679.9      8.05     91.0    3406   193     5.99      1.31      5.85    12    -2.0    3406     0   0   0   0      17.423   -66.383
0065   32.00   680.5      8.08     91.1    3399   192     5.92      1.22      5.79    12    -2.0    3399     0   0   0   0      17.424   -66.383
0066   32.50   681.1      8.11     91.3    3392   191     5.86      1.15      5.74    12    -2.0    3392     0   0   0   0      17.424   -66.383
0067   33.00   681.6      8.15     91.5    3385   191     5.80      1.09      5.70    12    -2.0    3385     0   0   0   0      17.424   -66.383
0068   33.50   682.2      8.18     91.7    3378   190     5.75      1.04      5.65    12    -2.0    3378     0   0   0   0      17.424   -66.383
0069   34.00   682.8      8.21     92.0    3372   190     5.70      1.01      5.61    12    -2.0    3372     0   0   0   0      17.424   -66.383
0070   34.50   683.3      8.24     92.3    3365   190     5.67      0.99      5.58    12    -2.0    3365     0   0   0   0      17.424   -66.383
0071   35.00   683.9      8.27     92.7    3358   190     5.63      1.00      5.54    12    -2.0    3358     0   0   0   0      17.424   -66.383
0072   35.50   684.4      8.29     93.0    3351   190     5.60      1.02      5.51    12    -2.0    3351     0   0   0   0      17.424   -66.382
0073   36.00   685.0      8.32     93.4    3344   191     5.58      1.05      5.48    12    -2.0    3344     0   0   0   0      17.424   -66.382
0074   36.50   685.5      8.35     93.7    3338   191     5.57      1.11      5.46    12    -2.1    3338     0   0   0   0      17.424   -66.382
0075   37.00   686.1      8.38     94.1    3331   192     5.56      1.18      5.44    12    -2.1    3331     0   0   0   0      17.424   -66.382
0076   37.50   686.7      8.40     94.4    3324   193     5.57      1.26      5.43    12    -2.1    3324     0   0   0   0      17.424   -66.382
0077   38.00   687.3      8.43     94.7    3317   194     5.60      1.36      5.43    12    -2.2    3317     0   0   0   0      17.424   -66.382
0078   38.50   687.8      8.46     95.0    3310   195     5.64      1.48      5.44    12    -2.2    3310     0   0   0   0      17.424   -66.382
0079   39.00   688.4      8.49     95.2    3303   196     5.69      1.60      5.46    12    -2.2    3303     0   0   0   0      17.424   -66.382
0080   39.50   689.0      8.52     95.3    3296   197     5.76      1.72      5.49    12    -2.2    3296     0   0   0   0      17.424   -66.382
0081   40.00   689.5      8.55     95.5    3289   199     5.84      1.86      5.53    12    -2.2    3289     0   0   0   0      17.424   -66.382
0082   40.50   690.1      8.58     95.6    3283   200     5.93      2.00      5.58    12    -2.1    3283     0   0   0   0      17.424   -66.382
0083   41.00   690.7      8.61     95.8    3276   201     6.03      2.14      5.64    12    -2.1    3276     0   0   0   0      17.424   -66.382
0084   41.50   691.3      8.64     96.0    3269   202     6.14      2.28      5.70    12    -2.0    3269     0   0   0   0      17.424   -66.382
0085   42.00   691.8      8.68     96.2    3262   203     6.25      2.41      5.77    12    -2.0    3262     0   0   0   0      17.424   -66.382
0086   42.50   692.4      8.71     96.5    3255   204     6.36      2.54      5.83    12    -2.0    3255     0   0   0   0      17.424   -66.382
0087   43.00   692.9      8.75     96.7    3249   204     6.46      2.65      5.89    12    -2.0    3249     0   0   0   0      17.424   -66.382
0088   43.50   693.5      8.79     97.0    3242   205     6.56      2.75      5.95    12    -1.9    3242     0   0   0   0      17.424   -66.382
0089   44.00   694.1      8.83     97.3    3235   205     6.65      2.84      6.01    12    -1.9    3235     0   0   0   0      17.424   -66.382
0090   44.50   694.6      8.88     97.6    3229   206     6.72      2.91      6.06    12    -1.9    3229     0   0   0   0      17.424   -66.382
0091   45.00   695.2      8.93     97.8    3222   206     6.78      2.96      6.10    12    -1.9    3222     0   0   0   0      17.424   -66.382
0092   45.50   695.8      8.97     98.0    3215   206     6.82      3.00      6.12    12    -2.0    3215     0   0   0   0      17.424   -66.382
0093   46.00   696.3      9.02     98.1    3208   206     6.85      3.03      6.14    12    -2.0    3208     0   0   0   0      17.424   -66.382
0094   46.50   696.9      9.07     98.2    3201   206     6.86      3.03      6.15    12    -2.0    3201     0   0   0   0      17.424   -66.382
0095   47.00   697.5      9.11     98.3    3195   206     6.86      3.02      6.16    12    -2.0    3195     0   0   0   0      17.424   -66.382
0096   47.50   698.0      9.16     98.4    3188   206     6.85      3.00      6.16    12    -1.9    3188     0   0   0   0      17.424   -66.382
0097   48.00   698.6      9.20     98.4    3181   206     6.84      2.96      6.16    12    -1.9    3181     0   0   0   0      17.424   -66.382
0098   48.50   699.2      9.24     98.4    3175   205     6.83      2.93      6.17    12    -1.9    3175     0   0   0   0      17.424   -66.382
0099   49.00   699.7      9.28     98.4    3168   205     6.82      2.91      6.17    12    -1.9    3168     0   0   0   0      17.424   -66.382
0100   49.50   700.3      9.32     98.4    3161   205     6.81      2.88      6.17    12    -1.9    3161     0   0   0   0      17.424   -66.382
0101   50.00   700.8      9.36     98.4    3154   205     6.81      2.87      6.17    12    -1.9    3154     0   0   0   0      17.424   -66.382
0102   50.50   701.4      9.40     98.4    3148   205     6.80      2.86      6.17    12    -1.9    3148     0   0   0   0      17.424   -66.382
0103   51.00   702.0      9.44     98.4    3141   205     6.79      2.86      6.16    12    -1.9    3141     0   0   0   0      17.425   -66.382
0104   51.50   702.5      9.48     98.4    3134   205     6.78      2.85      6.15    12    -1.8    3134     0   0   0   0      17.425   -66.382
0105   52.00   703.1      9.51     98.4    3128   205     6.75      2.84      6.12    12    -1.8    3128     0   0   0   0      17.425   -66.382
0106   52.50   703.7      9.55     98.4    3121   205     6.71      2.84      6.08    12    -1.8    3121     0   0   0   0      17.425   -66.382
0107   53.00   704.2      9.59     98.4    3115   205     6.67      2.83      6.04    12    -1.8    3115     0   0   0   0      17.425   -66.382
0108   53.50   704.8      9.63     98.4    3108   205     6.62      2.82      5.99    12    -1.8    3108     0   0   0   0      17.425   -66.382
0109   54.00   705.3      9.67     98.3    3101   205     6.56      2.81      5.93    12    -1.8    3101     0   0   0   0      17.425   -66.382
0110   54.50   705.9      9.71     98.3    3095   205     6.50      2.80      5.87    12    -1.8    3095     0   0   0   0      17.425   -66.382
0111   55.00   706.5      9.75     98.3    3088   206     6.44      2.78      5.81    12    -1.8    3088     0   0   0   0      17.425   -66.382
0112   55.50   707.0      9.79     98.2    3081   206     6.39      2.76      5.76    12    -1.8    3081     0   0   0   0      17.425   -66.382
0113   56.00   707.6      9.82     98.2    3075   205     6.34      2.73      5.72    12    -1.8    3075     0   0   0   0      17.425   -66.382
0114   56.50   708.1      9.86     98.1    3068   205     6.30      2.69      5.69    12    -1.7    3068     0   0   0   0      17.425   -66.382
0115   57.00   708.7      9.90     98.1    3062   205     6.26      2.66      5.67    12    -1.7    3062     0   0   0   0      17.425   -66.382
0116   57.50   709.3      9.94     98.0    3055   205     6.24      2.62      5.66    12    -1.7    3055     0   0   0   0      17.425   -66.382
0117   58.00   709.8      9.98     98.0    3048   205     6.22      2.59      5.65    12    -1.7    3048     0   0   0   0      17.425   -66.382
0118   58.50   710.4     10.02     97.9    3042   204     6.21      2.56      5.65    12    -1.7    3042     0   0   0   0      17.425   -66.382
0119   59.00   710.9     10.06     97.9    3035   204     6.20      2.54      5.66    12    -1.7    3035     0   0   0   0      17.425   -66.382
0120   59.50   711.5     10.10     97.8    3029   204     6.20      2.53      5.66    12    -1.6    3029     0   0   0   0      17.425   -66.382
0121   60.00   712.1     10.14     97.8    3022   204     6.20      2.52      5.67    12    -1.6    3022     0   0   0   0      17.425   -66.382
0122   60.50   712.6     10.18     97.8    3016   204     6.20      2.53      5.67    12    -1.6    3016     0   0   0   0      17.425   -66.382
0123   61.00   713.2     10.22     97.8    3009   204     6.21      2.54      5.66    12    -1.6    3009     0   0   0   0      17.425   -66.382
0124   61.50   713.7     10.25     97.9    3003   204     6.21      2.57      5.65    12    -1.6    3003     0   0   0   0      17.425   -66.382
0125   62.00   714.3     10.29     98.0    2996   205     6.20      2.60      5.63    12    -1.6    2996     0   0   0   0      17.425   -66.382
0126   62.50   714.8     10.32     98.1    2990   205     6.20      2.64      5.61    12    -1.6    2990     0   0   0   0      17.425   -66.382
0127   63.00   715.4     10.35     98.2    2983   206     6.20      2.69      5.59    12    -1.6    2983     0   0   0   0      17.425   -66.382
0128   63.50   715.9     10.39     98.3    2977   206     6.19      2.72      5.56    12    -1.7    2977     0   0   0   0      17.425   -66.382
0129   64.00   716.5     10.41     98.4    2970   206     6.19      2.76      5.54    12    -1.7    2970     0   0   0   0      17.425   -66.382
0130   64.50   717.1     10.44     98.5    2964   207     6.18      2.78      5.51    12    -1.7    2964     0   0   0   0      17.425   -66.382
0131   65.00   717.6     10.47     98.5    2957   207     6.17      2.81      5.50    12    -1.8    2957     0   0   0   0      17.425   -66.382
0132   65.50   718.2     10.50     98.6    2950   207     6.17      2.82      5.49    12    -1.8    2950     0   0   0   0      17.425   -66.382
0133   66.00   718.8     10.52     98.6    2944   207     6.18      2.84      5.49    12    -1.8    2944     0   0   0   0      17.425   -66.382
0134   66.50   719.3     10.54     98.5    2937   208     6.20      2.87      5.49    12    -1.8    2937     0   0   0   0      17.425   -66.382
0135   67.00   719.9     10.57     98.4    2931   208     6.23      2.90      5.51    12    -1.8    2931     0   0   0   0      17.425   -66.382
0136   67.50   720.5     10.60     98.2    2924  -999  -999.00   -999.00   -999.00     0    -1.8    2924     0   0   0   0    -999.000  -999.000
0137   68.00   721.0     10.63     98.0    2917   208     6.32      2.97      5.58    12    -1.9    2917     0   0   0   0      17.425   -66.382
0138   68.50   721.6     10.66     97.7    2911   208     6.38      3.02      5.62    12    -1.9    2911     0   0   0   0      17.425   -66.382
0139   69.00   722.2     10.69     97.4    2904   208     6.45      3.07      5.67    12    -1.9    2904     0   0   0   0      17.425   -66.382
0140   69.50   722.8     10.73     97.0    2898   209     6.52      3.11      5.73    12    -1.9    2898     0   0   0   0      17.425   -66.382
0141   70.00   723.3     10.77     96.6    2891   209     6.60      3.15      5.79    12    -1.9    2891     0   0   0   0      17.425   -66.382
0142   70.50   723.9     10.81     96.1    2884   209     6.67      3.19      5.86    12    -1.8    2884     0   0   0   0      17.426   -66.382
0143   71.00   724.5     10.86     95.7    2878   209     6.74      3.22      5.92    12    -1.8    2878     0   0   0   0      17.426   -66.382
0144   71.50   725.0     10.90     95.2    2871   208     6.80      3.24      5.98    12    -1.8    2871     0   0   0   0      17.426   -66.382
0145   72.00   725.6     10.95     94.7    2865   208     6.86      3.26      6.03    12    -1.8    2865     0   0   0   0      17.426   -66.382
0146   72.50   726.2     11.00     94.3    2858   208     6.91      3.28      6.08    12    -1.8    2858     0   0   0   0      17.426   -66.382
0147   73.00   726.7     11.05     93.8    2851   208     6.95      3.29      6.12    12    -1.8    2851     0   0   0   0      17.426   -66.382
0148   73.50   727.3     11.09     93.4    2845   208     6.98      3.29      6.16    12    -1.8    2845     0   0   0   0      17.426   -66.382
0149   74.00   727.9     11.14     93.0    2838   208     7.01      3.29      6.19    12    -1.8    2838     0   0   0   0      17.426   -66.382
0150   74.50   728.4     11.19     92.7    2832   208     7.03      3.28      6.22    12    -1.8    2832     0   0   0   0      17.426   -66.382
0151   75.00   729.0     11.23     92.4    2825  -999  -999.00   -999.00   -999.00     0    -1.8    2825     0   0   0   0    -999.000  -999.000
0152   75.50   729.6     11.28     92.1    2819   207     7.06      3.22      6.28    12    -1.8    2819     0   0   0   0      17.426   -66.381
0153   76.00   730.2     11.32     91.9    2812   207     7.06      3.18      6.30    12    -1.8    2812     0   0   0   0      17.426   -66.381
0154   76.50   730.7     11.37     91.8    2806   206     7.06      3.13      6.33    12    -1.8    2806     0   0   0   0      17.426   -66.381
0155   77.00   731.3     11.41     91.6    2799   206     7.06      3.09      6.35    12    -1.8    2799     0   0   0   0      17.426   -66.381
0156   77.50   731.9     11.46     91.5    2793   206     7.06      3.05      6.37    12    -1.8    2793     0   0   0   0      17.426   -66.381
0157   78.00   732.4     11.50     91.4    2786   205     7.06      3.01      6.39    12    -1.9    2786     0   0   0   0      17.426   -66.381
0158   78.50   733.0     11.55     91.3    2779   205     7.06      2.98      6.40    12    -1.9    2779     0   0   0   0      17.426   -66.381
0159   79.00   733.6     11.60     91.2    2773   205     7.07      2.96      6.42    12    -1.9    2773     0   0   0   0      17.426   -66.381
0160   79.50   734.2     11.65     91.1    2766   205     7.08      2.95      6.43    12    -1.9    2766     0   0   0   0      17.426   -66.381
0161   80.00   734.7     11.70     91.1    2760   205     7.09      2.95      6.44    12    -1.9    2760     0   0   0   0      17.426   -66.381
0162   80.50   735.3     11.74     91.0    2753  -999  -999.00   -999.00   -999.00     0    -1.9    2753     0   0   0   0    -999.000  -999.000
0163   81.00   735.9     11.79     91.0    2746   205     7.10      2.96      6.45    12    -1.9    2746     0   0   0   0      17.426   -66.381
0164   81.50   736.5     11.84     90.9    2740   205     7.10      2.97      6.45    12    -1.9    2740     0   0   0   0      17.426   -66.381
0165   82.00   737.1     11.89     90.8    2733  -999  -999.00   -999.00   -999.00     0    -1.9    2733     0   0   0   0    -999.000  -999.000
0166   82.50   737.6     11.94     90.7    2727  -999  -999.00   -999.00   -999.00     0    -1.9    2727     0   0   0   0    -999.000  -999.000
0167   83.00   738.2     11.99     90.6    2720   205     7.12      3.01      6.45    12    -1.9    2720     0   0   0   0      17.426   -66.381
0168   83.50   738.8     12.04     90.5    2713   205     7.13      3.03      6.45    12    -1.9    2713     0   0   0   0      17.426   -66.381
0169   84.00   739.4     12.09     90.4    2707   205     7.14      3.05      6.46    12    -1.9    2707     0   0   0   0      17.426   -66.381
0170   84.50   740.0     12.14     90.3    2700   205     7.16      3.08      6.47    12    -1.9    2700     0   0   0   0      17.426   -66.381
0171   85.00   740.5     12.19     90.2    2694   206     7.19      3.12      6.48    12    -1.9    2694     0   0   0   0      17.426   -66.381
0172   85.50   741.1     12.24     90.1    2687   206     7.23      3.17      6.50    12    -1.9    2687     0   0   0   0      17.426   -66.381
0173   86.00   741.7     12.29     90.0    2681   206     7.28      3.23      6.52    12    -1.9    2681     0   0   0   0      17.426   -66.381
0174   86.50   742.3     12.34     89.9    2674  -999  -999.00   -999.00   -999.00     0    -1.9    2674     0   0   0   0    -999.000  -999.000
0175   87.00   742.8     12.38     89.8    2667   207     7.41      3.41      6.58    11    -1.9    2667     0   0   0   0      17.426   -66.381
0176   87.50   743.4     12.43     89.7    2661  -999  -999.00   -999.00   -999.00     0    -1.9    2661     0   0   0   0    -999.000  -999.000
0177   88.00   744.0     12.48     89.6    2654  -999  -999.00   -999.00   -999.00     0    -1.9    2654     0   0   0   0    -999.000  -999.000
0178   88.50   744.6     12.52     89.5    2648   209     7.65      3.74      6.68    12    -1.9    2648     0   0   0   0      17.427   -66.381
0179   89.00   745.2     12.57     89.4    2641   210     7.73      3.85      6.70    12    -1.9    2641     0   0   0   0      17.427   -66.381
0180   89.50   745.8     12.61     89.4    2635  -999  -999.00   -999.00   -999.00     0    -1.9    2635     0   0   0   0    -999.000  -999.000
0181   90.00   746.3     12.66     89.3    2628  -999  -999.00   -999.00   -999.00     0    -1.9    2628     0   0   0   0    -999.000  -999.000
0182   90.50   746.9     12.70     89.3    2621   212     7.94      4.20      6.73    12    -1.9    2621     0   0   0   0      17.427   -66.381
0183   91.00   747.5     12.74     89.3    2615   213     7.99      4.32      6.72    12    -1.9    2615     0   0   0   0      17.427   -66.381
0184   91.50   748.1     12.78     89.3    2608  -999  -999.00   -999.00   -999.00     0    -1.9    2608     0   0   0   0    -999.000  -999.000
0185   92.00   748.7     12.82     89.3    2602   214     8.06      4.53      6.67    12    -1.9    2602     0   0   0   0      17.427   -66.381
0186   92.50   749.2     12.86     89.3    2595   215     8.09      4.62      6.64    12    -1.9    2595     0   0   0   0      17.427   -66.381
0187   93.00   749.8     12.90     89.4    2589  -999  -999.00   -999.00   -999.00     0    -1.9    2589     0   0   0   0    -999.000  -999.000
0188   93.50   750.4     12.93     89.4    2582   216     8.16      4.79      6.60    11    -1.9    2582     0   0   0   0      17.427   -66.381
0189   94.00  -999.0   -999.00   -999.0    -999   216     8.19      4.86      6.60    12  -999.0    -999     0   0   0   0      17.427   -66.381
0190   94.50   751.6     13.00     89.3    2569   217     8.23      4.92      6.60    12    -1.9    2569     0   0   0   0      17.427   -66.381
0191   95.00   752.2     13.04     89.2    2563  -999  -999.00   -999.00   -999.00     0    -1.9    2563     0   0   0   0    -999.000  -999.000
0192   95.50   752.7     13.08     89.1    2556  -999  -999.00   -999.00   -999.00     0    -1.9    2556     0   0   0   0    -999.000  -999.000
0193   96.00   753.3     13.11     88.9    2549   218     8.36      5.09      6.63    12    -1.9    2549     0   0   0   0      17.427   -66.381
0194   96.50   753.9     13.15     88.7    2543   218     8.42      5.16      6.65    12    -1.8    2543     0   0   0   0      17.427   -66.381
0195   97.00   754.5     13.19     88.6    2536   218     8.47      5.23      6.66    12    -1.8    2536     0   0   0   0      17.427   -66.381
0196   97.50   755.1     13.23     88.4    2530   218     8.52      5.30      6.67    12    -1.7    2530     0   0   0   0      17.427   -66.381
0197   98.00   755.7     13.27     88.3    2523  -999  -999.00   -999.00   -999.00     0    -1.7    2523     0   0   0   0    -999.000  -999.000
0198   98.50   756.2     13.31     88.2    2517   219     8.62      5.44      6.68    12    -1.6    2517     0   0   0   0      17.427   -66.381
0199   99.00   756.8     13.35     88.1    2511   219     8.67      5.51      6.69    12    -1.6    2511     0   0   0   0      17.427   -66.381
0200   99.50   757.4     13.38     88.1    2504   220     8.72      5.57      6.71    12    -1.5    2504     0   0   0   0      17.427   -66.381
0201  100.00   757.9     13.41     88.1    2498   220     8.78      5.63      6.73    12    -1.5    2498     0   0   0   0      17.427   -66.381
0202  100.50   758.5     13.44     88.1    2492   220     8.85      5.69      6.78    12    -1.6    2492     0   0   0   0      17.427   -66.381
0203  101.00   759.1     13.47     88.1    2486   220     8.93      5.74      6.83    12    -1.6    2486     0   0   0   0      17.427   -66.381
0204  101.50   759.6     13.50     88.0    2479   220     9.02      5.80      6.90    12    -1.7    2479     0   0   0   0      17.427   -66.381
0205  102.00   760.2     13.53     88.0    2473  -999  -999.00   -999.00   -999.00     0    -1.7    2473     0   0   0   0    -999.000  -999.000
0206  102.50   760.8     13.56     88.0    2466   220     9.20      5.91      7.05    12    -1.8    2466     0   0   0   0      17.427   -66.380
0207  103.00   761.4     13.59     88.0    2460   220     9.29      5.97      7.13    12    -1.9    2460     0   0   0   0      17.427   -66.380
0208  103.50   762.0     13.62     88.0    2453   220     9.38      6.02      7.19    12    -2.0    2453     0   0   0   0      17.427   -66.380
0209  104.00   762.5     13.65     88.1    2447   220     9.46      6.07      7.26    12    -2.1    2447     0   0   0   0      17.427   -66.380
0210  104.50   763.1     13.67     88.2    2440   220     9.55      6.12      7.33    12    -2.2    2440     0   0   0   0      17.428   -66.380
0211  105.00   763.7     13.70     88.3    2433   220     9.65      6.18      7.40    12    -2.2    2433     0   0   0   0      17.428   -66.380
0212  105.50   764.3     13.72     88.5    2427  -999  -999.00   -999.00   -999.00     0    -2.3    2427     0   0   0   0    -999.000  -999.000
0213  106.00   765.0     13.74     88.5    2420   220     9.88      6.33      7.59    12    -2.4    2420     0   0   0   0      17.428   -66.380
0214  106.50   765.6     13.76     88.6    2413   220    10.01      6.40      7.69    12    -2.5    2413     0   0   0   0      17.428   -66.380
0215  107.00   766.2     13.79     88.5    2406   220    10.14      6.47      7.81    12    -2.5    2406     0   0   0   0      17.428   -66.380
0216  107.50   766.8     13.81     88.5    2400   219    10.26      6.52      7.93    12    -2.5    2400     0   0   0   0      17.428   -66.380
0217  108.00   767.4     13.84     88.4    2393  -999  -999.00   -999.00   -999.00     0    -2.6    2393     0   0   0   0    -999.000  -999.000
0218  108.50   768.1     13.87     88.2    2386   219    10.47      6.55      8.17    12    -2.6    2386     0   0   0   0      17.428   -66.380
0219  109.00   768.7     13.90     88.1    2379   218    10.54      6.53      8.28    12    -2.5    2379     0   0   0   0      17.428   -66.380
0220  109.50   769.3     13.93     88.0    2372   218    10.58      6.49      8.36    12    -2.5    2372     0   0   0   0      17.428   -66.380
0221  110.00   769.9     13.96     87.9    2366  -999  -999.00   -999.00   -999.00     0    -2.5    2366     0   0   0   0    -999.000  -999.000
0222  110.50   770.5     14.00     87.8    2359   217    10.61      6.38      8.48    12    -2.4    2359     0   0   0   0      17.428   -66.380
0223  111.00   771.1     14.03     87.7    2352   217    10.61      6.33      8.51    12    -2.4    2352     0   0   0   0      17.428   -66.380
0224  111.50   771.7     14.06     87.6    2345   216    10.61      6.30      8.54    12    -2.4    2345     0   0   0   0      17.428   -66.380
0225  112.00   772.3     14.10     87.5    2339   216    10.61      6.28      8.55    12    -2.3    2339     0   0   0   0      17.428   -66.380
0226  112.50   773.0     14.14     87.4    2332   216    10.62      6.29      8.56    12    -2.3    2332     0   0   0   0      17.428   -66.380
0227  113.00   773.6     14.17     87.4    2325   216    10.64      6.32      8.56    12    -2.2    2325     0   0   0   0      17.428   -66.380
0228  113.50   774.2     14.21     87.3    2319  -999  -999.00   -999.00   -999.00     0    -2.2    2319     0   0   0   0    -999.000  -999.000
0229  114.00   774.8     14.25     87.3    2312  -999  -999.00   -999.00   -999.00     0    -2.2    2312     0   0   0   0    -999.000  -999.000
0230  114.50   775.4     14.28     87.3    2306   217    10.71      6.42      8.57    12    -2.1    2306     0   0   0   0      17.428   -66.380
0231  115.00   776.0     14.32     87.4    2299   217    10.70      6.43      8.56    12    -2.1    2299     0   0   0   0      17.428   -66.380
0232  115.50   776.6     14.35     87.5    2292   217    10.68      6.40      8.55    12    -2.1    2292     0   0   0   0      17.428   -66.380
0233  116.00   777.2     14.37     87.7    2286   217    10.63      6.35      8.53    12    -2.1    2286     0   0   0   0      17.428   -66.380
0234  116.50   777.8     14.39     88.0    2279  -999  -999.00   -999.00   -999.00     0    -2.1    2279     0   0   0   0    -999.000  -999.000
0235  117.00   778.4     14.41     88.3    2273   216    10.48      6.15      8.49    12    -2.1    2273     0   0   0   0      17.428   -66.380
0236  117.50   779.0     14.43     88.6    2266   215    10.39      6.01      8.47    12    -2.1    2266     0   0   0   0      17.428   -66.380
0237  118.00   779.6     14.44     89.0    2260   215    10.29      5.87      8.46    12    -2.1    2260     0   0   0   0      17.429   -66.380
0238  118.50   780.2     14.45     89.3    2253   214    10.20      5.72      8.45    12    -2.1    2253     0   0   0   0      17.429   -66.379
0239  119.00   780.8     14.46     89.5    2247   213    10.12      5.59      8.44    12    -2.1    2247     0   0   0   0      17.429   -66.379
0240  119.50   781.4     14.47     89.8    2240   213    10.05      5.47      8.44    12    -2.1    2240     0   0   0   0      17.429   -66.379
0241  120.00   782.0     14.48     89.9    2233   213    10.00      5.38      8.43    12    -2.1    2233     0   0   0   0      17.429   -66.379
0242  120.50   782.6     14.49     90.0    2227  -999  -999.00   -999.00   -999.00     0    -2.1    2227     0   0   0   0    -999.000  -999.000
0243  121.00   783.2     14.50     90.0    2220   212     9.94      5.27      8.43    12    -2.0    2220     0   0   0   0      17.429   -66.379
0244  121.50   783.8     14.50     89.9    2214   212     9.93      5.26      8.43    12    -2.0    2214     0   0   0   0      17.429   -66.379
0245  122.00   784.4     14.51     89.7    2207  -999  -999.00   -999.00   -999.00     0    -2.0    2207     0   0   0   0    -999.000  -999.000
0246  122.50   785.0     14.52     89.4    2201   212     9.97      5.31      8.44    12    -1.9    2201     0   0   0   0      17.429   -66.379
0247  123.00   785.6     14.54     89.1    2194   212    10.02      5.37      8.46    12    -1.9    2194     0   0   0   0      17.429   -66.379
0248  123.50   786.2     14.55     88.8    2188   213    10.08      5.45      8.47    12    -1.8    2188     0   0   0   0      17.429   -66.379
0249  124.00   786.8     14.58     88.6    2182   213    10.14      5.55      8.48    12    -1.8    2182     0   0   0   0      17.429   -66.379
0250  124.50   787.4     14.60     88.4    2175   214    10.19      5.65      8.49    12    -1.7    2175     0   0   0   0      17.429   -66.379
0251  125.00   788.0     14.63     88.2    2169   214    10.24      5.75      8.48    12    -1.7    2169     0   0   0   0      17.429   -66.379
0252  125.50   788.5     14.67     88.2    2163   215    10.27      5.84      8.46    12    -1.7    2163     0   0   0   0      17.429   -66.379
0253  126.00   789.1     14.71     88.2    2156   215    10.29      5.91      8.42    12    -1.7    2156     0   0   0   0      17.429   -66.379
0254  126.50   789.7     14.76     88.3    2150  -999  -999.00   -999.00   -999.00     0    -1.6    2150     0   0   0   0    -999.000  -999.000
0255  127.00   790.3     14.80     88.4    2144  -999  -999.00   -999.00   -999.00     0    -1.6    2144     0   0   0   0    -999.000  -999.000
0256  127.50   790.9     14.85     88.6    2138   216    10.32      6.10      8.32    12    -1.6    2138     0   0   0   0      17.429   -66.379
0257  128.00   791.5     14.90     88.7    2131   217    10.34      6.16      8.31    12    -1.7    2131     0   0   0   0      17.429   -66.379
0258  128.50   792.1     14.96     88.7    2125   217    10.39      6.23      8.31    12    -1.7    2125     0   0   0   0      17.429   -66.379
0259  129.00   792.6     15.01     88.8    2119   217    10.45      6.30      8.34    12    -1.7    2119     0   0   0   0      17.429   -66.379
0260  129.50   793.2     15.06     88.8    2112   217    10.53      6.38      8.38    12    -1.7    2112     0   0   0   0      17.429   -66.379
0261  130.00   793.8     15.11     88.8    2106   217    10.61      6.45      8.42    12    -1.7    2106     0   0   0   0      17.429   -66.379
0262  130.50   794.4     15.16     88.9    2100   218    10.69      6.53      8.47    12    -1.7    2100     0   0   0   0      17.429   -66.379
0263  131.00   795.0     15.20     88.9    2093   218    10.76      6.59      8.50    12    -1.7    2093     0   0   0   0      17.430   -66.379
0264  131.50   795.6     15.25     89.0    2087   218    10.81      6.65      8.53    12    -1.7    2087     0   0   0   0      17.430   -66.379
0265  132.00   796.2     15.28     89.1    2081  -999  -999.00   -999.00   -999.00     0    -1.7    2081     0   0   0   0    -999.000  -999.000
0266  132.50   796.8     15.32     89.3    2075   218    10.83      6.70      8.51    12    -1.7    2075     0   0   0   0      17.430   -66.379
0267  133.00   797.4     15.35     89.5    2068   218    10.80      6.70      8.47    12    -1.8    2068     0   0   0   0      17.430   -66.379
0268  133.50   797.9     15.38     89.9    2062   218    10.74      6.66      8.42    12    -1.8    2062     0   0   0   0      17.430   -66.379
0269  134.00   798.5     15.40     90.4    2056   218    10.64      6.61      8.34    12    -1.8    2056     0   0   0   0      17.430   -66.379
0270  134.50   799.1     15.42     90.9    2049   218    10.52      6.53      8.25    12    -1.8    2049     0   0   0   0      17.430   -66.379
0271  135.00   799.7     15.44     91.4    2043  -999  -999.00   -999.00   -999.00     0    -1.9    2043     0   0   0   0    -999.000  -999.000
0272  135.50   800.3     15.45     91.9    2037   218    10.25      6.34      8.06    12    -1.9    2037     0   0   0   0      17.430   -66.379
0273  136.00   800.9     15.47     92.3    2030   218    10.11      6.22      7.96    12    -1.9    2030     0   0   0   0      17.430   -66.379
0274  136.50   801.5     15.49     92.7    2024   218     9.97      6.11      7.88    12    -1.9    2024     0   0   0   0      17.430   -66.378
0275  137.00   802.1     15.51     93.1    2017   218     9.85      6.00      7.81    12    -1.9    2017     0   0   0   0      17.430   -66.378
0276  137.50   802.7     15.53     93.4    2011   217     9.74      5.89      7.75    12    -1.9    2011     0   0   0   0      17.430   -66.378
0277  138.00   803.3     15.55     93.6    2005   217     9.64      5.80      7.70    12    -1.9    2005     0   0   0   0      17.430   -66.378
0278  138.50   803.9     15.57     93.9    1998   217     9.56      5.71      7.67    12    -1.9    1998     0   0   0   0      17.430   -66.378
0279  139.00   804.5     15.59     94.2    1992   216     9.50      5.64      7.64    12    -1.8    1992     0   0   0   0      17.430   -66.378
0280  139.50   805.1     15.61     94.5    1986   216     9.45      5.58      7.63    12    -1.8    1986     0   0   0   0      17.430   -66.378
0281  140.00   805.7     15.63     94.7    1979  -999  -999.00   -999.00   -999.00     0    -1.8    1979     0   0   0   0    -999.000  -999.000
0282  140.50   806.3     15.65     94.9    1973   216     9.36      5.47      7.60    12    -1.8    1973     0   0   0   0      17.430   -66.378
0283  141.00  -999.0   -999.00   -999.0    -999   215     9.32      5.41      7.59    12  -999.0    -999     0   0   0   0      17.430   -66.378
0284  141.50   807.5     15.69     95.0    1960   215     9.27      5.34      7.57    12    -1.7    1960     0   0   0   0      17.430   -66.378
0285  142.00   808.1     15.72     95.0    1954   215     9.21      5.26      7.56    12    -1.7    1954     0   0   0   0      17.430   -66.378
0286  142.50   808.7     15.74     94.9    1948   214     9.14      5.17      7.54    12    -1.6    1948     0   0   0   0      17.430   -66.378
0287  143.00   809.3     15.76     94.8    1942   214     9.06      5.06      7.52    12    -1.6    1942     0   0   0   0      17.430   -66.378
0288  143.50  -999.0   -999.00   -999.0    -999   213     8.97      4.93      7.50    12  -999.0    -999     0   0   0   0      17.430   -66.378
0289  144.00   810.5     15.82     94.3    1929  -999  -999.00   -999.00   -999.00     0    -1.5    1929     0   0   0   0    -999.000  -999.000
0290  144.50   811.1     15.86     94.0    1923  -999  -999.00   -999.00   -999.00     0    -1.5    1923     0   0   0   0    -999.000  -999.000
0291  145.00   811.6     15.89     93.7    1917   211     8.68      4.47      7.44    12    -1.5    1917     0   0   0   0      17.431   -66.378
0292  145.50   812.2     15.94     93.4    1911   210     8.59      4.31      7.43    12    -1.5    1911     0   0   0   0      17.431   -66.378
0293  146.00   812.8     15.98     93.1    1905  -999  -999.00   -999.00   -999.00     0    -1.5    1905     0   0   0   0    -999.000  -999.000
0294  146.50   813.4     16.03     92.7    1899   209     8.43      4.03      7.41    12    -1.5    1899     0   0   0   0      17.431   -66.378
0295  147.00   814.0     16.08     92.4    1892   208     8.38      3.91      7.41    12    -1.5    1892     0   0   0   0      17.431   -66.378
0296  147.50   814.6     16.14     92.1    1886   207     8.33      3.79      7.42    12    -1.5    1886     0   0   0   0      17.431   -66.378
0297  148.00   815.2     16.19     91.8    1880   206     8.30      3.70      7.43    12    -1.5    1880     0   0   0   0      17.431   -66.378
0298  148.50   815.8     16.24     91.4    1874   206     8.28      3.62      7.44    12    -1.5    1874     0   0   0   0      17.431   -66.378
0299  149.00   816.3     16.30     91.1    1868   205     8.26      3.55      7.46    12    -1.5    1868     0   0   0   0      17.431   -66.378
0300  149.50   816.9     16.36     90.7    1862   205     8.25      3.49      7.47    12    -1.4    1862     0   0   0   0      17.431   -66.378
0301  150.00   817.5     16.41     90.4    1855  -999  -999.00   -999.00   -999.00     0    -1.4    1855     0   0   0   0    -999.000  -999.000
0302  150.50   818.1     16.47     90.1    1849  -999  -999.00   -999.00   -999.00     0    -1.4    1849     0   0   0   0    -999.000  -999.000
0303  151.00   818.7     16.53     89.8    1843   204     8.20      3.34      7.49    12    -1.4    1843     0   0   0   0      17.431   -66.378
0304  151.50   819.3     16.59     89.5    1837   204     8.18      3.29      7.49    12    -1.4    1837     0   0   0   0      17.431   -66.378
0305  152.00   819.8     16.65     89.2    1831   203     8.16      3.22      7.50    12    -1.4    1831     0   0   0   0      17.431   -66.378
0306  152.50   820.4     16.70     89.0    1825   203     8.14      3.15      7.51    12    -1.4    1825     0   0   0   0      17.431   -66.378
0307  153.00   821.0     16.76     88.8    1819   202     8.12      3.08      7.52    12    -1.4    1819     0   0   0   0      17.431   -66.378
0308  153.50   821.6     16.81     88.6    1813   202     8.10      3.01      7.52    12    -1.4    1813     0   0   0   0      17.431   -66.378
0309  154.00   822.2     16.87     88.4    1807   201     8.08      2.94      7.53    12    -1.4    1807     0   0   0   0      17.431   -66.378
0310  154.50   822.8     16.92     88.3    1801   201     8.06      2.88      7.52    12    -1.4    1801     0   0   0   0      17.431   -66.378
0311  155.00   823.3     16.97     88.1    1795  -999  -999.00   -999.00   -999.00     0    -1.5    1795     0   0   0   0    -999.000  -999.000
0312  155.50   823.9     17.02     88.0    1789   200     8.00      2.80      7.50    12    -1.5    1789     0   0   0   0      17.431   -66.378
0313  156.00   824.5     17.07     87.9    1783   200     7.98      2.78      7.48    12    -1.5    1783     0   0   0   0      17.431   -66.378
0314  156.50   825.1     17.11     87.8    1776   200     7.96      2.77      7.46    12    -1.5    1776     0   0   0   0      17.431   -66.378
0315  157.00   825.7     17.16     87.7    1770   200     7.95      2.77      7.45    12    -1.5    1770     0   0   0   0      17.431   -66.378
0316  157.50   826.3     17.20     87.5    1764   201     7.95      2.79      7.44    12    -1.5    1764     0   0   0   0      17.431   -66.378
0317  158.00   826.9     17.24     87.4    1758   201     7.96      2.81      7.45    12    -1.5    1758     0   0   0   0      17.431   -66.378
0318  158.50   827.5     17.28     87.3    1752   201     7.99      2.85      7.47    12    -1.5    1752     0   0   0   0      17.431   -66.378
0319  159.00   828.1     17.32     87.2    1746   201     8.04      2.89      7.50    12    -1.4    1746     0   0   0   0      17.431   -66.378
0320  159.50   828.6     17.36     87.1    1740   201     8.10      2.93      7.55    12    -1.4    1740     0   0   0   0      17.431   -66.378
0321  160.00   829.2     17.40     86.9    1734   201     8.16      2.98      7.60    12    -1.4    1734     0   0   0   0      17.432   -66.378
0322  160.50   829.8     17.43     86.8    1728   201     8.24      3.02      7.66    12    -1.4    1728     0   0   0   0      17.432   -66.378
0323  161.00   830.4     17.47     86.7    1722   202     8.30      3.05      7.72    12    -1.4    1722     0   0   0   0      17.432   -66.378
0324  161.50   831.0     17.51     86.6    1716   202     8.37      3.08      7.78    12    -1.4    1716     0   0   0   0      17.432   -66.378
0325  162.00   831.6     17.54     86.5    1710  -999  -999.00   -999.00   -999.00     0    -1.4    1710     0   0   0   0    -999.000  -999.000
0326  162.50   832.2     17.58     86.4    1704  -999  -999.00   -999.00   -999.00     0    -1.4    1704     0   0   0   0    -999.000  -999.000
0327  163.00   832.7     17.61     86.4    1697   202     8.50      3.15      7.90    12    -1.4    1697     0   0   0   0      17.432   -66.378
0328  163.50   833.3     17.65     86.4    1691   202     8.53      3.17      7.92    12    -1.4    1691     0   0   0   0      17.432   -66.377
0329  164.00   833.9     17.68     86.4    1685   202     8.55      3.20      7.93    12    -1.4    1685     0   0   0   0      17.432   -66.377
0330  164.50   834.5     17.70     86.5    1679   202     8.57      3.22      7.94    12    -1.5    1679     0   0   0   0      17.432   -66.377
0331  165.00   835.1     17.73     86.6    1673   202     8.58      3.24      7.94    12    -1.5    1673     0   0   0   0      17.432   -66.377
0332  165.50   835.7     17.75     86.8    1667   202     8.59      3.27      7.95    12    -1.5    1667     0   0   0   0      17.432   -66.377
0333  166.00   836.3     17.77     86.9    1661   203     8.61      3.30      7.95    12    -1.5    1661     0   0   0   0      17.432   -66.377
0334  166.50   836.9     17.79     87.0    1655   203     8.63      3.32      7.97    12    -1.5    1655     0   0   0   0      17.432   -66.377
0335  167.00   837.5     17.81     87.0    1649   203     8.66      3.34      7.99    12    -1.5    1649     0   0   0   0      17.432   -66.377
0336  167.50   838.1     17.83     87.0    1643   203     8.68      3.35      8.01    12    -1.5    1643     0   0   0   0      17.432   -66.377
0337  168.00   838.7     17.86     86.9    1637   203     8.71      3.36      8.03    12    -1.5    1637     0   0   0   0      17.432   -66.377
0338  168.50   839.3     17.88     86.9    1630   203     8.73      3.37      8.06    12    -1.5    1630     0   0   0   0      17.432   -66.377
0339  169.00   839.9     17.90     86.8    1624   203     8.75      3.38      8.07    12    -1.5    1624     0   0   0   0      17.432   -66.377
0340  169.50   840.5     17.92     86.7    1618   203     8.76      3.40      8.08    12    -1.5    1618     0   0   0   0      17.432   -66.377
0341  170.00   841.0     17.94     86.7    1612   203     8.77      3.43      8.08    12    -1.5    1612     0   0   0   0      17.432   -66.377
0342  170.50   841.6     17.96     86.8    1606   203     8.78      3.48      8.06    12    -1.5    1606     0   0   0   0      17.432   -66.377
0343  171.00   842.2     17.98     87.0    1600   204     8.78      3.56      8.03    12    -1.5    1600     0   0   0   0      17.432   -66.377
0344  171.50   842.8     18.00     87.2    1594   205     8.79      3.67      7.99    12    -1.6    1594     0   0   0   0      17.432   -66.377
0345  172.00   843.4     18.01     87.6    1588   206     8.80      3.81      7.93    12    -1.6    1588     0   0   0   0      17.432   -66.377
0346  172.50   844.0     18.03     87.9    1582  -999  -999.00   -999.00   -999.00     0    -1.6    1582     0   0   0   0    -999.000  -999.000
0347  173.00   844.6     18.04     88.3    1576   208     8.83      4.15      7.80    12    -1.6    1576     0   0   0   0      17.432   -66.377
0348  173.50   845.2     18.05     88.6    1569   209     8.87      4.34      7.73    12    -1.6    1569     0   0   0   0      17.433   -66.377
0349  174.00   845.8     18.06     88.9    1563  -999  -999.00   -999.00   -999.00     0    -1.6    1563     0   0   0   0    -999.000  -999.000
0350  174.50   846.4     18.07     89.1    1557   212     8.95      4.72      7.61    12    -1.5    1557     0   0   0   0      17.433   -66.377
0351  175.00   847.0     18.09     89.3    1551   213     9.00      4.88      7.56    12    -1.5    1551     0   0   0   0      17.433   -66.377
0352  175.50   847.6     18.10     89.4    1545   214     9.04      5.02      7.52    12    -1.5    1545     0   0   0   0      17.433   -66.377
0353  176.00   848.2     18.13     89.6    1539   214     9.08      5.14      7.49    12    -1.5    1539     0   0   0   0      17.433   -66.377
0354  176.50   848.8     18.15     89.7    1533   215     9.12      5.23      7.48    12    -1.5    1533     0   0   0   0      17.433   -66.377
0355  177.00   849.4     18.18     89.9    1527   215     9.15      5.30      7.47    12    -1.5    1527     0   0   0   0      17.433   -66.377
0356  177.50   850.0     18.21     90.1    1521   216     9.18      5.35      7.46    12    -1.5    1521     0   0   0   0      17.433   -66.377
0357  178.00   850.6     18.24     90.4    1515   216     9.20      5.38      7.46    12    -1.6    1515     0   0   0   0      17.433   -66.377
0358  178.50   851.2     18.27     90.7    1509   216     9.20      5.40      7.45    12    -1.6    1509     0   0   0   0      17.433   -66.377
0359  179.00   851.8     18.30     91.1    1503   216     9.19      5.41      7.43    12    -1.6    1503     0   0   0   0      17.433   -66.377
0360  179.50   852.4     18.33     91.4    1497   216     9.17      5.42      7.40    12    -1.6    1497     0   0   0   0      17.433   -66.377
0361  180.00   853.0     18.35     91.7    1490   216     9.14      5.42      7.36    12    -1.6    1490     0   0   0   0      17.433   -66.377
0362  180.50   853.6     18.37     91.9    1484   217     9.11      5.44      7.32    12    -1.6    1484     0   0   0   0      17.433   -66.377
0363  181.00   854.3     18.39     92.1    1478  -999  -999.00   -999.00   -999.00     0    -1.6    1478     0   0   0   0    -999.000  -999.000
0364  181.50   854.9     18.41     92.2    1472   217     9.06      5.48      7.22    12    -1.6    1472     0   0   0   0      17.433   -66.377
0365  182.00   855.5     18.42     92.3    1466   218     9.05      5.52      7.17    12    -1.6    1466     0   0   0   0      17.433   -66.377
0366  182.50   856.1     18.43     92.3    1460   218     9.04      5.57      7.12    12    -1.6    1460     0   0   0   0      17.433   -66.377
0367  183.00   856.7     18.44     92.3    1454   218     9.04      5.62      7.08    12    -1.6    1454     0   0   0   0      17.433   -66.377
0368  183.50   857.3     18.45     92.2    1448   219     9.03      5.67      7.03    12    -1.5    1448     0   0   0   0      17.433   -66.377
0369  184.00   857.9     18.46     92.2    1442   219     9.02      5.72      6.97    12    -1.5    1442     0   0   0   0      17.433   -66.377
0370  184.50   858.5     18.47     92.1    1436   220     9.00      5.76      6.92    12    -1.5    1436     0   0   0   0      17.433   -66.377
0371  185.00   859.1     18.48     92.1    1430   220     8.98      5.79      6.86    12    -1.4    1430     0   0   0   0      17.433   -66.377
0372  185.50   859.7     18.49     92.1    1424   220     8.94      5.79      6.81    12    -1.4    1424     0   0   0   0      17.433   -66.377
0373  186.00   860.3     18.50     92.1    1418   221     8.90      5.78      6.77    12    -1.4    1418     0   0   0   0      17.433   -66.377
0374  186.50   860.9     18.51     92.1    1412  -999  -999.00   -999.00   -999.00     0    -1.4    1412     0   0   0   0    -999.000  -999.000
0375  187.00   861.5     18.52     92.1    1406   220     8.80      5.71      6.69    12    -1.4    1406     0   0   0   0      17.433   -66.376
0376  187.50   862.1     18.54     92.1    1400   220     8.73      5.65      6.66    12    -1.4    1400     0   0   0   0      17.433   -66.376
0377  188.00   862.7     18.56     92.1    1394   220     8.66      5.58      6.62    12    -1.4    1394     0   0   0   0      17.433   -66.376
0378  188.50   863.3     18.58     92.1    1388   220     8.58      5.50      6.58    12    -1.4    1388     0   0   0   0      17.433   -66.376
0379  189.00   863.8     18.59     92.2    1382   220     8.48      5.42      6.52    12    -1.4    1382     0   0   0   0      17.433   -66.376
0380  189.50   864.4     18.61     92.3    1376   220     8.37      5.33      6.45    12    -1.3    1376     0   0   0   0      17.434   -66.376
0381  190.00   865.0     18.62     92.5    1370   219     8.24      5.24      6.36    12    -1.3    1370     0   0   0   0      17.434   -66.376
0382  190.50   865.6     18.63     92.6    1364   220     8.10      5.16      6.25    12    -1.3    1364     0   0   0   0      17.434   -66.376
0383  191.00   866.2     18.64     92.8    1358   220     7.96      5.09      6.12    12    -1.3    1358     0   0   0   0      17.434   -66.376
0384  191.50   866.8     18.65     92.9    1352   220     7.81      5.03      5.98    12    -1.3    1352     0   0   0   0      17.434   -66.376
0385  192.00   867.4     18.66     93.1    1347   220     7.68      4.98      5.84    12    -1.3    1347     0   0   0   0      17.434   -66.376
0386  192.50   868.0     18.67     93.2    1341   221     7.55      4.95      5.70    12    -1.3    1341     0   0   0   0      17.434   -66.376
0387  193.00   868.6     18.69     93.2    1335   221     7.43      4.92      5.56    12    -1.3    1335     0   0   0   0      17.434   -66.376
0388  193.50   869.2     18.70     93.3    1329   222     7.32      4.90      5.44    12    -1.4    1329     0   0   0   0      17.434   -66.376
0389  194.00   869.8     18.72     93.3    1323   222     7.22      4.87      5.33    12    -1.4    1323     0   0   0   0      17.434   -66.376
0390  194.50   870.4     18.75     93.4    1317   223     7.13      4.85      5.22    12    -1.4    1317     0   0   0   0      17.434   -66.376
0391  195.00   871.0     18.77     93.4    1311   223     7.04      4.82      5.13    12    -1.4    1311     0   0   0   0      17.434   -66.376
0392  195.50   871.6     18.80     93.4    1305   224     6.95      4.79      5.04    12    -1.4    1305     0   0   0   0      17.434   -66.376
0393  196.00   872.2     18.83     93.5    1299   224     6.86      4.76      4.95    12    -1.4    1299     0   0   0   0      17.434   -66.376
0394  196.50   872.8     18.85     93.5    1293   224     6.77      4.72      4.86    12    -1.4    1293     0   0   0   0      17.434   -66.376
0395  197.00   873.4     18.89     93.5    1287   224     6.67      4.68      4.76    12    -1.4    1287     0   0   0   0      17.434   -66.376
0396  197.50   874.0     18.92     93.6    1281   225     6.58      4.64      4.67    12    -1.4    1281     0   0   0   0      17.434   -66.376
0397  198.00   874.6     18.95     93.6    1275   225     6.50      4.61      4.58    12    -1.4    1275     0   0   0   0      17.434   -66.376
0398  198.50   875.2     18.99     93.6    1269   226     6.43      4.59      4.50    12    -1.3    1269     0   0   0   0      17.434   -66.376
0399  199.00   875.8     19.03     93.5    1264   226     6.38      4.59      4.44    12    -1.3    1264     0   0   0   0      17.434   -66.376
0400  199.50   876.4     19.07     93.5    1258  -999  -999.00   -999.00   -999.00     0    -1.3    1258     0   0   0   0    -999.000  -999.000
0401  200.00   877.0     19.11     93.4    1252   226     6.34      4.60      4.37    12    -1.3    1252     0   0   0   0      17.434   -66.376
0402  200.50   877.6     19.16     93.4    1246  -999  -999.00   -999.00   -999.00     0    -1.3    1246     0   0   0   0    -999.000  -999.000
0403  201.00   878.2     19.20     93.3    1240   227     6.36      4.63      4.36    12    -1.3    1240     0   0   0   0      17.434   -66.376
0404  201.50   878.8     19.25     93.2    1234   227     6.38      4.65      4.37    12    -1.3    1234     0   0   0   0      17.434   -66.376
0405  202.00   879.4     19.30     93.1    1228   227     6.40      4.67      4.39    12    -1.3    1228     0   0   0   0      17.434   -66.376
0406  202.50   880.0     19.35     93.0    1222   227     6.43      4.68      4.40    12    -1.2    1222     0   0   0   0      17.434   -66.376
0407  203.00   880.6     19.40     92.9    1217   227     6.44      4.70      4.41    12    -1.2    1217     0   0   0   0      17.434   -66.376
0408  203.50   881.2     19.45     92.8    1211   227     6.46      4.71      4.42    12    -1.2    1211     0   0   0   0      17.434   -66.376
0409  204.00   881.8     19.50     92.7    1205   227     6.46      4.71      4.41    12    -1.2    1205     0   0   0   0      17.434   -66.376
0410  204.50   882.4     19.55     92.7    1199   227     6.44      4.71      4.40    12    -1.2    1199     0   0   0   0      17.434   -66.376
0411  205.00   883.0     19.60     92.6    1193   227     6.42      4.70      4.37    12    -1.2    1193     0   0   0   0      17.434   -66.376
0412  205.50   883.6     19.65     92.6    1187   227     6.38      4.68      4.34    12    -1.2    1187     0   0   0   0      17.434   -66.376
0413  206.00   884.2     19.70     92.5    1182   227     6.34      4.66      4.30    12    -1.2    1182     0   0   0   0      17.434   -66.376
0414  206.50   884.7     19.75     92.5    1176   227     6.28      4.62      4.26    12    -1.2    1176     0   0   0   0      17.434   -66.376
0415  207.00   885.3     19.80     92.4    1170   227     6.23      4.59      4.21    12    -1.2    1170     0   0   0   0      17.434   -66.376
0416  207.50   885.9     19.84     92.3    1164   227     6.17      4.55      4.17    12    -1.2    1164     0   0   0   0      17.434   -66.376
0417  208.00   886.5     19.89     92.1    1158   227     6.11      4.50      4.13    12    -1.2    1158     0   0   0   0      17.434   -66.376
0418  208.50   887.1     19.94     92.0    1153   227     6.06      4.47      4.10    12    -1.3    1153     0   0   0   0      17.434   -66.376
0419  209.00   887.7     19.99     91.8    1147   227     6.02      4.43      4.08    12    -1.3    1147     0   0   0   0      17.434   -66.375
0420  209.50   888.3     20.04     91.7    1141   227     5.99      4.40      4.06    12    -1.3    1141     0   0   0   0      17.434   -66.375
0421  210.00   888.9     20.09     91.5    1135   227     5.96      4.38      4.05    12    -1.3    1135     0   0   0   0      17.434   -66.375
0422  210.50   889.5     20.15     91.4    1129   227     5.94      4.36      4.03    12    -1.4    1129     0   0   0   0      17.434   -66.375
0423  211.00   890.1     20.20     91.2    1123  -999  -999.00   -999.00   -999.00     0    -1.4    1123     0   0   0   0    -999.000  -999.000
0424  211.50   890.7     20.25     91.0    1117   227     5.90      4.33      4.01    12    -1.4    1117     0   0   0   0      17.434   -66.375
0425  212.00   891.3     20.30     90.9    1111  -999  -999.00   -999.00   -999.00     0    -1.4    1111     0   0   0   0    -999.000  -999.000
0426  212.50   891.9     20.35     90.7    1106   227     5.87      4.31      3.98    12    -1.4    1106     0   0   0   0      17.435   -66.375
0427  213.00   892.6     20.40     90.6    1100   227     5.85      4.30      3.96    12    -1.4    1100     0   0   0   0      17.435   -66.375
0428  213.50   893.2     20.45     90.4    1094   227     5.83      4.29      3.95    12    -1.4    1094     0   0   0   0      17.435   -66.375
0429  214.00   893.8     20.50     90.2    1088   227     5.81      4.27      3.93    12    -1.4    1088     0   0   0   0      17.435   -66.375
0430  214.50   894.4     20.55     90.0    1082   227     5.79      4.26      3.92    12    -1.3    1082     0   0   0   0      17.435   -66.375
0431  215.00   895.0     20.60     89.8    1076   227     5.78      4.25      3.92    12    -1.3    1076     0   0   0   0      17.435   -66.375
0432  215.50   895.6     20.65     89.6    1070   227     5.77      4.24      3.91    12    -1.3    1070     0   0   0   0      17.435   -66.375
0433  216.00   896.2     20.70     89.4    1064   227     5.76      4.24      3.90    12    -1.2    1064     0   0   0   0      17.435   -66.375
0434  216.50   896.8     20.76     89.2    1059   228     5.76      4.25      3.88    12    -1.2    1059     0   0   0   0      17.435   -66.375
0435  217.00   897.4     20.81     89.0    1053  -999  -999.00   -999.00   -999.00     0    -1.2    1053     0   0   0   0    -999.000  -999.000
0436  217.50   898.0     20.86     88.8    1047   228     5.74      4.27      3.83    12    -1.1    1047     0   0   0   0      17.435   -66.375
0437  218.00   898.6     20.91     88.6    1041   228     5.72      4.28      3.80    12    -1.1    1041     0   0   0   0      17.435   -66.375
0438  218.50   899.2     20.96     88.4    1036   229     5.71      4.30      3.75    12    -1.1    1036     0   0   0   0      17.435   -66.375
0439  219.00   899.7     21.01     88.2    1030   229     5.69      4.31      3.71    12    -1.1    1030     0   0   0   0      17.435   -66.375
0440  219.50   900.3     21.06     88.0    1024   230     5.67      4.33      3.66    12    -1.1    1024     0   0   0   0      17.435   -66.375
0441  220.00   900.9     21.11     87.8    1019   230     5.65      4.34      3.61    12    -1.1    1019     0   0   0   0      17.435   -66.375
0442  220.50   901.5     21.16     87.6    1013   231     5.63      4.35      3.57    12    -1.1    1013     0   0   0   0      17.435   -66.375
0443  221.00   902.1     21.22     87.4    1007   231     5.61      4.36      3.54    12    -1.2    1007     0   0   0   0      17.435   -66.375
0444  221.50   902.7     21.27     87.3    1001   231     5.60      4.36      3.51    12    -1.2    1001     0   0   0   0      17.435   -66.375
0445  222.00   903.3     21.32     87.2     995   231     5.59      4.37      3.49    12    -1.2     995     0   0   0   0      17.435   -66.375
0446  222.50   903.9     21.37     87.1     990   231     5.59      4.37      3.48    12    -1.2     990     0   0   0   0      17.435   -66.375
0447  223.00   904.5     21.42     87.0     984   232     5.59      4.38      3.47    12    -1.2     984     0   0   0   0      17.435   -66.375
0448  223.50   905.1     21.47     87.0     978   232     5.60      4.38      3.48    12    -1.2     978     0   0   0   0      17.435   -66.375
0449  224.00   905.7     21.52     86.9     972   232     5.61      4.39      3.49    12    -1.2     972     0   0   0   0      17.435   -66.375
0450  224.50   906.3     21.56     86.9     967  -999  -999.00   -999.00   -999.00     0    -1.2     967     0   0   0   0    -999.000  -999.000
0451  225.00   906.9     21.60     86.9     961   231     5.66      4.42      3.53    12    -1.2     961     0   0   0   0      17.435   -66.375
0452  225.50   907.5     21.65     87.0     955   231     5.70      4.44      3.57    12    -1.1     955     0   0   0   0      17.435   -66.375
0453  226.00   908.1     21.69     87.0     949   231     5.74      4.47      3.60    12    -1.1     949     0   0   0   0      17.435   -66.375
0454  226.50   908.7     21.73     87.2     944   231     5.79      4.50      3.65    12    -1.1     944     0   0   0   0      17.435   -66.375
0455  227.00   909.3     21.77     87.3     938   231     5.85      4.54      3.70    12    -1.1     938     0   0   0   0      17.435   -66.375
0456  227.50   909.9     21.81     87.4     932   231     5.92      4.57      3.76    12    -1.1     932     0   0   0   0      17.435   -66.375
0457  228.00   910.5     21.85     87.5     927   230     5.98      4.60      3.82    12    -1.1     927     0   0   0   0      17.435   -66.375
0458  228.50   911.1     21.89     87.5     921   230     6.04      4.62      3.89    11    -1.1     921     0   0   0   0      17.435   -66.375
0459  229.00   911.7     21.93     87.4     915   229     6.09      4.63      3.96    12    -1.1     915     0   0   0   0      17.435   -66.375
0460  229.50   912.3     21.97     87.3     909   229     6.14      4.64      4.03    12    -1.1     909     0   0   0   0      17.435   -66.375
0461  230.00   912.9     22.00     87.2     904   228     6.19      4.63      4.10    12    -1.1     904     0   0   0   0      17.435   -66.375
0462  230.50   913.5     22.04     87.0     898   228     6.23      4.63      4.17    12    -1.1     898     0   0   0   0      17.435   -66.375
0463  231.00   914.1     22.08     86.9     892   227     6.27      4.62      4.25    12    -1.1     892     0   0   0   0      17.435   -66.375
0464  231.50   914.7     22.12     86.7     887   227     6.31      4.60      4.32    12    -1.1     887     0   0   0   0      17.435   -66.375
0465  232.00   915.3     22.16     86.5     881   226     6.35      4.58      4.40    12    -1.2     881     0   0   0   0      17.435   -66.375
0466  232.50   915.9     22.19     86.3     875   225     6.39      4.55      4.49    12    -1.2     875     0   0   0   0      17.435   -66.375
0467  233.00   916.5     22.23     86.2     870   225     6.43      4.53      4.57    12    -1.2     870     0   0   0   0      17.435   -66.374
0468  233.50   917.1     22.26     86.2     864   224     6.48      4.50      4.66    12    -1.3     864     0   0   0   0      17.435   -66.374
0469  234.00   917.7     22.29     86.1     858   223     6.53      4.48      4.75    12    -1.3     858     0   0   0   0      17.435   -66.374
0470  234.50   918.3     22.32     86.2     852   223     6.59      4.48      4.84    11    -1.4     852     0   0   0   0      17.435   -66.374
0471  235.00   918.9     22.34     86.3     846   222     6.65      4.48      4.92    12    -1.4     846     0   0   0   0      17.435   -66.374
0472  235.50   919.5     22.37     86.4     840   222     6.72      4.50      4.99    12    -1.4     840     0   0   0   0      17.435   -66.374
0473  236.00   920.1     22.40     86.4     835   222     6.79      4.53      5.06    12    -1.4     835     0   0   0   0      17.435   -66.374
0474  236.50   920.7     22.43     86.5     829   222     6.85      4.57      5.11    12    -1.5     829     0   0   0   0      17.435   -66.374
0475  237.00   921.4     22.47     86.5     823   222     6.91      4.62      5.14    12    -1.5     823     0   0   0   0      17.435   -66.374
0476  237.50   922.0     22.50     86.5     817   222     6.97      4.69      5.17    12    -1.5     817     0   0   0   0      17.435   -66.374
0477  238.00   922.6     22.54     86.5     811   223     7.03      4.76      5.18    12    -1.5     811     0   0   0   0      17.435   -66.374
0478  238.50   923.2     22.58     86.5     805   223     7.08      4.84      5.17    12    -1.5     805     0   0   0   0      17.435   -66.374
0479  239.00   923.8     22.61     86.5     799   224     7.12      4.92      5.14    12    -1.4     799     0   0   0   0      17.435   -66.374
0480  239.50   924.5     22.66     86.6     794   224     7.15      5.00      5.10    12    -1.4     794     0   0   0   0      17.436   -66.374
0481  240.00   925.1     22.70     86.6     788   225     7.16      5.08      5.05    12    -1.4     788     0   0   0   0      17.436   -66.374
0482  240.50   925.7     22.74     86.7     782   226     7.17      5.14      5.00    11    -1.4     782     0   0   0   0      17.436   -66.374
0483  241.00   926.3     22.79     86.8     776   226     7.16      5.18      4.93    12    -1.4     776     0   0   0   0      17.436   -66.374
0484  241.50   926.9     22.83     86.8     770   227     7.13      5.21      4.87    12    -1.4     770     0   0   0   0      17.436   -66.374
0485  242.00   927.5     22.88     86.8     765   227     7.09      5.22      4.80    12    -1.5     765     0   0   0   0      17.436   -66.374
0486  242.50   928.2     22.93     86.8     759   228     7.04      5.21      4.73    12    -1.5     759     0   0   0   0      17.436   -66.374
0487  243.00   928.8     22.97     86.7     753   228     6.98      5.18      4.67    12    -1.5     753     0   0   0   0      17.436   -66.374
0488  243.50   929.4     23.02     86.6     747   228     6.91      5.14      4.61    12    -1.5     747     0   0   0   0      17.436   -66.374
0489  244.00   930.0     23.07     86.5     741   228     6.83      5.09      4.56    12    -1.5     741     0   0   0   0      17.436   -66.374
0490  244.50   930.7     23.12     86.3     735   228     6.76      5.04      4.51    12    -1.6     735     0   0   0   0      17.436   -66.374
0491  245.00   931.3     23.17     86.2     729   228     6.70      4.99      4.47    12    -1.6     729     0   0   0   0      17.436   -66.374
0492  245.50   931.9     23.22     86.0     723   228     6.64      4.94      4.44    12    -1.6     723     0   0   0   0      17.436   -66.374
0493  246.00   932.5     23.27     85.8     717   228     6.60      4.91      4.41    12    -1.7     717     0   0   0   0      17.436   -66.374
0494  246.50   933.2     23.32     85.7     712   228     6.57      4.89      4.39    12    -1.7     712     0   0   0   0      17.436   -66.374
0495  247.00   933.8     23.37     85.6     706   228     6.56      4.89      4.38    12    -1.7     706     0   0   0   0      17.436   -66.374
0496  247.50   934.4     23.41     85.5     700   228     6.56      4.89      4.37    12    -1.7     700     0   0   0   0      17.436   -66.374
0497  248.00   935.1     23.46     85.5     694   228     6.56      4.91      4.36    12    -1.8     694     0   0   0   0      17.436   -66.374
0498  248.50   935.7     23.50     85.4     688   229     6.58      4.94      4.34    12    -1.7     688     0   0   0   0      17.436   -66.374
0499  249.00   936.4     23.54     85.4     682   229     6.59      4.97      4.32    12    -1.7     682     0   0   0   0      17.436   -66.374
0500  249.50   937.0     23.59     85.4     676   229     6.60      5.01      4.30    12    -1.7     676     0   0   0   0      17.436   -66.374
0501  250.00   937.6     23.63     85.4     670   230     6.61      5.04      4.27    12    -1.7     670     0   0   0   0      17.436   -66.374
0502  250.50   938.3     23.67     85.3     664   230     6.62      5.08      4.24    12    -1.6     664     0   0   0   0      17.436   -66.374
0503  251.00   938.9     23.71     85.3     658   230     6.62      5.11      4.22    12    -1.6     658     0   0   0   0      17.436   -66.374
0504  251.50   939.5     23.76     85.2     652   231     6.63      5.13      4.20    12    -1.6     652     0   0   0   0      17.436   -66.374
0505  252.00   940.2     23.80     85.1     646   231     6.63      5.14      4.18    12    -1.5     646     0   0   0   0      17.436   -66.374
0506  252.50   940.8     23.85     85.0     640   231     6.63      5.15      4.17    12    -1.5     640     0   0   0   0      17.436   -66.374
0507  253.00   941.4     23.89     84.9     634   231     6.63      5.16      4.17    12    -1.5     634     0   0   0   0      17.436   -66.374
0508  253.50   942.0     23.94     84.8     629   231     6.62      5.15      4.17    12    -1.5     629     0   0   0   0      17.436   -66.374
0509  254.00   942.6     23.99     84.7     623   231     6.62      5.14      4.17    12    -1.5     623     0   0   0   0      17.436   -66.374
0510  254.50   943.3     24.03     84.5     617   231     6.62      5.13      4.18    12    -1.5     617     0   0   0   0      17.436   -66.373
0511  255.00   943.9     24.08     84.4     611   231     6.61      5.11      4.19    12    -1.5     611     0   0   0   0      17.436   -66.373
0512  255.50   944.5     24.12     84.2     605   230     6.61      5.10      4.21    12    -1.5     605     0   0   0   0      17.436   -66.373
0513  256.00   945.1     24.17     84.0     600   230     6.61      5.08      4.23    12    -1.5     600     0   0   0   0      17.436   -66.373
0514  256.50   945.8     24.21     83.8     594   230     6.62      5.07      4.25    12    -1.5     594     0   0   0   0      17.436   -66.373
0515  257.00   946.4     24.26     83.6     588   230     6.62      5.06      4.28    12    -1.5     588     0   0   0   0      17.436   -66.373
0516  257.50   947.0     24.31     83.4     582   229     6.63      5.04      4.31    12    -1.5     582     0   0   0   0      17.436   -66.373
0517  258.00   947.7     24.36     83.1     576   229     6.63      5.02      4.34    11    -1.5     576     0   0   0   0      17.436   -66.373
0518  258.50   948.3     24.41     82.8     570   229     6.63      4.99      4.36    12    -1.5     570     0   0   0   0      17.436   -66.373
0519  259.00   948.9     24.46     82.5     565   228     6.62      4.96      4.39    12    -1.5     565     0   0   0   0      17.436   -66.373
0520  259.50   949.5     24.51     82.2     559   228     6.61      4.92      4.41    12    -1.5     559     0   0   0   0      17.436   -66.373
0521  260.00   950.2     24.57     81.9     553   228     6.59      4.88      4.43    12    -1.5     553     0   0   0   0      17.436   -66.373
0522  260.50   950.8     24.62     81.5     547   227     6.56      4.83      4.44    12    -1.5     547     0   0   0   0      17.436   -66.373
0523  261.00   951.4     24.68     81.2     541   227     6.52      4.77      4.44    12    -1.5     541     0   0   0   0      17.436   -66.373
0524  261.50   952.1     24.73     80.9     535   227     6.48      4.72      4.45    12    -1.5     535     0   0   0   0      17.436   -66.373
0525  262.00   952.7     24.79     80.5     530   226     6.45      4.66      4.45    12    -1.5     530     0   0   0   0      17.436   -66.373
0526  262.50   953.3     24.84     80.2     524   226     6.41      4.61      4.46    12    -1.5     524     0   0   0   0      17.436   -66.373
0527  263.00   953.9     24.90     79.9     518   226     6.39      4.56      4.47    12    -1.4     518     0   0   0   0      17.436   -66.373
0528  263.50   954.6     24.96     79.6     512   225     6.37      4.52      4.48    12    -1.4     512     0   0   0   0      17.436   -66.373
0529  264.00   955.2     25.01     79.3     507   225     6.35      4.48      4.50    11    -1.4     507     0   0   0   0      17.436   -66.373
0530  264.50   955.8     25.06     79.1     501   225     6.35      4.46      4.53    12    -1.4     501     0   0   0   0      17.437   -66.373
0531  265.00   956.4     25.11     79.0     495   224     6.36      4.44      4.55    12    -1.4     495     0   0   0   0      17.437   -66.373
0532  265.50   957.1     25.15     78.9     489   224     6.38      4.44      4.58    12    -1.4     489     0   0   0   0      17.437   -66.373
0533  266.00   957.7     25.19     78.9     483   224     6.40      4.44      4.61    12    -1.4     483     0   0   0   0      17.437   -66.373
0534  266.50   958.3     25.23     78.8     478   224     6.43      4.46      4.64    12    -1.4     478     0   0   0   0      17.437   -66.373
0535  267.00   958.9     25.27     78.8     472   224     6.47      4.48      4.67    12    -1.5     472     0   0   0   0      17.437   -66.373
0536  267.50   959.6     25.30     78.7     466   224     6.51      4.50      4.70    12    -1.5     466     0   0   0   0      17.437   -66.373
0537  268.00   960.2     25.34     78.5     460   224     6.55      4.52      4.74    12    -1.5     460     0   0   0   0      17.437   -66.373
0538  268.50   960.8     25.38     78.3     455   224     6.59      4.54      4.78    11    -1.5     455     0   0   0   0      17.437   -66.373
0539  269.00   961.5     25.41     78.0     449   223     6.63      4.56      4.82    12    -1.5     449     0   0   0   0      17.437   -66.373
0540  269.50   962.1     25.44     77.7     443   223     6.67      4.57      4.86    12    -1.4     443     0   0   0   0      17.437   -66.373
0541  270.00   962.7     25.47     77.4     437   223     6.72      4.59      4.91    12    -1.4     437     0   0   0   0      17.437   -66.373
0542  270.50   963.3     25.50     77.1     431   223     6.78      4.61      4.97    12    -1.4     431     0   0   0   0      17.437   -66.373
0543  271.00   964.0     25.53     76.8     426   223     6.85      4.64      5.04    12    -1.3     426     0   0   0   0      17.437   -66.373
0544  271.50   964.6     25.55     76.5     420   222     6.92      4.67      5.11    11    -1.3     420     0   0   0   0      17.437   -66.373
0545  272.00   965.2     25.58     76.3     414   222     7.00      4.70      5.19    11    -1.3     414     0   0   0   0      17.437   -66.373
0546  272.50   965.8     25.60     76.1     409   222     7.08      4.72      5.27    12    -1.3     409     0   0   0   0      17.437   -66.373
0547  273.00   966.4     25.62     75.9     403   222     7.14      4.74      5.35    11    -1.3     403     0   0   0   0      17.437   -66.373
0548  273.50   967.1     25.64     75.8     397   221     7.20      4.74      5.42    12    -1.3     397     0   0   0   0      17.437   -66.373
0549  274.00   967.7     25.66     75.8     392   221     7.23      4.73      5.48    12    -1.3     392     0   0   0   0      17.437   -66.373
0550  274.50   968.3     25.68     75.8     386   220     7.26      4.70      5.53    12    -1.3     386     0   0   0   0      17.437   -66.373
0551  275.00   968.9     25.69     75.8     380   220     7.27      4.66      5.58    12    -1.3     380     0   0   0   0      17.437   -66.373
0552  275.50   969.5     25.71     75.9     375   219     7.27      4.61      5.62    11    -1.3     375     0   0   0   0      17.437   -66.373
0553  276.00   970.2     25.72     75.9     369   219     7.26      4.56      5.65    12    -1.3     369     0   0   0   0      17.437   -66.373
0554  276.50   970.8     25.73     75.9     364   218     7.25      4.51      5.67    12    -1.3     364     0   0   0   0      17.437   -66.373
0555  277.00   971.4     25.75     76.0     358   218     7.23      4.46      5.69    12    -1.3     358     0   0   0   0      17.437   -66.372
0556  277.50   972.0     25.76     76.0     352   218     7.20      4.41      5.70    12    -1.3     352     0   0   0   0      17.437   -66.372
0557  278.00   972.6     25.78     76.0     347   217     7.18      4.36      5.70    11    -1.2     347     0   0   0   0      17.437   -66.372
0558  278.50   973.3     25.80     75.9     341   217     7.15      4.30      5.71    12    -1.2     341     0   0   0   0      17.437   -66.372
0559  279.00   973.9     25.82     75.9     335   217     7.13      4.25      5.72    12    -1.2     335     0   0   0   0      17.437   -66.372
0560  279.50   974.5     25.84     75.8     330   216     7.11      4.19      5.74    11    -1.2     330     0   0   0   0      17.437   -66.372
0561  280.00   975.1     25.86     75.7     324   216     7.09      4.14      5.76    11    -1.2     324     0   0   0   0      17.437   -66.372
0562  280.50   975.7     25.88     75.7     318   215     7.08      4.08      5.78    12    -1.2     318     0   0   0   0      17.437   -66.372
0563  281.00   976.4     25.90     75.7     313   215     7.07      4.03      5.82    11    -1.1     313     0   0   0   0      17.437   -66.372
0564  281.50   977.0     25.92     75.7     307   214     7.08      3.98      5.86    12    -1.1     307     0   0   0   0      17.437   -66.372
0565  282.00   977.6     25.94     75.7     302   214     7.09      3.93      5.90    11    -1.1     302     0   0   0   0      17.437   -66.372
0566  282.50   978.2     25.96     75.8     296   213     7.11      3.88      5.96    12    -1.2     296     0   0   0   0      17.437   -66.372
0567  283.00   978.8     25.98     76.0     291   212     7.13      3.83      6.02    12    -1.2     291     0   0   0   0      17.437   -66.372
0568  283.50   979.4     25.99     76.2     285   212     7.17      3.78      6.09    12    -1.2     285     0   0   0   0      17.437   -66.372
0569  284.00   980.1     26.00     76.5     279   211     7.21      3.73      6.17    12    -1.2     279     0   0   0   0      17.437   -66.372
0570  284.50   980.7     26.01     76.8     274   210     7.27      3.68      6.27    12    -1.2     274     0   0   0   0      17.437   -66.372
0571  285.00   981.3     26.01     77.2     268   210     7.33      3.63      6.37    12    -1.2     268     0   0   0   0      17.438   -66.372
0572  285.50   981.9     26.00     77.5     263   209     7.41      3.59      6.48    12    -1.3     263     0   0   0   0      17.438   -66.372
0573  286.00   982.6     26.00     77.7     257   208     7.50      3.57      6.60    12    -1.3     257     0   0   0   0      17.438   -66.372
0574  286.50   983.2     25.99     77.8     251   208     7.60      3.55      6.72    12    -1.3     251     0   0   0   0      17.438   -66.372
0575  287.00   983.8     25.97     77.9     246   207     7.71      3.55      6.84    11    -1.3     246     0   0   0   0      17.438   -66.372
0576  287.50   984.4     25.96     77.9     240   207     7.81      3.57      6.95     9    -1.3     240     0   0   0   0      17.438   -66.372
0577  288.00   985.1     25.95     77.8     234   207     7.91      3.60      7.05    12    -1.2     234     0   0   0   0      17.438   -66.372
0578  288.50   985.7     25.94     77.7     229   207     8.01      3.65      7.13    10    -1.2     229     0   0   0   0      17.438   -66.372
0579  289.00   986.3     25.93     77.6     223   207     8.08      3.70      7.19    12    -1.2     223     0   0   0   0      17.438   -66.372
0580  289.50   986.9     25.92     77.6     218   208     8.14      3.76      7.22    11    -1.2     218     0   0   0   0      17.438   -66.372
0581  290.00   987.6     25.92     77.6     212   208     8.18      3.83      7.23    10    -1.2     212     0   0   0   0      17.438   -66.372
0582  290.50   988.2     25.92     77.7     206   208     8.21      3.91      7.22    12    -1.2     206     0   0   0   0      17.438   -66.372
0583  291.00   988.8     25.92     77.9     201   209     8.23      3.99      7.20    10    -1.2     201     0   0   0   0      17.438   -66.372
0584  291.50   989.4     25.92     78.4     195   210     8.25      4.07      7.18    11    -1.2     195     0   0   0   0      17.438   -66.372
0585  292.00   990.0     25.92     79.0     190   210     8.27      4.15      7.15    11    -1.2     190     0   0   0   0      17.438   -66.372
0586  292.50   990.7     25.91     79.8     184   211     8.30      4.24      7.13    11    -1.2     184     0   0   0   0      17.438   -66.372
0587  293.00   991.3     25.90     80.8     179   211     8.34      4.33      7.13    11    -1.3     179     0   0   0   0      17.438   -66.372
0588  293.50   991.9     25.89     81.9     173   212     8.41      4.41      7.16    10    -1.3     173     0   0   0   0      17.438   -66.372
0589  294.00   992.5     25.87     83.0     167   212     8.49      4.49      7.20    10    -1.3     167     0   0   0   0      17.438   -66.372
0590  294.50   993.2     25.84     84.0     162   212     8.58      4.56      7.26    10    -1.4     162     0   0   0   0      17.438   -66.372
0591  295.00   993.8     25.82     84.9     156   212     8.68      4.63      7.34    10    -1.4     156     0   0   0   0      17.438   -66.372
0592  295.50   994.5     25.79     85.6     150   212     8.78      4.70      7.42    10    -1.4     150     0   0   0   0      17.438   -66.372
0593  296.00   995.1     25.77     86.1     145   212     8.88      4.77      7.49    12    -1.4     145     0   0   0   0      17.438   -66.372
0594  296.50   995.7     25.75     86.5     139   213     8.97      4.83      7.56    11    -1.4     139     0   0   0   0      17.438   -66.372
0595  297.00   996.4     25.74     86.8     133   213     9.06      4.89      7.63    11    -1.5     133     0   0   0   0      17.438   -66.372
0596  297.50   997.0     25.74     86.9     128   213     9.15      4.95      7.69    11    -1.5     128     0   0   0   0      17.438   -66.372
0597  298.00   997.7     25.75     86.9     122   213     9.23      5.01      7.75    12    -1.5     122     0   0   0   0      17.438   -66.372
0598  298.50   998.3     25.76     86.9     116   213     9.31      5.06      7.81    12    -1.5     116     0   0   0   0      17.438   -66.372
0599  299.00   998.9     25.78     86.7     111   213     9.38      5.11      7.87    12    -1.5     111     0   0   0   0      17.438   -66.372
0600  299.50   999.6     25.80     86.5     105   213     9.46      5.16      7.92     9    -1.5     105     0   0   0   0      17.438   -66.372
0601  300.00  1000.2     25.84     86.3      99   213     9.53      5.20      7.98    12    -1.5      99     0   0   0   0      17.438   -66.372
0602  300.50  1000.9     25.87     86.0      93   213     9.59      5.24      8.04    10    -1.6      93     0   0   0   0      17.439   -66.372
0603  301.00  1001.5     25.91     85.8      88   213     9.65      5.26      8.09    10    -1.6      88     0   0   0   0      17.439   -66.372
0604  301.50  1002.2     25.96     85.6      82   213     9.70      5.28      8.14    11    -1.6      82     0   0   0   0      17.439   -66.372
0605  302.00  1002.8     26.00     85.3      76   213     9.74      5.29      8.18    10    -1.6      76     0   0   0   0      17.439   -66.371
0606  302.50  1003.5     26.05     85.1      70   213     9.77      5.30      8.21    10    -1.7      70     0   0   0   0      17.439   -66.371
0607  303.00  1004.1     26.10     84.9      65   213     9.79      5.31      8.23    10    -1.7      65     0   0   0   0      17.439   -66.371
0608  303.50  1004.8     26.14     84.7      59   213     9.80      5.32      8.23    10    -1.7      59     0   0   0   0      17.439   -66.371
0609  304.00  1005.5     26.19     84.6      53   213     9.80      5.33      8.22    10    -1.7      53     0   0   0   0      17.439   -66.371
0610  304.50  1006.1     26.24     84.5      47   213     9.79      5.35      8.19    10    -1.7      47     0   0   0   0      17.439   -66.371
0611  305.00  1006.8     26.28     84.4      42   213     9.76      5.37      8.16    10    -1.7      42     0   0   0   0      17.439   -66.371
0612  305.50  1007.4     26.33     84.4      36   214     9.74      5.39      8.12    10    -1.7      36     0   0   0   0      17.439   -66.371
0613  306.00  1008.0     26.37     84.4      30   214     9.73      5.42      8.08    11    -1.7      30     0   0   0   0      17.439   -66.371
0614  306.50  1008.7     26.42     84.3      24   214     9.72      5.45      8.04    10    -1.7      24     0   0   0   0      17.439   -66.371
0615  307.00  1009.4     26.46     84.3      18   214     9.70      5.49      8.00    12    -1.7      18     0   0   0   0      17.439   -66.371
0616  307.50  1010.1     26.51     84.3      12   215     9.66      5.50      7.94    11    -1.7      12     0   0   0   0      17.439   -66.371
0617  308.00  -999.0   -999.00   -999.0    -999   215     9.60      5.51      7.86    11  -999.0    -999     0   0   0   0      17.439   -66.371
0618  308.54  1011.5     26.56     84.2       0  -999  -999.00   -999.00   -999.00  -999  -999.0       0     0   0   0   0    -999.000  -999.000
