 ===========================================================================
 DROPWINDSONDE PROCESSING RECORD                            Sonde: 980730067
 PDS file written Nov 22, 1999.                             Format:    V4.03
 Aircraft: AFRES C-130                       Date: 980922   Time: 010435 UTC
 ---------------------------------------------------------------------------
 Bias corrections:  PR =    .0 mb  TE =    .0 C  RH =   7.0 %  PRB =   .0 mb
 Filters (LPF):     PTH =   5 s    WIND =   5 s       Hyd anchor =       SFC
 RH T-compensation =  Y     WSHR COR =      Y         Splash PR  = 1002.9 mb
 Estimated PR used =  N     GPS VERR =    .30 m/s     HYD SFCP   = 1001.5 mb
 Dyn T correction  =  Y     WGACORR  =     .0 m       AC GA ADJ  =     .0 m
 ---------------------------------------------------------------------------
 COMMENTS: None                                                        
 ===========================================================================

 ===========================================================================
 Date: 980922   Lat:  17.10 N   TA: -999.0 C   PS:  693.0 mb   WD:   306 deg
 Time: 010435   Lon:  67.14 W   TD:    6.6 C   GA:   3184 m    WS:  22.0 m/s
 SID:  980730067                RH: -999.0 %   Navaid:   GP          
 ===========================================================================

IX      t (s)  P (mb)    T (C)    RH (%)  Z (m)   WD    WS (m/s)   U (m/s)   V (m/s)  NS  WZ (m/s)  ZW (m)   FP  FT  FH  FW    LAT (N)   LON (E)
0001      .4   693.6   -999.00   -999.0    -999   306    21.94     17.76    -12.88  -999  -999.0    -999     3   0   0   4      17.100   -67.140
0002      .9   694.3   -999.00   -999.0    -999   306    21.88     17.72    -12.83  -999  -999.0    -999     3   0   0   4      17.100   -67.140
0003     1.4   694.9   -999.00   -999.0    -999   306    21.82     17.68    -12.78  -999  -999.0    -999     3   0   0   4      17.100   -67.140
0004     1.9   695.5   -999.00   -999.0    -999   306    21.76     17.65    -12.73  -999  -999.0    -999     3   0   0   4      17.100   -67.140
0005     2.4   696.1   -999.00   -999.0    -999   306    21.69     17.61    -12.67  -999  -999.0    -999     3   0   0   4      17.100   -67.140
0006     2.9   696.8   -999.00   -999.0    -999   306    21.63     17.57    -12.62  -999  -999.0    -999     3   0   0   4      17.100   -67.139
0007     3.4   697.4   -999.00   -999.0    -999   306    21.57     17.53    -12.57  -999  -999.0    -999     3   0   0   4      17.100   -67.139
0008     3.9   698.0   -999.00   -999.0    -999   306    21.51     17.49    -12.52  -999  -999.0    -999     3   0   0   4      17.100   -67.139
0009     4.4   698.6   -999.00   -999.0    -999   306    21.45     17.46    -12.47  -999  -999.0    -999     3   0   0   4      17.099   -67.139
0010     4.9   699.3   -999.00   -999.0    -999   305    21.39     17.42    -12.42  -999  -999.0    -999     3   0   0   4      17.099   -67.139
0011     5.4   699.9   -999.00   -999.0    -999   305    21.33     17.38    -12.36  -999  -999.0    -999     3   0   0   4      17.099   -67.139
0012     5.9   700.5   -999.00   -999.0    -999   305    21.27     17.34    -12.31  -999  -999.0    -999     3   0   0   4      17.099   -67.139
0013     6.4   701.2   -999.00   -999.0    -999   305    21.21     17.30    -12.26  -999  -999.0    -999     3   0   0   4      17.099   -67.139
0014     6.9   701.8   -999.00   -999.0    -999   305    21.15     17.27    -12.21  -999  -999.0    -999     3   0   0   4      17.099   -67.139
0015     7.4   702.4   -999.00   -999.0    -999   305    21.09     17.23    -12.16  -999  -999.0    -999     3   0   0   4      17.099   -67.139
0016     7.9   703.0   -999.00   -999.0    -999   305    21.02     17.19    -12.11  -999  -999.0    -999     3   0   0   4      17.099   -67.139
0017     8.4   703.7   -999.00   -999.0    -999   305    20.96     17.15    -12.05  -999  -999.0    -999     3   0   0   4      17.099   -67.139
0018     8.9   704.3   -999.00   -999.0    -999   305    20.90     17.11    -12.00  -999  -999.0    -999     3   0   0   4      17.099   -67.138
0019     9.4   704.9   -999.00   -999.0    -999   305    20.84     17.08    -11.95  -999  -999.0    -999     3   0   0   4      17.099   -67.138
0020     9.9   705.5   -999.00   -999.0    -999   305    20.78     17.04    -11.90  -999  -999.0    -999     3   0   0   4      17.099   -67.138
0021    10.4   706.2   -999.00   -999.0    -999   305    20.72     17.00    -11.85  -999  -999.0    -999     3   0   0   4      17.099   -67.138
0022    10.9   706.8   -999.00     70.3    -999   305    20.66     16.96    -11.79  -999  -999.0    -999     3   0   4   4      17.099   -67.138
0023    11.4   707.4   -999.00     70.0    -999   305    20.60     16.92    -11.74  -999  -999.0    -999     3   0   4   4      17.099   -67.138
0024    11.9   708.1   -999.00     70.0    -999   305    20.54     16.89    -11.69  -999  -999.0    -999     3   0   4   4      17.099   -67.138
0025    12.4   708.7   -999.00     70.0    -999   305    20.48     16.85    -11.64  -999  -999.0    -999     3   0   4   4      17.099   -67.138
0026    12.9   709.3   -999.00     70.0    -999   305    20.42     16.81    -11.59  -999  -999.0    -999     3   0   4   4      17.099   -67.138
0027    13.4   709.9   -999.00     69.9    -999   305    20.36     16.77    -11.54  -999  -999.0    -999     3   0   4   4      17.099   -67.138
0028    13.9   710.6   -999.00     69.8    -999   304    20.30     16.73    -11.48  -999  -999.0    -999     3   0   4   4      17.098   -67.138
0029    14.4   711.2   -999.00     69.7    -999   304    20.24     16.70    -11.43  -999  -999.0    -999     3   0   4   4      17.098   -67.138
0030    14.9   711.8   -999.00     69.5    -999   304    20.17     16.66    -11.38  -999  -999.0    -999     3   0   4   4      17.098   -67.138
0031    15.4   712.4   -999.00     69.4    -999   304    20.11     16.62    -11.33  -999  -999.0    -999     3   0   4   4      17.098   -67.137
0032    15.9   713.1     12.55     69.2    2967   304    20.05     16.58    -11.28  -999  -999.0    2967     0   0   4   4      17.098   -67.137
0033    16.4   713.7     12.60     69.0    2960   304    19.99     16.54    -11.22  -999  -999.0    2960     0   0   4   4      17.098   -67.137
0034    16.9   714.3     12.64     68.8    2952   304    19.93     16.51    -11.17  -999  -999.0    2952     0   0   4   4      17.098   -67.137
0035    17.4   714.9     12.67     68.7    2945   304    19.87     16.47    -11.12  -999  -999.0    2945     0   0   4   4      17.098   -67.137
0036    17.9   715.6     12.71     68.6    2937   304    19.81     16.43    -11.07  -999     -.8    2937     0   0   4   4      17.098   -67.137
0037    18.4   716.2     12.76     68.5    2929   304    19.75     16.39    -11.02  -999     -.9    2929     0   0   4   4      17.098   -67.137
0038    18.9   716.9     12.80     68.5    2922   304    19.69     16.35    -10.97  -999     -.9    2922     0   0   4   4      17.098   -67.137
0039    19.4   717.5     12.84     68.6    2914   304    19.45     16.20    -10.75  -999     -.9    2914     0   0   4   4      17.098   -67.137
0040    19.9   718.2     12.88     68.7    2907   304    19.39     16.16    -10.70  -999     -.9    2907     0   0   4   4      17.098   -67.137
0041    20.4   718.8     12.91     68.8    2899   303    19.33     16.13    -10.65  -999     -.9    2899     0   0   4   4      17.098   -67.137
0042    20.9   719.5     12.95     69.0    2891   303    19.26     16.09    -10.60  -999     -.8    2891     0   0   4   4      17.098   -67.137
0043    21.4   720.1     12.98     69.2    2884   303    19.20     16.05    -10.55  -999     -.8    2884     0   0   4   4      17.098   -67.137
0044    21.9   720.8     13.01     69.3    2876   303    19.14     16.01    -10.49  -999     -.8    2876     0   0   4   4      17.098   -67.136
0045    22.4   721.4     13.04     69.4    2869   303    19.08     15.97    -10.44  -999     -.7    2869     0   0   4   4      17.098   -67.136
0046    22.9   722.0     13.07     69.5    2861   303    19.02     15.93    -10.40  -999     -.7    2861     0   0   4   4      17.098   -67.136
0047    23.4   722.7     13.10     69.5    2854   303    18.96     15.89    -10.35  -999     -.7    2854     0   0   4   4      17.098   -67.136
0048    23.9   723.3     13.14     69.5    2846   303    18.91     15.86    -10.30  -999     -.7    2846     0   0   4   4      17.097   -67.136
0049    24.4   724.0     13.18     69.6    2839   303    18.86     15.83    -10.25  -999     -.7    2839     0   0   4   4      17.097   -67.136
0050    24.9   724.6     13.22     69.7    2832   303    18.80     15.80    -10.19  -999     -.7    2832     0   0   4   4      17.097   -67.136
0051    25.4   725.2     13.25     69.9    2824   303    18.74     15.77    -10.13  -999     -.7    2824     0   0   4   4      17.097   -67.136
0052    25.9   725.9     13.29     70.1    2817   303    18.67     15.73    -10.07  -999     -.7    2817     0   0   4   4      17.097   -67.136
0053    26.4   726.5     13.33     70.3    2809   303    18.60     15.68    -10.01  -999     -.7    2809     0   0   4   4      17.097   -67.136
0054    26.9   727.2     13.36     70.5    2802   303    18.53     15.62     -9.96  -999     -.7    2802     0   0   4   4      17.097   -67.136
0055    27.4   727.8     13.39     70.7    2794   303    18.46     15.56     -9.92  -999     -.7    2794     0   0   4   4      17.097   -67.136
0056    27.9   728.4     13.43     70.7    2787   303    18.40     15.51     -9.89  -999     -.7    2787     0   0   4   4      17.097   -67.136
0057    28.4   729.1     13.46     70.7    2780   303    18.35     15.47     -9.87  -999     -.8    2780     0   0   4   4      17.097   -67.136
0058    28.9   729.7     13.50     70.7    2772   302    18.32     15.46     -9.83  -999     -.8    2772     0   0   4   4      17.097   -67.135
0059    29.4   730.4     13.55     70.6    2765   302    18.29     15.47     -9.76  -999     -.8    2765     0   0   4   4      17.097   -67.135
0060    29.9   731.0     13.59     70.4    2757   302    18.26     15.49     -9.67  -999     -.8    2757     0   0   4   4      17.097   -67.135
0061    30.4   731.7     13.64     70.2    2749   302    18.22     15.52     -9.54     4     -.9    2749     0   0   4   0      17.097   -67.135
0062    30.9   732.3     13.69     70.0    2742   301    18.15     15.54     -9.38     4     -.9    2742     0   0   4   0      17.097   -67.135
0063    31.4   733.0     13.74     69.8    2734   301    18.06     15.54     -9.22     4     -.9    2734     0   0   4   0      17.097   -67.135
0064    31.9   733.6     13.80     69.6    2727   300    17.96     15.50     -9.06     4     -.9    2727     0   0   4   0      17.097   -67.135
0065    32.4   734.3     13.85     69.3    2719   300    17.84     15.44     -8.94     5     -.9    2719     0   0   4   0      17.097   -67.135
0066    32.9   735.0     13.91     69.0    2712   300    17.72     15.35     -8.85     5     -.9    2712     0   0   4   0      17.097   -67.135
0067    33.4   735.6     13.97     68.7    2704   300    17.62     15.26     -8.81     4     -.9    2704     0   0   4   0      17.097   -67.135
0068    33.9   736.3     14.04     68.5    2697   300    17.55     15.18     -8.79     4     -.9    2697     0   0   4   0      17.097   -67.135
0069    34.4   736.9     14.10     68.2    2689   300    17.52     15.15     -8.80     4     -.9    2689     0   0   4   0      17.097   -67.135
0070    34.9   737.6     14.17     67.9    2682   300    17.54     15.17     -8.80     4     -.9    2682     0   0   4   0      17.097   -67.135
0071    35.4   738.2     14.24     67.7    2674   300    17.61     15.26     -8.80     4     -.8    2674     0   0   4   0      17.096   -67.134
0072    35.9   738.9     14.30     67.4    2667   300    17.72     15.39     -8.78     5     -.8    2667     0   0   4   0      17.096   -67.134
0073    36.4   739.5     14.36     67.0    2659   299    17.84     15.55     -8.75     5     -.8    2659     0   0   4   0      17.096   -67.134
0074    36.9   740.2     14.42     66.7    2652   299    17.96     15.70     -8.71     5     -.7    2652     0   0   4   0      17.096   -67.134
0075    37.4   740.8     14.48     66.5    2645   299    18.04     15.83     -8.66     5     -.7    2645     0   0   4   0      17.096   -67.134
0076    37.9   741.5     14.53     66.3    2637   298    18.07     15.89     -8.60     5     -.7    2637     0   0   4   0      17.096   -67.134
0077    38.4   742.1     14.58     66.3    2630   298    18.02     15.88     -8.52     5     -.7    2630     0   0   4   0      17.096   -67.134
0078    38.9   742.8     14.62     66.4    2623   298    17.88     15.78     -8.42     4     -.7    2623     0   0   4   0      17.096   -67.134
0079    39.4   743.4     14.65     66.8    2615   298    17.67     15.61     -8.28     4     -.7    2615     0   0   4   0      17.096   -67.134
0080    39.9   744.0     14.68     67.4    2608   298    17.39     15.39     -8.11     5     -.7    2608     0   0   4   0      17.096   -67.134
0081    40.4   744.7     14.70     68.0    2600   298    17.09     15.14     -7.92     5     -.7    2600     0   0   4   0      17.096   -67.134
0082    40.9   745.3     14.72     68.8    2593   297    16.78     14.90     -7.72     4     -.7    2593     0   0   4   0      17.096   -67.134
0083    41.4   746.0     14.73     69.4    2586   297    16.51     14.69     -7.53     4     -.7    2586     0   0   4   0      17.096   -67.134
0084    41.9   746.7     14.74     69.9    2578   297    16.28     14.51     -7.38     4     -.7    2578     0   0   4   0      17.096   -67.134
0085    42.4   747.3     14.76     70.3    2571   297    16.10     14.36     -7.28     4     -.7    2571     0   0   4   0      17.096   -67.133
0086    42.9   748.0     14.77     70.5    2563   297    15.97     14.24     -7.23     4     -.7    2563     0   0   4   0      17.096   -67.133
0087    43.4   748.6     14.79     70.5    2556   297    15.86     14.13     -7.21     5     -.7    2556     0   0   4   0      17.096   -67.133
0088    43.9   749.3     14.81     70.5    2549   297    15.77     14.03     -7.20     5     -.7    2549     0   0   4   0      17.096   -67.133
0089    44.4   749.9     14.83     70.6    2541   297    15.67     13.93     -7.17     5     -.8    2541     0   0   4   0      17.096   -67.133
0090    44.9   750.6     14.85     70.8    2534   297    15.54     13.82     -7.11     5     -.8    2534     0   0   4   0      17.096   -67.133
0091    45.4   751.2     14.87     71.2    2527   297    15.38     13.71     -6.98     5     -.8    2527     0   0   4   0      17.096   -67.133
0092    45.9   751.9     14.89     71.8    2519   297    15.21     13.60     -6.80     5     -.8    2519     0   0   4   0      17.096   -67.133
0093    46.4   752.5     14.90     72.4    2512   296    15.02     13.51     -6.58     5     -.9    2512     0   0   4   0      17.096   -67.133
0094    46.9   753.2     14.92     73.1    2504   295    14.84     13.42     -6.34     5     -.9    2504     0   0   4   0      17.096   -67.133
0095    47.4   753.9     14.93     73.7    2497   295    14.66     13.33     -6.10     5     -.9    2497     0   0   4   0      17.096   -67.133
0096    47.9   754.5     14.95     74.2    2489   294    14.50     13.25     -5.89     5     -.8    2489     0   0   4   0      17.096   -67.133
0097    48.4   755.2     14.97     74.3    2482   294    14.35     13.16     -5.73     5     -.8    2482     0   0   4   0      17.096   -67.133
0098    48.9   755.8     14.99     74.3    2475   293    14.23     13.08     -5.61     5     -.8    2475     0   0   4   0      17.096   -67.133
0099    49.4   756.5     15.02     74.0    2467   293    14.12     12.99     -5.53     5     -.8    2467     0   0   4   0      17.096   -67.133
0100    49.9   757.1     15.05     73.7    2460   293    14.04     12.92     -5.48     6     -.8    2460     0   0   4   0      17.096   -67.133
0101    50.4   757.8     15.09     73.5    2452   293    13.98     12.87     -5.46     7     -.8    2452     0   0   4   0      17.096   -67.132
0102    50.9   758.5     15.14     73.4    2445   293    13.93     12.82     -5.45     7     -.9    2445     0   0   4   0      17.095   -67.132
0103    51.4   759.1     15.18     73.4    2438   293    13.90     12.79     -5.44     6     -.8    2438     0   0   4   0      17.095   -67.132
0104    51.9   759.8     15.23     73.7    2430   293    13.87     12.76     -5.44     6     -.8    2430     0   0   4   0      17.095   -67.132
0105    52.4   760.5     15.27     74.1    2423   293    13.82     12.72     -5.42     7     -.7    2423     0   0   4   0      17.095   -67.132
0106    52.9   761.1     15.31     74.5    2415   293    13.75     12.65     -5.38     6     -.6    2415     0   0   4   0      17.095   -67.132
0107    53.4   761.8     15.35     74.9    2408   293    13.64     12.56     -5.32     6     -.5    2408     0   0   4   0      17.095   -67.132
0108    53.9   762.4     15.39     75.2    2401   293    13.52     12.46     -5.23     7     -.3    2401     0   0   4   0      17.095   -67.132
0109    54.4   763.0     15.43     75.4    2394   293    13.38     12.36     -5.12     7     -.3    2394     0   0   4   0      17.095   -67.132
0110    54.9   763.7     15.47     75.4    2387   292    13.26     12.28     -5.00     7     -.2    2387     0   0   4   0      17.095   -67.132
0111    55.4   764.3     15.52     75.2    2380   292    13.19     12.25     -4.90     7     -.2    2380     0   0   4   0      17.095   -67.132
0112    55.9   764.9     15.57     75.0    2373   291    13.17     12.26     -4.82     7     -.3    2373     0   0   4   0      17.095   -67.132
0113    56.4   765.5     15.62     74.7    2366   291    13.23     12.32     -4.80     7     -.4    2366     0   0   4   0      17.095   -67.132
0114    56.9   766.2     15.67     74.4    2359   291    13.35     12.43     -4.85     7     -.6    2359     0   0   4   0      17.095   -67.132
0115    57.4   766.8     15.73     74.1    2352   292    13.52     12.58     -4.96     7     -.7    2352     0   0   4   0      17.095   -67.132
0116    57.9   767.5     15.80     73.9    2344   292    13.73     12.74     -5.11     6     -.9    2344     0   0   4   0      17.095   -67.132
0117    58.4   768.2     15.86     73.7    2337   292    13.95     12.91     -5.27     6    -1.0    2337     0   0   4   0      17.095   -67.131
0118    58.9   768.9     15.93     73.4    2329   292    14.14     13.07     -5.39     5    -1.0    2329     0   0   4   0      17.095   -67.131
0119    59.4   769.6     16.00     73.2    2322   292    14.29     13.21     -5.45     5    -1.0    2322     0   0   4   0      17.095   -67.131
0120    59.9   770.2     16.06     73.0    2314   292    14.38     13.33     -5.41     5     -.9    2314     0   0   4   3      17.095   -67.131
0121    60.4   770.9     16.13     72.8    2307   292    14.42     13.41     -5.29     5     -.9    2307     0   0   4   0      17.095   -67.131
0122    60.9   771.6     16.20     72.6    2299   291    14.40     13.46     -5.10     5     -.8    2299     0   0   4   0      17.095   -67.131
0123    61.4   772.2     16.27     72.5    2292   290    14.34     13.48     -4.89     5     -.8    2292     0   0   4   0      17.095   -67.131
0124    61.9   772.9     16.33     72.3    2285   289    14.25     13.46     -4.69     5     -.7    2285     0   0   4   0      17.095   -67.131
0125    62.4   773.5     16.39     72.1    2278   289    14.15     13.41     -4.52     5     -.7    2278     0   0   4   0      17.095   -67.131
0126    62.9   774.2     16.45     71.8    2270   288    14.06     13.35     -4.40     5     -.6    2270     0   0   4   0      17.095   -67.131
0127    63.4   774.8     16.52     71.4    2263   288    13.98     13.29     -4.33     5     -.6    2263     0   0   4   0      17.095   -67.131
0128    63.9   775.5     16.58     70.9    2256   288    13.92     13.24     -4.30     5     -.6    2256     0   0   4   0      17.095   -67.131
0129    64.4   776.2     16.65     70.5    2249   288    13.88     13.20     -4.29     6     -.6    2249     0   0   4   0      17.095   -67.131
0130    64.9   776.8     16.72     70.1    2241   288    13.87     13.19     -4.29     6     -.5    2241     0   0   4   0      17.095   -67.131
0131    65.4   777.5     16.79     70.0    2234   288    13.87     13.19     -4.30     5     -.5    2234     0   0   4   0      17.095   -67.131
0132    65.9   778.1     16.86     70.1    2227   288    13.90     13.20     -4.34     7     -.5    2227     0   0   4   0      17.095   -67.131
0133    66.4   778.8     16.92     70.5    2220   289    13.93     13.21     -4.43     7     -.5    2220     0   0   4   0      17.095   -67.131
0134    66.9   779.4     16.97     71.1    2213   289    13.98     13.21     -4.57     6     -.5    2213     0   0   4   0      17.095   -67.130
0135    67.4   780.1     17.01     71.9    2206   290    14.04     13.21     -4.77     6     -.6    2206     0   0   4   0      17.095   -67.130
0136    67.9   780.7     17.05     72.8    2199   291    14.12     13.20     -5.02     6     -.7    2199     0   0   4   0      17.095   -67.130
0137    68.4   781.4     17.08     73.5    2191   292    14.20     13.18     -5.29     5     -.7    2191     0   0   4   0      17.095   -67.130
0138    68.9   782.0     17.11     73.9    2184   293    14.29     13.17     -5.54     6     -.8    2184     0   0   4   0      17.095   -67.130
0139    69.4   782.7     17.15     74.1    2177   294    14.37     13.17     -5.74     6     -.8    2177     0   0   4   0      17.095   -67.130
0140    69.9   783.4     17.18     74.1    2169   294    14.42     13.17     -5.86     6     -.8    2169     0   0   4   0      17.095   -67.130
0141    70.4   784.0     17.22     73.7    2162   294    14.44     13.18     -5.90     5     -.8    2162     0   0   4   0      17.095   -67.130
0142    70.9   784.7     17.27     73.3    2155   294    14.43     13.18     -5.86     6     -.8    2155     0   0   4   0      17.095   -67.130
0143    71.4   785.4     17.32     72.8    2148   294    14.38     13.17     -5.77     7     -.8    2148     0   0   4   0      17.095   -67.130
0144    71.9   786.1     17.38     72.3    2140   293    14.32     13.15     -5.66     7     -.7    2140     0   0   4   0      17.095   -67.130
0145    72.4   786.7     17.43     72.0    2133   293    14.26     13.12     -5.57     7     -.7    2133     0   0   4   0      17.094   -67.130
0146    72.9   787.4     17.49     71.8    2126   293    14.21     13.09     -5.52     6     -.6    2126     0   0   4   0      17.094   -67.130
0147    73.4   788.0     17.54     71.8    2119   293    14.19     13.07     -5.51     6     -.6    2119     0   0   4   0      17.094   -67.130
0148    73.9   788.7     17.59     71.9    2112   293    14.20     13.07     -5.54     7     -.5    2112     0   0   4   0      17.094   -67.130
0149    74.4   789.4     17.64     72.1    2104   293    14.24     13.10     -5.59     6     -.5    2104     0   0   4   0      17.094   -67.130
0150    74.9   790.0     17.69     72.3    2097   293    14.31     13.15     -5.63     6     -.5    2097     0   0   4   0      17.094   -67.129
0151    75.4   790.7     17.73     72.5    2090   293    14.39     13.23     -5.66     6     -.5    2090     0   0   4   0      17.094   -67.129
0152    75.9   791.3     17.77     72.8    2083   293    14.49     13.33     -5.67     6     -.5    2083     0   0   4   0      17.094   -67.129
0153    76.4   792.0     17.81     72.9    2076   293    14.58     13.44     -5.65     6     -.5    2076     0   0   4   0      17.094   -67.129
0154    76.9   792.6     17.85     73.0    2069   293    14.66     13.54     -5.62     6     -.5    2069     0   0   4   0      17.094   -67.129
0155    77.4   793.3     17.89     73.1    2062   292    14.73     13.62     -5.59     6     -.6    2062     0   0   4   0      17.094   -67.129
0156    77.9   793.9     17.92     73.2    2055   292    14.78     13.69     -5.56     5     -.6    2055     0   0   4   0      17.094   -67.129
0157    78.4   794.6     17.95     73.2    2047   292    14.82     13.75     -5.54     6     -.5    2047     0   0   4   0      17.094   -67.129
0158    78.9   795.3     17.97     73.3    2040   292    14.85     13.79     -5.51     6     -.5    2040     0   0   4   0      17.094   -67.129
0159    79.4   795.9     17.99     73.3    2033   292    14.87     13.83     -5.48     6     -.5    2033     0   0   4   0      17.094   -67.129
0160    79.9   796.6     18.02     73.3    2026   291    14.89     13.87     -5.42     6     -.4    2026     0   0   4   0      17.094   -67.129
0161    80.4   797.2     18.04     73.3    2019   291    14.90     13.91     -5.34     6     -.4    2019     0   0   4   0      17.094   -67.129
0162    80.9   797.9     18.07     73.3    2012   291    14.92     13.96     -5.25     6     -.4    2012     0   0   4   0      17.094   -67.129
0163    81.4   798.5     18.10     73.3    2005   290    14.93     14.01     -5.14     6     -.3    2005     0   0   4   3      17.094   -67.129
0164    81.9   799.2     18.13     73.2    1998   290    14.94     14.06     -5.05     6     -.3    1998     0   0   4   0      17.094   -67.129
0165    82.4   799.8     18.17     73.2    1991   289    14.94     14.08     -4.99     6     -.3    1991     0   0   4   3      17.094   -67.128
0166    82.9   800.5     18.20     73.2    1984   289    14.93     14.08     -4.96     6     -.4    1984     0   0   4   0      17.094   -67.128
0167    83.4   801.1     18.24     73.2    1977   290    14.91     14.05     -4.98     6     -.4    1977     0   0   4   0      17.094   -67.128
0168    83.9   801.8     18.27     73.3    1970   290    14.88     14.00     -5.04     7     -.4    1970     0   0   4   0      17.094   -67.128
0169    84.4   802.4     18.29     73.5    1963   290    14.84     13.92     -5.14     7     -.4    1963     0   0   4   0      17.094   -67.128
0170    84.9   803.1     18.30     73.7    1956   291    14.80     13.84     -5.26     5     -.4    1956     3   3   4   0      17.094   -67.128
0171    85.4   803.8     18.31     73.9    1949   291    14.78     13.76     -5.39     6     -.4    1949     0   0   4   0      17.094   -67.128
0172    85.9   804.4     18.33     74.1    1942   292    14.79     13.72     -5.52     6     -.4    1942     0   0   4   0      17.094   -67.128
0173    86.4   805.1     18.34     74.2    1935   292    14.82     13.70     -5.64     6     -.5    1935     0   0   4   0      17.094   -67.128
0174    86.9   805.7     18.36     74.3    1928   293    14.87     13.72     -5.73     6     -.5    1928     0   0   4   0      17.094   -67.128
0175    87.4   806.4     18.38     74.5    1921   293    14.93     13.76     -5.79     6     -.5    1921     0   0   4   0      17.094   -67.128
0176    87.9   807.0     18.41     74.6    1914   293    15.00     13.82     -5.83     6     -.6    1914     0   0   4   0      17.094   -67.128
0177    88.4   807.7     18.44     74.7    1907   293    15.03     13.86     -5.82     6     -.6    1907     0   0   4   0      17.094   -67.128
0178    88.9   808.4     18.47     74.9    1900   293    15.04     13.87     -5.80     6     -.6    1900     0   0   4   0      17.094   -67.128
0179    89.4   809.1     18.50     75.1    1893   293    15.00     13.85     -5.76     6     -.6    1893     0   0   4   0      17.094   -67.128
0180    89.9   809.7     18.53     75.2    1885   293    14.92     13.78     -5.72     6     -.6    1885     0   0   4   0      17.094   -67.128
0181    90.4   810.4     18.56     75.4    1878   293    14.81     13.68     -5.69     6     -.6    1878     0   0   4   0      17.094   -67.127
0182    90.9   811.1     18.59     75.5    1871   293    14.70     13.56     -5.68     6     -.7    1871     0   0   4   0      17.094   -67.127
0183    91.4   811.7     18.62     75.5    1864   293    14.61     13.46     -5.70     6     -.7    1864     0   0   4   3      17.094   -67.127
0184    91.9   812.4     18.66     75.5    1857   293    14.56     13.38     -5.74     5     -.7    1857     0   0   4   3      17.094   -67.127
0185    92.4   813.1     18.69     75.4    1850   293    14.55     13.34     -5.80     5     -.7    1850     0   0   4   0      17.094   -67.127
0186    92.9   813.8     18.73     75.3    1843   294    14.58     13.36     -5.85     6     -.7    1843     0   0   4   0      17.093   -67.127
0187    93.4   814.4     18.77     75.2    1836   294    14.65     13.41     -5.90     7     -.7    1836     0   0   4   0      17.093   -67.127
0188    93.9   815.1     18.81     75.1    1829   294    14.74     13.50     -5.91     6     -.7    1829     0   0   4   0      17.093   -67.127
0189    94.4   815.8     18.85     74.9    1821   293    14.83     13.60     -5.91     6     -.6    1821     0   0   4   0      17.093   -67.127
0190    94.9   816.4     18.90     74.8    1814   293    14.91     13.70     -5.88     6     -.6    1814     0   0   4   0      17.093   -67.127
0191    95.4   817.1     18.95     74.7    1807   293    14.97     13.78     -5.84     6     -.6    1807     0   0   4   0      17.093   -67.127
0192    95.9   817.8     19.00     74.6    1800   293    15.00     13.83     -5.80     5     -.6    1800     0   0   4   0      17.093   -67.127
0193    96.4   818.4     19.05     74.6    1793   293    15.01     13.86     -5.76     5     -.6    1793     0   0   4   0      17.093   -67.127
0194    96.9   819.1     19.10     74.5    1786   292    14.99     13.85     -5.73     5     -.6    1786     0   0   4   0      17.093   -67.127
0195    97.4   819.8     19.16     74.3    1779   292    14.95     13.83     -5.69     6     -.6    1779     0   0   4   0      17.093   -67.127
0196    97.9   820.5     19.21     74.2    1772   292    14.91     13.79     -5.65     6     -.5    1772     0   0   4   0      17.093   -67.127
0197    98.4   821.1     19.26     74.1    1765   292    14.85     13.75     -5.61     6     -.5    1765     0   0   4   0      17.093   -67.126
0198    98.9   821.8     19.31     74.0    1758   292    14.80     13.72     -5.56     6     -.5    1758     0   0   4   0      17.093   -67.126
0199    99.4   822.5     19.35     73.9    1751   292    14.77     13.69     -5.53     6     -.4    1751     0   0   4   0      17.093   -67.126
0200    99.9   823.1     19.39     73.9    1744   292    14.76     13.69     -5.52     6     -.4    1744     0   0   4   0      17.093   -67.126
0201   100.4   823.8     19.43     74.0    1737   292    14.79     13.71     -5.55     5     -.4    1737     0   0   4   0      17.093   -67.126
0202   100.9   824.4     19.47     74.2    1730   292    14.85     13.74     -5.62     5     -.4    1730     0   0   4   0      17.093   -67.126
0203   101.4   825.1     19.50     74.4    1723   293    14.94     13.80     -5.73     5     -.4    1723     0   0   4   0      17.093   -67.126
0204   101.9   825.8     19.53     74.7    1717   293    15.05     13.86     -5.86     7     -.4    1717     0   0   4   0      17.093   -67.126
0205   102.4   826.4     19.57     74.9    1710   293    15.15     13.92     -5.98     7     -.4    1710     0   0   4   0      17.093   -67.126
0206   102.9   827.1     19.60     75.1    1703   294    15.23     13.96     -6.09     7     -.5    1703     0   0   4   3      17.093   -67.126
0207   103.4   827.8     19.64     75.3    1696   294    15.27     13.98     -6.16     7     -.5    1696     0   0   4   0      17.093   -67.126
0208   103.9   828.4     19.69     75.3    1689   294    15.27     13.97     -6.18     7     -.5    1689     0   0   4   0      17.093   -67.126
0209   104.4   829.1     19.73     75.4    1682   294    15.24     13.93     -6.17     6     -.4    1682     0   0   4   0      17.093   -67.126
0210   104.9   829.8     19.78     75.4    1675   294    15.18     13.88     -6.14     6     -.4    1675     0   0   4   0      17.093   -67.126
0211   105.4   830.4     19.83     75.4    1668   294    15.11     13.83     -6.09     6     -.4    1668     0   0   4   0      17.093   -67.126
0212   105.9   831.1     19.88     75.5    1661   294    15.05     13.78     -6.06     7     -.3    1661     0   0   4   0      17.093   -67.125
0213   106.4   831.7     19.93     75.7    1654   294    15.01     13.74     -6.04     6     -.3    1654     0   0   4   0      17.093   -67.125
0214   106.9   832.4     19.98     75.8    1647   294    14.99     13.72     -6.04     6     -.3    1647     0   0   4   0      17.093   -67.125
0215   107.4   833.1     20.02     76.0    1640   294    15.00     13.72     -6.05     6     -.3    1640     0   0   4   0      17.093   -67.125
0216   107.9   833.7     20.07     76.1    1634   294    15.01     13.73     -6.06     6     -.4    1634     0   0   4   0      17.093   -67.125
0217   108.4   834.4     20.12     76.2    1627   294    15.02     13.75     -6.06     5     -.4    1627     0   0   4   0      17.093   -67.125
0218   108.9   835.1     20.17     76.1    1620   294    15.04     13.77     -6.04     5     -.4    1620     0   0   4   0      17.093   -67.125
0219   109.4   835.7     20.22     76.0    1613   293    15.04     13.80     -5.99     5     -.5    1613     0   0   4   0      17.093   -67.125
0220   109.9   836.4     20.27     75.8    1606   293    15.03     13.82     -5.91     6     -.5    1606     0   0   4   0      17.093   -67.125
0221   110.4   837.1     20.32     75.6    1599   293    15.02     13.85     -5.81     6     -.5    1599     0   0   4   0      17.093   -67.125
0222   110.9   837.7     20.38     75.4    1592   292    15.01     13.88     -5.71     6     -.5    1592     0   0   4   0      17.093   -67.125
0223   111.4   838.4     20.43     75.2    1585   292    15.00     13.91     -5.63     6     -.5    1585     0   0   4   0      17.093   -67.125
0224   111.9   839.1     20.48     75.0    1578   292    15.01     13.94     -5.58     5     -.5    1578     0   0   4   0      17.092   -67.125
0225   112.4   839.8     20.53     74.9    1571   292    15.04     13.97     -5.59     6     -.4    1571     0   0   4   0      17.092   -67.125
0226   112.9   840.4     20.58     74.8    1564   292    15.09     13.99     -5.66     6     -.4    1564     0   0   4   0      17.092   -67.125
0227   113.4   841.1     20.62     74.7    1557   292    15.17     14.03     -5.78     6     -.4    1557     0   0   4   0      17.092   -67.124
0228   113.9   841.8     20.65     74.7    1550   293    15.27     14.06     -5.94     5     -.4    1550     0   0   4   0      17.092   -67.124
0229   114.4   842.4     20.69     74.6    1543   293    15.37     14.11     -6.11     5     -.4    1543     0   0   4   0      17.092   -67.124
0230   114.9   843.1     20.72     74.6    1537   294    15.48     14.16     -6.26     5     -.4    1537     0   0   4   0      17.092   -67.124
0231   115.4   843.8     20.76     74.5    1530   294    15.58     14.22     -6.36     6     -.4    1530     0   0   4   0      17.092   -67.124
0232   115.9   844.4     20.80     74.4    1523   294    15.66     14.29     -6.41     6     -.4    1523     0   0   4   0      17.092   -67.124
0233   116.4   845.1     20.85     74.3    1516   294    15.73     14.35     -6.42     6     -.4    1516     0   0   4   0      17.092   -67.124
0234   116.9   845.8     20.91     74.2    1509   294    15.77     14.40     -6.42     6     -.5    1509     0   0   4   0      17.092   -67.124
0235   117.4   846.4     20.96     74.1    1502   294    15.80     14.42     -6.45     6     -.6    1502     0   0   4   0      17.092   -67.124
0236   117.9   847.1     21.01     74.0    1495   294    15.83     14.41     -6.56     5     -.6    1495     0   0   4   0      17.092   -67.124
0237   118.4   847.8     21.06     74.0    1488   295    15.87     14.35     -6.78     6     -.7    1488     0   0   4   0      17.092   -67.124
0238   118.9   848.5     21.10     74.1    1481   296    15.92     14.26     -7.09     5     -.8    1481     0   0   4   0      17.092   -67.124
0239   119.4   849.2     21.13     74.2    1474   298    15.99     14.13     -7.48     6     -.8    1474     0   0   4   0      17.092   -67.124
0240   119.9   849.9     21.15     74.3    1467   299    16.06     13.99     -7.91     6     -.9    1467     0   0   4   0      17.092   -67.124
0241   120.4   850.6     21.17     74.3    1460   301    16.15     13.85     -8.30     6    -1.0    1460     0   0   4   0      17.092   -67.124
0242   120.9   851.3     21.18     74.3    1453   302    16.22     13.75     -8.61     6    -1.0    1453     0   0   4   0      17.092   -67.123
0243   121.4   852.0     21.20     74.3    1446   303    16.29     13.69     -8.82     6    -1.1    1446     0   0   4   0      17.092   -67.123
0244   121.9   852.7     21.22     74.3    1439   303    16.34     13.69     -8.92     6    -1.1    1439     0   0   4   0      17.092   -67.123
0245   122.4   853.4     21.24     74.3    1431   303    16.40     13.75     -8.94     6    -1.1    1431     0   0   4   0      17.092   -67.123
0246   122.9   854.1     21.27     74.5    1424   303    16.48     13.85     -8.92     6    -1.1    1424     0   0   4   0      17.092   -67.123
0247   123.4   854.8     21.30     74.7    1417   303    16.57     13.98     -8.91     5    -1.2    1417     0   0   4   0      17.092   -67.123
0248   123.9   855.5     21.32     75.0    1410   302    16.69     14.10     -8.92     6    -1.2    1410     0   0   4   0      17.092   -67.123
0249   124.4   856.2     21.35     75.4    1402   302    16.81     14.20     -8.99     6    -1.2    1402     0   0   4   0      17.092   -67.123
0250   124.9   856.9     21.36     75.8    1395   303    16.91     14.25     -9.10     6    -1.2    1395     0   0   4   0      17.092   -67.123
0251   125.4   857.7     21.37     76.1    1388   303    16.99     14.26     -9.23     6    -1.2    1388     0   0   4   0      17.092   -67.123
0252   125.9   858.4     21.38     76.4    1381   303    17.03     14.22     -9.36     6    -1.2    1381     0   0   4   0      17.092   -67.123
0253   126.4   859.1     21.37     76.6    1374   304    17.03     14.16     -9.46     6    -1.2    1374     0   0   4   0      17.091   -67.123
0254   126.9   859.8     21.37     76.6    1366   304    17.00     14.09     -9.52     6    -1.2    1366     0   0   4   0      17.091   -67.123
0255   127.4   860.5     21.36     76.6    1359   304    16.96     14.03     -9.53     6    -1.2    1359     0   0   4   0      17.091   -67.123
0256   127.9   861.2     21.36     76.7    1352   304    16.92     14.02     -9.49     5    -1.2    1352     0   0   4   0      17.091   -67.123
0257   128.4   861.9     21.35     76.7    1345   304    16.91     14.05     -9.41     5    -1.2    1345     0   0   4   0      17.091   -67.122
0258   128.9   862.7     21.35     76.9    1337   303    16.91     14.13     -9.30     5    -1.2    1337     0   0   4   0      17.091   -67.122
0259   129.4   863.4     21.35     77.2    1330   303    16.95     14.24     -9.18     5    -1.2    1330     0   0   4   0      17.091   -67.122
0260   129.9   864.1     21.34     77.7    1323   302    17.00     14.38     -9.06     5    -1.2    1323     0   0   4   0      17.091   -67.122
0261   130.4   864.8     21.33     78.3    1316   302    17.06     14.52     -8.95     5    -1.2    1316     0   0   4   0      17.091   -67.122
0262   130.9   865.5     21.31     79.0    1309   301    17.12     14.64     -8.87     6    -1.2    1309     0   0   4   0      17.091   -67.122
0263   131.4   866.2     21.29     79.7    1301   301    17.17     14.73     -8.83     6    -1.1    1301     0   0   4   0      17.091   -67.122
0264   131.9   866.9     21.27     80.3    1294   301    17.21     14.78     -8.82     6    -1.1    1294     0   0   4   0      17.091   -67.122
0265   132.4   867.7     21.24     80.7    1287   301    17.24     14.78     -8.87     6    -1.1    1287     0   0   4   0      17.091   -67.122
0266   132.9   868.4     21.23     80.9    1280   301    17.26     14.76     -8.95     6    -1.0    1280     0   0   4   0      17.091   -67.122
0267   133.4   869.1     21.21     81.0    1273   302    17.29     14.72     -9.06     6    -1.0    1273     0   0   4   0      17.091   -67.122
0268   133.9   869.8     21.19     81.0    1266   302    17.33     14.70     -9.18     6    -1.0    1266     0   0   4   0      17.091   -67.122
0269   134.4   870.5     21.18     81.1    1259   302    17.42     14.72     -9.30     6    -1.0    1259     0   0   4   0      17.091   -67.122
0270   134.9   871.2     21.16     81.6    1252   302    17.54     14.80     -9.42     6    -1.0    1252     0   0   4   0      17.091   -67.122
0271   135.4   871.9     21.13     82.6    1245   303    17.72     14.94     -9.53     5     -.9    1245     0   0   4   0      17.091   -67.121
0272   135.9   872.6     21.10     84.2    1238   302    17.93     15.13     -9.62     5     -.9    1238     0   0   4   0      17.091   -67.121
0273   136.4   873.3     21.07     86.3    1231   302    18.17     15.36     -9.71     5     -.8    1231     0   0   4   0      17.091   -67.121
0274   136.9   874.0     21.04     88.8    1224   302    18.39     15.58     -9.77     5     -.7    1224     0   0   4   0      17.091   -67.121
0275   137.4   874.7     21.01     91.3    1217   302    18.57     15.77     -9.81     5     -.6    1217     0   0   4   0      17.091   -67.121
0276   137.9   875.4     20.99     93.7    1210   302    18.69     15.90     -9.81     5     -.4    1210     0   0   4   0      17.091   -67.121
0277   138.4   876.1     20.99     95.6    1203   301    18.72     15.97     -9.76     6     -.3    1203     0   0   4   0      17.090   -67.121
0278   138.9   876.8     20.99     96.9    1196   301    18.68     15.98     -9.66     6     -.1    1196     0   0   4   0      17.090   -67.121
0279   139.4   877.4     21.00     97.6    1190   301    18.57     15.94     -9.52     6      .0    1190     0   0   4   0      17.090   -67.121
0280   139.9   878.1     21.02     97.7    1184   301    18.43     15.87     -9.37     6      .2    1184     0   0   4   0      17.090   -67.121
0281   140.4   878.7     21.04     97.6    1177   300    18.29     15.79     -9.23     6      .3    1177     0   0   4   0      17.090   -67.121
0282   140.9   879.3     21.06     97.4    1171   300    18.16     15.70     -9.14     5      .4    1171     0   0   4   0      17.090   -67.121
0283   141.4   880.0     21.09     97.2    1164   300    18.08     15.62     -9.10     5      .4    1164     0   0   4   0      17.090   -67.121
0284   141.9   880.6     21.12     97.2    1158   300    18.02     15.54     -9.12     5      .5    1158     0   0   4   0      17.090   -67.121
0285   142.4   881.3     21.16     97.3    1152   301    17.98     15.48     -9.16     5      .5    1152     0   0   4   0      17.090   -67.120
0286   142.9   881.9     21.21     97.5    1145   301    17.95     15.42     -9.19     5      .5    1145     0   0   4   0      17.090   -67.120
0287   143.4   882.5     21.26     97.8    1139   301    17.89     15.37     -9.16     5      .5    1139     0   0   4   0      17.090   -67.120
0288   143.9   883.2     21.30     98.0    1133   301    17.81     15.34     -9.05     6      .5    1133     0   0   4   0      17.090   -67.120
0289   144.4   883.8     21.34     98.1    1127   300    17.70     15.33     -8.85     5      .3    1127     0   0   4   0      17.090   -67.120
0290   144.9   884.4     21.37     98.1    1121   299    17.59     15.36     -8.57     6      .1    1121     0   0   4   0      17.090   -67.120
0291   145.4   885.1     21.39     98.0    1114   298    17.51     15.44     -8.26     6     -.1    1114     0   0   4   3      17.090   -67.120
0292   145.9   885.7     21.39     98.0    1108   297    17.50     15.58     -7.96     6     -.3    1108     0   0   4   0      17.090   -67.120
0293   146.4   886.4     21.39     98.0    1101   296    17.56     15.77     -7.72     6     -.5    1101     0   0   4   3      17.090   -67.120
0294   146.9   887.1     21.40     98.0    1094   295    17.71     16.02     -7.55     6     -.6    1094     0   0   4   0      17.090   -67.120
0295   147.4   887.9     21.43     98.1    1087   295    17.93     16.31     -7.47     6     -.6    1087     0   0   4   0      17.090   -67.120
0296   147.9   888.6     21.48     98.2    1080   294    18.20     16.61     -7.44     5     -.5    1080     0   0   4   0      17.090   -67.120
0297   148.4   889.3     21.55     98.3    1073   294    18.49     16.92     -7.46     5     -.3    1073     0   0   4   0      17.090   -67.120
0298   148.9   890.0     21.63     98.5    1066   294    18.75     17.19     -7.49     6     -.1    1066     0   0   4   0      17.090   -67.119
0299   149.4   890.6     21.72     98.5    1060   293    18.96     17.40     -7.52     6      .2    1060     0   0   4   0      17.090   -67.119
0300   149.9   891.2     21.81     98.6    1054   293    19.11     17.55     -7.56     6      .4    1054     0   0   4   0      17.090   -67.119
0301   150.4   891.9     21.89     98.6    1048   293    19.19     17.62     -7.62     6      .5    1048     0   0   4   0      17.090   -67.119
0302   150.9   892.5     21.94     98.6    1041   294    19.24     17.62     -7.72     6      .5    1041     0   0   4   0      17.090   -67.119
0303   151.4   893.1     21.97     98.6    1035   294    19.27     17.59     -7.88     6      .5    1035     0   0   4   0      17.089   -67.119
0304   151.9   893.7     21.97     98.6    1029   295    19.32     17.54     -8.10     6      .4    1029     0   0   4   0      17.089   -67.119
0305   152.4   894.4     21.96     98.6    1023   296    19.39     17.50     -8.35     5      .3    1023     0   0   4   0      17.089   -67.119
0306   152.9   895.0     21.95     98.6    1016   296    19.51     17.50     -8.61     6      .2    1016     0   0   4   0      17.089   -67.119
0307   153.4   895.7     21.94     98.6    1010   297    19.64     17.54     -8.83     5      .1    1010     0   0   4   0      17.089   -67.119
0308   153.9   896.4     21.94     98.6    1003   297    19.76     17.61     -8.96     5      .0    1003     0   0   4   0      17.089   -67.119
0309   154.4   897.1     21.96     98.7     997   297    19.85     17.70     -8.99     5      .0     997     0   0   4   0      17.089   -67.119
0310   154.9   897.7     21.99     98.8     990   297    19.87     17.76     -8.90     6      .0     990     0   0   4   0      17.089   -67.118
0311   155.4   898.4     22.04     98.9     984   296    19.80     17.78     -8.71     6      .1     984     0   0   4   0      17.089   -67.118
0312   155.9   899.1     22.09     99.0     977   296    19.66     17.74     -8.47     6      .2     977     0   0   4   0      17.089   -67.118
0313   156.4   899.7     22.15     99.0     971   295    19.46     17.64     -8.21     6      .3     971     0   0   4   0      17.089   -67.118
0314   156.9   900.4     22.20     99.1     965   295    19.23     17.50     -7.98     6      .3     965     0   0   4   0      17.089   -67.118
0315   157.4   901.0     22.26     99.1     958   294    19.00     17.33     -7.80     6      .4     958     0   0   4   0      17.089   -67.118
0316   157.9   901.7     22.31     99.1     952   294    18.80     17.16     -7.68     6      .4     952     0   0   4   0      17.089   -67.118
0317   158.4   902.3     22.36     99.1     946   294    18.65     17.03     -7.62     6      .4     946     0   0   4   0      17.089   -67.118
0318   158.9   902.9     22.41     99.1     940   294    18.56     16.94     -7.59     6      .4     940     0   0   4   0      17.089   -67.118
0319   159.4   903.6     22.46     99.2     933   294    18.52     16.90     -7.59     6      .3     933     0   0   4   0      17.089   -67.118
0320   159.9   904.2     22.52     99.2     927   294    18.52     16.90     -7.59     6      .3     927     0   0   4   0      17.089   -67.118
0321   160.4   904.9     22.58     99.2     921   294    18.55     16.93     -7.59     6      .2     921     0   0   4   3      17.089   -67.118
0322   160.9   905.5     22.64     99.3     914   294    18.59     16.97     -7.59     6      .2     914     0   0   4   3      17.089   -67.118
0323   161.4   906.2     22.70     99.3     908   294    18.62     17.01     -7.59     6      .1     908     0   0   4   0      17.089   -67.117
0324   161.9   906.9     22.75     99.3     902   294    18.66     17.04     -7.60     6      .0     902     0   0   4   0      17.089   -67.117
0325   162.4   907.5     22.80     99.3     895   294    18.68     17.06     -7.62     6      .0     895     0   0   4   0      17.089   -67.117
0326   162.9   908.2     22.84     99.3     889   294    18.70     17.07     -7.64     6     -.1     889     0   0   4   0      17.089   -67.117
0327   163.4   908.9     22.87     99.3     882   294    18.72     17.09     -7.66     6     -.2     882     0   0   4   0      17.089   -67.117
0328   163.9   909.6     22.90     99.3     875   294    18.74     17.11     -7.66     6     -.2     875     0   0   4   0      17.089   -67.117
0329   164.4   910.3     22.93     99.3     869   294    18.76     17.14     -7.63     6     -.2     869     0   0   4   0      17.089   -67.117
0330   164.9   910.9     22.95     99.4     862   294    18.79     17.18     -7.59     6     -.2     862     0   0   4   0      17.089   -67.117
0331   165.4   911.6     22.98     99.4     856   294    18.82     17.24     -7.54     6     -.2     856     0   0   4   0      17.088   -67.117
0332   165.9   912.3     23.02     99.5     849   293    18.86     17.32     -7.48     6     -.1     849     0   0   4   0      17.088   -67.117
0333   166.4   913.0     23.05     99.5     843   293    18.92     17.39     -7.45     6      .0     843     0   0   4   0      17.088   -67.117
0334   166.9   913.7     23.08     99.5     836   293    18.98     17.46     -7.45     6      .1     836     0   0   4   0      17.088   -67.117
0335   167.4   914.3     23.11     99.5     830   293    19.05     17.52     -7.47     6      .3     830     0   0   4   0      17.088   -67.116
0336   167.9   915.0     23.14     99.5     824   293    19.10     17.56     -7.52     6      .4     824     0   0   4   0      17.088   -67.116
0337   168.4   915.6     23.16     99.5     817   293    19.14     17.58     -7.57     6      .5     817     0   0   4   0      17.088   -67.116
0338   168.9   916.3     23.18     99.5     811   293    19.16     17.58     -7.60     6      .5     811     0   0   4   0      17.088   -67.116
0339   169.4   916.9     23.19     99.5     805   293    19.14     17.56     -7.61     6      .5     805     0   0   4   0      17.088   -67.116
0340   169.9   917.5     23.21     99.6     799   293    19.08     17.51     -7.58     6      .5     799     0   0   4   0      17.088   -67.116
0341   170.4   918.2     23.22     99.6     793   293    19.00     17.45     -7.52     6      .4     793     0   0   4   0      17.088   -67.116
0342   170.9   918.8     23.24     99.7     787   293    18.91     17.38     -7.45     6      .3     787     0   0   4   0      17.088   -67.116
0343   171.4   919.5     23.26     99.7     780   293    18.83     17.32     -7.38     6      .2     780     0   0   4   0      17.088   -67.116
0344   171.9   920.1     23.29     99.7     774   293    18.79     17.31     -7.32     6      .1     774     0   0   4   0      17.088   -67.116
0345   172.4   920.8     23.31     99.7     768   293    18.81     17.34     -7.28     6      .0     768     0   0   4   0      17.088   -67.116
0346   172.9   921.5     23.34     99.7     761   293    18.88     17.44     -7.23     6      .0     761     0   0   4   0      17.088   -67.116
0347   173.4   922.2     23.37     99.7     755   292    19.00     17.60     -7.18     6      .0     755     0   0   4   0      17.088   -67.115
0348   173.9   922.9     23.40     99.7     748   292    19.16     17.80     -7.10     6      .0     748     0   0   4   0      17.088   -67.115
0349   174.4   923.5     23.43     99.8     742   291    19.32     18.01     -7.01     6      .1     742     0   0   4   0      17.088   -67.115
0350   174.9   924.2     23.45     99.8     735   291    19.46     18.20     -6.90     6      .1     735     0   0   4   0      17.088   -67.115
0351   175.4   924.9     23.48     99.8     729   290    19.56     18.34     -6.80     6      .1     729     0   0   4   0      17.088   -67.115
0352   175.9   925.5     23.50     99.9     723   290    19.62     18.43     -6.75     6      .1     723     0   0   4   0      17.088   -67.115
0353   176.4   926.2     23.52     99.9     717   290    19.65     18.45     -6.76     6      .1     717     0   0   4   0      17.088   -67.115
0354   176.9   926.9     23.55    100.0     710   290    19.65     18.42     -6.85     6      .0     710     0   0   4   0      17.088   -67.115
0355   177.4   927.5     23.57    100.0     704   291    19.66     18.37     -7.01     6      .0     704     0   0   4   0      17.088   -67.115
0356   177.9   928.2     23.60    100.0     697   291    19.68     18.32     -7.20     6     -.1     697     0   0   4   0      17.088   -67.115
0357   178.4   928.9     23.63    100.0     691   292    19.73     18.30     -7.38     6     -.2     691     0   0   4   0      17.088   -67.115
0358   178.9   929.6     23.65     99.9     684   292    19.79     18.31     -7.51     6     -.3     684     0   0   4   0      17.088   -67.115
0359   179.4   930.3     23.68     99.9     678   292    19.84     18.35     -7.55     6     -.3     678     0   0   4   0      17.088   -67.114
0360   179.9   931.0     23.70     99.9     671   292    19.87     18.41     -7.48     6     -.4     671     0   0   4   0      17.088   -67.114
0361   180.4   931.7     23.72     99.9     665   292    19.84     18.45     -7.31     6     -.5     665     0   0   4   0      17.087   -67.114
0362   180.9   932.4     23.74     99.9     658   291    19.77     18.45     -7.08     6     -.5     658     0   0   4   0      17.087   -67.114
0363   181.4   933.1     23.76     99.9     651   290    19.64     18.41     -6.84     6     -.6     651     0   0   4   0      17.087   -67.114
0364   181.9   933.8     23.79     99.9     645   290    19.47     18.31     -6.63     6     -.6     645     0   0   4   0      17.087   -67.114
0365   182.4   934.5     23.82     99.9     638   290    19.30     18.17     -6.49     6     -.7     638     0   0   4   0      17.087   -67.114
0366   182.9   935.2     23.85     99.9     631   290    19.13     18.02     -6.44     6     -.7     631     0   0   4   0      17.087   -67.114
0367   183.4   935.9     23.88     99.9     624   290    18.99     17.86     -6.45     6     -.8     624     0   0   4   0      17.087   -67.114
0368   183.9   936.7     23.91     99.9     618   290    18.89     17.73     -6.51     6     -.8     618     0   0   4   0      17.087   -67.114
0369   184.4   937.4     23.95     99.9     611   290    18.82     17.63     -6.59     6     -.8     611     0   0   4   0      17.087   -67.114
0370   184.9   938.1     23.99     99.8     604   291    18.78     17.56     -6.64     6     -.8     604     0   0   4   0      17.087   -67.114
0371   185.4   938.8     24.03     99.8     597   291    18.73     17.51     -6.63     6     -.8     597     0   0   4   0      17.087   -67.113
0372   185.9   939.6     24.07     99.7     591   291    18.66     17.47     -6.55     6     -.8     591     0   0   4   0      17.087   -67.113
0373   186.4   940.3     24.11     99.6     584   290    18.57     17.43     -6.41     6     -.9     584     0   0   4   0      17.087   -67.113
0374   186.9   941.0     24.15     99.4     577   290    18.47     17.39     -6.21     6    -1.0     577     0   0   4   0      17.087   -67.113
0375   187.4   941.7     24.19     99.3     570   289    18.37     17.36     -6.01     6    -1.1     570     0   0   4   0      17.087   -67.113
0376   187.9   942.4     24.23     99.1     563   289    18.31     17.36     -5.83     6    -1.3     563     0   0   4   0      17.087   -67.113
0377   188.4   943.2     24.27     98.9     556   288    18.31     17.39     -5.71     6    -1.5     556     0   0   4   0      17.087   -67.113
0378   188.9   944.0     24.32     98.8     549   288    18.38     17.47     -5.69     6    -1.7     549     0   0   4   0      17.087   -67.113
0379   189.4   944.8     24.37     98.6     542   288    18.52     17.60     -5.78     6    -1.8     542     0   0   4   0      17.087   -67.113
0380   189.9   945.6     24.43     98.6     534   289    18.72     17.74     -5.97     6    -1.9     534     0   0   4   0      17.087   -67.113
0381   190.4   946.3     24.50     98.5     527   289    18.93     17.88     -6.24     6    -1.9     527     0   0   4   0      17.087   -67.113
0382   190.9   947.1     24.57     98.5     520   290    19.13     17.99     -6.53     6    -1.9     520     0   0   4   0      17.087   -67.112
0383   191.4   947.9     24.65     98.4     512   291    19.28     18.04     -6.78     6    -1.8     512     0   0   4   0      17.087   -67.112
0384   191.9   948.7     24.73     98.3     505   291    19.34     18.05     -6.94     6    -1.8     505     0   0   4   0      17.087   -67.112
0385   192.4   949.5     24.82     98.2     498   291    19.31     18.00     -6.98     6    -1.8     498     0   0   4   0      17.087   -67.112
0386   192.9   950.2     24.90     97.9     491   291    19.20     17.92     -6.89     6    -1.7     491     0   0   4   0      17.087   -67.112
0387   193.4   951.0     24.98     97.6     484   291    19.04     17.83     -6.69     6    -1.7     484     0   0   4   0      17.087   -67.112
0388   193.9   951.8     25.06     97.2     477   290    18.87     17.75     -6.43     6    -1.8     477     0   0   4   0      17.087   -67.112
0389   194.4   952.6     25.14     96.8     469   289    18.72     17.68     -6.17     6    -1.8     469     0   0   4   0      17.087   -67.112
0390   194.9   953.3     25.22     96.3     462   289    18.61     17.63     -5.97     6    -1.8     462     0   0   4   0      17.087   -67.112
0391   195.4   954.1     25.29     95.9     455   288    18.53     17.59     -5.84     5    -1.8     455     0   0   4   0      17.087   -67.112
0392   195.9   954.9     25.37     95.5     447   288    18.49     17.56     -5.79     5    -1.7     447     0   0   4   0      17.087   -67.112
0393   196.4   955.7     25.44     95.1     440   288    18.47     17.54     -5.80     5    -1.6     440     0   0   4   0      17.087   -67.112
0394   196.9   956.5     25.51     94.7     433   288    18.47     17.53     -5.82     6    -1.5     433     0   0   4   0      17.087   -67.111
0395   197.4   957.2     25.57     94.4     426   288    18.47     17.53     -5.82     6    -1.4     426     0   0   4   0      17.087   -67.111
0396   197.9   958.0     25.64     94.1     419   288    18.48     17.55     -5.79     6    -1.3     419     0   0   4   0      17.086   -67.111
0397   198.4   958.7     25.71     93.8     412   288    18.49     17.59     -5.71     6    -1.3     412     0   0   4   0      17.086   -67.111
0398   198.9   959.5     25.77     93.6     405   288    18.52     17.65     -5.62     6    -1.3     405     0   0   4   0      17.086   -67.111
0399   199.4   960.2     25.83     93.3     398   287    18.55     17.70     -5.55     6    -1.2     398     0   0   4   0      17.086   -67.111
0400   199.9   961.0     25.90     93.1     391   287    18.58     17.74     -5.54     6    -1.3     391     0   0   4   0      17.086   -67.111
0401   200.4   961.7     25.96     92.9     385   288    18.60     17.73     -5.60     6    -1.3     385     0   0   4   0      17.086   -67.111
0402   200.9   962.5     26.02     92.7     378   288    18.59     17.68     -5.74     6    -1.3     378     0   0   4   0      17.086   -67.111
0403   201.4   963.2     26.09     92.6     371   289    18.54     17.57     -5.93     6    -1.3     371     0   0   4   0      17.086   -67.111
0404   201.9   964.0     26.15     92.3     364   289    18.46     17.41     -6.13     6    -1.3     364     0   0   4   0      17.086   -67.111
0405   202.4   964.7     26.21     92.1     357   290    18.36     17.24     -6.31     6    -1.3     357     0   0   4   0      17.086   -67.111
0406   202.9   965.5     26.27     91.9     350   291    18.24     17.07     -6.42     6    -1.3     350     0   0   4   0      17.086   -67.110
0407   203.4   966.2     26.33     91.6     343   291    18.13     16.94     -6.47     6    -1.3     343     0   0   4   0      17.086   -67.110
0408   203.9   967.0     26.39     91.3     336   291    18.06     16.87     -6.44     6    -1.4     336     0   0   4   0      17.086   -67.110
0409   204.4   967.8     26.45     91.1     329   291    18.03     16.86     -6.37     6    -1.4     329     0   0   4   0      17.086   -67.110
0410   204.9   968.5     26.51     90.9     322   290    18.04     16.92     -6.28     6    -1.4     322     0   0   4   0      17.086   -67.110
0411   205.4   969.3     26.57     90.7     315   290    18.11     17.01     -6.20     6    -1.5     315     0   0   4   0      17.086   -67.110
0412   205.9   970.1     26.63     90.5     308   290    18.20     17.13     -6.14     6    -1.5     308     0   0   4   0      17.086   -67.110
0413   206.4   970.8     26.69     90.4     301   290    18.30     17.24     -6.12     6    -1.5     301     0   0   4   0      17.086   -67.110
0414   206.9   971.6     26.75     90.2     294   289    18.38     17.33     -6.13     6    -1.5     294     0   0   4   0      17.086   -67.110
0415   207.4   972.4     26.81     90.0     287   289    18.43     17.38     -6.14     6    -1.4     287     0   0   4   0      17.086   -67.110
0416   207.9   973.1     26.87     89.9     280   290    18.43     17.38     -6.16     6    -1.4     280     0   0   4   0      17.086   -67.110
0417   208.4   973.9     26.94     89.7     273   290    18.40     17.34     -6.16     6    -1.4     273     0   0   4   0      17.086   -67.110
0418   208.9   974.6     27.00     89.4     266   290    18.33     17.27     -6.15     6    -1.4     266     0   0   4   0      17.086   -67.110
0419   209.4   975.4     27.06     89.2     259   290    18.25     17.19     -6.13     6    -1.4     259     0   0   4   0      17.086   -67.109
0420   209.9   976.2     27.13     89.0     252   290    18.17     17.11     -6.12     6    -1.5     252     0   0   4   0      17.086   -67.109
0421   210.4   976.9     27.19     88.7     245   290    18.12     17.05     -6.12     6    -1.5     245     0   0   4   0      17.086   -67.109
0422   210.9   977.7     27.26     88.4     238   290    18.09     17.02     -6.16     6    -1.6     238     0   0   4   0      17.086   -67.109
0423   211.4   978.5     27.32     88.2     231   290    18.10     17.00     -6.23     6    -1.7     231     0   0   4   0      17.086   -67.109
0424   211.9   979.3     27.39     87.9     224   290    18.14     17.00     -6.33     6    -1.7     224     0   0   4   0      17.086   -67.109
0425   212.4   980.1     27.46     87.6     216   291    18.19     17.01     -6.45     6    -1.7     216     0   0   4   0      17.086   -67.109
0426   212.9   980.9     27.52     87.3     209   291    18.25     17.02     -6.57     6    -1.7     209     0   0   4   0      17.086   -67.109
0427   213.4   981.6     27.59     87.0     202   291    18.30     17.04     -6.67     6    -1.7     202     0   0   4   0      17.086   -67.109
0428   213.9   982.4     27.65     86.8     195   292    18.34     17.06     -6.72     6    -1.7     195     0   0   4   0      17.086   -67.109
0429   214.4   983.2     27.72     86.5     188   291    18.36     17.09     -6.70     6    -1.7     188     0   0   4   0      17.086   -67.109
0430   214.9   984.0     27.78     86.3     181   291    18.38     17.15     -6.61     6    -1.8     181     0   0   4   0      17.086   -67.109
0431   215.4   984.8     27.84     86.2     174   291    18.38     17.21     -6.44     6    -1.8     174     0   0   4   0      17.085   -67.108
0432   215.9   985.6     27.89     86.0     167   290    18.37     17.29     -6.21     6    -1.9     167     0   0   4   0      17.085   -67.108
0433   216.4   986.4     27.95     85.8     159   289    18.35     17.35     -5.97     6    -2.0     159     0   0   4   0      17.085   -67.108
0434   216.9   987.2     28.01     85.6     152   288    18.31     17.39     -5.75     6    -2.1     152     0   0   4   0      17.085   -67.108
0435   217.4   988.0     28.08     85.4     145   288    18.24     17.38     -5.56     6    -2.2     145     0   0   4   0      17.085   -67.108
0436   217.9   988.8     28.15     85.0     137   287    18.14     17.31     -5.42     6    -2.2     137     0   0   4   0      17.085   -67.108
0437   218.4   989.6     28.22     84.6     130   287    18.00     17.19     -5.33     6    -2.2     130     0   0   4   0      17.085   -67.108
0438   218.9   990.4     28.29     84.1     123   287    17.82     17.02     -5.26     6    -2.2     123     0   0   4   0      17.085   -67.108
0439   219.4   991.3     28.36     83.6     115   287    17.62     16.84     -5.19     6    -2.2     115     0   0   4   0      17.085   -67.108
0440   219.9   992.1     28.43     83.1     108   287    17.42     16.66     -5.09     6    -2.1     108     0   0   4   0      17.085   -67.108
0441   220.4   992.9     28.50     82.7     101   287    17.24     16.51     -4.97     6    -2.1     101     0   0   4   0      17.085   -67.108
0442   220.9   993.7     28.56     82.3      93   286    17.10     16.41     -4.82     6    -2.1      93     0   0   4   0      17.085   -67.108
0443   221.4   994.5     28.62     82.1      86   286    17.01     16.36     -4.66     6    -2.1      86     0   0   4   0      17.085   -67.108
0444   221.9   995.3     28.68     81.9      79   285    16.95     16.34     -4.52     6    -2.2      79     0   0   4   0      17.085   -67.107
0445   222.4   996.1     28.74     81.8      72   285    16.92     16.34     -4.40     6    -2.3      72     0   0   4   0      17.085   -67.107
0446   222.9   996.9     28.81     81.6      64   285    16.92     16.36     -4.31     6    -2.4      64     0   0   4   0      17.085   -67.107
0447   223.4   997.7     28.88     81.4      57   285    16.91     16.37     -4.24     6    -2.6      57     0   0   4   0      17.085   -67.107
0448   223.9   998.6     28.95     81.2      49   284    16.89     16.36     -4.17     7    -2.7      49     0   0   4   0      17.085   -67.107
0449   224.4   999.4     29.03     81.0      42   284    16.85     16.33     -4.14     7    -2.9      42     0   0   4   0      17.085   -67.107
0450   224.9  1000.3     29.10     80.9      34   284    16.84     16.31     -4.19     7    -3.0      34     0   0   4   0      17.085   -67.107
0451   225.4  1001.2     29.18     80.7      26   285    16.89     16.33     -4.28     7    -3.1      26     0   0   4   0      17.085   -67.107
0452   225.9  1002.0     29.26     80.5      18   285    16.81     16.25     -4.29     6    -3.2      18     0   0   4   0      17.085   -67.107
0453   226.4  1002.9     29.32     80.5      10   283    16.64     16.23     -3.71     6    -3.3      10     0   0   4   0      17.085   -67.107
