 ===========================================================================
 DROPWINDSONDE PROCESSING RECORD                            Sonde: 981820024
 PDS file written Nov 24, 1999.                             Format:    V4.03
 Aircraft: AFRES C-130                       Date: 980928   Time: 032032 UTC
 ---------------------------------------------------------------------------
 Bias corrections:  PR =    .0 mb  TE =    .0 C  RH =    .0 %  PRB =   .0 mb
 Filters (LPF):     PTH =   5 s    WIND =   5 s       Hyd anchor =       SFC
 RH T-compensation =  Y     WSHR COR =      Y         Splash PR  =  972.0 mb
 Estimated PR used =  N     GPS VERR =    .33 m/s     HYD SFCP   =  971.0 mb
 Dyn T correction  =  Y     WGACORR  =   -3.7 m       AC GA ADJ  =     .0 m
 ---------------------------------------------------------------------------
 COMMENTS: NE eyewall.                                                 
 ===========================================================================

 ===========================================================================
 Date: 980928   Lat:  29.64 N   TA: -999.0 C   PS:  697.0 mb   WD:   162 deg
 Time: 032032   Lon:  88.31 W   TD:   12.5 C   GA:   2871 m    WS:  38.0 m/s
 SID:  981820024                RH: -999.0 %   Navaid:   GP          
 ===========================================================================

IX      t (s)  P (mb)    T (C)    RH (%)  Z (m)   WD    WS (m/s)   U (m/s)   V (m/s)  NS  WZ (m/s)  ZW (m)   FP  FT  FH  FW    LAT (N)   LON (E)
0001      .2   697.6   -999.00   -999.0    -999   162    38.01    -11.77     36.14  -999  -999.0    -999     3   0   0   4      29.640   -88.310
0002      .7   698.2   -999.00   -999.0    -999   162    38.02    -11.79     36.15  -999  -999.0    -999     3   0   0   4      29.640   -88.310
0003     1.2   698.8   -999.00   -999.0    -999   162    38.03    -11.81     36.15  -999  -999.0    -999     3   0   0   4      29.640   -88.310
0004     1.7   699.4   -999.00   -999.0    -999   162    38.04    -11.83     36.16  -999  -999.0    -999     3   0   0   4      29.641   -88.310
0005     2.2   700.0   -999.00   -999.0    -999   162    38.05    -11.85     36.16  -999  -999.0    -999     3   0   0   4      29.641   -88.310
0006     2.7   700.6   -999.00   -999.0    -999   162    38.07    -11.88     36.17  -999  -999.0    -999     3   0   0   4      29.641   -88.310
0007     3.2   701.3   -999.00   -999.0    -999   162    38.08    -11.90     36.17  -999  -999.0    -999     3   0   0   4      29.641   -88.310
0008     3.7   701.9   -999.00   -999.0    -999   162    38.09    -11.92     36.17  -999  -999.0    -999     3   0   0   4      29.641   -88.310
0009     4.2   702.5   -999.00   -999.0    -999   162    38.10    -11.94     36.18  -999  -999.0    -999     3   0   0   4      29.641   -88.311
0010     4.7   703.1   -999.00   -999.0    -999   162    38.11    -11.96     36.18  -999  -999.0    -999     3   0   0   4      29.642   -88.311
0011     5.2   703.7   -999.00   -999.0    -999   162    38.12    -11.99     36.19  -999  -999.0    -999     3   0   0   4      29.642   -88.311
0012     5.7   704.3   -999.00   -999.0    -999   162    38.13    -12.01     36.19  -999  -999.0    -999     3   0   0   4      29.642   -88.311
0013     6.2   704.9   -999.00   -999.0    -999   162    38.14    -12.03     36.20  -999  -999.0    -999     3   0   0   4      29.642   -88.311
0014     6.7   705.5   -999.00   -999.0    -999   162    38.15    -12.05     36.20  -999  -999.0    -999     3   0   0   4      29.642   -88.311
0015     7.2   706.1   -999.00   -999.0    -999   162    38.16    -12.08     36.20  -999  -999.0    -999     3   0   0   4      29.642   -88.311
0016     7.7   706.7   -999.00   -999.0    -999   162    38.18    -12.10     36.21  -999  -999.0    -999     3   0   0   4      29.643   -88.311
0017     8.2   707.3   -999.00   -999.0    -999   161    38.19    -12.12     36.21  -999  -999.0    -999     3   0   0   4      29.643   -88.311
0018     8.7   707.9   -999.00   -999.0    -999   161    38.20    -12.14     36.22  -999  -999.0    -999     3   0   0   4      29.643   -88.311
0019     9.2   708.5   -999.00   -999.0    -999   161    38.21    -12.16     36.22  -999  -999.0    -999     3   0   0   4      29.643   -88.311
0020     9.7   709.1   -999.00   -999.0    -999   161    38.22    -12.19     36.23  -999  -999.0    -999     3   0   0   4      29.643   -88.311
0021    10.2   709.8   -999.00   -999.0    -999   161    38.23    -12.21     36.23  -999  -999.0    -999     3   0   0   4      29.643   -88.311
0022    10.7   710.4   -999.00   -999.0    -999   161    38.24    -12.23     36.23  -999  -999.0    -999     3   0   0   4      29.644   -88.311
0023    11.2   711.0   -999.00   -999.0    -999   161    38.25    -12.25     36.24  -999  -999.0    -999     3   0   0   4      29.644   -88.311
0024    11.7   711.6   -999.00   -999.0    -999   161    38.26    -12.27     36.24  -999  -999.0    -999     3   0   0   4      29.644   -88.311
0025    12.2   712.2   -999.00   -999.0    -999   161    38.28    -12.30     36.25  -999  -999.0    -999     3   0   0   4      29.644   -88.312
0026    12.7   712.8   -999.00   -999.0    -999   161    38.29    -12.32     36.25  -999  -999.0    -999     3   0   0   4      29.644   -88.312
0027    13.2   713.4   -999.00   -999.0    -999   161    38.30    -12.34     36.25  -999  -999.0    -999     3   0   0   4      29.644   -88.312
0028    13.7   714.0   -999.00   -999.0    -999   161    38.31    -12.36     36.26  -999  -999.0    -999     3   0   0   4      29.645   -88.312
0029    14.2   714.6   -999.00   -999.0    -999   161    38.32    -12.39     36.26  -999  -999.0    -999     3   0   0   4      29.645   -88.312
0030    14.7   715.2   -999.00   -999.0    -999   161    38.33    -12.41     36.27  -999  -999.0    -999     3   0   0   4      29.645   -88.312
0031    15.2   715.8   -999.00   -999.0    -999   161    38.34    -12.43     36.27  -999  -999.0    -999     3   0   0   4      29.645   -88.312
0032    15.7   716.4     14.83   -999.0    2653   161    38.35    -12.45     36.28  -999  -999.0    2649     0   0   0   4      29.645   -88.312
0033    16.2   717.1     14.84   -999.0    2645   161    38.36    -12.47     36.28  -999  -999.0    2642     0   0   0   4      29.645   -88.312
0034    16.7   717.7     14.85   -999.0    2638   161    38.38    -12.50     36.28  -999  -999.0    2634     0   0   0   4      29.646   -88.312
0035    17.2   718.4     14.87   -999.0    2630   161    38.39    -12.52     36.29  -999  -999.0    2626     0   0   0   4      29.646   -88.312
0036    17.7   719.0     14.90   -999.0    2622   161    38.40    -12.54     36.29  -999     -.8    2619     0   0   0   4      29.646   -88.312
0037    18.2   719.7     14.93   -999.0    2615   161    38.41    -12.56     36.30  -999     -.8    2611     0   0   0   4      29.646   -88.312
0038    18.7   720.3     14.96    100.0    2607   161    38.42    -12.58     36.30  -999     -.8    2604     0   0   0   4      29.646   -88.312
0039    19.2   720.9     14.99    100.0    2600   161    38.47    -12.68     36.32  -999     -.8    2596     0   0   0   4      29.646   -88.312
0040    19.7   721.6     15.02    100.0    2592   161    38.48    -12.70     36.32  -999     -.8    2589     0   0   0   4      29.647   -88.312
0041    20.2   722.2     15.06    100.0    2585   161    38.49    -12.72     36.33  -999     -.8    2581     0   0   0   4      29.647   -88.313
0042    20.7   722.8     15.09    100.0    2577   161    38.50    -12.74     36.33  -999     -.9    2574     0   0   0   4      29.647   -88.313
0043    21.2   723.5     15.12    100.0    2570   161    38.51    -12.76     36.34  -999    -1.0    2566     0   0   0   4      29.647   -88.313
0044    21.7   724.1     15.15    100.0    2562   161    38.52    -12.79     36.34  -999    -1.1    2558     0   0   0   4      29.647   -88.313
0045    22.2   724.8     15.19    100.0    2554   161    38.54    -12.81     36.34  -999    -1.2    2551     0   0   0   4      29.647   -88.313
0046    22.7   725.5     15.22    100.0    2546   161    38.55    -12.83     36.35  -999    -1.3    2543     0   0   0   4      29.648   -88.313
0047    23.2   726.1     15.26    100.0    2539   161    38.56    -12.85     36.35  -999    -1.3    2535     0   0   0   4      29.648   -88.313
0048    23.7   726.8     15.29    100.0    2531   160    38.57    -12.88     36.36  -999    -1.3    2527     0   0   0   4      29.648   -88.313
0049    24.2   727.5     15.33    100.0    2523   160    38.58    -12.90     36.36  -999    -1.2    2519     0   0   0   4      29.648   -88.313
0050    24.7   728.1     15.37    100.0    2515   160    38.59    -12.92     36.37  -999    -1.1    2511     0   0   0   4      29.648   -88.313
0051    25.2   728.8     15.41    100.0    2508   160    38.60    -12.94     36.37  -999    -1.0    2504     0   0   0   4      29.648   -88.313
0052    25.7   729.4     15.45    100.0    2500   160    38.62    -12.96     36.37  -999     -.9    2496     0   0   0   4      29.649   -88.313
0053    26.2   730.1     15.48    100.0    2492   160    38.63    -12.99     36.38  -999     -.9    2489     0   0   0   4      29.649   -88.313
0054    26.7   730.7     15.52    100.0    2485   160    38.64    -13.01     36.38  -999     -.8    2481     0   0   0   4      29.649   -88.313
0055    27.2   731.4     15.55    100.0    2478   160    38.65    -13.03     36.39  -999     -.8    2474     0   0   0   4      29.649   -88.313
0056    27.7   732.0     15.58    100.0    2470   160    38.66    -13.05     36.39  -999     -.8    2466     0   0   0   4      29.649   -88.314
0057    28.2   732.6     15.61    100.0    2463   160    38.67    -13.07     36.40  -999     -.8    2459     0   0   0   4      29.649   -88.314
0058    28.7   733.3     15.64    100.0    2455   160    38.69    -13.10     36.40  -999     -.9    2451     0   0   0   4      29.650   -88.314
0059    29.2   733.9     15.67    100.0    2448   160    38.70    -13.12     36.41  -999     -.9    2444     0   0   0   4      29.650   -88.314
0060    29.7   734.6     15.70    100.0    2440   160    38.71    -13.14     36.41  -999    -1.0    2436     0   0   0   4      29.650   -88.314
0061    30.2   735.2     15.73    100.0    2432   160    38.72    -13.17     36.41  -999    -1.0    2429     0   0   0   4      29.650   -88.314
0062    30.7   735.9     15.76    100.0    2425   160    38.73    -13.19     36.41  -999    -1.0    2421     0   0   0   4      29.650   -88.314
0063    31.2   736.6     15.79    100.0    2417   160    38.74    -13.21     36.41  -999    -1.1    2413     0   0   0   4      29.650   -88.314
0064    31.7   737.2     15.82    100.0    2410   160    38.75    -13.23     36.42  -999    -1.1    2406     0   0   0   4      29.650   -88.314
0065    32.2   737.9     15.85    100.0    2402   160    38.76    -13.25     36.43  -999    -1.1    2398     0   0   0   4      29.651   -88.314
0066    32.7   738.5     15.88    100.0    2394   160    38.78    -13.27     36.44  -999    -1.2    2391     0   0   0   4      29.651   -88.314
0067    33.2   739.2     15.91    100.0    2387   160    38.80    -13.29     36.45  -999    -1.2    2383     0   0   0   4      29.651   -88.314
0068    33.7   739.9     15.94    100.0    2379   160    38.81    -13.32     36.46  -999    -1.2    2375     0   0   0   4      29.651   -88.314
0069    34.2   740.5     15.97    100.0    2371   160    38.83    -13.34     36.46  -999    -1.3    2367     0   0   0   4      29.651   -88.314
0070    34.7   741.2     16.00    100.0    2363   160    38.83    -13.37     36.46  -999    -1.3    2360     0   0   0   4      29.651   -88.315
0071    35.2   741.9     16.03    100.0    2356   160    38.83    -13.40     36.45  -999    -1.3    2352     0   0   0   4      29.652   -88.315
0072    35.7   742.5     16.07    100.0    2348   160    38.83    -13.42     36.44  -999    -1.2    2344     0   0   0   4      29.652   -88.315
0073    36.2   743.2     16.10    100.0    2340   160    38.83    -13.43     36.43  -999    -1.2    2337     0   0   0   4      29.652   -88.315
0074    36.7   743.9     16.14    100.0    2333   160    38.84    -13.44     36.44  -999    -1.2    2329     0   0   0   4      29.652   -88.315
0075    37.2   744.5     16.17    100.0    2325   160    38.86    -13.45     36.46  -999    -1.2    2321     0   0   0   4      29.652   -88.315
0076    37.7   745.2     16.20    100.0    2317   160    38.91    -13.46     36.51  -999    -1.2    2314     0   0   0   4      29.652   -88.315
0077    38.2   745.9     16.23    100.0    2310   160    38.97    -13.47     36.57  -999    -1.2    2306     0   0   0   4      29.653   -88.315
0078    38.7   746.5     16.26    100.0    2302   160    39.05    -13.49     36.65     4    -1.2    2299     0   0   0   0      29.653   -88.315
0079    39.2   747.2     16.29    100.0    2295   160    39.14    -13.52     36.73     4    -1.3    2291     0   0   0   0      29.653   -88.315
0080    39.7   747.9     16.32    100.0    2287   160    39.23    -13.56     36.81     4    -1.3    2283     0   0   0   0      29.653   -88.315
0081    40.2   748.5     16.35    100.0    2279   160    39.31    -13.61     36.88     4    -1.3    2275     0   0   0   0      29.653   -88.315
0082    40.7   749.2     16.39    100.0    2271   160    39.38    -13.65     36.94     4    -1.3    2268     0   0   0   0      29.653   -88.315
0083    41.2   749.9     16.42    100.0    2264   160    39.43    -13.70     36.97     4    -1.3    2260     0   0   0   0      29.654   -88.315
0084    41.7   750.6     16.46    100.0    2256   160    39.47    -13.76     36.99     4    -1.3    2252     0   0   0   0      29.654   -88.315
0085    42.2   751.2     16.50    100.0    2248   160    39.48    -13.83     36.98     4    -1.3    2245     0   0   0   0      29.654   -88.316
0086    42.7   751.9     16.53    100.0    2241   159    39.48    -13.89     36.96     4    -1.3    2237     0   0   0   0      29.654   -88.316
0087    43.2   752.6     16.57    100.0    2233   159    39.47    -13.97     36.92     5    -1.3    2229     0   0   0   0      29.654   -88.316
0088    43.7   753.3     16.60    100.0    2225   159    39.44    -14.04     36.86     5    -1.3    2222     0   0   0   0      29.654   -88.316
0089    44.2   753.9     16.63    100.0    2218   159    39.41    -14.10     36.80     5    -1.3    2214     0   0   0   0      29.655   -88.316
0090    44.7   754.6     16.66    100.0    2210   159    39.37    -14.16     36.73     5    -1.3    2206     0   0   0   0      29.655   -88.316
0091    45.2   755.3     16.69    100.0    2202   159    39.33    -14.20     36.68     5    -1.3    2199     0   0   0   0      29.655   -88.316
0092    45.7   756.0     16.72    100.0    2195   159    39.30    -14.23     36.63     5    -1.4    2191     0   0   0   0      29.655   -88.316
0093    46.2   756.6     16.75    100.0    2187   159    39.28    -14.27     36.60     5    -1.4    2183     0   0   0   0      29.655   -88.316
0094    46.7   757.3     16.78    100.0    2179   159    39.28    -14.31     36.59     5    -1.4    2176     0   0   0   0      29.655   -88.316
0095    47.2   758.0     16.81    100.0    2172   159    39.30    -14.37     36.58     5    -1.4    2168     0   0   0   3      29.656   -88.316
0096    47.7   758.7     16.85    100.0    2164   158    39.32    -14.44     36.57     5    -1.4    2160     0   0   0   0      29.656   -88.316
0097    48.2   759.4     16.88    100.0    2156   158    39.34    -14.54     36.55     5    -1.3    2152     0   0   0   0      29.656   -88.316
0098    48.7   760.0     16.91    100.0    2149   158    39.34    -14.65     36.51     5    -1.3    2145     0   0   0   0      29.656   -88.317
0099    49.2   760.7     16.95    100.0    2141   158    39.33    -14.76     36.45     5    -1.3    2137     0   0   0   0      29.656   -88.317
0100    49.7   761.4     16.98    100.0    2133   158    39.29    -14.86     36.37     5    -1.3    2130     0   0   0   0      29.656   -88.317
0101    50.2   762.1     17.01    100.0    2126   158    39.23    -14.94     36.27     5    -1.4    2122     0   0   0   0      29.657   -88.317
0102    50.7   762.7     17.05    100.0    2118   157    39.16    -15.01     36.17     5    -1.4    2114     0   0   0   0      29.657   -88.317
0103    51.2   763.4     17.08    100.0    2110   157    39.11    -15.08     36.08     5    -1.5    2107     0   0   0   0      29.657   -88.317
0104    51.7   764.1     17.11    100.0    2103   157    39.09    -15.15     36.03     5    -1.6    2099     0   0   0   0      29.657   -88.317
0105    52.2   764.8     17.15    100.0    2095   157    39.13    -15.24     36.03     5    -1.6    2091     0   0   0   0      29.657   -88.317
0106    52.7   765.5     17.18    100.0    2087   157    39.22    -15.35     36.09     5    -1.6    2083     0   0   0   0      29.657   -88.317
0107    53.2   766.2     17.21    100.0    2079   157    39.38    -15.49     36.20     5    -1.6    2075     0   0   0   0      29.658   -88.317
0108    53.7   766.9     17.25    100.0    2071   157    39.58    -15.64     36.36     5    -1.6    2068     0   0   0   0      29.658   -88.317
0109    54.2   767.6     17.28    100.0    2064   157    39.81    -15.80     36.54     5    -1.6    2060     0   0   0   0      29.658   -88.317
0110    54.7   768.3     17.32    100.0    2056   157    40.03    -15.96     36.71     5    -1.5    2052     0   0   0   0      29.658   -88.317
0111    55.2   769.0     17.35    100.0    2048   156    40.21    -16.10     36.85     5    -1.5    2045     0   0   0   0      29.658   -88.318
0112    55.7   769.7     17.39    100.0    2041   156    40.35    -16.23     36.94     5    -1.5    2037     0   0   0   0      29.658   -88.318
0113    56.2   770.3     17.42    100.0    2033   156    40.42    -16.32     36.98     5    -1.6    2029     0   0   0   0      29.659   -88.318
0114    56.7   771.0     17.45    100.0    2025   156    40.44    -16.40     36.97     5    -1.6    2022     0   0   0   0      29.659   -88.318
0115    57.2   771.7     17.49    100.0    2018   156    40.43    -16.44     36.93     5    -1.6    2014     0   0   0   0      29.659   -88.318
0116    57.7   772.4     17.52    100.0    2010   156    40.40    -16.47     36.89     5    -1.7    2006     0   0   0   0      29.659   -88.318
0117    58.2   773.1     17.55    100.0    2002   156    40.37    -16.49     36.85     5    -1.7    1998     0   0   0   0      29.659   -88.318
0118    58.7   773.8     17.58    100.0    1994   156    40.38    -16.51     36.85     5    -1.6    1990     0   0   0   0      29.659   -88.318
0119    59.2   774.5     17.62    100.0    1986   156    40.42    -16.54     36.88     5    -1.6    1982     0   0   0   0      29.660   -88.318
0120    59.7   775.2     17.65    100.0    1979   156    40.49    -16.60     36.93     5    -1.5    1975     0   0   0   0      29.660   -88.318
0121    60.2   775.9     17.68    100.0    1971   156    40.58    -16.67     36.99     5    -1.4    1967     0   0   0   0      29.660   -88.318
0122    60.7   776.6     17.71    100.0    1963   156    40.65    -16.76     37.04     5    -1.4    1959     0   0   0   0      29.660   -88.318
0123    61.2   777.3     17.74    100.0    1956   156    40.70    -16.86     37.04     5    -1.3    1952     0   0   0   0      29.660   -88.319
0124    61.7   778.0     17.78    100.0    1948   155    40.71    -16.97     37.00     5    -1.3    1944     0   0   0   0      29.660   -88.319
0125    62.2   778.7     17.82    100.0    1941   155    40.67    -17.07     36.92     5    -1.3    1937     0   0   0   0      29.661   -88.319
0126    62.7   779.3     17.86    100.0    1933   155    40.61    -17.16     36.80     5    -1.3    1929     0   0   0   0      29.661   -88.319
0127    63.2   780.0     17.90    100.0    1926   155    40.53    -17.24     36.68     5    -1.3    1922     0   0   0   0      29.661   -88.319
0128    63.7   780.7     17.94    100.0    1918   155    40.46    -17.30     36.58     5    -1.4    1914     0   0   0   0      29.661   -88.319
0129    64.2   781.4     17.99    100.0    1910   155    40.42    -17.34     36.51     5    -1.4    1907     0   0   0   0      29.661   -88.319
0130    64.7   782.1     18.03    100.0    1903   155    40.42    -17.37     36.50     5    -1.4    1899     0   0   0   0      29.661   -88.319
0131    65.2   782.8     18.08    100.0    1895   155    40.46    -17.38     36.54     5    -1.4    1891     0   0   0   3      29.662   -88.319
0132    65.7   783.5     18.12    100.0    1888   155    40.53    -17.38     36.61     5    -1.4    1884     0   0   0   0      29.662   -88.319
0133    66.2   784.2     18.16    100.0    1880   155    40.59    -17.36     36.69     5    -1.4    1876     0   0   0   0      29.662   -88.319
0134    66.7   784.9     18.19    100.0    1872   155    40.64    -17.34     36.75     5    -1.4    1869     0   0   0   0      29.662   -88.320
0135    67.2   785.6     18.23    100.0    1865   155    40.64    -17.34     36.76     5    -1.4    1861     0   0   0   0      29.662   -88.320
0136    67.7   786.3     18.26    100.0    1857   155    40.61    -17.36     36.72     5    -1.4    1853     0   0   0   0      29.662   -88.320
0137    68.2   786.9     18.29    100.0    1850   155    40.55    -17.43     36.61     5    -1.5    1846     0   0   0   0      29.663   -88.320
0138    68.7   787.6     18.33    100.0    1842   154    40.48    -17.55     36.48     5    -1.5    1838     0   0   0   0      29.663   -88.320
0139    69.2   788.3     18.36    100.0    1834   154    40.42    -17.72     36.33     5    -1.5    1831     0   0   0   0      29.663   -88.320
0140    69.7   789.0     18.40    100.0    1827   154    40.40    -17.93     36.20     5    -1.6    1823     0   0   0   0      29.663   -88.320
0141    70.2   789.7     18.43    100.0    1819   153    40.42    -18.16     36.12     5    -1.6    1815     0   0   0   0      29.663   -88.320
0142    70.7   790.5     18.46    100.0    1811   153    40.48    -18.36     36.08     5    -1.6    1807     0   0   0   0      29.663   -88.320
0143    71.2   791.2     18.49    100.0    1804   153    40.55    -18.50     36.08     5    -1.6    1800     0   0   0   0      29.664   -88.320
0144    71.7   791.9     18.52    100.0    1796   153    40.60    -18.55     36.12     5    -1.6    1792     0   0   0   0      29.664   -88.320
0145    72.2   792.6     18.55    100.0    1788   153    40.61    -18.51     36.15     5    -1.6    1784     0   0   0   0      29.664   -88.321
0146    72.7   793.3     18.58    100.0    1780   153    40.55    -18.38     36.15     5    -1.6    1777     0   0   0   0      29.664   -88.321
0147    73.2   794.0     18.61    100.0    1773   153    40.42    -18.17     36.11     5    -1.6    1769     0   0   0   0      29.664   -88.321
0148    73.7   794.7     18.64    100.0    1765   154    40.22    -17.93     36.00     5    -1.6    1761     0   0   0   0      29.664   -88.321
0149    74.2   795.4     18.67    100.0    1758   154    39.97    -17.69     35.85     5    -1.6    1754     0   0   0   0      29.664   -88.321
0150    74.7   796.1     18.70    100.0    1750   154    39.71    -17.49     35.64     5    -1.6    1746     0   0   0   0      29.665   -88.321
0151    75.2   796.8     18.74    100.0    1742   154    39.44    -17.36     35.42     5    -1.7    1739     0   0   0   0      29.665   -88.321
0152    75.7   797.5     18.77    100.0    1735   154    39.21    -17.29     35.19     5    -1.7    1731     0   0   0   3      29.665   -88.321
0153    76.2   798.2     18.80    100.0    1727   154    39.02    -17.28     34.98     5    -1.7    1723     0   0   0   0      29.665   -88.321
0154    76.7   798.9     18.83    100.0    1719   154    38.88    -17.31     34.81     5    -1.6    1715     0   0   0   0      29.665   -88.321
0155    77.2   799.6     18.87    100.0    1711   153    38.78    -17.36     34.68     5    -1.5    1708     0   0   0   0      29.665   -88.322
0156    77.7   800.4     18.90    100.0    1704   153    38.72    -17.39     34.60     5    -1.5    1700     0   0   0   0      29.666   -88.322
0157    78.2   801.1     18.92    100.0    1696   153    38.67    -17.38     34.55     5    -1.4    1692     0   0   0   3      29.666   -88.322
0158    78.7   801.7     18.95    100.0    1689   153    38.62    -17.33     34.51     5    -1.3    1685     0   0   0   0      29.666   -88.322
0159    79.2   802.4     18.98    100.0    1681   153    38.55    -17.25     34.48     5    -1.3    1678     3   3   3   0      29.666   -88.322
0160    79.7   803.1     19.01    100.0    1674   154    38.47    -17.15     34.44     5    -1.3    1670     0   0   0   0      29.666   -88.322
0161    80.2   803.8     19.04    100.0    1667   154    38.38    -17.06     34.38     5    -1.4    1663     3   3   3   0      29.666   -88.322
0162    80.7   804.5     19.07    100.0    1659   154    38.31    -17.00     34.33     5    -1.4    1655     0   0   0   0      29.667   -88.322
0163    81.2   805.2     19.11    100.0    1652   154    38.27    -16.98     34.30     5    -1.5    1648     0   0   0   0      29.667   -88.322
0164    81.7   805.9     19.14    100.0    1644   154    38.27    -17.00     34.28     5    -1.6    1640     0   0   0   0      29.667   -88.322
0165    82.2   806.6     19.17    100.0    1636   154    38.31    -17.08     34.29     5    -1.6    1632     0   0   0   0      29.667   -88.322
0166    82.7   807.4     19.21    100.0    1629   153    38.39    -17.18     34.33     5    -1.6    1625     0   0   0   0      29.667   -88.323
0167    83.2   808.1     19.24    100.0    1621   153    38.46    -17.30     34.35     5    -1.5    1617     0   0   0   0      29.667   -88.323
0168    83.7   808.8     19.27    100.0    1613   153    38.50    -17.39     34.35     5    -1.5    1610     0   0   0   3      29.667   -88.323
0169    84.2   809.5     19.29    100.0    1606   153    38.46    -17.45     34.28     5    -1.5    1602     0   0   0   0      29.668   -88.323
0170    84.7   810.2     19.32    100.0    1598   153    38.33    -17.45     34.13     5    -1.5    1595     0   0   0   0      29.668   -88.323
0171    85.2   810.9     19.35    100.0    1591   153    38.11    -17.38     33.91     5    -1.5    1587     0   0   0   0      29.668   -88.323
0172    85.7   811.6     19.37    100.0    1583   153    37.83    -17.25     33.67     5    -1.6    1580     0   0   0   0      29.668   -88.323
0173    86.2   812.3     19.40    100.0    1576   153    37.55    -17.06     33.45     5    -1.7    1572     0   0   0   0      29.668   -88.323
0174    86.7   813.0     19.44    100.0    1568   153    37.34    -16.84     33.33     5    -1.8    1564     0   0   0   0      29.668   -88.323
0175    87.2   813.7     19.47    100.0    1560   154    37.27    -16.61     33.37     5    -1.9    1557     0   0   0   0      29.669   -88.323
0176    87.7   814.5     19.51    100.0    1552   154    37.39    -16.42     33.59     5    -1.9    1549     0   0   0   0      29.669   -88.323
0177    88.2   815.2     19.54    100.0    1545   154    37.71    -16.30     34.01     5    -1.9    1541     0   0   0   0      29.669   -88.323
0178    88.7   816.0     19.58    100.0    1537   155    38.21    -16.28     34.57     5    -1.8    1533     0   0   0   0      29.669   -88.324
0179    89.2   816.7     19.61    100.0    1529   155    38.83    -16.39     35.21     5    -1.7    1525     0   0   0   0      29.669   -88.324
0180    89.7   817.4     19.64    100.0    1521   155    39.48    -16.59     35.82     5    -1.6    1518     0   0   0   0      29.669   -88.324
0181    90.2   818.1     19.67    100.0    1514   155    40.05    -16.86     36.33     5    -1.5    1510     0   0   0   0      29.669   -88.324
0182    90.7   818.8     19.69    100.0    1507   155    40.46    -17.12     36.65     5    -1.4    1503     0   0   0   3      29.670   -88.324
0183    91.2   819.5     19.72    100.0    1499   155    40.65    -17.30     36.79     5    -1.4    1496     0   0   0   3      29.670   -88.324
0184    91.7   820.2     19.75    100.0    1492   155    40.64    -17.34     36.76     5    -1.5    1488     0   0   0   0      29.670   -88.324
0185    92.2   820.9     19.77    100.0    1485   155    40.46    -17.20     36.62     5    -1.6    1481     0   0   0   0      29.670   -88.324
0186    92.7   821.6     19.80    100.0    1477   155    40.18    -16.91     36.45     5    -1.7    1473     0   0   0   0      29.670   -88.324
0187    93.2   822.3     19.83    100.0    1469   156    39.90    -16.51     36.33     5    -1.7    1465     0   0   0   0      29.670   -88.324
0188    93.7   823.1     19.86    100.0    1461   156    39.71    -16.08     36.30     5    -1.7    1458     0   0   0   0      29.671   -88.324
0189    94.2   823.8     19.89    100.0    1454   157    39.64    -15.70     36.40     5    -1.7    1450     0   0   0   0      29.671   -88.325
0190    94.7   824.5     19.92    100.0    1446   157    39.72    -15.45     36.59     5    -1.5    1442     0   0   0   0      29.671   -88.325
0191    95.2   825.3     19.95    100.0    1439   157    39.91    -15.35     36.84     5    -1.4    1435     0   0   0   0      29.671   -88.325
0192    95.7   826.0     19.99    100.0    1431   157    40.14    -15.39     37.08     5    -1.3    1427     0   0   0   0      29.671   -88.325
0193    96.2   826.6     20.02    100.0    1424   157    40.34    -15.51     37.24     5    -1.2    1420     0   0   0   0      29.671   -88.325
0194    96.7   827.3     20.05    100.0    1417   157    40.45    -15.66     37.29     5    -1.1    1413     0   0   0   0      29.672   -88.325
0195    97.2   828.0     20.08    100.0    1410   157    40.42    -15.74     37.23     5    -1.1    1406     0   0   0   0      29.672   -88.325
0196    97.7   828.7     20.11    100.0    1402   157    40.26    -15.71     37.06     5    -1.2    1399     0   0   0   0      29.672   -88.325
0197    98.2   829.4     20.14    100.0    1395   157    40.01    -15.57     36.85     5    -1.2    1391     0   0   0   0      29.672   -88.325
0198    98.7   830.1     20.17    100.0    1388   157    39.72    -15.32     36.65     5    -1.3    1384     0   0   0   3      29.672   -88.325
0199    99.2   830.8     20.20    100.0    1380   158    39.47    -15.03     36.49     5    -1.3    1376     0   0   0   0      29.672   -88.325
0200    99.7   831.5     20.23    100.0    1373   158    39.29    -14.75     36.42     5    -1.3    1369     0   0   0   0      29.673   -88.325
0201   100.2   832.3     20.26    100.0    1365   158    39.21    -14.55     36.41     5    -1.3    1361     0   0   0   0      29.673   -88.325
0202   100.7   833.0     20.29    100.0    1358   158    39.21    -14.45     36.44     5    -1.3    1354     0   0   0   0      29.673   -88.326
0203   101.2   833.7     20.32    100.0    1351   158    39.25    -14.48     36.48     5    -1.3    1347     0   0   0   0      29.673   -88.326
0204   101.7   834.4     20.35    100.0    1343   158    39.29    -14.63     36.46     5    -1.3    1339     0   0   0   0      29.673   -88.326
0205   102.2   835.1     20.38    100.0    1336   158    39.29    -14.86     36.37     5    -1.3    1332     3   3   3   3      29.673   -88.326
0206   102.7   835.8     20.40    100.0    1329   157    39.24    -15.12     36.21     5    -1.3    1325     0   0   0   3      29.674   -88.326
0207   103.2   836.5     20.43    100.0    1321   157    39.14    -15.36     36.00     5    -1.4    1318     0   0   0   0      29.674   -88.326
0208   103.7   837.2     20.45    100.0    1314   157    39.03    -15.55     35.79     5    -1.4    1310     0   0   0   0      29.674   -88.326
0209   104.2   837.9     20.48    100.0    1306   156    38.92    -15.65     35.64     5    -1.5    1303     0   0   0   0      29.674   -88.326
0210   104.7   838.6     20.51    100.0    1299   156    38.85    -15.67     35.55     5    -1.5    1295     0   0   0   0      29.674   -88.326
0211   105.2   839.4     20.54    100.0    1291   156    38.81    -15.59     35.54     5    -1.5    1288     0   0   0   0      29.674   -88.326
0212   105.7   840.1     20.57    100.0    1284   157    38.80    -15.47     35.59     5    -1.4    1280     0   0   0   0      29.675   -88.326
0213   106.2   840.8     20.60    100.0    1276   157    38.80    -15.32     35.65     5    -1.3    1273     0   0   0   0      29.675   -88.326
0214   106.7   841.5     20.63    100.0    1269   157    38.78    -15.20     35.68     5    -1.2    1265     0   0   0   3      29.675   -88.326
0215   107.2   842.2     20.65    100.0    1262   157    38.75    -15.15     35.67     5    -1.1    1258     0   0   0   0      29.675   -88.327
0216   107.7   842.9     20.67    100.0    1255   157    38.71    -15.17     35.61     5    -1.0    1251     0   0   0   0      29.675   -88.327
0217   108.2   843.6     20.69    100.0    1248   157    38.70    -15.29     35.56     5     -.9    1244     0   0   0   0      29.675   -88.327
0218   108.7   844.3     20.70    100.0    1241   156    38.77    -15.48     35.54     5     -.8    1237     0   0   0   0      29.676   -88.327
0219   109.2   845.0     20.71    100.0    1233   156    38.94    -15.72     35.63     4     -.8    1230     0   0   0   0      29.676   -88.327
0220   109.7   845.6     20.73    100.0    1226   156    39.25    -15.98     35.84     4     -.8    1223     0   0   0   0      29.676   -88.327
0221   110.2   846.3     20.74    100.0    1219   156    39.67    -16.25     36.19     5     -.8    1216     0   0   0   0      29.676   -88.327
0222   110.7   847.0     20.76    100.0    1212   156    40.20    -16.52     36.65     5     -.8    1209     0   0   0   0      29.676   -88.327
0223   111.2   847.7     20.78    100.0    1205   156    40.75    -16.79     37.13     5     -.9    1202     0   0   0   0      29.676   -88.327
0224   111.7   848.4     20.80    100.0    1198   156    41.29    -17.09     37.58     5    -1.0    1195     0   0   0   0      29.677   -88.327
0225   112.2   849.1     20.83    100.0    1191   155    41.74    -17.43     37.93     5    -1.1    1188     0   0   0   0      29.677   -88.327
0226   112.7   849.8     20.85    100.0    1184   155    42.08    -17.80     38.14     5    -1.2    1180     0   0   0   0      29.677   -88.327
0227   113.2   850.5     20.88    100.0    1177   155    42.31    -18.19     38.21     5    -1.4    1173     0   0   0   0      29.677   -88.328
0228   113.7   851.2     20.91    100.0    1169   154    42.45    -18.55     38.18     5    -1.5    1166     0   0   0   3      29.677   -88.328
0229   114.2   852.0     20.94    100.0    1162   154    42.51    -18.84     38.11     5    -1.5    1158     0   0   0   0      29.677   -88.328
0230   114.7   852.7     20.97    100.0    1154   153    42.52    -19.00     38.04     5    -1.5    1150     0   0   0   0      29.678   -88.328
0231   115.2   853.4     21.00    100.0    1147   153    42.51    -19.00     38.02     5    -1.4    1143     0   0   0   0      29.678   -88.328
0232   115.7   854.2     21.02    100.0    1139   154    42.46    -18.86     38.04     5    -1.2    1136     0   0   0   0      29.678   -88.328
0233   116.2   854.9     21.04    100.0    1132   154    42.39    -18.61     38.09     5    -1.0    1128     0   0   0   0      29.678   -88.328
0234   116.7   855.6     21.06    100.0    1125   154    42.29    -18.32     38.12     5     -.8    1121     0   0   0   0      29.678   -88.328
0235   117.2   856.2     21.07    100.0    1118   155    42.18    -18.06     38.11     5     -.6    1114     0   0   0   0      29.678   -88.328
0236   117.7   856.9     21.09    100.0    1111   155    42.07    -17.89     38.07     5     -.4    1108     0   0   0   0      29.679   -88.328
0237   118.2   857.6     21.10    100.0    1105   155    42.01    -17.86     38.02     5     -.3    1101     0   0   0   0      29.679   -88.329
0238   118.7   858.2     21.11    100.0    1098   155    42.03    -17.97     37.99     5     -.2    1094     0   0   0   0      29.679   -88.329
0239   119.2   858.9     21.13    100.0    1091   154    42.17    -18.20     38.04     5     -.1    1088     0   0   0   0      29.679   -88.329
0240   119.7   859.5     21.15    100.0    1085   154    42.44    -18.49     38.20     5     -.1    1081     0   0   0   3      29.679   -88.329
0241   120.2   860.2     21.17    100.0    1078   154    42.83    -18.81     38.48     5     -.1    1074     3   3   3   0      29.679   -88.329
0242   120.7   860.9     21.19    100.0    1071   154    43.31    -19.11     38.87     5      .0    1068     0   0   0   0      29.680   -88.329
0243   121.2   861.5     21.21    100.0    1065   154    43.81    -19.37     39.30     5      .1    1061     0   0   0   0      29.680   -88.329
0244   121.7   862.2     21.23    100.0    1058   154    44.28    -19.59     39.71     5      .2    1054     0   0   0   0      29.680   -88.329
0245   122.2   862.8     21.26    100.0    1052   154    44.67    -19.79     40.04     5      .3    1048     0   0   0   0      29.680   -88.329
0246   122.7   863.4     21.28    100.0    1045   154    44.94    -19.98     40.26     5      .3    1041     0   0   0   0      29.680   -88.329
0247   123.2   864.1     21.31    100.0    1039   153    45.10    -20.16     40.34     5      .4    1035     0   0   0   0      29.681   -88.330
0248   123.7   864.7     21.33    100.0    1032   153    45.18    -20.33     40.35     4      .4    1029     0   0   0   0      29.681   -88.330
0249   124.2   865.3     21.36    100.0    1026   153    45.22    -20.45     40.33     5      .4    1022     0   0   0   0      29.681   -88.330
0250   124.7   866.0     21.38    100.0    1020   153    45.28    -20.50     40.38     5      .4    1016     0   0   0   0      29.681   -88.330
0251   125.2   866.6     21.41    100.0    1013   153    45.43    -20.48     40.55     5      .3    1010     0   0   0   0      29.681   -88.330
0252   125.7   867.2     21.44    100.0    1007   153    45.69    -20.39     40.89     5      .3    1003     0   0   0   0      29.681   -88.330
0253   126.2   867.9     21.47    100.0    1000   154    46.08    -20.27     41.38     5      .2     997     0   0   0   0      29.682   -88.330
0254   126.7   868.5     21.50    100.0     994   154    46.57    -20.21     41.95     5      .1     990     0   0   0   0      29.682   -88.330
0255   127.2   869.2     21.54    100.0     987   155    47.10    -20.27     42.52     5      .0     984     0   0   0   0      29.682   -88.330
0256   127.7   869.8     21.57    100.0     981   154    47.61    -20.52     42.96     5     -.1     977     0   0   0   0      29.682   -88.331
0257   128.2   870.5     21.60    100.0     974   154    48.02    -20.99     43.20     5     -.2     970     0   0   0   0      29.682   -88.331
0258   128.7   871.2     21.63    100.0     967   153    48.28    -21.63     43.17     5     -.3     964     0   0   0   0      29.683   -88.331
0259   129.2   871.8     21.65    100.0     961   152    48.37    -22.35     42.90     5     -.4     957     0   0   0   0      29.683   -88.331
0260   129.7   872.5     21.67    100.0     954   152    48.31    -23.05     42.45     5     -.5     950     0   0   0   0      29.683   -88.331
0261   130.2   873.2     21.68    100.0     947   151    48.12    -23.59     41.94     5     -.5     943     0   0   0   0      29.683   -88.331
0262   130.7   873.9     21.68    100.0     940   150    47.88    -23.91     41.48     5     -.6     936     0   0   0   0      29.683   -88.331
0263   131.2   874.6     21.69    100.0     933   150    47.65    -23.96     41.18     5     -.6     929     0   0   0   0      29.684   -88.331
0264   131.7   875.3     21.69    100.0     926   150    47.48    -23.77     41.10     5     -.7     923     0   0   0   0      29.684   -88.331
0265   132.2   876.0     21.69    100.0     919   150    47.41    -23.41     41.23     5     -.8     916     0   0   0   0      29.684   -88.332
0266   132.7   876.7     21.70    100.0     913   151    47.44    -22.98     41.50     5     -.9     909     0   0   0   0      29.684   -88.332
0267   133.2   877.4     21.71    100.0     906   152    47.51    -22.56     41.81     5    -1.0     902     0   0   0   0      29.684   -88.332
0268   133.7   878.1     21.73    100.0     898   152    47.56    -22.21     42.06     5    -1.1     895     0   0   0   0      29.684   -88.332
0269   134.2   878.8     21.75    100.0     891   153    47.55    -21.94     42.18     5    -1.2     887     0   0   0   0      29.685   -88.332
0270   134.7   879.5     21.77    100.0     884   153    47.45    -21.77     42.17     5    -1.1     880     0   0   0   0      29.685   -88.332
0271   135.2   880.3     21.80    100.0     877   153    47.30    -21.68     42.04     5    -1.1     873     0   0   0   0      29.685   -88.332
0272   135.7   881.0     21.82    100.0     869   153    47.17    -21.69     41.88     5     -.9     866     0   0   0   0      29.685   -88.332
0273   136.2   881.7     21.85    100.0     862   152    47.13    -21.81     41.77     5     -.7     859     0   0   0   0      29.685   -88.332
0274   136.7   882.4     21.88    100.0     856   152    47.23    -22.06     41.77     5     -.5     852     0   0   0   0      29.686   -88.333
0275   137.2   883.1     21.91    100.0     849   152    47.51    -22.44     41.88     5     -.3     845     0   0   0   0      29.686   -88.333
0276   137.7   883.7     21.93    100.0     842   151    47.92    -22.93     42.08     5     -.1     839     0   0   0   0      29.686   -88.333
0277   138.2   884.4     21.95    100.0     836   151    48.40    -23.48     42.32     5      .1     832     0   0   0   0      29.686   -88.333
0278   138.7   885.0     21.97    100.0     829   151    48.84    -24.03     42.52     5      .3     826     0   0   0   0      29.686   -88.333
0279   139.2   885.7     21.99    100.0     823   150    49.17    -24.51     42.62     5      .4     819     0   0   0   0      29.687   -88.333
0280   139.7   886.3     22.01    100.0     817   150    49.34    -24.87     42.61     5      .4     813     0   0   0   0      29.687   -88.333
0281   140.2   886.9     22.02    100.0     811   149    49.35    -25.11     42.48     5      .4     807     0   0   0   0      29.687   -88.333
0282   140.7   887.6     22.04    100.0     804   149    49.23    -25.22     42.28     5      .3     801     0   0   0   0      29.687   -88.334
0283   141.2   888.2     22.06    100.0     798   149    49.07    -25.28     42.06     5      .2     794     0   0   0   3      29.687   -88.334
0284   141.7   888.9     22.08    100.0     792   149    48.92    -25.33     41.85     5      .1     788     0   0   0   0      29.688   -88.334
0285   142.2   889.5     22.10    100.0     785   149    48.83    -25.41     41.70     5     -.1     781     0   0   0   0      29.688   -88.334
0286   142.7   890.2     22.13    100.0     779   148    48.82    -25.56     41.60     5     -.3     775     0   0   0   0      29.688   -88.334
0287   143.2   890.9     22.15    100.0     772   148    48.88    -25.75     41.55     5     -.4     768     0   0   0   0      29.688   -88.334
0288   143.7   891.6     22.17    100.0     765   148    48.97    -25.96     41.53     5     -.5     761     0   0   0   0      29.688   -88.334
0289   144.2   892.3     22.19    100.0     758   148    49.05    -26.12     41.52     5     -.6     754     0   0   0   0      29.688   -88.335
0290   144.7   893.0     22.21    100.0     751   148    49.09    -26.19     41.52     5     -.7     747     0   0   0   0      29.689   -88.335
0291   145.2   893.7     22.23    100.0     744   148    49.07    -26.17     41.51     5     -.7     741     0   0   0   0      29.689   -88.335
0292   145.7   894.4     22.25    100.0     737   148    49.00    -26.07     41.48     5     -.7     734     0   0   0   0      29.689   -88.335
0293   146.2   895.1     22.28    100.0     731   148    48.90    -25.93     41.45     5     -.7     727     0   0   0   0      29.689   -88.335
0294   146.7   895.8     22.30    100.0     724   148    48.79    -25.80     41.41     5     -.7     720     0   0   0   0      29.689   -88.335
0295   147.2   896.5     22.33    100.0     717   148    48.71    -25.72     41.36     5     -.7     713     0   0   0   0      29.690   -88.335
0296   147.7   897.2     22.36    100.0     710   148    48.67    -25.71     41.32     5     -.7     706     0   0   0   0      29.690   -88.335
0297   148.2   897.9     22.39    100.0     703   148    48.70    -25.78     41.31     5     -.7     700     0   0   0   0      29.690   -88.336
0298   148.7   898.6     22.42    100.0     697   148    48.80    -25.89     41.36     5     -.7     693     0   0   0   0      29.690   -88.336
0299   149.2   899.3     22.45    100.0     690   148    48.98    -26.03     41.49     5     -.8     686     0   0   0   3      29.690   -88.336
0300   149.7   900.0     22.48    100.0     683   148    49.21    -26.17     41.68     5     -.8     679     0   0   0   0      29.691   -88.336
0301   150.2   900.7     22.49    100.0     676   148    49.48    -26.31     41.90     5     -.7     672     0   0   0   0      29.691   -88.336
0302   150.7   901.4     22.51    100.0     669   148    49.72    -26.44     42.11     5     -.7     665     0   0   0   0      29.691   -88.336
0303   151.2   902.1     22.52    100.0     662   148    49.88    -26.57     42.22     5     -.6     658     0   0   0   0      29.691   -88.336
0304   151.7   902.8     22.52    100.0     655   148    49.91    -26.69     42.17     5     -.5     652     3   3   3   0      29.691   -88.337
0305   152.2   903.5     22.52    100.0     649   147    49.78    -26.82     41.94     5     -.4     645     0   0   0   0      29.691   -88.337
0306   152.7   904.2     22.52    100.0     642   147    49.50    -26.92     41.55     5     -.3     638     0   0   0   0      29.692   -88.337
0307   153.2   904.9     22.52    100.0     636   147    49.14    -26.99     41.07     5     -.2     632     0   0   0   0      29.692   -88.337
0308   153.7   905.5     22.53    100.0     629   146    48.78    -27.00     40.62     5     -.1     625     0   0   0   0      29.692   -88.337
0309   154.2   906.2     22.54    100.0     623   146    48.50    -26.94     40.33     4     -.1     619     0   0   0   0      29.692   -88.337
0310   154.7   906.9     22.56    100.0     616   146    48.39    -26.82     40.28     4      .0     612     0   0   0   0      29.692   -88.337
0311   155.2   907.6     22.57    100.0     610   147    48.45    -26.64     40.47     5      .0     606     0   0   0   0      29.693   -88.338
0312   155.7   908.2     22.58    100.0     603   147    48.69    -26.45     40.88     5      .1     599     0   0   0   0      29.693   -88.338
0313   156.2   908.9     22.59    100.0     597   148    49.03    -26.30     41.38     5      .2     593     0   0   0   0      29.693   -88.338
0314   156.7   909.6     22.59    100.0     590   148    49.41    -26.25     41.86     5      .2     587     0   0   0   0      29.693   -88.338
0315   157.2   910.2     22.59    100.0     584   148    49.78    -26.38     42.21     4      .3     580     0   0   0   0      29.693   -88.338
0316   157.7   910.8     22.59    100.0     578   148    50.11    -26.74     42.37     4      .4     574     0   0   0   0      29.693   -88.338
0317   158.2   911.5     22.58    100.0     572   147    50.42    -27.35     42.35     5      .4     568     0   0   0   0      29.694   -88.338
0318   158.7   912.1     22.58    100.0     566   146    50.76    -28.18     42.22     5      .4     562     0   0   0   0      29.694   -88.339
0319   159.2   912.8     22.59    100.0     559   145    51.18    -29.17     42.06     5      .5     556     0   0   0   0      29.694   -88.339
0320   159.7   913.4     22.60    100.0     553   144    51.69    -30.20     41.95     5      .5     549     0   0   0   0      29.694   -88.339
0321   160.2   914.1     22.62    100.0     547   143    52.26    -31.19     41.93     5      .6     543     0   0   0   0      29.694   -88.339
0322   160.7   914.7     22.65    100.0     541   143    52.79    -32.02     41.97     5      .7     537     0   0   0   0      29.695   -88.339
0323   161.2   915.4     22.67    100.0     534   142    53.21    -32.64     42.03     5      .8     531     0   0   0   0      29.695   -88.339
0324   161.7   916.0     22.70    100.0     529   142    53.43    -33.02     42.01     5      .9     525     0   0   0   0      29.695   -88.339
0325   162.2   916.6     22.72    100.0     523   142    53.41    -33.20     41.83     5     1.0     519     0   0   0   0      29.695   -88.340
0326   162.7   917.2     22.74    100.0     517   141    53.14    -33.22     41.48     5     1.1     513     0   0   0   0      29.695   -88.340
0327   163.2   917.8     22.76    100.0     511   141    52.69    -33.15     40.96     5     1.2     507     0   0   0   0      29.696   -88.340
0328   163.7   918.4     22.78    100.0     505   141    52.15    -33.05     40.34     5     1.2     502     0   0   0   0      29.696   -88.340
0329   164.2   919.0     22.81    100.0     499   140    51.63    -32.96     39.74     5     1.3     496     0   0   0   0      29.696   -88.340
0330   164.7   919.6     22.83    100.0     494   140    51.23    -32.93     39.25     5     1.2     490     0   0   0   0      29.696   -88.340
0331   165.2   920.3     22.87    100.0     488   140    51.02    -32.97     38.93     5     1.1     484     0   0   0   0      29.696   -88.341
0332   165.7   920.9     22.90    100.0     482   140    51.03    -33.12     38.82     4     1.0     478     0   0   0   0      29.696   -88.341
0333   166.2   921.5     22.93    100.0     476   139    51.24    -33.41     38.85     4      .8     473     0   0   0   0      29.697   -88.341
0334   166.7   922.1     22.97    100.0     470   139    51.61    -33.88     38.93     4      .5     467     0   0   0   0      29.697   -88.341
0335   167.2   922.7     23.01    100.0     464   138    52.03    -34.53     38.93     4      .1     461     0   0   0   0      29.697   -88.341
0336   167.7   923.4     23.04    100.0     458   138    52.43    -35.33     38.75     4     -.3     454     0   0   0   0      29.697   -88.342
0337   168.2   924.1     23.08    100.0     451   137    52.71    -36.19     38.32     4     -.7     448     0   0   0   0      29.697   -88.342
0338   168.7   924.8     23.12    100.0     444   136    52.80    -37.00     37.66     4    -1.1     441     0   0   0   0      29.698   -88.342
0339   169.2   925.6     23.16    100.0     437   134    52.65    -37.61     36.84     4    -1.4     433     0   0   0   0      29.698   -88.342
0340   169.7   926.4     23.19    100.0     430   134    52.27    -37.91     35.99     4    -1.7     426     0   0   0   0      29.698   -88.342
0341   170.2   927.2     23.23    100.0     422   133    51.69    -37.83     35.23     5    -1.8     419     0   0   0   0      29.698   -88.342
0342   170.7   928.0     23.26    100.0     415   133    50.98    -37.37     34.68     5    -1.8     411     0   0   0   0      29.698   -88.343
0343   171.2   928.7     23.29    100.0     407   133    50.26    -36.66     34.38     4    -1.8     404     0   0   0   0      29.698   -88.343
0344   171.7   929.5     23.31    100.0     400   134    49.63    -35.83     34.34     4    -1.6     396     0   0   0   0      29.698   -88.343
0345   172.2   930.3     23.34    100.0     393   135    49.18    -35.07     34.47     5    -1.4     389     0   0   0   0      29.699   -88.343
0346   172.7   931.0     23.36    100.0     386   135    48.94    -34.54     34.67     4    -1.2     382     0   0   0   0      29.699   -88.343
0347   173.2   931.7     23.38    100.0     379   135    48.90    -34.29     34.86     5     -.9     375     0   0   0   0      29.699   -88.344
0348   173.7   932.5     23.40    100.0     372   136    49.02    -34.35     34.97     5     -.7     369     0   0   0   0      29.699   -88.344
0349   174.2   933.2     23.42    100.0     366   135    49.22    -34.61     34.99     5     -.5     362     0   0   0   0      29.699   -88.344
0350   174.7   933.9     23.44    100.0     359   135    49.45    -34.97     34.96     4     -.4     355     0   0   0   0      29.699   -88.344
0351   175.2   934.5     23.47    100.0     353   135    49.66    -35.29     34.94     5     -.3     349     0   0   0   0      29.700   -88.344
0352   175.7   935.2     23.49    100.0     346   135    49.81    -35.44     34.99     5     -.2     342     0   0   0   0      29.700   -88.344
0353   176.2   935.9     23.51    100.0     340   135    49.86    -35.39     35.13     5     -.1     336     0   0   0   0      29.700   -88.345
0354   176.7   936.6     23.54    100.0     333   135    49.83    -35.11     35.35     5     -.1     330     0   0   0   0      29.700   -88.345
0355   177.2   937.3     23.55    100.0     327   136    49.70    -34.68     35.60     5      .0     323     0   0   0   0      29.700   -88.345
0356   177.7   938.0     23.57    100.0     321   136    49.50    -34.19     35.79     5      .1     317     0   0   0   0      29.700   -88.345
0357   178.2   938.6     23.58    100.0     314   137    49.25    -33.74     35.88     5      .1     310     0   0   0   0      29.701   -88.345
0358   178.7   939.3     23.58    100.0     308   137    49.00    -33.43     35.83     4      .1     304     0   0   0   0      29.701   -88.346
0359   179.2   940.0     23.59    100.0     302   137    48.80    -33.29     35.67     4      .2     298     0   0   0   0      29.701   -88.346
0360   179.7   940.6     23.60    100.0     295   137    48.68    -33.35     35.45     4      .2     292     0   0   0   0      29.701   -88.346
0361   180.2   941.3     23.61    100.0     289   136    48.67    -33.55     35.25     4      .2     286     0   0   0   0      29.701   -88.346
0362   180.7   942.0     23.62    100.0     283   136    48.76    -33.83     35.12     4      .1     279     0   0   0   0      29.701   -88.346
0363   181.2   942.6     23.64    100.0     277   136    48.90    -34.10     35.05     4      .0     273     0   0   0   0      29.701   -88.346
0364   181.7   943.3     23.65    100.0     271   136    49.02    -34.30     35.02     4     -.1     267     0   0   0   0      29.702   -88.347
0365   182.2   944.0     23.68    100.0     264   135    49.03    -34.41     34.93     4     -.3     260     0   0   0   0      29.702   -88.347
0366   182.7   944.7     23.70    100.0     258   135    48.89    -34.44     34.71     5     -.5     254     0   0   0   0      29.702   -88.347
0367   183.2   945.4     23.72    100.0     251   135    48.59    -34.44     34.28     5     -.8     247     0   0   0   0      29.702   -88.347
0368   183.7   946.1     23.75    100.0     244   134    48.19    -34.48     33.66     5    -1.1     241     0   0   0   0      29.702   -88.347
0369   184.2   946.9     23.78    100.0     237   134    47.79    -34.65     32.92     5    -1.3     234     0   0   0   0      29.702   -88.347
0370   184.7   947.7     23.81    100.0     230   133    47.52    -34.98     32.16     5    -1.5     226     3   3   3   3      29.703   -88.348
0371   185.2   948.4     23.84    100.0     223   132    47.42    -35.45     31.50     4    -1.7     219     0   0   0   0      29.703   -88.348
0372   185.7   949.2     23.88    100.0     215   131    47.52    -36.01     31.00     4    -1.7     212     0   0   0   0      29.703   -88.348
0373   186.2   950.0     23.91    100.0     208   130    47.73    -36.56     30.68     4    -1.7     204     0   0   0   0      29.703   -88.348
0374   186.7   950.8     23.95    100.0     201   129    47.94    -36.99     30.49     4    -1.5     197     0   0   0   0      29.703   -88.348
0375   187.2   951.6     23.98    100.0     194   129    48.04    -37.23     30.35     4    -1.4     190     0   0   0   3      29.703   -88.349
0376   187.7   952.3     24.01    100.0     187   129    47.97    -37.31     30.16     4    -1.2     183     0   0   0   0      29.703   -88.349
0377   188.2   953.1     24.03    100.0     180   129    47.77    -37.29     29.85     4    -1.1     176     0   0   0   0      29.704   -88.349
0378   188.7   953.8     24.06    100.0     173   128    47.53    -37.31     29.45     4     -.9     170     0   0   0   0      29.704   -88.349
0379   189.2   954.5     24.10    100.0     167   128    47.41    -37.48     29.03     4     -.8     163     0   0   0   0      29.704   -88.349
0380   189.7   955.2     24.13    100.0     160   127    47.54    -37.89     28.71     4     -.8     156     0   0   0   0      29.704   -88.350
0381   190.2   956.0     24.17    100.0     153   127    48.00    -38.57     28.58     4     -.7     150     0   0   0   0      29.704   -88.350
0382   190.7   956.7     24.21    100.0     147   126    48.76    -39.45     28.66     4     -.7     143     0   0   0   0      29.704   -88.350
0383   191.2   957.4     24.26    100.0     140   126    49.68    -40.42     28.89     4     -.7     136     0   0   0   0      29.704   -88.350
0384   191.7   958.1     24.31    100.0     133   125    50.54    -41.33     29.09     4     -.7     129     0   0   0   0      29.704   -88.350
0385   192.2   958.9     24.35    100.0     127   125    51.12    -42.04     29.08     4     -.8     123     0   0   0   0      29.705   -88.351
0386   192.7   959.6     24.39    100.0     120   124    51.23    -42.44     28.69     4     -.9     116     0   0   0   0      29.705   -88.351
0387   193.2   960.3     24.44    100.0     113   123    50.81    -42.49     27.85     4     -.9     110     0   0   0   0      29.705   -88.351
0388   193.7   961.0     24.48    100.0     107   122    49.94    -42.23     26.64     4    -1.0     103     0   0   0   0      29.705   -88.351
0389   194.2   961.8     24.52    100.0     100   121    48.82    -41.79     25.24     4    -1.1      96     0   0   0   0      29.705   -88.351
0390   194.7   962.5     24.57    100.0      93   120    47.71    -41.33     23.83     4    -1.1      89     0   0   0   0      29.705   -88.352
0391   195.2   963.3     24.62    100.0      86   119    46.85    -41.04     22.61     4    -1.0      82     0   0   0   0      29.705   -88.352
0392   195.7   964.1     24.67    100.0      79   118    46.37    -41.01     21.65     4     -.8      75     0   0   0   0      29.705   -88.352
0393   196.2   964.8     24.72    100.0      72   117    46.25    -41.24     20.94     4     -.5      68     0   0   0   0      29.705   -88.352
0394   196.7   965.6     24.77    100.0      65   116    46.31    -41.56     20.42     4     -.1      61     0   0   0   0      29.706   -88.353
0395   197.2   966.2     24.82    100.0      59   116    46.33    -41.76     20.06     4      .4      55     0   0   0   0      29.706   -88.353
0396   197.7   966.9     24.87    100.0      53   116    46.28    -41.70     20.07     4     1.0      49     0   0   0   0      29.706   -88.353
0397   198.2   967.5     24.92    100.0      48   117    46.41    -41.44     20.90     4     1.5      44     0   0   0   0      29.706   -88.353
0398   198.7   968.1     24.97    100.0      42   119    47.03    -41.24     22.61     4     2.0      39     0   0   0   0      29.706   -88.353
0399   199.2   968.6     25.03    100.0      37   119    47.16    -41.23     22.89     4     2.5      33     0   0   0   0      29.706   -88.354
0400   199.7   969.2     25.09    100.0      32  -999  -999.00   -999.00   -999.00  -999     2.9      29     0   0   0   0      29.706   -88.354
0401   200.2   969.7     25.16    100.0      28  -999  -999.00   -999.00   -999.00  -999     2.3      24     0   0   0   0      29.706   -88.354
0402   200.7   970.2     25.24    100.0      23  -999  -999.00   -999.00   -999.00  -999     2.4      19     0   0   0   0      29.706   -88.354
0403   201.2   970.6     25.32    100.0      19  -999  -999.00   -999.00   -999.00  -999     2.4      15     0   0   0   0      29.706   -88.354
0404   201.7   971.1     25.40    100.0      15  -999  -999.00   -999.00   -999.00  -999     2.3      11     0   0   0   0      29.707   -88.355
0405   202.2   972.0     25.46    100.0       7  -999  -999.00   -999.00   -999.00  -999     2.1       3     0   0   0   0      29.707   -88.355
