 ===========================================================================
 DROPWINDSONDE PROCESSING RECORD                            Sonde: 981030006
 PDS file written Nov 22, 1999.                             Format:    V4.03
 Aircraft: AFRES C-130                       Date: 980922   Time: 005907 UTC
 ---------------------------------------------------------------------------
 Bias corrections:  PR =    .0 mb  TE =    .0 C  RH =    .0 %  PRB =   .0 mb
 Filters (LPF):     PTH =   5 s    WIND =   5 s       Hyd anchor =       SFC
 RH T-compensation =  Y     WSHR COR =      N         Splash PR  = 1004.1 mb
 Estimated PR used =  N     GPS VERR =-999.00 m/s     HYD SFCP   = 1004.6 mb
 Dyn T correction  =  Y     WGACORR  =     .0 m       AC GA ADJ  =     .0 m
 ---------------------------------------------------------------------------
 COMMENTS: RH probably low.                                            
 ===========================================================================

 ===========================================================================
 Date: 980922   Lat:  17.16 N   TA:   10.5 C   PS:  694.0 mb   WD:   328 deg
 Time: 005907   Lon:  67.48 W   TD:    5.5 C   GA:   3189 m    WS:  19.0 m/s
 SID:  981030006                RH:   71.0 %   Navaid:   GP          
 ===========================================================================

IX      t (s)  P (mb)    T (C)    RH (%)  Z (m)   WD    WS (m/s)   U (m/s)   V (m/s)  NS  WZ (m/s)  ZW (m)   FP  FT  FH  FW    LAT (N)   LON (E)
0001      .4   694.6     10.55     70.8    3185  -999  -999.00   -999.00   -999.00  -999  -999.0    3185     3   3   3   0    -999.000  -999.000
0002      .9   695.2     10.62     70.6    3178  -999  -999.00   -999.00   -999.00  -999  -999.0    3178     3   3   3   0    -999.000  -999.000
0003     1.4   695.8     10.67     70.4    3171  -999  -999.00   -999.00   -999.00  -999  -999.0    3171     3   3   3   0    -999.000  -999.000
0004     1.9   696.4     10.73     70.2    3164  -999  -999.00   -999.00   -999.00  -999  -999.0    3164     3   3   3   0    -999.000  -999.000
0005     2.4   697.0     10.79     70.0    3157  -999  -999.00   -999.00   -999.00  -999  -999.0    3157     3   3   3   0    -999.000  -999.000
0006     2.9   697.5     10.85     69.8    3150  -999  -999.00   -999.00   -999.00  -999  -999.0    3150     3   3   3   0    -999.000  -999.000
0007     3.4   698.1     10.91     69.6    3143  -999  -999.00   -999.00   -999.00  -999  -999.0    3143     3   3   3   0    -999.000  -999.000
0008     3.9   698.7     10.97     69.4    3136  -999  -999.00   -999.00   -999.00  -999  -999.0    3136     3   3   3   0    -999.000  -999.000
0009     4.4   699.3     11.03     69.2    3129  -999  -999.00   -999.00   -999.00  -999  -999.0    3129     3   3   3   0    -999.000  -999.000
0010     4.9   699.9     11.08     69.0    3122  -999  -999.00   -999.00   -999.00  -999  -999.0    3122     3   3   3   0    -999.000  -999.000
0011     5.4   700.5     11.14     68.8    3115  -999  -999.00   -999.00   -999.00  -999  -999.0    3115     3   3   3   0    -999.000  -999.000
0012     5.9   701.1     11.20     68.7    3108  -999  -999.00   -999.00   -999.00  -999  -999.0    3108     3   3   3   0    -999.000  -999.000
0013     6.4   701.7     11.26     68.5    3100  -999  -999.00   -999.00   -999.00  -999  -999.0    3100     3   3   3   0    -999.000  -999.000
0014     6.9   702.3     11.32     68.3    3093  -999  -999.00   -999.00   -999.00  -999  -999.0    3093     3   3   3   0    -999.000  -999.000
0015     7.4   702.9     11.37     68.1    3086  -999  -999.00   -999.00   -999.00  -999  -999.0    3086     3   3   3   0    -999.000  -999.000
0016     7.9   703.5     11.43     67.9    3079  -999  -999.00   -999.00   -999.00  -999  -999.0    3079     3   3   3   0    -999.000  -999.000
0017     8.4   704.0     11.49     67.7    3072  -999  -999.00   -999.00   -999.00  -999  -999.0    3072     3   3   3   0    -999.000  -999.000
0018     8.9   704.6     11.54     67.5    3065  -999  -999.00   -999.00   -999.00  -999  -999.0    3065     3   3   3   0    -999.000  -999.000
0019     9.4   705.2     11.60     67.3    3058  -999  -999.00   -999.00   -999.00  -999  -999.0    3058     3   3   3   0    -999.000  -999.000
0020     9.9   705.8     11.66     67.1    3051  -999  -999.00   -999.00   -999.00  -999  -999.0    3051     3   3   3   0    -999.000  -999.000
0021    10.4   706.4     11.71     66.9    3044  -999  -999.00   -999.00   -999.00  -999  -999.0    3044     3   3   3   0    -999.000  -999.000
0022    10.9   707.0     11.77     66.7    3037  -999  -999.00   -999.00   -999.00  -999  -999.0    3037     3   3   3   0    -999.000  -999.000
0023    11.4   707.6     11.82     66.5    3030  -999  -999.00   -999.00   -999.00  -999  -999.0    3030     3   3   3   0    -999.000  -999.000
0024    11.9   708.2     11.88     66.3    3023  -999  -999.00   -999.00   -999.00  -999  -999.0    3023     3   3   3   0    -999.000  -999.000
0025    12.4   708.8     11.93     66.1    3016  -999  -999.00   -999.00   -999.00  -999  -999.0    3016     3   3   3   0    -999.000  -999.000
0026    12.9   709.4     11.99     66.0    3009  -999  -999.00   -999.00   -999.00  -999  -999.0    3009     3   3   3   0    -999.000  -999.000
0027    13.4   710.0     12.04     65.8    3002  -999  -999.00   -999.00   -999.00  -999  -999.0    3002     3   3   3   0    -999.000  -999.000
0028    13.9   710.5     12.10     65.6    2995  -999  -999.00   -999.00   -999.00  -999  -999.0    2995     3   3   3   0    -999.000  -999.000
0029    14.4   711.1     12.16     65.4    2988  -999  -999.00   -999.00   -999.00  -999  -999.0    2988     3   3   3   0    -999.000  -999.000
0030    14.9   711.7     12.21     65.2    2981  -999  -999.00   -999.00   -999.00  -999  -999.0    2981     3   3   3   0    -999.000  -999.000
0031    15.4   712.3     12.25     65.0    2974  -999  -999.00   -999.00   -999.00  -999  -999.0    2974     3   3   3   0    -999.000  -999.000
0032    15.9   712.9     12.29     64.8    2967  -999  -999.00   -999.00   -999.00  -999      .1    2967     0   0   3   0    -999.000  -999.000
0033    16.4   713.5     12.33     64.6    2960  -999  -999.00   -999.00   -999.00  -999      .1    2960     0   0   3   0    -999.000  -999.000
0034    16.9   714.1     12.36     64.4    2953  -999  -999.00   -999.00   -999.00  -999      .0    2953     0   0   3   0    -999.000  -999.000
0035    17.4   714.7     12.39     64.2    2946  -999  -999.00   -999.00   -999.00  -999      .0    2946     0   0   3   0    -999.000  -999.000
0036    17.9   715.4     12.41     64.0    2939  -999  -999.00   -999.00   -999.00  -999     -.1    2939     0   0   3   0    -999.000  -999.000
0037    18.4   716.0     12.44     63.9    2931  -999  -999.00   -999.00   -999.00  -999     -.1    2931     0   0   3   0    -999.000  -999.000
0038    18.9   716.6     12.48     63.8    2924  -999  -999.00   -999.00   -999.00  -999     -.1    2924     0   0   0   0    -999.000  -999.000
0039    19.4   717.2     12.52     63.7    2917  -999  -999.00   -999.00   -999.00  -999      .0    2917     0   0   0   0    -999.000  -999.000
0040    19.9   717.8     12.56     63.7    2910  -999  -999.00   -999.00   -999.00  -999      .0    2910     0   0   0   0    -999.000  -999.000
0041    20.4   718.4     12.60     63.7    2903  -999  -999.00   -999.00   -999.00  -999      .0    2903     0   0   0   0    -999.000  -999.000
0042    20.9   719.0     12.64     63.7    2896  -999  -999.00   -999.00   -999.00  -999      .0    2896     0   0   0   0    -999.000  -999.000
0043    21.4   719.6     12.69     63.7    2888  -999  -999.00   -999.00   -999.00  -999      .0    2888     0   0   0   0    -999.000  -999.000
0044    21.9   720.2     12.74     63.7    2881  -999  -999.00   -999.00   -999.00  -999      .0    2881     0   0   0   0    -999.000  -999.000
0045    22.4   720.9     12.79     63.6    2874  -999  -999.00   -999.00   -999.00  -999      .0    2874     0   0   0   0    -999.000  -999.000
0046    22.9   721.5     12.84     63.5    2867  -999  -999.00   -999.00   -999.00  -999      .0    2867     0   0   0   0    -999.000  -999.000
0047    23.4   722.1     12.89     63.4    2860  -999  -999.00   -999.00   -999.00  -999      .0    2860     0   0   0   0    -999.000  -999.000
0048    23.9   722.7     12.95     63.3    2853  -999  -999.00   -999.00   -999.00  -999      .0    2853     0   0   0   0    -999.000  -999.000
0049    24.4   723.3     13.00     63.1    2846  -999  -999.00   -999.00   -999.00  -999      .0    2846     0   0   0   0    -999.000  -999.000
0050    24.9   723.9     13.06     63.0    2839  -999  -999.00   -999.00   -999.00  -999      .0    2839     0   0   0   0    -999.000  -999.000
0051    25.4   724.5     13.13     62.8    2832  -999  -999.00   -999.00   -999.00  -999      .0    2832     0   0   0   0    -999.000  -999.000
0052    25.9   725.1     13.19     62.6    2825  -999  -999.00   -999.00   -999.00  -999      .0    2825     0   0   0   0    -999.000  -999.000
0053    26.4   725.7     13.25     62.5    2818  -999  -999.00   -999.00   -999.00  -999      .0    2818     0   0   0   0    -999.000  -999.000
0054    26.9   726.3     13.31     62.3    2810  -999  -999.00   -999.00   -999.00  -999      .0    2810     0   0   0   0    -999.000  -999.000
0055    27.4   727.0     13.38     62.1    2803  -999  -999.00   -999.00   -999.00  -999     -.1    2803     0   0   0   0    -999.000  -999.000
0056    27.9   727.6     13.44     62.0    2796  -999  -999.00   -999.00   -999.00  -999     -.1    2796     0   0   0   0    -999.000  -999.000
0057    28.4   728.2     13.50     61.8    2789  -999  -999.00   -999.00   -999.00  -999     -.2    2789     0   0   0   0    -999.000  -999.000
0058    28.9   728.8     13.56     61.7    2782  -999  -999.00   -999.00   -999.00  -999     -.2    2782     0   0   0   0    -999.000  -999.000
0059    29.4   729.4     13.62     61.6    2774  -999  -999.00   -999.00   -999.00  -999     -.2    2774     0   0   0   0    -999.000  -999.000
0060    29.9   730.1     13.68     61.5    2767  -999  -999.00   -999.00   -999.00  -999     -.1    2767     0   0   0   0    -999.000  -999.000
0061    30.4   730.7     13.74     61.4    2760  -999  -999.00   -999.00   -999.00  -999     -.1    2760     0   0   0   0    -999.000  -999.000
0062    30.9   731.3     13.80     61.2    2753  -999  -999.00   -999.00   -999.00  -999      .0    2753     0   0   0   0    -999.000  -999.000
0063    31.4   731.9     13.86     61.1    2746  -999  -999.00   -999.00   -999.00  -999      .0    2746     0   0   0   0    -999.000  -999.000
0064    31.9   732.5     13.92     60.9    2739  -999  -999.00   -999.00   -999.00  -999      .0    2739     0   0   0   0    -999.000  -999.000
0065    32.4   733.1     13.97     60.8    2732  -999  -999.00   -999.00   -999.00  -999      .1    2732     0   0   0   0    -999.000  -999.000
0066    32.9   733.7     14.03     60.6    2725  -999  -999.00   -999.00   -999.00  -999      .1    2725     0   0   0   0    -999.000  -999.000
0067    33.4   734.4     14.09     60.4    2718  -999  -999.00   -999.00   -999.00  -999      .1    2718     0   0   0   0    -999.000  -999.000
0068    33.9   735.0     14.14     60.2    2711  -999  -999.00   -999.00   -999.00  -999      .1    2711     0   0   0   0    -999.000  -999.000
0069    34.4   735.6     14.20     60.1    2704  -999  -999.00   -999.00   -999.00  -999      .1    2704     0   0   0   0    -999.000  -999.000
0070    34.9   736.2     14.26     59.9    2697  -999  -999.00   -999.00   -999.00  -999      .1    2697     0   0   0   0    -999.000  -999.000
0071    35.4   736.8     14.32     59.7    2690  -999  -999.00   -999.00   -999.00  -999      .1    2690     0   0   0   0    -999.000  -999.000
0072    35.9   737.4     14.38     59.5    2683  -999  -999.00   -999.00   -999.00  -999      .1    2683     3   3   3   0    -999.000  -999.000
0073    36.4   738.0     14.44     59.3    2676  -999  -999.00   -999.00   -999.00  -999      .1    2676     0   0   0   0    -999.000  -999.000
0074    36.9   738.6     14.51     59.0    2669  -999  -999.00   -999.00   -999.00  -999      .1    2669     0   0   0   0    -999.000  -999.000
0075    37.4   739.2     14.57     58.8    2662  -999  -999.00   -999.00   -999.00  -999      .1    2662     0   0   0   0    -999.000  -999.000
0076    37.9   739.9     14.63     58.6    2655  -999  -999.00   -999.00   -999.00  -999      .1    2655     0   0   0   0    -999.000  -999.000
0077    38.4   740.5     14.69     58.3    2648  -999  -999.00   -999.00   -999.00  -999      .1    2648     0   0   0   0    -999.000  -999.000
0078    38.9   741.1     14.75     58.1    2641  -999  -999.00   -999.00   -999.00  -999      .0    2641     0   0   0   0    -999.000  -999.000
0079    39.4   741.7     14.80     57.9    2634  -999  -999.00   -999.00   -999.00  -999      .0    2634     0   0   0   0    -999.000  -999.000
0080    39.9   742.3     14.86     57.8    2627  -999  -999.00   -999.00   -999.00  -999      .0    2627     3   3   3   0    -999.000  -999.000
0081    40.4   742.9     14.90     57.7    2620  -999  -999.00   -999.00   -999.00  -999     -.1    2620     0   0   0   0    -999.000  -999.000
0082    40.9   743.5     14.95     57.5    2613  -999  -999.00   -999.00   -999.00  -999     -.2    2613     0   0   0   0    -999.000  -999.000
0083    41.4   744.2     15.00     57.4    2605  -999  -999.00   -999.00   -999.00  -999     -.2    2605     0   0   0   0    -999.000  -999.000
0084    41.9   744.8     15.05     57.2    2598  -999  -999.00   -999.00   -999.00  -999     -.2    2598     0   0   0   0    -999.000  -999.000
0085    42.4   745.4     15.09     56.9    2591  -999  -999.00   -999.00   -999.00  -999     -.2    2591     0   0   0   0    -999.000  -999.000
0086    42.9   746.1     15.14     56.7    2584  -999  -999.00   -999.00   -999.00  -999     -.1    2584     0   0   0   0    -999.000  -999.000
0087    43.4   746.7     15.19     56.5    2577  -999  -999.00   -999.00   -999.00  -999      .0    2577     0   0   0   0    -999.000  -999.000
0088    43.9   747.3     15.24     56.3    2570  -999  -999.00   -999.00   -999.00  -999      .1    2570     0   0   0   0    -999.000  -999.000
0089    44.4   747.9     15.28     56.2    2563  -999  -999.00   -999.00   -999.00  -999      .2    2563     0   0   0   0    -999.000  -999.000
0090    44.9   748.5     15.33     56.0    2556  -999  -999.00   -999.00   -999.00  -999      .3    2556     0   0   0   0    -999.000  -999.000
0091    45.4   749.1     15.36     55.9    2549  -999  -999.00   -999.00   -999.00  -999      .4    2549     0   0   0   0    -999.000  -999.000
0092    45.9   749.7     15.40     55.7    2542  -999  -999.00   -999.00   -999.00  -999      .4    2542     0   0   0   0    -999.000  -999.000
0093    46.4   750.3     15.43     55.4    2536  -999  -999.00   -999.00   -999.00  -999      .4    2536     0   0   0   0    -999.000  -999.000
0094    46.9   750.9     15.47     55.1    2529  -999  -999.00   -999.00   -999.00  -999      .3    2529     0   0   0   0    -999.000  -999.000
0095    47.4   751.5     15.50     54.8    2522  -999  -999.00   -999.00   -999.00  -999      .3    2522     0   0   0   0    -999.000  -999.000
0096    47.9   752.1     15.54     54.6    2515  -999  -999.00   -999.00   -999.00  -999      .2    2515     0   0   0   0    -999.000  -999.000
0097    48.4   752.8     15.56     54.5    2508  -999  -999.00   -999.00   -999.00  -999      .2    2508     0   0   0   0    -999.000  -999.000
0098    48.9   753.4     15.58     54.7    2501  -999  -999.00   -999.00   -999.00  -999      .2    2501     0   0   0   0    -999.000  -999.000
0099    49.4   754.0     15.58     55.2    2494  -999  -999.00   -999.00   -999.00  -999      .2    2494     0   0   0   0    -999.000  -999.000
0100    49.9   754.6     15.56     56.0    2487  -999  -999.00   -999.00   -999.00  -999      .3    2487     0   0   0   0    -999.000  -999.000
0101    50.4   755.2     15.53     56.9    2480  -999  -999.00   -999.00   -999.00  -999      .2    2480     0   0   0   0    -999.000  -999.000
0102    50.9   755.8     15.48     57.8    2474  -999  -999.00   -999.00   -999.00  -999      .2    2474     0   0   0   0    -999.000  -999.000
0103    51.4   756.4     15.42     58.7    2467  -999  -999.00   -999.00   -999.00  -999      .1    2467     0   0   0   0    -999.000  -999.000
0104    51.9   757.0     15.36     59.4    2460  -999  -999.00   -999.00   -999.00  -999      .0    2460     0   0   0   0    -999.000  -999.000
0105    52.4   757.7     15.32     59.9    2453  -999  -999.00   -999.00   -999.00  -999     -.1    2453     0   0   0   0    -999.000  -999.000
0106    52.9   758.3     15.28     60.3    2446  -999  -999.00   -999.00   -999.00  -999     -.2    2446     0   0   0   0    -999.000  -999.000
0107    53.4   758.9     15.26     60.7    2439  -999  -999.00   -999.00   -999.00  -999     -.3    2439     0   0   0   0    -999.000  -999.000
0108    53.9   759.6     15.24     61.2    2432  -999  -999.00   -999.00   -999.00  -999     -.3    2432     0   0   0   0    -999.000  -999.000
0109    54.4   760.2     15.24     62.0    2424  -999  -999.00   -999.00   -999.00  -999     -.3    2424     0   0   0   0    -999.000  -999.000
0110    54.9   760.9     15.23     62.8    2417  -999  -999.00   -999.00   -999.00  -999     -.3    2417     3   3   3   0    -999.000  -999.000
0111    55.4   761.5     15.23     63.9    2410  -999  -999.00   -999.00   -999.00  -999     -.3    2410     0   0   0   0    -999.000  -999.000
0112    55.9   762.1     15.22     64.9    2403  -999  -999.00   -999.00   -999.00  -999     -.2    2403     0   0   0   0    -999.000  -999.000
0113    56.4   762.8     15.21     65.7    2396  -999  -999.00   -999.00   -999.00  -999     -.2    2396     0   0   0   0    -999.000  -999.000
0114    56.9   763.4     15.20     66.4    2389  -999  -999.00   -999.00   -999.00  -999     -.2    2389     0   0   0   0    -999.000  -999.000
0115    57.4   764.0     15.20     66.8    2382  -999  -999.00   -999.00   -999.00  -999     -.3    2382     0   0   0   0    -999.000  -999.000
0116    57.9   764.7     15.21     66.9    2375  -999  -999.00   -999.00   -999.00  -999     -.3    2375     3   3   3   0    -999.000  -999.000
0117    58.4   765.3     15.24     66.8    2368  -999  -999.00   -999.00   -999.00  -999     -.3    2368     0   0   0   0    -999.000  -999.000
0118    58.9   765.9     15.27     66.6    2361  -999  -999.00   -999.00   -999.00  -999     -.4    2361     0   0   0   0    -999.000  -999.000
0119    59.4   766.6     15.32     66.4    2353  -999  -999.00   -999.00   -999.00  -999     -.4    2353     0   0   0   0    -999.000  -999.000
0120    59.9   767.2     15.37     66.3    2346  -999  -999.00   -999.00   -999.00  -999     -.4    2346     0   0   0   0    -999.000  -999.000
0121    60.4   767.9     15.43     66.2    2339  -999  -999.00   -999.00   -999.00  -999     -.4    2339     0   0   0   0    -999.000  -999.000
0122    60.9   768.5     15.49     66.1    2332  -999  -999.00   -999.00   -999.00  -999     -.4    2332     0   0   0   0    -999.000  -999.000
0123    61.4   769.2     15.55     66.0    2325  -999  -999.00   -999.00   -999.00  -999     -.4    2325     0   0   0   0    -999.000  -999.000
0124    61.9   769.8     15.61     66.0    2318  -999  -999.00   -999.00   -999.00  -999     -.5    2318     0   0   0   0    -999.000  -999.000
0125    62.4   770.5     15.67     65.8    2311  -999  -999.00   -999.00   -999.00  -999     -.5    2311     0   0   0   0    -999.000  -999.000
0126    62.9   771.1     15.73     65.7    2303  -999  -999.00   -999.00   -999.00  -999     -.5    2303     0   0   0   0    -999.000  -999.000
0127    63.4   771.8     15.80     65.5    2296  -999  -999.00   -999.00   -999.00  -999     -.6    2296     0   0   0   0    -999.000  -999.000
0128    63.9   772.4     15.87     65.3    2289  -999  -999.00   -999.00   -999.00  -999     -.6    2289     0   0   0   0    -999.000  -999.000
0129    64.4   773.1     15.94     65.1    2282  -999  -999.00   -999.00   -999.00  -999     -.7    2282     3   3   3   0    -999.000  -999.000
0130    64.9   773.7     16.01     64.9    2274  -999  -999.00   -999.00   -999.00  -999     -.7    2274     0   0   0   0    -999.000  -999.000
0131    65.4   774.4     16.08     64.7    2267  -999  -999.00   -999.00   -999.00  -999     -.7    2267     0   0   0   0    -999.000  -999.000
0132    65.9   775.1     16.15     64.5    2260  -999  -999.00   -999.00   -999.00  -999     -.7    2260     0   0   0   0    -999.000  -999.000
0133    66.4   775.7     16.21     64.3    2253  -999  -999.00   -999.00   -999.00  -999     -.6    2253     0   0   0   0    -999.000  -999.000
0134    66.9   776.4     16.28     64.1    2245  -999  -999.00   -999.00   -999.00  -999     -.5    2245     0   0   0   0    -999.000  -999.000
0135    67.4   777.0     16.34     63.9    2238  -999  -999.00   -999.00   -999.00  -999     -.5    2238     0   0   0   0    -999.000  -999.000
0136    67.9   777.7     16.41     63.7    2231  -999  -999.00   -999.00   -999.00  -999     -.5    2231     0   0   0   0    -999.000  -999.000
0137    68.4   778.3     16.47     63.6    2224  -999  -999.00   -999.00   -999.00  -999     -.5    2224     0   0   0   0    -999.000  -999.000
0138    68.9   779.0     16.53     63.4    2217  -999  -999.00   -999.00   -999.00  -999     -.5    2217     0   0   0   0    -999.000  -999.000
0139    69.4   779.6     16.59     63.3    2210  -999  -999.00   -999.00   -999.00  -999     -.5    2210     0   0   0   0    -999.000  -999.000
0140    69.9   780.3     16.66     63.3    2203  -999  -999.00   -999.00   -999.00  -999     -.5    2203     3   3   3   0    -999.000  -999.000
0141    70.4   780.9     16.72     63.2    2196  -999  -999.00   -999.00   -999.00  -999     -.6    2196     0   0   0   0    -999.000  -999.000
0142    70.9   781.6     16.77     63.1    2188  -999  -999.00   -999.00   -999.00  -999     -.6    2188     0   0   0   0    -999.000  -999.000
0143    71.4   782.3     16.83     63.0    2181  -999  -999.00   -999.00   -999.00  -999     -.7    2181     0   0   0   0    -999.000  -999.000
0144    71.9   782.9     16.89     62.9    2174  -999  -999.00   -999.00   -999.00  -999     -.7    2174     0   0   0   0    -999.000  -999.000
0145    72.4   783.6     16.94     62.8    2167  -999  -999.00   -999.00   -999.00  -999     -.7    2167     0   0   0   0    -999.000  -999.000
0146    72.9   784.3     16.99     62.7    2159  -999  -999.00   -999.00   -999.00  -999     -.7    2159     0   0   0   0    -999.000  -999.000
0147    73.4   784.9     17.04     62.6    2152  -999  -999.00   -999.00   -999.00  -999     -.7    2152     0   0   0   0    -999.000  -999.000
0148    73.9   785.6     17.09     62.6    2145  -999  -999.00   -999.00   -999.00  -999     -.7    2145     0   0   0   0    -999.000  -999.000
0149    74.4   786.2     17.14     62.7    2138  -999  -999.00   -999.00   -999.00  -999     -.7    2138     0   0   0   0    -999.000  -999.000
0150    74.9   786.9     17.18     63.0    2131  -999  -999.00   -999.00   -999.00  -999     -.7    2131     0   0   0   0    -999.000  -999.000
0151    75.4   787.6     17.22     63.3    2123  -999  -999.00   -999.00   -999.00  -999     -.7    2123     0   0   0   0    -999.000  -999.000
0152    75.9   788.2     17.26     63.6    2116  -999  -999.00   -999.00   -999.00  -999     -.8    2116     0   0   0   0    -999.000  -999.000
0153    76.4   788.9     17.29     63.9    2109  -999  -999.00   -999.00   -999.00  -999     -.8    2109     0   0   0   0    -999.000  -999.000
0154    76.9   789.6     17.32     64.0    2102  -999  -999.00   -999.00   -999.00  -999     -.8    2102     0   0   0   0    -999.000  -999.000
0155    77.4   790.2     17.34     63.9    2094  -999  -999.00   -999.00   -999.00  -999     -.8    2094     0   0   0   0    -999.000  -999.000
0156    77.9   790.9     17.37     63.6    2087  -999  -999.00   -999.00   -999.00  -999     -.8    2087     3   3   3   0    -999.000  -999.000
0157    78.4   791.6     17.39     63.2    2080  -999  -999.00   -999.00   -999.00  -999     -.8    2080     0   0   0   0    -999.000  -999.000
0158    78.9   792.3     17.42     62.7    2073  -999  -999.00   -999.00   -999.00  -999     -.8    2073     0   0   0   0    -999.000  -999.000
0159    79.4   792.9     17.45     62.3    2065  -999  -999.00   -999.00   -999.00  -999     -.9    2065     0   0   0   0    -999.000  -999.000
0160    79.9   793.6     17.48     62.1    2058  -999  -999.00   -999.00   -999.00  -999     -.9    2058     0   0   0   0    -999.000  -999.000
0161    80.4   794.3     17.51     62.2    2051  -999  -999.00   -999.00   -999.00  -999     -.9    2051     3   3   3   0    -999.000  -999.000
0162    80.9   795.0     17.53     62.6    2043  -999  -999.00   -999.00   -999.00  -999     -.9    2043     0   0   0   0    -999.000  -999.000
0163    81.4   795.6     17.56     63.2    2036  -999  -999.00   -999.00   -999.00  -999     -.9    2036     0   0   0   0    -999.000  -999.000
0164    81.9   796.3     17.57     63.9    2029  -999  -999.00   -999.00   -999.00  -999     -.9    2029     0   0   0   0    -999.000  -999.000
0165    82.4   797.0     17.58     64.6    2021  -999  -999.00   -999.00   -999.00  -999     -.9    2021     0   0   0   0    -999.000  -999.000
0166    82.9   797.7     17.59     65.3    2014  -999  -999.00   -999.00   -999.00  -999     -.8    2014     3   3   3   0    -999.000  -999.000
0167    83.4   798.4     17.61     65.8    2007  -999  -999.00   -999.00   -999.00  -999     -.8    2007     0   0   0   0    -999.000  -999.000
0168    83.9   799.0     17.62     66.0    2000  -999  -999.00   -999.00   -999.00  -999     -.7    2000     0   0   0   0    -999.000  -999.000
0169    84.4   799.7     17.65     66.1    1993  -999  -999.00   -999.00   -999.00  -999     -.7    1993     0   0   0   0    -999.000  -999.000
0170    84.9   800.4     17.68     66.0    1985  -999  -999.00   -999.00   -999.00  -999     -.7    1985     0   0   0   0    -999.000  -999.000
0171    85.4   801.0     17.72     65.8    1978  -999  -999.00   -999.00   -999.00  -999     -.7    1978     0   0   0   0    -999.000  -999.000
0172    85.9   801.7     17.77     65.7    1971  -999  -999.00   -999.00   -999.00  -999     -.7    1971     0   0   0   0    -999.000  -999.000
0173    86.4   802.4     17.83     65.6    1964  -999  -999.00   -999.00   -999.00  -999     -.7    1964     0   0   0   0    -999.000  -999.000
0174    86.9   803.0     17.88     65.5    1957  -999  -999.00   -999.00   -999.00  -999     -.8    1957     0   0   0   0    -999.000  -999.000
0175    87.4   803.7     17.93     65.6    1950  -999  -999.00   -999.00   -999.00  -999     -.8    1950     0   0   0   0    -999.000  -999.000
0176    87.9   804.4     17.97     65.7    1942  -999  -999.00   -999.00   -999.00  -999     -.8    1942     0   0   0   0    -999.000  -999.000
0177    88.4   805.1     18.02     65.8    1935  -999  -999.00   -999.00   -999.00  -999     -.8    1935     0   0   0   0    -999.000  -999.000
0178    88.9   805.7     18.06     65.9    1928  -999  -999.00   -999.00   -999.00  -999     -.8    1928     0   0   0   0    -999.000  -999.000
0179    89.4   806.4     18.10     65.9    1921  -999  -999.00   -999.00   -999.00  -999     -.8    1921     0   0   0   0    -999.000  -999.000
0180    89.9   807.1     18.15     65.8    1913  -999  -999.00   -999.00   -999.00  -999     -.8    1913     0   0   0   0    -999.000  -999.000
0181    90.4   807.8     18.20     65.7    1906  -999  -999.00   -999.00   -999.00  -999     -.7    1906     0   0   0   0    -999.000  -999.000
0182    90.9   808.4     18.25     65.4    1899  -999  -999.00   -999.00   -999.00  -999     -.7    1899     0   0   0   0    -999.000  -999.000
0183    91.4   809.1     18.30     65.1    1892  -999  -999.00   -999.00   -999.00  -999     -.6    1892     0   0   0   0    -999.000  -999.000
0184    91.9   809.8     18.35     64.7    1885  -999  -999.00   -999.00   -999.00  -999     -.6    1885     0   0   0   0    -999.000  -999.000
0185    92.4   810.4     18.40     64.3    1878  -999  -999.00   -999.00   -999.00  -999     -.6    1878     3   3   3   0    -999.000  -999.000
0186    92.9   811.1     18.45     63.9    1871  -999  -999.00   -999.00   -999.00  -999     -.5    1871     0   0   0   0    -999.000  -999.000
0187    93.4   811.8     18.51     63.6    1864  -999  -999.00   -999.00   -999.00  -999     -.5    1864     0   0   0   0    -999.000  -999.000
0188    93.9   812.4     18.56     63.2    1857  -999  -999.00   -999.00   -999.00  -999     -.5    1857     0   0   0   0    -999.000  -999.000
0189    94.4   813.1     18.61     62.8    1850  -999  -999.00   -999.00   -999.00  -999     -.5    1850     0   0   0   0    -999.000  -999.000
0190    94.9   813.8     18.67     62.4    1843  -999  -999.00   -999.00   -999.00  -999     -.5    1843     0   0   0   0    -999.000  -999.000
0191    95.4   814.4     18.72     62.1    1836  -999  -999.00   -999.00   -999.00  -999     -.5    1836     3   3   3   0    -999.000  -999.000
0192    95.9   815.1     18.78     61.7    1829  -999  -999.00   -999.00   -999.00  -999     -.5    1829     0   0   0   0    -999.000  -999.000
0193    96.4   815.8     18.84     61.4    1822  -999  -999.00   -999.00   -999.00  -999     -.5    1822     0   0   0   0    -999.000  -999.000
0194    96.9   816.4     18.89     61.2    1815  -999  -999.00   -999.00   -999.00  -999     -.5    1815     0   0   0   0    -999.000  -999.000
0195    97.4   817.1     18.94     61.1    1808  -999  -999.00   -999.00   -999.00  -999     -.5    1808     0   0   0   0    -999.000  -999.000
0196    97.9   817.8     18.99     61.0    1801  -999  -999.00   -999.00   -999.00  -999     -.5    1801     0   0   0   0    -999.000  -999.000
0197    98.4   818.4     19.04     61.0    1794  -999  -999.00   -999.00   -999.00  -999     -.5    1794     0   0   0   0    -999.000  -999.000
0198    98.9   819.1     19.08     61.2    1787  -999  -999.00   -999.00   -999.00  -999     -.5    1787     3   3   3   0    -999.000  -999.000
0199    99.4   819.8     19.12     61.4    1780  -999  -999.00   -999.00   -999.00  -999     -.4    1780     0   0   0   0    -999.000  -999.000
0200    99.9   820.4     19.15     61.7    1773  -999  -999.00   -999.00   -999.00  -999     -.4    1773     0   0   0   0    -999.000  -999.000
0201   100.4   821.1     19.18     62.1    1766  -999  -999.00   -999.00   -999.00  -999     -.4    1766     0   0   0   0    -999.000  -999.000
0202   100.9   821.8     19.21     62.5    1759  -999  -999.00   -999.00   -999.00  -999     -.4    1759     0   0   0   0    -999.000  -999.000
0203   101.4   822.4     19.23     62.9    1752  -999  -999.00   -999.00   -999.00  -999     -.4    1752     0   0   0   0    -999.000  -999.000
0204   101.9   823.1     19.25     63.2    1745  -999  -999.00   -999.00   -999.00  -999     -.4    1745     0   0   0   0    -999.000  -999.000
0205   102.4   823.7     19.27     63.5    1738  -999  -999.00   -999.00   -999.00  -999     -.4    1738     0   0   0   0    -999.000  -999.000
0206   102.9   824.4     19.29     63.8    1731  -999  -999.00   -999.00   -999.00  -999     -.4    1731     0   0   0   0    -999.000  -999.000
0207   103.4   825.1     19.32     63.9    1724  -999  -999.00   -999.00   -999.00  -999     -.5    1724     0   0   0   0    -999.000  -999.000
0208   103.9   825.7     19.34     63.9    1717  -999  -999.00   -999.00   -999.00  -999     -.5    1717     0   0   0   0    -999.000  -999.000
0209   104.4   826.4     19.37     63.9    1710  -999  -999.00   -999.00   -999.00  -999     -.5    1710     0   0   0   0    -999.000  -999.000
0210   104.9   827.1     19.39     63.8    1703  -999  -999.00   -999.00   -999.00  -999     -.5    1703     0   0   0   0    -999.000  -999.000
0211   105.4   827.8     19.42     63.7    1696  -999  -999.00   -999.00   -999.00  -999     -.5    1696     0   0   0   0    -999.000  -999.000
0212   105.9   828.4     19.45     63.6    1689  -999  -999.00   -999.00   -999.00  -999     -.4    1689     0   0   0   0    -999.000  -999.000
0213   106.4   829.1     19.48     63.5    1682  -999  -999.00   -999.00   -999.00  -999     -.3    1682     0   0   0   0    -999.000  -999.000
0214   106.9   829.7     19.51     63.5    1675  -999  -999.00   -999.00   -999.00  -999     -.3    1675     0   0   0   0    -999.000  -999.000
0215   107.4   830.4     19.54     63.4    1669  -999  -999.00   -999.00   -999.00  -999     -.2    1669     0   0   0   0    -999.000  -999.000
0216   107.9   831.1     19.57     63.4    1662  -999  -999.00   -999.00   -999.00  -999     -.1    1662     3   3   3   0    -999.000  -999.000
0217   108.4   831.7     19.61     63.3    1655  -999  -999.00   -999.00   -999.00  -999     -.1    1655     0   0   0   0    -999.000  -999.000
0218   108.9   832.3     19.64     63.2    1648  -999  -999.00   -999.00   -999.00  -999     -.1    1648     0   0   0   0    -999.000  -999.000
0219   109.4   833.0     19.69     63.1    1642  -999  -999.00   -999.00   -999.00  -999     -.1    1642     0   0   0   0    -999.000  -999.000
0220   109.9   833.6     19.73     63.0    1635  -999  -999.00   -999.00   -999.00  -999     -.1    1635     0   0   0   0    -999.000  -999.000
0221   110.4   834.3     19.78     63.0    1628  -999  -999.00   -999.00   -999.00  -999     -.1    1628     3   3   3   0    -999.000  -999.000
0222   110.9   835.0     19.82     62.9    1621  -999  -999.00   -999.00   -999.00  -999     -.1    1621     0   0   0   0    -999.000  -999.000
0223   111.4   835.6     19.86     62.9    1615  -999  -999.00   -999.00   -999.00  -999     -.1    1615     3   3   3   0    -999.000  -999.000
0224   111.9   836.3     19.90     63.1    1608  -999  -999.00   -999.00   -999.00  -999     -.1    1608     0   0   0   0    -999.000  -999.000
0225   112.4   836.9     19.93     63.3    1601  -999  -999.00   -999.00   -999.00  -999     -.1    1601     0   0   0   0    -999.000  -999.000
0226   112.9   837.6     19.95     63.7    1594  -999  -999.00   -999.00   -999.00  -999      .0    1594     0   0   0   0    -999.000  -999.000
0227   113.4   838.2     19.96     64.1    1588  -999  -999.00   -999.00   -999.00  -999      .1    1588     0   0   0   0    -999.000  -999.000
0228   113.9   838.9     19.97     64.6    1581  -999  -999.00   -999.00   -999.00  -999      .1    1581     0   0   0   0    -999.000  -999.000
0229   114.4   839.5     19.98     65.1    1574  -999  -999.00   -999.00   -999.00  -999      .1    1574     0   0   0   0    -999.000  -999.000
0230   114.9   840.1     19.98     65.5    1568  -999  -999.00   -999.00   -999.00  -999      .1    1568     0   0   0   0    -999.000  -999.000
0231   115.4   840.8     19.98     65.9    1561  -999  -999.00   -999.00   -999.00  -999      .1    1561     0   0   0   0    -999.000  -999.000
0232   115.9   841.4     19.98     66.1    1555  -999  -999.00   -999.00   -999.00  -999      .0    1555     0   0   0   0    -999.000  -999.000
0233   116.4   842.1     19.98     66.2    1548  -999  -999.00   -999.00   -999.00  -999      .0    1548     0   0   0   0    -999.000  -999.000
0234   116.9   842.7     19.99     66.2    1541  -999  -999.00   -999.00   -999.00  -999     -.1    1541     0   0   0   0    -999.000  -999.000
0235   117.4   843.4     19.99     66.1    1535  -999  -999.00   -999.00   -999.00  -999     -.2    1535     0   0   0   0    -999.000  -999.000
0236   117.9   844.1     20.00     66.0    1528  -999  -999.00   -999.00   -999.00  -999     -.2    1528     0   0   0   0    -999.000  -999.000
0237   118.4   844.7     20.00     65.9    1521  -999  -999.00   -999.00   -999.00  -999     -.2    1521     3   3   3   0    -999.000  -999.000
0238   118.9   845.4     20.01     65.7    1514  -999  -999.00   -999.00   -999.00  -999     -.2    1514     0   0   0   0    -999.000  -999.000
0239   119.4   846.1     20.03     65.6    1507  -999  -999.00   -999.00   -999.00  -999     -.1    1507     0   0   0   0    -999.000  -999.000
0240   119.9   846.7     20.04     65.6    1501  -999  -999.00   -999.00   -999.00  -999     -.1    1501     0   0   0   0    -999.000  -999.000
0241   120.4   847.4     20.06     65.5    1494  -999  -999.00   -999.00   -999.00  -999      .0    1494     0   0   0   0    -999.000  -999.000
0242   120.9   848.0     20.08     65.5    1487  -999  -999.00   -999.00   -999.00  -999      .0    1487     0   0   0   0    -999.000  -999.000
0243   121.4   848.7     20.11     65.5    1481  -999  -999.00   -999.00   -999.00  -999      .0    1481     0   0   0   0    -999.000  -999.000
0244   121.9   849.3     20.14     65.5    1474  -999  -999.00   -999.00   -999.00  -999      .0    1474     0   0   0   0    -999.000  -999.000
0245   122.4   850.0     20.18     65.5    1468  -999  -999.00   -999.00   -999.00  -999      .0    1468     0   0   0   0    -999.000  -999.000
0246   122.9   850.6     20.21     65.5    1461  -999  -999.00   -999.00   -999.00  -999      .0    1461     0   0   0   0    -999.000  -999.000
0247   123.4   851.3     20.24     65.6    1454  -999  -999.00   -999.00   -999.00  -999     -.1    1454     0   0   0   0    -999.000  -999.000
0248   123.9   851.9     20.26     65.7    1447  -999  -999.00   -999.00   -999.00  -999     -.1    1447     0   0   0   0    -999.000  -999.000
0249   124.4   852.6     20.29     65.8    1441  -999  -999.00   -999.00   -999.00  -999     -.1    1441     3   3   3   0    -999.000  -999.000
0250   124.9   853.2     20.30     66.0    1434  -999  -999.00   -999.00   -999.00  -999     -.1    1434     0   0   0   0    -999.000  -999.000
0251   125.4   853.9     20.32     66.3    1427  -999  -999.00   -999.00   -999.00  -999     -.1    1427     0   0   0   0    -999.000  -999.000
0252   125.9   854.6     20.34     66.5    1421  -999  -999.00   -999.00   -999.00  -999     -.1    1421     0   0   0   0    -999.000  -999.000
0253   126.4   855.2     20.35     66.7    1414  -999  -999.00   -999.00   -999.00  -999      .0    1414     0   0   0   0    -999.000  -999.000
0254   126.9   855.9     20.37     66.9    1407  -999  -999.00   -999.00   -999.00  -999      .0    1407     0   0   0   0    -999.000  -999.000
0255   127.4   856.5     20.39     67.0    1401  -999  -999.00   -999.00   -999.00  -999      .0    1401     0   0   0   0    -999.000  -999.000
0256   127.9   857.2     20.40     67.1    1394  -999  -999.00   -999.00   -999.00  -999      .0    1394     0   0   0   0    -999.000  -999.000
0257   128.4   857.8     20.42     67.2    1388  -999  -999.00   -999.00   -999.00  -999      .1    1388     0   0   0   0    -999.000  -999.000
0258   128.9   858.5     20.44     67.3    1381  -999  -999.00   -999.00   -999.00  -999      .1    1381     0   0   0   0    -999.000  -999.000
0259   129.4   859.1     20.45     67.4    1374  -999  -999.00   -999.00   -999.00  -999      .1    1374     0   0   0   0    -999.000  -999.000
0260   129.9   859.8     20.47     67.4    1368  -999  -999.00   -999.00   -999.00  -999      .1    1368     0   0   0   0    -999.000  -999.000
0261   130.4   860.4     20.49     67.4    1361  -999  -999.00   -999.00   -999.00  -999      .1    1361     0   0   0   0    -999.000  -999.000
0262   130.9   861.1     20.51     67.4    1355  -999  -999.00   -999.00   -999.00  -999      .1    1355     0   0   0   0    -999.000  -999.000
0263   131.4   861.7     20.53     67.4    1348  -999  -999.00   -999.00   -999.00  -999      .1    1348     0   0   0   0    -999.000  -999.000
0264   131.9   862.4     20.57     67.2    1342  -999  -999.00   -999.00   -999.00  -999      .1    1342     0   0   0   0    -999.000  -999.000
0265   132.4   863.0     20.60     67.1    1335  -999  -999.00   -999.00   -999.00  -999      .1    1335     0   0   0   0    -999.000  -999.000
0266   132.9   863.7     20.65     66.8    1329  -999  -999.00   -999.00   -999.00  -999      .1    1329     0   0   0   0    -999.000  -999.000
0267   133.4   864.4     20.69     66.6    1322  -999  -999.00   -999.00   -999.00  -999      .1    1322     0   0   0   0    -999.000  -999.000
0268   133.9   865.0     20.74     66.5    1315  -999  -999.00   -999.00   -999.00  -999      .2    1315     0   0   0   0    -999.000  -999.000
0269   134.4   865.7     20.78     66.3    1309  -999  -999.00   -999.00   -999.00  -999      .2    1309     0   0   0   0    -999.000  -999.000
0270   134.9   866.3     20.82     66.3    1302  -999  -999.00   -999.00   -999.00  -999      .2    1302     0   0   0   0    -999.000  -999.000
0271   135.4   867.0     20.85     66.4    1296  -999  -999.00   -999.00   -999.00  -999      .2    1296     0   0   0   0    -999.000  -999.000
0272   135.9   867.6     20.88     66.6    1290  -999  -999.00   -999.00   -999.00  -999      .2    1290     0   0   0   0    -999.000  -999.000
0273   136.4   868.2     20.90     66.8    1283  -999  -999.00   -999.00   -999.00  -999      .2    1283     0   0   0   0    -999.000  -999.000
0274   136.9   868.9     20.92     67.2    1277  -999  -999.00   -999.00   -999.00  -999      .1    1277     0   0   0   0    -999.000  -999.000
0275   137.4   869.5     20.93     67.5    1270  -999  -999.00   -999.00   -999.00  -999      .1    1270     0   0   0   0    -999.000  -999.000
0276   137.9   870.2     20.94     67.9    1264  -999  -999.00   -999.00   -999.00  -999      .0    1264     0   0   0   0    -999.000  -999.000
0277   138.4   870.9     20.95     68.3    1257  -999  -999.00   -999.00   -999.00  -999      .0    1257     0   0   0   0    -999.000  -999.000
0278   138.9   871.5     20.95     68.8    1250  -999  -999.00   -999.00   -999.00  -999      .0    1250     0   0   0   0    -999.000  -999.000
0279   139.4   872.2     20.96     69.3    1244  -999  -999.00   -999.00   -999.00  -999      .0    1244     0   0   0   0    -999.000  -999.000
0280   139.9   872.9     20.96     69.8    1237  -999  -999.00   -999.00   -999.00  -999      .1    1237     0   0   0   0    -999.000  -999.000
0281   140.4   873.5     20.96     70.4    1231  -999  -999.00   -999.00   -999.00  -999      .2    1231     0   0   0   0    -999.000  -999.000
0282   140.9   874.2     20.96     71.0    1224  -999  -999.00   -999.00   -999.00  -999      .2    1224     0   0   0   0    -999.000  -999.000
0283   141.4   874.8     20.96     71.7    1218  -999  -999.00   -999.00   -999.00  -999      .3    1218     0   0   0   0    -999.000  -999.000
0284   141.9   875.4     20.95     72.3    1212  -999  -999.00   -999.00   -999.00  -999      .3    1212     0   0   0   0    -999.000  -999.000
0285   142.4   876.1     20.94     72.8    1205  -999  -999.00   -999.00   -999.00  -999      .2    1205     0   0   0   0    -999.000  -999.000
0286   142.9   876.7     20.93     73.2    1199  -999  -999.00   -999.00   -999.00  -999      .2    1199     0   0   0   0    -999.000  -999.000
0287   143.4   877.4     20.92     73.5    1192  -999  -999.00   -999.00   -999.00  -999      .1    1192     0   0   0   0    -999.000  -999.000
0288   143.9   878.0     20.90     73.8    1186  -999  -999.00   -999.00   -999.00  -999      .0    1186     0   0   0   0    -999.000  -999.000
0289   144.4   878.7     20.90     74.0    1179  -999  -999.00   -999.00   -999.00  -999     -.1    1179     0   0   0   0    -999.000  -999.000
0290   144.9   879.4     20.89     74.2    1173  -999  -999.00   -999.00   -999.00  -999     -.1    1173     0   0   0   0    -999.000  -999.000
0291   145.4   880.1     20.89     74.5    1166  -999  -999.00   -999.00   -999.00  -999     -.2    1166     0   0   0   0    -999.000  -999.000
0292   145.9   880.7     20.89     74.8    1159  -999  -999.00   -999.00   -999.00  -999     -.2    1159     0   0   0   0    -999.000  -999.000
0293   146.4   881.4     20.89     75.0    1153  -999  -999.00   -999.00   -999.00  -999     -.1    1153     0   0   0   0    -999.000  -999.000
0294   146.9   882.1     20.89     75.3    1146  -999  -999.00   -999.00   -999.00  -999      .0    1146     0   0   0   0    -999.000  -999.000
0295   147.4   882.8     20.90     75.6    1139  -999  -999.00   -999.00   -999.00  -999      .1    1139     0   0   0   0    -999.000  -999.000
0296   147.9   883.4     20.91     75.8    1133  -999  -999.00   -999.00   -999.00  -999      .2    1133     0   0   0   0    -999.000  -999.000
0297   148.4   884.1     20.92     75.9    1126  -999  -999.00   -999.00   -999.00  -999      .3    1126     0   0   0   0    -999.000  -999.000
0298   148.9   884.7     20.93     75.9    1120  -999  -999.00   -999.00   -999.00  -999      .3    1120     0   0   0   0    -999.000  -999.000
0299   149.4   885.3     20.95     75.8    1114  -999  -999.00   -999.00   -999.00  -999      .3    1114     0   0   0   0    -999.000  -999.000
0300   149.9   886.0     20.98     75.7    1108  -999  -999.00   -999.00   -999.00  -999      .3    1108     0   0   0   0    -999.000  -999.000
0301   150.4   886.6     21.01     75.6    1101  -999  -999.00   -999.00   -999.00  -999      .2    1101     0   0   0   0    -999.000  -999.000
0302   150.9   887.3     21.05     75.5    1095  -999  -999.00   -999.00   -999.00  -999      .2    1095     0   0   0   0    -999.000  -999.000
0303   151.4   887.9     21.09     75.4    1089  -999  -999.00   -999.00   -999.00  -999      .1    1089     0   0   0   0    -999.000  -999.000
0304   151.9   888.6     21.14     75.3    1082  -999  -999.00   -999.00   -999.00  -999      .0    1082     0   0   0   0    -999.000  -999.000
0305   152.4   889.3     21.19     75.1    1075  -999  -999.00   -999.00   -999.00  -999      .0    1075     0   0   0   0    -999.000  -999.000
0306   152.9   890.0     21.23     75.0    1069  -999  -999.00   -999.00   -999.00  -999      .0    1069     0   0   0   0    -999.000  -999.000
0307   153.4   890.6     21.28     74.8    1062  -999  -999.00   -999.00   -999.00  -999      .0    1062     0   0   0   0    -999.000  -999.000
0308   153.9   891.3     21.33     74.6    1056  -999  -999.00   -999.00   -999.00  -999      .1    1056     0   0   0   0    -999.000  -999.000
0309   154.4   892.0     21.38     74.4    1049  -999  -999.00   -999.00   -999.00  -999      .1    1049     0   0   0   0    -999.000  -999.000
0310   154.9   892.6     21.42     74.2    1043  -999  -999.00   -999.00   -999.00  -999      .2    1043     0   0   0   0    -999.000  -999.000
0311   155.4   893.3     21.47     73.9    1037  -999  -999.00   -999.00   -999.00  -999      .2    1037     0   0   0   0    -999.000  -999.000
0312   155.9   893.9     21.51     73.7    1030  -999  -999.00   -999.00   -999.00  -999      .2    1030     0   0   0   0    -999.000  -999.000
0313   156.4   894.6     21.56     73.5    1024  -999  -999.00   -999.00   -999.00  -999      .2    1024     0   0   0   0    -999.000  -999.000
0314   156.9   895.2     21.60     73.4    1018  -999  -999.00   -999.00   -999.00  -999      .1    1018     0   0   0   0    -999.000  -999.000
0315   157.4   895.9     21.64     73.3    1011  -999  -999.00   -999.00   -999.00  -999      .0    1011     0   0   0   0    -999.000  -999.000
0316   157.9   896.6     21.67     73.3    1005  -999  -999.00   -999.00   -999.00  -999     -.1    1005     0   0   0   0    -999.000  -999.000
0317   158.4   897.2     21.70     73.4     998  -999  -999.00   -999.00   -999.00  -999     -.2     998     0   0   0   0    -999.000  -999.000
0318   158.9   897.9     21.71     73.5     991  -999  -999.00   -999.00   -999.00  -999     -.2     991     0   0   0   0    -999.000  -999.000
0319   159.4   898.6     21.72     73.6     985  -999  -999.00   -999.00   -999.00  -999     -.3     985     0   0   0   0    -999.000  -999.000
0320   159.9   899.3     21.71     73.8     978  -999  -999.00   -999.00   -999.00  -999     -.3     978     0   0   0   0    -999.000  -999.000
0321   160.4   900.0     21.70     73.9     971  -999  -999.00   -999.00   -999.00  -999     -.2     971     0   0   0   0    -999.000  -999.000
0322   160.9   900.7     21.69     74.0     965  -999  -999.00   -999.00   -999.00  -999     -.2     965     0   0   0   0    -999.000  -999.000
0323   161.4   901.3     21.68     74.1     958  -999  -999.00   -999.00   -999.00  -999     -.2     958     0   0   0   0    -999.000  -999.000
0324   161.9   902.0     21.67     74.2     952  -999  -999.00   -999.00   -999.00  -999     -.2     952     0   0   0   0    -999.000  -999.000
0325   162.4   902.7     21.67     74.2     945  -999  -999.00   -999.00   -999.00  -999     -.1     945     0   0   0   0    -999.000  -999.000
0326   162.9   903.4     21.67     74.2     939  -999  -999.00   -999.00   -999.00  -999     -.1     939     0   0   0   0    -999.000  -999.000
0327   163.4   904.1     21.69     74.2     932  -999  -999.00   -999.00   -999.00  -999     -.1     932     0   0   0   0    -999.000  -999.000
0328   163.9   904.7     21.70     74.2     926  -999  -999.00   -999.00   -999.00  -999     -.1     926     0   0   0   0    -999.000  -999.000
0329   164.4   905.4     21.72     74.3     919  -999  -999.00   -999.00   -999.00  -999     -.1     919     0   0   0   0    -999.000  -999.000
0330   164.9   906.1     21.75     74.4     913  -999  -999.00   -999.00   -999.00  -999      .0     913     0   0   0   0    -999.000  -999.000
0331   165.4   906.8     21.77     74.5     906  -999  -999.00   -999.00   -999.00  -999      .0     906     0   0   0   0    -999.000  -999.000
0332   165.9   907.4     21.80     74.6     900  -999  -999.00   -999.00   -999.00  -999      .1     900     0   0   0   0    -999.000  -999.000
0333   166.4   908.1     21.82     74.7     893  -999  -999.00   -999.00   -999.00  -999      .1     893     0   0   0   0    -999.000  -999.000
0334   166.9   908.8     21.85     74.8     887  -999  -999.00   -999.00   -999.00  -999      .1     887     0   0   0   0    -999.000  -999.000
0335   167.4   909.4     21.87     74.9     881  -999  -999.00   -999.00   -999.00  -999      .1     881     0   0   0   0    -999.000  -999.000
0336   167.9   910.1     21.90     75.0     874  -999  -999.00   -999.00   -999.00  -999      .1     874     0   0   0   0    -999.000  -999.000
0337   168.4   910.7     21.93     75.1     868  -999  -999.00   -999.00   -999.00  -999      .1     868     0   0   0   0    -999.000  -999.000
0338   168.9   911.4     21.97     75.2     861  -999  -999.00   -999.00   -999.00  -999      .1     861     0   0   0   0    -999.000  -999.000
0339   169.4   912.1     22.00     75.3     855  -999  -999.00   -999.00   -999.00  -999      .1     855     0   0   0   0    -999.000  -999.000
0340   169.9   912.8     22.04     75.3     849  -999  -999.00   -999.00   -999.00  -999      .0     849     0   0   0   0    -999.000  -999.000
0341   170.4   913.4     22.09     75.4     842  -999  -999.00   -999.00   -999.00  -999      .0     842     0   0   0   0    -999.000  -999.000
0342   170.9   914.1     22.14     75.3     836  -999  -999.00   -999.00   -999.00  -999      .0     836     0   0   0   0    -999.000  -999.000
0343   171.4   914.8     22.18     75.3     829  -999  -999.00   -999.00   -999.00  -999      .0     829     0   0   0   0    -999.000  -999.000
0344   171.9   915.5     22.23     75.1     823  -999  -999.00   -999.00   -999.00  -999      .0     823     0   0   0   0    -999.000  -999.000
0345   172.4   916.1     22.29     75.0     817  -999  -999.00   -999.00   -999.00  -999      .0     817     0   0   0   0    -999.000  -999.000
0346   172.9   916.8     22.34     74.9     810  -999  -999.00   -999.00   -999.00  -999     -.1     810     0   0   0   0    -999.000  -999.000
0347   173.4   917.5     22.39     74.8     804  -999  -999.00   -999.00   -999.00  -999     -.1     804     0   0   0   0    -999.000  -999.000
0348   173.9   918.2     22.44     74.7     797  -999  -999.00   -999.00   -999.00  -999     -.1     797     0   0   0   0    -999.000  -999.000
0349   174.4   918.8     22.50     74.6     791  -999  -999.00   -999.00   -999.00  -999     -.2     791     0   0   0   0    -999.000  -999.000
0350   174.9   919.5     22.55     74.5     784  -999  -999.00   -999.00   -999.00  -999     -.2     784     0   0   0   0    -999.000  -999.000
0351   175.4   920.2     22.60     74.4     778  -999  -999.00   -999.00   -999.00  -999     -.2     778     0   0   0   0    -999.000  -999.000
0352   175.9   920.9     22.66     74.3     771  -999  -999.00   -999.00   -999.00  -999     -.2     771     0   0   0   0    -999.000  -999.000
0353   176.4   921.6     22.71     74.1     764  -999  -999.00   -999.00   -999.00  -999     -.2     764     0   0   0   0    -999.000  -999.000
0354   176.9   922.3     22.76     74.0     758  -999  -999.00   -999.00   -999.00  -999     -.2     758     0   0   0   0    -999.000  -999.000
0355   177.4   923.0     22.82     73.9     751  -999  -999.00   -999.00   -999.00  -999     -.2     751     0   0   0   0    -999.000  -999.000
0356   177.9   923.7     22.87     73.8     745  -999  -999.00   -999.00   -999.00  -999     -.1     745     0   0   0   0    -999.000  -999.000
0357   178.4   924.4     22.92     73.8     739  -999  -999.00   -999.00   -999.00  -999     -.1     739     0   0   0   0    -999.000  -999.000
0358   178.9   925.0     22.97     73.9     732  -999  -999.00   -999.00   -999.00  -999     -.1     732     0   0   0   0    -999.000  -999.000
0359   179.4   925.7     23.02     74.1     726  -999  -999.00   -999.00   -999.00  -999     -.1     726     0   0   0   0    -999.000  -999.000
0360   179.9   926.4     23.06     74.4     719  -999  -999.00   -999.00   -999.00  -999     -.1     719     0   0   0   0    -999.000  -999.000
0361   180.4   927.1     23.09     74.8     713  -999  -999.00   -999.00   -999.00  -999     -.1     713     0   0   0   0    -999.000  -999.000
0362   180.9   927.8     23.12     75.2     706  -999  -999.00   -999.00   -999.00  -999     -.2     706     0   0   0   0    -999.000  -999.000
0363   181.4   928.4     23.14     75.6     700  -999  -999.00   -999.00   -999.00  -999     -.2     700     0   0   0   0    -999.000  -999.000
0364   181.9   929.1     23.16     75.9     693  -999  -999.00   -999.00   -999.00  -999     -.2     693     0   0   0   0    -999.000  -999.000
0365   182.4   929.8     23.17     76.0     687  -999  -999.00   -999.00   -999.00  -999     -.2     687     0   0   0   0    -999.000  -999.000
0366   182.9   930.5     23.19     76.0     680  -999  -999.00   -999.00   -999.00  -999     -.2     680     0   0   0   0    -999.000  -999.000
0367   183.4   931.2     23.21     75.9     674  -999  -999.00   -999.00   -999.00  -999     -.2     674     0   0   0   0    -999.000  -999.000
0368   183.9   931.9     23.24     75.6     667  -999  -999.00   -999.00   -999.00  -999     -.2     667     0   0   0   0    -999.000  -999.000
0369   184.4   932.6     23.28     75.3     661  -999  -999.00   -999.00   -999.00  -999     -.1     661     0   0   0   0    -999.000  -999.000
0370   184.9   933.3     23.32     75.1     654  -999  -999.00   -999.00   -999.00  -999     -.1     654     0   0   0   0    -999.000  -999.000
0371   185.4   934.0     23.37     74.9     648  -999  -999.00   -999.00   -999.00  -999      .0     648     0   0   0   0    -999.000  -999.000
0372   185.9   934.6     23.42     75.0     642  -999  -999.00   -999.00   -999.00  -999      .1     642     0   0   0   0    -999.000  -999.000
0373   186.4   935.3     23.46     75.1     635  -999  -999.00   -999.00   -999.00  -999      .1     635     0   0   0   0    -999.000  -999.000
0374   186.9   936.0     23.51     75.4     629  -999  -999.00   -999.00   -999.00  -999      .1     629     0   0   0   0    -999.000  -999.000
0375   187.4   936.7     23.55     75.8     623  -999  -999.00   -999.00   -999.00  -999      .2     623     0   0   0   0    -999.000  -999.000
0376   187.9   937.3     23.58     76.1     616  -999  -999.00   -999.00   -999.00  -999      .2     616     0   0   0   0    -999.000  -999.000
0377   188.4   938.0     23.61     76.2     610  -999  -999.00   -999.00   -999.00  -999      .2     610     0   0   0   0    -999.000  -999.000
0378   188.9   938.7     23.65     76.1     604  -999  -999.00   -999.00   -999.00  -999      .3     604     0   0   0   0    -999.000  -999.000
0379   189.4   939.3     23.69     75.9     598  -999  -999.00   -999.00   -999.00  -999      .3     598     0   0   0   0    -999.000  -999.000
0380   189.9   940.0     23.73     75.5     592  -999  -999.00   -999.00   -999.00  -999      .3     592     0   0   0   0    -999.000  -999.000
0381   190.4   940.7     23.78     75.1     585  -999  -999.00   -999.00   -999.00  -999      .4     585     0   0   0   0    -999.000  -999.000
0382   190.9   941.3     23.83     74.8     579  -999  -999.00   -999.00   -999.00  -999      .4     579     0   0   0   0    -999.000  -999.000
0383   191.4   942.0     23.88     74.6     573  -999  -999.00   -999.00   -999.00  -999      .4     573     0   0   0   0    -999.000  -999.000
0384   191.9   942.6     23.93     74.6     567  -999  -999.00   -999.00   -999.00  -999      .4     567     0   0   0   0    -999.000  -999.000
0385   192.4   943.3     23.99     74.9     561  -999  -999.00   -999.00   -999.00  -999      .4     561     0   0   0   0    -999.000  -999.000
0386   192.9   944.0     24.03     75.3     555  -999  -999.00   -999.00   -999.00  -999      .4     555     0   0   0   0    -999.000  -999.000
0387   193.4   944.6     24.08     75.9     549  -999  -999.00   -999.00   -999.00  -999      .4     549     0   0   0   0    -999.000  -999.000
0388   193.9   945.3     24.12     76.4     542  -999  -999.00   -999.00   -999.00  -999      .3     542     0   0   0   0    -999.000  -999.000
0389   194.4   945.9     24.16     76.8     536  -999  -999.00   -999.00   -999.00  -999      .3     536     0   0   0   0    -999.000  -999.000
0390   194.9   946.6     24.19     77.1     530  -999  -999.00   -999.00   -999.00  -999      .3     530     0   0   0   0    -999.000  -999.000
0391   195.4   947.3     24.23     77.1     524  -999  -999.00   -999.00   -999.00  -999      .3     524     0   0   0   0    -999.000  -999.000
0392   195.9   947.9     24.27     76.9     518  -999  -999.00   -999.00   -999.00  -999      .2     518     0   0   0   0    -999.000  -999.000
0393   196.4   948.6     24.31     76.5     511  -999  -999.00   -999.00   -999.00  -999      .2     511     0   0   0   0    -999.000  -999.000
0394   196.9   949.3     24.35     76.0     505  -999  -999.00   -999.00   -999.00  -999      .2     505     0   0   0   0    -999.000  -999.000
0395   197.4   950.0     24.40     75.4     499  -999  -999.00   -999.00   -999.00  -999      .2     499     0   0   0   0    -999.000  -999.000
0396   197.9   950.6     24.45     75.0     493  -999  -999.00   -999.00   -999.00  -999      .2     493     0   0   0   0    -999.000  -999.000
0397   198.4   951.3     24.50     74.6     486  -999  -999.00   -999.00   -999.00  -999      .2     486     0   0   0   0    -999.000  -999.000
0398   198.9   952.0     24.55     74.3     480  -999  -999.00   -999.00   -999.00  -999      .2     480     0   0   0   0    -999.000  -999.000
0399   199.4   952.7     24.60     74.2     474  -999  -999.00   -999.00   -999.00  -999      .2     474     0   0   0   0    -999.000  -999.000
0400   199.9   953.3     24.65     74.2     468  -999  -999.00   -999.00   -999.00  -999      .2     468     0   0   0   0    -999.000  -999.000
0401   200.4   954.0     24.70     74.3     462  -999  -999.00   -999.00   -999.00  -999      .2     462     0   0   0   0    -999.000  -999.000
0402   200.9   954.7     24.75     74.5     455  -999  -999.00   -999.00   -999.00  -999      .2     455     0   0   0   0    -999.000  -999.000
0403   201.4   955.4     24.80     74.8     449  -999  -999.00   -999.00   -999.00  -999      .2     449     0   0   0   0    -999.000  -999.000
0404   201.9   956.0     24.84     75.3     443  -999  -999.00   -999.00   -999.00  -999      .2     443     0   0   0   0    -999.000  -999.000
0405   202.4   956.7     24.88     75.8     437  -999  -999.00   -999.00   -999.00  -999      .1     437     0   0   0   0    -999.000  -999.000
0406   202.9   957.4     24.92     76.5     430  -999  -999.00   -999.00   -999.00  -999      .1     430     0   0   0   0    -999.000  -999.000
0407   203.4   958.1     24.96     77.2     424  -999  -999.00   -999.00   -999.00  -999      .1     424     0   0   0   0    -999.000  -999.000
0408   203.9   958.8     24.99     77.9     418  -999  -999.00   -999.00   -999.00  -999      .1     418     0   0   0   0    -999.000  -999.000
0409   204.4   959.4     25.02     78.6     412  -999  -999.00   -999.00   -999.00  -999      .2     412     0   0   0   0    -999.000  -999.000
0410   204.9   960.1     25.06     79.2     405  -999  -999.00   -999.00   -999.00  -999      .2     405     0   0   0   0    -999.000  -999.000
0411   205.4   960.8     25.10     79.7     399  -999  -999.00   -999.00   -999.00  -999      .3     399     0   0   0   0    -999.000  -999.000
0412   205.9   961.5     25.13     80.2     393  -999  -999.00   -999.00   -999.00  -999      .3     393     0   0   0   0    -999.000  -999.000
0413   206.4   962.1     25.17     80.6     387  -999  -999.00   -999.00   -999.00  -999      .4     387     0   0   0   0    -999.000  -999.000
0414   206.9   962.8     25.22     80.9     381  -999  -999.00   -999.00   -999.00  -999      .5     381     0   0   0   0    -999.000  -999.000
0415   207.4   963.5     25.26     81.3     375  -999  -999.00   -999.00   -999.00  -999      .6     375     0   0   0   0    -999.000  -999.000
0416   207.9   964.1     25.30     81.5     369  -999  -999.00   -999.00   -999.00  -999      .7     369     0   0   0   0    -999.000  -999.000
0417   208.4   964.7     25.34     81.8     363  -999  -999.00   -999.00   -999.00  -999      .7     363     0   0   0   0    -999.000  -999.000
0418   208.9   965.4     25.38     81.9     357  -999  -999.00   -999.00   -999.00  -999      .7     357     0   0   0   0    -999.000  -999.000
0419   209.4   966.0     25.42     82.0     351  -999  -999.00   -999.00   -999.00  -999      .7     351     0   0   0   0    -999.000  -999.000
0420   209.9   966.7     25.47     82.0     345  -999  -999.00   -999.00   -999.00  -999      .7     345     0   0   0   0    -999.000  -999.000
0421   210.4   967.3     25.51     81.8     339  -999  -999.00   -999.00   -999.00  -999      .7     339     0   0   0   0    -999.000  -999.000
0422   210.9   968.0     25.56     81.6     333  -999  -999.00   -999.00   -999.00  -999      .7     333     0   0   0   0    -999.000  -999.000
0423   211.4   968.6     25.61     81.4     327  -999  -999.00   -999.00   -999.00  -999      .7     327     0   0   0   0    -999.000  -999.000
0424   211.9   969.3     25.66     81.2     321  -999  -999.00   -999.00   -999.00  -999      .7     321     0   0   0   0    -999.000  -999.000
0425   212.4   969.9     25.71     81.0     315  -999  -999.00   -999.00   -999.00  -999      .7     315     0   0   0   0    -999.000  -999.000
0426   212.9   970.6     25.77     80.8     310  -999  -999.00   -999.00   -999.00  -999      .7     310     0   0   0   0    -999.000  -999.000
0427   213.4   971.2     25.82     80.7     304  -999  -999.00   -999.00   -999.00  -999      .8     304     0   0   0   0    -999.000  -999.000
0428   213.9   971.9     25.88     80.5     298  -999  -999.00   -999.00   -999.00  -999      .8     298     0   0   0   0    -999.000  -999.000
0429   214.4   972.5     25.94     80.3     292  -999  -999.00   -999.00   -999.00  -999      .8     292     0   0   0   0    -999.000  -999.000
0430   214.9   973.2     26.00     80.1     286  -999  -999.00   -999.00   -999.00  -999      .8     286     0   0   0   0    -999.000  -999.000
0431   215.4   973.8     26.05     79.8     280  -999  -999.00   -999.00   -999.00  -999      .8     280     0   0   0   0    -999.000  -999.000
0432   215.9   974.4     26.11     79.4     274  -999  -999.00   -999.00   -999.00  -999      .7     274     0   0   0   0    -999.000  -999.000
0433   216.4   975.1     26.16     79.1     269  -999  -999.00   -999.00   -999.00  -999      .7     269     0   0   0   0    -999.000  -999.000
0434   216.9   975.7     26.22     78.7     263  -999  -999.00   -999.00   -999.00  -999      .6     263     0   0   0   0    -999.000  -999.000
0435   217.4   976.4     26.28     78.4     257  -999  -999.00   -999.00   -999.00  -999      .6     257     0   0   0   0    -999.000  -999.000
0436   217.9   977.1     26.33     78.2     251  -999  -999.00   -999.00   -999.00  -999      .5     251     0   0   0   0    -999.000  -999.000
0437   218.4   977.7     26.39     78.0     244  -999  -999.00   -999.00   -999.00  -999      .4     244     0   0   0   0    -999.000  -999.000
0438   218.9   978.4     26.45     77.8     238  -999  -999.00   -999.00   -999.00  -999      .4     238     0   0   0   0    -999.000  -999.000
0439   219.4   979.1     26.50     77.6     232  -999  -999.00   -999.00   -999.00  -999      .3     232     0   0   0   0    -999.000  -999.000
0440   219.9   979.8     26.56     77.4     226  -999  -999.00   -999.00   -999.00  -999      .3     226     0   0   0   0    -999.000  -999.000
0441   220.4   980.4     26.61     77.2     220  -999  -999.00   -999.00   -999.00  -999      .2     220     0   0   0   0    -999.000  -999.000
0442   220.9   981.1     26.67     77.1     214  -999  -999.00   -999.00   -999.00  -999      .2     214     0   0   0   0    -999.000  -999.000
0443   221.4   981.8     26.72     76.9     208  -999  -999.00   -999.00   -999.00  -999      .2     208     0   0   0   0    -999.000  -999.000
0444   221.9   982.5     26.78     76.8     202  -999  -999.00   -999.00   -999.00  -999      .2     202     0   0   0   0    -999.000  -999.000
0445   222.4   983.2     26.84     76.8     195  -999  -999.00   -999.00   -999.00  -999      .2     195     0   0   0   0    -999.000  -999.000
0446   222.9   983.9     26.91     76.8     189  -999  -999.00   -999.00   -999.00  -999      .3     189     0   0   0   0    -999.000  -999.000
0447   223.4   984.5     26.97     76.8     183  -999  -999.00   -999.00   -999.00  -999      .4     183     0   0   0   0    -999.000  -999.000
0448   223.9   985.2     27.03     76.8     177  -999  -999.00   -999.00   -999.00  -999      .6     177     0   0   0   0    -999.000  -999.000
0449   224.4   985.9     27.09     76.7     171  -999  -999.00   -999.00   -999.00  -999      .8     171     0   0   0   0    -999.000  -999.000
0450   224.9   986.5     27.14     76.6     165  -999  -999.00   -999.00   -999.00  -999      .9     165     0   0   0   0    -999.000  -999.000
0451   225.4   987.1     27.19     76.4     160  -999  -999.00   -999.00   -999.00  -999     1.0     160     0   0   0   0    -999.000  -999.000
0452   225.9   987.8     27.25     76.3     154  -999  -999.00   -999.00   -999.00  -999     1.1     154     0   0   0   0    -999.000  -999.000
0453   226.4   988.4     27.30     76.1     148  -999  -999.00   -999.00   -999.00  -999     1.1     148     0   0   0   0    -999.000  -999.000
0454   226.9   989.0     27.35     75.9     143  -999  -999.00   -999.00   -999.00  -999     1.1     143     0   0   0   0    -999.000  -999.000
0455   227.4   989.6     27.40     75.7     137  -999  -999.00   -999.00   -999.00  -999     1.0     137     0   0   0   0    -999.000  -999.000
0456   227.9   990.3     27.46     75.6     131  -999  -999.00   -999.00   -999.00  -999      .9     131     0   0   0   0    -999.000  -999.000
0457   228.4   990.9     27.52     75.5     125  -999  -999.00   -999.00   -999.00  -999      .8     125     0   0   0   0    -999.000  -999.000
0458   228.9   991.6     27.58     75.4     120  -999  -999.00   -999.00   -999.00  -999      .8     120     0   0   0   0    -999.000  -999.000
0459   229.4   992.2     27.64     75.2     114  -999  -999.00   -999.00   -999.00  -999      .7     114     0   0   0   0    -999.000  -999.000
0460   229.9   992.9     27.69     75.1     108  -999  -999.00   -999.00   -999.00  -999      .6     108     0   0   0   0    -999.000  -999.000
0461   230.4   993.6     27.75     74.9     102  -999  -999.00   -999.00   -999.00  -999      .5     102     0   0   0   0    -999.000  -999.000
0462   230.9   994.2     27.81     74.7      96  -999  -999.00   -999.00   -999.00  -999      .4      96     0   0   0   0    -999.000  -999.000
0463   231.4   994.9     27.87     74.5      90  -999  -999.00   -999.00   -999.00  -999      .3      90     0   0   0   0    -999.000  -999.000
0464   231.9   995.6     27.93     74.4      84  -999  -999.00   -999.00   -999.00  -999      .2      84     0   0   0   0    -999.000  -999.000
0465   232.4   996.3     27.99     74.2      78  -999  -999.00   -999.00   -999.00  -999      .0      78     0   0   0   0    -999.000  -999.000
0466   232.9   997.0     28.05     74.1      71  -999  -999.00   -999.00   -999.00  -999     -.1      71     0   0   0   0    -999.000  -999.000
0467   233.4   997.7     28.11     73.9      65  -999  -999.00   -999.00   -999.00  -999     -.2      65     0   0   0   0    -999.000  -999.000
0468   233.9   998.4     28.17     73.7      59  -999  -999.00   -999.00   -999.00  -999     -.3      59     0   0   0   0    -999.000  -999.000
0469   234.4   999.1     28.23     73.5      52  -999  -999.00   -999.00   -999.00  -999     -.4      52     0   0   0   0    -999.000  -999.000
0470   234.9   999.8     28.29     73.4      46  -999  -999.00   -999.00   -999.00  -999     -.5      46     0   0   0   0    -999.000  -999.000
0471   235.4  1000.5     28.35     73.2      39  -999  -999.00   -999.00   -999.00  -999     -.4      39     0   0   0   0    -999.000  -999.000
0472   235.9  1001.3     28.41     73.0      33  -999  -999.00   -999.00   -999.00  -999     -.2      33     0   0   0   0    -999.000  -999.000
0473   236.4  1002.0     28.47     72.9      26  -999  -999.00   -999.00   -999.00  -999     -.2      26     0   0   0   0    -999.000  -999.000
0474   236.9  1002.8     28.53     72.7      20  -999  -999.00   -999.00   -999.00  -999     -.2      20     0   0   0   0    -999.000  -999.000
0475   237.4  1003.4     28.59     72.5      14  -999  -999.00   -999.00   -999.00  -999     -.1      14     0   0   0   0    -999.000  -999.000
0476   237.9  1004.1     28.65     73.3       8  -999  -999.00   -999.00   -999.00  -999      .0       8     0   0   0   0    -999.000  -999.000
