 ===========================================================================
 DROPWINDSONDE PROCESSING RECORD                            Sonde: 020835044
 FRD file written by Aspen V3.4.8, 07 Jul 2023 21:38 UTC
 Aircraft: WP-3D, n42rf                      Date: 030913   Time: 203615 UTC
 ---------------------------------------------------------------------------
 Bias corrections:  PR =   0.0 mb  TE =   0.0 C  RH =   0.0 %  PRB =  0.0 mb
 Filters (LPF):     PTH = 
 Dyn RH correction = 
 Estimated PR used = 
 Dyn T correction  = 
 ---------------------------------------------------------------------------
 COMMENT: none, Good Drop
 ===========================================================================

 ===========================================================================
 Date: 030913   Lat:  22.52 N   TA:   13.8 C   PS:  755.7 mb   WD:   199 deg
 Time: 203615   Lon:  62.03 W   TD:   13.8 C   GA:   2167 m    WS:  65.8 m/s
 SID:  020835044                RH:  108.1 %   Navaid:   GP
 ===========================================================================

IX      t (s)  P (mb)    T (C)    RH (%)  Z (m)   WD    WS (m/s)   U (m/s)   V (m/s)  NS  WZ (m/s)  ZW (m)   FP  FT  FH  FW    LAT (N)   LON (E)
0001    0.00  -999.0   -999.00   -999.0    -999  -999  -999.00   -999.00   -999.00  -999  -999.0    -999     0   0   0   0    -999.000  -999.000
0002    0.50  -999.0   -999.00   -999.0    -999  -999  -999.00   -999.00   -999.00  -999  -999.0    -999     0   0   0   0    -999.000  -999.000
0003    1.00  -999.0   -999.00   -999.0    -999  -999  -999.00   -999.00   -999.00  -999  -999.0    -999     0   0   0   0    -999.000  -999.000
0004    1.50  -999.0   -999.00   -999.0    -999  -999  -999.00   -999.00   -999.00  -999  -999.0    -999     0   0   0   0    -999.000  -999.000
0005    2.00  -999.0   -999.00   -999.0    -999  -999  -999.00   -999.00   -999.00  -999  -999.0    -999     0   0   0   0    -999.000  -999.000
0006    2.50  -999.0   -999.00   -999.0    -999  -999  -999.00   -999.00   -999.00     0  -999.0    -999     0   0   0   0    -999.000  -999.000
0007    3.00  -999.0   -999.00   -999.0    -999  -999  -999.00   -999.00   -999.00     0  -999.0    -999     0   0   0   0    -999.000  -999.000
0008    3.50  -999.0   -999.00   -999.0    -999  -999  -999.00   -999.00   -999.00     0  -999.0    -999     0   0   0   0    -999.000  -999.000
0009    4.00  -999.0   -999.00   -999.0    -999  -999  -999.00   -999.00   -999.00     0  -999.0    -999     0   0   0   0    -999.000  -999.000
0010    4.50  -999.0   -999.00   -999.0    -999  -999  -999.00   -999.00   -999.00     0  -999.0    -999     0   0   0   0    -999.000  -999.000
0011    5.00  -999.0   -999.00   -999.0    -999  -999  -999.00   -999.00   -999.00     0  -999.0    -999     0   0   0   0    -999.000  -999.000
0012    5.50  -999.0   -999.00   -999.0    -999  -999  -999.00   -999.00   -999.00     0  -999.0    -999     0   0   0   0    -999.000  -999.000
0013    6.00  -999.0   -999.00   -999.0    -999  -999  -999.00   -999.00   -999.00     0  -999.0    -999     0   0   0   0    -999.000  -999.000
0014    6.50  -999.0   -999.00   -999.0    -999  -999  -999.00   -999.00   -999.00     0  -999.0    -999     0   0   0   0    -999.000  -999.000
0015    7.00  -999.0   -999.00   -999.0    -999  -999  -999.00   -999.00   -999.00     0  -999.0    -999     0   0   0   0    -999.000  -999.000
0016    7.50  -999.0   -999.00   -999.0    -999  -999  -999.00   -999.00   -999.00     0  -999.0    -999     0   0   0   0    -999.000  -999.000
0017    8.00  -999.0   -999.00   -999.0    -999  -999  -999.00   -999.00   -999.00     0  -999.0    -999     0   0   0   0    -999.000  -999.000
0018    8.50  -999.0   -999.00   -999.0    -999  -999  -999.00   -999.00   -999.00     0  -999.0    -999     0   0   0   0    -999.000  -999.000
0019    9.00  -999.0   -999.00   -999.0    -999  -999  -999.00   -999.00   -999.00     0  -999.0    -999     0   0   0   0    -999.000  -999.000
0020    9.50  -999.0   -999.00   -999.0    -999  -999  -999.00   -999.00   -999.00     0  -999.0    -999     0   0   0   0    -999.000  -999.000
0021   10.00  -999.0   -999.00   -999.0    -999  -999  -999.00   -999.00   -999.00     0  -999.0    -999     0   0   0   0    -999.000  -999.000
0022   10.50  -999.0   -999.00   -999.0    -999  -999  -999.00   -999.00   -999.00     0  -999.0    -999     0   0   0   0    -999.000  -999.000
0023   11.00  -999.0   -999.00   -999.0    -999  -999  -999.00   -999.00   -999.00     0  -999.0    -999     0   0   0   0    -999.000  -999.000
0024   11.50  -999.0   -999.00   -999.0    -999  -999  -999.00   -999.00   -999.00     0  -999.0    -999     0   0   0   0    -999.000  -999.000
0025   12.00  -999.0   -999.00   -999.0    -999  -999  -999.00   -999.00   -999.00     0  -999.0    -999     0   0   0   0    -999.000  -999.000
0026   12.50  -999.0   -999.00   -999.0    -999  -999  -999.00   -999.00   -999.00     0  -999.0    -999     0   0   0   0    -999.000  -999.000
0027   13.00   772.6     15.76   -999.0    1945  -999  -999.00   -999.00   -999.00     0    -1.9    1945     0   0   0   0    -999.000  -999.000
0028   13.50   773.2     15.78   -999.0    1938  -999  -999.00   -999.00   -999.00     0    -1.9    1938     0   0   0   0    -999.000  -999.000
0029   14.00   773.8     15.81   -999.0    1932  -999  -999.00   -999.00   -999.00     0    -1.8    1932     0   0   0   0    -999.000  -999.000
0030   14.50   774.4     15.83   -999.0    1926  -999  -999.00   -999.00   -999.00     0    -1.8    1926     0   0   0   0    -999.000  -999.000
0031   15.00   775.0     15.84   -999.0    1919  -999  -999.00   -999.00   -999.00     0    -1.7    1919     0   0   0   0    -999.000  -999.000
0032   15.50   775.6     15.86   -999.0    1913  -999  -999.00   -999.00   -999.00     0    -1.7    1913     0   0   0   0    -999.000  -999.000
0033   16.00   776.1     15.87   -999.0    1906  -999  -999.00   -999.00   -999.00     0    -1.6    1906     0   0   0   0    -999.000  -999.000
0034   16.50   776.7     15.89   -999.0    1900  -999  -999.00   -999.00   -999.00     0    -1.5    1900     0   0   0   0    -999.000  -999.000
0035   17.00   777.3     15.90   -999.0    1894  -999  -999.00   -999.00   -999.00     0    -1.5    1894     0   0   0   0    -999.000  -999.000
0036   17.50   777.9     15.91   -999.0    1887  -999  -999.00   -999.00   -999.00     0    -1.4    1887     0   0   0   0    -999.000  -999.000
0037   18.00   778.4     15.93   -999.0    1881  -999  -999.00   -999.00   -999.00     0    -1.4    1881     0   0   0   0    -999.000  -999.000
0038   18.50   779.0     15.94   -999.0    1875  -999  -999.00   -999.00   -999.00     0    -1.4    1875     0   0   0   0    -999.000  -999.000
0039   19.00   779.5     15.96   -999.0    1869  -999  -999.00   -999.00   -999.00     0    -1.5    1869     0   0   0   0    -999.000  -999.000
0040   19.50   780.1     15.98   -999.0    1863  -999  -999.00   -999.00   -999.00     0    -1.6    1863     0   0   0   0    -999.000  -999.000
0041   20.00   780.7     15.99   -999.0    1856  -999  -999.00   -999.00   -999.00     0    -1.7    1856     0   0   0   0    -999.000  -999.000
0042   20.50   781.3     16.01   -999.0    1850  -999  -999.00   -999.00   -999.00     0    -1.8    1850     0   0   0   0    -999.000  -999.000
0043   21.00   781.9     16.03   -999.0    1844  -999  -999.00   -999.00   -999.00     0    -2.0    1844     0   0   0   0    -999.000  -999.000
0044   21.50   782.5     16.06   -999.0    1837  -999  -999.00   -999.00   -999.00     0    -2.2    1837     0   0   0   0    -999.000  -999.000
0045   22.00   783.1     16.08   -999.0    1830  -999  -999.00   -999.00   -999.00     0    -2.3    1830     0   0   0   0    -999.000  -999.000
0046   22.50   783.7     16.11   -999.0    1824  -999  -999.00   -999.00   -999.00     0    -2.5    1824     0   0   0   0    -999.000  -999.000
0047   23.00   784.3     16.14   -999.0    1817  -999  -999.00   -999.00   -999.00  -999    -2.6    1817     0   0   0   0    -999.000  -999.000
0048   23.50   785.0     16.16   -999.0    1810  -999  -999.00   -999.00   -999.00     0    -2.7    1810     0   0   0   0    -999.000  -999.000
0049   24.00   785.6     16.19   -999.0    1803  -999  -999.00   -999.00   -999.00     0    -2.8    1803     0   0   0   0    -999.000  -999.000
0050   24.50   786.2     16.22   -999.0    1796  -999  -999.00   -999.00   -999.00     0    -2.8    1796     0   0   0   0    -999.000  -999.000
0051   25.00   786.9     16.25   -999.0    1789  -999  -999.00   -999.00   -999.00     0    -2.9    1789     0   0   0   0    -999.000  -999.000
0052   25.50   787.5     16.28     94.7    1782  -999  -999.00   -999.00   -999.00     0    -2.9    1782     0   0   0   0    -999.000  -999.000
0053   26.00   788.1     16.30     94.7    1775  -999  -999.00   -999.00   -999.00     0    -2.9    1775     0   0   0   0    -999.000  -999.000
0054   26.50   788.8     16.33     94.7    1768  -999  -999.00   -999.00   -999.00     0    -2.9    1768     0   0   0   0    -999.000  -999.000
0055   27.00   789.4     16.36     94.7    1762  -999  -999.00   -999.00   -999.00     0    -2.8    1762     0   0   0   0    -999.000  -999.000
0056   27.50   790.0     16.39     94.7    1755  -999  -999.00   -999.00   -999.00     0    -2.8    1755     0   0   0   0    -999.000  -999.000
0057   28.00   790.7     16.41     94.7    1748  -999  -999.00   -999.00   -999.00     0    -2.7    1748     0   0   0   0    -999.000  -999.000
0058   28.50   791.3     16.44     94.7    1741  -999  -999.00   -999.00   -999.00     0    -2.6    1741     0   0   0   0    -999.000  -999.000
0059   29.00   791.9     16.47     94.7    1734  -999  -999.00   -999.00   -999.00     0    -2.6    1734     0   0   0   0    -999.000  -999.000
0060   29.50   792.6     16.49     94.8    1727  -999  -999.00   -999.00   -999.00     0    -2.5    1727     0   0   0   0    -999.000  -999.000
0061   30.00  -999.0   -999.00   -999.0    -999  -999  -999.00   -999.00   -999.00     0  -999.0    -999     0   0   0   0    -999.000  -999.000
0062   30.50   793.8     16.54     94.8    1714  -999  -999.00   -999.00   -999.00     4    -2.2    1714     0   0   0   0    -999.000  -999.000
0063   31.00   794.4     16.57     94.9    1707  -999  -999.00   -999.00   -999.00     4    -2.1    1707     0   0   0   0    -999.000  -999.000
0064   31.50   795.0     16.59     94.9    1701  -999  -999.00   -999.00   -999.00     4    -1.9    1701     0   0   0   0    -999.000  -999.000
0065   32.00   795.6     16.62     95.0    1695  -999  -999.00   -999.00   -999.00     0    -1.8    1695     0   0   0   0    -999.000  -999.000
0066   32.50   796.2     16.64     95.0    1688  -999  -999.00   -999.00   -999.00     0    -1.7    1688     0   0   0   0    -999.000  -999.000
0067   33.00   796.8     16.66     95.0    1682  -999  -999.00   -999.00   -999.00     4    -1.6    1682     0   0   0   0    -999.000  -999.000
0068   33.50   797.3     16.69     95.1    1676  -999  -999.00   -999.00   -999.00     4    -1.5    1676     0   0   0   0    -999.000  -999.000
0069   34.00   797.9     16.71     95.1    1670  -999  -999.00   -999.00   -999.00     4    -1.5    1670     0   0   0   0    -999.000  -999.000
0070   34.50   798.5     16.73     95.1    1664  -999  -999.00   -999.00   -999.00     4    -1.5    1664     0   0   0   0    -999.000  -999.000
0071   35.00   799.1     16.75     95.1    1658  -999  -999.00   -999.00   -999.00     4    -1.4    1658     0   0   0   0    -999.000  -999.000
0072   35.50   799.6     16.78     95.1    1651  -999  -999.00   -999.00   -999.00     4    -1.4    1651     0   0   0   0    -999.000  -999.000
0073   36.00  -999.0   -999.00   -999.0    -999  -999  -999.00   -999.00   -999.00     4  -999.0    -999     0   0   0   0    -999.000  -999.000
0074   36.50   800.8     16.82     95.1    1639  -999  -999.00   -999.00   -999.00     4    -1.4    1639     0   0   0   0    -999.000  -999.000
0075   37.00   801.4     16.84     95.1    1633  -999  -999.00   -999.00   -999.00     4    -1.4    1633     0   0   0   0    -999.000  -999.000
0076   37.50   802.0     16.86     95.2    1627  -999  -999.00   -999.00   -999.00     4    -1.3    1627     0   0   0   0    -999.000  -999.000
0077   38.00   802.5     16.87     95.2    1620  -999  -999.00   -999.00   -999.00     4    -1.3    1620     0   0   0   0    -999.000  -999.000
0078   38.50   803.1     16.89     95.2    1614  -999  -999.00   -999.00   -999.00     5    -1.3    1614     0   0   0   0    -999.000  -999.000
0079   39.00   803.7     16.91     95.2    1608  -999  -999.00   -999.00   -999.00     5    -1.3    1608     0   0   0   0    -999.000  -999.000
0080   39.50   804.2     16.93     95.2    1602  -999  -999.00   -999.00   -999.00     4    -1.3    1602     0   0   0   0    -999.000  -999.000
0081   40.00   804.8     16.96     95.2    1596  -999  -999.00   -999.00   -999.00  -999    -1.3    1596     0   0   0   0    -999.000  -999.000
0082   40.50   805.4     16.98     95.2    1590  -999  -999.00   -999.00   -999.00  -999    -1.3    1590     0   0   0   0    -999.000  -999.000
0083   41.00   805.9     17.01     95.2    1584  -999  -999.00   -999.00   -999.00     0    -1.3    1584     0   0   0   0    -999.000  -999.000
0084   41.50   806.5     17.03     95.3    1578  -999  -999.00   -999.00   -999.00     0    -1.3    1578     0   0   0   0    -999.000  -999.000
0085   42.00   807.1     17.06     95.3    1572  -999  -999.00   -999.00   -999.00     0    -1.3    1572     0   0   0   0    -999.000  -999.000
0086   42.50  -999.0   -999.00   -999.0    -999  -999  -999.00   -999.00   -999.00     4  -999.0    -999     0   0   0   0    -999.000  -999.000
0087   43.00   808.2     17.11     95.3    1560  -999  -999.00   -999.00   -999.00     4    -1.3    1560     0   0   0   0    -999.000  -999.000
0088   43.50   808.8     17.13     95.3    1554  -999  -999.00   -999.00   -999.00     4    -1.3    1554     0   0   0   0    -999.000  -999.000
0089   44.00   809.4     17.16     95.3    1548  -999  -999.00   -999.00   -999.00     4    -1.2    1548     0   0   0   0    -999.000  -999.000
0090   44.50   810.0     17.19     95.4    1542  -999  -999.00   -999.00   -999.00     4    -1.2    1542     0   0   0   0    -999.000  -999.000
0091   45.00   810.5     17.21     95.4    1536  -999  -999.00   -999.00   -999.00     0    -1.1    1536     0   0   0   0    -999.000  -999.000
0092   45.50   811.1     17.24     95.4    1530  -999  -999.00   -999.00   -999.00  -999    -1.1    1530     0   0   0   0    -999.000  -999.000
0093   46.00   811.7     17.27     95.5    1524  -999  -999.00   -999.00   -999.00  -999    -1.1    1524     0   0   0   0    -999.000  -999.000
0094   46.50   812.2     17.29     95.5    1518  -999  -999.00   -999.00   -999.00  -999    -1.1    1518     0   0   0   0    -999.000  -999.000
0095   47.00   812.8     17.32     95.6    1512  -999  -999.00   -999.00   -999.00     4    -1.1    1512     0   0   0   0    -999.000  -999.000
0096   47.50   813.3     17.34     95.7    1506  -999  -999.00   -999.00   -999.00     0    -1.1    1506     0   0   0   0    -999.000  -999.000
0097   48.00   813.9     17.37     95.7    1500  -999  -999.00   -999.00   -999.00     0    -1.1    1500     0   0   0   0    -999.000  -999.000
0098   48.50   814.5     17.40     95.7    1494  -999  -999.00   -999.00   -999.00     0    -1.2    1494     0   0   0   0    -999.000  -999.000
0099   49.00   815.0     17.42     95.8    1488  -999  -999.00   -999.00   -999.00     0    -1.2    1488     0   0   0   0    -999.000  -999.000
0100   49.50   815.6     17.45     95.8    1482  -999  -999.00   -999.00   -999.00     0    -1.3    1482     0   0   0   0    -999.000  -999.000
0101   50.00   816.2     17.48     95.8    1476  -999  -999.00   -999.00   -999.00     0    -1.4    1476     0   0   0   0    -999.000  -999.000
0102   50.50   816.8     17.51     95.8    1470  -999  -999.00   -999.00   -999.00     0    -1.5    1470     0   0   0   0    -999.000  -999.000
0103   51.00   817.4     17.54     95.8    1464  -999  -999.00   -999.00   -999.00     0    -1.5    1464     0   0   0   0    -999.000  -999.000
0104   51.50   817.9     17.58     95.8    1457  -999  -999.00   -999.00   -999.00  -999    -1.6    1457     0   0   0   0    -999.000  -999.000
0105   52.00   818.5     17.61     95.9    1451  -999  -999.00   -999.00   -999.00  -999    -1.6    1451     0   0   0   0    -999.000  -999.000
0106   52.50   819.1     17.64     95.9    1445  -999  -999.00   -999.00   -999.00     0    -1.7    1445     0   0   0   0    -999.000  -999.000
0107   53.00   819.7     17.66     95.9    1439  -999  -999.00   -999.00   -999.00     0    -1.7    1439     0   0   0   0    -999.000  -999.000
0108   53.50   820.3     17.69     95.9    1432  -999  -999.00   -999.00   -999.00     0    -1.7    1432     0   0   0   0    -999.000  -999.000
0109   54.00   820.9     17.71     95.9    1426  -999  -999.00   -999.00   -999.00     0    -1.7    1426     0   0   0   0    -999.000  -999.000
0110   54.50   821.5     17.74     95.9    1420  -999  -999.00   -999.00   -999.00     0    -1.7    1420     0   0   0   0    -999.000  -999.000
0111   55.00   822.1     17.76     96.0    1414  -999  -999.00   -999.00   -999.00  -999    -1.7    1414     0   0   0   0    -999.000  -999.000
0112   55.50   822.7     17.78     96.0    1407  -999  -999.00   -999.00   -999.00     0    -1.7    1407     0   0   0   0    -999.000  -999.000
0113   56.00   823.3     17.80     96.0    1401  -999  -999.00   -999.00   -999.00     0    -1.7    1401     0   0   0   0    -999.000  -999.000
0114   56.50   823.9     17.83     95.9    1395  -999  -999.00   -999.00   -999.00     0    -1.7    1395     0   0   0   0    -999.000  -999.000
0115   57.00   824.5     17.85     95.9    1389  -999  -999.00   -999.00   -999.00     0    -1.6    1389     0   0   0   0    -999.000  -999.000
0116   57.50   825.1     17.87     95.9    1383  -999  -999.00   -999.00   -999.00     0    -1.6    1383     0   0   0   0    -999.000  -999.000
0117   58.00   825.7     17.89     95.9    1376  -999  -999.00   -999.00   -999.00  -999    -1.6    1376     0   0   0   0    -999.000  -999.000
0118   58.50   826.3     17.91     95.9    1370  -999  -999.00   -999.00   -999.00  -999    -1.6    1370     0   0   0   0    -999.000  -999.000
0119   59.00   826.9     17.93     95.9    1364  -999  -999.00   -999.00   -999.00     0    -1.7    1364     0   0   0   0    -999.000  -999.000
0120   59.50   827.5     17.95     95.9    1358  -999  -999.00   -999.00   -999.00     5    -1.7    1358     0   0   0   0    -999.000  -999.000
0121   60.00   828.1     17.97     95.9    1352  -999  -999.00   -999.00   -999.00     5    -1.8    1352     0   0   0   0    -999.000  -999.000
0122   60.50  -999.0   -999.00   -999.0    -999  -999  -999.00   -999.00   -999.00     5  -999.0    -999     0   0   0   0    -999.000  -999.000
0123   61.00   829.3     17.99     95.9    1339  -999  -999.00   -999.00   -999.00     5    -2.0    1339     0   0   0   0    -999.000  -999.000
0124   61.50   829.9     18.00     95.9    1333  -999  -999.00   -999.00   -999.00     5    -2.1    1333     0   0   0   0    -999.000  -999.000
0125   62.00   830.5     18.00     95.9    1327  -999  -999.00   -999.00   -999.00  -999    -2.2    1327     0   0   0   0    -999.000  -999.000
0126   62.50   831.1     18.00     95.9    1320  -999  -999.00   -999.00   -999.00  -999    -2.3    1320     0   0   0   0    -999.000  -999.000
0127   63.00   831.8     17.99     95.9    1313  -999  -999.00   -999.00   -999.00  -999    -2.4    1313     0   0   0   0    -999.000  -999.000
0128   63.50   832.4     17.98     95.9    1307  -999  -999.00   -999.00   -999.00     5    -2.4    1307     0   0   0   0    -999.000  -999.000
0129   64.00   833.1     17.97     95.9    1300  -999  -999.00   -999.00   -999.00     4    -2.5    1300     0   0   0   0    -999.000  -999.000
0130   64.50   833.7     17.96     95.9    1293  -999  -999.00   -999.00   -999.00     5    -2.5    1293     0   0   0   0    -999.000  -999.000
0131   65.00   834.3     17.95     95.9    1287  -999  -999.00   -999.00   -999.00     5    -2.4    1287     0   0   0   0    -999.000  -999.000
0132   65.50   835.0     17.95     96.0    1280  -999  -999.00   -999.00   -999.00     5    -2.4    1280     0   0   0   0    -999.000  -999.000
0133   66.00   835.6     17.96     96.0    1274  -999  -999.00   -999.00   -999.00     5    -2.3    1274     0   0   0   0    -999.000  -999.000
0134   66.50   836.2     17.97     96.0    1267  -999  -999.00   -999.00   -999.00     4    -2.3    1267     0   0   0   0    -999.000  -999.000
0135   67.00   836.9     17.99     96.1    1261  -999  -999.00   -999.00   -999.00     4    -2.3    1261     0   0   0   0    -999.000  -999.000
0136   67.50   837.5     18.01     96.1    1254  -999  -999.00   -999.00   -999.00     4    -2.3    1254     0   0   0   0    -999.000  -999.000
0137   68.00   838.1     18.04     96.1    1248  -999  -999.00   -999.00   -999.00     4    -2.3    1248     0   0   0   0    -999.000  -999.000
0138   68.50   838.7     18.07     96.1    1241  -999  -999.00   -999.00   -999.00     4    -2.3    1241     0   0   0   0    -999.000  -999.000
0139   69.00   839.4     18.11     96.1    1235  -999  -999.00   -999.00   -999.00     4    -2.4    1235     0   0   0   0    -999.000  -999.000
0140   69.50   840.0     18.14     96.2    1228  -999  -999.00   -999.00   -999.00     4    -2.4    1228     0   0   0   0    -999.000  -999.000
0141   70.00   840.7     18.18     96.2    1222  -999  -999.00   -999.00   -999.00     4    -2.5    1222     0   0   0   0    -999.000  -999.000
0142   70.50   841.3     18.22     96.2    1215  -999  -999.00   -999.00   -999.00     4    -2.6    1215     0   0   0   0    -999.000  -999.000
0143   71.00   842.0     18.26     96.2    1209  -999  -999.00   -999.00   -999.00     5    -2.7    1209     0   0   0   0    -999.000  -999.000
0144   71.50   842.6     18.30     96.3    1202  -999  -999.00   -999.00   -999.00  -999    -2.8    1202     0   0   0   0    -999.000  -999.000
0145   72.00   843.3     18.34     96.3    1195  -999  -999.00   -999.00   -999.00  -999    -3.0    1195     0   0   0   0    -999.000  -999.000
0146   72.50   843.9     18.38     96.3    1188  -999  -999.00   -999.00   -999.00     5    -3.1    1188     0   0   0   0    -999.000  -999.000
0147   73.00   844.6     18.42     96.2    1181  -999  -999.00   -999.00   -999.00  -999    -3.2    1181     0   0   0   0    -999.000  -999.000
0148   73.50   845.3     18.46     96.2    1174  -999  -999.00   -999.00   -999.00     5    -3.3    1174     0   0   0   0    -999.000  -999.000
0149   74.00   846.0     18.49     96.2    1167  -999  -999.00   -999.00   -999.00     5    -3.5    1167     0   0   0   0    -999.000  -999.000
0150   74.50   846.7     18.52     96.1    1160  -999  -999.00   -999.00   -999.00     5    -3.6    1160     0   0   0   0    -999.000  -999.000
0151   75.00   847.4     18.56     96.1    1153  -999  -999.00   -999.00   -999.00     5    -3.7    1153     0   0   0   0    -999.000  -999.000
0152   75.50   848.1     18.59     96.1    1146  -999  -999.00   -999.00   -999.00  -999    -3.8    1146     0   0   0   0    -999.000  -999.000
0153   76.00   848.8     18.62     96.1    1139  -999  -999.00   -999.00   -999.00     5    -3.8    1139     0   0   0   0    -999.000  -999.000
0154   76.50   849.5     18.65     96.1    1131  -999  -999.00   -999.00   -999.00     5    -3.9    1131     0   0   0   0    -999.000  -999.000
0155   77.00   850.2     18.68     96.2    1124  -999  -999.00   -999.00   -999.00     5    -4.0    1124     0   0   0   0    -999.000  -999.000
0156   77.50   851.0     18.72     96.2    1117  -999  -999.00   -999.00   -999.00     5    -4.0    1117     0   0   0   0    -999.000  -999.000
0157   78.00   851.7     18.75     96.3    1110  -999  -999.00   -999.00   -999.00     5    -4.1    1110     0   0   0   0    -999.000  -999.000
0158   78.50   852.4     18.79     96.3    1102  -999  -999.00   -999.00   -999.00     5    -4.1    1102     0   0   0   0    -999.000  -999.000
0159   79.00   853.1     18.82     96.3    1095  -999  -999.00   -999.00   -999.00     5    -4.1    1095     0   0   0   0    -999.000  -999.000
0160   79.50   853.9     18.86     96.3    1088  -999  -999.00   -999.00   -999.00     5    -4.2    1088     0   0   0   0    -999.000  -999.000
0161   80.00   854.6     18.89     96.3    1080  -999  -999.00   -999.00   -999.00     5    -4.2    1080     0   0   0   0    -999.000  -999.000
0162   80.50   855.3     18.93     96.3    1073  -999  -999.00   -999.00   -999.00     5    -4.1    1073     0   0   0   0    -999.000  -999.000
0163   81.00   856.1     18.96     96.3    1065  -999  -999.00   -999.00   -999.00     5    -4.1    1065     0   0   0   0    -999.000  -999.000
0164   81.50   856.8     19.00     96.3    1058  -999  -999.00   -999.00   -999.00     5    -4.1    1058     0   0   0   0    -999.000  -999.000
0165   82.00   857.5     19.03     96.3    1051  -999  -999.00   -999.00   -999.00     5    -4.0    1051     0   0   0   0    -999.000  -999.000
0166   82.50   858.2     19.06     96.3    1043   183    74.97      3.95     74.87     6    -4.0    1043     0   0   0   0      22.576   -62.018
0167   83.00   859.0     19.10     96.2    1036   183    74.75      3.83     74.65     6    -3.9    1036     0   0   0   0      22.577   -62.018
0168   83.50   859.7     19.13     96.1    1029  -999  -999.00   -999.00   -999.00     5    -3.9    1029     0   0   0   0    -999.000  -999.000
0169   84.00   860.4     19.17     96.0    1022  -999  -999.00   -999.00   -999.00     5    -3.9    1022     0   0   0   0    -999.000  -999.000
0170   84.50   861.1     19.21     95.9    1015  -999  -999.00   -999.00   -999.00     5    -3.9    1015     0   0   0   0    -999.000  -999.000
0171   85.00   861.8     19.25     95.7    1007   183    73.92      3.56     73.83     6    -4.0    1007     0   0   0   0      22.578   -62.018
0172   85.50   862.5     19.29     95.6    1000   183    73.75      3.60     73.66     6    -4.0    1000     0   0   0   0      22.578   -62.018
0173   86.00   863.3     19.33     95.4     993   183    73.61      3.68     73.52     6    -4.1     993     0   0   0   0      22.579   -62.018
0174   86.50   864.0     19.37     95.2     985   183    73.50      3.78     73.40     6    -4.2     985     0   0   0   0      22.579   -62.018
0175   87.00   864.7     19.42     95.0     978  -999  -999.00   -999.00   -999.00     5    -4.3     978     0   0   0   0    -999.000  -999.000
0176   87.50   865.5     19.46     94.8     971  -999  -999.00   -999.00   -999.00     5    -4.4     971     0   0   0   0    -999.000  -999.000
0177   88.00  -999.0   -999.00   -999.0    -999  -999  -999.00   -999.00   -999.00     5  -999.0    -999     0   0   0   0    -999.000  -999.000
0178   88.50   867.0     19.55     94.3     956  -999  -999.00   -999.00   -999.00     5    -4.6     956     0   0   0   0    -999.000  -999.000
0179   89.00   867.8     19.59     94.1     948  -999  -999.00   -999.00   -999.00     5    -4.7     948     0   0   0   0    -999.000  -999.000
0180   89.50   868.5     19.64     93.8     941  -999  -999.00   -999.00   -999.00     5    -4.8     941     0   0   0   0    -999.000  -999.000
0181   90.00   869.3     19.69     93.6     933  -999  -999.00   -999.00   -999.00     5    -4.9     933     0   0   0   0    -999.000  -999.000
0182   90.50   870.1     19.74     93.3     925  -999  -999.00   -999.00   -999.00     5    -5.0     925     0   0   0   0    -999.000  -999.000
0183   91.00   870.8     19.79     93.0     917  -999  -999.00   -999.00   -999.00  -999    -5.1     917     0   0   0   0    -999.000  -999.000
0184   91.50   871.6     19.85     92.7     910  -999  -999.00   -999.00   -999.00     5    -5.2     910     0   0   0   0    -999.000  -999.000
0185   92.00   872.4     19.90     92.4     902  -999  -999.00   -999.00   -999.00     5    -5.2     902     0   0   0   0    -999.000  -999.000
0186   92.50   873.2     19.95     92.1     894  -999  -999.00   -999.00   -999.00     5    -5.3     894     0   0   0   0    -999.000  -999.000
0187   93.00   874.0     20.01     91.8     886  -999  -999.00   -999.00   -999.00     5    -5.3     886     0   0   0   0    -999.000  -999.000
0188   93.50   874.8     20.06     91.6     878   184    73.70      4.95     73.53     6    -5.4     878     0   0   0   0      22.584   -62.017
0189   94.00   875.6     20.11     91.3     870   184    73.70      4.95     73.54     6    -5.4     870     0   0   0   0      22.584   -62.017
0190   94.50   876.4     20.16     91.2     862   184    73.70      4.94     73.54     6    -5.4     862     0   0   0   0      22.584   -62.017
0191   95.00   877.2     20.20     91.0     854   184    73.71      4.93     73.54     6    -5.3     854     0   0   0   0      22.585   -62.017
0192   95.50   878.0     20.25     91.0     846   184    73.72      4.91     73.55     6    -5.3     846     0   0   0   0      22.585   -62.017
0193   96.00   878.8     20.29     90.9     838   184    73.74      4.90     73.58     6    -5.2     838     0   0   0   0      22.585   -62.017
0194   96.50  -999.0   -999.00   -999.0    -999   184    73.78      4.89     73.62     6  -999.0    -999     0   0   0   0      22.586   -62.017
0195   97.00   880.4     20.38     90.9     823  -999  -999.00   -999.00   -999.00  -999    -5.0     823     0   0   0   0    -999.000  -999.000
0196   97.50   881.2     20.42     90.9     815  -999  -999.00   -999.00   -999.00  -999    -4.9     815     0   0   0   0    -999.000  -999.000
0197   98.00   882.0     20.46     91.0     807   184    73.99      4.74     73.84     6    -4.8     807     0   0   0   0      22.587   -62.017
0198   98.50   882.7     20.50     91.0     800   184    74.08      4.62     73.94     6    -4.7     800     0   0   0   0      22.587   -62.017
0199   99.00   883.5     20.55     91.0     792  -999  -999.00   -999.00   -999.00  -999    -4.5     792     0   0   0   0    -999.000  -999.000
0200   99.50   884.2     20.59     91.0     785   183    74.32      4.28     74.19     6    -4.4     785     0   0   0   0      22.588   -62.017
0201  100.00   885.0     20.64     90.9     778   183    74.45      4.08     74.34     6    -4.3     778     0   0   0   0      22.588   -62.017
0202  100.50   885.7     20.68     90.8     770   183    74.59      3.87     74.49     6    -4.1     770     0   0   0   0      22.588   -62.017
0203  101.00   886.5     20.73     90.7     763   183    74.74      3.66     74.66     6    -4.0     763     0   0   0   0      22.589   -62.017
0204  101.50   887.2     20.77     90.6     756   183    74.91      3.48     74.83     6    -3.8     756     0   0   0   0      22.589   -62.017
0205  102.00   887.9     20.82     90.5     749   183    75.07      3.31     75.00     6    -3.7     749     0   0   0   0      22.589   -62.017
0206  102.50   888.6     20.86     90.4     742   182    75.24      3.16     75.18     6    -3.5     742     0   0   0   0      22.590   -62.017
0207  103.00   889.3     20.90     90.3     735  -999  -999.00   -999.00   -999.00     5    -3.3     735     0   0   0   0    -999.000  -999.000
0208  103.50   890.0     20.94     90.2     728  -999  -999.00   -999.00   -999.00     5    -3.1     728     0   0   0   0    -999.000  -999.000
0209  104.00   890.7     20.98     90.1     721  -999  -999.00   -999.00   -999.00     5    -2.9     721     0   0   0   0    -999.000  -999.000
0210  104.50   891.4     21.01     90.0     715  -999  -999.00   -999.00   -999.00     5    -2.7     715     0   0   0   0    -999.000  -999.000
0211  105.00   892.1     21.05     89.9     708  -999  -999.00   -999.00   -999.00     5    -2.5     708     0   0   0   0    -999.000  -999.000
0212  105.50   892.7     21.08     89.7     702  -999  -999.00   -999.00   -999.00     5    -2.2     702     0   0   0   0    -999.000  -999.000
0213  106.00   893.4     21.11     89.6     696  -999  -999.00   -999.00   -999.00     5    -2.0     696     0   0   0   0    -999.000  -999.000
0214  106.50   894.0     21.13     89.5     690   182    76.49      2.52     76.45     6    -1.7     690     0   0   0   0      22.592   -62.017
0215  107.00   894.6     21.15     89.5     684   182    76.63      2.51     76.59     6    -1.4     684     0   0   0   0      22.593   -62.017
0216  107.50   895.2     21.17     89.5     678   182    76.76      2.51     76.72     6    -1.0     678     0   0   0   0      22.593   -62.017
0217  108.00   895.8     21.19     89.6     672   182    76.86      2.51     76.82     6    -0.7     672     0   0   0   0      22.593   -62.017
0218  108.50   896.4     21.20     89.8     667   182    76.91      2.49     76.87     6    -0.3     667     0   0   0   0      22.594   -62.017
0219  109.00   896.9     21.21     90.1     661   182    76.91      2.46     76.87     6     0.1     661     0   0   0   0      22.594   -62.017
0220  109.50   897.4     21.21     90.7     656   182    76.85      2.40     76.81     6     0.5     656     0   0   0   0      22.594   -62.017
0221  110.00   897.9     21.21     91.4     651   182    76.72      2.29     76.68     6     0.9     651     0   0   0   0      22.595   -62.017
0222  110.50   898.4     21.21     92.3     647  -999  -999.00   -999.00   -999.00  -999     1.2     647     0   0   0   0    -999.000  -999.000
0223  111.00   898.9     21.20     93.2     642   181    76.26      1.89     76.23     6     1.6     642     0   0   0   0      22.595   -62.017
0224  111.50   899.3     21.19     94.0     638  -999  -999.00   -999.00   -999.00     5     1.9     638     0   0   0   0    -999.000  -999.000
0225  112.00   899.7     21.17     94.8     634  -999  -999.00   -999.00   -999.00     5     2.2     634     0   0   0   0    -999.000  -999.000
0226  112.50   900.1     21.16     95.5     630  -999  -999.00   -999.00   -999.00     5     2.4     630     0   0   0   0    -999.000  -999.000
0227  113.00   900.5     21.16     96.0     626   180    74.65      0.01     74.65     6     2.5     626     0   0   0   0      22.597   -62.017
0228  113.50   900.9     21.15     96.3     622  -999  -999.00   -999.00   -999.00     5     2.6     622     0   0   0   0    -999.000  -999.000
0229  114.00   901.3     21.15     96.6     618   179    73.82     -1.23     73.81     6     2.7     618     0   0   0   0      22.597   -62.017
0230  114.50   901.7     21.15     96.8     614   179    73.51     -1.82     73.49     6     2.7     614     0   0   0   0      22.598   -62.017
0231  115.00   902.2     21.16     97.0     611   178    73.29     -2.36     73.25     6     2.7     611     0   0   0   0      22.598   -62.017
0232  115.50   902.6     21.17     97.1     607  -999  -999.00   -999.00   -999.00  -999     2.6     607     0   0   0   0    -999.000  -999.000
0233  116.00   903.0     21.18     97.2     603   177    73.11     -3.28     73.03     6     2.6     603     0   0   0   0      22.599   -62.017
0234  116.50   903.4     21.20     97.2     599   177    73.13     -3.67     73.04     6     2.4     599     0   0   0   0      22.599   -62.017
0235  117.00   903.8     21.22     97.3     595   177    73.23     -4.02     73.12     6     2.3     595     0   0   0   0      22.599   -62.017
0236  117.50   904.2     21.25     97.3     591   177    73.38     -4.34     73.25     6     2.1     591     0   0   0   0      22.600   -62.017
0237  118.00   904.6     21.27     97.4     587   176    73.59     -4.64     73.45     6     1.9     587     0   0   0   0      22.600   -62.017
0238  118.50   905.1     21.30     97.4     583  -999  -999.00   -999.00   -999.00     5     1.7     583     0   0   0   0    -999.000  -999.000
0239  119.00   905.5     21.32     97.4     578   176    74.14     -5.25     73.95     6     1.4     578     0   0   0   0      22.601   -62.017
0240  119.50   906.0     21.34     97.5     574  -999  -999.00   -999.00   -999.00  -999     1.1     574     0   0   0   0    -999.000  -999.000
0241  120.00   906.5     21.36     97.5     569   175    74.79     -6.02     74.55     6     0.8     569     0   0   0   0      22.601   -62.017
0242  120.50   907.0     21.38     97.5     564   175    75.15     -6.49     74.87     6     0.4     564     0   0   0   0      22.602   -62.017
0243  121.00   907.5     21.40     97.4     559   175    75.52     -7.01     75.19     6     0.1     559     0   0   0   0      22.602   -62.017
0244  121.50   908.0     21.42     97.4     554   174    75.90     -7.57     75.52     6    -0.2     554     0   0   0   0      22.602   -62.017
0245  122.00   908.6     21.43     97.3     549  -999  -999.00   -999.00   -999.00     5    -0.5     549     0   0   0   0    -999.000  -999.000
0246  122.50   909.2     21.45     97.2     543   173    76.69     -8.76     76.19     6    -0.8     543     0   0   0   0      22.603   -62.017
0247  123.00   909.8     21.46     97.1     537  -999  -999.00   -999.00   -999.00  -999    -1.0     537     0   0   0   0    -999.000  -999.000
0248  123.50   910.4     21.47     96.9     532  -999  -999.00   -999.00   -999.00     5    -1.1     532     0   0   0   0    -999.000  -999.000
0249  124.00   911.0     21.49     96.7     526  -999  -999.00   -999.00   -999.00     5    -1.2     526     0   0   0   0    -999.000  -999.000
0250  124.50   911.6     21.51     96.5     520  -999  -999.00   -999.00   -999.00     5    -1.2     520     0   0   0   0    -999.000  -999.000
0251  125.00   912.2     21.52     96.4     514  -999  -999.00   -999.00   -999.00     5    -1.1     514     0   0   0   0    -999.000  -999.000
0252  125.50   912.8     21.55     96.3     509  -999  -999.00   -999.00   -999.00     5    -1.0     509     0   0   0   0    -999.000  -999.000
0253  126.00   913.4     21.57     96.3     503  -999  -999.00   -999.00   -999.00     5    -0.8     503     0   0   0   0    -999.000  -999.000
0254  126.50   913.9     21.60     96.2     497  -999  -999.00   -999.00   -999.00  -999    -0.5     497     0   0   0   0    -999.000  -999.000
0255  127.00   914.5     21.62     96.3     492  -999  -999.00   -999.00   -999.00     4    -0.3     492     0   0   0   0    -999.000  -999.000
0256  127.50   915.1     21.65     96.3     487  -999  -999.00   -999.00   -999.00  -999     0.0     487     0   0   0   0    -999.000  -999.000
0257  128.00   915.6     21.68     96.4     482  -999  -999.00   -999.00   -999.00     5     0.3     482     0   0   0   0    -999.000  -999.000
0258  128.50   916.1     21.70     96.5     477  -999  -999.00   -999.00   -999.00     4     0.6     477     0   0   0   0    -999.000  -999.000
0259  129.00   916.6     21.73     96.6     472  -999  -999.00   -999.00   -999.00  -999     0.9     472     0   0   0   0    -999.000  -999.000
0260  129.50   917.1     21.76     96.7     468  -999  -999.00   -999.00   -999.00     4     1.2     468     0   0   0   0    -999.000  -999.000
0261  130.00   917.5     21.78     96.7     463  -999  -999.00   -999.00   -999.00     4     1.3     463     0   0   0   0    -999.000  -999.000
0262  130.50   918.0     21.81     96.6     459  -999  -999.00   -999.00   -999.00     4     1.5     459     0   0   0   0    -999.000  -999.000
0263  131.00   918.4     21.84     96.5     455  -999  -999.00   -999.00   -999.00     4     1.6     455     0   0   0   0    -999.000  -999.000
0264  131.50   918.9     21.87     96.3     450  -999  -999.00   -999.00   -999.00     4     1.6     450     0   0   0   0    -999.000  -999.000
0265  132.00   919.3     21.90     96.1     446  -999  -999.00   -999.00   -999.00     4     1.6     446     0   0   0   0    -999.000  -999.000
0266  132.50   919.8     21.93     95.9     442  -999  -999.00   -999.00   -999.00     4     1.5     442     0   0   0   0    -999.000  -999.000
0267  133.00   920.3     21.97     95.6     437  -999  -999.00   -999.00   -999.00     4     1.4     437     0   0   0   0    -999.000  -999.000
0268  133.50   920.7     22.00     95.5     433  -999  -999.00   -999.00   -999.00     5     1.3     433     0   0   0   0    -999.000  -999.000
0269  134.00   921.2     22.04     95.4     428  -999  -999.00   -999.00   -999.00     5     1.2     428     0   0   0   0    -999.000  -999.000
0270  134.50   921.7     22.07     95.4     424  -999  -999.00   -999.00   -999.00     5     1.1     424     0   0   0   0    -999.000  -999.000
0271  135.00   922.2     22.11     95.5     419  -999  -999.00   -999.00   -999.00     5     1.0     419     0   0   0   0    -999.000  -999.000
0272  135.50   922.7     22.14     95.8     414  -999  -999.00   -999.00   -999.00     5     0.9     414     0   0   0   0    -999.000  -999.000
0273  136.00   923.2     22.17     96.1     409  -999  -999.00   -999.00   -999.00     5     0.8     409     0   0   0   0    -999.000  -999.000
0274  136.50   923.7     22.20     96.5     405  -999  -999.00   -999.00   -999.00     5     0.7     405     0   0   0   0    -999.000  -999.000
0275  137.00   924.2     22.23     97.0     400  -999  -999.00   -999.00   -999.00     5     0.6     400     0   0   0   0    -999.000  -999.000
0276  137.50   924.7     22.26     97.4     395  -999  -999.00   -999.00   -999.00     5     0.5     395     0   0   0   0    -999.000  -999.000
0277  138.00   925.2     22.29     97.7     390  -999  -999.00   -999.00   -999.00     5     0.4     390     0   0   0   0    -999.000  -999.000
0278  138.50   925.7     22.31     98.0     386  -999  -999.00   -999.00   -999.00     5     0.3     386     0   0   0   0    -999.000  -999.000
0279  139.00   926.2     22.34     98.3     381  -999  -999.00   -999.00   -999.00     5     0.2     381     0   0   0   0    -999.000  -999.000
0280  139.50   926.8     22.38     98.4     376  -999  -999.00   -999.00   -999.00     5     0.1     376     0   0   0   0    -999.000  -999.000
0281  140.00   927.3     22.41     98.6     371  -999  -999.00   -999.00   -999.00  -999     0.0     371     0   0   0   0    -999.000  -999.000
0282  140.50   927.9     22.45     98.7     365  -999  -999.00   -999.00   -999.00     5    -0.0     365     0   0   0   0    -999.000  -999.000
0283  141.00   928.4     22.49     98.8     360  -999  -999.00   -999.00   -999.00     5     0.0     360     0   0   0   0    -999.000  -999.000
0284  141.50   929.0     22.54     99.0     355  -999  -999.00   -999.00   -999.00     5     0.1     355     0   0   0   0    -999.000  -999.000
0285  142.00   929.5     22.59     99.1     350  -999  -999.00   -999.00   -999.00     5     0.2     350     0   0   0   0    -999.000  -999.000
0286  142.50   930.1     22.64     99.2     345  -999  -999.00   -999.00   -999.00     5     0.3     345     0   0   0   0    -999.000  -999.000
0287  143.00   930.6     22.69     99.3     340  -999  -999.00   -999.00   -999.00     5     0.5     340     0   0   0   0    -999.000  -999.000
0288  143.50   931.1     22.74     99.3     335  -999  -999.00   -999.00   -999.00     5     0.7     335     0   0   0   0    -999.000  -999.000
0289  144.00   931.6     22.78     99.4     330  -999  -999.00   -999.00   -999.00     5     0.9     330     0   0   0   0    -999.000  -999.000
0290  144.50   932.1     22.82     99.4     325  -999  -999.00   -999.00   -999.00     5     1.1     325     0   0   0   0    -999.000  -999.000
0291  145.00   932.6     22.84     99.4     321  -999  -999.00   -999.00   -999.00     4     1.2     321     0   0   0   0    -999.000  -999.000
0292  145.50   933.1     22.86     99.4     316  -999  -999.00   -999.00   -999.00     0     1.4     316     0   0   0   0    -999.000  -999.000
0293  146.00   933.5     22.87     99.4     312  -999  -999.00   -999.00   -999.00     0     1.4     312     0   0   0   0    -999.000  -999.000
0294  146.50   934.0     22.88     99.4     308  -999  -999.00   -999.00   -999.00     0     1.4     308     0   0   0   0    -999.000  -999.000
0295  147.00   934.4     22.89     99.3     303  -999  -999.00   -999.00   -999.00     0     1.3     303     0   0   0   0    -999.000  -999.000
0296  147.50   934.9     22.89     99.2     299  -999  -999.00   -999.00   -999.00     0     1.1     299     0   0   0   0    -999.000  -999.000
0297  148.00   935.4     22.90     99.1     295  -999  -999.00   -999.00   -999.00  -999     0.7     295     0   0   0   0    -999.000  -999.000
0298  148.50   935.9     22.90     99.0     290  -999  -999.00   -999.00   -999.00     0     0.3     290     0   0   0   0    -999.000  -999.000
0299  149.00   936.4     22.90     98.9     285  -999  -999.00   -999.00   -999.00     4    -0.2     285     0   0   0   0    -999.000  -999.000
0300  149.50   937.0     22.90     98.8     280  -999  -999.00   -999.00   -999.00     4    -0.9     280     0   0   0   0    -999.000  -999.000
0301  150.00   937.6     22.90     98.8     274  -999  -999.00   -999.00   -999.00     4    -1.5     274     0   0   0   0    -999.000  -999.000
0302  150.50   938.2     22.92     98.8     268  -999  -999.00   -999.00   -999.00     4    -2.2     268     0   0   0   0    -999.000  -999.000
0303  151.00   938.9     22.94     98.9     262  -999  -999.00   -999.00   -999.00     4    -3.0     262     0   0   0   0    -999.000  -999.000
0304  151.50  -999.0   -999.00   -999.0    -999  -999  -999.00   -999.00   -999.00     0  -999.0    -999     0   0   0   0    -999.000  -999.000
0305  152.00   940.4     23.01     99.1     248  -999  -999.00   -999.00   -999.00     0    -4.3     248     0   0   0   0    -999.000  -999.000
0306  152.50   941.2     23.05     99.2     240  -999  -999.00   -999.00   -999.00     0    -5.0     240     0   0   0   0    -999.000  -999.000
0307  153.00   942.0     23.10     99.2     233  -999  -999.00   -999.00   -999.00     0    -5.5     233     0   0   0   0    -999.000  -999.000
0308  153.50   942.9     23.16     99.2     225  -999  -999.00   -999.00   -999.00     0    -6.0     225     0   0   0   0    -999.000  -999.000
0309  154.00   943.8     23.21     99.1     216  -999  -999.00   -999.00   -999.00     0    -6.4     216     0   0   0   0    -999.000  -999.000
0310  154.50   944.7     23.27     99.0     208  -999  -999.00   -999.00   -999.00     4    -6.6     208     0   0   0   0    -999.000  -999.000
0311  155.00   945.6     23.33     98.8     200  -999  -999.00   -999.00   -999.00     4    -6.8     200     0   0   0   0    -999.000  -999.000
0312  155.50   946.5     23.39     98.6     191  -999  -999.00   -999.00   -999.00     4    -6.8     191     0   0   0   0    -999.000  -999.000
0313  156.00   947.4     23.45     98.3     182  -999  -999.00   -999.00   -999.00     4    -6.7     182     0   0   0   0    -999.000  -999.000
0314  156.50   948.3     23.51     98.0     174  -999  -999.00   -999.00   -999.00     4    -6.5     174     0   0   0   0    -999.000  -999.000
0315  157.00   949.3     23.57     97.8     165  -999  -999.00   -999.00   -999.00     4    -6.2     165     0   0   0   0    -999.000  -999.000
0316  157.50   950.2     23.64     97.5     157  -999  -999.00   -999.00   -999.00     4    -5.8     157     0   0   0   0    -999.000  -999.000
0317  158.00   951.0     23.70     97.3     149  -999  -999.00   -999.00   -999.00     0    -5.2     149     0   0   0   0    -999.000  -999.000
0318  158.50   951.9     23.76     97.1     141  -999  -999.00   -999.00   -999.00     0    -4.6     141     0   0   0   0    -999.000  -999.000
0319  159.00   952.6     23.82     96.9     134  -999  -999.00   -999.00   -999.00  -999    -4.0     134     0   0   0   0    -999.000  -999.000
0320  159.50   953.4     23.88     96.8     127  -999  -999.00   -999.00   -999.00     0    -3.4     127     0   0   0   0    -999.000  -999.000
0321  160.00   954.1     23.94     96.8     121  -999  -999.00   -999.00   -999.00     0    -2.9     121     0   0   0   0    -999.000  -999.000
0322  160.50   954.7     23.99     96.9     115  -999  -999.00   -999.00   -999.00     0    -2.5     115     0   0   0   0    -999.000  -999.000
0323  161.00   955.4     24.04     97.0     109  -999  -999.00   -999.00   -999.00     0    -2.2     109     0   0   0   0    -999.000  -999.000
0324  161.50   956.0     24.09     97.3     103  -999  -999.00   -999.00   -999.00     0    -2.1     103     0   0   0   0    -999.000  -999.000
0325  162.00   956.6     24.14     97.6      97  -999  -999.00   -999.00   -999.00     0    -2.1      97     0   0   0   0    -999.000  -999.000
0326  162.50   957.3     24.19     97.9      91  -999  -999.00   -999.00   -999.00     0    -2.3      91     0   0   0   0    -999.000  -999.000
0327  163.00   957.9     24.24     98.2      85  -999  -999.00   -999.00   -999.00     0    -2.5      85     0   0   0   0    -999.000  -999.000
0328  163.50   958.6     24.28     98.4      79  -999  -999.00   -999.00   -999.00     0    -2.8      79     0   0   0   0    -999.000  -999.000
0329  164.00   959.3     24.33     98.5      72  -999  -999.00   -999.00   -999.00     0    -3.1      72     0   0   0   0    -999.000  -999.000
0330  164.50   960.1     24.38     98.5      66  -999  -999.00   -999.00   -999.00     0    -3.3      66     0   0   0   0    -999.000  -999.000
0331  165.00   960.9     24.43     98.5      59  -999  -999.00   -999.00   -999.00     0    -3.5      59     0   0   0   0    -999.000  -999.000
0332  165.50   961.6     24.49     98.5      51  -999  -999.00   -999.00   -999.00     0    -3.6      51     0   0   0   0    -999.000  -999.000
0333  166.00   962.5     24.54     98.6      44  -999  -999.00   -999.00   -999.00     0    -3.6      44     0   0   0   0    -999.000  -999.000
0334  166.50   963.3     24.60     98.7      37  -999  -999.00   -999.00   -999.00     0    -3.4      37     0   0   0   0    -999.000  -999.000
0335  167.00   964.0     24.66     98.8      30  -999  -999.00   -999.00   -999.00  -999    -3.2      30     0   0   0   0    -999.000  -999.000
0336  167.50   964.7     24.72     99.0      23  -999  -999.00   -999.00   -999.00  -999    -3.0      23     0   0   0   0    -999.000  -999.000
0337  168.00   965.4     24.78     99.1      17  -999  -999.00   -999.00   -999.00  -999    -2.8      17     0   0   0   0    -999.000  -999.000
0338  168.50   966.0     24.84     99.3      12  -999  -999.00   -999.00   -999.00  -999    -2.7      12     0   0   0   0    -999.000  -999.000
0339  169.00   966.5     24.91     99.5       7  -999  -999.00   -999.00   -999.00  -999    -2.6       7     0   0   0   0    -999.000  -999.000
0340  169.54   967.3     24.91     99.5       0  -999  -999.00   -999.00   -999.00  -999  -999.0       0     0   0   0   0    -999.000  -999.000
