 ===========================================================================
 DROPWINDSONDE PROCESSING RECORD                            Sonde: 020215316
 FRD file written by Aspen V3.4.8, 07 Jul 2023 21:37 UTC
 Aircraft: WP-3D, n42rf                      Date: 030916   Time: 124616 UTC
 ---------------------------------------------------------------------------
 Bias corrections:  PR =   0.0 mb  TE =   0.0 C  RH =   0.0 %  PRB =  0.0 mb
 Filters (LPF):     PTH = 
 Dyn RH correction = 
 Estimated PR used = 
 Dyn T correction  = 
 ---------------------------------------------------------------------------
 COMMENT: none, Good Drop
 ===========================================================================

 ===========================================================================
 Date: 030916   Lat:  27.55 N   TA:   16.0 C   PS:  767.9 mb   WD:    51 deg
 Time: 124616   Lon:  71.45 W   TD:   14.2 C   GA:   2117 m    WS:  35.6 m/s
 SID:  020215316                RH:   89.1 %   Navaid:   GP
 ===========================================================================

IX      t (s)  P (mb)    T (C)    RH (%)  Z (m)   WD    WS (m/s)   U (m/s)   V (m/s)  NS  WZ (m/s)  ZW (m)   FP  FT  FH  FW    LAT (N)   LON (E)
0001    0.40  -999.0   -999.00   -999.0    -999  -999  -999.00   -999.00   -999.00  -999  -999.0    -999     0   0   0   0    -999.000  -999.000
0002    0.90  -999.0   -999.00   -999.0    -999  -999  -999.00   -999.00   -999.00  -999  -999.0    -999     0   0   0   0    -999.000  -999.000
0003    1.40  -999.0   -999.00   -999.0    -999  -999  -999.00   -999.00   -999.00  -999  -999.0    -999     0   0   0   0    -999.000  -999.000
0004    1.90  -999.0   -999.00   -999.0    -999  -999  -999.00   -999.00   -999.00  -999  -999.0    -999     0   0   0   0    -999.000  -999.000
0005    2.40  -999.0   -999.00   -999.0    -999  -999  -999.00   -999.00   -999.00     0  -999.0    -999     0   0   0   0    -999.000  -999.000
0006    2.90  -999.0   -999.00   -999.0    -999  -999  -999.00   -999.00   -999.00     0  -999.0    -999     0   0   0   0    -999.000  -999.000
0007    3.40  -999.0   -999.00   -999.0    -999  -999  -999.00   -999.00   -999.00     0  -999.0    -999     0   0   0   0    -999.000  -999.000
0008    3.90  -999.0   -999.00   -999.0    -999  -999  -999.00   -999.00   -999.00     0  -999.0    -999     0   0   0   0    -999.000  -999.000
0009    4.40  -999.0   -999.00   -999.0    -999  -999  -999.00   -999.00   -999.00     0  -999.0    -999     0   0   0   0    -999.000  -999.000
0010    4.90  -999.0   -999.00   -999.0    -999  -999  -999.00   -999.00   -999.00     0  -999.0    -999     0   0   0   0    -999.000  -999.000
0011    5.40  -999.0   -999.00   -999.0    -999  -999  -999.00   -999.00   -999.00     0  -999.0    -999     0   0   0   0    -999.000  -999.000
0012    5.90  -999.0   -999.00   -999.0    -999  -999  -999.00   -999.00   -999.00     0  -999.0    -999     0   0   0   0    -999.000  -999.000
0013    6.40  -999.0   -999.00   -999.0    -999  -999  -999.00   -999.00   -999.00     0  -999.0    -999     0   0   0   0    -999.000  -999.000
0014    6.90  -999.0   -999.00   -999.0    -999  -999  -999.00   -999.00   -999.00     0  -999.0    -999     0   0   0   0    -999.000  -999.000
0015    7.40  -999.0   -999.00   -999.0    -999  -999  -999.00   -999.00   -999.00     0  -999.0    -999     0   0   0   0    -999.000  -999.000
0016    7.90  -999.0   -999.00   -999.0    -999  -999  -999.00   -999.00   -999.00     0  -999.0    -999     0   0   0   0    -999.000  -999.000
0017    8.40  -999.0   -999.00   -999.0    -999  -999  -999.00   -999.00   -999.00     0  -999.0    -999     0   0   0   0    -999.000  -999.000
0018    8.90  -999.0   -999.00   -999.0    -999  -999  -999.00   -999.00   -999.00     0  -999.0    -999     0   0   0   0    -999.000  -999.000
0019    9.40  -999.0   -999.00   -999.0    -999  -999  -999.00   -999.00   -999.00     0  -999.0    -999     0   0   0   0    -999.000  -999.000
0020    9.90  -999.0   -999.00   -999.0    -999  -999  -999.00   -999.00   -999.00     0  -999.0    -999     0   0   0   0    -999.000  -999.000
0021   10.40  -999.0   -999.00   -999.0    -999  -999  -999.00   -999.00   -999.00     0  -999.0    -999     0   0   0   0    -999.000  -999.000
0022   10.90  -999.0   -999.00   -999.0    -999  -999  -999.00   -999.00   -999.00     0  -999.0    -999     0   0   0   0    -999.000  -999.000
0023   11.40  -999.0   -999.00   -999.0    -999  -999  -999.00   -999.00   -999.00     0  -999.0    -999     0   0   0   0    -999.000  -999.000
0024   11.90  -999.0   -999.00   -999.0    -999  -999  -999.00   -999.00   -999.00     0  -999.0    -999     0   0   0   0    -999.000  -999.000
0025   12.40   786.8     16.58   -999.0    1887  -999  -999.00   -999.00   -999.00     0    -3.0    1887     0   0   0   0    -999.000  -999.000
0026   12.90   787.4     16.60   -999.0    1881  -999  -999.00   -999.00   -999.00     0    -2.8    1881     0   0   0   0    -999.000  -999.000
0027   13.40   788.1     16.62   -999.0    1874  -999  -999.00   -999.00   -999.00     0    -2.6    1874     0   0   0   0    -999.000  -999.000
0028   13.90   788.7     16.64   -999.0    1867  -999  -999.00   -999.00   -999.00     0    -2.5    1867     0   0   0   0    -999.000  -999.000
0029   14.40   789.3     16.66   -999.0    1860  -999  -999.00   -999.00   -999.00     0    -2.3    1860     0   0   0   0    -999.000  -999.000
0030   14.90   789.9     16.68   -999.0    1854  -999  -999.00   -999.00   -999.00     0    -2.2    1854     0   0   0   0    -999.000  -999.000
0031   15.40   790.5     16.71   -999.0    1847  -999  -999.00   -999.00   -999.00     0    -2.1    1847     0   0   0   0    -999.000  -999.000
0032   15.90   791.1     16.73   -999.0    1841  -999  -999.00   -999.00   -999.00     0    -2.0    1841     0   0   0   0    -999.000  -999.000
0033   16.40   791.7     16.75   -999.0    1834  -999  -999.00   -999.00   -999.00     0    -1.9    1834     0   0   0   0    -999.000  -999.000
0034   16.90   792.3     16.78   -999.0    1828  -999  -999.00   -999.00   -999.00     0    -1.8    1828     0   0   0   0    -999.000  -999.000
0035   17.40   792.9     16.80   -999.0    1821  -999  -999.00   -999.00   -999.00     0    -1.8    1821     0   0   0   0    -999.000  -999.000
0036   17.90   793.5     16.83   -999.0    1815  -999  -999.00   -999.00   -999.00     0    -1.8    1815     0   0   0   0    -999.000  -999.000
0037   18.40   794.1     16.85   -999.0    1809  -999  -999.00   -999.00   -999.00     0    -1.7    1809     0   0   0   0    -999.000  -999.000
0038   18.90   794.7     16.88   -999.0    1802  -999  -999.00   -999.00   -999.00     0    -1.7    1802     0   0   0   0    -999.000  -999.000
0039   19.40   795.2     16.91   -999.0    1796  -999  -999.00   -999.00   -999.00     0    -1.8    1796     0   0   0   0    -999.000  -999.000
0040   19.90   795.8     16.93   -999.0    1790  -999  -999.00   -999.00   -999.00     4    -1.8    1790     0   0   0   0    -999.000  -999.000
0041   20.40   796.4     16.96   -999.0    1783  -999  -999.00   -999.00   -999.00     4    -1.8    1783     0   0   0   0    -999.000  -999.000
0042   20.90   797.0     16.98   -999.0    1777  -999  -999.00   -999.00   -999.00     4    -1.8    1777     0   0   0   0    -999.000  -999.000
0043   21.40   797.6     17.01     90.9    1771  -999  -999.00   -999.00   -999.00     4    -1.9    1771     0   0   0   0    -999.000  -999.000
0044   21.90   798.2     17.03     90.9    1764  -999  -999.00   -999.00   -999.00     4    -1.9    1764     0   0   0   0    -999.000  -999.000
0045   22.40   798.8     17.06     90.9    1758  -999  -999.00   -999.00   -999.00     4    -1.9    1758     0   0   0   0    -999.000  -999.000
0046   22.90   799.4     17.08     90.9    1751  -999  -999.00   -999.00   -999.00     4    -1.9    1751     0   0   0   0    -999.000  -999.000
0047   23.40   800.0     17.11     90.9    1745  -999  -999.00   -999.00   -999.00  -999    -1.9    1745     0   0   0   0    -999.000  -999.000
0048   23.90   800.6     17.14     90.9    1738  -999  -999.00   -999.00   -999.00     4    -1.9    1738     0   0   0   0    -999.000  -999.000
0049   24.40   801.2     17.17     90.9    1732  -999  -999.00   -999.00   -999.00     4    -1.9    1732     0   0   0   0    -999.000  -999.000
0050   24.90   801.8     17.21     90.9    1726  -999  -999.00   -999.00   -999.00     4    -1.9    1726     0   0   0   0    -999.000  -999.000
0051   25.40   802.4     17.24     90.8    1719  -999  -999.00   -999.00   -999.00     4    -1.9    1719     0   0   0   0    -999.000  -999.000
0052   25.90   803.0     17.27     90.8    1713  -999  -999.00   -999.00   -999.00     4    -1.9    1713     0   0   0   0    -999.000  -999.000
0053   26.40   803.6     17.31     90.8    1707  -999  -999.00   -999.00   -999.00     4    -1.8    1707     0   0   0   0    -999.000  -999.000
0054   26.90   804.2     17.34     90.8    1700  -999  -999.00   -999.00   -999.00     4    -1.8    1700     0   0   0   0    -999.000  -999.000
0055   27.40   804.8     17.38     90.8    1694  -999  -999.00   -999.00   -999.00     4    -1.8    1694     0   0   0   0    -999.000  -999.000
0056   27.90   805.4     17.41     90.8    1687  -999  -999.00   -999.00   -999.00     4    -1.8    1687     0   0   0   0    -999.000  -999.000
0057   28.40   806.0     17.45     90.8    1681  -999  -999.00   -999.00   -999.00     4    -1.7    1681     0   0   0   0    -999.000  -999.000
0058   28.90   806.6     17.48     90.8    1675  -999  -999.00   -999.00   -999.00  -999    -1.7    1675     0   0   0   0    -999.000  -999.000
0059   29.40   807.2     17.51     90.8    1669  -999  -999.00   -999.00   -999.00     4    -1.7    1669     0   0   0   0    -999.000  -999.000
0060   29.90   807.7     17.54     90.8    1662  -999  -999.00   -999.00   -999.00     4    -1.7    1662     0   0   0   0    -999.000  -999.000
0061   30.40   808.3     17.57     90.9    1656  -999  -999.00   -999.00   -999.00     4    -1.7    1656     0   0   0   0    -999.000  -999.000
0062   30.90   808.9     17.60     90.9    1650  -999  -999.00   -999.00   -999.00     4    -1.8    1650     0   0   0   0    -999.000  -999.000
0063   31.40   809.5     17.63     91.0    1643  -999  -999.00   -999.00   -999.00     4    -1.8    1643     0   0   0   0    -999.000  -999.000
0064   31.90   810.1     17.66     91.1    1637  -999  -999.00   -999.00   -999.00  -999    -1.8    1637     0   0   0   0    -999.000  -999.000
0065   32.40   810.7     17.69     91.2    1631  -999  -999.00   -999.00   -999.00     4    -1.8    1631     0   0   0   0    -999.000  -999.000
0066   32.90   811.3     17.72     91.3    1624  -999  -999.00   -999.00   -999.00     4    -1.9    1624     0   0   0   0    -999.000  -999.000
0067   33.40   811.9     17.75     91.4    1618  -999  -999.00   -999.00   -999.00     4    -1.9    1618     0   0   0   0    -999.000  -999.000
0068   33.90   812.5     17.77     91.4    1612  -999  -999.00   -999.00   -999.00     4    -1.9    1612     0   0   0   0    -999.000  -999.000
0069   34.40   813.1     17.80     91.5    1605  -999  -999.00   -999.00   -999.00     4    -1.9    1605     0   0   0   0    -999.000  -999.000
0070   34.90   813.7     17.83     91.5    1599  -999  -999.00   -999.00   -999.00     4    -1.9    1599     0   0   0   0    -999.000  -999.000
0071   35.40   814.3     17.85     91.5    1593  -999  -999.00   -999.00   -999.00     4    -1.9    1593     0   0   0   0    -999.000  -999.000
0072   35.90   814.9     17.88     91.5    1586  -999  -999.00   -999.00   -999.00  -999    -1.9    1586     0   0   0   0    -999.000  -999.000
0073   36.40   815.5     17.90     91.6    1580  -999  -999.00   -999.00   -999.00     4    -1.9    1580     0   0   0   0    -999.000  -999.000
0074   36.90   816.1     17.93     91.6    1574  -999  -999.00   -999.00   -999.00     4    -1.9    1574     0   0   0   0    -999.000  -999.000
0075   37.40   816.7     17.95     91.6    1567  -999  -999.00   -999.00   -999.00  -999    -1.9    1567     0   0   0   0    -999.000  -999.000
0076   37.90   817.3     17.97     91.7    1561  -999  -999.00   -999.00   -999.00     4    -1.9    1561     0   0   0   0    -999.000  -999.000
0077   38.40   817.9     17.99     91.7    1555  -999  -999.00   -999.00   -999.00     4    -1.9    1555     0   0   0   0    -999.000  -999.000
0078   38.90   818.6     18.01     91.8    1548  -999  -999.00   -999.00   -999.00     4    -1.9    1548     0   0   0   0    -999.000  -999.000
0079   39.40   819.2     18.02     91.9    1542  -999  -999.00   -999.00   -999.00     4    -1.9    1542     0   0   0   0    -999.000  -999.000
0080   39.90   819.8     18.04     92.0    1535  -999  -999.00   -999.00   -999.00     4    -2.0    1535     0   0   0   0    -999.000  -999.000
0081   40.40   820.4     18.05     92.1    1529  -999  -999.00   -999.00   -999.00     4    -2.0    1529     0   0   0   0    -999.000  -999.000
0082   40.90   821.0     18.07     92.2    1523  -999  -999.00   -999.00   -999.00     4    -2.0    1523     0   0   0   0    -999.000  -999.000
0083   41.40   821.6     18.09     92.2    1516  -999  -999.00   -999.00   -999.00     4    -2.0    1516     0   0   0   0    -999.000  -999.000
0084   41.90   822.2     18.10     92.2    1510  -999  -999.00   -999.00   -999.00  -999    -2.0    1510     0   0   0   0    -999.000  -999.000
0085   42.40   822.8     18.12     92.2    1503  -999  -999.00   -999.00   -999.00     4    -2.0    1503     0   0   0   0    -999.000  -999.000
0086   42.90   823.4     18.14     92.2    1497  -999  -999.00   -999.00   -999.00     4    -1.9    1497     0   0   0   0    -999.000  -999.000
0087   43.40   824.0     18.16     92.2    1491  -999  -999.00   -999.00   -999.00     4    -1.9    1491     0   0   0   0    -999.000  -999.000
0088   43.90   824.6     18.19     92.2    1484  -999  -999.00   -999.00   -999.00     4    -1.9    1484     0   0   0   0    -999.000  -999.000
0089   44.40   825.3     18.21     92.2    1478  -999  -999.00   -999.00   -999.00     4    -1.9    1478     0   0   0   0    -999.000  -999.000
0090   44.90   825.9     18.24     92.2    1472  -999  -999.00   -999.00   -999.00     4    -1.9    1472     0   0   0   0    -999.000  -999.000
0091   45.40   826.5     18.26     92.2    1465  -999  -999.00   -999.00   -999.00     4    -1.9    1465     0   0   0   0    -999.000  -999.000
0092   45.90   827.1     18.29     92.1    1459  -999  -999.00   -999.00   -999.00     4    -1.9    1459     0   0   0   0    -999.000  -999.000
0093   46.40   827.7     18.32     92.1    1453  -999  -999.00   -999.00   -999.00  -999    -1.9    1453     0   0   0   0    -999.000  -999.000
0094   46.90   828.3     18.35     92.1    1447  -999  -999.00   -999.00   -999.00     4    -1.9    1447     0   0   0   0    -999.000  -999.000
0095   47.40   828.9     18.39     92.1    1440  -999  -999.00   -999.00   -999.00     4    -1.9    1440     0   0   0   0    -999.000  -999.000
0096   47.90   829.5     18.42     92.1    1434  -999  -999.00   -999.00   -999.00     4    -2.0    1434     0   0   0   0    -999.000  -999.000
0097   48.40   830.1     18.45     92.0    1428  -999  -999.00   -999.00   -999.00     4    -2.0    1428     0   0   0   0    -999.000  -999.000
0098   48.90   830.7     18.49     92.0    1421  -999  -999.00   -999.00   -999.00     4    -2.0    1421     0   0   0   0    -999.000  -999.000
0099   49.40   831.3     18.52     92.0    1415  -999  -999.00   -999.00   -999.00     4    -2.0    1415     0   0   0   0    -999.000  -999.000
0100   49.90   832.0     18.55     92.1    1408    55    37.25    -30.66    -21.16     6    -2.0    1408     0   0   0   0      27.540   -71.465
0101   50.40   832.6     18.57     92.1    1402    55    37.25    -30.68    -21.12     6    -2.0    1402     0   0   0   0      27.539   -71.465
0102   50.90   833.2     18.60     92.2    1396    56    37.25    -30.70    -21.09     6    -2.0    1396     0   0   0   0      27.539   -71.465
0103   51.40   833.8     18.62     92.3    1389    56    37.25    -30.73    -21.05     6    -2.0    1389     0   0   0   0      27.539   -71.465
0104   51.90   834.4     18.64     92.3    1383    56    37.25    -30.76    -21.01     6    -1.9    1383     0   0   0   0      27.539   -71.465
0105   52.40   835.0     18.66     92.4    1376    56    37.26    -30.80    -20.96     6    -1.9    1376     0   0   0   0      27.539   -71.465
0106   52.90   835.6     18.68     92.5    1370    56    37.26    -30.85    -20.89     6    -1.9    1370     0   0   0   0      27.539   -71.465
0107   53.40   836.3     18.70     92.6    1364    56    37.26    -30.90    -20.81     6    -1.8    1364     0   0   0   0      27.539   -71.466
0108   53.90   836.9     18.72     92.7    1358    56    37.25    -30.96    -20.72     6    -1.8    1358     0   0   0   0      27.539   -71.466
0109   54.40   837.5     18.74     92.7    1352    56    37.24    -31.01    -20.62     6    -1.8    1352     0   0   0   0      27.539   -71.466
0110   54.90   838.1     18.76     92.8    1345    57    37.22    -31.05    -20.52     6    -1.8    1345     0   0   0   0      27.539   -71.466
0111   55.40   838.7     18.78     92.8    1339    57    37.20    -31.09    -20.42     6    -1.8    1339     0   0   0   0      27.538   -71.466
0112   55.90   839.3     18.80     92.9    1333    57    37.19    -31.14    -20.33     6    -1.8    1333     0   0   0   0      27.538   -71.466
0113   56.40   839.9     18.81     93.0    1327  -999  -999.00   -999.00   -999.00  -999    -1.8    1327     0   0   0   0    -999.000  -999.000
0114   56.90   840.5     18.83     93.0    1320    57    37.18    -31.24    -20.16     6    -1.8    1320     0   0   0   0      27.538   -71.467
0115   57.40   841.1     18.85     93.1    1314    57    37.20    -31.31    -20.09     6    -1.8    1314     0   0   0   0      27.538   -71.467
0116   57.90   841.7     18.86     93.1    1308    57    37.23    -31.40    -20.02     6    -1.8    1308     0   0   0   0      27.538   -71.467
0117   58.40   842.3     18.88     93.2    1302    58    37.30    -31.50    -19.96     6    -1.8    1302     0   0   0   0      27.538   -71.467
0118   58.90   842.9     18.89     93.2    1295    58    37.37    -31.63    -19.91     6    -1.9    1295     0   0   0   0      27.538   -71.467
0119   59.40   843.5     18.91     93.3    1289    58    37.46    -31.76    -19.87     6    -1.9    1289     0   0   0   0      27.538   -71.468
0120   59.90   844.1     18.92     93.3    1283    58    37.55    -31.88    -19.83     6    -1.9    1283     0   0   0   0      27.538   -71.468
0121   60.40   844.8     18.94     93.3    1277  -999  -999.00   -999.00   -999.00  -999    -1.9    1277     0   0   0   0    -999.000  -999.000
0122   60.90   845.4     18.95     93.4    1270    58    37.72    -32.12    -19.77     6    -1.9    1270     0   0   0   0      27.537   -71.468
0123   61.40   846.0     18.97     93.4    1264    58    37.80    -32.23    -19.75     6    -1.9    1264     0   0   0   0      27.537   -71.468
0124   61.90   846.6     18.99     93.5    1258    59    37.89    -32.34    -19.74     6    -1.9    1258     0   0   0   0      27.537   -71.468
0125   62.40   847.2     19.00     93.5    1251  -999  -999.00   -999.00   -999.00  -999    -1.9    1251     0   0   0   0    -999.000  -999.000
0126   62.90   847.8     19.02     93.5    1245    59    38.07    -32.56    -19.73     6    -1.9    1245     0   0   0   0      27.537   -71.469
0127   63.40   848.5     19.04     93.6    1239  -999  -999.00   -999.00   -999.00     5    -1.9    1239     0   0   0   0    -999.000  -999.000
0128   63.90   849.1     19.05     93.6    1233    59    38.27    -32.80    -19.73     6    -1.9    1233     0   0   0   0      27.537   -71.469
0129   64.40   849.7     19.07     93.6    1226    59    38.39    -32.93    -19.73     6    -1.9    1226     0   0   0   0      27.537   -71.469
0130   64.90   850.3     19.09     93.7    1220    59    38.50    -33.05    -19.75     6    -1.9    1220     0   0   0   0      27.537   -71.469
0131   65.40   850.9     19.10     93.7    1214    59    38.61    -33.17    -19.77     6    -1.9    1214     0   0   0   0      27.537   -71.469
0132   65.90   851.5     19.11     93.7    1208    59    38.72    -33.27    -19.79     6    -1.9    1208     0   0   0   0      27.537   -71.470
0133   66.40   852.1     19.13     93.8    1202    59    38.81    -33.37    -19.83     6    -1.9    1202     0   0   0   0      27.537   -71.470
0134   66.90   852.8     19.15     93.8    1195    59    38.90    -33.44    -19.87     6    -1.9    1195     0   0   0   0      27.536   -71.470
0135   67.40   853.4     19.16     93.9    1189    59    38.97    -33.50    -19.91     6    -1.9    1189     0   0   0   0      27.536   -71.470
0136   67.90   854.0     19.18     93.9    1183  -999  -999.00   -999.00   -999.00  -999    -2.0    1183     0   0   0   0    -999.000  -999.000
0137   68.40   854.6     19.20     94.0    1176    59    39.08    -33.58    -20.00     6    -2.0    1176     0   0   0   0      27.536   -71.471
0138   68.90   855.2     19.22     94.0    1170    59    39.12    -33.60    -20.03     6    -2.0    1170     0   0   0   0      27.536   -71.471
0139   69.40   855.9     19.25     94.1    1164    59    39.14    -33.61    -20.05     6    -2.0    1164     0   0   0   0      27.536   -71.471
0140   69.90   856.5     19.27     94.1    1158  -999  -999.00   -999.00   -999.00  -999    -2.0    1158     0   0   0   0    -999.000  -999.000
0141   70.40   857.1     19.29     94.1    1151    59    39.18    -33.63    -20.09     6    -2.0    1151     0   0   0   0      27.536   -71.471
0142   70.90   857.7     19.32     94.2    1145    59    39.19    -33.65    -20.10     6    -1.9    1145     0   0   0   0      27.536   -71.471
0143   71.40   858.4     19.34     94.2    1139    59    39.21    -33.66    -20.12     6    -1.9    1139     0   0   0   0      27.536   -71.472
0144   71.90   859.0     19.37     94.2    1132    59    39.23    -33.67    -20.13     6    -1.9    1132     0   0   0   0      27.536   -71.472
0145   72.40   859.6     19.39     94.2    1126    59    39.25    -33.69    -20.14     6    -1.9    1126     0   0   0   0      27.535   -71.472
0146   72.90   860.2     19.41     94.2    1120    59    39.26    -33.70    -20.14     6    -1.9    1120     0   0   0   0      27.535   -71.472
0147   73.40   860.8     19.44     94.2    1114  -999  -999.00   -999.00   -999.00  -999    -2.0    1114     0   0   0   0    -999.000  -999.000
0148   73.90   861.5     19.46     94.2    1108    59    39.29    -33.74    -20.14     6    -2.0    1108     0   0   0   0      27.535   -71.472
0149   74.40   862.1     19.48     94.2    1101    59    39.31    -33.76    -20.14     6    -2.0    1101     0   0   0   0      27.535   -71.473
0150   74.90   862.7     19.51     94.2    1095    59    39.33    -33.80    -20.12     6    -2.1    1095     0   0   0   0      27.535   -71.473
0151   75.40   863.3     19.53     94.2    1089    59    39.36    -33.84    -20.10     6    -2.1    1089     0   0   0   0      27.535   -71.473
0152   75.90   864.0     19.55     94.2    1082    59    39.39    -33.89    -20.08     6    -2.1    1082     0   0   0   0      27.535   -71.473
0153   76.40   864.6     19.57     94.2    1076    59    39.43    -33.95    -20.05     6    -2.2    1076     0   0   0   0      27.535   -71.473
0154   76.90   865.2     19.59     94.3    1070    60    39.47    -34.01    -20.02     6    -2.2    1070     0   0   0   0      27.535   -71.473
0155   77.40   865.9     19.62     94.3    1063    60    39.52    -34.08    -20.00     6    -2.2    1063     0   0   0   0      27.535   -71.474
0156   77.90   866.5     19.64     94.3    1057    60    39.57    -34.15    -19.98     6    -2.2    1057     0   0   0   0      27.534   -71.474
0157   78.40   867.2     19.66     94.3    1050    60    39.62    -34.22    -19.97     6    -2.1    1050     0   0   0   0      27.534   -71.474
0158   78.90   867.8     19.69     94.3    1044    60    39.69    -34.30    -19.97     6    -2.1    1044     0   0   0   0      27.534   -71.474
0159   79.40   868.4     19.71     94.3    1038    60    39.76    -34.39    -19.97     6    -2.0    1038     0   0   0   0      27.534   -71.474
0160   79.90   869.1     19.73     94.4    1032  -999  -999.00   -999.00   -999.00  -999    -2.0    1032     0   0   0   0    -999.000  -999.000
0161   80.40   869.7     19.75     94.4    1025    60    39.96    -34.62    -19.96     6    -1.9    1025     0   0   0   0      27.534   -71.475
0162   80.90   870.3     19.77     94.5    1019    60    40.08    -34.75    -19.97     6    -1.9    1019     0   0   0   0      27.534   -71.475
0163   81.40   870.9     19.78     94.5    1013    60    40.21    -34.89    -19.98     6    -1.8    1013     0   0   0   0      27.534   -71.475
0164   81.90   871.5     19.80     94.6    1007    60    40.34    -35.03    -20.01     6    -1.8    1007     0   0   0   0      27.534   -71.475
0165   82.40   872.1     19.82     94.6    1001    60    40.47    -35.16    -20.04     6    -1.7    1001     0   0   0   0      27.534   -71.475
0166   82.90   872.8     19.84     94.7     995    60    40.59    -35.27    -20.09     6    -1.7     995     0   0   0   0      27.534   -71.476
0167   83.40   873.4     19.86     94.7     989    60    40.69    -35.35    -20.15     6    -1.7     989     0   0   0   0      27.533   -71.476
0168   83.90   874.0     19.88     94.8     983    60    40.78    -35.41    -20.23     6    -1.7     983     0   0   0   0      27.533   -71.476
0169   84.40   874.6     19.90     94.8     977    60    40.85    -35.45    -20.31     6    -1.6     977     0   0   0   0      27.533   -71.476
0170   84.90   875.2     19.92     94.9     970    60    40.92    -35.47    -20.40     6    -1.6     970     0   0   0   0      27.533   -71.476
0171   85.40   875.8     19.94     94.9     964  -999  -999.00   -999.00   -999.00  -999    -1.6     964     0   0   0   0    -999.000  -999.000
0172   85.90   876.4     19.96     94.9     958    60    41.03    -35.49    -20.58     6    -1.6     958     0   0   0   0      27.533   -71.477
0173   86.40   877.0     19.98     95.0     952    60    41.07    -35.50    -20.67     6    -1.6     952     0   0   0   0      27.533   -71.477
0174   86.90   877.7     20.01     95.0     946    60    41.12    -35.50    -20.74     6    -1.6     946     0   0   0   0      27.533   -71.477
0175   87.40   878.3     20.03     95.1     940    60    41.16    -35.51    -20.81     6    -1.6     940     0   0   0   0      27.533   -71.477
0176   87.90   878.9     20.06     95.1     934    60    41.21    -35.53    -20.88     6    -1.5     934     0   0   0   0      27.533   -71.477
0177   88.40   879.5     20.08     95.2     928    59    41.26    -35.55    -20.94     6    -1.5     928     0   0   0   0      27.533   -71.478
0178   88.90   880.1     20.11     95.2     922    59    41.32    -35.58    -21.01     6    -1.5     922     0   0   0   0      27.532   -71.478
0179   89.40   880.7     20.14     95.2     916    59    41.37    -35.61    -21.07     6    -1.5     916     0   0   0   0      27.532   -71.478
0180   89.90   881.3     20.17     95.3     910    59    41.42    -35.64    -21.11     6    -1.5     910     0   0   0   0      27.532   -71.478
0181   90.40   881.9     20.19     95.3     904    59    41.45    -35.66    -21.12     6    -1.5     904     0   0   0   0      27.532   -71.478
0182   90.90   882.5     20.22     95.3     898    59    41.47    -35.69    -21.12     6    -1.5     898     0   0   0   0      27.532   -71.478
0183   91.40   883.1     20.24     95.4     892    59    41.47    -35.71    -21.09     6    -1.5     892     0   0   0   0      27.532   -71.479
0184   91.90   883.7     20.27     95.4     887    60    41.47    -35.74    -21.05     6    -1.5     887     0   0   0   0      27.532   -71.479
0185   92.40   884.3     20.29     95.4     881  -999  -999.00   -999.00   -999.00  -999    -1.5     881     0   0   0   0    -999.000  -999.000
0186   92.90   885.0     20.31     95.4     875    60    41.46    -35.80    -20.92     6    -1.5     875     0   0   0   0      27.532   -71.479
0187   93.40   885.6     20.33     95.4     869    60    41.45    -35.83    -20.85     6    -1.5     869     0   0   0   0      27.532   -71.479
0188   93.90   886.2     20.34     95.5     863  -999  -999.00   -999.00   -999.00     5    -1.5     863     0   0   0   0    -999.000  -999.000
0189   94.40   886.8     20.36     95.5     857    60    41.47    -35.88    -20.79     6    -1.4     857     0   0   0   0      27.531   -71.480
0190   94.90   887.4     20.38     95.5     851    60    41.49    -35.90    -20.81     6    -1.4     851     0   0   0   0      27.531   -71.480
0191   95.40   888.0     20.39     95.5     845    60    41.53    -35.90    -20.87     6    -1.3     845     0   0   0   0      27.531   -71.480
0192   95.90   888.6     20.41     95.5     839    60    41.58    -35.90    -20.97     6    -1.3     839     0   0   0   0      27.531   -71.480
0193   96.40   889.2     20.42     95.5     833  -999  -999.00   -999.00   -999.00  -999    -1.2     833     0   0   0   0    -999.000  -999.000
0194   96.90   889.8     20.44     95.6     827    59    41.70    -35.88    -21.26     6    -1.1     827     0   0   0   0      27.531   -71.481
0195   97.40   890.4     20.45     95.6     822    59    41.78    -35.86    -21.44     6    -1.1     822     0   0   0   0      27.531   -71.481
0196   97.90   890.9     20.46     95.6     816    59    41.85    -35.83    -21.62     6    -1.0     816     0   0   0   0      27.531   -71.481
0197   98.40   891.5     20.47     95.6     810    59    41.93    -35.81    -21.81     6    -1.0     810     0   0   0   0      27.531   -71.481
0198   98.90   892.1     20.48     95.6     804    58    42.00    -35.78    -21.99     6    -1.0     804     0   0   0   0      27.531   -71.481
0199   99.40   892.7     20.49     95.6     799    58    42.07    -35.75    -22.17     6    -1.0     799     0   0   0   0      27.530   -71.482
0200   99.90   893.3     20.50     95.7     793    58    42.13    -35.72    -22.35     6    -1.0     793     0   0   0   0      27.530   -71.482
0201  100.40   893.9     20.52     95.7     787    58    42.20    -35.68    -22.53     6    -0.9     787     0   0   0   0      27.530   -71.482
0202  100.90   894.5     20.53     95.7     782    57    42.25    -35.62    -22.73     6    -1.0     782     0   0   0   0      27.530   -71.482
0203  101.40   895.0     20.55     95.7     776    57    42.31    -35.55    -22.94     6    -1.0     776     0   0   0   0      27.530   -71.482
0204  101.90   895.6     20.56     95.8     771    57    42.38    -35.48    -23.18     6    -1.0     771     0   0   0   0      27.530   -71.482
0205  102.40   896.2     20.58     95.8     765    56    42.46    -35.40    -23.45     6    -1.0     765     0   0   0   0      27.530   -71.483
0206  102.90   896.8     20.61     95.8     759    56    42.56    -35.32    -23.74     6    -1.1     759     0   0   0   0      27.530   -71.483
0207  103.40   897.4     20.63     95.9     753  -999  -999.00   -999.00   -999.00  -999    -1.1     753     0   0   0   0    -999.000  -999.000
0208  103.90   898.0     20.65     95.9     748  -999  -999.00   -999.00   -999.00  -999    -1.2     748     0   0   0   0    -999.000  -999.000
0209  104.40   898.6     20.68     95.9     742    55    42.86    -35.07    -24.64     6    -1.2     742     0   0   0   0      27.529   -71.483
0210  104.90   899.2     20.71     96.0     736    55    42.93    -34.97    -24.89     6    -1.3     736     0   0   0   0      27.529   -71.484
0211  105.40   899.8     20.73     96.0     730    54    42.97    -34.87    -25.11     6    -1.4     730     0   0   0   0      27.529   -71.484
0212  105.90   900.4     20.75     96.0     724  -999  -999.00   -999.00   -999.00  -999    -1.4     724     0   0   0   0    -999.000  -999.000
0213  106.40   901.0     20.78     96.1     718    54    43.00    -34.69    -25.41     6    -1.4     718     0   0   0   0      27.529   -71.484
0214  106.90   901.6     20.80     96.1     712    54    43.01    -34.63    -25.51     6    -1.5     712     0   0   0   0      27.529   -71.484
0215  107.40   902.2     20.83     96.1     707    54    43.03    -34.60    -25.58     6    -1.5     707     0   0   0   0      27.529   -71.484
0216  107.90   902.8     20.85     96.2     701    53    43.07    -34.61    -25.64     6    -1.6     701     0   0   0   0      27.529   -71.485
0217  108.40   903.5     20.88     96.2     695  -999  -999.00   -999.00   -999.00     5    -1.6     695     0   0   0   0    -999.000  -999.000
0218  108.90   904.1     20.90     96.2     689  -999  -999.00   -999.00   -999.00     5    -1.7     689     0   0   0   0    -999.000  -999.000
0219  109.40   904.7     20.92     96.3     683  -999  -999.00   -999.00   -999.00     5    -1.7     683     0   0   0   0    -999.000  -999.000
0220  109.90   905.3     20.94     96.3     677  -999  -999.00   -999.00   -999.00     5    -1.8     677     0   0   0   0    -999.000  -999.000
0221  110.40   906.0     20.96     96.3     671  -999  -999.00   -999.00   -999.00     5    -1.8     671     0   0   0   0    -999.000  -999.000
0222  110.90   906.6     20.98     96.3     665  -999  -999.00   -999.00   -999.00     5    -1.8     665     0   0   0   0    -999.000  -999.000
0223  111.40   907.2     21.00     96.3     658  -999  -999.00   -999.00   -999.00     5    -1.9     658     0   0   0   0    -999.000  -999.000
0224  111.90   907.9     21.02     96.3     652  -999  -999.00   -999.00   -999.00     5    -1.9     652     0   0   0   0    -999.000  -999.000
0225  112.40   908.5     21.04     96.4     646  -999  -999.00   -999.00   -999.00     5    -1.9     646     0   0   0   0    -999.000  -999.000
0226  112.90   909.1     21.06     96.4     640    55    44.74    -36.50    -25.88     6    -1.9     640     0   0   0   0      27.527   -71.486
0227  113.40   909.8     21.08     96.4     634    55    44.95    -36.73    -25.91     6    -1.9     634     0   0   0   0      27.527   -71.487
0228  113.90   910.4     21.11     96.4     628    55    45.15    -36.95    -25.94     6    -1.9     628     0   0   0   0      27.527   -71.487
0229  114.40   911.1     21.14     96.4     622    55    45.34    -37.15    -25.99     6    -1.9     622     0   0   0   0      27.527   -71.487
0230  114.90   911.7     21.16     96.4     616    55    45.51    -37.31    -26.06     6    -1.8     616     0   0   0   0      27.527   -71.487
0231  115.40   912.3     21.19     96.4     610    55    45.67    -37.44    -26.15     6    -1.8     610     0   0   0   0      27.527   -71.487
0232  115.90   913.0     21.22     96.3     604    55    45.81    -37.53    -26.27     6    -1.7     604     0   0   0   0      27.527   -71.487
0233  116.40   913.6     21.24     96.3     598    55    45.91    -37.57    -26.39     6    -1.7     598     0   0   0   0      27.527   -71.488
0234  116.90   914.2     21.26     96.3     592  -999  -999.00   -999.00   -999.00     5    -1.7     592     0   0   0   0    -999.000  -999.000
0235  117.40   914.8     21.29     96.2     586    55    46.01    -37.49    -26.67     6    -1.6     586     0   0   0   0      27.526   -71.488
0236  117.90   915.5     21.31     96.2     580    54    46.00    -37.38    -26.81     6    -1.6     580     0   0   0   0      27.526   -71.488
0237  118.40   916.1     21.34     96.1     574    54    45.96    -37.23    -26.95     6    -1.5     574     0   0   0   0      27.526   -71.488
0238  118.90   916.7     21.36     96.0     568    54    45.88    -37.04    -27.07     7    -1.4     568     0   0   0   0      27.526   -71.489
0239  119.40   917.3     21.39     96.0     562    54    45.77    -36.84    -27.17     7    -1.4     562     0   0   0   0      27.526   -71.489
0240  119.90   917.9     21.41     95.9     556    53    45.66    -36.62    -27.27     7    -1.3     556     0   0   0   0      27.526   -71.489
0241  120.40   918.5     21.44     95.8     551    53    45.55    -36.42    -27.35     7    -1.3     551     0   0   0   0      27.526   -71.489
0242  120.90   919.2     21.47     95.8     545    53    45.45    -36.25    -27.41     7    -1.2     545     0   0   0   0      27.526   -71.489
0243  121.40   919.8     21.49     95.7     539    53    45.36    -36.10    -27.47     7    -1.2     539     0   0   0   0      27.525   -71.490
0244  121.90   920.4     21.52     95.6     533    53    45.30    -35.99    -27.52     7    -1.2     533     0   0   0   0      27.525   -71.490
0245  122.40   921.0     21.55     95.5     528    52    45.27    -35.91    -27.56     7    -1.2     528     0   0   0   0      27.525   -71.490
0246  122.90   921.6     21.57     95.5     522    52    45.26    -35.87    -27.60     7    -1.2     522     0   0   0   0      27.525   -71.490
0247  123.40   922.2     21.60     95.4     516    52    45.27    -35.86    -27.63     7    -1.3     516     0   0   0   0      27.525   -71.490
0248  123.90   922.8     21.63     95.3     511    52    45.30    -35.88    -27.66     7    -1.4     511     0   0   0   0      27.525   -71.490
0249  124.40   923.4     21.67     95.2     505    52    45.34    -35.91    -27.68     7    -1.5     505     0   0   0   0      27.525   -71.491
0250  124.90   924.0     21.70     95.1     499    52    45.39    -35.96    -27.70     7    -1.6     499     0   0   0   0      27.525   -71.491
0251  125.40   924.6     21.73     95.0     493    52    45.43    -35.99    -27.71     7    -1.7     493     0   0   0   0      27.524   -71.491
0252  125.90   925.3     21.77     94.9     487    52    45.44    -36.01    -27.72     7    -1.8     487     0   0   0   0      27.524   -71.491
0253  126.40   925.9     21.80     94.8     481    52    45.44    -36.00    -27.73     7    -1.9     481     0   0   0   0      27.524   -71.491
0254  126.90   926.6     21.84     94.7     475    52    45.44    -35.99    -27.74     7    -2.0     475     0   0   0   0      27.524   -71.492
0255  127.40   927.2     21.88     94.5     469    52    45.43    -35.97    -27.75     6    -2.1     469     0   0   0   0      27.524   -71.492
0256  127.90   927.9     21.92     94.4     462    52    45.43    -35.96    -27.77     7    -2.2     462     0   0   0   0      27.524   -71.492
0257  128.40   928.5     21.96     94.2     456    52    45.45    -35.96    -27.80     7    -2.3     456     0   0   0   0      27.524   -71.492
0258  128.90   929.2     22.00     94.0     450    52    45.48    -35.97    -27.84     7    -2.4     450     0   0   0   0      27.523   -71.492
0259  129.40   929.9     22.05     93.9     444    52    45.54    -35.99    -27.90     7    -2.4     444     0   0   0   0      27.523   -71.492
0260  129.90   930.6     22.09     93.8     437    52    45.61    -36.03    -27.97     7    -2.4     437     0   0   0   0      27.523   -71.493
0261  130.40   931.2     22.13     93.7     431    52    45.70    -36.07    -28.06     7    -2.4     431     0   0   0   0      27.523   -71.493
0262  130.90   931.9     22.16     93.6     425    52    45.80    -36.11    -28.18     7    -2.4     425     0   0   0   0      27.523   -71.493
0263  131.40   932.6     22.20     93.6     418    52    45.91    -36.14    -28.31     7    -2.4     418     0   0   0   0      27.523   -71.493
0264  131.90   933.3     22.23     93.6     412    52    46.02    -36.16    -28.46     7    -2.3     412     0   0   0   0      27.523   -71.493
0265  132.40   933.9     22.25     93.6     406    52    46.13    -36.18    -28.62     7    -2.2     406     0   0   0   0      27.523   -71.494
0266  132.90   934.6     22.27     93.6     400    52    46.26    -36.21    -28.79     7    -2.2     400     0   0   0   0      27.522   -71.494
0267  133.40   935.2     22.29     93.6     393    51    46.40    -36.24    -28.97     7    -2.1     393     0   0   0   0      27.522   -71.494
0268  133.90   935.9     22.31     93.7     387    51    46.55    -36.29    -29.16     7    -2.1     387     0   0   0   0      27.522   -71.494
0269  134.40   936.6     22.32     93.8     381    51    46.72    -36.35    -29.35     7    -2.0     381     0   0   0   0      27.522   -71.494
0270  134.90   937.2     22.34     93.8     375    51    46.90    -36.42    -29.55     8    -2.0     375     0   0   0   0      27.522   -71.495
0271  135.40   937.9     22.35     93.9     369    51    47.10    -36.50    -29.76     8    -2.0     369     0   0   0   0      27.522   -71.495
0272  135.90   938.5     22.36     94.1     363    51    47.31    -36.60    -29.97     8    -2.0     363     0   0   0   0      27.522   -71.495
0273  136.40   939.2     22.37     94.2     357    51    47.52    -36.70    -30.19     8    -2.0     357     0   0   0   0      27.522   -71.495
0274  136.90   939.8     22.39     94.3     351    50    47.73    -36.80    -30.41     8    -2.0     351     0   0   0   0      27.521   -71.495
0275  137.40   940.5     22.40     94.4     345    50    47.93    -36.89    -30.60     8    -2.1     345     0   0   0   0      27.521   -71.495
0276  137.90   941.1     22.41     94.5     339    50    48.08    -36.96    -30.76     8    -2.2     339     0   0   0   0      27.521   -71.496
0277  138.40   941.8     22.43     94.5     333    50    48.18    -37.01    -30.84     8    -2.3     333     0   0   0   0      27.521   -71.496
0278  138.90   942.4     22.45     94.5     326    50    48.20    -37.03    -30.86     7    -2.4     326     0   0   0   0      27.521   -71.496
0279  139.40   943.1     22.48     94.4     320    50    48.15    -37.00    -30.80     8    -2.6     320     0   0   0   0      27.521   -71.496
0280  139.90   943.8     22.51     94.4     314    50    48.02    -36.94    -30.68     8    -2.7     314     0   0   0   0      27.521   -71.496
0281  140.40   944.5     22.54     94.3     307    50    47.82    -36.83    -30.50     8    -2.9     307     0   0   0   0      27.520   -71.497
0282  140.90   945.2     22.58     94.2     301    50    47.58    -36.69    -30.29     7    -3.0     301     0   0   0   0      27.520   -71.497
0283  141.40   945.9     22.62     94.0     294    51    47.33    -36.55    -30.08     8    -3.1     294     0   0   0   0      27.520   -71.497
0284  141.90   946.7     22.67     93.8     287    51    47.11    -36.41    -29.90     8    -3.2     287     0   0   0   0      27.520   -71.497
0285  142.40   947.4     22.72     93.7     281    51    46.94    -36.29    -29.76     7    -3.3     281     0   0   0   0      27.520   -71.497
0286  142.90   948.1     22.76     93.5     274    51    46.80    -36.19    -29.67     7    -3.3     274     0   0   0   0      27.520   -71.498
0287  143.40   948.8     22.81     93.3     267    51    46.70    -36.10    -29.62     8    -3.4     267     0   0   0   0      27.520   -71.498
0288  143.90   949.6     22.86     93.2     260    51    46.63    -36.03    -29.61     8    -3.4     260     0   0   0   0      27.520   -71.498
0289  144.40   950.3     22.92     93.0     254    51    46.59    -35.95    -29.63     8    -3.4     254     0   0   0   0      27.519   -71.498
0290  144.90   951.1     22.97     92.9     247    50    46.55    -35.88    -29.67     8    -3.4     247     0   0   0   0      27.519   -71.498
0291  145.40   951.8     23.02     92.8     240    50    46.51    -35.78    -29.72     7    -3.4     240     0   0   0   0      27.519   -71.498
0292  145.90   952.5     23.06     92.8     233    50    46.47    -35.68    -29.77     8    -3.4     233     0   0   0   0      27.519   -71.499
0293  146.40   953.3     23.11     92.7     226    50    46.44    -35.57    -29.85     8    -3.4     226     0   0   0   0      27.519   -71.499
0294  146.90   954.0     23.16     92.7     220    50    46.44    -35.48    -29.96     8    -3.4     220     0   0   0   0      27.519   -71.499
0295  147.40   954.7     23.20     92.7     213    50    46.47    -35.41    -30.10     8    -3.5     213     0   0   0   0      27.519   -71.499
0296  147.90   955.5     23.25     92.8     206    49    46.55    -35.35    -30.28     8    -3.5     206     0   0   0   0      27.518   -71.499
0297  148.40   956.2     23.29     92.8     199    49    46.65    -35.31    -30.48     7    -3.6     199     0   0   0   0      27.518   -71.499
0298  148.90   956.9     23.34     92.7     193    49    46.76    -35.27    -30.70     6    -3.8     193     0   0   0   0      27.518   -71.500
0299  149.40   957.7     23.38     92.6     186    49    46.87    -35.23    -30.91     7    -4.0     186     0   0   0   0      27.518   -71.500
0300  149.90   958.4     23.43     92.5     179    48    46.95    -35.16    -31.11     6    -4.2     179     0   0   0   0      27.518   -71.500
0301  150.40   959.2     23.48     92.4     172  -999  -999.00   -999.00   -999.00     5    -4.4     172     0   0   0   0    -999.000  -999.000
0302  150.90   960.0     23.54     92.4     165  -999  -999.00   -999.00   -999.00     4    -4.6     165     0   0   0   0    -999.000  -999.000
0303  151.40   960.8     23.59     92.4     157  -999  -999.00   -999.00   -999.00     5    -4.8     157     0   0   0   0    -999.000  -999.000
0304  151.90   961.7     23.64     92.4     149  -999  -999.00   -999.00   -999.00     5    -4.8     149     0   0   0   0    -999.000  -999.000
0305  152.40   962.5     23.70     92.4     142  -999  -999.00   -999.00   -999.00     5    -4.9     142     0   0   0   0    -999.000  -999.000
0306  152.90   963.4     23.75     92.6     134  -999  -999.00   -999.00   -999.00     5    -4.8     134     0   0   0   0    -999.000  -999.000
0307  153.40   964.2     23.81     92.7     127  -999  -999.00   -999.00   -999.00     4    -4.6     127     0   0   0   0    -999.000  -999.000
0308  153.90   965.0     23.86     92.9     119  -999  -999.00   -999.00   -999.00     5    -4.4     119     0   0   0   0    -999.000  -999.000
0309  154.40   965.8     23.92     93.2     112  -999  -999.00   -999.00   -999.00     5    -4.1     112     0   0   0   0    -999.000  -999.000
0310  154.90   966.5     23.97     93.4     105  -999  -999.00   -999.00   -999.00     5    -3.8     105     0   0   0   0    -999.000  -999.000
0311  155.40   967.3     24.03     93.6      98  -999  -999.00   -999.00   -999.00     5    -3.5      98     0   0   0   0    -999.000  -999.000
0312  155.90   968.0     24.09     93.8      92    46    44.56    -31.83    -31.18     6    -3.1      92     0   0   0   0      27.516   -71.502
0313  156.40   968.7     24.15     93.9      85  -999  -999.00   -999.00   -999.00     5    -2.8      85     0   0   0   0    -999.000  -999.000
0314  156.90   969.4     24.21     94.0      79  -999  -999.00   -999.00   -999.00     5    -2.5      79     0   0   0   0    -999.000  -999.000
0315  157.40   970.1     24.28     94.1      73  -999  -999.00   -999.00   -999.00     5    -2.2      73     0   0   0   0    -999.000  -999.000
0316  157.90   970.8     24.35     94.1      67  -999  -999.00   -999.00   -999.00     5    -2.0      67     0   0   0   0    -999.000  -999.000
0317  158.40   971.4     24.42     94.1      61  -999  -999.00   -999.00   -999.00     5    -1.8      61     0   0   0   0    -999.000  -999.000
0318  158.90   972.1     24.49     94.0      55  -999  -999.00   -999.00   -999.00     4    -1.7      55     0   0   0   0    -999.000  -999.000
0319  159.40   972.7     24.57     93.8      49  -999  -999.00   -999.00   -999.00     5    -1.6      49     0   0   0   0    -999.000  -999.000
0320  159.90   973.3     24.64     93.7      44  -999  -999.00   -999.00   -999.00     5    -1.6      44     0   0   0   0    -999.000  -999.000
0321  160.40   973.9     24.72     93.5      38  -999  -999.00   -999.00   -999.00     5    -1.7      38     0   0   0   0    -999.000  -999.000
0322  160.90   974.5     24.79     93.4      33  -999  -999.00   -999.00   -999.00     5    -1.8      33     0   0   0   0    -999.000  -999.000
0323  161.40   975.2     24.87     93.3      27  -999  -999.00   -999.00   -999.00     5    -1.9      27     0   0   0   0    -999.000  -999.000
0324  161.90   975.9     24.95     93.2      20  -999  -999.00   -999.00   -999.00     5    -2.0      20     0   0   0   0    -999.000  -999.000
0325  162.40   976.6     25.02     93.1      14  -999  -999.00   -999.00   -999.00     4    -2.1      14     0   0   0   0    -999.000  -999.000
0326  162.90   977.4     25.10     93.0       7  -999  -999.00   -999.00   -999.00     4    -2.1       7     0   0   0   0    -999.000  -999.000
0327  163.44   978.1     25.10     93.0       0  -999  -999.00   -999.00   -999.00  -999  -999.0       0     0   0   0   0    -999.000  -999.000
