 ===========================================================================
 DROPWINDSONDE PROCESSING RECORD                            Sonde: 983340050
 PDS file written Oct 29, 1998.                             Format:    V3.14
 Aircraft: N43RF                             Date: 981027   Time: 224250 UTC
 ---------------------------------------------------------------------------
 Bias corrections:  PR =    .0 mb  TE =    .0 C  RH =    .0 %  PRB =   .0 mb
 Filters (LPF):     PTH =   5 s    WIND =   5 s       Hyd anchor =       SFC
 RH T-compensation =  Y     WSHR COR =      Y         Splash PR  =  956.4 mb
 Estimated PR used =  N     GPS VERR =    .98 m/s     HYD SFCP   =  951.3 mb
 Dyn T correction  =  Y     WGACORR  =   -6.0 m       AC GA ADJ  =     .0 m
 ---------------------------------------------------------------------------
 COMMENTS: NE wall.                                                    
 ===========================================================================

 ===========================================================================
 Date: 981027   Lat:  16.76 N   TA:   10.7 C   PS:  666.2 mb   WD:   148 deg
 Time: 224250   Lon:  85.45 W   TD: -999.0 C   GA:   3058 m    WS:  58.3 m/s
 SID:  983340050                RH: -999.0 %   Navaid:   GP          
 ===========================================================================

IX      t (s)  P (mb)    T (C)    RH (%)  Z (m)   WD    WS (m/s)   U (m/s)   V (m/s)  NS  WZ (m/s)  ZW (m)   FP  FT  FH  FW    LAT (N)   LON (E)
0001     -.6   666.9     10.76   -999.0    3102   149    58.33    -30.44     49.76  -999  -999.0    3096     3   4   0   3      16.764   -85.452
0002     -.1   667.6     10.84   -999.0    3094   148    58.46    -30.73     49.73  -999  -999.0    3088     3   4   0   3      16.764   -85.452
0003      .4   668.3     10.91   -999.0    3085   148    58.49    -30.80     49.72  -999  -999.0    3079     3   4   0   3      16.765   -85.452
0004      .9   669.0     10.98   -999.0    3077   148    58.52    -30.86     49.72  -999  -999.0    3071     3   4   0   3      16.765   -85.452
0005     1.4   669.6     11.06   -999.0    3068   148    58.54    -30.93     49.71  -999  -999.0    3062     3   4   0   3      16.765   -85.453
0006     1.9   670.3     11.13   -999.0    3059   148    58.57    -30.99     49.70  -999  -999.0    3053     3   4   0   3      16.765   -85.453
0007     2.4   671.0     11.20   -999.0    3051   148    58.60    -31.06     49.70  -999  -999.0    3045     3   4   0   3      16.766   -85.453
0008     2.9   671.7     11.27   -999.0    3042   148    58.63    -31.12     49.69  -999  -999.0    3036     3   4   0   3      16.766   -85.453
0009     3.4   672.4     11.34   -999.0    3034   148    58.66    -31.18     49.69  -999  -999.0    3028     3   4   0   3      16.766   -85.453
0010     3.9   673.1     11.41   -999.0    3025   148    58.69    -31.25     49.68  -999  -999.0    3019     3   4   0   3      16.766   -85.453
0011     4.4   673.8     11.48   -999.0    3016   148    58.72    -31.31     49.67  -999  -999.0    3010     3   4   0   3      16.766   -85.453
0012     4.9   674.5     11.55   -999.0    3008   148    58.75    -31.38     49.67  -999  -999.0    3002     3   4   0   3      16.767   -85.454
0013     5.4   675.1     11.62   -999.0    2999   148    58.78    -31.44     49.66  -999  -999.0    2993     3   4   0   3      16.767   -85.454
0014     5.9   675.8     11.69   -999.0    2991   148    58.81    -31.51     49.65  -999  -999.0    2985     3   4   0   3      16.767   -85.454
0015     6.4   676.5     11.77   -999.0    2982   148    58.84    -31.57     49.65  -999  -999.0    2976     3   4   0   3      16.767   -85.454
0016     6.9   677.2     11.84   -999.0    2974   147    58.87    -31.64     49.64  -999  -999.0    2968     3   4   0   3      16.768   -85.454
0017     7.4   677.9     11.90   -999.0    2965   147    58.90    -31.70     49.64  -999  -999.0    2959     3   4   0   3      16.768   -85.454
0018     7.9   678.6     11.97   -999.0    2957   147    58.93    -31.77     49.63  -999  -999.0    2951     3   4   0   3      16.768   -85.455
0019     8.4   679.3     12.04   -999.0    2948   147    58.96    -31.84     49.62  -999  -999.0    2942     3   4   0   3      16.768   -85.455
0020     8.9   680.0     12.11   -999.0    2940   147    58.99    -31.90     49.61  -999  -999.0    2934     3   4   0   3      16.769   -85.455
0021     9.4   680.7     12.18   -999.0    2931   147    59.01    -31.96     49.61  -999  -999.0    2925     3   4   0   3      16.769   -85.455
0022     9.9   681.3     12.25   -999.0    2923   147    59.04    -32.02     49.60  -999  -999.0    2917     3   4   0   3      16.769   -85.455
0023    10.4   682.0     12.31   -999.0    2914   147    59.07    -32.07     49.60  -999  -999.0    2908     3   4   0   3      16.769   -85.455
0024    10.9   682.7     12.38   -999.0    2906   147    59.10    -32.13     49.60  -999  -999.0    2900     3   4   0   3      16.769   -85.455
0025    11.4   683.4     12.44   -999.0    2897   147    59.14    -32.20     49.60  -999  -999.0    2891     3   4   0   3      16.770   -85.456
0026    11.9   684.1     12.51   -999.0    2889   147    59.17    -32.27     49.60  -999  -999.0    2883     3   4   0   3      16.770   -85.456
0027    12.4   684.8     12.58    100.0    2880   147    59.21    -32.36     49.58  -999  -999.0    2874     3   4   0   3      16.770   -85.456
0028    12.9   685.5     12.64    100.0    2872   147    59.24    -32.45     49.56  -999  -999.0    2866     3   4   0   3      16.770   -85.456
0029    13.4   686.2     12.70    100.0    2863   147    59.26    -32.56     49.52     4  -999.0    2857     3   4   0   0      16.771   -85.456
0030    13.9   686.8     12.76    100.0    2855   147    59.29    -32.69     49.47     4  -999.0    2849     3   4   0   3      16.771   -85.456
0031    14.4   687.5     12.81    100.0    2846   146    59.33    -32.82     49.42     4  -999.0    2840     3   4   0   3      16.771   -85.456
0032    14.9   688.2     12.85    100.0    2838   146    59.37    -32.97     49.37     4    -2.6    2832     0   4   0   3      16.771   -85.457
0033    15.4   688.9     12.89    100.0    2829   146    59.42    -33.12     49.34     4    -2.6    2823     0   0   0   3      16.771   -85.457
0034    15.9   689.7     12.92    100.0    2821   146    59.49    -33.28     49.31     5    -2.6    2815     0   0   0   3      16.772   -85.457
0035    16.4   690.4     12.95    100.0    2812   146    59.55    -33.43     49.29     5    -2.6    2806     0   0   0   3      16.772   -85.457
0036    16.9   691.1     12.97    100.0    2803   146    59.62    -33.58     49.27     5    -2.5    2797     0   0   0   3      16.772   -85.457
0037    17.4   691.8     13.00    100.0    2795   146    59.70    -33.72     49.26     5    -2.4    2789     0   0   0   3      16.772   -85.457
0038    17.9   692.5     13.02    100.0    2786   145    59.78    -33.86     49.26     5    -2.3    2780     0   0   0   0      16.773   -85.458
0039    18.4   693.1     13.05    100.0    2778   145    59.86    -34.00     49.27     5    -2.2    2772     0   0   0   0      16.773   -85.458
0040    18.9   693.8     13.07    100.0    2770   145    59.96    -34.14     49.29     5    -2.2    2764     0   0   0   0      16.773   -85.458
0041    19.4   694.5     13.10    100.0    2761   145    60.05    -34.27     49.31     5    -2.1    2755     0   0   0   0      16.773   -85.458
0042    19.9   695.2     13.13    100.0    2753   145    60.14    -34.42     49.32     5    -2.1    2747     0   0   0   0      16.773   -85.458
0043    20.4   695.9     13.16    100.0    2745   145    60.21    -34.58     49.30     5    -2.1    2739     3   3   3   0      16.774   -85.458
0044    20.9   696.5     13.19    100.0    2737   145    60.25    -34.75     49.22     5    -2.2    2731     0   0   0   0      16.774   -85.459
0045    21.4   697.2     13.23    100.0    2728   145    60.27    -34.95     49.09     5    -2.2    2722     0   0   0   0      16.774   -85.459
0046    21.9   697.9     13.26    100.0    2720   144    60.25    -35.18     48.91     5    -2.3    2714     0   0   0   0      16.774   -85.459
0047    22.4   698.6     13.29    100.0    2711   144    60.24    -35.43     48.72     5    -2.4    2705     0   0   0   0      16.775   -85.459
0048    22.9   699.3     13.33    100.0    2703   144    60.24    -35.69     48.53     5    -2.5    2697     3   3   3   0      16.775   -85.459
0049    23.4   700.0     13.36    100.0    2695   143    60.27    -35.94     48.38     5    -2.6    2689     0   0   0   0      16.775   -85.459
0050    23.9   700.7     13.40    100.0    2686   143    60.31    -36.13     48.29     5    -2.8    2680     3   3   3   0      16.775   -85.460
0051    24.4   701.4     13.43    100.0    2677   143    60.35    -36.24     48.25     5    -2.9    2671     0   0   0   0      16.775   -85.460
0052    24.9   702.2     13.46    100.0    2669   143    60.34    -36.26     48.23     5    -3.1    2663     3   3   3   0      16.776   -85.460
0053    25.4   702.9     13.49    100.0    2660   143    60.24    -36.17     48.17     5    -3.3    2654     0   0   0   0      16.776   -85.460
0054    25.9   703.6     13.52    100.0    2651   143    60.05    -36.03     48.04     5    -3.5    2645     0   0   0   0      16.776   -85.460
0055    26.4   704.4     13.55    100.0    2642   143    59.77    -35.88     47.80     5    -3.8    2636     0   0   0   0      16.776   -85.460
0056    26.9   705.1     13.59    100.0    2633   143    59.45    -35.80     47.46     5    -4.0    2627     0   0   0   0      16.776   -85.461
0057    27.4   705.9     13.63    100.0    2624   143    59.16    -35.86     47.05     5    -4.2    2617     0   0   0   0      16.777   -85.461
0058    27.9   706.7     13.67    100.0    2614   142    58.99    -36.09     46.66     4    -4.4    2608     0   0   0   0      16.777   -85.461
0059    28.4   707.5     13.72    100.0    2605   142    58.99    -36.48     46.35     5    -4.5    2599     0   0   0   0      16.777   -85.461
0060    28.9   708.3     13.76    100.0    2595   141    59.20    -36.98     46.22     5    -4.6    2589     0   0   0   0      16.777   -85.461
0061    29.4   709.1     13.80    100.0    2585   141    59.61    -37.50     46.33     4    -4.7    2579     3   3   3   0      16.778   -85.461
0062    29.9   709.9     13.84    100.0    2576   141    60.17    -37.94     46.70     5    -4.7    2570     0   0   0   0      16.778   -85.462
0063    30.4   710.7     13.88    100.0    2566   141    60.81    -38.22     47.30     5    -4.7    2560     0   0   0   0      16.778   -85.462
0064    30.9   711.5     13.91    100.0    2557   141    61.45    -38.30     48.06     5    -4.7    2551     0   0   0   0      16.778   -85.462
0065    31.4   712.3     13.93    100.0    2547   142    62.03    -38.18     48.89     5    -4.8    2541     0   0   0   0      16.778   -85.462
0066    31.9   713.1     13.96    100.0    2538   143    62.51    -37.92     49.70     5    -4.8    2532     0   0   0   0      16.779   -85.462
0067    32.4   713.9     13.98    100.0    2528   143    62.86    -37.59     50.38     5    -4.9    2522     0   0   0   0      16.779   -85.462
0068    32.9   714.7     14.01    100.0    2519   144    63.07    -37.29     50.87     5    -5.0    2513     0   0   0   0      16.779   -85.463
0069    33.4   715.5     14.04    100.0    2509   144    63.16    -37.06     51.14     4    -5.1    2503     0   0   0   0      16.779   -85.463
0070    33.9   716.4     14.07    100.0    2499   144    63.12    -36.94     51.18     5    -5.2    2493     0   0   0   0      16.780   -85.463
0071    34.4   717.2     14.11    100.0    2489   144    62.99    -36.94     51.02     5    -5.3    2483     0   0   0   0      16.780   -85.463
0072    34.9   718.0     14.15    100.0    2479   144    62.78    -37.04     50.69     4    -5.4    2473     0   0   0   0      16.780   -85.463
0073    35.4   718.9     14.19    100.0    2470   143    62.53    -37.25     50.22     5    -5.5    2463     0   0   0   0      16.780   -85.464
0074    35.9   719.7     14.22    100.0    2460   143    62.25    -37.54     49.66     5    -5.5    2454     0   0   0   0      16.780   -85.464
0075    36.4   720.5     14.24    100.0    2450   142    61.97    -37.91     49.03     5    -5.5    2444     3   3   3   0      16.781   -85.464
0076    36.9   721.4     14.25     99.9    2440   142    61.71    -38.34     48.35     5    -5.5    2434     0   0   0   0      16.781   -85.464
0077    37.4   722.2     14.26     99.9    2430   141    61.46    -38.80     47.66     5    -5.5    2424     0   0   0   0      16.781   -85.464
0078    37.9   723.1     14.25     99.9    2420   140    61.22    -39.24     46.99     5    -5.5    2414     0   0   0   0      16.781   -85.464
0079    38.4   723.9     14.24     99.9    2410   139    61.00    -39.62     46.38     5    -5.5    2404     0   0   0   0      16.782   -85.465
0080    38.9   724.7     14.23     99.9    2400   139    60.80    -39.91     45.87     5    -5.6    2394     0   0   0   0      16.782   -85.465
0081    39.4   725.6     14.23     99.9    2390   139    60.66    -40.14     45.49     5    -5.6    2384     0   0   0   0      16.782   -85.465
0082    39.9   726.4     14.24    100.0    2381   138    60.61    -40.32     45.25     5    -5.7    2375     0   0   0   0      16.782   -85.465
0083    40.4   727.3     14.25    100.0    2371   138    60.65    -40.52     45.12     5    -5.8    2365     0   0   0   0      16.782   -85.465
0084    40.9   728.2     14.28    100.0    2361   138    60.78    -40.78     45.07     5    -5.9    2354     0   0   0   0      16.783   -85.466
0085    41.4   729.0     14.30    100.0    2350   138    60.95    -41.10     45.01     5    -6.0    2344     0   0   0   0      16.783   -85.466
0086    41.9   729.9     14.32     99.9    2340   137    61.09    -41.47     44.86     5    -6.0    2334     0   0   0   0      16.783   -85.466
0087    42.4   730.8     14.34     99.9    2330   137    61.11    -41.80     44.58     5    -6.0    2324     0   0   0   0      16.783   -85.466
0088    42.9   731.6     14.34     99.8    2320   136    60.97    -42.06     44.15     5    -6.0    2314     0   0   0   3      16.783   -85.466
0089    43.4   732.5     14.34     99.8    2310   136    60.69    -42.22     43.60     5    -6.0    2304     0   0   0   3      16.784   -85.467
0090    43.9   733.4     14.33     99.7    2300   135    60.34    -42.32     43.01     5    -5.9    2294     0   0   0   0      16.784   -85.467
0091    44.4   734.3     14.32     99.7    2290   135    60.06    -42.48     42.46     5    -5.8    2284     0   0   0   0      16.784   -85.467
0092    44.9   735.1     14.29     99.7    2280   134    60.02    -42.85     42.03     5    -5.7    2274     0   0   0   0      16.784   -85.467
0093    45.4   736.0     14.27     99.7    2270   134    60.34    -43.54     41.78     5    -5.6    2264     0   0   0   0      16.784   -85.467
0094    45.9   736.8     14.24     99.7    2260   133    61.08    -44.60     41.73     5    -5.4    2254     0   0   0   0      16.785   -85.468
0095    46.4   737.7     14.21     99.8    2250   132    62.19    -45.98     41.88     5    -5.3    2244     0   0   0   3      16.785   -85.468
0096    46.9   738.5     14.18     99.9    2240   132    63.53    -47.48     42.20     4    -5.2    2234     0   0   0   0      16.785   -85.468
0097    47.4   739.4     14.15     99.9    2231   131    64.88    -48.88     42.66     4    -5.1    2225     0   0   0   0      16.785   -85.468
0098    47.9   740.2     14.13    100.0    2221   131    66.03    -49.91     43.22     4    -5.0    2215     0   0   0   0      16.785   -85.468
0099    48.4   741.0     14.12    100.0    2212   131    66.82    -50.43     43.84     4    -5.0    2206     0   0   0   0      16.785   -85.469
0100    48.9   741.8     14.12    100.0    2203   131    67.21    -50.40     44.46     4    -5.0    2197     0   0   0   0      16.786   -85.469
0101    49.4   742.7     14.14    100.0    2193   132    67.23    -49.93     45.01     4    -5.1    2187     0   0   0   0      16.786   -85.469
0102    49.9   743.5     14.18    100.0    2184   133    67.01    -49.27     45.41     4    -5.3    2178     0   0   0   0      16.786   -85.469
0103    50.4   744.4     14.22    100.0    2174   133    66.69    -48.70     45.56     4    -5.5    2168     0   0   0   0      16.786   -85.470
0104    50.9   745.2     14.27    100.0    2164   133    66.38    -48.43     45.39     4    -5.7    2158     0   0   0   0      16.787   -85.470
0105    51.4   746.1     14.32    100.0    2154   133    66.15    -48.61     44.86     4    -5.9    2148     0   0   0   0      16.787   -85.470
0106    51.9   747.0     14.37    100.0    2144   132    66.01    -49.19     44.02     4    -6.2    2138     0   0   0   0      16.787   -85.470
0107    52.4   747.9     14.43    100.0    2134   131    65.95    -50.02     42.99     4    -6.4    2128     0   0   0   0      16.787   -85.471
0108    52.9   748.8     14.49    100.0    2124   130    65.91    -50.85     41.93     4    -6.7    2118     0   0   0   3      16.787   -85.471
0109    53.4   749.7     14.55    100.0    2113   129    65.82    -51.44     41.06     4    -7.1    2107     0   0   0   0      16.787   -85.471
0110    53.9   750.6     14.62    100.0    2103   128    65.68    -51.66     40.55     4    -7.5    2097     0   0   0   0      16.788   -85.471
0111    54.4   751.6     14.70     99.9    2092   128    65.51    -51.49     40.50     4    -7.9    2086     0   0   0   0      16.788   -85.472
0112    54.9   752.5     14.77     99.8    2081   129    65.41    -51.05     40.89     4    -8.3    2075     0   0   0   3      16.788   -85.472
0113    55.4   753.5     14.85     99.6    2070   129    65.46    -50.55     41.58     4    -8.7    2064     0   0   0   3      16.788   -85.472
0114    55.9   754.6     14.93     99.4    2058   130    65.70    -50.19     42.40     4    -9.0    2052     0   0   0   0      16.788   -85.472
0115    56.4   755.6     15.02     99.2    2047   131    66.12    -50.12     43.13     4    -9.3    2040     0   0   0   0      16.789   -85.472
0116    56.9   756.7     15.10     98.9    2035   131    66.61    -50.35     43.61     4    -9.4    2029     0   0   0   0      16.789   -85.473
0117    57.4   757.7     15.19     98.7    2023   131    67.04    -50.78     43.76     4    -9.4    2017     0   0   0   3      16.789   -85.473
0118    57.9   758.8     15.27     98.6    2011   130    67.30    -51.25     43.62     4    -9.2    2005     0   0   0   3      16.789   -85.473
0119    58.4   759.8     15.36     98.5    1999   130    67.31    -51.55     43.29     4    -9.0    1993     0   0   0   0      16.789   -85.473
0120    58.9   760.8     15.44     98.4    1988   130    67.06    -51.54     42.90     4    -8.6    1982     0   0   0   3      16.790   -85.474
0121    59.4   761.8     15.51     98.4    1976   130    66.57    -51.17     42.59     4    -8.1    1970     0   0   0   3      16.790   -85.474
0122    59.9   762.8     15.58     98.4    1965   130    65.92    -50.48     42.40     4    -7.7    1959     0   0   0   0      16.790   -85.474
0123    60.4   763.8     15.63     98.5    1955   130    65.20    -49.58     42.34     4    -7.2    1949     0   0   0   0      16.790   -85.474
0124    60.9   764.7     15.67     98.5    1945   131    64.47    -48.63     42.34     4    -6.9    1939     0   0   0   3      16.790   -85.475
0125    61.4   765.6     15.70     98.5    1935   132    63.82    -47.78     42.30     4    -6.7    1929     0   0   0   0      16.791   -85.475
0126    61.9   766.5     15.73     98.4    1925   132    63.25    -47.16     42.16     4    -6.6    1919     0   0   0   0      16.791   -85.475
0127    62.4   767.4     15.75     98.4    1915   132    62.81    -46.81     41.87     4    -6.7    1909     0   0   0   0      16.791   -85.475
0128    62.9   768.3     15.77     98.3    1904   132    62.49    -46.75     41.47     4    -6.9    1898     0   0   0   0      16.791   -85.475
0129    63.4   769.2     15.79     98.3    1894   131    62.35    -46.94     41.03     4    -7.2    1888     0   0   0   0      16.791   -85.476
0130    63.9   770.2     15.82     98.2    1883   131    62.42    -47.34     40.69     4    -7.6    1877     0   0   0   0      16.791   -85.476
0131    64.4   771.2     15.86     98.0    1873   130    62.78    -47.92     40.55     4    -8.0    1867     0   0   0   0      16.792   -85.476
0132    64.9   772.2     15.91     97.8    1861   130    63.46    -48.68     40.71     4    -8.3    1855     0   0   0   0      16.792   -85.476
0133    65.4   773.2     15.97     97.5    1850   130    64.47    -49.60     41.19     4    -8.6    1844     0   0   0   0      16.792   -85.477
0134    65.9   774.2     16.05     97.0    1839   130    65.75    -50.66     41.91     4    -8.9    1833     0   0   0   0      16.792   -85.477
0135    66.4   775.3     16.14     96.3    1827   130    67.16    -51.79     42.76     4    -9.0    1821     0   0   0   3      16.792   -85.477
0136    66.9   776.3     16.25     95.5    1816   129    68.52    -52.88     43.58     4    -9.2    1810     0   0   0   3      16.793   -85.477
0137    67.4   777.4     16.37     94.6    1804   129    69.62    -53.77     44.22     4    -9.2    1798     0   0   0   3      16.793   -85.478
0138    67.9   778.4     16.51     93.6    1793   129    70.29    -54.32     44.61     4    -9.2    1787     0   0   0   3      16.793   -85.478
0139    68.4   779.5     16.65     92.7    1781   129    70.47    -54.46     44.73     4    -9.2    1775     0   0   0   3      16.793   -85.478
0140    68.9   780.5     16.79     91.9    1770   129    70.24    -54.22     44.66     4    -9.1    1764     0   0   0   0      16.793   -85.478
0141    69.4   781.6     16.92     91.5    1758   130    69.80    -53.73     44.56     4    -9.0    1752     0   0   0   0      16.794   -85.479
0142    69.9   782.6     17.03     91.4    1747   130    69.45    -53.24     44.60     4    -8.8    1741     0   0   0   0      16.794   -85.479
0143    70.4   783.6     17.13     91.7    1735   130    69.50    -53.03     44.93     4    -8.6    1729     0   0   0   0      16.794   -85.479
0144    70.9   784.7     17.20     92.3    1724   131    70.19    -53.34     45.62     4    -8.2    1718     0   0   0   0      16.794   -85.479
0145    71.4   785.7     17.24     93.1    1713   131    71.60    -54.31     46.66     4    -7.8    1707     3   3   3   0      16.794   -85.480
0146    71.9   786.7     17.26     94.1    1702   131    73.65    -55.93     47.92     4    -7.3    1696     0   0   0   3      16.795   -85.480
0147    72.4   787.6     17.25     95.2    1692   130    76.08    -58.02     49.21     4    -6.6    1686     0   0   0   0      16.795   -85.480
0148    72.9   788.6     17.23     96.2    1682   130    78.52    -60.30     50.30     4    -5.9    1676     0   0   0   0      16.795   -85.480
0149    73.4   789.5     17.19     97.1    1672   129    80.60    -62.42     51.00     4    -5.1    1666     0   0   0   0      16.795   -85.481
0150    73.9   790.3     17.14     97.8    1663   129    81.97    -64.03     51.18     4    -4.3    1657     0   0   0   0      16.796   -85.481
0151    74.4   791.1     17.10     98.3    1654   128    82.40    -64.87     50.80     4    -3.6    1648     0   0   0   0      16.796   -85.481
0152    74.9   791.9     17.06     98.6    1646   128    81.81    -64.79     49.95     4    -2.9    1640     0   0   0   0      16.796   -85.482
0153    75.4   792.6     17.04     98.7    1638   127    80.32    -63.80     48.79     4    -2.4    1632     0   0   0   0      16.796   -85.482
0154    75.9   793.3     17.03     98.6    1630   127    78.15    -62.04     47.52     4    -2.1    1624     3   3   3   0      16.796   -85.482
0155    76.4   794.0     17.05     98.3    1623   128    75.66    -59.80     46.34     4    -1.9    1617     0   0   0   0      16.797   -85.482
0156    76.9   794.7     17.09     97.9    1615   128    73.22    -57.47     45.38     4    -1.8    1609     3   3   3   0      16.797   -85.483
0157    77.4   795.4     17.14     97.4    1607   129    71.19    -55.41     44.70     4    -1.9    1601     0   0   0   0      16.797   -85.483
0158    77.9   796.1     17.20     96.8    1600   129    69.81    -53.96     44.30     4    -2.0    1594     0   0   0   0      16.797   -85.483
0159    78.4   796.9     17.27     96.3    1592   130    69.23    -53.36     44.11     4    -2.1    1586     0   0   0   0      16.797   -85.484
0160    78.9   797.6     17.34     96.0    1584   129    69.45    -53.68     44.07     4    -2.2    1578     0   0   0   0      16.798   -85.484
0161    79.4   798.4     17.39     95.8    1576   129    70.41    -54.86     44.14     4    -2.2    1570     0   0   0   0      16.798   -85.484
0162    79.9   799.1     17.45     95.7    1568   128    71.95    -56.68     44.33     4    -2.1    1562     0   0   0   0      16.798   -85.484
0163    80.4   799.9     17.50     95.8    1560   127    73.87    -58.83     44.67     4    -2.0    1554     0   0   0   0      16.798   -85.485
0164    80.9   800.6     17.55     95.9    1552   127    75.91    -60.98     45.21     4    -1.9    1546     0   0   0   0      16.798   -85.485
0165    81.4   801.3     17.60     96.0    1544   126    77.85    -62.85     45.94     4    -1.8    1538     3   3   3   0      16.799   -85.485
0166    81.9   802.0     17.65     96.0    1537   126    79.48    -64.24     46.81     4    -1.7    1531     0   0   0   0      16.799   -85.485
0167    82.4   802.7     17.71     95.8    1529   126    80.69    -65.07     47.71     4    -1.8    1523     0   0   0   0      16.799   -85.486
0168    82.9   803.4     17.78     95.5    1522   127    81.41    -65.41     48.47     4    -1.9    1516     0   0   0   3      16.799   -85.486
0169    83.4   804.1     17.86     95.1    1514   127    81.65    -65.39     48.91     4    -2.1    1508     0   0   0   0      16.800   -85.486
0170    83.9   804.9     17.94     94.7    1506   127    81.49    -65.18     48.91     4    -2.3    1500     3   3   3   0      16.800   -85.487
0171    84.4   805.6     18.03     94.3    1498   127    81.02    -64.94     48.44     4    -2.5    1492     0   0   0   0      16.800   -85.487
0172    84.9   806.4     18.12     94.1    1490   126    80.38    -64.80     47.57     4    -2.7    1484     0   0   0   3      16.800   -85.487
0173    85.4   807.2     18.21     93.9    1481   126    79.72    -64.80     46.44     4    -2.7    1475     0   0   0   0      16.800   -85.488
0174    85.9   808.0     18.30     93.7    1473   125    79.16    -64.96     45.24     4    -2.7    1467     0   0   0   0      16.801   -85.488
0175    86.4   808.7     18.39     93.6    1465   124    78.77    -65.24     44.14     4    -2.6    1459     0   0   0   0      16.801   -85.488
0176    86.9   809.5     18.47     93.5    1457   123    78.60    -65.61     43.28     4    -2.5    1451     0   0   0   0      16.801   -85.488
0177    87.4   810.2     18.55     93.3    1449   123    78.63    -66.05     42.68     4    -2.5    1443     0   0   0   0      16.801   -85.489
0178    87.9   811.0     18.62     93.1    1441   122    78.84    -66.53     42.30     4    -2.6    1435     0   0   0   3      16.801   -85.489
0179    88.4   811.7     18.69     92.9    1433   122    79.15    -67.06     42.04     4    -2.8    1427     0   0   0   0      16.802   -85.489
0180    88.9   812.4     18.76     92.7    1425   122    79.49    -67.62     41.78     4    -3.0    1419     0   0   0   0      16.802   -85.490
0181    89.4   813.2     18.82     92.6    1417   121    79.75    -68.15     41.41     4    -3.3    1411     0   0   0   0      16.802   -85.490
0182    89.9   814.0     18.88     92.6    1408   121    79.85    -68.59     40.88     4    -3.6    1402     3   3   3   0      16.802   -85.490
0183    90.4   814.9     18.94     92.6    1399   120    79.72    -68.83     40.21     4    -3.7    1393     0   0   0   0      16.802   -85.491
0184    90.9   815.7     18.99     92.7    1390   120    79.30    -68.80     39.44     4    -3.7    1384     3   3   3   3      16.803   -85.491
0185    91.4   816.6     19.05     92.7    1381   119    78.61    -68.46     38.65     4    -3.5    1375     0   0   0   0      16.803   -85.491
0186    91.9   817.4     19.10     92.6    1373   119    77.71    -67.85     37.89     4    -3.2    1367     0   0   0   0      16.803   -85.492
0187    92.4   818.2     19.15     92.4    1364   119    76.75    -67.10     37.26     4    -2.8    1358     0   0   0   0      16.803   -85.492
0188    92.9   819.0     19.20     92.0    1356   119    75.94    -66.42     36.82     5    -2.3    1350     0   0   0   0      16.803   -85.492
0189    93.4   819.7     19.25     91.6    1349   119    75.50    -66.03     36.60     4    -2.0    1343     0   0   0   0      16.803   -85.493
0190    93.9   820.4     19.30     91.2    1341   119    75.59    -66.13     36.61     5    -1.7    1335     0   0   0   0      16.804   -85.493
0191    94.4   821.1     19.34     91.0    1334   119    76.27    -66.79     36.82     4    -1.6    1328     0   0   0   0      16.804   -85.493
0192    94.9   821.8     19.38     91.0    1327   119    77.43    -67.93     37.16     4    -1.6    1321     0   0   0   3      16.804   -85.494
0193    95.4   822.5     19.40     91.3    1319   118    78.84    -69.34     37.52     4    -1.7    1313     3   3   3   0      16.804   -85.494
0194    95.9   823.2     19.43     91.8    1312   118    80.17    -70.71     37.78     4    -1.9    1306     0   0   0   0      16.804   -85.494
0195    96.4   824.0     19.45     92.4    1304   118    81.10    -71.73     37.84     4    -2.0    1298     3   3   3   0      16.804   -85.495
0196    96.9   824.7     19.47     92.8    1296   118    81.37    -72.13     37.65     4    -2.1    1290     0   0   0   0      16.805   -85.495
0197    97.4   825.5     19.49     93.1    1288   117    80.87    -71.81     37.21     4    -2.1    1282     0   0   0   0      16.805   -85.495
0198    97.9   826.2     19.52     93.2    1280   117    79.73    -70.83     36.59     4    -2.0    1274     0   0   0   3      16.805   -85.496
0199    98.4   827.0     19.56     93.0    1272   117    78.21    -69.47     35.94     4    -1.8    1266     0   0   0   3      16.805   -85.496
0200    98.9   827.7     19.60     92.6    1265   117    76.73    -68.09     35.38     4    -1.6    1259     0   0   0   0      16.805   -85.496
0201    99.4   828.4     19.65     92.2    1257   118    75.65    -67.08     34.98     5    -1.3    1251     0   0   0   0      16.805   -85.497
0202    99.9   829.1     19.70     91.9    1250   118    75.20    -66.68     34.76     5    -1.1    1244     0   0   0   0      16.806   -85.497
0203   100.4   829.8     19.75     91.7    1243   117    75.40    -66.97     34.64     5     -.8    1237     0   0   0   0      16.806   -85.497
0204   100.9   830.5     19.79     91.8    1236   117    76.10    -67.82     34.51     5     -.5    1230     0   0   0   0      16.806   -85.497
0205   101.4   831.1     19.81     92.1    1229   116    77.00    -68.96     34.26     5     -.3    1223     0   0   0   0      16.806   -85.498
0206   101.9   831.8     19.83     92.4    1222   116    77.79    -70.06     33.80     5     -.2    1216     3   3   3   0      16.806   -85.498
0207   102.4   832.4     19.84     92.7    1215   115    78.22    -70.85     33.15     5      .0    1209     0   0   0   0      16.806   -85.498
0208   102.9   833.1     19.84     92.8    1209   114    78.18    -71.15     32.39     5      .1    1203     0   0   0   0      16.806   -85.499
0209   103.4   833.7     19.85     92.9    1202   114    77.72    -70.98     31.64     5      .1    1196     0   0   0   0      16.807   -85.499
0210   103.9   834.3     19.86     92.9    1196   114    77.03    -70.48     31.07     5      .2    1190     0   0   0   0      16.807   -85.499
0211   104.4   835.0     19.88     92.8    1189   114    76.36    -69.89     30.77     5      .2    1183     0   0   0   0      16.807   -85.500
0212   104.9   835.6     19.90     92.8    1182   114    75.96    -69.44     30.79     5      .3    1176     0   0   0   0      16.807   -85.500
0213   105.4   836.2     19.91     92.9    1176   114    75.96    -69.30     31.11     5      .4    1170     0   0   0   0      16.807   -85.500
0214   105.9   836.9     19.92     93.1    1169   114    76.38    -69.53     31.62     5      .6    1163     0   0   0   0      16.807   -85.501
0215   106.4   837.5     19.93     93.3    1163   115    77.12    -70.07     32.22     5      .9    1157     0   0   0   0      16.807   -85.501
0216   106.9   838.1     19.93     93.5    1156   115    77.99    -70.77     32.76     5     1.2    1150     0   0   0   0      16.808   -85.501
0217   107.4   838.7     19.93     93.6    1150   115    78.78    -71.47     33.15     5     1.5    1144     0   0   0   0      16.808   -85.502
0218   107.9   839.3     19.94     93.5    1145   115    79.35    -72.01     33.33     5     1.8    1139     0   0   0   0      16.808   -85.502
0219   108.4   839.8     19.94     93.4    1139   115    79.62    -72.33     33.29     5     2.2    1133     0   0   0   0      16.808   -85.502
0220   108.9   840.3     19.94     93.3    1134   115    79.61    -72.41     33.07     5     2.5    1128     3   3   3   0      16.808   -85.503
0221   109.4   840.8     19.94     93.4    1128   114    79.39    -72.34     32.69     5     2.8    1122     0   0   0   0      16.808   -85.503
0222   109.9   841.3     19.92     93.7    1123   114    79.08    -72.22     32.21     5     3.0    1117     0   0   0   0      16.808   -85.503
0223   110.4   841.8     19.89     94.2    1118   114    78.78    -72.14     31.65     5     3.4    1112     0   0   0   0      16.809   -85.504
0224   110.9   842.3     19.83     95.0    1113   113    78.58    -72.19     31.03     5     3.7    1107     0   0   0   0      16.809   -85.504
0225   111.4   842.8     19.75     96.0    1108   113    78.50    -72.39     30.37     5     4.1    1102     0   0   0   0      16.809   -85.504
0226   111.9   843.3     19.65     97.0    1103   112    78.57    -72.74     29.70     5     4.4    1097     0   0   0   0      16.809   -85.505
0227   112.4   843.7     19.54     97.9    1099   112    78.73    -73.18     29.04     5     4.8    1093     0   0   0   0      16.809   -85.505
0228   112.9   844.1     19.43     98.8    1095   111    78.95    -73.64     28.45     5     5.1    1089     0   0   0   0      16.809   -85.505
0229   113.4   844.4     19.33     99.4    1091   111    79.14    -74.04     27.96     5     5.3    1085     0   0   0   0      16.809   -85.506
0230   113.9   844.8     19.24     99.8    1087   110    79.28    -74.31     27.62     5     5.4    1081     0   0   0   0      16.810   -85.506
0231   114.4   845.2     19.17    100.0    1084   110    79.32    -74.42     27.45     5     5.4    1078     0   0   0   0      16.810   -85.507
0232   114.9   845.5     19.13    100.0    1080   110    79.28    -74.37     27.45     5     5.2    1074     3   3   3   0      16.810   -85.507
0233   115.4   845.9     19.10    100.0    1076   110    79.16    -74.20     27.58     5     5.0    1070     0   0   0   3      16.810   -85.507
0234   115.9   846.3     19.10    100.0    1072   111    79.03    -73.98     27.80     5     4.8    1066     0   0   0   0      16.810   -85.508
0235   116.4   846.8     19.11     99.9    1067   111    78.92    -73.78     28.03     5     4.5    1061     0   0   0   0      16.810   -85.508
0236   116.9   847.2     19.14     99.9    1063   111    78.87    -73.66     28.21     5     4.3    1057     0   0   0   0      16.810   -85.508
0237   117.4   847.7     19.17     99.9    1058   111    78.89    -73.64     28.29     5     4.1    1052     0   0   0   0      16.810   -85.509
0238   117.9   848.1     19.21     99.9    1053   111    78.96    -73.74     28.23     5     3.9    1047     3   3   3   0      16.811   -85.509
0239   118.4   848.6     19.24    100.0    1049   111    79.05    -73.90     28.07     5     3.8    1043     0   0   0   0      16.811   -85.509
0240   118.9   849.1     19.28    100.0    1044   111    79.13    -74.06     27.86     5     3.6    1038     0   0   0   0      16.811   -85.510
0241   119.4   849.6     19.31    100.0    1039   110    79.17    -74.16     27.71     5     3.6    1033     0   0   0   0      16.811   -85.510
0242   119.9   850.0     19.35    100.0    1034   110    79.16    -74.15     27.70     4     3.5    1028     0   0   0   0      16.811   -85.510
0243   120.4   850.5     19.40    100.0    1029   111    79.09    -74.01     27.89     5     3.5    1023     0   0   0   0      16.811   -85.511
0244   120.9   851.0     19.48     99.8    1024   111    78.98    -73.75     28.27     5     3.5    1018     0   0   0   0      16.811   -85.511
0245   121.4   851.5     19.57     99.3    1019   111    78.86    -73.41     28.81     5     3.6    1013     0   0   0   0      16.811   -85.511
0246   121.9   852.0     19.70     98.7    1014   112    78.75    -73.05     29.40     5     3.7    1008     0   0   0   0      16.812   -85.512
0247   122.4   852.4     19.84     98.0    1010   112    78.65    -72.74     29.93     5     3.8    1004     0   0   0   0      16.812   -85.512
0248   122.9   852.9     19.99     97.4    1005   113    78.58    -72.51     30.28     5     3.9     999     0   0   0   0      16.812   -85.512
0249   123.4   853.4     20.13     97.0    1000   113    78.53    -72.41     30.40     5     3.9     994     0   0   0   0      16.812   -85.513
0250   123.9   853.8     20.25     96.7     996   113    78.50    -72.43     30.27     5     4.0     990     0   0   0   0      16.812   -85.513
0251   124.4   854.2     20.34     96.6     991   112    78.48    -72.55     29.93     5     4.0     985     0   0   0   0      16.812   -85.513
0252   124.9   854.7     20.40     96.7     987   112    78.49    -72.75     29.47     5     4.0     981     0   0   0   0      16.812   -85.514
0253   125.4   855.2     20.42     96.9     982   112    78.53    -72.98     29.01     5     3.9     976     0   0   0   0      16.812   -85.514
0254   125.9   855.6     20.43     97.2     977   111    78.61    -73.21     28.65     5     3.8     971     0   0   0   0      16.813   -85.514
0255   126.4   856.1     20.43     97.5     973   111    78.72    -73.39     28.47     5     3.7     967     0   0   0   0      16.813   -85.515
0256   126.9   856.6     20.43     97.6     968   111    78.86    -73.52     28.53     5     3.6     962     0   0   0   0      16.813   -85.515
0257   127.4   857.0     20.45     97.6     963   111    78.99    -73.55     28.81     5     3.5     957     0   0   0   0      16.813   -85.516
0258   127.9   857.5     20.48     97.3     958   112    79.12    -73.51     29.27     5     3.3     952     0   0   0   0      16.813   -85.516
0259   128.4   858.0     20.52     96.9     953   112    79.23    -73.42     29.78     5     3.1     947     0   0   0   0      16.813   -85.516
0260   128.9   858.5     20.57     96.5     948   112    79.33    -73.34     30.24     5     3.0     942     0   0   0   0      16.813   -85.517
0261   129.4   859.0     20.63     96.0     943   113    79.42    -73.32     30.52     5     2.8     937     0   0   0   0      16.814   -85.517
0262   129.9   859.5     20.68     95.6     938   113    79.52    -73.43     30.53     5     2.7     932     0   0   0   0      16.814   -85.517
0263   130.4   860.1     20.72     95.3     932   112    79.69    -73.72     30.26     5     2.6     926     0   0   0   0      16.814   -85.518
0264   130.9   860.6     20.74     95.2     927   112    79.93    -74.20     29.74     5     2.6     921     0   0   0   0      16.814   -85.518
0265   131.4   861.2     20.76     95.2     921   111    80.29    -74.83     29.09     5     2.5     915     3   3   3   0      16.814   -85.518
0266   131.9   861.7     20.76     95.3     916   111    80.72    -75.55     28.44     5     2.5     910     0   0   0   0      16.814   -85.519
0267   132.4   862.2     20.75     95.4     911   110    81.18    -76.22     27.95     5     2.5     905     3   3   3   0      16.814   -85.519
0268   132.9   862.7     20.74     95.5     905   110    81.58    -76.73     27.71     5     2.5     899     0   0   0   0      16.814   -85.519
0269   133.4   863.2     20.74     95.5     900   110    81.83    -76.98     27.73     5     2.4     894     0   0   0   0      16.815   -85.520
0270   133.9   863.8     20.74     95.3     895   110    81.87    -76.95     27.96     5     2.3     889     0   0   0   0      16.815   -85.520
0271   134.4   864.3     20.75     95.1     889   110    81.70    -76.66     28.25     5     2.2     883     0   0   0   0      16.815   -85.520
0272   134.9   864.9     20.77     94.8     884   110    81.35    -76.21     28.46     5     2.1     878     0   0   0   0      16.815   -85.521
0273   135.4   865.4     20.79     94.6     878   111    80.92    -75.74     28.49     5     2.1     872     0   0   0   0      16.815   -85.521
0274   135.9   866.0     20.81     94.5     872   111    80.50    -75.37     28.27     5     2.1     866     0   0   0   0      16.815   -85.521
0275   136.4   866.6     20.81     94.5     867   110    80.18    -75.18     27.85     5     2.2     861     0   0   0   0      16.815   -85.522
0276   136.9   867.1     20.78     94.7     861   110    80.03    -75.21     27.33     5     2.3     855     0   0   0   0      16.815   -85.522
0277   137.4   867.7     20.73     95.1     856   110    80.04    -75.41     26.83     5     2.4     850     0   0   0   0      16.816   -85.523
0278   137.9   868.2     20.66     95.5     851   109    80.16    -75.67     26.46     5     2.4     844     0   0   0   0      16.816   -85.523
0279   138.4   868.7     20.57     96.0     845   109    80.28    -75.86     26.28     5     2.4     839     0   0   0   0      16.816   -85.523
0280   138.9   869.2     20.46     96.5     840   109    80.26    -75.85     26.24     5     2.3     834     0   0   0   0      16.816   -85.524
0281   139.4   869.8     20.35     97.0     835   109    80.01    -75.58     26.26     5     2.1     829     0   0   0   0      16.816   -85.524
0282   139.9   870.3     20.25     97.5     829   109    79.51    -75.07     26.19     5     1.9     823     0   0   0   0      16.816   -85.524
0283   140.4   870.9     20.16     97.9     824   109    78.79    -74.40     25.94     5     1.7     818     0   0   0   0      16.816   -85.525
0284   140.9   871.5     20.08     98.3     818   109    77.95    -73.68     25.45     5     1.5     812     0   0   0   0      16.816   -85.525
0285   141.4   872.1     20.00     98.7     812   109    77.16    -73.07     24.76     5     1.5     806     0   0   0   0      16.817   -85.525
0286   141.9   872.7     19.94     99.1     806   108    76.55    -72.69     23.98     6     1.5     800     0   0   0   0      16.817   -85.526
0287   142.4   873.3     19.88     99.4     800   108    76.25    -72.61     23.26     5     1.6     794     0   0   0   0      16.817   -85.526
0288   142.9   873.9     19.82     99.7     794   107    76.32    -72.84     22.77     5     1.8     788     0   0   0   0      16.817   -85.526
0289   143.4   874.4     19.77     99.9     788   107    76.73    -73.32     22.62     6     2.0     782     0   0   0   0      16.817   -85.527
0290   143.9   875.0     19.73    100.0     783   107    77.41    -73.96     22.83     6     2.1     777     0   0   0   0      16.817   -85.527
0291   144.4   875.5     19.71    100.0     778   107    78.21    -74.65     23.34     6     2.2     772     0   0   0   0      16.817   -85.527
0292   144.9   876.0     19.70    100.0     772   108    79.01    -75.28     23.99     6     2.3     766     0   0   0   0      16.817   -85.528
0293   145.4   876.6     19.71    100.0     767   108    79.66    -75.77     24.58     5     2.3     761     0   0   0   0      16.817   -85.528
0294   145.9   877.1     19.74    100.0     762   108    80.08    -76.09     24.95     5     2.2     756     0   0   0   0      16.818   -85.528
0295   146.4   877.7     19.77    100.0     756   108    80.23    -76.23     25.00     6     2.2     750     0   0   0   0      16.818   -85.529
0296   146.9   878.3     19.80    100.0     751   108    80.13    -76.23     24.70     6     2.1     745     0   0   0   0      16.818   -85.529
0297   147.4   878.8     19.82    100.0     745   108    79.87    -76.14     24.14     6     2.1     739     3   3   3   0      16.818   -85.530
0298   147.9   879.4     19.83    100.0     739   107    79.56    -76.03     23.45     6     2.2     733     0   0   0   0      16.818   -85.530
0299   148.4   879.9     19.83    100.0     734   107    79.33    -75.98     22.82     5     2.2     728     0   0   0   0      16.818   -85.530
0300   148.9   880.5     19.81    100.0     729   106    79.27    -76.04     22.39     5     2.2     723     3   3   3   0      16.818   -85.531
0301   149.4   881.0     19.79    100.0     723   106    79.45    -76.27     22.24     6     2.3     717     3   3   3   0      16.818   -85.531
0302   149.9   881.6     19.76    100.0     718   106    79.83    -76.64     22.36     5     2.2     712     0   0   0   0      16.818   -85.531
0303   150.4   882.1     19.74    100.0     713   106    80.36    -77.11     22.61     6     2.2     707     0   0   0   0      16.818   -85.532
0304   150.9   882.6     19.72    100.0     707   106    80.89    -77.61     22.82     6     2.1     701     0   0   0   0      16.819   -85.532
0305   151.4   883.2     19.72    100.0     702   106    81.30    -78.05     22.77     4     2.0     696     0   0   0   0      16.819   -85.532
0306   151.9   883.8     19.72    100.0     696   106    81.47    -78.36     22.31     5     1.9     690     0   0   0   0      16.819   -85.533
0307   152.4   884.4     19.73    100.0     691   105    81.36    -78.50     21.38     5     1.9     685     3   3   3   0      16.819   -85.533
0308   152.9   884.9     19.74    100.0     685   104    80.97    -78.45     20.06     6     1.9     679     0   0   0   0      16.819   -85.534
0309   153.4   885.5     19.75    100.0     679   103    80.41    -78.24     18.52     6     2.0     673     0   0   0   0      16.819   -85.534
0310   153.9   886.1     19.76    100.0     674   102    79.77    -77.94     17.00     6     2.1     668     0   0   0   0      16.819   -85.534
0311   154.4   886.6     19.77    100.0     668   101    79.18    -77.60     15.74     6     2.3     662     0   0   0   0      16.819   -85.535
0312   154.9   887.2     19.78    100.0     663   101    78.73    -77.31     14.91     6     2.5     657     0   0   0   0      16.819   -85.535
0313   155.4   887.7     19.79    100.0     658   101    78.49    -77.13     14.53     5     2.7     652     0   0   0   0      16.819   -85.535
0314   155.9   888.2     19.80    100.0     653   101    78.47    -77.12     14.52     5     2.9     647     0   0   0   0      16.819   -85.536
0315   156.4   888.7     19.82    100.0     648   101    78.68    -77.30     14.69     5     3.0     642     0   0   0   0      16.819   -85.536
0316   156.9   889.2     19.84    100.0     643   101    79.07    -77.67     14.83     6     3.1     637     0   0   0   0      16.820   -85.536
0317   157.4   889.7     19.86    100.0     638   101    79.55    -78.17     14.76     6     3.1     632     0   0   0   0      16.820   -85.537
0318   157.9   890.2     19.88    100.0     633   100    80.04    -78.73     14.38     6     3.0     627     0   0   0   0      16.820   -85.537
0319   158.4   890.7     19.90    100.0     628   100    80.41    -79.23     13.71     6     2.8     622     0   0   0   0      16.820   -85.538
0320   158.9   891.3     19.92    100.0     623    99    80.56    -79.52     12.86     6     2.7     617     0   0   0   0      16.820   -85.538
0321   159.4   891.8     19.94    100.0     618    99    80.38    -79.49     11.98     6     2.6     612     0   0   0   0      16.820   -85.538
0322   159.9   892.4     19.96    100.0     613    98    79.82    -79.03     11.21     6     2.5     607     0   0   0   0      16.820   -85.539
0323   160.4   892.9     19.98    100.0     607    98    78.86    -78.13     10.65     5     2.4     601     0   0   0   0      16.820   -85.539
0324   160.9   893.5     20.01    100.0     602    98    77.52    -76.83     10.33     5     2.4     596     0   0   0   0      16.820   -85.539
0325   161.4   894.0     20.04    100.0     597    98    75.93    -75.24     10.23     5     2.4     591     0   0   0   0      16.820   -85.540
0326   161.9   894.5     20.07    100.0     591    98    74.26    -73.54     10.28     5     2.4     585     0   0   0   3      16.820   -85.540
0327   162.4   895.1     20.10    100.0     586    98    72.71    -71.95     10.44     5     2.3     580     0   0   0   0      16.820   -85.540
0328   162.9   895.6     20.13    100.0     581    99    71.47    -70.67     10.65     4     2.1     575     0   0   0   0      16.820   -85.541
0329   163.4   896.1     20.16    100.0     576    99    70.68    -69.83     10.92     5     1.7     570     0   0   0   0      16.820   -85.541
0330   163.9   896.7     20.19    100.0     570    99    70.40    -69.50     11.24     5     1.3     564     0   0   0   0      16.820   -85.541
0331   164.4   897.3     20.22    100.0     565    99    70.60    -69.64     11.64     5      .8     558     0   0   0   0      16.820   -85.542
0332   164.9   898.0     20.26    100.0     558   100    71.17    -70.14     12.07     4      .3     552     0   0   0   0      16.820   -85.542
0333   165.4   898.6     20.30    100.0     552   100    71.93    -70.83     12.50     5     -.3     546     0   0   0   0      16.820   -85.542
0334   165.9   899.3     20.34    100.0     545   100    72.68    -71.54     12.84     5     -.9     539     0   0   0   0      16.820   -85.543
0335   166.4   900.1     20.39    100.0     538   100    73.27    -72.11     13.01     5    -1.4     532     0   0   0   0      16.821   -85.543
0336   166.9   900.8     20.45    100.0     531   100    73.58    -72.43     12.97     4    -2.0     525     0   0   0   0      16.821   -85.543
0337   167.4   901.6     20.50    100.0     523   100    73.63    -72.51     12.75     5    -2.5     517     0   0   0   0      16.821   -85.544
0338   167.9   902.4     20.55    100.0     515   100    73.51    -72.45     12.45     5    -3.1     509     0   0   0   0      16.821   -85.544
0339   168.4   903.3     20.60    100.0     507   100    73.42    -72.39     12.22     6    -3.6     501     0   0   0   0      16.821   -85.544
0340   168.9   904.1     20.65    100.0     499   100    73.55    -72.53     12.21     6    -4.1     493     0   0   0   0      16.821   -85.545
0341   169.4   905.1     20.71    100.0     490   100    74.08    -73.01     12.56     6    -4.6     484     0   0   0   0      16.821   -85.545
0342   169.9   906.0     20.76    100.0     481   100    75.06    -73.87     13.28     5    -5.1     475     0   0   0   0      16.821   -85.546
0343   170.4   906.9     20.82    100.0     472   101    76.43    -75.09     14.29     5    -5.5     466     0   0   0   0      16.821   -85.546
0344   170.9   907.9     20.89    100.0     462   101    78.03    -76.49     15.43     5    -5.9     456     0   0   0   0      16.821   -85.546
0345   171.4   908.9     20.97    100.0     453   102    79.58    -77.85     16.51     5    -6.1     447     0   0   0   0      16.821   -85.547
0346   171.9   909.9     21.05    100.0     443   102    80.83    -78.94     17.35     5    -6.3     437     3   3   3   0      16.821   -85.547
0347   172.4   911.0     21.13    100.0     434   103    81.58    -79.61     17.84     5    -6.4     428     0   0   0   0      16.821   -85.547
0348   172.9   912.0     21.21    100.0     424   103    81.81    -79.83     17.92     5    -6.4     418     0   0   0   0      16.821   -85.548
0349   173.4   913.0     21.29    100.0     414   102    81.60    -79.66     17.66     5    -6.4     408     0   0   0   0      16.821   -85.548
0350   173.9   914.0     21.36     99.9     404   102    81.25    -79.42     17.12     5    -6.2     398     0   0   0   0      16.822   -85.548
0351   174.4   915.0     21.44     99.8     395   102    81.09    -79.41     16.39     5    -6.0     389     0   0   0   0      16.822   -85.549
0352   174.9   916.0     21.51     99.6     385   101    81.33    -79.83     15.54     5    -5.7     379     0   0   0   0      16.822   -85.549
0353   175.4   917.0     21.59     99.4     376   100    82.11    -80.80     14.58     6    -5.4     370     0   0   0   0      16.822   -85.550
0354   175.9   917.9     21.68     99.1     367    99    83.39    -82.28     13.51     6    -5.2     361     0   0   0   0      16.822   -85.550
0355   176.4   918.8     21.77     98.7     358    98    85.00    -84.09     12.34     5    -5.1     352     3   3   3   0      16.822   -85.550
0356   176.9   919.8     21.86     98.3     350    97    86.65    -85.94     11.08     5    -5.0     344     0   0   0   0      16.822   -85.551
0357   177.4   920.7     21.95     97.9     341    96    88.06    -87.53      9.71     5    -5.1     335     3   3   3   0      16.822   -85.551
0358   177.9   921.6     22.04     97.6     332    95    89.01    -88.64      8.17     5    -5.3     326     0   0   0   0      16.822   -85.552
0359   178.4   922.6     22.11     97.4     323    94    89.38    -89.15      6.41     5    -5.6     317     0   0   0   0      16.822   -85.552
0360   178.9   923.5     22.16     97.3     314    93    89.18    -89.07      4.48     4    -5.9     308     0   0   0   0      16.822   -85.552
0361   179.4   924.5     22.20     97.4     304    92    88.55    -88.52      2.54     4    -6.1     298     0   0   0   0      16.822   -85.553
0362   179.9   925.6     22.22     97.6     295    91    87.74    -87.73       .87     4    -6.3     289     0   0   0   0      16.822   -85.553
0363   180.4   926.6     22.23     97.8     285    90    87.02    -87.02      -.26     4    -6.2     279     0   0   0   0      16.822   -85.554
0364   180.9   927.7     22.23     98.1     275    89    86.63    -86.63      -.79     4    -5.9     269     0   0   0   0      16.822   -85.554
0365   181.4   928.7     22.24     98.3     265    89    86.66    -86.66      -.88     4    -5.2     259     0   0   0   0      16.822   -85.554
0366   181.9   929.7     22.25     98.5     256    90    87.05    -87.05      -.73     4    -4.3     250     0   0   0   0      16.822   -85.555
0367   182.4   930.6     22.27     98.6     247    90    87.70    -87.70      -.40     4    -3.2     241     0   0   0   3      16.822   -85.555
0368   182.9   931.4     22.30     98.6     239    90    88.47    -88.47       .18     4    -2.1     233     0   0   0   3      16.822   -85.556
0369   183.4   932.2     22.34     98.6     233    91    89.17    -89.17      1.07     4    -1.0     227     0   0   0   3      16.822   -85.556
0370   183.9   932.8     22.38     98.6     226    91    89.72    -89.71      1.66     4     -.1     220     3   3   3   0      16.822   -85.557
0371   184.4   933.4     22.42     98.5     221    90    90.07    -90.06       .67     4      .5     215     0   0   0   3      16.822   -85.557
0372   184.9   934.0     22.46     98.5     216    89    90.36    -90.33     -2.24     4      .6     210     3   3   3   0      16.822   -85.557
0373   185.4   934.5     22.50     98.4     210    87    91.27    -91.11     -5.33     4      .4     204     3   3   3   0      16.822   -85.558
0374   185.9   935.2     22.53     98.2     205  -999  -999.00   -999.00   -999.00  -999     -.2     199     0   0   0   0      16.822   -85.558
0375   186.4   935.8     22.56     98.1     198  -999  -999.00   -999.00   -999.00  -999    -1.1     192     3   0   0   0      16.822   -85.559
0376   186.9   936.6     22.60     97.9     191  -999  -999.00   -999.00   -999.00  -999    -2.1     185     3   0   0   0      16.822   -85.559
0377   187.4   937.4     22.65     97.7     183  -999  -999.00   -999.00   -999.00  -999    -3.3     177     3   0   0   0      16.822   -85.560
0378   187.9   938.4     22.71     97.6     175  -999  -999.00   -999.00   -999.00  -999    -4.4     169     3   0   0   0      16.822   -85.560
0379   188.4   939.3     22.77     97.6     166  -999  -999.00   -999.00   -999.00  -999    -5.5     160     0   0   0   0      16.822   -85.560
0380   188.9   940.3     22.84     97.7     156  -999  -999.00   -999.00   -999.00  -999    -6.6     150     0   0   0   0      16.822   -85.561
0381   189.4   941.4     22.91     98.0     146  -999  -999.00   -999.00   -999.00  -999    -7.5     140     3   3   3   0      16.822   -85.561
0382   189.9   942.5     22.97     98.4     136  -999  -999.00   -999.00   -999.00  -999    -8.3     130     0   0   0   0      16.822   -85.562
0383   190.4   943.7     23.03     98.8     125  -999  -999.00   -999.00   -999.00  -999    -8.8     119     0   0   0   0      16.822   -85.562
0384   190.9   944.9     23.08     99.1     114  -999  -999.00   -999.00   -999.00  -999    -9.0     108     0   0   0   0      16.822   -85.563
0385   191.4   946.1     23.14     99.4     102  -999  -999.00   -999.00   -999.00  -999    -9.0      96     0   0   0   0      16.822   -85.563
0386   191.9   947.4     23.20     99.6      91  -999  -999.00   -999.00   -999.00  -999    -8.6      85     0   0   0   0      16.822   -85.563
0387   192.4   948.6     23.28     99.7      80  -999  -999.00   -999.00   -999.00  -999    -7.7      74     3   3   3   0      16.822   -85.564
0388   192.9   949.7     23.37     99.9      69  -999  -999.00   -999.00   -999.00  -999    -6.4      63     0   0   0   0      16.822   -85.564
0389   193.4   950.7     23.47    100.0      60  -999  -999.00   -999.00   -999.00  -999    -5.1      54     3   3   3   0      16.822   -85.565
0390   193.9   951.6     23.58    100.0      51  -999  -999.00   -999.00   -999.00  -999    -5.0      45     0   0   0   0      16.822   -85.565
0391   194.4   952.4     23.68    100.0      44  -999  -999.00   -999.00   -999.00  -999    -5.5      38     0   0   0   0      16.822   -85.566
0392   194.9   953.1     23.78    100.0      38  -999  -999.00   -999.00   -999.00  -999    -5.1      31     0   0   0   0      16.822   -85.566
0393   195.4   953.8     23.88    100.0      31  -999  -999.00   -999.00   -999.00  -999    -4.9      25     0   0   0   0      16.822   -85.566
0394   195.9   955.0     23.96     99.9      20  -999  -999.00   -999.00   -999.00  -999    -4.9      14     0   0   0   0      16.822   -85.567
0395   196.4   956.4     24.04    100.0       7  -999  -999.00   -999.00   -999.00  -999    -5.6       1     0   0   0   0      16.821   -85.567
