 ===========================================================================
 DROPWINDSONDE PROCESSING RECORD                            Sonde: 012225047
 PDS file written Sep 23, 2005.                             Format:    V6.02
 Aircraft: N43RF                             Date: 050923   Time: 212532 UTC
 ---------------------------------------------------------------------------
 Bias corrections:  PR =    .0 mb  TE =    .0 C  RH =    .0 %  PRB =   .0 mb
 Filters (LPF):     PTH =  10 s    WIND =  10 s       Hyd anchor =       SFC
 Dyn RH correction =  N     WSHR COR =      Y         Splash PR  =  990.6 mb
 Estimated PR used =  N     GPS VERR =    .23 m/s     HYD SFCP   =  989.6 mb
 Dyn T correction  =  Y     WGACORR  =    1.3 m       AC GA ADJ  =     .0 m
 ---------------------------------------------------------------------------
 COMMENTS: None                                                        
 ===========================================================================

 ==============================================================================
 Date: 050923   Lat:  29.33 N   TA:   11.5 C   PS:  696.4 mb   WD:    57 deg
 Time: 212532   Lon:  93.90 W   TD:   11.3 C   GA:   3017 m    WS:  39.1 m/s
 SID:  012225047                RH:   98.7 %   Navaid:   GP          
 ===========================================================================

IX      t (s)  P (mb)    T (C)    RH (%)  Z (m)   WD    WS (m/s)   U (m/s)   V (m/s)  NS  WZ (m/s)  ZW (m)   FP  FT  FH  FW   LAT (N)    LON (E)  ZW (ft)  WS (kt)  WS (mph)  THETAE (K)
0001      .1   697.0     11.51   -999.0    3028    57    39.27    -33.04    -21.23  -999  -999.0    3029     3   3   0   3    29.3262   -93.9049     9939    76.19     87.97     -999.00
0002      .6   697.5     11.51   -999.0    3021    57    39.92    -33.43    -21.81  -999  -999.0    3023     3   3   0   3    29.3261   -93.9051     9916    77.44     89.41     -999.00
0003     1.1   698.1     11.52   -999.0    3014    57    40.09    -33.53    -21.97  -999  -999.0    3016     3   3   0   3    29.3260   -93.9053     9894    77.77     89.80     -999.00
0004     1.6   698.6     11.53   -999.0    3008    57    40.26    -33.64    -22.13  -999  -999.0    3009     3   3   0   3    29.3259   -93.9054     9872    78.11     90.19     -999.00
0005     2.1   699.2     11.54   -999.0    3001    57    40.43    -33.74    -22.28  -999  -999.0    3002     3   3   0   3    29.3258   -93.9056     9850    78.44     90.57     -999.00
0006     2.6   699.8     11.55   -999.0    2994    56    40.61    -33.84    -22.44  -999  -999.0    2996     3   3   0   3    29.3257   -93.9058     9828    78.78     90.96     -999.00
0007     3.1   700.3     11.55   -999.0    2988    56    40.78    -33.95    -22.60  -999  -999.0    2989     3   3   0   3    29.3256   -93.9060     9806    79.12     91.35     -999.00
0008     3.6   700.9     11.56   -999.0    2981    56    40.95    -34.05    -22.76  -999  -999.0    2982     3   3   0   3    29.3255   -93.9061     9784    79.45     91.74     -999.00
0009     4.1   701.4     11.57   -999.0    2974    56    41.13    -34.15    -22.91  -999  -999.0    2976     3   3   0   3    29.3254   -93.9063     9763    79.79     92.13     -999.00
0010     4.6   702.0     11.58   -999.0    2968    56    41.30    -34.26    -23.07  -999  -999.0    2969     3   3   0   3    29.3253   -93.9065     9741    80.12     92.51     -999.00
0011     5.1   702.6     11.58   -999.0    2961    56    41.47    -34.36    -23.23  -999  -999.0    2962     3   3   0   3    29.3252   -93.9067     9719    80.46     92.90     -999.00
0012     5.6   703.1     11.59   -999.0    2954    56    41.65    -34.46    -23.38  -999  -999.0    2956     3   3   0   3    29.3251   -93.9068     9697    80.80     93.29     -999.00
0013     6.1   703.7     11.60   -999.0    2948    56    41.82    -34.57    -23.54  -999  -999.0    2949     3   3   0   3    29.3250   -93.9070     9675    81.13     93.68     -999.00
0014     6.6   704.2     11.61   -999.0    2941    56    42.00    -34.67    -23.70  -999  -999.0    2942     3   3   0   3    29.3249   -93.9072     9653    81.47     94.07     -999.00
0015     7.1   704.8     11.62   -999.0    2934    56    42.17    -34.78    -23.86  -999  -999.0    2936     3   3   0   3    29.3248   -93.9074     9631    81.81     94.46     -999.00
0016     7.6   705.4     11.63   -999.0    2928    55    42.35    -34.89    -24.01  -999  -999.0    2929     3   3   0   3    29.3247   -93.9075     9609    82.16     94.87     -999.00
0017     8.1   705.9     11.64   -999.0    2921    55    42.54    -35.00    -24.18  -999  -999.0    2922     3   3   0   3    29.3245   -93.9077     9588    82.53     95.29     -999.00
0018     8.6   706.5     11.64   -999.0    2914    55    42.74    -35.13    -24.35  -999  -999.0    2916     3   3   0   3    29.3244   -93.9079     9566    82.91     95.74     -999.00
0019     9.1   707.0     11.65   -999.0    2908    55    42.94    -35.25    -24.52  -999  -999.0    2909     3   3   0   3    29.3243   -93.9081     9544    83.31     96.19     -999.00
0020     9.6   707.6     11.66   -999.0    2901    55    43.14    -35.38    -24.69  -999  -999.0    2902     3   3   0   3    29.3242   -93.9083     9522    83.69     96.64     -999.00
0021    10.1   708.2     11.67   -999.0    2894    55    43.32    -35.48    -24.86  -999  -999.0    2896     3   3   0   3    29.3241   -93.9085     9501    84.05     97.04     -999.00
0022    10.6   708.7     11.68   -999.0    2888    55    43.48    -35.57    -25.01  -999  -999.0    2889     3   3   0   3    29.3240   -93.9086     9479    84.35     97.40     -999.00
0023    11.1   709.3     11.69   -999.0    2881    55    43.61    -35.63    -25.15  -999  -999.0    2882     3   3   0   3    29.3239   -93.9088     9457    84.60     97.69     -999.00
0024    11.6   709.8     11.70   -999.0    2875    55    43.71    -35.65    -25.28  -999  -999.0    2876     3   3   0   3    29.3238   -93.9090     9435    84.79     97.90     -999.00
0025    12.1   710.4     11.71   -999.0    2868    55    43.77    -35.65    -25.39  -999  -999.0    2869     3   3   0   3    29.3236   -93.9092     9414    84.91     98.04     -999.00
0026    12.6   711.0     11.72   -999.0    2861    54    43.80    -35.62    -25.49  -999  -999.0    2863     3   3   0   3    29.3235   -93.9094     9392    84.96     98.10     -999.00
0027    13.1   711.5     11.74   -999.0    2855    54    43.80    -35.56    -25.57  -999  -999.0    2856     3   3   0   3    29.3234   -93.9096     9370    84.97     98.11     -999.00
0028    13.6   712.1     11.76   -999.0    2848    54    43.79    -35.50    -25.64     4  -999.0    2849     3   3   0   0    29.3233   -93.9097     9349    84.96     98.09     -999.00
0029    14.1   712.6     11.77   -999.0    2842    54    43.77    -35.43    -25.70     4  -999.0    2843     3   3   0   0    29.3232   -93.9099     9327    84.91     98.05     -999.00
0030    14.6   713.2     11.79   -999.0    2835    54    43.74    -35.35    -25.76     4  -999.0    2836     3   3   0   0    29.3231   -93.9101     9306    84.86     97.98     -999.00
0031    15.1   713.7     11.82   -999.0    2828    54    43.72    -35.29    -25.80     4  -999.0    2830     0   0   0   0    29.3230   -93.9103     9284    84.81     97.92     -999.00
0032    15.6   714.3     11.84   -999.0    2822    54    43.70    -35.23    -25.84     4     1.3    2823     0   0   0   0    29.3228   -93.9105     9263    84.77     97.88     -999.00
0033    16.1   714.9     11.87   -999.0    2815    54    43.69    -35.20    -25.88     4     1.3    2817     0   0   0   0    29.3227   -93.9107     9242    84.75     97.86     -999.00
0034    16.6   715.4     11.90   -999.0    2809    54    43.70    -35.18    -25.92     4     1.3    2810     0   0   0   0    29.3226   -93.9108     9220    84.77     97.88     -999.00
0035    17.1   716.0     11.93   -999.0    2803    54    43.73    -35.19    -25.95     4     1.3    2804     0   0   0   0    29.3225   -93.9110     9199    84.83     97.95     -999.00
0036    17.6   716.5     11.96   -999.0    2796    54    43.77    -35.22    -25.99     4     1.3    2797     0   0   0   0    29.3224   -93.9112     9178    84.92     98.06     -999.00
0037    18.1   717.1     11.99     92.4    2790    54    43.84    -35.28    -26.03     4     1.3    2791     0   0   0   0    29.3223   -93.9114     9157    85.05     98.20      349.32
0038    18.6   717.6     12.02     92.4    2783    54    43.92    -35.35    -26.07     4     1.3    2784     0   0   0   0    29.3221   -93.9116     9135    85.20     98.38      349.33
0039    19.1   718.2     12.05     92.4    2777    54    44.00    -35.42    -26.10     4     1.3    2778     0   0   0   0    29.3220   -93.9118     9114    85.37     98.57      349.31
0040    19.6   718.7     12.08     92.3    2770    54    44.09    -35.50    -26.14     4     1.2    2771     0   0   0   0    29.3219   -93.9119     9093    85.53     98.76      349.30
0041    20.1   719.3     12.11     92.4    2764    54    44.16    -35.57    -26.17     4     1.2    2765     0   0   0   0    29.3218   -93.9121     9071    85.67     98.92      349.31
0042    20.6   719.8     12.13     92.4    2757    54    44.22    -35.63    -26.19     4     1.1    2758     0   0   0   0    29.3217   -93.9123     9050    85.78     99.05      349.33
0043    21.1   720.4     12.16     92.5    2751    54    44.25    -35.65    -26.20     4     1.1    2752     0   0   0   0    29.3215   -93.9125     9029    85.84     99.11      349.36
0044    21.6   721.0     12.19     92.6    2744    54    44.24    -35.65    -26.20     4     1.0    2745     0   0   0   0    29.3214   -93.9127     9007    85.83     99.10      349.38
0045    22.1   721.5     12.21     92.7    2737    54    44.20    -35.62    -26.18     4     1.0    2739     0   0   0   0    29.3213   -93.9129     8985    85.75     99.02      349.40
0046    22.6   722.1     12.24     92.8    2731    54    44.13    -35.55    -26.14     4      .9    2732     0   0   0   0    29.3212   -93.9130     8964    85.61     98.84      349.41
0047    23.1   722.7     12.26     92.9    2724    54    44.01    -35.45    -26.09     4      .9    2725     0   0   0   0    29.3211   -93.9132     8942    85.39     98.59      349.42
0048    23.6   723.2     12.28     93.0    2717    54    43.87    -35.32    -26.02     5      .8    2719     0   0   0   0    29.3210   -93.9134     8920    85.11     98.27      349.43
0049    24.1   723.8     12.31     93.1    2711    54    43.70    -35.17    -25.94     5      .8    2712     0   0   0   0    29.3208   -93.9136     8898    84.78     97.89      349.45
0050    24.6   724.4     12.33     93.2    2704    54    43.51    -35.01    -25.84     4      .7    2705     0   0   0   0    29.3207   -93.9138     8876    84.42     97.47      349.46
0051    25.1   725.0     12.36     93.2    2697    54    43.32    -34.84    -25.74     5      .6    2699     0   0   0   0    29.3206   -93.9140     8853    84.03     97.03      349.47
0052    25.6   725.6     12.38     93.3    2690    54    43.12    -34.67    -25.63     5      .6    2692     0   0   0   0    29.3205   -93.9141     8831    83.64     96.58      349.48
0053    26.1   726.2     12.41     93.4    2684    54    42.92    -34.51    -25.52     5      .6    2685     0   0   0   0    29.3204   -93.9143     8809    83.27     96.15      349.50
0054    26.6   726.7     12.44     93.5    2677    54    42.74    -34.37    -25.40     5      .5    2678     0   0   0   0    29.3203   -93.9145     8786    82.92     95.74      349.51
0055    27.1   727.3     12.46     93.5    2670    54    42.57    -34.24    -25.30     5      .5    2671     0   0   0   0    29.3201   -93.9147     8764    82.59     95.37      349.52
0056    27.6   727.9     12.49     93.6    2663    54    42.43    -34.14    -25.19     5      .5    2664     0   0   0   0    29.3200   -93.9148     8741    82.31     95.03      349.53
0057    28.1   728.5     12.52     93.6    2656    54    42.30    -34.05    -25.09     5      .5    2658     0   0   0   0    29.3199   -93.9150     8719    82.06     94.74      349.53
0058    28.6   729.1     12.55     93.6    2649    54    42.18    -33.99    -24.99     5      .5    2651     0   0   0   0    29.3198   -93.9152     8696    81.84     94.49      349.53
0059    29.1   729.7     12.57     93.6    2642    54    42.09    -33.94    -24.89     5      .4    2644     0   0   0   0    29.3197   -93.9154     8674    81.65     94.28      349.52
0060    29.6   730.3     12.60     93.6    2636    54    42.00    -33.89    -24.80     5      .4    2637     0   0   0   0    29.3196   -93.9155     8652    81.48     94.08      349.51
0061    30.1   730.9     12.63     93.6    2629    54    41.92    -33.86    -24.72     5      .4    2630     0   0   0   0    29.3195   -93.9157     8629    81.32     93.90      349.49
0062    30.6   731.5     12.66     93.6    2622    54    41.84    -33.82    -24.64     5      .4    2623     0   0   0   0    29.3194   -93.9159     8607    81.17     93.73      349.46
0063    31.1   732.1     12.69     93.5    2615    54    41.77    -33.78    -24.57     5      .4    2616     0   0   0   0    29.3192   -93.9161     8584    81.03     93.56      349.43
0064    31.6   732.7     12.72     93.4    2608    54    41.69    -33.72    -24.51     5      .4    2610     0   0   0   0    29.3191   -93.9162     8561    80.88     93.39      349.40
0065    32.1   733.3     12.75     93.4    2601    54    41.62    -33.66    -24.48     5      .3    2603     0   0   0   0    29.3190   -93.9164     8539    80.74     93.22      349.37
0066    32.6   733.9     12.78     93.3    2594    54    41.54    -33.58    -24.46     5      .3    2596     0   0   0   0    29.3189   -93.9166     8516    80.59     93.05      349.35
0067    33.1   734.5     12.81     93.3    2588    54    41.47    -33.48    -24.46     5      .3    2589     0   0   0   0    29.3188   -93.9168     8494    80.44     92.88      349.33
0068    33.6   735.1     12.84     93.2    2581    54    41.39    -33.37    -24.48     5      .3    2582     0   0   0   0    29.3187   -93.9169     8471    80.30     92.72      349.32
0069    34.1   735.7     12.87     93.2    2574    54    41.32    -33.25    -24.53     5      .2    2575     0   0   0   0    29.3186   -93.9171     8448    80.17     92.56      349.31
0070    34.6   736.3     12.90     93.2    2567    53    41.26    -33.12    -24.61     5      .2    2568     0   0   0   0    29.3185   -93.9173     8425    80.05     92.42      349.31
0071    35.1   736.9     12.94     93.2    2560    53    41.21    -32.99    -24.70     5      .2    2561     0   0   0   0    29.3184   -93.9174     8403    79.94     92.30      349.32
0072    35.6   737.5     12.97     93.3    2553    53    41.16    -32.85    -24.80     5      .2    2554     0   0   0   0    29.3182   -93.9176     8380    79.85     92.20      349.35
0073    36.1   738.1     13.00     93.4    2546    53    41.12    -32.72    -24.90     5      .2    2547     0   0   0   0    29.3181   -93.9178     8357    79.77     92.11      349.37
0074    36.6   738.7     13.03     93.4    2539    53    41.09    -32.60    -25.00     5      .2    2540     0   0   0   0    29.3180   -93.9179     8334    79.71     92.03      349.41
0075    37.1   739.3     13.06     93.6    2532    52    41.05    -32.50    -25.09     5      .2    2533     0   0   0   0    29.3179   -93.9181     8311    79.64     91.96      349.45
0076    37.6   739.9     13.09     93.7    2525    52    41.02    -32.40    -25.15     5      .3    2526     0   0   0   0    29.3178   -93.9183     8288    79.57     91.88      349.49
0077    38.1   740.6     13.12     93.8    2518    52    40.97    -32.32    -25.18     5      .3    2519     0   0   0   0    29.3177   -93.9184     8266    79.49     91.78      349.53
0078    38.6   741.2     13.14     93.9    2511    52    40.92    -32.25    -25.18     5      .3    2513     0   0   0   0    29.3176   -93.9186     8243    79.38     91.66      349.57
0079    39.1   741.8     13.17     94.0    2504    52    40.85    -32.20    -25.14     5      .4    2506     0   0   0   0    29.3175   -93.9188     8221    79.25     91.51      349.61
0080    39.6   742.4     13.20     94.2    2498    52    40.77    -32.15    -25.07     5      .4    2499     0   0   0   0    29.3173   -93.9190     8199    79.09     91.33      349.63
0081    40.1   743.0     13.22     94.3    2491    52    40.68    -32.12    -24.96     5      .5    2492     0   0   0   0    29.3172   -93.9191     8176    78.91     91.12      349.66
0082    40.6   743.5     13.25     94.3    2484    52    40.58    -32.10    -24.82     5      .5    2485     0   0   0   0    29.3171   -93.9193     8154    78.72     90.89      349.67
0083    41.1   744.1     13.27     94.4    2477    52    40.47    -32.08    -24.67     5      .5    2479     0   0   0   0    29.3170   -93.9195     8132    78.51     90.65      349.69
0084    41.6   744.7     13.30     94.5    2470    53    40.37    -32.07    -24.51     5      .5    2472     0   0   0   0    29.3169   -93.9196     8110    78.31     90.43      349.69
0085    42.1   745.3     13.32     94.5    2464    53    40.28    -32.07    -24.37     5      .5    2465     0   0   0   0    29.3168   -93.9198     8088    78.14     90.22      349.69
0086    42.6   745.9     13.35     94.6    2457    53    40.21    -32.08    -24.24     5      .5    2458     0   0   0   0    29.3167   -93.9200     8065    78.00     90.06      349.69
0087    43.1   746.5     13.37     94.7    2450    53    40.16    -32.09    -24.15     5      .4    2452     0   0   0   0    29.3166   -93.9201     8043    77.92     89.97      349.69
0088    43.6   747.1     13.39     94.7    2443    53    40.15    -32.11    -24.11     5      .4    2445     0   0   0   3    29.3165   -93.9203     8021    77.90     89.95      349.69
0089    44.1   747.7     13.42     94.8    2437    53    40.18    -32.14    -24.12     5      .4    2438     0   0   0   0    29.3164   -93.9205     7999    77.95     90.01      349.69
0090    44.6   748.3     13.44     94.9    2430    53    40.25    -32.17    -24.19     5      .3    2431     0   0   0   0    29.3162   -93.9206     7976    78.08     90.16      349.70
0091    45.1   748.9     13.46     95.0    2423    53    40.35    -32.20    -24.32     5      .3    2424     0   0   0   0    29.3161   -93.9208     7954    78.28     90.39      349.71
0092    45.6   749.6     13.49     95.1    2416    53    40.49    -32.23    -24.50     5      .2    2417     0   0   0   0    29.3160   -93.9210     7931    78.54     90.69      349.73
0093    46.1   750.2     13.51     95.2    2409    53    40.64    -32.26    -24.72     5      .2    2411     0   0   0   0    29.3159   -93.9211     7909    78.85     91.04      349.76
0094    46.6   750.8     13.53     95.4    2402    52    40.81    -32.28    -24.98     5      .1    2404     0   0   0   0    29.3158   -93.9213     7886    79.18     91.43      349.79
0095    47.1   751.4     13.56     95.5    2395    52    40.99    -32.28    -25.26     5      .1    2397     0   0   0   0    29.3157   -93.9215     7863    79.52     91.82      349.83
0096    47.6   752.0     13.58     95.7    2388    52    41.15    -32.27    -25.54     5      .0    2390     0   0   0   0    29.3156   -93.9216     7840    79.84     92.18      349.87
0097    48.1   752.6     13.60     95.9    2381    51    41.30    -32.23    -25.82     5      .0    2383     0   0   0   0    29.3155   -93.9218     7817    80.11     92.50      349.92
0098    48.6   753.3     13.63     96.0    2374    51    41.40    -32.17    -26.07     5     -.1    2376     0   0   0   0    29.3153   -93.9220     7794    80.32     92.75      349.96
0099    49.1   753.9     13.65     96.2    2367    51    41.47    -32.07    -26.29     5     -.2    2369     0   0   0   0    29.3152   -93.9221     7771    80.45     92.89      350.01
0100    49.6   754.5     13.68     96.4    2360    50    41.48    -31.94    -26.47     5     -.2    2362     0   0   0   0    29.3151   -93.9223     7748    80.48     92.93      350.06
0101    50.1   755.1     13.71     96.5    2353    50    41.45    -31.79    -26.60     5     -.3    2355     0   0   0   0    29.3150   -93.9225     7725    80.41     92.84      350.11
0102    50.6   755.8     13.73     96.7    2346    50    41.36    -31.60    -26.68     5     -.3    2347     0   0   0   0    29.3149   -93.9226     7701    80.23     92.64      350.15
0103    51.1   756.4     13.76     96.8    2339    50    41.22    -31.40    -26.71     5     -.4    2340     0   0   0   0    29.3147   -93.9228     7678    79.97     92.34      350.20
0104    51.6   757.1     13.79     96.9    2332    49    41.05    -31.17    -26.70     5     -.4    2333     0   0   0   0    29.3146   -93.9230     7654    79.63     91.94      350.24
0105    52.1   757.7     13.82     97.1    2325    49    40.84    -30.94    -26.66     4     -.4    2326     0   0   0   0    29.3145   -93.9231     7631    79.23     91.48      350.29
0106    52.6   758.3     13.85     97.2    2317    49    40.61    -30.70    -26.59     5     -.5    2319     0   0   0   0    29.3144   -93.9233     7607    78.79     90.98      350.33
0107    53.1   759.0     13.89     97.3    2310    49    40.38    -30.46    -26.51     5     -.5    2311     0   0   0   0    29.3143   -93.9234     7584    78.35     90.46      350.37
0108    53.6   759.6     13.92     97.4    2303    49    40.16    -30.24    -26.43     5     -.5    2304     0   0   0   0    29.3141   -93.9236     7560    77.91     89.96      350.41
0109    54.1   760.3     13.95     97.4    2296    49    39.95    -30.02    -26.36     5     -.5    2297     0   0   0   0    29.3140   -93.9237     7536    77.50     89.49      350.44
0110    54.6   760.9     13.98     97.5    2289    49    39.77    -29.83    -26.30     5     -.4    2290     0   0   0   0    29.3139   -93.9239     7513    77.14     89.07      350.47
0111    55.1   761.6     14.01     97.6    2281    48    39.61    -29.66    -26.26     5     -.4    2283     0   0   0   0    29.3138   -93.9240     7489    76.84     88.72      350.51
0112    55.6   762.2     14.04     97.7    2274    48    39.49    -29.51    -26.24     5     -.3    2276     0   0   0   0    29.3137   -93.9242     7466    76.60     88.45      350.53
0113    56.1   762.9     14.07     97.8    2267    48    39.40    -29.39    -26.24     5     -.2    2268     0   0   0   0    29.3135   -93.9243     7443    76.43     88.25      350.56
0114    56.6   763.5     14.09     97.9    2260    48    39.34    -29.29    -26.27     5     -.1    2261     0   0   0   0    29.3134   -93.9245     7419    76.32     88.13      350.59
0115    57.1   764.1     14.12     98.1    2253    48    39.32    -29.22    -26.31     5     -.1    2254     0   0   0   0    29.3133   -93.9247     7396    76.28     88.07      350.62
0116    57.6   764.7     14.14     98.2    2246    48    39.32    -29.17    -26.37     5      .0    2248     0   0   0   0    29.3132   -93.9248     7374    76.28     88.08      350.64
0117    58.1   765.4     14.16     98.3    2239    48    39.34    -29.14    -26.44     5      .1    2241     0   0   0   0    29.3131   -93.9250     7351    76.33     88.13      350.67
0118    58.6   766.0     14.18     98.5    2232    48    39.38    -29.13    -26.51     5      .2    2234     0   0   0   0    29.3130   -93.9251     7329    76.41     88.22      350.70
0119    59.1   766.6     14.20     98.7    2226    48    39.44    -29.14    -26.58     5      .3    2227     0   0   0   0    29.3128   -93.9253     7306    76.51     88.34      350.72
0120    59.6   767.2     14.21     98.8    2219    48    39.50    -29.16    -26.64     5      .4    2220     0   0   0   0    29.3127   -93.9254     7284    76.62     88.47      350.75
0121    60.1   767.8     14.23     99.0    2212    48    39.56    -29.19    -26.71     5      .5    2214     0   0   0   3    29.3126   -93.9256     7262    76.75     88.61      350.78
0122    60.6   768.4     14.25     99.2    2206    48    39.63    -29.22    -26.76     5      .5    2207     0   0   0   0    29.3125   -93.9257     7241    76.87     88.76      350.80
0123    61.1   769.0     14.27     99.4    2199    48    39.69    -29.27    -26.81     5      .6    2200     0   0   0   0    29.3123   -93.9259     7219    77.00     88.91      350.83
0124    61.6   769.6     14.29     99.5    2192    47    39.75    -29.31    -26.86     5      .6    2194     0   0   0   0    29.3122   -93.9260     7197    77.12     89.05      350.86
0125    62.1   770.2     14.31     99.7    2186    47    39.81    -29.34    -26.91     5      .6    2187     0   0   0   0    29.3121   -93.9262     7176    77.23     89.18      350.88
0126    62.6   770.8     14.33     99.8    2179    47    39.87    -29.37    -26.95     5      .6    2181     0   0   0   0    29.3120   -93.9263     7154    77.34     89.30      350.90
0127    63.1   771.4     14.35     99.9    2173    47    39.91    -29.39    -27.00     5      .6    2174     0   0   0   0    29.3119   -93.9265     7132    77.43     89.41      350.92
0128    63.6   772.0     14.37    100.0    2166    47    39.95    -29.40    -27.06     5      .6    2167     0   0   0   0    29.3117   -93.9266     7111    77.51     89.50      350.94
0129    64.1   772.6     14.40    100.0    2159    47    39.99    -29.39    -27.12     5      .6    2161     0   0   0   0    29.3116   -93.9268     7089    77.58     89.58      350.94
0130    64.6   773.2     14.43    100.0    2153    47    40.02    -29.37    -27.19     5      .5    2154     0   0   0   0    29.3115   -93.9269     7067    77.64     89.64      350.93
0131    65.1   773.8     14.45    100.0    2146    47    40.05    -29.34    -27.25     5      .5    2147     0   0   0   0    29.3114   -93.9271     7045    77.69     89.70      350.93
0132    65.6   774.4     14.48    100.0    2139    47    40.07    -29.31    -27.33     5      .5    2141     0   0   0   3    29.3112   -93.9272     7024    77.74     89.76      350.93
0133    66.1   775.0     14.51    100.0    2133    47    40.09    -29.28    -27.40     5      .4    2134     0   0   0   3    29.3111   -93.9274     7002    77.78     89.81      350.93
0134    66.6   775.6     14.54    100.0    2126    47    40.12    -29.25    -27.46     5      .4    2127     0   0   0   0    29.3110   -93.9276     6980    77.83     89.86      350.93
0135    67.1   776.3     14.57    100.0    2119    47    40.14    -29.22    -27.52     5      .4    2121     0   0   0   0    29.3109   -93.9277     6958    77.87     89.91      350.93
0136    67.6   776.9     14.60    100.0    2113    47    40.16    -29.21    -27.56     5      .4    2114     0   0   0   0    29.3108   -93.9279     6936    77.91     89.96      350.94
0137    68.1   777.5     14.63    100.0    2106    47    40.18    -29.21    -27.60     6      .4    2107     0   0   0   0    29.3106   -93.9280     6914    77.96     90.01      350.94
0138    68.6   778.1     14.66    100.0    2099    47    40.21    -29.23    -27.61     6      .4    2101     0   0   0   0    29.3105   -93.9282     6892    78.00     90.07      350.95
0139    69.1   778.7     14.69    100.0    2093    47    40.23    -29.25    -27.62     6      .4    2094     0   0   0   0    29.3104   -93.9283     6870    78.05     90.12      350.95
0140    69.6   779.3     14.72    100.0    2086    47    40.25    -29.29    -27.61     6      .4    2087     0   0   0   0    29.3103   -93.9285     6848    78.09     90.16      350.96
0141    70.1   779.9     14.75    100.0    2079    47    40.27    -29.32    -27.60     6      .4    2081     0   0   0   0    29.3101   -93.9286     6826    78.12     90.20      350.96
0142    70.6   780.5     14.78    100.0    2073    47    40.28    -29.36    -27.58     6      .5    2074     0   0   0   0    29.3100   -93.9288     6804    78.15     90.23      350.97
0143    71.1   781.2     14.81    100.0    2066    47    40.29    -29.38    -27.57     6      .5    2067     0   0   0   0    29.3099   -93.9289     6783    78.16     90.25      350.97
0144    71.6   781.8     14.84    100.0    2059    47    40.29    -29.38    -27.56     6      .5    2061     0   0   0   0    29.3098   -93.9291     6761    78.16     90.24      350.98
0145    72.1   782.4     14.87    100.0    2053    47    40.27    -29.36    -27.57     6      .5    2054     0   0   0   0    29.3096   -93.9292     6739    78.13     90.21      350.98
0146    72.6   783.0     14.90    100.0    2046    47    40.25    -29.30    -27.59     6      .5    2048     0   0   0   0    29.3095   -93.9294     6718    78.08     90.16      350.99
0147    73.1   783.6     14.93    100.0    2040    47    40.21    -29.21    -27.64     6      .6    2041     0   0   0   3    29.3094   -93.9295     6696    78.01     90.07      350.99
0148    73.6   784.2     14.96    100.0    2033    46    40.16    -29.07    -27.71     6      .6    2034     0   0   0   0    29.3093   -93.9297     6675    77.91     89.96      351.00
0149    74.1   784.8     14.99    100.0    2026    46    40.09    -28.90    -27.79     5      .6    2028     0   0   0   0    29.3091   -93.9298     6653    77.78     89.81      351.00
0150    74.6   785.4     15.02    100.0    2020    46    40.02    -28.69    -27.90     6      .6    2021     0   0   0   0    29.3090   -93.9300     6631    77.63     89.64      351.01
0151    75.1   786.0     15.05    100.0    2013    45    39.93    -28.45    -28.01     6      .6    2015     0   0   0   0    29.3089   -93.9301     6610    77.46     89.44      351.02
0152    75.6   786.6     15.08    100.0    2007    45    39.83    -28.20    -28.13     6      .7    2008     0   0   0   0    29.3088   -93.9303     6589    77.27     89.21      351.03
0153    76.1   787.2     15.11    100.0    2000    45    39.72    -27.93    -28.24     7      .7    2002     0   0   0   0    29.3086   -93.9304     6567    77.05     88.97      351.04
0154    76.6   787.8     15.14    100.0    1994    44    39.60    -27.67    -28.33     7      .7    1995     0   0   0   0    29.3085   -93.9306     6546    76.82     88.70      351.06
0155    77.1   788.4     15.17    100.0    1987    44    39.47    -27.41    -28.40     7      .8    1989     0   0   0   0    29.3084   -93.9307     6525    76.58     88.42      351.09
0156    77.6   789.0     15.21    100.0    1981    44    39.33    -27.18    -28.44     7      .9    1982     0   0   0   0    29.3082   -93.9308     6504    76.31     88.11      351.12
0157    78.1   789.6     15.24    100.0    1975    43    39.19    -26.97    -28.43     7      .9    1976     0   0   0   0    29.3081   -93.9310     6483    76.02     87.78      351.15
0158    78.6   790.2     15.28    100.0    1968    43    39.03    -26.78    -28.39     7     1.0    1970     0   0   0   3    29.3080   -93.9311     6462    75.71     87.42      351.20
0159    79.1   790.8     15.32    100.0    1962    43    38.86    -26.64    -28.29     6     1.1    1963     0   0   0   0    29.3079   -93.9312     6441    75.39     87.04      351.25
0160    79.6   791.4     15.37    100.0    1956    43    38.68    -26.52    -28.16     6     1.2    1957     0   0   0   0    29.3077   -93.9314     6420    75.04     86.65      351.32
0161    80.1   791.9     15.41    100.0    1949    43    38.50    -26.44    -27.99     7     1.3    1951     0   0   0   3    29.3076   -93.9315     6400    74.68     86.23      351.39
0162    80.6   792.5     15.46    100.0    1943    44    38.31    -26.38    -27.78     7     1.4    1945     0   0   0   0    29.3075   -93.9317     6380    74.32     85.81      351.48
0163    81.1   793.1     15.51    100.0    1937    44    38.13    -26.35    -27.56     7     1.4    1938     0   0   0   0    29.3074   -93.9318     6360    73.96     85.40      351.57
0164    81.6   793.6     15.56    100.0    1931    44    37.95    -26.33    -27.33     7     1.5    1932     0   0   0   0    29.3072   -93.9319     6340    73.62     85.01      351.67
0165    82.1   794.2     15.61    100.0    1925    44    37.79    -26.33    -27.11     6     1.6    1926     0   0   0   0    29.3071   -93.9321     6320    73.32     84.65      351.78
0166    82.6   794.8     15.66     99.9    1919    44    37.66    -26.33    -26.92     6     1.6    1920     0   0   0   0    29.3070   -93.9322     6300    73.05     84.35      351.86
0167    83.1   795.3     15.72     99.8    1913    45    37.55    -26.33    -26.76     6     1.6    1914     0   0   0   0    29.3069   -93.9323     6281    72.84     84.11      351.92
0168    83.6   795.9     15.77     99.6    1907    45    37.47    -26.33    -26.66     6     1.6    1908     0   0   0   0    29.3068   -93.9325     6261    72.70     83.94      351.96
0169    84.1   796.4     15.82     99.4    1901    45    37.43    -26.33    -26.61     6     1.6    1902     0   0   0   3    29.3066   -93.9326     6242    72.62     83.85      351.98
0170    84.6   797.0     15.87     99.2    1895    45    37.43    -26.32    -26.62     6     1.6    1896     0   0   0   0    29.3065   -93.9328     6222    72.62     83.85      351.99
0171    85.1   797.6     15.92     98.9    1889    45    37.47    -26.30    -26.69     6     1.5    1890     0   0   0   0    29.3064   -93.9329     6202    72.69     83.93      351.97
0172    85.6   798.1     15.97     98.6    1883    44    37.54    -26.27    -26.82     6     1.4    1884     0   0   0   0    29.3063   -93.9330     6182    72.83     84.09      351.93
0173    86.1   798.7     16.02     98.3    1877    44    37.64    -26.23    -27.00     6     1.4    1878     0   0   0   0    29.3061   -93.9332     6162    73.02     84.32      351.87
0174    86.6   799.3     16.07     97.9    1871    44    37.76    -26.17    -27.22     6     1.3    1872     0   0   0   0    29.3060   -93.9333     6142    73.26     84.59      351.79
0175    87.1   799.8     16.11     97.5    1865    44    37.90    -26.11    -27.46     6     1.2    1866     0   0   0   0    29.3059   -93.9334     6122    73.52     84.89      351.69
0176    87.6   800.4     16.15     97.1    1858    43    38.03    -26.04    -27.71     6     1.1    1860     0   0   0   0    29.3058   -93.9336     6102    73.78     85.19      351.58
0177    88.1   801.0     16.20     96.7    1852    43    38.15    -25.96    -27.96     6     1.0    1853     0   0   0   3    29.3057   -93.9337     6081    74.02     85.46      351.47
0178    88.6   801.6     16.24     96.3    1846    43    38.26    -25.87    -28.19     6      .9    1847     0   0   0   0    29.3055   -93.9338     6060    74.22     85.70      351.34
0179    89.1   802.2     16.28     95.9    1839    42    38.34    -25.76    -28.39     6      .9    1841     0   0   0   0    29.3054   -93.9340     6039    74.37     85.88      351.22
0180    89.6   802.8     16.32     95.5    1833    42    38.38    -25.64    -28.56     6      .8    1834     0   0   0   0    29.3053   -93.9341     6018    74.46     85.97      351.09
0181    90.1   803.4     16.35     95.2    1827    42    38.39    -25.50    -28.69     6      .7    1828     0   0   0   0    29.3051   -93.9342     5997    74.47     85.99      350.97
0182    90.6   804.0     16.39     94.9    1820    41    38.35    -25.35    -28.78     6      .7    1822     0   0   0   0    29.3050   -93.9344     5976    74.41     85.91      350.87
0183    91.1   804.6     16.43     94.6    1814    41    38.28    -25.18    -28.84     6      .6    1815     0   0   0   0    29.3049   -93.9345     5955    74.27     85.75      350.77
0184    91.6   805.2     16.46     94.4    1807    41    38.18    -24.99    -28.86     6      .6    1809     0   0   0   0    29.3047   -93.9346     5934    74.06     85.52      350.70
0185    92.1   805.8     16.49     94.2    1801    41    38.04    -24.79    -28.86     6      .6    1802     0   0   0   0    29.3046   -93.9348     5912    73.80     85.21      350.64
0186    92.6   806.5     16.52     94.2    1794    40    37.88    -24.57    -28.83     6      .5    1796     0   0   0   0    29.3045   -93.9349     5891    73.49     84.86      350.61
0187    93.1   807.1     16.54     94.2    1788    40    37.71    -24.35    -28.80     6      .5    1789     0   0   0   0    29.3044   -93.9350     5870    73.16     84.47      350.59
0188    93.6   807.7     16.56     94.2    1781    40    37.53    -24.12    -28.76     6      .4    1783     0   0   0   0    29.3042   -93.9351     5848    72.81     84.07      350.60
0189    94.1   808.3     16.58     94.4    1775    40    37.35    -23.89    -28.72     6      .4    1776     0   0   0   0    29.3041   -93.9352     5827    72.46     83.67      350.62
0190    94.6   808.9     16.59     94.6    1768    40    37.18    -23.66    -28.68     6      .3    1769     0   0   0   0    29.3040   -93.9354     5805    72.14     83.29      350.67
0191    95.1   809.6     16.60     94.9    1761    39    37.03    -23.45    -28.66     6      .3    1763     0   0   0   0    29.3038   -93.9355     5783    71.84     82.95      350.72
0192    95.6   810.2     16.61     95.2    1755    39    36.89    -23.25    -28.64     6      .2    1756     0   0   0   0    29.3037   -93.9356     5762    71.57     82.64      350.79
0193    96.1   810.8     16.62     95.6    1748    39    36.77    -23.08    -28.63     6      .2    1749     0   0   0   0    29.3036   -93.9357     5740    71.34     82.37      350.85
0194    96.6   811.5     16.62     95.9    1741    39    36.67    -22.92    -28.63     6      .1    1743     0   0   0   0    29.3034   -93.9359     5718    71.14     82.14      350.92
0195    97.1   812.1     16.62     96.3    1735    39    36.58    -22.78    -28.63     6      .1    1736     0   0   0   0    29.3033   -93.9360     5696    70.97     81.95      350.98
0196    97.6   812.7     16.63     96.6    1728    38    36.51    -22.66    -28.63     6      .0    1729     0   0   0   0    29.3032   -93.9361     5674    70.83     81.79      351.03
0197    98.1   813.4     16.64     96.9    1721    38    36.45    -22.56    -28.63     6      .0    1723     0   0   0   0    29.3031   -93.9362     5651    70.72     81.65      351.07
0198    98.6   814.0     16.64     97.1    1714    38    36.40    -22.47    -28.64     6     -.1    1716     0   0   0   0    29.3029   -93.9363     5629    70.61     81.53      351.10
0199    99.1   814.7     16.66     97.3    1708    38    36.35    -22.38    -28.64     6     -.1    1709     0   0   0   0    29.3028   -93.9364     5607    70.52     81.43      351.11
0200    99.6   815.3     16.67     97.5    1701    38    36.31    -22.30    -28.65     6     -.1    1702     0   0   0   0    29.3027   -93.9365     5585    70.44     81.33      351.12
0201   100.1   816.0     16.69     97.5    1694    38    36.27    -22.22    -28.66     6     -.2    1695     0   0   0   0    29.3025   -93.9367     5562    70.36     81.23      351.12
0202   100.6   816.6     16.72     97.6    1687    38    36.22    -22.13    -28.68     6     -.2    1689     0   0   0   0    29.3024   -93.9368     5540    70.28     81.14      351.12
0203   101.1   817.3     16.74     97.6    1680    38    36.18    -22.03    -28.71     6     -.2    1682     0   0   0   3    29.3023   -93.9369     5517    70.20     81.05      351.13
0204   101.6   817.9     16.77     97.6    1674    37    36.14    -21.91    -28.74     6     -.2    1675     0   0   0   0    29.3022   -93.9370     5495    70.12     80.96      351.14
0205   102.1   818.6     16.81     97.7    1667    37    36.10    -21.78    -28.79     7     -.2    1668     0   0   0   0    29.3020   -93.9371     5473    70.04     80.87      351.16
0206   102.6   819.2     16.84     97.7    1660    37    36.07    -21.65    -28.85     7     -.2    1661     0   0   0   0    29.3019   -93.9372     5450    69.98     80.80      351.20
0207   103.1   819.9     16.87     97.8    1653    37    36.04    -21.50    -28.93     7     -.2    1654     0   0   0   0    29.3018   -93.9373     5428    69.92     80.74      351.25
0208   103.6   820.5     16.90     97.9    1646    36    36.02    -21.36    -29.01     7     -.2    1647     0   0   0   0    29.3016   -93.9374     5405    69.89     80.69      351.32
0209   104.1   821.2     16.94     98.0    1639    36    36.02    -21.22    -29.11     7     -.2    1641     0   0   0   0    29.3015   -93.9376     5383    69.87     80.68      351.40
0210   104.6   821.9     16.97     98.2    1632    36    36.02    -21.09    -29.21     7     -.2    1634     0   0   0   0    29.3014   -93.9377     5360    69.89     80.70      351.49
0211   105.1   822.5     17.00     98.5    1626    36    36.05    -20.98    -29.31     7     -.2    1627     0   0   0   0    29.3012   -93.9378     5338    69.93     80.74      351.59
0212   105.6   823.2     17.02     98.7    1619    35    36.08    -20.90    -29.41     7     -.2    1620     0   0   0   0    29.3011   -93.9379     5315    70.00     80.83      351.69
0213   106.1   823.8     17.05     98.9    1612    35    36.14    -20.84    -29.52     7     -.1    1613     0   0   0   3    29.3010   -93.9380     5293    70.11     80.95      351.79
0214   106.6   824.5     17.07     99.2    1605    35    36.21    -20.82    -29.63     7     -.1    1607     0   0   0   0    29.3008   -93.9381     5271    70.25     81.12      351.89
0215   107.1   825.1     17.10     99.4    1598    35    36.30    -20.81    -29.74     7      .0    1600     0   0   0   0    29.3007   -93.9382     5249    70.42     81.31      351.97
0216   107.6   825.8     17.12     99.6    1592    35    36.40    -20.83    -29.85     7      .0    1593     0   0   0   3    29.3006   -93.9383     5227    70.62     81.54      352.05
0217   108.1   826.4     17.15     99.7    1585    35    36.52    -20.87    -29.96     7      .1    1586     0   0   0   0    29.3004   -93.9384     5205    70.84     81.79      352.11
0218   108.6   827.0     17.18     99.8    1578    35    36.63    -20.92    -30.07     7      .1    1580     0   0   0   0    29.3003   -93.9385     5183    71.07     82.06      352.16
0219   109.1   827.7     17.21     99.9    1572    35    36.75    -20.97    -30.18     7      .2    1573     0   0   0   0    29.3002   -93.9386     5161    71.29     82.32      352.21
0220   109.6   828.3     17.24    100.0    1565    35    36.86    -21.02    -30.27     7      .2    1567     0   0   0   0    29.3000   -93.9387     5140    71.50     82.56      352.25
0221   110.1   829.0     17.27    100.0    1559    35    36.95    -21.06    -30.36     7      .2    1560     0   0   0   0    29.2999   -93.9388     5118    71.69     82.77      352.28
0222   110.6   829.6     17.31    100.0    1552    35    37.03    -21.08    -30.44     7      .2    1553     0   0   0   0    29.2997   -93.9389     5097    71.83     82.94      352.32
0223   111.1   830.2     17.34    100.0    1546    35    37.08    -21.08    -30.50     7      .2    1547     0   0   0   0    29.2996   -93.9390     5075    71.93     83.06      352.36
0224   111.6   830.9     17.38    100.0    1539    35    37.10    -21.05    -30.55     7      .2    1540     0   0   0   0    29.2995   -93.9392     5053    71.98     83.11      352.40
0225   112.1   831.5     17.42    100.0    1532    34    37.10    -21.00    -30.58     7      .2    1534     0   0   0   0    29.2993   -93.9393     5032    71.97     83.10      352.44
0226   112.6   832.1     17.46     99.9    1526    34    37.07    -20.92    -30.60     7      .1    1527     0   0   0   0    29.2992   -93.9394     5010    71.91     83.03      352.49
0227   113.1   832.8     17.50     99.9    1519    34    37.01    -20.81    -30.61     7      .1    1521     0   0   0   0    29.2991   -93.9395     4989    71.81     82.91      352.55
0228   113.6   833.4     17.55     99.9    1513    34    36.94    -20.69    -30.60     7      .0    1514     0   0   0   0    29.2989   -93.9396     4967    71.67     82.75      352.61
0229   114.1   834.1     17.59     99.9    1506    34    36.86    -20.56    -30.60     7      .0    1507     0   0   0   0    29.2988   -93.9397     4945    71.52     82.57      352.67
0230   114.6   834.7     17.63     99.9    1499    34    36.78    -20.43    -30.59     7     -.1    1501     0   0   0   0    29.2987   -93.9398     4923    71.36     82.39      352.73
0231   115.1   835.4     17.67     99.9    1492    34    36.71    -20.29    -30.59     7     -.2    1494     0   0   0   0    29.2985   -93.9399     4901    71.21     82.22      352.79
0232   115.6   836.0     17.71     99.9    1486    33    36.64    -20.17    -30.59     7     -.2    1487     0   0   0   0    29.2984   -93.9400     4879    71.09     82.08      352.84
0233   116.1   836.7     17.75     99.9    1479    33    36.60    -20.07    -30.61     7     -.3    1480     0   0   0   0    29.2982   -93.9401     4856    71.01     81.99      352.89
0234   116.6   837.4     17.79     99.9    1472    33    36.58    -19.98    -30.65     7     -.4    1473     0   0   0   0    29.2981   -93.9402     4834    70.97     81.95      352.93
0235   117.1   838.0     17.83     99.9    1465    33    36.59    -19.91    -30.70     7     -.4    1466     0   0   0   0    29.2980   -93.9403     4811    70.99     81.97      352.97
0236   117.6   838.7     17.87     99.8    1458    33    36.63    -19.87    -30.77     7     -.5    1460     0   0   0   0    29.2978   -93.9404     4789    71.06     82.05      353.00
0237   118.1   839.4     17.91     99.8    1451    33    36.69    -19.84    -30.86     7     -.5    1453     0   0   0   0    29.2977   -93.9405     4766    71.18     82.19      353.02
0238   118.6   840.0     17.95     99.7    1444    33    36.77    -19.83    -30.97     7     -.5    1446     0   0   0   0    29.2975   -93.9406     4743    71.34     82.37      353.04
0239   119.1   840.7     17.99     99.7    1437    33    36.87    -19.84    -31.08     7     -.5    1439     0   0   0   0    29.2974   -93.9407     4721    71.53     82.59      353.06
0240   119.6   841.4     18.03     99.6    1431    32    36.98    -19.86    -31.19     7     -.5    1432     0   0   0   0    29.2973   -93.9408     4698    71.74     82.83      353.07
0241   120.1   842.1     18.07     99.5    1424    32    37.09    -19.89    -31.31     7     -.5    1425     0   0   0   0    29.2971   -93.9409     4675    71.95     83.08      353.07
0242   120.6   842.8     18.11     99.4    1417    32    37.20    -19.92    -31.41     7     -.5    1418     0   0   0   0    29.2970   -93.9410     4652    72.16     83.32      353.08
0243   121.1   843.4     18.15     99.3    1410    32    37.29    -19.96    -31.50     7     -.5    1411     0   0   0   0    29.2968   -93.9411     4630    72.35     83.54      353.07
0244   121.6   844.1     18.19     99.2    1403    32    37.38    -20.00    -31.58     7     -.4    1404     0   0   0   0    29.2967   -93.9412     4607    72.51     83.73      353.07
0245   122.1   844.8     18.23     99.0    1396    32    37.45    -20.03    -31.64     7     -.4    1397     0   0   0   0    29.2966   -93.9413     4585    72.65     83.89      353.05
0246   122.6   845.4     18.28     98.9    1389    32    37.51    -20.07    -31.68     7     -.3    1391     0   0   0   0    29.2964   -93.9414     4562    72.76     84.01      353.03
0247   123.1   846.1     18.32     98.7    1382    32    37.55    -20.11    -31.71     7     -.3    1384     0   0   0   0    29.2963   -93.9415     4540    72.84     84.11      353.01
0248   123.6   846.8     18.36     98.5    1376    32    37.58    -20.15    -31.72     7     -.2    1377     0   0   0   0    29.2961   -93.9416     4518    72.90     84.18      352.97
0249   124.1   847.4     18.41     98.2    1369    32    37.60    -20.19    -31.72     7     -.2    1370     0   0   0   0    29.2960   -93.9417     4496    72.95     84.23      352.93
0250   124.6   848.1     18.45     98.0    1362    33    37.62    -20.23    -31.72     7     -.1    1364     0   0   0   0    29.2958   -93.9418     4474    72.99     84.28      352.88
0251   125.1   848.8     18.49     97.7    1356    33    37.64    -20.27    -31.72     7      .0    1357     0   0   0   0    29.2957   -93.9420     4452    73.02     84.32      352.82
0252   125.6   849.4     18.54     97.4    1349    33    37.66    -20.31    -31.71     7      .0    1350     0   0   0   0    29.2955   -93.9421     4430    73.06     84.36      352.76
0253   126.1   850.1     18.58     97.2    1342    33    37.68    -20.35    -31.71     7      .1    1344     0   0   0   0    29.2954   -93.9422     4409    73.11     84.41      352.70
0254   126.6   850.7     18.63     96.9    1336    33    37.71    -20.39    -31.72     7      .1    1337     0   0   0   0    29.2953   -93.9423     4387    73.16     84.47      352.64
0255   127.1   851.3     18.67     96.6    1329    33    37.74    -20.43    -31.74     7      .2    1331     0   0   0   3    29.2951   -93.9424     4366    73.22     84.55      352.58
0256   127.6   852.0     18.72     96.4    1323    33    37.78    -20.46    -31.77     7      .2    1324     0   0   0   0    29.2950   -93.9425     4344    73.30     84.64      352.53
0257   128.1   852.6     18.76     96.2    1316    33    37.83    -20.49    -31.80     7      .3    1318     0   0   0   0    29.2948   -93.9426     4323    73.40     84.75      352.50
0258   128.6   853.3     18.79     96.1    1310    33    37.89    -20.52    -31.85     7      .3    1311     0   0   0   0    29.2947   -93.9427     4302    73.51     84.87      352.48
0259   129.1   853.9     18.83     96.0    1303    33    37.96    -20.54    -31.92     7      .4    1305     0   0   0   0    29.2945   -93.9428     4281    73.63     85.02      352.47
0260   129.6   854.5     18.86     96.0    1297    33    38.04    -20.57    -31.99     7      .4    1298     0   0   0   0    29.2944   -93.9429     4260    73.79     85.20      352.49
0261   130.1   855.2     18.88     96.0    1291    33    38.13    -20.60    -32.09     7      .5    1292     0   0   0   3    29.2943   -93.9430     4239    73.97     85.41      352.52
0262   130.6   855.8     18.91     96.2    1284    33    38.24    -20.63    -32.19     7      .5    1286     0   0   0   0    29.2941   -93.9431     4218    74.18     85.65      352.57
0263   131.1   856.4     18.93     96.4    1278    33    38.36    -20.67    -32.31     7      .5    1279     0   0   0   0    29.2940   -93.9432     4197    74.42     85.92      352.63
0264   131.6   857.1     18.94     96.6    1272    33    38.50    -20.72    -32.45     7      .6    1273     0   0   0   0    29.2938   -93.9433     4177    74.69     86.23      352.71
0265   132.1   857.7     18.95     96.9    1265    33    38.65    -20.78    -32.59     7      .6    1267     0   0   0   0    29.2937   -93.9435     4156    74.98     86.58      352.79
0266   132.6   858.3     18.96     97.2    1259    32    38.82    -20.85    -32.74     7      .6    1260     0   0   0   0    29.2935   -93.9436     4135    75.30     86.95      352.87
0267   133.1   858.9     18.97     97.6    1253    32    38.99    -20.93    -32.90     7      .6    1254     0   0   0   0    29.2934   -93.9437     4115    75.64     87.34      352.96
0268   133.6   859.6     18.98     97.9    1247    32    39.17    -21.01    -33.05     7      .6    1248     0   0   0   0    29.2932   -93.9438     4094    75.98     87.73      353.04
0269   134.1   860.2     18.98     98.2    1240    32    39.34    -21.10    -33.20     6      .6    1242     0   0   0   0    29.2931   -93.9439     4073    76.32     88.13      353.10
0270   134.6   860.8     18.99     98.5    1234    32    39.51    -21.19    -33.35     6      .6    1235     0   0   0   0    29.2929   -93.9440     4053    76.65     88.50      353.16
0271   135.1   861.4     19.00     98.7    1228    32    39.67    -21.28    -33.47     6      .6    1229     0   0   0   0    29.2928   -93.9441     4032    76.95     88.85      353.20
0272   135.6   862.1     19.01     98.8    1221    32    39.81    -21.36    -33.59     6      .6    1223     0   0   0   0    29.2926   -93.9442     4012    77.22     89.16      353.22
0273   136.1   862.7     19.03     98.9    1215    32    39.93    -21.43    -33.69     6      .6    1216     0   0   0   0    29.2925   -93.9443     3991    77.46     89.43      353.22
0274   136.6   863.3     19.05     98.9    1209    32    40.03    -21.49    -33.77     6      .5    1210     0   0   0   0    29.2923   -93.9444     3970    77.65     89.66      353.21
0275   137.1   864.0     19.08     98.9    1203    32    40.11    -21.54    -33.84     6      .5    1204     0   0   0   0    29.2922   -93.9445     3950    77.82     89.85      353.19
0276   137.6   864.6     19.10     98.8    1196    32    40.18    -21.58    -33.90     6      .5    1198     0   0   0   0    29.2920   -93.9446     3929    77.95     90.01      353.15
0277   138.1   865.2     19.14     98.6    1190    32    40.25    -21.61    -33.95     6      .5    1191     0   0   0   3    29.2919   -93.9448     3908    78.08     90.15      353.11
0278   138.6   865.9     19.18     98.4    1184    32    40.31    -21.64    -34.00     6      .4    1185     0   0   0   0    29.2917   -93.9449     3887    78.20     90.29      353.06
0279   139.1   866.5     19.22     98.2    1177    32    40.37    -21.68    -34.06     6      .4    1178     0   0   0   0    29.2916   -93.9450     3866    78.32     90.44      353.02
0280   139.6   867.1     19.26     98.0    1171    32    40.45    -21.73    -34.12     6      .4    1172     0   0   0   3    29.2914   -93.9451     3845    78.48     90.62      352.98
0281   140.1   867.8     19.31     97.7    1164    32    40.55    -21.78    -34.20     6      .4    1166     0   0   0   0    29.2912   -93.9452     3825    78.67     90.83      352.94
0282   140.6   868.4     19.35     97.5    1158    33    40.67    -21.86    -34.30     7      .3    1159     0   0   0   0    29.2911   -93.9453     3804    78.90     91.10      352.91
0283   141.1   869.1     19.40     97.3    1152    33    40.82    -21.95    -34.42     7      .3    1153     0   0   0   0    29.2909   -93.9454     3783    79.19     91.43      352.90
0284   141.6   869.7     19.44     97.1    1145    33    40.99    -22.06    -34.55     6      .3    1146     0   0   0   0    29.2908   -93.9456     3761    79.52     91.82      352.89
0285   142.1   870.3     19.49     97.0    1139    33    41.19    -22.18    -34.70     6      .3    1140     0   0   0   0    29.2906   -93.9457     3740    79.90     92.26      352.90
0286   142.6   871.0     19.53     96.9    1132    33    41.40    -22.32    -34.87     6      .3    1134     0   0   0   0    29.2905   -93.9458     3719    80.32     92.74      352.92
0287   143.1   871.6     19.57     96.9    1126    33    41.63    -22.47    -35.05     6      .3    1127     0   0   0   0    29.2903   -93.9459     3698    80.77     93.26      352.95
0288   143.6   872.3     19.61     96.8    1119    33    41.87    -22.62    -35.23     6      .3    1121     0   0   0   0    29.2902   -93.9460     3677    81.23     93.79      352.98
0289   144.1   872.9     19.64     96.9    1113    33    42.11    -22.77    -35.42     6      .3    1114     0   0   0   0    29.2900   -93.9461     3656    81.69     94.32      353.03
0290   144.6   873.6     19.67     96.9    1107    33    42.34    -22.91    -35.61     6      .3    1108     0   0   0   0    29.2898   -93.9462     3635    82.15     94.85      353.07
0291   145.1   874.2     19.69     97.0    1100    33    42.57    -23.04    -35.79     6      .3    1102     0   0   0   0    29.2897   -93.9464     3614    82.59     95.36      353.12
0292   145.6   874.9     19.72     97.2    1094    33    42.79    -23.16    -35.98     6      .3    1095     0   0   0   0    29.2895   -93.9465     3593    83.00     95.84      353.17
0293   146.1   875.5     19.74     97.3    1088    33    42.99    -23.26    -36.15     6      .4    1089     0   0   0   0    29.2893   -93.9466     3572    83.40     96.29      353.22
0294   146.6   876.2     19.75     97.5    1081    33    43.18    -23.34    -36.33     6      .4    1083     0   0   0   0    29.2892   -93.9467     3552    83.76     96.72      353.27
0295   147.1   876.8     19.76     97.7    1075    33    43.35    -23.40    -36.50     6      .4    1076     0   0   0   0    29.2890   -93.9469     3531    84.11     97.11      353.31
0296   147.6   877.4     19.77     97.9    1069    33    43.52    -23.44    -36.67     6      .4    1070     0   0   0   0    29.2889   -93.9470     3510    84.43     97.49      353.34
0297   148.1   878.1     19.78     98.1    1062    32    43.68    -23.46    -36.84     7      .4    1064     0   0   0   0    29.2887   -93.9471     3489    84.74     97.85      353.36
0298   148.6   878.7     19.79     98.3    1056    32    43.84    -23.47    -37.02     7      .4    1057     0   0   0   0    29.2885   -93.9472     3468    85.04     98.19      353.38
0299   149.1   879.4     19.79     98.5    1050    32    43.98    -23.47    -37.20     7      .4    1051     0   0   0   0    29.2883   -93.9473     3448    85.33     98.52      353.39
0300   149.6   880.0     19.79     98.7    1043    32    44.13    -23.46    -37.37     7      .4    1045     0   0   0   0    29.2882   -93.9475     3427    85.61     98.85      353.39
0301   150.1   880.7     19.79     98.9    1037    32    44.26    -23.44    -37.55     7      .4    1038     0   0   0   0    29.2880   -93.9476     3406    85.87     99.15      353.38
0302   150.6   881.3     19.80     99.1    1030    32    44.39    -23.42    -37.71     7      .4    1032     0   0   0   0    29.2878   -93.9477     3385    86.12     99.43      353.37
0303   151.1   881.9     19.80     99.3    1024    32    44.50    -23.38    -37.87     6      .4    1025     0   0   0   0    29.2877   -93.9478     3364    86.34     99.69      353.36
0304   151.6   882.6     19.80     99.4    1018    32    44.60    -23.34    -38.00     7      .4    1019     0   0   0   0    29.2875   -93.9480     3344    86.52     99.90      353.34
0305   152.1   883.2     19.81     99.6    1011    31    44.67    -23.29    -38.12     7      .3    1013     0   0   0   0    29.2873   -93.9481     3323    86.67    100.07      353.33
0306   152.6   883.9     19.82     99.7    1005    31    44.72    -23.24    -38.22     7      .4    1006     0   0   0   0    29.2872   -93.9482     3302    86.77    100.18      353.31
0307   153.1   884.5     19.82     99.8     999    31    44.75    -23.17    -38.29     7      .4    1000     0   0   0   0    29.2870   -93.9483     3281    86.82    100.25      353.29
0308   153.6   885.2     19.84     99.9     992    31    44.76    -23.09    -38.34     7      .4     994     0   0   0   0    29.2868   -93.9484     3260    86.83    100.25      353.26
0309   154.1   885.8     19.85     99.9     986    31    44.74    -23.00    -38.37     7      .4     987     0   0   0   0    29.2866   -93.9486     3240    86.80    100.22      353.24
0310   154.6   886.5     19.87     99.9     980    31    44.71    -22.90    -38.39     7      .4     981     0   0   0   0    29.2865   -93.9487     3219    86.73    100.14      353.21
0311   155.1   887.1     19.89     99.9     974    31    44.66    -22.79    -38.41     7      .4     975     0   0   0   0    29.2863   -93.9488     3198    86.64    100.04      353.18
0312   155.6   887.8     19.92     99.8     967    31    44.61    -22.68    -38.42     7      .4     969     0   0   0   0    29.2861   -93.9489     3178    86.55     99.93      353.15
0313   156.1   888.4     19.94     99.7     961    30    44.56    -22.56    -38.43     7      .4     962     0   0   0   0    29.2859   -93.9490     3157    86.46     99.82      353.11
0314   156.6   889.1     19.97     99.6     955    30    44.53    -22.43    -38.46     7      .4     956     0   0   0   0    29.2858   -93.9491     3136    86.38     99.74      353.06
0315   157.1   889.7     20.01     99.4     948    30    44.50    -22.31    -38.51     6      .5     950     0   0   0   0    29.2856   -93.9492     3116    86.34     99.69      353.00
0316   157.6   890.3     20.04     99.2     942    30    44.50    -22.19    -38.57     7      .5     943     0   0   0   0    29.2854   -93.9494     3095    86.33     99.68      352.93
0317   158.1   891.0     20.08     99.0     936    30    44.52    -22.07    -38.67     7      .5     937     0   0   0   0    29.2852   -93.9495     3075    86.37     99.73      352.85
0318   158.6   891.6     20.11     98.7     930    30    44.57    -21.97    -38.78     7      .6     931     0   0   0   0    29.2851   -93.9496     3054    86.47     99.84      352.76
0319   159.1   892.3     20.15     98.4     923    29    44.64    -21.87    -38.92     7      .6     925     0   0   0   0    29.2849   -93.9497     3034    86.61    100.00      352.67
0320   159.6   892.9     20.19     98.1     917    29    44.74    -21.78    -39.08     7      .6     919     0   0   0   0    29.2847   -93.9498     3014    86.80    100.22      352.57
0321   160.1   893.5     20.22     97.8     911    29    44.86    -21.70    -39.26     7      .7     912     0   0   0   0    29.2845   -93.9499     2993    87.02    100.48      352.46
0322   160.6   894.2     20.26     97.5     905    29    44.99    -21.64    -39.44     7      .7     906     0   0   0   0    29.2844   -93.9501     2973    87.28    100.78      352.35
0323   161.1   894.8     20.29     97.2     899    29    45.13    -21.58    -39.63     7      .8     900     0   0   0   0    29.2842   -93.9502     2953    87.55    101.08      352.24
0324   161.6   895.4     20.32     97.0     893    28    45.27    -21.54    -39.81     7      .8     894     0   0   0   0    29.2840   -93.9503     2933    87.81    101.39      352.13
0325   162.1   896.0     20.35     96.7     887    28    45.40    -21.50    -39.98     7      .8     888     0   0   0   0    29.2838   -93.9504     2914    88.07    101.69      352.03
0326   162.6   896.7     20.38     96.5     881    28    45.52    -21.46    -40.14     7      .9     882     0   0   0   0    29.2836   -93.9505     2894    88.30    101.96      351.93
0327   163.1   897.3     20.40     96.4     875    28    45.62    -21.43    -40.27     7      .9     876     0   0   0   0    29.2835   -93.9506     2874    88.50    102.19      351.84
0328   163.6   897.9     20.42     96.2     869    28    45.70    -21.40    -40.39     7      .9     870     0   0   0   0    29.2833   -93.9507     2854    88.67    102.38      351.75
0329   164.1   898.5     20.44     96.1     863    28    45.77    -21.36    -40.48     7      .9     864     0   0   0   0    29.2831   -93.9508     2835    88.79    102.53      351.68
0330   164.6   899.1     20.46     96.0     857    28    45.82    -21.32    -40.56     6      .9     858     0   0   0   0    29.2829   -93.9509     2815    88.89    102.64      351.61
0331   165.1   899.8     20.48     96.0     851    28    45.86    -21.28    -40.63     6      .9     852     0   0   0   0    29.2827   -93.9510     2795    88.97    102.73      351.54
0332   165.6   900.4     20.49     95.9     845    28    45.90    -21.24    -40.69     6      .9     846     0   0   0   0    29.2825   -93.9511     2775    89.04    102.81      351.48
0333   166.1   901.0     20.51     95.9     839    27    45.94    -21.20    -40.75     6      .9     840     0   0   0   0    29.2824   -93.9512     2756    89.12    102.90      351.43
0334   166.6   901.6     20.53     95.9     833    27    45.98    -21.16    -40.82     6      .9     834     0   0   0   0    29.2822   -93.9513     2736    89.21    103.00      351.38
0335   167.1   902.3     20.54     95.8     827    27    46.04    -21.13    -40.90     6      .9     828     0   0   0   0    29.2820   -93.9515     2716    89.32    103.13      351.32
0336   167.6   902.9     20.56     95.8     821    27    46.11    -21.11    -40.99     6      .9     822     0   0   0   0    29.2818   -93.9516     2697    89.45    103.28      351.28
0337   168.1   903.5     20.58     95.8     815    27    46.18    -21.09    -41.08     7      .9     816     0   0   0   0    29.2816   -93.9517     2677    89.59    103.44      351.23
0338   168.6   904.1     20.60     95.7     809    27    46.25    -21.08    -41.17     7      .9     810     0   0   0   3    29.2814   -93.9518     2657    89.73    103.61      351.19
0339   169.1   904.8     20.62     95.7     802    27    46.32    -21.06    -41.25     7      .9     804     0   0   0   0    29.2813   -93.9519     2637    89.86    103.75      351.16
0340   169.6   905.4     20.64     95.7     796    27    46.36    -21.04    -41.32     7      .9     798     0   0   0   0    29.2811   -93.9520     2618    89.95    103.86      351.13
0341   170.1   906.0     20.66     95.7     790    27    46.38    -21.00    -41.35     7      .9     792     0   0   0   0    29.2809   -93.9521     2598    89.98    103.89      351.11
0342   170.6   906.7     20.68     95.7     784    27    46.35    -20.93    -41.36     7      .9     786     0   0   0   0    29.2807   -93.9522     2578    89.92    103.83      351.10
0343   171.1   907.3     20.70     95.7     778    27    46.27    -20.82    -41.32     7      .9     780     0   0   0   0    29.2805   -93.9523     2558    89.76    103.64      351.10
0344   171.6   907.9     20.71     95.8     772    27    46.13    -20.67    -41.24     7      .9     774     0   0   0   0    29.2803   -93.9524     2539    89.49    103.33      351.11
0345   172.1   908.5     20.73     95.9     766    26    45.93    -20.45    -41.12     7      .9     768     0   0   0   0    29.2801   -93.9525     2519    89.10    102.88      351.13
0346   172.6   909.2     20.74     96.1     760    26    45.67    -20.17    -40.97     6      .9     762     0   0   0   0    29.2799   -93.9526     2499    88.60    102.30      351.16
0347   173.1   909.8     20.76     96.3     754    26    45.36    -19.82    -40.80     6      .9     756     0   0   0   0    29.2798   -93.9527     2480    88.00    101.60      351.20
0348   173.6   910.4     20.77     96.5     748    26    45.01    -19.40    -40.61     7      .9     750     0   0   0   0    29.2796   -93.9528     2460    87.32    100.82      351.25
0349   174.1   911.0     20.77     96.7     743    25    44.64    -18.93    -40.43     7      .9     744     0   0   0   0    29.2794   -93.9529     2440    86.60     99.99      351.31
0350   174.6   911.7     20.78     97.0     737    25    44.26    -18.41    -40.25     7     1.0     738     0   0   0   0    29.2792   -93.9530     2421    85.86     99.14      351.37
0351   175.1   912.3     20.78     97.3     731    24    43.89    -17.86    -40.10     7     1.0     732     0   0   0   0    29.2790   -93.9531     2401    85.16     98.32      351.43
0352   175.6   912.9     20.78     97.6     725    23    43.56    -17.31    -39.97     7     1.0     726     0   0   0   0    29.2789   -93.9532     2382    84.51     97.57      351.50
0353   176.1   913.5     20.79     97.9     719    23    43.27    -16.76    -39.89     7     1.0     720     0   0   0   0    29.2787   -93.9533     2363    83.94     96.92      351.57
0354   176.6   914.2     20.79     98.2     713    22    43.03    -16.25    -39.84     7     1.0     714     0   0   0   0    29.2785   -93.9534     2343    83.47     96.38      351.63
0355   177.1   914.8     20.79     98.5     707    22    42.84    -15.78    -39.83     7     1.0     708     0   0   0   0    29.2783   -93.9535     2324    83.12     95.97      351.68
0356   177.6   915.4     20.80     98.8     701    21    42.71    -15.38    -39.85     7     1.0     702     0   0   0   0    29.2781   -93.9535     2305    82.86     95.68      351.73
0357   178.1   916.0     20.80     99.0     695    21    42.63    -15.06    -39.88     7     1.0     697     0   0   0   0    29.2780   -93.9536     2285    82.69     95.48      351.76
0358   178.6   916.6     20.81     99.2     689    20    42.57    -14.81    -39.91     7     1.0     691     0   0   0   0    29.2778   -93.9537     2266    82.58     95.35      351.79
0359   179.1   917.2     20.83     99.3     684    20    42.52    -14.65    -39.92     7     1.0     685     0   0   0   0    29.2776   -93.9538     2247    82.49     95.25      351.81
0360   179.6   917.9     20.85     99.3     678    20    42.47    -14.56    -39.90     7     1.0     679     0   0   0   0    29.2774   -93.9538     2228    82.40     95.14      351.81
0361   180.1   918.5     20.87     99.3     672    20    42.41    -14.55    -39.83     7     1.0     673     0   0   0   0    29.2772   -93.9539     2208    82.27     94.99      351.82
0362   180.6   919.1     20.90     99.3     666    20    42.31    -14.59    -39.71     7     1.0     667     0   0   0   0    29.2771   -93.9540     2189    82.08     94.77      351.81
0363   181.1   919.7     20.93     99.2     660    20    42.17    -14.69    -39.53     7     1.1     661     0   0   0   0    29.2769   -93.9541     2170    81.82     94.47      351.80
0364   181.6   920.4     20.97     99.1     654    21    42.00    -14.82    -39.30     7     1.1     655     0   0   0   0    29.2767   -93.9541     2150    81.48     94.08      351.79
0365   182.1   921.0     21.01     98.9     648    21    41.79    -14.98    -39.01     6     1.1     650     0   0   0   0    29.2765   -93.9542     2131    81.07     93.61      351.77
0366   182.6   921.6     21.05     98.7     642    21    41.55    -15.15    -38.69     7     1.1     644     0   0   0   0    29.2764   -93.9543     2112    80.61     93.07      351.75
0367   183.1   922.2     21.09     98.5     637    22    41.30    -15.33    -38.35     7     1.1     638     0   0   0   0    29.2762   -93.9544     2093    80.12     92.51      351.74
0368   183.6   922.8     21.14     98.2     631    22    41.04    -15.50    -38.00     7     1.1     632     0   0   0   0    29.2760   -93.9544     2074    79.62     91.93      351.72
0369   184.1   923.4     21.19     98.0     625    23    40.80    -15.67    -37.67     7     1.1     626     0   0   0   0    29.2758   -93.9545     2055    79.15     91.39      351.70
0370   184.6   924.1     21.24     97.7     619    23    40.58    -15.82    -37.36     7     1.1     620     0   0   0   0    29.2757   -93.9546     2036    78.72     90.89      351.68
0371   185.1   924.7     21.29     97.4     613    23    40.39    -15.95    -37.10     7     1.0     615     0   0   0   0    29.2755   -93.9547     2017    78.35     90.46      351.66
0372   185.6   925.3     21.34     97.2     607    24    40.23    -16.05    -36.89     7      .9     609     0   0   0   0    29.2753   -93.9548     1997    78.04     90.11      351.65
0373   186.1   925.9     21.39     97.0     602    24    40.11    -16.11    -36.73     7      .8     603     0   0   0   0    29.2752   -93.9549     1978    77.80     89.84      351.65
0374   186.6   926.6     21.44     96.8     596    24    40.01    -16.13    -36.61     7      .7     597     0   0   0   0    29.2750   -93.9549     1958    77.61     89.62      351.66
0375   187.1   927.2     21.49     96.6     590    24    39.92    -16.10    -36.53     7      .6     591     0   0   0   0    29.2748   -93.9550     1939    77.45     89.43      351.67
0376   187.6   927.9     21.53     96.5     583    24    39.84    -16.01    -36.48     6      .4     585     0   0   0   0    29.2747   -93.9551     1918    77.28     89.23      351.70
0377   188.1   928.5     21.57     96.5     577    24    39.74    -15.86    -36.43     7      .3     579     0   0   0   0    29.2745   -93.9552     1898    77.09     89.01      351.75
0378   188.6   929.2     21.61     96.5     571    23    39.60    -15.64    -36.39     7      .2     572     0   0   0   0    29.2743   -93.9553     1877    76.83     88.72      351.81
0379   189.1   929.9     21.64     96.6     565    23    39.44    -15.36    -36.33     7      .1     566     0   0   0   0    29.2742   -93.9554     1857    76.51     88.34      351.88
0380   189.6   930.5     21.67     96.8     558    23    39.23    -15.02    -36.24     7      .0     560     0   0   0   0    29.2740   -93.9554     1836    76.11     87.88      351.96
0381   190.1   931.2     21.69     97.0     552    22    38.99    -14.64    -36.13     7     -.1     553     0   0   0   0    29.2739   -93.9555     1814    75.64     87.33      352.06
0382   190.6   931.9     21.71     97.2     545    22    38.72    -14.23    -36.01     7     -.1     547     0   0   0   0    29.2737   -93.9556     1793    75.11     86.73      352.16
0383   191.1   932.6     21.72     97.5     539    21    38.44    -13.81    -35.87     7      .0     540     0   0   0   3    29.2735   -93.9557     1772    74.57     86.10      352.26
0384   191.6   933.3     21.72     97.9     532    21    38.17    -13.38    -35.75     7      .1     534     0   0   0   3    29.2734   -93.9557     1751    74.05     85.50      352.36
0385   192.1   934.0     21.73     98.2     526    20    37.93    -12.98    -35.64     7      .2     527     0   0   0   0    29.2732   -93.9558     1730    73.59     84.97      352.45
0386   192.6   934.7     21.73     98.6     520    20    37.75    -12.60    -35.58     7      .3     521     0   0   0   0    29.2731   -93.9559     1710    73.23     84.55      352.52
0387   193.1   935.3     21.72     98.9     514    19    37.63    -12.26    -35.58     7      .5     515     0   0   0   0    29.2729   -93.9559     1689    73.01     84.30      352.58
0388   193.6   936.0     21.72     99.2     508    19    37.61    -11.97    -35.66     7      .7     509     0   0   0   0    29.2727   -93.9560     1670    72.96     84.25      352.62
0389   194.1   936.6     21.71     99.5     502    18    37.69    -11.72    -35.82     7      .9     503     0   0   0   0    29.2726   -93.9560     1650    73.11     84.42      352.64
0390   194.6   937.2     21.71     99.8     496    18    37.87    -11.51    -36.07     7     1.0     497     0   0   0   0    29.2724   -93.9561     1631    73.46     84.82      352.63
0391   195.1   937.9     21.70    100.0     490    17    38.15    -11.34    -36.42     7     1.2     491     0   0   0   0    29.2722   -93.9562     1612    74.00     85.45      352.61
0392   195.6   938.5     21.70    100.0     484    17    38.52    -11.19    -36.85     7     1.4     486     0   0   0   0    29.2721   -93.9562     1593    74.72     86.28      352.50
0393   196.1   939.1     21.70    100.0     479    16    38.96    -11.06    -37.35     6     1.5     480     0   0   0   0    29.2719   -93.9563     1575    75.58     87.26      352.40
0394   196.6   939.7     21.70    100.0     473    16    39.44    -10.93    -37.90     6     1.7     475     0   0   0   0    29.2717   -93.9563     1557    76.52     88.35      352.31
0395   197.1   940.2     21.70    100.0     468    16    39.95    -10.78    -38.46     6     1.7     469     0   0   0   0    29.2716   -93.9564     1539    77.49     89.48      352.23
0396   197.6   940.8     21.71    100.0     462    15    40.43    -10.61    -39.02     6     1.8     464     0   0   0   0    29.2714   -93.9564     1521    78.44     90.57      352.18
0397   198.1   941.4     21.73    100.0     457    15    40.88    -10.41    -39.53     6     1.9     458     0   0   0   0    29.2712   -93.9565     1504    79.30     91.57      352.14
0398   198.6   942.0     21.74    100.0     452    14    41.25    -10.18    -39.98     6     1.9     453     0   0   0   0    29.2710   -93.9565     1486    80.03     92.41      352.12
0399   199.1   942.6     21.76    100.0     446    14    41.54     -9.90    -40.34     6     1.9     448     0   0   0   0    29.2708   -93.9566     1469    80.59     93.05      352.11
0400   199.6   943.1     21.79    100.0     441    13    41.73     -9.60    -40.61     6     1.9     442     0   0   0   0    29.2707   -93.9566     1451    80.95     93.47      352.12
0401   200.1   943.7     21.81    100.0     436    13    41.81     -9.26    -40.77     6     1.8     437     0   0   0   0    29.2705   -93.9567     1433    81.11     93.66      352.15
0402   200.6   944.3     21.84    100.0     430    12    41.80     -8.91    -40.84     6     1.8     431     0   0   0   0    29.2703   -93.9567     1416    81.10     93.64      352.18
0403   201.1   944.9     21.88    100.0     425    12    41.72     -8.54    -40.84     6     1.7     426     0   0   0   0    29.2701   -93.9568     1398    80.94     93.45      352.23
0404   201.6   945.5     21.91    100.0     419    11    41.58     -8.18    -40.77     6     1.7     421     0   0   0   0    29.2699   -93.9568     1380    80.66     93.14      352.28
0405   202.1   946.1     21.95    100.0     414    11    41.41     -7.83    -40.66     6     1.6     415     0   0   0   0    29.2697   -93.9569     1362    80.33     92.75      352.36
0406   202.6   946.7     21.99    100.0     408    10    41.23     -7.50    -40.54     6     1.6     410     0   0   0   0    29.2696   -93.9569     1344    79.98     92.35      352.44
0407   203.1   947.3     22.03    100.0     403    10    41.06     -7.20    -40.42     6     1.5     404     0   0   0   0    29.2694   -93.9569     1326    79.65     91.97      352.54
0408   203.6   947.9     22.08    100.0     397    10    40.92     -6.93    -40.33     6     1.4     398     0   0   0   0    29.2692   -93.9570     1307    79.38     91.66      352.66
0409   204.1   948.5     22.13    100.0     392     9    40.82     -6.69    -40.26     6     1.4     393     0   0   0   0    29.2690   -93.9570     1289    79.18     91.43      352.78
0410   204.6   949.1     22.18    100.0     386     9    40.75     -6.47    -40.23     7     1.3     387     0   0   0   0    29.2688   -93.9570     1270    79.05     91.28      352.90
0411   205.1   949.7     22.23    100.0     380     9    40.71     -6.28    -40.22     7     1.2     382     0   0   0   0    29.2687   -93.9571     1252    78.98     91.19      353.04
0412   205.6   950.3     22.28    100.0     374     9    40.69     -6.11    -40.23     7     1.2     376     0   0   0   0    29.2685   -93.9571     1233    78.94     91.15      353.18
0413   206.1   951.0     22.34    100.0     369     8    40.67     -5.95    -40.23     7     1.1     370     0   0   0   0    29.2683   -93.9571     1214    78.89     91.10      353.33
0414   206.6   951.6     22.39    100.0     363     8    40.62     -5.80    -40.20     7     1.1     364     0   0   0   0    29.2681   -93.9572     1195    78.80     90.99      353.48
0415   207.1   952.2     22.45    100.0     357     8    40.53     -5.65    -40.13     6     1.0     359     0   0   0   0    29.2679   -93.9572     1176    78.63     90.79      353.62
0416   207.6   952.9     22.50    100.0     351     8    40.38     -5.51    -40.00     7     1.0     353     0   0   0   0    29.2677   -93.9572     1157    78.34     90.45      353.76
0417   208.1   953.5     22.55    100.0     346     8    40.16     -5.37    -39.80     7     1.0     347     0   0   0   0    29.2676   -93.9573     1138    77.91     89.96      353.90
0418   208.6   954.1     22.60    100.0     340     8    39.87     -5.23    -39.52     6     1.0     341     0   0   0   0    29.2674   -93.9573     1119    77.35     89.31      354.03
0419   209.1   954.8     22.65    100.0     334     7    39.51     -5.10    -39.18     6     1.0     335     0   0   0   0    29.2672   -93.9573     1100    76.65     88.50      354.15
0420   209.6   955.4     22.70    100.0     328     7    39.09     -4.97    -38.78     6     1.1     330     0   0   0   0    29.2670   -93.9573     1081    75.84     87.57      354.27
0421   210.1   956.0     22.74    100.0     322     7    38.64     -4.85    -38.34     6     1.1     324     0   0   0   0    29.2669   -93.9574     1062    74.97     86.56      354.37
0422   210.6   956.6     22.79    100.0     317     7    38.18     -4.75    -37.88     6     1.2     318     0   0   0   0    29.2667   -93.9574     1043    74.07     85.52      354.47
0423   211.1   957.3     22.83    100.0     311     7    37.73     -4.66    -37.44     6     1.3     312     0   0   0   0    29.2665   -93.9574     1025    73.19     84.51      354.56
0424   211.6   957.9     22.87    100.0     305     7    37.31     -4.58    -37.03     6     1.4     307     0   0   0   0    29.2664   -93.9574     1006    72.38     83.57      354.64
0425   212.1   958.5     22.91    100.0     300     7    36.95     -4.52    -36.67     6     1.5     301     0   0   0   0    29.2662   -93.9575      988    71.68     82.77      354.72
0426   212.6   959.1     22.94    100.0     294     7    36.66     -4.48    -36.39     7     1.6     296     0   0   0   0    29.2660   -93.9575      970    71.12     82.12      354.79
0427   213.1   959.7     22.98    100.0     289     7    36.45     -4.44    -36.18     7     1.6     290     0   0   0   0    29.2659   -93.9575      952    70.72     81.65      354.87
0428   213.6   960.3     23.02    100.0     283     7    36.32     -4.41    -36.06     6     1.7     285     0   0   0   0    29.2657   -93.9575      934    70.47     81.37      354.94
0429   214.1   960.9     23.05    100.0     278     7    36.27     -4.38    -36.01     7     1.8     279     0   0   0   0    29.2655   -93.9575      917    70.37     81.25      355.01
0430   214.6   961.5     23.09    100.0     273     7    36.29     -4.36    -36.02     7     1.8     274     0   0   0   0    29.2654   -93.9576      899    70.40     81.28      355.08
0431   215.1   962.0     23.13    100.0     267     7    36.35     -4.34    -36.09     7     1.8     269     0   0   0   3    29.2652   -93.9576      881    70.52     81.43      355.15
0432   215.6   962.6     23.16    100.0     262     7    36.45     -4.31    -36.20     7     1.7     263     0   0   0   0    29.2651   -93.9576      864    70.72     81.66      355.23
0433   216.1   963.2     23.20    100.0     257     7    36.57     -4.28    -36.32     7     1.7     258     0   0   0   0    29.2649   -93.9576      846    70.95     81.92      355.31
0434   216.6   963.8     23.24    100.0     251     7    36.69     -4.24    -36.44     7     1.6     253     0   0   0   3    29.2647   -93.9577      829    71.17     82.18      355.39
0435   217.1   964.4     23.28    100.0     246     7    36.79     -4.19    -36.55     7     1.5     247     0   0   0   3    29.2646   -93.9577      811    71.37     82.40      355.48
0436   217.6   965.0     23.32    100.0     240     6    36.86     -4.13    -36.63     7     1.3     242     0   0   0   0    29.2644   -93.9577      792    71.51     82.57      355.57
0437   218.1   965.6     23.36    100.0     235     6    36.90     -4.08    -36.67     7     1.2     236     0   0   0   0    29.2642   -93.9577      774    71.59     82.66      355.67
0438   218.6   966.3     23.41    100.0     229     6    36.90     -4.02    -36.68     6     1.0     230     0   0   0   0    29.2641   -93.9577      755    71.59     82.66      355.77
0439   219.1   966.9     23.45    100.0     223     6    36.87     -3.98    -36.65     7      .8     224     0   0   0   0    29.2639   -93.9578      736    71.52     82.58      355.88
0440   219.6   967.6     23.50    100.0     217     6    36.80     -3.94    -36.59     6      .6     218     0   0   0   0    29.2637   -93.9578      717    71.40     82.44      356.00
0441   220.1   968.2     23.55    100.0     211     6    36.71     -3.93    -36.50     7      .4     212     0   0   0   0    29.2636   -93.9578      697    71.22     82.23      356.12
0442   220.6   968.9     23.60    100.0     205     6    36.60     -3.93    -36.39     7      .2     206     0   0   0   0    29.2634   -93.9578      677    71.01     81.99      356.25
0443   221.1   969.6     23.65    100.0     199     6    36.48     -3.96    -36.26     7      .1     200     0   0   0   0    29.2632   -93.9579      657    70.77     81.72      356.39
0444   221.6   970.3     23.71    100.0     192     6    36.35     -4.02    -36.12     7     -.1     194     0   0   0   0    29.2631   -93.9579      636    70.51     81.42      356.54
0445   222.1   971.0     23.76    100.0     186     7    36.20     -4.10    -35.97     7     -.2     187     0   0   0   0    29.2629   -93.9579      615    70.24     81.10      356.69
0446   222.6   971.7     23.82    100.0     180     7    36.05     -4.20    -35.80     7     -.3     181     0   0   0   0    29.2628   -93.9579      594    69.93     80.74      356.86
0447   223.1   972.4     23.88    100.0     173     7    35.87     -4.32    -35.61     7     -.3     175     0   0   0   0    29.2626   -93.9580      573    69.59     80.35      357.03
0448   223.6   973.1     23.94    100.0     167     7    35.67     -4.46    -35.39     6     -.4     168     0   0   0   0    29.2624   -93.9580      552    69.20     79.90      357.20
0449   224.1   973.8     24.01    100.0     160     7    35.45     -4.59    -35.15     7     -.4     162     0   0   0   0    29.2623   -93.9580      531    68.78     79.41      357.39
0450   224.6   974.5     24.07    100.0     154     8    35.23     -4.70    -34.91     6     -.4     155     0   0   0   0    29.2621   -93.9580      509    68.34     78.91      357.58
0451   225.1   975.2     24.14    100.0     147     8    34.98     -4.79    -34.65     7     -.3     149     0   0   0   0    29.2620   -93.9580      488    67.87     78.36      357.79
0452   225.6   976.0     24.20    100.0     141     8    34.73     -4.85    -34.39     6     -.3     142     0   0   0   0    29.2618   -93.9581      467    67.37     77.79      357.99
0453   226.1   976.7     24.27    100.0     135     8    34.47     -4.89    -34.12     6     -.3     136     0   0   0   0    29.2616   -93.9581      446    66.87     77.21      358.20
0454   226.6   977.4     24.34    100.0     128     8    34.20     -4.90    -33.85     7     -.2     130     0   0   0   0    29.2615   -93.9581      425    66.35     76.61      358.42
0455   227.1   978.1     24.41    100.0     122     8    33.94     -4.87    -33.59     7     -.2     123     0   0   0   0    29.2613   -93.9581      405    65.84     76.03      358.64
0456   227.6   978.8     24.47    100.0     116     8    33.68     -4.81    -33.34     7     -.1     117     0   0   0   0    29.2612   -93.9582      384    65.35     75.45      358.85
0457   228.1   979.5     24.54     99.9     109     8    33.44     -4.71    -33.11     7     -.1     111     0   0   0   3    29.2610   -93.9582      363    64.87     74.91      359.02
0458   228.6   980.2     24.61     99.8     103     8    33.22     -4.57    -32.90     7     -.1     104     0   0   0   3    29.2609   -93.9582      343    64.44     74.41      359.18
0459   229.1   980.9     24.68     99.7      97     8    33.02     -4.41    -32.73     7     -.1      98     0   0   0   0    29.2607   -93.9582      322    64.07     73.97      359.33
0460   229.6   981.6     24.75     99.5      91     7    32.86     -4.20    -32.59     7     -.1      92     0   0   0   0    29.2606   -93.9583      302    63.74     73.60      359.45
0461   230.1   982.3     24.81     99.4      84     7    32.72     -3.97    -32.48     7     -.2      86     0   0   0   0    29.2605   -93.9583      281    63.47     73.29      359.56
0462   230.6   983.0     24.88     99.1      78     7    32.59     -3.70    -32.38     7     -.2      79     0   0   0   0    29.2603   -93.9583      261    63.23     73.01      359.64
0463   231.1   983.7     24.95     98.9      72     6    32.48     -3.43    -32.30     7     -.3      73     0   0   0   0    29.2602   -93.9583      240    63.02     72.77      359.69
0464   231.6   984.4     25.01     98.6      65     6    32.39     -3.15    -32.24     7     -.4      67     0   0   0   0    29.2600   -93.9583      219    62.83     72.55      359.71
0465   232.1   985.1     25.07     98.3      59     5    32.33     -2.90    -32.20     7     -.5      60     0   0   0   0    29.2599   -93.9583      198    62.71     72.41      359.69
0466   232.6   985.8     25.14     97.9      52     5    32.32     -2.73    -32.20     7     -.8      54     0   0   0   0    29.2597   -93.9584      177    62.69     72.39      359.65
0467   233.1   986.5     25.20     97.5      46     5    32.33     -2.69    -32.22     6    -1.1      47     0   0   0   0    29.2596   -93.9584      155    62.72     72.42      359.60
0468   233.6   987.3     25.26     97.2      39     5    32.29     -2.74    -32.17     6    -1.5      41     0   0   0   0    29.2594   -93.9584      133    62.64     72.33      359.57
0469   234.1   988.0     25.33     96.8      32     5    32.11     -2.73    -31.99     6    -1.7      34     0   0   0   0    29.2593   -93.9584      111    62.28     71.92      359.56
0470   234.6   988.9     25.40     96.4      25     4    31.45     -2.31    -31.37     6    -1.9      27     0   0   0   0    29.2592   -93.9584       87    61.02     70.45      359.51
0471   235.1   989.7     25.45     96.1      17     3    29.58     -1.44    -29.54     6    -2.1      19     0   0   0   0    29.2590   -93.9584       62    57.38     66.25      359.43
0472   235.6   990.6     25.51     95.7      10   358    27.47       .99    -27.45     6    -2.4      11     0   0   0   5    29.2589   -93.9584       36    53.29     61.53      359.29
