 ===========================================================================
 DROPWINDSONDE PROCESSING RECORD                            Sonde: 053156047
 PDS file written Sep 23, 2005.                             Format:    V6.02
 Aircraft: N43RF                             Date: 050923   Time: 204243 UTC
 ---------------------------------------------------------------------------
 Bias corrections:  PR =    .0 mb  TE =    .0 C  RH =    .0 %  PRB =   .0 mb
 Filters (LPF):     PTH =  10 s    WIND =  10 s       Hyd anchor =       SFC
 Dyn RH correction =  N     WSHR COR =      Y         Splash PR  =  971.1 mb
 Estimated PR used =  N     GPS VERR =    .26 m/s     HYD SFCP   =  971.9 mb
 Dyn T correction  =  Y     WGACORR  =    -.1 m       AC GA ADJ  =     .0 m
 ---------------------------------------------------------------------------
 COMMENTS: None                                                        
 ===========================================================================

 ==============================================================================
 Date: 050923   Lat:  28.63 N   TA:   12.8 C   PS:  695.8 mb   WD:   141 deg
 Time: 204243   Lon:  92.02 W   TD:   10.4 C   GA:   2888 m    WS:  52.0 m/s
 SID:  053156047                RH:   85.3 %   Navaid:   GP          
 ===========================================================================

IX      t (s)  P (mb)    T (C)    RH (%)  Z (m)   WD    WS (m/s)   U (m/s)   V (m/s)  NS  WZ (m/s)  ZW (m)   FP  FT  FH  FW   LAT (N)    LON (E)  ZW (ft)  WS (kt)  WS (mph)  THETAE (K)
0001      .5   696.3     12.82   -999.0    2879   142    52.06    -32.04     41.03  -999  -999.0    2879     3   3   0   3    28.6298   -92.0232     9445   101.00    116.61     -999.00
0002     1.0   696.9     12.83   -999.0    2872   143    52.28    -31.63     41.63  -999  -999.0    2872     3   3   0   3    28.6300   -92.0233     9423   101.43    117.11     -999.00
0003     1.5   697.4     12.85   -999.0    2866   143    52.34    -31.51     41.80  -999  -999.0    2866     3   3   0   3    28.6302   -92.0235     9402   101.55    117.25     -999.00
0004     2.0   698.0     12.87   -999.0    2859   143    52.41    -31.40     41.96  -999  -999.0    2859     3   3   0   3    28.6304   -92.0236     9381   101.67    117.39     -999.00
0005     2.5   698.5     12.89   -999.0    2853   143    52.55    -31.45     42.10  -999  -999.0    2853     3   3   0   3    28.6305   -92.0238     9359   101.95    117.71     -999.00
0006     3.0   699.0     12.90   -999.0    2846   143    52.83    -31.82     42.18  -999  -999.0    2846     3   3   0   3    28.6307   -92.0240     9338   102.50    118.34     -999.00
0007     3.5   699.6     12.92   -999.0    2840   143    53.15    -32.26     42.24     7  -999.0    2840     3   3   0   0    28.6309   -92.0241     9316   103.11    119.05     -999.00
0008     4.0   700.1     12.94   -999.0    2833   142    53.41    -32.58     42.32     7  -999.0    2833     3   3   0   0    28.6311   -92.0243     9295   103.62    119.64     -999.00
0009     4.5   700.7     12.96   -999.0    2827   142    53.63    -32.83     42.41     7  -999.0    2827     3   3   0   0    28.6313   -92.0245     9274   104.05    120.14     -999.00
0010     5.0   701.2     12.97   -999.0    2820   142    53.84    -33.05     42.50     7  -999.0    2820     3   3   0   0    28.6315   -92.0246     9253   104.45    120.60     -999.00
0011     5.5   701.7     12.99   -999.0    2814   142    54.03    -33.24     42.60     7  -999.0    2814     3   3   0   0    28.6317   -92.0248     9231   104.83    121.04     -999.00
0012     6.0   702.3     13.01   -999.0    2807   142    54.22    -33.42     42.70     7  -999.0    2807     3   3   0   0    28.6319   -92.0250     9210   105.19    121.46     -999.00
0013     6.5   702.8     13.03   -999.0    2801   142    54.40    -33.59     42.80     7  -999.0    2801     3   3   0   0    28.6321   -92.0251     9189   105.54    121.86     -999.00
0014     7.0   703.4     13.04   -999.0    2794   142    54.58    -33.74     42.90     7  -999.0    2794     3   3   0   0    28.6323   -92.0253     9168   105.88    122.26     -999.00
0015     7.5   703.9     13.06   -999.0    2788   142    54.75    -33.89     43.00     7  -999.0    2788     3   3   0   0    28.6325   -92.0255     9146   106.22    122.64     -999.00
0016     8.0   704.4     13.08   -999.0    2781   142    54.92    -34.03     43.10     7  -999.0    2781     3   3   0   0    28.6327   -92.0257     9125   106.54    123.01     -999.00
0017     8.5   705.0     13.10   -999.0    2775   142    55.07    -34.15     43.21     7  -999.0    2775     3   3   0   0    28.6329   -92.0258     9104   106.84    123.36     -999.00
0018     9.0   705.5     13.12   -999.0    2769   142    55.22    -34.26     43.30     7  -999.0    2768     3   3   0   0    28.6330   -92.0260     9083   107.12    123.69     -999.00
0019     9.5   706.1     13.13   -999.0    2762   142    55.35    -34.36     43.39     7  -999.0    2762     3   3   0   0    28.6332   -92.0262     9062   107.37    123.98     -999.00
0020    10.0   706.6     13.15   -999.0    2756   142    55.46    -34.44     43.47     7  -999.0    2756     3   3   0   0    28.6334   -92.0264     9040   107.59    124.23     -999.00
0021    10.5   707.1     13.17   -999.0    2749   142    55.55    -34.50     43.54     7  -999.0    2749     3   3   0   0    28.6336   -92.0266     9019   107.78    124.44     -999.00
0022    11.0   707.7     13.19   -999.0    2743   142    55.63    -34.54     43.61     7  -999.0    2743     3   3   0   0    28.6338   -92.0267     8998   107.92    124.61     -999.00
0023    11.5   708.2     13.21   -999.0    2736   142    55.69    -34.56     43.66     7  -999.0    2736     3   3   0   0    28.6340   -92.0269     8977   108.03    124.74     -999.00
0024    12.0   708.8     13.22   -999.0    2730   142    55.73    -34.57     43.71     7  -999.0    2730     3   3   0   0    28.6342   -92.0271     8956   108.11    124.83     -999.00
0025    12.5   709.3     13.24   -999.0    2724   142    55.76    -34.57     43.74     7  -999.0    2723     3   3   0   0    28.6344   -92.0273     8935   108.17    124.89     -999.00
0026    13.0   709.8     13.26   -999.0    2717   142    55.78    -34.56     43.78     7  -999.0    2717     3   3   0   0    28.6346   -92.0274     8914   108.21    124.94     -999.00
0027    13.5   710.4     13.28   -999.0    2711   142    55.80    -34.55     43.81     7  -999.0    2711     3   3   0   0    28.6348   -92.0276     8893   108.25    124.99     -999.00
0028    14.0   710.9     13.30   -999.0    2704   142    55.83    -34.55     43.86     7  -999.0    2704     3   3   0   0    28.6350   -92.0278     8872   108.31    125.06     -999.00
0029    14.5   711.5     13.32   -999.0    2698   142    55.87    -34.55     43.90     7  -999.0    2698     3   3   0   0    28.6352   -92.0280     8851   108.38    125.14     -999.00
0030    15.0   712.0     13.34   -999.0    2692   142    55.91    -34.56     43.95     7  -999.0    2691     3   3   0   0    28.6354   -92.0281     8830   108.47    125.24     -999.00
0031    15.5   712.5     13.36   -999.0    2685   142    55.97    -34.58     44.01     7  -999.0    2685     0   0   0   0    28.6356   -92.0283     8809   108.57    125.36     -999.00
0032    16.0   713.1     13.38   -999.0    2679   142    56.03    -34.59     44.07     7     1.6    2679     0   0   0   0    28.6358   -92.0285     8788   108.70    125.50     -999.00
0033    16.5   713.6     13.40   -999.0    2672   142    56.10    -34.62     44.14     7     1.6    2672     0   0   0   0    28.6360   -92.0287     8767   108.83    125.66     -999.00
0034    17.0   714.1     13.42   -999.0    2666   142    56.17    -34.65     44.21     7     1.6    2666     0   0   0   0    28.6362   -92.0288     8746   108.98    125.83     -999.00
0035    17.5   714.7     13.45   -999.0    2660   142    56.25    -34.69     44.28     7     1.6    2660     0   0   0   0    28.6364   -92.0290     8726   109.13    126.01     -999.00
0036    18.0   715.2     13.48   -999.0    2653   142    56.33    -34.73     44.35     7     1.6    2653     0   0   0   0    28.6366   -92.0292     8705   109.28    126.18     -999.00
0037    18.5   715.8     13.50   -999.0    2647   142    56.41    -34.78     44.41     7     1.6    2647     0   0   0   0    28.6368   -92.0294     8684   109.43    126.36     -999.00
0038    19.0   716.3     13.53   -999.0    2641   142    56.48    -34.83     44.46     7     1.6    2641     0   0   0   0    28.6370   -92.0295     8663   109.57    126.51     -999.00
0039    19.5   716.8     13.57   -999.0    2634   142    56.54    -34.88     44.50     7     1.6    2634     0   0   0   0    28.6372   -92.0297     8642   109.69    126.65     -999.00
0040    20.0   717.4     13.60   -999.0    2628   142    56.59    -34.94     44.52     7     1.7    2628     0   0   0   0    28.6374   -92.0299     8622   109.79    126.77     -999.00
0041    20.5   717.9     13.63   -999.0    2622   142    56.63    -34.99     44.53     7     1.7    2622     0   0   0   0    28.6376   -92.0301     8601   109.87    126.86     -999.00
0042    21.0   718.4     13.67   -999.0    2615   142    56.66    -35.05     44.52     7     1.7    2615     0   0   0   0    28.6378   -92.0302     8580   109.92    126.92     -999.00
0043    21.5   719.0     13.71     78.9    2609   142    56.67    -35.10     44.49     7     1.7    2609     0   0   0   0    28.6380   -92.0304     8560   109.95    126.95      349.56
0044    22.0   719.5     13.75     78.8    2603   142    56.67    -35.15     44.46     7     1.7    2603     0   0   0   0    28.6382   -92.0306     8539   109.95    126.95      349.58
0045    22.5   720.1     13.79     78.7    2596   142    56.67    -35.20     44.41     7     1.7    2596     0   0   0   0    28.6384   -92.0308     8518   109.93    126.93      349.54
0046    23.0   720.6     13.82     78.4    2590   142    56.65    -35.25     44.35     7     1.7    2590     0   0   0   0    28.6386   -92.0310     8498   109.90    126.90      349.44
0047    23.5   721.1     13.86     78.0    2584   141    56.63    -35.30     44.28     8     1.6    2584     0   0   0   0    28.6388   -92.0312     8477   109.86    126.85      349.32
0048    24.0   721.7     13.90     77.8    2578   141    56.61    -35.35     44.21     8     1.6    2577     0   0   0   0    28.6390   -92.0313     8456   109.82    126.80      349.26
0049    24.5   722.2     13.93     77.8    2571   141    56.58    -35.40     44.15     5     1.6    2571     0   0   0   0    28.6392   -92.0315     8436   109.77    126.75      349.28
0050    25.0   722.7     13.97     77.9    2565   141    56.57    -35.44     44.08     6     1.5    2565     0   0   0   0    28.6394   -92.0317     8415   109.74    126.71      349.35
0051    25.5   723.3     14.00     78.1    2559   141    56.55    -35.49     44.03     8     1.5    2558     0   0   0   0    28.6396   -92.0319     8394   109.71    126.68      349.43
0052    26.0   723.8     14.04     78.2    2552   141    56.54    -35.54     43.98     8     1.4    2552     0   0   0   0    28.6398   -92.0321     8373   109.70    126.66      349.51
0053    26.5   724.4     14.07     78.4    2546   141    56.54    -35.59     43.94     8     1.4    2546     0   0   0   0    28.6400   -92.0322     8352   109.70    126.66      349.59
0054    27.0   724.9     14.10     78.5    2539   141    56.55    -35.65     43.90     8     1.3    2539     0   0   0   0    28.6402   -92.0324     8331   109.71    126.68      349.66
0055    27.5   725.5     14.13     78.7    2533   141    56.57    -35.70     43.88     8     1.3    2533     0   0   0   0    28.6404   -92.0326     8310   109.75    126.72      349.73
0056    28.0   726.0     14.16     78.8    2526   141    56.60    -35.76     43.87     8     1.3    2526     0   0   0   0    28.6406   -92.0328     8288   109.79    126.77      349.79
0057    28.5   726.6     14.19     79.0    2520   141    56.63    -35.82     43.86     7     1.2    2520     0   0   0   0    28.6408   -92.0330     8267   109.86    126.84      349.85
0058    29.0   727.2     14.22     79.1    2513   141    56.66    -35.88     43.86     7     1.2    2513     0   0   0   0    28.6410   -92.0332     8246   109.93    126.93      349.92
0059    29.5   727.7     14.26     79.2    2507   141    56.70    -35.94     43.86     7     1.2    2507     0   0   0   0    28.6412   -92.0333     8224   110.01    127.02      349.98
0060    30.0   728.3     14.29     79.3    2500   141    56.75    -36.00     43.87     8     1.2    2500     0   0   0   0    28.6414   -92.0335     8203   110.09    127.11      350.05
0061    30.5   728.8     14.32     79.5    2494   141    56.79    -36.06     43.87     9     1.2    2494     0   0   0   0    28.6416   -92.0337     8181   110.17    127.21      350.11
0062    31.0   729.4     14.36     79.6    2487   141    56.83    -36.13     43.87     9     1.2    2487     0   0   0   0    28.6418   -92.0339     8160   110.25    127.30      350.18
0063    31.5   730.0     14.39     79.7    2481   140    56.86    -36.19     43.86     9     1.3    2481     0   0   0   0    28.6420   -92.0341     8139   110.32    127.38      350.25
0064    32.0   730.5     14.43     79.8    2474   140    56.89    -36.26     43.84     9     1.3    2474     0   0   0   0    28.6422   -92.0343     8118   110.38    127.44      350.33
0065    32.5   731.1     14.46     79.9    2468   140    56.92    -36.33     43.82     9     1.3    2468     0   0   0   0    28.6424   -92.0344     8096   110.42    127.50      350.41
0066    33.0   731.6     14.50     80.1    2461   140    56.93    -36.39     43.79     9     1.4    2461     0   0   0   0    28.6426   -92.0346     8075   110.45    127.53      350.49
0067    33.5   732.2     14.54     80.2    2455   140    56.94    -36.45     43.74     9     1.4    2455     0   0   0   0    28.6428   -92.0348     8054   110.46    127.55      350.58
0068    34.0   732.7     14.58     80.3    2449   140    56.94    -36.51     43.69     9     1.4    2449     0   0   0   0    28.6430   -92.0350     8033   110.46    127.54      350.67
0069    34.5   733.3     14.62     80.4    2442   140    56.93    -36.57     43.63     9     1.4    2442     0   0   0   0    28.6432   -92.0352     8013   110.44    127.52      350.77
0070    35.0   733.8     14.66     80.6    2436   140    56.92    -36.62     43.57     9     1.4    2436     0   0   0   0    28.6434   -92.0354     7992   110.42    127.49      350.87
0071    35.5   734.4     14.70     80.7    2430   140    56.90    -36.67     43.50     9     1.4    2429     0   0   0   0    28.6436   -92.0356     7971   110.38    127.45      350.99
0072    36.0   734.9     14.75     80.9    2423   140    56.88    -36.72     43.43     9     1.4    2423     0   0   0   0    28.6438   -92.0358     7950   110.34    127.40      351.11
0073    36.5   735.5     14.79     81.0    2417   140    56.86    -36.76     43.37     9     1.4    2417     0   0   0   0    28.6440   -92.0359     7929   110.30    127.36      351.25
0074    37.0   736.0     14.84     81.2    2410   140    56.84    -36.80     43.32     9     1.4    2410     0   0   0   0    28.6442   -92.0361     7908   110.27    127.33      351.39
0075    37.5   736.6     14.88     81.4    2404   140    56.83    -36.83     43.28     9     1.4    2404     0   0   0   0    28.6443   -92.0363     7887   110.25    127.30      351.54
0076    38.0   737.1     14.92     81.7    2398   140    56.83    -36.86     43.25     9     1.4    2398     0   0   0   0    28.6445   -92.0365     7866   110.25    127.29      351.70
0077    38.5   737.7     14.97     81.9    2391   140    56.83    -36.88     43.24     9     1.4    2391     0   0   0   0    28.6447   -92.0367     7845   110.26    127.31      351.87
0078    39.0   738.3     15.01     82.2    2385   140    56.85    -36.90     43.25     9     1.4    2385     0   0   0   0    28.6449   -92.0369     7824   110.29    127.34      352.03
0079    39.5   738.8     15.05     82.4    2379   140    56.88    -36.90     43.28     9     1.4    2378     0   0   0   0    28.6451   -92.0371     7803   110.34    127.40      352.19
0080    40.0   739.4     15.08     82.7    2372   140    56.91    -36.91     43.32     9     1.4    2372     0   0   0   0    28.6453   -92.0373     7783   110.41    127.48      352.34
0081    40.5   739.9     15.12     82.9    2366   140    56.96    -36.90     43.38     9     1.4    2366     0   0   0   0    28.6455   -92.0375     7762   110.50    127.58      352.48
0082    41.0   740.5     15.15     83.2    2360   140    57.01    -36.89     43.46     9     1.4    2359     0   0   0   0    28.6457   -92.0377     7741   110.59    127.70      352.59
0083    41.5   741.0     15.18     83.4    2353   140    57.06    -36.87     43.55     9     1.4    2353     0   0   0   0    28.6459   -92.0379     7720   110.70    127.82      352.69
0084    42.0   741.6     15.20     83.5    2347   140    57.11    -36.85     43.64     9     1.4    2347     0   0   0   0    28.6461   -92.0380     7699   110.80    127.94      352.75
0085    42.5   742.1     15.23     83.6    2341   140    57.16    -36.82     43.73     9     1.4    2340     0   0   0   0    28.6463   -92.0382     7679   110.90    128.05      352.78
0086    43.0   742.7     15.25     83.7    2334   140    57.21    -36.79     43.81     9     1.4    2334     0   0   0   0    28.6465   -92.0384     7658   110.98    128.15      352.77
0087    43.5   743.2     15.27     83.7    2328   140    57.25    -36.75     43.89     9     1.4    2328     0   0   0   0    28.6467   -92.0386     7637   111.06    128.23      352.74
0088    44.0   743.8     15.29     83.6    2322   140    57.27    -36.71     43.96     9     1.4    2321     0   0   0   0    28.6469   -92.0388     7616   111.11    128.29      352.68
0089    44.5   744.3     15.31     83.5    2315   140    57.29    -36.67     44.02     9     1.3    2315     0   0   0   0    28.6471   -92.0390     7595   111.15    128.33      352.59
0090    45.0   744.9     15.33     83.3    2309   140    57.30    -36.64     44.06     9     1.3    2309     0   0   0   0    28.6473   -92.0392     7574   111.16    128.35      352.49
0091    45.5   745.5     15.35     83.1    2302   140    57.30    -36.61     44.09     9     1.3    2302     0   0   0   0    28.6475   -92.0394     7553   111.17    128.36      352.37
0092    46.0   746.0     15.37     82.9    2296   140    57.30    -36.58     44.10     9     1.3    2296     0   0   0   0    28.6477   -92.0396     7533   111.16    128.34      352.26
0093    46.5   746.6     15.40     82.7    2290   140    57.29    -36.57     44.10     9     1.2    2289     0   0   0   0    28.6479   -92.0398     7511   111.14    128.32      352.15
0094    47.0   747.1     15.43     82.5    2283   140    57.27    -36.56     44.08     9     1.2    2283     0   0   0   0    28.6481   -92.0400     7490   111.11    128.29      352.04
0095    47.5   747.7     15.46     82.3    2277   140    57.26    -36.57     44.06     9     1.2    2277     0   0   0   0    28.6483   -92.0401     7469   111.09    128.27      351.96
0096    48.0   748.3     15.50     82.1    2270   140    57.25    -36.59     44.04     9     1.2    2270     0   0   0   0    28.6485   -92.0403     7448   111.07    128.25      351.89
0097    48.5   748.8     15.54     81.9    2264   140    57.25    -36.61     44.01     9     1.2    2264     0   0   0   0    28.6487   -92.0405     7427   111.06    128.23      351.84
0098    49.0   749.4     15.58     81.7    2257   140    57.25    -36.65     43.98     9     1.2    2257     0   0   0   0    28.6489   -92.0407     7406   111.06    128.24      351.82
0099    49.5   750.0     15.62     81.6    2251   140    57.26    -36.69     43.95     9     1.2    2251     0   0   0   0    28.6491   -92.0409     7385   111.08    128.25      351.81
0100    50.0   750.5     15.67     81.4    2245   140    57.27    -36.74     43.93     9     1.2    2244     0   0   0   0    28.6493   -92.0411     7364   111.10    128.28      351.82
0101    50.5   751.1     15.72     81.3    2238   140    57.29    -36.80     43.91     9     1.2    2238     0   0   0   0    28.6495   -92.0413     7342   111.14    128.32      351.83
0102    51.0   751.7     15.77     81.2    2232   140    57.31    -36.85     43.89     9     1.2    2232     0   0   0   0    28.6497   -92.0415     7321   111.18    128.38      351.86
0103    51.5   752.2     15.83     81.0    2225   140    57.34    -36.91     43.88     9     1.2    2225     0   0   0   0    28.6499   -92.0417     7300   111.23    128.44      351.89
0104    52.0   752.8     15.88     80.9    2219   140    57.36    -36.97     43.87     9     1.2    2219     0   0   0   0    28.6501   -92.0419     7279   111.29    128.50      351.92
0105    52.5   753.4     15.93     80.7    2212   140    57.39    -37.02     43.86     9     1.3    2212     0   0   0   0    28.6503   -92.0421     7258   111.34    128.56      351.94
0106    53.0   753.9     15.99     80.6    2206   140    57.41    -37.06     43.85     9     1.3    2206     0   0   0   0    28.6505   -92.0422     7238   111.38    128.61      351.96
0107    53.5   754.5     16.04     80.4    2200   140    57.43    -37.11     43.84     9     1.3    2200     0   0   0   0    28.6507   -92.0424     7217   111.42    128.65      351.98
0108    54.0   755.1     16.10     80.2    2193   140    57.45    -37.14     43.83     9     1.3    2193     0   0   0   0    28.6509   -92.0426     7196   111.45    128.68      351.99
0109    54.5   755.6     16.15     80.0    2187   140    57.46    -37.18     43.81     9     1.3    2187     0   0   0   0    28.6511   -92.0428     7175   111.47    128.70      351.99
0110    55.0   756.2     16.20     79.8    2181   140    57.46    -37.20     43.79     9     1.3    2181     0   0   0   0    28.6513   -92.0430     7154   111.47    128.71      351.99
0111    55.5   756.7     16.26     79.7    2174   140    57.46    -37.23     43.77     9     1.3    2174     0   0   0   3    28.6515   -92.0432     7134   111.47    128.71      352.00
0112    56.0   757.3     16.31     79.5    2168   140    57.45    -37.25     43.74     9     1.3    2168     0   0   0   0    28.6517   -92.0434     7113   111.46    128.70      352.00
0113    56.5   757.9     16.37     79.3    2162   140    57.45    -37.28     43.71     9     1.3    2162     0   0   0   0    28.6519   -92.0436     7092   111.45    128.68      352.01
0114    57.0   758.4     16.42     79.1    2155   139    57.44    -37.30     43.68     9     1.3    2155     0   0   0   0    28.6520   -92.0438     7071   111.43    128.66      352.02
0115    57.5   759.0     16.48     78.9    2149   139    57.43    -37.33     43.64     9     1.3    2149     0   0   0   0    28.6522   -92.0440     7051   111.42    128.65      352.04
0116    58.0   759.5     16.53     78.8    2143   139    57.43    -37.37     43.61     9     1.2    2143     0   0   0   0    28.6524   -92.0442     7030   111.42    128.65      352.05
0117    58.5   760.1     16.59     78.6    2136   139    57.44    -37.41     43.58     9     1.2    2136     0   0   0   0    28.6526   -92.0443     7009   111.42    128.65      352.08
0118    59.0   760.7     16.64     78.4    2130   139    57.44    -37.45     43.56     9     1.2    2130     0   0   0   0    28.6528   -92.0445     6988   111.44    128.68      352.10
0119    59.5   761.3     16.70     78.3    2124   139    57.46    -37.50     43.54     9     1.1    2123     0   0   0   0    28.6530   -92.0447     6967   111.47    128.71      352.12
0120    60.0   761.8     16.75     78.1    2117   139    57.48    -37.56     43.52     9     1.1    2117     0   0   0   0    28.6532   -92.0449     6946   111.52    128.76      352.14
0121    60.5   762.4     16.81     78.0    2111   139    57.51    -37.61     43.51     9     1.1    2111     0   0   0   0    28.6534   -92.0451     6925   111.58    128.83      352.16
0122    61.0   763.0     16.86     77.8    2104   139    57.55    -37.67     43.50     9     1.1    2104     0   0   0   0    28.6536   -92.0453     6903   111.64    128.91      352.17
0123    61.5   763.5     16.92     77.6    2098   139    57.58    -37.73     43.50     9     1.1    2098     0   0   0   0    28.6538   -92.0455     6882   111.71    128.99      352.18
0124    62.0   764.1     16.97     77.4    2091   139    57.62    -37.79     43.50     9     1.1    2091     0   0   0   0    28.6540   -92.0457     6861   111.78    129.07      352.17
0125    62.5   764.7     17.02     77.2    2085   139    57.65    -37.84     43.50     9     1.1    2085     0   0   0   0    28.6542   -92.0459     6840   111.85    129.15      352.15
0126    63.0   765.3     17.08     76.9    2079   139    57.69    -37.89     43.50     9     1.1    2078     0   0   0   0    28.6544   -92.0461     6819   111.91    129.22      352.11
0127    63.5   765.8     17.13     76.6    2072   139    57.71    -37.92     43.50     9     1.1    2072     0   0   0   0    28.6546   -92.0462     6798   111.96    129.27      352.06
0128    64.0   766.4     17.18     76.3    2066   139    57.72    -37.96     43.49     9     1.2    2066     0   0   0   0    28.6548   -92.0464     6777   111.99    129.30      352.00
0129    64.5   767.0     17.24     76.0    2059   139    57.73    -37.98     43.48     9     1.2    2059     0   0   0   0    28.6550   -92.0466     6756   112.00    129.31      351.92
0130    65.0   767.6     17.29     75.6    2053   139    57.72    -38.00     43.45     9     1.2    2053     0   0   0   0    28.6552   -92.0468     6735   111.98    129.30      351.83
0131    65.5   768.1     17.34     75.3    2047   139    57.70    -38.00     43.42     9     1.2    2047     0   0   0   0    28.6554   -92.0470     6715   111.94    129.25      351.73
0132    66.0   768.7     17.38     75.0    2040   139    57.67    -38.01     43.37     9     1.3    2040     0   0   0   0    28.6556   -92.0472     6694   111.87    129.17      351.63
0133    66.5   769.3     17.43     74.6    2034   139    57.62    -38.00     43.31     9     1.3    2034     0   0   0   0    28.6558   -92.0474     6673   111.77    129.06      351.53
0134    67.0   769.8     17.47     74.3    2028   139    57.55    -37.99     43.22     9     1.3    2028     0   0   0   0    28.6560   -92.0476     6653   111.64    128.91      351.44
0135    67.5   770.4     17.52     74.1    2021   139    57.47    -37.98     43.13     9     1.3    2021     0   0   0   0    28.6562   -92.0478     6632   111.49    128.73      351.37
0136    68.0   771.0     17.55     73.9    2015   139    57.37    -37.97     43.01     9     1.3    2015     0   0   0   0    28.6564   -92.0480     6611   111.30    128.51      351.32
0137    68.5   771.5     17.59     73.8    2009   138    57.26    -37.96     42.88     9     1.3    2009     0   0   0   0    28.6566   -92.0482     6591   111.09    128.27      351.29
0138    69.0   772.1     17.62     73.9    2003   138    57.15    -37.95     42.73     9     1.2    2002     0   0   0   0    28.6567   -92.0483     6570   110.87    128.01      351.30
0139    69.5   772.7     17.64     74.0    1996   138    57.02    -37.94     42.57     9     1.2    1996     0   0   0   0    28.6569   -92.0485     6549   110.62    127.73      351.34
0140    70.0   773.2     17.66     74.2    1990   138    56.89    -37.93     42.40     9     1.2    1990     0   0   0   0    28.6571   -92.0487     6528   110.37    127.44      351.41
0141    70.5   773.8     17.68     74.5    1984   138    56.76    -37.93     42.23     9     1.2    1983     0   0   0   0    28.6573   -92.0489     6507   110.12    127.15      351.52
0142    71.0   774.4     17.69     74.8    1977   138    56.63    -37.92     42.06     9     1.2    1977     0   0   0   0    28.6575   -92.0491     6487   109.87    126.85      351.65
0143    71.5   774.9     17.70     75.3    1971   138    56.50    -37.92     41.89     9     1.2    1971     0   0   0   0    28.6577   -92.0493     6466   109.61    126.56      351.81
0144    72.0   775.5     17.70     75.9    1965   138    56.37    -37.91     41.72     9     1.2    1964     0   0   0   0    28.6579   -92.0495     6445   109.37    126.28      352.00
0145    72.5   776.1     17.70     76.5    1958   138    56.25    -37.90     41.56     9     1.2    1958     0   0   0   0    28.6581   -92.0497     6424   109.13    126.00      352.20
0146    73.0   776.7     17.70     77.1    1952   138    56.13    -37.89     41.42     9     1.2    1952     0   0   0   0    28.6583   -92.0499     6403   108.89    125.73      352.42
0147    73.5   777.2     17.69     77.8    1945   137    56.01    -37.86     41.28     9     1.2    1945     0   0   0   0    28.6584   -92.0501     6382   108.67    125.47      352.64
0148    74.0   777.8     17.69     78.5    1939   137    55.90    -37.84     41.15     9     1.2    1939     0   0   0   0    28.6586   -92.0503     6362   108.45    125.22      352.88
0149    74.5   778.4     17.68     79.2    1933   137    55.79    -37.80     41.04     9     1.2    1933     0   0   0   0    28.6588   -92.0504     6341   108.24    124.97      353.12
0150    75.0   779.0     17.68     79.9    1926   137    55.69    -37.76     40.93     9     1.2    1926     0   0   0   0    28.6590   -92.0506     6320   108.04    124.74      353.36
0151    75.5   779.5     17.67     80.6    1920   137    55.59    -37.71     40.85     9     1.2    1920     0   0   0   0    28.6592   -92.0508     6300   107.84    124.52      353.60
0152    76.0   780.1     17.67     81.3    1914   137    55.50    -37.66     40.77     9     1.2    1914     0   0   0   0    28.6594   -92.0510     6279   107.66    124.31      353.85
0153    76.5   780.7     17.67     82.0    1908   137    55.41    -37.60     40.70     9     1.2    1907     0   0   0   0    28.6596   -92.0512     6258   107.49    124.12      354.09
0154    77.0   781.3     17.68     82.6    1901   137    55.33    -37.54     40.64     9     1.2    1901     0   0   0   0    28.6597   -92.0514     6238   107.34    123.93      354.32
0155    77.5   781.8     17.68     83.2    1895   137    55.25    -37.49     40.59     9     1.2    1895     0   0   0   0    28.6599   -92.0516     6217   107.19    123.77      354.55
0156    78.0   782.4     17.69     83.8    1889   137    55.19    -37.44     40.54     9     1.2    1889     0   0   0   0    28.6601   -92.0518     6196   107.06    123.62      354.77
0157    78.5   783.0     17.71     84.3    1882   137    55.13    -37.40     40.50     9     1.2    1882     0   0   0   0    28.6603   -92.0520     6176   106.95    123.49      354.97
0158    79.0   783.5     17.72     84.7    1876   137    55.08    -37.36     40.47     9     1.2    1876     0   0   0   0    28.6605   -92.0522     6155   106.85    123.37      355.15
0159    79.5   784.1     17.74     85.1    1870   137    55.03    -37.34     40.43     9     1.2    1870     0   0   0   0    28.6607   -92.0524     6134   106.77    123.28      355.30
0160    80.0   784.7     17.76     85.4    1864   137    55.00    -37.33     40.39     9     1.2    1864     0   0   0   0    28.6608   -92.0525     6114   106.70    123.20      355.42
0161    80.5   785.3     17.78     85.6    1857   137    54.97    -37.33     40.35     9     1.2    1857     0   0   0   0    28.6610   -92.0527     6093   106.64    123.13      355.51
0162    81.0   785.8     17.80     85.8    1851   137    54.95    -37.34     40.31     9     1.2    1851     0   0   0   0    28.6612   -92.0529     6073   106.60    123.08      355.56
0163    81.5   786.4     17.82     85.8    1845   137    54.93    -37.37     40.26     9     1.2    1845     0   0   0   0    28.6614   -92.0531     6052   106.56    123.04      355.57
0164    82.0   787.0     17.85     85.8    1839   137    54.91    -37.40     40.20     9     1.2    1838     0   0   0   0    28.6616   -92.0533     6032   106.53    123.00      355.55
0165    82.5   787.6     17.88     85.6    1832   137    54.90    -37.45     40.14     9     1.2    1832     0   0   0   0    28.6617   -92.0535     6011   106.50    122.97      355.50
0166    83.0   788.1     17.91     85.5    1826   137    54.88    -37.50     40.07     9     1.2    1826     0   0   0   0    28.6619   -92.0537     5990   106.47    122.93      355.42
0167    83.5   788.7     17.94     85.3    1820   137    54.86    -37.55     40.00     9     1.2    1820     0   0   0   0    28.6621   -92.0539     5970   106.43    122.89      355.32
0168    84.0   789.3     17.97     85.0    1813   137    54.84    -37.61     39.91     9     1.2    1813     0   0   0   0    28.6623   -92.0541     5949   106.39    122.85      355.22
0169    84.5   789.9     18.00     84.8    1807   137    54.82    -37.66     39.83     9     1.2    1807     0   0   0   0    28.6625   -92.0543     5929   106.34    122.79      355.13
0170    85.0   790.4     18.03     84.7    1801   136    54.79    -37.71     39.74     9     1.2    1801     0   0   0   0    28.6626   -92.0545     5908   106.28    122.72      355.06
0171    85.5   791.0     18.06     84.6    1795   136    54.75    -37.76     39.64     9     1.2    1794     0   0   0   0    28.6628   -92.0546     5887   106.21    122.63      355.02
0172    86.0   791.6     18.08     84.6    1788   136    54.70    -37.79     39.55     9     1.2    1788     0   0   0   0    28.6630   -92.0548     5867   106.12    122.53      355.01
0173    86.5   792.2     18.11     84.7    1782   136    54.65    -37.81     39.46     9     1.2    1782     0   0   0   0    28.6632   -92.0550     5846   106.02    122.41      355.05
0174    87.0   792.8     18.13     84.9    1776   136    54.59    -37.81     39.38     9     1.2    1776     0   0   0   0    28.6634   -92.0552     5825   105.91    122.28      355.12
0175    87.5   793.3     18.14     85.2    1769   136    54.53    -37.81     39.30     9     1.2    1769     0   0   0   0    28.6635   -92.0554     5805   105.79    122.14      355.24
0176    88.0   793.9     18.16     85.6    1763   136    54.46    -37.79     39.22     9     1.2    1763     0   0   0   0    28.6637   -92.0556     5784   105.66    122.00      355.40
0177    88.5   794.5     18.17     86.1    1757   136    54.40    -37.75     39.16     9     1.2    1757     0   0   0   0    28.6639   -92.0558     5764   105.53    121.85      355.59
0178    89.0   795.1     18.18     86.6    1751   136    54.33    -37.71     39.11     9     1.2    1751     0   0   0   0    28.6641   -92.0560     5743   105.41    121.71      355.81
0179    89.5   795.7     18.18     87.3    1744   136    54.27    -37.66     39.08     9     1.1    1744     0   0   0   0    28.6642   -92.0562     5723   105.29    121.57      356.04
0180    90.0   796.2     18.18     87.9    1738   136    54.22    -37.61     39.06     9     1.1    1738     0   0   0   0    28.6644   -92.0564     5702   105.18    121.45      356.27
0181    90.5   796.8     18.19     88.5    1732   136    54.17    -37.55     39.05     9     1.1    1732     0   0   0   0    28.6646   -92.0565     5682   105.09    121.35      356.50
0182    91.0   797.4     18.19     89.1    1726   136    54.13    -37.49     39.05     9     1.1    1725     0   0   0   0    28.6648   -92.0567     5661   105.02    121.26      356.71
0183    91.5   798.0     18.19     89.7    1719   136    54.11    -37.44     39.06     9     1.1    1719     0   0   0   0    28.6649   -92.0569     5640   104.97    121.20      356.91
0184    92.0   798.6     18.20     90.2    1713   136    54.09    -37.39     39.09     9     1.1    1713     0   0   0   0    28.6651   -92.0571     5620   104.94    121.16      357.08
0185    92.5   799.1     18.20     90.7    1707   136    54.09    -37.35     39.11     9     1.1    1707     0   0   0   0    28.6653   -92.0573     5599   104.93    121.15      357.23
0186    93.0   799.7     18.21     91.1    1700   136    54.09    -37.33     39.14     9     1.0    1700     0   0   0   0    28.6655   -92.0575     5578   104.94    121.17      357.36
0187    93.5   800.3     18.22     91.4    1694   136    54.11    -37.32     39.18     9     1.0    1694     0   0   0   0    28.6657   -92.0577     5558   104.97    121.21      357.46
0188    94.0   800.9     18.23     91.7    1688   136    54.14    -37.33     39.21     9     1.0    1688     0   0   0   0    28.6658   -92.0579     5537   105.03    121.27      357.54
0189    94.5   801.5     18.24     91.9    1681   136    54.17    -37.35     39.24     9     1.0    1681     0   0   0   0    28.6660   -92.0581     5516   105.10    121.35      357.60
0190    95.0   802.1     18.25     92.1    1675   136    54.22    -37.39     39.26     9     1.1    1675     0   0   0   0    28.6662   -92.0583     5496   105.18    121.44      357.65
0191    95.5   802.7     18.26     92.3    1669   136    54.26    -37.44     39.28     9     1.1    1669     0   0   0   0    28.6664   -92.0585     5475   105.27    121.55      357.68
0192    96.0   803.3     18.28     92.5    1663   136    54.31    -37.49     39.29     9     1.1    1662     0   0   0   0    28.6665   -92.0586     5454   105.36    121.66      357.71
0193    96.5   803.8     18.30     92.6    1656   136    54.36    -37.55     39.30     9     1.2    1656     0   0   0   0    28.6667   -92.0588     5434   105.45    121.76      357.74
0194    97.0   804.4     18.31     92.7    1650   136    54.40    -37.62     39.30     9     1.2    1650     0   0   0   0    28.6669   -92.0590     5413   105.54    121.86      357.76
0195    97.5   805.0     18.33     92.8    1644   136    54.44    -37.69     39.28     9     1.2    1644     0   0   0   0    28.6671   -92.0592     5393   105.61    121.94      357.79
0196    98.0   805.6     18.35     92.9    1638   136    54.47    -37.75     39.26     9     1.3    1638     0   0   0   0    28.6672   -92.0594     5373   105.66    122.00      357.81
0197    98.5   806.1     18.37     93.0    1632   136    54.49    -37.81     39.23     9     1.3    1631     0   0   0   0    28.6674   -92.0596     5353   105.70    122.05      357.83
0198    99.0   806.7     18.39     93.1    1625   136    54.49    -37.86     39.20     9     1.3    1625     0   0   0   0    28.6676   -92.0598     5332   105.72    122.07      357.86
0199    99.5   807.3     18.42     93.1    1619   136    54.49    -37.90     39.15     9     1.3    1619     0   0   0   0    28.6678   -92.0600     5312   105.71    122.06      357.88
0200   100.0   807.9     18.44     93.2    1613   136    54.48    -37.94     39.10     9     1.3    1613     0   0   0   0    28.6680   -92.0602     5292   105.69    122.03      357.91
0201   100.5   808.4     18.47     93.3    1607   136    54.46    -37.97     39.03     9     1.3    1607     0   0   0   0    28.6681   -92.0604     5272   105.65    121.98      357.95
0202   101.0   809.0     18.49     93.3    1601   136    54.43    -38.00     38.97     9     1.3    1601     0   0   0   0    28.6683   -92.0606     5252   105.59    121.91      357.98
0203   101.5   809.6     18.52     93.4    1595   136    54.39    -38.02     38.89     9     1.3    1595     0   0   0   0    28.6685   -92.0607     5232   105.51    121.83      358.02
0204   102.0   810.2     18.54     93.5    1589   136    54.35    -38.05     38.81     9     1.2    1589     0   0   0   0    28.6687   -92.0609     5212   105.43    121.74      358.07
0205   102.5   810.7     18.57     93.6    1583   135    54.31    -38.07     38.72     9     1.2    1582     0   0   0   0    28.6688   -92.0611     5192   105.35    121.64      358.12
0206   103.0   811.3     18.60     93.7    1576   135    54.27    -38.11     38.63     9     1.1    1576     0   0   0   0    28.6690   -92.0613     5171   105.27    121.55      358.18
0207   103.5   811.9     18.62     93.8    1570   135    54.23    -38.16     38.54     9     1.1    1570     0   0   0   0    28.6692   -92.0615     5151   105.21    121.48      358.24
0208   104.0   812.5     18.65     93.9    1564   135    54.20    -38.21     38.44     9     1.0    1564     0   0   0   0    28.6694   -92.0617     5130   105.16    121.42      358.30
0209   104.5   813.1     18.67     94.1    1558   135    54.19    -38.29     38.35     9     1.0    1557     0   0   0   0    28.6695   -92.0619     5110   105.13    121.38      358.36
0210   105.0   813.7     18.69     94.2    1551   135    54.19    -38.38     38.25     9      .9    1551     0   0   0   0    28.6697   -92.0621     5089   105.13    121.38      358.42
0211   105.5   814.3     18.72     94.3    1545   135    54.20    -38.49     38.16     9      .8    1545     0   0   0   0    28.6699   -92.0623     5068   105.15    121.41      358.48
0212   106.0   814.9     18.74     94.5    1539   135    54.23    -38.62     38.07     9      .8    1538     0   0   0   0    28.6700   -92.0625     5047   105.21    121.47      358.53
0213   106.5   815.5     18.76     94.5    1532   134    54.27    -38.76     37.98     9      .7    1532     0   0   0   0    28.6702   -92.0627     5026   105.29    121.57      358.57
0214   107.0   816.1     18.79     94.6    1526   134    54.32    -38.92     37.90     9      .7    1526     0   0   0   0    28.6704   -92.0629     5005   105.39    121.69      358.60
0215   107.5   816.7     18.82     94.6    1519   134    54.39    -39.08     37.83     9      .6    1519     0   0   0   0    28.6706   -92.0631     4984   105.51    121.82      358.62
0216   108.0   817.3     18.85     94.6    1513   134    54.45    -39.23     37.75     9      .6    1513     0   0   0   0    28.6707   -92.0633     4963   105.63    121.97      358.64
0217   108.5   817.9     18.89     94.5    1506   134    54.51    -39.39     37.68     9      .6    1506     0   0   0   0    28.6709   -92.0635     4942   105.75    122.11      358.65
0218   109.0   818.6     18.93     94.4    1500   134    54.57    -39.54     37.62     9      .5    1500     0   0   0   0    28.6711   -92.0637     4921   105.87    122.24      358.65
0219   109.5   819.2     18.98     94.2    1493   133    54.62    -39.67     37.55     9      .5    1493     0   0   0   0    28.6712   -92.0639     4899   105.96    122.35      358.65
0220   110.0   819.8     19.02     94.1    1487   133    54.66    -39.78     37.48     9      .4    1487     0   0   0   0    28.6714   -92.0641     4878   106.03    122.43      358.65
0221   110.5   820.4     19.08     93.9    1480   133    54.68    -39.87     37.41     9      .4    1480     0   0   0   0    28.6716   -92.0643     4856   106.07    122.48      358.66
0222   111.0   821.0     19.13     93.7    1474   133    54.68    -39.94     37.35     9      .4    1474     0   0   0   0    28.6717   -92.0646     4835   106.09    122.49      358.66
0223   111.5   821.7     19.18     93.5    1467   133    54.68    -39.99     37.29     9      .4    1467     0   0   0   0    28.6719   -92.0648     4813   106.07    122.47      358.67
0224   112.0   822.3     19.24     93.2    1461   133    54.65    -40.01     37.23     9      .3    1460     0   0   0   0    28.6721   -92.0650     4792   106.03    122.43      358.68
0225   112.5   822.9     19.29     93.0    1454   133    54.62    -40.02     37.18     9      .3    1454     0   0   0   0    28.6722   -92.0652     4770   105.97    122.36      358.69
0226   113.0   823.5     19.35     92.8    1447   133    54.59    -40.01     37.13     9      .3    1447     0   0   0   0    28.6724   -92.0654     4748   105.90    122.28      358.70
0227   113.5   824.2     19.40     92.7    1441   133    54.55    -40.00     37.09     9      .4    1441     0   0   0   0    28.6726   -92.0656     4727   105.82    122.19      358.72
0228   114.0   824.8     19.45     92.5    1434   133    54.51    -39.98     37.06     9      .4    1434     0   0   0   0    28.6727   -92.0658     4705   105.75    122.10      358.73
0229   114.5   825.4     19.49     92.4    1428   133    54.47    -39.95     37.03     9      .4    1428     0   0   0   0    28.6729   -92.0660     4684   105.68    122.02      358.75
0230   115.0   826.0     19.54     92.3    1421   133    54.44    -39.93     37.01     9      .4    1421     0   0   0   0    28.6731   -92.0662     4662   105.62    121.95      358.77
0231   115.5   826.7     19.58     92.2    1415   133    54.41    -39.92     36.98     9      .5    1415     0   0   0   0    28.6732   -92.0664     4641   105.56    121.89      358.79
0232   116.0   827.3     19.62     92.1    1408   133    54.39    -39.91     36.95     9      .5    1408     0   0   0   0    28.6734   -92.0666     4620   105.52    121.83      358.81
0233   116.5   827.9     19.65     92.1    1402   133    54.37    -39.91     36.92     9      .5    1402     0   0   0   0    28.6736   -92.0668     4599   105.48    121.79      358.84
0234   117.0   828.5     19.68     92.2    1395   133    54.35    -39.93     36.88     9      .6    1395     0   0   0   0    28.6737   -92.0670     4577   105.44    121.75      358.88
0235   117.5   829.1     19.71     92.2    1389   133    54.34    -39.95     36.83     9      .6    1389     0   0   0   0    28.6739   -92.0672     4556   105.41    121.71      358.93
0236   118.0   829.7     19.73     92.4    1382   133    54.32    -39.99     36.76     9      .6    1382     0   0   0   0    28.6741   -92.0674     4535   105.37    121.67      358.98
0237   118.5   830.4     19.75     92.5    1376   132    54.29    -40.04     36.67     9      .6    1376     0   0   0   0    28.6742   -92.0676     4514   105.33    121.62      359.04
0238   119.0   831.0     19.77     92.7    1370   132    54.27    -40.09     36.57     9      .6    1370     0   0   0   0    28.6744   -92.0678     4493   105.27    121.55      359.11
0239   119.5   831.6     19.78     93.0    1363   132    54.23    -40.14     36.47     9      .6    1363     0   0   0   0    28.6746   -92.0681     4472   105.21    121.48      359.19
0240   120.0   832.2     19.79     93.3    1357   132    54.19    -40.20     36.35     9      .6    1357     0   0   0   3    28.6747   -92.0683     4451   105.14    121.40      359.27
0241   120.5   832.8     19.79     93.6    1350   132    54.15    -40.25     36.23     9      .5    1350     0   0   0   0    28.6749   -92.0685     4430   105.06    121.30      359.35
0242   121.0   833.4     19.79     94.0    1344   132    54.11    -40.30     36.11     9      .5    1344     0   0   0   0    28.6751   -92.0687     4409   104.97    121.20      359.43
0243   121.5   834.1     19.79     94.3    1338   132    54.06    -40.34     35.99     9      .5    1337     0   0   0   0    28.6752   -92.0689     4388   104.88    121.10      359.52
0244   122.0   834.7     19.79     94.7    1331   132    54.02    -40.37     35.89     9      .4    1331     0   0   0   0    28.6754   -92.0691     4367   104.80    121.00      359.60
0245   122.5   835.3     19.79     95.1    1325   132    53.98    -40.40     35.79     9      .4    1324     0   0   0   0    28.6756   -92.0693     4345   104.71    120.91      359.68
0246   123.0   835.9     19.79     95.5    1318   131    53.94    -40.42     35.71     9      .4    1318     0   0   0   0    28.6757   -92.0695     4324   104.64    120.82      359.76
0247   123.5   836.6     19.79     95.8    1312   131    53.90    -40.43     35.64     9      .3    1311     0   0   0   3    28.6759   -92.0697     4303   104.56    120.73      359.84
0248   124.0   837.2     19.79     96.2    1305   131    53.86    -40.44     35.58     9      .3    1305     0   0   0   0    28.6760   -92.0699     4281   104.50    120.66      359.91
0249   124.5   837.8     19.80     96.5    1298   131    53.83    -40.45     35.52     9      .3    1298     0   0   0   0    28.6762   -92.0701     4260   104.43    120.58      359.99
0250   125.0   838.5     19.80     96.8    1292   131    53.79    -40.45     35.46     9      .3    1292     0   0   0   0    28.6764   -92.0703     4238   104.36    120.50      360.07
0251   125.5   839.1     19.82     97.0    1285   131    53.76    -40.45     35.41     9      .3    1285     0   0   0   0    28.6765   -92.0705     4217   104.29    120.42      360.15
0252   126.0   839.7     19.83     97.3    1279   131    53.72    -40.46     35.34     9      .3    1279     0   0   0   0    28.6767   -92.0707     4195   104.22    120.34      360.23
0253   126.5   840.4     19.85     97.5    1272   131    53.69    -40.47     35.28     9      .3    1272     0   0   0   0    28.6768   -92.0709     4174   104.16    120.26      360.31
0254   127.0   841.0     19.87     97.6    1266   131    53.66    -40.50     35.20     9      .3    1266     0   0   0   0    28.6770   -92.0711     4152   104.10    120.20      360.39
0255   127.5   841.6     19.90     97.8    1259   131    53.64    -40.54     35.13     9      .3    1259     0   0   0   0    28.6771   -92.0714     4131   104.06    120.16      360.46
0256   128.0   842.3     19.93     97.9    1253   131    53.64    -40.59     35.06     9      .2    1253     0   0   0   0    28.6773   -92.0716     4109   104.05    120.14      360.54
0257   128.5   842.9     19.96     98.0    1246   131    53.65    -40.66     35.00     9      .2    1246     0   0   0   0    28.6775   -92.0718     4088   104.08    120.17      360.62
0258   129.0   843.5     19.99     98.1    1240   131    53.69    -40.74     34.96     9      .2    1239     0   0   0   0    28.6776   -92.0720     4066   104.15    120.26      360.69
0259   129.5   844.2     20.02     98.2    1233   131    53.75    -40.84     34.95     9      .2    1233     0   0   0   0    28.6778   -92.0722     4045   104.28    120.40      360.77
0260   130.0   844.8     20.05     98.3    1226   130    53.84    -40.95     34.96     9      .2    1226     0   0   0   0    28.6779   -92.0724     4023   104.46    120.61      360.84
0261   130.5   845.5     20.09     98.4    1220   130    53.97    -41.07     35.01     9      .3    1220     0   0   0   0    28.6781   -92.0726     4002   104.69    120.88      360.92
0262   131.0   846.1     20.12     98.4    1213   130    54.11    -41.19     35.09     9      .3    1213     0   0   0   0    28.6783   -92.0728     3981   104.98    121.22      361.01
0263   131.5   846.7     20.16     98.5    1207   130    54.28    -41.32     35.20     9      .3    1207     0   0   0   0    28.6784   -92.0730     3959   105.31    121.59      361.09
0264   132.0   847.4     20.20     98.6    1200   130    54.47    -41.44     35.34     9      .3    1200     0   0   0   0    28.6786   -92.0732     3938   105.66    122.00      361.19
0265   132.5   848.0     20.24     98.6    1194   131    54.65    -41.56     35.50     9      .4    1194     0   0   0   0    28.6787   -92.0734     3916   106.03    122.42      361.29
0266   133.0   848.6     20.28     98.7    1187   131    54.83    -41.66     35.66     6      .4    1187     0   0   0   0    28.6789   -92.0737     3895   106.38    122.83      361.40
0267   133.5   849.3     20.32     98.8    1181   131    55.00    -41.74     35.82     8      .5    1181     0   0   0   0    28.6791   -92.0739     3874   106.70    123.20      361.51
0268   134.0   849.9     20.36     98.8    1175   131    55.14    -41.80     35.96     9      .5    1174     0   0   0   0    28.6792   -92.0741     3853   106.97    123.51      361.63
0269   134.5   850.5     20.40     98.9    1168   131    55.24    -41.84     36.07     9      .6    1168     0   0   0   0    28.6794   -92.0743     3832   107.17    123.75      361.75
0270   135.0   851.1     20.45     99.0    1162   131    55.31    -41.86     36.15     9      .6    1162     0   0   0   0    28.6795   -92.0745     3812   107.31    123.90      361.86
0271   135.5   851.7     20.49     99.0    1156   131    55.34    -41.87     36.19     9      .7    1155     0   0   0   0    28.6797   -92.0747     3791   107.36    123.96      361.98
0272   136.0   852.4     20.53     99.1    1149   131    55.33    -41.85     36.20     9      .7    1149     0   0   0   0    28.6799   -92.0749     3770   107.34    123.94      362.08
0273   136.5   853.0     20.57     99.1    1143   131    55.29    -41.82     36.17     9      .7    1143     0   0   0   0    28.6800   -92.0752     3750   107.27    123.85      362.17
0274   137.0   853.6     20.60     99.1    1137   131    55.23    -41.79     36.11     9      .7    1137     0   0   0   0    28.6802   -92.0754     3729   107.14    123.71      362.25
0275   137.5   854.2     20.64     99.2    1131   131    55.15    -41.75     36.03     9      .7    1130     0   0   0   0    28.6804   -92.0756     3709   106.99    123.54      362.31
0276   138.0   854.8     20.67     99.2    1124   131    55.07    -41.72     35.95     9      .7    1124     0   0   0   0    28.6805   -92.0758     3688   106.84    123.36      362.36
0277   138.5   855.4     20.70     99.2    1118   131    55.01    -41.70     35.87     9      .7    1118     0   0   0   0    28.6807   -92.0760     3668   106.71    123.21      362.39
0278   139.0   856.1     20.73     99.2    1112   131    54.96    -41.70     35.80     9      .6    1112     0   0   0   0    28.6808   -92.0762     3647   106.62    123.11      362.41
0279   139.5   856.7     20.76     99.2    1105   131    54.95    -41.71     35.76     9      .6    1105     0   0   0   0    28.6810   -92.0764     3626   106.60    123.08      362.42
0280   140.0   857.3     20.78     99.2    1099   131    54.97    -41.75     35.75     9      .5    1099     0   0   0   3    28.6812   -92.0767     3605   106.63    123.12      362.42
0281   140.5   857.9     20.80     99.2    1093   131    55.02    -41.81     35.77     9      .5    1093     0   0   0   0    28.6813   -92.0769     3584   106.74    123.25      362.41
0282   141.0   858.6     20.82     99.2    1086   131    55.11    -41.89     35.82     9      .4    1086     0   0   0   0    28.6815   -92.0771     3563   106.92    123.45      362.40
0283   141.5   859.2     20.85     99.2    1080   131    55.23    -41.99     35.89     9      .4    1080     0   0   0   0    28.6817   -92.0773     3542   107.15    123.72      362.39
0284   142.0   859.8     20.87     99.3    1073   131    55.38    -42.10     35.97     9      .3    1073     0   0   0   0    28.6818   -92.0775     3521   107.43    124.04      362.37
0285   142.5   860.5     20.89     99.3    1067   130    55.53    -42.23     36.05     9      .3    1067     0   0   0   0    28.6820   -92.0777     3500   107.73    124.39      362.36
0286   143.0   861.1     20.91     99.3    1060   130    55.68    -42.37     36.13     9      .3    1060     0   0   0   0    28.6821   -92.0779     3479   108.03    124.73      362.35
0287   143.5   861.8     20.93     99.3    1054   130    55.83    -42.52     36.18     9      .2    1054     0   0   0   0    28.6823   -92.0782     3458   108.31    125.06      362.34
0288   144.0   862.4     20.95     99.3    1047   130    55.96    -42.67     36.21     9      .2    1047     0   0   0   0    28.6825   -92.0784     3436   108.57    125.36      362.34
0289   144.5   863.0     20.97     99.3    1041   130    56.07    -42.82     36.20     9      .1    1041     0   0   0   0    28.6826   -92.0786     3415   108.78    125.60      362.33
0290   145.0   863.7     21.00     99.4    1034   130    56.16    -42.97     36.15     9      .1    1034     0   0   0   0    28.6828   -92.0788     3393   108.95    125.80      362.33
0291   145.5   864.3     21.02     99.4    1028   130    56.23    -43.13     36.08     9      .0    1028     0   0   0   0    28.6830   -92.0790     3372   109.08    125.95      362.32
0292   146.0   865.0     21.04     99.4    1021   130    56.28    -43.28     35.97     9      .0    1021     0   0   0   0    28.6831   -92.0793     3350   109.17    126.06      362.32
0293   146.5   865.7     21.07     99.4    1015   130    56.31    -43.43     35.84     9     -.1    1015     0   0   0   0    28.6833   -92.0795     3329   109.25    126.14      362.31
0294   147.0   866.3     21.09     99.4    1008   129    56.35    -43.59     35.71     9     -.1    1008     0   0   0   0    28.6834   -92.0797     3307   109.32    126.23      362.30
0295   147.5   867.0     21.11     99.4    1001   129    56.39    -43.75     35.58     9     -.2    1001     0   0   0   0    28.6836   -92.0799     3285   109.40    126.32      362.29
0296   148.0   867.6     21.14     99.4     995   129    56.44    -43.91     35.46     9     -.2     995     0   0   0   0    28.6838   -92.0801     3263   109.50    126.43      362.28
0297   148.5   868.3     21.16     99.4     988   129    56.51    -44.08     35.36     9     -.3     988     0   0   0   0    28.6839   -92.0804     3241   109.63    126.59      362.26
0298   149.0   869.0     21.18     99.4     981   129    56.60    -44.25     35.29     9     -.3     981     0   0   0   0    28.6841   -92.0806     3219   109.81    126.79      362.25
0299   149.5   869.7     21.21     99.4     974   128    56.71    -44.42     35.25     9     -.3     974     0   0   0   0    28.6842   -92.0808     3197   110.02    127.03      362.23
0300   150.0   870.3     21.23     99.4     968   128    56.84    -44.59     35.24     9     -.3     968     0   0   0   0    28.6844   -92.0811     3175   110.27    127.32      362.22
0301   150.5   871.0     21.25     99.4     961   128    56.98    -44.76     35.26     9     -.3     961     0   0   0   0    28.6846   -92.0813     3152   110.54    127.63      362.21
0302   151.0   871.7     21.27     99.4     954   128    57.13    -44.92     35.29     9     -.2     954     0   0   0   0    28.6847   -92.0815     3130   110.83    127.96      362.20
0303   151.5   872.3     21.30     99.5     948   128    57.27    -45.07     35.34     9     -.2     947     0   0   0   0    28.6849   -92.0817     3108   111.11    128.29      362.19
0304   152.0   873.0     21.32     99.5     941   128    57.41    -45.19     35.40     9     -.1     941     0   0   0   0    28.6850   -92.0820     3087   111.37    128.59      362.18
0305   152.5   873.7     21.34     99.5     934   128    57.52    -45.30     35.46     9      .0     934     0   0   0   0    28.6852   -92.0822     3065   111.60    128.85      362.18
0306   153.0   874.3     21.37     99.5     928   128    57.62    -45.37     35.51     8      .1     928     0   0   0   0    28.6854   -92.0824     3044   111.77    129.06      362.19
0307   153.5   875.0     21.39     99.5     921   128    57.68    -45.42     35.55     8      .2     921     0   0   0   0    28.6855   -92.0827     3022   111.89    129.20      362.20
0308   154.0   875.6     21.42     99.6     915   128    57.70    -45.44     35.57     8      .2     915     0   0   0   0    28.6857   -92.0829     3001   111.95    129.26      362.21
0309   154.5   876.3     21.44     99.6     908   128    57.70    -45.43     35.58     9      .3     908     0   0   0   0    28.6858   -92.0831     2980   111.94    129.25      362.23
0310   155.0   876.9     21.47     99.6     902   128    57.66    -45.39     35.56     9      .4     902     0   0   0   0    28.6860   -92.0834     2959   111.86    129.16      362.25
0311   155.5   877.6     21.50     99.6     896   128    57.59    -45.32     35.53     9      .4     896     0   0   0   0    28.6862   -92.0836     2938   111.73    129.01      362.28
0312   156.0   878.2     21.52     99.7     889   128    57.50    -45.24     35.48     9      .5     889     0   0   0   0    28.6863   -92.0838     2918   111.55    128.80      362.30
0313   156.5   878.8     21.55     99.7     883   128    57.39    -45.15     35.42     9      .6     883     0   0   0   0    28.6865   -92.0840     2897   111.33    128.55      362.33
0314   157.0   879.4     21.58     99.7     877   128    57.26    -45.06     35.34     9      .6     877     0   0   0   0    28.6866   -92.0843     2876   111.08    128.26      362.36
0315   157.5   880.1     21.61     99.7     871   128    57.12    -44.96     35.23     9      .7     871     0   0   0   0    28.6868   -92.0845     2856   110.81    127.95      362.40
0316   158.0   880.7     21.64     99.7     864   128    56.97    -44.87     35.11     9      .8     864     0   0   0   0    28.6870   -92.0847     2836   110.53    127.62      362.43
0317   158.5   881.3     21.67     99.7     858   128    56.82    -44.79     34.96     9      .8     858     0   0   0   0    28.6871   -92.0850     2816   110.23    127.28      362.46
0318   159.0   881.9     21.70     99.8     852   128    56.67    -44.73     34.79     9      .9     852     0   0   0   0    28.6873   -92.0852     2796   109.94    126.94      362.49
0319   159.5   882.6     21.73     99.8     846   128    56.52    -44.69     34.60     9     1.0     846     0   0   0   0    28.6874   -92.0854     2776   109.65    126.61      362.53
0320   160.0   883.2     21.76     99.8     840   128    56.38    -44.68     34.39     9     1.0     840     0   0   0   0    28.6876   -92.0856     2756   109.38    126.29      362.56
0321   160.5   883.8     21.78     99.8     834   127    56.25    -44.69     34.16     9     1.1     834     0   0   0   0    28.6877   -92.0859     2736   109.13    126.00      362.59
0322   161.0   884.4     21.81     99.8     828   127    56.13    -44.72     33.92     9     1.2     828     0   0   0   0    28.6879   -92.0861     2717   108.90    125.73      362.62
0323   161.5   885.0     21.84     99.8     822   127    56.03    -44.78     33.68     9     1.2     822     0   0   0   0    28.6880   -92.0863     2697   108.70    125.51      362.65
0324   162.0   885.6     21.87     99.8     816   127    55.95    -44.86     33.43     6     1.2     816     0   0   0   0    28.6882   -92.0866     2678   108.54    125.32      362.69
0325   162.5   886.2     21.89     99.9     810   126    55.89    -44.96     33.19     8     1.2     810     0   0   0   0    28.6883   -92.0868     2659   108.42    125.18      362.72
0326   163.0   886.8     21.92     99.9     805   126    55.85    -45.08     32.97     9     1.2     804     0   0   0   0    28.6885   -92.0870     2639   108.35    125.10      362.75
0327   163.5   887.4     21.95     99.9     799   126    55.84    -45.22     32.76     9     1.2     799     0   0   0   0    28.6886   -92.0872     2620   108.32    125.08      362.77
0328   164.0   888.0     21.97     99.9     793   126    55.85    -45.36     32.58     9     1.1     793     0   0   0   0    28.6888   -92.0875     2601   108.35    125.10      362.80
0329   164.5   888.6     22.00     99.9     787   125    55.88    -45.52     32.41     9     1.0     787     0   0   0   0    28.6889   -92.0877     2581   108.41    125.17      362.83
0330   165.0   889.2     22.02    100.0     781   125    55.93    -45.68     32.28     9      .9     781     0   0   0   0    28.6891   -92.0879     2561   108.51    125.29      362.85
0331   165.5   889.8     22.05    100.0     775   125    56.00    -45.84     32.16     9      .8     775     0   0   0   0    28.6892   -92.0882     2541   108.63    125.43      362.88
0332   166.0   890.4     22.08    100.0     769   125    56.07    -46.00     32.06     9      .7     768     0   0   0   0    28.6894   -92.0884     2521   108.78    125.60      362.90
0333   166.5   891.0     22.11    100.0     762   125    56.15    -46.15     31.98     9      .6     762     0   0   0   0    28.6895   -92.0887     2501   108.93    125.78      362.91
0334   167.0   891.7     22.13    100.0     756   125    56.23    -46.30     31.91     9      .5     756     0   0   0   0    28.6897   -92.0889     2481   109.09    125.96      362.93
0335   167.5   892.3     22.16    100.0     750   124    56.31    -46.44     31.84     9      .4     750     0   0   0   0    28.6898   -92.0891     2460   109.24    126.13      362.94
0336   168.0   893.0     22.19     99.9     744   124    56.38    -46.57     31.78     9      .3     743     0   0   0   0    28.6899   -92.0894     2439   109.38    126.30      362.94
0337   168.5   893.6     22.22     99.9     737   124    56.45    -46.70     31.72     9      .1     737     0   0   0   0    28.6901   -92.0896     2418   109.51    126.45      362.95
0338   169.0   894.3     22.25     99.9     731   124    56.51    -46.81     31.66     9      .0     731     0   0   0   0    28.6902   -92.0898     2397   109.64    126.59      362.94
0339   169.5   895.0     22.28     99.8     724   124    56.58    -46.92     31.61     9     -.1     724     0   0   0   0    28.6904   -92.0901     2375   109.76    126.73      362.94
0340   170.0   895.6     22.31     99.8     718   124    56.63    -47.02     31.57     8     -.2     717     0   0   0   0    28.6905   -92.0903     2354   109.87    126.86      362.93
0341   170.5   896.3     22.34     99.7     711   124    56.69    -47.11     31.54     8     -.2     711     0   0   0   0    28.6907   -92.0906     2332   109.99    127.00      362.91
0342   171.0   897.0     22.37     99.6     704   124    56.76    -47.19     31.53     8     -.3     704     0   0   0   0    28.6908   -92.0908     2310   110.11    127.14      362.90
0343   171.5   897.7     22.40     99.5     698   124    56.83    -47.27     31.54     9     -.4     698     0   0   0   0    28.6909   -92.0910     2288   110.25    127.30      362.88
0344   172.0   898.4     22.43     99.5     691   124    56.92    -47.35     31.58     9     -.4     691     0   0   0   0    28.6911   -92.0913     2266   110.42    127.49      362.86
0345   172.5   899.1     22.47     99.4     684   124    57.01    -47.42     31.65     9     -.5     684     0   0   0   0    28.6912   -92.0915     2244   110.61    127.71      362.85
0346   173.0   899.7     22.50     99.3     677   124    57.13    -47.49     31.75     9     -.5     677     0   0   0   0    28.6914   -92.0918     2222   110.83    127.96      362.85
0347   173.5   900.4     22.54     99.2     671   124    57.26    -47.56     31.88     9     -.5     671     0   0   0   0    28.6915   -92.0920     2200   111.08    128.26      362.85
0348   174.0   901.1     22.58     99.2     664   124    57.41    -47.64     32.04     8     -.6     664     0   0   0   0    28.6917   -92.0923     2178   111.37    128.60      362.87
0349   174.5   901.8     22.61     99.1     657   124    57.58    -47.72     32.22     8     -.6     657     0   0   0   0    28.6918   -92.0925     2156   111.70    128.97      362.90
0350   175.0   902.5     22.65     99.1     650   124    57.76    -47.81     32.41     9     -.6     650     0   0   0   0    28.6920   -92.0928     2133   112.06    129.39      362.95
0351   175.5   903.2     22.70     99.1     644   124    57.95    -47.92     32.60     9     -.6     644     0   0   0   0    28.6921   -92.0930     2111   112.43    129.82      363.02
0352   176.0   903.9     22.74     99.1     637   124    58.15    -48.03     32.77     9     -.7     637     0   0   0   0    28.6922   -92.0932     2089   112.80    130.25      363.11
0353   176.5   904.6     22.78     99.1     630   124    58.33    -48.16     32.90     9     -.8     630     0   0   0   0    28.6924   -92.0935     2067   113.15    130.65      363.21
0354   177.0   905.3     22.83     99.2     623   124    58.49    -48.30     32.98     9     -.9     623     0   0   0   0    28.6925   -92.0937     2044   113.46    131.01      363.33
0355   177.5   906.0     22.87     99.2     616   124    58.61    -48.44     33.00     9    -1.0     616     0   0   0   3    28.6927   -92.0940     2022   113.70    131.29      363.46
0356   178.0   906.8     22.91     99.3     609   124    58.69    -48.58     32.93     9    -1.2     609     0   0   0   0    28.6928   -92.0942     1999   113.86    131.46      363.60
0357   178.5   907.5     22.96     99.4     602   124    58.71    -48.70     32.78     9    -1.4     602     0   0   0   0    28.6930   -92.0945     1976   113.90    131.51      363.75
0358   179.0   908.2     23.00     99.5     595   124    58.66    -48.81     32.54     9    -1.6     595     0   0   0   0    28.6931   -92.0947     1952   113.81    131.41      363.90
0359   179.5   909.0     23.04     99.6     588   123    58.55    -48.89     32.22     9    -1.7     588     0   0   0   0    28.6933   -92.0950     1928   113.58    131.15      364.04
0360   180.0   909.8     23.09     99.7     580   123    58.36    -48.92     31.82     9    -1.9     580     0   0   0   0    28.6934   -92.0952     1904   113.22    130.73      364.17
0361   180.5   910.5     23.13     99.8     573   123    58.10    -48.91     31.36     9    -2.1     573     0   0   0   0    28.6936   -92.0955     1879   112.72    130.15      364.30
0362   181.0   911.3     23.17     99.9     565   122    57.79    -48.85     30.88     9    -2.2     565     0   0   0   0    28.6937   -92.0957     1854   112.11    129.44      364.40
0363   181.5   912.1     23.20    100.0     558   122    57.43    -48.73     30.38     9    -2.3     558     0   0   0   0    28.6938   -92.0960     1829   111.40    128.63      364.49
0364   182.0   912.9     23.24    100.0     550   122    57.03    -48.56     29.92     9    -2.3     550     0   0   0   0    28.6940   -92.0962     1804   110.64    127.75      364.53
0365   182.5   913.7     23.28    100.0     542   121    56.63    -48.34     29.50     9    -2.3     542     0   0   0   0    28.6941   -92.0965     1779   109.86    126.85      364.57
0366   183.0   914.5     23.31    100.0     535   121    56.23    -48.08     29.15     9    -2.2     535     0   0   0   0    28.6942   -92.0967     1754   109.09    125.95      364.60
0367   183.5   915.3     23.35    100.0     527   121    55.85    -47.81     28.88     9    -2.1     527     0   0   0   0    28.6944   -92.0970     1729   108.36    125.11      364.63
0368   184.0   916.1     23.38    100.0     520   121    55.52    -47.52     28.70     9    -1.9     520     0   0   0   0    28.6945   -92.0972     1705   107.70    124.35      364.66
0369   184.5   916.8     23.42     99.9     512   121    55.22    -47.24     28.61     5    -1.7     512     0   0   0   0    28.6946   -92.0975     1680   107.14    123.70      364.65
0370   185.0   917.6     23.45     99.9     505   121    54.98    -46.97     28.58     9    -1.5     505     0   0   0   0    28.6948   -92.0977     1657   106.67    123.17      364.64
0371   185.5   918.3     23.49     99.8     498   121    54.79    -46.74     28.60     9    -1.2     498     0   0   0   0    28.6949   -92.0979     1633   106.29    122.73      364.63
0372   186.0   919.1     23.52     99.7     491   122    54.64    -46.53     28.64     9    -1.0     491     0   0   0   0    28.6950   -92.0982     1610   105.99    122.38      364.62
0373   186.5   919.8     23.55     99.6     484   122    54.51    -46.36     28.67     9     -.7     484     0   0   0   3    28.6952   -92.0984     1588   105.74    122.09      364.61
0374   187.0   920.5     23.59     99.6     477   122    54.38    -46.22     28.66     9     -.5     477     0   0   0   0    28.6953   -92.0987     1566   105.50    121.82      364.61
0375   187.5   921.2     23.62     99.5     471   122    54.25    -46.11     28.60     9     -.2     471     0   0   0   0    28.6954   -92.0989     1544   105.25    121.53      364.61
0376   188.0   921.8     23.65     99.5     464   122    54.10    -46.02     28.44     9      .0     464     0   0   0   0    28.6955   -92.0991     1523   104.96    121.19      364.62
0377   188.5   922.5     23.69     99.4     458   122    53.91    -45.96     28.18     9      .2     458     0   0   0   0    28.6957   -92.0994     1502   104.59    120.77      364.64
0378   189.0   923.2     23.72     99.4     452   121    53.69    -45.91     27.82     9      .3     452     0   0   0   0    28.6958   -92.0996     1482   104.15    120.25      364.66
0379   189.5   923.8     23.75     99.3     446   121    53.41    -45.88     27.35     9      .5     446     0   0   0   0    28.6959   -92.0998     1462   103.62    119.65      364.68
0380   190.0   924.5     23.78     99.3     440   120    53.11    -45.86     26.78     9      .6     439     0   0   0   0    28.6960   -92.1001     1442   103.03    118.96      364.71
0381   190.5   925.1     23.82     99.3     433   120    52.77    -45.84     26.14     9      .7     433     0   0   0   0    28.6962   -92.1003     1422   102.38    118.21      364.75
0382   191.0   925.7     23.85     99.3     427   119    52.43    -45.85     25.44     9      .8     427     0   0   0   0    28.6963   -92.1005     1402   101.72    117.45      364.78
0383   191.5   926.4     23.88     99.3     421   118    52.10    -45.87     24.71     9      .8     421     0   0   0   3    28.6964   -92.1008     1382   101.08    116.71      364.82
0384   192.0   927.0     23.91     99.3     416   118    51.81    -45.93     23.98     9      .9     415     0   0   0   0    28.6965   -92.1010     1363   100.52    116.06      364.86
0385   192.5   927.6     23.94     99.3     410   117    51.58    -46.03     23.26     9      .9     409     0   0   0   0    28.6966   -92.1013     1343   100.06    115.54      364.90
0386   193.0   928.2     23.97     99.3     404   116    51.42    -46.19     22.59     9      .9     404     0   0   0   0    28.6967   -92.1015     1324    99.76    115.19      364.94
0387   193.5   928.9     23.99     99.3     398   115    51.36    -46.42     21.99     9      .9     398     0   0   0   0    28.6968   -92.1017     1305    99.64    115.05      364.99
0388   194.0   929.5     24.02     99.4     392   115    51.40    -46.71     21.45     9     1.0     392     0   0   0   3    28.6969   -92.1020     1285    99.72    115.15      365.04
0389   194.5   930.1     24.05     99.4     386   114    51.55    -47.07     21.00     9     1.0     386     0   0   0   0    28.6970   -92.1022     1266   100.00    115.46      365.09
0390   195.0   930.7     24.07     99.5     380   113    51.78    -47.49     20.63     9     1.0     380     0   0   0   0    28.6971   -92.1025     1246   100.45    115.99      365.15
0391   195.5   931.4     24.10     99.5     374   113    52.09    -47.96     20.33     9     1.0     374     0   0   0   0    28.6972   -92.1027     1227   101.06    116.69      365.21
0392   196.0   932.0     24.13     99.6     368   113    52.46    -48.46     20.10     9     1.1     368     0   0   0   0    28.6973   -92.1029     1208   101.77    117.51      365.27
0393   196.5   932.6     24.16     99.7     362   112    52.86    -48.96     19.94     9     1.1     362     0   0   0   0    28.6974   -92.1032     1188   102.56    118.42      365.34
0394   197.0   933.2     24.18     99.7     357   112    53.28    -49.45     19.84     9     1.2     356     0   0   0   0    28.6974   -92.1034     1169   103.36    119.34      365.41
0395   197.5   933.8     24.21     99.8     351   112    53.67    -49.89     19.78     9     1.3     351     0   0   0   0    28.6975   -92.1037     1150   104.12    120.22      365.48
0396   198.0   934.4     24.24     99.8     345   111    54.02    -50.27     19.77     9     1.3     345     0   0   0   0    28.6976   -92.1040     1131   104.80    121.01      365.55
0397   198.5   935.0     24.28     99.8     339   111    54.31    -50.57     19.79     9     1.4     339     0   0   0   0    28.6977   -92.1042     1113   105.36    121.65      365.61
0398   199.0   935.6     24.31     99.8     334   111    54.51    -50.77     19.85     9     1.5     334     0   0   0   0    28.6978   -92.1045     1094   105.75    122.10      365.67
0399   199.5   936.2     24.35     99.8     328   111    54.62    -50.86     19.92     9     1.6     328     0   0   0   0    28.6979   -92.1047     1076   105.97    122.36      365.73
0400   200.0   936.8     24.38     99.7     323   111    54.64    -50.84     20.01     9     1.7     322     0   0   0   0    28.6980   -92.1050     1058   106.01    122.40      365.77
0401   200.5   937.4     24.42     99.6     317   112    54.57    -50.73     20.12     9     1.8     317     0   0   0   0    28.6981   -92.1053     1040   105.87    122.24      365.82
0402   201.0   938.0     24.46     99.5     312   112    54.42    -50.52     20.23     9     1.9     312     0   0   0   0    28.6982   -92.1055     1022   105.57    121.89      365.85
0403   201.5   938.5     24.51     99.4     306   112    54.19    -50.23     20.34     9     2.0     306     0   0   0   0    28.6983   -92.1058     1004   105.13    121.39      365.87
0404   202.0   939.1     24.55     99.2     301   112    53.91    -49.89     20.44     9     2.1     301     0   0   0   0    28.6983   -92.1060      987   104.59    120.76      365.89
0405   202.5   939.7     24.60     99.0     296   113    53.60    -49.51     20.53     9     2.1     295     0   0   0   0    28.6984   -92.1063      969   103.98    120.06      365.91
0406   203.0   940.2     24.64     98.8     290   113    53.26    -49.12     20.60     9     2.2     290     0   0   0   0    28.6985   -92.1065      952   103.33    119.31      365.92
0407   203.5   940.8     24.69     98.6     285   113    52.93    -48.73     20.65     9     2.3     285     0   0   0   0    28.6986   -92.1068      935   102.68    118.56      365.92
0408   204.0   941.4     24.74     98.4     280   113    52.60    -48.37     20.68     9     2.3     280     0   0   0   0    28.6987   -92.1070      918   102.05    117.83      365.92
0409   204.5   941.9     24.79     98.1     275   113    52.29    -48.03     20.67     9     2.4     275     0   0   0   0    28.6988   -92.1073      901   101.45    117.14      365.92
0410   205.0   942.5     24.84     97.9     270   113    52.01    -47.73     20.64     9     2.4     269     0   0   0   0    28.6989   -92.1075      884   100.89    116.50      365.91
0411   205.5   943.0     24.89     97.7     264   113    51.74    -47.47     20.59     6     2.4     264     0   0   0   0    28.6990   -92.1078      867   100.38    115.91      365.90
0412   206.0   943.6     24.93     97.4     259   113    51.50    -47.24     20.52     9     2.4     259     0   0   0   0    28.6991   -92.1080      850    99.92    115.37      365.89
0413   206.5   944.1     24.98     97.1     254   113    51.28    -47.03     20.42     9     2.4     254     0   0   0   0    28.6992   -92.1082      833    99.48    114.86      365.87
0414   207.0   944.7     25.03     96.9     249   113    51.06    -46.84     20.32     9     2.4     249     0   0   0   0    28.6993   -92.1085      817    99.06    114.38      365.85
0415   207.5   945.2     25.08     96.6     244   113    50.85    -46.66     20.21     9     2.3     244     0   0   0   0    28.6994   -92.1087      800    98.64    113.89      365.82
0416   208.0   945.8     25.13     96.4     239   113    50.62    -46.47     20.09     9     2.2     239     0   0   0   0    28.6995   -92.1090      783    98.21    113.39      365.79
0417   208.5   946.3     25.18     96.1     233   113    50.38    -46.26     19.96     9     2.1     233     0   0   0   0    28.6996   -92.1092      766    97.75    112.86      365.77
0418   209.0   946.9     25.23     95.8     228   113    50.13    -46.03     19.84     8     2.0     228     0   0   0   0    28.6996   -92.1094      748    97.25    112.28      365.74
0419   209.5   947.5     25.27     95.6     223   113    49.84    -45.78     19.71     9     1.9     223     0   0   0   0    28.6997   -92.1097      731    96.70    111.65      365.71
0420   210.0   948.0     25.32     95.4     217   113    49.54    -45.50     19.60     8     1.8     217     0   0   0   0    28.6998   -92.1099      713    96.11    110.97      365.69
0421   210.5   948.6     25.37     95.1     212   113    49.21    -45.19     19.49     8     1.7     212     0   0   0   0    28.6999   -92.1101      695    95.47    110.24      365.67
0422   211.0   949.2     25.41     94.9     206   113    48.87    -44.86     19.39     8     1.6     206     0   0   0   0    28.7000   -92.1104      677    94.81    109.47      365.66
0423   211.5   949.8     25.46     94.7     201   113    48.52    -44.51     19.32     9     1.5     201     0   0   0   0    28.7001   -92.1106      658    94.13    108.69      365.66
0424   212.0   950.4     25.50     94.6     195   114    48.18    -44.16     19.26     9     1.4     195     0   0   0   0    28.7002   -92.1108      640    93.47    107.92      365.67
0425   212.5   951.0     25.55     94.4     189   114    47.85    -43.82     19.22     9     1.4     189     0   0   0   0    28.7003   -92.1110      621    92.83    107.19      365.68
0426   213.0   951.6     25.59     94.3     184   114    47.55    -43.51     19.19     7     1.3     184     0   0   0   0    28.7003   -92.1113      603    92.25    106.51      365.71
0427   213.5   952.3     25.64     94.2     178   114    47.28    -43.22     19.17     7     1.3     178     0   0   0   0    28.7004   -92.1115      584    91.73    105.92      365.75
0428   214.0   952.9     25.68     94.1     172   114    47.06    -42.99     19.15     7     1.2     172     0   0   0   0    28.7005   -92.1117      565    91.29    105.41      365.81
0429   214.5   953.5     25.72     94.0     167   114    46.88    -42.81     19.10     9     1.2     167     0   0   0   0    28.7006   -92.1119      547    90.95    105.01      365.87
0430   215.0   954.1     25.77     94.0     161   114    46.74    -42.70     19.01     9     1.2     161     0   0   0   0    28.7007   -92.1121      528    90.68    104.70      365.96
0431   215.5   954.7     25.81     93.9     155   114    46.64    -42.65     18.87     9     1.1     155     0   0   0   0    28.7008   -92.1124      509    90.49    104.48      366.05
0432   216.0   955.3     25.85     93.9     149   114    46.58    -42.68     18.66     9     1.1     149     0   0   0   3    28.7009   -92.1126      490    90.37    104.34      366.16
0433   216.5   956.0     25.90     94.0     144   113    46.55    -42.77     18.37     8     1.0     144     0   0   0   0    28.7009   -92.1128      471    90.30    104.26      366.28
0434   217.0   956.6     25.94     94.0     138   113    46.56    -42.94     17.99     9     1.0     138     0   0   0   0    28.7010   -92.1130      452    90.32    104.29      366.42
0435   217.5   957.2     25.98     94.1     132   112    46.59    -43.17     17.54     9     1.0     132     0   0   0   0    28.7011   -92.1133      433    90.39    104.37      366.57
0436   218.0   957.9     26.02     94.1     126   111    46.63    -43.41     17.04     6      .9     126     0   0   0   0    28.7012   -92.1135      413    90.47    104.46      366.72
0437   218.5   958.5     26.07     94.2     120   111    46.67    -43.65     16.50     8     1.0     120     0   0   0   0    28.7012   -92.1137      394    90.54    104.54      366.89
0438   219.0   959.1     26.11     94.3     114   110    46.69    -43.89     15.93     9     1.0     114     0   0   0   0    28.7013   -92.1139      375    90.58    104.59      367.06
0439   219.5   959.8     26.15     94.4     108   109    46.69    -44.10     15.35     9     1.1     108     0   0   0   0    28.7014   -92.1141      356    90.58    104.59      367.23
0440   220.0   960.4     26.19     94.5     103   108    46.67    -44.27     14.79     9     1.2     103     0   0   0   0    28.7015   -92.1144      337    90.55    104.55      367.40
0441   220.5   961.0     26.24     94.5      97   108    46.63    -44.39     14.29     9     1.3      97     0   0   0   0    28.7015   -92.1146      318    90.47    104.46      367.57
0442   221.0   961.6     26.28     94.6      91   107    46.57    -44.47     13.84     9     1.5      91     0   0   0   0    28.7016   -92.1148      299    90.35    104.32      367.73
0443   221.5   962.2     26.32     94.7      86   107    46.49    -44.49     13.49     9     1.7      86     0   0   0   0    28.7016   -92.1151      281    90.19    104.14      367.88
0444   222.0   962.8     26.36     94.7      80   107    46.39    -44.46     13.22     8     1.9      80     0   0   0   0    28.7017   -92.1153      263    89.99    103.90      368.02
0445   222.5   963.4     26.41     94.7      75   106    46.25    -44.37     13.08     7     2.1      75     0   0   0   0    28.7018   -92.1155      246    89.73    103.61      368.15
0446   223.0   963.9     26.45     94.7      70   106    46.08    -44.19     13.04     9     2.3      70     0   0   0   0    28.7018   -92.1157      229    89.39    103.21      368.26
0447   223.5   964.5     26.49     94.7      65   107    45.86    -43.94     13.13     9     2.5      65     0   0   0   0    28.7019   -92.1160      212    88.96    102.72      368.36
0448   224.0   965.0     26.53     94.6      60   107    45.62    -43.63     13.31     9     2.6      60     0   0   0   0    28.7019   -92.1162      196    88.49    102.18      368.46
0449   224.5   965.6     26.57     94.6      55   107    45.36    -43.28     13.59     9     2.7      55     0   0   0   0    28.7020   -92.1164      180    88.00    101.61      368.54
0450   225.0   966.1     26.61     94.5      50   108    45.10    -42.89     13.94     9     2.7      50     0   0   0   0    28.7021   -92.1166      164    87.50    101.03      368.62
0451   225.5   966.6     26.66     94.4      45   109    44.83    -42.49     14.28     9     2.6      45     0   0   0   0    28.7021   -92.1168      148    86.96    100.41      368.70
0452   226.0   967.2     26.70     94.4      40   109    44.50    -42.08     14.48     9     2.5      40     3   3   3   0    28.7022   -92.1171      132    86.33     99.68      368.79
0453   226.5   967.7     26.74     94.4      35   109    44.02    -41.57     14.47     9     2.2      35     0   0   0   0    28.7023   -92.1173      115    85.39     98.59      368.89
0454   227.0   968.3     26.78     94.3      30   109    43.35    -41.06     13.91     5     2.0      30     0   0   0   0    28.7023   -92.1175       98    84.11     97.11      368.98
0455   227.5   968.8     26.82     94.2      25   107    42.56    -40.68     12.52     5     2.3      25     0   0   0   0    28.7024   -92.1177       81    82.57     95.34      369.00
0456   228.0   969.4     26.85     94.1      19   106    41.75    -40.14     11.48     9     2.2      19     0   0   0   0    28.7024   -92.1179       63    81.00     93.53      369.00
0457   228.5   970.1     26.88     94.2      14   106    41.00    -39.45     11.16     9     2.2      13     0   0   0   0    28.7025   -92.1181       44    79.54     91.84      369.13
0458   229.0   970.7     26.93     94.6       8   104    39.83    -38.70      9.45     9     2.2       8     0   0   0   0    28.7025   -92.1183       25    77.28     89.23      369.53
0459   229.5   971.1     26.97     94.5       4  -999  -999.00   -999.00   -999.00  -999     2.2       4     0   0   0   0    28.7026   -92.1185       13  -999.00   -999.00      369.59
