 ===========================================================================
 DROPWINDSONDE PROCESSING RECORD                            Sonde: 083259081
 FRD file written by Aspen V3.4.8, 07 Jul 2023 18:14 UTC
 Aircraft: Lockheed WP-3D, N43RF             Date: 090821   Time: 003751 UTC
 ---------------------------------------------------------------------------
 Bias corrections:  PR =   0.0 mb  TE =   0.0 C  RH =   0.0 %  PRB =  0.0 mb
 Filters (LPF):     PTH = 
 Dyn RH correction = 
 Estimated PR used = 
 Dyn T correction  = 
 ---------------------------------------------------------------------------
 COMMENT: W point, Good Drop
 ===========================================================================

 ===========================================================================
 Date: 090821   Lat:  24.45 N   TA:   10.7 C   PS:  697.3 mb   WD:     9 deg
 Time: 003751   Lon:  65.83 W   TD:    6.8 C   GA:   3131 m    WS:  23.4 m/s
 SID:  083259081                RH:   76.8 %   Navaid:   GP
 ===========================================================================

IX      t (s)  P (mb)    T (C)    RH (%)  Z (m)   WD    WS (m/s)   U (m/s)   V (m/s)  NS  WZ (m/s)  ZW (m)   FP  FT  FH  FW    LAT (N)   LON (E)
0001    0.08  -999.0   -999.00   -999.0    -999  -999  -999.00   -999.00   -999.00     7  -999.0    -999     0   0   0   0      24.446   -65.829
0002    0.58  -999.0   -999.00   -999.0    -999  -999  -999.00   -999.00   -999.00     0  -999.0    -999     0   0   0   0    -999.000  -999.000
0003    1.08  -999.0   -999.00   -999.0    -999  -999  -999.00   -999.00   -999.00     4  -999.0    -999     0   0   0   0    -999.000  -999.000
0004    1.58  -999.0   -999.00   -999.0    -999  -999  -999.00   -999.00   -999.00     6  -999.0    -999     0   0   0   0      24.446   -65.829
0005    2.08  -999.0   -999.00   -999.0    -999  -999  -999.00   -999.00   -999.00     7  -999.0    -999     0   0   0   0      24.446   -65.828
0006    2.58  -999.0   -999.00   -999.0    -999  -999  -999.00   -999.00   -999.00     6  -999.0    -999     0   0   0   0      24.446   -65.828
0007    3.08  -999.0   -999.00   -999.0    -999  -999  -999.00   -999.00   -999.00     5  -999.0    -999     0   0   0   0    -999.000  -999.000
0008    3.58  -999.0   -999.00   -999.0    -999  -999  -999.00   -999.00   -999.00     5  -999.0    -999     0   0   0   0    -999.000  -999.000
0009    4.08  -999.0   -999.00   -999.0    -999  -999  -999.00   -999.00   -999.00     7  -999.0    -999     0   0   0   0      24.446   -65.829
0010    4.58  -999.0   -999.00   -999.0    -999  -999  -999.00   -999.00   -999.00     6  -999.0    -999     0   0   0   0      24.446   -65.829
0011    5.08  -999.0   -999.00   -999.0    -999  -999  -999.00   -999.00   -999.00     7  -999.0    -999     0   0   0   0      24.445   -65.829
0012    5.58  -999.0   -999.00   -999.0    -999  -999  -999.00   -999.00   -999.00     6  -999.0    -999     0   0   0   0      24.445   -65.829
0013    6.08  -999.0   -999.00   -999.0    -999  -999  -999.00   -999.00   -999.00     6  -999.0    -999     0   0   0   0      24.445   -65.829
0014    6.58  -999.0   -999.00   -999.0    -999  -999  -999.00   -999.00   -999.00     6  -999.0    -999     0   0   0   0      24.445   -65.829
0015    7.08  -999.0   -999.00   -999.0    -999  -999  -999.00   -999.00   -999.00     6  -999.0    -999     0   0   0   0      24.445   -65.829
0016    7.58  -999.0   -999.00   -999.0    -999  -999  -999.00   -999.00   -999.00     8  -999.0    -999     0   0   0   0      24.445   -65.829
0017    8.08  -999.0   -999.00   -999.0    -999  -999  -999.00   -999.00   -999.00     7  -999.0    -999     0   0   0   0      24.445   -65.829
0018    8.58  -999.0   -999.00   -999.0    -999  -999  -999.00   -999.00   -999.00     8  -999.0    -999     0   0   0   0      24.445   -65.829
0019    9.08  -999.0   -999.00   -999.0    -999  -999  -999.00   -999.00   -999.00     8  -999.0    -999     0   0   0   0      24.444   -65.829
0020    9.58  -999.0   -999.00   -999.0    -999  -999  -999.00   -999.00   -999.00     8  -999.0    -999     0   0   0   0      24.444   -65.829
0021   10.08  -999.0   -999.00   -999.0    -999     9    23.11     -3.64    -22.82     8  -999.0    -999     0   0   0   0      24.444   -65.829
0022   10.58  -999.0   -999.00   -999.0    -999     9    23.08     -3.58    -22.80     8  -999.0    -999     0   0   0   0      24.444   -65.829
0023   11.08  -999.0   -999.00   -999.0    -999     9    23.06     -3.51    -22.79     7  -999.0    -999     0   0   0   0      24.444   -65.829
0024   11.58  -999.0   -999.00   -999.0    -999     9    23.04     -3.42    -22.79     7  -999.0    -999     0   0   0   0      24.444   -65.829
0025   12.08  -999.0   -999.00   -999.0    -999  -999  -999.00   -999.00   -999.00     0  -999.0    -999     0   0   0   0    -999.000  -999.000
0026   12.58  -999.0   -999.00   -999.0    -999     8    23.00     -3.20    -22.78     7  -999.0    -999     0   0   0   0      24.444   -65.829
0027   13.08  -999.0   -999.00   -999.0    -999     8    22.97     -3.07    -22.77     8  -999.0    -999     0   0   0   0      24.444   -65.829
0028   13.58  -999.0   -999.00   -999.0    -999     7    22.94     -2.92    -22.75     8  -999.0    -999     0   0   0   0      24.444   -65.829
0029   14.08   713.4     11.12   -999.0    2927     7    22.90     -2.77    -22.74     8    -1.8    2927     0   0   0   0      24.443   -65.829
0030   14.58   714.0     11.11   -999.0    2920     7    22.86     -2.62    -22.71     8    -1.9    2920     0   0   0   0      24.443   -65.829
0031   15.08   714.5     11.10   -999.0    2914     6    22.83     -2.48    -22.70     8    -1.9    2914     0   0   0   0      24.443   -65.829
0032   15.58   715.1     11.08   -999.0    2907     6    22.81     -2.34    -22.69     8    -2.0    2907     0   0   0   0      24.443   -65.829
0033   16.08   715.7     11.07   -999.0    2900     6    22.80     -2.21    -22.69     8    -2.1    2900     0   0   0   0      24.443   -65.829
0034   16.58   716.3     11.05   -999.0    2893     5    22.82     -2.10    -22.72     8    -2.1    2893     0   0   0   0      24.443   -65.829
0035   17.08   716.8     11.04   -999.0    2887     5    22.87     -1.99    -22.78     8    -2.2    2887     0   0   0   0      24.443   -65.829
0036   17.58   717.4     11.03   -999.0    2880     5    22.94     -1.89    -22.86     8    -2.2    2880     0   0   0   0      24.443   -65.829
0037   18.08   718.0     11.02   -999.0    2873     4    23.03     -1.80    -22.95     8    -2.2    2873     0   0   0   0      24.443   -65.829
0038   18.58   718.6     11.02   -999.0    2866  -999  -999.00   -999.00   -999.00     0    -2.2    2866     0   0   0   0    -999.000  -999.000
0039   19.08   719.2     11.01   -999.0    2859     4    23.23     -1.65    -23.17     8    -2.2    2859     0   0   0   0      24.442   -65.829
0040   19.58   719.8     11.01   -999.0    2853     4    23.32     -1.59    -23.27     8    -2.2    2853     0   0   0   0      24.442   -65.829
0041   20.08   720.4     11.02   -999.0    2846     4    23.41     -1.54    -23.36     8    -2.2    2846     0   0   0   0      24.442   -65.829
0042   20.58   720.9     11.02   -999.0    2839     4    23.48     -1.52    -23.44     8    -2.2    2839     0   0   0   0      24.442   -65.829
0043   21.08   721.5     11.04   -999.0    2832     4    23.56     -1.50    -23.51     8    -2.1    2832     0   0   0   0      24.442   -65.829
0044   21.58   722.1     11.05   -999.0    2826     4    23.63     -1.49    -23.59     8    -2.1    2826     0   0   0   0      24.442   -65.829
0045   22.08   722.7     11.07   -999.0    2819     4    23.71     -1.49    -23.67     8    -2.1    2819     0   0   0   0      24.442   -65.829
0046   22.58   723.3     11.10   -999.0    2812  -999  -999.00   -999.00   -999.00     0    -2.1    2812     0   0   0   0    -999.000  -999.000
0047   23.08   723.8     11.12   -999.0    2805     4    23.88     -1.49    -23.83     8    -2.1    2805     0   0   0   0      24.442   -65.829
0048   23.58   724.4     11.15   -999.0    2799     4    23.95     -1.49    -23.90     8    -2.0    2799     0   0   0   0      24.441   -65.829
0049   24.08   725.0     11.19   -999.0    2792     4    24.02     -1.49    -23.97     8    -2.0    2792     0   0   0   0      24.441   -65.829
0050   24.58   725.6     11.22   -999.0    2785     4    24.08     -1.50    -24.03     8    -2.0    2785     0   0   0   0      24.441   -65.829
0051   25.08   726.1     11.25     76.1    2779     4    24.13     -1.52    -24.09     8    -2.0    2779     0   0   0   0      24.441   -65.829
0052   25.58   726.7     11.29     76.0    2772     4    24.19     -1.56    -24.14     8    -1.9    2772     0   0   0   0      24.441   -65.829
0053   26.08   727.3     11.32     76.0    2765     4    24.25     -1.63    -24.20     8    -1.9    2765     0   0   0   0      24.441   -65.829
0054   26.58   727.9     11.36     76.0    2759  -999  -999.00   -999.00   -999.00     0    -1.9    2759     0   0   0   0    -999.000  -999.000
0055   27.08   728.5     11.40     76.1    2752     4    24.41     -1.84    -24.35     8    -1.8    2752     0   0   0   0      24.441   -65.829
0056   27.58   729.0     11.44     76.2    2746     5    24.52     -1.99    -24.44     8    -1.8    2746     0   0   0   0      24.441   -65.829
0057   28.08   729.6     11.48     76.3    2739     5    24.66     -2.16    -24.56     8    -1.7    2739     0   0   0   0      24.440   -65.829
0058   28.58   730.2     11.51     76.5    2733     5    24.81     -2.35    -24.70     8    -1.7    2733     0   0   0   0      24.440   -65.829
0059   29.08   730.7     11.54     76.7    2726     6    24.97     -2.56    -24.84     8    -1.7    2726     0   0   0   0      24.440   -65.829
0060   29.58   731.3     11.57     77.0    2720     6    25.14     -2.77    -24.99     8    -1.6    2720     0   0   0   0      24.440   -65.829
0061   30.08   731.9     11.61     77.2    2713     7    25.31     -2.98    -25.13     8    -1.6    2713     0   0   0   0      24.440   -65.829
0062   30.58   732.4     11.64     77.4    2707  -999  -999.00   -999.00   -999.00     0    -1.6    2707     0   0   0   0    -999.000  -999.000
0063   31.08   733.0     11.67     77.5    2700     8    25.57     -3.36    -25.35     8    -1.6    2700     0   0   0   0      24.440   -65.829
0064   31.58   733.5     11.70     77.6    2694     8    25.66     -3.53    -25.42     8    -1.6    2694     0   0   0   0      24.440   -65.829
0065   32.08   734.1     11.74     77.6    2688     8    25.73     -3.68    -25.46     8    -1.6    2688     0   0   0   0      24.440   -65.829
0066   32.58   734.7     11.77     77.6    2681     8    25.77     -3.81    -25.49     8    -1.6    2681     0   0   0   0      24.439   -65.829
0067   33.08   735.2     11.81     77.6    2675     9    25.80     -3.91    -25.50     8    -1.6    2675     0   0   0   0      24.439   -65.829
0068   33.58   735.8     11.85     77.6    2668     9    25.84     -4.00    -25.53     8    -1.6    2668     0   0   0   0      24.439   -65.829
0069   34.08  -999.0   -999.00   -999.0    -999     9    25.89     -4.06    -25.56     8  -999.0    -999     0   0   0   0      24.439   -65.829
0070   34.58   736.9     11.93     77.4    2655  -999  -999.00   -999.00   -999.00     0    -1.6    2655     0   0   0   0    -999.000  -999.000
0071   35.08   737.5     11.97     77.3    2649  -999  -999.00   -999.00   -999.00     0    -1.7    2649     0   0   0   0    -999.000  -999.000
0072   35.58   738.1     12.01     77.2    2642     9    26.11     -4.21    -25.77     8    -1.7    2642     0   0   0   0      24.439   -65.829
0073   36.08   738.6     12.05     77.1    2636     9    26.20     -4.25    -25.86     8    -1.8    2636     0   0   0   0      24.439   -65.829
0074   36.58   739.2     12.09     77.0    2629     9    26.30     -4.29    -25.95     8    -1.8    2629     0   0   0   0      24.439   -65.829
0075   37.08   739.8     12.14     76.9    2623     9    26.40     -4.34    -26.04     8    -1.9    2623     0   0   0   0      24.438   -65.829
0076   37.58   740.3     12.18     76.8    2616    10    26.49     -4.40    -26.12     8    -1.9    2616     0   0   0   0      24.438   -65.829
0077   38.08   740.9     12.23     76.7    2610    10    26.58     -4.46    -26.20     8    -2.0    2610     0   0   0   0      24.438   -65.829
0078   38.58   741.5     12.28     76.6    2603  -999  -999.00   -999.00   -999.00     0    -2.1    2603     0   0   0   0    -999.000  -999.000
0079   39.08   742.1     12.33     76.5    2596    10    26.75     -4.63    -26.35     8    -2.2    2596     0   0   0   0      24.438   -65.830
0080   39.58   742.7     12.38     76.4    2590    10    26.85     -4.74    -26.43     8    -2.2    2590     0   0   0   0      24.438   -65.830
0081   40.08   743.3     12.43     76.3    2583    10    26.95     -4.86    -26.51     8    -2.3    2583     0   0   0   0      24.438   -65.830
0082   40.58  -999.0   -999.00   -999.0    -999    11    27.08     -4.99    -26.61     8  -999.0    -999     0   0   0   0      24.438   -65.830
0083   41.08  -999.0   -999.00   -999.0    -999    11    27.21     -5.13    -26.72     8  -999.0    -999     0   0   0   0      24.437   -65.830
0084   41.58   745.1     12.58     76.0    2563    11    27.35     -5.27    -26.84     8    -2.3    2563     0   0   0   0      24.437   -65.830
0085   42.08   745.7     12.63     75.9    2556    11    27.50     -5.40    -26.96     8    -2.3    2556     0   0   0   0      24.437   -65.830
0086   42.58   746.3     12.68     75.9    2549  -999  -999.00   -999.00   -999.00     0    -2.3    2549     0   0   0   0    -999.000  -999.000
0087   43.08  -999.0   -999.00   -999.0    -999  -999  -999.00   -999.00   -999.00     0  -999.0    -999     0   0   0   0    -999.000  -999.000
0088   43.58   747.5     12.76     75.8    2536  -999  -999.00   -999.00   -999.00     0    -2.3    2536     0   0   0   0    -999.000  -999.000
0089   44.08   748.1     12.80     75.7    2529  -999  -999.00   -999.00   -999.00     0    -2.3    2529     0   0   0   0    -999.000  -999.000
0090   44.58   748.7     12.84     75.7    2522  -999  -999.00   -999.00   -999.00     0    -2.3    2522     0   0   0   0    -999.000  -999.000
0091   45.08   749.3     12.88     75.6    2515  -999  -999.00   -999.00   -999.00     0    -2.3    2515     0   0   0   0    -999.000  -999.000
0092   45.58   749.9     12.92     75.5    2509    13    28.47     -6.20    -27.79     8    -2.3    2509     0   0   0   0      24.436   -65.830
0093   46.08   750.5     12.96     75.5    2502  -999  -999.00   -999.00   -999.00     0    -2.3    2502     0   0   0   0    -999.000  -999.000
0094   46.58   751.1     13.00     75.4    2495    13    28.71     -6.38    -27.99     8    -2.3    2495     0   0   0   0      24.436   -65.830
0095   47.08  -999.0   -999.00   -999.0    -999    13    28.82     -6.45    -28.09     8  -999.0    -999     0   0   0   0      24.436   -65.830
0096   47.58   752.3     13.08     75.3    2482    13    28.93     -6.52    -28.18     8    -2.3    2482     0   0   0   0      24.436   -65.830
0097   48.08   752.9     13.12     75.3    2475  -999  -999.00   -999.00   -999.00     0    -2.3    2475     0   0   0   0    -999.000  -999.000
0098   48.58   753.5     13.16     75.2    2468    13    29.12     -6.63    -28.35     8    -2.3    2468     0   0   0   0      24.436   -65.830
0099   49.08   754.1     13.20     75.3    2461    13    29.21     -6.69    -28.43     8    -2.2    2461     0   0   0   0      24.435   -65.830
0100   49.58   754.7     13.24     75.3    2455    13    29.30     -6.75    -28.51     8    -2.2    2455     0   0   0   0      24.435   -65.830
0101   50.08   755.3     13.28     75.4    2448  -999  -999.00   -999.00   -999.00     0    -2.2    2448     0   0   0   0    -999.000  -999.000
0102   50.58   755.9     13.31     75.6    2441  -999  -999.00   -999.00   -999.00     0    -2.1    2441     0   0   0   0    -999.000  -999.000
0103   51.08   756.5     13.35     75.7    2435  -999  -999.00   -999.00   -999.00     0    -2.1    2435     0   0   0   0    -999.000  -999.000
0104   51.58   757.1     13.38     75.9    2428    14    29.76     -7.12    -28.90     8    -2.1    2428     0   0   0   0      24.435   -65.830
0105   52.08   757.7     13.42     76.1    2422    14    29.90     -7.25    -29.01     8    -2.1    2422     0   0   0   0      24.435   -65.830
0106   52.58  -999.0   -999.00   -999.0    -999  -999  -999.00   -999.00   -999.00     0  -999.0    -999     0   0   0   0    -999.000  -999.000
0107   53.08   758.8     13.47     76.6    2409    14    30.21     -7.55    -29.25     8    -2.1    2409     0   0   0   0      24.434   -65.830
0108   53.58  -999.0   -999.00   -999.0    -999    15    30.37     -7.71    -29.37     8  -999.0    -999     0   0   0   0      24.434   -65.830
0109   54.08   760.0     13.53     77.1    2395  -999  -999.00   -999.00   -999.00     0    -2.1    2395     0   0   0   0    -999.000  -999.000
0110   54.58   760.6     13.56     77.3    2389  -999  -999.00   -999.00   -999.00     0    -2.1    2389     0   0   0   0    -999.000  -999.000
0111   55.08   761.2     13.58     77.5    2382  -999  -999.00   -999.00   -999.00     0    -2.1    2382     0   0   0   0    -999.000  -999.000
0112   55.58   761.8     13.61     77.7    2375    16    30.95     -8.33    -29.81     8    -2.1    2375     0   0   0   0      24.434   -65.831
0113   56.08   762.4     13.64     77.9    2369  -999  -999.00   -999.00   -999.00     0    -2.1    2369     0   0   0   0    -999.000  -999.000
0114   56.58   763.0     13.66     78.0    2362    16    31.19     -8.56    -29.99     8    -2.1    2362     0   0   0   0      24.433   -65.831
0115   57.08   763.6     13.69     78.1    2355    16    31.28     -8.64    -30.07     8    -2.1    2355     0   0   0   0      24.433   -65.831
0116   57.58   764.2     13.72     78.2    2349    16    31.36     -8.70    -30.13     8    -2.1    2349     0   0   0   0      24.433   -65.831
0117   58.08   764.8     13.74     78.3    2342    16    31.41     -8.73    -30.18     8    -2.0    2342     0   0   0   0      24.433   -65.831
0118   58.58   765.4     13.77     78.3    2336  -999  -999.00   -999.00   -999.00     0    -2.0    2336     0   0   0   0    -999.000  -999.000
0119   59.08   766.0     13.80     78.3    2329    16    31.48     -8.74    -30.25     8    -2.0    2329     0   0   0   0      24.433   -65.831
0120   59.58   766.6     13.84     78.3    2323    16    31.50     -8.73    -30.27     8    -2.0    2323     0   0   0   0      24.433   -65.831
0121   60.08   767.2     13.88     78.2    2316    16    31.52     -8.71    -30.29     8    -2.1    2316     0   0   0   0      24.433   -65.831
0122   60.58   767.8     13.92     78.2    2310    16    31.52     -8.69    -30.30     8    -2.1    2310     0   0   0   0      24.432   -65.831
0123   61.08   768.4     13.96     78.1    2303    16    31.53     -8.67    -30.31     8    -2.1    2303     0   0   0   0      24.432   -65.831
0124   61.58   769.0     14.01     78.0    2296  -999  -999.00   -999.00   -999.00     0    -2.2    2296     0   0   0   0    -999.000  -999.000
0125   62.08   769.6     14.06     77.9    2290    16    31.52     -8.60    -30.33     8    -2.2    2290     0   0   0   0      24.432   -65.831
0126   62.58   770.2     14.11     77.8    2283  -999  -999.00   -999.00   -999.00     0    -2.2    2283     0   0   0   0    -999.000  -999.000
0127   63.08   770.8     14.17     77.7    2276    16    31.48     -8.50    -30.31     8    -2.3    2276     0   0   0   0      24.432   -65.831
0128   63.58   771.4     14.22     77.6    2270  -999  -999.00   -999.00   -999.00     0    -2.3    2270     0   0   0   0    -999.000  -999.000
0129   64.08  -999.0   -999.00   -999.0    -999    15    31.39     -8.37    -30.26     8  -999.0    -999     0   0   0   0      24.431   -65.831
0130   64.58   772.6     14.33     77.2    2256    15    31.34     -8.29    -30.23     8    -2.3    2256     0   0   0   0      24.431   -65.831
0131   65.08   773.2     14.38     77.0    2250    15    31.29     -8.21    -30.19     8    -2.3    2250     0   0   0   0      24.431   -65.831
0132   65.58   773.9     14.43     76.7    2243  -999  -999.00   -999.00   -999.00     0    -2.3    2243     0   0   0   0    -999.000  -999.000
0133   66.08   774.5     14.48     76.5    2236    15    31.17     -8.05    -30.11     8    -2.3    2236     0   0   0   0      24.431   -65.831
0134   66.58   775.1     14.52     76.2    2230  -999  -999.00   -999.00   -999.00     0    -2.4    2230     0   0   0   0    -999.000  -999.000
0135   67.08   775.7     14.57     76.0    2223    15    31.03     -7.93    -30.00     8    -2.4    2223     0   0   0   0      24.431   -65.832
0136   67.58   776.3     14.62     75.8    2216  -999  -999.00   -999.00   -999.00     0    -2.4    2216     0   0   0   0    -999.000  -999.000
0137   68.08   776.9     14.66     75.6    2210    15    30.89     -7.82    -29.88     8    -2.3    2210     0   0   0   0      24.430   -65.832
0138   68.58   777.5     14.71     75.5    2203    15    30.82     -7.77    -29.82     8    -2.3    2203     0   0   0   0      24.430   -65.832
0139   69.08   778.1     14.75     75.4    2196  -999  -999.00   -999.00   -999.00     0    -2.3    2196     0   0   0   0    -999.000  -999.000
0140   69.58   778.8     14.79     75.4    2190    14    30.71     -7.66    -29.74     8    -2.3    2190     0   0   0   0      24.430   -65.832
0141   70.08   779.4     14.83     75.5    2183    14    30.67     -7.60    -29.72     8    -2.3    2183     0   0   0   0      24.430   -65.832
0142   70.58   780.0     14.87     75.6    2176    14    30.64     -7.54    -29.70     8    -2.3    2176     0   0   0   0      24.430   -65.832
0143   71.08   780.6     14.91     75.8    2170    14    30.60     -7.47    -29.68     8    -2.3    2170     0   0   0   0      24.430   -65.832
0144   71.58   781.2     14.94     76.0    2163    14    30.57     -7.41    -29.66     8    -2.2    2163     0   0   0   0      24.429   -65.832
0145   72.08   781.8     14.98     76.3    2156  -999  -999.00   -999.00   -999.00     0    -2.2    2156     0   0   0   0    -999.000  -999.000
0146   72.58   782.4     15.01     76.5    2150  -999  -999.00   -999.00   -999.00     0    -2.2    2150     0   0   0   0    -999.000  -999.000
0147   73.08   783.0     15.04     76.8    2143    14    30.46     -7.24    -29.59     8    -2.2    2143     0   0   0   0      24.429   -65.832
0148   73.58   783.6     15.08     77.1    2137  -999  -999.00   -999.00   -999.00     0    -2.2    2137     0   0   0   0    -999.000  -999.000
0149   74.08   784.2     15.11     77.3    2130  -999  -999.00   -999.00   -999.00     0    -2.2    2130     0   0   0   0    -999.000  -999.000
0150   74.58  -999.0   -999.00   -999.0    -999  -999  -999.00   -999.00   -999.00     0  -999.0    -999     0   0   0   0    -999.000  -999.000
0151   75.08   785.5     15.19     77.7    2117    13    30.34     -7.07    -29.51     8    -2.2    2117     0   0   0   0      24.428   -65.832
0152   75.58   786.1     15.23     77.8    2110  -999  -999.00   -999.00   -999.00     0    -2.2    2110     0   0   0   0    -999.000  -999.000
0153   76.08   786.7     15.27     78.0    2104  -999  -999.00   -999.00   -999.00     0    -2.2    2104     0   0   0   0    -999.000  -999.000
0154   76.58   787.3     15.32     78.1    2097  -999  -999.00   -999.00   -999.00     0    -2.2    2097     0   0   0   0    -999.000  -999.000
0155   77.08  -999.0   -999.00   -999.0    -999  -999  -999.00   -999.00   -999.00     0  -999.0    -999     0   0   0   0    -999.000  -999.000
0156   77.58   788.5     15.40     78.3    2084  -999  -999.00   -999.00   -999.00     0    -2.1    2084     0   0   0   0    -999.000  -999.000
0157   78.08   789.1     15.44     78.3    2077    14    30.24     -7.11    -29.39     8    -2.1    2077     0   0   0   0      24.428   -65.832
0158   78.58   789.7     15.48     78.4    2071    14    30.24     -7.15    -29.38     8    -2.1    2071     0   0   0   0      24.428   -65.832
0159   79.08   790.3     15.53     78.4    2064    14    30.25     -7.20    -29.38     8    -2.1    2064     0   0   0   0      24.427   -65.832
0160   79.58   790.9     15.57     78.4    2058  -999  -999.00   -999.00   -999.00     0    -2.1    2058     0   0   0   0    -999.000  -999.000
0161   80.08  -999.0   -999.00   -999.0    -999    14    30.30     -7.30    -29.41     8  -999.0    -999     0   0   0   0      24.427   -65.832
0162   80.58   792.1     15.64     78.4    2045    14    30.35     -7.36    -29.44     8    -2.2    2045     0   0   0   0      24.427   -65.833
0163   81.08   792.7     15.68     78.5    2038    14    30.40     -7.41    -29.49     8    -2.2    2038     0   0   0   0      24.427   -65.833
0164   81.58   793.4     15.72     78.6    2032  -999  -999.00   -999.00   -999.00     0    -2.2    2032     0   0   0   0    -999.000  -999.000
0165   82.08   794.0     15.76     78.7    2025    14    30.53     -7.52    -29.59     8    -2.3    2025     0   0   0   0      24.427   -65.833
0166   82.58   794.6     15.80     78.8    2018    14    30.60     -7.57    -29.65     7    -2.3    2018     0   0   0   0      24.426   -65.833
0167   83.08   795.2     15.84     78.9    2012  -999  -999.00   -999.00   -999.00     0    -2.3    2012     0   0   0   0    -999.000  -999.000
0168   83.58   795.8     15.88     79.0    2005    14    30.74     -7.67    -29.77     8    -2.3    2005     0   0   0   0      24.426   -65.833
0169   84.08  -999.0   -999.00   -999.0    -999    15    30.82     -7.73    -29.83     7  -999.0    -999     0   0   0   0      24.426   -65.833
0170   84.58   797.1     15.96     79.2    1992  -999  -999.00   -999.00   -999.00     0    -2.3    1992     0   0   0   0    -999.000  -999.000
0171   85.08   797.7     16.00     79.2    1985    15    30.98     -7.83    -29.97     8    -2.2    1985     0   0   0   0      24.426   -65.833
0172   85.58   798.3     16.04     79.3    1979    15    31.06     -7.87    -30.04     8    -2.2    1979     0   0   0   0      24.426   -65.833
0173   86.08   798.9     16.07     79.3    1972    15    31.14     -7.91    -30.12     8    -2.1    1972     0   0   0   0      24.426   -65.833
0174   86.58   799.5     16.11     79.4    1966    15    31.22     -7.95    -30.19     8    -2.1    1966     0   0   0   0      24.425   -65.833
0175   87.08   800.1     16.15     79.4    1959  -999  -999.00   -999.00   -999.00     0    -2.0    1959     0   0   0   0    -999.000  -999.000
0176   87.58   800.7     16.18     79.4    1953  -999  -999.00   -999.00   -999.00     0    -2.0    1953     0   0   0   0    -999.000  -999.000
0177   88.08   801.3     16.22     79.4    1946  -999  -999.00   -999.00   -999.00     0    -2.0    1946     0   0   0   0    -999.000  -999.000
0178   88.58   801.9     16.26     79.5    1940    15    31.46     -8.06    -30.41     8    -2.0    1940     0   0   0   0      24.425   -65.833
0179   89.08   802.5     16.30     79.5    1933    15    31.48     -8.08    -30.42     8    -2.0    1933     0   0   0   0      24.425   -65.833
0180   89.58   803.2     16.33     79.5    1927    15    31.47     -8.09    -30.41     8    -2.0    1927     0   0   0   0      24.425   -65.833
0181   90.08   803.8     16.37     79.4    1921    15    31.43     -8.09    -30.38     8    -2.0    1921     0   0   0   0      24.424   -65.833
0182   90.58   804.4     16.40     79.4    1914    15    31.38     -8.08    -30.32     8    -2.0    1914     0   0   0   0      24.424   -65.833
0183   91.08   805.0     16.44     79.4    1908  -999  -999.00   -999.00   -999.00     0    -2.0    1908     0   0   0   0    -999.000  -999.000
0184   91.58   805.6     16.47     79.4    1901  -999  -999.00   -999.00   -999.00     0    -2.0    1901     0   0   0   0    -999.000  -999.000
0185   92.08   806.2     16.50     79.4    1895    15    31.10     -7.94    -30.07     8    -2.0    1895     0   0   0   0      24.424   -65.833
0186   92.58   806.8     16.53     79.4    1888    15    30.99     -7.87    -29.98     8    -2.1    1888     0   0   0   0      24.424   -65.833
0187   93.08   807.4     16.56     79.4    1882    15    30.89     -7.79    -29.89     8    -2.1    1882     0   0   0   0      24.424   -65.833
0188   93.58   808.0     16.58     79.4    1875    14    30.78     -7.69    -29.80     8    -2.1    1875     0   0   0   0      24.423   -65.834
0189   94.08   808.6     16.61     79.4    1869    14    30.68     -7.60    -29.72     8    -2.1    1869     0   0   0   0      24.423   -65.834
0190   94.58   809.2     16.64     79.4    1862  -999  -999.00   -999.00   -999.00     0    -2.2    1862     0   0   0   0    -999.000  -999.000
0191   95.08   809.9     16.67     79.3    1856    14    30.48     -7.41    -29.57     8    -2.2    1856     0   0   0   0      24.423   -65.834
0192   95.58   810.5     16.70     79.3    1849    14    30.39     -7.33    -29.49     8    -2.2    1849     0   0   0   0      24.423   -65.834
0193   96.08   811.1     16.73     79.3    1843    14    30.30     -7.26    -29.42     8    -2.3    1843     0   0   0   0      24.423   -65.834
0194   96.58   811.7     16.76     79.3    1836    14    30.23     -7.21    -29.36     8    -2.3    1836     0   0   0   0      24.423   -65.834
0195   97.08   812.3     16.80     79.2    1830    14    30.19     -7.18    -29.32     8    -2.4    1830     0   0   0   0      24.423   -65.834
0196   97.58   813.0     16.84     79.2    1823    14    30.17     -7.17    -29.30     8    -2.4    1823     0   0   0   0      24.422   -65.834
0197   98.08  -999.0   -999.00   -999.0    -999    14    30.17     -7.19    -29.30     7  -999.0    -999     0   0   0   0      24.422   -65.834
0198   98.58   814.2     16.92     79.1    1810    14    30.19     -7.21    -29.32     8    -2.4    1810     0   0   0   0      24.422   -65.834
0199   99.08   814.9     16.96     79.0    1803    14    30.22     -7.25    -29.34     8    -2.4    1803     0   0   0   0      24.422   -65.834
0200   99.58   815.5     17.00     78.9    1797  -999  -999.00   -999.00   -999.00     0    -2.4    1797     0   0   0   0    -999.000  -999.000
0201  100.08   816.1     17.04     78.8    1790    14    30.28     -7.33    -29.38     8    -2.4    1790     0   0   0   0      24.422   -65.834
0202  100.58   816.8     17.08     78.8    1783    14    30.29     -7.37    -29.38     8    -2.3    1783     0   0   0   0      24.422   -65.834
0203  101.08   817.4     17.12     78.7    1777    14    30.27     -7.39    -29.35     8    -2.3    1777     0   0   0   0      24.421   -65.834
0204  101.58   818.0     17.15     78.7    1770    14    30.23     -7.39    -29.31     8    -2.3    1770     0   0   0   0      24.421   -65.834
0205  102.08   818.6     17.18     78.7    1764    14    30.16     -7.38    -29.25     8    -2.2    1764     0   0   0   0      24.421   -65.834
0206  102.58   819.2     17.21     78.7    1757    14    30.09     -7.34    -29.18     8    -2.2    1757     0   0   0   0      24.421   -65.834
0207  103.08   819.9     17.24     78.6    1751  -999  -999.00   -999.00   -999.00     0    -2.2    1751     0   0   0   0    -999.000  -999.000
0208  103.58   820.5     17.27     78.6    1745  -999  -999.00   -999.00   -999.00     0    -2.2    1745     0   0   0   0    -999.000  -999.000
0209  104.08   821.1     17.29     78.7    1738    14    29.82     -7.21    -28.93     8    -2.2    1738     0   0   0   0      24.421   -65.834
0210  104.58   821.7     17.31     78.7    1732    14    29.73     -7.17    -28.85     8    -2.2    1732     0   0   0   0      24.421   -65.834
0211  105.08   822.3     17.33     78.8    1725    14    29.64     -7.14    -28.77     8    -2.2    1725     0   0   0   0      24.420   -65.834
0212  105.58   823.0     17.34     78.8    1719    14    29.56     -7.12    -28.69     8    -2.2    1719     0   0   0   0      24.420   -65.834
0213  106.08   823.6     17.36     78.9    1712    14    29.50     -7.12    -28.62     8    -2.2    1712     0   0   0   0      24.420   -65.834
0214  106.58   824.2     17.37     79.0    1706    14    29.44     -7.14    -28.57     8    -2.2    1706     0   0   0   0      24.420   -65.834
0215  107.08   824.8     17.39     79.1    1699    14    29.41     -7.16    -28.52     8    -2.2    1699     0   0   0   0      24.420   -65.834
0216  107.58   825.5     17.40     79.2    1693    14    29.39     -7.19    -28.49     8    -2.2    1693     0   0   0   0      24.420   -65.835
0217  108.08   826.1     17.42     79.3    1686    14    29.37     -7.22    -28.47     8    -2.2    1686     0   0   0   0      24.420   -65.835
0218  108.58   826.7     17.44     79.4    1680  -999  -999.00   -999.00   -999.00     0    -2.2    1680     0   0   0   0    -999.000  -999.000
0219  109.08   827.3     17.46     79.4    1673    14    29.37     -7.31    -28.44     8    -2.2    1673     0   0   0   0      24.419   -65.835
0220  109.58   828.0     17.48     79.5    1667    15    29.37     -7.36    -28.43     8    -2.2    1667     0   0   0   0      24.419   -65.835
0221  110.08  -999.0   -999.00   -999.0    -999  -999  -999.00   -999.00   -999.00     0  -999.0    -999     0   0   0   0    -999.000  -999.000
0222  110.58   829.2     17.52     79.5    1654    15    29.37     -7.49    -28.40     8    -2.2    1654     0   0   0   0      24.419   -65.835
0223  111.08   829.8     17.55     79.5    1647    15    29.37     -7.56    -28.38     8    -2.2    1647     0   0   0   0      24.419   -65.835
0224  111.58   830.5     17.57     79.5    1641    15    29.38     -7.64    -28.37     8    -2.2    1641     0   0   0   0      24.419   -65.835
0225  112.08   831.1     17.60     79.5    1634    15    29.39     -7.72    -28.35     8    -2.2    1634     0   0   0   0      24.419   -65.835
0226  112.58   831.7     17.62     79.4    1628    15    29.38     -7.79    -28.33     8    -2.2    1628     0   0   0   0      24.419   -65.835
0227  113.08   832.4     17.65     79.4    1621    16    29.37     -7.85    -28.30     8    -2.2    1621     0   0   0   0      24.418   -65.835
0228  113.58   833.0     17.67     79.4    1615    16    29.36     -7.91    -28.27     8    -2.2    1615     0   0   0   0      24.418   -65.835
0229  114.08   833.6     17.70     79.4    1609  -999  -999.00   -999.00   -999.00     0    -2.2    1609     0   0   0   0    -999.000  -999.000
0230  114.58   834.2     17.73     79.4    1602    16    29.32     -7.99    -28.21     8    -2.1    1602     0   0   0   0      24.418   -65.835
0231  115.08   834.9     17.75     79.3    1596    16    29.31     -8.02    -28.19     8    -2.1    1596     0   0   0   0      24.418   -65.835
0232  115.58   835.5     17.78     79.3    1589    16    29.30     -8.05    -28.18     8    -2.1    1589     0   0   0   0      24.418   -65.835
0233  116.08   836.1     17.81     79.4    1583    16    29.30     -8.08    -28.16     8    -2.1    1583     0   0   0   0      24.418   -65.835
0234  116.58   836.7     17.84     79.4    1577    16    29.29     -8.10    -28.15     8    -2.1    1577     0   0   0   0      24.418   -65.835
0235  117.08   837.3     17.86     79.4    1570    16    29.28     -8.12    -28.13     8    -2.1    1570     0   0   0   0      24.417   -65.835
0236  117.58  -999.0   -999.00   -999.0    -999  -999  -999.00   -999.00   -999.00     0  -999.0    -999     0   0   0   0    -999.000  -999.000
0237  118.08   838.6     17.92     79.4    1557  -999  -999.00   -999.00   -999.00     0    -2.1    1557     0   0   0   0    -999.000  -999.000
0238  118.58   839.2     17.95     79.4    1551    16    29.25     -8.18    -28.08     8    -2.1    1551     0   0   0   0      24.417   -65.835
0239  119.08   839.8     17.98     79.4    1545    16    29.25     -8.20    -28.07     8    -2.1    1545     0   0   0   0      24.417   -65.835
0240  119.58   840.5     18.01     79.4    1538  -999  -999.00   -999.00   -999.00     0    -2.1    1538     0   0   0   0    -999.000  -999.000
0241  120.08   841.1     18.04     79.4    1532    16    29.25     -8.22    -28.07     8    -2.1    1532     0   0   0   0      24.417   -65.836
0242  120.58   841.7     18.07     79.3    1525    16    29.25     -8.23    -28.07     8    -2.1    1525     0   0   0   0      24.416   -65.836
0243  121.08   842.3     18.11     79.3    1519  -999  -999.00   -999.00   -999.00     0    -2.1    1519     0   0   0   0    -999.000  -999.000
0244  121.58   843.0     18.14     79.2    1513  -999  -999.00   -999.00   -999.00     0    -2.0    1513     0   0   0   0    -999.000  -999.000
0245  122.08   843.6     18.18     79.2    1506  -999  -999.00   -999.00   -999.00     0    -2.0    1506     0   0   0   0    -999.000  -999.000
0246  122.58   844.2     18.22     79.1    1500    16    29.23     -8.26    -28.04     8    -2.0    1500     0   0   0   0      24.416   -65.836
0247  123.08   844.8     18.26     79.1    1494    16    29.22     -8.28    -28.02     8    -2.0    1494     0   0   0   0      24.416   -65.836
0248  123.58   845.4     18.30     79.1    1488    17    29.21     -8.31    -28.00     8    -2.0    1488     0   0   0   0      24.416   -65.836
0249  124.08   846.1     18.34     79.1    1481    17    29.19     -8.35    -27.97     8    -2.0    1481     0   0   0   0      24.416   -65.836
0250  124.58   846.7     18.38     79.1    1475    17    29.18     -8.39    -27.94     8    -2.1    1475     0   0   0   0      24.415   -65.836
0251  125.08  -999.0   -999.00   -999.0    -999  -999  -999.00   -999.00   -999.00     0  -999.0    -999     0   0   0   0    -999.000  -999.000
0252  125.58  -999.0   -999.00   -999.0    -999    17    29.14     -8.51    -27.87     8  -999.0    -999     0   0   0   0      24.415   -65.836
0253  126.08  -999.0   -999.00   -999.0    -999  -999  -999.00   -999.00   -999.00     0  -999.0    -999     0   0   0   0    -999.000  -999.000
0254  126.58   849.2     18.54     79.4    1449    17    29.09     -8.66    -27.77     8    -2.1    1449     0   0   0   0      24.415   -65.836
0255  127.08   849.8     18.58     79.5    1443    18    29.07     -8.74    -27.73     8    -2.1    1443     0   0   0   0      24.415   -65.836
0256  127.58   850.5     18.61     79.5    1437    18    29.06     -8.82    -27.69     8    -2.1    1437     0   0   0   0      24.415   -65.836
0257  128.08   851.1     18.65     79.5    1430    18    29.05     -8.90    -27.65     8    -2.1    1430     0   0   0   0      24.415   -65.836
0258  128.58   851.7     18.68     79.5    1424    18    29.05     -8.97    -27.63     8    -2.1    1424     0   0   0   0      24.414   -65.836
0259  129.08   852.3     18.71     79.4    1418    18    29.05     -9.02    -27.61     8    -2.1    1418     0   0   0   0      24.414   -65.836
0260  129.58   853.0     18.75     79.4    1411    18    29.05     -9.06    -27.60     8    -2.1    1411     0   0   0   0      24.414   -65.836
0261  130.08   853.6     18.79     79.3    1405  -999  -999.00   -999.00   -999.00     0    -2.1    1405     0   0   0   0    -999.000  -999.000
0262  130.58   854.2     18.82     79.2    1399    18    29.05     -9.10    -27.59     8    -2.1    1399     0   0   0   0      24.414   -65.836
0263  131.08   854.9     18.86     79.1    1392    18    29.04     -9.09    -27.58     8    -2.1    1392     0   0   0   0      24.414   -65.836
0264  131.58   855.5     18.90     78.9    1386    18    29.01     -9.07    -27.56     8    -2.1    1386     0   0   0   0      24.414   -65.836
0265  132.08   856.1     18.94     78.8    1379    18    28.98     -9.05    -27.53     8    -2.0    1379     0   0   0   0      24.414   -65.837
0266  132.58   856.7     18.98     78.7    1373    18    28.94     -9.04    -27.50     8    -2.0    1373     0   0   0   0      24.413   -65.837
0267  133.08   857.4     19.02     78.5    1367  -999  -999.00   -999.00   -999.00     0    -2.0    1367     0   0   0   0    -999.000  -999.000
0268  133.58   858.0     19.06     78.4    1361  -999  -999.00   -999.00   -999.00     0    -2.0    1361     0   0   0   0    -999.000  -999.000
0269  134.08   858.6     19.10     78.2    1354    18    28.86     -9.01    -27.42     8    -2.0    1354     0   0   0   0      24.413   -65.837
0270  134.58   859.2     19.15     78.0    1348    18    28.85     -9.00    -27.41     8    -1.9    1348     0   0   0   0      24.413   -65.837
0271  135.08   859.9     19.19     77.9    1342  -999  -999.00   -999.00   -999.00     0    -1.9    1342     0   0   0   0    -999.000  -999.000
0272  135.58   860.5     19.22     77.7    1336    18    28.86     -8.95    -27.43     8    -1.9    1336     0   0   0   0      24.413   -65.837
0273  136.08   861.1     19.26     77.5    1329    18    28.88     -8.91    -27.47     8    -2.0    1329     0   0   0   0      24.413   -65.837
0274  136.58   861.7     19.29     77.4    1323    18    28.90     -8.87    -27.51     8    -2.0    1323     0   0   0   0      24.412   -65.837
0275  137.08   862.4     19.33     77.3    1317    18    28.94     -8.81    -27.57     8    -2.0    1317     0   0   0   0      24.412   -65.837
0276  137.58   863.0     19.35     77.2    1311    18    28.99     -8.74    -27.64     8    -2.0    1311     0   0   0   0      24.412   -65.837
0277  138.08   863.6     19.38     77.1    1304    17    29.05     -8.65    -27.73     8    -2.0    1304     0   0   0   0      24.412   -65.837
0278  138.58   864.2     19.39     77.2    1298    17    29.12     -8.55    -27.84     8    -2.0    1298     0   0   0   0      24.412   -65.837
0279  139.08   864.9     19.40     77.3    1292    17    29.21     -8.45    -27.96     8    -2.0    1292     0   0   0   0      24.412   -65.837
0280  139.58   865.5     19.40     77.5    1285    17    29.30     -8.34    -28.09     8    -2.0    1285     0   0   0   0      24.412   -65.837
0281  140.08  -999.0   -999.00   -999.0    -999    16    29.41     -8.23    -28.24     8  -999.0    -999     0   0   0   0      24.412   -65.837
0282  140.58   866.8     19.39     78.0    1273    16    29.52     -8.13    -28.38     8    -2.0    1273     0   0   0   0      24.411   -65.837
0283  141.08   867.4     19.37     78.3    1267    16    29.63     -8.04    -28.52     8    -2.0    1267     0   0   0   0      24.411   -65.837
0284  141.58   868.0     19.35     78.6    1261    16    29.72     -7.95    -28.64     8    -2.0    1261     0   0   0   0      24.411   -65.837
0285  142.08   868.6     19.33     78.9    1254    15    29.80     -7.88    -28.74     8    -2.0    1254     0   0   0   0      24.411   -65.837
0286  142.58   869.3     19.31     79.2    1248    15    29.85     -7.81    -28.82     8    -2.0    1248     0   0   0   0      24.411   -65.837
0287  143.08   869.9     19.29     79.5    1242    15    29.89     -7.74    -28.87     8    -1.9    1242     0   0   0   0      24.411   -65.837
0288  143.58   870.5     19.28     79.7    1236    15    29.90     -7.69    -28.90     8    -1.9    1236     0   0   0   0      24.411   -65.837
0289  144.08   871.1     19.26     79.9    1229    15    29.91     -7.65    -28.91     8    -1.9    1229     0   0   0   0      24.411   -65.838
0290  144.58   871.8     19.24     80.2    1223    15    29.91     -7.63    -28.92     8    -1.9    1223     0   0   0   0      24.410   -65.838
0291  145.08   872.4     19.23     80.4    1217    15    29.90     -7.61    -28.92     8    -1.8    1217     0   0   0   0      24.410   -65.838
0292  145.58   873.0     19.22     80.6    1211  -999  -999.00   -999.00   -999.00     0    -1.8    1211     0   0   0   0    -999.000  -999.000
0293  146.08   873.6     19.20     80.8    1205    15    29.86     -7.60    -28.87     8    -1.8    1205     0   0   0   0      24.410   -65.838
0294  146.58   874.3     19.20     81.0    1199    15    29.83     -7.61    -28.85     8    -1.7    1199     0   0   0   0      24.410   -65.838
0295  147.08   874.9     19.19     81.1    1193  -999  -999.00   -999.00   -999.00     0    -1.7    1193     0   0   0   0    -999.000  -999.000
0296  147.58   875.5     19.19     81.3    1186    15    29.81     -7.63    -28.82     8    -1.6    1186     0   0   0   0      24.410   -65.838
0297  148.08   876.1     19.20     81.4    1180    15    29.82     -7.64    -28.83     8    -1.6    1180     0   0   0   0      24.410   -65.838
0298  148.58   876.7     19.20     81.4    1174    15    29.84     -7.65    -28.84     8    -1.6    1174     0   0   0   0      24.409   -65.838
0299  149.08   877.3     19.22     81.5    1168    15    29.87     -7.65    -28.87     8    -1.6    1168     0   0   0   0      24.409   -65.838
0300  149.58   877.9     19.24     81.5    1162    15    29.89     -7.66    -28.90     8    -1.5    1162     0   0   0   0      24.409   -65.838
0301  150.08   878.5     19.26     81.5    1156    15    29.92     -7.67    -28.92     8    -1.5    1156     0   0   0   0      24.409   -65.838
0302  150.58   879.2     19.29     81.4    1150    15    29.95     -7.69    -28.95     8    -1.5    1150     0   0   0   0      24.409   -65.838
0303  151.08   879.8     19.33     81.4    1145    15    29.99     -7.72    -28.97     8    -1.5    1145     0   0   0   0      24.409   -65.838
0304  151.58   880.4     19.36     81.3    1139    15    30.03     -7.78    -29.00     8    -1.5    1139     0   0   0   0      24.409   -65.838
0305  152.08   881.0     19.40     81.3    1133    15    30.08     -7.85    -29.04     8    -1.5    1133     0   0   0   0      24.408   -65.838
0306  152.58   881.6     19.44     81.2    1127    15    30.15     -7.93    -29.09     8    -1.5    1127     0   0   0   0      24.408   -65.838
0307  153.08   882.2     19.47     81.2    1121    15    30.24     -8.02    -29.16     8    -1.5    1121     0   0   0   0      24.408   -65.838
0308  153.58   882.8     19.51     81.1    1115    16    30.35     -8.12    -29.24     8    -1.5    1115     0   0   0   0      24.408   -65.838
0309  154.08   883.4     19.54     81.0    1109    16    30.46     -8.21    -29.34     8    -1.4    1109     0   0   0   0      24.408   -65.838
0310  154.58   884.0     19.57     80.9    1103  -999  -999.00   -999.00   -999.00     0    -1.4    1103     0   0   0   0    -999.000  -999.000
0311  155.08   884.6     19.60     80.7    1097  -999  -999.00   -999.00   -999.00     0    -1.4    1097     0   0   0   0    -999.000  -999.000
0312  155.58   885.2     19.63     80.5    1091    16    30.84     -8.39    -29.67     8    -1.4    1091     0   0   0   0      24.408   -65.838
0313  156.08   885.8     19.65     80.2    1085    16    30.96     -8.42    -29.79     8    -1.4    1085     0   0   0   0      24.407   -65.838
0314  156.58   886.4     19.67     80.0    1079    16    31.07     -8.42    -29.90     8    -1.4    1079     0   0   0   0      24.407   -65.838
0315  157.08   887.0     19.69     79.8    1073    16    31.16     -8.41    -30.00     8    -1.4    1073     0   0   0   0      24.407   -65.839
0316  157.58  -999.0   -999.00   -999.0    -999    16    31.23     -8.39    -30.08     8  -999.0    -999     0   0   0   0      24.407   -65.839
0317  158.08   888.3     19.72     79.3    1062  -999  -999.00   -999.00   -999.00     0    -1.4    1062     0   0   0   0    -999.000  -999.000
0318  158.58   888.9     19.74     79.1    1056    15    31.31     -8.35    -30.17     8    -1.4    1056     0   0   0   0      24.407   -65.839
0319  159.08   889.5     19.76     79.0    1050    15    31.33     -8.34    -30.19     8    -1.4    1050     0   0   0   0      24.407   -65.839
0320  159.58   890.1     19.77     78.8    1044  -999  -999.00   -999.00   -999.00     0    -1.4    1044     0   0   0   0    -999.000  -999.000
0321  160.08   890.7     19.79     78.7    1038    16    31.37     -8.39    -30.23     8    -1.4    1038     0   0   0   0      24.406   -65.839
0322  160.58   891.3     19.81     78.5    1032    16    31.41     -8.44    -30.25     7    -1.5    1032     0   0   0   0      24.406   -65.839
0323  161.08   891.9     19.83     78.5    1026    16    31.45     -8.52    -30.27     7    -1.5    1026     0   0   0   0      24.406   -65.839
0324  161.58   892.5     19.85     78.4    1020  -999  -999.00   -999.00   -999.00     0    -1.5    1020     0   0   0   0    -999.000  -999.000
0325  162.08   893.1     19.87     78.4    1014    16    31.53     -8.70    -30.30     8    -1.5    1014     0   0   0   0      24.406   -65.839
0326  162.58   893.7     19.88     78.4    1008  -999  -999.00   -999.00   -999.00     0    -1.6    1008     0   0   0   0    -999.000  -999.000
0327  163.08   894.4     19.90     78.5    1002  -999  -999.00   -999.00   -999.00     0    -1.6    1002     0   0   0   0    -999.000  -999.000
0328  163.58   895.0     19.91     78.5     996  -999  -999.00   -999.00   -999.00     0    -1.6     996     0   0   0   0    -999.000  -999.000
0329  164.08   895.6     19.93     78.6     990    17    31.60     -9.13    -30.25     8    -1.6     990     0   0   0   0      24.405   -65.839
0330  164.58   896.2     19.95     78.7     984    17    31.60     -9.23    -30.22     8    -1.6     984     0   0   0   0      24.405   -65.839
0331  165.08   896.9     19.97     78.8     978  -999  -999.00   -999.00   -999.00     0    -1.6     978     0   0   0   0    -999.000  -999.000
0332  165.58   897.5     19.99     78.8     972    17    31.60     -9.40    -30.17     8    -1.6     972     0   0   0   0      24.405   -65.839
0333  166.08   898.1     20.02     78.9     966  -999  -999.00   -999.00   -999.00     0    -1.6     966     0   0   0   0    -999.000  -999.000
0334  166.58   898.7     20.06     78.8     960    18    31.59     -9.57    -30.11     7    -1.6     960     0   0   0   0      24.405   -65.839
0335  167.08   899.3     20.09     78.8     954    18    31.59     -9.65    -30.08     8    -1.6     954     0   0   0   0      24.404   -65.839
0336  167.58   900.0     20.13     78.7     948  -999  -999.00   -999.00   -999.00     0    -1.6     948     0   0   0   0    -999.000  -999.000
0337  168.08   900.6     20.17     78.6     942    18    31.59     -9.82    -30.02     8    -1.6     942     0   0   0   0      24.404   -65.839
0338  168.58   901.2     20.22     78.5     936    18    31.60     -9.90    -30.01     8    -1.6     936     0   0   0   0      24.404   -65.840
0339  169.08   901.8     20.27     78.3     931  -999  -999.00   -999.00   -999.00     0    -1.6     931     0   0   0   0    -999.000  -999.000
0340  169.58  -999.0   -999.00   -999.0    -999    19    31.65    -10.05    -30.02     8  -999.0    -999     0   0   0   0      24.404   -65.840
0341  170.08   903.1     20.36     78.0     919    19    31.69    -10.10    -30.03     8    -1.6     919     0   0   0   0      24.404   -65.840
0342  170.58   903.7     20.41     77.9     913    19    31.72    -10.14    -30.05     8    -1.6     913     0   0   0   0      24.403   -65.840
0343  171.08   904.3     20.46     77.8     907  -999  -999.00   -999.00   -999.00     0    -1.6     907     0   0   0   0    -999.000  -999.000
0344  171.58   904.9     20.51     77.7     901    19    31.77    -10.21    -30.08     7    -1.6     901     0   0   0   0      24.403   -65.840
0345  172.08   905.5     20.56     77.7     895    19    31.78    -10.25    -30.09     8    -1.5     895     0   0   0   0      24.403   -65.840
0346  172.58   906.2     20.61     77.7     889    19    31.80    -10.30    -30.08     8    -1.5     889     0   0   0   0      24.403   -65.840
0347  173.08   906.8     20.66     77.7     883    19    31.81    -10.36    -30.08     8    -1.5     883     0   0   0   0      24.403   -65.840
0348  173.58   907.4     20.70     77.7     877    19    31.82    -10.42    -30.07     8    -1.5     877     0   0   0   0      24.403   -65.840
0349  174.08   908.0     20.74     77.7     871  -999  -999.00   -999.00   -999.00     0    -1.4     871     0   0   0   0    -999.000  -999.000
0350  174.58   908.6     20.79     77.7     865    19    31.83    -10.54    -30.03     8    -1.4     865     0   0   0   0      24.402   -65.840
0351  175.08   909.2     20.83     77.6     859    19    31.82    -10.59    -30.01     8    -1.4     859     0   0   0   0      24.402   -65.840
0352  175.58   909.9     20.87     77.6     854    20    31.80    -10.62    -29.98     8    -1.4     854     0   0   0   0      24.402   -65.840
0353  176.08   910.5     20.91     77.5     848  -999  -999.00   -999.00   -999.00     0    -1.3     848     0   0   0   0    -999.000  -999.000
0354  176.58   911.1     20.95     77.4     842    20    31.77    -10.68    -29.92     8    -1.3     842     0   0   0   0      24.402   -65.840
0355  177.08   911.7     20.99     77.4     836    20    31.76    -10.71    -29.90     8    -1.3     836     0   0   0   0      24.402   -65.840
0356  177.58   912.3     21.03     77.3     830    20    31.76    -10.75    -29.88     8    -1.3     830     0   0   0   0      24.402   -65.840
0357  178.08   912.9     21.07     77.3     825    20    31.76    -10.79    -29.87     8    -1.3     825     0   0   0   0      24.401   -65.840
0358  178.58   913.5     21.11     77.2     819    20    31.76    -10.84    -29.85     8    -1.3     819     0   0   0   0      24.401   -65.841
0359  179.08   914.1     21.14     77.2     813    20    31.76    -10.90    -29.83     8    -1.2     813     0   0   0   0      24.401   -65.841
0360  179.58   914.7     21.18     77.2     807  -999  -999.00   -999.00   -999.00     0    -1.2     807     0   0   0   0    -999.000  -999.000
0361  180.08   915.3     21.21     77.2     802    20    31.72    -11.00    -29.75     7    -1.2     802     0   0   0   0      24.401   -65.841
0362  180.58   915.9     21.24     77.2     796    20    31.67    -11.05    -29.68     8    -1.2     796     0   0   0   0      24.401   -65.841
0363  181.08   916.5     21.28     77.2     790    21    31.61    -11.10    -29.59     8    -1.2     790     0   0   0   0      24.401   -65.841
0364  181.58   917.1     21.31     77.3     784    21    31.52    -11.14    -29.49     8    -1.2     784     0   0   0   0      24.400   -65.841
0365  182.08   917.7     21.34     77.3     779    21    31.43    -11.18    -29.37     8    -1.1     779     0   0   0   0      24.400   -65.841
0366  182.58   918.3     21.37     77.3     773    21    31.32    -11.21    -29.25     8    -1.1     773     0   0   0   0      24.400   -65.841
0367  183.08   918.9     21.40     77.4     767    21    31.23    -11.23    -29.14     8    -1.1     767     0   0   0   0      24.400   -65.841
0368  183.58   919.5     21.43     77.4     762    21    31.15    -11.24    -29.05     8    -1.1     762     0   0   0   0      24.400   -65.841
0369  184.08   920.1     21.46     77.4     756    21    31.09    -11.25    -28.99     8    -1.1     756     0   0   0   0      24.400   -65.841
0370  184.58   920.7     21.49     77.4     750    21    31.06    -11.26    -28.95     8    -1.1     750     0   0   0   0      24.400   -65.841
0371  185.08   921.3     21.52     77.4     745  -999  -999.00   -999.00   -999.00     0    -1.1     745     0   0   0   0    -999.000  -999.000
0372  185.58   921.9     21.55     77.4     739    21    31.06    -11.33    -28.93     8    -1.0     739     0   0   0   0      24.399   -65.841
0373  186.08   922.5     21.58     77.4     733    21    31.09    -11.38    -28.93     8    -1.0     733     0   0   0   0      24.399   -65.841
0374  186.58   923.1     21.61     77.5     728  -999  -999.00   -999.00   -999.00     0    -1.0     728     0   0   0   0    -999.000  -999.000
0375  187.08   923.7     21.63     77.5     722    22    31.18    -11.54    -28.97     8    -1.0     722     0   0   0   0      24.399   -65.841
0376  187.58  -999.0   -999.00   -999.0    -999    22    31.23    -11.62    -28.99     8  -999.0    -999     0   0   0   0      24.399   -65.842
0377  188.08   924.9     21.68     77.6     711    22    31.28    -11.71    -29.00     8    -1.0     711     0   0   0   0      24.399   -65.842
0378  188.58   925.5     21.70     77.6     705    22    31.33    -11.80    -29.02     8    -1.0     705     0   0   0   0      24.399   -65.842
0379  189.08   926.1     21.72     77.7     700    22    31.38    -11.88    -29.04     8    -1.0     700     0   0   0   0      24.399   -65.842
0380  189.58   926.7     21.74     77.7     694    22    31.44    -11.97    -29.07     8    -1.1     694     0   0   0   0      24.398   -65.842
0381  190.08   927.3     21.76     77.7     688    23    31.50    -12.06    -29.10     8    -1.1     688     0   0   0   0      24.398   -65.842
0382  190.58   927.9     21.77     77.8     683    23    31.57    -12.15    -29.14     8    -1.2     683     0   0   0   0      24.398   -65.842
0383  191.08   928.5     21.78     77.8     677    23    31.66    -12.25    -29.19     8    -1.2     677     0   0   0   0      24.398   -65.842
0384  191.58   929.1     21.78     77.8     671    23    31.75    -12.35    -29.25     8    -1.2     671     0   0   0   0      24.398   -65.842
0385  192.08   929.7     21.79     77.8     666    23    31.84    -12.45    -29.31     8    -1.3     666     0   0   0   0      24.398   -65.842
0386  192.58   930.4     21.78     77.9     660    23    31.95    -12.54    -29.38     8    -1.3     660     0   0   0   0      24.398   -65.842
0387  193.08   931.0     21.78     78.1     654    23    32.05    -12.63    -29.46     8    -1.3     654     0   0   0   0      24.397   -65.842
0388  193.58   931.6     21.77     78.3     648    23    32.16    -12.70    -29.55     8    -1.3     648     0   0   0   0      24.397   -65.842
0389  194.08   932.2     21.75     78.6     643    23    32.26    -12.76    -29.63     8    -1.3     643     0   0   0   0      24.397   -65.842
0390  194.58   932.8     21.73     79.0     637    23    32.35    -12.81    -29.70     8    -1.2     637     0   0   0   0      24.397   -65.842
0391  195.08   933.4     21.70     79.4     631    23    32.42    -12.83    -29.77     8    -1.2     631     0   0   0   0      24.397   -65.842
0392  195.58   934.0     21.66     80.0     625    23    32.47    -12.83    -29.82     8    -1.2     625     0   0   0   0      24.397   -65.843
0393  196.08   934.7     21.63     80.6     620    23    32.50    -12.81    -29.86     7    -1.2     620     0   0   0   0      24.397   -65.843
0394  196.58   935.3     21.59     81.2     614    23    32.50    -12.77    -29.89     8    -1.2     614     0   0   0   0      24.397   -65.843
0395  197.08   935.9     21.55     81.8     608    23    32.49    -12.73    -29.89     8    -1.2     608     0   0   0   0      24.396   -65.843
0396  197.58   936.5     21.51     82.4     603    23    32.45    -12.67    -29.88     8    -1.2     603     0   0   0   0      24.396   -65.843
0397  198.08   937.1     21.48     83.0     597    23    32.42    -12.62    -29.86     8    -1.2     597     0   0   0   0      24.396   -65.843
0398  198.58   937.7     21.46     83.5     591    23    32.37    -12.55    -29.83     8    -1.3     591     0   0   0   0      24.396   -65.843
0399  199.08   938.3     21.44     84.0     586    23    32.30    -12.47    -29.80     8    -1.3     586     0   0   0   0      24.396   -65.843
0400  199.58   938.9     21.44     84.4     580    23    32.22    -12.37    -29.75     8    -1.3     580     0   0   0   0      24.396   -65.843
0401  200.08   939.5     21.44     84.8     574    22    32.10    -12.24    -29.68     8    -1.4     574     0   0   0   0      24.396   -65.843
0402  200.58   940.2     21.45     85.1     568    22    31.97    -12.08    -29.59     8    -1.4     568     0   0   0   0      24.395   -65.843
0403  201.08   940.8     21.47     85.4     563    22    31.80    -11.89    -29.50     8    -1.4     563     0   0   0   0      24.395   -65.843
0404  201.58   941.4     21.49     85.6     557    22    31.63    -11.67    -29.40     8    -1.5     557     0   0   0   0      24.395   -65.843
0405  202.08   942.1     21.51     85.8     551    21    31.45    -11.42    -29.30     8    -1.5     551     0   0   0   0      24.395   -65.843
0406  202.58   942.7     21.54     86.0     545    21    31.26    -11.13    -29.21     8    -1.5     545     0   0   0   0      24.395   -65.843
0407  203.08   943.3     21.58     86.2     539    20    31.08    -10.82    -29.13     8    -1.5     539     0   0   0   0      24.395   -65.843
0408  203.58   944.0     21.61     86.5     534    20    30.90    -10.48    -29.07     7    -1.5     534     0   0   0   0      24.395   -65.843
0409  204.08   944.6     21.64     86.8     528    19    30.72    -10.13    -29.00     8    -1.5     528     0   0   0   0      24.395   -65.844
0410  204.58   945.2     21.68     87.2     522    19    30.54     -9.77    -28.93     8    -1.6     522     0   0   0   0      24.394   -65.844
0411  205.08   945.8     21.71     87.5     516    18    30.35     -9.41    -28.85     7    -1.6     516     0   0   0   0      24.394   -65.844
0412  205.58   946.5     21.74     87.9     510    18    30.14     -9.07    -28.75     8    -1.6     510     0   0   0   0      24.394   -65.844
0413  206.08   947.1     21.77     88.1     505  -999  -999.00   -999.00   -999.00     0    -1.7     505     0   0   0   0    -999.000  -999.000
0414  206.58   947.7     21.81     88.2     499    17    29.67     -8.50    -28.43     8    -1.7     499     0   0   0   0      24.394   -65.844
0415  207.08   948.4     21.84     88.3     493  -999  -999.00   -999.00   -999.00     0    -1.7     493     0   0   0   0    -999.000  -999.000
0416  207.58   949.0     21.89     88.1     487    16    29.11     -8.10    -27.96     8    -1.7     487     0   0   0   0      24.394   -65.844
0417  208.08   949.7     21.93     87.9     481    16    28.82     -7.98    -27.70     7    -1.7     481     0   0   0   0      24.393   -65.844
0418  208.58   950.3     21.98     87.6     475    16    28.56     -7.91    -27.44     8    -1.7     475     0   0   0   0      24.393   -65.844
0419  209.08   951.0     22.03     87.3     469    16    28.33     -7.89    -27.21     8    -1.6     469     0   0   0   0      24.393   -65.844
0420  209.58   951.6     22.08     86.9     463    16    28.14     -7.92    -27.00     8    -1.6     463     0   0   0   0      24.393   -65.844
0421  210.08   952.3     22.13     86.6     457    17    27.99     -7.98    -26.83     8    -1.5     457     0   0   0   0      24.393   -65.844
0422  210.58   952.9     22.19     86.3     452    17    27.88     -8.07    -26.69     8    -1.4     452     0   0   0   0      24.393   -65.844
0423  211.08   953.5     22.24     86.1     446    17    27.80     -8.19    -26.57     8    -1.3     446     0   0   0   0      24.393   -65.844
0424  211.58   954.1     22.29     85.9     440    17    27.73     -8.32    -26.45     8    -1.2     440     0   0   0   0      24.393   -65.844
0425  212.08   954.7     22.34     85.8     435    18    27.68     -8.48    -26.35     8    -1.1     435     0   0   0   0      24.393   -65.844
0426  212.58   955.3     22.40     85.7     429    18    27.64     -8.66    -26.25     8    -1.0     429     0   0   0   0      24.392   -65.844
0427  213.08   955.9     22.45     85.5     424    19    27.62     -8.86    -26.16     8    -0.9     424     0   0   0   0      24.392   -65.844
0428  213.58   956.5     22.50     85.4     418    19    27.61     -9.06    -26.09     7    -0.8     418     0   0   0   0      24.392   -65.844
0429  214.08   957.1     22.55     85.2     413    20    27.64     -9.25    -26.05     8    -0.7     413     0   0   0   0      24.392   -65.844
0430  214.58   957.7     22.59     85.0     407    20    27.68     -9.42    -26.03     7    -0.7     407     0   0   0   0      24.392   -65.844
0431  215.08   958.3     22.64     84.8     402    20    27.75     -9.56    -26.05     8    -0.6     402     0   0   0   0      24.392   -65.844
0432  215.58   958.9     22.69     84.7     397    20    27.82     -9.66    -26.08     8    -0.6     397     0   0   0   0      24.392   -65.845
0433  216.08   959.5     22.74     84.7     391    20    27.88     -9.72    -26.13     8    -0.7     391     0   0   0   0      24.392   -65.845
0434  216.58   960.1     22.79     84.7     386    20    27.94     -9.75    -26.18     8    -0.7     386     0   0   0   0      24.391   -65.845
0435  217.08   960.6     22.83     84.8     381    20    27.97     -9.74    -26.22     7    -0.8     381     0   0   0   0      24.391   -65.845
0436  217.58   961.2     22.88     85.0     375    20    27.98     -9.68    -26.25     8    -0.9     375     0   0   0   0      24.391   -65.845
0437  218.08   961.8     22.92     85.2     370    20    27.95     -9.59    -26.25     8    -1.0     370     0   0   0   0      24.391   -65.845
0438  218.58   962.5     22.96     85.5     364    20    27.88     -9.46    -26.23     7    -1.1     364     0   0   0   0      24.391   -65.845
0439  219.08   963.1     23.00     85.7     359    19    27.79     -9.27    -26.19     8    -1.2     359     0   0   0   0      24.391   -65.845
0440  219.58   963.7     23.03     85.9     353    19    27.66     -9.05    -26.14     8    -1.4     353     0   0   0   0      24.391   -65.845
0441  220.08   964.3     23.07     86.1     347    19    27.52     -8.79    -26.08     8    -1.5     347     0   0   0   0      24.391   -65.845
0442  220.58   965.0     23.10     86.1     341    18    27.38     -8.52    -26.02     7    -1.7     341     0   0   0   0      24.391   -65.845
0443  221.08   965.6     23.14     86.1     335    18    27.24     -8.24    -25.96     7    -1.8     335     0   0   0   0      24.390   -65.845
0444  221.58   966.3     23.18     86.0     330    17    27.11     -7.99    -25.91     7    -1.9     330     0   0   0   0      24.390   -65.845
0445  222.08   966.9     23.23     85.9     324    17    27.00     -7.77    -25.86     7    -2.0     324     0   0   0   0      24.390   -65.845
0446  222.58   967.6     23.27     85.8     317    16    26.91     -7.59    -25.82     7    -2.1     317     0   0   0   0      24.390   -65.845
0447  223.08   968.3     23.32     85.6     311    16    26.84     -7.45    -25.78     8    -2.1     311     0   0   0   0      24.390   -65.845
0448  223.58   969.0     23.37     85.5     305    16    26.79     -7.36    -25.76     7    -2.1     305     0   0   0   0      24.390   -65.845
0449  224.08   969.6     23.42     85.4     299    16    26.77     -7.31    -25.75     8    -2.1     299     0   0   0   0      24.390   -65.845
0450  224.58   970.3     23.47     85.3     293    16    26.78     -7.32    -25.76     7    -2.1     293     0   0   0   0      24.390   -65.845
0451  225.08   971.0     23.52     85.2     287    16    26.81     -7.37    -25.78     8    -2.0     287     0   0   0   0      24.389   -65.845
0452  225.58   971.6     23.56     85.1     281    16    26.87     -7.46    -25.82     8    -1.9     281     0   0   0   0      24.389   -65.845
0453  226.08   972.3     23.61     85.0     275    16    26.94     -7.59    -25.85     8    -1.9     275     0   0   0   0      24.389   -65.845
0454  226.58   972.9     23.66     85.0     269    17    27.01     -7.73    -25.88     8    -1.8     269     0   0   0   0      24.389   -65.845
0455  227.08   973.6     23.71     85.0     263  -999  -999.00   -999.00   -999.00     0    -1.7     263     0   0   0   0    -999.000  -999.000
0456  227.58   974.2     23.76     84.9     258    17    27.09     -8.01    -25.88     8    -1.7     258     0   0   0   0      24.389   -65.846
0457  228.08   974.9     23.81     84.9     252    18    27.09     -8.15    -25.83     8    -1.6     252     0   0   0   0      24.389   -65.846
0458  228.58   975.5     23.85     85.0     246  -999  -999.00   -999.00   -999.00     0    -1.6     246     0   0   0   0    -999.000  -999.000
0459  229.08   976.2     23.89     85.0     240    18    26.96     -8.35    -25.64     8    -1.6     240     0   0   0   0      24.389   -65.846
0460  229.58   976.8     23.94     85.0     234    18    26.84     -8.41    -25.49     8    -1.6     234     0   0   0   0      24.388   -65.846
0461  230.08   977.4     23.98     85.0     229  -999  -999.00   -999.00   -999.00     0    -1.6     229     0   0   0   0    -999.000  -999.000
0462  230.58   978.1     24.02     85.0     223    18    26.53     -8.40    -25.16     8    -1.6     223     0   0   0   0      24.388   -65.846
0463  231.08   978.7     24.06     84.9     217    18    26.36     -8.34    -25.01     7    -1.7     217     0   0   0   0      24.388   -65.846
0464  231.58   979.4     24.10     84.8     211    18    26.21     -8.25    -24.88     8    -1.7     211     0   0   0   0      24.388   -65.846
0465  232.08   980.0     24.14     84.6     205    18    26.08     -8.15    -24.78     7    -1.7     205     0   0   0   0      24.388   -65.846
0466  232.58   980.7     24.19     84.5     200    18    25.98     -8.05    -24.70     7    -1.7     200     0   0   0   0      24.388   -65.846
0467  233.08   981.3     24.23     84.3     194    18    25.92     -7.96    -24.66     7    -1.6     194     0   0   0   0      24.388   -65.846
0468  233.58   982.0     24.28     84.1     188    18    25.88     -7.89    -24.65     8    -1.6     188     0   0   0   0      24.388   -65.846
0469  234.08   982.6     24.33     83.9     182    18    25.86     -7.83    -24.64     6    -1.5     182     0   0   0   0      24.387   -65.846
0470  234.58   983.3     24.38     83.8     176    18    25.84     -7.79    -24.64     7    -1.5     176     0   0   0   0      24.387   -65.846
0471  235.08   983.9     24.43     83.6     171    18    25.81     -7.76    -24.61     7    -1.4     171     0   0   0   0      24.387   -65.846
0472  235.58   984.6     24.49     83.5     165    17    25.76     -7.74    -24.57     8    -1.3     165     0   0   0   0      24.387   -65.846
0473  236.08   985.2     24.55     83.4     159    17    25.70     -7.72    -24.51     8    -1.2     159     0   0   0   0      24.387   -65.846
0474  236.58   985.8     24.61     83.3     154    17    25.62     -7.69    -24.44     7    -1.1     154     0   0   0   0      24.387   -65.846
0475  237.08   986.4     24.67     83.2     148    17    25.55     -7.67    -24.37     7    -1.1     148     0   0   0   0      24.387   -65.846
0476  237.58   987.0     24.74     83.2     143  -999  -999.00   -999.00   -999.00     0    -1.0     143     0   0   0   0    -999.000  -999.000
0477  238.08   987.7     24.80     83.2     137    17    25.43     -7.60    -24.27     7    -1.0     137     0   0   0   0      24.387   -65.846
0478  238.58   988.3     24.86     83.1     132    17    25.39     -7.55    -24.24     8    -1.0     132     0   0   0   0      24.386   -65.846
0479  239.08   988.9     24.91     83.1     126    17    25.34     -7.47    -24.22     6    -1.0     126     0   0   0   0      24.386   -65.846
0480  239.58   989.5     24.97     83.0     121    17    25.28     -7.34    -24.19     7    -1.1     121     0   0   0   0      24.386   -65.846
0481  240.08   990.1     25.03     82.9     116    17    25.19     -7.16    -24.15     8    -1.2     116     0   0   0   0      24.386   -65.846
0482  240.58   990.7     25.09     82.7     110    16    25.07     -6.92    -24.09     8    -1.4     110     0   0   0   0      24.386   -65.847
0483  241.08   991.3     25.15     82.6     104    15    24.91     -6.66    -24.01     8    -1.5     104     0   0   0   0      24.386   -65.847
0484  241.58   992.0     25.21     82.4      99  -999  -999.00   -999.00   -999.00     0    -1.7      99     0   0   0   0    -999.000  -999.000
0485  242.08   992.7     25.27     82.3      93    15    24.57     -6.17    -23.78     6    -1.9      93     0   0   0   0      24.386   -65.847
0486  242.58   993.3     25.33     82.1      87    14    24.40     -6.01    -23.65     7    -2.0      87     0   0   0   0      24.386   -65.847
0487  243.08   994.0     25.39     82.0      81    14    24.27     -5.93    -23.54     6    -2.1      81     0   0   0   0      24.385   -65.847
0488  243.58   994.7     25.46     81.9      75  -999  -999.00   -999.00   -999.00     0    -2.2      75     0   0   0   0    -999.000  -999.000
0489  244.08   995.4     25.52     81.7      68    14    24.17     -5.98    -23.41     7    -2.3      68     0   0   0   0      24.385   -65.847
0490  244.58   996.1     25.59     81.6      62    15    24.21     -6.09    -23.43     6    -2.3      62     0   0   0   0      24.385   -65.847
0491  245.08   996.8     25.65     81.5      56    15    24.32     -6.24    -23.50     8    -2.3      56     0   0   0   0      24.385   -65.847
0492  245.58   997.5     25.72     81.4      50    15    24.46     -6.41    -23.61     8    -2.2      50     0   0   0   0      24.385   -65.847
0493  246.08   998.2     25.79     81.3      44    16    24.70     -6.61    -23.80     8    -2.1      44     0   0   0   0      24.385   -65.847
0494  246.58   998.8     25.85     81.2      38    16    24.98     -6.86    -24.01     7    -1.9      38     0   0   0   0      24.385   -65.847
0495  247.08   999.5     25.92     81.1      32    16    25.21     -7.13    -24.18     7    -1.7      32     0   0   0   0      24.385   -65.847
0496  247.58  1000.2     25.99     81.0      26    17    25.34     -7.32    -24.26     7    -1.5      26     0   0   0   0      24.384   -65.847
0497  248.08  1000.9     26.05     81.0      20  -999  -999.00   -999.00   -999.00     0    -1.3      20     0   0   0   0    -999.000  -999.000
0498  248.58  1001.4     26.12     81.0      15    17    25.25     -7.28    -24.17     7    -1.1      15     0   0   0   0      24.384   -65.847
0499  249.08  1002.0     26.19     80.9      10    16    25.05     -7.06    -24.04     8    -1.0      10     0   0   0   0      24.384   -65.847
0500  249.58  1002.5     26.27   -999.0       6  -999  -999.00   -999.00   -999.00     0    -0.9       6     0   0   0   0    -999.000  -999.000
0501  250.12  1003.1     26.27     80.9       0  -999  -999.00   -999.00   -999.00  -999  -999.0       0     0   0   0   0    -999.000  -999.000
