 ===========================================================================
 DROPWINDSONDE PROCESSING RECORD                            Sonde: 084439009
 FRD file written by Aspen V3.4.8, 07 Jul 2023 18:15 UTC
 Aircraft: Lockheed WP-3D, N43RF             Date: 090819   Time: 220412 UTC
 ---------------------------------------------------------------------------
 Bias corrections:  PR =   0.0 mb  TE =   0.0 C  RH =   0.0 %  PRB =  0.0 mb
 Filters (LPF):     PTH = 
 Dyn RH correction = 
 Estimated PR used = 
 Dyn T correction  = 
 ---------------------------------------------------------------------------
 COMMENT: none, Good Drop
 ===========================================================================

 ===========================================================================
 Date: 090819   Lat:  20.06 N   TA:   14.9 C   PS:  696.9 mb   WD:    28 deg
 Time: 220412   Lon:  57.93 W   TD:   14.9 C   GA:   2748 m    WS:  38.2 m/s
 SID:  084439009                RH:  102.6 %   Navaid:   GP
 ===========================================================================

IX      t (s)  P (mb)    T (C)    RH (%)  Z (m)   WD    WS (m/s)   U (m/s)   V (m/s)  NS  WZ (m/s)  ZW (m)   FP  FT  FH  FW    LAT (N)   LON (E)
0001    0.26  -999.0   -999.00   -999.0    -999  -999  -999.00   -999.00   -999.00     0  -999.0    -999     0   0   0   0    -999.000  -999.000
0002    0.76  -999.0   -999.00   -999.0    -999  -999  -999.00   -999.00   -999.00     4  -999.0    -999     0   0   0   0    -999.000  -999.000
0003    1.26  -999.0   -999.00   -999.0    -999  -999  -999.00   -999.00   -999.00     7  -999.0    -999     0   0   0   0      20.062   -57.933
0004    1.76  -999.0   -999.00   -999.0    -999  -999  -999.00   -999.00   -999.00     6  -999.0    -999     0   0   0   0      20.061   -57.933
0005    2.26  -999.0   -999.00   -999.0    -999  -999  -999.00   -999.00   -999.00     7  -999.0    -999     0   0   0   0      20.061   -57.933
0006    2.76  -999.0   -999.00   -999.0    -999  -999  -999.00   -999.00   -999.00     7  -999.0    -999     0   0   0   0      20.061   -57.933
0007    3.26  -999.0   -999.00   -999.0    -999  -999  -999.00   -999.00   -999.00     8  -999.0    -999     0   0   0   0      20.061   -57.933
0008    3.76  -999.0   -999.00   -999.0    -999  -999  -999.00   -999.00   -999.00     9  -999.0    -999     0   0   0   0      20.061   -57.933
0009    4.26  -999.0   -999.00   -999.0    -999  -999  -999.00   -999.00   -999.00     8  -999.0    -999     0   0   0   0      20.061   -57.934
0010    4.76  -999.0   -999.00   -999.0    -999  -999  -999.00   -999.00   -999.00     9  -999.0    -999     0   0   0   0      20.061   -57.934
0011    5.26  -999.0   -999.00   -999.0    -999  -999  -999.00   -999.00   -999.00     9  -999.0    -999     0   0   0   0      20.060   -57.934
0012    5.76  -999.0   -999.00   -999.0    -999  -999  -999.00   -999.00   -999.00     8  -999.0    -999     0   0   0   0      20.060   -57.934
0013    6.26  -999.0   -999.00   -999.0    -999  -999  -999.00   -999.00   -999.00     9  -999.0    -999     0   0   0   0      20.060   -57.934
0014    6.76  -999.0   -999.00   -999.0    -999  -999  -999.00   -999.00   -999.00     7  -999.0    -999     0   0   0   0      20.060   -57.934
0015    7.26  -999.0   -999.00   -999.0    -999  -999  -999.00   -999.00   -999.00     9  -999.0    -999     0   0   0   0      20.060   -57.934
0016    7.76  -999.0   -999.00   -999.0    -999  -999  -999.00   -999.00   -999.00     7  -999.0    -999     0   0   0   0      20.060   -57.934
0017    8.26  -999.0   -999.00   -999.0    -999  -999  -999.00   -999.00   -999.00     7  -999.0    -999     0   0   0   0      20.060   -57.934
0018    8.76  -999.0   -999.00   -999.0    -999  -999  -999.00   -999.00   -999.00     7  -999.0    -999     0   0   0   0      20.059   -57.934
0019    9.26  -999.0   -999.00   -999.0    -999  -999  -999.00   -999.00   -999.00     9  -999.0    -999     0   0   0   0      20.059   -57.934
0020    9.76  -999.0   -999.00   -999.0    -999  -999  -999.00   -999.00   -999.00     0  -999.0    -999     0   0   0   0    -999.000  -999.000
0021   10.26  -999.0   -999.00   -999.0    -999    25    39.50    -16.54    -35.87     9  -999.0    -999     0   0   0   0      20.059   -57.934
0022   10.76  -999.0   -999.00   -999.0    -999    25    39.43    -16.61    -35.76     9  -999.0    -999     0   0   0   0      20.059   -57.934
0023   11.26  -999.0   -999.00   -999.0    -999    25    39.33    -16.68    -35.62     9  -999.0    -999     0   0   0   0      20.059   -57.935
0024   11.76  -999.0   -999.00   -999.0    -999    25    39.22    -16.75    -35.46     9  -999.0    -999     0   0   0   0      20.058   -57.935
0025   12.26  -999.0   -999.00   -999.0    -999    25    39.10    -16.81    -35.30     9  -999.0    -999     0   0   0   0      20.058   -57.935
0026   12.76  -999.0   -999.00   -999.0    -999    26    38.98    -16.88    -35.14     9  -999.0    -999     0   0   0   0      20.058   -57.935
0027   13.26   714.2     15.48   -999.0    2524    26    38.88    -16.94    -34.99     9    -2.2    2524     0   0   0   0      20.058   -57.935
0028   13.76   714.8     15.50   -999.0    2517    26    38.80    -17.03    -34.86     9    -2.2    2517     0   0   0   0      20.058   -57.935
0029   14.26   715.4     15.52   -999.0    2510    26    38.74    -17.13    -34.75     9    -2.1    2510     0   0   0   0      20.058   -57.935
0030   14.76   716.0     15.54   -999.0    2503    26    38.69    -17.24    -34.63     9    -2.0    2503     0   0   0   0      20.058   -57.935
0031   15.26   716.5     15.56   -999.0    2496    27    38.63    -17.38    -34.50     9    -1.9    2496     0   0   0   0      20.057   -57.935
0032   15.76   717.1     15.59   -999.0    2490    27    38.56    -17.53    -34.35     9    -1.8    2490     0   0   0   0      20.057   -57.935
0033   16.26   717.6     15.61   -999.0    2483    27    38.47    -17.69    -34.16     9    -1.8    2483     0   0   0   0      20.057   -57.935
0034   16.76   718.2     15.64   -999.0    2476    28    38.33    -17.86    -33.91     9    -1.8    2476     0   0   0   0      20.057   -57.935
0035   17.26   718.7     15.66   -999.0    2470    28    38.13    -18.04    -33.60     8    -1.9    2470     0   0   0   0      20.057   -57.936
0036   17.76   719.3     15.69   -999.0    2463  -999  -999.00   -999.00   -999.00     0    -2.1    2463     0   0   0   0    -999.000  -999.000
0037   18.26   719.8     15.72   -999.0    2457    29    37.58    -18.40    -32.76     9    -2.4    2457     0   0   0   0      20.056   -57.936
0038   18.76   720.4     15.75   -999.0    2450    30    37.24    -18.58    -32.28     9    -2.7    2450     0   0   0   0      20.056   -57.936
0039   19.26   721.0     15.79   -999.0    2443  -999  -999.00   -999.00   -999.00     0    -3.0    2443     0   0   0   0    -999.000  -999.000
0040   19.76   721.6     15.82   -999.0    2436    31    36.54    -18.93    -31.25     9    -3.4    2436     0   0   0   0      20.056   -57.936
0041   20.26   722.3     15.86   -999.0    2428    32    36.19    -19.09    -30.74     8    -3.7    2428     0   0   0   0      20.056   -57.936
0042   20.76   722.9     15.89   -999.0    2420    32    35.84    -19.22    -30.25     9    -4.0    2420     0   0   0   0      20.056   -57.936
0043   21.26   723.6     15.93   -999.0    2412    33    35.50    -19.32    -29.78     9    -4.2    2412     0   0   0   0      20.056   -57.936
0044   21.76   724.3     15.97   -999.0    2404  -999  -999.00   -999.00   -999.00     0    -4.2    2404     0   0   0   0    -999.000  -999.000
0045   22.26   725.0     16.01   -999.0    2396    34    34.82    -19.38    -28.92     9    -4.2    2396     0   0   0   0      20.055   -57.936
0046   22.76   725.7     16.05   -999.0    2388    34    34.48    -19.34    -28.55     9    -4.1    2388     0   0   0   0      20.055   -57.937
0047   23.26   726.3     16.09   -999.0    2380    34    34.16    -19.25    -28.21     9    -3.9    2380     0   0   0   0      20.055   -57.937
0048   23.76   727.0     16.12   -999.0    2373    34    33.86    -19.13    -27.94     9    -3.6    2373     0   0   0   0      20.055   -57.937
0049   24.26   727.6     16.16     97.1    2365    34    33.60    -18.98    -27.73     9    -3.2    2365     0   0   0   0      20.055   -57.937
0050   24.76   728.2     16.19     97.3    2358    34    33.39    -18.82    -27.58     9    -2.8    2358     0   0   0   0      20.055   -57.937
0051   25.26   728.8     16.23     97.4    2351    34    33.24    -18.64    -27.51     8    -2.4    2351     0   0   0   0      20.055   -57.937
0052   25.76   729.4     16.26     97.5    2344  -999  -999.00   -999.00   -999.00     0    -2.1    2344     0   0   0   0    -999.000  -999.000
0053   26.26   729.9     16.30     97.6    2338    34    33.08    -18.29    -27.57     9    -1.7    2338     0   0   0   0      20.054   -57.937
0054   26.76   730.5     16.34     97.7    2331    33    33.08    -18.12    -27.67     9    -1.4    2331     0   0   0   0      20.054   -57.937
0055   27.26   731.0     16.37     97.9    2325    33    33.12    -17.97    -27.83     9    -1.2    2325     0   0   0   0      20.054   -57.937
0056   27.76   731.5     16.41     98.0    2319    32    33.21    -17.83    -28.02     9    -1.0    2319     0   0   0   0      20.054   -57.937
0057   28.26   732.1     16.44     98.0    2313    32    33.33    -17.71    -28.24     9    -0.9    2313     0   0   0   0      20.054   -57.937
0058   28.76   732.6     16.47     98.1    2307    32    33.48    -17.61    -28.47     9    -0.8    2307     0   0   0   0      20.054   -57.938
0059   29.26   733.1     16.50     98.2    2301    31    33.63    -17.52    -28.70     9    -0.9    2301     0   0   0   0      20.054   -57.938
0060   29.76   733.6     16.52     98.2    2295    31    33.77    -17.44    -28.91     9    -0.9    2295     0   0   0   0      20.053   -57.938
0061   30.26   734.1     16.55     98.3    2289    31    33.87    -17.37    -29.07     9    -1.0    2289     0   0   0   0      20.053   -57.938
0062   30.76   734.7     16.57     98.3    2282  -999  -999.00   -999.00   -999.00     0    -1.1    2282     0   0   0   0    -999.000  -999.000
0063   31.26   735.2     16.59     98.3    2276    31    33.92    -17.24    -29.21     9    -1.2    2276     0   0   0   0      20.053   -57.938
0064   31.76   735.8     16.61     98.3    2270    30    33.86    -17.17    -29.19     9    -1.4    2270     0   0   0   0      20.053   -57.938
0065   32.26   736.3     16.64     98.4    2263    30    33.76    -17.09    -29.11     9    -1.5    2263     0   0   0   0      20.053   -57.938
0066   32.76   736.9     16.66     98.4    2257    30    33.61    -17.01    -28.99     9    -1.5    2257     0   0   0   0      20.053   -57.938
0067   33.26   737.5     16.68     98.4    2250    30    33.43    -16.93    -28.83     9    -1.6    2250     0   0   0   0      20.053   -57.938
0068   33.76   738.0     16.71     98.4    2243    30    33.23    -16.85    -28.64     9    -1.6    2243     0   0   0   0      20.052   -57.938
0069   34.26   738.6     16.73     98.5    2237    31    33.01    -16.79    -28.42     9    -1.6    2237     0   0   0   0      20.052   -57.938
0070   34.76   739.2     16.75     98.5    2230  -999  -999.00   -999.00   -999.00     0    -1.7    2230     0   0   0   0    -999.000  -999.000
0071   35.26   739.7     16.78     98.5    2224    31    32.59    -16.79    -27.93     9    -1.7    2224     0   0   0   0      20.052   -57.939
0072   35.76   740.3     16.81     98.5    2217    31    32.39    -16.87    -27.65     9    -1.7    2217     0   0   0   0      20.052   -57.939
0073   36.26   740.8     16.84     98.6    2211    32    32.20    -17.00    -27.35     9    -1.8    2211     0   0   0   0      20.052   -57.939
0074   36.76   741.4     16.87     98.6    2205    32    32.03    -17.18    -27.03     9    -2.0    2205     0   0   0   0      20.052   -57.939
0075   37.26   742.0     16.90     98.6    2198    33    31.87    -17.39    -26.71     9    -2.1    2198     0   0   0   0      20.052   -57.939
0076   37.76   742.5     16.94     98.7    2191  -999  -999.00   -999.00   -999.00     0    -2.4    2191     0   0   0   0    -999.000  -999.000
0077   38.26   743.1     16.97     98.7    2185    34    31.62    -17.86    -26.09     9    -2.7    2185     0   0   0   0      20.051   -57.939
0078   38.76   743.7     17.01     98.8    2178    35    31.52    -18.11    -25.81     9    -3.0    2178     0   0   0   0      20.051   -57.939
0079   39.26   744.3     17.05     98.8    2170  -999  -999.00   -999.00   -999.00     0    -3.3    2170     0   0   0   0    -999.000  -999.000
0080   39.76   745.0     17.08     98.8    2163    36    31.39    -18.57    -25.32     9    -3.6    2163     0   0   0   0      20.051   -57.939
0081   40.26   745.7     17.12     98.9    2155  -999  -999.00   -999.00   -999.00     0    -3.8    2155     0   0   0   0    -999.000  -999.000
0082   40.76   746.3     17.16     98.9    2148    37    31.37    -18.98    -24.99     9    -4.0    2148     0   0   0   0      20.051   -57.940
0083   41.26   747.0     17.19     98.9    2140    38    31.41    -19.16    -24.89     9    -4.2    2140     0   0   0   0      20.051   -57.940
0084   41.76   747.7     17.23     99.0    2132    38    31.47    -19.33    -24.84     9    -4.2    2132     0   0   0   0      20.050   -57.940
0085   42.26   748.4     17.26     99.0    2124    38    31.54    -19.48    -24.81     8    -4.2    2124     0   0   0   0      20.050   -57.940
0086   42.76   749.1     17.30     99.0    2116    38    31.63    -19.61    -24.82     8    -4.2    2116     0   0   0   0      20.050   -57.940
0087   43.26   749.7     17.33     99.1    2108    38    31.71    -19.71    -24.84     9    -4.1    2108     0   0   0   0      20.050   -57.940
0088   43.76   750.4     17.36     99.1    2101    39    31.80    -19.80    -24.88     9    -4.0    2101     0   0   0   0      20.050   -57.940
0089   44.26   751.1     17.39     99.1    2093    39    31.91    -19.90    -24.95     9    -3.9    2093     0   0   0   0      20.050   -57.940
0090   44.76   751.7     17.42     99.1    2086    39    32.06    -20.01    -25.04     9    -3.9    2086     0   0   0   0      20.050   -57.940
0091   45.26   752.4     17.45     99.2    2079    39    32.25    -20.16    -25.17     9    -3.8    2079     0   0   0   0      20.050   -57.940
0092   45.76   753.0     17.48     99.2    2071  -999  -999.00   -999.00   -999.00     0    -3.8    2071     0   0   0   0    -999.000  -999.000
0093   46.26   753.7     17.51     99.2    2064    39    32.82    -20.57    -25.57     9    -3.7    2064     0   0   0   0      20.049   -57.941
0094   46.76   754.3     17.54     99.2    2056    39    33.17    -20.80    -25.84     9    -3.7    2056     0   0   0   0      20.049   -57.941
0095   47.26   755.0     17.57     99.2    2048    39    33.55    -21.01    -26.16     9    -3.6    2048     0   0   0   0      20.049   -57.941
0096   47.76   755.6     17.59     99.2    2041    39    33.94    -21.18    -26.52     9    -3.5    2041     0   0   0   0      20.049   -57.941
0097   48.26   756.3     17.61     99.2    2033    38    34.30    -21.28    -26.91     8    -3.3    2033     0   0   0   0      20.049   -57.941
0098   48.76   757.0     17.64     99.2    2026    38    34.63    -21.28    -27.32     9    -3.2    2026     0   0   0   0      20.049   -57.941
0099   49.26   757.6     17.66     99.3    2019    37    34.91    -21.20    -27.73     9    -3.0    2019     0   0   0   0      20.049   -57.941
0100   49.76   758.2     17.68     99.3    2012    37    35.12    -21.02    -28.14     9    -2.8    2012     0   0   0   0      20.049   -57.941
0101   50.26   758.8     17.70     99.3    2005    36    35.28    -20.77    -28.52     8    -2.6    2005     0   0   0   0      20.048   -57.941
0102   50.76   759.4     17.72     99.3    1998    35    35.36    -20.46    -28.84     8    -2.5    1998     0   0   0   0      20.048   -57.941
0103   51.26   760.0     17.75     99.3    1991    35    35.38    -20.14    -29.09     9    -2.4    1991     0   0   0   0      20.048   -57.942
0104   51.76   760.6     17.77     99.4    1985    34    35.34    -19.81    -29.27     8    -2.3    1985     0   0   0   0      20.048   -57.942
0105   52.26   761.2     17.79     99.4    1978    34    35.25    -19.52    -29.36     9    -2.4    1978     0   0   0   0      20.048   -57.942
0106   52.76   761.8     17.81     99.4    1972  -999  -999.00   -999.00   -999.00     0    -2.4    1972     0   0   0   0    -999.000  -999.000
0107   53.26   762.4     17.84     99.4    1965    33    34.92    -19.06    -29.26     9    -2.6    1965     0   0   0   0      20.048   -57.942
0108   53.76   763.0     17.87     99.4    1958    33    34.69    -18.90    -29.09     9    -2.7    1958     0   0   0   0      20.048   -57.942
0109   54.26   763.6     17.89     99.4    1951  -999  -999.00   -999.00   -999.00     0    -2.9    1951     0   0   0   0    -999.000  -999.000
0110   54.76   764.2     17.92     99.5    1944  -999  -999.00   -999.00   -999.00     0    -3.1    1944     0   0   0   0    -999.000  -999.000
0111   55.26   764.9     17.95     99.5    1936  -999  -999.00   -999.00   -999.00     0    -3.3    1936     0   0   0   0    -999.000  -999.000
0112   55.76   765.5     17.98     99.5    1929  -999  -999.00   -999.00   -999.00     0    -3.5    1929     0   0   0   0    -999.000  -999.000
0113   56.26   766.2     18.01     99.5    1922    34    33.29    -18.65    -27.57     8    -3.6    1922     0   0   0   0      20.047   -57.943
0114   56.76   766.9     18.04     99.5    1914  -999  -999.00   -999.00   -999.00     0    -3.8    1914     0   0   0   0    -999.000  -999.000
0115   57.26   767.5     18.08     99.6    1906    35    32.96    -18.81    -27.06     9    -3.9    1906     0   0   0   0      20.047   -57.943
0116   57.76   768.2     18.11     99.6    1899    35    32.90    -18.95    -26.89     9    -4.0    1899     0   0   0   0      20.047   -57.943
0117   58.26   768.9     18.15     99.6    1891    36    32.91    -19.12    -26.80     9    -4.1    1891     0   0   0   0      20.046   -57.943
0118   58.76   769.6     18.20     99.6    1884    36    33.00    -19.28    -26.78     9    -4.3    1884     0   0   0   0      20.046   -57.943
0119   59.26   770.3     18.24     99.7    1876    36    33.12    -19.44    -26.82     8    -4.4    1876     0   0   0   0      20.046   -57.943
0120   59.76   771.0     18.28     99.7    1868    36    33.25    -19.56    -26.89     9    -4.6    1868     0   0   0   0      20.046   -57.943
0121   60.26   771.7     18.32     99.7    1860    36    33.38    -19.64    -26.99     8    -4.7    1860     0   0   0   0      20.046   -57.943
0122   60.76   772.4     18.36     99.7    1852    36    33.48    -19.66    -27.10     9    -4.9    1852     0   0   0   0      20.046   -57.943
0123   61.26   773.1     18.40     99.7    1844    36    33.57    -19.63    -27.23     8    -5.1    1844     0   0   0   0      20.046   -57.943
0124   61.76   773.8     18.44     99.7    1836  -999  -999.00   -999.00   -999.00     0    -5.3    1836     0   0   0   0    -999.000  -999.000
0125   62.26   774.6     18.48     99.7    1828    35    33.72    -19.48    -27.52     9    -5.4    1828     0   0   0   0      20.045   -57.944
0126   62.76   775.3     18.51     99.7    1820    35    33.81    -19.37    -27.70     8    -5.6    1820     0   0   0   0      20.045   -57.944
0127   63.26   776.1     18.55     99.7    1811    35    33.91    -19.27    -27.91     9    -5.8    1811     0   0   0   0      20.045   -57.944
0128   63.76   776.8     18.59     99.7    1803    34    34.04    -19.17    -28.13     9    -5.9    1803     0   0   0   0      20.045   -57.944
0129   64.26   777.6     18.63     99.7    1794    34    34.20    -19.11    -28.36     9    -6.0    1794     0   0   0   0      20.045   -57.944
0130   64.76   778.4     18.66     99.7    1786    34    34.38    -19.09    -28.60     9    -6.1    1786     0   0   0   0      20.045   -57.944
0131   65.26   779.1     18.70     99.6    1777    34    34.60    -19.13    -28.83     9    -6.2    1777     0   0   0   0      20.045   -57.944
0132   65.76   779.9     18.73     99.6    1768    34    34.82    -19.22    -29.03     9    -6.2    1768     0   0   0   0      20.045   -57.944
0133   66.26   780.7     18.77     99.5    1760    34    35.03    -19.36    -29.20     9    -6.2    1760     0   0   0   0      20.044   -57.944
0134   66.76   781.5     18.80     99.5    1751  -999  -999.00   -999.00   -999.00     0    -6.1    1751     0   0   0   0    -999.000  -999.000
0135   67.26   782.3     18.83     99.5    1742    34    35.34    -19.69    -29.35     9    -6.0    1742     0   0   0   0      20.044   -57.945
0136   67.76   783.1     18.86     99.5    1734    34    35.41    -19.85    -29.33     8    -5.9    1734     0   0   0   0      20.044   -57.945
0137   68.26   783.8     18.89     99.5    1725  -999  -999.00   -999.00   -999.00     0    -5.8    1725     0   0   0   0    -999.000  -999.000
0138   68.76   784.6     18.92     99.5    1717  -999  -999.00   -999.00   -999.00     0    -5.7    1717     0   0   0   0    -999.000  -999.000
0139   69.26  -999.0   -999.00   -999.0    -999    35    35.31    -20.13    -29.01     9  -999.0    -999     0   0   0   0      20.044   -57.945
0140   69.76   786.1     18.97     99.6    1701    35    35.20    -20.17    -28.85     9    -5.4    1701     0   0   0   0      20.044   -57.945
0141   70.26   786.8     19.00     99.6    1693    35    35.08    -20.18    -28.70     9    -5.3    1693     0   0   0   0      20.043   -57.945
0142   70.76   787.5     19.02     99.6    1684  -999  -999.00   -999.00   -999.00     0    -5.2    1684     0   0   0   0    -999.000  -999.000
0143   71.26   788.3     19.05     99.6    1676    35    34.86    -20.19    -28.42     9    -5.1    1676     0   0   0   0      20.043   -57.945
0144   71.76   789.0     19.07     99.6    1668    36    34.80    -20.24    -28.31     9    -5.0    1668     0   0   0   0      20.043   -57.945
0145   72.26   789.7     19.10     99.6    1660  -999  -999.00   -999.00   -999.00     0    -4.9    1660     0   0   0   0    -999.000  -999.000
0146   72.76   790.5     19.12     99.6    1652    36    34.83    -20.46    -28.19     8    -4.8    1652     0   0   0   0      20.043   -57.946
0147   73.26   791.2     19.15     99.7    1645    36    34.93    -20.65    -28.18     9    -4.7    1645     0   0   0   0      20.043   -57.946
0148   73.76   791.9     19.17     99.7    1637  -999  -999.00   -999.00   -999.00     0    -4.6    1637     0   0   0   0    -999.000  -999.000
0149   74.26   792.6     19.20     99.7    1629    37    35.30    -21.18    -28.24     9    -4.4    1629     0   0   0   0      20.042   -57.946
0150   74.76   793.3     19.23     99.8    1621  -999  -999.00   -999.00   -999.00     0    -4.2    1621     0   0   0   0    -999.000  -999.000
0151   75.26   794.0     19.26     99.8    1613  -999  -999.00   -999.00   -999.00     0    -4.0    1613     0   0   0   0    -999.000  -999.000
0152   75.76   794.7     19.29     99.9    1606    38    36.08    -22.21    -28.43     9    -3.9    1606     0   0   0   0      20.042   -57.946
0153   76.26   795.4     19.32     99.9    1598    38    36.32    -22.56    -28.47     9    -3.7    1598     0   0   0   0      20.042   -57.946
0154   76.76   796.1     19.35     99.9    1591  -999  -999.00   -999.00   -999.00     8    -3.6    1591     0   0   0   0      20.042   -57.946
0155   77.26   796.7     19.38    100.0    1584  -999  -999.00   -999.00   -999.00     8    -3.5    1584     0   0   0   0      20.042   -57.947
0156   77.76   797.4     19.41    100.0    1577    40    36.67    -23.40    -28.23     8    -3.5    1577     0   0   0   0      20.041   -57.947
0157   78.26   798.1     19.44    100.0    1570    40    36.57    -23.61    -27.93     7    -3.6    1570     0   0   0   0      20.041   -57.947
0158   78.76   798.7     19.48    100.0    1563  -999  -999.00   -999.00   -999.00     0    -3.8    1563     0   0   0   0    -999.000  -999.000
0159   79.26   799.4     19.51    100.0    1555  -999  -999.00   -999.00   -999.00     0    -4.1    1555     0   0   0   0    -999.000  -999.000
0160   79.76   800.1     19.54    100.0    1548    42    35.95    -24.07    -26.70     9    -4.4    1548     0   0   0   0      20.041   -57.947
0161   80.26   800.8     19.58    100.0    1540    43    35.75    -24.17    -26.35     8    -4.8    1540     0   0   0   0      20.041   -57.947
0162   80.76   801.5     19.61    100.0    1532  -999  -999.00   -999.00   -999.00     0    -5.2    1532     0   0   0   0    -999.000  -999.000
0163   81.26   802.3     19.64    100.0    1524    43    35.55    -24.19    -26.06     8    -5.6    1524     0   0   0   0      20.041   -57.947
0164   81.76   803.0     19.67    100.0    1516    43    35.57    -24.09    -26.18     9    -6.0    1516     0   0   0   0      20.040   -57.948
0165   82.26   803.8     19.70    100.0    1507    42    35.68    -23.90    -26.48     9    -6.3    1507     0   0   0   0      20.040   -57.948
0166   82.76   804.6     19.73    100.0    1499  -999  -999.00   -999.00   -999.00     0    -6.5    1499     0   0   0   0    -999.000  -999.000
0167   83.26   805.5     19.76    100.0    1490  -999  -999.00   -999.00   -999.00     0    -6.6    1490     0   0   0   0    -999.000  -999.000
0168   83.76   806.3     19.79    100.0    1481    39    36.41    -23.07    -28.16     9    -6.5    1481     0   0   0   0      20.040   -57.948
0169   84.26   807.1     19.82     99.9    1472    38    36.79    -22.82    -28.85     9    -6.3    1472     0   0   0   0      20.040   -57.948
0170   84.76   808.0     19.84     99.9    1463    37    37.24    -22.65    -29.56     8    -5.9    1463     0   0   0   0      20.040   -57.948
0171   85.26   808.7     19.87     99.9    1454    37    37.80    -22.61    -30.29     9    -5.3    1454     0   0   0   0      20.040   -57.948
0172   85.76   809.5     19.89     99.9    1446    36    38.50    -22.74    -31.06     8    -4.6    1446     0   0   0   0      20.039   -57.948
0173   86.26   810.2     19.90     99.9    1439    36    39.32    -23.07    -31.85     9    -3.8    1439     0   0   0   0      20.039   -57.949
0174   86.76   810.9     19.91     99.9    1432    36    40.24    -23.58    -32.61     9    -2.9    1432     0   0   0   0      20.039   -57.949
0175   87.26   811.5     19.91    100.0    1425    36    41.20    -24.28    -33.29     7    -2.0    1425     0   0   0   0      20.039   -57.949
0176   87.76   812.1     19.91    100.0    1419    37    42.12    -25.08    -33.84     8    -1.1    1419     0   0   0   0      20.039   -57.949
0177   88.26   812.6     19.90    100.0    1413    37    42.88    -25.89    -34.18     9    -0.3    1413     0   0   0   0      20.039   -57.949
0178   88.76   813.1     19.90    100.0    1408    38    43.43    -26.63    -34.30     9     0.5    1408     0   0   0   0      20.039   -57.949
0179   89.26   813.5     19.90    100.0    1403    39    43.78    -27.29    -34.23     8     1.2    1403     0   0   0   0      20.038   -57.949
0180   89.76   813.9     19.90    100.0    1399    39    43.96    -27.82    -34.04     8     1.8    1399     0   0   0   0      20.038   -57.949
0181   90.26   814.4     19.91    100.0    1394    40    44.03    -28.26    -33.76     9     2.3    1394     0   0   0   0      20.038   -57.950
0182   90.76   814.8     19.91    100.0    1390    41    44.04    -28.62    -33.48     9     2.7    1390     0   0   0   0      20.038   -57.950
0183   91.26   815.1     19.92    100.0    1386  -999  -999.00   -999.00   -999.00     0     3.1    1386     0   0   0   0    -999.000  -999.000
0184   91.76   815.5     19.92    100.0    1382    41    44.09    -29.18    -33.06     9     3.4    1382     0   0   0   0      20.038   -57.950
0185   92.26   815.8     19.93    100.0    1379    42    44.15    -29.35    -32.98     9     3.6    1379     0   0   0   0      20.037   -57.950
0186   92.76   816.2     19.93    100.0    1375    42    44.22    -29.43    -33.00     9     3.7    1375     0   0   0   0      20.037   -57.950
0187   93.26   816.5     19.92    100.0    1372    42    44.27    -29.38    -33.12     9     3.7    1372     0   0   0   0      20.037   -57.950
0188   93.76   816.8     19.91    100.0    1368    41    44.30    -29.20    -33.33     9     3.7    1368     0   0   0   0      20.037   -57.951
0189   94.26   817.2     19.91    100.0    1365    41    44.30    -28.88    -33.59     9     3.5    1365     0   0   0   0      20.037   -57.951
0190   94.76   817.5     19.90    100.0    1361  -999  -999.00   -999.00   -999.00     0     3.2    1361     0   0   0   0    -999.000  -999.000
0191   95.26   817.9     19.89    100.0    1357    39    44.20    -28.01    -34.19     9     2.9    1357     0   0   0   0      20.037   -57.951
0192   95.76   818.2     19.89    100.0    1353    39    44.13    -27.54    -34.49     9     2.5    1353     0   0   0   0      20.036   -57.951
0193   96.26   818.6     19.89    100.0    1349    38    44.09    -27.12    -34.76     8     2.1    1349     0   0   0   0      20.036   -57.951
0194   96.76   819.1     19.89    100.0    1344    37    44.09    -26.80    -35.02     9     1.7    1344     0   0   0   0      20.036   -57.951
0195   97.26   819.5     19.90    100.0    1340    37    44.16    -26.60    -35.25     9     1.2    1340     0   0   0   0      20.036   -57.951
0196   97.76   820.0     19.92    100.0    1335    37    44.30    -26.54    -35.48     9     0.8    1335     0   0   0   0      20.036   -57.952
0197   98.26   820.5     19.94    100.0    1329    37    44.52    -26.60    -35.70     9     0.3    1329     0   0   0   0      20.036   -57.952
0198   98.76   821.0     19.97    100.0    1324  -999  -999.00   -999.00   -999.00     0    -0.0    1324     0   0   0   0    -999.000  -999.000
0199   99.26   821.5     20.00    100.0    1318  -999  -999.00   -999.00   -999.00     0    -0.3    1318     0   0   0   0    -999.000  -999.000
0200   99.76   822.1     20.04    100.0    1313    37    45.49    -27.24    -36.43     9    -0.6    1313     0   0   0   0      20.035   -57.952
0201  100.26   822.6     20.08    100.0    1307    37    45.86    -27.48    -36.72     9    -0.9    1307     0   0   0   0      20.035   -57.952
0202  100.76   823.2     20.11    100.0    1301    37    46.23    -27.69    -37.02     9    -1.0    1301     0   0   0   0      20.035   -57.952
0203  101.26   823.7     20.14    100.0    1295  -999  -999.00   -999.00   -999.00     0    -1.2    1295     0   0   0   0    -999.000  -999.000
0204  101.76   824.3     20.17    100.0    1289    37    46.93    -28.01    -37.65     9    -1.3    1289     0   0   0   0      20.034   -57.953
0205  102.26   824.9     20.20    100.0    1283    37    47.24    -28.15    -37.94     9    -1.4    1283     0   0   0   0      20.034   -57.953
0206  102.76   825.5     20.23    100.0    1277  -999  -999.00   -999.00   -999.00     0    -1.5    1277     0   0   0   0    -999.000  -999.000
0207  103.26   826.1     20.26    100.0    1270    37    47.74    -28.48    -38.31     9    -1.5    1270     0   0   0   0      20.034   -57.953
0208  103.76   826.7     20.29    100.0    1264    37    47.90    -28.70    -38.36     9    -1.5    1264     0   0   0   0      20.034   -57.953
0209  104.26   827.2     20.32    100.0    1258    37    48.01    -28.94    -38.31     8    -1.5    1258     0   0   0   0      20.034   -57.953
0210  104.76   827.8     20.36    100.0    1252    37    48.04    -29.18    -38.15     9    -1.5    1252     0   0   0   0      20.033   -57.953
0211  105.26   828.4     20.39    100.0    1246    38    47.98    -29.41    -37.91     9    -1.5    1246     0   0   0   0      20.033   -57.954
0212  105.76   829.0     20.41    100.0    1240    38    47.84    -29.57    -37.61     9    -1.6    1240     0   0   0   0      20.033   -57.954
0213  106.26   829.6     20.44    100.0    1234    38    47.66    -29.65    -37.31     9    -1.6    1234     0   0   0   0      20.033   -57.954
0214  106.76   830.2     20.45    100.0    1227  -999  -999.00   -999.00   -999.00     0    -1.7    1227     0   0   0   0    -999.000  -999.000
0215  107.26   830.8     20.45    100.0    1221  -999  -999.00   -999.00   -999.00     0    -1.8    1221     0   0   0   0    -999.000  -999.000
0216  107.76   831.4     20.44    100.0    1215    39    46.98    -29.32    -36.70     8    -2.0    1215     0   0   0   0      20.032   -57.954
0217  108.26   832.0     20.43    100.0    1209    38    46.78    -29.08    -36.64     8    -2.1    1209     0   0   0   0      20.032   -57.954
0218  108.76   832.6     20.41    100.0    1202    38    46.62    -28.79    -36.67     8    -2.4    1202     0   0   0   0      20.032   -57.955
0219  109.26   833.2     20.40    100.0    1196    38    46.52    -28.48    -36.78     9    -2.6    1196     0   0   0   0      20.032   -57.955
0220  109.76   833.9     20.39    100.0    1189    37    46.49    -28.15    -37.00     9    -2.9    1189     0   0   0   0      20.032   -57.955
0221  110.26   834.5     20.38    100.0    1182    37    46.57    -27.81    -37.35     9    -3.2    1182     0   0   0   0      20.032   -57.955
0222  110.76   835.2     20.38    100.0    1175    36    46.77    -27.47    -37.85     9    -3.5    1175     0   0   0   0      20.031   -57.955
0223  111.26   835.9     20.39    100.0    1168    35    47.09    -27.10    -38.50     9    -3.8    1168     0   0   0   0      20.031   -57.955
0224  111.76   836.6     20.40    100.0    1160    34    47.53    -26.71    -39.31     9    -4.1    1160     0   0   0   0      20.031   -57.955
0225  112.26   837.3     20.42    100.0    1153    33    48.06    -26.30    -40.22     7    -4.4    1153     0   0   0   0      20.031   -57.956
0226  112.76   838.1     20.44    100.0    1145  -999  -999.00   -999.00   -999.00     0    -4.7    1145     0   0   0   0    -999.000  -999.000
0227  113.26   838.8     20.47    100.0    1137    31    49.20    -25.45    -42.10     9    -5.1    1137     0   0   0   0      20.031   -57.956
0228  113.76   839.6     20.50    100.0    1129    30    49.72    -25.03    -42.97     9    -5.4    1129     0   0   0   0      20.030   -57.956
0229  114.26   840.4     20.54    100.0    1121    29    50.17    -24.62    -43.71     9    -5.8    1121     0   0   0   0      20.030   -57.956
0230  114.76   841.2     20.58    100.0    1113    29    50.51    -24.25    -44.31     9    -6.2    1113     0   0   0   0      20.030   -57.956
0231  115.26   842.0     20.62    100.0    1104  -999  -999.00   -999.00   -999.00     0    -6.6    1104     0   0   0   0    -999.000  -999.000
0232  115.76   842.9     20.67    100.0    1096  -999  -999.00   -999.00   -999.00     0    -7.1    1096     0   0   0   0    -999.000  -999.000
0233  116.26   843.7     20.72    100.0    1087    27    51.03    -23.47    -45.31     9    -7.5    1087     0   0   0   0      20.029   -57.956
0234  116.76   844.6     20.77    100.0    1078  -999  -999.00   -999.00   -999.00     9    -8.1    1078     0   0   0   0      20.029   -57.957
0235  117.26   845.5     20.82    100.0    1068    27    51.06    -23.38    -45.39     9    -8.6    1068     0   0   0   0      20.029   -57.957
0236  117.76   846.5     20.87    100.0    1058  -999  -999.00   -999.00   -999.00     0    -9.1    1058     0   0   0   0    -999.000  -999.000
0237  118.26   847.4     20.93    100.0    1048    28    50.83    -23.57    -45.03     7    -9.6    1048     0   0   0   0      20.029   -57.957
0238  118.76   848.4     20.99    100.0    1038    28    50.59    -23.72    -44.68     8   -10.2    1038     0   0   0   0      20.028   -57.957
0239  119.26   849.5     21.04    100.0    1028  -999  -999.00   -999.00   -999.00     8   -10.6    1028     0   0   0   0      20.028   -57.957
0240  119.76   850.5     21.10    100.0    1017  -999  -999.00   -999.00   -999.00     0   -11.1    1017     0   0   0   0    -999.000  -999.000
0241  120.26   851.6     21.16    100.0    1006    29    49.33    -24.26    -42.96     8   -11.4    1006     0   0   0   0      20.028   -57.957
0242  120.76   852.7     21.21    100.0     995  -999  -999.00   -999.00   -999.00     0   -11.7     995     0   0   0   0    -999.000  -999.000
0243  121.26   853.8     21.26    100.0     983    31    48.44    -24.78    -41.62     8   -11.9     983     0   0   0   0      20.027   -57.958
0244  121.76   854.9     21.31    100.0     972    31    48.08    -25.12    -40.99     9   -12.1     972     0   0   0   0      20.027   -57.958
0245  122.26   856.1     21.36    100.0     960  -999  -999.00   -999.00   -999.00     9   -12.1     960     0   0   0   0      20.027   -57.958
0246  122.76   857.2     21.40    100.0     949  -999  -999.00   -999.00   -999.00     0   -12.1     949     0   0   0   0    -999.000  -999.000
0247  123.26   858.3     21.45    100.0     938  -999  -999.00   -999.00   -999.00     0   -12.0     938     0   0   0   0    -999.000  -999.000
0248  123.76   859.4     21.49    100.0     927    34    47.49    -26.86    -39.16     9   -11.8     927     0   0   0   0      20.026   -57.958
0249  124.26   860.5     21.52    100.0     915    35    47.57    -27.32    -38.94    10   -11.6     915     0   0   0   0      20.026   -57.958
0250  124.76   861.6     21.57    100.0     904    36    47.74    -27.76    -38.84    10   -11.3     904     0   0   0   0      20.026   -57.958
0251  125.26   862.6     21.61    100.0     894  -999  -999.00   -999.00   -999.00     0   -11.0     894     0   0   0   0    -999.000  -999.000
0252  125.76   863.7     21.65    100.0     883    36    48.40    -28.60    -39.05     9   -10.6     883     0   0   0   0      20.026   -57.959
0253  126.26   864.7     21.70    100.0     872    36    48.92    -29.01    -39.39    10   -10.2     872     0   0   0   0      20.026   -57.959
0254  126.76   865.8     21.76    100.0     862    36    49.57    -29.44    -39.88    10    -9.7     862     0   0   0   0      20.025   -57.959
0255  127.26   866.8     21.82    100.0     852    36    50.36    -29.89    -40.53    10    -9.2     852     0   0   0   0      20.025   -57.959
0256  127.76   867.7     21.89    100.0     842    36    51.25    -30.34    -41.31    10    -8.6     842     0   0   0   0      20.025   -57.959
0257  128.26   868.7     21.97    100.0     832    36    52.21    -30.77    -42.19     9    -8.0     832     0   0   0   0      20.025   -57.959
0258  128.76   869.6     22.05    100.0     823    36    53.20    -31.14    -43.13    10    -7.4     823     0   0   0   0      20.025   -57.960
0259  129.26   870.5     22.14    100.0     815    35    54.15    -31.43    -44.09     9    -6.8     815     0   0   0   0      20.024   -57.960
0260  129.76   871.3     22.21    100.0     806    35    55.02    -31.60    -45.04    10    -6.2     806     0   0   0   0      20.024   -57.960
0261  130.26   872.1     22.29    100.0     798    35    55.81    -31.66    -45.96    10    -5.7     798     0   0   0   0      20.024   -57.960
0262  130.76   872.9     22.35    100.0     790    34    56.50    -31.63    -46.82    10    -5.2     790     0   0   0   0      20.024   -57.960
0263  131.26   873.7     22.40    100.0     782    34    57.12    -31.54    -47.62    10    -4.7     782     0   0   0   0      20.024   -57.960
0264  131.76   874.4     22.43    100.0     775  -999  -999.00   -999.00   -999.00     0    -4.3     775     0   0   0   0    -999.000  -999.000
0265  132.26   875.1     22.46    100.0     768    33    58.15    -31.34    -48.98    10    -3.9     768     0   0   0   0      20.023   -57.961
0266  132.76   875.8     22.47    100.0     761    32    58.59    -31.28    -49.54    10    -3.5     761     0   0   0   0      20.023   -57.961
0267  133.26   876.5     22.49    100.0     754    32    58.98    -31.24    -50.03    10    -3.2     754     0   0   0   0      20.023   -57.961
0268  133.76   877.2     22.50    100.0     747    32    59.34    -31.23    -50.45    10    -2.9     747     0   0   0   0      20.022   -57.961
0269  134.26   877.9     22.51    100.0     740    32    59.64    -31.22    -50.82    10    -2.6     740     0   0   0   0      20.022   -57.961
0270  134.76   878.6     22.53    100.0     734    31    59.90    -31.16    -51.16    10    -2.4     734     0   0   0   0      20.022   -57.961
0271  135.26   879.2     22.56    100.0     727    31    60.11    -31.06    -51.47    10    -2.1     727     0   0   0   0      20.022   -57.962
0272  135.76   879.8     22.59    100.0     721  -999  -999.00   -999.00   -999.00     0    -2.0     721     0   0   0   0    -999.000  -999.000
0273  136.26   880.5     22.62    100.0     715    31    60.39    -30.72    -51.99    10    -1.8     715     0   0   0   0      20.021   -57.962
0274  136.76   881.1     22.65    100.0     709    30    60.48    -30.52    -52.22    10    -1.7     709     0   0   0   0      20.021   -57.962
0275  137.26   881.7     22.68    100.0     703    30    60.57    -30.34    -52.42     9    -1.6     703     0   0   0   0      20.021   -57.962
0276  137.76   882.3     22.69    100.0     697  -999  -999.00   -999.00   -999.00     0    -1.6     697     0   0   0   0    -999.000  -999.000
0277  138.26   882.9     22.69    100.0     691    30    60.80    -30.13    -52.80     9    -1.6     691     0   0   0   0      20.020   -57.962
0278  138.76   883.5     22.69    100.0     685  -999  -999.00   -999.00   -999.00     0    -1.7     685     0   0   0   0    -999.000  -999.000
0279  139.26   884.1     22.67    100.0     679    30    61.07    -30.13    -53.13     9    -1.8     679     0   0   0   0      20.020   -57.963
0280  139.76   884.7     22.65    100.0     672    30    61.19    -30.19    -53.23    10    -1.9     672     0   0   0   0      20.020   -57.963
0281  140.26   885.3     22.62    100.0     666    30    61.27    -30.27    -53.26    10    -2.0     666     0   0   0   0      20.019   -57.963
0282  140.76   886.0     22.60    100.0     660    30    61.28    -30.33    -53.25    10    -2.1     660     0   0   0   0      20.019   -57.963
0283  141.26   886.6     22.58    100.0     654    30    61.23    -30.32    -53.19    10    -2.2     654     0   0   0   0      20.019   -57.963
0284  141.76   887.3     22.56    100.0     647    30    61.10    -30.21    -53.11    10    -2.3     647     0   0   0   0      20.019   -57.963
0285  142.26   887.9     22.55    100.0     641    30    60.91    -30.00    -53.00    10    -2.4     641     0   0   0   0      20.018   -57.964
0286  142.76   888.6     22.54    100.0     634    29    60.66    -29.68    -52.90    10    -2.4     634     0   0   0   0      20.018   -57.964
0287  143.26   889.2     22.54    100.0     628    29    60.37    -29.25    -52.81     9    -2.5     628     0   0   0   0      20.018   -57.964
0288  143.76  -999.0   -999.00   -999.0    -999    29    60.05    -28.74    -52.73    10  -999.0    -999     0   0   0   0      20.018   -57.964
0289  144.26   890.5     22.55    100.0     615    28    59.74    -28.15    -52.70    10    -2.5     615     0   0   0   0      20.017   -57.964
0290  144.76   891.2     22.56    100.0     608  -999  -999.00   -999.00   -999.00     0    -2.5     608     0   0   0   0    -999.000  -999.000
0291  145.26   891.9     22.58    100.0     602  -999  -999.00   -999.00   -999.00     0    -2.5     602     0   0   0   0    -999.000  -999.000
0292  145.76   892.5     22.60    100.0     595    26    59.08    -26.05    -53.03    10    -2.5     595     0   0   0   0      20.017   -57.964
0293  146.26   893.2     22.62    100.0     589    25    59.05    -25.30    -53.35    10    -2.5     589     0   0   0   0      20.017   -57.965
0294  146.76   893.8     22.65    100.0     582  -999  -999.00   -999.00   -999.00     0    -2.5     582     0   0   0   0    -999.000  -999.000
0295  147.26   894.5     22.68    100.0     576    24    59.31    -23.77    -54.34    10    -2.5     576     0   0   0   0      20.016   -57.965
0296  147.76   895.1     22.71    100.0     570    23    59.57    -23.01    -54.94    10    -2.6     570     0   0   0   0      20.016   -57.965
0297  148.26   895.8     22.75    100.0     563  -999  -999.00   -999.00   -999.00     0    -2.6     563     0   0   0   0    -999.000  -999.000
0298  148.76   896.5     22.79    100.0     557    21    60.18    -21.58    -56.18    10    -2.7     557     0   0   0   0      20.015   -57.965
0299  149.26   897.1     22.83    100.0     550    20    60.45    -20.93    -56.71    10    -2.7     550     0   0   0   0      20.015   -57.965
0300  149.76   897.8     22.87    100.0     544    20    60.67    -20.32    -57.16    10    -2.8     544     0   0   0   0      20.015   -57.965
0301  150.26   898.5     22.91    100.0     537    19    60.84    -19.77    -57.54     9    -2.8     537     0   0   0   0      20.015   -57.965
0302  150.76   899.2     22.95    100.0     530    18    60.97    -19.27    -57.84    10    -2.8     530     0   0   0   0      20.014   -57.966
0303  151.26   899.8     22.99    100.0     524    18    61.08    -18.81    -58.11    10    -2.8     524     0   0   0   0      20.014   -57.966
0304  151.76   900.5     23.02    100.0     517    17    61.18    -18.36    -58.35    10    -2.8     517     0   0   0   0      20.014   -57.966
0305  152.26   901.2     23.05    100.0     510    17    61.27    -17.92    -58.59    10    -2.7     510     0   0   0   0      20.013   -57.966
0306  152.76   901.9     23.07    100.0     504    17    61.36    -17.48    -58.81    10    -2.5     504     0   0   0   0      20.013   -57.966
0307  153.26   902.5     23.10    100.0     497    16    61.43    -17.03    -59.02     9    -2.4     497     0   0   0   0      20.013   -57.966
0308  153.76   903.2     23.12    100.0     491    16    61.47    -16.59    -59.19    10    -2.2     491     0   0   0   0      20.013   -57.966
0309  154.26   903.8     23.14    100.0     485    15    61.45    -16.18    -59.29    10    -1.9     485     0   0   0   0      20.012   -57.966
0310  154.76   904.5     23.16    100.0     479    15    61.39    -15.81    -59.32    10    -1.7     479     0   0   0   0      20.012   -57.966
0311  155.26   905.1     23.19    100.0     473    15    61.28    -15.48    -59.29     9    -1.4     473     0   0   0   0      20.012   -57.966
0312  155.76   905.7     23.22    100.0     467  -999  -999.00   -999.00   -999.00     0    -1.2     467     0   0   0   0    -999.000  -999.000
0313  156.26   906.3     23.25    100.0     461    14    60.99    -15.02    -59.11    10    -0.9     461     0   0   0   0      20.011   -57.966
0314  156.76   906.8     23.29    100.0     456    14    60.86    -14.94    -59.00     9    -0.7     456     0   0   0   0      20.011   -57.966
0315  157.26   907.4     23.32    100.0     450    14    60.78    -14.99    -58.91     9    -0.4     450     0   0   0   0      20.011   -57.967
0316  157.76   908.0     23.35    100.0     445    15    60.80    -15.23    -58.86    10    -0.2     445     0   0   0   0      20.011   -57.967
0317  158.26   908.5     23.38    100.0     440    15    60.95    -15.68    -58.90     9    -0.0     440     0   0   0   0      20.010   -57.967
0318  158.76   909.0     23.41    100.0     435    15    61.21    -16.31    -59.00    10     0.1     435     0   0   0   0      20.010   -57.967
0319  159.26   909.5     23.43    100.0     430    16    61.57    -17.10    -59.15     8     0.2     430     0   0   0   0      20.010   -57.967
0320  159.76   910.1     23.46    100.0     425  -999  -999.00   -999.00   -999.00     0     0.3     425     0   0   0   0    -999.000  -999.000
0321  160.26   910.6     23.48    100.0     420    18    62.41    -18.82    -59.50     9     0.3     420     0   0   0   0      20.009   -57.967
0322  160.76   911.1     23.50    100.0     415    18    62.77    -19.55    -59.65     9     0.2     415     0   0   0   0      20.009   -57.967
0323  161.26   911.6     23.53    100.0     410    19    63.03    -20.09    -59.75    10     0.1     410     0   0   0   0      20.009   -57.967
0324  161.76   912.1     23.55    100.0     405    19    63.16    -20.41    -59.77     9    -0.0     405     0   0   0   0      20.008   -57.967
0325  162.26   912.7     23.58    100.0     399    19    63.12    -20.48    -59.71    10    -0.2     399     0   0   0   0      20.008   -57.967
0326  162.76   913.2     23.61    100.0     394    19    62.94    -20.34    -59.56    10    -0.4     394     0   0   0   0      20.008   -57.968
0327  163.26   913.8     23.64    100.0     389    19    62.63    -20.02    -59.35     9    -0.6     389     0   0   0   0      20.008   -57.968
0328  163.76   914.3     23.68    100.0     383    18    62.21    -19.54    -59.06    10    -0.7     383     0   0   0   0      20.007   -57.968
0329  164.26   914.9     23.71    100.0     378    18    61.71    -18.93    -58.73     9    -0.9     378     0   0   0   0      20.007   -57.968
0330  164.76   915.5     23.75    100.0     372    17    61.15    -18.22    -58.37     9    -0.9     372     0   0   0   0      20.007   -57.968
0331  165.26   916.1     23.78    100.0     366    17    60.56    -17.44    -58.00    10    -1.0     366     0   0   0   0      20.007   -57.968
0332  165.76   916.7     23.82     99.9     360    16    59.96    -16.59    -57.62    10    -0.9     360     0   0   0   0      20.006   -57.968
0333  166.26   917.3     23.85     99.9     355    15    59.38    -15.70    -57.26     9    -0.7     355     0   0   0   0      20.006   -57.968
0334  166.76   917.9     23.89     99.8     349  -999  -999.00   -999.00   -999.00     0    -0.5     349     0   0   0   0    -999.000  -999.000
0335  167.26   918.5     23.92     99.6     344    14    58.36    -13.92    -56.68     8    -0.2     344     0   0   0   0      20.005   -57.968
0336  167.76   919.0     23.95     99.5     338    13    57.98    -13.10    -56.48     9     0.1     338     0   0   0   0      20.005   -57.968
0337  168.26   919.5     23.99     99.3     333    12    57.71    -12.37    -56.37    10     0.4     333     0   0   0   0      20.005   -57.968
0338  168.76   920.0     24.03     99.0     329    12    57.56    -11.74    -56.35    10     0.8     329     0   0   0   0      20.005   -57.968
0339  169.26   920.5     24.07     98.8     324    11    57.53    -11.22    -56.42    10     1.1     324     0   0   0   0      20.004   -57.969
0340  169.76   921.0     24.10     98.5     320    11    57.61    -10.80    -56.59    10     1.3     320     0   0   0   0      20.004   -57.969
0341  170.26   921.4     24.14     98.2     315  -999  -999.00   -999.00   -999.00     0     1.5     315     0   0   0   0    -999.000  -999.000
0342  170.76   921.9     24.18     97.8     311    10    58.02    -10.17    -57.12    10     1.6     311     0   0   0   0      20.004   -57.969
0343  171.26   922.3     24.21     97.5     307    10    58.29     -9.92    -57.43    10     1.7     307     0   0   0   0      20.003   -57.969
0344  171.76   922.8     24.23     97.3     303    10    58.54     -9.70    -57.73    10     1.7     303     0   0   0   0      20.003   -57.969
0345  172.26   923.2     24.25     97.0     298     9    58.74     -9.47    -57.97    10     1.5     298     0   0   0   0      20.003   -57.969
0346  172.76   923.7     24.26     96.9     294  -999  -999.00   -999.00   -999.00     0     1.3     294     0   0   0   0    -999.000  -999.000
0347  173.26   924.1     24.25     96.8     290     9    58.85     -8.99    -58.16     9     1.1     290     0   0   0   0      20.002   -57.969
0348  173.76   924.6     24.24     96.8     285     9    58.69     -8.69    -58.04     8     0.8     285     0   0   0   0      20.002   -57.969
0349  174.26   925.1     24.21     96.9     280     8    58.38     -8.33    -57.79    10     0.5     280     0   0   0   0      20.002   -57.969
0350  174.76   925.6     24.17     97.1     275     8    57.94     -7.88    -57.40    10     0.1     275     0   0   0   0      20.002   -57.969
0351  175.26   926.2     24.13     97.4     270     7    57.39     -7.34    -56.92     9    -0.2     270     0   0   0   0      20.001   -57.969
0352  175.76   926.8     24.08     97.8     264  -999  -999.00   -999.00   -999.00     0    -0.6     264     0   0   0   0    -999.000  -999.000
0353  176.26   927.3     24.03     98.1     259     6    56.13     -6.02    -55.80     9    -0.8     259     0   0   0   0      20.001   -57.969
0354  176.76   927.9     23.98     98.5     253     5    55.49     -5.29    -55.24    10    -1.1     253     0   0   0   0      20.001   -57.969
0355  177.26   928.6     23.95     98.8     247     5    54.87     -4.55    -54.68    10    -1.2     247     0   0   0   0      20.000   -57.969
0356  177.76   929.2     23.93     99.2     242     4    54.27     -3.84    -54.14    10    -1.3     242     0   0   0   0      20.000   -57.969
0357  178.26   929.8     23.92     99.4     236     3    53.70     -3.16    -53.60     8    -1.4     236     0   0   0   0      20.000   -57.969
0358  178.76   930.4     23.93     99.7     230     3    53.13     -2.54    -53.06    10    -1.4     230     0   0   0   0      20.000   -57.969
0359  179.26   931.0     23.95     99.8     224     2    52.57     -1.99    -52.53     9    -1.3     224     0   0   0   0      19.999   -57.969
0360  179.76   931.6     23.98    100.0     218     2    52.04     -1.50    -52.02     8    -1.3     218     0   0   0   0      19.999   -57.969
0361  180.26   932.3     24.02    100.0     212     1    51.57     -1.09    -51.56     9    -1.1     212     0   0   0   0      19.999   -57.969
0362  180.76   932.9     24.07    100.0     207     1    51.17     -0.78    -51.16     9    -1.0     207     0   0   0   0      19.999   -57.969
0363  181.26   933.4     24.12    100.0     201     1    50.86     -0.58    -50.86    10    -0.9     201     0   0   0   0      19.998   -57.969
0364  181.76   934.0     24.18    100.0     196     1    50.67     -0.49    -50.66    10    -0.7     196     0   0   0   0      19.998   -57.969
0365  182.26   934.6     24.23    100.0     190     1    50.57     -0.47    -50.56     8    -0.6     190     0   0   0   0      19.998   -57.969
0366  182.76   935.2     24.27    100.0     185  -999  -999.00   -999.00   -999.00     0    -0.5     185     0   0   0   0    -999.000  -999.000
0367  183.26   935.7     24.32    100.0     180  -999  -999.00   -999.00   -999.00     0    -0.5     180     0   0   0   0    -999.000  -999.000
0368  183.76   936.3     24.36    100.0     174     1    50.64     -0.70    -50.63     8    -0.5     174     0   0   0   0      19.997   -57.969
0369  184.26   936.8     24.39    100.0     169     1    50.67     -0.83    -50.67     9    -0.5     169     0   0   0   0      19.997   -57.969
0370  184.76   937.4     24.42    100.0     164     1    50.67     -0.95    -50.66     9    -0.6     164     0   0   0   0      19.997   -57.969
0371  185.26   938.0     24.45    100.0     158     1    50.59     -1.07    -50.58     9    -0.7     158     0   0   0   0      19.997   -57.969
0372  185.76   938.6     24.47    100.0     153     1    50.45     -1.16    -50.44     9    -0.8     153     0   0   0   0      19.996   -57.969
0373  186.26   939.1     24.49    100.0     147     1    50.25     -1.20    -50.24    10    -1.0     147     0   0   0   0      19.996   -57.969
0374  186.76   939.7     24.51    100.0     142     1    49.99     -1.16    -49.97     8    -1.2     142     0   0   0   0      19.996   -57.969
0375  187.26   940.4     24.53    100.0     136     1    49.67     -1.02    -49.66     9    -1.4     136     0   0   0   0      19.996   -57.969
0376  187.76   941.0     24.54    100.0     130  -999  -999.00   -999.00   -999.00     0    -1.5     130     0   0   0   0    -999.000  -999.000
0377  188.26   941.6     24.56    100.0     124     1    48.91     -0.44    -48.91     7    -1.7     124     0   0   0   0      19.995   -57.969
0378  188.76   942.3     24.58    100.0     118     0    48.51     -0.01    -48.51     8    -1.8     118     0   0   0   0      19.995   -57.969
0379  189.26   942.9     24.60    100.0     112   359    48.11      0.50    -48.11     7    -1.9     112     0   0   0   0      19.995   -57.969
0380  189.76   943.6     24.62    100.0     106   359    47.74      1.05    -47.73     8    -1.9     106     0   0   0   0      19.995   -57.969
0381  190.26   944.2     24.65    100.0     100   358    47.40      1.61    -47.38     8    -2.0     100     0   0   0   0      19.994   -57.969
0382  190.76   944.9     24.69    100.0      94  -999  -999.00   -999.00   -999.00     0    -2.0      94     0   0   0   0    -999.000  -999.000
0383  191.26   945.5     24.73    100.0      88   357    46.81      2.73    -46.73     6    -1.9      88     0   0   0   0      19.994   -57.969
0384  191.76   946.2     24.77    100.0      82  -999  -999.00   -999.00   -999.00     0    -1.9      82     0   0   0   0    -999.000  -999.000
0385  192.26   946.8     24.82    100.0      76   355    46.14      3.83    -45.98     9    -1.8      76     0   0   0   0      19.994   -57.969
0386  192.76   947.4     24.88    100.0      70   355    45.72      4.37    -45.51     9    -1.7      70     0   0   0   0      19.993   -57.969
0387  193.26   948.1     24.94    100.0      64   354    45.18      4.89    -44.92     6    -1.7      64     0   0   0   0      19.993   -57.969
0388  193.76   948.7     25.01    100.0      58  -999  -999.00   -999.00   -999.00     0    -1.6      58     0   0   0   0    -999.000  -999.000
0389  194.26   949.3     25.09    100.0      52   352    43.84      5.88    -43.44     6    -1.5      52     0   0   0   0      19.993   -57.969
0390  194.76   949.9     25.16    100.0      47   352    42.85      6.31    -42.39    10    -1.4      47     0   0   0   0      19.993   -57.969
0391  195.26   950.5     25.24    100.0      41   351    41.46      6.72    -40.91     9    -1.2      41     0   0   0   0      19.992   -57.969
0392  195.76   951.2     25.32    100.0      35  -999  -999.00   -999.00   -999.00     0    -1.1      35     0   0   0   0    -999.000  -999.000
0393  196.26   951.8     25.40    100.0      29   349    38.35      7.62    -37.58    10    -0.9      29     0   0   0   0      19.992   -57.969
0394  196.76   952.4     25.48    100.0      23   348    37.35      7.99    -36.48    10    -0.6      23     0   0   0   0      19.992   -57.969
0395  197.26   953.0     25.55    100.0      18   347    36.99      8.15    -36.08     7    -0.4      18     0   0   0   0      19.992   -57.969
0396  197.76   953.6     25.62    100.0      13   347    37.21      8.10    -36.31     6    -0.2      13     0   0   0   0      19.992   -57.969
0397  198.26   954.0     25.69    100.0       9  -999  -999.00   -999.00   -999.00     0    -0.0       9     0   0   0   0    -999.000  -999.000
0398  198.76   954.3     25.76    100.0       6  -999  -999.00   -999.00   -999.00     0     0.0       6     0   0   0   0    -999.000  -999.000
0399  199.30   954.9     25.76    100.0       0  -999  -999.00   -999.00   -999.00  -999  -999.0       0     0   0   0   0    -999.000  -999.000
