 ===========================================================================
 DROPWINDSONDE PROCESSING RECORD                            Sonde: 012225145
 PDS file written Aug 27, 2005.                             Format:    V6.03
 Aircraft: N43RF                             Date: 050827   Time: 203434 UTC
 ---------------------------------------------------------------------------
 Bias corrections:  PR =    .0 mb  TE =    .0 C  RH =    .0 %  PRB =   .5 mb
 Filters (LPF):     PTH =  10 s    WIND =  10 s       Hyd anchor =       SFC
 Dyn RH correction =  N     WSHR COR =      Y         Splash PR  =  999.3 mb
 Estimated PR used =  N     GPS VERR =    .25 m/s     HYD SFCP   =  998.6 mb
 Dyn T correction  =  Y     WGACORR  =   -5.3 m       AC GA ADJ  =     .0 m
 ---------------------------------------------------------------------------
 COMMENTS: None                                                        
 ===========================================================================

 ==============================================================================
 Date: 050827   Lat:  25.80 N   TA:   11.1 C   PS:  696.4 mb   WD:   148 deg
 Time: 203434   Lon:  83.91 W   TD:    7.5 C   GA:   3100 m    WS:  28.9 m/s
 SID:  012225145                RH:   78.5 %   Navaid:   GP          
 ===========================================================================

IX      t (s)  P (mb)    T (C)    RH (%)  Z (m)   WD    WS (m/s)   U (m/s)   V (m/s)  NS  WZ (m/s)  ZW (m)   FP  FT  FH  FW   LAT (N)    LON (E)  ZW (ft)  WS (kt)  WS (mph)  THETAE (K)
0001      .3   697.0     11.11   -999.0    3104   148    28.88    -15.34     24.46  -999  -999.0    3099     3   3   0   4    25.7970   -83.9086    10167    56.02     64.69     -999.00
0002      .8   697.6     11.13   -999.0    3097   148    28.79    -15.46     24.29  -999  -999.0    3092     3   3   0   4    25.7971   -83.9087    10144    55.86     64.50     -999.00
0003     1.3   698.2     11.15   -999.0    3090   147    28.77    -15.48     24.25  -999  -999.0    3085     3   3   0   4    25.7972   -83.9088    10121    55.82     64.45     -999.00
0004     1.8   698.7     11.17   -999.0    3083   147    28.75    -15.51     24.21  -999  -999.0    3078     3   3   0   4    25.7973   -83.9088    10098    55.78     64.40     -999.00
0005     2.3   699.3     11.19   -999.0    3076   147    28.73    -15.54     24.16  -999  -999.0    3071     3   3   0   4    25.7974   -83.9089    10075    55.74     64.35     -999.00
0006     2.8   699.9     11.20   -999.0    3069   147    28.71    -15.57     24.12  -999  -999.0    3064     3   3   0   4    25.7975   -83.9090    10052    55.69     64.31     -999.00
0007     3.3   700.5     11.22   -999.0    3062   147    28.69    -15.60     24.08  -999  -999.0    3057     3   3   0   4    25.7976   -83.9091    10029    55.65     64.26     -999.00
0008     3.8   701.1     11.24   -999.0    3055   147    28.67    -15.63     24.03  -999  -999.0    3050     3   3   0   4    25.7977   -83.9091    10006    55.61     64.21     -999.00
0009     4.3   701.7     11.25   -999.0    3048   147    28.64    -15.66     23.99  -999  -999.0    3043     3   3   0   4    25.7978   -83.9092     9983    55.57     64.16     -999.00
0010     4.8   702.3     11.27   -999.0    3041   147    28.62    -15.69     23.94  -999  -999.0    3036     3   3   0   4    25.7980   -83.9093     9960    55.53     64.12     -999.00
0011     5.3   702.9     11.29   -999.0    3034   147    28.60    -15.71     23.90  -999  -999.0    3029     3   3   0   4    25.7981   -83.9094     9937    55.49     64.07     -999.00
0012     5.8   703.4     11.30   -999.0    3027   147    28.58    -15.74     23.86  -999  -999.0    3022     3   3   0   4    25.7982   -83.9094     9914    55.45     64.02     -999.00
0013     6.3   704.0     11.32   -999.0    3020   146    28.56    -15.77     23.81  -999  -999.0    3015     3   3   0   4    25.7983   -83.9095     9891    55.41     63.98     -999.00
0014     6.8   704.6     11.34   -999.0    3013   146    28.54    -15.80     23.77  -999  -999.0    3008     3   3   0   4    25.7984   -83.9096     9868    55.37     63.93     -999.00
0015     7.3   705.2     11.36   -999.0    3006   146    28.52    -15.83     23.72  -999  -999.0    3001     3   3   0   4    25.7985   -83.9097     9846    55.33     63.89     -999.00
0016     7.8   705.8     11.37   -999.0    2999   146    28.50    -15.86     23.68  -999  -999.0    2994     3   3   0   4    25.7986   -83.9098     9823    55.29     63.84     -999.00
0017     8.3   706.4     11.39   -999.0    2992   146    28.48    -15.89     23.64  -999  -999.0    2987     3   3   0   4    25.7987   -83.9098     9800    55.25     63.79     -999.00
0018     8.8   707.0     11.41   -999.0    2985   146    28.46    -15.91     23.59  -999  -999.0    2980     3   3   0   4    25.7988   -83.9099     9777    55.21     63.75     -999.00
0019     9.3   707.6     11.42   -999.0    2978   146    28.44    -15.94     23.55  -999  -999.0    2973     3   3   0   4    25.7989   -83.9100     9754    55.17     63.70     -999.00
0020     9.8   708.1     11.44   -999.0    2971   146    28.42    -15.97     23.51  -999  -999.0    2966     3   3   0   4    25.7990   -83.9101     9731    55.13     63.66     -999.00
0021    10.3   708.7     11.46   -999.0    2964   146    28.40    -16.00     23.46  -999  -999.0    2959     3   3   0   4    25.7991   -83.9101     9709    55.09     63.61     -999.00
0022    10.8   709.3     11.48   -999.0    2958   146    28.38    -16.03     23.42  -999  -999.0    2952     3   3   0   4    25.7992   -83.9102     9686    55.06     63.57     -999.00
0023    11.3   709.9     11.50   -999.0    2951   146    28.36    -16.06     23.38  -999  -999.0    2945     3   3   0   4    25.7993   -83.9103     9663    55.02     63.52     -999.00
0024    11.8   710.5     11.51   -999.0    2944   145    28.34    -16.09     23.33  -999  -999.0    2938     3   3   0   4    25.7994   -83.9104     9641    54.98     63.48     -999.00
0025    12.3   711.1     11.53   -999.0    2937   145    28.32    -16.11     23.29  -999  -999.0    2932     3   3   0   4    25.7995   -83.9105     9618    54.94     63.44     -999.00
0026    12.8   711.6     11.55   -999.0    2930   145    28.30    -16.14     23.24  -999  -999.0    2925     3   3   0   4    25.7997   -83.9105     9596    54.90     63.39     -999.00
0027    13.3   712.2     11.57   -999.0    2923   145    28.28    -16.17     23.20  -999  -999.0    2918     3   3   0   4    25.7998   -83.9106     9573    54.86     63.35     -999.00
0028    13.8   712.8     11.59   -999.0    2916   145    28.26    -16.20     23.16  -999  -999.0    2911     3   3   0   4    25.7999   -83.9107     9551    54.83     63.30     -999.00
0029    14.3   713.4     11.62   -999.0    2909   145    28.24    -16.23     23.11  -999  -999.0    2904     3   3   0   4    25.8000   -83.9108     9528    54.79     63.26     -999.00
0030    14.8   714.0     11.64   -999.0    2903   145    28.22    -16.26     23.07  -999  -999.0    2897     3   3   0   4    25.8001   -83.9109     9506    54.75     63.22     -999.00
0031    15.3   714.6     11.67   -999.0    2896   145    28.20    -16.29     23.02  -999  -999.0    2891     0   0   0   4    25.8002   -83.9110     9483    54.71     63.17     -999.00
0032    15.8   715.1     11.70   -999.0    2889   145    28.18    -16.32     22.98  -999      .6    2884     0   0   0   4    25.8003   -83.9110     9461    54.68     63.13     -999.00
0033    16.3   715.7     11.73   -999.0    2882   145    28.16    -16.34     22.94  -999      .5    2877     0   0   0   4    25.8004   -83.9111     9439    54.64     63.09     -999.00
0034    16.8   716.3     11.77   -999.0    2875   144    28.15    -16.37     22.89  -999      .5    2870     0   0   0   4    25.8005   -83.9112     9416    54.60     63.05     -999.00
0035    17.3   716.9     11.81   -999.0    2868   144    28.13    -16.40     22.85  -999      .5    2863     0   0   0   4    25.8006   -83.9113     9393    54.57     63.00     -999.00
0036    17.8   717.5     11.85   -999.0    2861   144    28.11    -16.43     22.80  -999      .5    2856     0   0   0   4    25.8007   -83.9114     9371    54.53     62.96     -999.00
0037    18.3   718.1     11.89     75.3    2855   144    28.09    -16.46     22.76  -999      .4    2849     0   0   0   4    25.8008   -83.9115     9348    54.49     62.92      342.30
0038    18.8   718.7     11.94     75.1    2848   144    28.07    -16.49     22.72  -999      .4    2842     0   0   0   4    25.8009   -83.9115     9326    54.46     62.88      342.27
0039    19.3   719.3     11.99     74.9    2841   144    28.05    -16.52     22.67  -999      .4    2835     0   0   0   4    25.8010   -83.9116     9303    54.42     62.84      342.26
0040    19.8   719.9     12.04     74.8    2834   144    28.03    -16.55     22.63  -999      .4    2829     0   0   0   4    25.8011   -83.9117     9280    54.38     62.79      342.25
0041    20.3   720.5     12.10     74.5    2827   144    28.01    -16.57     22.58  -999      .3    2822     0   0   0   4    25.8012   -83.9118     9257    54.35     62.75      342.22
0042    20.8   721.1     12.15     74.4    2820   144    28.00    -16.60     22.54  -999      .3    2815     0   0   0   4    25.8013   -83.9119     9234    54.31     62.71      342.21
0043    21.3   721.7     12.20     74.2    2813   144    27.98    -16.63     22.50  -999      .3    2808     0   0   0   4    25.8014   -83.9120     9211    54.28     62.67      342.22
0044    21.8   722.3     12.26     74.1    2806   143    27.96    -16.66     22.45  -999      .3    2801     0   0   0   4    25.8015   -83.9120     9189    54.24     62.63      342.23
0045    22.3   722.9     12.31     74.0    2799   143    27.94    -16.69     22.41  -999      .3    2794     0   0   0   4    25.8016   -83.9121     9166    54.21     62.59      342.25
0046    22.8   723.4     12.36     73.9    2792   143    27.92    -16.72     22.37  -999      .3    2787     0   0   0   4    25.8017   -83.9122     9143    54.17     62.55      342.26
0047    23.3   724.0     12.42     73.7    2785   143    27.91    -16.75     22.32  -999      .3    2780     0   0   0   4    25.8018   -83.9123     9120    54.14     62.51      342.27
0048    23.8   724.6     12.47     73.6    2778   143    27.89    -16.78     22.28  -999      .3    2773     0   0   0   4    25.8019   -83.9124     9097    54.10     62.47      342.27
0049    24.3   725.2     12.52     73.4    2771   143    27.87    -16.80     22.23  -999      .4    2766     0   0   0   4    25.8020   -83.9125     9075    54.07     62.43      342.27
0050    24.8   725.8     12.58     73.2    2764   143    27.85    -16.83     22.19  -999      .4    2759     0   0   0   4    25.8021   -83.9126     9052    54.03     62.39      342.26
0051    25.3   726.4     12.63     73.0    2757   143    27.84    -16.86     22.15  -999      .4    2752     0   0   0   4    25.8022   -83.9126     9029    54.00     62.35      342.24
0052    25.8   727.0     12.68     72.8    2751   143    27.82    -16.89     22.10  -999      .4    2745     0   0   0   4    25.8023   -83.9127     9007    53.97     62.31      342.22
0053    26.3   727.6     12.74     72.6    2744   143    27.80    -16.92     22.06  -999      .4    2738     0   0   0   4    25.8024   -83.9128     8984    53.93     62.27      342.19
0054    26.8   728.2     12.79     72.4    2737   142    27.78    -16.95     22.02  -999      .4    2731     0   0   0   4    25.8025   -83.9129     8962    53.90     62.23      342.17
0055    27.3   728.8     12.84     72.2    2730   142    27.77    -16.97     21.97  -999      .4    2725     0   0   0   4    25.8026   -83.9130     8939    53.87     62.20      342.15
0056    27.8   729.4     12.90     72.0    2723   142    27.75    -17.00     21.93  -999      .4    2718     0   0   0   4    25.8027   -83.9131     8916    53.83     62.16      342.14
0057    28.3   730.0     12.95     71.8    2716   142    27.73    -17.03     21.89  -999      .4    2711     0   0   0   4    25.8028   -83.9131     8894    53.80     62.12      342.12
0058    28.8   730.6     13.00     71.6    2709   142    27.72    -17.06     21.84  -999      .4    2704     0   0   0   4    25.8029   -83.9132     8871    53.77     62.09      342.11
0059    29.3   731.2     13.06     71.4    2702   142    27.70    -17.10     21.80  -999      .4    2697     0   0   0   4    25.8030   -83.9133     8849    53.74     62.05      342.09
0060    29.8   731.8     13.11     71.2    2695   142    27.69    -17.13     21.75  -999      .4    2690     0   0   0   4    25.8031   -83.9134     8826    53.71     62.02      342.07
0061    30.3   732.4     13.16     71.0    2689   142    27.67    -17.17     21.70  -999      .4    2683     0   0   0   4    25.8032   -83.9135     8804    53.68     61.98      342.04
0062    30.8   733.0     13.20     70.9    2682   142    27.65    -17.21     21.64  -999      .4    2676     0   0   0   4    25.8033   -83.9136     8781    53.64     61.93      342.01
0063    31.3   733.6     13.25     70.7    2675   141    27.63    -17.24     21.59  -999      .4    2670     0   0   0   4    25.8034   -83.9136     8758    53.60     61.89      341.98
0064    31.8   734.2     13.29     70.5    2668   141    27.61    -17.28     21.53  -999      .4    2663     0   0   0   4    25.8035   -83.9137     8736    53.56     61.84      341.94
0065    32.3   734.8     13.34     70.4    2661   141    27.58    -17.31     21.47  -999      .4    2656     0   0   0   4    25.8036   -83.9138     8713    53.51     61.79      341.91
0066    32.8   735.4     13.38     70.2    2654   141    27.56    -17.34     21.42  -999      .4    2649     0   0   0   4    25.8037   -83.9139     8691    53.47     61.73      341.87
0067    33.3   736.0     13.41     70.1    2647   141    27.53    -17.37     21.37  -999      .4    2642     0   0   0   4    25.8038   -83.9140     8668    53.42     61.68      341.83
0068    33.8   736.6     13.45     70.0    2641   141    27.51    -17.38     21.32  -999      .4    2635     0   0   0   4    25.8039   -83.9141     8646    53.37     61.62      341.80
0069    34.3   737.2     13.48     69.9    2634   141    27.49    -17.39     21.29  -999      .4    2628     0   0   0   4    25.8040   -83.9141     8623    53.33     61.57      341.76
0070    34.8   737.8     13.51     69.9    2627   141    27.47    -17.39     21.27  -999      .4    2622     0   0   0   4    25.8041   -83.9142     8601    53.29     61.53      341.73
0071    35.3   738.4     13.54     69.9    2620   141    27.45    -17.37     21.26  -999      .3    2615     0   0   0   4    25.8042   -83.9143     8578    53.26     61.49      341.69
0072    35.8   739.0     13.56     69.8    2613   141    27.44    -17.35     21.26  -999      .3    2608     0   0   0   4    25.8043   -83.9144     8556    53.24     61.47      341.66
0073    36.3   739.6     13.58     69.9    2606   141    27.44    -17.31     21.29  -999      .3    2601     0   0   0   4    25.8044   -83.9145     8533    53.23     61.46      341.63
0074    36.8   740.2     13.60     69.9    2599   141    27.44    -17.27     21.33     5      .3    2594     0   0   0   0    25.8045   -83.9146     8511    53.24     61.47      341.59
0075    37.3   740.8     13.62     69.9    2592   141    27.46    -17.22     21.38     5      .3    2587     0   0   0   0    25.8045   -83.9146     8488    53.26     61.50      341.56
0076    37.8   741.4     13.63     70.0    2585   141    27.48    -17.17     21.45     5      .3    2580     0   0   0   0    25.8046   -83.9147     8465    53.31     61.55      341.53
0077    38.3   742.0     13.65     70.1    2579   142    27.51    -17.12     21.54     5      .3    2573     0   0   0   0    25.8047   -83.9148     8443    53.37     61.63      341.50
0078    38.8   742.6     13.66     70.2    2572   142    27.56    -17.07     21.63     5      .3    2566     0   0   0   0    25.8048   -83.9149     8420    53.46     61.73      341.47
0079    39.3   743.2     13.67     70.2    2565   142    27.61    -17.03     21.73     5      .3    2560     0   0   0   0    25.8049   -83.9150     8398    53.56     61.85      341.44
0080    39.8   743.8     13.69     70.3    2558   142    27.67    -16.99     21.84     5      .3    2553     0   0   0   0    25.8050   -83.9151     8375    53.68     61.98      341.42
0081    40.3   744.4     13.70     70.5    2551   142    27.74    -16.97     21.94     4      .3    2546     0   0   0   0    25.8051   -83.9152     8353    53.82     62.14      341.41
0082    40.8   745.0     13.72     70.6    2544   142    27.81    -16.97     22.04     5      .4    2539     0   0   0   0    25.8052   -83.9152     8330    53.96     62.30      341.41
0083    41.3   745.6     13.73     70.8    2537   143    27.89    -16.97     22.13     5      .4    2532     0   0   0   0    25.8053   -83.9153     8308    54.11     62.48      341.43
0084    41.8   746.2     13.75     71.0    2531   143    27.97    -17.00     22.22     5      .4    2525     0   0   0   0    25.8054   -83.9154     8285    54.27     62.66      341.46
0085    42.3   746.8     13.77     71.2    2524   143    28.05    -17.03     22.29     5      .4    2519     0   0   0   0    25.8055   -83.9155     8263    54.43     62.84      341.50
0086    42.8   747.4     13.79     71.4    2517   143    28.13    -17.08     22.36     5      .4    2512     0   0   0   0    25.8056   -83.9156     8241    54.58     63.02      341.56
0087    43.3   748.0     13.81     71.7    2510   143    28.21    -17.13     22.41     6      .4    2505     0   0   0   0    25.8057   -83.9157     8218    54.73     63.19      341.64
0088    43.8   748.6     13.83     72.1    2503   143    28.28    -17.19     22.46     6      .4    2498     0   0   0   0    25.8058   -83.9157     8196    54.87     63.35      341.73
0089    44.3   749.2     13.85     72.4    2497   143    28.35    -17.26     22.49     6      .4    2491     0   0   0   0    25.8059   -83.9158     8174    54.99     63.50      341.83
0090    44.8   749.8     13.87     72.8    2490   142    28.41    -17.32     22.52     6      .4    2485     0   0   0   0    25.8060   -83.9159     8152    55.11     63.63      341.94
0091    45.3   750.4     13.89     73.1    2483   142    28.46    -17.38     22.54     6      .4    2478     0   0   0   0    25.8061   -83.9160     8130    55.21     63.74      342.05
0092    45.8   751.0     13.91     73.5    2476   142    28.50    -17.43     22.55     6      .4    2471     0   0   0   0    25.8062   -83.9161     8107    55.29     63.84      342.16
0093    46.3   751.6     13.93     73.9    2470   142    28.53    -17.47     22.56     6      .4    2464     0   0   0   0    25.8063   -83.9162     8085    55.35     63.91      342.27
0094    46.8   752.2     13.95     74.2    2463   142    28.56    -17.50     22.57     6      .4    2458     0   0   0   0    25.8064   -83.9162     8063    55.40     63.97      342.37
0095    47.3   752.9     13.97     74.5    2456   142    28.57    -17.53     22.57     6      .4    2451     0   0   0   0    25.8065   -83.9163     8041    55.43     64.00      342.46
0096    47.8   753.5     13.99     74.8    2449   142    28.58    -17.54     22.57     6      .4    2444     0   0   0   0    25.8066   -83.9164     8018    55.45     64.02      342.54
0097    48.3   754.1     14.02     75.0    2442   142    28.59    -17.55     22.56     6      .4    2437     0   0   0   0    25.8067   -83.9165     7996    55.46     64.03      342.60
0098    48.8   754.7     14.05     75.1    2436   142    28.59    -17.56     22.56     6      .4    2430     0   0   0   0    25.8069   -83.9166     7974    55.46     64.03      342.65
0099    49.3   755.3     14.08     75.2    2429   142    28.58    -17.56     22.55     6      .4    2424     0   0   0   0    25.8070   -83.9167     7951    55.45     64.03      342.68
0100    49.8   755.9     14.12     75.2    2422   142    28.58    -17.57     22.54     6      .3    2417     0   0   0   0    25.8071   -83.9167     7929    55.45     64.03      342.69
0101    50.3   756.5     14.16     75.1    2415   142    28.58    -17.58     22.54     6      .3    2410     0   0   0   0    25.8072   -83.9168     7907    55.45     64.03      342.69
0102    50.8   757.1     14.20     75.0    2408   142    28.59    -17.60     22.53     6      .3    2403     0   0   0   0    25.8073   -83.9169     7884    55.46     64.04      342.68
0103    51.3   757.7     14.25     74.8    2402   142    28.60    -17.61     22.53     6      .3    2396     0   0   0   0    25.8074   -83.9170     7862    55.48     64.06      342.65
0104    51.8   758.3     14.31     74.5    2395   142    28.61    -17.63     22.53     6      .3    2390     0   0   0   0    25.8075   -83.9171     7840    55.50     64.09      342.61
0105    52.3   758.9     14.36     74.3    2388   142    28.63    -17.66     22.53     6      .3    2383     0   0   0   0    25.8076   -83.9172     7818    55.54     64.13      342.56
0106    52.8   759.5     14.42     73.9    2381   142    28.65    -17.68     22.54     6      .3    2376     0   0   0   0    25.8077   -83.9173     7795    55.58     64.17      342.52
0107    53.3   760.1     14.48     73.6    2374   142    28.67    -17.70     22.55     6      .4    2369     0   0   0   0    25.8078   -83.9174     7773    55.62     64.22      342.47
0108    53.8   760.7     14.54     73.3    2368   142    28.69    -17.72     22.57     6      .4    2362     0   0   0   0    25.8079   -83.9175     7751    55.66     64.27      342.42
0109    54.3   761.4     14.59     73.0    2361   142    28.71    -17.73     22.59     6      .4    2356     0   0   0   0    25.8080   -83.9176     7729    55.70     64.32      342.39
0110    54.8   762.0     14.65     72.8    2354   142    28.73    -17.73     22.61     6      .4    2349     0   0   0   0    25.8081   -83.9176     7706    55.73     64.35      342.38
0111    55.3   762.6     14.71     72.6    2347   142    28.74    -17.71     22.63     6      .4    2342     0   0   0   0    25.8082   -83.9177     7684    55.75     64.38      342.38
0112    55.8   763.2     14.76     72.6    2341   142    28.74    -17.69     22.65     6      .4    2335     0   0   0   0    25.8083   -83.9178     7662    55.76     64.38      342.42
0113    56.3   763.8     14.81     72.6    2334   142    28.74    -17.66     22.67     6      .4    2329     0   0   0   0    25.8084   -83.9179     7640    55.76     64.38      342.48
0114    56.8   764.4     14.86     72.7    2327   142    28.73    -17.62     22.69     6      .4    2322     0   0   0   0    25.8085   -83.9180     7618    55.74     64.35      342.57
0115    57.3   765.0     14.90     72.9    2320   142    28.71    -17.58     22.71     6      .4    2315     0   0   0   0    25.8086   -83.9181     7595    55.70     64.32      342.69
0116    57.8   765.6     14.94     73.1    2314   142    28.69    -17.53     22.72     6      .4    2308     0   0   0   0    25.8087   -83.9182     7573    55.66     64.27      342.84
0117    58.3   766.2     14.98     73.5    2307   142    28.67    -17.48     22.72     6      .4    2302     0   0   0   0    25.8088   -83.9183     7551    55.62     64.22      343.00
0118    58.8   766.8     15.01     73.9    2300   143    28.64    -17.43     22.72     6      .4    2295     0   0   0   0    25.8089   -83.9184     7529    55.56     64.16      343.17
0119    59.3   767.4     15.03     74.4    2293   143    28.61    -17.39     22.72     6      .4    2288     0   0   0   0    25.8090   -83.9184     7507    55.51     64.10      343.35
0120    59.8   768.1     15.06     74.8    2287   143    28.59    -17.36     22.71     6      .4    2281     0   0   0   0    25.8091   -83.9185     7485    55.46     64.04      343.53
0121    60.3   768.7     15.08     75.3    2280   143    28.57    -17.34     22.70     6      .4    2275     0   0   0   0    25.8092   -83.9186     7463    55.42     63.99      343.69
0122    60.8   769.3     15.10     75.7    2273   143    28.55    -17.33     22.69     6      .4    2268     0   0   0   0    25.8093   -83.9187     7441    55.39     63.96      343.84
0123    61.3   769.9     15.12     76.1    2266   143    28.54    -17.33     22.68     6      .4    2261     0   0   0   0    25.8094   -83.9188     7419    55.37     63.94      343.96
0124    61.8   770.5     15.14     76.4    2260   143    28.54    -17.33     22.67     6      .4    2255     0   0   0   0    25.8095   -83.9189     7397    55.37     63.93      344.06
0125    62.3   771.1     15.16     76.7    2253   143    28.55    -17.35     22.67     6      .4    2248     0   0   0   0    25.8096   -83.9189     7375    55.38     63.94      344.14
0126    62.8   771.7     15.19     76.9    2246   143    28.56    -17.37     22.67     6      .4    2241     0   0   0   0    25.8097   -83.9190     7353    55.40     63.97      344.19
0127    63.3   772.3     15.21     77.0    2240   143    28.58    -17.39     22.67     6      .4    2234     0   0   0   0    25.8098   -83.9191     7331    55.44     64.01      344.23
0128    63.8   772.9     15.23     77.1    2233   142    28.60    -17.42     22.68     6      .4    2228     0   0   0   0    25.8099   -83.9192     7309    55.48     64.06      344.26
0129    64.3   773.5     15.26     77.2    2226   142    28.62    -17.44     22.69     6      .4    2221     0   0   0   0    25.8100   -83.9193     7287    55.53     64.12      344.28
0130    64.8   774.1     15.29     77.3    2220   142    28.65    -17.46     22.71     6      .4    2214     0   0   0   0    25.8101   -83.9194     7265    55.58     64.17      344.31
0131    65.3   774.8     15.33     77.4    2213   142    28.67    -17.48     22.73     6      .4    2208     0   0   0   0    25.8102   -83.9194     7243    55.63     64.23      344.36
0132    65.8   775.4     15.36     77.5    2206   142    28.69    -17.49     22.75     6      .3    2201     0   0   0   0    25.8103   -83.9195     7221    55.67     64.28      344.42
0133    66.3   776.0     15.40     77.6    2199   142    28.71    -17.49     22.77     6      .3    2194     0   0   0   0    25.8104   -83.9196     7199    55.70     64.31      344.50
0134    66.8   776.6     15.43     77.8    2193   142    28.72    -17.49     22.78     6      .3    2187     0   0   0   0    25.8105   -83.9197     7177    55.71     64.33      344.61
0135    67.3   777.2     15.47     78.1    2186   143    28.72    -17.48     22.79     6      .3    2181     0   0   0   0    25.8106   -83.9198     7154    55.71     64.33      344.75
0136    67.8   777.8     15.51     78.4    2179   143    28.71    -17.46     22.79     6      .2    2174     0   0   0   0    25.8107   -83.9199     7132    55.69     64.31      344.90
0137    68.3   778.4     15.55     78.7    2172   143    28.69    -17.44     22.78     6      .2    2167     3   3   3   3    25.8108   -83.9199     7110    55.65     64.26      345.06
0138    68.8   779.1     15.58     79.0    2166   143    28.66    -17.41     22.76     6      .2    2160     0   0   0   0    25.8109   -83.9200     7088    55.60     64.19      345.23
0139    69.3   779.7     15.62     79.4    2159   143    28.62    -17.38     22.73     6      .2    2154     0   0   0   0    25.8111   -83.9201     7065    55.52     64.11      345.40
0140    69.8   780.3     15.65     79.7    2152   143    28.57    -17.36     22.70     6      .1    2147     0   0   0   0    25.8112   -83.9202     7043    55.43     64.00      345.56
0141    70.3   780.9     15.68     80.1    2145   143    28.52    -17.33     22.65     6      .1    2140     0   0   0   0    25.8113   -83.9203     7021    55.33     63.88      345.70
0142    70.8   781.6     15.71     80.3    2138   143    28.46    -17.30     22.60     6      .1    2133     0   0   0   0    25.8114   -83.9204     6998    55.22     63.76      345.83
0143    71.3   782.2     15.74     80.6    2131   143    28.40    -17.28     22.54     6      .1    2126     0   0   0   0    25.8115   -83.9204     6976    55.10     63.63      345.94
0144    71.8   782.8     15.78     80.8    2125   142    28.35    -17.26     22.48     6      .1    2119     0   0   0   0    25.8116   -83.9205     6953    54.99     63.50      346.02
0145    72.3   783.5     15.81     80.9    2118   142    28.29    -17.25     22.43     6      .1    2113     0   0   0   0    25.8117   -83.9206     6931    54.89     63.37      346.08
0146    72.8   784.1     15.84     81.0    2111   142    28.24    -17.24     22.37     6      .1    2106     0   0   0   0    25.8118   -83.9207     6909    54.79     63.26      346.12
0147    73.3   784.7     15.87     81.0    2104   142    28.20    -17.24     22.32     6      .1    2099     0   0   0   3    25.8119   -83.9208     6886    54.71     63.16      346.15
0148    73.8   785.3     15.91     81.0    2097   142    28.16    -17.24     22.27     6      .1    2092     0   0   0   3    25.8120   -83.9209     6864    54.64     63.08      346.16
0149    74.3   786.0     15.94     81.0    2091   142    28.13    -17.25     22.23     6      .1    2085     0   0   0   3    25.8121   -83.9210     6842    54.58     63.02      346.15
0150    74.8   786.6     15.98     80.9    2084   142    28.11    -17.26     22.19     6      .2    2079     0   0   0   0    25.8122   -83.9210     6820    54.54     62.97      346.14
0151    75.3   787.2     16.02     80.8    2077   142    28.10    -17.28     22.15     6      .2    2072     0   0   0   3    25.8123   -83.9211     6797    54.51     62.94      346.13
0152    75.8   787.8     16.07     80.6    2070   142    28.08    -17.31     22.12     6      .2    2065     0   0   0   0    25.8124   -83.9212     6775    54.48     62.91      346.11
0153    76.3   788.5     16.11     80.4    2064   142    28.08    -17.34     22.08     6      .2    2058     0   0   0   0    25.8125   -83.9213     6753    54.47     62.89      346.08
0154    76.8   789.1     16.16     80.2    2057   142    28.07    -17.37     22.05     6      .2    2052     0   0   0   3    25.8126   -83.9214     6731    54.45     62.87      346.05
0155    77.3   789.7     16.21     80.0    2050   142    28.05    -17.40     22.00     6      .2    2045     0   0   0   0    25.8127   -83.9215     6709    54.43     62.84      346.02
0156    77.8   790.3     16.26     79.8    2043   142    28.04    -17.44     21.96     6      .1    2038     0   0   0   0    25.8128   -83.9215     6686    54.40     62.81      345.98
0157    78.3   791.0     16.31     79.5    2037   141    28.02    -17.48     21.91     6      .1    2031     0   0   0   3    25.8129   -83.9216     6664    54.37     62.77      345.93
0158    78.8   791.6     16.36     79.2    2030   141    28.00    -17.51     21.85     6      .1    2024     0   0   0   3    25.8130   -83.9217     6642    54.32     62.72      345.87
0159    79.3   792.2     16.41     79.0    2023   141    27.98    -17.55     21.79     6      .1    2018     0   0   0   0    25.8131   -83.9218     6620    54.27     62.67      345.81
0160    79.8   792.8     16.46     78.7    2016   141    27.95    -17.58     21.72     6      .1    2011     0   0   0   0    25.8132   -83.9219     6597    54.22     62.61      345.73
0161    80.3   793.5     16.50     78.4    2009   141    27.92    -17.62     21.66     6      .1    2004     0   0   0   0    25.8133   -83.9220     6575    54.17     62.54      345.66
0162    80.8   794.1     16.54     78.1    2003   141    27.89    -17.65     21.60     6      .1    1997     0   0   0   0    25.8134   -83.9221     6553    54.11     62.48      345.58
0163    81.3   794.7     16.58     77.9    1996   141    27.87    -17.68     21.55     6      .1    1991     0   0   0   0    25.8134   -83.9221     6531    54.07     62.43      345.50
0164    81.8   795.4     16.62     77.6    1989   141    27.86    -17.71     21.50     6      .1    1984     0   0   0   3    25.8135   -83.9222     6508    54.04     62.40      345.42
0165    82.3   796.0     16.66     77.4    1982   140    27.85    -17.74     21.47     6      .1    1977     0   0   0   0    25.8136   -83.9223     6486    54.03     62.38      345.33
0166    82.8   796.6     16.69     77.2    1975   140    27.85    -17.77     21.44     6      .2    1970     0   0   0   0    25.8137   -83.9224     6464    54.04     62.39      345.26
0167    83.3   797.3     16.72     77.1    1969   140    27.87    -17.81     21.44     6      .2    1963     0   0   0   0    25.8138   -83.9225     6442    54.07     62.43      345.18
0168    83.8   797.9     16.75     76.9    1962   140    27.90    -17.84     21.45     6      .2    1957     0   0   0   3    25.8139   -83.9226     6420    54.13     62.50      345.11
0169    84.3   798.5     16.77     76.8    1955   140    27.95    -17.88     21.48     6      .3    1950     0   0   0   0    25.8140   -83.9227     6398    54.22     62.60      345.03
0170    84.8   799.1     16.80     76.7    1949   140    28.01    -17.92     21.52     6      .3    1943     3   3   3   0    25.8141   -83.9228     6376    54.34     62.74      344.96
0171    85.3   799.8     16.82     76.6    1942   140    28.08    -17.97     21.58     6      .3    1937     0   0   0   0    25.8142   -83.9229     6354    54.48     62.91      344.89
0172    85.8   800.4     16.85     76.5    1935   140    28.17    -18.02     21.66     6      .3    1930     3   3   3   3    25.8143   -83.9230     6332    54.65     63.11      344.82
0173    86.3   801.0     16.87     76.4    1929   140    28.27    -18.07     21.74     5      .3    1923     0   0   0   0    25.8144   -83.9231     6311    54.84     63.32      344.75
0174    86.8   801.6     16.89     76.3    1922   140    28.38    -18.12     21.84     6      .3    1917     0   0   0   0    25.8145   -83.9232     6289    55.05     63.56      344.67
0175    87.3   802.2     16.92     76.2    1915   140    28.48    -18.17     21.94     6      .3    1910     0   0   0   0    25.8146   -83.9232     6267    55.26     63.81      344.61
0176    87.8   802.9     16.95     76.1    1909   140    28.59    -18.22     22.04     6      .3    1904     0   0   0   3    25.8147   -83.9233     6245    55.47     64.05      344.54
0177    88.3   803.5     16.98     75.9    1902   140    28.70    -18.27     22.14     6      .3    1897     0   0   0   0    25.8148   -83.9234     6224    55.68     64.29      344.48
0178    88.8   804.1     17.01     75.8    1896   141    28.80    -18.31     22.23     6      .3    1890     0   0   0   3    25.8149   -83.9235     6202    55.88     64.52      344.43
0179    89.3   804.7     17.04     75.7    1889   141    28.89    -18.34     22.33     6      .3    1884     0   0   0   3    25.8150   -83.9236     6180    56.06     64.72      344.39
0180    89.8   805.4     17.07     75.6    1882   141    28.97    -18.37     22.41     6      .3    1877     0   0   0   3    25.8151   -83.9237     6158    56.21     64.90      344.36
0181    90.3   806.0     17.11     75.6    1876   141    29.04    -18.38     22.48     6      .3    1870     0   0   0   0    25.8152   -83.9238     6136    56.34     65.05      344.34
0182    90.8   806.6     17.14     75.5    1869   141    29.09    -18.39     22.54     6      .2    1864     0   0   0   0    25.8153   -83.9239     6115    56.43     65.16      344.33
0183    91.3   807.2     17.18     75.5    1862   141    29.12    -18.39     22.58     6      .2    1857     0   0   0   0    25.8154   -83.9240     6093    56.50     65.24      344.33
0184    91.8   807.9     17.22     75.4    1856   141    29.14    -18.38     22.62     6      .2    1850     0   0   0   0    25.8155   -83.9241     6071    56.54     65.28      344.33
0185    92.3   808.5     17.25     75.4    1849   141    29.15    -18.36     22.63     6      .2    1844     0   0   0   0    25.8156   -83.9242     6049    56.55     65.29      344.35
0186    92.8   809.1     17.29     75.4    1842   141    29.14    -18.35     22.64     6      .2    1837     0   0   0   3    25.8157   -83.9243     6027    56.53     65.28      344.36
0187    93.3   809.8     17.33     75.4    1836   141    29.13    -18.33     22.64     6      .2    1830     0   0   0   0    25.8158   -83.9243     6005    56.51     65.24      344.37
0188    93.8   810.4     17.36     75.3    1829   141    29.11    -18.31     22.62     6      .2    1824     0   0   0   0    25.8159   -83.9244     5984    56.47     65.20      344.37
0189    94.3   811.0     17.40     75.3    1822   141    29.08    -18.30     22.60     6      .2    1817     0   0   0   0    25.8160   -83.9245     5962    56.42     65.15      344.37
0190    94.8   811.6     17.44     75.2    1816   141    29.06    -18.30     22.58     6      .2    1811     0   0   0   0    25.8161   -83.9246     5940    56.38     65.09      344.36
0191    95.3   812.3     17.48     75.1    1809   141    29.04    -18.30     22.55     5      .2    1804     0   0   0   0    25.8162   -83.9247     5918    56.34     65.05      344.35
0192    95.8   812.9     17.52     75.0    1802   141    29.03    -18.32     22.52     6      .2    1797     0   0   0   3    25.8163   -83.9248     5896    56.31     65.02      344.34
0193    96.3   813.5     17.56     74.9    1796   141    29.02    -18.34     22.49     6      .2    1791     0   0   0   0    25.8164   -83.9249     5875    56.30     65.00      344.32
0194    96.8   814.2     17.60     74.8    1789   141    29.02    -18.38     22.46     6      .2    1784     0   0   0   0    25.8165   -83.9250     5853    56.30     65.01      344.30
0195    97.3   814.8     17.64     74.7    1782   141    29.04    -18.43     22.44     6      .2    1777     0   0   0   0    25.8166   -83.9251     5831    56.33     65.04      344.29
0196    97.8   815.4     17.69     74.5    1776   140    29.06    -18.49     22.42     6      .2    1771     0   0   0   0    25.8167   -83.9252     5809    56.38     65.10      344.29
0197    98.3   816.1     17.73     74.5    1769   140    29.10    -18.57     22.40     6      .1    1764     0   0   0   0    25.8168   -83.9253     5787    56.45     65.18      344.29
0198    98.8   816.7     17.78     74.4    1762   140    29.14    -18.65     22.39     6      .1    1757     0   0   0   0    25.8169   -83.9254     5765    56.53     65.28      344.31
0199    99.3   817.3     17.82     74.3    1756   140    29.19    -18.73     22.39     6      .1    1750     0   0   0   0    25.8171   -83.9254     5743    56.63     65.39      344.35
0200    99.8   818.0     17.87     74.3    1749   140    29.25    -18.83     22.39     6      .1    1744     0   0   0   0    25.8172   -83.9255     5721    56.75     65.52      344.40
0201   100.3   818.6     17.91     74.4    1742   140    29.31    -18.92     22.39     6      .1    1737     0   0   0   0    25.8173   -83.9256     5699    56.87     65.66      344.46
0202   100.8   819.3     17.95     74.4    1736   140    29.38    -19.02     22.39     6      .2    1730     0   0   0   0    25.8174   -83.9257     5677    57.00     65.81      344.54
0203   101.3   819.9     18.00     74.5    1729   140    29.44    -19.11     22.40     6      .2    1724     0   0   0   0    25.8175   -83.9258     5655    57.12     65.96      344.62
0204   101.8   820.5     18.04     74.7    1722   139    29.51    -19.20     22.40     6      .2    1717     0   0   0   3    25.8176   -83.9259     5634    57.24     66.10      344.72
0205   102.3   821.2     18.07     74.8    1716   139    29.57    -19.29     22.41     6      .2    1710     0   0   0   3    25.8177   -83.9260     5612    57.36     66.23      344.82
0206   102.8   821.8     18.11     75.0    1709   139    29.62    -19.37     22.41     6      .2    1704     0   0   0   3    25.8178   -83.9261     5590    57.47     66.35      344.91
0207   103.3   822.4     18.14     75.1    1702   139    29.67    -19.43     22.42     6      .2    1697     0   0   0   3    25.8179   -83.9262     5568    57.56     66.46      345.00
0208   103.8   823.1     18.18     75.3    1696   139    29.71    -19.49     22.42     6      .2    1691     3   3   3   3    25.8180   -83.9263     5547    57.64     66.55      345.08
0209   104.3   823.7     18.21     75.4    1689   139    29.75    -19.54     22.43     6      .2    1684     0   0   0   3    25.8181   -83.9264     5525    57.71     66.63      345.15
0210   104.8   824.3     18.24     75.5    1683   139    29.77    -19.57     22.44     6      .2    1677     0   0   0   0    25.8182   -83.9265     5503    57.76     66.69      345.20
0211   105.3   825.0     18.27     75.6    1676   139    29.80    -19.59     22.45     6      .2    1671     3   3   3   0    25.8183   -83.9266     5481    57.80     66.74      345.24
0212   105.8   825.6     18.30     75.6    1669   139    29.81    -19.60     22.46     7      .2    1664     3   3   3   3    25.8184   -83.9267     5460    57.83     66.78      345.26
0213   106.3   826.2     18.33     75.6    1663   139    29.82    -19.60     22.48     7      .3    1658     0   0   0   0    25.8185   -83.9268     5438    57.86     66.80      345.25
0214   106.8   826.9     18.36     75.5    1656   139    29.83    -19.58     22.50     8      .3    1651     0   0   0   3    25.8186   -83.9269     5416    57.87     66.82      345.23
0215   107.3   827.5     18.39     75.5    1650   139    29.84    -19.55     22.53     8      .3    1644     0   0   0   0    25.8187   -83.9270     5395    57.88     66.83      345.20
0216   107.8   828.1     18.43     75.3    1643   139    29.84    -19.52     22.57     8      .3    1638     0   0   0   0    25.8188   -83.9271     5373    57.89     66.84      345.15
0217   108.3   828.8     18.46     75.2    1637   139    29.84    -19.47     22.62     8      .3    1631     0   0   0   3    25.8189   -83.9272     5352    57.90     66.85      345.08
0218   108.8   829.4     18.50     74.9    1630   139    29.85    -19.42     22.66     8      .4    1625     0   0   0   3    25.8190   -83.9273     5331    57.90     66.86      345.01
0219   109.3   830.0     18.54     74.7    1623   140    29.85    -19.36     22.72     8      .4    1618     0   0   0   3    25.8191   -83.9274     5309    57.91     66.87      344.92
0220   109.8   830.7     18.58     74.4    1617   140    29.86    -19.31     22.78     8      .4    1612     0   0   0   3    25.8192   -83.9275     5288    57.92     66.88      344.82
0221   110.3   831.3     18.62     74.1    1610   140    29.86    -19.24     22.84     8      .4    1605     0   0   0   0    25.8193   -83.9276     5267    57.94     66.90      344.71
0222   110.8   831.9     18.66     73.7    1604   140    29.87    -19.18     22.90     8      .4    1599     0   0   0   0    25.8194   -83.9277     5245    57.95     66.91      344.58
0223   111.3   832.5     18.71     73.4    1597   140    29.88    -19.13     22.96     8      .4    1592     0   0   0   0    25.8195   -83.9278     5224    57.97     66.93      344.44
0224   111.8   833.2     18.75     73.0    1591   140    29.89    -19.07     23.02     8      .3    1586     0   0   0   3    25.8196   -83.9279     5203    57.99     66.96      344.29
0225   112.3   833.8     18.79     72.6    1584   141    29.90    -19.02     23.08     8      .3    1579     3   3   3   0    25.8197   -83.9280     5181    58.01     66.98      344.13
0226   112.8   834.4     18.83     72.2    1578   141    29.92    -18.97     23.13     8      .3    1573     0   0   0   0    25.8198   -83.9281     5160    58.04     67.01      343.97
0227   113.3   835.1     18.87     71.8    1571   141    29.93    -18.92     23.19     8      .2    1566     0   0   0   0    25.8199   -83.9282     5138    58.06     67.04      343.81
0228   113.8   835.7     18.90     71.4    1565   141    29.94    -18.89     23.24     8      .2    1560     0   0   0   0    25.8200   -83.9282     5117    58.09     67.07      343.65
0229   114.3   836.3     18.94     71.1    1558   141    29.96    -18.85     23.28     8      .2    1553     0   0   0   0    25.8201   -83.9283     5095    58.12     67.11      343.50
0230   114.8   837.0     18.97     70.8    1552   141    29.97    -18.82     23.33     8      .2    1546     3   3   3   0    25.8202   -83.9284     5073    58.15     67.14      343.37
0231   115.3   837.6     19.00     70.7    1545   141    29.99    -18.80     23.37     8      .1    1540     0   0   0   0    25.8203   -83.9285     5052    58.18     67.18      343.26
0232   115.8   838.3     19.02     70.5    1538   141    30.01    -18.78     23.40     8      .1    1533     0   0   0   0    25.8204   -83.9286     5030    58.21     67.22      343.18
0233   116.3   838.9     19.05     70.5    1532   141    30.02    -18.76     23.44     8      .1    1526     0   0   0   0    25.8205   -83.9287     5008    58.25     67.25      343.13
0234   116.8   839.6     19.07     70.5    1525   141    30.04    -18.75     23.47     8      .1    1520     3   3   3   3    25.8206   -83.9288     4986    58.28     67.29      343.12
0235   117.3   840.2     19.09     70.6    1518   141    30.06    -18.75     23.50     8      .1    1513     0   0   0   3    25.8208   -83.9289     4965    58.31     67.33      343.14
0236   117.8   840.9     19.11     70.8    1512   141    30.08    -18.74     23.52     8      .1    1507     0   0   0   3    25.8209   -83.9290     4943    58.35     67.37      343.20
0237   118.3   841.5     19.14     71.0    1505   141    30.09    -18.74     23.55     8      .1    1500     0   0   0   3    25.8210   -83.9291     4921    58.38     67.41      343.29
0238   118.8   842.2     19.16     71.2    1499   142    30.11    -18.74     23.57     8      .1    1493     0   0   0   3    25.8211   -83.9292     4900    58.42     67.45      343.41
0239   119.3   842.8     19.19     71.5    1492   142    30.13    -18.74     23.59     8      .1    1487     0   0   0   0    25.8212   -83.9293     4878    58.45     67.49      343.54
0240   119.8   843.4     19.22     71.8    1485   142    30.15    -18.74     23.62     8      .1    1480     0   0   0   3    25.8213   -83.9293     4856    58.49     67.53      343.70
0241   120.3   844.1     19.26     72.1    1479   142    30.17    -18.74     23.64     8      .1    1474     0   0   0   0    25.8214   -83.9294     4834    58.52     67.57      343.86
0242   120.8   844.7     19.29     72.4    1472   142    30.18    -18.74     23.66     8      .1    1467     0   0   0   3    25.8215   -83.9295     4813    58.55     67.60      344.02
0243   121.3   845.4     19.33     72.6    1466   142    30.19    -18.73     23.68     8      .1    1460     0   0   0   0    25.8216   -83.9296     4791    58.57     67.63      344.17
0244   121.8   846.0     19.37     72.8    1459   142    30.20    -18.72     23.69     8      .2    1454     0   0   0   3    25.8217   -83.9297     4770    58.58     67.64      344.31
0245   122.3   846.7     19.41     73.0    1452   142    30.20    -18.71     23.70     8      .2    1447     0   0   0   0    25.8218   -83.9298     4748    58.58     67.64      344.43
0246   122.8   847.3     19.46     73.1    1446   142    30.19    -18.69     23.70     8      .2    1441     0   0   0   3    25.8219   -83.9299     4727    58.56     67.62      344.53
0247   123.3   848.0     19.50     73.1    1439   142    30.17    -18.67     23.70     8      .2    1434     0   0   0   3    25.8220   -83.9300     4705    58.53     67.58      344.61
0248   123.8   848.6     19.55     73.1    1433   142    30.14    -18.66     23.68     8      .3    1428     0   0   0   0    25.8221   -83.9301     4684    58.48     67.52      344.67
0249   124.3   849.2     19.59     73.1    1426   142    30.11    -18.64     23.65     8      .3    1421     0   0   0   3    25.8222   -83.9302     4662    58.41     67.44      344.72
0250   124.8   849.9     19.63     73.1    1420   142    30.07    -18.62     23.61     8      .3    1415     0   0   0   0    25.8224   -83.9303     4641    58.33     67.35      344.74
0251   125.3   850.5     19.67     73.0    1413   142    30.02    -18.61     23.55     8      .3    1408     0   0   0   3    25.8225   -83.9304     4620    58.23     67.24      344.75
0252   125.8   851.1     19.71     73.0    1407   142    29.97    -18.60     23.49     8      .3    1402     0   0   0   0    25.8226   -83.9304     4599    58.13     67.12      344.76
0253   126.3   851.8     19.74     73.0    1400   142    29.91    -18.60     23.42     8      .3    1395     0   0   0   0    25.8227   -83.9305     4577    58.03     67.01      344.76
0254   126.8   852.4     19.77     72.9    1394   141    29.87    -18.61     23.36     8      .3    1389     0   0   0   0    25.8228   -83.9306     4556    57.94     66.90      344.76
0255   127.3   853.1     19.80     73.0    1388   141    29.83    -18.64     23.29     8      .3    1382     0   0   0   0    25.8229   -83.9307     4535    57.86     66.81      344.77
0256   127.8   853.7     19.83     73.1    1381   141    29.80    -18.67     23.23     8      .3    1376     0   0   0   3    25.8230   -83.9308     4514    57.81     66.75      344.80
0257   128.3   854.3     19.85     73.2    1375   141    29.79    -18.71     23.18     8      .3    1369     0   0   0   0    25.8231   -83.9309     4493    57.79     66.72      344.85
0258   128.8   855.0     19.87     73.4    1368   141    29.79    -18.76     23.14     8      .2    1363     0   0   0   0    25.8232   -83.9310     4471    57.80     66.74      344.93
0259   129.3   855.6     19.89     73.7    1362   141    29.82    -18.83     23.13     8      .2    1356     0   0   0   0    25.8233   -83.9311     4450    57.85     66.80      345.04
0260   129.8   856.3     19.90     74.0    1355   141    29.87    -18.90     23.13     8      .2    1350     0   0   0   0    25.8234   -83.9312     4429    57.95     66.91      345.18
0261   130.3   856.9     19.92     74.5    1349   141    29.94    -18.98     23.16     8      .2    1343     0   0   0   0    25.8235   -83.9313     4407    58.09     67.07      345.36
0262   130.8   857.6     19.93     75.0    1342   141    30.04    -19.06     23.21     8      .2    1337     0   0   0   0    25.8236   -83.9314     4386    58.27     67.28      345.58
0263   131.3   858.2     19.95     75.6    1335   141    30.15    -19.15     23.29     8      .1    1330     0   0   0   0    25.8237   -83.9315     4364    58.49     67.53      345.83
0264   131.8   858.9     19.96     76.2    1329   141    30.28    -19.24     23.38     8      .1    1324     0   0   0   0    25.8238   -83.9316     4343    58.73     67.82      346.10
0265   132.3   859.5     19.97     76.9    1322   141    30.41    -19.32     23.49     8      .1    1317     0   0   0   3    25.8239   -83.9317     4321    59.00     68.12      346.39
0266   132.8   860.2     19.98     77.6    1316   141    30.55    -19.40     23.61     8      .2    1311     3   3   3   3    25.8240   -83.9318     4300    59.27     68.44      346.69
0267   133.3   860.8     19.99     78.3    1309   141    30.69    -19.46     23.73     8      .2    1304     0   0   0   0    25.8241   -83.9319     4278    59.54     68.75      346.98
0268   133.8   861.5     20.00     79.0    1303   141    30.82    -19.53     23.85     8      .2    1298     0   0   0   3    25.8243   -83.9320     4257    59.80     69.04      347.26
0269   134.3   862.1     20.01     79.6    1296   141    30.94    -19.58     23.96     8      .2    1291     0   0   0   0    25.8244   -83.9321     4236    60.03     69.31      347.50
0270   134.8   862.8     20.02     80.1    1290   141    31.04    -19.62     24.06     8      .3    1285     0   0   0   3    25.8245   -83.9322     4215    60.23     69.54      347.70
0271   135.3   863.4     20.03     80.5    1283   141    31.13    -19.65     24.14     8      .3    1278     0   0   0   0    25.8246   -83.9323     4193    60.38     69.72      347.85
0272   135.8   864.0     20.04     80.8    1277   141    31.19    -19.68     24.20     8      .3    1272     0   0   0   0    25.8247   -83.9324     4172    60.50     69.86      347.95
0273   136.3   864.7     20.06     81.0    1271   141    31.23    -19.70     24.23     8      .3    1265     0   0   0   3    25.8248   -83.9324     4151    60.58     69.95      347.99
0274   136.8   865.3     20.07     81.1    1264   141    31.25    -19.73     24.24     8      .3    1259     0   0   0   3    25.8249   -83.9325     4130    60.63     70.00      347.98
0275   137.3   866.0     20.08     81.1    1258   141    31.26    -19.75     24.23     8      .3    1252     0   0   0   0    25.8250   -83.9326     4109    60.64     70.02      347.93
0276   137.8   866.6     20.10     81.0    1251   141    31.25    -19.79     24.19     8      .3    1246     0   0   0   0    25.8251   -83.9327     4088    60.63     70.01      347.84
0277   138.3   867.2     20.12     80.9    1245   141    31.24    -19.83     24.14     8      .2    1240     0   0   0   3    25.8252   -83.9328     4067    60.61     69.99      347.73
0278   138.8   867.9     20.13     80.7    1238   140    31.23    -19.89     24.08     8      .2    1233     0   0   0   3    25.8253   -83.9329     4046    60.60     69.97      347.61
0279   139.3   868.5     20.15     80.6    1232   140    31.23    -19.96     24.02     8      .1    1227     0   0   0   0    25.8254   -83.9330     4025    60.58     69.95      347.49
0280   139.8   869.2     20.18     80.4    1225   140    31.23    -20.05     23.95     8      .1    1220     0   0   0   3    25.8256   -83.9331     4003    60.59     69.96      347.38
0281   140.3   869.9     20.20     80.3    1219   140    31.25    -20.15     23.88     8      .0    1214     0   0   0   0    25.8257   -83.9332     3982    60.62     69.99      347.29
0282   140.8   870.5     20.23     80.2    1212   140    31.28    -20.27     23.82     8      .0    1207     0   0   0   3    25.8258   -83.9333     3960    60.68     70.06      347.23
0283   141.3   871.2     20.25     80.1    1206   139    31.32    -20.39     23.77     8      .0    1200     0   0   0   3    25.8259   -83.9334     3939    60.76     70.16      347.20
0284   141.8   871.8     20.28     80.1    1199   139    31.38    -20.52     23.74     8     -.1    1194     0   0   0   0    25.8260   -83.9335     3917    60.88     70.29      347.20
0285   142.3   872.5     20.32     80.1    1193   139    31.45    -20.65     23.72     8     -.1    1187     0   0   0   0    25.8261   -83.9336     3895    61.01     70.45      347.24
0286   142.8   873.2     20.35     80.2    1186   139    31.53    -20.78     23.71     8      .0    1181     0   0   0   0    25.8262   -83.9338     3874    61.16     70.62      347.29
0287   143.3   873.8     20.39     80.3    1179   139    31.61    -20.90     23.71     8      .0    1174     3   3   3   0    25.8263   -83.9339     3852    61.32     70.80      347.37
0288   143.8   874.5     20.43     80.3    1173   138    31.69    -21.01     23.72     8      .0    1167     3   3   3   3    25.8264   -83.9340     3830    61.48     70.98      347.46
0289   144.3   875.2     20.47     80.4    1166   138    31.76    -21.11     23.74     8      .1    1161     0   0   0   0    25.8265   -83.9341     3809    61.62     71.15      347.56
0290   144.8   875.8     20.52     80.5    1160   138    31.83    -21.18     23.76     8      .1    1154     0   0   0   3    25.8266   -83.9342     3788    61.75     71.30      347.67
0291   145.3   876.5     20.57     80.5    1153   138    31.88    -21.24     23.78     8      .2    1148     0   0   0   0    25.8267   -83.9343     3766    61.85     71.42      347.76
0292   145.8   877.1     20.62     80.5    1147   138    31.92    -21.28     23.79     8      .2    1142     0   0   0   3    25.8268   -83.9344     3745    61.92     71.50      347.85
0293   146.3   877.8     20.67     80.5    1140   138    31.94    -21.29     23.80     8      .3    1135     0   0   0   0    25.8269   -83.9345     3724    61.96     71.54      347.93
0294   146.8   878.4     20.72     80.4    1134   138    31.94    -21.30     23.80     8      .4    1129     0   0   0   0    25.8271   -83.9346     3703    61.96     71.54      348.01
0295   147.3   879.1     20.78     80.3    1128   138    31.92    -21.28     23.79     8      .4    1122     0   0   0   3    25.8272   -83.9347     3682    61.93     71.51      348.07
0296   147.8   879.7     20.84     80.2    1121   138    31.89    -21.26     23.77     8      .4    1116     0   0   0   3    25.8273   -83.9348     3662    61.87     71.44      348.13
0297   148.3   880.3     20.90     80.1    1115   138    31.85    -21.23     23.75     8      .5    1110     0   0   0   3    25.8274   -83.9349     3641    61.79     71.34      348.19
0298   148.8   881.0     20.96     80.0    1109   138    31.80    -21.19     23.71     8      .5    1104     0   0   0   3    25.8275   -83.9350     3620    61.69     71.23      348.24
0299   149.3   881.6     21.02     79.8    1102   138    31.75    -21.15     23.67     8      .5    1097     0   0   0   3    25.8276   -83.9351     3600    61.59     71.11      348.30
0300   149.8   882.2     21.08     79.7    1096   138    31.69    -21.12     23.63     8      .5    1091     0   0   0   0    25.8277   -83.9352     3579    61.48     70.99      348.35
0301   150.3   882.9     21.14     79.5    1090   138    31.64    -21.09     23.58     8      .5    1085     0   0   0   3    25.8278   -83.9354     3559    61.38     70.87      348.41
0302   150.8   883.5     21.20     79.4    1084   138    31.59    -21.07     23.54     8      .5    1078     0   0   0   3    25.8279   -83.9355     3538    61.29     70.77      348.47
0303   151.3   884.2     21.26     79.3    1077   138    31.56    -21.05     23.51     8      .5    1072     0   0   0   0    25.8280   -83.9356     3518    61.22     70.68      348.52
0304   151.8   884.8     21.32     79.1    1071   138    31.53    -21.05     23.48     8      .5    1066     0   0   0   0    25.8281   -83.9357     3497    61.17     70.62      348.58
0305   152.3   885.4     21.37     79.0    1065   138    31.51    -21.05     23.45     8      .5    1060     0   0   0   0    25.8282   -83.9358     3477    61.13     70.59      348.63
0306   152.8   886.1     21.43     78.9    1059   138    31.51    -21.06     23.44     8      .5    1053     0   0   0   3    25.8283   -83.9359     3456    61.12     70.58      348.68
0307   153.3   886.7     21.49     78.8    1052   138    31.51    -21.08     23.43     8      .5    1047     0   0   0   0    25.8284   -83.9360     3435    61.13     70.59      348.72
0308   153.8   887.3     21.54     78.6    1046   138    31.53    -21.10     23.43     8      .5    1041     0   0   0   0    25.8285   -83.9361     3415    61.16     70.62      348.75
0309   154.3   888.0     21.60     78.5    1040   138    31.55    -21.12     23.43     8      .5    1035     0   0   0   0    25.8286   -83.9362     3394    61.20     70.66      348.78
0310   154.8   888.6     21.65     78.3    1034   138    31.57    -21.14     23.45     8      .5    1028     0   0   0   0    25.8288   -83.9363     3374    61.25     70.72      348.79
0311   155.3   889.3     21.70     78.2    1027   138    31.60    -21.16     23.47     8      .5    1022     0   0   0   0    25.8289   -83.9364     3353    61.30     70.78      348.79
0312   155.8   889.9     21.75     78.0    1021   138    31.63    -21.18     23.50     7      .5    1016     0   0   0   0    25.8290   -83.9365     3333    61.36     70.85      348.79
0313   156.3   890.5     21.80     77.8    1015   138    31.66    -21.19     23.53     8      .5    1009     0   0   0   3    25.8291   -83.9366     3312    61.42     70.92      348.77
0314   156.8   891.2     21.84     77.6    1008   138    31.70    -21.19     23.57     8      .5    1003     0   0   0   0    25.8292   -83.9367     3291    61.49     71.00      348.74
0315   157.3   891.8     21.89     77.4    1002   138    31.73    -21.19     23.62     8      .4     997     0   0   0   3    25.8293   -83.9369     3271    61.56     71.08      348.71
0316   157.8   892.5     21.94     77.2     996   138    31.77    -21.19     23.68     8      .4     991     0   0   0   0    25.8294   -83.9370     3250    61.64     71.17      348.67
0317   158.3   893.1     21.98     77.0     990   138    31.82    -21.18     23.75     8      .4     984     0   0   0   0    25.8295   -83.9371     3230    61.73     71.27      348.62
0318   158.8   893.8     22.02     76.8     983   138    31.87    -21.16     23.83     8      .4     978     0   0   0   3    25.8296   -83.9372     3209    61.83     71.39      348.57
0319   159.3   894.4     22.06     76.6     977   139    31.94    -21.15     23.93     8      .3     972     0   0   0   0    25.8297   -83.9373     3188    61.96     71.54      348.52
0320   159.8   895.1     22.10     76.5     971   139    32.01    -21.13     24.05     8      .3     965     0   0   0   0    25.8298   -83.9374     3168    62.11     71.71      348.47
0321   160.3   895.7     22.14     76.3     964   139    32.10    -21.11     24.19     8      .3     959     0   0   0   0    25.8299   -83.9375     3147    62.28     71.91      348.42
0322   160.8   896.4     22.17     76.2     958   139    32.21    -21.09     24.34     8      .2     953     0   0   0   0    25.8300   -83.9376     3126    62.49     72.15      348.36
0323   161.3   897.0     22.19     76.1     952   139    32.33    -21.08     24.52     8      .2     946     0   0   0   0    25.8302   -83.9377     3105    62.73     72.43      348.32
0324   161.8   897.7     22.21     76.1     945   140    32.47    -21.07     24.71     8      .2     940     0   0   0   3    25.8303   -83.9378     3084    63.00     72.74      348.27
0325   162.3   898.3     22.23     76.1     939   140    32.63    -21.05     24.93     8      .1     934     0   0   0   3    25.8304   -83.9379     3063    63.30     73.09      348.22
0326   162.8   899.0     22.23     76.2     932   140    32.80    -21.04     25.16     8      .1     927     0   0   0   0    25.8305   -83.9380     3042    63.62     73.46      348.18
0327   163.3   899.7     22.24     76.3     926   140    32.97    -21.03     25.39     8      .1     921     0   0   0   0    25.8306   -83.9381     3021    63.97     73.86      348.13
0328   163.8   900.3     22.23     76.4     919   141    33.16    -21.03     25.64     8      .0     914     0   0   0   0    25.8307   -83.9382     2999    64.33     74.28      348.08
0329   164.3   901.0     22.23     76.5     913   141    33.35    -21.02     25.89     8      .0     908     0   0   0   0    25.8308   -83.9383     2978    64.70     74.70      348.03
0330   164.8   901.7     22.21     76.7     907   141    33.54    -21.02     26.13     8      .0     901     0   0   0   3    25.8310   -83.9385     2957    65.06     75.12      347.98
0331   165.3   902.3     22.20     76.9     900   141    33.72    -21.03     26.36     8      .0     895     0   0   0   0    25.8311   -83.9386     2936    65.42     75.54      347.93
0332   165.8   903.0     22.19     77.1     894   142    33.90    -21.03     26.59     8      .0     888     0   0   0   3    25.8312   -83.9387     2914    65.77     75.94      347.87
0333   166.3   903.7     22.17     77.3     887   142    34.07    -21.05     26.79     8      .0     882     3   3   3   3    25.8313   -83.9388     2893    66.09     76.31      347.82
0334   166.8   904.3     22.16     77.5     881   142    34.22    -21.06     26.97     8      .0     875     0   0   0   3    25.8314   -83.9389     2872    66.40     76.66      347.77
0335   167.3   905.0     22.15     77.7     874   142    34.37    -21.09     27.13     8      .0     869     0   0   0   0    25.8316   -83.9390     2851    66.67     76.98      347.73
0336   167.8   905.7     22.15     77.9     868   142    34.49    -21.12     27.27     8      .0     862     0   0   0   0    25.8317   -83.9391     2830    66.91     77.26      347.70
0337   168.3   906.4     22.15     78.0     861   142    34.59    -21.15     27.37     8     -.1     856     3   3   3   3    25.8318   -83.9392     2808    67.11     77.49      347.69
0338   168.8   907.0     22.15     78.2     855   142    34.68    -21.19     27.45     8     -.1     850     0   0   0   3    25.8319   -83.9393     2787    67.28     77.68      347.70
0339   169.3   907.7     22.16     78.4     848   142    34.74    -21.24     27.50     8     -.1     843     0   0   0   0    25.8321   -83.9394     2766    67.40     77.83      347.73
0340   169.8   908.4     22.18     78.5     842   142    34.79    -21.28     27.52     8     -.1     837     0   0   0   3    25.8322   -83.9395     2745    67.48     77.92      347.78
0341   170.3   909.1     22.20     78.7     835   142    34.81    -21.32     27.52     8     -.1     830     0   0   0   0    25.8323   -83.9396     2723    67.52     77.97      347.86
0342   170.8   909.7     22.23     78.9     829   142    34.81    -21.35     27.49     8     -.1     824     0   0   0   0    25.8324   -83.9397     2702    67.52     77.97      347.95
0343   171.3   910.4     22.26     79.1     822   142    34.79    -21.38     27.44     8     -.1     817     0   0   0   3    25.8326   -83.9398     2681    67.48     77.92      348.07
0344   171.8   911.1     22.29     79.3     816   142    34.75    -21.40     27.37     8      .0     811     0   0   0   3    25.8327   -83.9399     2659    67.41     77.83      348.20
0345   172.3   911.8     22.32     79.5     809   142    34.69    -21.41     27.29     8      .0     804     0   0   0   0    25.8328   -83.9401     2638    67.30     77.70      348.33
0346   172.8   912.4     22.36     79.7     803   142    34.62    -21.41     27.20     8      .0     798     0   0   0   0    25.8329   -83.9402     2617    67.16     77.54      348.47
0347   173.3   913.1     22.39     79.9     797   142    34.53    -21.41     27.10     8      .1     791     0   0   0   0    25.8330   -83.9403     2596    66.99     77.35      348.60
0348   173.8   913.8     22.43     80.0     790   142    34.44    -21.39     26.99     8      .1     785     0   0   0   0    25.8332   -83.9404     2575    66.81     77.15      348.73
0349   174.3   914.4     22.46     80.2     784   142    34.34    -21.37     26.89     8      .2     779     0   0   0   0    25.8333   -83.9405     2554    66.62     76.93      348.85
0350   174.8   915.1     22.50     80.3     777   141    34.24    -21.34     26.78     8      .2     772     0   0   0   0    25.8334   -83.9406     2533    66.43     76.70      348.94
0351   175.3   915.8     22.53     80.4     771   141    34.14    -21.30     26.68     8      .2     766     0   0   0   0    25.8335   -83.9407     2513    66.24     76.48      349.02
0352   175.8   916.4     22.57     80.4     765   141    34.05    -21.27     26.59     8      .2     760     0   0   0   0    25.8336   -83.9408     2492    66.06     76.27      349.09
0353   176.3   917.1     22.60     80.4     759   141    33.96    -21.23     26.51     7      .3     753     0   0   0   0    25.8338   -83.9409     2471    65.89     76.08      349.13
0354   176.8   917.7     22.64     80.4     752   141    33.89    -21.20     26.44     7      .3     747     0   0   0   0    25.8339   -83.9410     2451    65.74     75.91      349.16
0355   177.3   918.4     22.68     80.3     746   141    33.82    -21.16     26.38     7      .3     741     0   0   0   0    25.8340   -83.9411     2430    65.62     75.77      349.17
0356   177.8   919.1     22.72     80.2     740   141    33.77    -21.14     26.34     7      .2     734     0   0   0   0    25.8341   -83.9412     2410    65.52     75.66      349.17
0357   178.3   919.7     22.76     80.1     733   141    33.74    -21.12     26.31     7      .2     728     0   0   0   0    25.8342   -83.9413     2389    65.46     75.58      349.16
0358   178.8   920.4     22.80     80.0     727   141    33.72    -21.11     26.30     7      .2     722     0   0   0   0    25.8344   -83.9414     2368    65.42     75.54      349.15
0359   179.3   921.1     22.84     79.8     721   141    33.72    -21.11     26.29     7      .1     716     0   0   0   0    25.8345   -83.9416     2348    65.42     75.53      349.13
0360   179.8   921.7     22.88     79.7     714   141    33.73    -21.12     26.30     7      .1     709     0   0   0   0    25.8346   -83.9417     2327    65.44     75.56      349.11
0361   180.3   922.4     22.93     79.5     708   141    33.76    -21.15     26.31     7      .1     703     0   0   0   0    25.8347   -83.9418     2306    65.50     75.62      349.09
0362   180.8   923.1     22.97     79.4     702   141    33.80    -21.19     26.33     7      .0     696     0   0   0   3    25.8348   -83.9419     2285    65.58     75.72      349.07
0363   181.3   923.7     23.01     79.3     695   141    33.86    -21.26     26.35     7      .0     690     0   0   0   3    25.8350   -83.9420     2264    65.68     75.84      349.05
0364   181.8   924.4     23.05     79.2     689   141    33.92    -21.34     26.37     7      .0     684     0   0   0   3    25.8351   -83.9421     2243    65.81     75.99      349.03
0365   182.3   925.1     23.08     79.1     682   141    34.00    -21.43     26.39     7      .0     677     0   0   0   0    25.8352   -83.9422     2222    65.96     76.16      349.01
0366   182.8   925.8     23.11     79.0     676   141    34.08    -21.55     26.41     7      .0     671     0   0   0   0    25.8353   -83.9423     2201    66.12     76.35      349.00
0367   183.3   926.5     23.15     79.0     670   141    34.17    -21.68     26.42     7      .0     664     0   0   0   0    25.8354   -83.9424     2180    66.30     76.55      348.98
0368   183.8   927.1     23.17     78.9     663   140    34.27    -21.82     26.42     7      .0     658     0   0   0   3    25.8355   -83.9425     2159    66.48     76.76      348.96
0369   184.3   927.8     23.20     78.9     657   140    34.36    -21.96     26.43     7      .0     652     0   0   0   0    25.8357   -83.9426     2138    66.66     76.97      348.95
0370   184.8   928.5     23.22     78.9     650   140    34.46    -22.11     26.43     7      .0     645     0   0   0   0    25.8358   -83.9427     2117    66.84     77.18      348.93
0371   185.3   929.2     23.25     78.9     644   140    34.55    -22.26     26.42     7      .0     639     0   0   0   0    25.8359   -83.9428     2096    67.02     77.38      348.92
0372   185.8   929.8     23.27     78.9     638   140    34.63    -22.40     26.41     7      .0     632     0   0   0   0    25.8360   -83.9430     2075    67.19     77.57      348.90
0373   186.3   930.5     23.28     79.0     631   140    34.71    -22.54     26.40     7      .0     626     0   0   0   0    25.8361   -83.9431     2054    67.33     77.74      348.89
0374   186.8   931.2     23.30     79.0     625   139    34.77    -22.66     26.37     7      .0     620     0   0   0   0    25.8363   -83.9432     2033    67.45     77.88      348.87
0375   187.3   931.9     23.31     79.1     619   139    34.82    -22.77     26.33     7      .0     613     0   0   0   0    25.8364   -83.9433     2013    67.54     77.99      348.86
0376   187.8   932.5     23.32     79.2     612   139    34.84    -22.87     26.28     7      .0     607     0   0   0   0    25.8365   -83.9434     1992    67.60     78.05      348.84
0377   188.3   933.2     23.32     79.3     606   139    34.85    -22.96     26.21     7      .1     601     0   0   0   0    25.8366   -83.9435     1971    67.61     78.06      348.82
0378   188.8   933.9     23.32     79.5     600   139    34.83    -23.04     26.12     7      .1     594     0   0   0   0    25.8367   -83.9436     1950    67.57     78.02      348.79
0379   189.3   934.6     23.31     79.7     593   138    34.78    -23.11     25.99     7      .1     588     0   0   0   0    25.8369   -83.9438     1929    67.48     77.92      348.76
0380   189.8   935.2     23.30     79.9     587   138    34.71    -23.17     25.84     7      .1     582     0   0   0   0    25.8370   -83.9439     1908    67.34     77.75      348.72
0381   190.3   935.9     23.27     80.1     581   138    34.61    -23.23     25.66     7      .1     575     0   0   0   3    25.8371   -83.9440     1888    67.15     77.54      348.67
0382   190.8   936.6     23.25     80.4     574   138    34.49    -23.27     25.46     7      .2     569     0   0   0   3    25.8372   -83.9441     1867    66.92     77.27      348.61
0383   191.3   937.3     23.21     80.7     568   137    34.36    -23.31     25.23     7      .2     563     0   0   0   0    25.8373   -83.9442     1846    66.65     76.96      348.54
0384   191.8   937.9     23.17     81.1     562   137    34.20    -23.35     25.00     7      .2     557     0   0   0   0    25.8374   -83.9443     1826    66.35     76.61      348.46
0385   192.3   938.6     23.12     81.4     556   137    34.04    -23.37     24.75     7      .3     550     0   0   0   3    25.8375   -83.9444     1805    66.04     76.26      348.36
0386   192.8   939.3     23.08     81.8     549   136    33.88    -23.39     24.52     7      .3     544     0   0   0   0    25.8377   -83.9446     1785    65.73     75.90      348.26
0387   193.3   939.9     23.03     82.1     543   136    33.73    -23.40     24.30     8      .4     538     0   0   0   3    25.8378   -83.9447     1765    65.44     75.56      348.15
0388   193.8   940.6     22.98     82.4     537   136    33.59    -23.40     24.10     8      .4     532     0   0   0   0    25.8379   -83.9448     1745    65.17     75.25      348.03
0389   194.3   941.2     22.94     82.7     531   136    33.47    -23.40     23.93     8      .4     526     0   0   0   0    25.8380   -83.9449     1725    64.94     74.98      347.91
0390   194.8   941.9     22.91     82.9     525   135    33.38    -23.40     23.80     8      .4     520     0   0   0   0    25.8381   -83.9450     1705    64.75     74.77      347.78
0391   195.3   942.6     22.88     83.1     519   135    33.31    -23.41     23.70     8      .4     513     0   0   0   0    25.8382   -83.9451     1685    64.63     74.62      347.66
0392   195.8   943.2     22.85     83.2     513   135    33.28    -23.43     23.63     8      .4     507     0   0   0   0    25.8383   -83.9452     1664    64.56     74.54      347.55
0393   196.3   943.9     22.84     83.3     506   135    33.27    -23.47     23.58     7      .4     501     0   0   0   0    25.8384   -83.9454     1644    64.55     74.53      347.44
0394   196.8   944.5     22.83     83.4     500   135    33.30    -23.54     23.55     8      .4     495     0   0   0   0    25.8385   -83.9455     1624    64.60     74.59      347.35
0395   197.3   945.2     22.83     83.5     494   135    33.35    -23.63     23.53     8      .4     489     0   0   0   0    25.8386   -83.9456     1604    64.70     74.70      347.26
0396   197.8   945.9     22.83     83.5     488   135    33.42    -23.76     23.50     8      .4     483     0   0   0   0    25.8387   -83.9457     1584    64.84     74.87      347.19
0397   198.3   946.5     22.83     83.6     482   134    33.51    -23.93     23.46     8      .4     477     0   0   0   0    25.8388   -83.9458     1564    65.01     75.07      347.13
0398   198.8   947.2     22.83     83.7     476   134    33.61    -24.13     23.40     8      .3     471     0   0   0   0    25.8389   -83.9460     1544    65.20     75.29      347.07
0399   199.3   947.9     22.84     83.7     470   134    33.71    -24.36     23.31     8      .3     464     0   0   0   0    25.8390   -83.9461     1524    65.40     75.51      347.03
0400   199.8   948.5     22.84     83.8     464   133    33.80    -24.60     23.18     8      .3     458     0   0   0   0    25.8391   -83.9462     1503    65.58     75.72      346.99
0401   200.3   949.2     22.84     83.9     457   133    33.89    -24.86     23.03     8      .3     452     0   0   0   0    25.8393   -83.9463     1483    65.74     75.91      346.95
0402   200.8   949.9     22.84     84.1     451   132    33.95    -25.11     22.85     8      .2     446     0   0   0   0    25.8394   -83.9464     1463    65.86     76.05      346.92
0403   201.3   950.5     22.84     84.2     445   132    33.99    -25.35     22.64     8      .2     440     0   0   0   0    25.8395   -83.9466     1443    65.94     76.14      346.89
0404   201.8   951.2     22.84     84.4     439   131    34.00    -25.56     22.42     8      .2     434     0   0   0   0    25.8396   -83.9467     1422    65.96     76.16      346.86
0405   202.3   951.9     22.84     84.5     433   131    33.98    -25.72     22.20     8      .2     427     0   0   0   0    25.8397   -83.9468     1402    65.92     76.11      346.84
0406   202.8   952.6     22.84     84.6     426   130    33.92    -25.83     21.98     8      .1     421     0   0   0   0    25.8398   -83.9470     1381    65.80     75.98      346.81
0407   203.3   953.3     22.85     84.7     420   130    33.82    -25.88     21.78     8      .1     415     0   0   0   3    25.8399   -83.9471     1361    65.62     75.77      346.78
0408   203.8   953.9     22.86     84.8     414   130    33.69    -25.85     21.60     8      .0     409     0   0   0   0    25.8400   -83.9472     1340    65.36     75.47      346.76
0409   204.3   954.6     22.87     84.9     408   130    33.52    -25.76     21.45     8      .0     402     0   0   0   0    25.8401   -83.9473     1320    65.03     75.09      346.74
0410   204.8   955.3     22.90     84.9     401   130    33.32    -25.60     21.33     8     -.1     396     0   0   0   0    25.8401   -83.9475     1299    64.64     74.64      346.72
0411   205.3   956.0     22.93     84.8     395   130    33.10    -25.38     21.24     8     -.1     390     0   0   0   0    25.8402   -83.9476     1278    64.21     74.14      346.71
0412   205.8   956.7     22.96     84.7     389   130    32.86    -25.12     21.18     8     -.2     383     0   0   0   0    25.8403   -83.9477     1258    63.74     73.60      346.70
0413   206.3   957.4     23.01     84.6     382   130    32.61    -24.81     21.15     8     -.3     377     0   0   0   0    25.8404   -83.9479     1237    63.26     73.04      346.70
0414   206.8   958.1     23.06     84.4     376   131    32.36    -24.49     21.14     8     -.4     370     0   0   0   0    25.8405   -83.9480     1215    62.77     72.48      346.71
0415   207.3   958.8     23.11     84.3     369   131    32.12    -24.18     21.14     8     -.5     364     0   0   0   0    25.8406   -83.9481     1194    62.31     71.94      346.72
0416   207.8   959.5     23.17     84.1     363   132    31.89    -23.88     21.14     8     -.6     357     0   0   0   0    25.8407   -83.9482     1173    61.88     71.44      346.74
0417   208.3   960.2     23.23     83.9     356   132    31.69    -23.62     21.14     8     -.7     351     0   0   0   0    25.8408   -83.9483     1151    61.49     71.00      346.76
0418   208.8   961.0     23.29     83.7     349   132    31.52    -23.41     21.11     8     -.8     344     0   0   0   0    25.8409   -83.9484     1129    61.15     70.61      346.79
0419   209.3   961.7     23.35     83.5     343   132    31.38    -23.26     21.07     7     -.9     338     0   0   0   0    25.8410   -83.9486     1107    60.88     70.29      346.82
0420   209.8   962.4     23.41     83.3     336   132    31.27    -23.18     20.99     7    -1.1     331     0   0   0   0    25.8411   -83.9487     1085    60.66     70.04      346.86
0421   210.3   963.2     23.48     83.1     329   132    31.18    -23.16     20.88     7    -1.2     324     0   0   0   3    25.8412   -83.9488     1063    60.49     69.85      346.90
0422   210.8   964.0     23.54     83.0     322   132    31.12    -23.21     20.73     7    -1.3     317     0   0   0   3    25.8413   -83.9489     1040    60.37     69.71      346.95
0423   211.3   964.7     23.59     82.9     315   131    31.08    -23.31     20.55     7    -1.4     310     0   0   0   0    25.8414   -83.9490     1017    60.29     69.61      346.99
0424   211.8   965.5     23.65     82.7     308   131    31.04    -23.46     20.34     7    -1.5     303     0   0   0   0    25.8415   -83.9491      994    60.23     69.54      347.04
0425   212.3   966.3     23.71     82.6     301   130    31.02    -23.62     20.10     7    -1.6     296     0   0   0   0    25.8416   -83.9492      971    60.17     69.48      347.10
0426   212.8   967.1     23.76     82.5     294   130    30.99    -23.79     19.85     8    -1.7     289     0   0   0   0    25.8417   -83.9494      947    60.12     69.41      347.15
0427   213.3   967.9     23.82     82.5     287   129    30.95    -23.95     19.60     8    -1.8     282     0   0   0   0    25.8417   -83.9495      924    60.04     69.32      347.19
0428   213.8   968.7     23.87     82.3     280   129    30.89    -24.08     19.35     8    -1.9     274     0   0   0   0    25.8418   -83.9496      900    59.93     69.19      347.24
0429   214.3   969.4     23.93     82.2     272   128    30.81    -24.16     19.11     8    -1.9     267     0   0   0   0    25.8419   -83.9497      877    59.77     69.01      347.28
0430   214.8   970.2     23.98     82.1     265   128    30.70    -24.19     18.91     8    -2.0     260     0   0   0   0    25.8420   -83.9499      853    59.57     68.78      347.31
0431   215.3   971.1     24.04     82.0     258   128    30.57    -24.16     18.73     8    -2.0     253     0   0   0   0    25.8421   -83.9500      829    59.31     68.48      347.34
0432   215.8   971.9     24.10     81.8     251   128    30.41    -24.07     18.58     8    -2.0     245     0   0   0   0    25.8422   -83.9501      805    59.00     68.12      347.35
0433   216.3   972.7     24.16     81.6     243   128    30.23    -23.93     18.48     8    -2.0     238     0   0   0   0    25.8423   -83.9502      781    58.65     67.72      347.36
0434   216.8   973.5     24.22     81.4     236   128    30.04    -23.74     18.40     8    -2.1     231     0   0   0   0    25.8423   -83.9503      757    58.27     67.28      347.36
0435   217.3   974.3     24.28     81.2     229   128    29.83    -23.51     18.36     8    -2.1     224     0   0   0   3    25.8424   -83.9505      734    57.88     66.83      347.36
0436   217.8   975.1     24.34     80.9     222   128    29.64    -23.27     18.35     7    -2.1     216     0   0   0   0    25.8425   -83.9506      710    57.49     66.39      347.35
0437   218.3   975.9     24.41     80.7     214   129    29.45    -23.03     18.35     8    -2.1     209     0   0   0   0    25.8426   -83.9507      686    57.13     65.97      347.33
0438   218.8   976.7     24.47     80.4     207   129    29.28    -22.81     18.36     8    -2.1     202     0   0   0   0    25.8427   -83.9508      662    56.81     65.59      347.31
0439   219.3   977.5     24.54     80.1     200   129    29.14    -22.62     18.37     8    -2.2     194     0   0   0   3    25.8427   -83.9509      638    56.54     65.28      347.29
0440   219.8   978.3     24.60     79.8     192   129    29.03    -22.47     18.38     8    -2.2     187     0   0   0   0    25.8428   -83.9510      614    56.32     65.03      347.27
0441   220.3   979.1     24.67     79.5     185   129    28.95    -22.38     18.37     8    -2.3     180     0   0   0   0    25.8429   -83.9511      590    56.17     64.85      347.24
0442   220.8   980.0     24.74     79.2     178   129    28.91    -22.35     18.35     8    -2.4     172     0   0   0   3    25.8430   -83.9513      565    56.09     64.77      347.22
0443   221.3   980.8     24.81     78.9     170   129    28.91    -22.39     18.29     8    -2.4     165     0   0   0   0    25.8431   -83.9514      541    56.09     64.76      347.20
0444   221.8   981.6     24.88     78.7     163   129    28.93    -22.50     18.19     8    -2.5     157     0   0   0   3    25.8432   -83.9515      517    56.13     64.81      347.19
0445   222.3   982.5     24.95     78.4     155   129    28.98    -22.65     18.07     8    -2.5     150     0   0   0   0    25.8432   -83.9516      492    56.21     64.91      347.19
0446   222.8   983.3     25.02     78.2     148   128    29.03    -22.84     17.91     8    -2.6     142     0   0   0   3    25.8433   -83.9517      467    56.32     65.03      347.19
0447   223.3   984.1     25.08     77.9     140   128    29.09    -23.05     17.74     8    -2.6     135     0   0   0   3    25.8434   -83.9518      443    56.43     65.16      347.21
0448   223.8   985.0     25.15     77.7     133   127    29.14    -23.26     17.55     8    -2.6     127     0   0   0   3    25.8435   -83.9520      418    56.53     65.27      347.23
0449   224.3   985.8     25.22     77.5     125   127    29.18    -23.46     17.36     8    -2.6     120     0   0   0   0    25.8436   -83.9521      393    56.61     65.36      347.26
0450   224.8   986.7     25.29     77.4     118   126    29.21    -23.63     17.17     8    -2.5     112     0   0   0   0    25.8436   -83.9522      368    56.66     65.43      347.30
0451   225.3   987.5     25.35     77.2     110   126    29.22    -23.78     16.98     8    -2.5     105     0   0   0   0    25.8437   -83.9523      344    56.69     65.45      347.34
0452   225.8   988.3     25.42     77.0     103   125    29.21    -23.91     16.79     8    -2.4      97     0   0   0   0    25.8438   -83.9524      319    56.68     65.44      347.40
0453   226.3   989.2     25.49     76.9      95   125    29.20    -24.03     16.59     8    -2.3      90     0   0   0   0    25.8439   -83.9525      295    56.65     65.40      347.46
0454   226.8   990.0     25.56     76.8      88   124    29.17    -24.14     16.37     8    -2.2      83     0   0   0   0    25.8439   -83.9527      271    56.59     65.34      347.55
0455   227.3   990.8     25.62     76.7      80   124    29.12    -24.24     16.13     8    -2.1      75     0   0   0   0    25.8440   -83.9528      247    56.49     65.23      347.65
0456   227.8   991.6     25.69     76.6      73   123    29.05    -24.33     15.87     8    -1.9      68     0   0   0   0    25.8441   -83.9529      223    56.35     65.07      347.77
0457   228.3   992.4     25.76     76.6      66   123    28.96    -24.41     15.58     8    -1.7      61     0   0   0   0    25.8442   -83.9530      199    56.17     64.86      347.91
0458   228.8   993.2     25.83     76.6      59   122    28.84    -24.47     15.27     8    -1.5      54     0   0   0   0    25.8442   -83.9532      176    55.96     64.61      348.07
0459   229.3   994.0     25.90     76.6      52   121    28.71    -24.52     14.95     8    -1.2      47     0   0   0   0    25.8443   -83.9533      153    55.70     64.32      348.25
0460   229.8   994.8     25.96     76.7      45   121    28.59    -24.57     14.62     8    -1.0      40     0   0   0   0    25.8444   -83.9534      131    55.46     64.04      348.43
0461   230.3   995.5     26.03     76.7      39   120    28.52    -24.65     14.35     8     -.9      33     0   0   0   0    25.8444   -83.9535      110    55.33     63.89      348.60
0462   230.8   996.2     26.09     76.7      32   120    28.52    -24.80     14.08     8    -1.0      27     0   0   0   0    25.8445   -83.9536       89    55.32     63.87      348.79
0463   231.3   996.9     26.15     76.7      26   119    28.41    -24.92     13.65     8     -.9      21     0   0   0   0    25.8445   -83.9538       68    55.12     63.65      348.94
0464   231.8   997.6     26.21     76.4      20   118    28.03    -24.80     13.07     7     -.9      14     0   0   0   0    25.8446   -83.9539       47    54.38     62.79      348.86
0465   232.3   998.4     26.26     75.5      13   117    27.25    -24.30     12.33     6     -.9       7     3   3   3   0    25.8447   -83.9540       25    52.86     61.03      348.39
0466   232.8   999.3     26.32     74.0       5   118    26.38    -23.26     12.46     6    -1.1       0     0   0   0   0    25.8447   -83.9541        0    51.18     59.10      347.49
