 ===========================================================================
 DROPWINDSONDE PROCESSING RECORD                            Sonde: 982430185
 FRD file written by Aspen V3.4.8, 10 Jul 2023 19:19 UTC
 Aircraft: WP-3D, N42RF                      Date: 980826   Time: 125849 UTC
 ---------------------------------------------------------------------------
 Bias corrections:  PR =   0.0 mb  TE =   0.0 C  RH =   0.0 %  PRB =  0.0 mb
 Filters (LPF):     PTH = 
 Dyn RH correction = 
 Estimated PR used = 
 Dyn T correction  = 
 ---------------------------------------------------------------------------
 COMMENT: 
 ===========================================================================

 ===========================================================================
 Date: 980826   Lat:  32.77 N   TA:   12.7 C   PS:  644.3 mb   WD:   260 deg
 Time: 125849   Lon:  77.82 W   TD:   10.6 C   GA:   3511 m    WS:   4.2 m/s
 SID:  982430185                RH:   87.0 %   Navaid:   GP
 ===========================================================================

IX      t (s)  P (mb)    T (C)    RH (%)  Z (m)   WD    WS (m/s)   U (m/s)   V (m/s)  NS  WZ (m/s)  ZW (m)   FP  FT  FH  FW    LAT (N)   LON (E)
0001    0.10  -999.0   -999.00   -999.0    -999  -999  -999.00   -999.00   -999.00  -999  -999.0    -999     0   0   0   0    -999.000  -999.000
0002    0.60  -999.0   -999.00   -999.0    -999  -999  -999.00   -999.00   -999.00  -999  -999.0    -999     0   0   0   0    -999.000  -999.000
0003    1.10  -999.0   -999.00   -999.0    -999  -999  -999.00   -999.00   -999.00  -999  -999.0    -999     0   0   0   0    -999.000  -999.000
0004    1.60  -999.0   -999.00   -999.0    -999  -999  -999.00   -999.00   -999.00     0  -999.0    -999     0   0   0   0    -999.000  -999.000
0005    2.10  -999.0   -999.00   -999.0    -999  -999  -999.00   -999.00   -999.00     0  -999.0    -999     0   0   0   0    -999.000  -999.000
0006    2.60  -999.0   -999.00   -999.0    -999  -999  -999.00   -999.00   -999.00     0  -999.0    -999     0   0   0   0    -999.000  -999.000
0007    3.10  -999.0   -999.00   -999.0    -999  -999  -999.00   -999.00   -999.00     0  -999.0    -999     0   0   0   0    -999.000  -999.000
0008    3.60  -999.0   -999.00   -999.0    -999  -999  -999.00   -999.00   -999.00     0  -999.0    -999     0   0   0   0    -999.000  -999.000
0009    4.10  -999.0   -999.00   -999.0    -999  -999  -999.00   -999.00   -999.00     0  -999.0    -999     0   0   0   0    -999.000  -999.000
0010    4.60  -999.0   -999.00   -999.0    -999  -999  -999.00   -999.00   -999.00     0  -999.0    -999     0   0   0   0    -999.000  -999.000
0011    5.10  -999.0   -999.00   -999.0    -999  -999  -999.00   -999.00   -999.00     0  -999.0    -999     0   0   0   0    -999.000  -999.000
0012    5.60  -999.0   -999.00   -999.0    -999  -999  -999.00   -999.00   -999.00     0  -999.0    -999     0   0   0   0    -999.000  -999.000
0013    6.10  -999.0   -999.00   -999.0    -999  -999  -999.00   -999.00   -999.00     0  -999.0    -999     0   0   0   0    -999.000  -999.000
0014    6.60  -999.0   -999.00   -999.0    -999  -999  -999.00   -999.00   -999.00     0  -999.0    -999     0   0   0   0    -999.000  -999.000
0015    7.10  -999.0   -999.00   -999.0    -999  -999  -999.00   -999.00   -999.00     0  -999.0    -999     0   0   0   0    -999.000  -999.000
0016    7.60  -999.0   -999.00   -999.0    -999  -999  -999.00   -999.00   -999.00     0  -999.0    -999     0   0   0   0    -999.000  -999.000
0017    8.10  -999.0   -999.00   -999.0    -999  -999  -999.00   -999.00   -999.00     0  -999.0    -999     0   0   0   0    -999.000  -999.000
0018    8.60  -999.0   -999.00   -999.0    -999  -999  -999.00   -999.00   -999.00     0  -999.0    -999     0   0   0   0    -999.000  -999.000
0019    9.10  -999.0   -999.00   -999.0    -999  -999  -999.00   -999.00   -999.00     0  -999.0    -999     0   0   0   0    -999.000  -999.000
0020    9.60  -999.0   -999.00   -999.0    -999  -999  -999.00   -999.00   -999.00     0  -999.0    -999     0   0   0   0    -999.000  -999.000
0021   10.10  -999.0   -999.00   -999.0    -999  -999  -999.00   -999.00   -999.00     0  -999.0    -999     0   0   0   0    -999.000  -999.000
0022   10.60  -999.0   -999.00   -999.0    -999  -999  -999.00   -999.00   -999.00     0  -999.0    -999     0   0   0   0    -999.000  -999.000
0023   11.10  -999.0   -999.00   -999.0    -999  -999  -999.00   -999.00   -999.00     0  -999.0    -999     0   0   0   0    -999.000  -999.000
0024   11.60  -999.0   -999.00   -999.0    -999  -999  -999.00   -999.00   -999.00     0  -999.0    -999     0   0   0   0    -999.000  -999.000
0025   12.10  -999.0   -999.00   -999.0    -999  -999  -999.00   -999.00   -999.00     0  -999.0    -999     0   0   0   0    -999.000  -999.000
0026   12.60  -999.0   -999.00   -999.0    -999  -999  -999.00   -999.00   -999.00     0  -999.0    -999     0   0   0   0    -999.000  -999.000
0027   13.10  -999.0   -999.00   -999.0    -999  -999  -999.00   -999.00   -999.00     0  -999.0    -999     0   0   0   0    -999.000  -999.000
0028   13.60  -999.0   -999.00   -999.0    -999  -999  -999.00   -999.00   -999.00     0  -999.0    -999     0   0   0   0    -999.000  -999.000
0029   14.10   665.8     13.96   -999.0    3230  -999  -999.00   -999.00   -999.00     0    -4.4    3230     0   0   0   0    -999.000  -999.000
0030   14.60   666.4     13.97   -999.0    3222  -999  -999.00   -999.00   -999.00     0    -4.3    3222     0   0   0   0    -999.000  -999.000
0031   15.10   667.0     13.99   -999.0    3214  -999  -999.00   -999.00   -999.00     0    -4.1    3214     0   0   0   0    -999.000  -999.000
0032   15.60   667.6     14.00   -999.0    3206  -999  -999.00   -999.00   -999.00     0    -4.0    3206     0   0   0   0    -999.000  -999.000
0033   16.10   668.3     14.01   -999.0    3198  -999  -999.00   -999.00   -999.00     0    -3.9    3198     0   0   0   0    -999.000  -999.000
0034   16.60   668.9     14.02   -999.0    3190  -999  -999.00   -999.00   -999.00     0    -3.8    3190     0   0   0   0    -999.000  -999.000
0035   17.10   669.5     14.03   -999.0    3183  -999  -999.00   -999.00   -999.00     0    -3.8    3183     0   0   0   0    -999.000  -999.000
0036   17.60   670.1     14.04   -999.0    3175  -999  -999.00   -999.00   -999.00     0    -3.8    3175     0   0   0   0    -999.000  -999.000
0037   18.10   670.7     14.06   -999.0    3167  -999  -999.00   -999.00   -999.00     0    -3.8    3167     0   0   0   0    -999.000  -999.000
0038   18.60   671.4     14.07   -999.0    3159  -999  -999.00   -999.00   -999.00     0    -3.8    3159     0   0   0   0    -999.000  -999.000
0039   19.10   672.0     14.09   -999.0    3151  -999  -999.00   -999.00   -999.00     0    -3.8    3151     0   0   0   0    -999.000  -999.000
0040   19.60   672.6     14.11   -999.0    3143  -999  -999.00   -999.00   -999.00     0    -3.8    3143     0   0   0   0    -999.000  -999.000
0041   20.10   673.2     14.14   -999.0    3136  -999  -999.00   -999.00   -999.00     0    -3.9    3136     0   0   0   0    -999.000  -999.000
0042   20.60   673.8     14.16   -999.0    3128  -999  -999.00   -999.00   -999.00     0    -3.9    3128     0   0   0   0    -999.000  -999.000
0043   21.10   674.5     14.19   -999.0    3120  -999  -999.00   -999.00   -999.00     0    -3.9    3120     0   0   0   0    -999.000  -999.000
0044   21.60   675.1     14.23   -999.0    3112  -999  -999.00   -999.00   -999.00     0    -3.9    3112     0   0   0   0    -999.000  -999.000
0045   22.10   675.7     14.27   -999.0    3104  -999  -999.00   -999.00   -999.00     0    -3.9    3104     0   0   0   0    -999.000  -999.000
0046   22.60   676.4     14.31   -999.0    3096  -999  -999.00   -999.00   -999.00     0    -3.9    3096     0   0   0   0    -999.000  -999.000
0047   23.10   677.0     14.36   -999.0    3088  -999  -999.00   -999.00   -999.00     0    -3.9    3088     0   0   0   0    -999.000  -999.000
0048   23.60   677.6     14.41   -999.0    3080  -999  -999.00   -999.00   -999.00     0    -3.9    3080     0   0   0   0    -999.000  -999.000
0049   24.10   678.2     14.46   -999.0    3073  -999  -999.00   -999.00   -999.00     0    -3.9    3073     0   0   0   0    -999.000  -999.000
0050   24.60   678.9     14.50   -999.0    3065  -999  -999.00   -999.00   -999.00     0    -3.9    3065     0   0   0   0    -999.000  -999.000
0051   25.10   679.5     14.55     81.4    3057  -999  -999.00   -999.00   -999.00     0    -3.9    3057     0   0   0   0    -999.000  -999.000
0052   25.60   680.1     14.59     81.8    3049  -999  -999.00   -999.00   -999.00     0    -3.8    3049     0   0   0   0    -999.000  -999.000
0053   26.10   680.7     14.63     82.1    3041  -999  -999.00   -999.00   -999.00     0    -3.8    3041     0   0   0   0    -999.000  -999.000
0054   26.60   681.4     14.67     82.5    3034  -999  -999.00   -999.00   -999.00     0    -3.8    3034     0   0   0   0    -999.000  -999.000
0055   27.10   682.0     14.70     82.9    3026  -999  -999.00   -999.00   -999.00     0    -3.8    3026     0   0   0   0    -999.000  -999.000
0056   27.60   682.6     14.73     83.3    3018  -999  -999.00   -999.00   -999.00     0    -3.8    3018     0   0   0   0    -999.000  -999.000
0057   28.10   683.2     14.75     83.7    3010  -999  -999.00   -999.00   -999.00     0    -3.8    3010     0   0   0   0    -999.000  -999.000
0058   28.60   683.9     14.77     84.0    3003  -999  -999.00   -999.00   -999.00     0    -3.7    3003     0   0   0   0    -999.000  -999.000
0059   29.10   684.5     14.80     84.2    2995  -999  -999.00   -999.00   -999.00     0    -3.7    2995     0   0   0   0    -999.000  -999.000
0060   29.60   685.1     14.82     84.4    2987  -999  -999.00   -999.00   -999.00     0    -3.7    2987     0   0   0   0    -999.000  -999.000
0061   30.10   685.7     14.84     84.5    2979  -999  -999.00   -999.00   -999.00     0    -3.7    2979     0   0   0   0    -999.000  -999.000
0062   30.60   686.4     14.86     84.7    2972  -999  -999.00   -999.00   -999.00     0    -3.7    2972     0   0   0   0    -999.000  -999.000
0063   31.10   687.0     14.88     85.0    2964  -999  -999.00   -999.00   -999.00     0    -3.7    2964     0   0   0   0    -999.000  -999.000
0064   31.60   687.6     14.91     85.2    2956  -999  -999.00   -999.00   -999.00     0    -3.7    2956     0   0   0   0    -999.000  -999.000
0065   32.10   688.2     14.93     85.5    2948  -999  -999.00   -999.00   -999.00     0    -3.7    2948     0   0   0   0    -999.000  -999.000
0066   32.60   688.9     14.96     85.8    2941  -999  -999.00   -999.00   -999.00     0    -3.7    2941     0   0   0   0    -999.000  -999.000
0067   33.10   689.5     14.98     86.1    2933  -999  -999.00   -999.00   -999.00     0    -3.7    2933     0   0   0   0    -999.000  -999.000
0068   33.60  -999.0   -999.00   -999.0    -999  -999  -999.00   -999.00   -999.00     0  -999.0    -999     0   0   0   0    -999.000  -999.000
0069   34.10  -999.0   -999.00   -999.0    -999  -999  -999.00   -999.00   -999.00     0  -999.0    -999     0   0   0   0    -999.000  -999.000
0070   34.60  -999.0   -999.00   -999.0    -999  -999  -999.00   -999.00   -999.00  -999  -999.0    -999     0   0   0   0    -999.000  -999.000
0071   35.10   692.0     15.10     86.6    2902  -999  -999.00   -999.00   -999.00     0    -3.8    2902     0   0   0   0    -999.000  -999.000
0072   35.60   692.6     15.13     86.7    2894  -999  -999.00   -999.00   -999.00  -999    -3.8    2894     0   0   0   0    -999.000  -999.000
0073   36.10   693.2     15.16     86.7    2887  -999  -999.00   -999.00   -999.00     0    -3.8    2887     0   0   0   0    -999.000  -999.000
0074   36.60   693.9     15.19     86.7    2879  -999  -999.00   -999.00   -999.00     0    -3.8    2879     0   0   0   0    -999.000  -999.000
0075   37.10   694.5     15.22     86.8    2871  -999  -999.00   -999.00   -999.00     0    -3.8    2871     0   0   0   0    -999.000  -999.000
0076   37.60   695.1     15.25     86.8    2863  -999  -999.00   -999.00   -999.00     0    -3.8    2863     0   0   0   0    -999.000  -999.000
0077   38.10   695.8     15.28     86.7    2856  -999  -999.00   -999.00   -999.00     0    -3.8    2856     0   0   0   0    -999.000  -999.000
0078   38.60   696.4     15.31     86.6    2848  -999  -999.00   -999.00   -999.00     0    -3.8    2848     0   0   0   0    -999.000  -999.000
0079   39.10   697.0     15.34     86.4    2840  -999  -999.00   -999.00   -999.00     0    -3.8    2840     0   0   0   0    -999.000  -999.000
0080   39.60   697.7     15.38     86.1    2833  -999  -999.00   -999.00   -999.00     0    -3.7    2833     0   0   0   0    -999.000  -999.000
0081   40.10   698.3     15.41     85.8    2825  -999  -999.00   -999.00   -999.00     0    -3.7    2825     0   0   0   0    -999.000  -999.000
0082   40.60   698.9     15.44     85.4    2817  -999  -999.00   -999.00   -999.00     0    -3.7    2817     0   0   0   0    -999.000  -999.000
0083   41.10   699.6     15.47     85.1    2810  -999  -999.00   -999.00   -999.00     0    -3.7    2810     0   0   0   0    -999.000  -999.000
0084   41.60   700.2     15.50     84.8    2802  -999  -999.00   -999.00   -999.00     0    -3.7    2802     0   0   0   0    -999.000  -999.000
0085   42.10   700.8     15.53     84.6    2794  -999  -999.00   -999.00   -999.00     0    -3.7    2794     0   0   0   0    -999.000  -999.000
0086   42.60   701.4     15.56     84.5    2787  -999  -999.00   -999.00   -999.00     0    -3.7    2787     0   0   0   0    -999.000  -999.000
0087   43.10   702.1     15.60     84.5    2779  -999  -999.00   -999.00   -999.00     0    -3.7    2779     0   0   0   0    -999.000  -999.000
0088   43.60   702.7     15.62     84.6    2771  -999  -999.00   -999.00   -999.00     0    -3.7    2771     0   0   0   0    -999.000  -999.000
0089   44.10   703.3     15.65     84.8    2764  -999  -999.00   -999.00   -999.00     0    -3.7    2764     0   0   0   0    -999.000  -999.000
0090   44.60   704.0     15.68     85.1    2756  -999  -999.00   -999.00   -999.00     0    -3.7    2756     0   0   0   0    -999.000  -999.000
0091   45.10   704.6     15.70     85.4    2748  -999  -999.00   -999.00   -999.00     5    -3.7    2748     0   0   0   0    -999.000  -999.000
0092   45.60   705.2     15.73     85.7    2741  -999  -999.00   -999.00   -999.00     5    -3.7    2741     0   0   0   0    -999.000  -999.000
0093   46.10   705.9     15.75     86.0    2733  -999  -999.00   -999.00   -999.00     5    -3.7    2733     0   0   0   0    -999.000  -999.000
0094   46.60   706.5     15.76     86.3    2725  -999  -999.00   -999.00   -999.00     5    -3.7    2725     0   0   0   0    -999.000  -999.000
0095   47.10   707.1     15.78     86.6    2718  -999  -999.00   -999.00   -999.00     5    -3.7    2718     0   0   0   0    -999.000  -999.000
0096   47.60   707.8     15.80     86.9    2710  -999  -999.00   -999.00   -999.00     5    -3.7    2710     0   0   0   0    -999.000  -999.000
0097   48.10   708.4     15.82     87.2    2702  -999  -999.00   -999.00   -999.00     5    -3.7    2702     0   0   0   0    -999.000  -999.000
0098   48.60   709.0     15.84     87.5    2695  -999  -999.00   -999.00   -999.00     5    -3.7    2695     0   0   0   0    -999.000  -999.000
0099   49.10   709.7     15.86     87.8    2687  -999  -999.00   -999.00   -999.00     5    -3.6    2687     0   0   0   0    -999.000  -999.000
0100   49.60   710.3     15.87     88.1    2680  -999  -999.00   -999.00   -999.00     5    -3.6    2680     0   0   0   0    -999.000  -999.000
0101   50.10   710.9     15.89     88.4    2672  -999  -999.00   -999.00   -999.00     4    -3.6    2672     0   0   0   0    -999.000  -999.000
0102   50.60   711.6     15.91     88.8    2665  -999  -999.00   -999.00   -999.00     5    -3.6    2665     0   0   0   0    -999.000  -999.000
0103   51.10   712.2     15.92     89.1    2657  -999  -999.00   -999.00   -999.00     5    -3.6    2657     0   0   0   0    -999.000  -999.000
0104   51.60   712.8     15.93     89.4    2649  -999  -999.00   -999.00   -999.00     5    -3.6    2649     0   0   0   0    -999.000  -999.000
0105   52.10  -999.0   -999.00   -999.0    -999  -999  -999.00   -999.00   -999.00     5  -999.0    -999     0   0   0   0    -999.000  -999.000
0106   52.60  -999.0   -999.00   -999.0    -999  -999  -999.00   -999.00   -999.00     5  -999.0    -999     0   0   0   0    -999.000  -999.000
0107   53.10   714.7     15.98     90.1    2627  -999  -999.00   -999.00   -999.00     5    -3.5    2627     0   0   0   0    -999.000  -999.000
0108   53.60   715.3     15.99     90.3    2619  -999  -999.00   -999.00   -999.00     5    -3.5    2619     0   0   0   0    -999.000  -999.000
0109   54.10   716.0     16.01     90.5    2612  -999  -999.00   -999.00   -999.00     5    -3.5    2612     0   0   0   0    -999.000  -999.000
0110   54.60   716.6     16.03     90.6    2604  -999  -999.00   -999.00   -999.00     5    -3.5    2604     0   0   0   0    -999.000  -999.000
0111   55.10   717.2     16.06     90.7    2597  -999  -999.00   -999.00   -999.00     5    -3.5    2597     0   0   0   0    -999.000  -999.000
0112   55.60   717.8     16.08     90.8    2589  -999  -999.00   -999.00   -999.00     5    -3.5    2589     0   0   0   0    -999.000  -999.000
0113   56.10   718.5     16.11     90.9    2582  -999  -999.00   -999.00   -999.00     5    -3.5    2582     0   0   0   0    -999.000  -999.000
0114   56.60   719.1     16.13     90.9    2574  -999  -999.00   -999.00   -999.00  -999    -3.4    2574     0   0   0   0    -999.000  -999.000
0115   57.10  -999.0   -999.00   -999.0    -999  -999  -999.00   -999.00   -999.00     5  -999.0    -999     0   0   0   0    -999.000  -999.000
0116   57.60  -999.0   -999.00   -999.0    -999  -999  -999.00   -999.00   -999.00     5  -999.0    -999     0   0   0   0    -999.000  -999.000
0117   58.10  -999.0   -999.00   -999.0    -999  -999  -999.00   -999.00   -999.00     5  -999.0    -999     0   0   0   0    -999.000  -999.000
0118   58.60  -999.0   -999.00   -999.0    -999  -999  -999.00   -999.00   -999.00     5  -999.0    -999     0   0   0   0    -999.000  -999.000
0119   59.10  -999.0   -999.00   -999.0    -999  -999  -999.00   -999.00   -999.00     5  -999.0    -999     0   0   0   0    -999.000  -999.000
0120   59.60   722.9     16.33     91.2    2530  -999  -999.00   -999.00   -999.00  -999    -3.5    2530     0   0   0   0    -999.000  -999.000
0121   60.10   723.5     16.36     91.3    2522  -999  -999.00   -999.00   -999.00  -999    -3.5    2522     0   0   0   0    -999.000  -999.000
0122   60.60  -999.0   -999.00   -999.0    -999   292     1.94      1.80     -0.74     6  -999.0    -999     0   0   0   0      32.776   -77.822
0123   61.10   724.8     16.41     91.4    2507   294     1.98      1.81     -0.80     6    -3.4    2507     0   0   0   0      32.776   -77.822
0124   61.60   725.4     16.43     91.5    2500  -999  -999.00   -999.00   -999.00  -999    -3.4    2500     0   0   0   0    -999.000  -999.000
0125   62.10   726.0     16.45     91.6    2492   297     2.04      1.82     -0.93     7    -3.4    2492     0   0   0   0      32.776   -77.822
0126   62.60   726.7     16.47     91.7    2485   299     2.07      1.81     -1.00     6    -3.4    2485     0   0   0   0      32.776   -77.822
0127   63.10  -999.0   -999.00   -999.0    -999   301     2.09      1.80     -1.07     6  -999.0    -999     0   0   0   0      32.776   -77.822
0128   63.60  -999.0   -999.00   -999.0    -999  -999  -999.00   -999.00   -999.00  -999  -999.0    -999     0   0   0   0    -999.000  -999.000
0129   64.10  -999.0   -999.00   -999.0    -999   304     2.12      1.76     -1.19     6  -999.0    -999     0   0   0   0      32.776   -77.822
0130   64.60  -999.0   -999.00   -999.0    -999  -999  -999.00   -999.00   -999.00  -999  -999.0    -999     0   0   0   0    -999.000  -999.000
0131   65.10  -999.0   -999.00   -999.0    -999  -999  -999.00   -999.00   -999.00  -999  -999.0    -999     0   0   0   0    -999.000  -999.000
0132   65.60  -999.0   -999.00   -999.0    -999  -999  -999.00   -999.00   -999.00     0  -999.0    -999     0   0   0   0    -999.000  -999.000
0133   66.10  -999.0   -999.00   -999.0    -999  -999  -999.00   -999.00   -999.00  -999  -999.0    -999     0   0   0   0    -999.000  -999.000
0134   66.60   731.7     16.66     92.0    2426  -999  -999.00   -999.00   -999.00  -999    -3.3    2426     0   0   0   0    -999.000  -999.000
0135   67.10   732.3     16.69     92.1    2418   310     2.08      1.59     -1.35     6    -3.3    2418     0   0   0   0      32.776   -77.822
0136   67.60  -999.0   -999.00   -999.0    -999  -999  -999.00   -999.00   -999.00  -999  -999.0    -999     0   0   0   0    -999.000  -999.000
0137   68.10   733.6     16.75     92.3    2404  -999  -999.00   -999.00   -999.00  -999    -3.2    2404     0   0   0   0    -999.000  -999.000
0138   68.60   734.2     16.78     92.4    2397  -999  -999.00   -999.00   -999.00  -999    -3.2    2397     0   0   0   0    -999.000  -999.000
0139   69.10   734.8     16.81     92.6    2389   311     1.98      1.49     -1.30     6    -3.2    2389     0   0   0   0      32.776   -77.822
0140   69.60   735.5     16.84     92.7    2382   311     1.97      1.49     -1.29     6    -3.2    2382     0   0   0   0      32.776   -77.822
0141   70.10  -999.0   -999.00   -999.0    -999  -999  -999.00   -999.00   -999.00  -999  -999.0    -999     0   0   0   0    -999.000  -999.000
0142   70.60   736.7     16.91     92.9    2367   310     1.97      1.50     -1.27     6    -3.3    2367     0   0   0   0      32.776   -77.822
0143   71.10   737.3     16.94     93.0    2360   310     1.98      1.52     -1.27     6    -3.3    2360     0   0   0   0      32.776   -77.822
0144   71.60   738.0     16.97     93.0    2353   310     2.00      1.54     -1.28     6    -3.4    2353     0   0   0   0      32.776   -77.822
0145   72.10   738.6     17.00     93.1    2345   309     2.02      1.56     -1.28     6    -3.4    2345     0   0   0   0      32.776   -77.822
0146   72.60  -999.0   -999.00   -999.0    -999  -999  -999.00   -999.00   -999.00  -999  -999.0    -999     0   0   0   0    -999.000  -999.000
0147   73.10  -999.0   -999.00   -999.0    -999   309     2.06      1.60     -1.30     6  -999.0    -999     0   0   0   0      32.776   -77.822
0148   73.60   740.5     17.11     93.3    2323  -999  -999.00   -999.00   -999.00  -999    -3.5    2323     0   0   0   0    -999.000  -999.000
0149   74.10   741.2     17.14     93.3    2316   309     2.09      1.62     -1.31     6    -3.6    2316     0   0   0   0      32.776   -77.822
0150   74.60  -999.0   -999.00   -999.0    -999  -999  -999.00   -999.00   -999.00  -999  -999.0    -999     0   0   0   0    -999.000  -999.000
0151   75.10   742.5     17.21     93.4    2301   309     2.12      1.64     -1.34     6    -3.6    2301     0   0   0   0      32.776   -77.822
0152   75.60  -999.0   -999.00   -999.0    -999   309     2.14      1.65     -1.36     6  -999.0    -999     0   0   0   0      32.776   -77.822
0153   76.10   743.7     17.27     93.3    2286  -999  -999.00   -999.00   -999.00  -999    -3.7    2286     0   0   0   0    -999.000  -999.000
0154   76.60   744.4     17.30     93.2    2278   310     2.18      1.67     -1.40     6    -3.7    2278     0   0   0   0      32.776   -77.822
0155   77.10   745.0     17.34     93.1    2271   310     2.20      1.68     -1.42     6    -3.7    2271     0   0   0   0      32.776   -77.822
0156   77.60  -999.0   -999.00   -999.0    -999  -999  -999.00   -999.00   -999.00  -999  -999.0    -999     0   0   0   0    -999.000  -999.000
0157   78.10   746.4     17.41     92.7    2256  -999  -999.00   -999.00   -999.00  -999    -3.7    2256     0   0   0   0    -999.000  -999.000
0158   78.60   747.0     17.45     92.4    2248   311     2.21      1.66     -1.47     6    -3.6    2248     0   0   0   0      32.776   -77.822
0159   79.10   747.7     17.49     92.0    2241   312     2.21      1.65     -1.48     6    -3.6    2241     0   0   0   0      32.776   -77.822
0160   79.60   748.3     17.54     91.6    2233   313     2.21      1.62     -1.49     6    -3.5    2233     0   0   0   0      32.776   -77.822
0161   80.10   748.9     17.59     91.2    2226   313     2.20      1.60     -1.51     6    -3.5    2226     0   0   0   0      32.776   -77.822
0162   80.60   749.6     17.64     90.7    2219  -999  -999.00   -999.00   -999.00  -999    -3.4    2219     0   0   0   0    -999.000  -999.000
0163   81.10   750.2     17.69     90.3    2211   315     2.16      1.54     -1.52     6    -3.4    2211     0   0   0   0      32.776   -77.822
0164   81.60   750.9     17.73     89.9    2204   315     2.14      1.50     -1.53     6    -3.3    2204     0   0   0   0      32.776   -77.822
0165   82.10   751.5     17.78     89.5    2197   316     2.12      1.47     -1.52     6    -3.3    2197     0   0   0   0      32.776   -77.822
0166   82.60   752.1     17.83     89.2    2190   316     2.09      1.44     -1.52     6    -3.2    2190     0   0   0   0      32.776   -77.822
0167   83.10  -999.0   -999.00   -999.0    -999   317     2.07      1.41     -1.51     6  -999.0    -999     0   0   0   0      32.776   -77.822
0168   83.60   753.4     17.91     88.7    2175   317     2.04      1.39     -1.49     6    -3.2    2175     0   0   0   0      32.776   -77.822
0169   84.10   754.0     17.95     88.6    2168   317     2.02      1.37     -1.48     6    -3.2    2168     0   0   0   0      32.776   -77.822
0170   84.60   754.7     17.99     88.5    2161  -999  -999.00   -999.00   -999.00  -999    -3.1    2161     0   0   0   0    -999.000  -999.000
0171   85.10   755.3     18.03     88.4    2154   317     1.96      1.34     -1.43     6    -3.1    2154     0   0   0   0      32.776   -77.822
0172   85.60   755.9     18.06     88.3    2146   316     1.94      1.34     -1.40     6    -3.1    2146     0   0   0   0      32.776   -77.822
0173   86.10   756.6     18.09     88.3    2139   316     1.91      1.33     -1.37     6    -3.1    2139     0   0   0   0      32.776   -77.822
0174   86.60   757.2     18.12     88.3    2132   315     1.89      1.32     -1.35     6    -3.1    2132     0   0   0   0      32.776   -77.822
0175   87.10   757.8     18.15     88.3    2125   315     1.86      1.32     -1.32     6    -3.1    2125     0   0   0   0      32.776   -77.822
0176   87.60   758.4     18.18     88.4    2118   315     1.85      1.31     -1.30     6    -3.0    2118     0   0   0   0      32.776   -77.822
0177   88.10   759.1     18.21     88.6    2111   314     1.83      1.30     -1.28     6    -3.0    2111     0   0   0   0      32.776   -77.822
0178   88.60   759.7     18.23     88.8    2103   315     1.82      1.29     -1.28     6    -3.0    2103     0   0   0   0      32.776   -77.822
0179   89.10   760.3     18.25     89.0    2096   315     1.81      1.27     -1.28     6    -3.0    2096     0   0   0   0      32.776   -77.822
0180   89.60   761.0     18.27     89.3    2089   316     1.80      1.24     -1.30     6    -3.0    2089     0   0   0   0      32.776   -77.822
0181   90.10   761.6     18.29     89.5    2082   317     1.79      1.21     -1.32     6    -3.0    2082     0   0   0   0      32.776   -77.822
0182   90.60   762.2     18.30     89.7    2075   319     1.78      1.17     -1.33     6    -3.0    2075     0   0   0   0      32.776   -77.822
0183   91.10   762.8     18.31     89.9    2068   320     1.76      1.14     -1.34     6    -3.0    2068     0   0   0   0      32.776   -77.822
0184   91.60   763.5     18.32     90.1    2061   321     1.74      1.10     -1.35     6    -3.0    2061     0   0   0   0      32.776   -77.822
0185   92.10  -999.0   -999.00   -999.0    -999   321     1.72      1.07     -1.35     6  -999.0    -999     0   0   0   0      32.776   -77.822
0186   92.60   764.7     18.34     90.4    2047  -999  -999.00   -999.00   -999.00  -999    -3.1    2047     0   0   0   0    -999.000  -999.000
0187   93.10   765.4     18.35     90.6    2039  -999  -999.00   -999.00   -999.00  -999    -3.1    2039     0   0   0   0    -999.000  -999.000
0188   93.60   766.0     18.35     90.9    2032   323     1.66      1.01     -1.32     6    -3.1    2032     0   0   0   0      32.776   -77.822
0189   94.10   766.6     18.36     91.3    2025   323     1.65      1.00     -1.32     6    -3.2    2025     0   0   0   0      32.776   -77.822
0190   94.60   767.3     18.38     91.7    2018   323     1.64      0.98     -1.32     6    -3.2    2018     0   0   0   0      32.776   -77.822
0191   95.10   767.9     18.39     92.1    2011  -999  -999.00   -999.00   -999.00  -999    -3.2    2011     0   0   0   0    -999.000  -999.000
0192   95.60   768.6     18.41     92.6    2004   324     1.64      0.97     -1.33     7    -3.3    2004     0   0   0   0      32.776   -77.822
0193   96.10   769.2     18.44     93.0    1996   324     1.65      0.97     -1.33     7    -3.3    1996     0   0   0   0      32.776   -77.822
0194   96.60   769.8     18.46     93.4    1989  -999  -999.00   -999.00   -999.00  -999    -3.3    1989     0   0   0   0    -999.000  -999.000
0195   97.10   770.5     18.49     93.8    1982   324     1.67      0.98     -1.35     7    -3.3    1982     0   0   0   0      32.776   -77.822
0196   97.60   771.1     18.53     94.1    1975   324     1.67      0.99     -1.35     7    -3.3    1975     0   0   0   0      32.776   -77.822
0197   98.10   771.8     18.56     94.4    1967   323     1.68      1.00     -1.34     7    -3.2    1967     0   0   0   0      32.776   -77.822
0198   98.60   772.4     18.60     94.6    1960  -999  -999.00   -999.00   -999.00  -999    -3.2    1960     0   0   0   0    -999.000  -999.000
0199   99.10  -999.0   -999.00   -999.0    -999   323     1.66      1.01     -1.32     7  -999.0    -999     0   0   0   0      32.776   -77.822
0200   99.60  -999.0   -999.00   -999.0    -999   323     1.65      1.00     -1.31     7  -999.0    -999     0   0   0   0      32.776   -77.822
0201  100.10  -999.0   -999.00   -999.0    -999   323     1.62      0.98     -1.29     7  -999.0    -999     0   0   0   0      32.776   -77.822
0202  100.60   775.0     18.75     95.3    1932   323     1.60      0.96     -1.28     7    -3.1    1932     0   0   0   0      32.776   -77.822
0203  101.10   775.6     18.79     95.4    1925   324     1.58      0.93     -1.28     7    -3.1    1925     0   0   0   0      32.776   -77.822
0204  101.60   776.2     18.83     95.5    1918   325     1.56      0.89     -1.28     7    -3.0    1918     0   0   0   0      32.776   -77.822
0205  102.10   776.9     18.87     95.7    1911   327     1.54      0.85     -1.29     7    -3.0    1911     0   0   0   0      32.776   -77.822
0206  102.60   777.5     18.91     95.8    1904  -999  -999.00   -999.00   -999.00  -999    -3.0    1904     0   0   0   0    -999.000  -999.000
0207  103.10   778.2     18.95     95.9    1896   329     1.53      0.78     -1.32     7    -3.1    1896     0   0   0   0      32.776   -77.822
0208  103.60   778.8     18.99     96.0    1889   331     1.53      0.75     -1.34     7    -3.1    1889     0   0   0   0      32.776   -77.822
0209  104.10   779.4     19.03     96.1    1882   332     1.54      0.73     -1.35     7    -3.1    1882     0   0   0   0      32.776   -77.822
0210  104.60   780.1     19.06     96.2    1875   333     1.54      0.71     -1.37     7    -3.1    1875     0   0   0   0      32.776   -77.822
0211  105.10   780.7     19.09     96.3    1868   333     1.54      0.69     -1.37     7    -3.1    1868     0   0   0   0      32.776   -77.822
0212  105.60   781.4     19.12     96.4    1861   334     1.54      0.68     -1.37     7    -3.1    1861     0   0   0   0      32.776   -77.822
0213  106.10   782.0     19.15     96.4    1854   334     1.53      0.68     -1.37     7    -3.1    1854     0   0   0   0      32.776   -77.822
0214  106.60   782.6     19.18     96.5    1847   334     1.52      0.68     -1.37     7    -3.1    1847     0   0   0   0      32.776   -77.822
0215  107.10   783.3     19.21     96.6    1840   333     1.51      0.68     -1.35     7    -3.1    1840     0   0   0   0      32.776   -77.822
0216  107.60   783.9     19.24     96.7    1833   333     1.50      0.68     -1.34     7    -3.1    1833     0   0   0   0      32.776   -77.822
0217  108.10   784.6     19.27     96.8    1826   332     1.48      0.69     -1.31     7    -3.1    1826     0   0   0   0      32.776   -77.822
0218  108.60   785.2     19.30     96.9    1819   331     1.46      0.70     -1.28     7    -3.1    1819     0   0   0   0      32.776   -77.822
0219  109.10   785.8     19.33     97.0    1811   330     1.44      0.71     -1.25     7    -3.1    1811     0   0   0   0      32.776   -77.822
0220  109.60   786.5     19.36     97.1    1804   329     1.41      0.73     -1.21     6    -3.1    1804     0   0   0   0      32.776   -77.822
0221  110.10   787.1     19.40     97.2    1797   328     1.39      0.74     -1.18     7    -3.1    1797     0   0   0   0      32.776   -77.822
0222  110.60   787.8     19.43     97.3    1790   326     1.37      0.76     -1.14     7    -3.1    1790     0   0   0   0      32.776   -77.822
0223  111.10   788.4     19.46     97.4    1783  -999  -999.00   -999.00   -999.00  -999    -3.1    1783     0   0   0   0    -999.000  -999.000
0224  111.60   789.1     19.48     97.4    1776   325     1.35      0.78     -1.10     7    -3.1    1776     0   0   0   0      32.776   -77.822
0225  112.10   789.7     19.50     97.5    1769   324     1.34      0.79     -1.08     7    -3.1    1769     0   0   0   0      32.776   -77.822
0226  112.60   790.4     19.52     97.5    1762   324     1.33      0.79     -1.07     7    -3.1    1762     0   0   0   0      32.776   -77.822
0227  113.10   791.0     19.54     97.6    1755   323     1.33      0.80     -1.06     7    -3.1    1755     0   0   0   0      32.776   -77.822
0228  113.60   791.6     19.56     97.6    1748   323     1.33      0.80     -1.06     7    -3.1    1748     0   0   0   0      32.776   -77.822
0229  114.10   792.3     19.57     97.7    1741   322     1.34      0.83     -1.06     7    -3.0    1741     0   0   0   0      32.776   -77.821
0230  114.60   792.9     19.59     97.8    1734   321     1.37      0.86     -1.06     7    -3.0    1734     0   0   0   0      32.776   -77.821
0231  115.10   793.6     19.61     97.9    1727   319     1.41      0.92     -1.07     7    -3.0    1727     0   0   0   0      32.776   -77.821
0232  115.60   794.2     19.64     98.1    1720   317     1.46      0.99     -1.07     6    -3.0    1720     0   0   0   0      32.776   -77.821
0233  116.10   794.9     19.67     98.2    1713   315     1.53      1.09     -1.07     6    -3.0    1713     0   0   0   0      32.776   -77.821
0234  116.60   795.5     19.70     98.3    1706   312     1.60      1.20     -1.07     6    -3.0    1706     0   0   0   0      32.775   -77.821
0235  117.10  -999.0   -999.00   -999.0    -999   309     1.69      1.32     -1.06     6  -999.0    -999     0   0   0   0      32.775   -77.821
0236  117.60  -999.0   -999.00   -999.0    -999  -999  -999.00   -999.00   -999.00  -999  -999.0    -999     0   0   0   0    -999.000  -999.000
0237  118.10   797.4     19.81     98.6    1685   304     1.87      1.56     -1.03     6    -3.0    1685     0   0   0   0      32.775   -77.821
0238  118.60   798.1     19.85     98.7    1678   302     1.95      1.66     -1.02     6    -3.1    1678     0   0   0   0      32.775   -77.821
0239  119.10   798.7     19.89     98.8    1671  -999  -999.00   -999.00   -999.00  -999    -3.1    1671     0   0   0   0    -999.000  -999.000
0240  119.60   799.4     19.93     98.9    1664   299     2.07      1.81     -1.01     6    -3.1    1664     0   0   0   0      32.775   -77.821
0241  120.10   800.0     19.97     99.0    1657   299     2.11      1.85     -1.01     6    -3.1    1657     0   0   0   0      32.775   -77.821
0242  120.60   800.7     20.01     99.1    1650  -999  -999.00   -999.00   -999.00  -999    -3.2    1650     0   0   0   0    -999.000  -999.000
0243  121.10   801.3     20.05     99.2    1642  -999  -999.00   -999.00   -999.00  -999    -3.2    1642     0   0   0   0    -999.000  -999.000
0244  121.60   802.0     20.10     99.3    1635  -999  -999.00   -999.00   -999.00  -999    -3.2    1635     0   0   0   0    -999.000  -999.000
0245  122.10   802.6     20.15     99.4    1628   298     2.14      1.88     -1.01     6    -3.3    1628     0   0   0   0      32.775   -77.821
0246  122.60   803.3     20.20     99.6    1621   298     2.13      1.87     -1.01     6    -3.3    1621     0   0   0   0      32.775   -77.821
0247  123.10   803.9     20.26     99.7    1614   298     2.12      1.86     -1.01     6    -3.3    1614     0   0   0   0      32.775   -77.821
0248  123.60   804.6     20.31     99.8    1607  -999  -999.00   -999.00   -999.00  -999    -3.3    1607     0   0   0   0    -999.000  -999.000
0249  124.10   805.3     20.36     99.9    1600   299     2.09      1.83     -1.00     6    -3.3    1600     0   0   0   0      32.775   -77.821
0250  124.60   805.9     20.40     99.9    1593   299     2.07      1.81     -0.99     6    -3.2    1593     0   0   0   0      32.775   -77.821
0251  125.10   806.6     20.45    100.0    1586   298     2.04      1.80     -0.98     6    -3.2    1586     0   0   0   0      32.775   -77.821
0252  125.60   807.2     20.49    100.0    1578   298     2.03      1.78     -0.96     6    -3.1    1578     0   0   0   0      32.775   -77.821
0253  126.10   807.9     20.54    100.0    1571   298     2.01      1.77     -0.95     6    -3.0    1571     0   0   0   0      32.775   -77.821
0254  126.60   808.5     20.58    100.0    1564   298     2.00      1.76     -0.95     6    -3.0    1564     0   0   0   0      32.775   -77.821
0255  127.10   809.2     20.62    100.0    1558   299     2.00      1.75     -0.97     6    -2.9    1558     0   0   0   0      32.775   -77.821
0256  127.60   809.8     20.66    100.0    1551   300     1.99      1.73     -0.99     6    -2.9    1551     0   0   0   0      32.775   -77.821
0257  128.10   810.5     20.70    100.0    1544   301     2.00      1.71     -1.04     6    -2.8    1544     0   0   0   0      32.775   -77.821
0258  128.60   811.1     20.72    100.0    1537   303     2.02      1.70     -1.09     6    -2.8    1537     0   0   0   0      32.775   -77.821
0259  129.10   811.7     20.74    100.0    1530   304     2.05      1.70     -1.16     6    -2.9    1530     0   0   0   0      32.775   -77.821
0260  129.60   812.4     20.74    100.0    1523   306     2.10      1.70     -1.24     6    -2.9    1523     0   0   0   0      32.775   -77.821
0261  130.10   813.0     20.75    100.0    1517   308     2.16      1.71     -1.32     6    -3.0    1517     0   0   0   0      32.775   -77.821
0262  130.60   813.7     20.75    100.0    1510   309     2.23      1.72     -1.41     6    -3.1    1510     0   0   0   0      32.775   -77.821
0263  131.10   814.3     20.74    100.0    1503   311     2.29      1.74     -1.50     6    -3.2    1503     0   0   0   0      32.775   -77.821
0264  131.60   815.0     20.75    100.0    1495   312     2.36      1.75     -1.58     6    -3.3    1495     0   0   0   0      32.775   -77.821
0265  132.10   815.6     20.75    100.0    1488   314     2.41      1.75     -1.66     6    -3.4    1488     0   0   0   0      32.775   -77.821
0266  132.60   816.3     20.76    100.0    1481   315     2.45      1.74     -1.73     6    -3.5    1481     0   0   0   0      32.775   -77.821
0267  133.10   817.0     20.78    100.0    1474   316     2.48      1.72     -1.79     6    -3.5    1474     0   0   0   0      32.775   -77.821
0268  133.60   817.7     20.81    100.0    1467   317     2.50      1.70     -1.84     6    -3.6    1467     0   0   0   0      32.775   -77.821
0269  134.10   818.4     20.84    100.0    1459   318     2.52      1.67     -1.88     6    -3.6    1459     0   0   0   0      32.775   -77.821
0270  134.60  -999.0   -999.00   -999.0    -999   319     2.52      1.64     -1.91     6  -999.0    -999     0   0   0   0      32.775   -77.821
0271  135.10   819.7     20.93    100.0    1445   320     2.52      1.63     -1.93     6    -3.5    1445     0   0   0   0      32.775   -77.821
0272  135.60   820.4     20.99    100.0    1438   320     2.52      1.62     -1.93     6    -3.5    1438     0   0   0   0      32.775   -77.821
0273  136.10   821.1     21.05    100.0    1431   320     2.50      1.61     -1.92     6    -3.4    1431     0   0   0   0      32.775   -77.821
0274  136.60   821.7     21.11    100.0    1424   320     2.49      1.61     -1.90     6    -3.3    1424     0   0   0   0      32.775   -77.821
0275  137.10   822.4     21.18    100.0    1416   319     2.47      1.61     -1.88     6    -3.2    1416     0   0   0   0      32.775   -77.821
0276  137.60   823.1     21.25    100.0    1409   319     2.45      1.61     -1.85     6    -3.1    1409     0   0   0   0      32.775   -77.821
0277  138.10   823.7     21.33    100.0    1403   319     2.44      1.61     -1.83     6    -3.0    1403     0   0   0   0      32.775   -77.821
0278  138.60   824.4     21.40    100.0    1396   318     2.43      1.61     -1.82     6    -2.9    1396     0   0   0   0      32.775   -77.821
0279  139.10   825.0     21.47    100.0    1389   318     2.42      1.61     -1.80     6    -2.8    1389     0   0   0   0      32.775   -77.821
0280  139.60   825.7     21.55    100.0    1382  -999  -999.00   -999.00   -999.00  -999    -2.7    1382     0   0   0   0    -999.000  -999.000
0281  140.10   826.3     21.62    100.0    1375   317     2.42      1.64     -1.78     6    -2.6    1375     0   0   0   0      32.775   -77.821
0282  140.60   826.9     21.69    100.0    1369   317     2.43      1.66     -1.78     6    -2.5    1369     0   0   0   0      32.775   -77.821
0283  141.10   827.5     21.75    100.0    1362   316     2.45      1.69     -1.77     6    -2.5    1362     0   0   0   0      32.775   -77.821
0284  141.60   828.2     21.81    100.0    1355   316     2.48      1.73     -1.78     6    -2.4    1355     0   0   0   0      32.775   -77.821
0285  142.10   828.8     21.86    100.0    1349   315     2.51      1.77     -1.79     6    -2.3    1349     0   0   0   0      32.775   -77.821
0286  142.60   829.4     21.91    100.0    1342   315     2.57      1.82     -1.81     6    -2.3    1342     0   0   0   0      32.775   -77.821
0287  143.10   830.0     21.95    100.0    1336   315     2.64      1.88     -1.85     6    -2.3    1336     0   0   0   0      32.775   -77.821
0288  143.60   830.7     21.99    100.0    1329   315     2.73      1.94     -1.91     6    -2.3    1329     0   0   0   0      32.775   -77.821
0289  144.10   831.3     22.01    100.0    1323   314     2.83      2.02     -1.98     6    -2.3    1323     0   0   0   0      32.775   -77.821
0290  144.60   831.9     22.04    100.0    1316   314     2.93      2.09     -2.05     6    -2.3    1316     0   0   0   0      32.775   -77.821
0291  145.10  -999.0   -999.00   -999.0    -999   314     3.04      2.17     -2.13     6  -999.0    -999     0   0   0   0      32.775   -77.821
0292  145.60   833.1     22.10    100.0    1303   314     3.13      2.24     -2.19     6    -2.4    1303     0   0   0   0      32.775   -77.821
0293  146.10   833.8     22.12    100.0    1296   314     3.21      2.31     -2.23     6    -2.4    1296     0   0   0   0      32.775   -77.821
0294  146.60   834.4     22.15    100.0    1290   314     3.27      2.36     -2.26     6    -2.5    1290     0   0   0   0      32.775   -77.821
0295  147.10   835.0     22.18    100.0    1283   313     3.30      2.40     -2.27     6    -2.6    1283     0   0   0   0      32.775   -77.821
0296  147.60   835.7     22.20    100.0    1277   313     3.31      2.41     -2.27     6    -2.6    1277     0   0   0   0      32.775   -77.821
0297  148.10  -999.0   -999.00   -999.0    -999  -999  -999.00   -999.00   -999.00     5  -999.0    -999     0   0   0   0    -999.000  -999.000
0298  148.60   837.0     22.25    100.0    1263   313     3.24      2.36     -2.23     6    -2.8    1263     0   0   0   0      32.775   -77.821
0299  149.10  -999.0   -999.00   -999.0    -999   314     3.17      2.30     -2.19     6  -999.0    -999     0   0   0   0      32.775   -77.821
0300  149.60   838.3     22.30    100.0    1250   314     3.07      2.21     -2.13     6    -2.8    1250     0   0   0   0      32.775   -77.821
0301  150.10   838.9     22.32    100.0    1243  -999  -999.00   -999.00   -999.00     5    -2.9    1243     0   0   0   0    -999.000  -999.000
0302  150.60   839.6     22.34    100.0    1236   315     2.82      2.00     -1.99     6    -2.9    1236     0   0   0   0      32.775   -77.821
0303  151.10  -999.0   -999.00   -999.0    -999   315     2.69      1.90     -1.90     6  -999.0    -999     0   0   0   0      32.775   -77.821
0304  151.60   840.9     22.37    100.0    1222   315     2.55      1.81     -1.80     6    -2.8    1222     0   0   0   0      32.775   -77.821
0305  152.10  -999.0   -999.00   -999.0    -999   315     2.42      1.73     -1.70     6  -999.0    -999     0   0   0   0      32.775   -77.821
0306  152.60   842.2     22.41    100.0    1209   314     2.31      1.67     -1.60     6    -2.8    1209     0   0   0   0      32.775   -77.821
0307  153.10   842.8     22.43    100.0    1202   313     2.22      1.63     -1.51     6    -2.7    1202     0   0   0   0      32.775   -77.821
0308  153.60   843.5     22.46    100.0    1195   311     2.15      1.61     -1.42     6    -2.6    1195     0   0   0   0      32.775   -77.821
0309  154.10   844.1     22.49    100.0    1189   310     2.10      1.60     -1.35     6    -2.6    1189     0   0   0   0      32.775   -77.821
0310  154.60   844.7     22.52    100.0    1182   309     2.06      1.61     -1.30     6    -2.5    1182     0   0   0   0      32.775   -77.821
0311  155.10   845.4     22.56    100.0    1175   308     2.05      1.62     -1.26     6    -2.5    1175     0   0   0   0      32.775   -77.821
0312  155.60   846.0     22.59    100.0    1169   307     2.04      1.63     -1.23     6    -2.5    1169     0   0   0   0      32.775   -77.821
0313  156.10   846.7     22.62    100.0    1162   307     2.05      1.64     -1.22     6    -2.5    1162     0   0   0   0      32.775   -77.821
0314  156.60   847.3     22.65    100.0    1156   307     2.06      1.66     -1.23     6    -2.4    1156     0   0   0   0      32.775   -77.821
0315  157.10   847.9     22.68    100.0    1149   307     2.08      1.66     -1.26     6    -2.5    1149     0   0   0   0      32.775   -77.821
0316  157.60   848.6     22.71    100.0    1142   308     2.11      1.65     -1.31     6    -2.5    1142     0   0   0   0      32.775   -77.821
0317  158.10   849.2     22.73    100.0    1136   310     2.13      1.64     -1.37     6    -2.5    1136     0   0   0   0      32.775   -77.821
0318  158.60   849.8     22.75    100.0    1129   312     2.17      1.62     -1.44     6    -2.5    1129     0   0   0   0      32.775   -77.821
0319  159.10   850.5     22.78    100.0    1123   313     2.20      1.60     -1.52     6    -2.6    1123     0   0   0   0      32.775   -77.821
0320  159.60   851.1     22.80    100.0    1116   315     2.25      1.58     -1.60     6    -2.6    1116     0   0   0   0      32.775   -77.821
0321  160.10   851.8     22.82    100.0    1109   317     2.30      1.56     -1.68     6    -2.6    1109     0   0   0   0      32.775   -77.821
0322  160.60   852.4     22.84    100.0    1103   319     2.34      1.55     -1.76     6    -2.7    1103     0   0   0   0      32.775   -77.821
0323  161.10   853.1     22.86    100.0    1096   320     2.39      1.54     -1.83     6    -2.7    1096     0   0   0   0      32.775   -77.821
0324  161.60   853.7     22.88    100.0    1089   321     2.44      1.53     -1.91     6    -2.8    1089     0   0   0   0      32.775   -77.821
0325  162.10   854.4     22.90    100.0    1083   323     2.50      1.52     -1.98     6    -2.8    1083     0   0   0   0      32.775   -77.821
0326  162.60   855.0     22.92    100.0    1076   324     2.55      1.51     -2.06     6    -2.8    1076     0   0   0   0      32.775   -77.821
0327  163.10   855.7     22.94    100.0    1069   325     2.61      1.50     -2.14     6    -2.8    1069     0   0   0   0      32.775   -77.821
0328  163.60   856.3     22.97    100.0    1062   326     2.67      1.49     -2.22     6    -2.8    1062     0   0   0   0      32.775   -77.821
0329  164.10   857.0     22.99    100.0    1056   327     2.73      1.50     -2.29     6    -2.9    1056     0   0   0   0      32.775   -77.821
0330  164.60   857.7     23.02    100.0    1049   327     2.79      1.51     -2.35     6    -2.9    1049     0   0   0   0      32.775   -77.821
0331  165.10   858.3     23.05    100.0    1042   328     2.83      1.52     -2.39     6    -2.9    1042     0   0   0   0      32.775   -77.821
0332  165.60   859.0     23.08    100.0    1035   327     2.85      1.53     -2.40     6    -2.9    1035     0   0   0   0      32.775   -77.821
0333  166.10   859.6     23.12    100.0    1029   327     2.84      1.54     -2.39     6    -2.9    1029     0   0   0   0      32.775   -77.821
0334  166.60   860.3     23.15    100.0    1022   327     2.82      1.55     -2.36     6    -2.9    1022     0   0   0   0      32.775   -77.821
0335  167.10   861.0     23.18    100.0    1015   326     2.78      1.54     -2.31     6    -2.8    1015     0   0   0   0      32.775   -77.821
0336  167.60   861.6     23.20    100.0    1008  -999  -999.00   -999.00   -999.00  -999    -2.8    1008     0   0   0   0    -999.000  -999.000
0337  168.10   862.3     23.23    100.0    1002   326     2.69      1.52     -2.22     6    -2.8    1002     0   0   0   0      32.774   -77.820
0338  168.60   862.9     23.25    100.0     995  -999  -999.00   -999.00   -999.00     5    -2.8     995     0   0   0   0    -999.000  -999.000
0339  169.10   863.6     23.27    100.0     988  -999  -999.00   -999.00   -999.00  -999    -2.8     988     0   0   0   0    -999.000  -999.000
0340  169.60   864.2     23.29    100.0     982   325     2.62      1.52     -2.13     6    -2.7     982     0   0   0   0      32.774   -77.820
0341  170.10   864.9     23.31    100.0     975   324     2.63      1.54     -2.13     6    -2.7     975     0   0   0   0      32.774   -77.820
0342  170.60   865.6     23.33    100.0     968   323     2.65      1.58     -2.13     6    -2.6     968     0   0   0   0      32.774   -77.820
0343  171.10   866.2     23.36    100.0     962   322     2.69      1.64     -2.13     6    -2.6     962     0   0   0   0      32.774   -77.820
0344  171.60   866.9     23.38    100.0     955   321     2.75      1.72     -2.14     6    -2.5     955     0   0   0   0      32.774   -77.820
0345  172.10  -999.0   -999.00   -999.0    -999   320     2.81      1.81     -2.16     6  -999.0    -999     0   0   0   0      32.774   -77.820
0346  172.60   868.1     23.43    100.0     942   319     2.89      1.91     -2.17     6    -2.4     942     0   0   0   0      32.774   -77.820
0347  173.10   868.8     23.45    100.0     936   317     2.98      2.03     -2.19     6    -2.3     936     0   0   0   0      32.774   -77.820
0348  173.60   869.4     23.48    100.0     929   316     3.08      2.15     -2.20     6    -2.3     929     0   0   0   0      32.774   -77.820
0349  174.10   870.1     23.50    100.0     923   314     3.18      2.27     -2.22     6    -2.2     923     0   0   0   0      32.774   -77.820
0350  174.60   870.7     23.53    100.0     916   313     3.27      2.39     -2.24     6    -2.2     916     0   0   0   0      32.774   -77.820
0351  175.10   871.3     23.55    100.0     910   312     3.36      2.49     -2.25     6    -2.2     910     0   0   0   0      32.774   -77.820
0352  175.60   871.9     23.57    100.0     904   311     3.43      2.58     -2.27     6    -2.1     904     0   0   0   0      32.774   -77.820
0353  176.10   872.6     23.60    100.0     897   311     3.49      2.64     -2.29     6    -2.1     897     0   0   0   0      32.774   -77.820
0354  176.60   873.2     23.62    100.0     891   311     3.55      2.69     -2.31     6    -2.2     891     0   0   0   0      32.774   -77.820
0355  177.10   873.8     23.64    100.0     885   311     3.60      2.72     -2.35     6    -2.2     885     0   0   0   0      32.774   -77.820
0356  177.60   874.5     23.66    100.0     878   311     3.64      2.73     -2.40     7    -2.2     878     0   0   0   0      32.774   -77.820
0357  178.10  -999.0   -999.00   -999.0    -999   312     3.68      2.74     -2.46     7  -999.0    -999     0   0   0   0      32.774   -77.820
0358  178.60   875.7     23.70    100.0     865   313     3.72      2.74     -2.52     7    -2.4     865     0   0   0   0      32.774   -77.820
0359  179.10   876.4     23.72    100.0     859   313     3.77      2.75     -2.58     7    -2.5     859     0   0   0   0      32.774   -77.820
0360  179.60   877.0     23.74    100.0     852   314     3.81      2.76     -2.63     7    -2.5     852     0   0   0   0      32.774   -77.820
0361  180.10   877.7     23.77    100.0     846   314     3.85      2.77     -2.66     7    -2.6     846     0   0   0   0      32.774   -77.820
0362  180.60   878.3     23.79    100.0     839   314     3.88      2.80     -2.69     7    -2.7     839     0   0   0   0      32.774   -77.820
0363  181.10   879.0     23.81    100.0     833   314     3.92      2.83     -2.71     7    -2.8     833     0   0   0   0      32.774   -77.820
0364  181.60   879.7     23.83    100.0     826   313     3.95      2.87     -2.72     7    -2.9     826     0   0   0   0      32.774   -77.820
0365  182.10   880.3     23.85    100.0     819   313     3.98      2.91     -2.72     7    -3.0     819     0   0   0   0      32.774   -77.820
0366  182.60   881.0     23.87    100.0     812  -999  -999.00   -999.00   -999.00  -999    -3.1     812     0   0   0   0    -999.000  -999.000
0367  183.10   881.7     23.88    100.0     806   312     4.03      2.99     -2.70     7    -3.1     806     0   0   0   0      32.774   -77.820
0368  183.60   882.4     23.90    100.0     799   311     4.05      3.04     -2.68     7    -3.2     799     0   0   0   0      32.774   -77.820
0369  184.10   883.1     23.91    100.0     792   311     4.07      3.08     -2.66     7    -3.2     792     0   0   0   0      32.774   -77.820
0370  184.60  -999.0   -999.00   -999.0    -999   310     4.08      3.11     -2.63     7  -999.0    -999     0   0   0   0      32.774   -77.820
0371  185.10   884.5     23.93    100.0     778  -999  -999.00   -999.00   -999.00  -999    -3.3     778     0   0   0   0    -999.000  -999.000
0372  185.60   885.2     23.94    100.0     771  -999  -999.00   -999.00   -999.00  -999    -3.3     771     0   0   0   0    -999.000  -999.000
0373  186.10   885.9     23.96    100.0     764   308     4.08      3.20     -2.53     7    -3.3     764     0   0   0   0      32.774   -77.820
0374  186.60  -999.0   -999.00   -999.0    -999  -999  -999.00   -999.00   -999.00  -999  -999.0    -999     0   0   0   0    -999.000  -999.000
0375  187.10  -999.0   -999.00   -999.0    -999  -999  -999.00   -999.00   -999.00  -999  -999.0    -999     0   0   0   0    -999.000  -999.000
0376  187.60  -999.0   -999.00   -999.0    -999   307     4.01      3.19     -2.44     7  -999.0    -999     0   0   0   0      32.774   -77.820
0377  188.10  -999.0   -999.00   -999.0    -999  -999  -999.00   -999.00   -999.00  -999  -999.0    -999     0   0   0   0    -999.000  -999.000
0378  188.60   889.3     24.06    100.0     730   308     3.92      3.10     -2.39     7    -3.4     730     0   0   0   0      32.774   -77.820
0379  189.10  -999.0   -999.00   -999.0    -999  -999  -999.00   -999.00   -999.00  -999  -999.0    -999     0   0   0   0    -999.000  -999.000
0380  189.60   890.7     24.11    100.0     716   308     3.77      2.97     -2.32     7    -3.4     716     0   0   0   0      32.774   -77.820
0381  190.10   891.4     24.13    100.0     709   308     3.69      2.90     -2.27     7    -3.5     709     0   0   0   0      32.774   -77.820
0382  190.60  -999.0   -999.00   -999.0    -999   308     3.60      2.85     -2.21     6  -999.0    -999     0   0   0   0      32.774   -77.820
0383  191.10   892.8     24.18    100.0     695   307     3.52      2.81     -2.11     7    -3.5     695     0   0   0   0      32.774   -77.820
0384  191.60   893.6     24.19    100.0     688   306     3.44      2.79     -2.01     7    -3.6     688     0   0   0   0      32.774   -77.820
0385  192.10   894.3     24.21    100.0     681   304     3.36      2.78     -1.89     7    -3.6     681     0   0   0   0      32.774   -77.820
0386  192.60   895.0     24.23    100.0     674   302     3.31      2.79     -1.78     7    -3.6     674     0   0   0   0      32.774   -77.820
0387  193.10   895.7     24.24    100.0     667   301     3.26      2.80     -1.67     7    -3.7     667     0   0   0   0      32.774   -77.820
0388  193.60   896.4     24.26    100.0     660   299     3.23      2.82     -1.58     7    -3.8     660     0   0   0   0      32.774   -77.820
0389  194.10   897.1     24.27    100.0     653   298     3.21      2.83     -1.51     7    -3.8     653     0   0   0   0      32.774   -77.820
0390  194.60   897.9     24.29    100.0     646   297     3.21      2.85     -1.47     7    -3.9     646     0   0   0   0      32.774   -77.820
0391  195.10   898.6     24.30    100.0     638   297     3.22      2.88     -1.44     7    -4.0     638     0   0   0   0      32.774   -77.820
0392  195.60   899.3     24.32    100.0     631   296     3.24      2.91     -1.42     7    -4.1     631     0   0   0   0      32.774   -77.820
0393  196.10   900.1     24.34    100.0     624   296     3.28      2.95     -1.42     7    -4.1     624     0   0   0   0      32.774   -77.820
0394  196.60   900.8     24.35    100.0     617   295     3.32      3.00     -1.42     7    -4.2     617     0   0   0   0      32.774   -77.820
0395  197.10   901.6     24.37    100.0     609   295     3.37      3.06     -1.42     7    -4.2     609     0   0   0   0      32.774   -77.820
0396  197.60   902.3     24.39    100.0     602   295     3.42      3.11     -1.43     7    -4.2     602     0   0   0   0      32.774   -77.820
0397  198.10   903.0     24.41    100.0     595   294     3.46      3.15     -1.43     7    -4.3     595     0   0   0   0      32.774   -77.820
0398  198.60   903.8     24.43    100.0     587   294     3.50      3.19     -1.42     7    -4.3     587     0   0   0   0      32.774   -77.820
0399  199.10   904.5     24.45    100.0     580   294     3.53      3.23     -1.42     7    -4.3     580     0   0   0   0      32.774   -77.820
0400  199.60   905.3     24.47    100.0     573   293     3.55      3.26     -1.41     7    -4.3     573     0   0   0   0      32.774   -77.820
0401  200.10  -999.0   -999.00   -999.0    -999   293     3.58      3.29     -1.40     7  -999.0    -999     0   0   0   0      32.774   -77.820
0402  200.60   906.8     24.52    100.0     558   293     3.60      3.32     -1.38     7    -4.2     558     0   0   0   0      32.774   -77.820
0403  201.10   907.6     24.55    100.0     551   292     3.61      3.35     -1.35     7    -4.2     551     0   0   0   0      32.774   -77.820
0404  201.60  -999.0   -999.00   -999.0    -999   291     3.63      3.38     -1.32     7  -999.0    -999     0   0   0   0      32.774   -77.820
0405  202.10   909.0     24.62    100.0     536  -999  -999.00   -999.00   -999.00  -999    -4.0     536     0   0   0   0    -999.000  -999.000
0406  202.60   909.8     24.66    100.0     529  -999  -999.00   -999.00   -999.00  -999    -4.0     529     0   0   0   0    -999.000  -999.000
0407  203.10   910.5     24.70    100.0     522   290     3.65      3.43     -1.24     6    -3.9     522     0   0   0   0      32.774   -77.819
0408  203.60   911.3     24.74    100.0     515   290     3.67      3.45     -1.24     7    -3.8     515     0   0   0   0      32.774   -77.819
0409  204.10   912.0     24.78    100.0     508  -999  -999.00   -999.00   -999.00  -999    -3.8     508     0   0   0   0    -999.000  -999.000
0410  204.60   912.7     24.82    100.0     501   290     3.73      3.50     -1.28     7    -3.7     501     0   0   0   0      32.774   -77.819
0411  205.10   913.4     24.86    100.0     494   291     3.76      3.52     -1.33     7    -3.7     494     0   0   0   0      32.774   -77.819
0412  205.60   914.2     24.91    100.0     487  -999  -999.00   -999.00   -999.00  -999    -3.7     487     0   0   0   0    -999.000  -999.000
0413  206.10   914.9     24.95    100.0     480   292     3.85      3.56     -1.46     7    -3.7     480     0   0   0   0      32.774   -77.819
0414  206.60  -999.0   -999.00   -999.0    -999   293     3.89      3.58     -1.53     7  -999.0    -999     0   0   0   0      32.774   -77.819
0415  207.10   916.3     25.05    100.0     466   294     3.93      3.60     -1.58     7    -3.7     466     0   0   0   0      32.774   -77.819
0416  207.60   917.1     25.10    100.0     459  -999  -999.00   -999.00   -999.00  -999    -3.8     459     0   0   0   0    -999.000  -999.000
0417  208.10   917.8     25.15     99.9     452   294     4.00      3.65     -1.62     7    -3.9     452     0   0   0   0      32.774   -77.819
0418  208.60   918.5     25.21     99.8     445   294     4.02      3.67     -1.63     6    -3.9     445     0   0   0   0      32.774   -77.819
0419  209.10   919.3     25.26     99.6     437   294     4.03      3.70     -1.62     7    -4.0     437     0   0   0   0      32.774   -77.819
0420  209.60  -999.0   -999.00   -999.0    -999   293     4.04      3.72     -1.59     7  -999.0    -999     0   0   0   0      32.774   -77.819
0421  210.10  -999.0   -999.00   -999.0    -999   292     4.05      3.75     -1.55     7  -999.0    -999     0   0   0   0      32.773   -77.819
0422  210.60  -999.0   -999.00   -999.0    -999   292     4.07      3.78     -1.50     7  -999.0    -999     0   0   0   0      32.773   -77.819
0423  211.10   922.3     25.48     98.4     408   291     4.08      3.82     -1.44     7    -4.4     408     0   0   0   0      32.773   -77.819
0424  211.60   923.0     25.54     98.1     401   290     4.09      3.85     -1.37     7    -4.5     401     0   0   0   0      32.773   -77.819
0425  212.10   923.8     25.59     97.7     394   288     4.11      3.90     -1.30     7    -4.6     394     0   0   0   0      32.773   -77.819
0426  212.60   924.6     25.64     97.4     386   287     4.12      3.94     -1.23     7    -4.7     386     0   0   0   0      32.773   -77.819
0427  213.10   925.4     25.69     97.1     379  -999  -999.00   -999.00   -999.00  -999    -4.7     379     0   0   0   0    -999.000  -999.000
0428  213.60   926.2     25.74     96.9     371   285     4.15      4.01     -1.09     7    -4.8     371     0   0   0   0      32.773   -77.819
0429  214.10   927.0     25.79     96.6     363   284     4.16      4.03     -1.02     7    -4.8     363     0   0   0   0      32.773   -77.819
0430  214.60   927.8     25.83     96.4     356   283     4.17      4.05     -0.96     6    -4.8     356     0   0   0   0      32.773   -77.819
0431  215.10  -999.0   -999.00   -999.0    -999   283     4.17      4.07     -0.92     7  -999.0    -999     0   0   0   0      32.773   -77.819
0432  215.60   929.3     25.92     95.9     341   282     4.16      4.07     -0.88     7    -4.8     341     0   0   0   0      32.773   -77.819
0433  216.10  -999.0   -999.00   -999.0    -999  -999  -999.00   -999.00   -999.00  -999  -999.0    -999     0   0   0   0    -999.000  -999.000
0434  216.60  -999.0   -999.00   -999.0    -999   281     4.15      4.06     -0.82     7  -999.0    -999     0   0   0   0      32.773   -77.819
0435  217.10  -999.0   -999.00   -999.0    -999  -999  -999.00   -999.00   -999.00  -999  -999.0    -999     0   0   0   0    -999.000  -999.000
0436  217.60   932.5     26.10     95.3     311   281     4.13      4.06     -0.79     7    -4.7     311     0   0   0   0      32.773   -77.819
0437  218.10  -999.0   -999.00   -999.0    -999   281     4.13      4.06     -0.79     7  -999.0    -999     0   0   0   0      32.773   -77.819
0438  218.60   934.0     26.18     95.1     296   281     4.13      4.06     -0.78     7    -4.6     296     0   0   0   0      32.773   -77.819
0439  219.10   934.8     26.22     95.0     288   281     4.14      4.07     -0.79     7    -4.5     288     0   0   0   0      32.773   -77.819
0440  219.60   935.6     26.26     95.0     281   281     4.16      4.08     -0.79     7    -4.5     281     0   0   0   0      32.773   -77.819
0441  220.10  -999.0   -999.00   -999.0    -999  -999  -999.00   -999.00   -999.00  -999  -999.0    -999     0   0   0   0    -999.000  -999.000
0442  220.60   937.1     26.34     95.1     267   281     4.21      4.13     -0.79     7    -4.4     267     0   0   0   0      32.773   -77.819
0443  221.10  -999.0   -999.00   -999.0    -999   281     4.24      4.16     -0.78     6  -999.0    -999     0   0   0   0      32.773   -77.819
0444  221.60  -999.0   -999.00   -999.0    -999  -999  -999.00   -999.00   -999.00  -999  -999.0    -999     0   0   0   0    -999.000  -999.000
0445  222.10   939.4     26.44     95.6     245   280     4.29      4.23     -0.73     7    -4.4     245     0   0   0   0      32.773   -77.819
0446  222.60   940.2     26.47     95.8     237   279     4.32      4.26     -0.69     7    -4.4     237     0   0   0   0      32.773   -77.819
0447  223.10  -999.0   -999.00   -999.0    -999   279     4.33      4.28     -0.64     7  -999.0    -999     0   0   0   0      32.773   -77.819
0448  223.60   941.8     26.52     96.1     223   278     4.33      4.29     -0.59     7    -4.4     223     0   0   0   0      32.773   -77.819
0449  224.10   942.5     26.55     96.3     215   277     4.33      4.29     -0.55     7    -4.4     215     0   0   0   0      32.773   -77.819
0450  224.60   943.3     26.58     96.3     208   277     4.32      4.29     -0.51     7    -4.4     208     0   0   0   0      32.773   -77.819
0451  225.10   944.1     26.61     96.3     201   276     4.32      4.29     -0.49     7    -4.4     201     0   0   0   0      32.773   -77.819
0452  225.60   944.9     26.63     96.3     194   276     4.31      4.29     -0.47     7    -4.4     194     0   0   0   0      32.773   -77.819
0453  226.10   945.6     26.66     96.3     186  -999  -999.00   -999.00   -999.00  -999    -4.4     186     0   0   0   0    -999.000  -999.000
0454  226.60   946.4     26.69     96.2     179   276     4.31      4.29     -0.47     7    -4.4     179     0   0   0   0      32.773   -77.818
0455  227.10   947.2     26.72     96.1     172   277     4.32      4.29     -0.49     7    -4.4     172     0   0   0   0      32.773   -77.818
0456  227.60   948.0     26.74     96.1     164   277     4.33      4.30     -0.51     7    -4.4     164     0   0   0   0      32.773   -77.818
0457  228.10   948.8     26.77     96.1     157   277     4.35      4.32     -0.55     7    -4.4     157     0   0   0   0      32.773   -77.818
0458  228.60   949.5     26.80     96.2     150   278     4.38      4.34     -0.59     7    -4.4     150     0   0   0   0      32.773   -77.818
0459  229.10   950.3     26.83     96.2     142   278     4.41      4.37     -0.64     7    -4.4     142     0   0   0   0      32.773   -77.818
0460  229.60   951.1     26.86     96.3     135   279     4.45      4.40     -0.68     7    -4.4     135     0   0   0   0      32.773   -77.818
0461  230.10   951.9     26.90     96.3     128   279     4.48      4.42     -0.73     7    -4.4     128     0   0   0   0      32.773   -77.818
0462  230.60   952.6     26.94     96.4     121   280     4.51      4.44     -0.78     7    -4.4     121     0   0   0   0      32.773   -77.818
0463  231.10   953.4     26.98     96.7     113   280     4.52      4.45     -0.82     7    -4.4     113     0   0   0   0      32.773   -77.818
0464  231.60   954.2     27.01     97.0     106   281     4.52      4.44     -0.85     7    -4.3     106     0   0   0   0      32.773   -77.818
0465  232.10  -999.0   -999.00   -999.0    -999   281     4.51      4.42     -0.88     7  -999.0    -999     0   0   0   0      32.773   -77.818
0466  232.60   955.7     27.09     97.9      92   282     4.48      4.39     -0.91     7    -4.3      92     0   0   0   0      32.773   -77.818
0467  233.10   956.5     27.13     98.5      84  -999  -999.00   -999.00   -999.00  -999    -4.2      84     0   0   0   0    -999.000  -999.000
0468  233.60   957.3     27.16     98.9      77   283     4.37      4.27     -0.95     7    -4.2      77     0   0   0   0      32.773   -77.818
0469  234.10   958.0     27.20     99.3      70   283     4.30      4.19     -0.97     7    -4.1      70     0   0   0   0      32.773   -77.818
0470  234.60   958.8     27.23     99.6      63   284     4.22      4.10     -1.00     7    -4.0      63     0   0   0   0      32.773   -77.818
0471  235.10   959.6     27.26     99.9      56   284     4.14      4.01     -1.03     7    -4.0      56     0   0   0   0      32.773   -77.818
0472  235.60   960.3     27.30    100.0      49   285     4.06      3.92     -1.06     7    -3.9      49     0   0   0   0      32.773   -77.818
0473  236.10   961.1     27.33    100.0      42   286     3.98      3.83     -1.10     7    -3.9      42     0   0   0   0      32.773   -77.818
0474  236.60   961.8     27.37    100.0      35   287     3.91      3.74     -1.14     7    -3.8      35     0   0   0   0      32.773   -77.818
0475  237.10   962.6     27.41    100.0      28   288     3.85      3.66     -1.21     7    -3.8      28     0   0   0   0      32.773   -77.818
0476  237.60  -999.0   -999.00   -999.0    -999   289     3.81      3.59     -1.27     7  -999.0    -999     0   0   0   0      32.773   -77.818
0477  238.10   964.1     27.50    100.0      14   290     3.80      3.56     -1.33     6    -3.7      14     0   0   0   0      32.773   -77.818
0478  238.60   964.8     27.54    100.0       8   291     3.80      3.54     -1.38     6    -3.7       8     0   0   0   0      32.773   -77.818
0479  239.14   965.6     27.54    100.0       0  -999  -999.00   -999.00   -999.00  -999  -999.0       0     0   0   0   0    -999.000  -999.000
