 ===========================================================================
 DROPWINDSONDE PROCESSING RECORD                            Sonde: 003825224
 FRD file written by Aspen V3.4.8, 10 Jul 2023 12:54 UTC
 Aircraft: WP-3D, N43rf                      Date: 020922   Time: 220645 UTC
 ---------------------------------------------------------------------------
 Bias corrections:  PR =   0.0 mb  TE =   0.0 C  RH =   0.0 %  PRB =  0.0 mb
 Filters (LPF):     PTH = 
 Dyn RH correction = 
 Estimated PR used = 
 Dyn T correction  = 
 ---------------------------------------------------------------------------
 COMMENT: none, Good Drop
 ===========================================================================

 ===========================================================================
 Date: 020922   Lat:  22.28 N   TA:   17.8 C   PS:  833.0 mb   WD:    64 deg
 Time: 220645   Lon:  89.85 W   TD:   15.8 C   GA:   1528 m    WS:  27.4 m/s
 SID:  003825224                RH:   88.1 %   Navaid:   GP
 ===========================================================================

IX      t (s)  P (mb)    T (C)    RH (%)  Z (m)   WD    WS (m/s)   U (m/s)   V (m/s)  NS  WZ (m/s)  ZW (m)   FP  FT  FH  FW    LAT (N)   LON (E)
0001    0.40  -999.0   -999.00   -999.0    -999  -999  -999.00   -999.00   -999.00  -999  -999.0    -999     0   0   0   0    -999.000  -999.000
0002    0.90  -999.0   -999.00   -999.0    -999  -999  -999.00   -999.00   -999.00  -999  -999.0    -999     0   0   0   0    -999.000  -999.000
0003    1.40  -999.0   -999.00   -999.0    -999  -999  -999.00   -999.00   -999.00  -999  -999.0    -999     0   0   0   0    -999.000  -999.000
0004    1.90  -999.0   -999.00   -999.0    -999  -999  -999.00   -999.00   -999.00  -999  -999.0    -999     0   0   0   0    -999.000  -999.000
0005    2.40  -999.0   -999.00   -999.0    -999  -999  -999.00   -999.00   -999.00     0  -999.0    -999     0   0   0   0    -999.000  -999.000
0006    2.90  -999.0   -999.00   -999.0    -999  -999  -999.00   -999.00   -999.00     0  -999.0    -999     0   0   0   0    -999.000  -999.000
0007    3.40  -999.0   -999.00   -999.0    -999  -999  -999.00   -999.00   -999.00     0  -999.0    -999     0   0   0   0    -999.000  -999.000
0008    3.90  -999.0   -999.00   -999.0    -999  -999  -999.00   -999.00   -999.00     0  -999.0    -999     0   0   0   0    -999.000  -999.000
0009    4.40  -999.0   -999.00   -999.0    -999  -999  -999.00   -999.00   -999.00     0  -999.0    -999     0   0   0   0    -999.000  -999.000
0010    4.90  -999.0   -999.00   -999.0    -999  -999  -999.00   -999.00   -999.00     0  -999.0    -999     0   0   0   0    -999.000  -999.000
0011    5.40  -999.0   -999.00   -999.0    -999  -999  -999.00   -999.00   -999.00     0  -999.0    -999     0   0   0   0    -999.000  -999.000
0012    5.90  -999.0   -999.00   -999.0    -999  -999  -999.00   -999.00   -999.00     0  -999.0    -999     0   0   0   0    -999.000  -999.000
0013    6.40  -999.0   -999.00   -999.0    -999  -999  -999.00   -999.00   -999.00     0  -999.0    -999     0   0   0   0    -999.000  -999.000
0014    6.90  -999.0   -999.00   -999.0    -999  -999  -999.00   -999.00   -999.00     0  -999.0    -999     0   0   0   0    -999.000  -999.000
0015    7.40  -999.0   -999.00   -999.0    -999  -999  -999.00   -999.00   -999.00     0  -999.0    -999     0   0   0   0    -999.000  -999.000
0016    7.90  -999.0   -999.00   -999.0    -999  -999  -999.00   -999.00   -999.00     0  -999.0    -999     0   0   0   0    -999.000  -999.000
0017    8.40  -999.0   -999.00   -999.0    -999  -999  -999.00   -999.00   -999.00     0  -999.0    -999     0   0   0   0    -999.000  -999.000
0018    8.90  -999.0   -999.00   -999.0    -999  -999  -999.00   -999.00   -999.00     0  -999.0    -999     0   0   0   0    -999.000  -999.000
0019    9.40  -999.0   -999.00   -999.0    -999  -999  -999.00   -999.00   -999.00     0  -999.0    -999     0   0   0   0    -999.000  -999.000
0020    9.90  -999.0   -999.00   -999.0    -999  -999  -999.00   -999.00   -999.00     0  -999.0    -999     0   0   0   0    -999.000  -999.000
0021   10.40  -999.0   -999.00   -999.0    -999  -999  -999.00   -999.00   -999.00     0  -999.0    -999     0   0   0   0    -999.000  -999.000
0022   10.90  -999.0   -999.00   -999.0    -999  -999  -999.00   -999.00   -999.00     0  -999.0    -999     0   0   0   0    -999.000  -999.000
0023   11.40   848.5     18.72   -999.0    1359  -999  -999.00   -999.00   -999.00     0    -2.3    1359     0   0   0   0    -999.000  -999.000
0024   11.90   849.1     18.74   -999.0    1352  -999  -999.00   -999.00   -999.00     0    -2.3    1352     0   0   0   0    -999.000  -999.000
0025   12.40   849.8     18.75   -999.0    1345  -999  -999.00   -999.00   -999.00     0    -2.3    1345     0   0   0   0    -999.000  -999.000
0026   12.90   850.4     18.76   -999.0    1339  -999  -999.00   -999.00   -999.00     0    -2.3    1339     0   0   0   0    -999.000  -999.000
0027   13.40   851.1     18.78   -999.0    1332  -999  -999.00   -999.00   -999.00     0    -2.2    1332     0   0   0   0    -999.000  -999.000
0028   13.90   851.7     18.80   -999.0    1326  -999  -999.00   -999.00   -999.00     0    -2.2    1326     0   0   0   0    -999.000  -999.000
0029   14.40   852.3     18.81   -999.0    1320  -999  -999.00   -999.00   -999.00     0    -2.2    1320     0   0   0   0    -999.000  -999.000
0030   14.90   853.0     18.83   -999.0    1313  -999  -999.00   -999.00   -999.00     0    -2.1    1313     0   0   0   0    -999.000  -999.000
0031   15.40   853.6     18.85   -999.0    1307  -999  -999.00   -999.00   -999.00     0    -2.1    1307     0   0   0   0    -999.000  -999.000
0032   15.90   854.2     18.87   -999.0    1301  -999  -999.00   -999.00   -999.00     0    -2.1    1301     0   0   0   0    -999.000  -999.000
0033   16.40   854.8     18.90   -999.0    1294  -999  -999.00   -999.00   -999.00     0    -2.0    1294     0   0   0   0    -999.000  -999.000
0034   16.90   855.4     18.92   -999.0    1288  -999  -999.00   -999.00   -999.00     0    -2.0    1288     0   0   0   0    -999.000  -999.000
0035   17.40   856.1     18.95   -999.0    1282  -999  -999.00   -999.00   -999.00     0    -2.1    1282     0   0   0   0    -999.000  -999.000
0036   17.90   856.7     18.97   -999.0    1275  -999  -999.00   -999.00   -999.00     0    -2.1    1275     0   0   0   0    -999.000  -999.000
0037   18.40   857.3     19.00     95.0    1269  -999  -999.00   -999.00   -999.00     0    -2.1    1269     0   0   0   0    -999.000  -999.000
0038   18.90   857.9     19.03     95.1    1263  -999  -999.00   -999.00   -999.00     0    -2.1    1263     0   0   0   0    -999.000  -999.000
0039   19.40   858.6     19.06     95.2    1256  -999  -999.00   -999.00   -999.00     4    -2.1    1256     0   0   0   0    -999.000  -999.000
0040   19.90   859.2     19.09     95.2    1250  -999  -999.00   -999.00   -999.00     4    -2.1    1250     0   0   0   0    -999.000  -999.000
0041   20.40   859.9     19.12     95.3    1244  -999  -999.00   -999.00   -999.00     4    -2.1    1244     0   0   0   0    -999.000  -999.000
0042   20.90   860.5     19.15     95.3    1237  -999  -999.00   -999.00   -999.00     4    -2.0    1237     0   0   0   0    -999.000  -999.000
0043   21.40   861.1     19.18     95.4    1231  -999  -999.00   -999.00   -999.00     4    -2.0    1231     0   0   0   0    -999.000  -999.000
0044   21.90   861.7     19.21     95.4    1225  -999  -999.00   -999.00   -999.00     4    -2.0    1225     0   0   0   0    -999.000  -999.000
0045   22.40   862.4     19.23     95.4    1219  -999  -999.00   -999.00   -999.00     4    -2.0    1219     0   0   0   0    -999.000  -999.000
0046   22.90   863.0     19.26     95.4    1212  -999  -999.00   -999.00   -999.00     4    -1.9    1212     0   0   0   0    -999.000  -999.000
0047   23.40   863.6     19.28     95.3    1206  -999  -999.00   -999.00   -999.00     4    -1.9    1206     0   0   0   0    -999.000  -999.000
0048   23.90   864.2     19.30     95.2    1200  -999  -999.00   -999.00   -999.00     4    -2.0    1200     0   0   0   0    -999.000  -999.000
0049   24.40   864.8     19.33     95.1    1194  -999  -999.00   -999.00   -999.00     4    -2.0    1194     0   0   0   0    -999.000  -999.000
0050   24.90   865.5     19.35     95.0    1187  -999  -999.00   -999.00   -999.00     4    -2.0    1187     0   0   0   0    -999.000  -999.000
0051   25.40   866.1     19.37     94.8    1181  -999  -999.00   -999.00   -999.00     4    -2.1    1181     0   0   0   0    -999.000  -999.000
0052   25.90   866.7     19.40     94.6    1175  -999  -999.00   -999.00   -999.00     4    -2.1    1175     0   0   0   0    -999.000  -999.000
0053   26.40   867.4     19.43     94.4    1168  -999  -999.00   -999.00   -999.00     4    -2.2    1168     0   0   0   0    -999.000  -999.000
0054   26.90   868.0     19.45     94.1    1162  -999  -999.00   -999.00   -999.00     4    -2.2    1162     0   0   0   0    -999.000  -999.000
0055   27.40   868.6     19.48     93.8    1156  -999  -999.00   -999.00   -999.00     4    -2.2    1156     0   0   0   0    -999.000  -999.000
0056   27.90   869.3     19.52     93.6    1149  -999  -999.00   -999.00   -999.00     4    -2.2    1149     0   0   0   0    -999.000  -999.000
0057   28.40   869.9     19.55     93.4    1143  -999  -999.00   -999.00   -999.00     4    -2.3    1143     0   0   0   0    -999.000  -999.000
0058   28.90   870.6     19.59     93.3    1137  -999  -999.00   -999.00   -999.00     4    -2.3    1137     0   0   0   0    -999.000  -999.000
0059   29.40   871.2     19.63     93.3    1130  -999  -999.00   -999.00   -999.00     4    -2.3    1130     0   0   0   0    -999.000  -999.000
0060   29.90   871.9     19.66     93.3    1124  -999  -999.00   -999.00   -999.00     4    -2.3    1124     0   0   0   0    -999.000  -999.000
0061   30.40   872.5     19.70     93.4    1117  -999  -999.00   -999.00   -999.00     4    -2.3    1117     0   0   0   0    -999.000  -999.000
0062   30.90   873.1     19.74     93.6    1111  -999  -999.00   -999.00   -999.00     4    -2.3    1111     0   0   0   0    -999.000  -999.000
0063   31.40   873.8     19.77     93.9    1105  -999  -999.00   -999.00   -999.00     4    -2.3    1105     0   0   0   0    -999.000  -999.000
0064   31.90   874.4     19.81     94.2    1098  -999  -999.00   -999.00   -999.00     4    -2.3    1098     0   0   0   0    -999.000  -999.000
0065   32.40   875.1     19.84     94.5    1092  -999  -999.00   -999.00   -999.00     4    -2.3    1092     0   0   0   0    -999.000  -999.000
0066   32.90   875.7     19.87     94.8    1086  -999  -999.00   -999.00   -999.00     4    -2.3    1086     0   0   0   0    -999.000  -999.000
0067   33.40   876.4     19.90     95.0    1079  -999  -999.00   -999.00   -999.00     4    -2.3    1079     0   0   0   0    -999.000  -999.000
0068   33.90   877.0     19.93     95.1    1073  -999  -999.00   -999.00   -999.00     4    -2.3    1073     0   0   0   0    -999.000  -999.000
0069   34.40   877.7     19.96     95.2    1066  -999  -999.00   -999.00   -999.00     4    -2.4    1066     0   0   0   0    -999.000  -999.000
0070   34.90   878.3     19.98     95.2    1060  -999  -999.00   -999.00   -999.00     4    -2.4    1060     0   0   0   0    -999.000  -999.000
0071   35.40   879.0     20.02     95.1    1053  -999  -999.00   -999.00   -999.00     4    -2.4    1053     0   0   0   0    -999.000  -999.000
0072   35.90   879.6     20.05     95.1    1047  -999  -999.00   -999.00   -999.00     4    -2.4    1047     0   0   0   0    -999.000  -999.000
0073   36.40   880.3     20.08     95.0    1041  -999  -999.00   -999.00   -999.00     4    -2.5    1041     0   0   0   0    -999.000  -999.000
0074   36.90   880.9     20.12     94.9    1034  -999  -999.00   -999.00   -999.00  -999    -2.5    1034     0   0   0   0    -999.000  -999.000
0075   37.40   881.6     20.15     94.9    1028  -999  -999.00   -999.00   -999.00     4    -2.5    1028     0   0   0   0    -999.000  -999.000
0076   37.90   882.2     20.19     94.8    1021  -999  -999.00   -999.00   -999.00     5    -2.5    1021     0   0   0   0    -999.000  -999.000
0077   38.40   882.9     20.22     94.8    1015  -999  -999.00   -999.00   -999.00     5    -2.5    1015     0   0   0   0    -999.000  -999.000
0078   38.90   883.6     20.26     94.7    1008  -999  -999.00   -999.00   -999.00     5    -2.5    1008     0   0   0   0    -999.000  -999.000
0079   39.40   884.2     20.30     94.7    1002  -999  -999.00   -999.00   -999.00     5    -2.5    1002     0   0   0   0    -999.000  -999.000
0080   39.90   884.9     20.34     94.7     995  -999  -999.00   -999.00   -999.00     5    -2.4     995     0   0   0   0    -999.000  -999.000
0081   40.40   885.6     20.37     94.8     989  -999  -999.00   -999.00   -999.00  -999    -2.4     989     0   0   0   0    -999.000  -999.000
0082   40.90   886.2     20.41     94.9     982  -999  -999.00   -999.00   -999.00     5    -2.3     982     0   0   0   0    -999.000  -999.000
0083   41.40   886.8     20.45     95.1     976  -999  -999.00   -999.00   -999.00     5    -2.2     976     0   0   0   0    -999.000  -999.000
0084   41.90   887.5     20.49     95.4     970  -999  -999.00   -999.00   -999.00     5    -2.1     970     0   0   0   0    -999.000  -999.000
0085   42.40   888.1     20.53     95.7     964  -999  -999.00   -999.00   -999.00     5    -2.0     964     0   0   0   0    -999.000  -999.000
0086   42.90   888.8     20.56     96.1     957  -999  -999.00   -999.00   -999.00     5    -1.9     957     0   0   0   0    -999.000  -999.000
0087   43.40   889.4     20.60     96.4     951  -999  -999.00   -999.00   -999.00     5    -1.8     951     0   0   0   0    -999.000  -999.000
0088   43.90   890.0     20.64     96.8     945  -999  -999.00   -999.00   -999.00     5    -1.7     945     0   0   0   0    -999.000  -999.000
0089   44.40   890.6     20.67     97.1     939  -999  -999.00   -999.00   -999.00     5    -1.6     939     0   0   0   0    -999.000  -999.000
0090   44.90   891.2     20.71     97.4     933  -999  -999.00   -999.00   -999.00     5    -1.5     933     0   0   0   0    -999.000  -999.000
0091   45.40   891.8     20.74     97.6     927  -999  -999.00   -999.00   -999.00     5    -1.5     927     0   0   0   0    -999.000  -999.000
0092   45.90   892.4     20.76     97.8     921  -999  -999.00   -999.00   -999.00     5    -1.4     921     0   0   0   0    -999.000  -999.000
0093   46.40   893.0     20.79     98.0     916  -999  -999.00   -999.00   -999.00     5    -1.4     916     0   0   0   0    -999.000  -999.000
0094   46.90   893.6     20.81     98.1     910  -999  -999.00   -999.00   -999.00     5    -1.4     910     0   0   0   0    -999.000  -999.000
0095   47.40   894.3     20.84     98.2     904  -999  -999.00   -999.00   -999.00     5    -1.5     904     0   0   0   0    -999.000  -999.000
0096   47.90   894.9     20.86     98.3     898  -999  -999.00   -999.00   -999.00  -999    -1.5     898     0   0   0   0    -999.000  -999.000
0097   48.40   895.5     20.88     98.4     892  -999  -999.00   -999.00   -999.00     5    -1.6     892     0   0   0   0    -999.000  -999.000
0098   48.90   896.1     20.90     98.4     886  -999  -999.00   -999.00   -999.00     5    -1.6     886     0   0   0   0    -999.000  -999.000
0099   49.40   896.7     20.93     98.5     880  -999  -999.00   -999.00   -999.00     5    -1.7     880     0   0   0   0    -999.000  -999.000
0100   49.90   897.3     20.95     98.6     874  -999  -999.00   -999.00   -999.00     5    -1.7     874     0   0   0   0    -999.000  -999.000
0101   50.40   898.0     20.98     98.7     868  -999  -999.00   -999.00   -999.00     5    -1.8     868     0   0   0   0    -999.000  -999.000
0102   50.90   898.6     21.00     98.7     862  -999  -999.00   -999.00   -999.00     5    -1.8     862     0   0   0   0    -999.000  -999.000
0103   51.40   899.2     21.03     98.8     856  -999  -999.00   -999.00   -999.00     5    -1.8     856     0   0   0   0    -999.000  -999.000
0104   51.90   899.9     21.06     98.9     849  -999  -999.00   -999.00   -999.00     5    -1.8     849     0   0   0   0    -999.000  -999.000
0105   52.40   900.5     21.10     99.0     843  -999  -999.00   -999.00   -999.00     5    -1.8     843     0   0   0   0    -999.000  -999.000
0106   52.90   901.1     21.14     99.1     837  -999  -999.00   -999.00   -999.00     5    -1.9     837     0   0   0   0    -999.000  -999.000
0107   53.40   901.8     21.18     99.3     831  -999  -999.00   -999.00   -999.00     5    -1.9     831     0   0   0   0    -999.000  -999.000
0108   53.90   902.4     21.22     99.4     825  -999  -999.00   -999.00   -999.00     5    -1.9     825     0   0   0   0    -999.000  -999.000
0109   54.40   903.0     21.27     99.5     819  -999  -999.00   -999.00   -999.00     5    -1.9     819     0   0   0   0    -999.000  -999.000
0110   54.90   903.6     21.32     99.7     813  -999  -999.00   -999.00   -999.00  -999    -1.9     813     0   0   0   0    -999.000  -999.000
0111   55.40   904.3     21.37     99.8     807  -999  -999.00   -999.00   -999.00     5    -2.0     807     0   0   0   0    -999.000  -999.000
0112   55.90   904.9     21.41     99.9     801  -999  -999.00   -999.00   -999.00     5    -2.0     801     0   0   0   0    -999.000  -999.000
0113   56.40   905.6     21.46     99.9     794  -999  -999.00   -999.00   -999.00     5    -2.1     794     0   0   0   0    -999.000  -999.000
0114   56.90   906.2     21.49    100.0     788  -999  -999.00   -999.00   -999.00     5    -2.2     788     0   0   0   0    -999.000  -999.000
0115   57.40   906.9     21.53    100.0     782  -999  -999.00   -999.00   -999.00     5    -2.3     782     0   0   0   0    -999.000  -999.000
0116   57.90   907.5     21.56    100.0     776  -999  -999.00   -999.00   -999.00     5    -2.3     776     0   0   0   0    -999.000  -999.000
0117   58.40   908.2     21.59    100.0     769  -999  -999.00   -999.00   -999.00     5    -2.4     769     0   0   0   0    -999.000  -999.000
0118   58.90   908.9     21.62    100.0     763  -999  -999.00   -999.00   -999.00     5    -2.5     763     0   0   0   0    -999.000  -999.000
0119   59.40   909.5     21.66    100.0     756  -999  -999.00   -999.00   -999.00     5    -2.5     756     0   0   0   0    -999.000  -999.000
0120   59.90   910.2     21.70    100.0     750  -999  -999.00   -999.00   -999.00     5    -2.6     750     0   0   0   0    -999.000  -999.000
0121   60.40   910.9     21.75    100.0     743  -999  -999.00   -999.00   -999.00     5    -2.7     743     0   0   0   0    -999.000  -999.000
0122   60.90   911.5     21.81    100.0     737  -999  -999.00   -999.00   -999.00     5    -2.7     737     0   0   0   0    -999.000  -999.000
0123   61.40   912.2     21.86    100.0     730  -999  -999.00   -999.00   -999.00     5    -2.8     730     0   0   0   0    -999.000  -999.000
0124   61.90   912.9     21.92    100.0     724  -999  -999.00   -999.00   -999.00     5    -2.9     724     0   0   0   0    -999.000  -999.000
0125   62.40   913.6     21.97    100.0     717  -999  -999.00   -999.00   -999.00     5    -3.0     717     0   0   0   0    -999.000  -999.000
0126   62.90   914.3     22.02    100.0     711  -999  -999.00   -999.00   -999.00     5    -3.1     711     0   0   0   0    -999.000  -999.000
0127   63.40   915.0     22.07    100.0     704  -999  -999.00   -999.00   -999.00  -999    -3.3     704     0   0   0   0    -999.000  -999.000
0128   63.90   915.7     22.12    100.0     697  -999  -999.00   -999.00   -999.00     5    -3.4     697     0   0   0   0    -999.000  -999.000
0129   64.40   916.4     22.16    100.0     690  -999  -999.00   -999.00   -999.00     5    -3.6     690     0   0   0   0    -999.000  -999.000
0130   64.90   917.2     22.19    100.0     683  -999  -999.00   -999.00   -999.00     5    -3.7     683     0   0   0   0    -999.000  -999.000
0131   65.40   917.9     22.23    100.0     676  -999  -999.00   -999.00   -999.00     5    -3.9     676     0   0   0   0    -999.000  -999.000
0132   65.90   918.6     22.26    100.0     669  -999  -999.00   -999.00   -999.00     5    -4.0     669     0   0   0   0    -999.000  -999.000
0133   66.40   919.4     22.29    100.0     662  -999  -999.00   -999.00   -999.00     5    -4.1     662     0   0   0   0    -999.000  -999.000
0134   66.90   920.2     22.31    100.0     655  -999  -999.00   -999.00   -999.00     5    -4.2     655     0   0   0   0    -999.000  -999.000
0135   67.40   920.9     22.34    100.0     647  -999  -999.00   -999.00   -999.00     5    -4.3     647     0   0   0   0    -999.000  -999.000
0136   67.90   921.7     22.36    100.0     640  -999  -999.00   -999.00   -999.00     5    -4.3     640     0   0   0   0    -999.000  -999.000
0137   68.40   922.5     22.38    100.0     633  -999  -999.00   -999.00   -999.00     5    -4.3     633     0   0   0   0    -999.000  -999.000
0138   68.90   923.2     22.41    100.0     626  -999  -999.00   -999.00   -999.00     5    -4.2     626     0   0   0   0    -999.000  -999.000
0139   69.40   924.0     22.43    100.0     618  -999  -999.00   -999.00   -999.00     5    -4.2     618     0   0   0   0    -999.000  -999.000
0140   69.90   924.7     22.45    100.0     611  -999  -999.00   -999.00   -999.00     5    -4.1     611     0   0   0   0    -999.000  -999.000
0141   70.40   925.5     22.47    100.0     604  -999  -999.00   -999.00   -999.00     5    -4.0     604     0   0   0   0    -999.000  -999.000
0142   70.90   926.2     22.49    100.0     597  -999  -999.00   -999.00   -999.00     5    -3.8     597     0   0   0   0    -999.000  -999.000
0143   71.40   927.0     22.52    100.0     590  -999  -999.00   -999.00   -999.00     5    -3.7     590     0   0   0   0    -999.000  -999.000
0144   71.90   927.7     22.54    100.0     583  -999  -999.00   -999.00   -999.00  -999    -3.6     583     0   0   0   0    -999.000  -999.000
0145   72.40   928.5     22.56    100.0     576  -999  -999.00   -999.00   -999.00     5    -3.4     576     0   0   0   0    -999.000  -999.000
0146   72.90   929.2     22.59    100.0     569  -999  -999.00   -999.00   -999.00     5    -3.2     569     0   0   0   0    -999.000  -999.000
0147   73.40   929.9     22.61    100.0     563  -999  -999.00   -999.00   -999.00     5    -3.0     563     0   0   0   0    -999.000  -999.000
0148   73.90   930.6     22.63    100.0     556  -999  -999.00   -999.00   -999.00     5    -2.9     556     0   0   0   0    -999.000  -999.000
0149   74.40   931.3     22.66    100.0     550  -999  -999.00   -999.00   -999.00     5    -2.7     550     0   0   0   0    -999.000  -999.000
0150   74.90   932.0     22.67    100.0     543  -999  -999.00   -999.00   -999.00     5    -2.6     543     0   0   0   0    -999.000  -999.000
0151   75.40   932.6     22.69    100.0     537  -999  -999.00   -999.00   -999.00     5    -2.5     537     0   0   0   0    -999.000  -999.000
0152   75.90   933.3     22.71    100.0     531  -999  -999.00   -999.00   -999.00     5    -2.4     531     0   0   0   0    -999.000  -999.000
0153   76.40   933.9     22.73    100.0     525  -999  -999.00   -999.00   -999.00     5    -2.4     525     0   0   0   0    -999.000  -999.000
0154   76.90   934.6     22.75    100.0     518  -999  -999.00   -999.00   -999.00     5    -2.3     518     0   0   0   0    -999.000  -999.000
0155   77.40   935.3     22.78    100.0     512  -999  -999.00   -999.00   -999.00     5    -2.3     512     0   0   0   0    -999.000  -999.000
0156   77.90   935.9     22.81    100.0     506  -999  -999.00   -999.00   -999.00     5    -2.3     506     0   0   0   0    -999.000  -999.000
0157   78.40   936.6     22.84    100.0     500  -999  -999.00   -999.00   -999.00     5    -2.2     500     0   0   0   0    -999.000  -999.000
0158   78.90   937.3     22.87    100.0     493  -999  -999.00   -999.00   -999.00     5    -2.2     493     0   0   0   0    -999.000  -999.000
0159   79.40   937.9     22.91    100.0     487  -999  -999.00   -999.00   -999.00     5    -2.1     487     0   0   0   0    -999.000  -999.000
0160   79.90   938.6     22.95     99.9     481  -999  -999.00   -999.00   -999.00     5    -1.9     481     0   0   0   0    -999.000  -999.000
0161   80.40   939.3     23.00     99.7     475  -999  -999.00   -999.00   -999.00     5    -1.8     475     0   0   0   0    -999.000  -999.000
0162   80.90   939.9     23.05     99.6     469  -999  -999.00   -999.00   -999.00     5    -1.6     469     0   0   0   0    -999.000  -999.000
0163   81.40   940.5     23.09     99.4     463  -999  -999.00   -999.00   -999.00     5    -1.4     463     0   0   0   0    -999.000  -999.000
0164   81.90   941.1     23.15     99.1     457  -999  -999.00   -999.00   -999.00     5    -1.2     457     0   0   0   0    -999.000  -999.000
0165   82.40   941.7     23.20     98.9     452  -999  -999.00   -999.00   -999.00     5    -1.0     452     0   0   0   0    -999.000  -999.000
0166   82.90   942.3     23.25     98.6     446  -999  -999.00   -999.00   -999.00     5    -0.8     446     0   0   0   0    -999.000  -999.000
0167   83.40   942.9     23.31     98.3     441  -999  -999.00   -999.00   -999.00     5    -0.6     441     0   0   0   0    -999.000  -999.000
0168   83.90   943.5     23.37     98.0     435  -999  -999.00   -999.00   -999.00     5    -0.5     435     0   0   0   0    -999.000  -999.000
0169   84.40   944.0     23.43     97.6     430  -999  -999.00   -999.00   -999.00     5    -0.3     430     0   0   0   0    -999.000  -999.000
0170   84.90   944.6     23.49     97.2     425  -999  -999.00   -999.00   -999.00     5    -0.2     425     0   0   0   0    -999.000  -999.000
0171   85.40   945.1     23.56     96.7     420  -999  -999.00   -999.00   -999.00     5    -0.1     420     0   0   0   0    -999.000  -999.000
0172   85.90   945.7     23.62     96.1     415  -999  -999.00   -999.00   -999.00     5    -0.1     415     0   0   0   0    -999.000  -999.000
0173   86.40   946.2     23.69     95.5     410  -999  -999.00   -999.00   -999.00     5     0.0     410     0   0   0   0    -999.000  -999.000
0174   86.90   946.8     23.75     94.8     405  -999  -999.00   -999.00   -999.00     5     0.0     405     0   0   0   0    -999.000  -999.000
0175   87.40   947.3     23.82     94.1     400  -999  -999.00   -999.00   -999.00     5     0.1     400     0   0   0   0    -999.000  -999.000
0176   87.90   947.9     23.88     93.4     394  -999  -999.00   -999.00   -999.00     5     0.1     394     0   0   0   0    -999.000  -999.000
0177   88.40   948.4     23.93     92.8     389  -999  -999.00   -999.00   -999.00     5     0.1     389     0   0   0   0    -999.000  -999.000
0178   88.90   949.0     23.99     92.3     384  -999  -999.00   -999.00   -999.00     5     0.0     384     0   0   0   0    -999.000  -999.000
0179   89.40   949.5     24.04     91.8     379  -999  -999.00   -999.00   -999.00     5     0.0     379     0   0   0   0    -999.000  -999.000
0180   89.90   950.0     24.10     91.4     374  -999  -999.00   -999.00   -999.00     5    -0.1     374     0   0   0   0    -999.000  -999.000
0181   90.40   950.6     24.15     91.1     369  -999  -999.00   -999.00   -999.00     5    -0.1     369     0   0   0   0    -999.000  -999.000
0182   90.90   951.2     24.19     90.9     364  -999  -999.00   -999.00   -999.00     5    -0.2     364     0   0   0   0    -999.000  -999.000
0183   91.40   951.7     24.24     90.8     359  -999  -999.00   -999.00   -999.00     5    -0.3     359     0   0   0   0    -999.000  -999.000
0184   91.90   952.3     24.29     90.9     354  -999  -999.00   -999.00   -999.00     5    -0.4     354     0   0   0   0    -999.000  -999.000
0185   92.40   952.8     24.34     91.1     349  -999  -999.00   -999.00   -999.00     5    -0.5     349     0   0   0   0    -999.000  -999.000
0186   92.90   953.4     24.38     91.5     343  -999  -999.00   -999.00   -999.00     5    -0.5     343     0   0   0   0    -999.000  -999.000
0187   93.40   954.0     24.43     91.9     338  -999  -999.00   -999.00   -999.00     5    -0.5     338     0   0   0   0    -999.000  -999.000
0188   93.90   954.6     24.47     92.3     332  -999  -999.00   -999.00   -999.00     5    -0.5     332     0   0   0   0    -999.000  -999.000
0189   94.40   955.2     24.51     92.5     327  -999  -999.00   -999.00   -999.00     5    -0.5     327     0   0   0   0    -999.000  -999.000
0190   94.90   955.8     24.56     92.7     322  -999  -999.00   -999.00   -999.00     5    -0.4     322     0   0   0   0    -999.000  -999.000
0191   95.40   956.3     24.60     92.7     316  -999  -999.00   -999.00   -999.00     5    -0.3     316     0   0   0   0    -999.000  -999.000
0192   95.90   956.9     24.65     92.5     311  -999  -999.00   -999.00   -999.00     5    -0.2     311     0   0   0   0    -999.000  -999.000
0193   96.40   957.5     24.69     92.3     306  -999  -999.00   -999.00   -999.00     5    -0.2     306     0   0   0   0    -999.000  -999.000
0194   96.90   958.0     24.74     92.1     301  -999  -999.00   -999.00   -999.00     5    -0.1     301     0   0   0   0    -999.000  -999.000
0195   97.40   958.6     24.78     92.0     296  -999  -999.00   -999.00   -999.00     5    -0.0     296     0   0   0   0    -999.000  -999.000
0196   97.90   959.1     24.83     91.9     291  -999  -999.00   -999.00   -999.00     5     0.0     291     0   0   0   0    -999.000  -999.000
0197   98.40   959.6     24.87     91.9     286  -999  -999.00   -999.00   -999.00     5    -0.0     286     0   0   0   0    -999.000  -999.000
0198   98.90   960.2     24.92     91.9     281  -999  -999.00   -999.00   -999.00     5    -0.1     281     0   0   0   0    -999.000  -999.000
0199   99.40   960.7     24.96     92.0     276  -999  -999.00   -999.00   -999.00     5    -0.1     276     0   0   0   0    -999.000  -999.000
0200   99.90   961.3     25.00     92.1     271  -999  -999.00   -999.00   -999.00     5    -0.3     271     0   0   0   0    -999.000  -999.000
0201  100.40   961.8     25.05     92.2     266  -999  -999.00   -999.00   -999.00     5    -0.4     266     0   0   0   0    -999.000  -999.000
0202  100.90   962.4     25.09     92.2     260  -999  -999.00   -999.00   -999.00     5    -0.6     260     0   0   0   0    -999.000  -999.000
0203  101.40   963.0     25.14     92.1     255  -999  -999.00   -999.00   -999.00     5    -0.7     255     0   0   0   0    -999.000  -999.000
0204  101.90   963.6     25.18     92.1     250  -999  -999.00   -999.00   -999.00     5    -0.9     250     0   0   0   0    -999.000  -999.000
0205  102.40   964.2     25.23     92.0     244  -999  -999.00   -999.00   -999.00     5    -1.1     244     0   0   0   0    -999.000  -999.000
0206  102.90   964.8     25.28     92.0     238  -999  -999.00   -999.00   -999.00     5    -1.3     238     0   0   0   0    -999.000  -999.000
0207  103.40   965.5     25.33     91.9     233  -999  -999.00   -999.00   -999.00     5    -1.5     233     0   0   0   0    -999.000  -999.000
0208  103.90   966.1     25.38     91.9     227  -999  -999.00   -999.00   -999.00     5    -1.6     227     0   0   0   0    -999.000  -999.000
0209  104.40   966.7     25.43     91.8     221  -999  -999.00   -999.00   -999.00     5    -1.7     221     0   0   0   0    -999.000  -999.000
0210  104.90   967.4     25.48     91.6     215  -999  -999.00   -999.00   -999.00     5    -1.8     215     0   0   0   0    -999.000  -999.000
0211  105.40   968.0     25.53     91.4     209  -999  -999.00   -999.00   -999.00     5    -1.9     209     0   0   0   0    -999.000  -999.000
0212  105.90   968.7     25.58     91.1     203  -999  -999.00   -999.00   -999.00     5    -2.0     203     0   0   0   0    -999.000  -999.000
0213  106.40   969.4     25.63     90.8     197  -999  -999.00   -999.00   -999.00     5    -2.0     197     0   0   0   0    -999.000  -999.000
0214  106.90   970.0     25.68     90.4     191  -999  -999.00   -999.00   -999.00     5    -2.0     191     0   0   0   0    -999.000  -999.000
0215  107.40   970.7     25.73     89.9     185  -999  -999.00   -999.00   -999.00     5    -2.1     185     0   0   0   0    -999.000  -999.000
0216  107.90   971.3     25.78     89.5     179  -999  -999.00   -999.00   -999.00     5    -2.1     179     0   0   0   0    -999.000  -999.000
0217  108.40   972.0     25.83     89.0     173  -999  -999.00   -999.00   -999.00     5    -2.2     173     0   0   0   0    -999.000  -999.000
0218  108.90   972.7     25.88     88.5     167  -999  -999.00   -999.00   -999.00     5    -2.2     167     0   0   0   0    -999.000  -999.000
0219  109.40   973.3     25.93     88.0     160  -999  -999.00   -999.00   -999.00     5    -2.3     160     0   0   0   0    -999.000  -999.000
0220  109.90   974.0     25.98     87.5     154    61    27.27    -23.82    -13.28     6    -2.3     154     0   0   0   0      22.270   -89.881
0221  110.40   974.7     26.03     87.1     148    61    27.37    -23.90    -13.34     6    -2.4     148     0   0   0   0      22.270   -89.881
0222  110.90   975.4     26.07     86.6     142    61    27.45    -23.96    -13.39     6    -2.5     142     0   0   0   0      22.270   -89.881
0223  111.40   976.1     26.12     86.2     136    61    27.51    -24.00    -13.44     6    -2.5     136     0   0   0   0      22.270   -89.881
0224  111.90   976.8     26.17     85.9     129    61    27.54    -24.02    -13.47     6    -2.6     129     0   0   0   0      22.270   -89.881
0225  112.40   977.5     26.23     85.7     123    61    27.55    -24.01    -13.50     6    -2.7     123     0   0   0   0      22.270   -89.882
0226  112.90   978.2     26.28     85.6     117    61    27.52    -23.98    -13.51     6    -2.7     117     0   0   0   0      22.270   -89.882
0227  113.40   978.9     26.34     85.5     110    61    27.47    -23.91    -13.52     6    -2.7     110     0   0   0   0      22.270   -89.882
0228  113.90   979.6     26.39     85.3     104    60    27.39    -23.82    -13.52     6    -2.8     104     0   0   0   0      22.270   -89.882
0229  114.40   980.3     26.45     85.2      97    60    27.28    -23.70    -13.51     6    -2.8      97     0   0   0   0      22.270   -89.882
0230  114.90   981.0     26.51     85.0      91    60    27.14    -23.55    -13.49     6    -2.8      91     0   0   0   0      22.270   -89.882
0231  115.40   981.7     26.57     84.7      85    60    26.97    -23.36    -13.47     6    -2.8      85     0   0   0   0      22.270   -89.882
0232  115.90   982.4     26.63     84.4      78    60    26.77    -23.15    -13.44     6    -2.8      78     0   0   0   0      22.270   -89.882
0233  116.40   983.1     26.69     84.2      72    60    26.55    -22.91    -13.41     6    -2.7      72     0   0   0   0      22.270   -89.882
0234  116.90   983.8     26.75     83.9      66    59    26.30    -22.64    -13.37     6    -2.6      66     0   0   0   0      22.269   -89.883
0235  117.40   984.5     26.81     83.7      59    59    26.01    -22.34    -13.33     6    -2.5      59     0   0   0   0      22.269   -89.883
0236  117.90   985.2     26.88     83.5      53    59    25.71    -22.01    -13.28     6    -2.4      53     0   0   0   0      22.269   -89.883
0237  118.40   985.9     26.94     83.4      47    59    25.38    -21.66    -13.22     6    -2.3      47     0   0   0   0      22.269   -89.883
0238  118.90   986.6     27.00     83.4      40    58    25.03    -21.28    -13.17     6    -2.1      40     0   0   0   0      22.269   -89.883
0239  119.40   987.3     27.07     83.5      34    58    24.66    -20.89    -13.11     6    -2.0      34     0   0   0   0      22.269   -89.883
0240  119.90   987.9     27.13     83.9      28    57    24.28    -20.48    -13.05     6    -1.8      28     0   0   0   0      22.269   -89.883
0241  120.40   988.6     27.20     84.3      23    57    23.90    -20.06    -12.99     6    -1.7      23     0   0   0   0      22.269   -89.883
0242  120.90   989.2     27.27     84.9      17    57    23.50    -19.63    -12.92     6    -1.6      17     0   0   0   0      22.269   -89.883
0243  121.40   989.8     27.34     85.5      12    56    23.10    -19.19    -12.86     6    -1.5      12     0   0   0   0      22.269   -89.883
0244  121.90   990.4     27.41     86.0       6    56    22.70    -18.75    -12.79     6    -1.5       6     0   0   0   0      22.269   -89.884
0245  122.44   991.1     27.41     86.0       0  -999  -999.00   -999.00   -999.00  -999  -999.0       0     0   0   0   0    -999.000  -999.000
