 ===========================================================================
 DROPWINDSONDE PROCESSING RECORD                            Sonde: 003825225
 FRD file written by Aspen V3.4.8, 10 Jul 2023 12:54 UTC
 Aircraft: WP-3D, N42rf                      Date: 020922   Time: 215247 UTC
 ---------------------------------------------------------------------------
 Bias corrections:  PR =   0.0 mb  TE =   0.0 C  RH =   0.0 %  PRB =  0.0 mb
 Filters (LPF):     PTH = 
 Dyn RH correction = 
 Estimated PR used = 
 Dyn T correction  = 
 ---------------------------------------------------------------------------
 COMMENT: no telemetry, Weak Telemetry
 ===========================================================================

 ===========================================================================
 Date: 020922   Lat:  21.54 N   TA:   15.7 C   PS:  769.6 mb   WD:    41 deg
 Time: 215247   Lon:  89.70 W   TD: -999.0 C   GA:   2111 m    WS:  39.4 m/s
 SID:  003825225                RH: -999.0 %   Navaid:   GP
 ===========================================================================

IX      t (s)  P (mb)    T (C)    RH (%)  Z (m)   WD    WS (m/s)   U (m/s)   V (m/s)  NS  WZ (m/s)  ZW (m)   FP  FT  FH  FW    LAT (N)   LON (E)
0001    0.30  -999.0   -999.00   -999.0    -999  -999  -999.00   -999.00   -999.00  -999  -999.0    -999     0   0   0   0    -999.000  -999.000
0002    0.80  -999.0   -999.00   -999.0    -999  -999  -999.00   -999.00   -999.00  -999  -999.0    -999     0   0   0   0    -999.000  -999.000
0003    1.30  -999.0   -999.00   -999.0    -999  -999  -999.00   -999.00   -999.00  -999  -999.0    -999     0   0   0   0    -999.000  -999.000
0004    1.80  -999.0   -999.00   -999.0    -999  -999  -999.00   -999.00   -999.00  -999  -999.0    -999     0   0   0   0    -999.000  -999.000
0005    2.30  -999.0   -999.00   -999.0    -999  -999  -999.00   -999.00   -999.00     0  -999.0    -999     0   0   0   0    -999.000  -999.000
0006    2.80  -999.0   -999.00   -999.0    -999  -999  -999.00   -999.00   -999.00     0  -999.0    -999     0   0   0   0    -999.000  -999.000
0007    3.30  -999.0   -999.00   -999.0    -999  -999  -999.00   -999.00   -999.00     0  -999.0    -999     0   0   0   0    -999.000  -999.000
0008    3.80  -999.0   -999.00   -999.0    -999  -999  -999.00   -999.00   -999.00     0  -999.0    -999     0   0   0   0    -999.000  -999.000
0009    4.30  -999.0   -999.00   -999.0    -999  -999  -999.00   -999.00   -999.00     0  -999.0    -999     0   0   0   0    -999.000  -999.000
0010    4.80  -999.0   -999.00   -999.0    -999  -999  -999.00   -999.00   -999.00     0  -999.0    -999     0   0   0   0    -999.000  -999.000
0011    5.30  -999.0   -999.00   -999.0    -999  -999  -999.00   -999.00   -999.00     0  -999.0    -999     0   0   0   0    -999.000  -999.000
0012    5.80  -999.0   -999.00   -999.0    -999  -999  -999.00   -999.00   -999.00     0  -999.0    -999     0   0   0   0    -999.000  -999.000
0013    6.30  -999.0   -999.00   -999.0    -999  -999  -999.00   -999.00   -999.00     0  -999.0    -999     0   0   0   0    -999.000  -999.000
0014    6.80  -999.0   -999.00   -999.0    -999  -999  -999.00   -999.00   -999.00     0  -999.0    -999     0   0   0   0    -999.000  -999.000
0015    7.30  -999.0   -999.00   -999.0    -999  -999  -999.00   -999.00   -999.00     0  -999.0    -999     0   0   0   0    -999.000  -999.000
0016    7.80  -999.0   -999.00   -999.0    -999  -999  -999.00   -999.00   -999.00     0  -999.0    -999     0   0   0   0    -999.000  -999.000
0017    8.30  -999.0   -999.00   -999.0    -999  -999  -999.00   -999.00   -999.00     0  -999.0    -999     0   0   0   0    -999.000  -999.000
0018    8.80  -999.0   -999.00   -999.0    -999  -999  -999.00   -999.00   -999.00     0  -999.0    -999     0   0   0   0    -999.000  -999.000
0019    9.30  -999.0   -999.00   -999.0    -999  -999  -999.00   -999.00   -999.00     0  -999.0    -999     0   0   0   0    -999.000  -999.000
0020    9.80  -999.0   -999.00   -999.0    -999  -999  -999.00   -999.00   -999.00     0  -999.0    -999     0   0   0   0    -999.000  -999.000
0021   10.30  -999.0   -999.00   -999.0    -999  -999  -999.00   -999.00   -999.00     0  -999.0    -999     0   0   0   0    -999.000  -999.000
0022   10.80  -999.0   -999.00   -999.0    -999  -999  -999.00   -999.00   -999.00     0  -999.0    -999     0   0   0   0    -999.000  -999.000
0023   11.30  -999.0   -999.00   -999.0    -999  -999  -999.00   -999.00   -999.00     0  -999.0    -999     0   0   0   0    -999.000  -999.000
0024   11.80  -999.0   -999.00   -999.0    -999  -999  -999.00   -999.00   -999.00     0  -999.0    -999     0   0   0   0    -999.000  -999.000
0025   12.30   782.8     16.58   -999.0    1954  -999  -999.00   -999.00   -999.00     0    -1.0    1954     0   0   0   0    -999.000  -999.000
0026   12.80   783.4     16.58   -999.0    1948  -999  -999.00   -999.00   -999.00     0    -1.1    1948     0   0   0   0    -999.000  -999.000
0027   13.30   783.9     16.57   -999.0    1942  -999  -999.00   -999.00   -999.00     0    -1.2    1942     0   0   0   0    -999.000  -999.000
0028   13.80   784.5     16.55   -999.0    1935  -999  -999.00   -999.00   -999.00     0    -1.3    1935     0   0   0   0    -999.000  -999.000
0029   14.30   785.1     16.54   -999.0    1929  -999  -999.00   -999.00   -999.00     0    -1.4    1929     0   0   0   0    -999.000  -999.000
0030   14.80   785.7     16.53   -999.0    1923  -999  -999.00   -999.00   -999.00     0    -1.5    1923     0   0   0   0    -999.000  -999.000
0031   15.30   786.2     16.53   -999.0    1917  -999  -999.00   -999.00   -999.00     0    -1.6    1917     0   0   0   0    -999.000  -999.000
0032   15.80   786.8     16.53   -999.0    1910  -999  -999.00   -999.00   -999.00     0    -1.6    1910     0   0   0   0    -999.000  -999.000
0033   16.30   787.4     16.53     86.0    1904  -999  -999.00   -999.00   -999.00     0    -1.7    1904     0   0   0   0    -999.000  -999.000
0034   16.80   788.0     16.54     86.2    1898  -999  -999.00   -999.00   -999.00     0    -1.8    1898     0   0   0   0    -999.000  -999.000
0035   17.30   788.6     16.56     86.0    1891  -999  -999.00   -999.00   -999.00     0    -1.8    1891     0   0   0   0    -999.000  -999.000
0036   17.80   789.2     16.58     85.7    1885  -999  -999.00   -999.00   -999.00     0    -1.9    1885     0   0   0   0    -999.000  -999.000
0037   18.30   789.8     16.61     85.5    1879  -999  -999.00   -999.00   -999.00     0    -1.9    1879     0   0   0   0    -999.000  -999.000
0038   18.80   790.3     16.64     85.2    1872  -999  -999.00   -999.00   -999.00     0    -1.9    1872     0   0   0   0    -999.000  -999.000
0039   19.30   790.9     16.68     85.0    1866  -999  -999.00   -999.00   -999.00     0    -2.0    1866     0   0   0   0    -999.000  -999.000
0040   19.80   791.5     16.72     84.7    1859  -999  -999.00   -999.00   -999.00     0    -2.0    1859     0   0   0   0    -999.000  -999.000
0041   20.30   792.1     16.76     84.5    1853  -999  -999.00   -999.00   -999.00     0    -2.0    1853     0   0   0   0    -999.000  -999.000
0042   20.80   792.7     16.81     84.4    1846  -999  -999.00   -999.00   -999.00     0    -2.0    1846     0   0   0   0    -999.000  -999.000
0043   21.30   793.3     16.85     84.2    1840  -999  -999.00   -999.00   -999.00     0    -2.0    1840     0   0   0   0    -999.000  -999.000
0044   21.80   793.9     16.90     84.1    1833  -999  -999.00   -999.00   -999.00     0    -2.0    1833     0   0   0   0    -999.000  -999.000
0045   22.30   794.5     16.95     83.9    1827  -999  -999.00   -999.00   -999.00     0    -2.0    1827     0   0   0   0    -999.000  -999.000
0046   22.80   795.1     17.00     83.8    1820  -999  -999.00   -999.00   -999.00     4    -2.1    1820     0   0   0   0    -999.000  -999.000
0047   23.30   795.7     17.05     83.6    1814  -999  -999.00   -999.00   -999.00     4    -2.1    1814     0   0   0   0    -999.000  -999.000
0048   23.80   796.4     17.11     83.4    1807  -999  -999.00   -999.00   -999.00     4    -2.1    1807     0   0   0   0    -999.000  -999.000
0049   24.30   797.0     17.16     83.3    1801  -999  -999.00   -999.00   -999.00     4    -2.1    1801     0   0   0   0    -999.000  -999.000
0050   24.80   797.6     17.21     83.1    1794  -999  -999.00   -999.00   -999.00     4    -2.2    1794     0   0   0   0    -999.000  -999.000
0051   25.30   798.2     17.26     82.9    1788  -999  -999.00   -999.00   -999.00     4    -2.2    1788     0   0   0   0    -999.000  -999.000
0052   25.80   798.8     17.31     82.7    1781  -999  -999.00   -999.00   -999.00     4    -2.2    1781     0   0   0   0    -999.000  -999.000
0053   26.30   799.4     17.36     82.6    1774  -999  -999.00   -999.00   -999.00     4    -2.2    1774     0   0   0   0    -999.000  -999.000
0054   26.80   800.0     17.41     82.5    1768  -999  -999.00   -999.00   -999.00     4    -2.2    1768     0   0   0   0    -999.000  -999.000
0055   27.30   800.6     17.45     82.4    1761  -999  -999.00   -999.00   -999.00     4    -2.2    1761     0   0   0   0    -999.000  -999.000
0056   27.80   801.3     17.50     82.4    1755  -999  -999.00   -999.00   -999.00     4    -2.2    1755     0   0   0   0    -999.000  -999.000
0057   28.30   801.9     17.54     82.5    1748  -999  -999.00   -999.00   -999.00     4    -2.2    1748     0   0   0   0    -999.000  -999.000
0058   28.80   802.5     17.58     82.7    1742  -999  -999.00   -999.00   -999.00     4    -2.2    1742     0   0   0   0    -999.000  -999.000
0059   29.30   803.1     17.61     82.9    1735  -999  -999.00   -999.00   -999.00  -999    -2.3    1735     0   0   0   0    -999.000  -999.000
0060   29.80   803.7     17.65     83.3    1728  -999  -999.00   -999.00   -999.00     4    -2.3    1728     0   0   0   0    -999.000  -999.000
0061   30.30   804.3     17.68     83.7    1722  -999  -999.00   -999.00   -999.00     4    -2.3    1722     0   0   0   0    -999.000  -999.000
0062   30.80   804.9     17.71     84.2    1715  -999  -999.00   -999.00   -999.00     4    -2.3    1715     0   0   0   0    -999.000  -999.000
0063   31.30   805.6     17.74     84.7    1709  -999  -999.00   -999.00   -999.00     4    -2.3    1709     0   0   0   0    -999.000  -999.000
0064   31.80   806.2     17.76     85.2    1702  -999  -999.00   -999.00   -999.00     5    -2.4    1702     0   0   0   0    -999.000  -999.000
0065   32.30   806.8     17.79     85.7    1696  -999  -999.00   -999.00   -999.00     5    -2.4    1696     0   0   0   0    -999.000  -999.000
0066   32.80   807.4     17.82     86.1    1689  -999  -999.00   -999.00   -999.00     5    -2.4    1689     0   0   0   0    -999.000  -999.000
0067   33.30   808.0     17.84     86.5    1682  -999  -999.00   -999.00   -999.00     5    -2.5    1682     0   0   0   0    -999.000  -999.000
0068   33.80   808.7     17.87     86.8    1676  -999  -999.00   -999.00   -999.00     5    -2.5    1676     0   0   0   0    -999.000  -999.000
0069   34.30   809.3     17.89     87.1    1669  -999  -999.00   -999.00   -999.00     5    -2.5    1669     0   0   0   0    -999.000  -999.000
0070   34.80   809.9     17.92     87.4    1662  -999  -999.00   -999.00   -999.00     5    -2.5    1662     0   0   0   0    -999.000  -999.000
0071   35.30   810.6     17.94     87.6    1655  -999  -999.00   -999.00   -999.00     5    -2.4    1655     0   0   0   0    -999.000  -999.000
0072   35.80   811.2     17.96     87.9    1649  -999  -999.00   -999.00   -999.00  -999    -2.4    1649     0   0   0   0    -999.000  -999.000
0073   36.30   811.8     17.99     88.0    1642  -999  -999.00   -999.00   -999.00     5    -2.4    1642     0   0   0   0    -999.000  -999.000
0074   36.80   812.4     18.01     88.2    1636  -999  -999.00   -999.00   -999.00     5    -2.3    1636     0   0   0   0    -999.000  -999.000
0075   37.30   813.1     18.04     88.3    1629  -999  -999.00   -999.00   -999.00     5    -2.3    1629     0   0   0   0    -999.000  -999.000
0076   37.80   813.7     18.07     88.3    1623  -999  -999.00   -999.00   -999.00     5    -2.2    1623     0   0   0   0    -999.000  -999.000
0077   38.30   814.3     18.10     88.3    1616  -999  -999.00   -999.00   -999.00  -999    -2.2    1616     0   0   0   0    -999.000  -999.000
0078   38.80   814.9     18.14     88.2    1610  -999  -999.00   -999.00   -999.00     5    -2.1    1610     0   0   0   0    -999.000  -999.000
0079   39.30   815.5     18.18     88.1    1603  -999  -999.00   -999.00   -999.00     5    -2.1    1603     0   0   0   0    -999.000  -999.000
0080   39.80   816.1     18.22     88.0    1597  -999  -999.00   -999.00   -999.00     5    -2.1    1597     0   0   0   0    -999.000  -999.000
0081   40.30   816.7     18.26     87.9    1590  -999  -999.00   -999.00   -999.00     5    -2.1    1590     0   0   0   0    -999.000  -999.000
0082   40.80   817.4     18.31     87.9    1584  -999  -999.00   -999.00   -999.00     5    -2.1    1584     0   0   0   0    -999.000  -999.000
0083   41.30   818.0     18.35     87.8    1577  -999  -999.00   -999.00   -999.00     5    -2.1    1577     0   0   0   0    -999.000  -999.000
0084   41.80   818.6     18.40     87.8    1571  -999  -999.00   -999.00   -999.00  -999    -2.1    1571     0   0   0   0    -999.000  -999.000
0085   42.30   819.2     18.44     87.8    1565  -999  -999.00   -999.00   -999.00     5    -2.1    1565     0   0   0   0    -999.000  -999.000
0086   42.80   819.8     18.48     87.9    1558  -999  -999.00   -999.00   -999.00     5    -2.1    1558     0   0   0   0    -999.000  -999.000
0087   43.30   820.4     18.52     88.1    1552    43    38.28    -26.32    -27.79     6    -2.1    1552     0   0   0   0      21.530   -89.706
0088   43.80   821.0     18.55     88.3    1545    44    38.19    -26.32    -27.66     6    -2.2    1545     0   0   0   0      21.530   -89.706
0089   44.30   821.6     18.59     88.6    1539    44    38.09    -26.32    -27.53     6    -2.2    1539     0   0   0   0      21.530   -89.707
0090   44.80   822.3     18.62     89.0    1532    44    37.99    -26.32    -27.40     6    -2.2    1532     0   0   0   0      21.530   -89.707
0091   45.30   822.9     18.65     89.5    1526    44    37.89    -26.31    -27.27     6    -2.2    1526     0   0   0   0      21.530   -89.707
0092   45.80   823.5     18.67     89.9    1519    44    37.78    -26.30    -27.13     6    -2.3    1519     0   0   0   0      21.529   -89.707
0093   46.30   824.1     18.69     90.4    1513    44    37.67    -26.28    -26.98     6    -2.3    1513     0   0   0   0      21.529   -89.707
0094   46.80   824.8     18.71     90.8    1506    44    37.56    -26.27    -26.84     6    -2.2    1506     0   0   0   0      21.529   -89.707
0095   47.30   825.4     18.73     91.2    1499    45    37.46    -26.27    -26.71     6    -2.2    1499     0   0   0   0      21.529   -89.707
0096   47.80   826.0     18.74     91.5    1493    45    37.37    -26.27    -26.58     6    -2.2    1493     0   0   0   0      21.529   -89.707
0097   48.30   826.6     18.76     91.8    1487    45    37.30    -26.29    -26.46     6    -2.2    1487     0   0   0   0      21.529   -89.708
0098   48.80   827.3     18.77     92.0    1480    45    37.24    -26.31    -26.35     6    -2.2    1480     0   0   0   0      21.529   -89.708
0099   49.30   827.9     18.78     92.1    1474    45    37.19    -26.35    -26.25     6    -2.2    1474     0   0   0   0      21.529   -89.708
0100   49.80   828.5     18.79     92.3    1467    45    37.17    -26.40    -26.16     6    -2.2    1467     0   0   0   0      21.529   -89.708
0101   50.30   829.1     18.81     92.4    1461    45    37.15    -26.46    -26.08     6    -2.2    1461     0   0   0   0      21.528   -89.708
0102   50.80   829.7     18.82     92.4    1454    46    37.15    -26.53    -26.00     6    -2.2    1454     0   0   0   0      21.528   -89.708
0103   51.30   830.4     18.84     92.5    1448    46    37.15    -26.60    -25.94     6    -2.2    1448     0   0   0   0      21.528   -89.708
0104   51.80   831.0     18.87     92.5    1441    46    37.16    -26.67    -25.88     6    -2.2    1441     0   0   0   0      21.528   -89.709
0105   52.30   831.6     18.89     92.4    1435    46    37.16    -26.73    -25.82     6    -2.2    1435     0   0   0   0      21.528   -89.709
0106   52.80   832.2     18.92     92.4    1428  -999  -999.00   -999.00   -999.00     5    -2.2    1428     0   0   0   0    -999.000  -999.000
0107   53.30   832.9     18.95     92.3    1422  -999  -999.00   -999.00   -999.00  -999    -2.3    1422     0   0   0   0    -999.000  -999.000
0108   53.80   833.5     18.99     92.3    1415  -999  -999.00   -999.00   -999.00     5    -2.3    1415     0   0   0   0    -999.000  -999.000
0109   54.30   834.1     19.02     92.2    1409  -999  -999.00   -999.00   -999.00     5    -2.4    1409     0   0   0   0    -999.000  -999.000
0110   54.80   834.7     19.06     92.1    1402  -999  -999.00   -999.00   -999.00     5    -2.4    1402     0   0   0   0    -999.000  -999.000
0111   55.30   835.4     19.11     91.9    1396  -999  -999.00   -999.00   -999.00     5    -2.4    1396     0   0   0   0    -999.000  -999.000
0112   55.80   836.0     19.15     91.8    1389  -999  -999.00   -999.00   -999.00     5    -2.5    1389     0   0   0   0    -999.000  -999.000
0113   56.30   836.7     19.19     91.7    1383  -999  -999.00   -999.00   -999.00     5    -2.5    1383     0   0   0   0    -999.000  -999.000
0114   56.80  -999.0   -999.00   -999.0    -999  -999  -999.00   -999.00   -999.00  -999  -999.0    -999     0   0   0   0    -999.000  -999.000
0115   57.30   837.9     19.28     91.6    1369  -999  -999.00   -999.00   -999.00     5    -2.5    1369     0   0   0   0    -999.000  -999.000
0116   57.80   838.6     19.32     91.5    1363  -999  -999.00   -999.00   -999.00     5    -2.5    1363     0   0   0   0    -999.000  -999.000
0117   58.30   839.2     19.36     91.5    1356  -999  -999.00   -999.00   -999.00     5    -2.5    1356     0   0   0   0    -999.000  -999.000
0118   58.80   839.9     19.40     91.4    1349  -999  -999.00   -999.00   -999.00     5    -2.5    1349     0   0   0   0    -999.000  -999.000
0119   59.30   840.5     19.43     91.4    1343  -999  -999.00   -999.00   -999.00     5    -2.5    1343     0   0   0   0    -999.000  -999.000
0120   59.80   841.2     19.47     91.4    1336  -999  -999.00   -999.00   -999.00     5    -2.5    1336     0   0   0   0    -999.000  -999.000
0121   60.30   841.8     19.50     91.3    1330  -999  -999.00   -999.00   -999.00     5    -2.5    1330     0   0   0   0    -999.000  -999.000
0122   60.80   842.4     19.54     91.3    1323  -999  -999.00   -999.00   -999.00     5    -2.5    1323     0   0   0   0    -999.000  -999.000
0123   61.30   843.1     19.57     91.2    1316  -999  -999.00   -999.00   -999.00     5    -2.5    1316     0   0   0   0    -999.000  -999.000
0124   61.80   843.7     19.61     91.1    1310  -999  -999.00   -999.00   -999.00     5    -2.5    1310     0   0   0   0    -999.000  -999.000
0125   62.30   844.4     19.65     91.0    1303  -999  -999.00   -999.00   -999.00     5    -2.5    1303     0   0   0   0    -999.000  -999.000
0126   62.80   845.0     19.70     90.8    1297  -999  -999.00   -999.00   -999.00     5    -2.5    1297     0   0   0   0    -999.000  -999.000
0127   63.30   845.7     19.74     90.7    1290  -999  -999.00   -999.00   -999.00  -999    -2.5    1290     0   0   0   0    -999.000  -999.000
0128   63.80   846.3     19.78     90.6    1283  -999  -999.00   -999.00   -999.00     5    -2.5    1283     0   0   0   0    -999.000  -999.000
0129   64.30   846.9     19.81     90.5    1277  -999  -999.00   -999.00   -999.00     5    -2.5    1277     0   0   0   0    -999.000  -999.000
0130   64.80   847.6     19.85     90.4    1270  -999  -999.00   -999.00   -999.00     5    -2.5    1270     0   0   0   0    -999.000  -999.000
0131   65.30   848.2     19.89     90.3    1264  -999  -999.00   -999.00   -999.00     5    -2.4    1264     0   0   0   0    -999.000  -999.000
0132   65.80   848.9     19.92     90.2    1257  -999  -999.00   -999.00   -999.00     5    -2.4    1257     0   0   0   0    -999.000  -999.000
0133   66.30   849.5     19.96     90.1    1251  -999  -999.00   -999.00   -999.00     5    -2.3    1251     0   0   0   0    -999.000  -999.000
0134   66.80   850.1     19.99     90.0    1244  -999  -999.00   -999.00   -999.00     5    -2.3    1244     0   0   0   0    -999.000  -999.000
0135   67.30   850.8     20.02     89.9    1238  -999  -999.00   -999.00   -999.00     5    -2.2    1238     0   0   0   0    -999.000  -999.000
0136   67.80   851.4     20.05     89.8    1231  -999  -999.00   -999.00   -999.00  -999    -2.2    1231     0   0   0   0    -999.000  -999.000
0137   68.30   852.0     20.08     89.8    1225  -999  -999.00   -999.00   -999.00     5    -2.1    1225     0   0   0   0    -999.000  -999.000
0138   68.80   852.7     20.11     89.7    1219    48    38.46    -28.57    -25.75     6    -2.1    1219     0   0   0   0      21.524   -89.713
0139   69.30   853.3     20.13     89.7    1212    48    38.50    -28.60    -25.77     6    -2.1    1212     0   0   0   0      21.524   -89.713
0140   69.80   853.9     20.15     89.8    1206  -999  -999.00   -999.00   -999.00     5    -2.1    1206     0   0   0   0    -999.000  -999.000
0141   70.30   854.5     20.17     89.8    1200    48    38.56    -28.66    -25.80     6    -2.1    1200     0   0   0   0      21.524   -89.713
0142   70.80   855.2     20.19     89.9    1193    48    38.59    -28.70    -25.81     6    -2.1    1193     0   0   0   0      21.524   -89.714
0143   71.30   855.8     20.20     90.0    1187    48    38.63    -28.74    -25.81     6    -2.1    1187     0   0   0   0      21.524   -89.714
0144   71.80   856.4     20.22     90.1    1180    48    38.66    -28.79    -25.80     6    -2.1    1180     0   0   0   0      21.523   -89.714
0145   72.30   857.0     20.23     90.1    1174    48    38.70    -28.85    -25.80     6    -2.1    1174     0   0   0   0      21.523   -89.714
0146   72.80   857.7     20.25     90.2    1168  -999  -999.00   -999.00   -999.00  -999    -2.2    1168     0   0   0   0    -999.000  -999.000
0147   73.30   858.3     20.26     90.2    1161  -999  -999.00   -999.00   -999.00  -999    -2.2    1161     0   0   0   0    -999.000  -999.000
0148   73.80   858.9     20.28     90.2    1155    48    38.84    -29.05    -25.78     6    -2.2    1155     0   0   0   0      21.523   -89.714
0149   74.30   859.6     20.30     90.2    1149    48    38.90    -29.12    -25.79     6    -2.2    1149     0   0   0   0      21.523   -89.715
0150   74.80   860.2     20.32     90.2    1142    49    38.96    -29.19    -25.80     6    -2.2    1142     0   0   0   0      21.523   -89.715
0151   75.30   860.8     20.34     90.2    1136  -999  -999.00   -999.00   -999.00  -999    -2.2    1136     0   0   0   0    -999.000  -999.000
0152   75.80   861.5     20.37     90.2    1129    49    39.08    -29.32    -25.84     6    -2.2    1129     0   0   0   0      21.523   -89.715
0153   76.30   862.1     20.40     90.1    1123    49    39.14    -29.38    -25.86     6    -2.1    1123     0   0   0   0      21.522   -89.715
0154   76.80   862.7     20.42     90.1    1117    49    39.20    -29.43    -25.89     6    -2.1    1117     0   0   0   0      21.522   -89.715
0155   77.30   863.4     20.45     90.0    1110    49    39.24    -29.47    -25.90     6    -2.1    1110     0   0   0   0      21.522   -89.715
0156   77.80   864.0     20.49     90.0    1104    49    39.27    -29.50    -25.92     6    -2.1    1104     0   0   0   0      21.522   -89.716
0157   78.30   864.6     20.52     89.9    1098    49    39.29    -29.51    -25.93     6    -2.0    1098     0   0   0   0      21.522   -89.716
0158   78.80   865.3     20.56     89.9    1091    49    39.30    -29.52    -25.94     6    -2.0    1091     0   0   0   0      21.522   -89.716
0159   79.30   865.9     20.60     89.8    1085    49    39.31    -29.52    -25.96     6    -2.0    1085     0   0   0   0      21.522   -89.716
0160   79.80   866.5     20.63     89.7    1079  -999  -999.00   -999.00   -999.00  -999    -2.0    1079     0   0   0   0    -999.000  -999.000
0161   80.30   867.1     20.67     89.7    1073  -999  -999.00   -999.00   -999.00  -999    -2.0    1073     0   0   0   0    -999.000  -999.000
0162   80.80   867.7     20.71     89.6    1066    49    39.37    -29.55    -26.01     6    -2.0    1066     0   0   0   0      21.521   -89.716
0163   81.30   868.4     20.74     89.6    1060  -999  -999.00   -999.00   -999.00     5    -2.0    1060     0   0   0   0    -999.000  -999.000
0164   81.80   869.0     20.77     89.5    1054    49    39.47    -29.68    -26.02     6    -2.0    1054     0   0   0   0      21.521   -89.717
0165   82.30   869.6     20.80     89.5    1048    49    39.53    -29.78    -26.00     6    -2.0    1048     0   0   0   0      21.521   -89.717
0166   82.80   870.2     20.83     89.4    1041    49    39.61    -29.90    -25.98     6    -2.1    1041     0   0   0   0      21.521   -89.717
0167   83.30   870.9     20.86     89.4    1035  -999  -999.00   -999.00   -999.00  -999    -2.1    1035     0   0   0   0    -999.000  -999.000
0168   83.80   871.5     20.89     89.4    1029    49    39.76    -30.15    -25.91     6    -2.1    1029     0   0   0   0      21.521   -89.717
0169   84.30   872.1     20.92     89.3    1022    49    39.82    -30.28    -25.87     6    -2.2    1022     0   0   0   0      21.521   -89.717
0170   84.80   872.8     20.95     89.2    1016  -999  -999.00   -999.00   -999.00  -999    -2.2    1016     0   0   0   0    -999.000  -999.000
0171   85.30   873.4     20.99     89.2    1010    50    39.91    -30.48    -25.76     6    -2.2    1010     0   0   0   0      21.520   -89.718
0172   85.80   874.1     21.02     89.1    1003    50    39.94    -30.56    -25.71     6    -2.2    1003     0   0   0   0      21.520   -89.718
0173   86.30   874.7     21.05     89.0     997    50    39.95    -30.62    -25.65     6    -2.2     997     0   0   0   0      21.520   -89.718
0174   86.80   875.3     21.08     88.9     991    50    39.94    -30.66    -25.60     6    -2.2     991     0   0   0   0      21.520   -89.718
0175   87.30   876.0     21.11     88.8     984    50    39.94    -30.69    -25.55     6    -2.2     984     0   0   0   0      21.520   -89.718
0176   87.80   876.6     21.14     88.7     978    50    39.93    -30.71    -25.52     6    -2.1     978     0   0   0   0      21.520   -89.719
0177   88.30   877.3     21.17     88.7     972  -999  -999.00   -999.00   -999.00  -999    -2.1     972     0   0   0   0    -999.000  -999.000
0178   88.80   877.9     21.20     88.6     965  -999  -999.00   -999.00   -999.00  -999    -2.0     965     0   0   0   0    -999.000  -999.000
0179   89.30   878.5     21.22     88.6     959    50    39.94    -30.75    -25.48     6    -2.0     959     0   0   0   0      21.519   -89.719
0180   89.80   879.1     21.25     88.7     953    50    39.96    -30.76    -25.50     6    -1.9     953     0   0   0   0      21.519   -89.719
0181   90.30  -999.0   -999.00   -999.0    -999    50    39.99    -30.77    -25.53     6  -999.0    -999     0   0   0   0      21.519   -89.719
0182   90.80   880.4     21.28     88.8     941  -999  -999.00   -999.00   -999.00  -999    -1.8     941     0   0   0   0    -999.000  -999.000
0183   91.30   881.0     21.30     88.8     935  -999  -999.00   -999.00   -999.00  -999    -1.7     935     0   0   0   0    -999.000  -999.000
0184   91.80   881.6     21.31     88.9     928    50    40.13    -30.82    -25.71     6    -1.6     928     0   0   0   0      21.519   -89.720
0185   92.30   882.2     21.32     89.0     922  -999  -999.00   -999.00   -999.00  -999    -1.6     922     0   0   0   0    -999.000  -999.000
0186   92.80   882.8     21.33     89.1     916    50    40.25    -30.84    -25.86     6    -1.5     916     0   0   0   0      21.519   -89.720
0187   93.30   883.4     21.34     89.2     911  -999  -999.00   -999.00   -999.00  -999    -1.5     911     0   0   0   0    -999.000  -999.000
0188   93.80   884.0     21.35     89.2     905    50    40.33    -30.83    -26.00     6    -1.4     905     0   0   0   0      21.518   -89.720
0189   94.30   884.6     21.36     89.3     899    50    40.35    -30.81    -26.06     6    -1.4     899     0   0   0   0      21.518   -89.720
0190   94.80   885.2     21.37     89.3     893    50    40.36    -30.78    -26.11     6    -1.4     893     0   0   0   0      21.518   -89.721
0191   95.30   885.8     21.38     89.4     887    50    40.36    -30.73    -26.16     6    -1.4     887     0   0   0   0      21.518   -89.721
0192   95.80   886.4     21.39     89.4     881    49    40.34    -30.67    -26.21     6    -1.4     881     0   0   0   0      21.518   -89.721
0193   96.30   887.1     21.41     89.3     875    49    40.32    -30.60    -26.27     6    -1.4     875     0   0   0   0      21.518   -89.721
0194   96.80   887.7     21.43     89.3     869    49    40.30    -30.52    -26.33     6    -1.4     869     0   0   0   0      21.518   -89.721
0195   97.30   888.3     21.46     89.3     863  -999  -999.00   -999.00   -999.00  -999    -1.3     863     0   0   0   0    -999.000  -999.000
0196   97.80   888.9     21.48     89.2     857    49    40.27    -30.35    -26.47     6    -1.3     857     0   0   0   0      21.517   -89.721
0197   98.30   889.5     21.51     89.1     851    49    40.27    -30.28    -26.55     6    -1.3     851     0   0   0   0      21.517   -89.722
0198   98.80   890.1     21.54     89.0     846    49    40.28    -30.22    -26.63     6    -1.3     846     0   0   0   0      21.517   -89.722
0199   99.30   890.7     21.56     88.9     840    48    40.30    -30.17    -26.72     6    -1.2     840     0   0   0   0      21.517   -89.722
0200   99.80   891.2     21.59     88.8     834    48    40.33    -30.14    -26.80     6    -1.2     834     0   0   0   0      21.517   -89.722
0201  100.30   891.8     21.62     88.7     828    48    40.37    -30.12    -26.88     6    -1.1     828     0   0   0   0      21.517   -89.722
0202  100.80   892.4     21.64     88.6     822    48    40.41    -30.11    -26.95     6    -1.1     822     0   0   0   0      21.517   -89.722
0203  101.30   893.0     21.66     88.5     817    48    40.46    -30.12    -27.01     6    -1.0     817     0   0   0   0      21.517   -89.723
0204  101.80   893.6     21.68     88.5     811    48    40.51    -30.14    -27.07     6    -0.9     811     0   0   0   0      21.516   -89.723
0205  102.30   894.2     21.69     88.5     805    48    40.59    -30.18    -27.14     6    -0.9     805     0   0   0   0      21.516   -89.723
0206  102.80   894.8     21.69     88.6     800  -999  -999.00   -999.00   -999.00     5    -0.7     800     0   0   0   0    -999.000  -999.000
0207  103.30   895.3     21.69     88.9     794  -999  -999.00   -999.00   -999.00     5    -0.6     794     0   0   0   0    -999.000  -999.000
0208  103.80   895.9     21.67     89.2     788  -999  -999.00   -999.00   -999.00     5    -0.5     788     0   0   0   0    -999.000  -999.000
0209  104.30   896.5     21.64     89.6     783    48    41.01    -30.44    -27.48     6    -0.3     783     0   0   0   0      21.516   -89.723
0210  104.80   897.0     21.60     90.1     778    48    41.12    -30.49    -27.59     6    -0.2     778     0   0   0   0      21.516   -89.724
0211  105.30   897.5     21.55     90.7     773  -999  -999.00   -999.00   -999.00     5    -0.1     773     0   0   0   0    -999.000  -999.000
0212  105.80   898.1     21.49     91.3     767  -999  -999.00   -999.00   -999.00  -999     0.1     767     0   0   0   0    -999.000  -999.000
0213  106.30   898.6     21.44     91.9     762  -999  -999.00   -999.00   -999.00     5     0.1     762     0   0   0   0    -999.000  -999.000
0214  106.80   899.1     21.39     92.4     757  -999  -999.00   -999.00   -999.00     5     0.2     757     0   0   0   0    -999.000  -999.000
0215  107.30   899.6     21.34     92.9     752  -999  -999.00   -999.00   -999.00     5     0.2     752     0   0   0   0    -999.000  -999.000
0216  107.80   900.2     21.31     93.3     747  -999  -999.00   -999.00   -999.00     5     0.2     747     0   0   0   0    -999.000  -999.000
0217  108.30   900.7     21.28     93.7     742  -999  -999.00   -999.00   -999.00     5     0.2     742     0   0   0   0    -999.000  -999.000
0218  108.80   901.2     21.26     94.0     737  -999  -999.00   -999.00   -999.00     5     0.1     737     0   0   0   0    -999.000  -999.000
0219  109.30   901.7     21.25     94.2     732  -999  -999.00   -999.00   -999.00     5     0.1     732     0   0   0   0    -999.000  -999.000
0220  109.80   902.3     21.25     94.4     727  -999  -999.00   -999.00   -999.00     5    -0.0     727     0   0   0   0    -999.000  -999.000
0221  110.30   902.8     21.26     94.6     722  -999  -999.00   -999.00   -999.00     5    -0.1     722     0   0   0   0    -999.000  -999.000
0222  110.80   903.4     21.27     94.7     716  -999  -999.00   -999.00   -999.00     5    -0.2     716     0   0   0   0    -999.000  -999.000
0223  111.30   903.9     21.29     94.8     711  -999  -999.00   -999.00   -999.00     5    -0.3     711     0   0   0   0    -999.000  -999.000
0224  111.80   904.5     21.31     94.9     706  -999  -999.00   -999.00   -999.00     5    -0.4     706     0   0   0   0    -999.000  -999.000
0225  112.30   905.0     21.34     94.9     700  -999  -999.00   -999.00   -999.00     4    -0.4     700     0   0   0   0    -999.000  -999.000
0226  112.80   905.6     21.36     95.0     695  -999  -999.00   -999.00   -999.00     5    -0.5     695     0   0   0   0    -999.000  -999.000
0227  113.30   906.2     21.39     95.0     689  -999  -999.00   -999.00   -999.00     5    -0.5     689     0   0   0   0    -999.000  -999.000
0228  113.80   906.7     21.42     95.0     684  -999  -999.00   -999.00   -999.00     5    -0.6     684     0   0   0   0    -999.000  -999.000
0229  114.30   907.3     21.45     95.0     679  -999  -999.00   -999.00   -999.00     5    -0.6     679     0   0   0   0    -999.000  -999.000
0230  114.80   907.9     21.48     95.1     673  -999  -999.00   -999.00   -999.00     5    -0.6     673     0   0   0   0    -999.000  -999.000
0231  115.30   908.4     21.51     95.2     668  -999  -999.00   -999.00   -999.00     5    -0.7     668     0   0   0   0    -999.000  -999.000
0232  115.80   909.0     21.54     95.3     662  -999  -999.00   -999.00   -999.00     5    -0.8     662     0   0   0   0    -999.000  -999.000
0233  116.30   909.6     21.57     95.4     657  -999  -999.00   -999.00   -999.00     5    -0.8     657     0   0   0   0    -999.000  -999.000
0234  116.80   910.1     21.59     95.6     651  -999  -999.00   -999.00   -999.00     5    -0.9     651     0   0   0   0    -999.000  -999.000
0235  117.30   910.7     21.61     95.8     645  -999  -999.00   -999.00   -999.00     5    -0.9     645     0   0   0   0    -999.000  -999.000
0236  117.80   911.3     21.63     96.0     640  -999  -999.00   -999.00   -999.00     5    -1.0     640     0   0   0   0    -999.000  -999.000
0237  118.30   911.9     21.65     96.2     634  -999  -999.00   -999.00   -999.00     5    -1.1     634     0   0   0   0    -999.000  -999.000
0238  118.80   912.5     21.67     96.4     628  -999  -999.00   -999.00   -999.00     5    -1.1     628     0   0   0   0    -999.000  -999.000
0239  119.30   913.1     21.69     96.6     623  -999  -999.00   -999.00   -999.00     5    -1.2     623     0   0   0   0    -999.000  -999.000
0240  119.80   913.7     21.72     96.8     617  -999  -999.00   -999.00   -999.00     5    -1.3     617     0   0   0   0    -999.000  -999.000
0241  120.30   914.3     21.75     96.9     611  -999  -999.00   -999.00   -999.00     5    -1.3     611     0   0   0   0    -999.000  -999.000
0242  120.80   914.9     21.78     97.1     605    40    44.67    -28.59    -34.33     6    -1.4     605     0   0   0   0      21.512   -89.729
0243  121.30   915.5     21.81     97.2     600    40    44.77    -28.52    -34.50     6    -1.4     600     0   0   0   0      21.512   -89.730
0244  121.80   916.2     21.85     97.3     594    39    44.86    -28.46    -34.67     6    -1.4     594     0   0   0   0      21.511   -89.730
0245  122.30   916.8     21.89     97.4     588    39    44.94    -28.40    -34.83     6    -1.4     588     0   0   0   0      21.511   -89.730
0246  122.80   917.4     21.93     97.5     582    39    45.00    -28.34    -34.95     6    -1.4     582     0   0   0   0      21.511   -89.730
0247  123.30   918.0     21.99     97.7     576    39    45.03    -28.27    -35.05     6    -1.4     576     0   0   0   0      21.511   -89.730
0248  123.80   918.6     22.04     97.8     570    39    45.03    -28.20    -35.10     6    -1.4     570     0   0   0   0      21.511   -89.730
0249  124.30   919.2     22.10     97.9     564    39    44.98    -28.12    -35.11     6    -1.4     564     0   0   0   0      21.511   -89.730
0250  124.80   919.9     22.16     98.1     558    39    44.90    -28.02    -35.09     6    -1.4     558     0   0   0   0      21.510   -89.730
0251  125.30   920.5     22.22     98.2     553    39    44.79    -27.90    -35.04     6    -1.4     553     0   0   0   0      21.510   -89.731
0252  125.80   921.1     22.29     98.3     547  -999  -999.00   -999.00   -999.00  -999    -1.5     547     0   0   0   0    -999.000  -999.000
0253  126.30   921.7     22.35     98.4     541    38    44.47    -27.54    -34.91     6    -1.5     541     0   0   0   0      21.510   -89.731
0254  126.80   922.3     22.40     98.5     535    38    44.28    -27.31    -34.85     6    -1.6     535     0   0   0   0      21.510   -89.731
0255  127.30   922.9     22.45     98.6     529    38    44.07    -27.05    -34.79     6    -1.8     529     0   0   0   0      21.510   -89.731
0256  127.80   923.6     22.50     98.7     523    38    43.86    -26.76    -34.75     6    -1.9     523     0   0   0   0      21.509   -89.731
0257  128.30   924.2     22.53     98.8     517    37    43.66    -26.44    -34.74     6    -2.1     517     0   0   0   0      21.509   -89.731
0258  128.80   924.9     22.56     98.8     511    37    43.48    -26.11    -34.76     6    -2.3     511     0   0   0   0      21.509   -89.732
0259  129.30   925.5     22.58     98.9     505    37    43.34    -25.81    -34.81     6    -2.5     505     0   0   0   0      21.509   -89.732
0260  129.80   926.2     22.60     98.9     498    36    43.25    -25.56    -34.90     6    -2.8     498     0   0   0   0      21.509   -89.732
0261  130.30   926.9     22.62     99.0     492    36    43.24    -25.37    -35.02     6    -3.0     492     0   0   0   0      21.509   -89.732
0262  130.80   927.6     22.63     99.0     485    36    43.29    -25.23    -35.17     6    -3.3     485     0   0   0   0      21.509   -89.732
0263  131.30   928.3     22.65     99.1     478    35    43.38    -25.16    -35.34     6    -3.5     478     0   0   0   0      21.508   -89.732
0264  131.80   929.1     22.67     99.1     471    35    43.51    -25.13    -35.52     6    -3.7     471     0   0   0   0      21.508   -89.732
0265  132.30   929.8     22.69     99.2     464    35    43.67    -25.15    -35.70     6    -3.9     464     0   0   0   0      21.508   -89.732
0266  132.80   930.6     22.71     99.2     457    35    43.85    -25.21    -35.89     6    -4.1     457     0   0   0   0      21.508   -89.733
0267  133.30   931.3     22.74     99.2     450    35    44.04    -25.28    -36.06     6    -4.3     450     0   0   0   0      21.508   -89.733
0268  133.80   932.1     22.76     99.3     442    35    44.21    -25.35    -36.22     6    -4.5     442     0   0   0   0      21.508   -89.733
0269  134.30   932.9     22.79     99.3     435    35    44.38    -25.42    -36.37     6    -4.6     435     0   0   0   0      21.507   -89.733
0270  134.80   933.7     22.82     99.4     428    35    44.52    -25.48    -36.51     6    -4.7     428     0   0   0   0      21.507   -89.733
0271  135.30   934.5     22.85     99.5     420    35    44.63    -25.51    -36.63     7    -4.7     420     0   0   0   0      21.507   -89.733
0272  135.80   935.3     22.88     99.5     413    35    44.72    -25.51    -36.73     7    -4.6     413     0   0   0   0      21.507   -89.733
0273  136.30   936.1     22.91     99.6     405    35    44.77    -25.48    -36.82     7    -4.6     405     0   0   0   0      21.507   -89.733
0274  136.80   936.9     22.94     99.6     398    35    44.80    -25.42    -36.88     7    -4.4     398     0   0   0   0      21.507   -89.734
0275  137.30   937.7     22.96     99.6     391    34    44.79    -25.33    -36.93     7    -4.2     391     0   0   0   0      21.506   -89.734
0276  137.80   938.4     22.99     99.7     383    34    44.74    -25.21    -36.96     7    -4.0     383     0   0   0   0      21.506   -89.734
0277  138.30   939.2     23.01     99.7     376    34    44.67    -25.07    -36.97     6    -3.7     376     0   0   0   0      21.506   -89.734
0278  138.80   939.9     23.04     99.7     369    34    44.56    -24.90    -36.96     7    -3.4     369     0   0   0   0      21.506   -89.734
0279  139.30   940.6     23.06     99.6     363    34    44.42    -24.71    -36.92     7    -3.0     363     0   0   0   0      21.506   -89.734
0280  139.80   941.3     23.08     99.5     356    34    44.23    -24.49    -36.83     7    -2.7     356     0   0   0   0      21.506   -89.734
0281  140.30   942.0     23.11     99.4     350    33    43.99    -24.24    -36.71     7    -2.4     350     0   0   0   0      21.505   -89.734
0282  140.80   942.7     23.13     99.3     344    33    43.69    -23.96    -36.54     7    -2.1     344     0   0   0   0      21.505   -89.734
0283  141.30   943.3     23.16     99.1     338    33    43.33    -23.64    -36.31     7    -1.8     338     0   0   0   0      21.505   -89.735
0284  141.80   943.9     23.19     98.9     332    33    42.91    -23.30    -36.04     7    -1.5     332     0   0   0   0      21.505   -89.735
0285  142.30   944.6     23.22     98.6     326    33    42.44    -22.92    -35.72     7    -1.3     326     0   0   0   0      21.505   -89.735
0286  142.80   945.2     23.26     98.4     321    32    41.91    -22.52    -35.35     7    -1.2     321     0   0   0   0      21.505   -89.735
0287  143.30   945.8     23.30     98.2     315    32    41.33    -22.09    -34.94     7    -1.1     315     0   0   0   0      21.504   -89.735
0288  143.80   946.3     23.34     98.0     310  -999  -999.00   -999.00   -999.00  -999    -1.0     310     0   0   0   0    -999.000  -999.000
0289  144.30   946.9     23.39     97.9     304    32    40.06    -21.16    -34.02     7    -0.9     304     0   0   0   0      21.504   -89.735
0290  144.80   947.5     23.44     97.8     299    32    39.39    -20.68    -33.52     7    -0.9     299     0   0   0   0      21.504   -89.735
0291  145.30   948.1     23.50     97.8     293    31    38.70    -20.20    -33.01     7    -0.9     293     0   0   0   0      21.504   -89.735
0292  145.80   948.7     23.55     97.8     287    31    38.02    -19.71    -32.52     7    -0.9     287     0   0   0   0      21.504   -89.736
0293  146.30   949.3     23.61     97.8     282    31    37.37    -19.22    -32.05     6    -0.8     282     0   0   0   0      21.504   -89.736
0294  146.80   949.9     23.67     97.8     276  -999  -999.00   -999.00   -999.00  -999    -0.7     276     0   0   0   0    -999.000  -999.000
0295  147.30   950.5     23.73     97.8     271    30    36.24    -18.28    -31.30     6    -0.6     271     0   0   0   0      21.503   -89.736
0296  147.80   951.1     23.78     97.7     265    30    35.80    -17.86    -31.03     6    -0.5     265     0   0   0   0      21.503   -89.736
0297  148.30   951.7     23.84     97.6     260    30    35.47    -17.53    -30.84     6    -0.4     260     0   0   0   0      21.503   -89.736
0298  148.80   952.3     23.89     97.4     255    29    35.28    -17.31    -30.74     6    -0.3     255     0   0   0   0      21.503   -89.736
0299  149.30   952.8     23.95     97.1     250    29    35.23    -17.21    -30.74     6    -0.2     250     0   0   0   0      21.503   -89.736
0300  149.80   953.4     24.00     96.6     245    29    35.32    -17.21    -30.84     6    -0.1     245     0   0   0   0      21.503   -89.736
0301  150.30   953.9     24.05     96.1     239    29    35.56    -17.30    -31.07     6    -0.1     239     0   0   0   0      21.502   -89.736
0302  150.80   954.5     24.10     95.6     234    29    35.93    -17.44    -31.42     6    -0.1     234     0   0   0   0      21.502   -89.736
0303  151.30   955.0     24.14     95.0     230    29    36.43    -17.60    -31.90     6    -0.1     230     0   0   0   0      21.502   -89.736
0304  151.80   955.6     24.19     94.4     225    29    37.00    -17.76    -32.46     6    -0.2     225     0   0   0   0      21.502   -89.737
0305  152.30   956.1     24.24     93.9     219    28    37.56    -17.87    -33.04     7    -0.4     219     0   0   0   0      21.502   -89.737
0306  152.80   956.7     24.28     93.3     214    28    38.06    -17.89    -33.59     6    -0.6     214     0   0   0   0      21.502   -89.737
0307  153.30   957.3     24.33     92.9     209    28    38.41    -17.80    -34.04     6    -0.8     209     0   0   0   0      21.502   -89.737
0308  153.80   957.9     24.37     92.5     203    27    38.62    -17.59    -34.38     6    -1.1     203     0   0   0   0      21.501   -89.737
0309  154.30   958.5     24.42     92.1     198    27    38.69    -17.31    -34.60     6    -1.3     198     0   0   0   0      21.501   -89.737
0310  154.80   959.1     24.47     91.9     192    26    38.64    -16.99    -34.71     6    -1.5     192     0   0   0   0      21.501   -89.737
0311  155.30   959.8     24.51     91.8     186    26    38.49    -16.67    -34.70     6    -1.7     186     0   0   0   0      21.501   -89.737
0312  155.80   960.4     24.56     91.8     180    25    38.27    -16.36    -34.59     6    -1.8     180     0   0   0   0      21.501   -89.737
0313  156.30   961.1     24.61     91.9     174    25    38.00    -16.10    -34.42     6    -1.9     174     0   0   0   0      21.501   -89.737
0314  156.80   961.7     24.65     92.1     168    25    37.73    -15.90    -34.22     6    -2.0     168     0   0   0   0      21.500   -89.737
0315  157.30   962.4     24.70     92.3     161    25    37.50    -15.77    -34.02     6    -2.1     161     0   0   0   0      21.500   -89.737
0316  157.80   963.1     24.74     92.5     155    25    37.34    -15.74    -33.86     6    -2.2     155     0   0   0   0      21.500   -89.738
0317  158.30   963.7     24.79     92.7     149    25    37.23    -15.77    -33.73     6    -2.2     149     0   0   0   0      21.500   -89.738
0318  158.80   964.4     24.84     92.8     143    25    37.18    -15.84    -33.64     6    -2.3     143     0   0   0   0      21.500   -89.738
0319  159.30   965.1     24.88     92.9     137    25    37.17    -15.93    -33.58     6    -2.4     137     0   0   0   0      21.500   -89.738
0320  159.80   965.7     24.93     92.9     131    26    37.20    -16.02    -33.57     6    -2.4     131     0   0   0   0      21.500   -89.738
0321  160.30   966.4     24.98     92.9     125    26    37.24    -16.09    -33.59     6    -2.6     125     0   0   0   0      21.499   -89.738
0322  160.80   967.1     25.03     92.8     118  -999  -999.00   -999.00   -999.00  -999    -2.7     118     0   0   0   0    -999.000  -999.000
0323  161.30   967.8     25.09     92.7     112    26    37.33    -16.11    -33.67     6    -2.8     112     0   0   0   0      21.499   -89.738
0324  161.80   968.5     25.14     92.5     106    25    37.33    -16.04    -33.70     6    -2.9     106     0   0   0   0      21.499   -89.738
0325  162.30   969.2     25.19     92.3      99    25    37.27    -15.91    -33.71     6    -3.0      99     0   0   0   0      21.499   -89.738
0326  162.80   970.0     25.25     92.1      93    25    37.12    -15.70    -33.64     6    -3.1      93     0   0   0   0      21.499   -89.738
0327  163.30   970.7     25.30     91.8      86    25    36.86    -15.42    -33.48     6    -3.2      86     0   0   0   0      21.499   -89.738
0328  163.80   971.4     25.36     91.5      79    24    36.46    -15.07    -33.20     6    -3.2      79     0   0   0   0      21.498   -89.738
0329  164.30   972.1     25.42     91.2      73    24    35.93    -14.66    -32.80     6    -3.2      73     0   0   0   0      21.498   -89.738
0330  164.80   972.9     25.48     91.0      66    24    35.31    -14.20    -32.33     6    -3.1      66     0   0   0   0      21.498   -89.739
0331  165.30   973.6     25.54     90.7      59    23    34.65    -13.71    -31.82     6    -3.0      59     0   0   0   0      21.498   -89.739
0332  165.80   974.3     25.61     90.5      53    23    34.00    -13.22    -31.32     6    -2.9      53     0   0   0   0      21.498   -89.739
0333  166.30   975.0     25.67     90.4      46    22    33.32    -12.69    -30.81     6    -2.7      46     0   0   0   0      21.498   -89.739
0334  166.80   975.7     25.73     90.2      40  -999  -999.00   -999.00   -999.00     5    -2.5      40     0   0   0   0    -999.000  -999.000
0335  167.30   976.4     25.80     90.2      34  -999  -999.00   -999.00   -999.00     5    -2.3      34     0   0   0   0    -999.000  -999.000
0336  167.80   977.1     25.87     90.1      27  -999  -999.00   -999.00   -999.00     5    -2.0      27     0   0   0   0    -999.000  -999.000
0337  168.30   977.8     25.93     90.0      21  -999  -999.00   -999.00   -999.00     4    -1.8      21     0   0   0   0    -999.000  -999.000
0338  168.80   978.4     26.00     90.0      16  -999  -999.00   -999.00   -999.00     4    -1.6      16     0   0   0   0    -999.000  -999.000
0339  169.30   979.0     26.06     89.9      11  -999  -999.00   -999.00   -999.00     4    -1.5      11     0   0   0   0    -999.000  -999.000
0340  169.80   979.5     26.13     89.8       6    19    29.87     -9.76    -28.23     6    -1.4       6     0   0   0   0      21.497   -89.739
0341  170.30  -999.0   -999.00   -999.0    -999  -999  -999.00   -999.00   -999.00  -999  -999.0    -999     0   0   0   0    -999.000  -999.000
0342  170.34   980.1     26.13     89.8       0  -999  -999.00   -999.00   -999.00  -999  -999.0       0     0   0   0   0    -999.000  -999.000
0343  170.80  -999.0   -999.00   -999.0    -999  -999  -999.00   -999.00   -999.00  -999  -999.0    -999     0   0   0   0    -999.000  -999.000
0344  171.30  -999.0   -999.00   -999.0    -999  -999  -999.00   -999.00   -999.00  -999  -999.0    -999     0   0   0   0    -999.000  -999.000
0345  171.80  -999.0   -999.00   -999.0    -999  -999  -999.00   -999.00   -999.00  -999  -999.0    -999     0   0   0   0    -999.000  -999.000
0346  172.30  -999.0   -999.00   -999.0    -999  -999  -999.00   -999.00   -999.00  -999  -999.0    -999     0   0   0   0    -999.000  -999.000
0347  172.80  -999.0   -999.00   -999.0    -999  -999  -999.00   -999.00   -999.00  -999  -999.0    -999     0   0   0   0    -999.000  -999.000
0348  173.30  -999.0   -999.00   -999.0    -999  -999  -999.00   -999.00   -999.00  -999  -999.0    -999     0   0   0   0    -999.000  -999.000
0349  173.80  -999.0   -999.00   -999.0    -999  -999  -999.00   -999.00   -999.00  -999  -999.0    -999     0   0   0   0    -999.000  -999.000
0350  174.30  -999.0   -999.00   -999.0    -999  -999  -999.00   -999.00   -999.00  -999  -999.0    -999     0   0   0   0    -999.000  -999.000
0351  174.80  -999.0   -999.00   -999.0    -999  -999  -999.00   -999.00   -999.00  -999  -999.0    -999     0   0   0   0    -999.000  -999.000
0352  175.30  -999.0   -999.00   -999.0    -999  -999  -999.00   -999.00   -999.00  -999  -999.0    -999     0   0   0   0    -999.000  -999.000
0353  175.80  -999.0   -999.00   -999.0    -999  -999  -999.00   -999.00   -999.00  -999  -999.0    -999     0   0   0   0    -999.000  -999.000
0354  176.30  -999.0   -999.00   -999.0    -999  -999  -999.00   -999.00   -999.00  -999  -999.0    -999     0   0   0   0    -999.000  -999.000
0355  176.80  -999.0   -999.00   -999.0    -999  -999  -999.00   -999.00   -999.00  -999  -999.0    -999     0   0   0   0    -999.000  -999.000
0356  177.30  -999.0   -999.00   -999.0    -999  -999  -999.00   -999.00   -999.00  -999  -999.0    -999     0   0   0   0    -999.000  -999.000
0357  177.80  -999.0   -999.00   -999.0    -999  -999  -999.00   -999.00   -999.00  -999  -999.0    -999     0   0   0   0    -999.000  -999.000
0358  178.30  -999.0   -999.00   -999.0    -999  -999  -999.00   -999.00   -999.00  -999  -999.0    -999     0   0   0   0    -999.000  -999.000
0359  178.80  -999.0   -999.00   -999.0    -999  -999  -999.00   -999.00   -999.00  -999  -999.0    -999     0   0   0   0    -999.000  -999.000
0360  179.30  -999.0   -999.00   -999.0    -999  -999  -999.00   -999.00   -999.00  -999  -999.0    -999     0   0   0   0    -999.000  -999.000
0361  179.80  -999.0   -999.00   -999.0    -999  -999  -999.00   -999.00   -999.00  -999  -999.0    -999     0   0   0   0    -999.000  -999.000
0362  180.30  -999.0   -999.00   -999.0    -999  -999  -999.00   -999.00   -999.00  -999  -999.0    -999     0   0   0   0    -999.000  -999.000
0363  180.80  -999.0   -999.00   -999.0    -999  -999  -999.00   -999.00   -999.00  -999  -999.0    -999     0   0   0   0    -999.000  -999.000
0364  181.30  -999.0   -999.00   -999.0    -999  -999  -999.00   -999.00   -999.00  -999  -999.0    -999     0   0   0   0    -999.000  -999.000
0365  181.80  -999.0   -999.00   -999.0    -999  -999  -999.00   -999.00   -999.00  -999  -999.0    -999     0   0   0   0    -999.000  -999.000
0366  182.30  -999.0   -999.00   -999.0    -999  -999  -999.00   -999.00   -999.00  -999  -999.0    -999     0   0   0   0    -999.000  -999.000
0367  182.80  -999.0   -999.00   -999.0    -999  -999  -999.00   -999.00   -999.00  -999  -999.0    -999     0   0   0   0    -999.000  -999.000
0368  183.30  -999.0   -999.00   -999.0    -999  -999  -999.00   -999.00   -999.00  -999  -999.0    -999     0   0   0   0    -999.000  -999.000
0369  183.80  -999.0   -999.00   -999.0    -999  -999  -999.00   -999.00   -999.00  -999  -999.0    -999     0   0   0   0    -999.000  -999.000
0370  184.30  -999.0   -999.00   -999.0    -999  -999  -999.00   -999.00   -999.00  -999  -999.0    -999     0   0   0   0    -999.000  -999.000
0371  184.80  -999.0   -999.00   -999.0    -999  -999  -999.00   -999.00   -999.00  -999  -999.0    -999     0   0   0   0    -999.000  -999.000
0372  185.30  -999.0   -999.00   -999.0    -999  -999  -999.00   -999.00   -999.00  -999  -999.0    -999     0   0   0   0    -999.000  -999.000
0373  185.80  -999.0   -999.00   -999.0    -999  -999  -999.00   -999.00   -999.00  -999  -999.0    -999     0   0   0   0    -999.000  -999.000
0374  186.30  -999.0   -999.00   -999.0    -999  -999  -999.00   -999.00   -999.00  -999  -999.0    -999     0   0   0   0    -999.000  -999.000
0375  186.80  -999.0   -999.00   -999.0    -999  -999  -999.00   -999.00   -999.00  -999  -999.0    -999     0   0   0   0    -999.000  -999.000
0376  187.30  -999.0   -999.00   -999.0    -999  -999  -999.00   -999.00   -999.00  -999  -999.0    -999     0   0   0   0    -999.000  -999.000
0377  187.80  -999.0   -999.00   -999.0    -999  -999  -999.00   -999.00   -999.00  -999  -999.0    -999     0   0   0   0    -999.000  -999.000
0378  188.30  -999.0   -999.00   -999.0    -999  -999  -999.00   -999.00   -999.00  -999  -999.0    -999     0   0   0   0    -999.000  -999.000
0379  188.80  -999.0   -999.00   -999.0    -999  -999  -999.00   -999.00   -999.00  -999  -999.0    -999     0   0   0   0    -999.000  -999.000
0380  189.30  -999.0   -999.00   -999.0    -999  -999  -999.00   -999.00   -999.00  -999  -999.0    -999     0   0   0   0    -999.000  -999.000
0381  189.80  -999.0   -999.00   -999.0    -999  -999  -999.00   -999.00   -999.00  -999  -999.0    -999     0   0   0   0    -999.000  -999.000
0382  190.30  -999.0   -999.00   -999.0    -999  -999  -999.00   -999.00   -999.00  -999  -999.0    -999     0   0   0   0    -999.000  -999.000
0383  190.80  -999.0   -999.00   -999.0    -999  -999  -999.00   -999.00   -999.00  -999  -999.0    -999     0   0   0   0    -999.000  -999.000
0384  191.30  -999.0   -999.00   -999.0    -999  -999  -999.00   -999.00   -999.00  -999  -999.0    -999     0   0   0   0    -999.000  -999.000
0385  191.80  -999.0   -999.00   -999.0    -999  -999  -999.00   -999.00   -999.00  -999  -999.0    -999     0   0   0   0    -999.000  -999.000
0386  192.30  -999.0   -999.00   -999.0    -999  -999  -999.00   -999.00   -999.00  -999  -999.0    -999     0   0   0   0    -999.000  -999.000
0387  192.80  -999.0   -999.00   -999.0    -999  -999  -999.00   -999.00   -999.00  -999  -999.0    -999     0   0   0   0    -999.000  -999.000
0388  193.30  -999.0   -999.00   -999.0    -999  -999  -999.00   -999.00   -999.00  -999  -999.0    -999     0   0   0   0    -999.000  -999.000
0389  193.80  -999.0   -999.00   -999.0    -999  -999  -999.00   -999.00   -999.00  -999  -999.0    -999     0   0   0   0    -999.000  -999.000
0390  194.30  -999.0   -999.00   -999.0    -999  -999  -999.00   -999.00   -999.00  -999  -999.0    -999     0   0   0   0    -999.000  -999.000
0391  194.80  -999.0   -999.00   -999.0    -999  -999  -999.00   -999.00   -999.00  -999  -999.0    -999     0   0   0   0    -999.000  -999.000
0392  195.30  -999.0   -999.00   -999.0    -999  -999  -999.00   -999.00   -999.00  -999  -999.0    -999     0   0   0   0    -999.000  -999.000
0393  195.80  -999.0   -999.00   -999.0    -999  -999  -999.00   -999.00   -999.00  -999  -999.0    -999     0   0   0   0    -999.000  -999.000
0394  196.30  -999.0   -999.00   -999.0    -999  -999  -999.00   -999.00   -999.00  -999  -999.0    -999     0   0   0   0    -999.000  -999.000
0395  196.80  -999.0   -999.00   -999.0    -999  -999  -999.00   -999.00   -999.00  -999  -999.0    -999     0   0   0   0    -999.000  -999.000
0396  197.30  -999.0   -999.00   -999.0    -999  -999  -999.00   -999.00   -999.00  -999  -999.0    -999     0   0   0   0    -999.000  -999.000
0397  197.80  -999.0   -999.00   -999.0    -999  -999  -999.00   -999.00   -999.00  -999  -999.0    -999     0   0   0   0    -999.000  -999.000
0398  198.30  -999.0   -999.00   -999.0    -999  -999  -999.00   -999.00   -999.00  -999  -999.0    -999     0   0   0   0    -999.000  -999.000
0399  198.80  -999.0   -999.00   -999.0    -999  -999  -999.00   -999.00   -999.00  -999  -999.0    -999     0   0   0   0    -999.000  -999.000
0400  199.30  -999.0   -999.00   -999.0    -999  -999  -999.00   -999.00   -999.00  -999  -999.0    -999     0   0   0   0    -999.000  -999.000
0401  199.80  -999.0   -999.00   -999.0    -999  -999  -999.00   -999.00   -999.00  -999  -999.0    -999     0   0   0   0    -999.000  -999.000
0402  200.30  -999.0   -999.00   -999.0    -999  -999  -999.00   -999.00   -999.00  -999  -999.0    -999     0   0   0   0    -999.000  -999.000
0403  200.80  -999.0   -999.00   -999.0    -999  -999  -999.00   -999.00   -999.00  -999  -999.0    -999     0   0   0   0    -999.000  -999.000
0404  201.30  -999.0   -999.00   -999.0    -999  -999  -999.00   -999.00   -999.00  -999  -999.0    -999     0   0   0   0    -999.000  -999.000
0405  201.80  -999.0   -999.00   -999.0    -999  -999  -999.00   -999.00   -999.00  -999  -999.0    -999     0   0   0   0    -999.000  -999.000
0406  202.30  -999.0   -999.00   -999.0    -999  -999  -999.00   -999.00   -999.00  -999  -999.0    -999     0   0   0   0    -999.000  -999.000
0407  202.80  -999.0   -999.00   -999.0    -999  -999  -999.00   -999.00   -999.00  -999  -999.0    -999     0   0   0   0    -999.000  -999.000
0408  203.30  -999.0   -999.00   -999.0    -999  -999  -999.00   -999.00   -999.00  -999  -999.0    -999     0   0   0   0    -999.000  -999.000
0409  203.80  -999.0   -999.00   -999.0    -999  -999  -999.00   -999.00   -999.00  -999  -999.0    -999     0   0   0   0    -999.000  -999.000
0410  204.30  -999.0   -999.00   -999.0    -999  -999  -999.00   -999.00   -999.00  -999  -999.0    -999     0   0   0   0    -999.000  -999.000
0411  204.80  -999.0   -999.00   -999.0    -999  -999  -999.00   -999.00   -999.00  -999  -999.0    -999     0   0   0   0    -999.000  -999.000
0412  205.30  -999.0   -999.00   -999.0    -999  -999  -999.00   -999.00   -999.00  -999  -999.0    -999     0   0   0   0    -999.000  -999.000
0413  205.80  -999.0   -999.00   -999.0    -999  -999  -999.00   -999.00   -999.00  -999  -999.0    -999     0   0   0   0    -999.000  -999.000
0414  206.30  -999.0   -999.00   -999.0    -999  -999  -999.00   -999.00   -999.00  -999  -999.0    -999     0   0   0   0    -999.000  -999.000
0415  206.80  -999.0   -999.00   -999.0    -999  -999  -999.00   -999.00   -999.00  -999  -999.0    -999     0   0   0   0    -999.000  -999.000
0416  207.30  -999.0   -999.00   -999.0    -999  -999  -999.00   -999.00   -999.00  -999  -999.0    -999     0   0   0   0    -999.000  -999.000
0417  207.80  -999.0   -999.00   -999.0    -999  -999  -999.00   -999.00   -999.00  -999  -999.0    -999     0   0   0   0    -999.000  -999.000
0418  208.30  -999.0   -999.00   -999.0    -999  -999  -999.00   -999.00   -999.00  -999  -999.0    -999     0   0   0   0    -999.000  -999.000
0419  208.80  -999.0   -999.00   -999.0    -999  -999  -999.00   -999.00   -999.00  -999  -999.0    -999     0   0   0   0    -999.000  -999.000
0420  209.30  -999.0   -999.00   -999.0    -999  -999  -999.00   -999.00   -999.00  -999  -999.0    -999     0   0   0   0    -999.000  -999.000
0421  209.80  -999.0   -999.00   -999.0    -999  -999  -999.00   -999.00   -999.00  -999  -999.0    -999     0   0   0   0    -999.000  -999.000
0422  210.30  -999.0   -999.00   -999.0    -999  -999  -999.00   -999.00   -999.00  -999  -999.0    -999     0   0   0   0    -999.000  -999.000
0423  210.80  -999.0   -999.00   -999.0    -999  -999  -999.00   -999.00   -999.00  -999  -999.0    -999     0   0   0   0    -999.000  -999.000
0424  211.30  -999.0   -999.00   -999.0    -999  -999  -999.00   -999.00   -999.00  -999  -999.0    -999     0   0   0   0    -999.000  -999.000
0425  211.80  -999.0   -999.00   -999.0    -999  -999  -999.00   -999.00   -999.00  -999  -999.0    -999     0   0   0   0    -999.000  -999.000
0426  212.30  -999.0   -999.00   -999.0    -999  -999  -999.00   -999.00   -999.00  -999  -999.0    -999     0   0   0   0    -999.000  -999.000
0427  212.80  -999.0   -999.00   -999.0    -999  -999  -999.00   -999.00   -999.00  -999  -999.0    -999     0   0   0   0    -999.000  -999.000
0428  213.30  -999.0   -999.00   -999.0    -999  -999  -999.00   -999.00   -999.00  -999  -999.0    -999     0   0   0   0    -999.000  -999.000
0429  213.80  -999.0   -999.00   -999.0    -999  -999  -999.00   -999.00   -999.00  -999  -999.0    -999     0   0   0   0    -999.000  -999.000
0430  214.30  -999.0   -999.00   -999.0    -999  -999  -999.00   -999.00   -999.00  -999  -999.0    -999     0   0   0   0    -999.000  -999.000
0431  214.80  -999.0   -999.00   -999.0    -999  -999  -999.00   -999.00   -999.00  -999  -999.0    -999     0   0   0   0    -999.000  -999.000
0432  215.30  -999.0   -999.00   -999.0    -999  -999  -999.00   -999.00   -999.00  -999  -999.0    -999     0   0   0   0    -999.000  -999.000
0433  215.80  -999.0   -999.00   -999.0    -999  -999  -999.00   -999.00   -999.00  -999  -999.0    -999     0   0   0   0    -999.000  -999.000
0434  216.30  -999.0   -999.00   -999.0    -999  -999  -999.00   -999.00   -999.00  -999  -999.0    -999     0   0   0   0    -999.000  -999.000
0435  216.80  -999.0   -999.00   -999.0    -999  -999  -999.00   -999.00   -999.00  -999  -999.0    -999     0   0   0   0    -999.000  -999.000
0436  217.30  -999.0   -999.00   -999.0    -999  -999  -999.00   -999.00   -999.00  -999  -999.0    -999     0   0   0   0    -999.000  -999.000
0437  217.80  -999.0   -999.00   -999.0    -999  -999  -999.00   -999.00   -999.00  -999  -999.0    -999     0   0   0   0    -999.000  -999.000
0438  218.30  -999.0   -999.00   -999.0    -999  -999  -999.00   -999.00   -999.00  -999  -999.0    -999     0   0   0   0    -999.000  -999.000
0439  218.80  -999.0   -999.00   -999.0    -999  -999  -999.00   -999.00   -999.00  -999  -999.0    -999     0   0   0   0    -999.000  -999.000
0440  219.30  -999.0   -999.00   -999.0    -999  -999  -999.00   -999.00   -999.00  -999  -999.0    -999     0   0   0   0    -999.000  -999.000
0441  219.80  -999.0   -999.00   -999.0    -999  -999  -999.00   -999.00   -999.00  -999  -999.0    -999     0   0   0   0    -999.000  -999.000
0442  220.30  -999.0   -999.00   -999.0    -999  -999  -999.00   -999.00   -999.00  -999  -999.0    -999     0   0   0   0    -999.000  -999.000
0443  220.80  -999.0   -999.00   -999.0    -999  -999  -999.00   -999.00   -999.00  -999  -999.0    -999     0   0   0   0    -999.000  -999.000
0444  221.30  -999.0   -999.00   -999.0    -999  -999  -999.00   -999.00   -999.00  -999  -999.0    -999     0   0   0   0    -999.000  -999.000
0445  221.80  -999.0   -999.00   -999.0    -999  -999  -999.00   -999.00   -999.00  -999  -999.0    -999     0   0   0   0    -999.000  -999.000
0446  222.30  -999.0   -999.00   -999.0    -999  -999  -999.00   -999.00   -999.00  -999  -999.0    -999     0   0   0   0    -999.000  -999.000
0447  222.80  -999.0   -999.00   -999.0    -999  -999  -999.00   -999.00   -999.00  -999  -999.0    -999     0   0   0   0    -999.000  -999.000
0448  223.30  -999.0   -999.00   -999.0    -999  -999  -999.00   -999.00   -999.00  -999  -999.0    -999     0   0   0   0    -999.000  -999.000
0449  223.80  -999.0   -999.00   -999.0    -999  -999  -999.00   -999.00   -999.00  -999  -999.0    -999     0   0   0   0    -999.000  -999.000
0450  224.30  -999.0   -999.00   -999.0    -999  -999  -999.00   -999.00   -999.00  -999  -999.0    -999     0   0   0   0    -999.000  -999.000
0451  224.80  -999.0   -999.00   -999.0    -999  -999  -999.00   -999.00   -999.00  -999  -999.0    -999     0   0   0   0    -999.000  -999.000
0452  225.30  -999.0   -999.00   -999.0    -999  -999  -999.00   -999.00   -999.00  -999  -999.0    -999     0   0   0   0    -999.000  -999.000
0453  225.80  -999.0   -999.00   -999.0    -999  -999  -999.00   -999.00   -999.00  -999  -999.0    -999     0   0   0   0    -999.000  -999.000
0454  226.30  -999.0   -999.00   -999.0    -999  -999  -999.00   -999.00   -999.00  -999  -999.0    -999     0   0   0   0    -999.000  -999.000
0455  226.80  -999.0   -999.00   -999.0    -999  -999  -999.00   -999.00   -999.00  -999  -999.0    -999     0   0   0   0    -999.000  -999.000
0456  227.30  -999.0   -999.00   -999.0    -999  -999  -999.00   -999.00   -999.00  -999  -999.0    -999     0   0   0   0    -999.000  -999.000
0457  227.80  -999.0   -999.00   -999.0    -999  -999  -999.00   -999.00   -999.00  -999  -999.0    -999     0   0   0   0    -999.000  -999.000
0458  228.30  -999.0   -999.00   -999.0    -999  -999  -999.00   -999.00   -999.00  -999  -999.0    -999     0   0   0   0    -999.000  -999.000
0459  228.80  -999.0   -999.00   -999.0    -999  -999  -999.00   -999.00   -999.00  -999  -999.0    -999     0   0   0   0    -999.000  -999.000
0460  229.30  -999.0   -999.00   -999.0    -999  -999  -999.00   -999.00   -999.00  -999  -999.0    -999     0   0   0   0    -999.000  -999.000
0461  229.80  -999.0   -999.00   -999.0    -999  -999  -999.00   -999.00   -999.00  -999  -999.0    -999     0   0   0   0    -999.000  -999.000
0462  230.30  -999.0   -999.00   -999.0    -999  -999  -999.00   -999.00   -999.00  -999  -999.0    -999     0   0   0   0    -999.000  -999.000
0463  230.80  -999.0   -999.00   -999.0    -999  -999  -999.00   -999.00   -999.00  -999  -999.0    -999     0   0   0   0    -999.000  -999.000
0464  231.30  -999.0   -999.00   -999.0    -999  -999  -999.00   -999.00   -999.00  -999  -999.0    -999     0   0   0   0    -999.000  -999.000
0465  231.80  -999.0   -999.00   -999.0    -999  -999  -999.00   -999.00   -999.00  -999  -999.0    -999     0   0   0   0    -999.000  -999.000
0466  232.30  -999.0   -999.00   -999.0    -999  -999  -999.00   -999.00   -999.00  -999  -999.0    -999     0   0   0   0    -999.000  -999.000
0467  232.80  -999.0   -999.00   -999.0    -999  -999  -999.00   -999.00   -999.00  -999  -999.0    -999     0   0   0   0    -999.000  -999.000
0468  233.30  -999.0   -999.00   -999.0    -999  -999  -999.00   -999.00   -999.00  -999  -999.0    -999     0   0   0   0    -999.000  -999.000
0469  233.80  -999.0   -999.00   -999.0    -999  -999  -999.00   -999.00   -999.00  -999  -999.0    -999     0   0   0   0    -999.000  -999.000
0470  234.30  -999.0   -999.00   -999.0    -999  -999  -999.00   -999.00   -999.00  -999  -999.0    -999     0   0   0   0    -999.000  -999.000
0471  234.80  -999.0   -999.00   -999.0    -999  -999  -999.00   -999.00   -999.00  -999  -999.0    -999     0   0   0   0    -999.000  -999.000
0472  235.30  -999.0   -999.00   -999.0    -999  -999  -999.00   -999.00   -999.00  -999  -999.0    -999     0   0   0   0    -999.000  -999.000
0473  235.80  -999.0   -999.00   -999.0    -999  -999  -999.00   -999.00   -999.00  -999  -999.0    -999     0   0   0   0    -999.000  -999.000
0474  236.30  -999.0   -999.00   -999.0    -999  -999  -999.00   -999.00   -999.00  -999  -999.0    -999     0   0   0   0    -999.000  -999.000
0475  236.80  -999.0   -999.00   -999.0    -999  -999  -999.00   -999.00   -999.00  -999  -999.0    -999     0   0   0   0    -999.000  -999.000
0476  237.30  -999.0   -999.00   -999.0    -999  -999  -999.00   -999.00   -999.00  -999  -999.0    -999     0   0   0   0    -999.000  -999.000
0477  237.80  -999.0   -999.00   -999.0    -999  -999  -999.00   -999.00   -999.00  -999  -999.0    -999     0   0   0   0    -999.000  -999.000
0478  238.30  -999.0   -999.00   -999.0    -999  -999  -999.00   -999.00   -999.00  -999  -999.0    -999     0   0   0   0    -999.000  -999.000
0479  238.80  -999.0   -999.00   -999.0    -999  -999  -999.00   -999.00   -999.00  -999  -999.0    -999     0   0   0   0    -999.000  -999.000
0480  239.30  -999.0   -999.00   -999.0    -999  -999  -999.00   -999.00   -999.00  -999  -999.0    -999     0   0   0   0    -999.000  -999.000
0481  239.80  -999.0   -999.00   -999.0    -999  -999  -999.00   -999.00   -999.00  -999  -999.0    -999     0   0   0   0    -999.000  -999.000
0482  240.30  -999.0   -999.00   -999.0    -999  -999  -999.00   -999.00   -999.00  -999  -999.0    -999     0   0   0   0    -999.000  -999.000
0483  240.80  -999.0   -999.00   -999.0    -999  -999  -999.00   -999.00   -999.00  -999  -999.0    -999     0   0   0   0    -999.000  -999.000
0484  241.30  -999.0   -999.00   -999.0    -999  -999  -999.00   -999.00   -999.00  -999  -999.0    -999     0   0   0   0    -999.000  -999.000
0485  241.80  -999.0   -999.00   -999.0    -999  -999  -999.00   -999.00   -999.00  -999  -999.0    -999     0   0   0   0    -999.000  -999.000
