 ===========================================================================
 DROPWINDSONDE PROCESSING RECORD                            Sonde: 980710134
 PDS file written May 24, 1999.                             Format:    V4.01
 Aircraft: AFRES C-130                       Date: 980826   Time: 121432 UTC
 ---------------------------------------------------------------------------
 Bias corrections:  PR =    .0 mb  TE =    .0 C  RH =    .0 %  PRB =   .0 mb
 Filters (LPF):     PTH =   5 s    WIND =   5 s       Hyd anchor =       SFC
 RH T-compensation =  Y     WSHR COR =      Y         Splash PR  =  965.4 mb
 Estimated PR used =  N     GPS VERR =    .41 m/s     HYD SFCP   =  964.0 mb
 Dyn T correction  =  Y     WGACORR  =    5.7 m       AC GA ADJ  =     .0 m
 ---------------------------------------------------------------------------
 COMMENTS: Eye.                                                        
 ===========================================================================

 ===========================================================================
 Date: 980826   Lat:  32.67 N   TA:   14.9 C   PS:  695.0 mb   WD:    13 deg
 Time: 121432   Lon:  77.83 W   TD:   12.7 C   GA:   2850 m    WS:    .0 m/s
 SID:  980710134                RH:   86.5 %   Navaid:   GP          
 ===========================================================================

IX      t (s)  P (mb)    T (C)    RH (%)  Z (m)   WD    WS (m/s)   U (m/s)   V (m/s)  NS  WZ (m/s)  ZW (m)   FP  FT  FH  FW    LAT (N)   LON (E)
0001      .3   695.6     14.95     86.3    2861   338      .13       .05      -.12  -999  -999.0    2866     3   3   4   3      32.670   -77.830
0002      .8   696.2     15.01     86.0    2853   338      .67       .25      -.62  -999  -999.0    2859     3   3   4   3      32.670   -77.830
0003     1.3   696.8     15.07     85.7    2846   338      .80       .30      -.74  -999  -999.0    2852     3   3   4   3      32.670   -77.830
0004     1.8   697.4     15.13     85.4    2839   338      .93       .35      -.86  -999  -999.0    2844     3   3   4   3      32.670   -77.830
0005     2.3   698.0     15.19     85.1    2831   338     1.07       .40      -.99  -999  -999.0    2837     3   3   4   3      32.670   -77.830
0006     2.8   698.6     15.24     84.8    2824   338     1.20       .45     -1.11  -999  -999.0    2830     3   3   4   3      32.670   -77.830
0007     3.3   699.2     15.30     84.5    2817   338     1.33       .51     -1.23  -999  -999.0    2822     3   3   4   3      32.670   -77.830
0008     3.8   699.8     15.36     84.2    2809   338     1.47       .56     -1.36  -999  -999.0    2815     3   3   4   3      32.670   -77.830
0009     4.3   700.4     15.42     84.0    2802   338     1.60       .61     -1.48  -999  -999.0    2808     3   3   4   3      32.670   -77.830
0010     4.8   701.0     15.47     83.7    2795   338     1.73       .66     -1.60  -999  -999.0    2800     3   3   4   3      32.670   -77.830
0011     5.3   701.6     15.53     83.4    2787   338     1.87       .71     -1.73  -999  -999.0    2793     3   3   4   3      32.670   -77.830
0012     5.8   702.2     15.59     83.1    2780   338     2.00       .76     -1.85  -999  -999.0    2786     3   3   4   3      32.670   -77.830
0013     6.3   702.8     15.64     82.8    2773   338     2.13       .81     -1.97  -999  -999.0    2778     3   3   4   3      32.670   -77.830
0014     6.8   703.4     15.70     82.5    2766   338     2.27       .86     -2.10  -999  -999.0    2771     3   3   4   3      32.670   -77.830
0015     7.3   704.0     15.76     82.2    2758   338     2.40       .91     -2.22  -999  -999.0    2764     3   3   4   3      32.670   -77.830
0016     7.8   704.6     15.81     81.9    2751   338     2.53       .96     -2.34  -999  -999.0    2757     3   3   4   3      32.670   -77.830
0017     8.3   705.2     15.87     81.6    2744   338     2.66      1.01     -2.46  -999  -999.0    2749     3   3   4   3      32.670   -77.830
0018     8.8   705.8     15.92     81.4    2736   338     2.78      1.06     -2.57  -999  -999.0    2742     3   3   4   3      32.670   -77.830
0019     9.3   706.4     15.98     81.1    2729   338     2.91      1.11     -2.69  -999  -999.0    2735     3   3   4   3      32.670   -77.830
0020     9.8   707.0     16.04     80.8    2722   338     3.04      1.16     -2.81  -999  -999.0    2728     3   3   4   3      32.670   -77.830
0021    10.3   707.6     16.09     80.5    2715   337     3.20      1.22     -2.95  -999  -999.0    2720     3   3   4   3      32.670   -77.830
0022    10.8   708.2     16.14     80.2    2707   338     3.36      1.29     -3.11  -999  -999.0    2713     3   3   4   3      32.670   -77.830
0023    11.3   708.8     16.20     79.9    2700   338     3.53      1.34     -3.26  -999  -999.0    2706     3   3   4   3      32.670   -77.830
0024    11.8   709.4     16.25     79.6    2693   338     3.68      1.38     -3.41  -999  -999.0    2699     3   3   4   3      32.670   -77.830
0025    12.3   710.0     16.30     79.4    2686   338     3.79      1.41     -3.52  -999  -999.0    2691     3   3   4   3      32.670   -77.830
0026    12.8   710.6     16.35     79.1    2679   338     3.87      1.43     -3.59  -999  -999.0    2684     3   3   4   3      32.670   -77.830
0027    13.3   711.2     16.41     78.7    2671   338     3.89      1.45     -3.61  -999  -999.0    2677     3   3   4   3      32.670   -77.830
0028    13.8   711.8     16.46     78.4    2664   337     3.86      1.48     -3.57     5  -999.0    2670     3   3   4   0      32.670   -77.830
0029    14.3   712.4     16.51     78.1    2657   337     3.78      1.51     -3.47     4  -999.0    2663     3   3   4   0      32.670   -77.830
0030    14.8   713.0     16.56     77.9    2650   335     3.67      1.54     -3.33     5  -999.0    2655     3   3   4   0      32.670   -77.830
0031    15.3   713.6     16.60     77.6    2642   334     3.54      1.56     -3.18     5  -999.0    2648     3   3   4   0      32.670   -77.830
0032    15.8   714.3     16.63     77.4    2635   333     3.43      1.57     -3.05     5     -.5    2641     0   0   4   0      32.670   -77.830
0033    16.3   714.9     16.66     77.3    2627   332     3.33      1.55     -2.95     5     -.6    2633     0   0   4   0      32.670   -77.830
0034    16.8   715.5     16.68     77.1    2620   332     3.25      1.52     -2.88     5     -.7    2625     0   0   4   0      32.670   -77.830
0035    17.3   716.2     16.70     77.0    2612   333     3.19      1.46     -2.84     4     -.7    2618     0   0   4   0      32.670   -77.830
0036    17.8   716.8     16.71     76.8    2605   334     3.15      1.40     -2.83     5     -.8    2610     0   0   4   0      32.670   -77.830
0037    18.3   717.4     16.73     76.7    2597   335     3.12      1.32     -2.82     4     -.8    2603     0   0   4   0      32.670   -77.830
0038    18.8   718.1     16.75     76.5    2589   336     3.09      1.26     -2.82     5     -.8    2595     0   0   4   0      32.670   -77.830
0039    19.3   718.7     16.78     76.3    2582   337     3.06      1.20     -2.82     6     -.8    2588     0   0   4   0      32.670   -77.830
0040    19.8   719.3     16.81     76.1    2574   338     3.03      1.15     -2.81     5     -.8    2580     0   0   4   0      32.670   -77.830
0041    20.3   720.0     16.84     76.0    2567   338     3.01      1.11     -2.80     5     -.7    2572     0   0   4   0      32.670   -77.830
0042    20.8   720.6     16.88     75.8    2559   339     2.99      1.07     -2.79     6     -.8    2565     0   0   4   0      32.670   -77.830
0043    21.3   721.2     16.91     75.7    2552   340     2.98      1.03     -2.80     6     -.8    2557     0   0   4   0      32.670   -77.830
0044    21.8   721.9     16.95     75.8    2544   340     2.97      1.00     -2.80     5     -.8    2550     0   0   4   0      32.670   -77.830
0045    22.3   722.5     16.99     76.0    2537   341     2.96       .97     -2.80     6     -.8    2542     0   0   4   0      32.670   -77.830
0046    22.8   723.2     17.03     76.3    2529   341     2.96       .95     -2.80     5     -.8    2535     0   0   4   0      32.670   -77.830
0047    23.3   723.8     17.06     76.8    2521   341     2.95       .95     -2.79     6     -.8    2527     0   0   4   0      32.670   -77.830
0048    23.8   724.4     17.10     77.4    2514   341     2.95       .98     -2.78     5     -.9    2520     0   0   4   0      32.669   -77.830
0049    24.3   725.1     17.13     78.0    2506   340     2.96      1.02     -2.78     5     -.9    2512     0   0   4   0      32.669   -77.830
0050    24.8   725.7     17.16     78.4    2499   339     2.99      1.07     -2.79     5     -.9    2504     0   0   4   3      32.669   -77.830
0051    25.3   726.4     17.20     78.7    2491   338     3.04      1.12     -2.82     5    -1.0    2497     0   0   4   3      32.669   -77.830
0052    25.8   727.0     17.23     78.7    2483   338     3.10      1.14     -2.88     5    -1.0    2489     0   0   4   3      32.669   -77.830
0053    26.3   727.7     17.27     78.5    2476   339     3.16      1.14     -2.94     5    -1.0    2481     0   0   4   3      32.669   -77.830
0054    26.8   728.3     17.31     78.1    2468   340     3.21      1.10     -3.01     5    -1.0    2474     0   0   4   3      32.669   -77.830
0055    27.3   729.0     17.36     77.6    2460   341     3.24      1.04     -3.07     5    -1.0    2466     0   0   4   0      32.669   -77.830
0056    27.8   729.6     17.41     77.3    2453   343     3.25       .97     -3.10     5    -1.0    2458     0   0   4   0      32.669   -77.830
0057    28.3   730.3     17.45     77.1    2445   344     3.24       .92     -3.11     5    -1.0    2451     0   0   4   0      32.669   -77.830
0058    28.8   730.9     17.50     77.3    2438   344     3.22       .90     -3.09     5    -1.0    2443     0   0   4   3      32.669   -77.830
0059    29.3   731.5     17.54     77.7    2430   343     3.18       .91     -3.05     5    -1.0    2436     0   0   4   0      32.669   -77.830
0060    29.8   732.2     17.58     78.3    2422   342     3.16       .95     -3.01     5    -1.1    2428     0   0   4   0      32.669   -77.830
0061    30.3   732.9     17.62     79.0    2415   341     3.14      1.02     -2.97     5    -1.1    2420     0   0   4   0      32.669   -77.830
0062    30.8   733.5     17.66     79.7    2407   340     3.14      1.08     -2.95     5    -1.2    2413     0   0   4   0      32.669   -77.830
0063    31.3   734.2     17.69     80.2    2399   339     3.15      1.11     -2.95     5    -1.3    2405     0   0   4   0      32.669   -77.830
0064    31.8   734.8     17.73     80.4    2391   339     3.16      1.11     -2.96     5    -1.3    2397     0   0   4   0      32.669   -77.830
0065    32.3   735.5     17.77     80.3    2384   340     3.16      1.05     -2.98     5    -1.3    2389     0   0   4   0      32.669   -77.830
0066    32.8   736.2     17.81     80.0    2376   342     3.14       .96     -2.99     5    -1.2    2382     0   0   4   0      32.669   -77.830
0067    33.3   736.8     17.86     79.6    2368   345     3.12       .83     -3.01     5    -1.2    2374     0   0   4   0      32.669   -77.830
0068    33.8   737.5     17.92     79.1    2360   347     3.09       .70     -3.01     5    -1.2    2366     0   0   4   0      32.669   -77.830
0069    34.3   738.2     17.98     78.8    2353   349     3.07       .59     -3.02     5    -1.2    2358     0   0   4   0      32.669   -77.830
0070    34.8   738.8     18.04     78.6    2345   350     3.07       .52     -3.02     5    -1.2    2351     0   0   4   0      32.669   -77.830
0071    35.3   739.5     18.11     78.5    2338   351     3.07       .50     -3.03     5    -1.2    2343     0   0   4   0      32.669   -77.830
0072    35.8   740.1     18.17     78.7    2330   350     3.10       .53     -3.05     5    -1.3    2336     0   0   4   0      32.669   -77.830
0073    36.3   740.8     18.22     78.9    2322   349     3.12       .59     -3.07     5    -1.3    2328     0   0   4   0      32.669   -77.830
0074    36.8   741.5     18.27     79.2    2314   348     3.16       .67     -3.09     5    -1.4    2320     0   0   4   0      32.669   -77.830
0075    37.3   742.2     18.32     79.5    2306   347     3.19       .74     -3.10     5    -1.4    2312     0   0   4   3      32.669   -77.830
0076    37.8   742.8     18.36     79.7    2299   346     3.20       .80     -3.10     5    -1.4    2304     0   0   4   3      32.669   -77.830
0077    38.3   743.5     18.40     79.8    2291   345     3.21       .84     -3.09     5    -1.3    2296     0   0   4   3      32.669   -77.830
0078    38.8   744.2     18.45     79.7    2283   345     3.20       .85     -3.08     5    -1.3    2289     0   0   4   3      32.669   -77.830
0079    39.3   744.8     18.50     79.6    2275   344     3.18       .85     -3.07     5    -1.2    2281     0   0   4   3      32.669   -77.830
0080    39.8   745.5     18.55     79.3    2268   344     3.17       .85     -3.06     5    -1.2    2273     0   0   4   3      32.669   -77.830
0081    40.3   746.2     18.61     78.9    2260   344     3.17       .85     -3.05     5    -1.2    2266     0   0   4   3      32.669   -77.830
0082    40.8   746.8     18.66     78.6    2253   344     3.18       .87     -3.06     5    -1.2    2258     0   0   4   3      32.669   -77.830
0083    41.3   747.5     18.72     78.2    2245   344     3.20       .90     -3.07     5    -1.2    2251     0   0   4   0      32.669   -77.830
0084    41.8   748.1     18.78     78.0    2237   343     3.23       .95     -3.09     5    -1.3    2243     0   0   4   0      32.669   -77.829
0085    42.3   748.8     18.83     77.9    2229   342     3.27      1.02     -3.11     5    -1.3    2235     0   0   4   0      32.669   -77.829
0086    42.8   749.5     18.88     77.9    2222   341     3.30      1.09     -3.12     5    -1.3    2227     0   0   4   0      32.669   -77.829
0087    43.3   750.2     18.92     78.1    2214   339     3.33      1.17     -3.12     5    -1.2    2220     0   0   4   0      32.669   -77.829
0088    43.8   750.8     18.96     78.5    2206   338     3.36      1.24     -3.12     5    -1.2    2212     0   0   4   0      32.669   -77.829
0089    44.3   751.5     19.00     78.9    2199   337     3.39      1.31     -3.12     4    -1.1    2204     0   0   4   0      32.669   -77.829
0090    44.8   752.2     19.03     79.3    2191   336     3.41      1.37     -3.12     4    -1.1    2197     0   0   4   3      32.669   -77.829
0091    45.3   752.8     19.06     79.6    2183   336     3.44      1.41     -3.14     4    -1.1    2189     0   0   4   3      32.669   -77.829
0092    45.8   753.5     19.09     79.9    2176   335     3.47      1.44     -3.16     4    -1.1    2182     0   0   4   3      32.669   -77.829
0093    46.3   754.1     19.12     80.0    2168   335     3.51      1.47     -3.18     4    -1.1    2174     0   0   4   3      32.669   -77.829
0094    46.8   754.8     19.14     80.0    2161   335     3.55      1.50     -3.22     4    -1.1    2166     0   0   4   3      32.669   -77.829
0095    47.3   755.5     19.17     79.9    2153   335     3.60      1.53     -3.26     4    -1.1    2159     0   0   4   3      32.669   -77.829
0096    47.8   756.1     19.19     79.8    2146   335     3.65      1.56     -3.30     5    -1.1    2151     0   0   4   3      32.669   -77.829
0097    48.3   756.8     19.21     79.8    2138   334     3.71      1.60     -3.35     5    -1.1    2144     0   0   4   3      32.669   -77.829
0098    48.8   757.5     19.24     79.8    2130   334     3.77      1.65     -3.39     5    -1.0    2136     0   0   4   3      32.669   -77.829
0099    49.3   758.1     19.26     79.9    2123   334     3.81      1.69     -3.41     5    -1.0    2128     0   0   4   3      32.669   -77.829
0100    49.8   758.8     19.29     80.0    2115   333     3.83      1.72     -3.42     5     -.9    2121     0   0   4   3      32.669   -77.829
0101    50.3   759.4     19.31     80.1    2108   333     3.82      1.73     -3.41     5     -.9    2114     0   0   4   3      32.669   -77.829
0102    50.8   760.1     19.33     80.2    2100   333     3.79      1.72     -3.38     5     -.9    2106     0   0   4   0      32.669   -77.829
0103    51.3   760.7     19.35     80.3    2093   333     3.75      1.71     -3.33     5     -.8    2099     0   0   4   0      32.669   -77.829
0104    51.8   761.4     19.36     80.4    2086   333     3.70      1.69     -3.29     5     -.8    2091     0   0   4   0      32.669   -77.829
0105    52.3   762.0     19.37     80.5    2078   333     3.65      1.67     -3.25     5     -.8    2084     0   0   4   0      32.669   -77.829
0106    52.8   762.7     19.38     80.5    2071   333     3.63      1.66     -3.22     5     -.8    2076     0   0   4   0      32.669   -77.829
0107    53.3   763.4     19.39     80.6    2063   333     3.62      1.66     -3.22     5     -.8    2069     0   0   4   0      32.669   -77.829
0108    53.8   764.0     19.40     80.7    2056   333     3.64      1.67     -3.23     5     -.9    2062     0   0   4   0      32.669   -77.829
0109    54.3   764.7     19.41     80.8    2049   333     3.67      1.67     -3.26     5     -.9    2054     0   0   4   0      32.669   -77.829
0110    54.8   765.3     19.42     80.9    2041   333     3.70      1.68     -3.30     5     -.9    2047     0   0   4   0      32.669   -77.829
0111    55.3   766.0     19.45     80.9    2034   333     3.73      1.67     -3.34     5     -.9    2039     0   0   4   0      32.669   -77.829
0112    55.8   766.7     19.48     80.9    2026   334     3.75      1.65     -3.37     5    -1.0    2032     0   0   4   0      32.669   -77.829
0113    56.3   767.3     19.51     81.0    2019   334     3.77      1.62     -3.40     6    -1.0    2024     0   0   4   0      32.669   -77.829
0114    56.8   768.0     19.54     81.0    2011   335     3.78      1.59     -3.42     5    -1.0    2017     0   0   4   0      32.669   -77.829
0115    57.3   768.6     19.57     81.2    2004   336     3.79      1.56     -3.45     6    -1.1    2009     0   0   4   0      32.668   -77.829
0116    57.8   769.3     19.59     81.4    1996   336     3.80      1.53     -3.48     6    -1.1    2002     0   0   4   0      32.668   -77.829
0117    58.3   770.0     19.61     81.7    1989   337     3.81      1.51     -3.50     4    -1.1    1994     0   0   4   0      32.668   -77.829
0118    58.8   770.7     19.63     82.1    1981   337     3.83      1.48     -3.53     5    -1.1    1987     0   0   4   0      32.668   -77.829
0119    59.3   771.3     19.64     82.4    1974   338     3.83      1.46     -3.54     6    -1.1    1979     0   0   4   0      32.668   -77.829
0120    59.8   772.0     19.65     82.8    1966   338     3.82      1.44     -3.53     5    -1.1    1972     0   0   4   0      32.668   -77.829
0121    60.3   772.7     19.67     83.0    1958   338     3.79      1.42     -3.51     5    -1.1    1964     0   0   4   0      32.668   -77.829
0122    60.8   773.3     19.69     83.2    1951   338     3.75      1.40     -3.48     5    -1.1    1957     0   0   4   3      32.668   -77.829
0123    61.3   774.0     19.71     83.3    1943   338     3.71      1.37     -3.45     5    -1.0    1949     0   0   4   0      32.668   -77.829
0124    61.8   774.7     19.73     83.3    1936   339     3.69      1.35     -3.43     5     -.9    1942     0   0   4   0      32.668   -77.829
0125    62.3   775.4     19.75     83.3    1929   339     3.69      1.33     -3.44     5     -.9    1934     0   0   4   0      32.668   -77.829
0126    62.8   776.0     19.78     83.2    1921   340     3.72      1.30     -3.48     5     -.8    1927     0   0   4   0      32.668   -77.829
0127    63.3   776.7     19.81     83.2    1914   340     3.77      1.28     -3.54     5     -.8    1920     0   0   4   0      32.668   -77.829
0128    63.8   777.3     19.85     83.1    1907   341     3.83      1.25     -3.62     5     -.8    1912     0   0   4   0      32.668   -77.829
0129    64.3   778.0     19.88     83.0    1899   342     3.89      1.23     -3.69     5     -.7    1905     0   0   4   0      32.668   -77.829
0130    64.8   778.6     19.91     83.0    1892   342     3.94      1.20     -3.75     5     -.7    1898     0   0   4   3      32.668   -77.829
0131    65.3   779.3     19.95     82.9    1885   343     3.97      1.19     -3.79     5     -.7    1890     0   0   4   3      32.668   -77.829
0132    65.8   779.9     19.98     82.9    1877   343     4.00      1.18     -3.82     5     -.7    1883     0   0   4   0      32.668   -77.829
0133    66.3   780.6     20.01     82.8    1870   343     4.03      1.19     -3.85     6     -.7    1876     0   0   4   0      32.668   -77.829
0134    66.8   781.3     20.04     82.8    1863   343     4.07      1.20     -3.89     5     -.6    1868     0   0   4   0      32.668   -77.829
0135    67.3   781.9     20.06     82.7    1855   343     4.15      1.24     -3.96     5     -.5    1861     0   0   4   0      32.668   -77.829
0136    67.8   782.6     20.08     82.6    1848   342     4.25      1.29     -4.05     6     -.4    1854     0   0   4   0      32.668   -77.829
0137    68.3   783.2     20.10     82.4    1841   342     4.37      1.35     -4.15     6     -.4    1847     0   0   4   0      32.668   -77.829
0138    68.8   783.8     20.11     82.3    1834   341     4.49      1.44     -4.26     6     -.4    1840     0   0   4   3      32.668   -77.829
0139    69.3   784.5     20.13     82.1    1827   341     4.61      1.54     -4.34     6     -.4    1833     3   3   4   0      32.668   -77.829
0140    69.8   785.1     20.14     82.1    1820   339     4.70      1.65     -4.41     6     -.4    1826     0   0   4   3      32.668   -77.829
0141    70.3   785.8     20.15     82.0    1813   338     4.77      1.76     -4.44     5     -.5    1819     0   0   4   0      32.668   -77.829
0142    70.8   786.4     20.16     82.1    1806   337     4.81      1.86     -4.44     6     -.6    1812     0   0   4   0      32.668   -77.829
0143    71.3   787.1     20.17     82.2    1799   336     4.83      1.94     -4.43     6     -.7    1804     0   0   4   0      32.668   -77.829
0144    71.8   787.7     20.18     82.4    1791   336     4.84      1.99     -4.42     7     -.7    1797     0   0   4   0      32.668   -77.829
0145    72.3   788.4     20.20     82.6    1784   336     4.85      2.01     -4.41     7     -.7    1790     0   0   4   0      32.668   -77.829
0146    72.8   789.1     20.21     82.7    1777   336     4.86      2.00     -4.43     7     -.7    1782     0   0   4   0      32.668   -77.829
0147    73.3   789.7     20.22     82.8    1769   336     4.87      1.97     -4.46     7     -.6    1775     0   0   4   0      32.668   -77.829
0148    73.8   790.4     20.24     82.8    1762   337     4.90      1.92     -4.51     6     -.5    1768     0   0   4   0      32.668   -77.829
0149    74.3   791.0     20.25     82.8    1755   338     4.92      1.87     -4.56     6     -.5    1761     0   0   4   0      32.668   -77.829
0150    74.8   791.7     20.27     82.9    1748   338     4.95      1.83     -4.60     6     -.5    1754     0   0   4   0      32.668   -77.829
0151    75.3   792.3     20.28     83.0    1741   339     4.98      1.80     -4.64     6     -.5    1747     0   0   4   0      32.668   -77.829
0152    75.8   793.0     20.29     83.1    1734   339     4.99      1.78     -4.66     6     -.5    1740     0   0   4   0      32.668   -77.829
0153    76.3   793.6     20.30     83.3    1727   339     5.01      1.79     -4.68     6     -.6    1733     0   0   4   0      32.668   -77.829
0154    76.8   794.3     20.31     83.6    1720   339     5.02      1.81     -4.68     6     -.7    1725     0   0   4   0      32.668   -77.829
0155    77.3   794.9     20.32     83.8    1712   338     5.03      1.85     -4.68     6     -.7    1718     0   0   4   0      32.668   -77.829
0156    77.8   795.6     20.34     83.9    1705   338     5.04      1.90     -4.67     6     -.7    1711     0   0   4   0      32.668   -77.829
0157    78.3   796.3     20.36     83.9    1698   337     5.06      1.95     -4.67     6     -.7    1703     0   0   4   0      32.668   -77.829
0158    78.8   796.9     20.39     83.8    1690   337     5.08      2.00     -4.67     6     -.7    1696     0   0   4   0      32.668   -77.829
0159    79.3   797.6     20.42     83.5    1683   336     5.10      2.04     -4.67     6     -.6    1689     0   0   4   0      32.668   -77.829
0160    79.8   798.3     20.46     83.1    1676   336     5.10      2.04     -4.68     6     -.6    1682     0   0   4   0      32.668   -77.829
0161    80.3   798.9     20.50     82.8    1669   337     5.09      1.99     -4.68     6     -.6    1675     0   0   4   0      32.668   -77.829
0162    80.8   799.6     20.54     82.5    1662   338     5.06      1.90     -4.69     6     -.6    1668     0   0   4   0      32.668   -77.829
0163    81.3   800.2     20.57     82.3    1655   339     5.01      1.76     -4.69     6     -.6    1661     0   0   4   0      32.668   -77.829
0164    81.8   800.9     20.61     82.4    1648   341     4.97      1.61     -4.70     6     -.7    1653     3   3   4   0      32.668   -77.829
0165    82.3   801.5     20.63     82.7    1641   343     4.93      1.47     -4.70     5     -.7    1646     0   0   4   0      32.668   -77.829
0166    82.8   802.2     20.66     83.1    1633   344     4.91      1.36     -4.72     6     -.8    1639     0   0   4   0      32.668   -77.829
0167    83.3   802.9     20.67     83.7    1626   345     4.91      1.31     -4.74     6     -.8    1632     0   0   4   0      32.668   -77.829
0168    83.8   803.6     20.68     84.3    1619   345     4.95      1.31     -4.77     6     -.8    1624     0   0   4   0      32.667   -77.829
0169    84.3   804.2     20.69     84.8    1611   344     5.01      1.36     -4.82     6     -.7    1617     0   0   4   0      32.667   -77.829
0170    84.8   804.9     20.69     85.2    1604   344     5.08      1.43     -4.88     6     -.7    1610     0   0   4   0      32.667   -77.829
0171    85.3   805.6     20.70     85.5    1597   343     5.16      1.50     -4.94     6     -.6    1603     0   0   4   0      32.667   -77.829
0172    85.8   806.2     20.70     85.6    1590   343     5.22      1.54     -4.99     6     -.5    1596     0   0   4   0      32.667   -77.829
0173    86.3   806.9     20.71     85.6    1583   343     5.24      1.53     -5.01     6     -.5    1589     0   0   4   0      32.667   -77.829
0174    86.8   807.5     20.72     85.4    1576   343     5.22      1.49     -5.00     6     -.5    1582     0   0   4   0      32.667   -77.829
0175    87.3   808.2     20.73     85.2    1569   344     5.16      1.41     -4.96     6     -.5    1575     0   0   4   0      32.667   -77.829
0176    87.8   808.8     20.75     85.0    1562   345     5.06      1.33     -4.88     6     -.5    1568     0   0   4   0      32.667   -77.829
0177    88.3   809.5     20.77     84.7    1555   345     4.95      1.26     -4.79     6     -.6    1561     3   3   4   0      32.667   -77.829
0178    88.8   810.1     20.80     84.5    1548   345     4.85      1.22     -4.69     5     -.7    1553     0   0   4   0      32.667   -77.829
0179    89.3   810.8     20.83     84.2    1541   345     4.76      1.20     -4.61     5     -.8    1546     0   0   4   0      32.667   -77.829
0180    89.8   811.5     20.87     84.0    1533   345     4.70      1.21     -4.55     5     -.8    1539     0   0   4   0      32.667   -77.829
0181    90.3   812.2     20.91     83.9    1526   345     4.67      1.23     -4.51     5     -.9    1532     0   0   4   0      32.667   -77.829
0182    90.8   812.9     20.95     83.8    1519   344     4.66      1.25     -4.49     5     -.9    1524     0   0   4   0      32.667   -77.829
0183    91.3   813.5     20.99     84.0    1511   344     4.66      1.26     -4.49     5     -.9    1517     0   0   4   0      32.667   -77.829
0184    91.8   814.2     21.03     84.2    1504   344     4.66      1.25     -4.49     6     -.9    1510     0   0   4   0      32.667   -77.829
0185    92.3   814.9     21.07     84.5    1497   345     4.64      1.23     -4.47     6     -.9    1502     0   0   4   0      32.667   -77.829
0186    92.8   815.6     21.10     84.8    1490   345     4.61      1.21     -4.45     6     -.8    1495     3   3   4   0      32.667   -77.829
0187    93.3   816.3     21.12     85.1    1482   345     4.58      1.20     -4.42     6     -.8    1488     0   0   4   3      32.667   -77.829
0188    93.8   816.9     21.15     85.3    1475   345     4.55      1.18     -4.39     6     -.8    1481     0   0   4   3      32.667   -77.829
0189    94.3   817.6     21.18     85.4    1468   345     4.53      1.18     -4.38     6     -.8    1474     0   0   4   0      32.667   -77.829
0190    94.8   818.3     21.21     85.4    1461   345     4.53      1.17     -4.38     6     -.8    1467     0   0   4   0      32.667   -77.829
0191    95.3   818.9     21.24     85.4    1454   345     4.56      1.16     -4.41     6     -.9    1459     0   0   4   0      32.667   -77.829
0192    95.8   819.6     21.27     85.3    1447   346     4.59      1.13     -4.45     6     -.9    1452     0   0   4   3      32.667   -77.829
0193    96.3   820.3     21.30     85.3    1439   346     4.63      1.09     -4.50     5     -.9    1445     0   0   4   0      32.667   -77.829
0194    96.8   821.0     21.33     85.3    1432   347     4.67      1.04     -4.56     5    -1.0    1438     0   0   4   0      32.667   -77.829
0195    97.3   821.7     21.35     85.5    1425   348     4.70       .98     -4.60     5     -.9    1430     0   0   4   0      32.667   -77.829
0196    97.8   822.4     21.37     85.7    1417   349     4.71       .92     -4.62     5     -.9    1423     0   0   4   0      32.667   -77.829
0197    98.3   823.1     21.39     85.9    1410   349     4.72       .88     -4.63     5     -.9    1416     0   0   4   0      32.667   -77.829
0198    98.8   823.7     21.40     86.1    1403   349     4.72       .87     -4.64     5     -.8    1409     0   0   4   0      32.667   -77.829
0199    99.3   824.4     21.41     86.3    1396   349     4.73       .88     -4.65     5     -.8    1401     0   0   4   0      32.667   -77.829
0200    99.8   825.1     21.43     86.4    1389   349     4.77       .91     -4.68     5     -.7    1394     0   0   4   0      32.667   -77.829
0201   100.3   825.8     21.45     86.4    1382   348     4.84       .97     -4.74     5     -.7    1387     0   0   4   0      32.667   -77.829
0202   100.8   826.4     21.47     86.3    1375   348     4.93      1.03     -4.82     5     -.7    1380     0   0   4   0      32.667   -77.829
0203   101.3   827.1     21.50     86.2    1368   347     5.03      1.09     -4.91     6     -.7    1373     0   0   4   0      32.667   -77.829
0204   101.8   827.8     21.54     86.2    1360   347     5.11      1.15     -4.98     6     -.8    1366     0   0   4   0      32.667   -77.829
0205   102.3   828.4     21.57     86.2    1353   347     5.16      1.19     -5.02     6     -.8    1359     0   0   4   0      32.667   -77.829
0206   102.8   829.1     21.61     86.2    1346   346     5.16      1.23     -5.01     6     -.9    1352     0   0   4   0      32.667   -77.829
0207   103.3   829.8     21.64     86.3    1339   346     5.11      1.25     -4.95     6     -.9    1345     0   0   4   0      32.667   -77.829
0208   103.8   830.5     21.66     86.5    1332   345     5.02      1.26     -4.85     6    -1.0    1337     0   0   4   0      32.667   -77.829
0209   104.3   831.2     21.69     86.6    1324   345     4.91      1.27     -4.75     6    -1.0    1330     0   0   4   0      32.667   -77.829
0210   104.8   831.9     21.71     86.8    1317   345     4.83      1.28     -4.66     6    -1.0    1323     0   0   4   0      32.667   -77.829
0211   105.3   832.6     21.72     86.9    1310   344     4.79      1.29     -4.61     6    -1.0    1316     0   0   4   0      32.667   -77.829
0212   105.8   833.3     21.74     87.1    1303   344     4.81      1.29     -4.64     6    -1.0    1308     0   0   4   0      32.667   -77.829
0213   106.3   834.0     21.76     87.3    1296   345     4.90      1.30     -4.73     6    -1.0    1301     0   0   4   0      32.667   -77.829
0214   106.8   834.6     21.78     87.4    1288   345     5.05      1.30     -4.88     6    -1.0    1294     0   0   4   0      32.667   -77.829
0215   107.3   835.3     21.80     87.5    1281   346     5.22      1.30     -5.05     6    -1.0    1287     0   0   4   0      32.666   -77.828
0216   107.8   836.0     21.82     87.6    1274   346     5.39      1.31     -5.23     6    -1.0    1279     0   0   4   0      32.666   -77.828
0217   108.3   836.7     21.85     87.6    1267   346     5.55      1.32     -5.40     5    -1.0    1272     0   0   4   0      32.666   -77.828
0218   108.8   837.4     21.88     87.5    1259   347     5.69      1.32     -5.53     6    -1.0    1265     0   0   4   0      32.666   -77.828
0219   109.3   838.1     21.91     87.4    1252   347     5.79      1.33     -5.63     6     -.9    1258     0   0   4   0      32.666   -77.828
0220   109.8   838.8     21.95     87.3    1245   347     5.86      1.34     -5.70     6     -.9    1251     0   0   4   0      32.666   -77.828
0221   110.3   839.5     21.98     87.1    1238   347     5.91      1.35     -5.75     6     -.9    1243     0   0   4   0      32.666   -77.828
0222   110.8   840.2     22.02     87.0    1231   347     5.94      1.35     -5.79     6     -.8    1236     0   0   4   0      32.666   -77.828
0223   111.3   840.9     22.06     86.9    1224   347     5.97      1.35     -5.81     6     -.8    1229     0   0   4   0      32.666   -77.828
0224   111.8   841.5     22.10     86.9    1217   347     5.98      1.35     -5.82     5     -.8    1222     0   0   4   0      32.666   -77.828
0225   112.3   842.2     22.14     86.9    1210   347     5.98      1.35     -5.82     6     -.8    1215     0   0   4   0      32.666   -77.828
0226   112.8   842.9     22.17     87.0    1202   347     5.96      1.35     -5.80     6     -.8    1208     0   0   4   0      32.666   -77.828
0227   113.3   843.6     22.21     87.1    1195   347     5.93      1.35     -5.77     6     -.8    1201     0   0   4   0      32.666   -77.828
0228   113.8   844.3     22.24     87.1    1188   347     5.88      1.34     -5.72     6     -.8    1194     0   0   4   0      32.666   -77.828
0229   114.3   844.9     22.28     87.2    1181   347     5.83      1.32     -5.67     5     -.9    1187     0   0   4   0      32.666   -77.828
0230   114.8   845.6     22.32     87.1    1174   347     5.77      1.29     -5.63     5     -.9    1180     0   0   4   0      32.666   -77.828
0231   115.3   846.3     22.36     87.1    1167   347     5.72      1.26     -5.58     6     -.9    1173     0   0   4   0      32.666   -77.828
0232   115.8   847.0     22.40     87.0    1160   348     5.68      1.22     -5.55     6     -.9    1165     0   0   4   0      32.666   -77.828
0233   116.3   847.7     22.45     86.8    1152   348     5.64      1.19     -5.52     6     -.9    1158     0   0   4   0      32.666   -77.828
0234   116.8   848.4     22.49     86.7    1145   348     5.61      1.19     -5.48     6     -.9    1151     0   0   4   0      32.666   -77.828
0235   117.3   849.1     22.54     86.6    1138   348     5.58      1.20     -5.45     6     -.8    1144     0   0   4   0      32.666   -77.828
0236   117.8   849.8     22.58     86.5    1131   347     5.56      1.24     -5.42     6     -.8    1137     0   0   4   0      32.666   -77.828
0237   118.3   850.5     22.63     86.3    1124   347     5.56      1.28     -5.41     6     -.7    1130     0   0   4   0      32.666   -77.828
0238   118.8   851.2     22.67     86.2    1117   346     5.59      1.32     -5.43     6     -.7    1123     0   0   4   0      32.666   -77.828
0239   119.3   851.8     22.70     86.1    1110   346     5.64      1.33     -5.49     6     -.7    1116     0   0   4   0      32.666   -77.828
0240   119.8   852.5     22.74     85.9    1103   347     5.73      1.30     -5.58     6     -.6    1109     0   0   4   0      32.666   -77.828
0241   120.3   853.2     22.77     85.8    1096   348     5.85      1.24     -5.72     6     -.7    1102     0   0   4   0      32.666   -77.828
0242   120.8   853.9     22.79     85.8    1089   349     5.98      1.17     -5.87     6     -.7    1095     0   0   4   0      32.666   -77.828
0243   121.3   854.5     22.82     85.7    1082   350     6.11      1.10     -6.01     5     -.7    1088     0   0   4   0      32.666   -77.828
0244   121.8   855.2     22.84     85.7    1075   350     6.22      1.07     -6.13     6     -.8    1081     0   0   4   0      32.666   -77.828
0245   122.3   855.9     22.86     85.7    1068   350     6.29      1.09     -6.20     6     -.8    1074     0   0   4   0      32.666   -77.828
0246   122.8   856.6     22.88     85.8    1061   349     6.33      1.16     -6.22     6     -.9    1067     0   0   4   0      32.666   -77.828
0247   123.3   857.3     22.91     85.8    1054   348     6.34      1.28     -6.21     6     -.9    1060     0   0   4   0      32.666   -77.828
0248   123.8   858.0     22.93     85.9    1047   347     6.32      1.41     -6.16     6     -.9    1052     0   0   4   0      32.666   -77.828
0249   124.3   858.7     22.96     85.9    1040   346     6.30      1.52     -6.11     6     -.9    1045     0   0   4   0      32.666   -77.828
0250   124.8   859.4     22.98     85.9    1033   345     6.28      1.59     -6.07     6     -.8    1038     0   0   4   0      32.666   -77.828
0251   125.3   860.1     23.00     85.9    1026   345     6.26      1.60     -6.05     6     -.7    1031     0   0   4   0      32.666   -77.828
0252   125.8   860.8     23.02     85.9    1019   346     6.26      1.56     -6.06     6     -.7    1024     0   0   4   0      32.666   -77.828
0253   126.3   861.5     23.04     85.9    1012   346     6.26      1.49     -6.08     6     -.7    1017     0   0   4   0      32.666   -77.828
0254   126.8   862.1     23.06     85.8    1005   347     6.28      1.41     -6.11     6     -.6    1010     0   0   4   0      32.665   -77.828
0255   127.3   862.8     23.08     85.8     998   347     6.29      1.37     -6.14     6     -.7    1004     0   0   4   0      32.665   -77.828
0256   127.8   863.5     23.10     85.8     991   347     6.29      1.39     -6.14     6     -.7     997     0   0   4   0      32.665   -77.828
0257   128.3   864.2     23.12     85.8     984   347     6.29      1.45     -6.12     6     -.8     990     0   0   4   0      32.665   -77.828
0258   128.8   864.9     23.14     85.7     977   346     6.27      1.56     -6.07     6     -.9     983     0   0   4   0      32.665   -77.828
0259   129.3   865.6     23.17     85.7     970   344     6.24      1.67     -6.02     6     -.9     975     0   0   4   0      32.665   -77.828
0260   129.8   866.3     23.19     85.7     963   344     6.22      1.76     -5.96     6     -.9     968     0   0   4   0      32.665   -77.828
0261   130.3   867.0     23.22     85.7     955   343     6.20      1.81     -5.93     5     -.9     961     0   0   4   0      32.665   -77.828
0262   130.8   867.7     23.24     85.8     948   343     6.19      1.80     -5.92     5     -.9     954     0   0   4   0      32.665   -77.828
0263   131.3   868.4     23.27     85.9     941   344     6.19      1.74     -5.94     5     -.8     947     0   0   4   0      32.665   -77.828
0264   131.8   869.1     23.28     86.1     934   345     6.21      1.66     -5.99     5     -.8     940     0   0   4   3      32.665   -77.828
0265   132.3   869.8     23.30     86.2     927   345     6.25      1.57     -6.05     5     -.7     933     0   0   4   0      32.665   -77.828
0266   132.8   870.5     23.31     86.4     921   346     6.31      1.50     -6.13     5     -.6     926     0   0   4   0      32.665   -77.828
0267   133.3   871.1     23.33     86.6     914   347     6.37      1.46     -6.20     5     -.6     919     0   0   4   0      32.665   -77.828
0268   133.8   871.8     23.34     86.7     907   347     6.43      1.45     -6.26     5     -.5     912     0   0   4   0      32.665   -77.828
0269   134.3   872.5     23.36     86.7     900   347     6.47      1.46     -6.30     5     -.5     906     0   0   4   0      32.665   -77.828
0270   134.8   873.2     23.38     86.6     893   347     6.49      1.48     -6.32     5     -.5     899     0   0   4   0      32.665   -77.828
0271   135.3   873.9     23.41     86.4     886   347     6.49      1.51     -6.32     5     -.5     892     0   0   4   0      32.665   -77.828
0272   135.8   874.6     23.45     86.2     879   346     6.48      1.52     -6.29     5     -.5     885     0   0   4   0      32.665   -77.828
0273   136.3   875.2     23.49     85.9     873   346     6.44      1.51     -6.26     6     -.5     878     0   0   4   0      32.665   -77.828
0274   136.8   875.9     23.53     85.6     866   346     6.39      1.49     -6.22     6     -.5     871     0   0   4   0      32.665   -77.828
0275   137.3   876.6     23.58     85.3     859   347     6.34      1.45     -6.17     6     -.6     865     0   0   4   0      32.665   -77.828
0276   137.8   877.3     23.62     85.2     852   347     6.28      1.40     -6.13     6     -.6     858     0   0   4   0      32.665   -77.828
0277   138.3   878.0     23.67     85.1     845   348     6.23      1.32     -6.09     6     -.6     851     0   0   4   0      32.665   -77.828
0278   138.8   878.7     23.70     85.2     838   348     6.18      1.24     -6.05     6     -.6     844     0   0   4   0      32.665   -77.828
0279   139.3   879.3     23.73     85.5     831   349     6.13      1.14     -6.03     6     -.6     837     0   0   4   0      32.665   -77.828
0280   139.8   880.0     23.75     85.8     824   350     6.10      1.03     -6.01     6     -.7     830     0   0   4   0      32.665   -77.828
0281   140.3   880.7     23.76     86.3     818   351     6.08       .94     -6.01     6     -.7     823     0   0   4   0      32.665   -77.828
0282   140.8   881.4     23.77     86.8     811   352     6.07       .85     -6.01     6     -.8     816     0   0   4   0      32.665   -77.828
0283   141.3   882.1     23.77     87.2     804   353     6.06       .78     -6.01     6     -.8     809     0   0   4   0      32.665   -77.828
0284   141.8   882.8     23.77     87.7     797   353     6.05       .73     -6.01     6     -.9     802     0   0   4   0      32.665   -77.828
0285   142.3   883.5     23.77     88.0     790   353     6.04       .70     -5.99     6    -1.0     795     0   0   4   0      32.665   -77.828
0286   142.8   884.2     23.77     88.1     783   354     6.00       .67     -5.96     6    -1.0     788     0   0   4   0      32.665   -77.828
0287   143.3   884.9     23.78     88.2     776   354     5.95       .65     -5.91     6    -1.0     781     0   0   4   0      32.665   -77.828
0288   143.8   885.7     23.79     88.1     768   354     5.88       .62     -5.85     6    -1.0     774     0   0   4   0      32.665   -77.828
0289   144.3   886.4     23.81     88.0     761   354     5.81       .61     -5.78     6    -1.0     767     0   0   4   0      32.665   -77.828
0290   144.8   887.1     23.83     87.9     754   354     5.74       .61     -5.71     6     -.9     760     0   0   4   0      32.665   -77.828
0291   145.3   887.8     23.85     87.8     747   354     5.70       .64     -5.66     6     -.9     753     0   0   4   0      32.664   -77.828
0292   145.8   888.5     23.87     87.7     740   353     5.69       .71     -5.64     5     -.8     746     0   0   4   0      32.664   -77.828
0293   146.3   889.2     23.90     87.6     733   352     5.72       .83     -5.66     5     -.7     739     0   0   4   0      32.664   -77.828
0294   146.8   889.9     23.93     87.5     727   350     5.80       .99     -5.72     5     -.7     732     0   0   4   0      32.664   -77.828
0295   147.3   890.6     23.95     87.4     720   349     5.92      1.16     -5.80     5     -.6     725     0   0   4   0      32.664   -77.828
0296   147.8   891.3     23.99     87.4     713   347     6.05      1.33     -5.91     5     -.7     719     0   0   4   0      32.664   -77.828
0297   148.3   892.0     24.02     87.3     706   346     6.19      1.47     -6.01     5     -.7     712     0   0   4   0      32.664   -77.828
0298   148.8   892.7     24.06     87.3     699   346     6.30      1.56     -6.11     5     -.8     705     0   0   4   0      32.664   -77.828
0299   149.3   893.4     24.10     87.4     692   346     6.37      1.59     -6.17     5     -.8     698     0   0   4   0      32.664   -77.828
0300   149.8   894.1     24.13     87.5     685   346     6.39      1.56     -6.19     5     -.9     691     0   0   4   0      32.664   -77.828
0301   150.3   894.8     24.16     87.6     678   346     6.35      1.49     -6.18     5    -1.0     684     0   0   4   0      32.664   -77.828
0302   150.8   895.5     24.19     87.9     671   347     6.28      1.39     -6.12     5    -1.0     677     0   0   4   0      32.664   -77.828
0303   151.3   896.2     24.22     88.1     664   348     6.18      1.29     -6.04     5    -1.0     670     0   0   4   0      32.664   -77.828
0304   151.8   896.9     24.24     88.4     657   349     6.07      1.20     -5.95     5    -1.0     663     0   0   4   0      32.664   -77.828
0305   152.3   897.7     24.25     88.6     650   349     5.96      1.13     -5.86     5    -1.0     656     0   0   4   0      32.664   -77.828
0306   152.8   898.4     24.27     88.9     643   349     5.88      1.07     -5.78     6    -1.0     649     0   0   4   0      32.664   -77.828
0307   153.3   899.1     24.29     89.1     636   350     5.82      1.04     -5.72     6    -1.0     642     0   0   4   0      32.664   -77.828
0308   153.8   899.8     24.32     89.2     629   350     5.77      1.00     -5.69     6    -1.0     635     0   0   4   0      32.664   -77.828
0309   154.3   900.5     24.35     89.4     622   350     5.75       .96     -5.67     6    -1.0     628     0   0   4   0      32.664   -77.828
0310   154.8   901.2     24.38     89.5     615   351     5.72       .91     -5.65     5    -1.0     621     0   0   4   0      32.664   -77.828
0311   155.3   901.9     24.42     89.6     608   351     5.70       .85     -5.63     6    -1.0     614     0   0   4   0      32.664   -77.828
0312   155.8   902.7     24.45     89.7     601   352     5.67       .80     -5.61     6    -1.1     607     0   0   4   0      32.664   -77.828
0313   156.3   903.4     24.48     89.8     594   352     5.63       .75     -5.58     6    -1.1     600     0   0   4   0      32.664   -77.828
0314   156.8   904.1     24.52     89.9     587   353     5.60       .72     -5.55     6    -1.1     593     0   0   4   0      32.664   -77.828
0315   157.3   904.8     24.55     90.0     580   353     5.57       .72     -5.52     6    -1.1     586     0   0   4   0      32.664   -77.828
0316   157.8   905.6     24.58     90.1     573   352     5.55       .76     -5.50     6    -1.1     579     0   0   4   0      32.664   -77.828
0317   158.3   906.3     24.61     90.1     566   352     5.55       .82     -5.49     6    -1.0     572     0   0   4   0      32.664   -77.828
0318   158.8   907.0     24.64     90.0     559   351     5.58       .89     -5.51     5    -1.0     565     0   0   4   0      32.664   -77.828
0319   159.3   907.7     24.67     89.8     552   350     5.62       .96     -5.54     6    -1.0     558     0   0   4   0      32.664   -77.828
0320   159.8   908.4     24.71     89.4     545   350     5.67      1.00     -5.58     6    -1.0     551     0   0   4   0      32.664   -77.828
0321   160.3   909.1     24.75     89.0     538   350     5.72      1.01     -5.63     6    -1.0     544     0   0   4   0      32.664   -77.828
0322   160.8   909.8     24.79     88.5     531   350     5.74       .98     -5.66     5    -1.1     537     0   0   4   0      32.664   -77.828
0323   161.3   910.6     24.83     88.0     524   351     5.74       .91     -5.67     6    -1.1     530     0   0   4   0      32.664   -77.828
0324   161.8   911.3     24.88     87.6     517   352     5.70       .82     -5.64     5    -1.1     523     0   0   4   0      32.664   -77.828
0325   162.3   912.0     24.92     87.2     510   353     5.64       .72     -5.60     6    -1.1     516     0   0   4   0      32.664   -77.828
0326   162.8   912.8     24.97     86.9     503   353     5.56       .65     -5.53     7    -1.1     509     0   0   4   0      32.664   -77.828
0327   163.3   913.5     25.02     86.6     496   354     5.48       .61     -5.45     7    -1.0     502     0   0   4   0      32.664   -77.828
0328   163.8   914.2     25.06     86.5     489   353     5.42       .62     -5.38     7    -1.0     495     0   0   4   0      32.664   -77.828
0329   164.3   914.9     25.11     86.4     482   353     5.38       .68     -5.33     7     -.9     488     0   0   4   0      32.664   -77.828
0330   164.8   915.6     25.15     86.3     475   352     5.38       .79     -5.32     7     -.9     481     0   0   4   0      32.663   -77.828
0331   165.3   916.3     25.20     86.2     468   350     5.42       .91     -5.34     7     -.9     474     0   0   4   0      32.663   -77.828
0332   165.8   917.1     25.24     86.0     462   349     5.50      1.04     -5.40     7     -.9     467     0   0   4   0      32.663   -77.828
0333   166.3   917.8     25.28     85.9     455   348     5.61      1.16     -5.49     7    -1.0     460     0   0   4   0      32.663   -77.828
0334   166.8   918.5     25.33     85.7     448   347     5.74      1.24     -5.61     7    -1.0     453     0   0   4   0      32.663   -77.828
0335   167.3   919.2     25.37     85.6     441   347     5.87      1.30     -5.73     7    -1.0     446     0   0   4   0      32.663   -77.828
0336   167.8   920.0     25.41     85.6     434   347     5.99      1.32     -5.84     7    -1.0     439     0   0   4   0      32.663   -77.828
0337   168.3   920.7     25.45     85.7     427   348     6.09      1.31     -5.94     6     -.9     432     0   0   4   0      32.663   -77.828
0338   168.8   921.4     25.48     85.8     420   348     6.15      1.29     -6.01     7     -.8     425     0   0   4   0      32.663   -77.828
0339   169.3   922.1     25.51     86.1     413   348     6.17      1.25     -6.05     6     -.8     418     0   0   4   0      32.663   -77.828
0340   169.8   922.8     25.54     86.5     406   349     6.16      1.19     -6.04     6     -.7     412     0   0   4   0      32.663   -77.828
0341   170.3   923.5     25.56     87.0     399   349     6.11      1.13     -6.01     6     -.7     405     0   0   4   0      32.663   -77.828
0342   170.8   924.2     25.57     87.5     393   350     6.04      1.07     -5.95     6     -.7     398     0   0   4   0      32.663   -77.828
0343   171.3   924.9     25.58     88.1     386   350     5.97      1.00     -5.88     6     -.8     392     0   0   4   0      32.663   -77.828
0344   171.8   925.6     25.59     88.6     379   351     5.90       .96     -5.82     6     -.9     385     0   0   4   0      32.663   -77.828
0345   172.3   926.3     25.60     89.1     372   351     5.84       .93     -5.76     6    -1.0     378     0   0   4   0      32.663   -77.828
0346   172.8   927.1     25.61     89.4     365   351     5.80       .93     -5.72     6    -1.1     371     0   0   4   0      32.663   -77.828
0347   173.3   927.8     25.62     89.6     358   350     5.78       .97     -5.70     6    -1.2     364     0   0   4   0      32.663   -77.828
0348   173.8   928.6     25.64     89.7     351   350     5.78      1.04     -5.69     6    -1.2     357     0   0   4   0      32.663   -77.828
0349   174.3   929.3     25.67     89.6     344   349     5.80      1.13     -5.69     6    -1.2     350     0   0   4   0      32.663   -77.828
0350   174.8   930.1     25.70     89.4     337   348     5.83      1.24     -5.70     6    -1.2     343     0   0   4   0      32.663   -77.828
0351   175.3   930.8     25.74     89.2     330   347     5.87      1.35     -5.72     6    -1.1     336     0   0   4   0      32.663   -77.828
0352   175.8   931.5     25.79     89.0     323   346     5.92      1.43     -5.75     6    -1.1     329     0   0   4   0      32.663   -77.828
0353   176.3   932.2     25.83     89.0     316   346     5.98      1.49     -5.79     6    -1.0     322     0   0   4   0      32.663   -77.828
0354   176.8   933.0     25.88     89.0     309   345     6.04      1.52     -5.84     6    -1.0     315     0   0   4   0      32.663   -77.828
0355   177.3   933.7     25.92     89.1     302   346     6.09      1.52     -5.90     6    -1.0     308     0   0   4   0      32.663   -77.828
0356   177.8   934.4     25.95     89.3     295   346     6.14      1.49     -5.96     6    -1.0     301     0   0   4   0      32.663   -77.828
0357   178.3   935.2     25.99     89.5     289   346     6.17      1.46     -6.00     6    -1.0     294     0   0   4   0      32.663   -77.828
0358   178.8   935.9     26.02     89.6     282   347     6.19      1.43     -6.02     6     -.9     287     0   0   4   0      32.663   -77.827
0359   179.3   936.6     26.05     89.7     275   347     6.18      1.41     -6.02     6     -.9     280     0   0   4   0      32.663   -77.827
0360   179.8   937.3     26.09     89.6     268   347     6.15      1.41     -5.99     6     -.8     274     0   0   4   0      32.663   -77.827
0361   180.3   938.1     26.12     89.5     261   346     6.11      1.44     -5.94     6     -.8     267     0   0   4   0      32.663   -77.827
0362   180.8   938.8     26.16     89.3     254   346     6.08      1.48     -5.90     6     -.7     260     0   0   4   0      32.663   -77.827
0363   181.3   939.5     26.20     89.1     248   345     6.06      1.54     -5.86     6     -.6     253     0   0   4   0      32.663   -77.827
0364   181.8   940.2     26.24     89.0     241   345     6.05      1.59     -5.84     6     -.6     247     0   0   4   3      32.663   -77.827
0365   182.3   940.9     26.28     89.0     234   344     6.06      1.63     -5.84     6     -.6     240     0   0   4   0      32.663   -77.827
0366   182.8   941.6     26.32     89.2     228   344     6.07      1.64     -5.85     6     -.6     233     0   0   4   0      32.663   -77.827
0367   183.3   942.3     26.35     89.6     221   345     6.08      1.62     -5.86     6     -.6     227     0   0   4   0      32.663   -77.827
0368   183.8   943.0     26.38     90.0     214   345     6.07      1.56     -5.87     5     -.7     220     0   0   4   0      32.662   -77.827
0369   184.3   943.7     26.41     90.5     208   346     6.05      1.47     -5.87     7     -.7     213     0   0   4   0      32.662   -77.827
0370   184.8   944.4     26.43     90.9     201   347     6.00      1.37     -5.84     7     -.8     207     0   0   4   0      32.662   -77.827
0371   185.3   945.1     26.46     91.1     194   348     5.94      1.27     -5.81     7     -.8     200     0   0   4   0      32.662   -77.827
0372   185.8   945.9     26.49     91.2     187   348     5.88      1.20     -5.76     7     -.8     193     0   0   4   0      32.662   -77.827
0373   186.3   946.6     26.52     91.2     181   349     5.82      1.15     -5.71     7     -.9     186     0   0   4   0      32.662   -77.827
0374   186.8   947.3     26.56     91.0     174   349     5.77      1.14     -5.66     7     -.9     179     0   0   4   0      32.662   -77.827
0375   187.3   948.0     26.60     90.8     167   348     5.73      1.16     -5.61     7     -.9     173     0   0   4   0      32.662   -77.827
0376   187.8   948.8     26.65     90.7     160   348     5.70      1.18     -5.58     7     -.9     166     0   0   4   0      32.662   -77.827
0377   188.3   949.5     26.70     90.5     153   348     5.68      1.21     -5.55     7     -.9     159     0   0   4   0      32.662   -77.827
0378   188.8   950.2     26.76     90.3     147   348     5.67      1.22     -5.54     7     -.9     152     0   0   4   0      32.662   -77.827
0379   189.3   950.9     26.82     90.1     140   348     5.66      1.21     -5.53     7     -.9     146     0   0   4   0      32.662   -77.827
0380   189.8   951.7     26.88     89.9     133   348     5.66      1.18     -5.54     7     -.9     139     0   0   4   0      32.662   -77.827
0381   190.3   952.4     26.94     89.7     126   348     5.66      1.14     -5.54     7     -.9     132     0   0   4   0      32.662   -77.827
0382   190.8   953.1     27.00     89.4     119   349     5.66      1.11     -5.55     7     -.9     125     0   0   4   0      32.662   -77.827
0383   191.3   953.8     27.06     89.2     113   349     5.65      1.10     -5.54     7     -.8     118     0   0   4   0      32.662   -77.827
0384   191.8   954.6     27.12     88.9     106   349     5.63      1.11     -5.52     7     -.8     112     0   0   4   0      32.662   -77.827
0385   192.3   955.3     27.17     88.7      99   348     5.60      1.14     -5.48     7     -.7     105     0   0   4   0      32.662   -77.827
0386   192.8   956.0     27.23     88.5      92   348     5.56      1.19     -5.43     7     -.7      98     0   0   4   0      32.662   -77.827
0387   193.3   956.7     27.29     88.3      86   347     5.51      1.26     -5.37     7     -.7      91     0   0   4   0      32.662   -77.827
0388   193.8   957.4     27.34     88.1      79   346     5.47      1.33     -5.31     7     -.6      85     0   0   4   0      32.662   -77.827
0389   194.3   958.1     27.40     87.9      73   345     5.45      1.39     -5.27     7     -.6      78     0   0   4   0      32.662   -77.827
0390   194.8   958.9     27.46     87.7      66   345     5.47      1.43     -5.28     7     -.7      72     0   0   4   0      32.662   -77.827
0391   195.3   959.6     27.52     87.4      59   345     5.52      1.45     -5.32     7     -.7      65     0   0   4   0      32.662   -77.827
0392   195.8   960.3     27.58     87.2      53   345     5.59      1.45     -5.40     7     -.7      58     0   0   4   0      32.662   -77.827
0393   196.3   961.0     27.65     87.0      46   345     5.66      1.42     -5.48     7     -.7      52     0   0   4   0      32.662   -77.827
0394   196.8   961.7     27.71     86.8      39   346     5.71      1.38     -5.54     7     -.7      45     0   0   4   0      32.662   -77.827
0395   197.3   962.5     27.78     86.7      32   347     5.74      1.32     -5.59     7     -.8      38     0   0   4   0      32.662   -77.827
0396   197.8   963.2     27.84     86.7      26   347     5.74      1.24     -5.61     7     -.9      31     0   0   4   0      32.662   -77.827
0397   198.3   963.9     27.90     86.9      19   348     5.74      1.16     -5.62     7     -.9      25     0   0   4   0      32.662   -77.827
0398   198.8   964.6     27.95     87.4      13   349     5.68      1.12     -5.57     7     -.9      18     0   0   4   0      32.662   -77.827
0399   199.3   965.4     28.02     87.9       5   346     5.41      1.31     -5.25     6     -.9      11     0   0   4   0      32.662   -77.827
