 ===========================================================================
 DROPWINDSONDE PROCESSING RECORD                            Sonde: 981950001
 PDS file written May 21, 1999.                             Format:    V4.01
 Aircraft: N42RF                             Date: 980829   Time: 230356 UTC
 ---------------------------------------------------------------------------
 Bias corrections:  PR =    .0 mb  TE =    .0 C  RH =    .0 %  PRB =  -.7 mb
 Filters (LPF):     PTH =   5 s    WIND =   5 s       Hyd anchor =       SFC
 RH T-compensation =  Y     WSHR COR =      Y         Splash PR  =  998.1 mb
 Estimated PR used =  N     GPS VERR =    .24 m/s     HYD SFCP   = 1001.2 mb
 Dyn T correction  =  Y     WGACORR  =   -1.7 m       AC GA ADJ  =     .0 m
 ---------------------------------------------------------------------------
 COMMENTS: Inner rainband South of ctr                                 
 ===========================================================================

 ===========================================================================
 Date: 980829   Lat:  25.44 N   TA:    7.6 C   PS:  643.4 mb   WD:   270 deg
 Time: 230356   Lon:  71.25 W   TD: -999.0 C   GA:   3787 m    WS:  20.5 m/s
 SID:  981950001                RH: -999.0 %   Navaid:   GP          
 ===========================================================================

IX      t (s)  P (mb)    T (C)    RH (%)  Z (m)   WD    WS (m/s)   U (m/s)   V (m/s)  NS  WZ (m/s)  ZW (m)   FP  FT  FH  FW    LAT (N)   LON (E)
0001      .0   644.0      7.65   -999.0    3762   271    20.47     20.47      -.30  -999  -999.0    3760     3   3   0   4      25.440   -71.250
0002      .5   644.6      7.73   -999.0    3754   271    20.36     20.36      -.21  -999  -999.0    3752     3   3   0   4      25.440   -71.250
0003     1.0   645.2      7.79   -999.0    3746   271    20.34     20.34      -.19  -999  -999.0    3745     3   3   0   4      25.440   -71.250
0004     1.5   645.8      7.86   -999.0    3739   270    20.31     20.31      -.17  -999  -999.0    3737     3   3   0   4      25.440   -71.250
0005     2.0   646.4      7.92   -999.0    3731   270    20.28     20.28      -.15  -999  -999.0    3729     3   3   0   4      25.440   -71.249
0006     2.5   647.0      7.99   -999.0    3723   270    20.26     20.26      -.13  -999  -999.0    3722     3   3   0   4      25.440   -71.249
0007     3.0   647.6      8.05   -999.0    3716   270    20.23     20.23      -.10  -999  -999.0    3714     3   3   0   4      25.440   -71.249
0008     3.5   648.2      8.12   -999.0    3708   270    20.21     20.21      -.08  -999  -999.0    3706     3   3   0   4      25.440   -71.249
0009     4.0   648.8      8.18   -999.0    3700   270    20.18     20.18      -.06  -999  -999.0    3699     3   3   0   4      25.440   -71.249
0010     4.5   649.4      8.25   -999.0    3693   270    20.15     20.15      -.04  -999  -999.0    3691     3   3   0   4      25.440   -71.249
0011     5.0   650.0      8.31   -999.0    3685   270    20.13     20.13      -.02  -999  -999.0    3683     3   3   0   4      25.440   -71.249
0012     5.5   650.6      8.37   -999.0    3678   270    20.10     20.10       .01  -999  -999.0    3676     3   3   0   4      25.440   -71.249
0013     6.0   651.2      8.44   -999.0    3670   270    20.07     20.07       .03  -999  -999.0    3668     3   3   0   4      25.440   -71.249
0014     6.5   651.8      8.50   -999.0    3662   270    20.05     20.05       .05  -999  -999.0    3661     3   3   0   4      25.440   -71.249
0015     7.0   652.4      8.57   -999.0    3655   270    20.02     20.02       .07  -999  -999.0    3653     3   3   0   4      25.440   -71.248
0016     7.5   653.0      8.63   -999.0    3647   270    20.00     20.00       .09  -999  -999.0    3645     3   3   0   4      25.440   -71.248
0017     8.0   653.6      8.69   -999.0    3640   270    19.97     19.97       .12  -999  -999.0    3638     3   3   0   4      25.440   -71.248
0018     8.5   654.2      8.76   -999.0    3632   270    19.94     19.94       .14  -999  -999.0    3630     3   3   0   4      25.440   -71.248
0019     9.0   654.8      8.82   -999.0    3624   270    19.92     19.92       .16  -999  -999.0    3623     3   3   0   4      25.440   -71.248
0020     9.5   655.4      8.88   -999.0    3617   269    19.89     19.89       .18  -999  -999.0    3615     3   3   0   4      25.440   -71.248
0021    10.0   656.0      8.94   -999.0    3609   269    19.86     19.86       .20  -999  -999.0    3608     3   3   0   4      25.440   -71.248
0022    10.5   656.6      9.00   -999.0    3602   269    19.84     19.84       .23  -999  -999.0    3600     3   3   0   4      25.440   -71.248
0023    11.0   657.2      9.06   -999.0    3594   269    19.81     19.81       .25  -999  -999.0    3592     3   3   0   4      25.440   -71.248
0024    11.5   657.8      9.12   -999.0    3587   269    19.79     19.79       .27  -999  -999.0    3585     3   3   0   4      25.440   -71.248
0025    12.0   658.3      9.18   -999.0    3579   269    19.76     19.76       .29  -999  -999.0    3577     3   3   0   4      25.440   -71.247
0026    12.5   658.9      9.24     80.4    3572   269    19.73     19.73       .31  -999  -999.0    3570     3   3   0   4      25.440   -71.247
0027    13.0   659.5      9.30     80.1    3564   269    19.71     19.71       .34  -999  -999.0    3562     3   3   0   4      25.440   -71.247
0028    13.5   660.1      9.36     79.9    3557   269    19.68     19.68       .36  -999  -999.0    3555     3   3   0   4      25.440   -71.247
0029    14.0   660.7      9.42     79.8    3549   269    19.66     19.65       .38  -999  -999.0    3547     3   3   0   4      25.440   -71.247
0030    14.5   661.3      9.47     79.9    3542   269    19.63     19.63       .40  -999  -999.0    3540     3   3   0   4      25.440   -71.247
0031    15.0   661.9      9.51     79.9    3534   269    19.60     19.60       .42  -999  -999.0    3532     3   3   0   4      25.440   -71.247
0032    15.5   662.5      9.56     79.9    3526   269    19.58     19.57       .45  -999     -.6    3525     0   0   0   4      25.440   -71.247
0033    16.0   663.2      9.59     80.0    3519   269    19.55     19.55       .47  -999     -.7    3517     0   0   0   4      25.440   -71.247
0034    16.5   663.8      9.62     80.1    3511   269    19.53     19.52       .49  -999     -.7    3509     0   0   0   4      25.440   -71.247
0035    17.0   664.4      9.64     80.3    3503   268    19.50     19.49       .51  -999     -.8    3501     0   0   0   4      25.440   -71.246
0036    17.5   665.0      9.67     80.6    3495   268    19.47     19.47       .53  -999     -.8    3493     0   0   0   4      25.440   -71.246
0037    18.0   665.6      9.69     80.9    3487   268    19.45     19.44       .56  -999     -.9    3486     0   0   0   4      25.440   -71.246
0038    18.5   666.3      9.71     81.2    3480   268    19.42     19.41       .58  -999     -.9    3478     0   0   0   4      25.440   -71.246
0039    19.0   666.9      9.73     81.5    3472   268    19.40     19.39       .60  -999     -.9    3470     0   0   0   4      25.440   -71.246
0040    19.5   667.5      9.76     81.7    3464   268    19.37     19.36       .62  -999    -1.0    3462     0   0   0   4      25.440   -71.246
0041    20.0   668.1      9.78     81.8    3456   268    19.35     19.33       .64  -999    -1.0    3454     0   0   0   4      25.440   -71.246
0042    20.5   668.8      9.82     81.9    3448   268    19.32     19.31       .67  -999    -1.0    3447     0   0   0   4      25.440   -71.246
0043    21.0   669.4      9.85     81.9    3440   268    19.29     19.28       .69  -999    -1.0    3439     0   0   0   4      25.440   -71.246
0044    21.5   670.1      9.89     82.0    3432   268    19.27     19.26       .71  -999    -1.0    3431     0   0   0   4      25.440   -71.246
0045    22.0   670.7      9.93     82.0    3424   268    19.24     19.23       .73  -999    -1.0    3423     0   0   0   4      25.440   -71.245
0046    22.5   671.3      9.97     82.0    3417   268    19.22     19.20       .75  -999     -.9    3415     0   0   0   4      25.440   -71.245
0047    23.0   671.9     10.01     82.0    3409   268    19.19     19.18       .77  -999     -.8    3407     0   0   0   4      25.440   -71.245
0048    23.5   672.6     10.05     82.0    3401   268    19.17     19.15       .80  -999     -.8    3399     0   0   0   4      25.440   -71.245
0049    24.0   673.2     10.09     82.0    3393   268    19.14     19.12       .82  -999     -.7    3392     0   0   0   4      25.440   -71.245
0050    24.5   673.8     10.12     82.1    3386   267    19.12     19.10       .84  -999     -.7    3384     0   0   0   4      25.440   -71.245
0051    25.0   674.4     10.16     82.2    3378   267    19.09     19.07       .86  -999     -.6    3376     0   0   0   4      25.440   -71.245
0052    25.5   675.0     10.20     82.4    3371   267    19.07     19.05       .89  -999     -.6    3369     0   0   0   4      25.440   -71.245
0053    26.0   675.7     10.23     82.7    3363   267    19.04     19.02       .91  -999     -.6    3361     0   0   0   4      25.440   -71.245
0054    26.5   676.3     10.27     82.9    3355   267    19.02     18.99       .93  -999     -.6    3354     0   0   0   4      25.440   -71.245
0055    27.0   676.9     10.31     83.2    3348   267    18.99     18.97       .95  -999     -.7    3346     0   0   0   4      25.440   -71.245
0056    27.5   677.5     10.34     83.5    3340   267    18.97     18.94       .97  -999     -.7    3338     0   0   0   4      25.440   -71.244
0057    28.0   678.1     10.39     83.6    3332   267    18.94     18.92      1.00  -999     -.8    3331     0   0   0   4      25.440   -71.244
0058    28.5   678.8     10.43     83.7    3325   267    18.92     18.90      1.02  -999     -.8    3323     0   0   0   4      25.440   -71.244
0059    29.0   679.4     10.47     83.7    3317   267    18.90     18.87      1.04  -999     -.8    3315     0   0   0   4      25.440   -71.244
0060    29.5   680.0     10.52     83.7    3309   267    18.87     18.84      1.06  -999     -.9    3308     0   0   0   4      25.440   -71.244
0061    30.0   680.7     10.56     83.6    3301   267    18.84     18.81      1.08  -999     -.9    3300     0   0   0   4      25.440   -71.244
0062    30.5   681.3     10.61     83.5    3294   267    18.80     18.77      1.10  -999     -.8    3292     0   0   0   4      25.440   -71.244
0063    31.0   681.9     10.65     83.5    3286   267    18.76     18.73      1.11     5     -.8    3284     0   0   0   0      25.440   -71.244
0064    31.5   682.5     10.70     83.5    3278   267    18.72     18.69      1.12     5     -.8    3277     0   0   0   0      25.440   -71.244
0065    32.0   683.2     10.75     83.5    3271   267    18.69     18.66      1.12     5     -.7    3269     0   0   0   3      25.440   -71.244
0066    32.5   683.8     10.80     83.4    3263   267    18.67     18.64      1.11     5     -.7    3261     0   0   0   0      25.440   -71.244
0067    33.0   684.4     10.85     83.3    3255   267    18.65     18.62      1.08     5     -.7    3254     0   0   0   0      25.440   -71.243
0068    33.5   685.0     10.90     83.1    3248   267    18.62     18.59      1.03     5     -.7    3246     0   0   0   0      25.440   -71.243
0069    34.0   685.7     10.95     82.8    3240   267    18.57     18.55       .97     5     -.8    3238     0   0   0   0      25.440   -71.243
0070    34.5   686.3     11.01     82.3    3232   267    18.50     18.48       .90     5     -.8    3231     0   0   0   3      25.440   -71.243
0071    35.0   686.9     11.06     81.8    3225   267    18.40     18.39       .84     5     -.9    3223     0   0   0   0      25.440   -71.243
0072    35.5   687.6     11.11     81.3    3217   267    18.28     18.26       .81     6     -.9    3215     0   0   0   0      25.440   -71.243
0073    36.0   688.2     11.16     80.9    3209   267    18.13     18.12       .81     6    -1.0    3208     0   0   0   0      25.440   -71.243
0074    36.5   688.8     11.21     80.7    3201   267    17.99     17.97       .85     6    -1.0    3200     0   0   0   0      25.440   -71.243
0075    37.0   689.5     11.25     80.6    3194   267    17.87     17.84       .92     6    -1.0    3192     0   0   0   0      25.440   -71.243
0076    37.5   690.1     11.28     80.8    3186   267    17.78     17.75      1.01     6    -1.0    3184     0   0   0   0      25.440   -71.243
0077    38.0   690.8     11.32     81.0    3178   266    17.72     17.69      1.09     5    -1.0    3176     0   0   0   0      25.440   -71.243
0078    38.5   691.4     11.35     81.3    3170   266    17.70     17.66      1.14     6    -1.0    3169     0   0   0   0      25.440   -71.242
0079    39.0   692.0     11.38     81.7    3162   266    17.69     17.65      1.15     6    -1.0    3161     0   0   0   0      25.440   -71.242
0080    39.5   692.7     11.41     82.0    3155   266    17.68     17.65      1.12     6    -1.0    3153     0   0   0   0      25.440   -71.242
0081    40.0   693.3     11.44     82.3    3147   267    17.66     17.63      1.03     5    -1.1    3145     0   0   0   0      25.440   -71.242
0082    40.5   694.0     11.48     82.6    3139   267    17.62     17.60       .92     6    -1.1    3138     0   0   0   0      25.440   -71.242
0083    41.0   694.6     11.52     82.8    3131   267    17.56     17.54       .79     5    -1.1    3130     0   0   0   0      25.440   -71.242
0084    41.5   695.3     11.55     82.9    3124   268    17.50     17.48       .66     6    -1.1    3122     0   0   0   0      25.440   -71.242
0085    42.0   695.9     11.59     83.1    3116   268    17.43     17.42       .56     6    -1.1    3114     0   0   0   0      25.440   -71.242
0086    42.5   696.6     11.63     83.2    3108   268    17.38     17.37       .49     6    -1.1    3106     0   0   0   0      25.440   -71.242
0087    43.0   697.2     11.67     83.2    3100   269    17.35     17.34       .45     6    -1.1    3099     0   0   0   0      25.440   -71.242
0088    43.5   697.8     11.71     83.1    3092   269    17.34     17.33       .44     5    -1.1    3091     0   0   0   0      25.440   -71.242
0089    44.0   698.5     11.74     82.9    3085   269    17.35     17.35       .43     6    -1.1    3083     0   0   0   0      25.440   -71.241
0090    44.5   699.1     11.78     82.7    3077   269    17.39     17.38       .41     6    -1.1    3075     0   0   0   0      25.440   -71.241
0091    45.0   699.8     11.82     82.5    3069   269    17.45     17.44       .38     6    -1.1    3067     0   0   0   0      25.440   -71.241
0092    45.5   700.4     11.85     82.4    3061   269    17.52     17.52       .32     6    -1.2    3060     0   0   0   0      25.440   -71.241
0093    46.0   701.1     11.89     82.5    3054   269    17.62     17.62       .22     6    -1.2    3052     0   0   0   0      25.440   -71.241
0094    46.5   701.7     11.92     82.7    3046   270    17.74     17.74       .08     6    -1.2    3044     0   0   0   0      25.440   -71.241
0095    47.0   702.4     11.94     83.2    3038   270    17.88     17.88      -.09     6    -1.1    3036     0   0   0   0      25.440   -71.241
0096    47.5   703.1     11.96     83.8    3030   271    18.02     18.02      -.29     6    -1.1    3028     0   0   0   0      25.440   -71.241
0097    48.0   703.7     11.97     84.4    3022   272    18.16     18.15      -.49     6    -1.1    3021     0   0   0   0      25.440   -71.241
0098    48.5   704.3     11.98     85.1    3015   272    18.27     18.26      -.70     6    -1.1    3013     0   0   0   0      25.440   -71.241
0099    49.0   705.0     11.98     85.7    3007   273    18.35     18.33      -.89     6    -1.1    3005     0   0   0   0      25.440   -71.241
0100    49.5   705.6     11.98     86.1    2999   273    18.40     18.37     -1.06     6    -1.2    2998     0   0   0   0      25.440   -71.241
0101    50.0   706.3     11.99     86.4    2992   274    18.42     18.38     -1.22     6    -1.2    2990     0   0   0   0      25.440   -71.240
0102    50.5   706.9     12.00     86.5    2984   274    18.42     18.37     -1.35     6    -1.3    2982     0   0   0   0      25.440   -71.240
0103    51.0   707.6     12.02     86.6    2976   275    18.42     18.36     -1.48     6    -1.4    2974     0   0   0   0      25.440   -71.240
0104    51.5   708.3     12.04     86.7    2968   275    18.44     18.37     -1.61     6    -1.4    2966     0   0   0   0      25.440   -71.240
0105    52.0   709.0     12.07     86.9    2960   275    18.47     18.39     -1.74     6    -1.4    2958     0   0   0   0      25.440   -71.240
0106    52.5   709.6     12.10     87.1    2952   276    18.52     18.42     -1.89     6    -1.4    2950     0   0   0   3      25.440   -71.240
0107    53.0   710.3     12.14     87.4    2944   276    18.58     18.47     -2.03     6    -1.3    2942     0   0   0   0      25.440   -71.240
0108    53.5   711.0     12.17     87.9    2936   277    18.64     18.51     -2.17     6    -1.2    2935     0   0   0   0      25.440   -71.240
0109    54.0   711.6     12.19     88.3    2928   277    18.69     18.55     -2.30     6    -1.1    2927     0   0   0   0      25.440   -71.240
0110    54.5   712.3     12.21     88.7    2921   277    18.74     18.58     -2.41     7    -1.1    2919     0   0   0   0      25.440   -71.240
0111    55.0   712.9     12.24     89.1    2913   278    18.78     18.62     -2.48     7    -1.0    2912     0   0   0   0      25.440   -71.239
0112    55.5   713.5     12.26     89.5    2906   278    18.82     18.65     -2.50     7    -1.0    2904     0   0   0   0      25.440   -71.239
0113    56.0   714.2     12.28     89.7    2898   278    18.87     18.71     -2.47     7    -1.1    2896     0   0   0   0      25.440   -71.239
0114    56.5   714.8     12.31     89.9    2890   277    18.93     18.78     -2.38     6    -1.1    2889     0   0   0   0      25.440   -71.239
0115    57.0   715.5     12.35     90.1    2883   277    19.00     18.87     -2.25     7    -1.2    2881     0   0   0   0      25.440   -71.239
0116    57.5   716.2     12.39     90.3    2875   276    19.07     18.96     -2.09     7    -1.3    2873     0   0   0   0      25.440   -71.239
0117    58.0   716.8     12.44     90.4    2867   276    19.13     19.04     -1.90     7    -1.4    2865     0   0   0   0      25.440   -71.239
0118    58.5   717.5     12.49     90.6    2859   275    19.17     19.09     -1.72     7    -1.4    2857     0   0   0   0      25.440   -71.239
0119    59.0   718.2     12.54     90.8    2851   275    19.16     19.10     -1.55     7    -1.5    2850     0   0   0   0      25.440   -71.239
0120    59.5   718.8     12.59     91.0    2843   274    19.12     19.07     -1.41     7    -1.5    2842     0   0   0   0      25.440   -71.239
0121    60.0   719.5     12.64     91.2    2835   274    19.05     19.01     -1.30     7    -1.4    2834     0   0   0   0      25.440   -71.239
0122    60.5   720.2     12.70     91.3    2828   274    18.98     18.94     -1.24     7    -1.4    2826     0   0   0   0      25.440   -71.238
0123    61.0   720.9     12.75     91.4    2820   274    18.92     18.88     -1.20     7    -1.3    2818     0   0   0   0      25.440   -71.238
0124    61.5   721.5     12.80     91.4    2812   274    18.89     18.86     -1.18     7    -1.3    2810     0   0   0   0      25.440   -71.238
0125    62.0   722.2     12.85     91.4    2804   274    18.91     18.88     -1.17     6    -1.3    2803     0   0   0   0      25.440   -71.238
0126    62.5   722.8     12.90     91.3    2797   274    18.97     18.94     -1.16     7    -1.3    2795     0   0   0   0      25.440   -71.238
0127    63.0   723.5     12.95     91.2    2789   273    19.06     19.03     -1.16     7    -1.3    2787     0   0   0   0      25.440   -71.238
0128    63.5   724.2     13.00     91.1    2781   273    19.16     19.13     -1.17     7    -1.4    2779     0   0   0   0      25.440   -71.238
0129    64.0   724.8     13.05     91.1    2773   274    19.26     19.22     -1.18     7    -1.4    2772     0   0   0   0      25.440   -71.238
0130    64.5   725.5     13.10     91.1    2765   274    19.33     19.30     -1.20     7    -1.5    2764     0   0   0   0      25.440   -71.238
0131    65.0   726.2     13.14     91.1    2758   274    19.39     19.35     -1.25     7    -1.6    2756     0   0   0   0      25.440   -71.238
0132    65.5   726.9     13.19     91.0    2750   274    19.42     19.38     -1.31     7    -1.6    2748     0   0   0   0      25.440   -71.238
0133    66.0   727.6     13.24     90.9    2742   274    19.45     19.40     -1.39     7    -1.6    2740     0   0   0   0      25.440   -71.237
0134    66.5   728.3     13.29     90.7    2734   274    19.49     19.43     -1.47     7    -1.6    2732     0   0   0   0      25.440   -71.237
0135    67.0   728.9     13.34     90.5    2726   275    19.53     19.47     -1.54     7    -1.6    2724     0   0   0   0      25.440   -71.237
0136    67.5   729.6     13.39     90.2    2718   275    19.58     19.51     -1.61     7    -1.5    2716     0   0   0   0      25.440   -71.237
0137    68.0   730.3     13.43     89.9    2710   275    19.62     19.56     -1.64     7    -1.4    2708     0   0   0   0      25.440   -71.237
0138    68.5   731.0     13.48     89.7    2702   275    19.66     19.59     -1.64     6    -1.4    2701     0   0   0   0      25.440   -71.237
0139    69.0   731.6     13.52     89.5    2695   275    19.67     19.61     -1.62     6    -1.4    2693     0   0   0   0      25.440   -71.237
0140    69.5   732.3     13.56     89.4    2687   275    19.67     19.61     -1.57     6    -1.4    2685     0   0   0   0      25.440   -71.237
0141    70.0   733.0     13.59     89.4    2679   274    19.65     19.59     -1.52     7    -1.4    2677     0   0   0   0      25.440   -71.237
0142    70.5   733.6     13.62     89.4    2671   274    19.62     19.56     -1.47     7    -1.5    2670     0   0   0   0      25.440   -71.237
0143    71.0   734.3     13.65     89.3    2664   274    19.60     19.54     -1.44     7    -1.5    2662     0   0   0   3      25.440   -71.236
0144    71.5   735.0     13.68     89.2    2656   274    19.60     19.55     -1.44     7    -1.6    2654     0   0   0   0      25.440   -71.236
0145    72.0   735.7     13.72     89.1    2648   274    19.63     19.57     -1.47     7    -1.7    2646     0   0   0   0      25.440   -71.236
0146    72.5   736.4     13.75     88.8    2640   274    19.68     19.62     -1.53     7    -1.7    2638     0   0   0   0      25.440   -71.236
0147    73.0   737.1     13.79     88.6    2632   275    19.75     19.69     -1.60     7    -1.8    2630     0   0   0   0      25.440   -71.236
0148    73.5   737.8     13.82     88.4    2624   275    19.83     19.76     -1.67     7    -1.8    2622     0   0   0   0      25.440   -71.236
0149    74.0   738.5     13.85     88.1    2616   275    19.89     19.81     -1.72     7    -1.8    2614     0   0   0   0      25.440   -71.236
0150    74.5   739.2     13.88     87.9    2608   275    19.92     19.84     -1.74     7    -1.8    2606     0   0   0   0      25.440   -71.236
0151    75.0   739.8     13.92     87.7    2600   275    19.93     19.85     -1.72     7    -1.7    2598     0   0   0   0      25.440   -71.236
0152    75.5   740.5     13.95     87.5    2592   275    19.92     19.85     -1.66     7    -1.7    2590     0   0   0   3      25.440   -71.236
0153    76.0   741.2     13.99     87.3    2584   275    19.90     19.83     -1.59     7    -1.6    2583     0   0   0   0      25.440   -71.235
0154    76.5   741.9     14.03     87.1    2576   274    19.89     19.83     -1.51     7    -1.5    2575     0   0   0   0      25.440   -71.235
0155    77.0   742.6     14.07     86.9    2569   274    19.89     19.84     -1.44     7    -1.4    2567     0   0   0   0      25.440   -71.235
0156    77.5   743.3     14.12     86.8    2561   274    19.92     19.87     -1.40     7    -1.3    2559     0   0   0   0      25.440   -71.235
0157    78.0   744.0     14.17     86.8    2553   274    19.97     19.93     -1.39     7    -1.3    2552     0   0   0   0      25.440   -71.235
0158    78.5   744.6     14.21     86.8    2546   274    20.04     19.99     -1.40     7    -1.3    2544     0   0   0   0      25.440   -71.235
0159    79.0   745.3     14.26     87.0    2538   274    20.12     20.07     -1.41     7    -1.3    2536     0   0   0   3      25.440   -71.235
0160    79.5   745.9     14.30     87.2    2531   274    20.20     20.15     -1.42     7    -1.4    2529     3   3   3   0      25.440   -71.235
0161    80.0   746.6     14.34     87.4    2523   274    20.29     20.24     -1.39     7    -1.5    2521     0   0   0   0      25.440   -71.235
0162    80.5   747.3     14.38     87.4    2515   274    20.39     20.35     -1.32     7    -1.6    2513     0   0   0   0      25.440   -71.235
0163    81.0   748.0     14.42     87.3    2507   273    20.50     20.46     -1.22     7    -1.7    2505     0   0   0   0      25.440   -71.234
0164    81.5   748.7     14.46     87.2    2499   273    20.61     20.58     -1.09     6    -1.8    2497     0   0   0   0      25.440   -71.234
0165    82.0   749.4     14.50     87.0    2491   273    20.73     20.70      -.96     6    -1.8    2489     0   0   0   0      25.440   -71.234
0166    82.5   750.1     14.55     86.9    2483   272    20.84     20.82      -.84     6    -1.8    2481     0   0   0   0      25.440   -71.234
0167    83.0   750.8     14.59     86.9    2475   272    20.94     20.92      -.76     5    -1.8    2473     0   0   0   0      25.440   -71.234
0168    83.5   751.5     14.62     87.1    2467   272    21.01     21.00      -.74     5    -1.7    2466     0   0   0   0      25.440   -71.234
0169    84.0   752.2     14.66     87.4    2459   272    21.07     21.05      -.76     6    -1.6    2458     0   0   0   3      25.440   -71.234
0170    84.5   752.9     14.69     87.9    2452   272    21.09     21.08      -.85     6    -1.6    2450     0   0   0   0      25.440   -71.234
0171    85.0   753.6     14.72     88.4    2444   273    21.10     21.07      -.96     6    -1.6    2442     0   0   0   0      25.440   -71.234
0172    85.5   754.3     14.75     88.9    2436   273    21.07     21.05     -1.10     7    -1.6    2435     0   0   0   0      25.440   -71.234
0173    86.0   755.0     14.78     89.5    2429   273    21.03     20.99     -1.23     7    -1.6    2427     3   3   3   3      25.440   -71.233
0174    86.5   755.7     14.82     89.9    2421   274    20.95     20.90     -1.34     7    -1.7    2419     0   0   0   0      25.440   -71.233
0175    87.0   756.4     14.86     90.4    2413   274    20.83     20.79     -1.40     7    -1.7    2411     0   0   0   0      25.440   -71.233
0176    87.5   757.1     14.90     90.8    2405   274    20.68     20.63     -1.42     7    -1.6    2403     0   0   0   3      25.440   -71.233
0177    88.0   757.8     14.95     91.3    2397   274    20.51     20.46     -1.38     7    -1.6    2395     0   0   0   0      25.440   -71.233
0178    88.5   758.5     14.99     91.7    2389   274    20.32     20.28     -1.32     7    -1.5    2388     0   0   0   0      25.440   -71.233
0179    89.0   759.1     15.04     92.2    2382   274    20.16     20.12     -1.24     7    -1.4    2380     0   0   0   0      25.440   -71.233
0180    89.5   759.8     15.08     92.6    2374   273    20.04     20.01     -1.16     7    -1.3    2372     0   0   0   0      25.440   -71.233
0181    90.0   760.5     15.13     93.0    2367   273    20.00     19.97     -1.11     7    -1.3    2365     0   0   0   0      25.440   -71.233
0182    90.5   761.2     15.17     93.3    2359   273    20.04     20.01     -1.09     7    -1.3    2357     0   0   0   0      25.440   -71.233
0183    91.0   761.8     15.21     93.4    2351   273    20.15     20.12     -1.11     7    -1.3    2350     0   0   0   0      25.440   -71.232
0184    91.5   762.5     15.24     93.5    2344   273    20.32     20.28     -1.16     6    -1.3    2342     0   0   0   0      25.440   -71.232
0185    92.0   763.2     15.27     93.5    2336   273    20.49     20.46     -1.22     6    -1.3    2335     3   3   3   0      25.440   -71.232
0186    92.5   763.9     15.30     93.4    2329   274    20.64     20.61     -1.27     7    -1.3    2327     0   0   0   0      25.440   -71.232
0187    93.0   764.6     15.33     93.4    2321   274    20.73     20.69     -1.30     7    -1.3    2319     0   0   0   0      25.440   -71.232
0188    93.5   765.3     15.36     93.4    2313   274    20.75     20.71     -1.30     6    -1.3    2312     0   0   0   0      25.440   -71.232
0189    94.0   766.0     15.39     93.5    2306   273    20.69     20.66     -1.26     5    -1.3    2304     0   0   0   0      25.440   -71.232
0190    94.5   766.6     15.42     93.6    2298   273    20.60     20.56     -1.18     5    -1.3    2296     0   0   0   0      25.440   -71.232
0191    95.0   767.3     15.45     93.7    2290   273    20.50     20.47     -1.10     6    -1.2    2289     0   0   0   0      25.440   -71.232
0192    95.5   768.0     15.48     93.7    2283   273    20.43     20.41     -1.01     6    -1.2    2281     0   0   0   0      25.440   -71.232
0193    96.0   768.7     15.52     93.8    2276   273    20.42     20.40      -.93     6    -1.3    2274     0   0   0   0      25.440   -71.231
0194    96.5   769.3     15.55     93.8    2268   272    20.47     20.46      -.87     6    -1.3    2266     0   0   0   0      25.440   -71.231
0195    97.0   770.0     15.59     93.8    2260   272    20.57     20.56      -.82     6    -1.3    2259     0   0   0   0      25.440   -71.231
0196    97.5   770.7     15.63     93.8    2253   272    20.69     20.68      -.78     6    -1.4    2251     0   0   0   0      25.440   -71.231
0197    98.0   771.4     15.67     93.8    2245   272    20.80     20.78      -.73     6    -1.4    2243     0   0   0   0      25.440   -71.231
0198    98.5   772.1     15.70     93.8    2237   272    20.86     20.85      -.67     6    -1.4    2236     0   0   0   0      25.440   -71.231
0199    99.0   772.8     15.73     93.8    2230   272    20.87     20.86      -.57     6    -1.4    2228     0   0   0   0      25.440   -71.231
0200    99.5   773.5     15.77     93.8    2222   271    20.84     20.83      -.46     6    -1.4    2220     0   0   0   0      25.440   -71.231
0201   100.0   774.2     15.80     93.8    2215   271    20.77     20.77      -.34     6    -1.4    2213     0   0   0   0      25.440   -71.231
0202   100.5   774.9     15.83     93.7    2207   271    20.71     20.71      -.23     5    -1.4    2205     0   0   0   0      25.440   -71.230
0203   101.0   775.6     15.87     93.6    2199   270    20.67     20.67      -.14     6    -1.3    2198     0   0   0   0      25.440   -71.230
0204   101.5   776.2     15.92     93.3    2192   270    20.67     20.67      -.10     5    -1.3    2190     0   0   0   0      25.440   -71.230
0205   102.0   776.9     15.96     93.0    2184   270    20.71     20.71      -.10     6    -1.4    2183     0   0   0   0      25.440   -71.230
0206   102.5   777.6     16.02     92.7    2177   270    20.78     20.78      -.13     6    -1.4    2175     0   0   0   0      25.440   -71.230
0207   103.0   778.3     16.07     92.4    2169   270    20.87     20.86      -.17     6    -1.4    2167     0   0   0   0      25.440   -71.230
0208   103.5   779.0     16.13     92.1    2162   271    20.93     20.93      -.21     6    -1.4    2160     0   0   0   0      25.440   -71.230
0209   104.0   779.7     16.18     91.8    2154   271    20.96     20.96      -.23     6    -1.4    2152     0   0   0   0      25.440   -71.230
0210   104.5   780.4     16.24     91.7    2146   271    20.94     20.94      -.20     6    -1.4    2144     0   0   0   0      25.440   -71.230
0211   105.0   781.1     16.29     91.6    2139   270    20.89     20.89      -.12     6    -1.4    2137     0   0   0   0      25.440   -71.230
0212   105.5   781.8     16.34     91.6    2131   270    20.83     20.83      -.01     6    -1.3    2129     0   0   0   0      25.440   -71.229
0213   106.0   782.5     16.38     91.7    2123   270    20.77     20.77       .11     5    -1.2    2122     0   0   0   0      25.440   -71.229
0214   106.5   783.2     16.42     91.6    2116   269    20.74     20.74       .24     5    -1.0    2114     0   0   0   3      25.440   -71.229
0215   107.0   783.8     16.46     91.5    2109   269    20.76     20.75       .34     5     -.9    2107     0   0   0   0      25.440   -71.229
0216   107.5   784.5     16.49     91.4    2101   269    20.81     20.80       .41     5     -.9    2100     0   0   0   0      25.440   -71.229
0217   108.0   785.2     16.53     91.2    2094   269    20.88     20.88       .44     5     -.9    2093     0   0   0   0      25.440   -71.229
0218   108.5   785.8     16.57     91.0    2087   269    20.96     20.96       .45     6     -.9    2085     0   0   0   0      25.440   -71.229
0219   109.0   786.5     16.61     90.9    2080   269    21.02     21.02       .44     5    -1.0    2078     0   0   0   0      25.440   -71.229
0220   109.5   787.2     16.65     90.8    2072   269    21.05     21.04       .45     6    -1.1    2071     0   0   0   0      25.440   -71.229
0221   110.0   787.9     16.70     90.8    2065   269    21.04     21.04       .47     6    -1.2    2063     3   3   3   0      25.440   -71.228
0222   110.5   788.6     16.74     90.8    2057   269    21.01     21.00       .53     7    -1.3    2056     0   0   0   0      25.440   -71.228
0223   111.0   789.3     16.78     90.8    2050   268    20.98     20.97       .63     7    -1.4    2048     0   0   0   0      25.440   -71.228
0224   111.5   790.0     16.83     90.9    2042   268    20.96     20.94       .75     7    -1.4    2041     0   0   0   0      25.440   -71.228
0225   112.0   790.7     16.87     90.9    2035   268    20.97     20.95       .88     7    -1.5    2033     0   0   0   0      25.440   -71.228
0226   112.5   791.4     16.91     90.8    2027   267    21.02     21.00      1.02     7    -1.4    2025     0   0   0   0      25.440   -71.228
0227   113.0   792.1     16.95     90.7    2019   267    21.10     21.07      1.16     6    -1.4    2018     0   0   0   0      25.440   -71.228
0228   113.5   792.8     16.99     90.7    2012   267    21.20     21.16      1.28     6    -1.3    2010     0   0   0   3      25.440   -71.228
0229   114.0   793.5     17.03     90.6    2004   266    21.29     21.25      1.39     6    -1.3    2003     0   0   0   0      25.440   -71.228
0230   114.5   794.1     17.07     90.6    1997   266    21.36     21.31      1.46     7    -1.2    1995     0   0   0   0      25.440   -71.228
0231   115.0   794.8     17.10     90.7    1990   266    21.39     21.33      1.51     7    -1.2    1988     0   0   0   0      25.440   -71.227
0232   115.5   795.5     17.14     90.8    1982   266    21.37     21.32      1.54     7    -1.1    1980     0   0   0   0      25.440   -71.227
0233   116.0   796.2     17.17     90.9    1975   266    21.31     21.26      1.54     7    -1.1    1973     0   0   0   0      25.440   -71.227
0234   116.5   796.9     17.20     91.1    1967   266    21.23     21.18      1.54     7    -1.1    1966     0   0   0   0      25.440   -71.227
0235   117.0   797.6     17.22     91.3    1960   266    21.15     21.09      1.54     7    -1.2    1958     0   0   0   0      25.440   -71.227
0236   117.5   798.3     17.25     91.5    1953   266    21.08     21.02      1.54     7    -1.2    1951     0   0   0   0      25.440   -71.227
0237   118.0   799.0     17.27     91.7    1945   266    21.03     20.97      1.55     7    -1.2    1944     0   0   0   0      25.440   -71.227
0238   118.5   799.6     17.29     91.9    1938   266    20.99     20.93      1.57     7    -1.3    1936     0   0   0   0      25.440   -71.227
0239   119.0   800.3     17.30     92.1    1930   266    20.97     20.91      1.60     7    -1.3    1929     0   0   0   3      25.440   -71.227
0240   119.5   801.0     17.32     92.3    1923   266    20.93     20.87      1.64     7    -1.3    1921     0   0   0   0      25.440   -71.226
0241   120.0   801.7     17.34     92.5    1915   265    20.87     20.80      1.70     7    -1.2    1914     0   0   0   0      25.440   -71.226
0242   120.5   802.4     17.36     92.7    1908   265    20.79     20.71      1.77     7    -1.2    1906     0   0   0   0      25.440   -71.226
0243   121.0   803.1     17.38     92.8    1900   265    20.68     20.60      1.85     7    -1.1    1899     0   0   0   0      25.440   -71.226
0244   121.5   803.8     17.40     92.9    1893   265    20.56     20.47      1.94     7    -1.1    1891     3   3   3   0      25.440   -71.226
0245   122.0   804.5     17.42     93.0    1886   264    20.45     20.35      2.04     7    -1.0    1884     0   0   0   0      25.440   -71.226
0246   122.5   805.2     17.45     93.1    1879   264    20.36     20.25      2.14     7    -1.0    1877     0   0   0   0      25.440   -71.226
0247   123.0   805.9     17.47     93.2    1871   264    20.31     20.18      2.23     7    -1.0    1870     0   0   0   0      25.440   -71.226
0248   123.5   806.5     17.50     93.3    1864   263    20.28     20.15      2.31     7    -1.0    1862     0   0   0   0      25.440   -71.226
0249   124.0   807.2     17.53     93.4    1857   263    20.29     20.15      2.37     7    -1.0    1855     0   0   0   0      25.440   -71.226
0250   124.5   807.9     17.55     93.6    1850   263    20.31     20.17      2.41     7    -1.0    1848     0   0   0   0      25.440   -71.225
0251   125.0   808.6     17.58     93.8    1842   263    20.34     20.19      2.45     7    -1.1    1841     0   0   0   0      25.440   -71.225
0252   125.5   809.3     17.60     94.0    1835   263    20.36     20.21      2.48     7    -1.1    1833     0   0   0   0      25.440   -71.225
0253   126.0   810.0     17.62     94.3    1828   263    20.37     20.22      2.51     7    -1.2    1826     0   0   0   0      25.440   -71.225
0254   126.5   810.7     17.65     94.5    1820   263    20.38     20.22      2.56     7    -1.2    1818     0   0   0   0      25.440   -71.225
0255   127.0   811.4     17.67     94.7    1813   263    20.38     20.21      2.63     7    -1.2    1811     0   0   0   0      25.440   -71.225
0256   127.5   812.1     17.70     94.9    1805   262    20.39     20.21      2.71     7    -1.2    1804     0   0   0   0      25.440   -71.225
0257   128.0   812.8     17.73     95.1    1798   262    20.39     20.20      2.79     7    -1.1    1796     0   0   0   0      25.440   -71.225
0258   128.5   813.5     17.76     95.2    1790   262    20.40     20.20      2.87     7    -1.1    1789     0   0   0   0      25.440   -71.225
0259   129.0   814.2     17.79     95.4    1783   262    20.40     20.19      2.95     7    -1.0    1781     0   0   0   0      25.440   -71.225
0260   129.5   814.9     17.83     95.5    1776   262    20.39     20.17      3.01     7     -.9    1774     0   0   0   0      25.440   -71.224
0261   130.0   815.5     17.86     95.7    1769   261    20.36     20.13      3.07     7     -.8    1767     0   0   0   0      25.440   -71.224
0262   130.5   816.2     17.90     95.9    1762   261    20.31     20.07      3.12     7     -.8    1760     0   0   0   0      25.440   -71.224
0263   131.0   816.9     17.93     96.0    1755   261    20.24     19.99      3.16     7     -.8    1753     0   0   0   3      25.440   -71.224
0264   131.5   817.6     17.97     96.1    1748   261    20.15     19.90      3.19     7     -.8    1746     0   0   0   0      25.440   -71.224
0265   132.0   818.2     18.00     96.2    1740   261    20.06     19.80      3.21     7     -.9    1739     0   0   0   0      25.440   -71.224
0266   132.5   818.9     18.04     96.3    1733   261    19.96     19.70      3.21     7    -1.0    1732     0   0   0   0      25.440   -71.224
0267   133.0   819.6     18.07     96.3    1726   261    19.87     19.61      3.19     7    -1.0    1724     0   0   0   0      25.440   -71.224
0268   133.5   820.3     18.11     96.3    1719   261    19.79     19.53      3.16     7    -1.1    1717     0   0   0   0      25.440   -71.224
0269   134.0   821.0     18.16     96.2    1711   261    19.73     19.48      3.13     7    -1.1    1710     0   0   0   0      25.440   -71.224
0270   134.5   821.7     18.20     96.2    1704   261    19.70     19.46      3.11     7    -1.1    1702     0   0   0   0      25.440   -71.223
0271   135.0   822.4     18.24     96.1    1697   261    19.71     19.46      3.11     7    -1.0    1695     0   0   0   0      25.440   -71.223
0272   135.5   823.1     18.28     96.0    1689   261    19.74     19.49      3.13     7    -1.0    1688     0   0   0   0      25.440   -71.223
0273   136.0   823.8     18.33     96.0    1682   261    19.79     19.53      3.16     7     -.9    1680     0   0   0   0      25.440   -71.223
0274   136.5   824.5     18.37     95.9    1675   261    19.84     19.58      3.18     7     -.9    1673     0   0   0   0      25.440   -71.223
0275   137.0   825.1     18.41     95.9    1668   261    19.87     19.62      3.19     7     -.8    1666     0   0   0   0      25.440   -71.223
0276   137.5   825.8     18.44     95.9    1661   261    19.88     19.63      3.18     7     -.8    1659     0   0   0   0      25.440   -71.223
0277   138.0   826.5     18.48     95.9    1654   261    19.86     19.61      3.15     7     -.9    1652     0   0   0   0      25.440   -71.223
0278   138.5   827.2     18.52     95.8    1647   261    19.81     19.57      3.12     7     -.9    1645     0   0   0   0      25.440   -71.223
0279   139.0   827.9     18.56     95.8    1640   261    19.75     19.51      3.11     7    -1.0    1638     0   0   0   0      25.440   -71.223
0280   139.5   828.6     18.60     95.8    1632   261    19.70     19.45      3.13     7    -1.0    1631     0   0   0   0      25.440   -71.222
0281   140.0   829.3     18.64     95.7    1625   261    19.68     19.41      3.19     7    -1.1    1623     0   0   0   0      25.440   -71.222
0282   140.5   830.0     18.68     95.7    1618   260    19.70     19.42      3.29     7    -1.1    1616     0   0   0   0      25.440   -71.222
0283   141.0   830.7     18.72     95.6    1610   260    19.77     19.47      3.42     7    -1.2    1609     0   0   0   0      25.440   -71.222
0284   141.5   831.4     18.75     95.6    1603   260    19.89     19.57      3.55     6    -1.2    1601     0   0   0   0      25.440   -71.222
0285   142.0   832.1     18.79     95.5    1596   259    20.04     19.70      3.66     6    -1.1    1594     0   0   0   0      25.440   -71.222
0286   142.5   832.8     18.82     95.4    1588   259    20.21     19.86      3.73     7    -1.1    1587     0   0   0   0      25.440   -71.222
0287   143.0   833.5     18.85     95.3    1581   259    20.37     20.02      3.76     7    -1.1    1580     0   0   0   0      25.440   -71.222
0288   143.5   834.2     18.88     95.2    1574   259    20.51     20.17      3.75     7    -1.0    1572     0   0   0   0      25.440   -71.222
0289   144.0   834.9     18.91     95.1    1567   260    20.62     20.28      3.71     7    -1.0    1565     0   0   0   0      25.440   -71.222
0290   144.5   835.6     18.95     95.1    1560   260    20.70     20.37      3.67     7     -.9    1558     0   0   0   0      25.440   -71.221
0291   145.0   836.3     18.98     95.0    1553   260    20.74     20.41      3.64     7     -.9    1551     0   0   0   0      25.440   -71.221
0292   145.5   837.0     19.01     95.0    1545   260    20.75     20.43      3.62     7     -.9    1544     0   0   0   0      25.440   -71.221
0293   146.0   837.6     19.05     94.9    1538   260    20.74     20.42      3.63     7     -.9    1537     0   0   0   0      25.440   -71.221
0294   146.5   838.3     19.08     94.9    1531   260    20.73     20.41      3.65     7     -.9    1529     0   0   0   0      25.440   -71.221
0295   147.0   839.0     19.11     94.8    1524   260    20.74     20.41      3.68     7     -.9    1522     0   0   0   0      25.440   -71.221
0296   147.5   839.7     19.14     94.7    1517   260    20.77     20.44      3.71     7     -.9    1515     0   0   0   0      25.440   -71.221
0297   148.0   840.4     19.17     94.6    1510   260    20.84     20.50      3.74     7     -.9    1508     0   0   0   0      25.440   -71.221
0298   148.5   841.1     19.19     94.5    1503   260    20.95     20.61      3.79     7     -.9    1501     0   0   0   0      25.441   -71.221
0299   149.0   841.8     19.22     94.4    1496   259    21.10     20.75      3.85     7     -.9    1494     0   0   0   0      25.441   -71.221
0300   149.5   842.5     19.25     94.3    1488   259    21.26     20.89      3.95     7     -.9    1487     0   0   0   0      25.441   -71.220
0301   150.0   843.2     19.28     94.3    1481   259    21.42     21.03      4.08     7    -1.0    1480     0   0   0   0      25.441   -71.220
0302   150.5   843.9     19.30     94.4    1474   259    21.56     21.14      4.26     6    -1.0    1473     0   0   0   0      25.441   -71.220
0303   151.0   844.6     19.32     94.5    1467   258    21.66     21.19      4.48     7    -1.1    1465     0   0   0   0      25.441   -71.220
0304   151.5   845.3     19.34     94.7    1460   257    21.72     21.20      4.71     7    -1.1    1458     0   0   0   0      25.441   -71.220
0305   152.0   846.0     19.35     94.9    1453   257    21.72     21.15      4.95     7    -1.2    1451     0   0   0   3      25.441   -71.220
0306   152.5   846.7     19.36     95.1    1445   256    21.68     21.06      5.16     6    -1.2    1444     0   0   0   0      25.441   -71.220
0307   153.0   847.4     19.37     95.3    1438   256    21.62     20.95      5.34     6    -1.3    1436     0   0   0   0      25.441   -71.220
0308   153.5   848.1     19.38     95.5    1431   255    21.55     20.84      5.48     7    -1.3    1429     0   0   0   0      25.441   -71.220
0309   154.0   848.9     19.38     95.6    1423   255    21.48     20.74      5.59     7    -1.2    1422     3   3   3   0      25.441   -71.220
0310   154.5   849.6     19.39     95.7    1416   255    21.43     20.67      5.68     7    -1.2    1414     0   0   0   0      25.441   -71.219
0311   155.0   850.3     19.39     95.8    1409   254    21.41     20.62      5.76     7    -1.1    1407     0   0   0   0      25.441   -71.219
0312   155.5   851.0     19.40     95.9    1402   254    21.41     20.59      5.86     7    -1.0    1400     0   0   0   0      25.441   -71.219
0313   156.0   851.7     19.41     96.0    1395   254    21.43     20.57      5.99     7    -1.0    1393     0   0   0   0      25.441   -71.219
0314   156.5   852.4     19.41     96.1    1388   253    21.45     20.55      6.14     7     -.9    1386     0   0   0   0      25.441   -71.219
0315   157.0   853.1     19.42     96.3    1381   253    21.47     20.53      6.30     7     -.9    1379     0   0   0   0      25.441   -71.219
0316   157.5   853.8     19.43     96.5    1374   253    21.49     20.49      6.46     7     -.9    1372     0   0   0   0      25.441   -71.219
0317   158.0   854.5     19.44     96.7    1367   252    21.49     20.45      6.60     6     -.9    1365     0   0   0   0      25.441   -71.219
0318   158.5   855.1     19.45     96.9    1360   252    21.48     20.41      6.70     6    -1.0    1358     0   0   0   0      25.441   -71.219
0319   159.0   855.9     19.46     97.2    1352   252    21.47     20.37      6.78     7    -1.1    1351     0   0   0   0      25.441   -71.219
0320   159.5   856.6     19.47     97.5    1345   251    21.45     20.33      6.83     7    -1.2    1343     0   0   0   0      25.441   -71.218
0321   160.0   857.3     19.48     97.8    1338   251    21.44     20.31      6.88     7    -1.3    1336     0   0   0   0      25.441   -71.218
0322   160.5   858.0     19.49     98.1    1331   251    21.44     20.29      6.92     7    -1.3    1329     0   0   0   0      25.441   -71.218
0323   161.0   858.7     19.50     98.5    1323   251    21.44     20.27      6.99     7    -1.3    1322     0   0   0   0      25.441   -71.218
0324   161.5   859.5     19.52     98.9    1316   251    21.45     20.25      7.07     6    -1.3    1314     0   0   0   0      25.441   -71.218
0325   162.0   860.2     19.53     99.2    1309   250    21.46     20.23      7.16     7    -1.3    1307     0   0   0   0      25.441   -71.218
0326   162.5   860.9     19.55     99.5    1301   250    21.46     20.20      7.26     7    -1.2    1300     0   0   0   0      25.441   -71.218
0327   163.0   861.6     19.57     99.8    1294   250    21.46     20.16      7.35     6    -1.2    1293     3   3   3   0      25.441   -71.218
0328   163.5   862.3     19.60     99.9    1287   250    21.45     20.12      7.43     6    -1.2    1285     0   0   0   0      25.441   -71.218
0329   164.0   863.0     19.62    100.0    1280   250    21.44     20.10      7.48     7    -1.2    1278     0   0   0   0      25.441   -71.218
0330   164.5   863.8     19.65    100.0    1273   250    21.43     20.08      7.49     7    -1.2    1271     0   0   0   0      25.441   -71.217
0331   165.0   864.5     19.69    100.0    1266   250    21.43     20.08      7.47     7    -1.2    1264     0   0   0   0      25.441   -71.217
0332   165.5   865.2     19.72    100.0    1258   250    21.42     20.10      7.41     6    -1.2    1257     0   0   0   0      25.441   -71.217
0333   166.0   865.9     19.75    100.0    1251   250    21.42     20.14      7.31     7    -1.2    1250     0   0   0   0      25.441   -71.217
0334   166.5   866.6     19.78    100.0    1244   250    21.42     20.18      7.17     7    -1.2    1242     0   0   0   0      25.442   -71.217
0335   167.0   867.4     19.81    100.0    1237   251    21.41     20.24      6.99     7    -1.2    1235     0   0   0   0      25.442   -71.217
0336   167.5   868.1     19.84    100.0    1230   251    21.40     20.29      6.81     6    -1.1    1228     0   0   0   0      25.442   -71.217
0337   168.0   868.8     19.87    100.0    1223   252    21.39     20.34      6.63     6    -1.1    1221     0   0   0   0      25.442   -71.217
0338   168.5   869.5     19.90    100.0    1215   252    21.37     20.36      6.49     6    -1.0    1214     0   0   0   0      25.442   -71.217
0339   169.0   870.2     19.93    100.0    1208   253    21.34     20.36      6.37     7    -1.0    1207     0   0   0   0      25.442   -71.217
0340   169.5   870.9     19.96    100.0    1201   253    21.29     20.34      6.30     7    -1.0    1200     0   0   0   0      25.442   -71.216
0341   170.0   871.6     19.99    100.0    1194   253    21.22     20.28      6.24     7    -1.0    1193     0   0   0   0      25.442   -71.216
0342   170.5   872.3     20.02    100.0    1187   253    21.14     20.22      6.17     7    -1.1    1186     0   0   0   0      25.442   -71.216
0343   171.0   873.0     20.05    100.0    1180   253    21.04     20.15      6.06     7    -1.1    1179     0   0   0   0      25.442   -71.216
0344   171.5   873.8     20.08    100.0    1173   254    20.96     20.12      5.89     7    -1.1    1171     0   0   0   0      25.442   -71.216
0345   172.0   874.5     20.10    100.0    1166   254    20.92     20.13      5.66     6    -1.1    1164     0   0   0   0      25.442   -71.216
0346   172.5   875.2     20.13    100.0    1159   255    20.91     20.21      5.37     6    -1.1    1157     0   0   0   0      25.442   -71.216
0347   173.0   875.9     20.16    100.0    1152   256    20.96     20.34      5.06     6    -1.1    1150     0   0   0   0      25.442   -71.216
0348   173.5   876.6     20.18    100.0    1145   257    21.06     20.51      4.76     6    -1.0    1143     0   0   0   0      25.442   -71.216
0349   174.0   877.4     20.21    100.0    1137   258    21.18     20.70      4.50     6     -.9    1136     0   0   0   0      25.442   -71.216
0350   174.5   878.1     20.24    100.0    1130   258    21.30     20.86      4.33     6     -.9    1129     0   0   0   0      25.442   -71.215
0351   175.0   878.8     20.26    100.0    1124   259    21.39     20.97      4.23     6     -.8    1122     0   0   0   0      25.442   -71.215
0352   175.5   879.5     20.29    100.0    1117   259    21.44     21.03      4.20     7     -.8    1115     0   0   0   0      25.442   -71.215
0353   176.0   880.1     20.32    100.0    1110   259    21.45     21.03      4.22     7     -.7    1108     0   0   0   0      25.442   -71.215
0354   176.5   880.8     20.34    100.0    1103   259    21.42     21.00      4.23     7     -.7    1101     0   0   0   0      25.442   -71.215
0355   177.0   881.5     20.37    100.0    1096   259    21.37     20.95      4.21     7     -.7    1094     0   0   0   0      25.442   -71.215
0356   177.5   882.2     20.39    100.0    1089   259    21.33     20.93      4.14     7     -.8    1088     3   3   3   0      25.442   -71.215
0357   178.0   882.9     20.42    100.0    1082   259    21.31     20.93      4.00     7     -.8    1081     0   0   0   0      25.442   -71.215
0358   178.5   883.7     20.45    100.0    1075   260    21.32     20.98      3.79     7     -.8    1074     0   0   0   0      25.442   -71.215
0359   179.0   884.4     20.47    100.0    1068   260    21.35     21.05      3.54     7     -.9    1067     0   0   0   0      25.442   -71.214
0360   179.5   885.1     20.50    100.0    1061   261    21.39     21.14      3.26     7     -.9    1060     0   0   0   0      25.442   -71.214
0361   180.0   885.8     20.53    100.0    1054   262    21.43     21.22      3.00     7     -.9    1053     0   0   0   3      25.442   -71.214
0362   180.5   886.5     20.56    100.0    1047   263    21.48     21.30      2.76     7     -.9    1046     0   0   0   0      25.442   -71.214
0363   181.0   887.2     20.59    100.0    1041   263    21.50     21.35      2.59     7    -1.0    1039     0   0   0   0      25.442   -71.214
0364   181.5   887.9     20.62    100.0    1034   263    21.51     21.37      2.48     7    -1.0    1032     0   0   0   0      25.442   -71.214
0365   182.0   888.6     20.65    100.0    1027   263    21.50     21.36      2.45     7    -1.1    1025     0   0   0   0      25.442   -71.214
0366   182.5   889.3     20.68    100.0    1020   263    21.46     21.31      2.47     7    -1.2    1018     0   0   0   0      25.442   -71.214
0367   183.0   890.1     20.71    100.0    1012   263    21.38     21.23      2.55     7    -1.2    1011     0   0   0   0      25.442   -71.214
0368   183.5   890.8     20.73    100.0    1005   263    21.26     21.09      2.64     7    -1.3    1004     0   0   0   0      25.442   -71.214
0369   184.0   891.5     20.76    100.0     998   263    21.10     20.92      2.73     7    -1.3     996     0   0   0   0      25.442   -71.213
0370   184.5   892.3     20.79    100.0     991   262    20.91     20.72      2.80     7    -1.4     989     0   0   0   0      25.442   -71.213
0371   185.0   893.0     20.82    100.0     984   262    20.71     20.51      2.84     7    -1.3     982     0   0   0   0      25.442   -71.213
0372   185.5   893.8     20.85    100.0     976   262    20.52     20.32      2.86     7    -1.3     975     0   0   0   0      25.442   -71.213
0373   186.0   894.5     20.88    100.0     969   262    20.39     20.19      2.84     7    -1.3     968     0   0   0   0      25.442   -71.213
0374   186.5   895.2     20.91    100.0     962   262    20.32     20.12      2.81     7    -1.3     960     0   0   0   0      25.442   -71.213
0375   187.0   896.0     20.94    100.0     955   262    20.32     20.13      2.77     7    -1.3     953     0   0   0   0      25.442   -71.213
0376   187.5   896.7     20.97    100.0     948   262    20.39     20.21      2.73     7    -1.3     946     0   0   0   0      25.442   -71.213
0377   188.0   897.4     21.00    100.0     941   263    20.51     20.34      2.67     7    -1.3     939     0   0   0   0      25.442   -71.213
0378   188.5   898.1     21.03    100.0     934   263    20.65     20.49      2.61     7    -1.4     932     0   0   0   0      25.442   -71.213
0379   189.0   898.9     21.06    100.0     927   263    20.79     20.64      2.54     7    -1.5     925     0   0   0   0      25.442   -71.212
0380   189.5   899.6     21.09    100.0     919   263    20.91     20.76      2.47     7    -1.6     918     0   0   0   0      25.442   -71.212
0381   190.0   900.4     21.13    100.0     912   263    20.99     20.86      2.39     7    -1.6     910     0   0   0   0      25.442   -71.212
0382   190.5   901.2     21.16    100.0     905   264    21.04     20.91      2.31     7    -1.6     903     0   0   0   0      25.442   -71.212
0383   191.0   901.9     21.19    100.0     897   264    21.05     20.93      2.26     7    -1.6     896     0   0   0   0      25.442   -71.212
0384   191.5   902.7     21.22    100.0     890   264    21.04     20.92      2.23     7    -1.6     888     0   0   0   0      25.442   -71.212
0385   192.0   903.4     21.26    100.0     883   264    20.99     20.87      2.23     7    -1.6     881     0   0   0   0      25.442   -71.212
0386   192.5   904.2     21.29    100.0     876   264    20.93     20.81      2.26     6    -1.5     874     0   0   0   0      25.442   -71.212
0387   193.0   904.9     21.32    100.0     869   264    20.85     20.73      2.29     7    -1.5     867     0   0   0   0      25.442   -71.212
0388   193.5   905.7     21.35    100.0     861   264    20.78     20.64      2.32     7    -1.5     860     0   0   0   0      25.442   -71.211
0389   194.0   906.4     21.38    100.0     854   263    20.71     20.57      2.36     7    -1.5     852     0   0   0   0      25.442   -71.211
0390   194.5   907.2     21.41    100.0     847   263    20.67     20.53      2.39     7    -1.5     845     0   0   0   0      25.442   -71.211
0391   195.0   907.9     21.44    100.0     840   263    20.67     20.52      2.43     7    -1.5     838     0   0   0   0      25.442   -71.211
0392   195.5   908.7     21.47    100.0     832   263    20.72     20.57      2.49     7    -1.5     831     0   0   0   0      25.442   -71.211
0393   196.0   909.4     21.50    100.0     825   263    20.81     20.65      2.58     7    -1.5     824     0   0   0   0      25.443   -71.211
0394   196.5   910.2     21.53    100.0     818   263    20.93     20.76      2.68     7    -1.5     816     0   0   0   0      25.443   -71.211
0395   197.0   910.9     21.56    100.0     811   262    21.06     20.88      2.79     7    -1.4     809     0   0   0   0      25.443   -71.211
0396   197.5   911.7     21.59    100.0     804   262    21.17     20.97      2.88     7    -1.4     802     0   0   0   0      25.443   -71.211
0397   198.0   912.4     21.63    100.0     797   262    21.22     21.02      2.91     7    -1.4     795     0   0   0   0      25.443   -71.211
0398   198.5   913.1     21.67    100.0     790   262    21.19     21.00      2.88     7    -1.4     788     0   0   0   0      25.443   -71.210
0399   199.0   913.9     21.71    100.0     782   262    21.09     20.91      2.75     7    -1.4     781     0   0   0   0      25.443   -71.210
0400   199.5   914.6     21.75    100.0     775   263    20.91     20.75      2.56     7    -1.4     774     0   0   0   0      25.443   -71.210
0401   200.0   915.4     21.79    100.0     768   264    20.69     20.56      2.32     7    -1.4     766     0   0   0   0      25.443   -71.210
0402   200.5   916.1     21.83    100.0     761   264    20.45     20.34      2.10     7    -1.4     759     0   0   0   0      25.443   -71.210
0403   201.0   916.9     21.87    100.0     754   265    20.22     20.13      1.92     7    -1.4     752     0   0   0   0      25.443   -71.210
0404   201.5   917.6     21.90    100.0     747   265    20.04     19.95      1.83     7    -1.4     745     0   0   0   0      25.443   -71.210
0405   202.0   918.4     21.94    100.0     740   265    19.90     19.81      1.86     6    -1.4     738     0   0   0   0      25.443   -71.210
0406   202.5   919.1     21.97    100.0     733   264    19.83     19.73      1.99     7    -1.4     731     0   0   0   0      25.443   -71.210
0407   203.0   919.9     22.00    100.0     725   264    19.81     19.69      2.19     7    -1.4     724     0   0   0   0      25.443   -71.210
0408   203.5   920.6     22.03    100.0     718   263    19.83     19.68      2.43     7    -1.3     717     0   0   0   0      25.443   -71.209
0409   204.0   921.4     22.06    100.0     711   262    19.89     19.71      2.63     7    -1.3     710     0   0   0   0      25.443   -71.209
0410   204.5   922.1     22.09    100.0     704   262    19.95     19.75      2.78     7    -1.2     703     0   0   0   0      25.443   -71.209
0411   205.0   922.9     22.11    100.0     697   262    20.01     19.81      2.83     7    -1.2     696     0   0   0   0      25.443   -71.209
0412   205.5   923.6     22.13    100.0     690   262    20.06     19.87      2.80     7    -1.1     689     0   0   0   0      25.443   -71.209
0413   206.0   924.3     22.15    100.0     683   262    20.11     19.93      2.70     6    -1.0     682     0   0   0   0      25.443   -71.209
0414   206.5   925.0     22.16    100.0     676   263    20.16     20.00      2.56     6     -.9     675     0   0   0   0      25.443   -71.209
0415   207.0   925.8     22.17    100.0     670   263    20.22     20.07      2.43     6     -.8     668     0   0   0   0      25.443   -71.209
0416   207.5   926.5     22.18    100.0     663   263    20.30     20.16      2.33     6     -.8     661     0   0   0   0      25.443   -71.209
0417   208.0   927.2     22.19    100.0     656   264    20.39     20.26      2.28     6     -.8     655     0   0   0   0      25.443   -71.209
0418   208.5   927.9     22.20    100.0     650   264    20.50     20.37      2.27     6     -.8     648     0   0   0   0      25.443   -71.208
0419   209.0   928.6     22.22    100.0     643   264    20.61     20.48      2.30     6     -.9     641     0   0   0   0      25.443   -71.208
0420   209.5   929.3     22.24    100.0     636   264    20.72     20.59      2.33     6    -1.1     634     0   0   0   0      25.443   -71.208
0421   210.0   930.1     22.26    100.0     629   263    20.81     20.68      2.36     6    -1.2     627     0   0   0   0      25.443   -71.208
0422   210.5   930.8     22.28    100.0     622   264    20.89     20.75      2.35     6    -1.4     620     0   0   0   0      25.443   -71.208
0423   211.0   931.6     22.30    100.0     615   264    20.95     20.82      2.31     6    -1.5     613     0   0   0   0      25.443   -71.208
0424   211.5   932.4     22.33    100.0     608   264    21.02     20.90      2.23     6    -1.6     606     0   0   0   0      25.443   -71.208
0425   212.0   933.1     22.35    100.0     600   264    21.13     21.03      2.10     6    -1.7     599     0   0   0   0      25.443   -71.208
0426   212.5   933.9     22.38    100.0     593   265    21.30     21.21      1.93     5    -1.7     591     0   0   0   0      25.443   -71.208
0427   213.0   934.7     22.40    100.0     586   265    21.54     21.47      1.72     6    -1.7     584     0   0   0   0      25.443   -71.207
0428   213.5   935.4     22.43    100.0     579   266    21.85     21.80      1.47     6    -1.7     577     0   0   0   0      25.443   -71.207
0429   214.0   936.2     22.46    100.0     572   267    22.23     22.19      1.22     6    -1.7     570     0   0   0   0      25.443   -71.207
0430   214.5   937.0     22.49    100.0     564   267    22.62     22.60       .99     6    -1.7     563     0   0   0   0      25.443   -71.207
0431   215.0   937.7     22.52    100.0     557   268    22.98     22.97       .84     6    -1.7     556     0   0   0   0      25.443   -71.207
0432   215.5   938.5     22.56    100.0     550   268    23.27     23.25       .81     6    -1.8     548     0   0   0   0      25.443   -71.207
0433   216.0   939.3     22.59    100.0     543   268    23.44     23.42       .93     6    -1.8     541     0   0   0   0      25.443   -71.207
0434   216.5   940.1     22.62    100.0     536   267    23.50     23.47      1.21     6    -1.8     534     0   0   0   0      25.443   -71.207
0435   217.0   940.9     22.65    100.0     528   266    23.48     23.42      1.63     6    -1.8     527     0   0   0   0      25.443   -71.207
0436   217.5   941.6     22.68    100.0     521   265    23.41     23.31      2.14     5    -1.8     519     0   0   0   0      25.443   -71.206
0437   218.0   942.4     22.71    100.0     514   263    23.35     23.20      2.65     5    -1.7     512     0   0   0   0      25.443   -71.206
0438   218.5   943.2     22.74    100.0     506   262    23.33     23.12      3.08     6    -1.7     505     0   0   0   0      25.443   -71.206
0439   219.0   944.0     22.76    100.0     499   262    23.37     23.13      3.38     6    -1.6     498     0   0   0   0      25.443   -71.206
0440   219.5   944.7     22.79    100.0     492   261    23.47     23.21      3.51     6    -1.5     490     0   0   0   0      25.443   -71.206
0441   220.0   945.5     22.82    100.0     485   262    23.61     23.36      3.49     6    -1.4     483     0   0   0   0      25.443   -71.206
0442   220.5   946.2     22.85    100.0     478   262    23.77     23.53      3.35     6    -1.3     477     0   0   0   0      25.443   -71.206
0443   221.0   947.0     22.88    100.0     471   262    23.91     23.70      3.16     6    -1.2     470     0   0   0   0      25.443   -71.206
0444   221.5   947.7     22.91    100.0     464   263    24.01     23.82      2.98     6    -1.1     463     0   0   0   0      25.443   -71.206
0445   222.0   948.5     22.94    100.0     458   263    24.05     23.88      2.86     5    -1.0     456     0   0   0   0      25.443   -71.205
0446   222.5   949.2     22.98    100.0     451   263    24.02     23.85      2.82     6    -1.0     449     0   0   0   0      25.443   -71.205
0447   223.0   949.9     23.01    100.0     444   263    23.93     23.76      2.85     6     -.9     442     0   0   0   0      25.443   -71.205
0448   223.5   950.7     23.04    100.0     437   263    23.81     23.63      2.94     6     -.9     436     0   0   0   0      25.443   -71.205
0449   224.0   951.4     23.08    100.0     431   263    23.66     23.46      3.04     6     -.9     429     0   0   0   0      25.443   -71.205
0450   224.5   952.1     23.11    100.0     424   262    23.51     23.30      3.12     6     -.9     422     0   0   0   0      25.443   -71.205
0451   225.0   952.9     23.14    100.0     417   262    23.38     23.17      3.16     6     -.9     415     0   0   0   0      25.443   -71.205
0452   225.5   953.6     23.17    100.0     410   262    23.29     23.07      3.16     6    -1.0     409     0   0   0   0      25.443   -71.205
0453   226.0   954.3     23.19    100.0     404   262    23.24     23.03      3.13     5    -1.0     402     0   0   0   0      25.443   -71.205
0454   226.5   955.1     23.22    100.0     397   262    23.26     23.05      3.06     5    -1.1     395     0   0   0   0      25.443   -71.204
0455   227.0   955.8     23.24    100.0     390   263    23.33     23.14      2.99     5    -1.1     388     0   0   0   0      25.443   -71.204
0456   227.5   956.6     23.27    100.0     383   263    23.46     23.27      2.92     5    -1.2     381     0   0   0   0      25.443   -71.204
0457   228.0   957.3     23.29    100.0     376   263    23.63     23.46      2.85     5    -1.2     374     0   0   0   0      25.443   -71.204
0458   228.5   958.1     23.31    100.0     369   263    23.83     23.66      2.79     5    -1.2     367     0   0   0   0      25.443   -71.204
0459   229.0   958.8     23.34    100.0     362   263    24.03     23.87      2.74     5    -1.1     360     0   0   0   0      25.443   -71.204
0460   229.5   959.6     23.37    100.0     355   264    24.23     24.07      2.71     5    -1.1     354     3   3   3   0      25.443   -71.204
0461   230.0   960.3     23.40    100.0     348   264    24.40     24.25      2.70     6    -1.1     347     0   0   0   0      25.443   -71.204
0462   230.5   961.1     23.43    100.0     342   264    24.54     24.39      2.73     6    -1.1     340     0   0   0   0      25.443   -71.203
0463   231.0   961.8     23.46    100.0     335   263    24.64     24.48      2.81     6    -1.2     333     0   0   0   3      25.443   -71.203
0464   231.5   962.6     23.49    100.0     328   263    24.71     24.54      2.94     6    -1.3     326     0   0   0   3      25.443   -71.203
0465   232.0   963.3     23.52    100.0     321   263    24.76     24.56      3.12     5    -1.4     320     0   0   0   3      25.443   -71.203
0466   232.5   964.1     23.55    100.0     314   262    24.77     24.54      3.33     5    -1.5     313     0   0   0   0      25.443   -71.203
0467   233.0   964.9     23.57    100.0     307   262    24.76     24.51      3.55     5    -1.6     305     3   3   3   3      25.443   -71.203
0468   233.5   965.7     23.60    100.0     300   261    24.74     24.46      3.74     5    -1.6     298     0   0   0   3      25.443   -71.203
0469   234.0   966.5     23.63    100.0     293   261    24.72     24.41      3.87     5    -1.6     291     0   0   0   0      25.443   -71.203
0470   234.5   967.2     23.66    100.0     286   261    24.70     24.39      3.93     5    -1.5     284     0   0   0   3      25.443   -71.202
0471   235.0   968.0     23.70    100.0     279   261    24.71     24.40      3.91     5    -1.4     277     0   0   0   3      25.443   -71.202
0472   235.5   968.8     23.74    100.0     272   261    24.74     24.44      3.85     5    -1.3     270     0   0   0   3      25.443   -71.202
0473   236.0   969.5     23.78    100.0     265   261    24.79     24.50      3.77     5    -1.2     263     0   0   0   0      25.443   -71.202
0474   236.5   970.3     23.81    100.0     258   261    24.84     24.56      3.72     5    -1.1     256     0   0   0   0      25.443   -71.202
0475   237.0   971.0     23.85    100.0     251   261    24.85     24.57      3.73     5    -1.1     250     0   0   0   0      25.443   -71.202
0476   237.5   971.7     23.89    100.0     245   261    24.80     24.51      3.79     5    -1.1     243     0   0   0   0      25.443   -71.202
0477   238.0   972.5     23.92    100.0     238   261    24.67     24.36      3.89     5    -1.1     236     0   0   0   0      25.444   -71.202
0478   238.5   973.2     23.96    100.0     231   261    24.47     24.14      4.00     5    -1.2     229     0   0   0   0      25.444   -71.201
0479   239.0   974.0     23.99    100.0     224   260    24.23     23.89      4.09     6    -1.2     223     0   0   0   0      25.444   -71.201
0480   239.5   974.8     24.03    100.0     217   260    24.00     23.64      4.12     6    -1.3     216     0   0   0   0      25.444   -71.201
0481   240.0   975.5     24.06    100.0     210   260    23.83     23.47      4.11     6    -1.5     209     0   0   0   0      25.444   -71.201
0482   240.5   976.3     24.10    100.0     204   260    23.76     23.40      4.10     6    -1.6     202     0   0   0   0      25.444   -71.201
0483   241.0   977.1     24.14    100.0     197   260    23.79     23.43      4.13     6    -1.9     195     0   0   0   0      25.444   -71.201
0484   241.5   977.9     24.18    100.0     189   260    23.87     23.49      4.27     6    -2.1     188     0   0   0   0      25.444   -71.201
0485   242.0   978.7     24.22    100.0     182   259    23.96     23.52      4.57     6    -2.3     180     0   0   0   0      25.444   -71.201
0486   242.5   979.5     24.26    100.0     175   258    23.96     23.42      5.05     5    -2.6     173     0   0   0   0      25.444   -71.201
0487   243.0   980.4     24.29    100.0     167   256    23.81     23.12      5.68     6    -2.7     165     0   0   0   0      25.444   -71.200
0488   243.5   981.2     24.32    100.0     159   254    23.50     22.63      6.35     5    -2.7     157     0   0   0   0      25.444   -71.200
0489   244.0   982.1     24.36    100.0     151   252    23.06     21.98      6.96     6    -2.6     150     0   0   0   0      25.444   -71.200
0490   244.5   983.0     24.39    100.0     143   251    22.54     21.29      7.38     6    -2.5     142     0   0   0   0      25.444   -71.200
0491   245.0   983.8     24.42    100.0     136   250    22.01     20.68      7.53     6    -2.3     134     0   0   0   0      25.444   -71.200
0492   245.5   984.6     24.46    100.0     129   250    21.55     20.25      7.38     5    -2.0     127     0   0   0   0      25.444   -71.200
0493   246.0   985.4     24.50    100.0     122   251    21.23     20.05      6.96     6    -1.8     120     0   0   0   0      25.444   -71.200
0494   246.5   986.2     24.54    100.0     115   252    21.09     20.10      6.36     6    -1.7     113     0   0   0   0      25.444   -71.200
0495   247.0   986.9     24.57    100.0     108   254    21.10     20.33      5.67     6    -1.6     106     0   0   0   0      25.444   -71.200
0496   247.5   987.7     24.61    100.0     101   256    21.22     20.62      5.00     6    -1.6      99     0   0   0   0      25.444   -71.200
0497   248.0   988.5     24.64    100.0      94   258    21.34     20.87      4.43     6    -1.7      92     0   0   0   0      25.444   -71.199
0498   248.5   989.3     24.67    100.0      87   259    21.37     20.99      4.04     6    -1.7      85     0   0   0   0      25.444   -71.199
0499   249.0   990.1     24.70    100.0      80   260    21.29     20.94      3.86     6    -1.8      78     0   0   0   0      25.444   -71.199
0500   249.5   990.9     24.73    100.0      73   259    21.12     20.75      3.91     6    -1.8      71     0   0   0   0      25.444   -71.199
0501   250.0   991.7     24.77    100.0      65   259    20.91     20.50      4.12     6    -1.8      64     0   0   0   0      25.444   -71.199
0502   250.5   992.5     24.81    100.0      58   258    20.74     20.27      4.40     6    -1.8      57     0   0   0   3      25.444   -71.199
0503   251.0   993.3     24.86    100.0      51   257    20.64     20.10      4.69     6    -1.7      49     0   0   0   0      25.444   -71.199
0504   251.5   994.1     24.90    100.0      44   256    20.53     19.94      4.87     6    -1.6      42     0   0   0   0      25.444   -71.199
0505   252.0   994.9     24.95    100.0      37   256    20.32     19.72      4.91     6    -1.7      36     0   0   0   0      25.444   -71.199
0506   252.5   995.7     25.00    100.0      30   256    19.98     19.39      4.80     6    -1.6      29     0   0   0   0      25.444   -71.199
0507   253.0   996.5     25.05    100.0      23   256    19.50     18.95      4.63     6    -1.6      22     0   0   0   0      25.444   -71.198
0508   253.5   997.2     25.10    100.0      17   256    19.12     18.57      4.53     6    -1.6      15     0   0   0   0      25.444   -71.198
0509   254.0   998.1     25.15    100.0       9   257    18.96     18.51      4.11     6    -1.7       7     0   0   0   0      25.444   -71.198
