 ===========================================================================
 DROPWINDSONDE PROCESSING RECORD                            Sonde: 981010049
 PDS file written Jun  3, 1999.                             Format:    V4.01
 Aircraft: AFRES C-130                       Date: 980831   Time: 112557 UTC
 ---------------------------------------------------------------------------
 Bias corrections:  PR =    .0 mb  TE =    .0 C  RH =   3.1 %  PRB =   .0 mb
 Filters (LPF):     PTH =   5 s    WIND =   5 s       Hyd anchor =       SFC
 RH T-compensation =  Y     WSHR COR =      Y         Splash PR  =  976.7 mb
 Estimated PR used =  N     GPS VERR =    .19 m/s     HYD SFCP   =  976.7 mb
 Dyn T correction  =  Y     WGACORR  =    2.3 m       AC GA ADJ  =     .0 m
 ---------------------------------------------------------------------------
 COMMENTS: Eye.                                                        
 ===========================================================================

 ===========================================================================
 Date: 980831   Lat:  29.18 N   TA: -999.0 C   PS:  699.0 mb   WD:   142 deg
 Time: 112557   Lon:  74.05 W   TD:    9.7 C   GA:   2898 m    WS:   2.0 m/s
 SID:  981010049                RH: -999.0 %   Navaid:   GP          
 ===========================================================================

IX      t (s)  P (mb)    T (C)    RH (%)  Z (m)   WD    WS (m/s)   U (m/s)   V (m/s)  NS  WZ (m/s)  ZW (m)   FP  FT  FH  FW    LAT (N)   LON (E)
0001      .1   699.6   -999.00   -999.0    -999   144     1.98     -1.15      1.61  -999  -999.0    -999     3   0   0   3      29.180   -74.050
0002      .6   700.2   -999.00   -999.0    -999   147     1.96     -1.07      1.65  -999  -999.0    -999     3   0   0   3      29.180   -74.050
0003     1.1   700.8   -999.00   -999.0    -999   150     1.95      -.98      1.68  -999  -999.0    -999     3   0   0   3      29.180   -74.050
0004     1.6   701.3   -999.00   -999.0    -999   152     1.94      -.90      1.72  -999  -999.0    -999     3   0   0   3      29.180   -74.050
0005     2.1   701.9   -999.00   -999.0    -999   155     1.94      -.82      1.75  -999  -999.0    -999     3   0   0   3      29.180   -74.050
0006     2.6   702.5   -999.00   -999.0    -999   158     1.94      -.74      1.79  -999  -999.0    -999     3   0   0   3      29.180   -74.050
0007     3.1   703.1   -999.00   -999.0    -999   160     1.94      -.65      1.83  -999  -999.0    -999     3   0   0   3      29.180   -74.050
0008     3.6   703.7   -999.00   -999.0    -999   163     1.95      -.57      1.86  -999  -999.0    -999     3   0   0   3      29.180   -74.050
0009     4.1   704.3   -999.00   -999.0    -999   166     1.96      -.49      1.90  -999  -999.0    -999     3   0   0   3      29.180   -74.050
0010     4.6   704.9   -999.00   -999.0    -999   168     1.98      -.40      1.93  -999  -999.0    -999     3   0   0   3      29.180   -74.050
0011     5.1   705.5   -999.00   -999.0    -999   171     2.00      -.32      1.97  -999  -999.0    -999     3   0   0   3      29.180   -74.050
0012     5.6   706.0   -999.00   -999.0    -999   173     2.02      -.24      2.01  -999  -999.0    -999     3   0   0   3      29.180   -74.050
0013     6.1   706.6   -999.00   -999.0    -999   176     2.05      -.15      2.04  -999  -999.0    -999     3   0   0   3      29.180   -74.050
0014     6.6   707.2   -999.00   -999.0    -999   178     2.08      -.07      2.08  -999  -999.0    -999     3   0   0   3      29.180   -74.050
0015     7.1   707.8   -999.00   -999.0    -999   180     2.11       .01      2.11  -999  -999.0    -999     3   0   0   3      29.180   -74.050
0016     7.6   708.4   -999.00   -999.0    -999   183     2.15       .09      2.15  -999  -999.0    -999     3   0   0   3      29.180   -74.050
0017     8.1   709.0   -999.00   -999.0    -999   185     2.19       .18      2.18  -999  -999.0    -999     3   0   0   3      29.180   -74.050
0018     8.6   709.6   -999.00   -999.0    -999   187     2.24       .26      2.22  -999  -999.0    -999     3   0   0   3      29.180   -74.050
0019     9.1   710.1   -999.00   -999.0    -999   189     2.28       .34      2.26  -999  -999.0    -999     3   0   0   3      29.180   -74.050
0020     9.6   710.7   -999.00   -999.0    -999   191     2.33       .43      2.29  -999  -999.0    -999     3   0   0   3      29.180   -74.050
0021    10.1   711.3   -999.00   -999.0    -999   192     2.39       .51      2.33  -999  -999.0    -999     3   0   0   3      29.180   -74.050
0022    10.6   711.9   -999.00   -999.0    -999   194     2.44       .59      2.37  -999  -999.0    -999     3   0   0   3      29.180   -74.050
0023    11.1   712.5   -999.00   -999.0    -999   196     2.49       .68      2.40  -999  -999.0    -999     3   0   0   3      29.180   -74.050
0024    11.6   713.1   -999.00   -999.0    -999   197     2.55       .76      2.43  -999  -999.0    -999     3   0   0   3      29.180   -74.050
0025    12.1   713.7   -999.00   -999.0    -999   199     2.60       .84      2.46  -999  -999.0    -999     3   0   0   3      29.180   -74.050
0026    12.6   714.3   -999.00   -999.0    -999   200     2.67       .93      2.50  -999  -999.0    -999     3   0   0   3      29.180   -74.050
0027    13.1   714.8   -999.00   -999.0    -999   202     2.73      1.01      2.54  -999  -999.0    -999     3   0   0   3      29.180   -74.050
0028    13.6   715.4   -999.00   -999.0    -999   203     2.80      1.10      2.58  -999  -999.0    -999     3   0   0   3      29.180   -74.050
0029    14.1   716.0   -999.00   -999.0    -999   204     2.88      1.18      2.62  -999  -999.0    -999     3   0   0   3      29.180   -74.050
0030    14.6   716.6   -999.00   -999.0    -999   205     2.95      1.25      2.67  -999  -999.0    -999     3   0   0   3      29.180   -74.050
0031    15.1   717.2   -999.00   -999.0    -999   206     3.01      1.32      2.70  -999  -999.0    -999     3   0   0   3      29.180   -74.050
0032    15.6   717.8     16.01   -999.0    2680   207     3.06      1.38      2.73     5  -999.0    2683     0   0   0   0      29.180   -74.050
0033    16.1   718.4     16.03   -999.0    2673   208     3.10      1.44      2.74     5  -999.0    2675     0   0   0   0      29.180   -74.050
0034    16.6   719.1     16.04   -999.0    2665   211     3.21      1.64      2.76     5  -999.0    2667     0   0   0   0      29.180   -74.050
0035    17.1   719.7     16.06   -999.0    2657   211     3.16      1.64      2.70     5  -999.0    2659     0   0   0   0      29.180   -74.050
0036    17.6   720.4     16.08   -999.0    2649   211     3.09      1.60      2.65     5    -1.4    2652     0   0   0   0      29.180   -74.050
0037    18.1   721.1     16.10   -999.0    2641   210     3.03      1.53      2.61     5    -1.5    2644     0   0   0   0      29.180   -74.050
0038    18.6   721.8     16.12     72.8    2633   209     2.97      1.43      2.60     5    -1.5    2636     0   0   0   0      29.180   -74.050
0039    19.1   722.4     16.14     72.7    2625   207     2.91      1.32      2.60     5    -1.5    2628     0   0   0   0      29.180   -74.050
0040    19.6   723.1     16.17     72.2    2617   205     2.87      1.20      2.61     5    -1.5    2620     0   0   0   0      29.180   -74.050
0041    20.1   723.8     16.19     71.7    2609   203     2.84      1.09      2.62     5    -1.5    2612     0   0   0   0      29.180   -74.050
0042    20.6   724.4     16.22     71.2    2602   201     2.80      1.01      2.61     5    -1.5    2604     0   0   0   0      29.180   -74.050
0043    21.1   725.1     16.25     70.6    2594   200     2.76       .96      2.58     5    -1.4    2596     0   0   0   0      29.180   -74.050
0044    21.6   725.8     16.28     70.0    2586   201     2.71       .96      2.54     5    -1.4    2588     0   0   0   0      29.180   -74.050
0045    22.1   726.4     16.31     69.4    2578   201     2.67       .98      2.49     5    -1.3    2580     0   0   0   0      29.180   -74.050
0046    22.6   727.1     16.35     68.6    2570   203     2.66      1.02      2.45     5    -1.3    2573     0   0   0   0      29.180   -74.050
0047    23.1   727.8     16.39     67.8    2563   204     2.66      1.08      2.44     5    -1.3    2565     0   0   0   0      29.180   -74.050
0048    23.6   728.4     16.42     67.1    2555   205     2.71      1.13      2.46     4    -1.3    2557     0   0   0   0      29.180   -74.050
0049    24.1   729.1     16.46     66.4    2547   205     2.79      1.18      2.52     5    -1.3    2549     0   0   0   0      29.181   -74.050
0050    24.6   729.7     16.49     66.1    2539   205     2.89      1.22      2.61     5    -1.3    2542     0   0   0   0      29.181   -74.050
0051    25.1   730.4     16.52     66.0    2532   205     2.99      1.27      2.71     5    -1.4    2534     0   0   0   0      29.181   -74.050
0052    25.6   731.1     16.55     66.3    2524   205     3.10      1.33      2.80     4    -1.4    2526     0   0   0   0      29.181   -74.050
0053    26.1   731.7     16.58     66.8    2516   206     3.18      1.41      2.85     4    -1.5    2518     0   0   0   0      29.181   -74.050
0054    26.6   732.4     16.60     67.5    2508   208     3.24      1.50      2.87     4    -1.5    2510     0   0   0   0      29.181   -74.050
0055    27.1   733.1     16.62     68.2    2500   209     3.26      1.59      2.85     4    -1.5    2502     0   0   0   0      29.181   -74.050
0056    27.6   733.8     16.64     69.0    2492   211     3.27      1.68      2.80     4    -1.4    2494     0   0   0   0      29.181   -74.050
0057    28.1   734.5     16.65     69.9    2484   213     3.25      1.75      2.74     4    -1.4    2487     0   0   0   0      29.181   -74.050
0058    28.6   735.1     16.67     70.7    2477   213     3.22      1.77      2.69     4    -1.3    2479     0   0   0   0      29.181   -74.050
0059    29.1   735.8     16.68     71.5    2469   213     3.20      1.75      2.68     4    -1.3    2471     0   0   0   0      29.181   -74.050
0060    29.6   736.5     16.69     72.3    2461   212     3.18      1.69      2.70     4    -1.2    2463     0   0   0   0      29.181   -74.050
0061    30.1   737.1     16.70     73.0    2454   210     3.18      1.59      2.75     4    -1.2    2456     0   0   0   0      29.181   -74.050
0062    30.6   737.8     16.71     73.7    2446   207     3.19      1.47      2.83     4    -1.1    2448     0   0   0   0      29.181   -74.050
0063    31.1   738.4     16.71     74.3    2438   205     3.22      1.34      2.92     4    -1.1    2441     0   0   0   0      29.181   -74.050
0064    31.6   739.1     16.72     74.8    2431   202     3.24      1.23      2.99     4    -1.1    2433     0   0   0   0      29.181   -74.050
0065    32.1   739.8     16.72     75.2    2423   201     3.24      1.14      3.04     4    -1.1    2425     0   0   0   0      29.181   -74.050
0066    32.6   740.4     16.73     75.5    2415   199     3.21      1.07      3.03     4    -1.0    2418     0   0   0   0      29.181   -74.050
0067    33.1   741.1     16.74     75.7    2408   199     3.14      1.01      2.97     4    -1.0    2410     0   0   0   0      29.181   -74.050
0068    33.6   741.7     16.75     75.8    2400   199     3.03       .98      2.86     4    -1.0    2402     0   0   0   0      29.181   -74.050
0069    34.1   742.4     16.77     75.8    2393   199     2.88       .96      2.71     4     -.9    2395     0   0   0   0      29.181   -74.050
0070    34.6   743.0     16.80     75.7    2385   200     2.71       .94      2.54     4     -.9    2387     0   0   0   0      29.181   -74.050
0071    35.1   743.7     16.82     75.8    2378   201     2.55       .93      2.37     4     -.9    2380     0   0   0   0      29.181   -74.050
0072    35.6   744.3     16.85     75.9    2370   203     2.40       .93      2.21     4     -.9    2372     0   0   0   0      29.181   -74.050
0073    36.1   745.0     16.88     76.2    2363   204     2.29       .95      2.09     4     -.9    2365     0   0   0   0      29.181   -74.050
0074    36.6   745.6     16.91     76.6    2355   206     2.23       .98      2.01     4    -1.0    2358     0   0   0   0      29.181   -74.050
0075    37.1   746.3     16.94     77.1    2348   208     2.22      1.04      1.96     4    -1.0    2350     0   0   0   0      29.181   -74.050
0076    37.6   747.0     16.96     77.7    2340   210     2.25      1.11      1.96     4    -1.1    2342     0   0   0   0      29.181   -74.050
0077    38.1   747.6     16.99     78.3    2333   212     2.32      1.21      1.98     4    -1.2    2335     0   0   0   0      29.181   -74.050
0078    38.6   748.3     17.01     78.8    2325   213     2.41      1.33      2.01     4    -1.2    2327     0   0   0   0      29.181   -74.050
0079    39.1   749.0     17.04     79.3    2317   215     2.51      1.45      2.05     4    -1.2    2319     0   0   0   0      29.181   -74.050
0080    39.6   749.6     17.07     79.7    2309   217     2.61      1.57      2.09     4    -1.2    2312     0   0   0   0      29.181   -74.050
0081    40.1   750.3     17.11     80.1    2302   218     2.71      1.66      2.14     4    -1.2    2304     0   0   0   0      29.181   -74.050
0082    40.6   751.0     17.14     80.4    2294   218     2.80      1.73      2.21     4    -1.1    2296     0   0   0   0      29.181   -74.050
0083    41.1   751.6     17.17     80.8    2287   217     2.89      1.75      2.29     4    -1.1    2289     0   0   0   0      29.181   -74.050
0084    41.6   752.3     17.20     81.2    2279   216     2.97      1.74      2.41     4    -1.1    2281     0   0   0   0      29.181   -74.050
0085    42.1   753.0     17.23     81.7    2272   213     3.07      1.69      2.56     4    -1.1    2274     0   0   0   0      29.181   -74.050
0086    42.6   753.6     17.26     82.1    2264   211     3.16      1.61      2.72     4    -1.1    2266     0   0   0   0      29.181   -74.050
0087    43.1   754.3     17.28     82.4    2256   208     3.26      1.53      2.88     4    -1.1    2259     0   0   0   0      29.181   -74.050
0088    43.6   755.0     17.31     82.5    2249   206     3.35      1.44      3.02     4    -1.1    2251     0   0   0   0      29.181   -74.050
0089    44.1   755.6     17.33     82.5    2241   204     3.40      1.38      3.11     4    -1.2    2243     0   0   0   0      29.181   -74.050
0090    44.6   756.3     17.36     82.1    2234   203     3.40      1.35      3.12     4    -1.2    2236     0   0   0   0      29.181   -74.050
0091    45.1   757.0     17.38     81.7    2226   204     3.35      1.36      3.06     4    -1.1    2228     0   0   0   0      29.181   -74.050
0092    45.6   757.6     17.42     81.1    2218   206     3.23      1.40      2.91     4    -1.1    2221     0   0   0   0      29.181   -74.050
0093    46.1   758.3     17.45     80.4    2211   209     3.07      1.48      2.69     4    -1.1    2213     0   0   0   0      29.181   -74.050
0094    46.6   759.0     17.48     79.9    2203   213     2.90      1.58      2.43     4    -1.0    2206     0   0   0   0      29.181   -74.049
0095    47.1   759.6     17.52     79.5    2196   218     2.74      1.70      2.15     4    -1.0    2198     0   0   0   0      29.181   -74.049
0096    47.6   760.3     17.55     79.2    2188   224     2.62      1.82      1.89     4    -1.0    2191     0   0   0   0      29.181   -74.049
0097    48.1   761.0     17.59     79.1    2181   229     2.56      1.94      1.67     4    -1.0    2183     0   0   0   0      29.181   -74.049
0098    48.6   761.6     17.63     79.1    2173   234     2.56      2.06      1.51     4    -1.0    2176     0   0   0   0      29.181   -74.049
0099    49.1   762.3     17.67     79.1    2166   237     2.59      2.17      1.41     4    -1.0    2168     0   0   0   0      29.181   -74.049
0100    49.6   763.0     17.71     79.0    2158   239     2.64      2.27      1.36     4    -1.0    2161     0   0   0   0      29.181   -74.049
0101    50.1   763.6     17.75     78.9    2151   240     2.69      2.33      1.34     4    -1.0    2153     0   0   0   0      29.181   -74.049
0102    50.6   764.3     17.79     78.7    2144   240     2.72      2.36      1.34     4     -.9    2146     0   0   0   0      29.181   -74.049
0103    51.1   764.9     17.83     78.4    2136   241     2.71      2.36      1.33     4     -.9    2138     0   0   0   0      29.181   -74.049
0104    51.6   765.6     17.87     78.1    2129   241     2.66      2.32      1.30     4     -.9    2131     0   0   0   0      29.181   -74.049
0105    52.1   766.3     17.91     77.9    2121   241     2.57      2.25      1.24     4     -.8    2123     0   0   0   0      29.181   -74.049
0106    52.6   766.9     17.95     77.8    2114   241     2.46      2.16      1.18     4     -.8    2116     0   0   0   0      29.181   -74.049
0107    53.1   767.6     17.99     77.8    2106   242     2.35      2.07      1.11     4     -.8    2109     0   0   0   0      29.181   -74.049
0108    53.6   768.2     18.03     78.0    2099   242     2.25      1.98      1.07     4     -.8    2101     0   0   0   0      29.181   -74.049
0109    54.1   768.9     18.07     78.3    2092   241     2.17      1.89      1.06     4     -.8    2094     0   0   0   0      29.181   -74.049
0110    54.6   769.5     18.10     78.7    2085   239     2.13      1.82      1.10     4     -.8    2087     0   0   0   0      29.181   -74.049
0111    55.1   770.2     18.12     79.2    2077   236     2.10      1.75      1.16     4     -.8    2079     0   0   0   0      29.181   -74.049
0112    55.6   770.9     18.13     79.8    2070   233     2.09      1.68      1.25     4     -.9    2072     0   0   0   0      29.181   -74.049
0113    56.1   771.5     18.14     80.5    2062   230     2.07      1.59      1.33     4     -.9    2065     0   0   0   0      29.181   -74.049
0114    56.6   772.2     18.14     81.2    2055   227     2.04      1.49      1.40     4    -1.0    2057     0   0   0   0      29.181   -74.049
0115    57.1   772.9     18.14     81.8    2048   224     1.98      1.36      1.43     4    -1.0    2050     0   0   0   0      29.181   -74.049
0116    57.6   773.5     18.14     82.4    2040   221     1.88      1.23      1.43     4    -1.1    2042     0   0   0   0      29.181   -74.049
0117    58.1   774.2     18.14     83.0    2033   218     1.77      1.08      1.40     4    -1.1    2035     0   0   0   0      29.181   -74.049
0118    58.6   774.9     18.14     83.5    2025   215     1.65       .95      1.35     4    -1.1    2027     0   0   0   0      29.181   -74.049
0119    59.1   775.6     18.14     83.8    2017   212     1.55       .82      1.32     4    -1.1    2020     0   0   0   0      29.181   -74.049
0120    59.6   776.2     18.15     84.1    2010   209     1.50       .73      1.31     4    -1.1    2012     0   0   0   0      29.181   -74.049
0121    60.1   776.9     18.17     84.3    2003   207     1.50       .68      1.34     4    -1.1    2005     0   0   0   0      29.181   -74.049
0122    60.6   777.6     18.18     84.5    1995   205     1.57       .67      1.42     4    -1.1    1997     0   0   0   0      29.181   -74.049
0123    61.1   778.3     18.21     84.6    1988   205     1.70       .72      1.54     4    -1.1    1990     0   0   0   0      29.181   -74.049
0124    61.6   778.9     18.23     84.7    1980   205     1.87       .80      1.69     4    -1.1    1982     0   0   0   0      29.181   -74.049
0125    62.1   779.6     18.25     84.7    1973   206     2.07       .92      1.86     4    -1.1    1975     0   0   0   0      29.181   -74.049
0126    62.6   780.3     18.28     84.8    1965   207     2.28      1.04      2.02     4    -1.2    1968     0   0   0   0      29.181   -74.049
0127    63.1   781.0     18.31     84.9    1958   208     2.46      1.17      2.17     4    -1.2    1960     0   0   0   0      29.181   -74.049
0128    63.6   781.7     18.33     85.1    1950   209     2.62      1.27      2.28     4    -1.3    1953     0   0   0   0      29.181   -74.049
0129    64.1   782.3     18.35     85.2    1943   210     2.72      1.35      2.36     4    -1.3    1945     0   0   0   0      29.181   -74.049
0130    64.6   783.0     18.38     85.3    1935   210     2.77      1.37      2.40     4    -1.3    1937     0   0   0   0      29.181   -74.049
0131    65.1   783.7     18.40     85.5    1927   210     2.76      1.36      2.40     4    -1.3    1930     0   0   0   0      29.181   -74.049
0132    65.6   784.4     18.42     85.6    1920   209     2.71      1.30      2.37     4    -1.3    1922     0   0   0   0      29.181   -74.049
0133    66.1   785.1     18.43     85.7    1912   208     2.62      1.22      2.32     4    -1.2    1915     0   0   0   0      29.181   -74.049
0134    66.6   785.8     18.45     85.8    1905   206     2.53      1.12      2.27     4    -1.2    1907     0   0   0   0      29.181   -74.049
0135    67.1   786.5     18.46     85.8    1897   205     2.46      1.03      2.23     4    -1.2    1900     0   0   0   0      29.181   -74.049
0136    67.6   787.1     18.48     85.9    1890   204     2.41       .97      2.21     4    -1.2    1892     0   0   0   0      29.181   -74.049
0137    68.1   787.8     18.49     85.9    1883   204     2.41       .96      2.21     4    -1.2    1885     0   0   0   0      29.181   -74.049
0138    68.6   788.5     18.52     85.9    1875   205     2.44      1.02      2.22     4    -1.3    1877     0   0   0   0      29.181   -74.049
0139    69.1   789.2     18.54     85.9    1868   207     2.51      1.14      2.24     4    -1.3    1870     0   0   0   0      29.181   -74.049
0140    69.6   789.9     18.57     85.9    1860   210     2.61      1.32      2.25     4    -1.3    1862     0   0   0   0      29.181   -74.049
0141    70.1   790.6     18.61     85.9    1852   215     2.71      1.55      2.23     4    -1.4    1855     0   0   0   0      29.181   -74.049
0142    70.6   791.3     18.65     85.8    1845   219     2.82      1.78      2.19     4    -1.4    1847     0   0   0   0      29.181   -74.049
0143    71.1   792.0     18.70     85.7    1837   223     2.91      1.99      2.11     4    -1.4    1840     0   0   0   0      29.181   -74.049
0144    71.6   792.7     18.74     85.6    1830   227     2.97      2.16      2.03     4    -1.4    1832     0   0   0   0      29.181   -74.049
0145    72.1   793.4     18.79     85.4    1822   229     3.00      2.27      1.96     4    -1.3    1824     0   0   0   0      29.181   -74.049
0146    72.6   794.1     18.83     85.4    1815   230     3.03      2.33      1.94     4    -1.3    1817     0   0   0   3      29.181   -74.049
0147    73.1   794.8     18.87     85.3    1807   230     3.05      2.33      1.97     4    -1.2    1809     0   0   0   0      29.181   -74.049
0148    73.6   795.4     18.90     85.3    1800   228     3.10      2.31      2.08     4    -1.2    1802     0   0   0   3      29.181   -74.049
0149    74.1   796.1     18.94     85.3    1792   225     3.21      2.28      2.25     4    -1.2    1794     0   0   0   0      29.181   -74.049
0150    74.6   796.8     18.96     85.4    1785   222     3.36      2.26      2.49     4    -1.1    1787     0   0   0   0      29.181   -74.049
0151    75.1   797.5     18.99     85.5    1777   219     3.55      2.26      2.74     4    -1.1    1780     0   0   0   3      29.181   -74.049
0152    75.6   798.2     19.01     85.7    1770   217     3.75      2.26      3.00     4    -1.1    1772     0   0   0   3      29.182   -74.049
0153    76.1   798.9     19.04     85.8    1763   215     3.93      2.26      3.21     4    -1.1    1765     0   0   0   0      29.182   -74.049
0154    76.6   799.5     19.06     85.8    1755   214     4.05      2.25      3.37     5    -1.1    1758     0   0   0   0      29.182   -74.049
0155    77.1   800.2     19.09     85.9    1748   213     4.11      2.21      3.47     5    -1.1    1750     0   0   0   0      29.182   -74.049
0156    77.6   800.9     19.11     85.9    1741   212     4.12      2.16      3.51     5    -1.2    1743     0   0   0   3      29.182   -74.049
0157    78.1   801.6     19.14     85.9    1733   211     4.09      2.10      3.51     5    -1.2    1735     0   0   0   3      29.182   -74.049
0158    78.6   802.3     19.17     85.9    1726   210     4.05      2.05      3.50     5    -1.2    1728     0   0   0   0      29.182   -74.049
0159    79.1   803.0     19.20     85.9    1718   210     4.02      2.01      3.49     5    -1.1    1720     0   0   0   0      29.182   -74.049
0160    79.6   803.7     19.23     85.8    1711   210     4.02      1.99      3.49     5    -1.1    1713     0   0   0   0      29.182   -74.049
0161    80.1   804.4     19.25     85.8    1703   210     4.03      1.99      3.51     5    -1.0    1706     0   0   0   0      29.182   -74.049
0162    80.6   805.0     19.28     85.7    1696   209     4.06      1.98      3.54     5    -1.0    1698     0   0   0   0      29.182   -74.049
0163    81.1   805.7     19.31     85.7    1689   209     4.07      1.97      3.57     5     -.9    1691     0   0   0   0      29.182   -74.049
0164    81.6   806.4     19.33     85.7    1682   208     4.07      1.93      3.58     5     -.9    1684     0   0   0   0      29.182   -74.049
0165    82.1   807.1     19.36     85.6    1674   208     4.03      1.87      3.57     5     -.9    1677     0   0   0   3      29.182   -74.049
0166    82.6   807.7     19.38     85.6    1667   207     3.96      1.80      3.53     5     -.9    1669     0   0   0   3      29.182   -74.049
0167    83.1   808.4     19.41     85.5    1660   206     3.88      1.73      3.47     5     -.9    1662     0   0   0   0      29.182   -74.049
0168    83.6   809.1     19.43     85.5    1653   206     3.79      1.67      3.41     5     -.9    1655     0   0   0   0      29.182   -74.049
0169    84.1   809.8     19.45     85.5    1645   206     3.73      1.62      3.36     5    -1.0    1648     0   0   0   0      29.182   -74.049
0170    84.6   810.5     19.47     85.6    1638   206     3.70      1.59      3.34     5    -1.1    1640     0   0   0   0      29.182   -74.049
0171    85.1   811.1     19.49     85.7    1631   205     3.70      1.57      3.36     5    -1.1    1633     0   0   0   0      29.182   -74.049
0172    85.6   811.8     19.51     85.9    1623   204     3.74      1.53      3.41     5    -1.2    1626     0   0   0   0      29.182   -74.049
0173    86.1   812.5     19.53     86.1    1616   203     3.79      1.47      3.50     5    -1.2    1618     3   3   3   3      29.182   -74.049
0174    86.6   813.2     19.54     86.4    1608   201     3.84      1.38      3.59     5    -1.2    1611     0   0   0   3      29.182   -74.049
0175    87.1   813.9     19.55     86.7    1601   199     3.88      1.27      3.67     5    -1.2    1603     0   0   0   0      29.182   -74.049
0176    87.6   814.6     19.56     87.0    1594   197     3.89      1.16      3.71     5    -1.2    1596     0   0   0   0      29.182   -74.049
0177    88.1   815.3     19.57     87.3    1586   196     3.86      1.07      3.71     5    -1.2    1589     0   0   0   0      29.182   -74.049
0178    88.6   816.0     19.58     87.6    1579   196     3.79      1.02      3.65     5    -1.2    1581     0   0   0   0      29.182   -74.049
0179    89.1   816.7     19.58     87.9    1572   196     3.70      1.02      3.55     5    -1.2    1574     0   0   0   0      29.182   -74.049
0180    89.6   817.4     19.58     88.1    1564   197     3.59      1.06      3.43     5    -1.2    1567     0   0   0   3      29.182   -74.049
0181    90.1   818.1     19.59     88.3    1557   199     3.50      1.13      3.32     5    -1.3    1559     0   0   0   0      29.182   -74.049
0182    90.6   818.8     19.60     88.4    1550   200     3.43      1.19      3.22     5    -1.3    1552     0   0   0   0      29.182   -74.049
0183    91.1   819.5     19.61     88.4    1542   201     3.40      1.23      3.17     5    -1.4    1544     0   0   0   0      29.182   -74.049
0184    91.6   820.2     19.63     88.5    1535   201     3.40      1.23      3.17     5    -1.4    1537     0   0   0   0      29.182   -74.049
0185    92.1   820.9     19.65     88.5    1527   200     3.42      1.19      3.21     5    -1.5    1529     0   0   0   0      29.182   -74.049
0186    92.6   821.6     19.67     88.6    1520   199     3.47      1.12      3.28     5    -1.5    1522     0   0   0   0      29.182   -74.049
0187    93.1   822.4     19.69     88.6    1512   197     3.52      1.04      3.37     5    -1.5    1514     0   0   0   0      29.182   -74.049
0188    93.6   823.1     19.71     88.7    1504   196     3.59       .98      3.45     5    -1.4    1507     0   0   0   0      29.182   -74.049
0189    94.1   823.8     19.73     88.8    1497   195     3.65       .93      3.52     5    -1.4    1499     0   0   0   0      29.182   -74.049
0190    94.6   824.5     19.75     88.9    1490   194     3.71       .92      3.59     5    -1.3    1492     0   0   0   0      29.182   -74.049
0191    95.1   825.2     19.78     89.0    1482   194     3.76       .93      3.65     5    -1.3    1484     0   0   0   0      29.182   -74.049
0192    95.6   825.9     19.80     89.2    1475   194     3.82       .94      3.71     5    -1.2    1477     0   0   0   0      29.182   -74.049
0193    96.1   826.6     19.82     89.3    1468   194     3.89       .94      3.77     5    -1.2    1470     0   0   0   0      29.182   -74.049
0194    96.6   827.3     19.84     89.4    1460   193     3.96       .91      3.85     5    -1.2    1463     0   0   0   0      29.182   -74.049
0195    97.1   828.0     19.87     89.5    1453   192     4.03       .85      3.94     5    -1.2    1455     0   0   0   0      29.182   -74.049
0196    97.6   828.7     19.89     89.6    1446   191     4.10       .78      4.02     5    -1.2    1448     0   0   0   0      29.182   -74.049
0197    98.1   829.4     19.91     89.7    1438   190     4.15       .72      4.09     5    -1.2    1441     0   0   0   0      29.182   -74.049
0198    98.6   830.1     19.93     89.8    1431   189     4.19       .69      4.13     5    -1.2    1433     0   0   0   0      29.182   -74.049
0199    99.1   830.8     19.95     89.9    1424   190     4.20       .70      4.14     5    -1.2    1426     0   0   0   0      29.182   -74.049
0200    99.6   831.5     19.97     90.0    1416   191     4.19       .77      4.12     5    -1.2    1419     0   0   0   0      29.182   -74.049
0201   100.1   832.2     19.99     90.0    1409   192     4.16       .88      4.07     5    -1.2    1411     0   0   0   0      29.182   -74.049
0202   100.6   832.9     20.01     90.1    1402   194     4.13      1.01      4.00     5    -1.2    1404     0   0   0   0      29.182   -74.049
0203   101.1   833.6     20.03     90.2    1395   196     4.10      1.14      3.94     5    -1.2    1397     0   0   0   0      29.182   -74.049
0204   101.6   834.3     20.05     90.3    1387   198     4.07      1.24      3.88     5    -1.2    1390     0   0   0   0      29.182   -74.049
0205   102.1   835.0     20.08     90.4    1380   198     4.05      1.28      3.85     5    -1.3    1382     0   0   0   0      29.182   -74.049
0206   102.6   835.7     20.10     90.6    1372   198     4.03      1.26      3.83     5    -1.3    1375     0   0   0   0      29.182   -74.049
0207   103.1   836.4     20.12     90.8    1365   197     4.01      1.19      3.83     6    -1.3    1367     0   0   0   0      29.182   -74.049
0208   103.6   837.1     20.15     90.9    1358   196     4.00      1.09      3.85     6    -1.2    1360     0   0   0   0      29.182   -74.049
0209   104.1   837.8     20.17     91.0    1350   194     3.99       .98      3.87     6    -1.2    1353     0   0   0   0      29.182   -74.049
0210   104.6   838.5     20.20     91.0    1343   193     3.98       .87      3.88     6    -1.1    1345     0   0   0   3      29.182   -74.049
0211   105.1   839.2     20.23     90.9    1336   191     3.98       .78      3.90     6    -1.1    1338     0   0   0   0      29.182   -74.049
0212   105.6   839.9     20.26     90.8    1329   190     3.97       .71      3.91     6    -1.0    1331     0   0   0   0      29.182   -74.049
0213   106.1   840.6     20.30     90.7    1322   190     3.97       .67      3.91     6    -1.0    1324     0   0   0   0      29.182   -74.049
0214   106.6   841.3     20.34     90.5    1315   189     3.96       .64      3.91     6    -1.1    1317     0   0   0   0      29.183   -74.049
0215   107.1   842.0     20.38     90.5    1307   189     3.96       .62      3.91     6    -1.1    1310     0   0   0   0      29.183   -74.049
0216   107.6   842.7     20.42     90.5    1300   189     3.96       .60      3.91     5    -1.2    1302     0   0   0   0      29.183   -74.049
0217   108.1   843.4     20.45     90.6    1293   188     3.96       .58      3.92     5    -1.2    1295     0   0   0   0      29.183   -74.049
0218   108.6   844.1     20.48     90.7    1285   188     3.96       .55      3.92     5    -1.2    1288     0   0   0   0      29.183   -74.049
0219   109.1   844.9     20.51     90.9    1278   188     3.94       .53      3.91     5    -1.1    1280     0   0   0   0      29.183   -74.049
0220   109.6   845.6     20.53     91.1    1271   188     3.92       .53      3.88     5    -1.1    1273     0   0   0   0      29.183   -74.049
0221   110.1   846.3     20.55     91.3    1264   188     3.87       .54      3.83     5    -1.0    1266     0   0   0   0      29.183   -74.049
0222   110.6   847.0     20.56     91.5    1257   189     3.79       .57      3.75     6     -.9    1259     0   0   0   0      29.183   -74.049
0223   111.1   847.6     20.57     91.6    1249   190     3.69       .62      3.63     6     -.9    1252     0   0   0   0      29.183   -74.049
0224   111.6   848.3     20.59     91.8    1242   191     3.56       .69      3.49     6     -.9    1245     0   0   0   0      29.183   -74.049
0225   112.1   849.0     20.60     91.9    1235   193     3.43       .77      3.34     6    -1.0    1238     0   0   0   0      29.183   -74.049
0226   112.6   849.7     20.62     92.0    1228   195     3.30       .84      3.19     6    -1.1    1231     0   0   0   0      29.183   -74.049
0227   113.1   850.4     20.64     92.1    1221   197     3.20       .91      3.07     6    -1.2    1223     0   0   0   0      29.183   -74.049
0228   113.6   851.1     20.66     92.3    1214   198     3.14       .98      2.98     6    -1.3    1216     0   0   0   0      29.183   -74.049
0229   114.1   851.9     20.69     92.5    1206   199     3.13      1.04      2.95     6    -1.4    1209     0   0   0   0      29.183   -74.049
0230   114.6   852.6     20.71     92.7    1199   200     3.18      1.11      2.98     6    -1.4    1201     0   0   0   0      29.183   -74.048
0231   115.1   853.3     20.72     92.8    1191   201     3.28      1.18      3.06     6    -1.4    1194     0   0   0   0      29.183   -74.048
0232   115.6   854.0     20.74     92.9    1184   201     3.42      1.25      3.18     6    -1.4    1186     0   0   0   3      29.183   -74.048
0233   116.1   854.8     20.76     93.0    1177   202     3.57      1.31      3.32     6    -1.3    1179     0   0   0   0      29.183   -74.048
0234   116.6   855.5     20.78     93.0    1169   202     3.70      1.36      3.44     6    -1.3    1172     0   0   0   0      29.183   -74.048
0235   117.1   856.2     20.79     93.0    1162   201     3.79      1.39      3.53     6    -1.2    1165     0   0   0   0      29.183   -74.048
0236   117.6   856.9     20.81     93.0    1155   201     3.83      1.38      3.57     6    -1.1    1157     0   0   0   0      29.183   -74.048
0237   118.1   857.6     20.83     93.0    1148   200     3.82      1.33      3.58     6    -1.1    1150     0   0   0   0      29.183   -74.048
0238   118.6   858.3     20.85     93.1    1141   200     3.76      1.26      3.55     6    -1.1    1143     0   0   0   0      29.183   -74.048
0239   119.1   859.0     20.87     93.3    1134   199     3.69      1.17      3.50     6    -1.1    1136     0   0   0   0      29.183   -74.048
0240   119.6   859.7     20.89     93.5    1127   197     3.63      1.09      3.47     6    -1.0    1129     0   0   0   3      29.183   -74.048
0241   120.1   860.4     20.91     93.8    1119   197     3.61      1.03      3.46     6    -1.0    1122     0   0   0   0      29.183   -74.048
0242   120.6   861.1     20.93     94.2    1112   196     3.64      1.01      3.49     6    -1.0    1115     0   0   0   0      29.183   -74.048
0243   121.1   861.8     20.94     94.5    1105   196     3.71      1.03      3.57     6    -1.0    1107     0   0   0   0      29.183   -74.048
0244   121.6   862.5     20.96     94.8    1098   196     3.83      1.09      3.67     6    -1.0    1100     0   0   0   0      29.183   -74.048
0245   122.1   863.2     20.98     94.9    1091   197     3.95      1.18      3.77     6    -1.0    1093     0   0   0   0      29.183   -74.048
0246   122.6   864.0     21.00     95.0    1084   198     4.06      1.29      3.86     6    -1.0    1086     0   0   0   0      29.183   -74.048
0247   123.1   864.7     21.02     95.0    1077   200     4.14      1.40      3.90     6    -1.0    1079     0   0   0   0      29.183   -74.048
0248   123.6   865.4     21.04     94.9    1070   201     4.17      1.51      3.89     6    -1.1    1072     0   0   0   0      29.183   -74.048
0249   124.1   866.1     21.06     94.9    1062   203     4.16      1.60      3.84     6    -1.1    1065     0   0   0   0      29.183   -74.048
0250   124.6   866.8     21.07     94.8    1055   204     4.12      1.67      3.76     6    -1.1    1058     0   0   0   0      29.183   -74.048
0251   125.1   867.5     21.09     94.8    1048   205     4.06      1.73      3.68     6    -1.1    1050     0   0   0   0      29.183   -74.048
0252   125.6   868.2     21.11     95.0    1041   206     4.03      1.78      3.61     6    -1.1    1043     0   0   0   0      29.183   -74.048
0253   126.1   868.9     21.13     95.2    1034   207     4.02      1.84      3.58     6    -1.1    1036     0   0   0   0      29.183   -74.048
0254   126.6   869.6     21.15     95.4    1027   208     4.06      1.89      3.59     6    -1.1    1029     0   0   0   0      29.183   -74.048
0255   127.1   870.3     21.17     95.7    1020   208     4.11      1.95      3.62     6    -1.1    1022     0   0   0   0      29.183   -74.048
0256   127.6   871.0     21.19     96.1    1013   209     4.18      2.01      3.67     6    -1.1    1015     0   0   0   0      29.183   -74.048
0257   128.1   871.8     21.21     96.4    1006   209     4.24      2.06      3.71     5    -1.1    1008     0   0   0   0      29.183   -74.048
0258   128.6   872.5     21.23     96.6     998   209     4.27      2.10      3.72     6    -1.1    1001     0   0   0   0      29.183   -74.048
0259   129.1   873.2     21.25     96.9     991   210     4.25      2.12      3.69     6    -1.1     994     0   0   0   0      29.183   -74.048
0260   129.6   873.9     21.27     97.0     984   210     4.20      2.13      3.63     6    -1.0     986     0   0   0   0      29.183   -74.048
0261   130.1   874.6     21.30     97.1     977   211     4.13      2.12      3.54     6    -1.0     979     0   0   0   0      29.183   -74.048
0262   130.6   875.3     21.33     97.2     970   211     4.05      2.11      3.45     6    -1.0     972     0   0   0   0      29.183   -74.048
0263   131.1   876.0     21.37     97.2     963   212     3.97      2.09      3.38     6    -1.0     965     0   0   0   0      29.183   -74.048
0264   131.6   876.7     21.41     97.1     956   212     3.92      2.07      3.33     6     -.9     958     0   0   0   0      29.183   -74.048
0265   132.1   877.4     21.45     97.1     949   212     3.89      2.05      3.30     6     -.9     951     0   0   0   0      29.183   -74.048
0266   132.6   878.1     21.50     97.0     942   211     3.88      2.02      3.31     6     -.9     944     0   0   0   0      29.183   -74.048
0267   133.1   878.8     21.53     96.9     935   211     3.88      1.99      3.34     6     -.9     937     0   0   0   0      29.183   -74.048
0268   133.6   879.5     21.57     96.8     928   210     3.89      1.95      3.37     6     -.8     930     0   0   0   0      29.183   -74.048
0269   134.1   880.2     21.60     96.8     921   209     3.89      1.89      3.40     6     -.8     923     0   0   0   0      29.183   -74.048
0270   134.6   880.9     21.64     96.7     914   208     3.88      1.82      3.43     6     -.8     916     0   0   0   0      29.183   -74.048
0271   135.1   881.6     21.67     96.6     907   207     3.86      1.73      3.45     6     -.8     909     0   0   0   0      29.183   -74.048
0272   135.6   882.3     21.70     96.5     900   205     3.85      1.64      3.48     6     -.8     903     0   0   0   0      29.183   -74.048
0273   136.1   883.1     21.74     96.4     893   204     3.84      1.55      3.51     6     -.8     896     0   0   0   0      29.183   -74.048
0274   136.6   883.8     21.78     96.3     886   203     3.84      1.48      3.54     6     -.8     889     0   0   0   0      29.183   -74.048
0275   137.1   884.5     21.81     96.2     879   202     3.84      1.42      3.57     6     -.7     882     0   0   0   0      29.183   -74.048
0276   137.6   885.2     21.85     96.0     872   201     3.85      1.39      3.59     6     -.7     875     0   0   0   0      29.183   -74.048
0277   138.1   885.9     21.89     95.9     866   201     3.83      1.38      3.58     6     -.6     868     0   0   0   0      29.184   -74.048
0278   138.6   886.6     21.93     95.7     859   201     3.80      1.38      3.54     6     -.6     861     0   0   0   0      29.184   -74.048
0279   139.1   887.2     21.96     95.5     852   202     3.74      1.38      3.47     6     -.5     854     0   0   0   0      29.184   -74.048
0280   139.6   887.9     21.99     95.3     845   202     3.65      1.38      3.38     6     -.5     848     0   0   0   0      29.184   -74.048
0281   140.1   888.6     22.02     95.2     839   203     3.55      1.38      3.27     6     -.5     841     0   0   0   0      29.184   -74.048
0282   140.6   889.3     22.05     95.0     832   203     3.47      1.38      3.18     6     -.5     834     0   0   0   0      29.184   -74.048
0283   141.1   890.0     22.08     95.0     825   204     3.42      1.39      3.13     6     -.5     827     0   0   0   0      29.184   -74.048
0284   141.6   890.7     22.10     95.0     818   204     3.43      1.42      3.12     6     -.5     821     0   0   0   0      29.184   -74.048
0285   142.1   891.4     22.13     95.0     811   205     3.51      1.48      3.18     6     -.5     814     0   0   0   0      29.184   -74.048
0286   142.6   892.1     22.15     95.2     805   205     3.65      1.57      3.30     6     -.5     807     0   0   0   0      29.184   -74.048
0287   143.1   892.8     22.17     95.4     798   206     3.85      1.69      3.46     6     -.5     800     0   0   0   0      29.184   -74.048
0288   143.6   893.4     22.18     95.6     791   207     4.07      1.82      3.64     6     -.5     793     0   0   0   0      29.184   -74.048
0289   144.1   894.1     22.20     95.8     784   207     4.29      1.95      3.82     6     -.5     787     0   0   0   0      29.184   -74.048
0290   144.6   894.8     22.21     95.9     778   208     4.49      2.07      3.98     6     -.5     780     0   0   0   0      29.184   -74.048
0291   145.1   895.5     22.23     96.1     771   208     4.64      2.17      4.10     6     -.5     773     0   0   0   3      29.184   -74.048
0292   145.6   896.2     22.24     96.3     764   208     4.75      2.24      4.19     6     -.5     766     0   0   0   0      29.184   -74.048
0293   146.1   896.9     22.24     96.5     757   208     4.81      2.28      4.23     6     -.6     760     0   0   0   0      29.184   -74.048
0294   146.6   897.6     22.25     96.6     751   209     4.85      2.32      4.26     6     -.6     753     0   0   0   0      29.184   -74.048
0295   147.1   898.3     22.24     96.8     744   209     4.86      2.34      4.26     6     -.6     746     0   0   0   0      29.184   -74.048
0296   147.6   899.0     22.24     97.0     737   209     4.86      2.36      4.25     6     -.6     739     0   0   0   0      29.184   -74.048
0297   148.1   899.7     22.24     97.1     730   209     4.85      2.38      4.23     5     -.6     732     0   0   0   0      29.184   -74.048
0298   148.6   900.4     22.24     97.2     723   210     4.82      2.37      4.19     5     -.6     726     0   0   0   0      29.184   -74.048
0299   149.1   901.1     22.24     97.2     716   210     4.77      2.36      4.15     6     -.6     719     0   0   0   0      29.184   -74.048
0300   149.6   901.8     22.25     97.0     710   210     4.71      2.32      4.10     6     -.6     712     0   0   0   0      29.184   -74.048
0301   150.1   902.5     22.28     96.8     703   209     4.65      2.28      4.06     6     -.7     705     0   0   0   0      29.184   -74.048
0302   150.6   903.2     22.31     96.6     696   209     4.61      2.23      4.03     6     -.7     698     0   0   0   0      29.184   -74.048
0303   151.1   903.9     22.34     96.4     689   209     4.60      2.21      4.04     6     -.7     692     0   0   0   0      29.184   -74.048
0304   151.6   904.6     22.38     96.2     683   208     4.64      2.20      4.09     6     -.8     685     0   0   0   0      29.184   -74.048
0305   152.1   905.3     22.41     96.2     676   208     4.72      2.22      4.17     6     -.8     678     0   0   0   0      29.184   -74.048
0306   152.6   906.0     22.44     96.2     669   208     4.83      2.25      4.27     6     -.9     671     0   0   0   0      29.184   -74.048
0307   153.1   906.8     22.46     96.4     662   207     4.94      2.28      4.38     6     -.9     664     0   0   0   0      29.184   -74.048
0308   153.6   907.5     22.46     96.6     655   207     5.03      2.28      4.48     6     -.9     657     0   0   0   0      29.184   -74.048
0309   154.1   908.2     22.47     96.8     648   206     5.09      2.25      4.56     6     -.9     650     0   0   0   0      29.184   -74.048
0310   154.6   908.9     22.46     97.1     641   205     5.10      2.17      4.62     6     -.9     643     0   0   0   0      29.184   -74.048
0311   155.1   909.6     22.46     97.4     634   204     5.08      2.04      4.65     6     -.9     636     0   0   0   0      29.184   -74.048
0312   155.6   910.3     22.46     97.6     627   202     5.04      1.90      4.67     6    -1.0     629     0   0   0   0      29.184   -74.048
0313   156.1   911.1     22.46     97.9     620   200     5.01      1.75      4.69     6    -1.0     623     0   0   0   0      29.184   -74.048
0314   156.6   911.8     22.47     98.1     613   199     4.99      1.61      4.72     6    -1.0     616     0   0   0   0      29.184   -74.048
0315   157.1   912.5     22.49     98.2     606   198     4.99      1.50      4.76     6    -1.0     609     0   0   0   0      29.184   -74.048
0316   157.6   913.2     22.50     98.2     599   196     5.00      1.41      4.80     6    -1.0     602     0   0   0   0      29.184   -74.048
0317   158.1   914.0     22.52     98.1     592   195     5.00      1.33      4.82     6    -1.0     595     0   0   0   0      29.184   -74.048
0318   158.6   914.7     22.55     97.9     586   195     4.99      1.25      4.83     6    -1.0     588     0   0   0   0      29.184   -74.048
0319   159.1   915.4     22.57     97.7     579   194     4.95      1.16      4.81     6    -1.0     581     0   0   0   0      29.184   -74.048
0320   159.6   916.1     22.59     97.4     572   192     4.87      1.05      4.76     6    -1.0     574     0   0   0   0      29.184   -74.048
0321   160.1   916.9     22.61     97.2     565   191     4.78       .94      4.69     6    -1.0     567     0   0   0   0      29.184   -74.048
0322   160.6   917.6     22.64     97.0     558   190     4.69       .83      4.61     6    -1.0     560     0   0   0   0      29.184   -74.048
0323   161.1   918.3     22.66     96.9     551   189     4.61       .75      4.55     6     -.9     553     0   0   0   0      29.184   -74.048
0324   161.6   919.0     22.69     97.1     544   189     4.56       .70      4.50     6     -.9     546     0   0   0   0      29.184   -74.048
0325   162.1   919.7     22.72     97.3     537   189     4.54       .70      4.49     6     -.9     539     0   0   0   0      29.184   -74.048
0326   162.6   920.5     22.76     97.6     530   189     4.56       .73      4.50     6     -.9     533     0   0   0   0      29.184   -74.048
0327   163.1   921.2     22.79     98.0     523   190     4.60       .78      4.54     6     -.9     526     0   0   0   0      29.184   -74.048
0328   163.6   921.9     22.84     98.4     517   190     4.66       .84      4.58     6     -.9     519     0   0   0   0      29.184   -74.048
0329   164.1   922.6     22.88     98.7     510   191     4.70       .90      4.62     6     -.9     512     0   0   0   0      29.184   -74.048
0330   164.6   923.3     22.92     98.8     503   192     4.74       .95      4.64     6     -.9     505     0   0   0   0      29.185   -74.048
0331   165.1   924.1     22.97     98.9     496   192     4.75       .99      4.64     6     -.9     498     0   0   0   0      29.185   -74.048
0332   165.6   924.8     23.01     98.9     489   192     4.73      1.02      4.62     6     -.9     492     0   0   0   0      29.185   -74.048
0333   166.1   925.5     23.04     98.9     482   193     4.69      1.04      4.57     6     -.9     485     0   0   0   0      29.185   -74.048
0334   166.6   926.2     23.08     98.8     476   193     4.63      1.06      4.51     6     -.9     478     0   0   0   0      29.185   -74.048
0335   167.1   927.0     23.11     98.8     469   194     4.56      1.07      4.43     6     -.9     471     0   0   0   0      29.185   -74.048
0336   167.6   927.7     23.14     98.8     462   194     4.49      1.07      4.36     6     -.9     464     0   0   0   0      29.185   -74.048
0337   168.1   928.4     23.17     98.8     455   194     4.41      1.05      4.29     6     -.9     457     0   0   0   0      29.185   -74.048
0338   168.6   929.1     23.20     98.9     448   194     4.35      1.02      4.23     6     -.9     451     0   0   0   0      29.185   -74.048
0339   169.1   929.8     23.24     99.0     441   193     4.30       .98      4.18     6     -.9     444     0   0   0   0      29.185   -74.048
0340   169.6   930.6     23.29     99.1     435   193     4.26       .95      4.15     6     -.9     437     0   0   0   0      29.185   -74.048
0341   170.1   931.3     23.33     99.2     428   193     4.23       .93      4.13     6     -.8     430     0   0   0   0      29.185   -74.048
0342   170.6   932.0     23.38     99.2     421   193     4.20       .95      4.10     6     -.8     423     0   0   0   0      29.185   -74.048
0343   171.1   932.7     23.43     99.2     414   194     4.17       .99      4.05     6     -.8     417     0   0   0   0      29.185   -74.048
0344   171.6   933.4     23.48     99.3     407   195     4.11      1.04      3.98     6     -.7     410     0   0   0   0      29.185   -74.048
0345   172.1   934.2     23.53     99.3     401   196     4.04      1.10      3.89     6     -.7     403     0   0   0   0      29.185   -74.048
0346   172.6   934.9     23.58     99.3     394   197     3.96      1.14      3.79     6     -.6     396     0   0   0   0      29.185   -74.048
0347   173.1   935.6     23.62     99.3     387   197     3.88      1.14      3.70     6     -.5     390     0   0   0   0      29.185   -74.048
0348   173.6   936.3     23.66     99.3     381   197     3.82      1.11      3.66     6     -.5     383     0   0   0   0      29.185   -74.048
0349   174.1   937.0     23.70     99.3     374   196     3.81      1.06      3.66     6     -.4     377     0   0   0   0      29.185   -74.047
0350   174.6   937.7     23.74     99.3     368   195     3.85      1.00      3.72     6     -.4     370     0   0   0   0      29.185   -74.047
0351   175.1   938.4     23.77     99.3     361   194     3.95       .94      3.84     6     -.5     363     0   0   0   0      29.185   -74.047
0352   175.6   939.1     23.79     99.3     355   193     4.08       .89      3.98     6     -.5     357     0   0   0   0      29.185   -74.047
0353   176.1   939.8     23.80     99.4     348   192     4.22       .87      4.13     6     -.5     350     0   0   0   0      29.185   -74.047
0354   176.6   940.5     23.82     99.4     341   191     4.32       .85      4.24     6     -.5     344     0   0   0   0      29.185   -74.047
0355   177.1   941.2     23.83     99.4     335   191     4.37       .82      4.29     6     -.5     337     0   0   0   0      29.185   -74.047
0356   177.6   941.9     23.85     99.5     328   190     4.35       .78      4.28     6     -.4     330     0   0   0   0      29.185   -74.047
0357   178.1   942.6     23.87     99.5     321   190     4.28       .71      4.22     6     -.3     324     0   0   0   0      29.185   -74.047
0358   178.6   943.3     23.91     99.5     315   189     4.16       .63      4.12     6     -.1     317     0   0   0   0      29.185   -74.047
0359   179.1   944.0     23.95     99.6     308   188     4.04       .55      4.01     6      .2     311     0   0   0   0      29.185   -74.047
0360   179.6   944.7     23.99     99.6     302   187     3.95       .49      3.91     6      .4     304     0   0   0   0      29.185   -74.047
0361   180.1   945.3     24.04     99.6     296   187     3.88       .47      3.86     6      .7     298     0   0   0   0      29.185   -74.047
0362   180.6   946.0     24.09     99.6     290   187     3.86       .50      3.83     6      .9     293     0   0   0   0      29.185   -74.047
0363   181.1   946.6     24.13     99.6     285   188     3.88       .57      3.83     6     1.1     287     0   0   0   0      29.185   -74.047
0364   181.6   947.2     24.17     99.6     279   190     3.90       .66      3.85     6     1.2     281     0   0   0   0      29.185   -74.047
0365   182.1   947.8     24.20     99.6     273   191     3.92       .74      3.85     6     1.3     276     0   0   0   0      29.185   -74.047
0366   182.6   948.4     24.23     99.6     268   192     3.91       .79      3.83     6     1.3     270     0   0   0   0      29.185   -74.047
0367   183.1   949.0     24.25     99.6     262   192     3.87       .78      3.79     6     1.3     264     0   0   0   0      29.185   -74.047
0368   183.6   949.6     24.26     99.6     256   191     3.80       .72      3.73     6     1.2     259     0   0   0   0      29.185   -74.047
0369   184.1   950.2     24.28     99.7     251   190     3.71       .63      3.65     6     1.1     253     0   0   0   0      29.185   -74.047
0370   184.6   950.9     24.30     99.7     245   188     3.62       .52      3.58     6     1.0     247     0   0   0   0      29.185   -74.047
0371   185.1   951.5     24.32     99.7     239   187     3.54       .43      3.52     6      .9     241     0   0   0   0      29.185   -74.047
0372   185.6   952.1     24.34     99.7     233   186     3.50       .39      3.48     6      .8     235     0   0   0   0      29.185   -74.047
0373   186.1   952.8     24.36     99.7     227   187     3.48       .40      3.46     6      .8     229     0   0   0   0      29.185   -74.047
0374   186.6   953.4     24.38     99.8     221   188     3.49       .49      3.45     6      .7     223     0   0   0   0      29.185   -74.047
0375   187.1   954.1     24.40     99.8     215   190     3.52       .62      3.47     6      .7     217     0   0   0   0      29.185   -74.047
0376   187.6   954.7     24.43     99.8     209   193     3.56       .79      3.48     6      .7     211     0   0   0   0      29.185   -74.047
0377   188.1   955.4     24.45     99.8     203   195     3.60       .95      3.48     6      .7     205     0   0   0   0      29.185   -74.047
0378   188.6   956.0     24.47     99.8     197   197     3.61      1.07      3.45     6      .6     200     0   0   0   0      29.185   -74.047
0379   189.1   956.6     24.48     99.8     191   199     3.56      1.13      3.37     6      .5     194     0   0   0   0      29.185   -74.047
0380   189.6   957.3     24.50     99.8     185   199     3.45      1.13      3.26     6      .4     188     0   0   0   0      29.185   -74.047
0381   190.1   957.9     24.51     99.8     179   199     3.28      1.06      3.10     6      .3     182     0   0   0   0      29.185   -74.047
0382   190.6   958.6     24.53     99.8     173   198     3.07       .95      2.91     6      .1     175     0   0   0   0      29.185   -74.047
0383   191.1   959.3     24.55     99.8     167   197     2.85       .82      2.73     6      .0     169     0   0   0   0      29.185   -74.047
0384   191.6   960.0     24.57     99.9     160   195     2.68       .70      2.59     6     -.1     163     0   0   0   0      29.185   -74.047
0385   192.1   960.7     24.60     99.9     154   194     2.60       .62      2.52     6     -.2     156     0   0   0   0      29.185   -74.047
0386   192.6   961.4     24.63     99.9     147   193     2.63       .58      2.56     6     -.1     150     0   0   0   0      29.185   -74.047
0387   193.1   962.1     24.67    100.0     141   192     2.77       .59      2.71     6     -.1     143     0   0   0   0      29.185   -74.047
0388   193.6   962.8     24.71    100.0     134   192     3.02       .64      2.96     6      .0     137     0   0   0   0      29.185   -74.047
0389   194.1   963.5     24.75    100.0     128   192     3.34       .71      3.26     6      .1     131     0   0   0   0      29.186   -74.047
0390   194.6   964.2     24.79    100.0     122   192     3.65       .78      3.57     6      .2     124     0   0   0   0      29.186   -74.047
0391   195.1   964.8     24.82    100.0     116   192     3.93       .82      3.85     6      .3     118     0   0   0   0      29.186   -74.047
0392   195.6   965.5     24.85    100.0     110   192     4.14       .83      4.06     6      .3     112     0   0   0   0      29.186   -74.047
0393   196.1   966.2     24.88    100.0     104   191     4.26       .79      4.19     6      .3     106     0   0   0   0      29.186   -74.047
0394   196.6   966.8     24.90    100.0      98   190     4.31       .73      4.25     6      .2     100     0   0   0   0      29.186   -74.047
0395   197.1   967.5     24.92    100.0      92   189     4.32       .66      4.27     6      .1      94     0   0   0   0      29.186   -74.047
0396   197.6   968.2     24.94     99.9      85   188     4.30       .59      4.26     6      .0      88     0   0   0   0      29.186   -74.047
0397   198.1   968.9     24.96     99.9      79   187     4.29       .54      4.25     6     -.1      81     0   0   0   0      29.186   -74.047
0398   198.6   969.6     24.99     99.8      73   187     4.29       .50      4.26     6     -.2      75     0   0   0   0      29.186   -74.047
0399   199.1   970.3     25.02     99.8      66   186     4.30       .48      4.27     6     -.3      68     0   0   0   0      29.186   -74.047
0400   199.6   971.0     25.05     99.7      60   186     4.32       .46      4.29     6     -.3      62     0   0   0   0      29.186   -74.047
0401   200.1   971.7     25.08     99.7      53   186     4.34       .43      4.32     6     -.3      55     0   0   0   0      29.186   -74.047
0402   200.6   972.4     25.11     99.6      47   185     4.37       .39      4.35     6     -.3      49     0   0   0   0      29.186   -74.047
0403   201.1   973.2     25.14     99.5      40   184     4.39       .33      4.38     6     -.3      42     0   0   0   0      29.186   -74.047
0404   201.6   973.9     25.17     99.5      34   183     4.39       .24      4.38     6     -.3      36     0   0   0   0      29.186   -74.047
0405   202.1   974.6     25.20     99.4      28   181     4.32       .09      4.32     6     -.3      30     0   0   0   0      29.186   -74.047
0406   202.6   975.2     25.23     99.5      21   178     4.20      -.18      4.20     6     -.3      24     0   0   0   0      29.186   -74.047
0407   203.1   975.9     25.28     99.5      15   173     4.22      -.50      4.19     6     -.2      17     0   0   0   0      29.186   -74.047
0408   203.6   976.7     25.32     99.4       8   172     4.42      -.61      4.38     6     -.2      11     0   0   0   0      29.186   -74.047
