 ===========================================================================
 DROPWINDSONDE PROCESSING RECORD                            Sonde: 981010062
 PDS file written May 24, 1999.                             Format:    V4.01
 Aircraft: AFRES C-130                       Date: 980826   Time: 025022 UTC
 ---------------------------------------------------------------------------
 Bias corrections:  PR =    .0 mb  TE =    .0 C  RH =    .0 %  PRB =   .0 mb
 Filters (LPF):     PTH =   5 s    WIND =   5 s       Hyd anchor =       SFC
 RH T-compensation =  Y     WSHR COR =      Y         Splash PR  =  963.9 mb
 Estimated PR used =  N     GPS VERR =    .70 m/s     HYD SFCP   =  963.5 mb
 Dyn T correction  =  Y     WGACORR  =     .8 m       AC GA ADJ  =     .0 m
 ---------------------------------------------------------------------------
 COMMENTS: Eye.                                                        
 ===========================================================================

 ===========================================================================
 Date: 980826   Lat:  31.17 N   TA: -999.0 C   PS:  697.0 mb   WD:   152 deg
 Time: 025022   Lon:  76.80 W   TD:   13.9 C   GA:   2819 m    WS:   3.0 m/s
 SID:  981010062                RH: -999.0 %   Navaid:   GP          
 ===========================================================================

IX      t (s)  P (mb)    T (C)    RH (%)  Z (m)   WD    WS (m/s)   U (m/s)   V (m/s)  NS  WZ (m/s)  ZW (m)   FP  FT  FH  FW    LAT (N)   LON (E)
0001      .0   697.6   -999.00   -999.0    -999   153     3.03     -1.40      2.69  -999  -999.0    -999     3   0   0   3      31.170   -76.800
0002      .5   698.1   -999.00   -999.0    -999   153     3.06     -1.38      2.73  -999  -999.0    -999     3   0   0   3      31.170   -76.800
0003     1.0   698.7   -999.00   -999.0    -999   154     3.09     -1.37      2.78  -999  -999.0    -999     3   0   0   3      31.170   -76.800
0004     1.5   699.2   -999.00   -999.0    -999   154     3.13     -1.35      2.82  -999  -999.0    -999     3   0   0   3      31.170   -76.800
0005     2.0   699.8   -999.00   -999.0    -999   155     3.16     -1.34      2.86  -999  -999.0    -999     3   0   0   3      31.170   -76.800
0006     2.5   700.3   -999.00   -999.0    -999   155     3.19     -1.33      2.90  -999  -999.0    -999     3   0   0   3      31.170   -76.800
0007     3.0   700.9   -999.00   -999.0    -999   156     3.23     -1.31      2.95  -999  -999.0    -999     3   0   0   3      31.170   -76.800
0008     3.5   701.4   -999.00   -999.0    -999   156     3.26     -1.30      2.99  -999  -999.0    -999     3   0   0   3      31.170   -76.800
0009     4.0   702.0   -999.00   -999.0    -999   157     3.29     -1.29      3.03  -999  -999.0    -999     3   0   0   3      31.170   -76.800
0010     4.5   702.5   -999.00   -999.0    -999   158     3.33     -1.27      3.07  -999  -999.0    -999     3   0   0   3      31.170   -76.800
0011     5.0   703.1   -999.00   -999.0    -999   158     3.36     -1.26      3.12  -999  -999.0    -999     3   0   0   3      31.170   -76.800
0012     5.5   703.7   -999.00   -999.0    -999   158     3.39     -1.24      3.16  -999  -999.0    -999     3   0   0   3      31.170   -76.800
0013     6.0   704.2   -999.00   -999.0    -999   159     3.43     -1.23      3.20  -999  -999.0    -999     3   0   0   3      31.170   -76.800
0014     6.5   704.8   -999.00   -999.0    -999   159     3.46     -1.22      3.24  -999  -999.0    -999     3   0   0   3      31.170   -76.800
0015     7.0   705.3   -999.00   -999.0    -999   160     3.50     -1.20      3.29  -999  -999.0    -999     3   0   0   3      31.170   -76.800
0016     7.5   705.9   -999.00   -999.0    -999   160     3.53     -1.19      3.33  -999  -999.0    -999     3   0   0   3      31.170   -76.800
0017     8.0   706.4   -999.00   -999.0    -999   161     3.57     -1.18      3.37  -999  -999.0    -999     3   0   0   3      31.170   -76.800
0018     8.5   707.0   -999.00   -999.0    -999   161     3.61     -1.16      3.41  -999  -999.0    -999     3   0   0   3      31.170   -76.800
0019     9.0   707.5   -999.00   -999.0    -999   162     3.64     -1.15      3.46  -999  -999.0    -999     3   0   0   3      31.170   -76.800
0020     9.5   708.1   -999.00   -999.0    -999   162     3.68     -1.13      3.50  -999  -999.0    -999     3   0   0   3      31.170   -76.800
0021    10.0   708.7   -999.00   -999.0    -999   162     3.71     -1.12      3.54  -999  -999.0    -999     3   0   0   3      31.170   -76.800
0022    10.5   709.2   -999.00   -999.0    -999   163     3.75     -1.11      3.58  -999  -999.0    -999     3   0   0   3      31.170   -76.800
0023    11.0   709.8   -999.00   -999.0    -999   163     3.79     -1.09      3.63  -999  -999.0    -999     3   0   0   3      31.170   -76.800
0024    11.5   710.3   -999.00   -999.0    -999   164     3.82     -1.08      3.67  -999  -999.0    -999     3   0   0   3      31.170   -76.800
0025    12.0   710.9   -999.00   -999.0    -999   164     3.86     -1.07      3.71  -999  -999.0    -999     3   0   0   3      31.170   -76.800
0026    12.5   711.4   -999.00   -999.0    -999   164     3.90     -1.05      3.75  -999  -999.0    -999     3   0   0   3      31.170   -76.800
0027    13.0   712.0   -999.00   -999.0    -999   165     3.94     -1.04      3.80  -999  -999.0    -999     3   0   0   3      31.170   -76.800
0028    13.5   712.5   -999.00   -999.0    -999   165     3.97     -1.02      3.84  -999  -999.0    -999     3   0   0   3      31.170   -76.800
0029    14.0   713.1   -999.00     91.8    -999   165     4.01     -1.01      3.88  -999  -999.0    -999     3   0   0   3      31.170   -76.800
0030    14.5   713.6   -999.00     91.3    -999   166     4.05      -.99      3.93  -999  -999.0    -999     3   0   0   3      31.170   -76.800
0031    15.0   714.2   -999.00     91.1    -999   166     4.09      -.98      3.97  -999  -999.0    -999     3   0   0   3      31.170   -76.800
0032    15.5   714.8     15.96     91.0    2616   166     4.12      -.97      4.01  -999  -999.0    2616     0   0   0   3      31.170   -76.800
0033    16.0   715.4     16.00     90.9    2609   167     4.16      -.96      4.05  -999  -999.0    2609     0   0   0   3      31.170   -76.800
0034    16.5   716.0     16.02     90.8    2601   167     4.19      -.95      4.09  -999  -999.0    2602     0   0   0   3      31.171   -76.800
0035    17.0   716.6     16.05     90.7    2594   167     4.23      -.93      4.13  -999  -999.0    2594     0   0   0   3      31.171   -76.800
0036    17.5   717.3     16.08     90.7    2586   168     4.27      -.92      4.17  -999     -.9    2587     0   0   0   3      31.171   -76.800
0037    18.0   717.9     16.12     90.7    2578   168     4.32      -.90      4.22  -999    -1.0    2579     0   0   0   3      31.171   -76.800
0038    18.5   718.6     16.15     90.9    2570   168     4.36      -.88      4.27  -999    -1.0    2571     0   0   0   3      31.171   -76.800
0039    19.0   719.2     16.19     91.0    2563   170     4.54      -.80      4.47  -999    -1.0    2563     0   0   0   3      31.171   -76.800
0040    19.5   719.9     16.23     91.2    2555   170     4.56      -.79      4.50  -999    -1.0    2556     0   0   0   3      31.171   -76.800
0041    20.0   720.5     16.27     91.2    2547   170     4.57      -.79      4.50  -999     -.9    2548     0   0   0   3      31.171   -76.800
0042    20.5   721.2     16.31     91.2    2540   170     4.57      -.82      4.49     5     -.8    2540     0   0   0   0      31.171   -76.800
0043    21.0   721.8     16.34     91.0    2532   169     4.55      -.86      4.47     5     -.8    2533     0   0   0   0      31.171   -76.800
0044    21.5   722.4     16.38     90.8    2525   169     4.54      -.90      4.44     5     -.8    2525     0   0   0   0      31.171   -76.800
0045    22.0   723.1     16.42     90.7    2517   168     4.53      -.94      4.43     5     -.8    2518     0   0   0   0      31.171   -76.800
0046    22.5   723.7     16.47     90.6    2510   168     4.53      -.96      4.43     5     -.8    2510     0   0   0   0      31.171   -76.800
0047    23.0   724.3     16.51     90.6    2502   168     4.55      -.95      4.45     5     -.8    2503     0   0   0   0      31.171   -76.800
0048    23.5   725.0     16.55     90.8    2494   169     4.58      -.90      4.49     5     -.9    2495     0   0   0   0      31.171   -76.800
0049    24.0   725.6     16.59     91.1    2487   170     4.62      -.82      4.55     5     -.9    2488     0   0   0   0      31.171   -76.800
0050    24.5   726.3     16.63     91.4    2479   171     4.67      -.71      4.61     5    -1.0    2480     0   0   0   0      31.171   -76.800
0051    25.0   726.9     16.67     91.6    2472   173     4.70      -.59      4.66     5    -1.0    2472     0   0   0   0      31.171   -76.800
0052    25.5   727.6     16.71     91.8    2464   174     4.72      -.47      4.69     5    -1.0    2465     0   0   0   0      31.171   -76.800
0053    26.0   728.2     16.74     91.8    2456   176     4.71      -.36      4.70     5    -1.0    2457     0   0   0   0      31.171   -76.800
0054    26.5   728.9     16.77     91.8    2449   177     4.67      -.26      4.66     5    -1.0    2449     0   0   0   0      31.171   -76.800
0055    27.0   729.5     16.81     91.8    2441   178     4.60      -.17      4.59     5    -1.0    2442     0   0   0   0      31.171   -76.800
0056    27.5   730.2     16.84     91.8    2433   179     4.50      -.10      4.49     5    -1.0    2434     0   0   0   0      31.171   -76.800
0057    28.0   730.8     16.88     91.7    2426   179     4.37      -.04      4.37     5    -1.1    2426     0   0   0   0      31.171   -76.800
0058    28.5   731.5     16.91     91.7    2418   180     4.23       .00      4.23     5    -1.1    2419     0   0   0   0      31.171   -76.800
0059    29.0   732.1     16.95     91.7    2410   180     4.08       .02      4.08     5    -1.1    2411     0   0   0   0      31.171   -76.800
0060    29.5   732.8     16.99     91.6    2403   180     3.93       .01      3.93     5    -1.1    2403     0   0   0   0      31.171   -76.800
0061    30.0   733.5     17.03     91.4    2395   179     3.80      -.03      3.80     5    -1.1    2396     0   0   0   0      31.171   -76.800
0062    30.5   734.1     17.07     91.2    2387   178     3.69      -.10      3.69     5    -1.1    2388     0   0   0   0      31.171   -76.800
0063    31.0   734.8     17.11     91.0    2379   177     3.61      -.20      3.60     5    -1.1    2380     0   0   0   0      31.171   -76.800
0064    31.5   735.4     17.14     90.7    2372   175     3.56      -.30      3.54     5    -1.1    2373     0   0   0   0      31.171   -76.800
0065    32.0   736.1     17.18     90.5    2364   174     3.53      -.39      3.51     5    -1.0    2365     0   0   0   0      31.171   -76.800
0066    32.5   736.7     17.21     90.4    2357   173     3.51      -.45      3.48     5    -1.0    2357     0   0   0   0      31.171   -76.800
0067    33.0   737.4     17.24     90.4    2349   172     3.50      -.48      3.46     5    -1.0    2350     0   0   0   0      31.171   -76.800
0068    33.5   738.0     17.28     90.5    2342   172     3.48      -.48      3.44     5    -1.0    2342     0   0   0   0      31.171   -76.800
0069    34.0   738.7     17.31     90.6    2334   173     3.45      -.44      3.43     5    -1.0    2335     0   0   0   0      31.171   -76.800
0070    34.5   739.3     17.35     90.7    2326   174     3.43      -.38      3.40     5    -1.0    2327     0   0   0   0      31.171   -76.800
0071    35.0   740.0     17.39     90.8    2319   175     3.40      -.31      3.38     5    -1.0    2320     0   0   0   0      31.171   -76.800
0072    35.5   740.7     17.44     90.9    2311   176     3.37      -.25      3.36     5    -1.0    2312     0   0   0   0      31.171   -76.800
0073    36.0   741.3     17.48     90.9    2303   177     3.35      -.20      3.35     5    -1.0    2304     0   0   0   0      31.171   -76.800
0074    36.5   742.0     17.52     90.8    2296   177     3.34      -.17      3.33     5    -1.0    2297     0   0   0   0      31.171   -76.800
0075    37.0   742.6     17.57     90.7    2288   177     3.32      -.17      3.32     5    -1.0    2289     0   0   0   0      31.171   -76.800
0076    37.5   743.3     17.61     90.6    2281   177     3.30      -.20      3.30     5    -1.0    2282     0   0   0   0      31.171   -76.800
0077    38.0   743.9     17.65     90.4    2273   176     3.29      -.25      3.28     5     -.9    2274     3   3   3   3      31.171   -76.800
0078    38.5   744.6     17.70     90.3    2266   174     3.27      -.32      3.26     5     -.9    2266     0   0   0   0      31.171   -76.800
0079    39.0   745.2     17.74     90.3    2258   173     3.27      -.41      3.24     5     -.9    2259     0   0   0   0      31.171   -76.800
0080    39.5   745.9     17.79     90.3    2251   171     3.29      -.50      3.25     5     -.9    2251     0   0   0   0      31.171   -76.800
0081    40.0   746.5     17.83     90.3    2243   170     3.33      -.59      3.28     5     -.9    2244     0   0   0   0      31.171   -76.800
0082    40.5   747.2     17.88     90.3    2236   169     3.40      -.67      3.34     5     -.8    2236     0   0   0   0      31.171   -76.800
0083    41.0   747.8     17.92     90.4    2228   168     3.50      -.71      3.42     5     -.8    2229     0   0   0   0      31.171   -76.800
0084    41.5   748.5     17.97     90.5    2221   169     3.60      -.71      3.53     5     -.8    2221     3   3   3   0      31.171   -76.800
0085    42.0   749.1     18.01     90.6    2213   170     3.70      -.67      3.64     5     -.8    2214     0   0   0   0      31.171   -76.800
0086    42.5   749.8     18.05     90.7    2206   171     3.79      -.60      3.75     5     -.8    2207     0   0   0   0      31.171   -76.800
0087    43.0   750.4     18.10     90.8    2198   172     3.87      -.51      3.83     5     -.8    2199     0   0   0   0      31.171   -76.800
0088    43.5   751.1     18.14     90.9    2191   174     3.92      -.42      3.89     5     -.9    2192     0   0   0   0      31.171   -76.800
0089    44.0   751.7     18.18     90.9    2184   175     3.94      -.35      3.93     5     -.9    2184     0   0   0   0      31.172   -76.800
0090    44.5   752.4     18.21     90.9    2176   176     3.94      -.30      3.93     5     -.9    2177     0   0   0   0      31.172   -76.800
0091    45.0   753.1     18.25     90.8    2168   176     3.92      -.29      3.91     5     -.9    2169     0   0   0   0      31.172   -76.800
0092    45.5   753.7     18.29     90.6    2161   175     3.88      -.31      3.86     5     -.9    2162     0   0   0   0      31.172   -76.800
0093    46.0   754.4     18.33     90.3    2153   174     3.80      -.38      3.78     5     -.8    2154     0   0   0   0      31.172   -76.800
0094    46.5   755.0     18.37     90.0    2146   173     3.70      -.46      3.67     5     -.8    2147     0   0   0   0      31.172   -76.800
0095    47.0   755.7     18.41     89.7    2139   171     3.59      -.57      3.54     5     -.7    2139     0   0   0   0      31.172   -76.800
0096    47.5   756.3     18.45     89.5    2131   169     3.47      -.68      3.40     5     -.7    2132     0   0   0   0      31.172   -76.800
0097    48.0   756.9     18.48     89.4    2124   167     3.36      -.78      3.27     5     -.7    2125     0   0   0   0      31.172   -76.800
0098    48.5   757.6     18.52     89.3    2117   165     3.28      -.86      3.16     5     -.7    2117     0   0   0   0      31.172   -76.800
0099    49.0   758.2     18.55     89.4    2109   163     3.23      -.93      3.10     5     -.7    2110     0   0   0   0      31.172   -76.800
0100    49.5   758.9     18.59     89.4    2102   163     3.24      -.96      3.09     5     -.7    2103     0   0   0   0      31.172   -76.800
0101    50.0   759.5     18.62     89.3    2095   163     3.28      -.95      3.14     5     -.7    2095     0   0   0   0      31.172   -76.800
0102    50.5   760.2     18.66     89.1    2087   164     3.35      -.92      3.22     5     -.7    2088     0   0   0   0      31.172   -76.800
0103    51.0   760.8     18.71     88.8    2080   166     3.42      -.85      3.31     5     -.7    2081     0   0   0   0      31.172   -76.800
0104    51.5   761.5     18.75     88.5    2073   167     3.48      -.77      3.39     5     -.8    2073     0   0   0   0      31.172   -76.800
0105    52.0   762.1     18.80     88.1    2065   169     3.50      -.68      3.43     5     -.8    2066     0   0   0   0      31.172   -76.800
0106    52.5   762.8     18.85     87.8    2058   170     3.47      -.59      3.42     5     -.8    2059     0   0   0   0      31.172   -76.800
0107    53.0   763.4     18.90     87.7    2050   171     3.40      -.51      3.36     5     -.8    2051     0   0   0   0      31.172   -76.800
0108    53.5   764.1     18.95     87.8    2043   172     3.29      -.45      3.26     5     -.9    2044     0   0   0   3      31.172   -76.800
0109    54.0   764.7     19.00     88.0    2036   173     3.17      -.41      3.14     5     -.9    2036     0   0   0   0      31.172   -76.800
0110    54.5   765.4     19.04     88.4    2028   173     3.05      -.38      3.03     5     -.9    2029     0   0   0   0      31.172   -76.800
0111    55.0   766.1     19.08     88.9    2021   173     2.96      -.37      2.94     5     -.9    2021     0   0   0   0      31.172   -76.800
0112    55.5   766.7     19.12     89.4    2013   173     2.90      -.36      2.87     5    -1.0    2014     0   0   0   0      31.172   -76.800
0113    56.0   767.4     19.17     89.7    2006   173     2.86      -.35      2.84     5    -1.0    2006     0   0   0   0      31.172   -76.800
0114    56.5   768.1     19.21     89.8    1998   173     2.85      -.35      2.83     5    -1.0    1999     0   0   0   0      31.172   -76.800
0115    57.0   768.7     19.26     89.6    1991   173     2.84      -.35      2.82     5    -1.0    1992     0   0   0   0      31.172   -76.800
0116    57.5   769.4     19.30     89.2    1983   173     2.83      -.36      2.81     5    -1.0    1984     0   0   0   0      31.172   -76.800
0117    58.0   770.1     19.34     88.5    1976   172     2.82      -.38      2.79     5    -1.0    1977     0   0   0   0      31.172   -76.800
0118    58.5   770.7     19.38     87.7    1968   171     2.80      -.42      2.76     5     -.9    1969     0   0   0   0      31.172   -76.800
0119    59.0   771.4     19.42     86.8    1961   170     2.78      -.47      2.74     5     -.9    1962     0   0   0   0      31.172   -76.800
0120    59.5   772.0     19.45     86.0    1953   169     2.77      -.54      2.71     5     -.8    1954     0   0   0   0      31.172   -76.800
0121    60.0   772.7     19.49     85.4    1946   167     2.77      -.61      2.70     5     -.8    1947     0   0   0   0      31.172   -76.800
0122    60.5   773.4     19.52     85.0    1939   166     2.79      -.68      2.71     5     -.7    1940     0   0   0   3      31.172   -76.800
0123    61.0   774.0     19.55     84.8    1932   165     2.83      -.73      2.73     5     -.7    1932     0   0   0   3      31.172   -76.800
0124    61.5   774.7     19.58     84.9    1924   165     2.87      -.76      2.77     5     -.6    1925     0   0   0   0      31.172   -76.800
0125    62.0   775.3     19.61     85.1    1917   165     2.90      -.75      2.80     5     -.6    1918     0   0   0   0      31.172   -76.800
0126    62.5   776.0     19.64     85.3    1910   166     2.90      -.70      2.82     5     -.6    1911     0   0   0   0      31.172   -76.800
0127    63.0   776.6     19.67     85.5    1903   168     2.88      -.62      2.81     5     -.6    1903     0   0   0   0      31.172   -76.800
0128    63.5   777.2     19.71     85.5    1895   170     2.83      -.51      2.78     5     -.6    1896     0   0   0   0      31.172   -76.800
0129    64.0   777.9     19.74     85.5    1888   172     2.76      -.40      2.73     5     -.6    1889     0   0   0   0      31.172   -76.800
0130    64.5   778.5     19.77     85.5    1881   174     2.68      -.29      2.66     5     -.6    1882     0   0   0   0      31.172   -76.800
0131    65.0   779.2     19.81     85.4    1874   175     2.59      -.20      2.58     5     -.6    1874     0   0   0   0      31.172   -76.800
0132    65.5   779.9     19.84     85.4    1866   176     2.50      -.15      2.49     5     -.6    1867     0   0   0   3      31.172   -76.800
0133    66.0   780.5     19.87     85.6    1859   177     2.42      -.14      2.42     5     -.6    1860     0   0   0   3      31.172   -76.800
0134    66.5   781.2     19.90     85.9    1852   176     2.36      -.16      2.36     5     -.6    1853     0   0   0   0      31.172   -76.800
0135    67.0   781.8     19.92     86.3    1845   175     2.31      -.19      2.30     5     -.5    1845     0   0   0   0      31.172   -76.800
0136    67.5   782.5     19.94     86.7    1837   174     2.27      -.23      2.26     5     -.5    1838     0   0   0   0      31.172   -76.800
0137    68.0   783.1     19.96     87.2    1830   174     2.23      -.25      2.21     5     -.5    1831     0   0   0   0      31.172   -76.800
0138    68.5   783.7     19.98     87.5    1823   174     2.17      -.24      2.16     5     -.5    1824     0   0   0   0      31.172   -76.800
0139    69.0   784.4     19.99     87.8    1816   174     2.11      -.22      2.10     5     -.5    1817     0   0   0   3      31.172   -76.800
0140    69.5   785.0     20.01     87.9    1809   175     2.03      -.17      2.03     5     -.5    1810     0   0   0   0      31.172   -76.800
0141    70.0   785.7     20.02     87.9    1802   177     1.96      -.11      1.95     5     -.5    1803     0   0   0   3      31.172   -76.800
0142    70.5   786.3     20.04     87.9    1795   178     1.89      -.05      1.89     5     -.5    1795     0   0   0   0      31.172   -76.800
0143    71.0   787.0     20.06     87.9    1787   180     1.84      -.01      1.84     5     -.6    1788     0   0   0   3      31.172   -76.800
0144    71.5   787.6     20.08     87.9    1780   181     1.82       .02      1.82     5     -.6    1781     0   0   0   0      31.172   -76.800
0145    72.0   788.3     20.11     88.1    1773   181     1.84       .03      1.84     5     -.6    1774     0   0   0   0      31.172   -76.800
0146    72.5   789.0     20.13     88.3    1766   181     1.89       .04      1.89     5     -.6    1767     0   0   0   0      31.172   -76.800
0147    73.0   789.6     20.16     88.5    1759   181     1.97       .04      1.97     5     -.6    1759     0   0   0   0      31.172   -76.800
0148    73.5   790.3     20.19     88.8    1751   182     2.05       .06      2.05     5     -.6    1752     0   0   0   0      31.172   -76.800
0149    74.0   790.9     20.21     89.0    1744   182     2.11       .08      2.11     5     -.6    1745     0   0   0   3      31.172   -76.800
0150    74.5   791.6     20.24     89.1    1737   184     2.14       .13      2.13     5     -.6    1738     0   0   0   0      31.172   -76.800
0151    75.0   792.2     20.27     89.1    1730   185     2.11       .19      2.11     5     -.6    1731     0   0   0   0      31.172   -76.800
0152    75.5   792.9     20.30     88.8    1723   188     2.04       .27      2.02     5     -.6    1723     0   0   0   0      31.172   -76.800
0153    76.0   793.5     20.34     88.4    1716   190     1.91       .34      1.88     5     -.6    1716     0   0   0   3      31.172   -76.800
0154    76.5   794.2     20.37     87.9    1708   193     1.76       .40      1.72     5     -.5    1709     0   0   0   0      31.172   -76.800
0155    77.0   794.9     20.40     87.4    1701   196     1.62       .44      1.55     5     -.5    1702     0   0   0   0      31.172   -76.800
0156    77.5   795.5     20.44     87.0    1694   198     1.50       .45      1.43     5     -.5    1695     0   0   0   3      31.172   -76.800
0157    78.0   796.2     20.47     86.7    1687   198     1.43       .44      1.36     5     -.4    1688     0   0   0   0      31.172   -76.800
0158    78.5   796.8     20.50     86.7    1680   196     1.42       .40      1.36     5     -.4    1681     0   0   0   0      31.172   -76.800
0159    79.0   797.4     20.54     86.9    1673   193     1.48       .34      1.44     5     -.4    1674     0   0   0   0      31.172   -76.800
0160    79.5   798.1     20.57     87.3    1666   190     1.60       .27      1.58     5     -.5    1667     0   0   0   3      31.172   -76.800
0161    80.0   798.7     20.61     87.8    1659   187     1.74       .20      1.73     5     -.5    1660     0   0   0   0      31.172   -76.800
0162    80.5   799.4     20.65     88.3    1652   184     1.88       .14      1.87     5     -.6    1652     0   0   0   0      31.172   -76.800
0163    81.0   800.1     20.68     88.6    1644   183     1.98       .09      1.98     5     -.6    1645     0   0   0   0      31.172   -76.800
0164    81.5   800.7     20.72     88.8    1637   182     2.05       .06      2.05     5     -.6    1638     0   0   0   0      31.172   -76.800
0165    82.0   801.4     20.76     88.8    1630   181     2.07       .04      2.07     5     -.6    1631     0   0   0   3      31.172   -76.800
0166    82.5   802.0     20.80     88.6    1623   181     2.06       .02      2.06     5     -.6    1624     0   0   0   0      31.172   -76.800
0167    83.0   802.7     20.83     88.4    1616   180     2.06       .00      2.06     6     -.6    1616     0   0   0   0      31.172   -76.800
0168    83.5   803.4     20.87     88.1    1609   179     2.07      -.02      2.07     6     -.5    1609     0   0   0   0      31.172   -76.800
0169    84.0   804.0     20.90     87.8    1601   179     2.11      -.05      2.10     6     -.5    1602     0   0   0   0      31.172   -76.800
0170    84.5   804.7     20.94     87.6    1594   178     2.17      -.09      2.16     6     -.5    1595     0   0   0   0      31.172   -76.800
0171    85.0   805.3     20.98     87.4    1587   177     2.24      -.13      2.24     6     -.4    1588     0   0   0   0      31.172   -76.800
0172    85.5   806.0     21.03     87.3    1580   176     2.31      -.16      2.30     6     -.4    1581     0   0   0   0      31.172   -76.800
0173    86.0   806.6     21.07     87.2    1573   175     2.35      -.19      2.34     6     -.4    1574     0   0   0   0      31.172   -76.800
0174    86.5   807.3     21.12     87.1    1566   175     2.35      -.20      2.34     6     -.4    1567     0   0   0   0      31.172   -76.800
0175    87.0   807.9     21.17     87.0    1559   175     2.30      -.21      2.30     6     -.5    1560     0   0   0   0      31.172   -76.800
0176    87.5   808.6     21.22     86.8    1552   175     2.22      -.20      2.21     6     -.5    1553     0   0   0   0      31.172   -76.800
0177    88.0   809.2     21.26     86.7    1545   175     2.11      -.19      2.10     6     -.5    1546     0   0   0   0      31.172   -76.800
0178    88.5   809.9     21.31     86.5    1538   175     1.98      -.17      1.97     6     -.5    1539     0   0   0   0      31.173   -76.800
0179    89.0   810.6     21.35     86.4    1531   175     1.84      -.15      1.83     6     -.5    1532     0   0   0   0      31.173   -76.800
0180    89.5   811.2     21.39     86.2    1524   176     1.71      -.13      1.71     6     -.5    1525     0   0   0   3      31.173   -76.800
0181    90.0   811.9     21.43     86.2    1517   176     1.60      -.12      1.60     6     -.5    1517     0   0   0   0      31.173   -76.800
0182    90.5   812.6     21.46     86.1    1510   175     1.52      -.12      1.52     6     -.5    1510     0   0   0   3      31.173   -76.800
0183    91.0   813.2     21.49     86.1    1503   175     1.47      -.13      1.47     6     -.5    1503     0   0   0   0      31.173   -76.800
0184    91.5   813.9     21.52     86.2    1496   174     1.46      -.15      1.45     6     -.4    1496     0   0   0   0      31.173   -76.800
0185    92.0   814.5     21.54     86.2    1489   173     1.48      -.17      1.47     6     -.4    1489     0   0   0   0      31.173   -76.800
0186    92.5   815.2     21.56     86.3    1482   173     1.52      -.18      1.51     6     -.3    1482     0   0   0   0      31.173   -76.800
0187    93.0   815.8     21.58     86.3    1475   174     1.58      -.16      1.57     6     -.3    1475     3   3   3   0      31.173   -76.800
0188    93.5   816.5     21.61     86.2    1468   176     1.64      -.11      1.63     6     -.3    1468     0   0   0   3      31.173   -76.800
0189    94.0   817.1     21.63     86.2    1461   179     1.68      -.03      1.68     6     -.3    1462     0   0   0   0      31.173   -76.800
0190    94.5   817.8     21.65     86.1    1454   182     1.69       .07      1.69     6     -.3    1455     0   0   0   0      31.173   -76.800
0191    95.0   818.4     21.68     86.0    1447   186     1.68       .16      1.67     6     -.3    1448     0   0   0   0      31.173   -76.800
0192    95.5   819.1     21.70     86.0    1440   188     1.63       .24      1.61     6     -.4    1441     0   0   0   0      31.173   -76.800
0193    96.0   819.7     21.73     86.0    1433   190     1.56       .27      1.54     6     -.4    1434     3   3   3   0      31.173   -76.800
0194    96.5   820.4     21.75     86.0    1426   190     1.48       .25      1.46     6     -.4    1427     0   0   0   0      31.173   -76.800
0195    97.0   821.0     21.77     86.1    1419   187     1.41       .18      1.40     6     -.4    1420     0   0   0   0      31.173   -76.800
0196    97.5   821.7     21.79     86.2    1412   183     1.38       .06      1.38     6     -.4    1413     0   0   0   0      31.173   -76.800
0197    98.0   822.4     21.81     86.3    1405   177     1.40      -.07      1.40     6     -.4    1406     3   3   3   3      31.173   -76.800
0198    98.5   823.0     21.83     86.4    1398   172     1.46      -.19      1.45     6     -.4    1399     0   0   0   0      31.173   -76.800
0199    99.0   823.7     21.86     86.4    1391   169     1.55      -.29      1.52     6     -.4    1392     0   0   0   0      31.173   -76.800
0200    99.5   824.3     21.88     86.3    1384   167     1.62      -.35      1.59     6     -.4    1385     0   0   0   3      31.173   -76.800
0201   100.0   825.0     21.91     86.3    1377   167     1.67      -.37      1.63     6     -.4    1378     0   0   0   0      31.173   -76.800
0202   100.5   825.6     21.94     86.2    1370   168     1.67      -.36      1.63     6     -.4    1371     0   0   0   0      31.173   -76.800
0203   101.0   826.3     21.97     86.1    1363   168     1.62      -.33      1.59     6     -.3    1364     0   0   0   0      31.173   -76.800
0204   101.5   827.0     22.00     86.0    1356   169     1.55      -.29      1.53     6     -.3    1357     0   0   0   0      31.173   -76.800
0205   102.0   827.6     22.03     86.0    1349   170     1.47      -.26      1.45     6     -.3    1350     0   0   0   0      31.173   -76.800
0206   102.5   828.3     22.05     86.0    1343   170     1.40      -.24      1.38     6     -.3    1343     0   0   0   3      31.173   -76.800
0207   103.0   828.9     22.07     86.1    1336   170     1.35      -.23      1.33     6     -.3    1336     0   0   0   0      31.173   -76.800
0208   103.5   829.6     22.09     86.3    1329   171     1.33      -.21      1.31     6     -.3    1330     0   0   0   0      31.173   -76.800
0209   104.0   830.2     22.10     86.4    1322   172     1.32      -.18      1.31     6     -.4    1323     0   0   0   0      31.173   -76.800
0210   104.5   830.9     22.11     86.5    1315   174     1.33      -.14      1.32     6     -.4    1316     0   0   0   0      31.173   -76.800
0211   105.0   831.5     22.12     86.6    1308   176     1.32      -.09      1.32     6     -.4    1309     0   0   0   0      31.173   -76.800
0212   105.5   832.2     22.13     86.6    1301   179     1.31      -.03      1.31     6     -.4    1302     0   0   0   0      31.173   -76.800
0213   106.0   832.9     22.15     86.6    1294   182     1.29       .04      1.29     6     -.3    1295     0   0   0   0      31.173   -76.800
0214   106.5   833.5     22.16     86.5    1287   185     1.27       .10      1.26     6     -.3    1288     0   0   0   0      31.173   -76.800
0215   107.0   834.2     22.18     86.5    1280   187     1.26       .16      1.25     6     -.2    1281     0   0   0   0      31.173   -76.800
0216   107.5   834.8     22.20     86.4    1273   189     1.27       .20      1.26     6     -.2    1274     0   0   0   0      31.173   -76.800
0217   108.0   835.5     22.22     86.4    1267   189     1.33       .22      1.31     6     -.1    1267     0   0   0   0      31.173   -76.800
0218   108.5   836.1     22.24     86.5    1260   189     1.41       .21      1.39     6     -.1    1261     0   0   0   0      31.173   -76.800
0219   109.0   836.8     22.26     86.7    1253   187     1.52       .18      1.51     6     -.1    1254     0   0   0   0      31.173   -76.800
0220   109.5   837.4     22.27     86.9    1246   184     1.64       .12      1.63     6     -.2    1247     0   0   0   0      31.173   -76.800
0221   110.0   838.1     22.28     87.2    1240   181     1.75       .03      1.75     6     -.2    1240     0   0   0   3      31.173   -76.800
0222   110.5   838.7     22.30     87.5    1233   177     1.85      -.09      1.85     6     -.3    1234     0   0   0   0      31.173   -76.800
0223   111.0   839.4     22.31     87.7    1226   173     1.93      -.22      1.92     6     -.4    1227     0   0   0   0      31.173   -76.800
0224   111.5   840.1     22.32     87.9    1219   169     1.99      -.37      1.96     6     -.4    1220     0   0   0   0      31.173   -76.800
0225   112.0   840.7     22.34     87.9    1212   166     2.05      -.51      1.98     6     -.5    1213     0   0   0   3      31.173   -76.800
0226   112.5   841.4     22.36     87.9    1205   163     2.11      -.63      2.01     6     -.5    1206     0   0   0   0      31.173   -76.800
0227   113.0   842.1     22.37     87.9    1198   160     2.17      -.73      2.05     6     -.5    1199     0   0   0   3      31.173   -76.800
0228   113.5   842.7     22.39     87.9    1191   159     2.25      -.80      2.11     6     -.5    1192     0   0   0   0      31.173   -76.800
0229   114.0   843.4     22.40     88.0    1184   159     2.34      -.82      2.19     6     -.5    1185     0   0   0   0      31.173   -76.800
0230   114.5   844.1     22.41     88.1    1177   160     2.42      -.82      2.28     6     -.5    1178     0   0   0   0      31.173   -76.800
0231   115.0   844.7     22.42     88.3    1170   162     2.51      -.79      2.38     6     -.5    1171     0   0   0   3      31.173   -76.800
0232   115.5   845.4     22.43     88.6    1163   163     2.58      -.75      2.47     6     -.4    1164     0   0   0   0      31.173   -76.801
0233   116.0   846.1     22.43     89.0    1156   165     2.65      -.69      2.56     6     -.4    1157     0   0   0   0      31.173   -76.801
0234   116.5   846.8     22.43     89.4    1150   166     2.72      -.65      2.64     6     -.4    1150     0   0   0   0      31.173   -76.801
0235   117.0   847.4     22.43     89.8    1143   167     2.79      -.62      2.72     6     -.4    1143     0   0   0   0      31.173   -76.801
0236   117.5   848.1     22.42     90.2    1136   168     2.87      -.60      2.81     6     -.3    1137     0   0   0   0      31.173   -76.801
0237   118.0   848.7     22.42     90.4    1129   168     2.97      -.61      2.90     6     -.4    1130     0   0   0   0      31.173   -76.801
0238   118.5   849.4     22.43     90.6    1122   168     3.08      -.63      3.01     6     -.4    1123     0   0   0   0      31.173   -76.801
0239   119.0   850.1     22.43     90.7    1115   168     3.20      -.67      3.12     6     -.4    1116     0   0   0   0      31.173   -76.801
0240   119.5   850.7     22.45     90.7    1109   167     3.31      -.72      3.23     6     -.4    1109     0   0   0   0      31.173   -76.801
0241   120.0   851.4     22.46     90.6    1102   167     3.40      -.76      3.32     6     -.5    1102     0   0   0   0      31.173   -76.801
0242   120.5   852.1     22.49     90.4    1095   167     3.47      -.80      3.37     6     -.5    1095     0   0   0   0      31.173   -76.801
0243   121.0   852.8     22.52     90.3    1088   166     3.49      -.83      3.39     6     -.5    1088     0   0   0   0      31.173   -76.801
0244   121.5   853.4     22.55     90.2    1081   166     3.48      -.85      3.38     6     -.4    1082     0   0   0   0      31.173   -76.801
0245   122.0   854.1     22.58     90.1    1074   166     3.45      -.86      3.34     6     -.4    1075     0   0   0   0      31.173   -76.801
0246   122.5   854.8     22.61     90.1    1067   165     3.39      -.86      3.28     6     -.3    1068     0   0   0   0      31.173   -76.801
0247   123.0   855.4     22.64     90.2    1060   165     3.35      -.86      3.23     6     -.3    1061     0   0   0   0      31.173   -76.801
0248   123.5   856.1     22.67     90.4    1054   165     3.31      -.87      3.19     6     -.2    1054     0   0   0   0      31.173   -76.801
0249   124.0   856.7     22.69     90.6    1047   164     3.30      -.89      3.18     6     -.2    1048     0   0   0   0      31.173   -76.801
0250   124.5   857.4     22.71     90.8    1040   164     3.32      -.92      3.19     5     -.2    1041     0   0   0   0      31.173   -76.801
0251   125.0   858.1     22.72     90.9    1033   164     3.36      -.95      3.22     5     -.2    1034     0   0   0   0      31.173   -76.801
0252   125.5   858.7     22.74     90.8    1027   163     3.41      -.98      3.27     6     -.3    1027     0   0   0   0      31.173   -76.801
0253   126.0   859.4     22.76     90.7    1020   163     3.47     -1.01      3.32     6     -.3    1021     0   0   0   0      31.173   -76.801
0254   126.5   860.1     22.78     90.6    1013   163     3.52     -1.02      3.37     6     -.3    1014     0   0   0   0      31.173   -76.801
0255   127.0   860.7     22.81     90.4    1006   163     3.55     -1.03      3.40     6     -.3    1007     0   0   0   0      31.173   -76.801
0256   127.5   861.4     22.83     90.2     999   163     3.57     -1.03      3.42     6     -.3    1000     0   0   0   0      31.173   -76.801
0257   128.0   862.1     22.86     90.1     993   163     3.58     -1.03      3.42     6     -.3     993     0   0   0   0      31.173   -76.801
0258   128.5   862.7     22.88     90.1     986   163     3.58     -1.05      3.42     6     -.3     987     0   0   0   0      31.173   -76.801
0259   129.0   863.4     22.91     90.2     979   163     3.58     -1.07      3.42     6     -.3     980     0   0   0   0      31.173   -76.801
0260   129.5   864.1     22.93     90.4     972   162     3.59     -1.11      3.42     6     -.3     973     0   0   0   0      31.173   -76.801
0261   130.0   864.7     22.96     90.7     966   161     3.61     -1.17      3.42     6     -.3     966     0   0   0   0      31.173   -76.801
0262   130.5   865.4     22.98     90.9     959   161     3.65     -1.21      3.44     6     -.3     960     0   0   0   0      31.173   -76.801
0263   131.0   866.1     23.00     91.2     952   160     3.68     -1.25      3.46     6     -.3     953     0   0   0   0      31.173   -76.801
0264   131.5   866.7     23.03     91.4     945   160     3.72     -1.26      3.50     6     -.3     946     0   0   0   0      31.173   -76.801
0265   132.0   867.4     23.05     91.5     938   161     3.75     -1.25      3.53     6     -.3     939     0   0   0   3      31.173   -76.801
0266   132.5   868.1     23.07     91.6     932   161     3.77     -1.21      3.57     6     -.3     932     0   0   0   0      31.173   -76.801
0267   133.0   868.7     23.09     91.7     925   162     3.78     -1.15      3.60     6     -.3     926     0   0   0   0      31.173   -76.801
0268   133.5   869.4     23.11     91.8     918   163     3.78     -1.09      3.62     6     -.3     919     0   0   0   0      31.173   -76.801
0269   134.0   870.1     23.13     91.9     911   164     3.78     -1.04      3.63     6     -.3     912     0   0   0   0      31.173   -76.801
0270   134.5   870.7     23.16     92.1     905   165     3.77     -1.01      3.63     6     -.4     905     0   0   0   0      31.173   -76.801
0271   135.0   871.4     23.18     92.2     898   165     3.75     -1.00      3.61     6     -.4     899     0   0   0   0      31.173   -76.801
0272   135.5   872.1     23.20     92.4     891   164     3.73     -1.01      3.59     6     -.4     892     0   0   0   0      31.174   -76.801
0273   136.0   872.8     23.23     92.5     884   164     3.71     -1.04      3.57     6     -.4     885     0   0   0   0      31.174   -76.801
0274   136.5   873.5     23.26     92.6     877   163     3.72     -1.06      3.56     6     -.4     878     0   0   0   0      31.174   -76.801
0275   137.0   874.1     23.29     92.7     871   163     3.74     -1.09      3.58     6     -.4     871     0   0   0   0      31.174   -76.801
0276   137.5   874.8     23.32     92.8     864   163     3.80     -1.11      3.64     6     -.4     865     0   0   0   0      31.174   -76.801
0277   138.0   875.5     23.34     92.9     857   163     3.89     -1.13      3.72     6     -.4     858     0   0   0   0      31.174   -76.801
0278   138.5   876.2     23.37     93.0     850   163     4.00     -1.14      3.84     6     -.4     851     0   0   0   0      31.174   -76.801
0279   139.0   876.8     23.40     93.0     844   164     4.13     -1.17      3.97     6     -.5     844     0   0   0   0      31.174   -76.801
0280   139.5   877.5     23.42     93.1     837   164     4.26     -1.20      4.09     6     -.5     838     0   0   0   0      31.174   -76.801
0281   140.0   878.2     23.45     93.1     830   164     4.37     -1.24      4.19     6     -.6     831     0   0   0   0      31.174   -76.801
0282   140.5   878.9     23.48     93.2     823   163     4.45     -1.28      4.26     6     -.6     824     0   0   0   0      31.174   -76.801
0283   141.0   879.6     23.51     93.2     816   163     4.50     -1.31      4.30     6     -.6     817     0   0   0   0      31.174   -76.801
0284   141.5   880.3     23.55     93.1     809   163     4.50     -1.32      4.31     6     -.6     810     0   0   0   0      31.174   -76.801
0285   142.0   881.0     23.58     93.0     802   163     4.48     -1.31      4.29     6     -.6     803     0   0   0   0      31.174   -76.801
0286   142.5   881.7     23.62     92.9     795   163     4.44     -1.27      4.26     6     -.7     796     0   0   0   0      31.174   -76.801
0287   143.0   882.3     23.66     92.7     789   164     4.40     -1.22      4.23     6     -.7     789     0   0   0   0      31.174   -76.801
0288   143.5   883.0     23.69     92.6     782   165     4.35     -1.16      4.20     6     -.7     783     0   0   0   0      31.174   -76.801
0289   144.0   883.7     23.73     92.4     775   165     4.31     -1.10      4.17     6     -.7     776     0   0   0   0      31.174   -76.801
0290   144.5   884.4     23.76     92.3     768   166     4.26     -1.05      4.13     6     -.8     769     0   0   0   0      31.174   -76.801
0291   145.0   885.1     23.80     92.1     761   166     4.21     -1.02      4.09     6     -.9     762     0   0   0   0      31.174   -76.801
0292   145.5   885.8     23.83     92.0     754   166     4.16     -1.00      4.03     6     -.9     755     0   0   0   0      31.174   -76.801
0293   146.0   886.5     23.87     91.9     747   166     4.10     -1.00      3.97     6     -.9     748     0   0   0   0      31.174   -76.801
0294   146.5   887.2     23.90     91.9     740   165     4.04     -1.01      3.91     5     -.9     741     0   0   0   0      31.174   -76.801
0295   147.0   888.0     23.94     91.8     733   165     4.01     -1.03      3.87     6     -.9     734     0   0   0   0      31.174   -76.801
0296   147.5   888.7     23.97     91.7     726   165     4.00     -1.04      3.86     6     -.9     727     0   0   0   0      31.174   -76.801
0297   148.0   889.4     24.00     91.7     719   165     4.03     -1.04      3.89     6     -.8     720     0   0   0   0      31.174   -76.801
0298   148.5   890.1     24.04     91.6     712   165     4.10     -1.04      3.96     6     -.7     713     0   0   0   0      31.174   -76.801
0299   149.0   890.8     24.07     91.7     705   166     4.19     -1.04      4.05     6     -.6     706     0   0   0   0      31.174   -76.801
0300   149.5   891.4     24.10     91.7     698   166     4.28     -1.05      4.15     6     -.5     699     0   0   0   0      31.174   -76.801
0301   150.0   892.1     24.12     91.8     691   166     4.37     -1.05      4.24     6     -.4     692     0   0   0   0      31.174   -76.801
0302   150.5   892.8     24.15     91.9     685   166     4.44     -1.07      4.31     6     -.4     686     0   0   0   0      31.174   -76.801
0303   151.0   893.5     24.17     92.1     678   166     4.48     -1.09      4.34     6     -.4     679     0   0   0   0      31.174   -76.801
0304   151.5   894.2     24.20     92.2     671   165     4.48     -1.12      4.34     6     -.3     672     0   0   0   0      31.174   -76.801
0305   152.0   894.8     24.22     92.2     665   165     4.47     -1.16      4.32     6     -.4     666     0   0   0   0      31.174   -76.801
0306   152.5   895.5     24.24     92.1     658   164     4.44     -1.20      4.28     6     -.4     659     0   0   0   0      31.174   -76.801
0307   153.0   896.2     24.27     92.0     651   164     4.42     -1.24      4.24     6     -.4     652     0   0   0   0      31.174   -76.801
0308   153.5   896.9     24.29     91.9     645   163     4.39     -1.27      4.21     6     -.5     645     0   0   0   0      31.174   -76.801
0309   154.0   897.6     24.33     91.7     638   163     4.37     -1.29      4.18     6     -.5     639     0   0   0   0      31.174   -76.801
0310   154.5   898.3     24.36     91.6     631   163     4.34     -1.29      4.15     6     -.6     632     0   0   0   0      31.174   -76.801
0311   155.0   899.0     24.39     91.5     624   163     4.31     -1.27      4.11     6     -.6     625     0   0   0   0      31.174   -76.801
0312   155.5   899.7     24.41     91.6     617   163     4.25     -1.23      4.07     6     -.6     618     0   0   0   0      31.174   -76.801
0313   156.0   900.4     24.42     91.8     610   164     4.17     -1.16      4.01     6     -.6     611     0   0   0   0      31.174   -76.801
0314   156.5   901.1     24.43     92.0     604   165     4.09     -1.09      3.94     6     -.6     604     0   0   0   0      31.174   -76.801
0315   157.0   901.8     24.42     92.4     597   165     3.99     -1.00      3.87     6     -.6     598     0   0   0   0      31.174   -76.801
0316   157.5   902.5     24.41     92.8     590   166     3.91      -.94      3.80     6     -.5     591     0   0   0   0      31.174   -76.801
0317   158.0   903.1     24.40     93.1     583   166     3.86      -.91      3.75     6     -.5     584     3   3   3   3      31.174   -76.801
0318   158.5   903.8     24.38     93.4     577   166     3.83      -.93      3.71     6     -.5     577     0   0   0   0      31.174   -76.801
0319   159.0   904.5     24.37     93.6     570   165     3.83     -1.02      3.70     6     -.5     571     0   0   0   0      31.174   -76.801
0320   159.5   905.2     24.37     93.8     563   162     3.87     -1.17      3.69     6     -.5     564     0   0   0   0      31.174   -76.801
0321   160.0   905.9     24.37     94.0     557   160     3.94     -1.36      3.70     6     -.5     557     0   0   0   0      31.174   -76.801
0322   160.5   906.6     24.38     94.1     550   157     4.02     -1.56      3.71     6     -.5     551     0   0   0   0      31.174   -76.801
0323   161.0   907.3     24.39     94.2     543   155     4.10     -1.74      3.71     6     -.5     544     0   0   0   0      31.174   -76.801
0324   161.5   908.0     24.40     94.4     536   153     4.15     -1.88      3.70     6     -.5     537     0   0   0   0      31.174   -76.801
0325   162.0   908.7     24.42     94.5     530   152     4.17     -1.95      3.69     6     -.5     530     0   0   0   0      31.174   -76.801
0326   162.5   909.3     24.44     94.7     523   152     4.15     -1.94      3.67     6     -.5     524     0   0   0   0      31.174   -76.801
0327   163.0   910.0     24.45     94.8     516   153     4.09     -1.86      3.64     6     -.5     517     0   0   0   0      31.174   -76.801
0328   163.5   910.7     24.47     94.9     510   154     4.01     -1.74      3.62     6     -.5     510     0   0   0   0      31.175   -76.801
0329   164.0   911.4     24.49     95.0     503   156     3.93     -1.60      3.59     6     -.5     504     0   0   0   0      31.175   -76.801
0330   164.5   912.1     24.51     95.1     496   157     3.85     -1.48      3.56     6     -.5     497     0   0   0   0      31.175   -76.801
0331   165.0   912.8     24.53     95.2     489   158     3.80     -1.41      3.53     6     -.6     490     0   0   0   0      31.175   -76.801
0332   165.5   913.5     24.55     95.3     483   158     3.77     -1.39      3.50     6     -.6     483     0   0   0   0      31.175   -76.801
0333   166.0   914.2     24.57     95.4     476   158     3.77     -1.44      3.48     6     -.6     477     0   0   0   0      31.175   -76.801
0334   166.5   914.9     24.59     95.5     469   156     3.79     -1.52      3.48     6     -.6     470     0   0   0   0      31.175   -76.801
0335   167.0   915.6     24.61     95.6     462   155     3.84     -1.63      3.48     6     -.6     463     0   0   0   0      31.175   -76.801
0336   167.5   916.3     24.62     95.7     456   154     3.90     -1.72      3.50     6     -.6     456     0   0   0   0      31.175   -76.801
0337   168.0   917.0     24.63     95.7     449   153     3.96     -1.79      3.53     6     -.6     450     0   0   0   0      31.175   -76.801
0338   168.5   917.7     24.64     95.8     442   153     3.99     -1.81      3.55     6     -.5     443     0   0   0   0      31.175   -76.801
0339   169.0   918.4     24.66     95.9     435   153     3.99     -1.80      3.56     6     -.5     436     0   0   0   0      31.175   -76.801
0340   169.5   919.1     24.67     95.9     429   154     3.96     -1.76      3.54     6     -.5     430     0   0   0   0      31.175   -76.801
0341   170.0   919.8     24.68     95.9     422   154     3.90     -1.72      3.50     6     -.4     423     0   0   0   0      31.175   -76.801
0342   170.5   920.5     24.69     95.8     415   154     3.82     -1.69      3.43     6     -.4     416     0   0   0   0      31.175   -76.801
0343   171.0   921.2     24.70     95.6     409   153     3.75     -1.68      3.35     6     -.5     410     0   0   0   0      31.175   -76.801
0344   171.5   921.9     24.72     95.4     402   153     3.68     -1.70      3.27     6     -.5     403     0   0   0   0      31.175   -76.801
0345   172.0   922.6     24.74     95.1     396   152     3.64     -1.73      3.20     6     -.5     396     0   0   0   0      31.175   -76.801
0346   172.5   923.3     24.77     94.7     389   151     3.62     -1.75      3.16     6     -.6     390     0   0   0   0      31.175   -76.801
0347   173.0   924.0     24.81     94.3     382   151     3.61     -1.75      3.15     6     -.6     383     0   0   0   0      31.175   -76.801
0348   173.5   924.7     24.85     93.9     375   151     3.61     -1.72      3.17     6     -.6     376     0   0   0   0      31.175   -76.801
0349   174.0   925.4     24.90     93.6     369   152     3.61     -1.67      3.20     6     -.5     369     0   0   0   0      31.175   -76.801
0350   174.5   926.1     24.94     93.4     362   153     3.61     -1.61      3.22     6     -.5     363     0   0   0   0      31.175   -76.801
0351   175.0   926.8     24.99     93.3     355   154     3.60     -1.56      3.24     6     -.4     356     0   0   0   0      31.175   -76.801
0352   175.5   927.5     25.02     93.4     349   155     3.58     -1.54      3.23     6     -.3     349     0   0   0   0      31.175   -76.801
0353   176.0   928.2     25.05     93.7     342   154     3.56     -1.54      3.21     6     -.2     343     0   0   0   0      31.175   -76.801
0354   176.5   928.9     25.06     94.1     336   154     3.54     -1.57      3.17     6     -.2     336     0   0   0   0      31.175   -76.801
0355   177.0   929.5     25.06     94.5     329   153     3.51     -1.61      3.11     6     -.1     330     0   0   0   0      31.175   -76.801
0356   177.5   930.2     25.05     95.0     323   152     3.47     -1.64      3.06     6     -.1     324     0   0   0   0      31.175   -76.801
0357   178.0   930.9     25.03     95.4     316   152     3.43     -1.63      3.02     6     -.1     317     0   0   0   0      31.175   -76.801
0358   178.5   931.6     25.02     95.7     310   152     3.38     -1.57      2.99     6     -.2     311     0   0   0   0      31.175   -76.801
0359   179.0   932.2     25.00     96.0     303   154     3.31     -1.47      2.97     6     -.2     304     0   0   0   0      31.175   -76.801
0360   179.5   932.9     24.98     96.2     297   156     3.24     -1.33      2.96     6     -.3     298     0   0   0   0      31.175   -76.801
0361   180.0   933.6     24.97     96.4     290   159     3.19     -1.16      2.97     6     -.3     291     0   0   0   0      31.175   -76.801
0362   180.5   934.3     24.96     96.6     284   162     3.15      -.98      2.99     6     -.4     284     0   0   0   0      31.175   -76.801
0363   181.0   935.0     24.95     96.7     277   165     3.13      -.82      3.02     6     -.4     278     0   0   0   0      31.175   -76.801
0364   181.5   935.7     24.95     96.9     270   168     3.13      -.67      3.06     6     -.4     271     0   0   0   0      31.175   -76.801
0365   182.0   936.4     24.96     97.1     264   170     3.15      -.55      3.10     6     -.4     265     0   0   0   0      31.175   -76.801
0366   182.5   937.1     24.96     97.2     257   172     3.18      -.45      3.15     6     -.4     258     0   0   0   0      31.175   -76.801
0367   183.0   937.8     24.97     97.4     251   173     3.21      -.38      3.19     6     -.4     252     0   0   0   0      31.175   -76.801
0368   183.5   938.5     24.99     97.5     244   174     3.24      -.34      3.22     6     -.3     245     0   0   0   0      31.175   -76.801
0369   184.0   939.2     25.01     97.7     238   174     3.27      -.33      3.26     6     -.3     238     0   0   0   0      31.175   -76.801
0370   184.5   939.9     25.03     97.8     231   174     3.31      -.35      3.29     6     -.3     232     0   0   0   0      31.175   -76.801
0371   185.0   940.6     25.05     97.9     225   173     3.35      -.39      3.33     6     -.2     225     0   0   0   0      31.175   -76.801
0372   185.5   941.3     25.07     98.0     218   172     3.41      -.45      3.38     6     -.2     219     0   0   0   0      31.175   -76.801
0373   186.0   942.0     25.10     98.0     212   171     3.48      -.51      3.44     6     -.2     212     0   0   0   0      31.175   -76.801
0374   186.5   942.6     25.12     98.1     205   171     3.56      -.56      3.51     6     -.2     206     0   0   0   0      31.175   -76.801
0375   187.0   943.3     25.14     98.2     199   171     3.64      -.57      3.60     6     -.2     200     0   0   0   0      31.175   -76.801
0376   187.5   944.0     25.16     98.2     192   171     3.72      -.56      3.68     6     -.3     193     0   0   0   0      31.175   -76.801
0377   188.0   944.7     25.17     98.3     186   172     3.79      -.51      3.76     6     -.3     187     0   0   0   0      31.175   -76.801
0378   188.5   945.4     25.19     98.4     179   173     3.86      -.44      3.84     6     -.4     180     0   0   0   0      31.175   -76.801
0379   189.0   946.1     25.21     98.4     173   174     3.93      -.39      3.91     6     -.5     174     0   0   0   0      31.175   -76.801
0380   189.5   946.8     25.24     98.5     166   175     4.00      -.35      3.99     6     -.5     167     0   0   0   0      31.175   -76.801
0381   190.0   947.5     25.26     98.5     159   175     4.08      -.37      4.07     6     -.6     160     0   0   0   0      31.175   -76.801
0382   190.5   948.3     25.28     98.6     153   174     4.17      -.45      4.15     6     -.6     154     0   0   0   0      31.175   -76.801
0383   191.0   949.0     25.31     98.6     146   172     4.26      -.58      4.22     6     -.6     147     0   0   0   0      31.175   -76.801
0384   191.5   949.7     25.33     98.6     139   170     4.35      -.75      4.28     6     -.6     140     0   0   0   0      31.175   -76.801
0385   192.0   950.4     25.35     98.6     133   168     4.42      -.94      4.32     6     -.5     134     0   0   0   0      31.175   -76.801
0386   192.5   951.1     25.36     98.6     126   165     4.48     -1.13      4.34     6     -.5     127     0   0   0   0      31.175   -76.801
0387   193.0   951.8     25.37     98.6     120   163     4.51     -1.30      4.32     6     -.5     120     0   0   0   0      31.175   -76.801
0388   193.5   952.5     25.38     98.7     113   161     4.53     -1.45      4.29     6     -.4     114     0   0   0   0      31.175   -76.801
0389   194.0   953.2     25.39     98.7     107   160     4.53     -1.57      4.25     6     -.4     107     0   0   0   0      31.175   -76.801
0390   194.5   953.9     25.41     98.8     100   159     4.54     -1.66      4.22     5     -.4     101     0   0   0   0      31.175   -76.801
0391   195.0   954.6     25.42     98.9      94   158     4.54     -1.71      4.21     5     -.5      94     0   0   0   0      31.175   -76.802
0392   195.5   955.3     25.44     98.9      87   158     4.55     -1.74      4.21     5     -.5      88     0   0   0   0      31.176   -76.802
0393   196.0   956.0     25.46     99.0      80   158     4.57     -1.73      4.22     6     -.5      81     0   0   0   0      31.176   -76.802
0394   196.5   956.7     25.48     99.1      74   158     4.58     -1.72      4.24     6     -.6      75     0   0   0   0      31.176   -76.802
0395   197.0   957.5     25.51     99.2      67   158     4.58     -1.69      4.25     6     -.6      68     0   0   0   0      31.176   -76.802
0396   197.5   958.2     25.54     99.2      61   158     4.56     -1.68      4.24     6     -.6      61     0   0   0   0      31.176   -76.802
0397   198.0   958.9     25.57     99.2      54   158     4.52     -1.67      4.20     6     -.6      55     0   0   0   0      31.176   -76.802
0398   198.5   959.6     25.60     99.2      47   158     4.47     -1.68      4.14     6     -.6      48     0   0   0   0      31.176   -76.802
0399   199.0   960.4     25.63     99.2      41   157     4.41     -1.71      4.06     6     -.5      41     0   0   0   0      31.176   -76.802
0400   199.5   961.1     25.66     99.2      34   156     4.34     -1.76      3.97     6     -.5      35     0   0   0   0      31.176   -76.802
0401   200.0   961.8     25.69     99.1      27   154     4.27     -1.84      3.85     6     -.4      28     0   0   0   0      31.176   -76.802
0402   200.5   962.5     25.72     99.0      21   151     4.20     -2.04      3.67     6     -.4      22     0   0   0   0      31.176   -76.802
0403   201.0   963.2     25.76     98.9      15   146     4.22     -2.39      3.48     6     -.3      15     0   0   0   0      31.176   -76.802
0404   201.5   963.9     25.78     98.9       8   143     4.22     -2.56      3.36     6     -.2       9     0   0   0   0      31.176   -76.802
