 ===========================================================================
 DROPWINDSONDE PROCESSING RECORD                            Sonde: 063239043
 PDS file written Sep 24, 2008.                             Format:    V6.08
 Aircraft: N42RF                             Date: 080925   Time: 005944 UTC
 ---------------------------------------------------------------------------
 Bias corrections:  PR =    .0 mb  TE =    .0 C  RH =    .0 %  PRB =   .0 mb
 Filters (LPF):     PTH =  10 s    WIND =  10 s       Hyd anchor =       SFC
 Dyn RH correction =  N     WSHR COR =      Y         Splash PR  = 1007.2 mb
 Estimated PR used =  N     GPS VERR =    .29 m/s     HYD SFCP   = 1008.6 mb
 Dyn T correction  =  Y     WGACORR  =    4.5 m       AC GA ADJ  =     .0 m
 ---------------------------------------------------------------------------
 COMMENTS: none                                                        
 ===========================================================================

 ==============================================================================
 Date: 080925   Lat:  21.57 N   TA:   12.0 C   PS:  760.4 mb   WD:   164 deg
 Time: 005944   Lon:  68.09 W   TD: -999.0 C   GA:   2433 m    WS:  12.6 m/s
 SID:  063239043                RH: -999.0 %   Navaid:   GP          
 ===========================================================================

IX      t (s)  P (mb)    T (C)    RH (%)  Z (m)   WD    WS (m/s)   U (m/s)   V (m/s)  NS  WZ (m/s)  ZW (m)   FP  FT  FH  FW   LAT (N)    LON (E)  ZW (ft)  WS (kt)  WS (mph)  THETAE (K)
0001      .3   761.0     12.04   -999.0    2419   164    12.56     -3.43     12.08  -999  -999.0    2423     3   3   0   3  -999.0000  -999.0000     7951    24.36     28.13     -999.00
0002      .8   761.5     12.09   -999.0    2413   164    12.41     -3.33     11.95  -999  -999.0    2417     3   3   0   3    21.5676    68.0869     7931    24.07     27.79     -999.00
0003     1.3   762.1     12.14   -999.0    2407   164    12.36     -3.30     11.91  -999  -999.0    2411     3   3   0   3    21.5679    68.0874     7911    23.98     27.69     -999.00
0004     1.8   762.6     12.19   -999.0    2401   165    12.32     -3.28     11.88  -999  -999.0    2405     3   3   0   3    21.5684    68.0876     7891    23.90     27.60     -999.00
0005     2.3   763.2     12.24   -999.0    2395   165    12.28     -3.25     11.84  -999  -999.0    2399     3   3   0   3    21.5674    68.0871     7871    23.82     27.50     -999.00
0006     2.8   763.7     12.28   -999.0    2388   165    12.23     -3.22     11.80  -999  -999.0    2393     3   3   0   3    21.5675    68.0872     7851    23.73     27.40     -999.00
0007     3.3   764.3     12.33   -999.0    2382   165    12.19     -3.20     11.76  -999  -999.0    2387     3   3   0   3    21.5676    68.0871     7831    23.65     27.31     -999.00
0008     3.8   764.8     12.38   -999.0    2376   165    12.15     -3.17     11.73  -999  -999.0    2381     3   3   0   3    21.5677    68.0871     7811    23.57     27.21     -999.00
0009     4.3   765.4     12.42   -999.0    2370   165    12.10     -3.13     11.69  -999  -999.0    2375     3   3   0   3    21.5677    68.0871     7791    23.48     27.11     -999.00
0010     4.8   765.9     12.47   -999.0    2364   165    12.06     -3.06     11.66  -999  -999.0    2369     3   3   0   3    21.5678    68.0872     7772    23.39     27.01     -999.00
0011     5.3   766.5     12.52   -999.0    2358   166    12.02     -2.97     11.65  -999  -999.0    2363     3   3   0   3    21.5678    68.0872     7752    23.31     26.92     -999.00
0012     5.8   767.0     12.56   -999.0    2352   166    11.99     -2.88     11.64  -999  -999.0    2357     3   3   0   3    21.5679    68.0872     7732    23.26     26.86     -999.00
0013     6.3   767.6     12.61   -999.0    2346   167    11.97     -2.79     11.64  -999  -999.0    2351     3   3   0   3    21.5679    68.0872     7712    23.22     26.82     -999.00
0014     6.8   768.1     12.66   -999.0    2340   167    11.96     -2.72     11.65  -999  -999.0    2345     3   3   0   3    21.5680    68.0872     7692    23.21     26.79     -999.00
0015     7.3   768.7     12.70   -999.0    2334   167    11.96     -2.65     11.67  -999  -999.0    2339     3   3   0   3    21.5680    68.0872     7672    23.21     26.80     -999.00
0016     7.8   769.2     12.75   -999.0    2328   168    11.97     -2.58     11.69     5  -999.0    2332     3   3   0   0    21.5681    68.0873     7653    23.23     26.82     -999.00
0017     8.3   769.8     12.80   -999.0    2322   168    11.99     -2.53     11.73     5  -999.0    2326     3   3   0   0    21.5682    68.0872     7633    23.27     26.87     -999.00
0018     8.8   770.3     12.85   -999.0    2316   168    12.02     -2.49     11.76     6  -999.0    2320     3   3   0   0    21.5682    68.0873     7613    23.32     26.93     -999.00
0019     9.3   770.9     12.89   -999.0    2310   168    12.05     -2.46     11.79     6  -999.0    2314     3   3   0   0    21.5683    68.0873     7593    23.37     26.99     -999.00
0020     9.8   771.4     12.94   -999.0    2304   168    12.07     -2.45     11.82     6  -999.0    2308     3   3   0   0    21.5684    68.0873     7573    23.42     27.04     -999.00
0021    10.3   772.0     12.99   -999.0    2298   168    12.09     -2.46     11.84     5  -999.0    2302     3   3   0   0    21.5684    68.0873     7554    23.46     27.09     -999.00
0022    10.8   772.5     13.04   -999.0    2292   168    12.11     -2.49     11.85     6  -999.0    2296     3   3   0   0    21.5685    68.0873     7534    23.49     27.12     -999.00
0023    11.3   773.1     13.08   -999.0    2286   168    12.12     -2.53     11.85     6  -999.0    2290     3   3   0   0    21.5685    68.0873     7515    23.51     27.14     -999.00
0024    11.8   773.6     13.12   -999.0    2280   168    12.12     -2.58     11.84     5  -999.0    2285     3   3   0   0    21.5686    68.0873     7495    23.50     27.14     -999.00
0025    12.3   774.1     13.17   -999.0    2274   167    12.10     -2.66     11.81     5  -999.0    2279     3   3   0   0    21.5686    68.0873     7476    23.48     27.11     -999.00
0026    12.8   774.7     13.21     94.0    2268   167    12.08     -2.74     11.77     5  -999.0    2273     3   3   0   0    21.5687    68.0873     7457    23.44     27.06      343.70
0027    13.3   775.2     13.24     95.3    2263   166    12.04     -2.83     11.71     6  -999.0    2267     3   3   3   0    21.5687    68.0873     7438    23.36     26.98      344.22
0028    13.8   775.8     13.28     96.1    2257   166    11.99     -2.91     11.64     6  -999.0    2261     3   3   0   0    21.5688    68.0874     7419    23.27     26.86      344.58
0029    14.3   776.3     13.31     96.4    2251   166    11.94     -2.98     11.56     5  -999.0    2255     3   3   3   0    21.5688    68.0874     7400    23.16     26.74      344.69
0030    14.8   776.8     13.34     96.1    2245   165    11.88     -3.05     11.49     6  -999.0    2250     0   0   0   0    21.5689    68.0874     7380    23.05     26.62      344.61
0031    15.3   777.4     13.37     95.6    2239   165    11.83     -3.11     11.41     5  -999.0    2244     3   3   3   0    21.5690    68.0874     7361    22.94     26.49      344.45
0032    15.8   778.0     13.41     95.2    2233   164    11.77     -3.16     11.34     6      .0    2237     3   3   3   3  -999.0000  -999.0000     7341    22.84     26.37      344.29
0033    15.9   778.5     13.44     94.9    2227   164    11.65     -3.30     11.18     6     -.2    2231     0   0   0   0    21.5690    68.0874     7320    22.61     26.10      344.20
0034    16.4   779.1     13.47     94.8    2220   163    11.62     -3.32     11.14     6     -.5    2225     3   3   3   0    21.5691    68.0874     7299    22.55     26.04      344.17
0035    16.9   779.7     13.50     94.8    2214   164    11.68     -3.25     11.21     5     -.7    2218     3   3   3   0    21.5691    68.0874     7278    22.65     26.15      344.18
0036    17.4   780.3     13.53     94.9    2207   164    11.67     -3.27     11.21     5     -.9    2212     0   0   0   0    21.5692    68.0875     7257    22.65     26.15      344.22
0037    17.9   780.9     13.56     95.1    2201   164    11.69     -3.28     11.22     6      .4    2205     0   0   0   0    21.5692    68.0875     7235    22.68     26.18      344.29
0038    18.4   781.5     13.59     95.3    2194   164    11.72     -3.30     11.25     5      .3    2198     0   0   0   0    21.5693    68.0875     7213    22.74     26.26      344.36
0039    18.9   782.2     13.62     95.5    2187   164    11.77     -3.32     11.30     5      .2    2192     3   3   3   0    21.5693    68.0875     7191    22.84     26.37      344.45
0040    19.4   782.8     13.65     95.7    2180   164    11.84     -3.34     11.36     5      .1    2185     0   0   0   0    21.5694    68.0875     7168    22.96     26.52      344.53
0041    19.9   783.4     13.68     95.9    2174   164    11.92     -3.37     11.43     7      .1    2178     3   3   3   0    21.5694    68.0875     7146    23.12     26.69      344.62
0042    20.4   784.1     13.71     96.1    2167   163    12.01     -3.42     11.51     6      .1    2171     0   0   0   0    21.5695    68.0875     7123    23.29     26.89      344.69
0043    20.9   784.7     13.74     96.4    2160   163    12.11     -3.48     11.60     6      .1    2164     0   0   0   0    21.5695    68.0876     7101    23.49     27.12      344.76
0044    21.4   785.3     13.76     96.5    2153   163    12.21     -3.54     11.69     6      .1    2158     0   0   0   0    21.5695    68.0876     7079    23.69     27.35      344.82
0045    21.9   786.0     13.79     96.7    2146   163    12.32     -3.63     11.78     6      .2    2151     0   0   0   0    21.5696    68.0876     7057    23.90     27.60      344.86
0046    22.4   786.6     13.81     96.9    2140   163    12.43     -3.72     11.86     6      .2    2144     0   0   0   0    21.5696    68.0876     7034    24.12     27.85      344.90
0047    22.9   787.2     13.84     97.0    2133   162    12.54     -3.82     11.94     6      .2    2137     0   0   0   0    21.5697    68.0876     7012    24.33     28.09      344.92
0048    23.4   787.8     13.86     97.1    2126   162    12.64     -3.93     12.02     6      .2    2131     3   3   3   0    21.5697    68.0876     6991    24.53     28.32      344.94
0049    23.9   788.5     13.88     97.2    2120   161    12.74     -4.04     12.08     6      .2    2124     0   0   0   0    21.5698    68.0876     6969    24.71     28.53      344.95
0050    24.4   789.1     13.91     97.3    2113   161    12.82     -4.15     12.13     6      .1    2117     0   0   0   0    21.5699    68.0877     6947    24.87     28.71      344.96
0051    24.9   789.7     13.93     97.3    2106   161    12.88     -4.25     12.16     6      .1    2111     0   0   0   0    21.5699    68.0877     6924    25.00     28.86      344.96
0052    25.4   790.3     13.96     97.3    2099   160    12.93     -4.34     12.18     6      .0    2104     0   0   0   0    21.5700    68.0877     6902    25.09     28.97      344.96
0053    25.9   791.0     13.99     97.4    2092   160    12.96     -4.42     12.18     6     -.1    2097     0   0   0   0    21.5700    68.0877     6880    25.14     29.03      344.96
0054    26.4   791.6     14.02     97.4    2086   160    12.96     -4.49     12.16     6     -.2    2090     0   0   0   0    21.5701    68.0877     6857    25.15     29.04      344.97
0055    26.9   792.3     14.05     97.4    2079   160    12.95     -4.53     12.13     6     -.3    2083     0   0   0   0    21.5701    68.0877     6834    25.12     29.01      344.98
0056    27.4   792.9     14.09     97.3    2072   159    12.92     -4.55     12.09     6     -.4    2076     0   0   0   0    21.5702    68.0878     6811    25.06     28.93      344.99
0057    27.9   793.6     14.13     97.3    2064   159    12.87     -4.56     12.03     6     -.5    2069     0   0   0   0    21.5702    68.0878     6788    24.96     28.82      345.01
0058    28.4   794.3     14.17     97.3    2057   159    12.81     -4.54     11.97     6     -.6    2062     0   0   0   0    21.5703    68.0878     6765    24.85     28.69      345.03
0059    28.9   794.9     14.21     97.2    2050   159    12.74     -4.52     11.91     6     -.6    2055     0   0   0   0    21.5703    68.0878     6741    24.72     28.54      345.05
0060    29.4   795.6     14.26     97.2    2043   159    12.67     -4.48     11.86     6     -.7    2048     0   0   0   0    21.5704    68.0878     6718    24.59     28.39      345.07
0061    29.9   796.3     14.30     97.1    2036   159    12.61     -4.43     11.81     6     -.7    2040     0   0   0   0    21.5704    68.0879     6694    24.47     28.25      345.10
0062    30.4   796.9     14.35     97.1    2029   160    12.56     -4.38     11.77     6     -.7    2033     0   0   0   0    21.5705    68.0879     6671    24.36     28.13      345.13
0063    30.9   797.6     14.39     97.0    2022   160    12.52     -4.34     11.74     6     -.7    2026     0   0   0   0    21.5705    68.0879     6647    24.28     28.04      345.17
0064    31.4   798.3     14.44     97.0    2015   160    12.49     -4.30     11.73     6     -.6    2019     3   3   3   0    21.5706    68.0879     6624    24.24     27.99      345.22
0065    31.9   799.0     14.49     97.0    2007   160    12.49     -4.27     11.73     6     -.6    2012     0   0   0   0    21.5706    68.0880     6601    24.22     27.97      345.28
0066    32.4   799.6     14.54     97.0    2000   160    12.49     -4.25     11.75     6     -.5    2005     0   0   0   0    21.5707    68.0880     6577    24.24     27.99      345.35
0067    32.9   800.3     14.59     97.0    1993   160    12.52     -4.24     11.78     7     -.5    1998     3   3   3   3  -999.0000  -999.0000     6554    24.28     28.04      345.43
0068    33.4   800.9     14.64     97.1    1986   160    12.55     -4.25     11.81     7     -.4    1991     0   0   0   0    21.5708    68.0880     6531    24.35     28.11      345.53
0069    33.9   801.6     14.69     97.2    1979   160    12.59     -4.28     11.84     6     -.3    1984     0   0   0   0    21.5709    68.0880     6508    24.43     28.20      345.64
0070    34.4   802.3     14.74     97.3    1972   160    12.63     -4.32     11.87     6     -.2    1977     0   0   0   0    21.5709    68.0880     6486    24.51     28.30      345.76
0071    34.9   802.9     14.79     97.5    1965   160    12.68     -4.37     11.90     6     -.1    1970     0   0   0   0    21.5710    68.0881     6463    24.60     28.40      345.89
0072    35.4   803.6     14.83     97.6    1959   160    12.72     -4.44     11.92     6      .0    1963     0   0   0   0    21.5710    68.0881     6441    24.68     28.49      346.04
0073    35.9   804.2     14.88     97.8    1952   159    12.75     -4.53     11.92     6      .1    1956     0   0   0   3  -999.0000  -999.0000     6419    24.74     28.57      346.18
0074    36.4   804.8     14.93     98.0    1945   159    12.78     -4.62     11.91     6      .2    1950     0   0   0   0    21.5711    68.0881     6397    24.79     28.62      346.33
0075    36.9   805.5     14.98     98.2    1939   158    12.79     -4.71     11.89     6      .3    1943     0   0   0   0    21.5712    68.0882     6375    24.82     28.66      346.49
0076    37.4   806.1     15.03     98.4    1932   158    12.80     -4.81     11.86     6      .4    1936     3   3   3   0    21.5712    68.0882     6353    24.83     28.67      346.64
0077    37.9   806.7     15.08     98.5    1925   157    12.79     -4.92     11.81     6      .5    1930     0   0   0   0    21.5713    68.0882     6332    24.82     28.66      346.80
0078    38.4   807.3     15.13     98.7    1919   157    12.78     -5.02     11.76     7      .6    1923     3   3   3   0    21.5713    68.0882     6310    24.80     28.63      346.95
0079    38.9   807.9     15.18     98.8    1912   156    12.76     -5.12     11.69     7      .7    1917     0   0   0   3  -999.0000  -999.0000     6289    24.76     28.58      347.09
0080    39.4   808.5     15.23     99.0    1906   156    12.73     -5.21     11.62     7      .8    1911     0   0   0   0    21.5714    68.0883     6268    24.70     28.52      347.23
0081    39.9   809.1     15.28     99.1    1900   155    12.70     -5.31     11.54     7      .9    1904     0   0   0   0    21.5715    68.0883     6248    24.64     28.45      347.36
0082    40.4   809.7     15.33     99.2    1894   155    12.67     -5.40     11.46     7     1.0    1898     0   0   0   0    21.5715    68.0883     6227    24.58     28.38      347.49
0083    40.9   810.3     15.38     99.2    1887   154    12.63     -5.50     11.37     7     1.0    1892     0   0   0   0    21.5716    68.0883     6207    24.51     28.30      347.60
0084    41.4   810.9     15.43     99.3    1881   154    12.60     -5.60     11.29     7     1.1    1886     0   0   0   0    21.5717    68.0884     6186    24.44     28.22      347.71
0085    41.9   811.5     15.47     99.4    1875   153    12.56     -5.71     11.19     7     1.2    1879     3   3   3   0    21.5717    68.0884     6166    24.37     28.14      347.79
0086    42.4   812.1     15.51     99.4    1869   152    12.54     -5.83     11.10     7     1.2    1873     0   0   0   0    21.5718    68.0884     6146    24.32     28.08      347.87
0087    42.9   812.7     15.55     99.4    1863   152    12.51     -5.96     11.00     7     1.3    1867     0   0   0   3  -999.0000  -999.0000     6126    24.27     28.03      347.92
0088    43.4   813.3     15.58     99.4    1857   151    12.50     -6.12     10.90     7     1.4    1861     0   0   0   0    21.5719    68.0885     6106    24.24     27.99      347.96
0089    43.9   813.8     15.61     99.5    1850   150    12.49     -6.29     10.79     7     1.4    1855     0   0   0   0    21.5719    68.0885     6086    24.23     27.98      347.97
0090    44.4   814.4     15.63     99.5    1844   149    12.50     -6.48     10.69     7     1.5    1849     0   0   0   0    21.5720    68.0885     6066    24.24     27.99      347.97
0091    44.9   815.0     15.65     99.5    1839   148    12.51     -6.68     10.58     7     1.6    1843     0   0   0   0    21.5720    68.0886     6047    24.28     28.03      347.95
0092    45.4   815.5     15.67     99.5    1833   147    12.54     -6.90     10.47     7     1.7    1837     0   0   0   0    21.5721    68.0886     6027    24.34     28.10      347.92
0093    45.9   816.1     15.68     99.5    1827   146    12.59     -7.13     10.37     7     1.7    1831     0   0   0   0    21.5721    68.0886     6008    24.42     28.19      347.88
0094    46.4   816.7     15.69     99.5    1821   144    12.64     -7.35     10.28     7     1.8    1825     0   0   0   0    21.5721    68.0887     5989    24.52     28.31      347.83
0095    46.9   817.2     15.71     99.5    1815   143    12.70     -7.58     10.19     7     1.9    1820     3   3   3   0    21.5722    68.0887     5970    24.64     28.45      347.78
0096    47.4   817.8     15.72     99.5    1809   142    12.77     -7.78     10.12     7     2.0    1814     0   0   0   0    21.5722    68.0887     5951    24.77     28.60      347.73
0097    47.9   818.3     15.73     99.5    1804   142    12.83     -7.97     10.06     7     2.0    1808     0   0   0   0    21.5723    68.0888     5932    24.90     28.75      347.69
0098    48.4   818.9     15.75     99.5    1798   141    12.90     -8.14     10.01     7     2.1    1802     0   0   0   0    21.5723    68.0888     5914    25.02     28.89      347.66
0099    48.9   819.4     15.76     99.6    1792   140    12.95     -8.27      9.97     7     2.2    1797     0   0   0   0    21.5724    68.0888     5895    25.13     29.02      347.64
0100    49.4   819.9     15.78     99.6    1787   140    13.00     -8.38      9.94     7     2.2    1791     0   0   0   0    21.5724    68.0889     5877    25.22     29.12      347.63
0101    49.9   820.5     15.80     99.6    1781   140    13.04     -8.45      9.93     7     2.2    1786     0   0   0   0    21.5725    68.0889     5858    25.29     29.20      347.62
0102    50.4   821.0     15.83     99.6    1776   139    13.06     -8.49      9.92     7     2.3    1780     0   0   0   3  -999.0000  -999.0000     5840    25.34     29.25      347.63
0103    50.9   821.5     15.85     99.6    1770   139    13.07     -8.51      9.92     7     2.3    1775     0   0   0   3  -999.0000  -999.0000     5822    25.35     29.28      347.65
0104    51.4   822.1     15.88     99.6    1764   139    13.07     -8.51      9.92     7     2.3    1769     0   0   0   0    21.5726    68.0890     5804    25.35     29.27      347.67
0105    51.9   822.6     15.91     99.6    1759   139    13.06     -8.49      9.92     7     2.3    1763     0   0   0   0    21.5726    68.0891     5785    25.33     29.25      347.69
0106    52.4   823.2     15.94     99.7    1753   140    13.04     -8.46      9.92     7     2.2    1758     0   0   0   3  -999.0000  -999.0000     5767    25.30     29.21      347.71
0107    52.9   823.7     15.97     99.7    1748   140    13.02     -8.43      9.92     7     2.2    1752     0   0   0   0    21.5727    68.0892     5749    25.25     29.16      347.73
0108    53.4   824.2     15.99     99.7    1742   140    12.99     -8.40      9.91     7     2.2    1747     0   0   0   0    21.5728    68.0892     5731    25.20     29.10      347.75
0109    53.9   824.8     16.02     99.7    1737   140    12.96     -8.38      9.88     7     2.2    1741     0   0   0   0    21.5728    68.0892     5712    25.15     29.03      347.76
0110    54.4   825.3     16.04     99.7    1731   140    12.93     -8.38      9.85     7     2.2    1735     0   0   0   0    21.5729    68.0893     5694    25.09     28.97      347.76
0111    54.9   825.9     16.06     99.7    1725   139    12.90     -8.38      9.81     7     2.1    1730     0   0   0   0    21.5729    68.0893     5675    25.03     28.90      347.76
0112    55.4   826.4     16.08     99.7    1720   139    12.87     -8.40      9.76     7     2.1    1724     0   0   0   3  -999.0000  -999.0000     5657    24.98     28.84      347.76
0113    55.9   827.0     16.11     99.8    1714   139    12.85     -8.43      9.70     7     2.1    1719     0   0   0   0    21.5730    68.0894     5638    24.93     28.78      347.76
0114    56.4   827.5     16.13     99.8    1708   139    12.83     -8.47      9.64     7     2.1    1713     0   0   0   3  -999.0000  -999.0000     5620    24.89     28.74      347.75
0115    56.9   828.0     16.15     99.8    1703   138    12.81     -8.51      9.58     7     2.1    1707     0   0   0   3  -999.0000  -999.0000     5601    24.86     28.70      347.75
0116    57.4   828.6     16.17     99.8    1697   138    12.81     -8.57      9.52     7     2.1    1702     0   0   0   3  -999.0000  -999.0000     5583    24.85     28.69      347.75
0117    57.9   829.1     16.19     99.8    1692   138    12.81     -8.62      9.47     7     2.1    1696     0   0   0   3  -999.0000  -999.0000     5564    24.85     28.69      347.75
0118    58.4   829.7     16.22     99.9    1686   137    12.83     -8.68      9.44     7     2.1    1690     0   0   0   3  -999.0000  -999.0000     5546    24.88     28.73      347.77
0119    58.9   830.2     16.24     99.9    1680   137    12.86     -8.75      9.42     7     2.2    1685     0   0   0   0    21.5733    68.0896     5528    24.94     28.80      347.78
0120    59.4   830.8     16.27     99.9    1675   137    12.90     -8.81      9.42     7     2.2    1679     0   0   0   0    21.5733    68.0897     5509    25.03     28.90      347.81
0121    59.9   831.3     16.30     99.9    1669   137    12.97     -8.88      9.45     7     2.2    1674     0   0   0   0    21.5733    68.0897     5491    25.15     29.04      347.84
0122    60.4   831.9     16.33    100.0    1664   137    13.05     -8.96      9.49     7     2.2    1668     0   0   0   0    21.5734    68.0898     5473    25.31     29.22      347.88
0123    60.9   832.4     16.36    100.0    1658   137    13.14     -9.04      9.54     7     2.2    1663     0   0   0   0    21.5734    68.0898     5454    25.50     29.44      347.92
0124    61.4   832.9     16.39    100.0    1652   136    13.25     -9.12      9.61     7     2.2    1657     0   0   0   0    21.5735    68.0899     5436    25.70     29.68      347.96
0125    61.9   833.5     16.43    100.0    1647   136    13.36     -9.21      9.68     7     2.2    1651     0   0   0   0    21.5735    68.0899     5418    25.92     29.93      348.00
0126    62.4   834.0     16.46    100.0    1641   136    13.48     -9.30      9.75     7     2.2    1646     0   0   0   0    21.5736    68.0900     5400    26.15     30.19      348.04
0127    62.9   834.6     16.49    100.0    1636   136    13.59     -9.40      9.81     7     2.3    1640     3   3   3   0    21.5736    68.0900     5382    26.36     30.44      348.08
0128    63.4   835.1     16.53    100.0    1630   136    13.69     -9.49      9.86     7     2.3    1635     0   0   0   3  -999.0000  -999.0000     5364    26.55     30.66      348.11
0129    63.9   835.6     16.56    100.0    1625   136    13.77     -9.57      9.89     7     2.3    1629     0   0   0   0    21.5737    68.0901     5345    26.71     30.84      348.15
0130    64.4   836.2     16.59    100.0    1619   136    13.82     -9.65      9.90     7     2.3    1624     0   0   0   0    21.5737    68.0901     5327    26.82     30.97      348.18
0131    64.9   836.7     16.62    100.0    1614   135    13.86     -9.72      9.88     7     2.3    1618     0   0   0   0    21.5738    68.0902     5309    26.88     31.04      348.21
0132    65.4   837.3     16.65    100.0    1608   135    13.86     -9.78      9.82     7     2.4    1613     0   0   0   3  -999.0000  -999.0000     5291    26.88     31.04      348.24
0133    65.9   837.8     16.68    100.0    1603   135    13.83     -9.82      9.74     7     2.4    1607     0   0   0   0    21.5739    68.0903     5273    26.84     30.99      348.27
0134    66.4   838.3     16.71    100.0    1597   134    13.78     -9.85      9.64     7     2.4    1602     0   0   0   0    21.5739    68.0903     5255    26.74     30.87      348.30
0135    66.9   838.9     16.74    100.0    1592   134    13.71     -9.87      9.51     7     2.5    1596     0   0   0   0    21.5740    68.0904     5238    26.60     30.71      348.34
0136    67.4   839.4     16.78    100.0    1587   133    13.62     -9.88      9.37     7     2.6    1591     0   0   0   0    21.5740    68.0904     5220    26.43     30.51      348.37
0137    67.9   839.9     16.81    100.0    1581   133    13.52     -9.89      9.22     7     2.6    1586     0   0   0   0    21.5740    68.0905     5202    26.24     30.29      348.42
0138    68.4   840.4     16.84    100.0    1576   133    13.42     -9.90      9.07     7     2.7    1580     0   0   0   0    21.5741    68.0905     5185    26.04     30.07      348.47
0139    68.9   840.9     16.88    100.0    1571   132    13.33     -9.90      8.92     7     2.8    1575     0   0   0   3  -999.0000  -999.0000     5168    25.86     29.86      348.53
0140    69.4   841.5     16.92    100.0    1565   132    13.24     -9.91      8.78     7     2.9    1570     0   0   0   0    21.5742    68.0906     5150    25.69     29.66      348.59
0141    69.9   842.0     16.96    100.0    1560   131    13.17     -9.92      8.66     7     3.0    1565     0   0   0   3  -999.0000  -999.0000     5133    25.55     29.50      348.66
0142    70.4   842.5     17.00    100.0    1555   131    13.11     -9.94      8.55     7     3.1    1560     0   0   0   0    21.5742    68.0907     5117    25.43     29.36      348.74
0143    70.9   843.0     17.04    100.0    1550   130    13.07     -9.96      8.46     7     3.1    1554     0   0   0   0    21.5743    68.0907     5100    25.35     29.27      348.82
0144    71.4   843.5     17.08    100.0    1545   130    13.04     -9.98      8.39     7     3.2    1549     0   0   0   3  -999.0000  -999.0000     5083    25.30     29.21      348.90
0145    71.9   844.0     17.12    100.0    1540   130    13.03    -10.01      8.33     7     3.3    1544     0   0   0   3  -999.0000  -999.0000     5067    25.27     29.18      348.99
0146    72.4   844.4     17.16    100.0    1535   130    13.02    -10.04      8.29     7     3.4    1539     0   0   0   0    21.5744    68.0909     5051    25.27     29.17      349.07
0147    72.9   844.9     17.20    100.0    1530   129    13.03    -10.07      8.27     7     3.4    1535     0   0   0   3  -999.0000  -999.0000     5035    25.28     29.18      349.15
0148    73.4   845.4     17.24    100.0    1525   129    13.04    -10.09      8.26     7     3.5    1530     0   0   0   0    21.5745    68.0910     5019    25.29     29.20      349.22
0149    73.9   845.9     17.28    100.0    1520   129    13.05    -10.10      8.25     7     3.5    1525     0   0   0   0    21.5745    68.0910     5003    25.31     29.23      349.29
0150    74.4   846.4     17.31    100.0    1515   129    13.05    -10.11      8.26     7     3.5    1520     0   0   0   0    21.5746    68.0911     4987    25.32     29.24      349.34
0151    74.9   846.8     17.34    100.0    1511   129    13.05    -10.11      8.26     7     3.6    1515     0   0   0   0    21.5746    68.0911     4971    25.33     29.24      349.39
0152    75.4   847.3     17.37    100.0    1506   129    13.05    -10.10      8.26     7     3.6    1510     0   0   0   0    21.5746    68.0912     4955    25.32     29.23      349.42
0153    75.9   847.8     17.40    100.0    1501   129    13.04    -10.08      8.26     7     3.6    1505     0   0   0   3  -999.0000  -999.0000     4939    25.29     29.20      349.44
0154    76.4   848.3     17.42    100.0    1496   129    13.02    -10.06      8.26     7     3.6    1501     0   0   0   0    21.5747    68.0913     4924    25.25     29.16      349.46
0155    76.9   848.7     17.44    100.0    1491   129    12.99    -10.03      8.25     7     3.6    1496     0   0   0   0    21.5747    68.0913     4908    25.20     29.10      349.46
0156    77.4   849.2     17.46    100.0    1487   130    12.96    -10.00      8.25     7     3.6    1491     0   0   0   0    21.5748    68.0914     4892    25.14     29.03      349.45
0157    77.9   849.7     17.48    100.0    1482   130    12.93     -9.96      8.24     7     3.6    1486     0   0   0   0    21.5748    68.0914     4876    25.08     28.96      349.44
0158    78.4   850.2     17.49    100.0    1477   130    12.89     -9.92      8.23     7     3.6    1481     0   0   0   0    21.5749    68.0915     4861    25.01     28.87      349.42
0159    78.9   850.6     17.50    100.0    1472   130    12.85     -9.88      8.22     7     3.6    1477     3   3   3   0    21.5749    68.0915     4845    24.93     28.79      349.39
0160    79.4   851.1     17.52    100.0    1467   130    12.81     -9.84      8.21     7     3.6    1472     0   0   0   3  -999.0000  -999.0000     4829    24.86     28.70      349.36
0161    79.9   851.6     17.53    100.0    1463   130    12.78     -9.80      8.20     7     3.6    1467     0   0   0   0    21.5750    68.0916     4813    24.78     28.62      349.33
0162    80.4   852.1     17.54    100.0    1458   130    12.74     -9.76      8.19     7     3.6    1462     0   0   0   0    21.5750    68.0917     4797    24.71     28.53      349.30
0163    80.9   852.6     17.56    100.0    1453   130    12.70     -9.71      8.19     7     3.6    1457     0   0   0   3  -999.0000  -999.0000     4781    24.64     28.45      349.27
0164    81.4   853.0     17.57    100.0    1448   130    12.67     -9.67      8.19     7     3.6    1453     0   0   0   0    21.5751    68.0918     4766    24.58     28.38      349.24
0165    81.9   853.5     17.58    100.0    1443   130    12.64     -9.62      8.19     7     3.6    1448     0   0   0   3  -999.0000  -999.0000     4750    24.51     28.30      349.22
0166    82.4   854.0     17.60    100.0    1438   131    12.60     -9.57      8.20     7     3.6    1443     0   0   0   3  -999.0000  -999.0000     4734    24.45     28.23      349.19
0167    82.9   854.5     17.61    100.0    1434   131    12.57     -9.53      8.20     7     3.6    1438     0   0   0   0    21.5752    68.0919     4718    24.39     28.17      349.17
0168    83.4   855.0     17.63    100.0    1429   131    12.55     -9.49      8.21     7     3.6    1433     0   0   0   3  -999.0000  -999.0000     4702    24.34     28.10      349.16
0169    83.9   855.4     17.65    100.0    1424   131    12.52     -9.45      8.22     8     3.6    1429     0   0   0   3  -999.0000  -999.0000     4687    24.29     28.05      349.15
0170    84.4   855.9     17.67    100.0    1419   131    12.50     -9.41      8.23     8     3.6    1424     0   0   0   0    21.5753    68.0920     4671    24.25     28.00      349.14
0171    84.9   856.4     17.68    100.0    1414   131    12.48     -9.38      8.23     7     3.6    1419     0   0   0   0    21.5753    68.0921     4655    24.21     27.96      349.13
0172    85.4   856.9     17.70    100.0    1410   131    12.47     -9.37      8.23     7     3.6    1414     0   0   0   0    21.5754    68.0921     4640    24.19     27.93      349.13
0173    85.9   857.3     17.72    100.0    1405   131    12.46     -9.36      8.23     7     3.6    1409     0   0   0   3  -999.0000  -999.0000     4624    24.17     27.91      349.12
0174    86.4   857.8     17.74    100.0    1400   131    12.45     -9.35      8.23     7     3.6    1405     0   0   0   3  -999.0000  -999.0000     4608    24.16     27.90      349.12
0175    86.9   858.3     17.76    100.0    1395   131    12.45     -9.36      8.22     7     3.6    1400     0   0   0   0    21.5755    68.0923     4593    24.16     27.90      349.12
0176    87.4   858.8     17.78    100.0    1391   131    12.46     -9.36      8.22     7     3.6    1395     0   0   0   3  -999.0000  -999.0000     4577    24.17     27.91      349.11
0177    87.9   859.2     17.80    100.0    1386   131    12.47     -9.38      8.22     7     3.6    1390     0   0   0   3  -999.0000  -999.0000     4561    24.19     27.93      349.10
0178    88.4   859.7     17.81    100.0    1381   131    12.48     -9.39      8.22     7     3.5    1386     0   0   0   3  -999.0000  -999.0000     4546    24.21     27.96      349.08
0179    88.9   860.2     17.83    100.0    1376   131    12.50     -9.40      8.23     7     3.5    1381     0   0   0   3  -999.0000  -999.0000     4530    24.25     27.99      349.05
0180    89.4   860.7     17.84    100.0    1371   131    12.52     -9.41      8.26     7     3.4    1376     0   0   0   0    21.5757    68.0925     4514    24.28     28.04      349.02
0181    89.9   861.2     17.85    100.0    1367   131    12.54     -9.41      8.29     7     3.4    1371     0   0   0   0    21.5757    68.0925     4498    24.33     28.09      348.98
0182    90.4   861.7     17.86    100.0    1362   132    12.57     -9.40      8.34     7     3.3    1366     0   0   0   3  -999.0000  -999.0000     4482    24.38     28.15      348.93
0183    90.9   862.2     17.86    100.0    1357   132    12.60     -9.39      8.40     7     3.3    1361     0   0   0   0    21.5758    68.0926     4466    24.44     28.22      348.87
0184    91.4   862.7     17.87    100.0    1352   132    12.63     -9.37      8.48     7     3.2    1356     0   0   0   3  -999.0000  -999.0000     4450    24.51     28.30      348.80
0185    91.9   863.2     17.87    100.0    1347   133    12.68     -9.34      8.57     7     3.1    1351     0   0   0   0    21.5759    68.0927     4433    24.59     28.39      348.73
0186    92.4   863.7     17.87    100.0    1342   133    12.72     -9.31      8.67     7     3.0    1346     0   0   0   0    21.5759    68.0928     4417    24.68     28.50      348.65
0187    92.9   864.2     17.87    100.0    1337   133    12.77     -9.27      8.79     7     2.9    1341     0   0   0   0    21.5759    68.0928     4400    24.78     28.62      348.56
0188    93.4   864.7     17.87    100.0    1332   134    12.83     -9.23      8.92     7     2.8    1336     3   3   3   0    21.5760    68.0928     4384    24.90     28.75      348.48
0189    93.9   865.2     17.87    100.0    1326   135    12.90     -9.19      9.05     7     2.8    1331     0   0   0   3  -999.0000  -999.0000     4367    25.02     28.89      348.39
0190    94.4   865.7     17.88    100.0    1321   135    12.97     -9.14      9.19     7     2.7    1326     0   0   0   0    21.5761    68.0929     4350    25.15     29.04      348.31
0191    94.9   866.3     17.88    100.0    1316   136    13.03     -9.11      9.33     7     2.6    1320     0   0   0   3  -999.0000  -999.0000     4332    25.29     29.20      348.23
0192    95.4   866.8     17.88    100.0    1311   136    13.10     -9.07      9.45     7     2.5    1315     0   0   0   3  -999.0000  -999.0000     4315    25.42     29.35      348.15
0193    95.9   867.3     17.89    100.0    1305   137    13.17     -9.04      9.57     7     2.4    1310     0   0   0   3  -999.0000  -999.0000     4297    25.54     29.49      348.08
0194    96.4   867.9     17.89    100.0    1300   137    13.22     -9.01      9.68     7     2.4    1304     0   0   0   3  -999.0000  -999.0000     4280    25.65     29.62      348.01
0195    96.9   868.4     17.90    100.0    1295   137    13.27     -8.98      9.77     7     2.3    1299     0   0   0   3  -999.0000  -999.0000     4262    25.75     29.73      347.95
0196    97.4   869.0     17.91    100.0    1289   138    13.31     -8.96      9.84     7     2.3    1294     0   0   0   3  -999.0000  -999.0000     4244    25.82     29.82      347.90
0197    97.9   869.5     17.92    100.0    1284   138    13.34     -8.94      9.90     7     2.2    1288     0   0   0   3  -999.0000  -999.0000     4226    25.88     29.88      347.85
0198    98.4   870.1     17.94    100.0    1278   138    13.36     -8.91      9.95     7     2.2    1283     0   0   0   0    21.5764    68.0933     4209    25.91     29.92      347.82
0199    98.9   870.6     17.95    100.0    1273   138    13.37     -8.89      9.98     7     2.2    1277     0   0   0   0    21.5764    68.0933     4191    25.93     29.94      347.80
0200    99.4   871.2     17.97    100.0    1267   138    13.37     -8.87     10.01     7     2.2    1272     0   0   0   0    21.5765    68.0934     4173    25.94     29.95      347.78
0201    99.9   871.7     18.00    100.0    1262   139    13.37     -8.84     10.03     7     2.2    1266     0   0   0   0    21.5765    68.0934     4155    25.93     29.94      347.78
0202   100.4   872.3     18.02    100.0    1256   139    13.36     -8.81     10.04     7     2.2    1261     0   0   0   0    21.5766    68.0935     4137    25.92     29.93      347.79
0203   100.9   872.8     18.05    100.0    1251   139    13.36     -8.79     10.06     7     2.2    1255     0   0   0   0    21.5766    68.0935     4119    25.91     29.92      347.82
0204   101.4   873.4     18.08    100.0    1246   139    13.35     -8.76     10.08     7     2.2    1250     0   0   0   0    21.5767    68.0935     4101    25.90     29.91      347.85
0205   101.9   873.9     18.12    100.0    1240   139    13.35     -8.74     10.09     7     2.2    1245     0   0   0   0    21.5767    68.0936     4083    25.90     29.91      347.90
0206   102.4   874.5     18.15    100.0    1235   139    13.35     -8.72     10.12     7     2.2    1239     0   0   0   0    21.5768    68.0936     4066    25.90     29.91      347.96
0207   102.9   875.0     18.19    100.0    1229   139    13.36     -8.70     10.14     7     2.3    1234     0   0   0   0    21.5768    68.0937     4048    25.91     29.92      348.03
0208   103.4   875.6     18.23    100.0    1224   139    13.36     -8.68     10.16     7     2.3    1228     0   0   0   0    21.5768    68.0937     4030    25.93     29.94      348.10
0209   103.9   876.1     18.27    100.0    1219   140    13.37     -8.67     10.18     7     2.3    1223     0   0   0   3  -999.0000  -999.0000     4013    25.94     29.95      348.17
0210   104.4   876.7     18.31    100.0    1213   140    13.38     -8.66     10.19     7     2.3    1218     0   0   0   3  -999.0000  -999.0000     3995    25.95     29.96      348.25
0211   104.9   877.2     18.35    100.0    1208   140    13.38     -8.66     10.20     7     2.4    1212     0   0   0   0    21.5770    68.0938     3978    25.95     29.97      348.32
0212   105.4   877.8     18.39    100.0    1203   140    13.38     -8.66     10.19     7     2.4    1207     0   0   0   3  -999.0000  -999.0000     3960    25.95     29.96      348.39
0213   105.9   878.3     18.43    100.0    1197   140    13.37     -8.67     10.17     7     2.3    1202     0   0   0   0    21.5771    68.0939     3943    25.93     29.94      348.45
0214   106.4   878.8     18.46    100.0    1192   139    13.35     -8.68     10.14     7     2.3    1196     0   0   0   3  -999.0000  -999.0000     3925    25.90     29.91      348.51
0215   106.9   879.4     18.50    100.0    1187   139    13.33     -8.70     10.10     7     2.3    1191     0   0   0   0    21.5772    68.0940     3908    25.86     29.86      348.55
0216   107.4   879.9     18.53    100.0    1181   139    13.30     -8.72     10.05     7     2.2    1186     0   0   0   0    21.5772    68.0940     3890    25.81     29.80      348.59
0217   107.9   880.5     18.56    100.0    1176   139    13.27     -8.74      9.99     7     2.2    1180     0   0   0   3  -999.0000  -999.0000     3872    25.75     29.73      348.62
0218   108.4   881.0     18.59    100.0    1170   139    13.24     -8.76      9.92     7     2.1    1175     0   0   0   3  -999.0000  -999.0000     3855    25.68     29.65      348.64
0219   108.9   881.6     18.61    100.0    1165   138    13.20     -8.78      9.86     7     2.0    1169     0   0   0   0    21.5774    68.0942     3837    25.62     29.58      348.66
0220   109.4   882.2     18.64    100.0    1159   138    13.17     -8.80      9.80     7     2.0    1164     0   0   0   3  -999.0000  -999.0000     3819    25.56     29.51      348.68
0221   109.9   882.7     18.67    100.0    1154   138    13.15     -8.82      9.74     7     1.9    1158     0   0   0   0    21.5774    68.0943     3800    25.50     29.45      348.70
0222   110.4   883.3     18.69    100.0    1148   138    13.13     -8.84      9.70     7     1.8    1153     0   0   0   0    21.5775    68.0943     3782    25.46     29.40      348.71
0223   110.9   883.9     18.72    100.0    1143   137    13.11     -8.86      9.67     7     1.8    1147     0   0   0   0    21.5775    68.0943     3764    25.44     29.38      348.73
0224   111.4   884.5     18.75    100.0    1137   137    13.11     -8.88      9.65     7     1.8    1141     0   0   0   0    21.5776    68.0944     3745    25.43     29.37      348.76
0225   111.9   885.0     18.78    100.0    1131   137    13.11     -8.89      9.64     7     1.8    1136     0   0   0   3  -999.0000  -999.0000     3727    25.44     29.38      348.80
0226   112.4   885.6     18.82    100.0    1126   137    13.13     -8.90      9.65     7     1.8    1130     0   0   0   3  -999.0000  -999.0000     3708    25.47     29.40      348.84
0227   112.9   886.2     18.85    100.0    1120   137    13.15     -8.90      9.67     7     1.8    1125     0   0   0   0    21.5777    68.0945     3690    25.50     29.45      348.89
0228   113.4   886.8     18.89    100.0    1114   137    13.17     -8.91      9.70     7     1.9    1119     0   0   0   0    21.5777    68.0946     3671    25.55     29.50      348.94
0229   113.9   887.3     18.93    100.0    1109   138    13.20     -8.91      9.74     7     1.9    1113     0   0   0   0    21.5778    68.0946     3653    25.61     29.57      349.01
0230   114.4   887.9     18.97    100.0    1103   138    13.24     -8.91      9.79     8     2.0    1108     0   0   0   0    21.5778    68.0946     3635    25.68     29.65      349.08
0231   114.9   888.5     19.01    100.0    1098   138    13.27     -8.91      9.84     7     2.1    1102     0   0   0   0    21.5779    68.0947     3617    25.75     29.73      349.15
0232   115.4   889.0     19.05    100.0    1093   138    13.31     -8.91      9.90     8     2.2    1097     0   0   0   0    21.5779    68.0947     3599    25.83     29.82      349.23
0233   115.9   889.6     19.09    100.0    1087   138    13.35     -8.90      9.95     8     2.2    1092     0   0   0   0    21.5780    68.0948     3582    25.90     29.91      349.31
0234   116.4   890.1     19.13    100.0    1082   138    13.39     -8.91     10.00     8     2.3    1086     0   0   0   0    21.5780    68.0948     3564    25.98     30.00      349.38
0235   116.9   890.7     19.17    100.0    1077   138    13.43     -8.91     10.05     8     2.3    1081     0   0   0   0    21.5781    68.0948     3547    26.06     30.09      349.46
0236   117.4   891.2     19.21    100.0    1071   139    13.47     -8.92     10.10     8     2.4    1076     0   0   0   3  -999.0000  -999.0000     3530    26.13     30.17      349.54
0237   117.9   891.8     19.24    100.0    1066   139    13.51     -8.93     10.13     8     2.4    1071     0   0   0   3  -999.0000  -999.0000     3512    26.20     30.26      349.61
0238   118.4   892.3     19.28    100.0    1061   139    13.54     -8.95     10.16     8     2.4    1065     0   0   0   0    21.5782    68.0950     3495    26.27     30.33      349.67
0239   118.9   892.8     19.32    100.0    1056   139    13.57     -8.97     10.18     8     2.4    1060     0   0   0   3  -999.0000  -999.0000     3478    26.32     30.39      349.74
0240   119.4   893.4     19.35    100.0    1050   139    13.59     -9.00     10.19     8     2.4    1055     0   0   0   3  -999.0000  -999.0000     3461    26.37     30.45      349.79
0241   119.9   893.9     19.38    100.0    1045   138    13.61     -9.03     10.19     8     2.4    1050     0   0   0   0    21.5783    68.0951     3443    26.41     30.49      349.84
0242   120.4   894.5     19.42    100.0    1040   138    13.62     -9.07     10.17     8     2.4    1044     3   3   3   3  -999.0000  -999.0000     3426    26.43     30.52      349.88
0243   120.9   895.0     19.45    100.0    1034   138    13.63     -9.12     10.13     8     2.4    1039     0   0   0   3  -999.0000  -999.0000     3409    26.44     30.53      349.91
0244   121.4   895.6     19.47    100.0    1029   138    13.63     -9.17     10.08     8     2.3    1034     0   0   0   0    21.5785    68.0952     3391    26.43     30.52      349.94
0245   121.9   896.1     19.50    100.0    1024   137    13.61     -9.22     10.01     8     2.3    1028     0   0   0   3  -999.0000  -999.0000     3374    26.41     30.50      349.96
0246   122.4   896.7     19.53    100.0    1019   137    13.60     -9.29      9.93     8     2.3    1023     0   0   0   0    21.5786    68.0953     3356    26.37     30.45      349.98
0247   122.9   897.2     19.55    100.0    1013   136    13.57     -9.35      9.84     8     2.3    1018     0   0   0   0    21.5786    68.0954     3339    26.32     30.39      349.98
0248   123.4   897.8     19.57    100.0    1008   136    13.54     -9.41      9.73     8     2.2    1012     3   3   3   0    21.5787    68.0954     3322    26.26     30.32      349.98
0249   123.9   898.3     19.59    100.0    1003   135    13.50     -9.48      9.61     8     2.2    1007     0   0   0   0    21.5787    68.0955     3304    26.19     30.24      349.98
0250   124.4   898.9     19.61    100.0     997   135    13.46     -9.54      9.49     8     2.2    1002     0   0   0   0    21.5787    68.0955     3286    26.11     30.15      349.97
0251   124.9   899.4     19.63    100.0     992   134    13.42     -9.61      9.37     8     2.1     996     0   0   0   0    21.5788    68.0956     3269    26.03     30.05      349.96
0252   125.4   900.0     19.65    100.0     986   134    13.37     -9.67      9.24     8     2.1     991     0   0   0   0    21.5788    68.0956     3251    25.94     29.96      349.94
0253   125.9   900.6     19.67    100.0     981   133    13.33     -9.72      9.12     8     2.0     986     0   0   0   3  -999.0000  -999.0000     3233    25.86     29.86      349.93
0254   126.4   901.1     19.69    100.0     976   133    13.28     -9.77      9.00     8     2.0     980     0   0   0   0    21.5789    68.0957     3216    25.77     29.76      349.91
0255   126.9   901.7     19.70    100.0     970   132    13.24     -9.81      8.89     8     1.9     975     0   0   0   0    21.5790    68.0957     3198    25.69     29.66      349.89
0256   127.4   902.3     19.72    100.0     965   132    13.20     -9.85      8.79     8     1.8     969     0   0   0   3  -999.0000  -999.0000     3180    25.60     29.56      349.87
0257   127.9   902.8     19.74    100.0     959   131    13.15     -9.87      8.69     8     1.8     964     0   0   0   0    21.5790    68.0958     3161    25.51     29.46      349.86
0258   128.4   903.4     19.76    100.0     954   131    13.11     -9.88      8.61     8     1.7     958     0   0   0   0    21.5791    68.0959     3143    25.42     29.36      349.84
0259   128.9   904.0     19.78    100.0     948   131    13.06     -9.88      8.53     8     1.6     952     0   0   0   0    21.5791    68.0959     3125    25.33     29.25      349.83
0260   129.4   904.6     19.80    100.0     942   131    13.01     -9.87      8.47     9     1.5     947     0   0   0   0    21.5792    68.0960     3106    25.23     29.13      349.81
0261   129.9   905.2     19.82    100.0     937   131    12.95     -9.84      8.41     9     1.5     941     0   0   0   3  -999.0000  -999.0000     3088    25.12     29.01      349.80
0262   130.4   905.8     19.84    100.0     931   130    12.89     -9.81      8.37     8     1.4     935     0   0   0   0    21.5792    68.0961     3069    25.01     28.87      349.80
0263   130.9   906.4     19.86    100.0     925   130    12.82     -9.76      8.32     8     1.3     930     0   0   0   0    21.5793    68.0961     3050    24.88     28.73      349.79
0264   131.4   907.0     19.89    100.0     919   131    12.75     -9.69      8.29     8     1.2     924     0   0   0   0    21.5793    68.0962     3031    24.74     28.56      349.78
0265   131.9   907.6     19.91    100.0     914   131    12.67     -9.61      8.25     8     1.2     918     0   0   0   0    21.5793    68.0962     3012    24.58     28.38      349.78
0266   132.4   908.2     19.93    100.0     908   131    12.58     -9.52      8.22     8     1.1     912     0   0   0   0    21.5794    68.0963     2993    24.40     28.18      349.77
0267   132.9   908.8     19.95    100.0     902   131    12.48     -9.42      8.19     8     1.0     906     0   0   0   0    21.5794    68.0963     2973    24.21     27.96      349.76
0268   133.4   909.5     19.98    100.0     896   131    12.38     -9.31      8.16     8      .9     900     0   0   0   3  -999.0000  -999.0000     2954    24.01     27.72      349.75
0269   133.9   910.1     20.00    100.0     890   131    12.26     -9.18      8.12     8      .8     894     0   0   0   0    21.5795    68.0964     2934    23.79     27.46      349.74
0270   134.4   910.7     20.02    100.0     884   132    12.14     -9.06      8.08     7      .7     888     0   0   0   0    21.5795    68.0964     2914    23.55     27.19      349.73
0271   134.9   911.4     20.04    100.0     878   132    12.01     -8.92      8.04     8      .6     882     0   0   0   0    21.5796    68.0965     2894    23.30     26.90      349.71
0272   135.4   912.0     20.06    100.0     872   132    11.88     -8.79      7.98     8      .5     876     0   0   0   3  -999.0000  -999.0000     2874    23.04     26.60      349.70
0273   135.9   912.7     20.08    100.0     865   132    11.74     -8.66      7.92     8      .4     870     0   0   0   0    21.5796    68.0966     2854    22.77     26.30      349.67
0274   136.4   913.3     20.10    100.0     859   133    11.60     -8.54      7.86     8      .3     864     0   0   0   3  -999.0000  -999.0000     2833    22.51     25.99      349.65
0275   136.9   914.0     20.12    100.0     853   133    11.47     -8.42      7.78     8      .2     857     0   0   0   0    21.5797    68.0967     2813    22.25     25.69      349.62
0276   137.4   914.6     20.14    100.0     847   133    11.34     -8.31      7.71     8      .1     851     0   0   0   0    21.5797    68.0967     2792    22.00     25.40      349.58
0277   137.9   915.3     20.16    100.0     840   133    11.21     -8.21      7.64     8      .1     845     0   0   0   0    21.5798    68.0967     2771    21.75     25.12      349.54
0278   138.4   916.0     20.17    100.0     834   133    11.09     -8.12      7.56     9      .0     838     0   0   0   0    21.5798    68.0968     2750    21.52     24.85      349.50
0279   138.9   916.7     20.19    100.0     827   133    10.97     -8.02      7.49     9     -.1     832     0   0   0   0    21.5799    68.0968     2729    21.29     24.58      349.46
0280   139.4   917.4     20.20    100.0     821   133    10.86     -7.92      7.42     9     -.1     825     0   0   0   0    21.5799    68.0969     2708    21.06     24.32      349.41
0281   139.9   918.0     20.22    100.0     814   133    10.74     -7.82      7.35     8     -.1     819     3   3   3   0    21.5799    68.0969     2687    20.83     24.05      349.36
0282   140.4   918.7     20.23    100.0     808   133    10.61     -7.71      7.29     8     -.1     812     0   0   0   3  -999.0000  -999.0000     2665    20.58     23.77      349.31
0283   140.9   919.4     20.25    100.0     801   134    10.47     -7.58      7.23     8     -.1     806     0   0   0   0    21.5800    68.0970     2644    20.32     23.46      349.27
0284   141.4   920.1     20.27    100.0     795   134    10.32     -7.43      7.17     9     -.1     800     3   3   3   0    21.5800    68.0970     2623    20.03     23.12      349.23
0285   141.9   920.8     20.29    100.0     789   134    10.16     -7.25      7.11     9      .0     793     0   0   0   0    21.5801    68.0970     2602    19.70     22.75      349.20
0286   142.4   921.5     20.31    100.0     782   135     9.98     -7.05      7.06     9      .0     787     0   0   0   0    21.5801    68.0971     2581    19.35     22.34      349.18
0287   142.9   922.1     20.33    100.0     776   136     9.78     -6.82      7.01     9      .1     780     0   0   0   0    21.5801    68.0971     2560    18.97     21.91      349.18
0288   143.4   922.8     20.36    100.0     770   137     9.57     -6.57      6.96     9      .2     774     0   0   0   3  -999.0000  -999.0000     2539    18.57     21.44      349.19
0289   143.9   923.5     20.40    100.0     763   138     9.36     -6.31      6.92     9      .3     768     3   3   3   0    21.5802    68.0972     2519    18.16     20.97      349.22
0290   144.4   924.1     20.43    100.0     757   139     9.15     -6.04      6.88     8      .4     762     0   0   0   0    21.5802    68.0972     2499    17.75     20.50      349.27
0291   144.9   924.8     20.47    100.0     751   140     8.95     -5.77      6.84     8      .5     755     0   0   0   3  -999.0000  -999.0000     2478    17.36     20.04      349.35
0292   145.4   925.4     20.52    100.0     745   141     8.76     -5.51      6.81     8      .6     749     0   0   0   0    21.5803    68.0973     2458    16.99     19.62      349.44
0293   145.9   926.1     20.57    100.0     739   142     8.59     -5.28      6.78     9      .8     743     0   0   0   0    21.5803    68.0973     2439    16.67     19.24      349.54
0294   146.4   926.7     20.62    100.0     733   143     8.44     -5.08      6.74     9      .9     737     0   0   0   0    21.5803    68.0973     2419    16.38     18.91      349.67
0295   146.9   927.3     20.68    100.0     727   144     8.32     -4.93      6.70     9     1.0     731     0   0   0   0    21.5804    68.0974     2400    16.14     18.63      349.81
0296   147.4   928.0     20.73    100.0     721   144     8.21     -4.82      6.65     9     1.1     726     0   0   0   3  -999.0000  -999.0000     2381    15.93     18.39      349.95
0297   147.9   928.6     20.79    100.0     715   144     8.12     -4.76      6.58     9     1.2     720     0   0   0   0    21.5804    68.0974     2362    15.75     18.19      350.11
0298   148.4   929.2     20.85    100.0     710   144     8.04     -4.75      6.49     9     1.3     714     0   0   0   3  -999.0000  -999.0000     2343    15.60     18.01      350.26
0299   148.9   929.8     20.91    100.0     704   143     7.97     -4.79      6.37     9     1.4     709     0   0   0   3  -999.0000  -999.0000     2325    15.46     17.85      350.41
0300   149.4   930.4     20.96    100.0     698   142     7.89     -4.86      6.22     8     1.5     703     0   0   0   3  -999.0000  -999.0000     2306    15.31     17.68      350.56
0301   149.9   931.0     21.02    100.0     693   140     7.81     -4.97      6.03     8     1.6     697     0   0   0   0    21.5805    68.0975     2288    15.16     17.51      350.70
0302   150.4   931.6     21.07    100.0     687   139     7.73     -5.11      5.80     9     1.6     692     0   0   0   3  -999.0000  -999.0000     2270    14.99     17.31      350.83
0303   150.9   932.2     21.12    100.0     682   136     7.63     -5.25      5.53     9     1.7     686     0   0   0   0    21.5806    68.0975     2252    14.80     17.09      350.94
0304   151.4   932.8     21.16    100.0     676   134     7.52     -5.40      5.23     9     1.7     681     0   0   0   3  -999.0000  -999.0000     2234    14.59     16.84      351.04
0305   151.9   933.3     21.20    100.0     671   132     7.40     -5.54      4.91     9     1.8     675     0   0   0   0    21.5807    68.0976     2216    14.35     16.57      351.11
0306   152.4   933.9     21.24    100.0     665   129     7.27     -5.66      4.56     9     1.8     670     0   0   0   0    21.5807    68.0976     2198    14.11     16.29      351.18
0307   152.9   934.5     21.27    100.0     660   126     7.14     -5.77      4.20     9     1.8     664     0   0   0   3  -999.0000  -999.0000     2180    13.85     15.99      351.22
0308   153.4   935.1     21.30    100.0     655   123     7.01     -5.86      3.85     9     1.8     659     0   0   0   0    21.5807    68.0977     2162    13.60     15.70      351.25
0309   153.9   935.7     21.32    100.0     649   121     6.88     -5.92      3.51     9     1.8     654     0   0   0   0    21.5807    68.0977     2144    13.35     15.42      351.27
0310   154.4   936.3     21.35    100.0     644   118     6.77     -5.96      3.20     9     1.8     648     0   0   0   3  -999.0000  -999.0000     2126    13.13     15.15      351.28
0311   154.9   936.8     21.37    100.0     638   116     6.66     -5.99      2.92     9     1.7     643     0   0   0   0    21.5808    68.0978     2109    12.93     14.93      351.28
0312   155.4   937.4     21.39    100.0     633   114     6.58     -6.00      2.69     9     1.7     637     0   0   0   3  -999.0000  -999.0000     2091    12.77     14.74      351.27
0313   155.9   938.0     21.41    100.0     627   113     6.52     -6.01      2.51     9     1.7     632     0   0   0   0    21.5808    68.0978     2073    12.64     14.60      351.25
0314   156.4   938.6     21.42    100.0     622   112     6.48     -6.02      2.38     9     1.6     626     0   0   0   3  -999.0000  -999.0000     2055    12.57     14.51      351.23
0315   156.9   939.2     21.44    100.0     616   111     6.46     -6.04      2.30     9     1.6     621     0   0   0   3  -999.0000  -999.0000     2036    12.54     14.48      351.22
0316   157.4   939.8     21.46    100.0     611   110     6.47     -6.06      2.26     9     1.5     615     3   3   3   3  -999.0000  -999.0000     2018    12.56     14.50      351.20
0317   157.9   940.4     21.48    100.0     605   110     6.50     -6.10      2.25     9     1.4     610     0   0   0   0    21.5808    68.0979     2000    12.61     14.56      351.19
0318   158.4   941.0     21.50    100.0     599   110     6.54     -6.14      2.26     9     1.4     604     0   0   0   3  -999.0000  -999.0000     1981    12.69     14.65      351.18
0319   158.9   941.6     21.52    100.0     594   110     6.59     -6.18      2.28     8     1.3     598     0   0   0   0    21.5809    68.0980     1963    12.79     14.76      351.17
0320   159.4   942.3     21.54    100.0     588   110     6.64     -6.23      2.30     9     1.3     593     0   0   0   0    21.5809    68.0980     1944    12.88     14.87      351.17
0321   159.9   942.9     21.57    100.0     582   110     6.68     -6.27      2.31     8     1.2     587     0   0   0   0    21.5809    68.0981     1925    12.96     14.97      351.17
0322   160.4   943.5     21.59    100.0     577   110     6.71     -6.30      2.30     9     1.1     581     0   0   0   3  -999.0000  -999.0000     1907    13.02     15.03      351.17
0323   160.9   944.1     21.61    100.0     571   110     6.72     -6.32      2.27     9     1.1     575     0   0   0   0    21.5809    68.0981     1888    13.04     15.05      351.17
0324   161.4   944.7     21.64    100.0     565   109     6.71     -6.34      2.21     9     1.0     570     0   0   0   0    21.5809    68.0981     1869    13.02     15.03      351.17
0325   161.9   945.4     21.66    100.0     559   109     6.69     -6.34      2.14     9     1.0     564     3   3   3   0    21.5809    68.0982     1850    12.98     14.98      351.18
0326   162.4   946.0     21.69    100.0     553   108     6.66     -6.34      2.04     9      .9     558     0   0   0   3  -999.0000  -999.0000     1830    12.92     14.92      351.18
0327   162.9   946.6     21.71    100.0     548   107     6.63     -6.35      1.93     9      .9     552     0   0   0   3  -999.0000  -999.0000     1811    12.87     14.86      351.19
0328   163.4   947.3     21.74    100.0     542   106     6.62     -6.37      1.82     9      .8     546     3   3   3   0    21.5810    68.0983     1792    12.84     14.83      351.20
0329   163.9   947.9     21.76    100.0     536   105     6.64     -6.41      1.71     9      .7     540     0   0   0   3  -999.0000  -999.0000     1772    12.88     14.87      351.22
0330   164.4   948.6     21.79    100.0     530   104     6.70     -6.50      1.62     9      .7     534     0   0   0   3  -999.0000  -999.0000     1753    12.99     15.00      351.23
0331   164.9   949.2     21.82    100.0     524   103     6.81     -6.63      1.54     9      .6     528     0   0   0   3  -999.0000  -999.0000     1733    13.21     15.25      351.25
0332   165.4   949.9     21.85    100.0     518   102     6.98     -6.82      1.48     9      .5     522     0   0   0   0    21.5810    68.0984     1713    13.55     15.64      351.27
0333   165.9   950.5     21.88    100.0     512   102     7.22     -7.08      1.45     9      .5     516     0   0   0   0    21.5810    68.0984     1694    14.02     16.18      351.28
0334   166.4   951.2     21.90    100.0     506   101     7.53     -7.39      1.44     9      .4     510     3   3   3   3  -999.0000  -999.0000     1674    14.62     16.88      351.30
0335   166.9   951.9     21.93    100.0     499   101     7.90     -7.77      1.46     9      .4     504     0   0   0   3  -999.0000  -999.0000     1653    15.33     17.71      351.30
0336   167.4   952.5     21.95    100.0     493   100     8.33     -8.19      1.49     9      .4     498     0   0   0   0    21.5810    68.0985     1633    16.15     18.65      351.30
0337   167.9   953.2     21.97    100.0     487   100     8.79     -8.65      1.54     8      .4     492     0   0   0   0    21.5810    68.0986     1613    17.04     19.68      351.29
0338   168.4   953.9     21.99    100.0     481   100     9.26     -9.12      1.60     9      .4     486     0   0   0   0    21.5810    68.0986     1593    17.97     20.75      351.25
0339   168.9   954.5     22.01    100.0     475   100     9.74     -9.60      1.67     9      .4     479     0   0   0   0    21.5810    68.0986     1573    18.90     21.83      351.20
0340   169.4   955.2     22.01    100.0     469   100    10.20    -10.06      1.73     9      .5     473     0   0   0   0    21.5811    68.0987     1553    19.80     22.86      351.14
0341   169.9   955.9     22.02    100.0     463   100    10.63    -10.48      1.79     9      .6     467     0   0   0   0    21.5811    68.0987     1533    20.62     23.81      351.05
0342   170.4   956.5     22.02    100.0     457   100    11.00    -10.85      1.85     9      .7     461     3   3   3   0    21.5811    68.0988     1513    21.34     24.64      350.95
0343   170.9   957.2     22.02    100.0     451   100    11.31    -11.15      1.89     9      .8     455     0   0   0   0    21.5811    68.0988     1494    21.95     25.34      350.83
0344   171.4   957.8     22.01    100.0     445   100    11.56    -11.39      1.92     9      .9     450     0   0   0   3  -999.0000  -999.0000     1475    22.42     25.88      350.71
0345   171.9   958.5     22.01    100.0     439   100    11.73    -11.56      1.95     9     1.1     444     0   0   0   0    21.5811    68.0989     1456    22.75     26.26      350.58
0346   172.4   959.1     22.00    100.0     434   100    11.82    -11.66      1.97     9     1.2     438     0   0   0   3  -999.0000  -999.0000     1437    22.94     26.48      350.45
0347   172.9   959.7     22.00    100.0     428   100    11.85    -11.69      1.97     9     1.4     432     0   0   0   3  -999.0000  -999.0000     1419    22.99     26.55      350.34
0348   173.4   960.3     22.00    100.0     422   100    11.82    -11.65      1.97     9     1.5     427     0   0   0   0    21.5811    68.0991     1400    22.93     26.47      350.24
0349   173.9   960.9     22.01    100.0     417   100    11.73    -11.56      1.96     9     1.6     421     0   0   0   3  -999.0000  -999.0000     1383    22.75     26.27      350.16
0350   174.4   961.5     22.02    100.0     411   100    11.59    -11.43      1.95     9     1.7     416     0   0   0   0    21.5811    68.0992     1365    22.49     25.97      350.10
0351   174.9   962.1     22.03    100.0     406   100    11.42    -11.26      1.92     9     1.8     411     0   0   0   0    21.5811    68.0993     1347    22.16     25.58      350.07
0352   175.4   962.7     22.05    100.0     401   100    11.22    -11.06      1.87     9     1.9     405     0   0   0   0    21.5811    68.0993     1330    21.76     25.13      350.08
0353   175.9   963.3     22.08    100.0     396   100    10.99    -10.84      1.82     9     2.0     400     0   0   0   0    21.5812    68.0994     1313    21.33     24.62      350.11
0354   176.4   963.8     22.11    100.0     390    99    10.75    -10.61      1.75     7     2.1     395     3   3   3   0    21.5812    68.0994     1295    20.85     24.08      350.16
0355   176.9   964.4     22.15    100.0     385    99    10.49    -10.36      1.66     8     2.1     390     0   0   0   3  -999.0000  -999.0000     1278    20.35     23.50      350.24
0356   177.4   965.0     22.19    100.0     380    99    10.22    -10.10      1.55     8     2.1     384     0   0   0   0    21.5812    68.0995     1261    19.83     22.90      350.34
0357   177.9   965.6     22.24    100.0     375    98     9.95     -9.84      1.44     9     2.1     379     0   0   0   0    21.5812    68.0996     1244    19.30     22.28      350.45
0358   178.4   966.1     22.29    100.0     370    98     9.66     -9.58      1.31     8     2.1     374     0   0   0   0    21.5812    68.0996     1227    18.75     21.65      350.57
0359   178.9   966.7     22.33    100.0     364    97     9.38     -9.31      1.17     8     2.1     369     0   0   0   0    21.5812    68.0997     1210    18.20     21.01      350.69
0360   179.4   967.3     22.38    100.0     359    96     9.10     -9.04      1.02     9     2.1     364     0   0   0   0    21.5812    68.0997     1193    17.66     20.39      350.80
0361   179.9   967.8     22.42    100.0     354    96     8.83     -8.78       .88     9     2.0     359     0   0   0   3  -999.0000  -999.0000     1176    17.13     19.78      350.91
0362   180.4   968.4     22.46    100.0     349    95     8.57     -8.54       .74     9     2.0     353     0   0   0   3  -999.0000  -999.0000     1159    16.63     19.20      351.00
0363   180.9   969.0     22.50    100.0     344    94     8.34     -8.32       .62     9     1.9     348     0   0   0   0    21.5812    68.0999     1142    16.18     18.68      351.08
0364   181.4   969.6     22.54    100.0     338    94     8.14     -8.12       .51     9     1.8     343     0   0   0   0    21.5812    68.0999     1124    15.79     18.24      351.14
0365   181.9   970.2     22.57    100.0     333    93     7.98     -7.97       .42     9     1.7     337     0   0   0   0    21.5812    68.0999     1107    15.48     17.88      351.19
0366   182.4   970.8     22.60    100.0     327    93     7.87     -7.86       .36     9     1.6     332     0   0   0   0    21.5812    68.1000     1089    15.26     17.62      351.22
0367   182.9   971.4     22.62    100.0     322    92     7.80     -7.79       .31     8     1.5     326     3   3   3   0    21.5812    68.1000     1071    15.13     17.47      351.23
0368   183.4   972.0     22.64    100.0     316    92     7.78     -7.78       .29     9     1.3     321     0   0   0   0    21.5812    68.1001     1053    15.10     17.44      351.22
0369   183.9   972.6     22.66    100.0     311    92     7.82     -7.81       .28     9     1.2     315     3   3   3   3  -999.0000  -999.0000     1035    15.17     17.51      351.20
0370   184.4   973.3     22.68    100.0     305    92     7.89     -7.89       .30     9     1.1     310     0   0   0   3  -999.0000  -999.0000     1016    15.31     17.68      351.18
0371   184.9   973.9     22.69    100.0     299    92     8.00     -8.00       .32     8     1.0     304     3   3   3   3  -999.0000  -999.0000      997    15.53     17.93      351.14
0372   185.4   974.5     22.71    100.0     294    92     8.14     -8.13       .35     8      .9     298     3   3   3   0    21.5812    68.1002      978    15.78     18.22      351.10
0373   185.9   975.2     22.72    100.0     288    93     8.28     -8.27       .39     9      .7     292     3   3   3   3  -999.0000  -999.0000      959    16.06     18.54      351.05
0374   186.4   975.9     22.73    100.0     282    93     8.41     -8.40       .43     9      .6     286     0   0   0   0    21.5812    68.1003      940    16.32     18.84      351.01
0375   186.9   976.5     22.75    100.0     276    93     8.53     -8.52       .47     9      .5     281     0   0   0   0    21.5812    68.1003      920    16.54     19.10      350.96
0376   187.4   977.2     22.76    100.0     270    93     8.61     -8.60       .51     8      .4     275     0   0   0   0    21.5812    68.1004      901    16.71     19.29      350.92
0377   187.9   977.9     22.78    100.0     264    94     8.65     -8.64       .54     7      .3     268     0   0   0   0    21.5812    68.1004      881    16.79     19.38      350.88
0378   188.4   978.5     22.79    100.0     258    94     8.65     -8.63       .57     6      .2     262     0   0   0   0    21.5813    68.1004      861    16.77     19.37      350.84
0379   188.9   979.2     22.81    100.0     252    94     8.59     -8.57       .60     7      .2     256     0   0   0   3  -999.0000  -999.0000      841    16.67     19.25      350.81
0380   189.4   979.9     22.83    100.0     246    94     8.49     -8.47       .62     8      .1     250     0   0   0   0    21.5813    68.1005      820    16.48     19.02      350.77
0381   189.9   980.6     22.84    100.0     239    94     8.36     -8.33       .63     8      .1     244     0   0   0   3  -999.0000  -999.0000      800    16.21     18.72      350.75
0382   190.4   981.3     22.86    100.0     233    94     8.19     -8.17       .64     8      .1     238     0   0   0   0    21.5813    68.1006      780    15.89     18.35      350.72
0383   190.9   982.0     22.88    100.0     227    95     8.01     -7.99       .64     7      .2     232     0   0   0   0    21.5813    68.1007      760    15.55     17.95      350.70
0384   191.4   982.7     22.90    100.0     221    95     7.83     -7.81       .64     7      .2     225     0   0   0   3  -999.0000  -999.0000      739    15.19     17.54      350.68
0385   191.9   983.4     22.93    100.0     215    95     7.66     -7.63       .63     7      .3     219     0   0   0   0    21.5813    68.1007      719    14.86     17.16      350.67
0386   192.4   984.1     22.95    100.0     209    95     7.50     -7.48       .62     8      .4     213     0   0   0   0    21.5813    68.1008      699    14.56     16.81      350.66
0387   192.9   984.7     22.97    100.0     203    95     7.37     -7.34       .62     8      .5     207     0   0   0   3  -999.0000  -999.0000      680    14.29     16.50      350.66
0388   193.4   985.4     22.99    100.0     197    95     7.25     -7.23       .61     8      .7     201     0   0   0   0    21.5813    68.1008      660    14.07     16.25      350.66
0389   193.9   986.0     23.02    100.0     191    95     7.16     -7.13       .60     8      .9     195     0   0   0   3  -999.0000  -999.0000      641    13.89     16.03      350.66
0390   194.4   986.7     23.04    100.0     185    95     7.08     -7.05       .60     8     1.1     190     0   0   0   0    21.5813    68.1009      622    13.73     15.85      350.68
0391   194.9   987.3     23.07    100.0     180    95     7.00     -6.97       .60     8     1.3     184     0   0   0   0    21.5813    68.1009      604    13.58     15.68      350.70
0392   195.4   987.9     23.10    100.0     174    95     6.92     -6.89       .61     9     1.6     179     0   0   0   0    21.5813    68.1010      586    13.42     15.50      350.74
0393   195.9   988.5     23.13    100.0     169    95     6.82     -6.80       .62     9     1.8     173     0   0   0   3  -999.0000  -999.0000      568    13.24     15.29      350.78
0394   196.4   989.1     23.16    100.0     164    95     6.71     -6.68       .63     9     2.0     168     0   0   0   0    21.5813    68.1010      551    13.01     15.03      350.83
0395   196.9   989.7     23.20    100.0     158    96     6.56     -6.53       .63     8     2.3     163     0   0   0   0    21.5813    68.1011      534    12.74     14.70      350.90
0396   197.4   990.3     23.23    100.0     153    96     6.39     -6.36       .62     8     2.5     158     0   0   0   0    21.5813    68.1011      518    12.39     14.31      350.97
0397   197.9   990.8     23.27    100.0     149    96     6.18     -6.15       .60     8     2.7     153     0   0   0   0    21.5813    68.1011      502    11.99     13.84      351.05
0398   198.4   991.4     23.31    100.0     144    95     5.94     -5.91       .56     9     2.9     148     0   0   0   0    21.5813    68.1012      487    11.52     13.30      351.13
0399   198.9   991.9     23.34    100.0     139    95     5.67     -5.65       .50     9     3.0     144     0   0   0   3  -999.0000  -999.0000      471    11.01     12.71      351.21
0400   199.4   992.4     23.38    100.0     135    94     5.40     -5.38       .40     8     3.1     139     0   0   0   0    21.5813    68.1012      456    10.47     12.09      351.29
0401   199.9   992.9     23.41    100.0     130    93     5.12     -5.11       .27     8     3.1     135     0   0   0   3  -999.0000  -999.0000      441     9.92     11.46      351.37
0402   200.4   993.4     23.45    100.0     125    91     4.86     -4.86       .10     8     3.1     130     0   0   0   0    21.5813    68.1013      426     9.42     10.88      351.44
0403   200.9   993.9     23.48    100.0     121    89     4.64     -4.63      -.10     6     3.1     125     0   0   0   0    21.5813    68.1013      412     8.99     10.38      351.51
0404   201.4   994.5     23.51    100.0     116    86     4.47     -4.46      -.32     9     3.0     121     0   0   0   0    21.5813    68.1013      396     8.68     10.02      351.56
0405   201.9   995.0     23.54    100.0     112    82     4.38     -4.34      -.57     8     2.9     116     3   3   3   0    21.5813    68.1014      381     8.50      9.81      351.60
0406   202.4   995.5     23.56    100.0     107    79     4.36     -4.28      -.84     8     2.8     111     0   0   0   0    21.5813    68.1014      366     8.47      9.78      351.64
0407   202.9   996.1     23.59    100.0     102    75     4.42     -4.28     -1.12    10     2.6     107     0   0   0   0    21.5813    68.1014      350     8.58      9.91      351.66
0408   203.4   996.6     23.61    100.0      97    72     4.55     -4.33     -1.39     9     2.5     102     0   0   0   0    21.5813    68.1014      334     8.83     10.20      351.66
0409   203.9   997.2     23.63     99.9      92    70     4.73     -4.44     -1.65     9     2.3      97     0   0   0   3  -999.0000  -999.0000      318     9.18     10.60      351.65
0410   204.4   997.8     23.65     99.9      87    68     4.95     -4.57     -1.89     8     2.2      92     0   0   0   0    21.5813    68.1015      301     9.59     11.08      351.64
0411   204.9   998.3     23.67     99.8      82    66     5.17     -4.72     -2.10     9     2.1      87     3   3   3   0    21.5813    68.1015      284    10.03     11.58      351.61
0412   205.4   998.9     23.69     99.8      77    65     5.39     -4.87     -2.29     8     2.0      81     0   0   0   3  -999.0000  -999.0000      267    10.45     12.06      351.58
0413   205.9   999.5     23.72     99.7      72    64     5.59     -5.02     -2.46     7     1.9      76     0   0   0   3  -999.0000  -999.0000      250    10.84     12.52      351.54
0414   206.4  1000.1     23.74     99.6      66    63     5.79     -5.17     -2.61     6     1.8      71     0   0   0   0    21.5813    68.1015      233    11.23     12.96      351.51
0415   206.9  1000.7     23.76     99.5      61    63     5.98     -5.32     -2.75     8     1.7      66     0   0   0   0    21.5812    68.1016      215    11.61     13.41      351.47
0416   207.4  1001.3     23.79     99.4      56    62     6.18     -5.47     -2.87     7     1.6      60     0   0   0   0    21.5812    68.1016      198    11.99     13.84      351.43
0417   207.9  1002.0     23.81     99.3      50    62     6.36     -5.62     -2.99     7     1.5      55     0   0   0   0    21.5812    68.1016      180    12.34     14.25      351.39
0418   208.4  1002.6     23.84     99.2      45    62     6.52     -5.74     -3.10     7     1.3      50     0   0   0   3  -999.0000  -999.0000      163    12.65     14.60      351.36
0419   208.9  1003.2     23.87     99.1      40    61     6.65     -5.82     -3.23     7     1.1      44     0   0   0   0    21.5812    68.1017      145    12.91     14.90      351.34
0420   209.4  1003.8     23.90     99.1      34    60     6.76     -5.84     -3.39     8      .9      39     0   0   0   3  -999.0000  -999.0000      127    13.11     15.13      351.34
0421   209.9  1004.5     23.93     99.0      28    58     6.81     -5.80     -3.56     9      .9      33     0   0   0   0    21.5812    68.1017      108    13.21     15.25      351.32
0422   210.4  1005.1     23.96     98.9      23    57     6.82     -5.74     -3.68     8      .8      27     0   0   0   3  -999.0000  -999.0000       89    13.22     15.27      351.32
0423   210.9  1005.9     24.00     98.8      16    57     6.77     -5.66     -3.71     8      .7      21     0   0   0   3  -999.0000  -999.0000       68    13.13     15.17      351.32
0424   211.4  1006.6     24.03     98.6      10    56     6.71     -5.58     -3.72     7      .6      15     0   0   0   3  -999.0000  -999.0000       48    13.01     15.03      351.28
0425   211.9  1007.2     24.06   -999.0       5    56     6.70     -5.53     -3.77     6      .4       9     0   0   0   0    21.5811    68.1018       30    12.99     15.00     -999.00
