 ===========================================================================
 DROPWINDSONDE PROCESSING RECORD                            Sonde: 141335068
 FRD file written by Aspen V3.4.8, 06 Jul 2023 20:22 UTC
 Aircraft: AFRC C-130J, ---                  Date: 170824   Time: 130035 UTC
 ---------------------------------------------------------------------------
 Bias corrections:  PR =   0.0 mb  TE =   0.0 C  RH =   0.0 %  PRB =  0.0 mb
 Filters (LPF):     PTH = 
 Dyn RH correction = 
 Estimated PR used = 
 Dyn T correction  = 
 ---------------------------------------------------------------------------
 COMMENT: none, Good Drop; TDDryBiasCorrApplied
 ===========================================================================

 ===========================================================================
 Date: 170824   Lat:  23.90 N   TA:   17.6 C   PS:  841.5 mb   WD:   154 deg
 Time: 130035   Lon:  92.92 W   TD:   17.6 C   GA:   1446 m    WS:  26.4 m/s
 SID:  141335068                RH:  100.0 %   Navaid:   GP
 ===========================================================================

IX      t (s)  P (mb)    T (C)    RH (%)  Z (m)   WD    WS (m/s)   U (m/s)   V (m/s)  NS  WZ (m/s)  ZW (m)   FP  FT  FH  FW    LAT (N)   LON (E)
0001    0.00  -999.0   -999.00   -999.0    -999  -999  -999.00   -999.00   -999.00     9  -999.0    -999     0   0   0   0      23.901   -92.923
0002    0.25  -999.0   -999.00   -999.0    -999  -999  -999.00   -999.00   -999.00     9  -999.0    -999     0   0   0   0    -999.000  -999.000
0003    0.50  -999.0   -999.00   -999.0    -999  -999  -999.00   -999.00   -999.00     9  -999.0    -999     0   0   0   0      23.900   -92.923
0004    0.75  -999.0   -999.00   -999.0    -999  -999  -999.00   -999.00   -999.00     9  -999.0    -999     0   0   0   0    -999.000  -999.000
0005    1.00  -999.0   -999.00   -999.0    -999  -999  -999.00   -999.00   -999.00     9  -999.0    -999     0   0   0   0      23.900   -92.924
0006    1.25  -999.0   -999.00   -999.0    -999  -999  -999.00   -999.00   -999.00    10  -999.0    -999     0   0   0   0    -999.000  -999.000
0007    1.50  -999.0   -999.00   -999.0    -999  -999  -999.00   -999.00   -999.00    10  -999.0    -999     0   0   0   0      23.900   -92.924
0008    1.75  -999.0   -999.00   -999.0    -999  -999  -999.00   -999.00   -999.00     9  -999.0    -999     0   0   0   0    -999.000  -999.000
0009    2.00  -999.0   -999.00   -999.0    -999  -999  -999.00   -999.00   -999.00     8  -999.0    -999     0   0   0   0      23.900   -92.924
0010    2.25  -999.0   -999.00   -999.0    -999  -999  -999.00   -999.00   -999.00     7  -999.0    -999     0   0   0   0    -999.000  -999.000
0011    2.50  -999.0   -999.00   -999.0    -999  -999  -999.00   -999.00   -999.00     7  -999.0    -999     0   0   0   0      23.900   -92.924
0012    2.75  -999.0   -999.00   -999.0    -999  -999  -999.00   -999.00   -999.00     8  -999.0    -999     0   0   0   0    -999.000  -999.000
0013    3.00  -999.0   -999.00   -999.0    -999  -999  -999.00   -999.00   -999.00     8  -999.0    -999     0   0   0   0      23.901   -92.924
0014    3.25  -999.0   -999.00   -999.0    -999  -999  -999.00   -999.00   -999.00    10  -999.0    -999     0   0   0   0    -999.000  -999.000
0015    3.50  -999.0   -999.00   -999.0    -999  -999  -999.00   -999.00   -999.00     9  -999.0    -999     0   0   0   0      23.901   -92.924
0016    3.75  -999.0   -999.00   -999.0    -999  -999  -999.00   -999.00   -999.00    10  -999.0    -999     0   0   0   0    -999.000  -999.000
0017    4.00  -999.0   -999.00   -999.0    -999  -999  -999.00   -999.00   -999.00    10  -999.0    -999     0   0   0   0      23.901   -92.924
0018    4.25  -999.0   -999.00   -999.0    -999  -999  -999.00   -999.00   -999.00    10  -999.0    -999     0   0   0   0    -999.000  -999.000
0019    4.50  -999.0   -999.00   -999.0    -999  -999  -999.00   -999.00   -999.00    10  -999.0    -999     0   0   0   0      23.901   -92.924
0020    4.75  -999.0   -999.00   -999.0    -999  -999  -999.00   -999.00   -999.00    10  -999.0    -999     0   0   0   0    -999.000  -999.000
0021    5.00  -999.0   -999.00   -999.0    -999  -999  -999.00   -999.00   -999.00    10  -999.0    -999     0   0   0   0      23.901   -92.924
0022    5.25  -999.0   -999.00   -999.0    -999  -999  -999.00   -999.00   -999.00    10  -999.0    -999     0   0   0   0    -999.000  -999.000
0023    5.50  -999.0   -999.00   -999.0    -999  -999  -999.00   -999.00   -999.00    10  -999.0    -999     0   0   0   0      23.901   -92.924
0024    5.75  -999.0   -999.00   -999.0    -999  -999  -999.00   -999.00   -999.00    10  -999.0    -999     0   0   0   0    -999.000  -999.000
0025    6.00  -999.0   -999.00   -999.0    -999  -999  -999.00   -999.00   -999.00    10  -999.0    -999     0   0   0   0      23.901   -92.924
0026    6.25  -999.0   -999.00   -999.0    -999  -999  -999.00   -999.00   -999.00    10  -999.0    -999     0   0   0   0    -999.000  -999.000
0027    6.50  -999.0   -999.00   -999.0    -999  -999  -999.00   -999.00   -999.00    10  -999.0    -999     0   0   0   0      23.902   -92.924
0028    6.75  -999.0   -999.00   -999.0    -999  -999  -999.00   -999.00   -999.00    10  -999.0    -999     0   0   0   0    -999.000  -999.000
0029    7.00  -999.0   -999.00   -999.0    -999  -999  -999.00   -999.00   -999.00    10  -999.0    -999     0   0   0   0      23.902   -92.924
0030    7.25  -999.0   -999.00   -999.0    -999  -999  -999.00   -999.00   -999.00    10  -999.0    -999     0   0   0   0    -999.000  -999.000
0031    7.50  -999.0   -999.00   -999.0    -999  -999  -999.00   -999.00   -999.00    10  -999.0    -999     0   0   0   0      23.902   -92.924
0032    7.75  -999.0   -999.00   -999.0    -999  -999  -999.00   -999.00   -999.00    10  -999.0    -999     0   0   0   0    -999.000  -999.000
0033    8.00  -999.0   -999.00   -999.0    -999  -999  -999.00   -999.00   -999.00    10  -999.0    -999     0   0   0   0      23.902   -92.924
0034    8.25  -999.0   -999.00   -999.0    -999  -999  -999.00   -999.00   -999.00    10  -999.0    -999     0   0   0   0    -999.000  -999.000
0035    8.50  -999.0   -999.00   -999.0    -999  -999  -999.00   -999.00   -999.00    10  -999.0    -999     0   0   0   0      23.902   -92.924
0036    8.75  -999.0   -999.00   -999.0    -999  -999  -999.00   -999.00   -999.00    10  -999.0    -999     0   0   0   0    -999.000  -999.000
0037    9.00  -999.0   -999.00   -999.0    -999  -999  -999.00   -999.00   -999.00    10  -999.0    -999     0   0   0   0      23.902   -92.924
0038    9.25  -999.0   -999.00   -999.0    -999  -999  -999.00   -999.00   -999.00    10  -999.0    -999     0   0   0   0    -999.000  -999.000
0039    9.50  -999.0   -999.00   -999.0    -999  -999  -999.00   -999.00   -999.00    10  -999.0    -999     0   0   0   0      23.902   -92.924
0040    9.75  -999.0   -999.00   -999.0    -999  -999  -999.00   -999.00   -999.00    10  -999.0    -999     0   0   0   0    -999.000  -999.000
0041   10.00  -999.0   -999.00   -999.0    -999   156    27.13    -10.99     24.80    10  -999.0    -999     0   0   0   0      23.902   -92.925
0042   10.25  -999.0   -999.00   -999.0    -999   156    27.18    -11.03     24.84    10  -999.0    -999     0   0   0   0    -999.000  -999.000
0043   10.50  -999.0   -999.00   -999.0    -999   156    27.23    -11.06     24.88    10  -999.0    -999     0   0   0   0      23.903   -92.925
0044   10.75  -999.0   -999.00   -999.0    -999   156    27.28    -11.10     24.92    10  -999.0    -999     0   0   0   0    -999.000  -999.000
0045   11.00  -999.0   -999.00   -999.0    -999   156    27.34    -11.14     24.96    10  -999.0    -999     0   0   0   0      23.903   -92.925
0046   11.25  -999.0   -999.00   -999.0    -999   156    27.39    -11.18     25.01    10  -999.0    -999     0   0   0   0    -999.000  -999.000
0047   11.50   849.9     19.03   -999.0    1361   156    27.45    -11.23     25.05    10     2.5    1361     0   0   0   0      23.903   -92.925
0048   11.75  -999.0   -999.00   -999.0    -999   156    27.51    -11.27     25.10    10  -999.0    -999     0   0   0   0    -999.000  -999.000
0049   12.00   850.3     19.05   -999.0    1356   156    27.57    -11.32     25.14    10     2.3    1356     0   0   0   0      23.903   -92.925
0050   12.25  -999.0   -999.00   -999.0    -999   156    27.63    -11.37     25.18    10  -999.0    -999     0   0   0   0    -999.000  -999.000
0051   12.50   850.7     19.06   -999.0    1352   156    27.69    -11.41     25.23     9     2.2    1352     0   0   0   0      23.903   -92.925
0052   12.75  -999.0   -999.00   -999.0    -999   156    27.75    -11.45     25.27    10  -999.0    -999     0   0   0   0    -999.000  -999.000
0053   13.00   851.1     19.08   -999.0    1348   156    27.80    -11.49     25.31    10     2.0    1348     0   0   0   0      23.903   -92.925
0054   13.25  -999.0   -999.00   -999.0    -999   156    27.85    -11.53     25.35    10  -999.0    -999     0   0   0   0    -999.000  -999.000
0055   13.50   851.5     19.09   -999.0    1344   156    27.90    -11.56     25.39    10     1.9    1344     0   0   0   0      23.903   -92.925
0056   13.75  -999.0   -999.00   -999.0    -999   155    27.95    -11.59     25.43    10  -999.0    -999     0   0   0   0    -999.000  -999.000
0057   14.00   852.0     19.11   -999.0    1339   155    27.99    -11.61     25.47    10     1.8    1339     0   0   0   0      23.903   -92.925
0058   14.25  -999.0   -999.00   -999.0    -999   155    28.03    -11.63     25.50    10  -999.0    -999     0   0   0   0    -999.000  -999.000
0059   14.50   852.4     19.13   -999.0    1335   155    28.07    -11.65     25.54    10     1.7    1335     0   0   0   0      23.903   -92.925
0060   14.75  -999.0   -999.00   -999.0    -999   155    28.11    -11.66     25.58    10  -999.0    -999     0   0   0   0    -999.000  -999.000
0061   15.00   852.9     19.15   -999.0    1330   156    28.15    -11.67     25.62    10     1.6    1330     0   0   0   0      23.904   -92.925
0062   15.25  -999.0   -999.00   -999.0    -999   156    28.20    -11.67     25.67    10  -999.0    -999     0   0   0   0    -999.000  -999.000
0063   15.50   853.3     19.17   -999.0    1326   156    28.24    -11.67     25.72    10     1.6    1326     0   0   0   0      23.904   -92.925
0064   15.75  -999.0   -999.00   -999.0    -999   156    28.28    -11.66     25.77    10  -999.0    -999     0   0   0   0    -999.000  -999.000
0065   16.00   853.7     19.20   -999.0    1321   156    28.33    -11.65     25.82    10     1.6    1321     0   0   0   0      23.904   -92.925
0066   16.25  -999.0   -999.00   -999.0    -999   156    28.37    -11.63     25.87    10  -999.0    -999     0   0   0   0    -999.000  -999.000
0067   16.50   854.2     19.23   -999.0    1317   156    28.41    -11.62     25.92    10     1.6    1317     0   0   0   0      23.904   -92.925
0068   16.75  -999.0   -999.00   -999.0    -999   156    28.44    -11.60     25.97    10  -999.0    -999     0   0   0   0    -999.000  -999.000
0069   17.00   854.6     19.26   -999.0    1312   156    28.47    -11.57     26.02     9     1.6    1312     0   0   0   0      23.904   -92.925
0070   17.25  -999.0   -999.00   -999.0    -999   156    28.50    -11.54     26.05     9  -999.0    -999     0   0   0   0    -999.000  -999.000
0071   17.50   855.1     19.28   -999.0    1308   156    28.51    -11.51     26.08     9     1.6    1308     0   0   0   0      23.904   -92.925
0072   17.75  -999.0   -999.00   -999.0    -999   156    28.51    -11.47     26.11     9  -999.0    -999     0   0   0   0    -999.000  -999.000
0073   18.00   855.5     19.31   -999.0    1303   156    28.51    -11.43     26.12    10     1.6    1303     0   0   0   0      23.904   -92.925
0074   18.25  -999.0   -999.00   -999.0    -999   156    28.49    -11.38     26.12    10  -999.0    -999     0   0   0   0    -999.000  -999.000
0075   18.50   856.0     19.33   -999.0    1299   157    28.47    -11.33     26.12    10     1.7    1299     0   0   0   0      23.904   -92.926
0076   18.75  -999.0   -999.00   -999.0    -999   157    28.44    -11.27     26.11    10  -999.0    -999     0   0   0   0    -999.000  -999.000
0077   19.00   856.4     19.35   -999.0    1294   157    28.40    -11.21     26.09    10     1.7    1294     0   0   0   0      23.905   -92.926
0078   19.25  -999.0   -999.00   -999.0    -999   157    28.35    -11.15     26.06    10  -999.0    -999     0   0   0   0    -999.000  -999.000
0079   19.50   856.8     19.37   -999.0    1290   157    28.30    -11.09     26.03    10     1.7    1290     0   0   0   0      23.905   -92.926
0080   19.75  -999.0   -999.00   -999.0    -999   157    28.24    -11.03     26.00    10  -999.0    -999     0   0   0   0    -999.000  -999.000
0081   20.00   857.3     19.39     92.3    1285   157    28.18    -10.97     25.96    10     1.7    1285     0   0   0   0      23.905   -92.926
0082   20.25  -999.0   -999.00   -999.0    -999   157    28.12    -10.92     25.92    10  -999.0    -999     0   0   0   0    -999.000  -999.000
0083   20.50   857.7     19.40     92.3    1281   157    28.07    -10.86     25.88    10     1.7    1281     0   0   0   0      23.905   -92.926
0084   20.75  -999.0   -999.00   -999.0    -999   157    28.01    -10.81     25.84    10  -999.0    -999     0   0   0   0    -999.000  -999.000
0085   21.00   858.2     19.42     92.3    1277   157    27.96    -10.77     25.80    10     1.7    1277     0   0   0   0      23.905   -92.926
0086   21.25  -999.0   -999.00   -999.0    -999   157    27.91    -10.73     25.77    10  -999.0    -999     0   0   0   0    -999.000  -999.000
0087   21.50   858.6     19.44     92.2    1272   157    27.87    -10.69     25.74    10     1.7    1272     0   0   0   0      23.905   -92.926
0088   21.75  -999.0   -999.00   -999.0    -999   157    27.83    -10.66     25.71    10  -999.0    -999     0   0   0   0    -999.000  -999.000
0089   22.00   859.0     19.46     92.2    1268   158    27.80    -10.64     25.68    10     1.7    1268     0   0   0   0      23.905   -92.926
0090   22.25  -999.0   -999.00   -999.0    -999   158    27.77    -10.62     25.66    10  -999.0    -999     0   0   0   0    -999.000  -999.000
0091   22.50   859.5     19.48     92.3    1263   158    27.75    -10.60     25.64    10     1.7    1263     0   0   0   0      23.905   -92.926
0092   22.75  -999.0   -999.00   -999.0    -999   158    27.73    -10.59     25.63    10  -999.0    -999     0   0   0   0    -999.000  -999.000
0093   23.00   859.9     19.50     92.3    1259   158    27.71    -10.58     25.61    10     1.7    1259     0   0   0   0      23.905   -92.926
0094   23.25  -999.0   -999.00   -999.0    -999   158    27.70    -10.58     25.60    10  -999.0    -999     0   0   0   0    -999.000  -999.000
0095   23.50   860.4     19.52     92.3    1255   158    27.70    -10.58     25.60    10     1.6    1255     0   0   0   0      23.906   -92.926
0096   23.75  -999.0   -999.00   -999.0    -999   158    27.70    -10.59     25.59    10  -999.0    -999     0   0   0   0    -999.000  -999.000
0097   24.00   860.8     19.54     92.3    1250   158    27.70    -10.60     25.59    10     1.6    1250     0   0   0   0      23.906   -92.926
0098   24.25  -999.0   -999.00   -999.0    -999   157    27.70    -10.61     25.59     9  -999.0    -999     0   0   0   0    -999.000  -999.000
0099   24.50   861.3     19.56     92.3    1246   157    27.71    -10.62     25.60     9     1.6    1246     0   0   0   0      23.906   -92.926
0100   24.75  -999.0   -999.00   -999.0    -999   157    27.72    -10.63     25.60     9  -999.0    -999     0   0   0   0    -999.000  -999.000
0101   25.00   861.7     19.58     92.3    1241   157    27.73    -10.65     25.61     9     1.5    1241     0   0   0   0      23.906   -92.926
0102   25.25  -999.0   -999.00   -999.0    -999   157    27.74    -10.66     25.62    10  -999.0    -999     0   0   0   0    -999.000  -999.000
0103   25.50   862.1     19.60     92.3    1237   157    27.75    -10.67     25.62    10     1.5    1237     0   0   0   0      23.906   -92.926
0104   25.75  -999.0   -999.00   -999.0    -999   157    27.76    -10.67     25.63    10  -999.0    -999     0   0   0   0    -999.000  -999.000
0105   26.00   862.6     19.61     92.3    1232   157    27.77    -10.68     25.64    10     1.5    1232     0   0   0   0      23.906   -92.926
0106   26.25  -999.0   -999.00   -999.0    -999   157    27.78    -10.68     25.64    10  -999.0    -999     0   0   0   0    -999.000  -999.000
0107   26.50   863.0     19.63     92.3    1228   157    27.78    -10.67     25.65    10     1.4    1228     0   0   0   0      23.906   -92.926
0108   26.75  -999.0   -999.00   -999.0    -999   157    27.78    -10.67     25.65    10  -999.0    -999     0   0   0   0    -999.000  -999.000
0109   27.00   863.5     19.65     92.3    1223   157    27.78    -10.65     25.65    10     1.4    1223     0   0   0   0      23.906   -92.926
0110   27.25  -999.0   -999.00   -999.0    -999   157    27.78    -10.64     25.66    10  -999.0    -999     0   0   0   0    -999.000  -999.000
0111   27.50   864.0     19.66     92.4    1218   157    27.77    -10.63     25.66    10     1.4    1218     0   0   0   0      23.906   -92.926
0112   27.75  -999.0   -999.00   -999.0    -999   158    27.76    -10.61     25.65    10  -999.0    -999     0   0   0   0    -999.000  -999.000
0113   28.00   864.4     19.68     92.4    1214   158    27.76    -10.60     25.65    10     1.4    1214     0   0   0   0      23.907   -92.927
0114   28.25  -999.0   -999.00   -999.0    -999   158    27.75    -10.59     25.65    10  -999.0    -999     0   0   0   0    -999.000  -999.000
0115   28.50   864.9     19.69     92.4    1209  -999  -999.00   -999.00   -999.00    10     1.3    1209     0   0   0   0    -999.000  -999.000
0116   28.75  -999.0   -999.00   -999.0    -999   158    27.74    -10.57     25.64    10  -999.0    -999     0   0   0   0    -999.000  -999.000
0117   29.00   865.3     19.71     92.4    1204   158    27.73    -10.56     25.64    10     1.3    1204     0   0   0   0      23.907   -92.927
0118   29.25  -999.0   -999.00   -999.0    -999   158    27.73    -10.56     25.64    10  -999.0    -999     0   0   0   0    -999.000  -999.000
0119   29.50   865.8     19.72     92.4    1200   158    27.73    -10.56     25.64    10     1.3    1200     0   0   0   0      23.907   -92.927
0120   29.75  -999.0   -999.00   -999.0    -999   158    27.73    -10.57     25.64    10  -999.0    -999     0   0   0   0    -999.000  -999.000
0121   30.00   866.3     19.74     92.4    1195   158    27.73    -10.58     25.63    10     1.3    1195     0   0   0   0      23.907   -92.927
0122   30.25  -999.0   -999.00   -999.0    -999   158    27.74    -10.60     25.63    10  -999.0    -999     0   0   0   0    -999.000  -999.000
0123   30.50   866.7     19.76     92.4    1191   158    27.75    -10.62     25.63    10     1.3    1191     0   0   0   0      23.907   -92.927
0124   30.75  -999.0   -999.00   -999.0    -999   157    27.76    -10.64     25.64    10  -999.0    -999     0   0   0   0    -999.000  -999.000
0125   31.00   867.2     19.77     92.4    1186   157    27.76    -10.66     25.64    10     1.3    1186     0   0   0   0      23.907   -92.927
0126   31.25  -999.0   -999.00   -999.0    -999   157    27.77    -10.68     25.64    10  -999.0    -999     0   0   0   0    -999.000  -999.000
0127   31.50   867.6     19.79     92.4    1182   157    27.78    -10.71     25.64    10     1.3    1182     0   0   0   0      23.907   -92.927
0128   31.75  -999.0   -999.00   -999.0    -999   157    27.79    -10.73     25.64    10  -999.0    -999     0   0   0   0    -999.000  -999.000
0129   32.00  -999.0   -999.00   -999.0    -999  -999  -999.00   -999.00   -999.00     0  -999.0    -999     0   0   0   0    -999.000  -999.000
0130   32.25  -999.0   -999.00   -999.0    -999  -999  -999.00   -999.00   -999.00     0  -999.0    -999     0   0   0   0    -999.000  -999.000
0131   32.50   868.6     19.82     92.4    1172   157    27.82    -10.81     25.64    10     1.3    1172     0   0   0   0      23.908   -92.927
0132   32.75  -999.0   -999.00   -999.0    -999   157    27.83    -10.83     25.63    10  -999.0    -999     0   0   0   0    -999.000  -999.000
0133   33.00   869.0     19.84     92.4    1168   157    27.83    -10.86     25.63    10     1.2    1168     0   0   0   0      23.908   -92.927
0134   33.25  -999.0   -999.00   -999.0    -999   157    27.84    -10.88     25.63    10  -999.0    -999     0   0   0   0    -999.000  -999.000
0135   33.50  -999.0   -999.00   -999.0    -999   157    27.85    -10.91     25.63    10  -999.0    -999     0   0   0   0      23.908   -92.927
0136   33.75  -999.0   -999.00   -999.0    -999  -999  -999.00   -999.00   -999.00    10  -999.0    -999     0   0   0   0    -999.000  -999.000
0137   34.00   870.0     19.87     92.5    1159   157    27.86    -10.95     25.62    10     1.1    1159     0   0   0   0      23.908   -92.927
0138   34.25  -999.0   -999.00   -999.0    -999   157    27.87    -10.98     25.62    10  -999.0    -999     0   0   0   0    -999.000  -999.000
0139   34.50   870.4     19.89     92.5    1154   157    27.87    -11.00     25.61    10     1.1    1154     0   0   0   0      23.908   -92.927
0140   34.75  -999.0   -999.00   -999.0    -999   157    27.88    -11.03     25.61    10  -999.0    -999     0   0   0   0    -999.000  -999.000
0141   35.00  -999.0   -999.00   -999.0    -999   157    27.88    -11.05     25.60     9  -999.0    -999     0   0   0   0      23.908   -92.927
0142   35.25  -999.0   -999.00   -999.0    -999   157    27.89    -11.07     25.60     9  -999.0    -999     0   0   0   0    -999.000  -999.000
0143   35.50   871.4     19.92     92.5    1144   157    27.89    -11.09     25.59    10     1.0    1144     0   0   0   0      23.908   -92.927
0144   35.75  -999.0   -999.00   -999.0    -999   157    27.89    -11.11     25.59    10  -999.0    -999     0   0   0   0    -999.000  -999.000
0145   36.00   871.9     19.93     92.5    1139   156    27.89    -11.13     25.58    10     1.0    1139     0   0   0   0      23.908   -92.927
0146   36.25  -999.0   -999.00   -999.0    -999   156    27.89    -11.15     25.57    10  -999.0    -999     0   0   0   0    -999.000  -999.000
0147   36.50   872.4     19.95     92.5    1135  -999  -999.00   -999.00   -999.00    10     1.0    1135     0   0   0   0    -999.000  -999.000
0148   36.75  -999.0   -999.00   -999.0    -999   156    27.89    -11.17     25.56    10  -999.0    -999     0   0   0   0    -999.000  -999.000
0149   37.00   872.8     19.97     92.5    1130   156    27.89    -11.18     25.55    10     0.9    1130     0   0   0   0      23.909   -92.927
0150   37.25  -999.0   -999.00   -999.0    -999   156    27.88    -11.19     25.54    10  -999.0    -999     0   0   0   0    -999.000  -999.000
0151   37.50   873.3     19.98     92.5    1125   156    27.88    -11.19     25.53    10     0.9    1125     0   0   0   0      23.909   -92.928
0152   37.75  -999.0   -999.00   -999.0    -999   156    27.87    -11.19     25.52    10  -999.0    -999     0   0   0   0    -999.000  -999.000
0153   38.00   873.8     20.00     92.5    1120   156    27.86    -11.19     25.51    10     0.9    1120     0   0   0   0      23.909   -92.928
0154   38.25  -999.0   -999.00   -999.0    -999   156    27.85    -11.18     25.50    10  -999.0    -999     0   0   0   0    -999.000  -999.000
0155   38.50   874.3     20.01     92.5    1115   156    27.83    -11.17     25.49    10     0.9    1115     0   0   0   0      23.909   -92.928
0156   38.75  -999.0   -999.00   -999.0    -999   156    27.81    -11.15     25.48    10  -999.0    -999     0   0   0   0    -999.000  -999.000
0157   39.00   874.8     20.02     92.5    1111   156    27.79    -11.13     25.46    10     0.8    1111     0   0   0   0      23.909   -92.928
0158   39.25  -999.0   -999.00   -999.0    -999   156    27.76    -11.11     25.44    10  -999.0    -999     0   0   0   0    -999.000  -999.000
0159   39.50   875.2     20.04     92.5    1106   156    27.74    -11.09     25.42    10     0.7    1106     0   0   0   0      23.909   -92.928
0160   39.75  -999.0   -999.00   -999.0    -999   156    27.71    -11.06     25.40    10  -999.0    -999     0   0   0   0    -999.000  -999.000
0161   40.00   875.7     20.05     92.6    1101   156    27.67    -11.04     25.37    10     0.6    1101     0   0   0   0      23.909   -92.928
0162   40.25  -999.0   -999.00   -999.0    -999   157    27.64    -11.02     25.35    10  -999.0    -999     0   0   0   0    -999.000  -999.000
0163   40.50  -999.0   -999.00   -999.0    -999   157    27.60    -11.00     25.32    10  -999.0    -999     0   0   0   0      23.909   -92.928
0164   40.75  -999.0   -999.00   -999.0    -999   157    27.57    -10.98     25.29    10  -999.0    -999     0   0   0   0    -999.000  -999.000
0165   41.00   876.7     20.08     92.6    1091   157    27.54    -10.96     25.27    10     0.4    1091     0   0   0   0      23.910   -92.928
0166   41.25  -999.0   -999.00   -999.0    -999   157    27.52    -10.95     25.25    10  -999.0    -999     0   0   0   0    -999.000  -999.000
0167   41.50   877.2     20.10     92.6    1086   157    27.50    -10.95     25.22    10     0.3    1086     0   0   0   0      23.910   -92.928
0168   41.75  -999.0   -999.00   -999.0    -999   157    27.48    -10.95     25.21    10  -999.0    -999     0   0   0   0    -999.000  -999.000
0169   42.00   877.8     20.11     92.6    1081   157    27.47    -10.95     25.19    10     0.2    1081     0   0   0   0      23.910   -92.928
0170   42.25  -999.0   -999.00   -999.0    -999   156    27.46    -10.96     25.18    10  -999.0    -999     0   0   0   0    -999.000  -999.000
0171   42.50   878.3     20.13     92.6    1076   156    27.46    -10.97     25.17    10     0.1    1076     0   0   0   0      23.910   -92.928
0172   42.75  -999.0   -999.00   -999.0    -999   156    27.46    -10.99     25.16    10  -999.0    -999     0   0   0   0    -999.000  -999.000
0173   43.00   878.8     20.15     92.6    1071   156    27.46    -11.01     25.15    10    -0.0    1071     0   0   0   0      23.910   -92.928
0174   43.25  -999.0   -999.00   -999.0    -999   156    27.46    -11.03     25.15    10  -999.0    -999     0   0   0   0    -999.000  -999.000
0175   43.50   879.4     20.17     92.6    1065   156    27.47    -11.06     25.15    10    -0.1    1065     0   0   0   0      23.910   -92.928
0176   43.75  -999.0   -999.00   -999.0    -999   156    27.48    -11.09     25.15    10  -999.0    -999     0   0   0   0    -999.000  -999.000
0177   44.00   879.9     20.20     92.6    1060   156    27.50    -11.12     25.15    10    -0.2    1060     0   0   0   0      23.910   -92.928
0178   44.25  -999.0   -999.00   -999.0    -999   156    27.51    -11.16     25.15    10  -999.0    -999     0   0   0   0    -999.000  -999.000
0179   44.50   880.5     20.22     92.6    1055   156    27.53    -11.19     25.15    10    -0.2    1055     0   0   0   0      23.910   -92.928
0180   44.75  -999.0   -999.00   -999.0    -999   156    27.55    -11.24     25.15    10  -999.0    -999     0   0   0   0    -999.000  -999.000
0181   45.00   881.0     20.25     92.6    1049   156    27.57    -11.28     25.16    10    -0.3    1049     0   0   0   0      23.911   -92.928
0182   45.25  -999.0   -999.00   -999.0    -999   156    27.59    -11.33     25.16    10  -999.0    -999     0   0   0   0    -999.000  -999.000
0183   45.50   881.6     20.28     92.6    1044   156    27.62    -11.38     25.16    10    -0.3    1044     0   0   0   0      23.911   -92.928
0184   45.75  -999.0   -999.00   -999.0    -999   156    27.64    -11.44     25.17    10  -999.0    -999     0   0   0   0    -999.000  -999.000
0185   46.00   882.1     20.31     92.6    1038   155    27.67    -11.49     25.17    10    -0.3    1038     0   0   0   0      23.911   -92.928
0186   46.25  -999.0   -999.00   -999.0    -999   155    27.70    -11.54     25.18    10  -999.0    -999     0   0   0   0    -999.000  -999.000
0187   46.50   882.6     20.34     92.6    1033   155    27.73    -11.60     25.18    10    -0.3    1033     0   0   0   0      23.911   -92.928
0188   46.75  -999.0   -999.00   -999.0    -999   155    27.75    -11.65     25.19    10  -999.0    -999     0   0   0   0    -999.000  -999.000
0189   47.00   883.2     20.37     92.6    1028   155    27.78    -11.70     25.20    10    -0.2    1028     0   0   0   0      23.911   -92.929
0190   47.25  -999.0   -999.00   -999.0    -999   155    27.80    -11.74     25.20    10  -999.0    -999     0   0   0   0    -999.000  -999.000
0191   47.50   883.7     20.40     92.7    1022   155    27.83    -11.78     25.21    10    -0.2    1022     0   0   0   0      23.911   -92.929
0192   47.75  -999.0   -999.00   -999.0    -999   155    27.85    -11.81     25.22    10  -999.0    -999     0   0   0   0    -999.000  -999.000
0193   48.00   884.3     20.43     92.7    1017   155    27.87    -11.84     25.23    10    -0.1    1017     0   0   0   0      23.911   -92.929
0194   48.25  -999.0   -999.00   -999.0    -999   155    27.89    -11.87     25.24    10  -999.0    -999     0   0   0   0    -999.000  -999.000
0195   48.50   884.8     20.46     92.7    1012   155    27.91    -11.88     25.25    10    -0.1    1012     0   0   0   0      23.911   -92.929
0196   48.75  -999.0   -999.00   -999.0    -999   155    27.92    -11.90     25.26    10  -999.0    -999     0   0   0   0    -999.000  -999.000
0197   49.00   885.3     20.49     92.7    1007   155    27.93    -11.90     25.27    10    -0.1    1007     0   0   0   0      23.911   -92.929
0198   49.25  -999.0   -999.00   -999.0    -999   155    27.94    -11.90     25.28     9  -999.0    -999     0   0   0   0    -999.000  -999.000
0199   49.50   885.9     20.51     92.7    1001   155    27.95    -11.89     25.29     9    -0.0    1001     0   0   0   0      23.912   -92.929
0200   49.75  -999.0   -999.00   -999.0    -999   155    27.95    -11.87     25.30     9  -999.0    -999     0   0   0   0    -999.000  -999.000
0201   50.00   886.4     20.54     92.7     996  -999  -999.00   -999.00   -999.00    10    -0.0     996     0   0   0   0    -999.000  -999.000
0202   50.25  -999.0   -999.00   -999.0    -999   155    27.95    -11.82     25.33    10  -999.0    -999     0   0   0   0    -999.000  -999.000
0203   50.50   886.9     20.57     92.7     991   155    27.95    -11.79     25.34    10    -0.0     991     0   0   0   0      23.912   -92.929
0204   50.75  -999.0   -999.00   -999.0    -999   155    27.94    -11.76     25.35    10  -999.0    -999     0   0   0   0    -999.000  -999.000
0205   51.00   887.5     20.59     92.7     986   155    27.94    -11.72     25.36    10    -0.0     986     0   0   0   0      23.912   -92.929
0206   51.25  -999.0   -999.00   -999.0    -999   155    27.94    -11.69     25.38    10  -999.0    -999     0   0   0   0    -999.000  -999.000
0207   51.50   888.0     20.62     92.7     981   155    27.93    -11.65     25.39    10    -0.1     981     0   0   0   0      23.912   -92.929
0208   51.75  -999.0   -999.00   -999.0    -999   155    27.93    -11.62     25.40    10  -999.0    -999     0   0   0   0    -999.000  -999.000
0209   52.00   888.5     20.65     92.7     975   155    27.93    -11.59     25.41    10    -0.1     975     0   0   0   0      23.912   -92.929
0210   52.25  -999.0   -999.00   -999.0    -999   156    27.92    -11.56     25.42    10  -999.0    -999     0   0   0   0    -999.000  -999.000
0211   52.50   889.1     20.68     92.7     970   156    27.92    -11.54     25.42    10    -0.1     970     0   0   0   0      23.912   -92.929
0212   52.75  -999.0   -999.00   -999.0    -999   156    27.91    -11.52     25.43    10  -999.0    -999     0   0   0   0    -999.000  -999.000
0213   53.00   889.6     20.71     92.7     965   156    27.91    -11.50     25.43    10    -0.1     965     0   0   0   0      23.912   -92.929
0214   53.25  -999.0   -999.00   -999.0    -999   156    27.90    -11.49     25.42    10  -999.0    -999     0   0   0   0    -999.000  -999.000
0215   53.50   890.2     20.74     92.7     959   156    27.89    -11.48     25.41    10    -0.2     959     0   0   0   0      23.912   -92.929
0216   53.75  -999.0   -999.00   -999.0    -999   156    27.87    -11.48     25.40    10  -999.0    -999     0   0   0   0    -999.000  -999.000
0217   54.00   890.7     20.76     92.7     954   156    27.86    -11.48     25.38    10    -0.2     954     0   0   0   0      23.913   -92.929
0218   54.25  -999.0   -999.00   -999.0    -999   156    27.85    -11.49     25.37    10  -999.0    -999     0   0   0   0    -999.000  -999.000
0219   54.50   891.3     20.78     92.7     949   156    27.83    -11.51     25.34    10    -0.2     949     0   0   0   0      23.913   -92.929
0220   54.75  -999.0   -999.00   -999.0    -999   156    27.82    -11.52     25.32    10  -999.0    -999     0   0   0   0    -999.000  -999.000
0221   55.00   891.8     20.80     92.7     943   155    27.80    -11.54     25.29    10    -0.2     943     0   0   0   0      23.913   -92.929
0222   55.25  -999.0   -999.00   -999.0    -999   155    27.79    -11.56     25.27    10  -999.0    -999     0   0   0   0    -999.000  -999.000
0223   55.50   892.3     20.82     92.7     938   155    27.78    -11.58     25.24    10    -0.3     938     0   0   0   0      23.913   -92.930
0224   55.75  -999.0   -999.00   -999.0    -999   155    27.77    -11.61     25.22    10  -999.0    -999     0   0   0   0    -999.000  -999.000
0225   56.00   892.9     20.83     92.7     933   155    27.76    -11.64     25.20    10    -0.3     933     0   0   0   0      23.913   -92.930
0226   56.25  -999.0   -999.00   -999.0    -999   155    27.76    -11.67     25.19    10  -999.0    -999     0   0   0   0    -999.000  -999.000
0227   56.50   893.4     20.85     92.7     927   155    27.76    -11.70     25.17    10    -0.4     927     0   0   0   0      23.913   -92.930
0228   56.75  -999.0   -999.00   -999.0    -999   155    27.77    -11.74     25.17    10  -999.0    -999     0   0   0   0    -999.000  -999.000
0229   57.00   894.0     20.87     92.7     922   155    27.78    -11.78     25.16    10    -0.4     922     0   0   0   0      23.913   -92.930
0230   57.25  -999.0   -999.00   -999.0    -999   155    27.80    -11.83     25.16    10  -999.0    -999     0   0   0   0    -999.000  -999.000
0231   57.50   894.6     20.90     92.7     917   155    27.83    -11.88     25.17    10    -0.5     917     0   0   0   0      23.913   -92.930
0232   57.75  -999.0   -999.00   -999.0    -999   155    27.87    -11.93     25.18    10  -999.0    -999     0   0   0   0    -999.000  -999.000
0233   58.00   895.1     20.92     92.8     911   155    27.91    -12.00     25.20    10    -0.6     911     0   0   0   0      23.913   -92.930
0234   58.25  -999.0   -999.00   -999.0    -999   154    27.96    -12.07     25.22    10  -999.0    -999     0   0   0   0    -999.000  -999.000
0235   58.50   895.7     20.95     92.8     906   154    28.02    -12.14     25.25    10    -0.6     906     0   0   0   0      23.914   -92.930
0236   58.75  -999.0   -999.00   -999.0    -999   154    28.08    -12.22     25.28    10  -999.0    -999     0   0   0   0    -999.000  -999.000
0237   59.00   896.2     20.97     92.8     900   154    28.15    -12.31     25.31    10    -0.7     900     0   0   0   0      23.914   -92.930
0238   59.25  -999.0   -999.00   -999.0    -999   154    28.21    -12.40     25.34    10  -999.0    -999     0   0   0   0    -999.000  -999.000
0239   59.50   896.8     21.00     92.8     895   154    28.29    -12.50     25.38    10    -0.8     895     0   0   0   0      23.914   -92.930
0240   59.75  -999.0   -999.00   -999.0    -999   154    28.36    -12.59     25.41    10  -999.0    -999     0   0   0   0    -999.000  -999.000
0241   60.00   897.4     21.03     92.8     889   153    28.43    -12.69     25.44    10    -0.9     889     0   0   0   0      23.914   -92.930
0242   60.25  -999.0   -999.00   -999.0    -999   153    28.50    -12.78     25.47    10  -999.0    -999     0   0   0   0    -999.000  -999.000
0243   60.50   898.0     21.06     92.8     883   153    28.56    -12.87     25.50    10    -1.0     883     0   0   0   0      23.914   -92.930
0244   60.75  -999.0   -999.00   -999.0    -999   153    28.62    -12.95     25.52    10  -999.0    -999     0   0   0   0    -999.000  -999.000
0245   61.00   898.6     21.09     92.8     878   153    28.67    -13.03     25.54    10    -1.1     878     0   0   0   0      23.914   -92.930
0246   61.25  -999.0   -999.00   -999.0    -999   153    28.71    -13.09     25.56    10  -999.0    -999     0   0   0   0    -999.000  -999.000
0247   61.50   899.2     21.13     92.8     872   153    28.75    -13.13     25.57    10    -1.2     872     0   0   0   0      23.914   -92.930
0248   61.75  -999.0   -999.00   -999.0    -999   153    28.77    -13.16     25.58    10  -999.0    -999     0   0   0   0    -999.000  -999.000
0249   62.00   899.8     21.16     92.8     866   153    28.78    -13.18     25.59    10    -1.2     866     0   0   0   0      23.914   -92.930
0250   62.25  -999.0   -999.00   -999.0    -999   153    28.78    -13.18     25.59    10  -999.0    -999     0   0   0   0    -999.000  -999.000
0251   62.50   900.4     21.19     92.8     860   153    28.78    -13.18     25.58    10    -1.2     860     0   0   0   0      23.915   -92.930
0252   62.75  -999.0   -999.00   -999.0    -999   153    28.77    -13.16     25.58    10  -999.0    -999     0   0   0   0    -999.000  -999.000
0253   63.00   901.0     21.22     92.8     855   153    28.75    -13.14     25.57    10    -1.2     855     0   0   0   0      23.915   -92.930
0254   63.25  -999.0   -999.00   -999.0    -999   153    28.73    -13.11     25.56    10  -999.0    -999     0   0   0   0    -999.000  -999.000
0255   63.50   901.6     21.25     92.8     849   153    28.71    -13.08     25.55    10    -1.2     849     0   0   0   0      23.915   -92.931
0256   63.75  -999.0   -999.00   -999.0    -999   153    28.69    -13.05     25.54    10  -999.0    -999     0   0   0   0    -999.000  -999.000
0257   64.00   902.2     21.28     92.8     843   153    28.66    -13.03     25.53    10    -1.2     843     0   0   0   0      23.915   -92.931
0258   64.25  -999.0   -999.00   -999.0    -999   153    28.63    -13.00     25.51    10  -999.0    -999     0   0   0   0    -999.000  -999.000
0259   64.50   902.8     21.31     92.8     837   153    28.61    -12.98     25.49    10    -1.1     837     0   0   0   0      23.915   -92.931
0260   64.75  -999.0   -999.00   -999.0    -999   153    28.58    -12.96     25.47    10  -999.0    -999     0   0   0   0    -999.000  -999.000
0261   65.00   903.4     21.34     92.8     831   153    28.55    -12.95     25.44    10    -0.9     831     0   0   0   0      23.915   -92.931
0262   65.25  -999.0   -999.00   -999.0    -999   153    28.51    -12.93     25.41    10  -999.0    -999     0   0   0   0    -999.000  -999.000
0263   65.50   903.9     21.38     92.8     826   153    28.48    -12.92     25.37    10    -0.8     826     0   0   0   0      23.915   -92.931
0264   65.75  -999.0   -999.00   -999.0    -999   153    28.43    -12.91     25.33    10  -999.0    -999     0   0   0   0    -999.000  -999.000
0265   66.00   904.5     21.42     92.8     820   153    28.38    -12.90     25.28     9    -0.6     820     0   0   0   0      23.915   -92.931
0266   66.25  -999.0   -999.00   -999.0    -999   153    28.33    -12.88     25.23     9  -999.0    -999     0   0   0   0    -999.000  -999.000
0267   66.50   905.1     21.46     92.8     815   153    28.27    -12.86     25.17     9    -0.4     815     0   0   0   0      23.915   -92.931
0268   66.75  -999.0   -999.00   -999.0    -999   153    28.20    -12.84     25.11    10  -999.0    -999     0   0   0   0    -999.000  -999.000
0269   67.00   905.6     21.51     92.8     810   153    28.14    -12.82     25.05    10    -0.2     810     0   0   0   0      23.916   -92.931
0270   67.25  -999.0   -999.00   -999.0    -999   153    28.06    -12.79     24.98    10  -999.0    -999     0   0   0   0    -999.000  -999.000
0271   67.50   906.2     21.56     92.9     804   153    27.99    -12.76     24.91    10    -0.0     804     0   0   0   0      23.916   -92.931
0272   67.75  -999.0   -999.00   -999.0    -999   153    27.92    -12.74     24.84    10  -999.0    -999     0   0   0   0    -999.000  -999.000
0273   68.00   906.7     21.62     92.9     799   153    27.85    -12.72     24.78    10     0.2     799     0   0   0   0      23.916   -92.931
0274   68.25  -999.0   -999.00   -999.0    -999   153    27.79    -12.70     24.72    10  -999.0    -999     0   0   0   0    -999.000  -999.000
0275   68.50   907.2     21.68     92.9     794   153    27.74    -12.69     24.66    10     0.4     794     0   0   0   0      23.916   -92.931
0276   68.75  -999.0   -999.00   -999.0    -999   153    27.69    -12.69     24.61    10  -999.0    -999     0   0   0   0    -999.000  -999.000
0277   69.00   907.7     21.75     93.0     789   153    27.66    -12.69     24.58    10     0.6     789     0   0   0   0      23.916   -92.931
0278   69.25  -999.0   -999.00   -999.0    -999   153    27.64    -12.70     24.55    10  -999.0    -999     0   0   0   0    -999.000  -999.000
0279   69.50   908.2     21.83     93.0     785   153    27.64    -12.72     24.53    10     0.8     785     0   0   0   0      23.916   -92.931
0280   69.75  -999.0   -999.00   -999.0    -999   153    27.65    -12.76     24.54    10  -999.0    -999     0   0   0   0    -999.000  -999.000
0281   70.00   908.7     21.92     93.0     780   152    27.69    -12.80     24.55    10     1.0     780     0   0   0   0      23.916   -92.931
0282   70.25  -999.0   -999.00   -999.0    -999   152    27.74    -12.85     24.59    10  -999.0    -999     0   0   0   0    -999.000  -999.000
0283   70.50   909.2     22.02     93.1     775   152    27.82    -12.91     24.64    10     1.1     775     0   0   0   0      23.916   -92.931
0284   70.75  -999.0   -999.00   -999.0    -999   152    27.91    -12.98     24.71    10  -999.0    -999     0   0   0   0    -999.000  -999.000
0285   71.00   909.7     22.12     93.1     771   152    28.03    -13.05     24.80    12     1.3     771     0   0   0   0      23.916   -92.931
0286   71.25  -999.0   -999.00   -999.0    -999   152    28.16    -13.14     24.91    12  -999.0    -999     0   0   0   0    -999.000  -999.000
0287   71.50   910.1     22.22     93.1     766   152    28.30    -13.22     25.02    12     1.4     766     0   0   0   0      23.917   -92.932
0288   71.75  -999.0   -999.00   -999.0    -999   152    28.45    -13.31     25.15    12  -999.0    -999     0   0   0   0    -999.000  -999.000
0289   72.00   910.6     22.31     93.1     762   152    28.61    -13.40     25.28    12     1.5     762     0   0   0   0      23.917   -92.932
0290   72.25  -999.0   -999.00   -999.0    -999   152    28.78    -13.49     25.42    12  -999.0    -999     0   0   0   0    -999.000  -999.000
0291   72.50   911.0     22.39     93.1     757   152    28.94    -13.57     25.56    12     1.7     757     0   0   0   0      23.917   -92.932
0292   72.75  -999.0   -999.00   -999.0    -999   152    29.10    -13.65     25.70    12  -999.0    -999     0   0   0   0    -999.000  -999.000
0293   73.00  -999.0   -999.00   -999.0    -999  -999  -999.00   -999.00   -999.00     0  -999.0    -999     0   0   0   0    -999.000  -999.000
0294   73.25  -999.0   -999.00   -999.0    -999  -999  -999.00   -999.00   -999.00     0  -999.0    -999     0   0   0   0    -999.000  -999.000
0295   73.50   911.9     22.51     93.1     749   152    29.52    -13.85     26.07    12     1.8     749     0   0   0   0      23.917   -92.932
0296   73.75  -999.0   -999.00   -999.0    -999   152    29.63    -13.90     26.17    12  -999.0    -999     0   0   0   0    -999.000  -999.000
0297   74.00   912.4     22.54     93.1     745   152    29.72    -13.94     26.25    12     1.9     745     0   0   0   0      23.917   -92.932
0298   74.25  -999.0   -999.00   -999.0    -999   152    29.80    -13.98     26.31    12  -999.0    -999     0   0   0   0    -999.000  -999.000
0299   74.50   912.8     22.56     93.1     741   152    29.85    -14.02     26.36    12     1.9     741     0   0   0   0      23.917   -92.932
0300   74.75  -999.0   -999.00   -999.0    -999   152    29.89    -14.04     26.39    12  -999.0    -999     0   0   0   0    -999.000  -999.000
0301   75.00   913.2     22.56     93.1     736   152    29.91    -14.06     26.40    12     2.0     736     0   0   0   0      23.917   -92.932
0302   75.25  -999.0   -999.00   -999.0    -999   152    29.92    -14.07     26.40    12  -999.0    -999     0   0   0   0    -999.000  -999.000
0303   75.50   913.7     22.56     93.1     732   152    29.91    -14.08     26.39    12     2.0     732     0   0   0   0      23.917   -92.932
0304   75.75  -999.0   -999.00   -999.0    -999   152    29.89    -14.08     26.36    12  -999.0    -999     0   0   0   0    -999.000  -999.000
0305   76.00   914.1     22.54     93.1     728   152    29.86    -14.07     26.33    12     2.1     728     0   0   0   0      23.918   -92.932
0306   76.25  -999.0   -999.00   -999.0    -999   152    29.82    -14.06     26.30    12  -999.0    -999     0   0   0   0    -999.000  -999.000
0307   76.50   914.6     22.52     93.0     724   152    29.79    -14.05     26.27    12     2.1     724     0   0   0   0      23.918   -92.932
0308   76.75  -999.0   -999.00   -999.0    -999   152    29.75    -14.03     26.23    12  -999.0    -999     0   0   0   0    -999.000  -999.000
0309   77.00   915.0     22.50     93.0     720   152    29.71    -14.01     26.20    12     2.2     720     0   0   0   0      23.918   -92.932
0310   77.25  -999.0   -999.00   -999.0    -999   152    29.68    -14.00     26.17    12  -999.0    -999     0   0   0   0    -999.000  -999.000
0311   77.50   915.4     22.48     93.0     716   152    29.65    -13.98     26.14    12     2.2     716     0   0   0   0      23.918   -92.932
0312   77.75  -999.0   -999.00   -999.0    -999   152    29.63    -13.97     26.12    12  -999.0    -999     0   0   0   0    -999.000  -999.000
0313   78.00   915.8     22.46     93.0     712   152    29.61    -13.97     26.11    12     2.2     712     0   0   0   0      23.918   -92.932
0314   78.25  -999.0   -999.00   -999.0    -999   152    29.60    -13.97     26.10    12  -999.0    -999     0   0   0   0    -999.000  -999.000
0315   78.50   916.2     22.45     93.0     708   152    29.60    -13.98     26.09    12     2.3     708     0   0   0   0      23.918   -92.932
0316   78.75  -999.0   -999.00   -999.0    -999   152    29.60    -14.01     26.08    12  -999.0    -999     0   0   0   0    -999.000  -999.000
0317   79.00   916.7     22.44     93.0     704   152    29.62    -14.04     26.08    12     2.3     704     0   0   0   0      23.918   -92.933
0318   79.25  -999.0   -999.00   -999.0    -999   152    29.64    -14.08     26.08    12  -999.0    -999     0   0   0   0    -999.000  -999.000
0319   79.50   917.1     22.43     93.1     700   152    29.66    -14.13     26.08    12     2.2     700     0   0   0   0      23.918   -92.933
0320   79.75  -999.0   -999.00   -999.0    -999   151    29.69    -14.19     26.08    12  -999.0    -999     0   0   0   0    -999.000  -999.000
0321   80.00   917.5     22.44     93.1     696   151    29.72    -14.26     26.08    12     2.2     696     0   0   0   0      23.919   -92.933
0322   80.25  -999.0   -999.00   -999.0    -999   151    29.76    -14.34     26.07    12  -999.0    -999     0   0   0   0    -999.000  -999.000
0323   80.50   917.9     22.45     93.1     692   151    29.79    -14.43     26.07    12     2.1     692     0   0   0   0      23.919   -92.933
0324   80.75  -999.0   -999.00   -999.0    -999   151    29.82    -14.52     26.05    12  -999.0    -999     0   0   0   0    -999.000  -999.000
0325   81.00   918.4     22.48     93.2     688   151    29.85    -14.61     26.03    12     2.0     688     0   0   0   0      23.919   -92.933
0326   81.25  -999.0   -999.00   -999.0    -999   151    29.88    -14.71     26.01    12  -999.0    -999     0   0   0   0    -999.000  -999.000
0327   81.50   918.8     22.51     93.2     683   150    29.90    -14.80     25.98    12     1.9     683     0   0   0   0      23.919   -92.933
0328   81.75  -999.0   -999.00   -999.0    -999   150    29.91    -14.90     25.94    12  -999.0    -999     0   0   0   0    -999.000  -999.000
0329   82.00   919.2     22.55     93.2     679   150    29.91    -14.99     25.89    12     1.7     679     0   0   0   0      23.919   -92.933
0330   82.25  -999.0   -999.00   -999.0    -999   150    29.91    -15.08     25.83    12  -999.0    -999     0   0   0   0    -999.000  -999.000
0331   82.50   919.7     22.58     93.2     675   150    29.90    -15.16     25.77    12     1.6     675     0   0   0   0      23.919   -92.933
0332   82.75  -999.0   -999.00   -999.0    -999   149    29.88    -15.24     25.71    12  -999.0    -999     0   0   0   0    -999.000  -999.000
0333   83.00   920.1     22.62     93.2     671   149    29.86    -15.30     25.64    12     1.4     671     0   0   0   0      23.919   -92.933
0334   83.25  -999.0   -999.00   -999.0    -999   149    29.83    -15.36     25.57    12  -999.0    -999     0   0   0   0    -999.000  -999.000
0335   83.50   920.6     22.66     93.2     666   149    29.79    -15.42     25.50    12     1.2     666     0   0   0   0      23.919   -92.933
0336   83.75  -999.0   -999.00   -999.0    -999   149    29.76    -15.46     25.42    12  -999.0    -999     0   0   0   0    -999.000  -999.000
0337   84.00   921.1     22.68     93.2     661   149    29.72    -15.50     25.36    12     1.0     661     0   0   0   0      23.919   -92.933
0338   84.25  -999.0   -999.00   -999.0    -999   148    29.68    -15.53     25.29    12  -999.0    -999     0   0   0   0    -999.000  -999.000
0339   84.50   921.6     22.71     93.2     657   148    29.64    -15.55     25.23    12     0.8     657     0   0   0   0      23.920   -92.933
0340   84.75  -999.0   -999.00   -999.0    -999   148    29.61    -15.57     25.18    12  -999.0    -999     0   0   0   0    -999.000  -999.000
0341   85.00   922.1     22.73     93.2     652   148    29.57    -15.58     25.14    12     0.7     652     0   0   0   0      23.920   -92.933
0342   85.25  -999.0   -999.00   -999.0    -999   148    29.55    -15.58     25.10    12  -999.0    -999     0   0   0   0    -999.000  -999.000
0343   85.50   922.6     22.75     93.2     647   148    29.52    -15.58     25.07    12     0.5     647     0   0   0   0      23.920   -92.934
0344   85.75  -999.0   -999.00   -999.0    -999   148    29.50    -15.58     25.05    12  -999.0    -999     0   0   0   0    -999.000  -999.000
0345   86.00   923.1     22.77     93.2     642   148    29.49    -15.58     25.04    12     0.3     642     0   0   0   0      23.920   -92.934
0346   86.25  -999.0   -999.00   -999.0    -999   148    29.48    -15.57     25.03    12  -999.0    -999     0   0   0   0    -999.000  -999.000
0347   86.50   923.6     22.79     93.2     637   148    29.48    -15.57     25.03    12     0.2     637     0   0   0   0      23.920   -92.934
0348   86.75  -999.0   -999.00   -999.0    -999   148    29.48    -15.58     25.03    12  -999.0    -999     0   0   0   0    -999.000  -999.000
0349   87.00   924.2     22.82     93.2     632   148    29.50    -15.58     25.05    13     0.1     632     0   0   0   0      23.920   -92.934
0350   87.25  -999.0   -999.00   -999.0    -999   148    29.52    -15.59     25.06    13  -999.0    -999     0   0   0   0    -999.000  -999.000
0351   87.50   924.7     22.85     93.2     627   148    29.55    -15.61     25.08    13    -0.0     627     0   0   0   0      23.920   -92.934
0352   87.75  -999.0   -999.00   -999.0    -999   148    29.58    -15.64     25.11    13  -999.0    -999     0   0   0   0    -999.000  -999.000
0353   88.00  -999.0   -999.00   -999.0    -999  -999  -999.00   -999.00   -999.00     0  -999.0    -999     0   0   0   0    -999.000  -999.000
0354   88.25  -999.0   -999.00   -999.0    -999  -999  -999.00   -999.00   -999.00     0  -999.0    -999     0   0   0   0    -999.000  -999.000
0355   88.50   925.8     22.92     93.2     617   148    29.72    -15.74     25.21    13    -0.1     617     0   0   0   0      23.921   -92.934
0356   88.75  -999.0   -999.00   -999.0    -999   148    29.78    -15.78     25.25    13  -999.0    -999     0   0   0   0    -999.000  -999.000
0357   89.00   926.4     22.96     93.3     612   148    29.84    -15.83     25.30    13    -0.1     612     0   0   0   0      23.921   -92.934
0358   89.25  -999.0   -999.00   -999.0    -999   148    29.92    -15.88     25.35    13  -999.0    -999     0   0   0   0    -999.000  -999.000
0359   89.50   926.9     23.01     93.3     606   148    29.99    -15.93     25.41    13     0.0     606     0   0   0   0      23.921   -92.934
0360   89.75  -999.0   -999.00   -999.0    -999   148    30.08    -15.99     25.48    13  -999.0    -999     0   0   0   0    -999.000  -999.000
0361   90.00   927.5     23.05     93.3     601   148    30.17    -16.05     25.54    13     0.1     601     0   0   0   0      23.921   -92.934
0362   90.25  -999.0   -999.00   -999.0    -999   148    30.26    -16.11     25.62    13  -999.0    -999     0   0   0   0    -999.000  -999.000
0363   90.50   928.0     23.11     93.3     596   148    30.36    -16.17     25.69    13     0.2     596     0   0   0   0      23.921   -92.934
0364   90.75  -999.0   -999.00   -999.0    -999   148    30.46    -16.25     25.76    13  -999.0    -999     0   0   0   0    -999.000  -999.000
0365   91.00   928.5     23.16     93.3     591   148    30.56    -16.32     25.84    13     0.4     591     0   0   0   0      23.921   -92.934
0366   91.25  -999.0   -999.00   -999.0    -999   148    30.66    -16.40     25.91    13  -999.0    -999     0   0   0   0    -999.000  -999.000
0367   91.50   929.0     23.22     93.4     586   148    30.77    -16.49     25.98    13     0.5     586     0   0   0   0      23.921   -92.934
0368   91.75  -999.0   -999.00   -999.0    -999   148    30.87    -16.58     26.04    13  -999.0    -999     0   0   0   0    -999.000  -999.000
0369   92.00   929.5     23.28     93.4     582   147    30.97    -16.67     26.10    13     0.7     582     0   0   0   0      23.921   -92.935
0370   92.25  -999.0   -999.00   -999.0    -999   147    31.07    -16.77     26.15    13  -999.0    -999     0   0   0   0    -999.000  -999.000
0371   92.50   930.0     23.33     93.4     577   147    31.16    -16.88     26.19    13     0.9     577     0   0   0   0      23.921   -92.935
0372   92.75  -999.0   -999.00   -999.0    -999   147    31.25    -16.98     26.23    13  -999.0    -999     0   0   0   0    -999.000  -999.000
0373   93.00   930.5     23.39     93.4     572   147    31.33    -17.09     26.26    13     1.1     572     0   0   0   0      23.922   -92.935
0374   93.25  -999.0   -999.00   -999.0    -999   147    31.41    -17.20     26.28    13  -999.0    -999     0   0   0   0    -999.000  -999.000
0375   93.50   931.0     23.43     93.4     568   147    31.48    -17.31     26.30    13     1.3     568     0   0   0   0      23.922   -92.935
0376   93.75  -999.0   -999.00   -999.0    -999   146    31.55    -17.42     26.31    13  -999.0    -999     0   0   0   0    -999.000  -999.000
0377   94.00   931.5     23.47     93.4     563   146    31.61    -17.52     26.31    13     1.5     563     0   0   0   0      23.922   -92.935
0378   94.25  -999.0   -999.00   -999.0    -999   146    31.66    -17.63     26.30    13  -999.0    -999     0   0   0   0    -999.000  -999.000
0379   94.50   931.9     23.50     93.4     559   146    31.71    -17.73     26.29    13     1.6     559     0   0   0   0      23.922   -92.935
0380   94.75  -999.0   -999.00   -999.0    -999   146    31.75    -17.83     26.27    13  -999.0    -999     0   0   0   0    -999.000  -999.000
0381   95.00   932.4     23.53     93.4     555   146    31.79    -17.94     26.25    13     1.7     555     0   0   0   0      23.922   -92.935
0382   95.25  -999.0   -999.00   -999.0    -999   145    31.83    -18.04     26.23    13  -999.0    -999     0   0   0   0    -999.000  -999.000
0383   95.50   932.8     23.55     93.4     551   145    31.87    -18.13     26.20    13     1.8     551     0   0   0   0      23.922   -92.935
0384   95.75  -999.0   -999.00   -999.0    -999   145    31.90    -18.23     26.18    13  -999.0    -999     0   0   0   0    -999.000  -999.000
0385   96.00   933.3     23.56     93.4     546   145    31.93    -18.32     26.15    13     1.8     546     0   0   0   0      23.922   -92.935
0386   96.25  -999.0   -999.00   -999.0    -999   145    31.97    -18.41     26.13    13  -999.0    -999     0   0   0   0    -999.000  -999.000
0387   96.50   933.7     23.57     93.4     542   145    32.00    -18.50     26.11    13     1.8     542     0   0   0   0      23.922   -92.935
0388   96.75  -999.0   -999.00   -999.0    -999   145    32.03    -18.58     26.09    13  -999.0    -999     0   0   0   0    -999.000  -999.000
0389   97.00   934.1     23.57     93.4     538   144    32.06    -18.66     26.07    13     1.8     538     0   0   0   0      23.922   -92.935
0390   97.25  -999.0   -999.00   -999.0    -999   144    32.09    -18.73     26.06    13  -999.0    -999     0   0   0   0    -999.000  -999.000
0391   97.50   934.6     23.58     93.4     534   144    32.12    -18.80     26.04    13     1.7     534     0   0   0   0      23.923   -92.935
0392   97.75  -999.0   -999.00   -999.0    -999   144    32.15    -18.86     26.03    13  -999.0    -999     0   0   0   0    -999.000  -999.000
0393   98.00   935.0     23.58     93.4     530   144    32.17    -18.92     26.02    13     1.6     530     0   0   0   0      23.923   -92.936
0394   98.25  -999.0   -999.00   -999.0    -999   144    32.20    -18.98     26.01    13  -999.0    -999     0   0   0   0    -999.000  -999.000
0395   98.50   935.5     23.58     93.4     525   144    32.22    -19.03     26.00    12     1.5     525     0   0   0   0      23.923   -92.936
0396   98.75  -999.0   -999.00   -999.0    -999   144    32.24    -19.08     25.99    13  -999.0    -999     0   0   0   0    -999.000  -999.000
0397   99.00   936.0     23.59     93.4     521  -999  -999.00   -999.00   -999.00    13     1.4     521     0   0   0   0    -999.000  -999.000
0398   99.25  -999.0   -999.00   -999.0    -999   144    32.29    -19.16     25.99    13  -999.0    -999     0   0   0   0    -999.000  -999.000
0399   99.50   936.5     23.60     93.4     516   144    32.31    -19.19     26.00    13     1.3     516     0   0   0   0      23.923   -92.936
0400   99.75  -999.0   -999.00   -999.0    -999   144    32.34    -19.22     26.01    13  -999.0    -999     0   0   0   0    -999.000  -999.000
0401  100.00   936.9     23.60     93.4     512   144    32.37    -19.25     26.03    13     1.2     512     0   0   0   0      23.923   -92.936
0402  100.25  -999.0   -999.00   -999.0    -999   144    32.40    -19.27     26.05    13  -999.0    -999     0   0   0   0    -999.000  -999.000
0403  100.50   937.4     23.62     93.4     507   144    32.43    -19.28     26.08    13     1.1     507     0   0   0   0      23.923   -92.936
0404  100.75  -999.0   -999.00   -999.0    -999   144    32.47    -19.29     26.11    13  -999.0    -999     0   0   0   0    -999.000  -999.000
0405  101.00   937.9     23.63     93.4     503   144    32.50    -19.30     26.15    13     1.0     503     0   0   0   0      23.923   -92.936
0406  101.25  -999.0   -999.00   -999.0    -999   144    32.54    -19.30     26.19    13  -999.0    -999     0   0   0   0    -999.000  -999.000
0407  101.50   938.4     23.64     93.4     498   144    32.57    -19.31     26.23    13     1.0     498     0   0   0   0      23.924   -92.936
0408  101.75  -999.0   -999.00   -999.0    -999   144    32.60    -19.31     26.27    13  -999.0    -999     0   0   0   0    -999.000  -999.000
0409  102.00   938.9     23.66     93.4     493   144    32.63    -19.31     26.30    12     0.9     493     0   0   0   0      23.924   -92.936
0410  102.25  -999.0   -999.00   -999.0    -999   144    32.66    -19.32     26.33    12  -999.0    -999     0   0   0   0    -999.000  -999.000
0411  102.50   939.4     23.68     93.5     489   144    32.68    -19.32     26.35    12     0.9     489     0   0   0   0      23.924   -92.936
0412  102.75  -999.0   -999.00   -999.0    -999   144    32.69    -19.33     26.37    12  -999.0    -999     0   0   0   0    -999.000  -999.000
0413  103.00   939.9     23.70     93.5     484   144    32.70    -19.34     26.37    13     0.8     484     0   0   0   0      23.924   -92.937
0414  103.25  -999.0   -999.00   -999.0    -999   144    32.70    -19.35     26.37    12  -999.0    -999     0   0   0   0    -999.000  -999.000
0415  103.50   940.4     23.72     93.5     479   144    32.70    -19.36     26.35    13     0.7     479     0   0   0   0      23.924   -92.937
0416  103.75  -999.0   -999.00   -999.0    -999   144    32.69    -19.38     26.33    13  -999.0    -999     0   0   0   0    -999.000  -999.000
0417  104.00   940.9     23.75     93.5     475   144    32.67    -19.39     26.30    13     0.6     475     0   0   0   0      23.924   -92.937
0418  104.25  -999.0   -999.00   -999.0    -999   144    32.65    -19.40     26.26    13  -999.0    -999     0   0   0   0    -999.000  -999.000
0419  104.50   941.4     23.77     93.5     470   143    32.62    -19.42     26.21    13     0.5     470     0   0   0   0      23.924   -92.937
0420  104.75  -999.0   -999.00   -999.0    -999   143    32.58    -19.43     26.15    13  -999.0    -999     0   0   0   0    -999.000  -999.000
0421  105.00   941.9     23.79     93.5     465  -999  -999.00   -999.00   -999.00    13     0.4     465     0   0   0   0    -999.000  -999.000
0422  105.25  -999.0   -999.00   -999.0    -999   143    32.49    -19.45     26.02    13  -999.0    -999     0   0   0   0    -999.000  -999.000
0423  105.50   942.5     23.81     93.5     460   143    32.43    -19.45     25.95    13     0.3     460     0   0   0   0      23.925   -92.937
0424  105.75  -999.0   -999.00   -999.0    -999   143    32.37    -19.45     25.88    13  -999.0    -999     0   0   0   0    -999.000  -999.000
0425  106.00   943.0     23.84     93.5     455   143    32.31    -19.45     25.80    13     0.1     455     0   0   0   0      23.925   -92.937
0426  106.25  -999.0   -999.00   -999.0    -999   143    32.25    -19.45     25.73    13  -999.0    -999     0   0   0   0    -999.000  -999.000
0427  106.50   943.5     23.86     93.4     450   143    32.18    -19.44     25.65    13    -0.0     450     0   0   0   0      23.925   -92.937
0428  106.75  -999.0   -999.00   -999.0    -999   143    32.11    -19.42     25.57    13  -999.0    -999     0   0   0   0    -999.000  -999.000
0429  107.00   944.1     23.88     93.4     445   143    32.04    -19.40     25.50    13    -0.1     445     0   0   0   0      23.925   -92.937
0430  107.25  -999.0   -999.00   -999.0    -999   143    31.97    -19.38     25.42    13  -999.0    -999     0   0   0   0    -999.000  -999.000
0431  107.50   944.6     23.90     93.4     440   143    31.89    -19.35     25.35    13    -0.3     440     0   0   0   0      23.925   -92.937
0432  107.75  -999.0   -999.00   -999.0    -999   143    31.82    -19.31     25.29    13  -999.0    -999     0   0   0   0    -999.000  -999.000
0433  108.00   945.2     23.93     93.4     435   143    31.75    -19.27     25.23    13    -0.4     435     0   0   0   0      23.925   -92.937
0434  108.25  -999.0   -999.00   -999.0    -999   143    31.69    -19.23     25.19    12  -999.0    -999     0   0   0   0    -999.000  -999.000
0435  108.50   945.8     23.95     93.4     429   143    31.63    -19.19     25.14    13    -0.5     429     0   0   0   0      23.925   -92.938
0436  108.75  -999.0   -999.00   -999.0    -999   143    31.58    -19.15     25.11    13  -999.0    -999     0   0   0   0    -999.000  -999.000
0437  109.00  -999.0   -999.00   -999.0    -999   143    31.53    -19.11     25.08    13  -999.0    -999     0   0   0   0      23.925   -92.938
0438  109.25  -999.0   -999.00   -999.0    -999   143    31.49    -19.06     25.06    13  -999.0    -999     0   0   0   0    -999.000  -999.000
0439  109.50   946.9     24.00     93.5     419   143    31.45    -19.02     25.05    13    -0.7     419     0   0   0   0      23.925   -92.938
0440  109.75  -999.0   -999.00   -999.0    -999   143    31.41    -18.97     25.03    13  -999.0    -999     0   0   0   0    -999.000  -999.000
0441  110.00   947.5     24.03     93.5     413   143    31.37    -18.92     25.02    13    -0.7     413     0   0   0   0      23.926   -92.938
0442  110.25  -999.0   -999.00   -999.0    -999   143    31.33    -18.87     25.01    13  -999.0    -999     0   0   0   0    -999.000  -999.000
0443  110.50   948.1     24.06     93.5     408   143    31.28    -18.81     24.99    13    -0.8     408     0   0   0   0      23.926   -92.938
0444  110.75  -999.0   -999.00   -999.0    -999   143    31.23    -18.75     24.98    13  -999.0    -999     0   0   0   0    -999.000  -999.000
0445  111.00   948.7     24.09     93.5     402   143    31.17    -18.68     24.95    13    -0.8     402     0   0   0   0      23.926   -92.938
0446  111.25  -999.0   -999.00   -999.0    -999   143    31.10    -18.60     24.92    13  -999.0    -999     0   0   0   0    -999.000  -999.000
0447  111.50   949.3     24.13     93.5     397   143    31.02    -18.52     24.89    13    -0.8     397     0   0   0   0      23.926   -92.938
0448  111.75  -999.0   -999.00   -999.0    -999   143    30.93    -18.42     24.85    13  -999.0    -999     0   0   0   0    -999.000  -999.000
0449  112.00   949.9     24.16     93.6     391   144    30.83    -18.32     24.80    13    -0.8     391     0   0   0   0      23.926   -92.938
0450  112.25  -999.0   -999.00   -999.0    -999   144    30.72    -18.21     24.75    13  -999.0    -999     0   0   0   0    -999.000  -999.000
0451  112.50   950.5     24.20     93.6     386   144    30.61    -18.09     24.69    13    -0.7     386     0   0   0   0      23.926   -92.938
0452  112.75  -999.0   -999.00   -999.0    -999   144    30.48    -17.96     24.63    13  -999.0    -999     0   0   0   0    -999.000  -999.000
0453  113.00   951.1     24.24     93.6     380   144    30.36    -17.83     24.57    13    -0.7     380     0   0   0   0      23.926   -92.938
0454  113.25  -999.0   -999.00   -999.0    -999   144    30.23    -17.69     24.51    13  -999.0    -999     0   0   0   0    -999.000  -999.000
0455  113.50   951.6     24.29     93.7     375   144    30.10    -17.55     24.45    13    -0.6     375     0   0   0   0      23.926   -92.938
0456  113.75  -999.0   -999.00   -999.0    -999   144    29.98    -17.41     24.40    13  -999.0    -999     0   0   0   0    -999.000  -999.000
0457  114.00   952.2     24.33     93.7     370   145    29.85    -17.27     24.35    13    -0.6     370     0   0   0   0      23.926   -92.939
0458  114.25  -999.0   -999.00   -999.0    -999   145    29.74    -17.14     24.31    13  -999.0    -999     0   0   0   0    -999.000  -999.000
0459  114.50   952.8     24.38     93.7     364   145    29.63    -17.01     24.27    13    -0.5     364     0   0   0   0      23.927   -92.939
0460  114.75  -999.0   -999.00   -999.0    -999   145    29.54    -16.88     24.24    13  -999.0    -999     0   0   0   0    -999.000  -999.000
0461  115.00   953.4     24.43     93.8     359   145    29.45    -16.76     24.21    13    -0.5     359     0   0   0   0      23.927   -92.939
0462  115.25  -999.0   -999.00   -999.0    -999   145    29.37    -16.65     24.20    13  -999.0    -999     0   0   0   0    -999.000  -999.000
0463  115.50   953.9     24.47     93.8     354   146    29.30    -16.55     24.18    13    -0.5     354     0   0   0   0      23.927   -92.939
0464  115.75  -999.0   -999.00   -999.0    -999   146    29.25    -16.47     24.17    13  -999.0    -999     0   0   0   0    -999.000  -999.000
0465  116.00   954.5     24.51     93.8     349   146    29.20    -16.41     24.15    13    -0.5     349     0   0   0   0      23.927   -92.939
0466  116.25  -999.0   -999.00   -999.0    -999   146    29.16    -16.36     24.14    13  -999.0    -999     0   0   0   0    -999.000  -999.000
0467  116.50   955.1     24.56     93.8     343   146    29.13    -16.33     24.12    13    -0.5     343     0   0   0   0      23.927   -92.939
0468  116.75  -999.0   -999.00   -999.0    -999   146    29.11    -16.32     24.10    13  -999.0    -999     0   0   0   0    -999.000  -999.000
0469  117.00   955.6     24.59     93.8     338   146    29.09    -16.33     24.08    13    -0.6     338     0   0   0   0      23.927   -92.939
0470  117.25  -999.0   -999.00   -999.0    -999   146    29.08    -16.35     24.05    13  -999.0    -999     0   0   0   0    -999.000  -999.000
0471  117.50   956.2     24.63     93.8     333   146    29.08    -16.39     24.02    13    -0.7     333     0   0   0   0      23.927   -92.939
0472  117.75  -999.0   -999.00   -999.0    -999   146    29.08    -16.44     23.99    13  -999.0    -999     0   0   0   0    -999.000  -999.000
0473  118.00   956.8     24.67     93.8     327   145    29.09    -16.50     23.95    12    -0.8     327     0   0   0   0      23.927   -92.939
0474  118.25  -999.0   -999.00   -999.0    -999   145    29.10    -16.57     23.92    13  -999.0    -999     0   0   0   0    -999.000  -999.000
0475  118.50   957.4     24.70     93.8     322   145    29.11    -16.65     23.89    13    -0.9     322     0   0   0   0      23.927   -92.939
0476  118.75  -999.0   -999.00   -999.0    -999   145    29.13    -16.73     23.85    13  -999.0    -999     0   0   0   0    -999.000  -999.000
0477  119.00   958.0     24.73     93.7     316   145    29.16    -16.81     23.82    13    -1.0     316     0   0   0   0      23.928   -92.939
0478  119.25  -999.0   -999.00   -999.0    -999   145    29.19    -16.90     23.80    13  -999.0    -999     0   0   0   0    -999.000  -999.000
0479  119.50   958.6     24.75     93.7     311   144    29.23    -17.00     23.78    13    -1.1     311     0   0   0   0      23.928   -92.939
0480  119.75  -999.0   -999.00   -999.0    -999   144    29.28    -17.10     23.77    13  -999.0    -999     0   0   0   0    -999.000  -999.000
0481  120.00   959.2     24.77     93.7     305   144    29.33    -17.20     23.76    13    -1.1     305     0   0   0   0      23.928   -92.940
0482  120.25  -999.0   -999.00   -999.0    -999   144    29.40    -17.32     23.76    12  -999.0    -999     0   0   0   0    -999.000  -999.000
0483  120.50   959.8     24.78     93.6     299   144    29.47    -17.44     23.76    12    -1.1     299     0   0   0   0      23.928   -92.940
0484  120.75  -999.0   -999.00   -999.0    -999   144    29.55    -17.57     23.76    12  -999.0    -999     0   0   0   0    -999.000  -999.000
0485  121.00   960.5     24.79     93.6     294   143    29.64    -17.71     23.77    12    -1.0     294     0   0   0   0      23.928   -92.940
0486  121.25  -999.0   -999.00   -999.0    -999   143    29.74    -17.86     23.78    12  -999.0    -999     0   0   0   0    -999.000  -999.000
0487  121.50   961.1     24.78     93.5     288   143    29.84    -18.03     23.79    12    -0.9     288     0   0   0   0      23.928   -92.940
0488  121.75  -999.0   -999.00   -999.0    -999   143    29.95    -18.19     23.79    13  -999.0    -999     0   0   0   0    -999.000  -999.000
0489  122.00   961.7     24.77     93.5     283   142    30.06    -18.37     23.80    13    -0.8     283     0   0   0   0      23.928   -92.940
0490  122.25  -999.0   -999.00   -999.0    -999   142    30.18    -18.55     23.80    13  -999.0    -999     0   0   0   0    -999.000  -999.000
0491  122.50   962.3     24.75     93.5     277   142    30.29    -18.74     23.80    13    -0.7     277     0   0   0   0      23.928   -92.940
0492  122.75  -999.0   -999.00   -999.0    -999   142    30.41    -18.93     23.80    13  -999.0    -999     0   0   0   0    -999.000  -999.000
0493  123.00   962.8     24.74     93.5     272   141    30.52    -19.12     23.79    13    -0.5     272     0   0   0   0      23.928   -92.940
0494  123.25  -999.0   -999.00   -999.0    -999   141    30.64    -19.32     23.79    13  -999.0    -999     0   0   0   0    -999.000  -999.000
0495  123.50   963.4     24.72     93.5     267   141    30.76    -19.52     23.77    13    -0.4     267     0   0   0   0      23.928   -92.940
0496  123.75  -999.0   -999.00   -999.0    -999   140    30.88    -19.72     23.76    13  -999.0    -999     0   0   0   0    -999.000  -999.000
0497  124.00   964.0     24.70     93.5     261   140    31.00    -19.92     23.75    13    -0.2     261     0   0   0   0      23.929   -92.940
0498  124.25  -999.0   -999.00   -999.0    -999   140    31.12    -20.12     23.74    13  -999.0    -999     0   0   0   0    -999.000  -999.000
0499  124.50   964.5     24.69     93.5     256   139    31.24    -20.33     23.72    13    -0.1     256     0   0   0   0      23.929   -92.940
0500  124.75  -999.0   -999.00   -999.0    -999   139    31.36    -20.53     23.71    13  -999.0    -999     0   0   0   0    -999.000  -999.000
0501  125.00   965.1     24.69     93.5     251   139    31.49    -20.73     23.70    12     0.0     251     0   0   0   0      23.929   -92.940
0502  125.25  -999.0   -999.00   -999.0    -999   139    31.61    -20.93     23.69    12  -999.0    -999     0   0   0   0    -999.000  -999.000
0503  125.50   965.6     24.69     93.5     246   138    31.73    -21.12     23.67    12     0.2     246     0   0   0   0      23.929   -92.941
0504  125.75  -999.0   -999.00   -999.0    -999   138    31.84    -21.31     23.66    13  -999.0    -999     0   0   0   0    -999.000  -999.000
0505  126.00   966.1     24.69     93.5     242   138    31.95    -21.48     23.65    13     0.3     242     0   0   0   0      23.929   -92.941
0506  126.25  -999.0   -999.00   -999.0    -999   138    32.05    -21.65     23.63    13  -999.0    -999     0   0   0   0    -999.000  -999.000
0507  126.50   966.7     24.70     93.5     237   137    32.13    -21.80     23.61    13     0.3     237     0   0   0   0      23.929   -92.941
0508  126.75  -999.0   -999.00   -999.0    -999   137    32.21    -21.94     23.58    13  -999.0    -999     0   0   0   0    -999.000  -999.000
0509  127.00   967.2     24.71     93.5     232   137    32.26    -22.07     23.54    13     0.4     232     0   0   0   0      23.929   -92.941
0510  127.25  -999.0   -999.00   -999.0    -999   137    32.30    -22.18     23.48    13  -999.0    -999     0   0   0   0    -999.000  -999.000
0511  127.50   967.7     24.73     93.5     227   136    32.32    -22.28     23.41    13     0.5     227     0   0   0   0      23.929   -92.941
0512  127.75  -999.0   -999.00   -999.0    -999   136    32.32    -22.37     23.33    13  -999.0    -999     0   0   0   0    -999.000  -999.000
0513  128.00   968.3     24.75     93.5     222   136    32.30    -22.45     23.23    13     0.5     222     0   0   0   0      23.929   -92.941
0514  128.25  -999.0   -999.00   -999.0    -999   136    32.26    -22.50     23.11    13  -999.0    -999     0   0   0   0    -999.000  -999.000
0515  128.50   968.8     24.77     93.5     217   136    32.20    -22.55     22.98    13     0.5     217     0   0   0   0      23.930   -92.941
0516  128.75  -999.0   -999.00   -999.0    -999   135    32.11    -22.58     22.83    13  -999.0    -999     0   0   0   0    -999.000  -999.000
0517  129.00   969.3     24.79     93.5     213   135    32.01    -22.60     22.67    13     0.6     213     0   0   0   0      23.930   -92.941
0518  129.25  -999.0   -999.00   -999.0    -999   135    31.89    -22.60     22.50    13  -999.0    -999     0   0   0   0    -999.000  -999.000
0519  129.50   969.8     24.82     93.5     208   135    31.77    -22.60     22.33    12     0.6     208     0   0   0   0      23.930   -92.941
0520  129.75  -999.0   -999.00   -999.0    -999   134    31.63    -22.58     22.15    12  -999.0    -999     0   0   0   0    -999.000  -999.000
0521  130.00   970.3     24.84     93.4     203   134    31.50    -22.56     21.99    12     0.7     203     0   0   0   0      23.930   -92.942
0522  130.25  -999.0   -999.00   -999.0    -999   134    31.37    -22.53     21.83    12  -999.0    -999     0   0   0   0    -999.000  -999.000
0523  130.50   970.9     24.87     93.4     199   134    31.26    -22.50     21.69    12     0.7     199     0   0   0   0      23.930   -92.942
0524  130.75  -999.0   -999.00   -999.0    -999   134    31.15    -22.47     21.57    12  -999.0    -999     0   0   0   0    -999.000  -999.000
0525  131.00   971.4     24.90     93.4     194   134    31.06    -22.45     21.47    12     0.7     194     0   0   0   0      23.930   -92.942
0526  131.25  -999.0   -999.00   -999.0    -999   134    31.00    -22.42     21.40    13  -999.0    -999     0   0   0   0    -999.000  -999.000
0527  131.50   971.9     24.92     93.3     189   134    30.95    -22.40     21.35    13     0.8     189     0   0   0   0      23.930   -92.942
0528  131.75  -999.0   -999.00   -999.0    -999   134    30.91    -22.39     21.32    13  -999.0    -999     0   0   0   0    -999.000  -999.000
0529  132.00   972.4     24.95     93.3     185   134    30.90    -22.37     21.31    13     0.8     185     0   0   0   0      23.930   -92.942
0530  132.25  -999.0   -999.00   -999.0    -999   134    30.90    -22.36     21.33    13  -999.0    -999     0   0   0   0    -999.000  -999.000
0531  132.50  -999.0   -999.00   -999.0    -999  -999  -999.00   -999.00   -999.00     0  -999.0    -999     0   0   0   0    -999.000  -999.000
0532  132.75  -999.0   -999.00   -999.0    -999  -999  -999.00   -999.00   -999.00     0  -999.0    -999     0   0   0   0    -999.000  -999.000
0533  133.00   973.4     25.00     93.2     175   134    30.96    -22.33     21.44    13     0.8     175     0   0   0   0      23.930   -92.942
0534  133.25  -999.0   -999.00   -999.0    -999   134    30.98    -22.31     21.50    13  -999.0    -999     0   0   0   0    -999.000  -999.000
0535  133.50   973.9     25.03     93.1     171   134    31.01    -22.30     21.56    13     0.8     171     0   0   0   0      23.931   -92.942
0536  133.75  -999.0   -999.00   -999.0    -999   134    31.04    -22.28     21.61    13  -999.0    -999     0   0   0   0    -999.000  -999.000
0537  134.00   974.4     25.06     93.1     166   134    31.06    -22.25     21.66    13     0.8     166     0   0   0   0      23.931   -92.942
0538  134.25  -999.0   -999.00   -999.0    -999   134    31.07    -22.22     21.71    13  -999.0    -999     0   0   0   0    -999.000  -999.000
0539  134.50   974.9     25.09     93.1     162   134    31.08    -22.19     21.76    12     0.8     162     0   0   0   0      23.931   -92.943
0540  134.75  -999.0   -999.00   -999.0    -999   135    31.08    -22.16     21.79    12  -999.0    -999     0   0   0   0    -999.000  -999.000
0541  135.00   975.4     25.12     93.0     157   135    31.07    -22.12     21.82    12     0.8     157     0   0   0   0      23.931   -92.943
0542  135.25  -999.0   -999.00   -999.0    -999   135    31.05    -22.08     21.84    12  -999.0    -999     0   0   0   0    -999.000  -999.000
0543  135.50   975.9     25.15     93.0     153   135    31.03    -22.04     21.85    12     0.8     153     0   0   0   0      23.931   -92.943
0544  135.75  -999.0   -999.00   -999.0    -999   135    31.00    -21.99     21.85    12  -999.0    -999     0   0   0   0    -999.000  -999.000
0545  136.00   976.4     25.18     93.0     148   135    30.96    -21.94     21.85    12     0.8     148     0   0   0   0      23.931   -92.943
0546  136.25  -999.0   -999.00   -999.0    -999   135    30.92    -21.89     21.83    12  -999.0    -999     0   0   0   0    -999.000  -999.000
0547  136.50   977.0     25.22     93.0     143   135    30.87    -21.84     21.81    12     0.7     143     0   0   0   0      23.931   -92.943
0548  136.75  -999.0   -999.00   -999.0    -999   135    30.81    -21.79     21.79    12  -999.0    -999     0   0   0   0    -999.000  -999.000
0549  137.00   977.5     25.26     92.9     139   135    30.75    -21.74     21.75    12     0.7     139     0   0   0   0      23.931   -92.943
0550  137.25  -999.0   -999.00   -999.0    -999   135    30.69    -21.69     21.72    12  -999.0    -999     0   0   0   0    -999.000  -999.000
0551  137.50   978.0     25.30     92.9     134   135    30.63    -21.64     21.67    13     0.7     134     0   0   0   0      23.931   -92.943
0552  137.75  -999.0   -999.00   -999.0    -999   135    30.56    -21.59     21.63    13  -999.0    -999     0   0   0   0    -999.000  -999.000
0553  138.00   978.5     25.34     92.8     129   135    30.49    -21.55     21.58    12     0.7     129     0   0   0   0      23.931   -92.943
0554  138.25  -999.0   -999.00   -999.0    -999   135    30.42    -21.50     21.53    12  -999.0    -999     0   0   0   0    -999.000  -999.000
0555  138.50   979.0     25.38     92.8     125   135    30.36    -21.46     21.47    12     0.7     125     0   0   0   0      23.932   -92.943
0556  138.75  -999.0   -999.00   -999.0    -999   135    30.29    -21.42     21.42    12  -999.0    -999     0   0   0   0    -999.000  -999.000
0557  139.00   979.5     25.42     92.7     120   135    30.22    -21.37     21.36    12     0.8     120     0   0   0   0      23.932   -92.943
0558  139.25  -999.0   -999.00   -999.0    -999   135    30.15    -21.34     21.30    12  -999.0    -999     0   0   0   0    -999.000  -999.000
0559  139.50   980.1     25.46     92.7     115   135    30.08    -21.30     21.24    12     0.8     115     0   0   0   0      23.932   -92.944
0560  139.75  -999.0   -999.00   -999.0    -999   135    30.02    -21.26     21.19    12  -999.0    -999     0   0   0   0    -999.000  -999.000
0561  140.00   980.6     25.50     92.6     111   135    29.95    -21.23     21.13    13     0.8     111     0   0   0   0      23.932   -92.944
0562  140.25  -999.0   -999.00   -999.0    -999   135    29.89    -21.20     21.07    13  -999.0    -999     0   0   0   0    -999.000  -999.000
0563  140.50   981.1     25.54     92.6     106   135    29.82    -21.17     21.00    13     0.8     106     0   0   0   0      23.932   -92.944
0564  140.75  -999.0   -999.00   -999.0    -999   135    29.76    -21.15     20.94    12  -999.0    -999     0   0   0   0    -999.000  -999.000
0565  141.00   981.6     25.58     92.5     102   135    29.70    -21.13     20.87    13     0.8     102     0   0   0   0      23.932   -92.944
0566  141.25  -999.0   -999.00   -999.0    -999   135    29.64    -21.11     20.80    13  -999.0    -999     0   0   0   0    -999.000  -999.000
0567  141.50   982.1     25.62     92.4      97   135    29.58    -21.09     20.73    13     0.8      97     0   0   0   0      23.932   -92.944
0568  141.75  -999.0   -999.00   -999.0    -999   134    29.52    -21.08     20.67    13  -999.0    -999     0   0   0   0    -999.000  -999.000
0569  142.00   982.6     25.65     92.4      93   134    29.47    -21.07     20.60    13     0.7      93     0   0   0   0      23.932   -92.944
0570  142.25  -999.0   -999.00   -999.0    -999   134    29.42    -21.06     20.53    12  -999.0    -999     0   0   0   0    -999.000  -999.000
0571  142.50   983.1     25.69     92.3      88   134    29.37    -21.06     20.47    13     0.6      88     0   0   0   0      23.932   -92.944
0572  142.75  -999.0   -999.00   -999.0    -999   134    29.32    -21.05     20.41    13  -999.0    -999     0   0   0   0    -999.000  -999.000
0573  143.00   983.6     25.72     92.2      83   134    29.27    -21.04     20.35    13     0.6      83     0   0   0   0      23.932   -92.944
0574  143.25  -999.0   -999.00   -999.0    -999   134    29.21    -21.02     20.29    13  -999.0    -999     0   0   0   0    -999.000  -999.000
0575  143.50   984.1     25.76     92.1      79   134    29.15    -20.99     20.22    12     0.5      79     0   0   0   0      23.932   -92.944
0576  143.75  -999.0   -999.00   -999.0    -999   134    29.06    -20.95     20.15    12  -999.0    -999     0   0   0   0    -999.000  -999.000
0577  144.00   984.7     25.79     92.1      74   134    28.97    -20.89     20.06    12     0.5      74     0   0   0   0      23.933   -92.945
0578  144.25  -999.0   -999.00   -999.0    -999   134    28.85    -20.82     19.97    12  -999.0    -999     0   0   0   0    -999.000  -999.000
0579  144.50   985.2     25.83     92.0      69   134    28.72    -20.74     19.86    13     0.4      69     0   0   0   0      23.933   -92.945
0580  144.75  -999.0   -999.00   -999.0    -999   134    28.56    -20.65     19.73    13  -999.0    -999     0   0   0   0    -999.000  -999.000
0581  145.00   985.7     25.87     92.0      64   134    28.40    -20.56     19.59    12     0.4      64     0   0   0   0      23.933   -92.945
0582  145.25  -999.0   -999.00   -999.0    -999   134    28.22    -20.46     19.44    12  -999.0    -999     0   0   0   0    -999.000  -999.000
0583  145.50   986.3     25.91     91.9      59   133    28.03    -20.35     19.27    12     0.4      59     0   0   0   0      23.933   -92.945
0584  145.75  -999.0   -999.00   -999.0    -999   133    27.83    -20.24     19.10    12  -999.0    -999     0   0   0   0    -999.000  -999.000
0585  146.00   986.8     25.95     91.9      55   133    27.63    -20.13     18.92    13     0.4      55     0   0   0   0      23.933   -92.945
0586  146.25  -999.0   -999.00   -999.0    -999   133    27.42    -20.02     18.73    13  -999.0    -999     0   0   0   0    -999.000  -999.000
0587  146.50   987.3     26.00     91.8      50   133    27.20    -19.90     18.55    13     0.5      50     0   0   0   0      23.933   -92.945
0588  146.75  -999.0   -999.00   -999.0    -999   133    26.98    -19.77     18.36    13  -999.0    -999     0   0   0   0    -999.000  -999.000
0589  147.00   987.9     26.04     91.8      45   133    26.76    -19.64     18.17    13     0.6      45     0   0   0   0      23.933   -92.945
0590  147.25  -999.0   -999.00   -999.0    -999   133    26.53    -19.50     17.99    13  -999.0    -999     0   0   0   0    -999.000  -999.000
0591  147.50   988.4     26.09     91.7      40   133    26.31    -19.35     17.82    13     0.7      40     0   0   0   0      23.933   -92.945
0592  147.75  -999.0   -999.00   -999.0    -999   133    26.08    -19.20     17.65    13  -999.0    -999     0   0   0   0    -999.000  -999.000
0593  148.00   988.9     26.14     91.6      35   133    25.86    -19.05     17.49    12     0.9      35     0   0   0   0      23.933   -92.945
0594  148.25  -999.0   -999.00   -999.0    -999   133    25.64    -18.89     17.33    12  -999.0    -999     0   0   0   0    -999.000  -999.000
0595  148.50   989.5     26.19     91.6      31   133    25.40    -18.72     17.18    13     1.1      31     0   0   0   0      23.933   -92.945
0596  148.75  -999.0   -999.00   -999.0    -999   133    25.17    -18.53     17.02    13  -999.0    -999     0   0   0   0    -999.000  -999.000
0597  149.00   990.0     26.24     91.5      26   133    24.93    -18.34     16.88    13     1.3      26     0   0   0   0      23.933   -92.946
0598  149.25  -999.0   -999.00   -999.0    -999   133    24.71    -18.16     16.76    13  -999.0    -999     0   0   0   0    -999.000  -999.000
0599  149.50   990.4     26.28     91.4      22   133    24.51    -17.99     16.65    13     1.5      22     0   0   0   0      23.933   -92.946
0600  149.75  -999.0   -999.00   -999.0    -999   133    24.36    -17.84     16.58    13  -999.0    -999     0   0   0   0    -999.000  -999.000
0601  150.00   990.8     26.32     91.3      18   133    24.25    -17.73     16.54    13     1.6      18     0   0   0   0      23.934   -92.946
0602  150.25  -999.0   -999.00   -999.0    -999   133    24.19    -17.65     16.55    12  -999.0    -999     0   0   0   0    -999.000  -999.000
0603  150.50   991.3     26.36     91.2      15   133    24.19    -17.59     16.60    13     1.7      15     0   0   0   0      23.934   -92.946
0604  150.75  -999.0   -999.00   -999.0    -999   134    24.22    -17.54     16.70    13  -999.0    -999     0   0   0   0    -999.000  -999.000
0605  151.00   991.7     26.40     91.2      11   134    24.25    -17.49     16.81    13     1.8      11     0   0   0   0      23.934   -92.946
0606  151.25  -999.0   -999.00   -999.0    -999   134    24.29    -17.42     16.92    13  -999.0    -999     0   0   0   0    -999.000  -999.000
0607  151.50   992.2     26.44     91.1       7   134    24.30    -17.35     17.01    13     1.8       7     0   0   0   0      23.934   -92.946
0608  151.75  -999.0   -999.00   -999.0    -999   135    24.31    -17.28     17.10    13  -999.0    -999     0   0   0   0    -999.000  -999.000
0609  152.29   992.9     26.46     91.0       0  -999  -999.00   -999.00   -999.00  -999  -999.0       0     0   0   0   0    -999.000  -999.000
