 ===========================================================================
 DROPWINDSONDE PROCESSING RECORD                            Sonde: 143255164
 FRD file written by Aspen V3.4.8, 06 Jul 2023 20:22 UTC
 Aircraft: AFRC C-130J, ---                  Date: 170818   Time: 131131 UTC
 ---------------------------------------------------------------------------
 Bias corrections:  PR =   0.0 mb  TE =   0.0 C  RH =   0.0 %  PRB =  0.0 mb
 Filters (LPF):     PTH = 
 Dyn RH correction = 
 Estimated PR used = 
 Dyn T correction  = 
 ---------------------------------------------------------------------------
 COMMENT: RICKERT, Good Drop; TDDryBiasCorrApplied
 ===========================================================================

 ===========================================================================
 Date: 170818   Lat:  14.24 N   TA:   19.0 C   PS:  843.2 mb   WD:    60 deg
 Time: 131131   Lon:  61.83 W   TD:   15.3 C   GA:   1576 m    WS:  20.9 m/s
 SID:  143255164                RH:   78.6 %   Navaid:   GP
 ===========================================================================

IX      t (s)  P (mb)    T (C)    RH (%)  Z (m)   WD    WS (m/s)   U (m/s)   V (m/s)  NS  WZ (m/s)  ZW (m)   FP  FT  FH  FW    LAT (N)   LON (E)
0001    0.00  -999.0   -999.00   -999.0    -999  -999  -999.00   -999.00   -999.00    10  -999.0    -999     0   0   0   0      14.244   -61.827
0002    0.25  -999.0   -999.00   -999.0    -999  -999  -999.00   -999.00   -999.00     9  -999.0    -999     0   0   0   0    -999.000  -999.000
0003    0.50  -999.0   -999.00   -999.0    -999  -999  -999.00   -999.00   -999.00    10  -999.0    -999     0   0   0   0      14.244   -61.828
0004    0.75  -999.0   -999.00   -999.0    -999  -999  -999.00   -999.00   -999.00    10  -999.0    -999     0   0   0   0    -999.000  -999.000
0005    1.00  -999.0   -999.00   -999.0    -999  -999  -999.00   -999.00   -999.00     9  -999.0    -999     0   0   0   0      14.243   -61.828
0006    1.25  -999.0   -999.00   -999.0    -999  -999  -999.00   -999.00   -999.00    10  -999.0    -999     0   0   0   0    -999.000  -999.000
0007    1.50  -999.0   -999.00   -999.0    -999  -999  -999.00   -999.00   -999.00     9  -999.0    -999     0   0   0   0      14.243   -61.828
0008    1.75  -999.0   -999.00   -999.0    -999  -999  -999.00   -999.00   -999.00    11  -999.0    -999     0   0   0   0    -999.000  -999.000
0009    2.00  -999.0   -999.00   -999.0    -999  -999  -999.00   -999.00   -999.00    10  -999.0    -999     0   0   0   0      14.243   -61.828
0010    2.25  -999.0   -999.00   -999.0    -999  -999  -999.00   -999.00   -999.00    10  -999.0    -999     0   0   0   0    -999.000  -999.000
0011    2.50  -999.0   -999.00   -999.0    -999  -999  -999.00   -999.00   -999.00     8  -999.0    -999     0   0   0   0      14.243   -61.828
0012    2.75  -999.0   -999.00   -999.0    -999  -999  -999.00   -999.00   -999.00    10  -999.0    -999     0   0   0   0    -999.000  -999.000
0013    3.00  -999.0   -999.00   -999.0    -999  -999  -999.00   -999.00   -999.00    11  -999.0    -999     0   0   0   0      14.243   -61.828
0014    3.25  -999.0   -999.00   -999.0    -999  -999  -999.00   -999.00   -999.00    14  -999.0    -999     0   0   0   0    -999.000  -999.000
0015    3.50  -999.0   -999.00   -999.0    -999  -999  -999.00   -999.00   -999.00    12  -999.0    -999     0   0   0   0      14.243   -61.828
0016    3.75  -999.0   -999.00   -999.0    -999  -999  -999.00   -999.00   -999.00    13  -999.0    -999     0   0   0   0    -999.000  -999.000
0017    4.00  -999.0   -999.00   -999.0    -999  -999  -999.00   -999.00   -999.00    13  -999.0    -999     0   0   0   0      14.243   -61.828
0018    4.25  -999.0   -999.00   -999.0    -999  -999  -999.00   -999.00   -999.00    13  -999.0    -999     0   0   0   0    -999.000  -999.000
0019    4.50  -999.0   -999.00   -999.0    -999  -999  -999.00   -999.00   -999.00    14  -999.0    -999     0   0   0   0      14.243   -61.828
0020    4.75  -999.0   -999.00   -999.0    -999  -999  -999.00   -999.00   -999.00    14  -999.0    -999     0   0   0   0    -999.000  -999.000
0021    5.00  -999.0   -999.00   -999.0    -999  -999  -999.00   -999.00   -999.00    14  -999.0    -999     0   0   0   0      14.243   -61.828
0022    5.25  -999.0   -999.00   -999.0    -999  -999  -999.00   -999.00   -999.00    14  -999.0    -999     0   0   0   0    -999.000  -999.000
0023    5.50  -999.0   -999.00   -999.0    -999  -999  -999.00   -999.00   -999.00    14  -999.0    -999     0   0   0   0      14.243   -61.828
0024    5.75  -999.0   -999.00   -999.0    -999  -999  -999.00   -999.00   -999.00    14  -999.0    -999     0   0   0   0    -999.000  -999.000
0025    6.00  -999.0   -999.00   -999.0    -999  -999  -999.00   -999.00   -999.00    14  -999.0    -999     0   0   0   0      14.243   -61.829
0026    6.25  -999.0   -999.00   -999.0    -999  -999  -999.00   -999.00   -999.00    14  -999.0    -999     0   0   0   0    -999.000  -999.000
0027    6.50  -999.0   -999.00   -999.0    -999  -999  -999.00   -999.00   -999.00    14  -999.0    -999     0   0   0   0      14.243   -61.829
0028    6.75  -999.0   -999.00   -999.0    -999  -999  -999.00   -999.00   -999.00    14  -999.0    -999     0   0   0   0    -999.000  -999.000
0029    7.00  -999.0   -999.00   -999.0    -999  -999  -999.00   -999.00   -999.00    14  -999.0    -999     0   0   0   0      14.243   -61.829
0030    7.25  -999.0   -999.00   -999.0    -999  -999  -999.00   -999.00   -999.00    14  -999.0    -999     0   0   0   0    -999.000  -999.000
0031    7.50  -999.0   -999.00   -999.0    -999  -999  -999.00   -999.00   -999.00    14  -999.0    -999     0   0   0   0      14.243   -61.829
0032    7.75  -999.0   -999.00   -999.0    -999  -999  -999.00   -999.00   -999.00    14  -999.0    -999     0   0   0   0    -999.000  -999.000
0033    8.00  -999.0   -999.00   -999.0    -999  -999  -999.00   -999.00   -999.00    14  -999.0    -999     0   0   0   0      14.243   -61.829
0034    8.25  -999.0   -999.00   -999.0    -999  -999  -999.00   -999.00   -999.00    14  -999.0    -999     0   0   0   0    -999.000  -999.000
0035    8.50  -999.0   -999.00   -999.0    -999  -999  -999.00   -999.00   -999.00    14  -999.0    -999     0   0   0   0      14.243   -61.829
0036    8.75  -999.0   -999.00   -999.0    -999  -999  -999.00   -999.00   -999.00    14  -999.0    -999     0   0   0   0    -999.000  -999.000
0037    9.00  -999.0   -999.00   -999.0    -999  -999  -999.00   -999.00   -999.00    14  -999.0    -999     0   0   0   0      14.243   -61.829
0038    9.25  -999.0   -999.00   -999.0    -999  -999  -999.00   -999.00   -999.00    14  -999.0    -999     0   0   0   0    -999.000  -999.000
0039    9.50  -999.0   -999.00   -999.0    -999  -999  -999.00   -999.00   -999.00    14  -999.0    -999     0   0   0   0      14.243   -61.829
0040    9.75  -999.0   -999.00   -999.0    -999  -999  -999.00   -999.00   -999.00    14  -999.0    -999     0   0   0   0    -999.000  -999.000
0041   10.00  -999.0   -999.00   -999.0    -999    60    20.42    -17.75    -10.08    14  -999.0    -999     0   0   0   0      14.243   -61.829
0042   10.25  -999.0   -999.00   -999.0    -999    60    20.39    -17.73    -10.08    14  -999.0    -999     0   0   0   0    -999.000  -999.000
0043   10.50  -999.0   -999.00   -999.0    -999    60    20.37    -17.71    -10.07    14  -999.0    -999     0   0   0   0      14.243   -61.829
0044   10.75  -999.0   -999.00   -999.0    -999    60    20.35    -17.69    -10.06    14  -999.0    -999     0   0   0   0    -999.000  -999.000
0045   11.00   855.4     18.82   -999.0    1443    60    20.32    -17.66    -10.05    14    -0.3    1443     0   0   0   0      14.243   -61.829
0046   11.25  -999.0   -999.00   -999.0    -999    60    20.29    -17.64    -10.03    14  -999.0    -999     0   0   0   0    -999.000  -999.000
0047   11.50   856.0     18.83   -999.0    1437    60    20.26    -17.61    -10.02    14    -0.3    1437     0   0   0   0      14.243   -61.829
0048   11.75  -999.0   -999.00   -999.0    -999    60    20.22    -17.58    -10.00    13  -999.0    -999     0   0   0   0    -999.000  -999.000
0049   12.00   856.5     18.83   -999.0    1432    60    20.18    -17.55     -9.98    13    -0.4    1432     0   0   0   0      14.243   -61.829
0050   12.25  -999.0   -999.00   -999.0    -999    60    20.14    -17.51     -9.95    13  -999.0    -999     0   0   0   0    -999.000  -999.000
0051   12.50   857.1     18.84   -999.0    1426    60    20.09    -17.48     -9.92    13    -0.4    1426     0   0   0   0      14.243   -61.830
0052   12.75  -999.0   -999.00   -999.0    -999    60    20.04    -17.44     -9.89    14  -999.0    -999     0   0   0   0    -999.000  -999.000
0053   13.00   857.6     18.85   -999.0    1420    60    19.99    -17.40     -9.85    14    -0.5    1420     0   0   0   0      14.243   -61.830
0054   13.25  -999.0   -999.00   -999.0    -999    61    19.93    -17.35     -9.81    14  -999.0    -999     0   0   0   0    -999.000  -999.000
0055   13.50   858.2     18.86   -999.0    1415    61    19.87    -17.31     -9.76    14    -0.5    1415     0   0   0   0      14.243   -61.830
0056   13.75  -999.0   -999.00   -999.0    -999    61    19.80    -17.26     -9.71    14  -999.0    -999     0   0   0   0    -999.000  -999.000
0057   14.00   858.7     18.87   -999.0    1409    61    19.73    -17.21     -9.66    14    -0.5    1409     0   0   0   0      14.243   -61.830
0058   14.25  -999.0   -999.00   -999.0    -999    61    19.66    -17.15     -9.61    14  -999.0    -999     0   0   0   0    -999.000  -999.000
0059   14.50   859.3     18.89   -999.0    1404    61    19.58    -17.09     -9.55    14    -0.5    1404     0   0   0   0      14.242   -61.830
0060   14.75  -999.0   -999.00   -999.0    -999    61    19.50    -17.03     -9.50    14  -999.0    -999     0   0   0   0    -999.000  -999.000
0061   15.00   859.8     18.90   -999.0    1398    61    19.41    -16.95     -9.45    14    -0.5    1398     0   0   0   0      14.242   -61.830
0062   15.25  -999.0   -999.00   -999.0    -999    61    19.32    -16.87     -9.41    14  -999.0    -999     0   0   0   0    -999.000  -999.000
0063   15.50   860.4     18.92   -999.0    1393    61    19.22    -16.78     -9.37    14    -0.5    1393     0   0   0   0      14.242   -61.830
0064   15.75  -999.0   -999.00   -999.0    -999    61    19.12    -16.69     -9.34    14  -999.0    -999     0   0   0   0    -999.000  -999.000
0065   16.00   860.9     18.94     82.4    1387    61    19.02    -16.59     -9.31    14    -0.5    1387     0   0   0   0      14.242   -61.830
0066   16.25  -999.0   -999.00   -999.0    -999    61    18.92    -16.48     -9.28    14  -999.0    -999     0   0   0   0    -999.000  -999.000
0067   16.50   861.5     18.97     82.6    1382    60    18.81    -16.37     -9.27    14    -0.5    1382     0   0   0   0      14.242   -61.830
0068   16.75  -999.0   -999.00   -999.0    -999    60    18.71    -16.25     -9.26    14  -999.0    -999     0   0   0   0    -999.000  -999.000
0069   17.00   862.0     18.99     82.8    1376    60    18.60    -16.13     -9.26    14    -0.5    1376     0   0   0   0      14.242   -61.830
0070   17.25  -999.0   -999.00   -999.0    -999    60    18.50    -16.01     -9.26    14  -999.0    -999     0   0   0   0    -999.000  -999.000
0071   17.50   862.6     19.02     83.0    1371    60    18.40    -15.89     -9.27    14    -0.5    1371     0   0   0   0      14.242   -61.830
0072   17.75  -999.0   -999.00   -999.0    -999    60    18.30    -15.77     -9.28    14  -999.0    -999     0   0   0   0    -999.000  -999.000
0073   18.00   863.1     19.04     83.2    1365    59    18.21    -15.65     -9.30    14    -0.5    1365     0   0   0   0      14.242   -61.830
0074   18.25  -999.0   -999.00   -999.0    -999    59    18.12    -15.54     -9.32    14  -999.0    -999     0   0   0   0    -999.000  -999.000
0075   18.50   863.7     19.07     83.4    1360    59    18.03    -15.43     -9.34    14    -0.4    1360     0   0   0   0      14.242   -61.831
0076   18.75  -999.0   -999.00   -999.0    -999    59    17.95    -15.32     -9.36    14  -999.0    -999     0   0   0   0    -999.000  -999.000
0077   19.00   864.2     19.09     83.6    1354    58    17.88    -15.23     -9.37    14    -0.4    1354     0   0   0   0      14.242   -61.831
0078   19.25  -999.0   -999.00   -999.0    -999    58    17.82    -15.14     -9.39    14  -999.0    -999     0   0   0   0    -999.000  -999.000
0079   19.50   864.8     19.12     83.8    1349    58    17.76    -15.06     -9.41    14    -0.3    1349     0   0   0   0      14.242   -61.831
0080   19.75  -999.0   -999.00   -999.0    -999    58    17.71    -14.99     -9.43    14  -999.0    -999     0   0   0   0    -999.000  -999.000
0081   20.00   865.3     19.15     83.9    1343    58    17.66    -14.93     -9.44    14    -0.3    1343     0   0   0   0      14.242   -61.831
0082   20.25  -999.0   -999.00   -999.0    -999    58    17.63    -14.88     -9.45    14  -999.0    -999     0   0   0   0    -999.000  -999.000
0083   20.50   865.9     19.18     84.0    1338    57    17.59    -14.84     -9.46    14    -0.3    1338     0   0   0   0      14.242   -61.831
0084   20.75  -999.0   -999.00   -999.0    -999    57    17.57    -14.80     -9.46    14  -999.0    -999     0   0   0   0    -999.000  -999.000
0085   21.00   866.4     19.21     84.0    1333    57    17.54    -14.77     -9.47    14    -0.2    1333     0   0   0   0      14.242   -61.831
0086   21.25  -999.0   -999.00   -999.0    -999    57    17.53    -14.75     -9.47    14  -999.0    -999     0   0   0   0    -999.000  -999.000
0087   21.50   867.0     19.24     83.9    1327    57    17.51    -14.73     -9.47    14    -0.2    1327     0   0   0   0      14.242   -61.831
0088   21.75  -999.0   -999.00   -999.0    -999    57    17.50    -14.72     -9.47    14  -999.0    -999     0   0   0   0    -999.000  -999.000
0089   22.00   867.5     19.27     83.9    1322    57    17.50    -14.72     -9.46    14    -0.2    1322     0   0   0   0      14.242   -61.831
0090   22.25  -999.0   -999.00   -999.0    -999    57    17.50    -14.72     -9.46    14  -999.0    -999     0   0   0   0    -999.000  -999.000
0091   22.50   868.0     19.31     83.9    1317    57    17.50    -14.72     -9.46    14    -0.2    1317     0   0   0   0      14.242   -61.831
0092   22.75  -999.0   -999.00   -999.0    -999    57    17.50    -14.72     -9.46    14  -999.0    -999     0   0   0   0    -999.000  -999.000
0093   23.00   868.6     19.34     83.9    1311    57    17.50    -14.73     -9.46    14    -0.2    1311     0   0   0   0      14.242   -61.831
0094   23.25  -999.0   -999.00   -999.0    -999    57    17.51    -14.73     -9.46    14  -999.0    -999     0   0   0   0    -999.000  -999.000
0095   23.50   869.1     19.37     83.9    1306    57    17.50    -14.73     -9.46    14    -0.2    1306     0   0   0   0      14.242   -61.831
0096   23.75  -999.0   -999.00   -999.0    -999    57    17.50    -14.72     -9.46    14  -999.0    -999     0   0   0   0    -999.000  -999.000
0097   24.00   869.6     19.41     83.9    1301    57    17.49    -14.72     -9.46    14    -0.2    1301     0   0   0   0      14.242   -61.831
0098   24.25  -999.0   -999.00   -999.0    -999    57    17.48    -14.71     -9.45    14  -999.0    -999     0   0   0   0    -999.000  -999.000
0099   24.50   870.2     19.44     83.9    1295    57    17.47    -14.69     -9.45    14    -0.3    1295     0   0   0   0      14.242   -61.831
0100   24.75  -999.0   -999.00   -999.0    -999    57    17.45    -14.67     -9.45    14  -999.0    -999     0   0   0   0    -999.000  -999.000
0101   25.00   870.7     19.48     83.9    1290    57    17.43    -14.65     -9.44    14    -0.3    1290     0   0   0   0      14.242   -61.831
0102   25.25  -999.0   -999.00   -999.0    -999    57    17.41    -14.63     -9.43    14  -999.0    -999     0   0   0   0    -999.000  -999.000
0103   25.50   871.3     19.51     83.8    1285    57    17.39    -14.61     -9.42    14    -0.3    1285     0   0   0   0      14.242   -61.831
0104   25.75  -999.0   -999.00   -999.0    -999    57    17.36    -14.59     -9.41    14  -999.0    -999     0   0   0   0    -999.000  -999.000
0105   26.00   871.8     19.54     83.8    1279    57    17.33    -14.56     -9.40    14    -0.4    1279     0   0   0   0      14.242   -61.832
0106   26.25  -999.0   -999.00   -999.0    -999    57    17.30    -14.54     -9.38    14  -999.0    -999     0   0   0   0    -999.000  -999.000
0107   26.50   872.4     19.57     83.8    1274    57    17.27    -14.51     -9.37    14    -0.4    1274     0   0   0   0      14.241   -61.832
0108   26.75  -999.0   -999.00   -999.0    -999    57    17.24    -14.48     -9.36    14  -999.0    -999     0   0   0   0    -999.000  -999.000
0109   27.00   872.9     19.60     83.9    1268    57    17.20    -14.45     -9.34    14    -0.4    1268     0   0   0   0      14.241   -61.832
0110   27.25  -999.0   -999.00   -999.0    -999    57    17.17    -14.41     -9.33    14  -999.0    -999     0   0   0   0    -999.000  -999.000
0111   27.50   873.5     19.63     83.9    1263    57    17.13    -14.38     -9.31    14    -0.4    1263     0   0   0   0      14.241   -61.832
0112   27.75  -999.0   -999.00   -999.0    -999    57    17.09    -14.35     -9.30    14  -999.0    -999     0   0   0   0    -999.000  -999.000
0113   28.00   874.0     19.65     84.0    1257    57    17.06    -14.31     -9.28    14    -0.4    1257     0   0   0   0      14.241   -61.832
0114   28.25  -999.0   -999.00   -999.0    -999    57    17.02    -14.28     -9.27    14  -999.0    -999     0   0   0   0    -999.000  -999.000
0115   28.50   874.6     19.67     84.2    1252    57    16.99    -14.25     -9.25    14    -0.5    1252     0   0   0   0      14.241   -61.832
0116   28.75  -999.0   -999.00   -999.0    -999    57    16.96    -14.22     -9.24    13  -999.0    -999     0   0   0   0    -999.000  -999.000
0117   29.00   875.1     19.69     84.3    1246    57    16.92    -14.19     -9.23    14    -0.4    1246     0   0   0   0      14.241   -61.832
0118   29.25  -999.0   -999.00   -999.0    -999    57    16.89    -14.16     -9.22    14  -999.0    -999     0   0   0   0    -999.000  -999.000
0119   29.50   875.7     19.71     84.5    1241    57    16.86    -14.13     -9.20    14    -0.4    1241     0   0   0   0      14.241   -61.832
0120   29.75  -999.0   -999.00   -999.0    -999    57    16.83    -14.10     -9.19    14  -999.0    -999     0   0   0   0    -999.000  -999.000
0121   30.00   876.2     19.73     84.7    1235    57    16.80    -14.07     -9.17    14    -0.4    1235     0   0   0   0      14.241   -61.832
0122   30.25  -999.0   -999.00   -999.0    -999    57    16.77    -14.05     -9.16    14  -999.0    -999     0   0   0   0    -999.000  -999.000
0123   30.50   876.8     19.75     84.9    1230    57    16.75    -14.03     -9.15    14    -0.4    1230     0   0   0   0      14.241   -61.832
0124   30.75  -999.0   -999.00   -999.0    -999    57    16.72    -14.00     -9.13    14  -999.0    -999     0   0   0   0    -999.000  -999.000
0125   31.00   877.3     19.77     85.2    1225    57    16.70    -13.99     -9.12    14    -0.4    1225     0   0   0   0      14.241   -61.832
0126   31.25  -999.0   -999.00   -999.0    -999    57    16.68    -13.97     -9.11    14  -999.0    -999     0   0   0   0    -999.000  -999.000
0127   31.50   877.9     19.78     85.4    1219    57    16.66    -13.95     -9.10    14    -0.4    1219     0   0   0   0      14.241   -61.832
0128   31.75  -999.0   -999.00   -999.0    -999    57    16.64    -13.94     -9.09    14  -999.0    -999     0   0   0   0    -999.000  -999.000
0129   32.00   878.4     19.79     85.7    1214    57    16.62    -13.93     -9.07    14    -0.4    1214     0   0   0   0      14.241   -61.832
0130   32.25  -999.0   -999.00   -999.0    -999    57    16.61    -13.92     -9.06    14  -999.0    -999     0   0   0   0    -999.000  -999.000
0131   32.50   879.0     19.80     86.0    1208    57    16.59    -13.91     -9.05    14    -0.4    1208     0   0   0   0      14.241   -61.832
0132   32.75  -999.0   -999.00   -999.0    -999    57    16.58    -13.90     -9.04    14  -999.0    -999     0   0   0   0    -999.000  -999.000
0133   33.00   879.5     19.81     86.3    1203    57    16.57    -13.90     -9.03    14    -0.3    1203     0   0   0   0      14.241   -61.832
0134   33.25  -999.0   -999.00   -999.0    -999    57    16.56    -13.89     -9.01    14  -999.0    -999     0   0   0   0    -999.000  -999.000
0135   33.50   880.1     19.82     86.6    1197    57    16.55    -13.89     -9.00    14    -0.3    1197     0   0   0   0      14.241   -61.833
0136   33.75  -999.0   -999.00   -999.0    -999    57    16.55    -13.90     -8.98    14  -999.0    -999     0   0   0   0    -999.000  -999.000
0137   34.00   880.6     19.83     86.9    1192    57    16.54    -13.90     -8.97    14    -0.3    1192     0   0   0   0      14.241   -61.833
0138   34.25  -999.0   -999.00   -999.0    -999    57    16.54    -13.91     -8.95    14  -999.0    -999     0   0   0   0    -999.000  -999.000
0139   34.50   881.2     19.85     87.1    1187    57    16.54    -13.92     -8.93    14    -0.2    1187     0   0   0   0      14.241   -61.833
0140   34.75  -999.0   -999.00   -999.0    -999    57    16.54    -13.94     -8.92    14  -999.0    -999     0   0   0   0    -999.000  -999.000
0141   35.00   881.7     19.86     87.3    1181    57    16.55    -13.95     -8.90    14    -0.2    1181     0   0   0   0      14.241   -61.833
0142   35.25  -999.0   -999.00   -999.0    -999    58    16.55    -13.97     -8.88    14  -999.0    -999     0   0   0   0    -999.000  -999.000
0143   35.50  -999.0   -999.00   -999.0    -999    58    16.55    -13.98     -8.86    14  -999.0    -999     0   0   0   0      14.241   -61.833
0144   35.75  -999.0   -999.00   -999.0    -999    58    16.56    -13.99     -8.85    14  -999.0    -999     0   0   0   0    -999.000  -999.000
0145   36.00   882.8     19.90     87.5    1171    58    16.56    -14.00     -8.83    14    -0.1    1171     0   0   0   0      14.241   -61.833
0146   36.25  -999.0   -999.00   -999.0    -999    58    16.55    -14.01     -8.82    14  -999.0    -999     0   0   0   0    -999.000  -999.000
0147   36.50   883.3     19.91     87.6    1166    58    16.55    -14.02     -8.80    14    -0.0    1166     0   0   0   0      14.241   -61.833
0148   36.75  -999.0   -999.00   -999.0    -999    58    16.55    -14.02     -8.79    14  -999.0    -999     0   0   0   0    -999.000  -999.000
0149   37.00   883.9     19.94     87.7    1160    58    16.55    -14.02     -8.79    14    -0.0    1160     0   0   0   0      14.241   -61.833
0150   37.25  -999.0   -999.00   -999.0    -999    58    16.54    -14.02     -8.78    14  -999.0    -999     0   0   0   0    -999.000  -999.000
0151   37.50   884.4     19.96     87.7    1155    58    16.54    -14.02     -8.77    14     0.0    1155     0   0   0   0      14.241   -61.833
0152   37.75  -999.0   -999.00   -999.0    -999    58    16.54    -14.02     -8.77    14  -999.0    -999     0   0   0   0    -999.000  -999.000
0153   38.00   884.9     19.98     87.8    1150  -999  -999.00   -999.00   -999.00     0     0.1    1150     0   0   0   0    -999.000  -999.000
0154   38.25  -999.0   -999.00   -999.0    -999  -999  -999.00   -999.00   -999.00     0  -999.0    -999     0   0   0   0    -999.000  -999.000
0155   38.50   885.4     20.01     87.8    1145    58    16.53    -14.03     -8.75    14     0.1    1145     0   0   0   0      14.240   -61.833
0156   38.75  -999.0   -999.00   -999.0    -999    58    16.53    -14.03     -8.74    14  -999.0    -999     0   0   0   0    -999.000  -999.000
0157   39.00   886.0     20.04     87.8    1140    58    16.53    -14.04     -8.73    14     0.1    1140     0   0   0   0      14.240   -61.833
0158   39.25  -999.0   -999.00   -999.0    -999    58    16.53    -14.04     -8.72    14  -999.0    -999     0   0   0   0    -999.000  -999.000
0159   39.50   886.5     20.07     87.8    1134    58    16.53    -14.05     -8.71    13     0.1    1134     0   0   0   0      14.240   -61.833
0160   39.75  -999.0   -999.00   -999.0    -999    58    16.53    -14.06     -8.70    13  -999.0    -999     0   0   0   0    -999.000  -999.000
0161   40.00   887.0     20.10     87.8    1129    58    16.54    -14.07     -8.69    13     0.1    1129     0   0   0   0      14.240   -61.833
0162   40.25  -999.0   -999.00   -999.0    -999    58    16.54    -14.08     -8.68    14  -999.0    -999     0   0   0   0    -999.000  -999.000
0163   40.50   887.6     20.13     87.7    1124    58    16.54    -14.09     -8.67    14     0.1    1124     0   0   0   0      14.240   -61.833
0164   40.75  -999.0   -999.00   -999.0    -999    58    16.54    -14.10     -8.66    14  -999.0    -999     0   0   0   0    -999.000  -999.000
0165   41.00   888.1     20.17     87.7    1119    58    16.55    -14.11     -8.65    14     0.1    1119     0   0   0   0      14.240   -61.833
0166   41.25  -999.0   -999.00   -999.0    -999    59    16.55    -14.11     -8.64    14  -999.0    -999     0   0   0   0    -999.000  -999.000
0167   41.50   888.6     20.21     87.6    1114    59    16.55    -14.12     -8.63    14     0.0    1114     0   0   0   0      14.240   -61.834
0168   41.75  -999.0   -999.00   -999.0    -999    59    16.55    -14.13     -8.63    14  -999.0    -999     0   0   0   0    -999.000  -999.000
0169   42.00   889.1     20.24     87.5    1109    59    16.55    -14.13     -8.62    14     0.0    1109     0   0   0   0      14.240   -61.834
0170   42.25  -999.0   -999.00   -999.0    -999    59    16.55    -14.14     -8.61    14  -999.0    -999     0   0   0   0    -999.000  -999.000
0171   42.50   889.7     20.28     87.4    1104    59    16.55    -14.14     -8.60    14    -0.0    1104     0   0   0   0      14.240   -61.834
0172   42.75  -999.0   -999.00   -999.0    -999    59    16.55    -14.14     -8.60    13  -999.0    -999     0   0   0   0    -999.000  -999.000
0173   43.00   890.2     20.32     87.3    1098    59    16.55    -14.14     -8.59    13    -0.1    1098     0   0   0   0      14.240   -61.834
0174   43.25  -999.0   -999.00   -999.0    -999    59    16.54    -14.14     -8.58    13  -999.0    -999     0   0   0   0    -999.000  -999.000
0175   43.50   890.8     20.37     87.2    1093    59    16.54    -14.14     -8.57    14    -0.1    1093     0   0   0   0      14.240   -61.834
0176   43.75  -999.0   -999.00   -999.0    -999    59    16.53    -14.14     -8.56    14  -999.0    -999     0   0   0   0    -999.000  -999.000
0177   44.00   891.3     20.41     87.2    1088    59    16.52    -14.14     -8.54    14    -0.2    1088     0   0   0   0      14.240   -61.834
0178   44.25  -999.0   -999.00   -999.0    -999    59    16.51    -14.13     -8.53    14  -999.0    -999     0   0   0   0    -999.000  -999.000
0179   44.50   891.9     20.45     87.1    1082    59    16.49    -14.12     -8.52    14    -0.2    1082     0   0   0   0      14.240   -61.834
0180   44.75  -999.0   -999.00   -999.0    -999    59    16.47    -14.10     -8.50    14  -999.0    -999     0   0   0   0    -999.000  -999.000
0181   45.00   892.4     20.49     87.0    1077    59    16.44    -14.08     -8.48    14    -0.2    1077     0   0   0   0      14.240   -61.834
0182   45.25  -999.0   -999.00   -999.0    -999    59    16.41    -14.06     -8.46    14  -999.0    -999     0   0   0   0    -999.000  -999.000
0183   45.50   893.0     20.53     87.0    1072    59    16.37    -14.03     -8.44    14    -0.2    1072     0   0   0   0      14.240   -61.834
0184   45.75  -999.0   -999.00   -999.0    -999    59    16.34    -14.00     -8.42    14  -999.0    -999     0   0   0   0    -999.000  -999.000
0185   46.00   893.5     20.57     86.9    1066    59    16.29    -13.96     -8.39    14    -0.2    1066     0   0   0   0      14.240   -61.834
0186   46.25  -999.0   -999.00   -999.0    -999    59    16.25    -13.93     -8.37    14  -999.0    -999     0   0   0   0    -999.000  -999.000
0187   46.50   894.0     20.61     86.9    1061    59    16.20    -13.88     -8.35    14    -0.2    1061     0   0   0   0      14.240   -61.834
0188   46.75  -999.0   -999.00   -999.0    -999    59    16.15    -13.84     -8.32    14  -999.0    -999     0   0   0   0    -999.000  -999.000
0189   47.00   894.6     20.65     86.9    1056    59    16.10    -13.79     -8.30    14    -0.2    1056     0   0   0   0      14.240   -61.834
0190   47.25  -999.0   -999.00   -999.0    -999    59    16.05    -13.75     -8.28    14  -999.0    -999     0   0   0   0    -999.000  -999.000
0191   47.50   895.1     20.69     86.8    1051    59    15.99    -13.70     -8.26    14    -0.2    1051     0   0   0   0      14.240   -61.834
0192   47.75  -999.0   -999.00   -999.0    -999    59    15.95    -13.65     -8.24    14  -999.0    -999     0   0   0   0    -999.000  -999.000
0193   48.00   895.7     20.73     86.7    1045    59    15.90    -13.61     -8.22    14    -0.2    1045     0   0   0   0      14.240   -61.834
0194   48.25  -999.0   -999.00   -999.0    -999    59    15.86    -13.57     -8.21    14  -999.0    -999     0   0   0   0    -999.000  -999.000
0195   48.50   896.2     20.76     86.7    1040    59    15.83    -13.54     -8.20    14    -0.2    1040     0   0   0   0      14.240   -61.834
0196   48.75  -999.0   -999.00   -999.0    -999    59    15.80    -13.51     -8.20    14  -999.0    -999     0   0   0   0    -999.000  -999.000
0197   49.00   896.8     20.80     86.5    1035    59    15.78    -13.48     -8.20    14    -0.2    1035     0   0   0   0      14.240   -61.835
0198   49.25  -999.0   -999.00   -999.0    -999  -999  -999.00   -999.00   -999.00    14  -999.0    -999     0   0   0   0    -999.000  -999.000
0199   49.50   897.3     20.84     86.4    1029    59    15.76    -13.45     -8.21    14    -0.2    1029     0   0   0   0      14.240   -61.835
0200   49.75  -999.0   -999.00   -999.0    -999    59    15.75    -13.44     -8.21    14  -999.0    -999     0   0   0   0    -999.000  -999.000
0201   50.00   897.9     20.88     86.3    1024    59    15.75    -13.43     -8.22    14    -0.2    1024     0   0   0   0      14.240   -61.835
0202   50.25  -999.0   -999.00   -999.0    -999    58    15.75    -13.43     -8.23    14  -999.0    -999     0   0   0   0    -999.000  -999.000
0203   50.50   898.4     20.92     86.2    1019    58    15.75    -13.42     -8.25    14    -0.2    1019     0   0   0   0      14.240   -61.835
0204   50.75  -999.0   -999.00   -999.0    -999    58    15.75    -13.41     -8.26    14  -999.0    -999     0   0   0   0    -999.000  -999.000
0205   51.00   898.9     20.96     86.1    1014    58    15.75    -13.40     -8.28    14    -0.2    1014     0   0   0   0      14.240   -61.835
0206   51.25  -999.0   -999.00   -999.0    -999    58    15.75    -13.39     -8.29    14  -999.0    -999     0   0   0   0    -999.000  -999.000
0207   51.50   899.5     21.00     86.0    1008    58    15.75    -13.37     -8.31    14    -0.2    1008     0   0   0   0      14.240   -61.835
0208   51.75  -999.0   -999.00   -999.0    -999    58    15.74    -13.35     -8.33    13  -999.0    -999     0   0   0   0    -999.000  -999.000
0209   52.00   900.0     21.04     86.0    1003    58    15.73    -13.33     -8.35    14    -0.2    1003     0   0   0   0      14.239   -61.835
0210   52.25  -999.0   -999.00   -999.0    -999    58    15.72    -13.30     -8.37    14  -999.0    -999     0   0   0   0    -999.000  -999.000
0211   52.50   900.6     21.08     86.1     998    58    15.70    -13.27     -8.39    14    -0.2     998     0   0   0   0      14.239   -61.835
0212   52.75  -999.0   -999.00   -999.0    -999    58    15.67    -13.23     -8.41    14  -999.0    -999     0   0   0   0    -999.000  -999.000
0213   53.00   901.1     21.11     86.2     993    57    15.65    -13.18     -8.43    14    -0.2     993     0   0   0   0      14.239   -61.835
0214   53.25  -999.0   -999.00   -999.0    -999    57    15.62    -13.14     -8.45    14  -999.0    -999     0   0   0   0    -999.000  -999.000
0215   53.50   901.7     21.14     86.4     987    57    15.59    -13.09     -8.47    14    -0.2     987     0   0   0   0      14.239   -61.835
0216   53.75  -999.0   -999.00   -999.0    -999    57    15.56    -13.04     -8.49    14  -999.0    -999     0   0   0   0    -999.000  -999.000
0217   54.00   902.2     21.17     86.6     982    57    15.53    -12.99     -8.51    14    -0.2     982     0   0   0   0      14.239   -61.835
0218   54.25  -999.0   -999.00   -999.0    -999    57    15.51    -12.94     -8.54    14  -999.0    -999     0   0   0   0    -999.000  -999.000
0219   54.50   902.8     21.20     86.9     977    56    15.49    -12.90     -8.58    14    -0.2     977     0   0   0   0      14.239   -61.835
0220   54.75  -999.0   -999.00   -999.0    -999    56    15.48    -12.86     -8.61    14  -999.0    -999     0   0   0   0    -999.000  -999.000
0221   55.00   903.3     21.23     87.1     972    56    15.47    -12.82     -8.65    14    -0.2     972     0   0   0   0      14.239   -61.835
0222   55.25  -999.0   -999.00   -999.0    -999    56    15.46    -12.79     -8.69    14  -999.0    -999     0   0   0   0    -999.000  -999.000
0223   55.50   903.9     21.25     87.4     966    56    15.46    -12.76     -8.74    13    -0.2     966     0   0   0   0      14.239   -61.835
0224   55.75  -999.0   -999.00   -999.0    -999    55    15.47    -12.73     -8.78    13  -999.0    -999     0   0   0   0    -999.000  -999.000
0225   56.00   904.4     21.28     87.6     961    55    15.48    -12.71     -8.83    13    -0.3     961     0   0   0   0      14.239   -61.835
0226   56.25  -999.0   -999.00   -999.0    -999    55    15.49    -12.69     -8.88    13  -999.0    -999     0   0   0   0    -999.000  -999.000
0227   56.50   905.0     21.30     87.8     956  -999  -999.00   -999.00   -999.00    13    -0.3     956     0   0   0   0    -999.000  -999.000
0228   56.75  -999.0   -999.00   -999.0    -999    55    15.51    -12.65     -8.98    13  -999.0    -999     0   0   0   0    -999.000  -999.000
0229   57.00   905.5     21.33     88.0     950    54    15.53    -12.63     -9.03    13    -0.3     950     0   0   0   0      14.239   -61.835
0230   57.25  -999.0   -999.00   -999.0    -999    54    15.54    -12.62     -9.07    13  -999.0    -999     0   0   0   0    -999.000  -999.000
0231   57.50   906.1     21.35     88.1     945    54    15.55    -12.60     -9.12    13    -0.3     945     0   0   0   0      14.239   -61.836
0232   57.75  -999.0   -999.00   -999.0    -999    54    15.57    -12.59     -9.16    14  -999.0    -999     0   0   0   0    -999.000  -999.000
0233   58.00   906.6     21.38     88.2     940    54    15.58    -12.58     -9.20    14    -0.3     940     0   0   0   0      14.239   -61.836
0234   58.25  -999.0   -999.00   -999.0    -999    54    15.60    -12.57     -9.24    14  -999.0    -999     0   0   0   0    -999.000  -999.000
0235   58.50   907.2     21.40     88.2     934    54    15.61    -12.56     -9.27    13    -0.3     934     0   0   0   0      14.239   -61.836
0236   58.75  -999.0   -999.00   -999.0    -999    53    15.63    -12.56     -9.31    13  -999.0    -999     0   0   0   0    -999.000  -999.000
0237   59.00   907.7     21.43     88.3     929    53    15.65    -12.56     -9.34    14    -0.3     929     0   0   0   0      14.239   -61.836
0238   59.25  -999.0   -999.00   -999.0    -999    53    15.67    -12.56     -9.38    14  -999.0    -999     0   0   0   0    -999.000  -999.000
0239   59.50   908.3     21.45     88.3     924    53    15.70    -12.56     -9.41    14    -0.3     924     0   0   0   0      14.239   -61.836
0240   59.75  -999.0   -999.00   -999.0    -999    53    15.72    -12.57     -9.44    14  -999.0    -999     0   0   0   0    -999.000  -999.000
0241   60.00   908.8     21.48     88.3     919    53    15.74    -12.57     -9.47    14    -0.3     919     0   0   0   0      14.239   -61.836
0242   60.25  -999.0   -999.00   -999.0    -999    53    15.76    -12.58     -9.50    14  -999.0    -999     0   0   0   0    -999.000  -999.000
0243   60.50   909.4     21.51     88.3     913    53    15.78    -12.58     -9.53    14    -0.4     913     0   0   0   0      14.239   -61.836
0244   60.75  -999.0   -999.00   -999.0    -999    53    15.80    -12.59     -9.55    14  -999.0    -999     0   0   0   0    -999.000  -999.000
0245   61.00   909.9     21.54     88.3     908    53    15.82    -12.59     -9.58    14    -0.4     908     0   0   0   0      14.239   -61.836
0246   61.25  -999.0   -999.00   -999.0    -999    53    15.84    -12.59     -9.61    14  -999.0    -999     0   0   0   0    -999.000  -999.000
0247   61.50   910.5     21.57     88.4     902    53    15.85    -12.59     -9.64    14    -0.4     902     0   0   0   0      14.239   -61.836
0248   61.75  -999.0   -999.00   -999.0    -999    52    15.87    -12.59     -9.66    14  -999.0    -999     0   0   0   0    -999.000  -999.000
0249   62.00   911.1     21.60     88.4     897    52    15.88    -12.59     -9.69    14    -0.4     897     0   0   0   0      14.239   -61.836
0250   62.25  -999.0   -999.00   -999.0    -999    52    15.90    -12.59     -9.71    14  -999.0    -999     0   0   0   0    -999.000  -999.000
0251   62.50   911.6     21.63     88.5     892    52    15.91    -12.59     -9.74    14    -0.4     892     0   0   0   0      14.239   -61.836
0252   62.75  -999.0   -999.00   -999.0    -999    52    15.93    -12.59     -9.76    14  -999.0    -999     0   0   0   0    -999.000  -999.000
0253   63.00   912.2     21.66     88.5     886    52    15.94    -12.59     -9.79    13    -0.4     886     0   0   0   0      14.239   -61.836
0254   63.25  -999.0   -999.00   -999.0    -999    52    15.96    -12.59     -9.81    13  -999.0    -999     0   0   0   0    -999.000  -999.000
0255   63.50   912.8     21.69     88.6     881    52    15.97    -12.59     -9.83    14    -0.4     881     0   0   0   0      14.239   -61.836
0256   63.75  -999.0   -999.00   -999.0    -999    52    15.99    -12.59     -9.86    14  -999.0    -999     0   0   0   0    -999.000  -999.000
0257   64.00   913.3     21.72     88.6     876    52    16.00    -12.59     -9.88    14    -0.4     876     0   0   0   0      14.238   -61.836
0258   64.25  -999.0   -999.00   -999.0    -999    52    16.02    -12.59     -9.90    14  -999.0    -999     0   0   0   0    -999.000  -999.000
0259   64.50   913.9     21.75     88.6     870    52    16.03    -12.59     -9.93    14    -0.4     870     0   0   0   0      14.238   -61.836
0260   64.75  -999.0   -999.00   -999.0    -999    52    16.05    -12.59     -9.95    14  -999.0    -999     0   0   0   0    -999.000  -999.000
0261   65.00   914.4     21.78     88.6     865    52    16.06    -12.59     -9.97    14    -0.4     865     0   0   0   0      14.238   -61.836
0262   65.25  -999.0   -999.00   -999.0    -999    52    16.08    -12.59     -9.99    14  -999.0    -999     0   0   0   0    -999.000  -999.000
0263   65.50   915.0     21.81     88.5     860    52    16.09    -12.60    -10.01    14    -0.5     860     0   0   0   0      14.238   -61.836
0264   65.75  -999.0   -999.00   -999.0    -999    51    16.11    -12.60    -10.03    14  -999.0    -999     0   0   0   0    -999.000  -999.000
0265   66.00   915.6     21.84     88.5     854    51    16.12    -12.60    -10.05    13    -0.5     854     0   0   0   0      14.238   -61.837
0266   66.25  -999.0   -999.00   -999.0    -999    51    16.14    -12.60    -10.07    13  -999.0    -999     0   0   0   0    -999.000  -999.000
0267   66.50   916.1     21.87     88.4     849    51    16.15    -12.61    -10.09    13    -0.5     849     0   0   0   0      14.238   -61.837
0268   66.75  -999.0   -999.00   -999.0    -999    51    16.17    -12.61    -10.12    12  -999.0    -999     0   0   0   0    -999.000  -999.000
0269   67.00   916.7     21.91     88.4     843    51    16.19    -12.62    -10.14    13    -0.5     843     0   0   0   0      14.238   -61.837
0270   67.25  -999.0   -999.00   -999.0    -999    51    16.21    -12.63    -10.16    14  -999.0    -999     0   0   0   0    -999.000  -999.000
0271   67.50   917.3     21.94     88.3     838  -999  -999.00   -999.00   -999.00     0    -0.5     838     0   0   0   0    -999.000  -999.000
0272   67.75  -999.0   -999.00   -999.0    -999  -999  -999.00   -999.00   -999.00     0  -999.0    -999     0   0   0   0    -999.000  -999.000
0273   68.00   917.8     21.98     88.2     833    51    16.27    -12.64    -10.24    14    -0.5     833     0   0   0   0      14.238   -61.837
0274   68.25  -999.0   -999.00   -999.0    -999    51    16.29    -12.65    -10.26    14  -999.0    -999     0   0   0   0    -999.000  -999.000
0275   68.50   918.4     22.01     88.1     827    51    16.31    -12.65    -10.29    14    -0.5     827     0   0   0   0      14.238   -61.837
0276   68.75  -999.0   -999.00   -999.0    -999    51    16.33    -12.66    -10.31    14  -999.0    -999     0   0   0   0    -999.000  -999.000
0277   69.00   919.0     22.05     88.0     822    51    16.34    -12.66    -10.34    14    -0.4     822     0   0   0   0      14.238   -61.837
0278   69.25  -999.0   -999.00   -999.0    -999    51    16.35    -12.66    -10.36    14  -999.0    -999     0   0   0   0    -999.000  -999.000
0279   69.50   919.5     22.09     87.9     817    51    16.37    -12.65    -10.38    14    -0.4     817     0   0   0   0      14.238   -61.837
0280   69.75  -999.0   -999.00   -999.0    -999    51    16.37    -12.65    -10.40    14  -999.0    -999     0   0   0   0    -999.000  -999.000
0281   70.00   920.1     22.12     87.8     811    50    16.38    -12.64    -10.42    14    -0.4     811     0   0   0   0      14.238   -61.837
0282   70.25  -999.0   -999.00   -999.0    -999    50    16.38    -12.62    -10.44    14  -999.0    -999     0   0   0   0    -999.000  -999.000
0283   70.50   920.6     22.16     87.7     806    50    16.38    -12.61    -10.47    14    -0.4     806     0   0   0   0      14.238   -61.837
0284   70.75  -999.0   -999.00   -999.0    -999    50    16.38    -12.59    -10.49    14  -999.0    -999     0   0   0   0    -999.000  -999.000
0285   71.00   921.2     22.20     87.6     801    50    16.38    -12.57    -10.51    14    -0.4     801     0   0   0   0      14.238   -61.837
0286   71.25  -999.0   -999.00   -999.0    -999    50    16.38    -12.54    -10.53    14  -999.0    -999     0   0   0   0    -999.000  -999.000
0287   71.50  -999.0   -999.00   -999.0    -999  -999  -999.00   -999.00   -999.00     0  -999.0    -999     0   0   0   0    -999.000  -999.000
0288   71.75  -999.0   -999.00   -999.0    -999  -999  -999.00   -999.00   -999.00     0  -999.0    -999     0   0   0   0    -999.000  -999.000
0289   72.00   922.3     22.27     87.4     790    50    16.35    -12.46    -10.60    14    -0.4     790     0   0   0   0      14.238   -61.837
0290   72.25  -999.0   -999.00   -999.0    -999    49    16.34    -12.43    -10.61    14  -999.0    -999     0   0   0   0    -999.000  -999.000
0291   72.50   922.9     22.31     87.3     785    49    16.33    -12.40    -10.63    14    -0.4     785     0   0   0   0      14.238   -61.837
0292   72.75  -999.0   -999.00   -999.0    -999    49    16.32    -12.37    -10.65    14  -999.0    -999     0   0   0   0    -999.000  -999.000
0293   73.00   923.4     22.34     87.2     780    49    16.31    -12.34    -10.66    14    -0.4     780     0   0   0   0      14.238   -61.837
0294   73.25  -999.0   -999.00   -999.0    -999    49    16.29    -12.31    -10.67    14  -999.0    -999     0   0   0   0    -999.000  -999.000
0295   73.50   924.0     22.38     87.1     774    49    16.27    -12.28    -10.68    14    -0.4     774     0   0   0   0      14.238   -61.837
0296   73.75  -999.0   -999.00   -999.0    -999    49    16.25    -12.25    -10.69    14  -999.0    -999     0   0   0   0    -999.000  -999.000
0297   74.00   924.6     22.42     87.0     769    49    16.23    -12.21    -10.69    14    -0.5     769     0   0   0   0      14.238   -61.837
0298   74.25  -999.0   -999.00   -999.0    -999    49    16.21    -12.18    -10.69    14  -999.0    -999     0   0   0   0    -999.000  -999.000
0299   74.50   925.1     22.45     86.9     763    49    16.18    -12.15    -10.69    14    -0.5     763     0   0   0   0      14.237   -61.838
0300   74.75  -999.0   -999.00   -999.0    -999    49    16.15    -12.11    -10.68    14  -999.0    -999     0   0   0   0    -999.000  -999.000
0301   75.00   925.7     22.49     86.8     758    49    16.12    -12.08    -10.68    13    -0.5     758     0   0   0   0      14.237   -61.838
0302   75.25  -999.0   -999.00   -999.0    -999    48    16.08    -12.04    -10.67    14  -999.0    -999     0   0   0   0    -999.000  -999.000
0303   75.50   926.3     22.52     86.7     753    48    16.05    -12.00    -10.65    14    -0.5     753     0   0   0   0      14.237   -61.838
0304   75.75  -999.0   -999.00   -999.0    -999    48    16.00    -11.96    -10.63    14  -999.0    -999     0   0   0   0    -999.000  -999.000
0305   76.00   926.8     22.56     86.6     747    48    15.96    -11.91    -10.62    13    -0.5     747     0   0   0   0      14.237   -61.838
0306   76.25  -999.0   -999.00   -999.0    -999    48    15.91    -11.87    -10.60    13  -999.0    -999     0   0   0   0    -999.000  -999.000
0307   76.50   927.4     22.59     86.6     742    48    15.86    -11.81    -10.58    13    -0.4     742     0   0   0   0      14.237   -61.838
0308   76.75  -999.0   -999.00   -999.0    -999    48    15.80    -11.76    -10.56    13  -999.0    -999     0   0   0   0    -999.000  -999.000
0309   77.00   928.0     22.63     86.5     737    48    15.74    -11.69    -10.53    13    -0.4     737     0   0   0   0      14.237   -61.838
0310   77.25  -999.0   -999.00   -999.0    -999    48    15.68    -11.63    -10.51    14  -999.0    -999     0   0   0   0    -999.000  -999.000
0311   77.50   928.5     22.66     86.4     731    48    15.61    -11.56    -10.49    14    -0.4     731     0   0   0   0      14.237   -61.838
0312   77.75  -999.0   -999.00   -999.0    -999    48    15.54    -11.48    -10.47    14  -999.0    -999     0   0   0   0    -999.000  -999.000
0313   78.00   929.1     22.70     86.3     726    47    15.47    -11.41    -10.45    14    -0.3     726     0   0   0   0      14.237   -61.838
0314   78.25  -999.0   -999.00   -999.0    -999    47    15.40    -11.33    -10.43    14  -999.0    -999     0   0   0   0    -999.000  -999.000
0315   78.50   929.7     22.73     86.3     721    47    15.33    -11.25    -10.41    14    -0.3     721     0   0   0   0      14.237   -61.838
0316   78.75  -999.0   -999.00   -999.0    -999    47    15.26    -11.17    -10.39    14  -999.0    -999     0   0   0   0    -999.000  -999.000
0317   79.00   930.2     22.76     86.2     716    47    15.18    -11.09    -10.37    14    -0.3     716     0   0   0   0      14.237   -61.838
0318   79.25  -999.0   -999.00   -999.0    -999    47    15.11    -11.02    -10.35    13  -999.0    -999     0   0   0   0    -999.000  -999.000
0319   79.50   930.8     22.79     86.1     710    47    15.05    -10.94    -10.33    13    -0.3     710     0   0   0   0      14.237   -61.838
0320   79.75  -999.0   -999.00   -999.0    -999    47    14.98    -10.87    -10.31    14  -999.0    -999     0   0   0   0    -999.000  -999.000
0321   80.00   931.3     22.83     86.0     705    46    14.92    -10.80    -10.29    14    -0.3     705     0   0   0   0      14.237   -61.838
0322   80.25  -999.0   -999.00   -999.0    -999    46    14.86    -10.74    -10.28    14  -999.0    -999     0   0   0   0    -999.000  -999.000
0323   80.50   931.9     22.86     85.9     700    46    14.81    -10.67    -10.26    14    -0.3     700     0   0   0   0      14.237   -61.838
0324   80.75  -999.0   -999.00   -999.0    -999    46    14.76    -10.61    -10.26    14  -999.0    -999     0   0   0   0    -999.000  -999.000
0325   81.00   932.4     22.89     85.9     695    46    14.71    -10.56    -10.25    14    -0.3     695     0   0   0   0      14.237   -61.838
0326   81.25  -999.0   -999.00   -999.0    -999    46    14.67    -10.50    -10.25    14  -999.0    -999     0   0   0   0    -999.000  -999.000
0327   81.50   933.0     22.92     85.8     689    46    14.64    -10.46    -10.25    14    -0.3     689     0   0   0   0      14.237   -61.838
0328   81.75  -999.0   -999.00   -999.0    -999    45    14.61    -10.41    -10.24    14  -999.0    -999     0   0   0   0    -999.000  -999.000
0329   82.00   933.5     22.95     85.7     684  -999  -999.00   -999.00   -999.00    14    -0.3     684     0   0   0   0    -999.000  -999.000
0330   82.25  -999.0   -999.00   -999.0    -999    45    14.55    -10.33    -10.25    14  -999.0    -999     0   0   0   0    -999.000  -999.000
0331   82.50   934.1     22.99     85.6     679    45    14.53    -10.30    -10.25    14    -0.3     679     0   0   0   0      14.237   -61.838
0332   82.75  -999.0   -999.00   -999.0    -999    45    14.51    -10.27    -10.25    14  -999.0    -999     0   0   0   0    -999.000  -999.000
0333   83.00   934.7     23.02     85.6     674    45    14.50    -10.25    -10.25    14    -0.3     674     0   0   0   0      14.237   -61.838
0334   83.25  -999.0   -999.00   -999.0    -999    45    14.48    -10.23    -10.26    14  -999.0    -999     0   0   0   0    -999.000  -999.000
0335   83.50   935.2     23.06     85.5     668    45    14.47    -10.21    -10.26    14    -0.3     668     0   0   0   0      14.237   -61.838
0336   83.75  -999.0   -999.00   -999.0    -999    45    14.46    -10.19    -10.26    14  -999.0    -999     0   0   0   0    -999.000  -999.000
0337   84.00   935.8     23.10     85.4     663    45    14.45    -10.18    -10.26    14    -0.4     663     0   0   0   0      14.237   -61.839
0338   84.25  -999.0   -999.00   -999.0    -999    45    14.45    -10.17    -10.26    14  -999.0    -999     0   0   0   0    -999.000  -999.000
0339   84.50   936.4     23.13     85.3     658    45    14.44    -10.16    -10.26    14    -0.4     658     0   0   0   0      14.237   -61.839
0340   84.75  -999.0   -999.00   -999.0    -999    45    14.43    -10.15    -10.26    14  -999.0    -999     0   0   0   0    -999.000  -999.000
0341   85.00   936.9     23.17     85.2     653    45    14.43    -10.14    -10.26    14    -0.4     653     0   0   0   0      14.237   -61.839
0342   85.25  -999.0   -999.00   -999.0    -999    45    14.42    -10.14    -10.26    14  -999.0    -999     0   0   0   0    -999.000  -999.000
0343   85.50   937.5     23.21     85.1     647    45    14.42    -10.14    -10.25    14    -0.4     647     0   0   0   0      14.236   -61.839
0344   85.75  -999.0   -999.00   -999.0    -999    45    14.41    -10.13    -10.25    14  -999.0    -999     0   0   0   0    -999.000  -999.000
0345   86.00   938.1     23.26     85.0     642    45    14.41    -10.13    -10.25    14    -0.4     642     0   0   0   0      14.236   -61.839
0346   86.25  -999.0   -999.00   -999.0    -999    45    14.41    -10.13    -10.24    14  -999.0    -999     0   0   0   0    -999.000  -999.000
0347   86.50   938.6     23.30     84.8     637    45    14.41    -10.14    -10.24    14    -0.3     637     0   0   0   0      14.236   -61.839
0348   86.75  -999.0   -999.00   -999.0    -999    45    14.41    -10.14    -10.24    14  -999.0    -999     0   0   0   0    -999.000  -999.000
0349   87.00   939.2     23.34     84.7     631    45    14.41    -10.14    -10.23    14    -0.3     631     0   0   0   0      14.236   -61.839
0350   87.25  -999.0   -999.00   -999.0    -999    45    14.41    -10.15    -10.24    14  -999.0    -999     0   0   0   0    -999.000  -999.000
0351   87.50   939.7     23.38     84.5     626    45    14.42    -10.15    -10.24    14    -0.3     626     0   0   0   0      14.236   -61.839
0352   87.75  -999.0   -999.00   -999.0    -999    45    14.42    -10.15    -10.24    14  -999.0    -999     0   0   0   0    -999.000  -999.000
0353   88.00   940.3     23.42     84.4     621    45    14.43    -10.16    -10.25    14    -0.3     621     0   0   0   0      14.236   -61.839
0354   88.25  -999.0   -999.00   -999.0    -999    45    14.43    -10.16    -10.25    14  -999.0    -999     0   0   0   0    -999.000  -999.000
0355   88.50   940.9     23.47     84.2     616    45    14.44    -10.16    -10.26    14    -0.3     616     0   0   0   0      14.236   -61.839
0356   88.75  -999.0   -999.00   -999.0    -999    45    14.44    -10.16    -10.27    14  -999.0    -999     0   0   0   0    -999.000  -999.000
0357   89.00   941.4     23.51     84.0     611    45    14.45    -10.16    -10.28    14    -0.3     611     0   0   0   0      14.236   -61.839
0358   89.25  -999.0   -999.00   -999.0    -999    45    14.45    -10.16    -10.28    14  -999.0    -999     0   0   0   0    -999.000  -999.000
0359   89.50   942.0     23.55     83.9     605    45    14.46    -10.15    -10.29    14    -0.2     605     0   0   0   0      14.236   -61.839
0360   89.75  -999.0   -999.00   -999.0    -999    45    14.46    -10.15    -10.30    13  -999.0    -999     0   0   0   0    -999.000  -999.000
0361   90.00   942.5     23.60     83.7     600    45    14.46    -10.15    -10.30    13    -0.2     600     0   0   0   0      14.236   -61.839
0362   90.25  -999.0   -999.00   -999.0    -999    45    14.47    -10.15    -10.31    14  -999.0    -999     0   0   0   0    -999.000  -999.000
0363   90.50   943.1     23.64     83.6     595    45    14.47    -10.15    -10.31    14    -0.2     595     0   0   0   0      14.236   -61.839
0364   90.75  -999.0   -999.00   -999.0    -999    45    14.47    -10.14    -10.31    14  -999.0    -999     0   0   0   0    -999.000  -999.000
0365   91.00   943.7     23.69     83.4     590    45    14.46    -10.14    -10.32    14    -0.2     590     0   0   0   0      14.236   -61.839
0366   91.25  -999.0   -999.00   -999.0    -999    44    14.46    -10.13    -10.31    13  -999.0    -999     0   0   0   0    -999.000  -999.000
0367   91.50   944.2     23.73     83.3     585    44    14.45    -10.12    -10.31    13    -0.2     585     0   0   0   0      14.236   -61.839
0368   91.75  -999.0   -999.00   -999.0    -999    44    14.44    -10.12    -10.31    13  -999.0    -999     0   0   0   0    -999.000  -999.000
0369   92.00   944.8     23.78     83.2     579    44    14.43    -10.11    -10.30    14    -0.2     579     0   0   0   0      14.236   -61.839
0370   92.25  -999.0   -999.00   -999.0    -999    44    14.42    -10.09    -10.30    14  -999.0    -999     0   0   0   0    -999.000  -999.000
0371   92.50   945.3     23.82     83.1     574    44    14.41    -10.08    -10.30    14    -0.2     574     0   0   0   0      14.236   -61.839
0372   92.75  -999.0   -999.00   -999.0    -999    44    14.40    -10.07    -10.30    14  -999.0    -999     0   0   0   0    -999.000  -999.000
0373   93.00   945.9     23.87     83.0     569    44    14.39    -10.05    -10.30    14    -0.2     569     0   0   0   0      14.236   -61.839
0374   93.25  -999.0   -999.00   -999.0    -999    44    14.38    -10.04    -10.30    14  -999.0    -999     0   0   0   0    -999.000  -999.000
0375   93.50   946.4     23.91     82.9     564    44    14.38    -10.03    -10.30    14    -0.2     564     0   0   0   0      14.236   -61.839
0376   93.75  -999.0   -999.00   -999.0    -999    44    14.37    -10.01    -10.31    13  -999.0    -999     0   0   0   0    -999.000  -999.000
0377   94.00   947.0     23.96     82.7     559    44    14.37    -10.00    -10.32    13    -0.2     559     0   0   0   0      14.236   -61.839
0378   94.25  -999.0   -999.00   -999.0    -999    44    14.36     -9.99    -10.32    13  -999.0    -999     0   0   0   0    -999.000  -999.000
0379   94.50   947.5     24.00     82.6     554    44    14.36     -9.97    -10.33    13    -0.2     554     0   0   0   0      14.236   -61.839
0380   94.75  -999.0   -999.00   -999.0    -999    44    14.36     -9.96    -10.34    13  -999.0    -999     0   0   0   0    -999.000  -999.000
0381   95.00   948.1     24.05     82.5     548    44    14.36     -9.95    -10.35    13    -0.2     548     0   0   0   0      14.236   -61.840
0382   95.25  -999.0   -999.00   -999.0    -999    44    14.36     -9.94    -10.36    13  -999.0    -999     0   0   0   0    -999.000  -999.000
0383   95.50   948.7     24.09     82.3     543    44    14.36     -9.94    -10.37    13    -0.3     543     0   0   0   0      14.236   -61.840
0384   95.75  -999.0   -999.00   -999.0    -999    44    14.36     -9.93    -10.38    13  -999.0    -999     0   0   0   0    -999.000  -999.000
0385   96.00   949.2     24.14     82.1     538    44    14.36     -9.92    -10.39    13    -0.3     538     0   0   0   0      14.235   -61.840
0386   96.25  -999.0   -999.00   -999.0    -999    44    14.37     -9.92    -10.40    13  -999.0    -999     0   0   0   0    -999.000  -999.000
0387   96.50   949.8     24.18     81.9     533    44    14.37     -9.91    -10.41    13    -0.3     533     0   0   0   0      14.235   -61.840
0388   96.75  -999.0   -999.00   -999.0    -999    44    14.38     -9.90    -10.42    14  -999.0    -999     0   0   0   0    -999.000  -999.000
0389   97.00   950.4     24.23     81.7     528    43    14.39     -9.90    -10.44    14    -0.3     528     0   0   0   0      14.235   -61.840
0390   97.25  -999.0   -999.00   -999.0    -999    43    14.39     -9.89    -10.45    14  -999.0    -999     0   0   0   0    -999.000  -999.000
0391   97.50   950.9     24.27     81.4     522    43    14.40     -9.89    -10.47    13    -0.3     522     0   0   0   0      14.235   -61.840
0392   97.75  -999.0   -999.00   -999.0    -999    43    14.41     -9.88    -10.49    13  -999.0    -999     0   0   0   0    -999.000  -999.000
0393   98.00   951.5     24.32     81.1     517    43    14.42     -9.88    -10.50    13    -0.2     517     0   0   0   0      14.235   -61.840
0394   98.25  -999.0   -999.00   -999.0    -999    43    14.43     -9.87    -10.52    13  -999.0    -999     0   0   0   0    -999.000  -999.000
0395   98.50   952.1     24.36     80.8     512    43    14.43     -9.87    -10.53    14    -0.2     512     0   0   0   0      14.235   -61.840
0396   98.75  -999.0   -999.00   -999.0    -999    43    14.44     -9.86    -10.55    14  -999.0    -999     0   0   0   0    -999.000  -999.000
0397   99.00   952.6     24.40     80.5     507    43    14.44     -9.85    -10.56    14    -0.2     507     0   0   0   0      14.235   -61.840
0398   99.25  -999.0   -999.00   -999.0    -999    43    14.44     -9.84    -10.57    14  -999.0    -999     0   0   0   0    -999.000  -999.000
0399   99.50   953.2     24.45     80.2     502    43    14.44     -9.82    -10.58    14    -0.1     502     0   0   0   0      14.235   -61.840
0400   99.75  -999.0   -999.00   -999.0    -999    43    14.43     -9.81    -10.59    13  -999.0    -999     0   0   0   0    -999.000  -999.000
0401  100.00   953.7     24.49     79.9     496    43    14.42     -9.79    -10.59    14    -0.1     496     0   0   0   0      14.235   -61.840
0402  100.25  -999.0   -999.00   -999.0    -999    43    14.41     -9.77    -10.60    14  -999.0    -999     0   0   0   0    -999.000  -999.000
0403  100.50   954.3     24.54     79.7     491    43    14.40     -9.75    -10.60    14    -0.1     491     0   0   0   0      14.235   -61.840
0404  100.75  -999.0   -999.00   -999.0    -999    43    14.39     -9.73    -10.61    14  -999.0    -999     0   0   0   0    -999.000  -999.000
0405  101.00   954.8     24.58     79.5     486    42    14.38     -9.70    -10.61    14    -0.0     486     0   0   0   0      14.235   -61.840
0406  101.25  -999.0   -999.00   -999.0    -999    42    14.37     -9.68    -10.61    14  -999.0    -999     0   0   0   0    -999.000  -999.000
0407  101.50   955.4     24.62     79.3     481    42    14.35     -9.66    -10.62    14    -0.0     481     0   0   0   0      14.235   -61.840
0408  101.75  -999.0   -999.00   -999.0    -999    42    14.34     -9.63    -10.62    14  -999.0    -999     0   0   0   0    -999.000  -999.000
0409  102.00   955.9     24.67     79.1     476    42    14.32     -9.61    -10.62    14    -0.0     476     0   0   0   0      14.235   -61.840
0410  102.25  -999.0   -999.00   -999.0    -999    42    14.31     -9.59    -10.62    14  -999.0    -999     0   0   0   0    -999.000  -999.000
0411  102.50   956.5     24.71     79.0     471  -999  -999.00   -999.00   -999.00    14    -0.1     471     0   0   0   0    -999.000  -999.000
0412  102.75  -999.0   -999.00   -999.0    -999    42    14.28     -9.54    -10.63    14  -999.0    -999     0   0   0   0    -999.000  -999.000
0413  103.00   957.0     24.75     78.8     466    42    14.27     -9.52    -10.63    13    -0.1     466     0   0   0   0      14.235   -61.840
0414  103.25  -999.0   -999.00   -999.0    -999    42    14.26     -9.50    -10.64    13  -999.0    -999     0   0   0   0    -999.000  -999.000
0415  103.50   957.6     24.79     78.7     461    42    14.25     -9.48    -10.64    13    -0.2     461     0   0   0   0      14.235   -61.840
0416  103.75  -999.0   -999.00   -999.0    -999    42    14.25     -9.46    -10.65    13  -999.0    -999     0   0   0   0    -999.000  -999.000
0417  104.00   958.1     24.83     78.6     456    42    14.24     -9.44    -10.66    13    -0.2     456     0   0   0   0      14.235   -61.840
0418  104.25  -999.0   -999.00   -999.0    -999    41    14.23     -9.42    -10.67    12  -999.0    -999     0   0   0   0    -999.000  -999.000
0419  104.50   958.7     24.87     78.6     451    41    14.22     -9.40    -10.67    13    -0.3     451     0   0   0   0      14.235   -61.840
0420  104.75  -999.0   -999.00   -999.0    -999    41    14.21     -9.38    -10.68    13  -999.0    -999     0   0   0   0    -999.000  -999.000
0421  105.00   959.3     24.91     78.5     445    41    14.20     -9.35    -10.69    14    -0.3     445     0   0   0   0      14.235   -61.840
0422  105.25  -999.0   -999.00   -999.0    -999    41    14.19     -9.33    -10.69    14  -999.0    -999     0   0   0   0    -999.000  -999.000
0423  105.50   959.8     24.95     78.4     440    41    14.17     -9.30    -10.69    14    -0.4     440     0   0   0   0      14.235   -61.840
0424  105.75  -999.0   -999.00   -999.0    -999    41    14.16     -9.27    -10.70    14  -999.0    -999     0   0   0   0    -999.000  -999.000
0425  106.00   960.4     24.99     78.3     435    41    14.14     -9.24    -10.70    14    -0.5     435     0   0   0   0      14.235   -61.841
0426  106.25  -999.0   -999.00   -999.0    -999    41    14.12     -9.21    -10.70    14  -999.0    -999     0   0   0   0    -999.000  -999.000
0427  106.50   961.0     25.03     78.2     430    41    14.10     -9.18    -10.70    14    -0.5     430     0   0   0   0      14.234   -61.841
0428  106.75  -999.0   -999.00   -999.0    -999    41    14.08     -9.15    -10.70    14  -999.0    -999     0   0   0   0    -999.000  -999.000
0429  107.00   961.6     25.07     78.1     424    40    14.06     -9.12    -10.70    14    -0.6     424     0   0   0   0      14.234   -61.841
0430  107.25  -999.0   -999.00   -999.0    -999    40    14.04     -9.09    -10.70    14  -999.0    -999     0   0   0   0    -999.000  -999.000
0431  107.50   962.2     25.11     78.0     419    40    14.02     -9.06    -10.70    13    -0.6     419     0   0   0   0      14.234   -61.841
0432  107.75  -999.0   -999.00   -999.0    -999    40    14.00     -9.03    -10.70    13  -999.0    -999     0   0   0   0    -999.000  -999.000
0433  108.00   962.7     25.15     78.0     414    40    13.99     -9.01    -10.70    13    -0.7     414     0   0   0   0      14.234   -61.841
0434  108.25  -999.0   -999.00   -999.0    -999    40    13.98     -8.98    -10.71    13  -999.0    -999     0   0   0   0    -999.000  -999.000
0435  108.50   963.3     25.19     77.9     408    40    13.96     -8.96    -10.71    13    -0.7     408     0   0   0   0      14.234   -61.841
0436  108.75  -999.0   -999.00   -999.0    -999    40    13.96     -8.95    -10.71    14  -999.0    -999     0   0   0   0    -999.000  -999.000
0437  109.00   963.9     25.23     77.8     403    40    13.95     -8.93    -10.71    14    -0.7     403     0   0   0   0      14.234   -61.841
0438  109.25  -999.0   -999.00   -999.0    -999    40    13.94     -8.92    -10.72    14  -999.0    -999     0   0   0   0    -999.000  -999.000
0439  109.50   964.5     25.27     77.7     397    40    13.94     -8.91    -10.72    14    -0.8     397     0   0   0   0      14.234   -61.841
0440  109.75  -999.0   -999.00   -999.0    -999    40    13.94     -8.90    -10.73    14  -999.0    -999     0   0   0   0    -999.000  -999.000
0441  110.00   965.1     25.31     77.7     392    40    13.94     -8.90    -10.74    13    -0.8     392     0   0   0   0      14.234   -61.841
0442  110.25  -999.0   -999.00   -999.0    -999    40    13.95     -8.89    -10.75    13  -999.0    -999     0   0   0   0    -999.000  -999.000
0443  110.50   965.7     25.35     77.6     387    40    13.96     -8.89    -10.76    13    -0.8     387     0   0   0   0      14.234   -61.841
0444  110.75  -999.0   -999.00   -999.0    -999    40    13.97     -8.89    -10.77    14  -999.0    -999     0   0   0   0    -999.000  -999.000
0445  111.00   966.3     25.39     77.5     381    40    13.98     -8.90    -10.78    14    -0.8     381     0   0   0   0      14.234   -61.841
0446  111.25  -999.0   -999.00   -999.0    -999    39    13.99     -8.90    -10.80    14  -999.0    -999     0   0   0   0    -999.000  -999.000
0447  111.50   966.9     25.43     77.5     376    39    14.00     -8.90    -10.81    14    -0.7     376     0   0   0   0      14.234   -61.841
0448  111.75  -999.0   -999.00   -999.0    -999    39    14.02     -8.91    -10.83    14  -999.0    -999     0   0   0   0    -999.000  -999.000
0449  112.00   967.5     25.47     77.4     370    39    14.03     -8.91    -10.84    14    -0.7     370     0   0   0   0      14.234   -61.841
0450  112.25  -999.0   -999.00   -999.0    -999    39    14.05     -8.91    -10.86    14  -999.0    -999     0   0   0   0    -999.000  -999.000
0451  112.50   968.1     25.51     77.3     365    39    14.07     -8.92    -10.88    14    -0.7     365     0   0   0   0      14.234   -61.841
0452  112.75  -999.0   -999.00   -999.0    -999    39    14.08     -8.93    -10.89    14  -999.0    -999     0   0   0   0    -999.000  -999.000
0453  113.00   968.7     25.55     77.3     360    39    14.10     -8.93    -10.91    14    -0.7     360     0   0   0   0      14.234   -61.841
0454  113.25  -999.0   -999.00   -999.0    -999    39    14.11     -8.94    -10.92    14  -999.0    -999     0   0   0   0    -999.000  -999.000
0455  113.50   969.2     25.59     77.2     354    39    14.13     -8.95    -10.93    13    -0.7     354     0   0   0   0      14.234   -61.841
0456  113.75  -999.0   -999.00   -999.0    -999    39    14.14     -8.96    -10.94    13  -999.0    -999     0   0   0   0    -999.000  -999.000
0457  114.00   969.8     25.63     77.1     349    39    14.15     -8.97    -10.95    13    -0.6     349     0   0   0   0      14.234   -61.841
0458  114.25  -999.0   -999.00   -999.0    -999    39    14.16     -8.98    -10.96    13  -999.0    -999     0   0   0   0    -999.000  -999.000
0459  114.50   970.4     25.67     77.1     344    39    14.17     -8.98    -10.96    13    -0.6     344     0   0   0   0      14.234   -61.841
0460  114.75  -999.0   -999.00   -999.0    -999    39    14.17     -8.99    -10.96    13  -999.0    -999     0   0   0   0    -999.000  -999.000
0461  115.00   971.0     25.71     77.0     338    39    14.17     -8.99    -10.95    13    -0.6     338     0   0   0   0      14.234   -61.841
0462  115.25  -999.0   -999.00   -999.0    -999    39    14.17     -8.99    -10.95    13  -999.0    -999     0   0   0   0    -999.000  -999.000
0463  115.50   971.6     25.74     77.0     333    39    14.16     -8.99    -10.94    13    -0.6     333     0   0   0   0      14.234   -61.841
0464  115.75  -999.0   -999.00   -999.0    -999    39    14.15     -8.98    -10.93    12  -999.0    -999     0   0   0   0    -999.000  -999.000
0465  116.00   972.2     25.78     77.1     328    39    14.13     -8.98    -10.92    12    -0.6     328     0   0   0   0      14.234   -61.841
0466  116.25  -999.0   -999.00   -999.0    -999    39    14.12     -8.96    -10.91    13  -999.0    -999     0   0   0   0    -999.000  -999.000
0467  116.50   972.8     25.82     77.3     322    39    14.10     -8.95    -10.89    14    -0.6     322     0   0   0   0      14.234   -61.841
0468  116.75  -999.0   -999.00   -999.0    -999    39    14.08     -8.93    -10.88    14  -999.0    -999     0   0   0   0    -999.000  -999.000
0469  117.00   973.3     25.85     77.5     317    39    14.06     -8.92    -10.87    14    -0.6     317     0   0   0   0      14.233   -61.841
0470  117.25  -999.0   -999.00   -999.0    -999    39    14.04     -8.90    -10.86    14  -999.0    -999     0   0   0   0    -999.000  -999.000
0471  117.50   973.9     25.89     77.9     311    39    14.02     -8.88    -10.85    14    -0.6     311     0   0   0   0      14.233   -61.841
0472  117.75  -999.0   -999.00   -999.0    -999    39    14.00     -8.86    -10.84    14  -999.0    -999     0   0   0   0    -999.000  -999.000
0473  118.00   974.5     25.92     78.4     306    39    13.98     -8.84    -10.83    14    -0.6     306     0   0   0   0      14.233   -61.842
0474  118.25  -999.0   -999.00   -999.0    -999    39    13.97     -8.82    -10.83    14  -999.0    -999     0   0   0   0    -999.000  -999.000
0475  118.50   975.1     25.95     78.9     301    39    13.96     -8.81    -10.82    14    -0.5     301     0   0   0   0      14.233   -61.842
0476  118.75  -999.0   -999.00   -999.0    -999    39    13.95     -8.80    -10.82    14  -999.0    -999     0   0   0   0    -999.000  -999.000
0477  119.00   975.7     25.98     79.5     296    39    13.94     -8.79    -10.82    13    -0.5     296     0   0   0   0      14.233   -61.842
0478  119.25  -999.0   -999.00   -999.0    -999    39    13.94     -8.78    -10.82    13  -999.0    -999     0   0   0   0    -999.000  -999.000
0479  119.50   976.3     26.00     80.1     290    39    13.93     -8.78    -10.82    13    -0.4     290     0   0   0   0      14.233   -61.842
0480  119.75  -999.0   -999.00   -999.0    -999    39    13.94     -8.77    -10.83    14  -999.0    -999     0   0   0   0    -999.000  -999.000
0481  120.00   976.8     26.02     80.7     285    39    13.94     -8.77    -10.83    14    -0.4     285     0   0   0   0      14.233   -61.842
0482  120.25  -999.0   -999.00   -999.0    -999    39    13.94     -8.77    -10.84    14  -999.0    -999     0   0   0   0    -999.000  -999.000
0483  120.50   977.4     26.05     81.2     280    39    13.95     -8.77    -10.84    14    -0.3     280     0   0   0   0      14.233   -61.842
0484  120.75  -999.0   -999.00   -999.0    -999    39    13.95     -8.77    -10.85    14  -999.0    -999     0   0   0   0    -999.000  -999.000
0485  121.00   978.0     26.07     81.5     275    39    13.96     -8.77    -10.86    14    -0.3     275     0   0   0   0      14.233   -61.842
0486  121.25  -999.0   -999.00   -999.0    -999    39    13.97     -8.76    -10.88    13  -999.0    -999     0   0   0   0    -999.000  -999.000
0487  121.50   978.5     26.10     81.7     270    39    13.98     -8.76    -10.89    13    -0.3     270     0   0   0   0      14.233   -61.842
0488  121.75  -999.0   -999.00   -999.0    -999    39    13.99     -8.75    -10.91    13  -999.0    -999     0   0   0   0    -999.000  -999.000
0489  122.00   979.1     26.12     81.8     265    39    14.00     -8.74    -10.94    14    -0.2     265     0   0   0   0      14.233   -61.842
0490  122.25  -999.0   -999.00   -999.0    -999    39    14.02     -8.73    -10.96    13  -999.0    -999     0   0   0   0    -999.000  -999.000
0491  122.50   979.7     26.15     81.8     260    38    14.04     -8.72    -10.99    13    -0.2     260     0   0   0   0      14.233   -61.842
0492  122.75  -999.0   -999.00   -999.0    -999    38    14.06     -8.71    -11.03    12  -999.0    -999     0   0   0   0    -999.000  -999.000
0493  123.00   980.2     26.18     81.7     254    38    14.08     -8.70    -11.07    13    -0.2     254     0   0   0   0      14.233   -61.842
0494  123.25  -999.0   -999.00   -999.0    -999    38    14.10     -8.69    -11.11    14  -999.0    -999     0   0   0   0    -999.000  -999.000
0495  123.50   980.8     26.21     81.5     249    38    14.13     -8.68    -11.15    14    -0.2     249     0   0   0   0      14.233   -61.842
0496  123.75  -999.0   -999.00   -999.0    -999    38    14.16     -8.67    -11.19    13  -999.0    -999     0   0   0   0    -999.000  -999.000
0497  124.00   981.4     26.25     81.3     244    38    14.19     -8.66    -11.24    12    -0.2     244     0   0   0   0      14.233   -61.842
0498  124.25  -999.0   -999.00   -999.0    -999    37    14.22     -8.65    -11.29    12  -999.0    -999     0   0   0   0    -999.000  -999.000
0499  124.50   981.9     26.28     81.1     239    37    14.25     -8.65    -11.33    11    -0.2     239     0   0   0   0      14.233   -61.842
0500  124.75  -999.0   -999.00   -999.0    -999    37    14.29     -8.64    -11.38    12  -999.0    -999     0   0   0   0    -999.000  -999.000
0501  125.00   982.5     26.32     80.9     234    37    14.32     -8.64    -11.42    12    -0.2     234     0   0   0   0      14.233   -61.842
0502  125.25  -999.0   -999.00   -999.0    -999    37    14.35     -8.64    -11.46    13  -999.0    -999     0   0   0   0    -999.000  -999.000
0503  125.50   983.1     26.36     80.7     229    37    14.38     -8.64    -11.50    13    -0.2     229     0   0   0   0      14.233   -61.842
0504  125.75  -999.0   -999.00   -999.0    -999    37    14.42     -8.64    -11.54    13  -999.0    -999     0   0   0   0    -999.000  -999.000
0505  126.00   983.7     26.40     80.5     224    37    14.44     -8.65    -11.57    12    -0.2     224     0   0   0   0      14.233   -61.842
0506  126.25  -999.0   -999.00   -999.0    -999    37    14.47     -8.65    -11.60    13  -999.0    -999     0   0   0   0    -999.000  -999.000
0507  126.50   984.2     26.44     80.4     218    37    14.50     -8.66    -11.62    14    -0.2     218     0   0   0   0      14.233   -61.842
0508  126.75  -999.0   -999.00   -999.0    -999    37    14.52     -8.67    -11.65    13  -999.0    -999     0   0   0   0    -999.000  -999.000
0509  127.00   984.8     26.48     80.3     213    37    14.54     -8.69    -11.67    13    -0.2     213     0   0   0   0      14.232   -61.842
0510  127.25  -999.0   -999.00   -999.0    -999    37    14.57     -8.70    -11.68    13  -999.0    -999     0   0   0   0    -999.000  -999.000
0511  127.50   985.4     26.53     80.2     208    37    14.59     -8.72    -11.70    12    -0.2     208     0   0   0   0      14.232   -61.842
0512  127.75  -999.0   -999.00   -999.0    -999    37    14.61     -8.74    -11.71    13  -999.0    -999     0   0   0   0    -999.000  -999.000
0513  128.00   985.9     26.57     80.1     203    37    14.64     -8.76    -11.73    13    -0.2     203     0   0   0   0      14.232   -61.842
0514  128.25  -999.0   -999.00   -999.0    -999    37    14.67     -8.79    -11.74    13  -999.0    -999     0   0   0   0    -999.000  -999.000
0515  128.50   986.5     26.61     80.0     198    37    14.70     -8.82    -11.76    12    -0.3     198     0   0   0   0      14.232   -61.842
0516  128.75  -999.0   -999.00   -999.0    -999    37    14.74     -8.86    -11.78    13  -999.0    -999     0   0   0   0    -999.000  -999.000
0517  129.00   987.0     26.66     80.0     193    37    14.78     -8.89    -11.80    14    -0.3     193     0   0   0   0      14.232   -61.842
0518  129.25  -999.0   -999.00   -999.0    -999    37    14.82     -8.93    -11.82    14  -999.0    -999     0   0   0   0    -999.000  -999.000
0519  129.50   987.6     26.71     79.9     188    37    14.87     -8.97    -11.85    13    -0.3     188     0   0   0   0      14.232   -61.842
0520  129.75  -999.0   -999.00   -999.0    -999    37    14.92     -9.02    -11.89    13  -999.0    -999     0   0   0   0    -999.000  -999.000
0521  130.00   988.2     26.75     79.9     183    37    14.98     -9.06    -11.93    14    -0.3     183     0   0   0   0      14.232   -61.842
0522  130.25  -999.0   -999.00   -999.0    -999    37    15.04     -9.10    -11.97    14  -999.0    -999     0   0   0   0    -999.000  -999.000
0523  130.50   988.8     26.80     79.9     178    37    15.09     -9.14    -12.01    14    -0.4     178     0   0   0   0      14.232   -61.843
0524  130.75  -999.0   -999.00   -999.0    -999    37    15.15     -9.17    -12.06    13  -999.0    -999     0   0   0   0    -999.000  -999.000
0525  131.00   989.4     26.85     79.9     172    37    15.21     -9.21    -12.11    14    -0.4     172     0   0   0   0      14.232   -61.843
0526  131.25  -999.0   -999.00   -999.0    -999    37    15.26     -9.24    -12.15    14  -999.0    -999     0   0   0   0    -999.000  -999.000
0527  131.50   989.9     26.90     80.0     167    37    15.31     -9.26    -12.19    14    -0.4     167     0   0   0   0      14.232   -61.843
0528  131.75  -999.0   -999.00   -999.0    -999    37    15.35     -9.28    -12.24    14  -999.0    -999     0   0   0   0    -999.000  -999.000
0529  132.00   990.5     26.94     80.1     162    37    15.39     -9.29    -12.27    14    -0.4     162     0   0   0   0      14.232   -61.843
0530  132.25  -999.0   -999.00   -999.0    -999    37    15.43     -9.30    -12.31    13  -999.0    -999     0   0   0   0    -999.000  -999.000
0531  132.50   991.1     26.99     80.1     157    37    15.45     -9.30    -12.34    14    -0.4     157     0   0   0   0      14.232   -61.843
0532  132.75  -999.0   -999.00   -999.0    -999    37    15.47     -9.29    -12.37    14  -999.0    -999     0   0   0   0    -999.000  -999.000
0533  133.00   991.7     27.04     80.2     152    37    15.49     -9.28    -12.40    14    -0.4     152     0   0   0   0      14.232   -61.843
0534  133.25  -999.0   -999.00   -999.0    -999    37    15.50     -9.27    -12.43    14  -999.0    -999     0   0   0   0    -999.000  -999.000
0535  133.50   992.2     27.09     80.2     146    37    15.51     -9.25    -12.45    14    -0.3     146     0   0   0   0      14.232   -61.843
0536  133.75  -999.0   -999.00   -999.0    -999    36    15.51     -9.23    -12.47    14  -999.0    -999     0   0   0   0    -999.000  -999.000
0537  134.00   992.8     27.14     80.2     141    36    15.51     -9.20    -12.49    12    -0.3     141     0   0   0   0      14.232   -61.843
0538  134.25  -999.0   -999.00   -999.0    -999    36    15.50     -9.17    -12.50    12  -999.0    -999     0   0   0   0    -999.000  -999.000
0539  134.50   993.4     27.19     80.2     136    36    15.49     -9.15    -12.50    11    -0.3     136     0   0   0   0      14.232   -61.843
0540  134.75  -999.0   -999.00   -999.0    -999    36    15.48     -9.12    -12.50    13  -999.0    -999     0   0   0   0    -999.000  -999.000
0541  135.00   994.0     27.24     80.0     131    36    15.46     -9.10    -12.50    14    -0.3     131     0   0   0   0      14.232   -61.843
0542  135.25  -999.0   -999.00   -999.0    -999    36    15.43     -9.07    -12.49    14  -999.0    -999     0   0   0   0    -999.000  -999.000
0543  135.50   994.5     27.29     79.9     126    36    15.41     -9.04    -12.47    14    -0.3     126     0   0   0   0      14.232   -61.843
0544  135.75  -999.0   -999.00   -999.0    -999    36    15.37     -9.02    -12.45    13  -999.0    -999     0   0   0   0    -999.000  -999.000
0545  136.00   995.1     27.33     79.7     121    36    15.33     -8.99    -12.42    13    -0.2     121     0   0   0   0      14.231   -61.843
0546  136.25  -999.0   -999.00   -999.0    -999    36    15.29     -8.96    -12.38    13  -999.0    -999     0   0   0   0    -999.000  -999.000
0547  136.50   995.7     27.38     79.5     116    36    15.23     -8.93    -12.34    13    -0.2     116     0   0   0   0      14.231   -61.843
0548  136.75  -999.0   -999.00   -999.0    -999    36    15.16     -8.89    -12.28    14  -999.0    -999     0   0   0   0    -999.000  -999.000
0549  137.00   996.2     27.43     79.4     111    36    15.09     -8.86    -12.22    13    -0.2     111     0   0   0   0      14.231   -61.843
0550  137.25  -999.0   -999.00   -999.0    -999    36    15.00     -8.81    -12.14    13  -999.0    -999     0   0   0   0    -999.000  -999.000
0551  137.50   996.8     27.48     79.2     106    36    14.91     -8.77    -12.06    13    -0.1     106     0   0   0   0      14.231   -61.843
0552  137.75  -999.0   -999.00   -999.0    -999    36    14.81     -8.73    -11.97    12  -999.0    -999     0   0   0   0    -999.000  -999.000
0553  138.00   997.4     27.53     79.0     101    36    14.71     -8.68    -11.88    14    -0.1     101     0   0   0   0      14.231   -61.843
0554  138.25  -999.0   -999.00   -999.0    -999    36    14.61     -8.64    -11.78    14  -999.0    -999     0   0   0   0    -999.000  -999.000
0555  138.50   997.9     27.58     78.9      96    36    14.51     -8.59    -11.69    14    -0.0      96     0   0   0   0      14.231   -61.843
0556  138.75  -999.0   -999.00   -999.0    -999    36    14.41     -8.55    -11.60    13  -999.0    -999     0   0   0   0    -999.000  -999.000
0557  139.00   998.5     27.63     78.8      91    36    14.31     -8.51    -11.51    13     0.0      91     0   0   0   0      14.231   -61.843
0558  139.25  -999.0   -999.00   -999.0    -999    37    14.22     -8.47    -11.42    13  -999.0    -999     0   0   0   0    -999.000  -999.000
0559  139.50   999.0     27.68     78.7      86    37    14.14     -8.43    -11.34    13     0.1      86     0   0   0   0      14.231   -61.843
0560  139.75  -999.0   -999.00   -999.0    -999    37    14.05     -8.40    -11.27    13  -999.0    -999     0   0   0   0    -999.000  -999.000
0561  140.00   999.6     27.73     78.7      81    37    13.98     -8.36    -11.20    14     0.2      81     0   0   0   0      14.231   -61.843
0562  140.25  -999.0   -999.00   -999.0    -999    37    13.90     -8.33    -11.13    13  -999.0    -999     0   0   0   0    -999.000  -999.000
0563  140.50  1000.1     27.78     78.6      76    37    13.83     -8.30    -11.07    14     0.2      76     0   0   0   0      14.231   -61.843
0564  140.75  -999.0   -999.00   -999.0    -999    37    13.77     -8.27    -11.01    14  -999.0    -999     0   0   0   0    -999.000  -999.000
0565  141.00  1000.7     27.83     78.6      71    37    13.70     -8.24    -10.95    14     0.3      71     0   0   0   0      14.231   -61.843
0566  141.25  -999.0   -999.00   -999.0    -999    37    13.64     -8.21    -10.90    14  -999.0    -999     0   0   0   0    -999.000  -999.000
0567  141.50  1001.2     27.88     78.6      66    37    13.58     -8.18    -10.84    14     0.3      66     0   0   0   0      14.231   -61.843
0568  141.75  -999.0   -999.00   -999.0    -999    37    13.53     -8.16    -10.79    13  -999.0    -999     0   0   0   0    -999.000  -999.000
0569  142.00  1001.7     27.93     78.5      62    37    13.48     -8.14    -10.75    14     0.4      62     0   0   0   0      14.231   -61.843
0570  142.25  -999.0   -999.00   -999.0    -999    37    13.43     -8.11    -10.70    14  -999.0    -999     0   0   0   0    -999.000  -999.000
0571  142.50  1002.3     27.98     78.4      57    37    13.39     -8.09    -10.66    14     0.4      57     0   0   0   0      14.231   -61.844
0572  142.75  -999.0   -999.00   -999.0    -999    37    13.35     -8.07    -10.63    14  -999.0    -999     0   0   0   0    -999.000  -999.000
0573  143.00  1002.8     28.03     78.3      52    37    13.31     -8.05    -10.60    14     0.3      52     0   0   0   0      14.231   -61.844
0574  143.25  -999.0   -999.00   -999.0    -999    37    13.28     -8.03    -10.58    14  -999.0    -999     0   0   0   0    -999.000  -999.000
0575  143.50  1003.3     28.07     78.1      47    37    13.25     -8.00    -10.56    14     0.3      47     0   0   0   0      14.231   -61.844
0576  143.75  -999.0   -999.00   -999.0    -999    37    13.22     -7.96    -10.55    14  -999.0    -999     0   0   0   0    -999.000  -999.000
0577  144.00  1003.9     28.12     77.9      43    37    13.20     -7.94    -10.54    14     0.2      43     0   0   0   0      14.231   -61.844
0578  144.25  -999.0   -999.00   -999.0    -999    37    13.18     -7.91    -10.54    14  -999.0    -999     0   0   0   0    -999.000  -999.000
0579  144.50  1004.4     28.17     77.8      38    37    13.16     -7.86    -10.55    14     0.1      38     0   0   0   0      14.231   -61.844
0580  144.75  -999.0   -999.00   -999.0    -999    36    13.13     -7.80    -10.57    14  -999.0    -999     0   0   0   0    -999.000  -999.000
0581  145.00  1005.0     28.21     77.6      33    36    13.11     -7.72    -10.60    14     0.0      33     0   0   0   0      14.231   -61.844
0582  145.25  -999.0   -999.00   -999.0    -999    36    13.08     -7.62    -10.64    14  -999.0    -999     0   0   0   0    -999.000  -999.000
0583  145.50  1005.6     28.26     77.4      28    35    13.06     -7.52    -10.68    14    -0.0      28     0   0   0   0      14.231   -61.844
0584  145.75  -999.0   -999.00   -999.0    -999    35    13.04     -7.42    -10.73    14  -999.0    -999     0   0   0   0    -999.000  -999.000
0585  146.00  1006.1     28.31     77.2      22    34    13.03     -7.33    -10.77    14    -0.0      22     0   0   0   0      14.230   -61.844
0586  146.25  -999.0   -999.00   -999.0    -999    34    13.01     -7.24    -10.81    14  -999.0    -999     0   0   0   0    -999.000  -999.000
0587  146.50  1006.7     28.35     77.1      17    33    13.00     -7.16    -10.86    14    -0.1      17     0   0   0   0      14.230   -61.844
0588  146.75  -999.0   -999.00   -999.0    -999    33    13.00     -7.08    -10.90    14  -999.0    -999     0   0   0   0    -999.000  -999.000
0589  147.00  1007.3     28.40     77.0      12    33    13.01     -7.03    -10.95    14    -0.1      12     0   0   0   0      14.230   -61.844
0590  147.25  -999.0   -999.00   -999.0    -999    32    13.02     -6.99    -10.99    14  -999.0    -999     0   0   0   0    -999.000  -999.000
0591  147.50  1007.8     28.45     76.8       8    32    13.04     -6.96    -11.03    14    -0.1       8     0   0   0   0      14.230   -61.844
0592  147.75  -999.0   -999.00   -999.0    -999    32    13.07     -6.94    -11.08    14  -999.0    -999     0   0   0   0    -999.000  -999.000
0593  148.29  1008.7     28.47     76.8       0  -999  -999.00   -999.00   -999.00  -999  -999.0       0     0   0   0   0    -999.000  -999.000
