 ===========================================================================
 DROPWINDSONDE PROCESSING RECORD                            Sonde: 060256004
 FRD file written by Aspen V3.4.8, 29 Jun 2023 17:14 UTC
 Aircraft: WP-3D, N43RF                      Date: 080910   Time: 121622 UTC
 ---------------------------------------------------------------------------
 Bias corrections:  PR =   0.0 mb  TE =   0.0 C  RH =   0.0 %  PRB =  0.0 mb
 Filters (LPF):     PTH = 
 Dyn RH correction = 
 Estimated PR used = 
 Dyn T correction  = 
 ---------------------------------------------------------------------------
 COMMENT: none, Good Drop
 ===========================================================================

 ===========================================================================
 Date: 080910   Lat:  25.06 N   TA:   13.1 C   PS:  750.4 mb   WD:   124 deg
 Time: 121622   Lon:  84.07 W   TD:   13.1 C   GA:   2484 m    WS:  38.0 m/s
 SID:  060256004                RH:  108.8 %   Navaid:   GP
 ===========================================================================

IX      t (s)  P (mb)    T (C)    RH (%)  Z (m)   WD    WS (m/s)   U (m/s)   V (m/s)  NS  WZ (m/s)  ZW (m)   FP  FT  FH  FW    LAT (N)   LON (E)
0001    0.23  -999.0   -999.00   -999.0    -999  -999  -999.00   -999.00   -999.00     0  -999.0    -999     0   0   0   0    -999.000  -999.000
0002    0.73  -999.0   -999.00   -999.0    -999  -999  -999.00   -999.00   -999.00     0  -999.0    -999     0   0   0   0    -999.000  -999.000
0003    1.23  -999.0   -999.00   -999.0    -999  -999  -999.00   -999.00   -999.00     0  -999.0    -999     0   0   0   0    -999.000  -999.000
0004    1.73  -999.0   -999.00   -999.0    -999  -999  -999.00   -999.00   -999.00     0  -999.0    -999     0   0   0   0    -999.000  -999.000
0005    2.23  -999.0   -999.00   -999.0    -999  -999  -999.00   -999.00   -999.00     0  -999.0    -999     0   0   0   0    -999.000  -999.000
0006    2.73  -999.0   -999.00   -999.0    -999  -999  -999.00   -999.00   -999.00     0  -999.0    -999     0   0   0   0    -999.000  -999.000
0007    3.23  -999.0   -999.00   -999.0    -999  -999  -999.00   -999.00   -999.00     0  -999.0    -999     0   0   0   0    -999.000  -999.000
0008    3.73  -999.0   -999.00   -999.0    -999  -999  -999.00   -999.00   -999.00     0  -999.0    -999     0   0   0   0    -999.000  -999.000
0009    4.23  -999.0   -999.00   -999.0    -999  -999  -999.00   -999.00   -999.00     0  -999.0    -999     0   0   0   0    -999.000  -999.000
0010    4.73  -999.0   -999.00   -999.0    -999  -999  -999.00   -999.00   -999.00     0  -999.0    -999     0   0   0   0    -999.000  -999.000
0011    5.23  -999.0   -999.00   -999.0    -999  -999  -999.00   -999.00   -999.00     0  -999.0    -999     0   0   0   0    -999.000  -999.000
0012    5.73  -999.0   -999.00   -999.0    -999  -999  -999.00   -999.00   -999.00     0  -999.0    -999     0   0   0   0    -999.000  -999.000
0013    6.23  -999.0   -999.00   -999.0    -999  -999  -999.00   -999.00   -999.00     0  -999.0    -999     0   0   0   0    -999.000  -999.000
0014    6.73  -999.0   -999.00   -999.0    -999  -999  -999.00   -999.00   -999.00     0  -999.0    -999     0   0   0   0    -999.000  -999.000
0015    7.23  -999.0   -999.00   -999.0    -999  -999  -999.00   -999.00   -999.00     0  -999.0    -999     0   0   0   0    -999.000  -999.000
0016    7.73  -999.0   -999.00   -999.0    -999  -999  -999.00   -999.00   -999.00     0  -999.0    -999     0   0   0   0    -999.000  -999.000
0017    8.23  -999.0   -999.00   -999.0    -999  -999  -999.00   -999.00   -999.00     0  -999.0    -999     0   0   0   0    -999.000  -999.000
0018    8.73  -999.0   -999.00   -999.0    -999  -999  -999.00   -999.00   -999.00     0  -999.0    -999     0   0   0   0    -999.000  -999.000
0019    9.23  -999.0   -999.00   -999.0    -999  -999  -999.00   -999.00   -999.00     0  -999.0    -999     0   0   0   0    -999.000  -999.000
0020    9.73  -999.0   -999.00   -999.0    -999  -999  -999.00   -999.00   -999.00     0  -999.0    -999     0   0   0   0    -999.000  -999.000
0021   10.23  -999.0   -999.00   -999.0    -999  -999  -999.00   -999.00   -999.00     0  -999.0    -999     0   0   0   0    -999.000  -999.000
0022   10.73  -999.0   -999.00   -999.0    -999  -999  -999.00   -999.00   -999.00     0  -999.0    -999     0   0   0   0    -999.000  -999.000
0023   11.23  -999.0   -999.00   -999.0    -999  -999  -999.00   -999.00   -999.00     0  -999.0    -999     0   0   0   0    -999.000  -999.000
0024   11.73  -999.0   -999.00   -999.0    -999  -999  -999.00   -999.00   -999.00     0  -999.0    -999     0   0   0   0    -999.000  -999.000
0025   12.23  -999.0   -999.00   -999.0    -999  -999  -999.00   -999.00   -999.00     0  -999.0    -999     0   0   0   0    -999.000  -999.000
0026   12.73  -999.0   -999.00   -999.0    -999  -999  -999.00   -999.00   -999.00     0  -999.0    -999     0   0   0   0    -999.000  -999.000
0027   13.23   763.4     13.83   -999.0    2327  -999  -999.00   -999.00   -999.00     0    -1.2    2327     0   0   0   0    -999.000  -999.000
0028   13.73   764.0     13.84   -999.0    2321  -999  -999.00   -999.00   -999.00     0    -1.4    2321     0   0   0   0    -999.000  -999.000
0029   14.23   764.5     13.85   -999.0    2315  -999  -999.00   -999.00   -999.00     0    -1.6    2315     0   0   0   0    -999.000  -999.000
0030   14.73   765.1     13.86   -999.0    2308  -999  -999.00   -999.00   -999.00     0    -1.7    2308     0   0   0   0    -999.000  -999.000
0031   15.23   765.7     13.88   -999.0    2302  -999  -999.00   -999.00   -999.00     0    -1.8    2302     0   0   0   0    -999.000  -999.000
0032   15.73   766.3     13.89   -999.0    2295  -999  -999.00   -999.00   -999.00     0    -1.9    2295     0   0   0   0    -999.000  -999.000
0033   16.23   766.9     13.91   -999.0    2289  -999  -999.00   -999.00   -999.00     0    -2.0    2289     0   0   0   0    -999.000  -999.000
0034   16.73   767.5     13.93   -999.0    2282  -999  -999.00   -999.00   -999.00     0    -2.0    2282     0   0   0   0    -999.000  -999.000
0035   17.23   768.1     13.95   -999.0    2275  -999  -999.00   -999.00   -999.00     0    -2.0    2275     0   0   0   0    -999.000  -999.000
0036   17.73   768.7     13.97   -999.0    2269  -999  -999.00   -999.00   -999.00     0    -2.0    2269     0   0   0   0    -999.000  -999.000
0037   18.23   769.3     14.00   -999.0    2262  -999  -999.00   -999.00   -999.00     0    -2.0    2262     0   0   0   0    -999.000  -999.000
0038   18.73   769.9     14.03   -999.0    2256  -999  -999.00   -999.00   -999.00     0    -2.0    2256     0   0   0   0    -999.000  -999.000
0039   19.23   770.5     14.06   -999.0    2249  -999  -999.00   -999.00   -999.00     0    -1.9    2249     0   0   0   0    -999.000  -999.000
0040   19.73   771.0     14.09   -999.0    2243  -999  -999.00   -999.00   -999.00     0    -1.9    2243     0   0   0   0    -999.000  -999.000
0041   20.23   771.6     14.12   -999.0    2237  -999  -999.00   -999.00   -999.00     0    -1.8    2237     0   0   0   0    -999.000  -999.000
0042   20.73   772.2     14.15   -999.0    2230  -999  -999.00   -999.00   -999.00     0    -1.8    2230     0   0   0   0    -999.000  -999.000
0043   21.23   772.8     14.18   -999.0    2224  -999  -999.00   -999.00   -999.00     0    -1.8    2224     0   0   0   0    -999.000  -999.000
0044   21.73   773.4     14.21   -999.0    2217  -999  -999.00   -999.00   -999.00     0    -1.8    2217     0   0   0   0    -999.000  -999.000
0045   22.23   774.0     14.24   -999.0    2211  -999  -999.00   -999.00   -999.00     0    -1.8    2211     0   0   0   0    -999.000  -999.000
0046   22.73   774.5     14.27   -999.0    2204  -999  -999.00   -999.00   -999.00     0    -1.8    2204     0   0   0   0    -999.000  -999.000
0047   23.23   775.1     14.29   -999.0    2198  -999  -999.00   -999.00   -999.00     0    -1.9    2198     0   0   0   0    -999.000  -999.000
0048   23.73   775.7     14.32   -999.0    2192  -999  -999.00   -999.00   -999.00     0    -1.9    2192     0   0   0   0    -999.000  -999.000
0049   24.23   776.3     14.34   -999.0    2185  -999  -999.00   -999.00   -999.00     0    -1.9    2185     0   0   0   0    -999.000  -999.000
0050   24.73   776.9     14.37   -999.0    2179  -999  -999.00   -999.00   -999.00     0    -1.9    2179     0   0   0   0    -999.000  -999.000
0051   25.23   777.5     14.39   -999.0    2172  -999  -999.00   -999.00   -999.00     0    -1.9    2172     0   0   0   0    -999.000  -999.000
0052   25.73   778.1     14.41   -999.0    2166  -999  -999.00   -999.00   -999.00     0    -1.9    2166     0   0   0   0    -999.000  -999.000
0053   26.23   778.7     14.43     98.2    2159  -999  -999.00   -999.00   -999.00     0    -2.0    2159     0   0   0   0    -999.000  -999.000
0054   26.73   779.3     14.45     98.2    2153  -999  -999.00   -999.00   -999.00     0    -2.0    2153     0   0   0   0    -999.000  -999.000
0055   27.23   779.9     14.48     98.2    2146  -999  -999.00   -999.00   -999.00     0    -2.0    2146     0   0   0   0    -999.000  -999.000
0056   27.73   780.5     14.50     98.2    2140  -999  -999.00   -999.00   -999.00     0    -2.1    2140     0   0   0   0    -999.000  -999.000
0057   28.23   781.1     14.52     98.2    2133  -999  -999.00   -999.00   -999.00     0    -2.2    2133     0   0   0   0    -999.000  -999.000
0058   28.73   781.7     14.54     98.2    2127  -999  -999.00   -999.00   -999.00     0    -2.2    2127     0   0   0   0    -999.000  -999.000
0059   29.23   782.3     14.56     98.2    2120  -999  -999.00   -999.00   -999.00     0    -2.3    2120     0   0   0   0    -999.000  -999.000
0060   29.73   782.9     14.59     98.2    2113  -999  -999.00   -999.00   -999.00     0    -2.4    2113     0   0   0   0    -999.000  -999.000
0061   30.23   783.5     14.61     98.2    2107  -999  -999.00   -999.00   -999.00     0    -2.5    2107     0   0   0   0    -999.000  -999.000
0062   30.73   784.2     14.63     98.2    2100  -999  -999.00   -999.00   -999.00     0    -2.6    2100     0   0   0   0    -999.000  -999.000
0063   31.23   784.8     14.65     98.2    2093  -999  -999.00   -999.00   -999.00     0    -2.7    2093     0   0   0   0    -999.000  -999.000
0064   31.73   785.4     14.68     98.2    2086  -999  -999.00   -999.00   -999.00     0    -2.7    2086     0   0   0   0    -999.000  -999.000
0065   32.23   786.1     14.70     98.2    2079  -999  -999.00   -999.00   -999.00     0    -2.7    2079     0   0   0   0    -999.000  -999.000
0066   32.73   786.7     14.72     98.3    2072  -999  -999.00   -999.00   -999.00     0    -2.7    2072     0   0   0   0    -999.000  -999.000
0067   33.23   787.3     14.75     98.3    2066  -999  -999.00   -999.00   -999.00     0    -2.7    2066     0   0   0   0    -999.000  -999.000
0068   33.73   788.0     14.77     98.3    2059  -999  -999.00   -999.00   -999.00     3    -2.6    2059     0   0   0   0    -999.000  -999.000
0069   34.23   788.6     14.80     98.3    2052  -999  -999.00   -999.00   -999.00     3    -2.6    2052     0   0   0   0    -999.000  -999.000
0070   34.73   789.2     14.82     98.4    2045  -999  -999.00   -999.00   -999.00     3    -2.5    2045     0   0   0   0    -999.000  -999.000
0071   35.23   789.8     14.85     98.4    2038  -999  -999.00   -999.00   -999.00     3    -2.4    2038     0   0   0   0    -999.000  -999.000
0072   35.73   790.5     14.88     98.4    2032  -999  -999.00   -999.00   -999.00     0    -2.4    2032     0   0   0   0    -999.000  -999.000
0073   36.23   791.1     14.91     98.4    2025  -999  -999.00   -999.00   -999.00     0    -2.3    2025     0   0   0   0    -999.000  -999.000
0074   36.73   791.7     14.93     98.5    2019  -999  -999.00   -999.00   -999.00     0    -2.3    2019     0   0   0   0    -999.000  -999.000
0075   37.23  -999.0   -999.00   -999.0    -999  -999  -999.00   -999.00   -999.00     0  -999.0    -999     0   0   0   0    -999.000  -999.000
0076   37.73   792.9     14.99     98.5    2006  -999  -999.00   -999.00   -999.00     0    -2.2    2006     0   0   0   0    -999.000  -999.000
0077   38.23   793.5     15.01     98.5    1999  -999  -999.00   -999.00   -999.00     0    -2.2    1999     0   0   0   0    -999.000  -999.000
0078   38.73   794.1     15.04     98.6    1992  -999  -999.00   -999.00   -999.00     0    -2.2    1992     0   0   0   0    -999.000  -999.000
0079   39.23   794.7     15.07     98.6    1986  -999  -999.00   -999.00   -999.00     0    -2.2    1986     0   0   0   0    -999.000  -999.000
0080   39.73   795.3     15.09     98.6    1979  -999  -999.00   -999.00   -999.00     0    -2.2    1979     0   0   0   0    -999.000  -999.000
0081   40.23   796.0     15.12     98.6    1973  -999  -999.00   -999.00   -999.00     0    -2.2    1973     0   0   0   0    -999.000  -999.000
0082   40.73   796.6     15.15     98.6    1966  -999  -999.00   -999.00   -999.00     0    -2.2    1966     0   0   0   0    -999.000  -999.000
0083   41.23   797.2     15.18     98.6    1960  -999  -999.00   -999.00   -999.00     0    -2.2    1960     0   0   0   0    -999.000  -999.000
0084   41.73   797.8     15.21     98.6    1953  -999  -999.00   -999.00   -999.00     0    -2.2    1953     0   0   0   0    -999.000  -999.000
0085   42.23   798.4     15.24     98.6    1947  -999  -999.00   -999.00   -999.00     4    -2.3    1947     0   0   0   0    -999.000  -999.000
0086   42.73   799.0     15.27     98.6    1940  -999  -999.00   -999.00   -999.00     4    -2.3    1940     0   0   0   0    -999.000  -999.000
0087   43.23   799.6     15.30     98.7    1933  -999  -999.00   -999.00   -999.00     4    -2.3    1933     0   0   0   0    -999.000  -999.000
0088   43.73   800.3     15.33     98.7    1927  -999  -999.00   -999.00   -999.00     4    -2.3    1927     0   0   0   0    -999.000  -999.000
0089   44.23   800.9     15.36     98.7    1920  -999  -999.00   -999.00   -999.00     4    -2.3    1920     0   0   0   0    -999.000  -999.000
0090   44.73   801.5     15.39     98.7    1914  -999  -999.00   -999.00   -999.00     4    -2.3    1914     0   0   0   0    -999.000  -999.000
0091   45.23   802.1     15.43     98.8    1907  -999  -999.00   -999.00   -999.00     4    -2.3    1907     0   0   0   0    -999.000  -999.000
0092   45.73   802.8     15.46     98.8    1900  -999  -999.00   -999.00   -999.00     4    -2.3    1900     0   0   0   0    -999.000  -999.000
0093   46.23   803.4     15.49     98.8    1894  -999  -999.00   -999.00   -999.00     4    -2.3    1894     0   0   0   0    -999.000  -999.000
0094   46.73   804.0     15.52     98.8    1887  -999  -999.00   -999.00   -999.00     4    -2.2    1887     0   0   0   0    -999.000  -999.000
0095   47.23   804.6     15.56     98.8    1881  -999  -999.00   -999.00   -999.00     4    -2.2    1881     0   0   0   0    -999.000  -999.000
0096   47.73   805.2     15.59     98.9    1874  -999  -999.00   -999.00   -999.00     4    -2.1    1874     0   0   0   0    -999.000  -999.000
0097   48.23   805.8     15.62     98.9    1868  -999  -999.00   -999.00   -999.00     4    -2.1    1868     0   0   0   0    -999.000  -999.000
0098   48.73   806.4     15.65     98.9    1861  -999  -999.00   -999.00   -999.00     4    -2.1    1861     0   0   0   0    -999.000  -999.000
0099   49.23   807.0     15.68     98.9    1855  -999  -999.00   -999.00   -999.00     4    -2.0    1855     0   0   0   0    -999.000  -999.000
0100   49.73   807.7     15.71     98.9    1849  -999  -999.00   -999.00   -999.00     4    -2.0    1849     0   0   0   0    -999.000  -999.000
0101   50.23   808.3     15.75     98.9    1842  -999  -999.00   -999.00   -999.00     4    -2.0    1842     0   0   0   0    -999.000  -999.000
0102   50.73   808.9     15.78     98.9    1836  -999  -999.00   -999.00   -999.00     4    -2.0    1836     0   0   0   0    -999.000  -999.000
0103   51.23   809.5     15.82     99.0    1829  -999  -999.00   -999.00   -999.00     4    -2.0    1829     0   0   0   0    -999.000  -999.000
0104   51.73   810.1     15.86     99.0    1823  -999  -999.00   -999.00   -999.00     4    -1.9    1823     0   0   0   0    -999.000  -999.000
0105   52.23   810.7     15.90     99.0    1817  -999  -999.00   -999.00   -999.00     4    -1.9    1817     0   0   0   0    -999.000  -999.000
0106   52.73   811.3     15.95     99.0    1810  -999  -999.00   -999.00   -999.00     4    -1.9    1810     0   0   0   0    -999.000  -999.000
0107   53.23   811.9     15.99     99.0    1804  -999  -999.00   -999.00   -999.00     4    -1.8    1804     0   0   0   0    -999.000  -999.000
0108   53.73   812.5     16.04     99.1    1797  -999  -999.00   -999.00   -999.00     4    -1.8    1797     0   0   0   0    -999.000  -999.000
0109   54.23   813.1     16.09     99.1    1791  -999  -999.00   -999.00   -999.00     4    -1.7    1791     0   0   0   0    -999.000  -999.000
0110   54.73   813.7     16.13     99.1    1785  -999  -999.00   -999.00   -999.00     4    -1.7    1785     0   0   0   0    -999.000  -999.000
0111   55.23   814.3     16.17     99.1    1779  -999  -999.00   -999.00   -999.00     4    -1.6    1779     0   0   0   0    -999.000  -999.000
0112   55.73   814.9     16.21     99.1    1773  -999  -999.00   -999.00   -999.00     4    -1.6    1773     0   0   0   0    -999.000  -999.000
0113   56.23   815.5     16.24     99.1    1767  -999  -999.00   -999.00   -999.00     4    -1.6    1767     0   0   0   0    -999.000  -999.000
0114   56.73   816.0     16.27     99.1    1760  -999  -999.00   -999.00   -999.00     4    -1.6    1760     0   0   0   0    -999.000  -999.000
0115   57.23   816.6     16.29     99.1    1754  -999  -999.00   -999.00   -999.00     4    -1.6    1754     0   0   0   0    -999.000  -999.000
0116   57.73   817.2     16.31     99.1    1748  -999  -999.00   -999.00   -999.00     4    -1.7    1748     0   0   0   0    -999.000  -999.000
0117   58.23   817.8     16.33     99.1    1742  -999  -999.00   -999.00   -999.00     4    -1.7    1742     0   0   0   0    -999.000  -999.000
0118   58.73   818.4     16.35     99.1    1735  -999  -999.00   -999.00   -999.00     4    -1.7    1735     0   0   0   0    -999.000  -999.000
0119   59.23   819.0     16.37     99.1    1729  -999  -999.00   -999.00   -999.00     4    -1.8    1729     0   0   0   0    -999.000  -999.000
0120   59.73   819.6     16.39     99.2    1723  -999  -999.00   -999.00   -999.00     4    -1.8    1723     0   0   0   0    -999.000  -999.000
0121   60.23   820.2     16.41     99.2    1717  -999  -999.00   -999.00   -999.00     4    -1.8    1717     0   0   0   0    -999.000  -999.000
0122   60.73   820.8     16.44     99.2    1710  -999  -999.00   -999.00   -999.00     4    -1.8    1710     0   0   0   0    -999.000  -999.000
0123   61.23   821.4     16.46     99.2    1704  -999  -999.00   -999.00   -999.00     4    -1.8    1704     0   0   0   0    -999.000  -999.000
0124   61.73   822.0     16.48     99.2    1698  -999  -999.00   -999.00   -999.00     4    -1.8    1698     0   0   0   0    -999.000  -999.000
0125   62.23   822.6     16.51     99.2    1691  -999  -999.00   -999.00   -999.00     4    -1.8    1691     0   0   0   0    -999.000  -999.000
0126   62.73   823.3     16.53     99.2    1685  -999  -999.00   -999.00   -999.00     4    -1.8    1685     0   0   0   0    -999.000  -999.000
0127   63.23   823.9     16.55     99.2    1679  -999  -999.00   -999.00   -999.00     4    -1.8    1679     0   0   0   0    -999.000  -999.000
0128   63.73   824.5     16.57     99.2    1673  -999  -999.00   -999.00   -999.00     4    -1.8    1673     0   0   0   0    -999.000  -999.000
0129   64.23   825.1     16.59     99.2    1666  -999  -999.00   -999.00   -999.00     4    -1.8    1666     0   0   0   0    -999.000  -999.000
0130   64.73   825.7     16.61     99.2    1660  -999  -999.00   -999.00   -999.00     4    -1.8    1660     0   0   0   0    -999.000  -999.000
0131   65.23   826.3     16.63     99.2    1654  -999  -999.00   -999.00   -999.00     4    -1.7    1654     0   0   0   0    -999.000  -999.000
0132   65.73   826.9     16.65     99.2    1648  -999  -999.00   -999.00   -999.00     4    -1.7    1648     0   0   0   0    -999.000  -999.000
0133   66.23   827.5     16.67     99.2    1641  -999  -999.00   -999.00   -999.00     4    -1.7    1641     0   0   0   0    -999.000  -999.000
0134   66.73   828.1     16.69     99.2    1635  -999  -999.00   -999.00   -999.00     4    -1.7    1635     0   0   0   0    -999.000  -999.000
0135   67.23   828.7     16.70     99.2    1629  -999  -999.00   -999.00   -999.00     4    -1.7    1629     0   0   0   0    -999.000  -999.000
0136   67.73   829.3     16.72     99.2    1623  -999  -999.00   -999.00   -999.00     4    -1.7    1623     0   0   0   0    -999.000  -999.000
0137   68.23   829.9     16.73     99.2    1617  -999  -999.00   -999.00   -999.00     4    -1.7    1617     0   0   0   0    -999.000  -999.000
0138   68.73   830.5     16.75     99.2    1611  -999  -999.00   -999.00   -999.00     4    -1.8    1611     0   0   0   0    -999.000  -999.000
0139   69.23   831.1     16.77     99.2    1604  -999  -999.00   -999.00   -999.00     4    -1.8    1604     0   0   0   0    -999.000  -999.000
0140   69.73   831.7     16.79     99.2    1598  -999  -999.00   -999.00   -999.00     4    -1.9    1598     0   0   0   0    -999.000  -999.000
0141   70.23   832.3     16.81     99.2    1592  -999  -999.00   -999.00   -999.00     4    -1.9    1592     0   0   0   0    -999.000  -999.000
0142   70.73   832.9     16.84     99.2    1585  -999  -999.00   -999.00   -999.00     4    -2.0    1585     0   0   0   0    -999.000  -999.000
0143   71.23   833.5     16.87     99.2    1579  -999  -999.00   -999.00   -999.00     4    -2.0    1579     0   0   0   0    -999.000  -999.000
0144   71.73   834.2     16.90     99.2    1573  -999  -999.00   -999.00   -999.00     0    -2.1    1573     0   0   0   0    -999.000  -999.000
0145   72.23   834.8     16.93     99.2    1566  -999  -999.00   -999.00   -999.00     5    -2.1    1566     0   0   0   0    -999.000  -999.000
0146   72.73   835.4     16.96     99.2    1560  -999  -999.00   -999.00   -999.00     5    -2.2    1560     0   0   0   0    -999.000  -999.000
0147   73.23   836.0     17.00     99.2    1553  -999  -999.00   -999.00   -999.00     5    -2.2    1553     0   0   0   0    -999.000  -999.000
0148   73.73   836.7     17.04     99.2    1547  -999  -999.00   -999.00   -999.00     5    -2.3    1547     0   0   0   0    -999.000  -999.000
0149   74.23   837.3     17.08     99.1    1540  -999  -999.00   -999.00   -999.00     5    -2.3    1540     0   0   0   0    -999.000  -999.000
0150   74.73   837.9     17.11     99.1    1534  -999  -999.00   -999.00   -999.00     5    -2.4    1534     0   0   0   0    -999.000  -999.000
0151   75.23   838.6     17.15     99.1    1527  -999  -999.00   -999.00   -999.00     5    -2.4    1527     0   0   0   0    -999.000  -999.000
0152   75.73   839.2     17.19     99.1    1521  -999  -999.00   -999.00   -999.00     5    -2.5    1521     0   0   0   0    -999.000  -999.000
0153   76.23   839.9     17.22     99.1    1514  -999  -999.00   -999.00   -999.00     5    -2.5    1514     0   0   0   0    -999.000  -999.000
0154   76.73   840.5     17.26     99.0    1508  -999  -999.00   -999.00   -999.00     5    -2.6    1508     0   0   0   0    -999.000  -999.000
0155   77.23   841.2     17.29     98.9    1501  -999  -999.00   -999.00   -999.00     5    -2.6    1501     0   0   0   0    -999.000  -999.000
0156   77.73   841.8     17.32     98.8    1494  -999  -999.00   -999.00   -999.00     5    -2.6    1494     0   0   0   0    -999.000  -999.000
0157   78.23   842.5     17.34     98.6    1488  -999  -999.00   -999.00   -999.00     5    -2.7    1488     0   0   0   0    -999.000  -999.000
0158   78.73   843.1     17.37     98.5    1481  -999  -999.00   -999.00   -999.00     5    -2.7    1481     0   0   0   0    -999.000  -999.000
0159   79.23   843.8     17.40     98.3    1474  -999  -999.00   -999.00   -999.00     5    -2.8    1474     0   0   0   0    -999.000  -999.000
0160   79.73   844.4     17.43     98.0    1468  -999  -999.00   -999.00   -999.00     5    -2.8    1468     0   0   0   0    -999.000  -999.000
0161   80.23   845.1     17.47     97.8    1461  -999  -999.00   -999.00   -999.00     5    -2.9    1461     0   0   0   0    -999.000  -999.000
0162   80.73   845.8     17.51     97.6    1454  -999  -999.00   -999.00   -999.00     5    -2.9    1454     0   0   0   0    -999.000  -999.000
0163   81.23   846.4     17.55     97.3    1447  -999  -999.00   -999.00   -999.00     5    -3.0    1447     0   0   0   0    -999.000  -999.000
0164   81.73   847.1     17.60     97.0    1441  -999  -999.00   -999.00   -999.00     5    -3.1    1441     0   0   0   0    -999.000  -999.000
0165   82.23   847.8     17.65     96.8    1434  -999  -999.00   -999.00   -999.00     0    -3.1    1434     0   0   0   0    -999.000  -999.000
0166   82.73   848.4     17.70     96.5    1427  -999  -999.00   -999.00   -999.00     5    -3.2    1427     0   0   0   0    -999.000  -999.000
0167   83.23   849.1     17.75     96.2    1420  -999  -999.00   -999.00   -999.00     5    -3.2    1420     0   0   0   0    -999.000  -999.000
0168   83.73   849.8     17.80     96.0    1413  -999  -999.00   -999.00   -999.00     5    -3.3    1413     0   0   0   0    -999.000  -999.000
0169   84.23   850.5     17.85     95.9    1406  -999  -999.00   -999.00   -999.00     0    -3.4    1406     0   0   0   0    -999.000  -999.000
0170   84.73   851.2     17.89     95.8    1399  -999  -999.00   -999.00   -999.00     5    -3.4    1399     0   0   0   0    -999.000  -999.000
0171   85.23   851.9     17.92     95.8    1392  -999  -999.00   -999.00   -999.00     5    -3.5    1392     0   0   0   0    -999.000  -999.000
0172   85.73   852.6     17.93     95.9    1385  -999  -999.00   -999.00   -999.00     5    -3.5    1385     0   0   0   0    -999.000  -999.000
0173   86.23   853.3     17.95     96.1    1378  -999  -999.00   -999.00   -999.00     5    -3.5    1378     0   0   0   0    -999.000  -999.000
0174   86.73   854.0     17.95     96.3    1371  -999  -999.00   -999.00   -999.00     0    -3.6    1371     0   0   0   0    -999.000  -999.000
0175   87.23   854.7     17.94     96.5    1364  -999  -999.00   -999.00   -999.00     5    -3.6    1364     0   0   0   0    -999.000  -999.000
0176   87.73   855.4     17.94     96.7    1357  -999  -999.00   -999.00   -999.00     5    -3.6    1357     0   0   0   0    -999.000  -999.000
0177   88.23   856.1     17.94     96.9    1350  -999  -999.00   -999.00   -999.00     5    -3.6    1350     0   0   0   0    -999.000  -999.000
0178   88.73   856.8     17.94     97.0    1343  -999  -999.00   -999.00   -999.00     0    -3.6    1343     0   0   0   0    -999.000  -999.000
0179   89.23   857.5     17.94     97.1    1336  -999  -999.00   -999.00   -999.00     5    -3.6    1336     0   0   0   0    -999.000  -999.000
0180   89.73   858.2     17.96     97.2    1329  -999  -999.00   -999.00   -999.00     5    -3.6    1329     0   0   0   0    -999.000  -999.000
0181   90.23   858.9     17.98     97.2    1321  -999  -999.00   -999.00   -999.00     5    -3.6    1321     0   0   0   0    -999.000  -999.000
0182   90.73   859.6     18.00     97.2    1314  -999  -999.00   -999.00   -999.00     5    -3.7    1314     0   0   0   0    -999.000  -999.000
0183   91.23   860.3     18.04     97.1    1307  -999  -999.00   -999.00   -999.00     5    -3.7    1307     0   0   0   0    -999.000  -999.000
0184   91.73   861.0     18.08     97.1    1300  -999  -999.00   -999.00   -999.00     5    -3.7    1300     0   0   0   0    -999.000  -999.000
0185   92.23   861.8     18.13     97.0    1293  -999  -999.00   -999.00   -999.00     5    -3.7    1293     0   0   0   0    -999.000  -999.000
0186   92.73   862.5     18.18     96.8    1286  -999  -999.00   -999.00   -999.00     5    -3.7    1286     0   0   0   0    -999.000  -999.000
0187   93.23   863.2     18.24     96.7    1279  -999  -999.00   -999.00   -999.00     5    -3.7    1279     0   0   0   0    -999.000  -999.000
0188   93.73   863.9     18.29     96.5    1272  -999  -999.00   -999.00   -999.00     5    -3.7    1272     0   0   0   0    -999.000  -999.000
0189   94.23   864.6     18.36     96.3    1264  -999  -999.00   -999.00   -999.00     5    -3.7    1264     0   0   0   0    -999.000  -999.000
0190   94.73   865.3     18.42     96.2    1257  -999  -999.00   -999.00   -999.00     5    -3.6    1257     0   0   0   0    -999.000  -999.000
0191   95.23   866.0     18.48     96.0    1250  -999  -999.00   -999.00   -999.00     5    -3.6    1250     0   0   0   0    -999.000  -999.000
0192   95.73   866.7     18.53     95.8    1243  -999  -999.00   -999.00   -999.00     5    -3.6    1243     0   0   0   0    -999.000  -999.000
0193   96.23   867.5     18.59     95.6    1236  -999  -999.00   -999.00   -999.00     5    -3.5    1236     0   0   0   0    -999.000  -999.000
0194   96.73   868.2     18.65     95.4    1229  -999  -999.00   -999.00   -999.00     5    -3.5    1229     0   0   0   0    -999.000  -999.000
0195   97.23   868.9     18.71     95.2    1222  -999  -999.00   -999.00   -999.00     5    -3.5    1222     0   0   0   0    -999.000  -999.000
0196   97.73   869.6     18.77     95.1    1215  -999  -999.00   -999.00   -999.00     5    -3.5    1215     0   0   0   0    -999.000  -999.000
0197   98.23   870.3     18.84     94.9    1208  -999  -999.00   -999.00   -999.00     5    -3.5    1208     0   0   0   0    -999.000  -999.000
0198   98.73   871.0     18.90     94.7    1201  -999  -999.00   -999.00   -999.00     5    -3.5    1201     0   0   0   0    -999.000  -999.000
0199   99.23   871.7     18.97     94.5    1194  -999  -999.00   -999.00   -999.00     5    -3.5    1194     0   0   0   0    -999.000  -999.000
0200   99.73   872.4     19.03     94.2    1187  -999  -999.00   -999.00   -999.00     5    -3.5    1187     0   0   0   0    -999.000  -999.000
0201  100.23   873.1     19.10     94.0    1180  -999  -999.00   -999.00   -999.00     5    -3.5    1180     0   0   0   0    -999.000  -999.000
0202  100.73   873.8     19.17     93.7    1173  -999  -999.00   -999.00   -999.00     5    -3.4    1173     0   0   0   0    -999.000  -999.000
0203  101.23   874.5     19.24     93.4    1166  -999  -999.00   -999.00   -999.00     5    -3.4    1166     0   0   0   0    -999.000  -999.000
0204  101.73   875.2     19.31     93.1    1160  -999  -999.00   -999.00   -999.00     5    -3.3    1160     0   0   0   0    -999.000  -999.000
0205  102.23   875.9     19.37     92.7    1153  -999  -999.00   -999.00   -999.00     5    -3.2    1153     0   0   0   0    -999.000  -999.000
0206  102.73   876.6     19.44     92.4    1146  -999  -999.00   -999.00   -999.00     5    -3.1    1146     0   0   0   0    -999.000  -999.000
0207  103.23   877.3     19.50     92.1    1139  -999  -999.00   -999.00   -999.00     5    -2.9    1139     0   0   0   0    -999.000  -999.000
0208  103.73   878.0     19.56     91.8    1132  -999  -999.00   -999.00   -999.00     5    -2.7    1132     0   0   0   0    -999.000  -999.000
0209  104.23   878.6     19.62     91.5    1126  -999  -999.00   -999.00   -999.00     5    -2.6    1126     0   0   0   0    -999.000  -999.000
0210  104.73   879.3     19.67     91.2    1119  -999  -999.00   -999.00   -999.00     5    -2.4    1119     0   0   0   0    -999.000  -999.000
0211  105.23   879.9     19.71     90.9    1113  -999  -999.00   -999.00   -999.00     5    -2.3    1113     0   0   0   0    -999.000  -999.000
0212  105.73   880.6     19.75     90.7    1107  -999  -999.00   -999.00   -999.00     5    -2.1    1107     0   0   0   0    -999.000  -999.000
0213  106.23   881.2     19.79     90.5    1101  -999  -999.00   -999.00   -999.00     5    -2.0    1101     0   0   0   0    -999.000  -999.000
0214  106.73   881.8     19.82     90.3    1094  -999  -999.00   -999.00   -999.00     5    -1.9    1094     0   0   0   0    -999.000  -999.000
0215  107.23   882.5     19.85     90.2    1088  -999  -999.00   -999.00   -999.00     5    -1.9    1088     0   0   0   0    -999.000  -999.000
0216  107.73   883.1     19.87     90.2    1082  -999  -999.00   -999.00   -999.00     5    -1.8    1082     0   0   0   0    -999.000  -999.000
0217  108.23   883.7     19.88     90.2    1076  -999  -999.00   -999.00   -999.00     5    -1.8    1076     0   0   0   0    -999.000  -999.000
0218  108.73   884.3     19.89     90.3    1070  -999  -999.00   -999.00   -999.00     5    -1.8    1070     0   0   0   0    -999.000  -999.000
0219  109.23   885.0     19.89     90.5    1064  -999  -999.00   -999.00   -999.00     5    -1.8    1064     0   0   0   0    -999.000  -999.000
0220  109.73   885.6     19.88     90.7    1058  -999  -999.00   -999.00   -999.00     0    -1.9    1058     0   0   0   0    -999.000  -999.000
0221  110.23   886.2     19.87     90.8    1051  -999  -999.00   -999.00   -999.00     5    -1.9    1051     0   0   0   0    -999.000  -999.000
0222  110.73   886.8     19.86     90.9    1045  -999  -999.00   -999.00   -999.00     5    -1.9    1045     0   0   0   0    -999.000  -999.000
0223  111.23   887.5     19.85     91.0    1039  -999  -999.00   -999.00   -999.00     5    -2.0    1039     0   0   0   0    -999.000  -999.000
0224  111.73   888.1     19.85     91.1    1033  -999  -999.00   -999.00   -999.00     5    -2.0    1033     0   0   0   0    -999.000  -999.000
0225  112.23   888.8     19.86     91.0    1027  -999  -999.00   -999.00   -999.00     5    -2.1    1027     0   0   0   0    -999.000  -999.000
0226  112.73   889.4     19.87     91.0    1020  -999  -999.00   -999.00   -999.00     5    -2.1    1020     0   0   0   0    -999.000  -999.000
0227  113.23   890.0     19.89     90.9    1014  -999  -999.00   -999.00   -999.00     5    -2.1    1014     0   0   0   0    -999.000  -999.000
0228  113.73   890.7     19.92     90.8    1008  -999  -999.00   -999.00   -999.00     5    -2.2    1008     0   0   0   0    -999.000  -999.000
0229  114.23   891.3     19.94     90.7    1002  -999  -999.00   -999.00   -999.00     5    -2.2    1002     0   0   0   0    -999.000  -999.000
0230  114.73   892.0     19.97     90.6     995  -999  -999.00   -999.00   -999.00     5    -2.2     995     0   0   0   0    -999.000  -999.000
0231  115.23   892.6     20.01     90.5     989  -999  -999.00   -999.00   -999.00     5    -2.2     989     0   0   0   0    -999.000  -999.000
0232  115.73   893.3     20.03     90.4     983  -999  -999.00   -999.00   -999.00     5    -2.2     983     0   0   0   0    -999.000  -999.000
0233  116.23   893.9     20.06     90.2     976  -999  -999.00   -999.00   -999.00     5    -2.2     976     0   0   0   0    -999.000  -999.000
0234  116.73   894.6     20.08     90.2     970  -999  -999.00   -999.00   -999.00     5    -2.2     970     0   0   0   0    -999.000  -999.000
0235  117.23   895.2     20.10     90.1     964  -999  -999.00   -999.00   -999.00     5    -2.2     964     0   0   0   0    -999.000  -999.000
0236  117.73   895.9     20.11     90.0     957  -999  -999.00   -999.00   -999.00     5    -2.2     957     0   0   0   0    -999.000  -999.000
0237  118.23   896.5     20.12     90.0     951  -999  -999.00   -999.00   -999.00     5    -2.2     951     0   0   0   0    -999.000  -999.000
0238  118.73   897.2     20.12     90.0     945  -999  -999.00   -999.00   -999.00     5    -2.2     945     0   0   0   0    -999.000  -999.000
0239  119.23   897.8     20.12     90.0     939  -999  -999.00   -999.00   -999.00     5    -2.3     939     0   0   0   0    -999.000  -999.000
0240  119.73   898.5     20.12     90.1     932  -999  -999.00   -999.00   -999.00     5    -2.3     932     0   0   0   0    -999.000  -999.000
0241  120.23   899.1     20.11     90.1     926  -999  -999.00   -999.00   -999.00     5    -2.3     926     0   0   0   0    -999.000  -999.000
0242  120.73   899.8     20.10     90.2     920  -999  -999.00   -999.00   -999.00     5    -2.4     920     0   0   0   0    -999.000  -999.000
0243  121.23   900.5     20.10     90.3     913  -999  -999.00   -999.00   -999.00     5    -2.4     913     0   0   0   0    -999.000  -999.000
0244  121.73   901.1     20.09     90.4     907  -999  -999.00   -999.00   -999.00     5    -2.5     907     0   0   0   0    -999.000  -999.000
0245  122.23   901.8     20.08     90.6     900  -999  -999.00   -999.00   -999.00     5    -2.6     900     0   0   0   0    -999.000  -999.000
0246  122.73   902.5     20.07     90.8     894  -999  -999.00   -999.00   -999.00     5    -2.7     894     0   0   0   0    -999.000  -999.000
0247  123.23   903.1     20.06     91.0     887  -999  -999.00   -999.00   -999.00     5    -2.8     887     0   0   0   0    -999.000  -999.000
0248  123.73   903.8     20.05     91.2     881  -999  -999.00   -999.00   -999.00     5    -2.9     881     0   0   0   0    -999.000  -999.000
0249  124.23   904.5     20.04     91.3     874  -999  -999.00   -999.00   -999.00     5    -3.1     874     0   0   0   0    -999.000  -999.000
0250  124.73   905.2     20.03     91.5     868  -999  -999.00   -999.00   -999.00     5    -3.2     868     0   0   0   0    -999.000  -999.000
0251  125.23   905.9     20.04     91.6     861  -999  -999.00   -999.00   -999.00     5    -3.3     861     0   0   0   0    -999.000  -999.000
0252  125.73   906.7     20.05     91.6     854  -999  -999.00   -999.00   -999.00     5    -3.4     854     0   0   0   0    -999.000  -999.000
0253  126.23   907.4     20.07     91.6     847  -999  -999.00   -999.00   -999.00     5    -3.5     847     0   0   0   0    -999.000  -999.000
0254  126.73   908.1     20.09     91.5     840  -999  -999.00   -999.00   -999.00     5    -3.5     840     0   0   0   0    -999.000  -999.000
0255  127.23   908.8     20.13     91.4     833  -999  -999.00   -999.00   -999.00     5    -3.5     833     0   0   0   0    -999.000  -999.000
0256  127.73   909.6     20.17     91.2     826  -999  -999.00   -999.00   -999.00     5    -3.5     826     0   0   0   0    -999.000  -999.000
0257  128.23   910.3     20.22     91.1     819  -999  -999.00   -999.00   -999.00     5    -3.5     819     0   0   0   0    -999.000  -999.000
0258  128.73   911.0     20.28     90.9     812  -999  -999.00   -999.00   -999.00     5    -3.4     812     0   0   0   0    -999.000  -999.000
0259  129.23   911.7     20.33     90.8     805  -999  -999.00   -999.00   -999.00     5    -3.3     805     0   0   0   0    -999.000  -999.000
0260  129.73   912.5     20.38     90.8     799  -999  -999.00   -999.00   -999.00     5    -3.2     799     0   0   0   0    -999.000  -999.000
0261  130.23   913.2     20.43     90.8     792  -999  -999.00   -999.00   -999.00     5    -3.1     792     0   0   0   0    -999.000  -999.000
0262  130.73   913.9     20.47     91.0     785  -999  -999.00   -999.00   -999.00     5    -3.0     785     0   0   0   0    -999.000  -999.000
0263  131.23   914.5     20.50     91.4     779  -999  -999.00   -999.00   -999.00     5    -2.9     779     0   0   0   0    -999.000  -999.000
0264  131.73   915.2     20.52     91.9     772  -999  -999.00   -999.00   -999.00     5    -2.8     772     0   0   0   0    -999.000  -999.000
0265  132.23   915.9     20.54     92.5     766  -999  -999.00   -999.00   -999.00     5    -2.7     766     0   0   0   0    -999.000  -999.000
0266  132.73   916.6     20.54     93.3     760  -999  -999.00   -999.00   -999.00     5    -2.6     760     0   0   0   0    -999.000  -999.000
0267  133.23   917.2     20.54     94.2     753  -999  -999.00   -999.00   -999.00     5    -2.5     753     0   0   0   0    -999.000  -999.000
0268  133.73   917.9     20.53     95.1     747  -999  -999.00   -999.00   -999.00     5    -2.5     747     0   0   0   0    -999.000  -999.000
0269  134.23   918.6     20.53     96.1     740  -999  -999.00   -999.00   -999.00     5    -2.4     740     0   0   0   0    -999.000  -999.000
0270  134.73   919.3     20.52     96.9     734  -999  -999.00   -999.00   -999.00     5    -2.3     734     0   0   0   0    -999.000  -999.000
0271  135.23   919.9     20.51     97.7     728  -999  -999.00   -999.00   -999.00     5    -2.2     728     0   0   0   0    -999.000  -999.000
0272  135.73   920.6     20.51     98.3     722  -999  -999.00   -999.00   -999.00     5    -2.0     722     0   0   0   0    -999.000  -999.000
0273  136.23   921.2     20.51     98.7     715  -999  -999.00   -999.00   -999.00     5    -1.9     715     0   0   0   0    -999.000  -999.000
0274  136.73   921.9     20.51     99.1     709  -999  -999.00   -999.00   -999.00     5    -1.7     709     0   0   0   0    -999.000  -999.000
0275  137.23   922.5     20.52     99.3     703  -999  -999.00   -999.00   -999.00     5    -1.6     703     0   0   0   0    -999.000  -999.000
0276  137.73   923.1     20.54     99.5     698  -999  -999.00   -999.00   -999.00     5    -1.4     698     0   0   0   0    -999.000  -999.000
0277  138.23   923.8     20.56     99.6     692  -999  -999.00   -999.00   -999.00     5    -1.2     692     0   0   0   0    -999.000  -999.000
0278  138.73   924.4     20.58     99.7     686  -999  -999.00   -999.00   -999.00     5    -1.1     686     0   0   0   0    -999.000  -999.000
0279  139.23   924.9     20.61     99.8     681  -999  -999.00   -999.00   -999.00     5    -1.0     681     0   0   0   0    -999.000  -999.000
0280  139.73   925.5     20.64     99.8     675  -999  -999.00   -999.00   -999.00     5    -0.9     675     0   0   0   0    -999.000  -999.000
0281  140.23   926.1     20.66     99.8     670  -999  -999.00   -999.00   -999.00     5    -0.8     670     0   0   0   0    -999.000  -999.000
0282  140.73   926.7     20.69     99.8     664  -999  -999.00   -999.00   -999.00     5    -0.7     664     0   0   0   0    -999.000  -999.000
0283  141.23   927.3     20.72     99.8     659  -999  -999.00   -999.00   -999.00     5    -0.7     659     0   0   0   0    -999.000  -999.000
0284  141.73   927.9     20.75     99.8     653  -999  -999.00   -999.00   -999.00     5    -0.7     653     0   0   0   0    -999.000  -999.000
0285  142.23   928.4     20.78     99.9     648  -999  -999.00   -999.00   -999.00     5    -0.7     648     0   0   0   0    -999.000  -999.000
0286  142.73   929.0     20.81     99.9     642  -999  -999.00   -999.00   -999.00     5    -0.8     642     0   0   0   0    -999.000  -999.000
0287  143.23   929.6     20.84     99.9     637  -999  -999.00   -999.00   -999.00     5    -0.8     637     0   0   0   0    -999.000  -999.000
0288  143.73   930.2     20.87     99.9     631  -999  -999.00   -999.00   -999.00     5    -0.8     631     0   0   0   0    -999.000  -999.000
0289  144.23   930.8     20.90     99.9     626  -999  -999.00   -999.00   -999.00     5    -0.9     626     0   0   0   0    -999.000  -999.000
0290  144.73   931.4     20.93     99.9     620  -999  -999.00   -999.00   -999.00     5    -1.0     620     0   0   0   0    -999.000  -999.000
0291  145.23   932.0     20.97     99.9     615  -999  -999.00   -999.00   -999.00     5    -1.0     615     0   0   0   0    -999.000  -999.000
0292  145.73   932.6     21.00     99.9     609  -999  -999.00   -999.00   -999.00     5    -1.2     609     0   0   0   0    -999.000  -999.000
0293  146.23   933.2     21.04     99.8     603  -999  -999.00   -999.00   -999.00     5    -1.3     603     0   0   0   0    -999.000  -999.000
0294  146.73   933.8     21.07     99.8     598  -999  -999.00   -999.00   -999.00     5    -1.5     598     0   0   0   0    -999.000  -999.000
0295  147.23   934.4     21.11     99.8     592  -999  -999.00   -999.00   -999.00     5    -1.6     592     0   0   0   0    -999.000  -999.000
0296  147.73   935.1     21.15     99.8     586  -999  -999.00   -999.00   -999.00     5    -1.9     586     0   0   0   0    -999.000  -999.000
0297  148.23   935.7     21.20     99.8     580  -999  -999.00   -999.00   -999.00     5    -2.1     580     0   0   0   0    -999.000  -999.000
0298  148.73   936.4     21.25     99.9     574  -999  -999.00   -999.00   -999.00     5    -2.4     574     0   0   0   0    -999.000  -999.000
0299  149.23   937.1     21.29     99.9     568  -999  -999.00   -999.00   -999.00     5    -2.7     568     0   0   0   0    -999.000  -999.000
0300  149.73   937.8     21.34     99.9     561  -999  -999.00   -999.00   -999.00     5    -3.0     561     0   0   0   0    -999.000  -999.000
0301  150.23   938.5     21.40     99.9     554  -999  -999.00   -999.00   -999.00     5    -3.2     554     0   0   0   0    -999.000  -999.000
0302  150.73   939.2     21.45    100.0     548  -999  -999.00   -999.00   -999.00     5    -3.4     548     0   0   0   0    -999.000  -999.000
0303  151.23   940.0     21.50     99.9     541  -999  -999.00   -999.00   -999.00     5    -3.6     541     0   0   0   0    -999.000  -999.000
0304  151.73   940.7     21.55     99.9     534  -999  -999.00   -999.00   -999.00     5    -3.7     534     0   0   0   0    -999.000  -999.000
0305  152.23   941.5     21.60     99.8     527  -999  -999.00   -999.00   -999.00     5    -3.7     527     0   0   0   0    -999.000  -999.000
0306  152.73   942.2     21.65     99.8     519  -999  -999.00   -999.00   -999.00     5    -3.6     519     0   0   0   0    -999.000  -999.000
0307  153.23   943.0     21.70     99.6     513  -999  -999.00   -999.00   -999.00     5    -3.5     513     0   0   0   0    -999.000  -999.000
0308  153.73   943.7     21.75     99.5     506  -999  -999.00   -999.00   -999.00     5    -3.4     506     0   0   0   0    -999.000  -999.000
0309  154.23   944.5     21.80     99.4     499  -999  -999.00   -999.00   -999.00     5    -3.2     499     0   0   0   0    -999.000  -999.000
0310  154.73   945.2     21.85     99.3     492  -999  -999.00   -999.00   -999.00     5    -3.0     492     0   0   0   0    -999.000  -999.000
0311  155.23   945.9     21.90     99.2     486  -999  -999.00   -999.00   -999.00     5    -2.8     486     0   0   0   0    -999.000  -999.000
0312  155.73   946.5     21.95     99.2     480  -999  -999.00   -999.00   -999.00     5    -2.6     480     0   0   0   0    -999.000  -999.000
0313  156.23   947.2     22.01     99.2     473  -999  -999.00   -999.00   -999.00     5    -2.5     473     0   0   0   0    -999.000  -999.000
0314  156.73   947.9     22.06     99.1     467  -999  -999.00   -999.00   -999.00     5    -2.3     467     0   0   0   0    -999.000  -999.000
0315  157.23   948.5     22.10     99.1     461  -999  -999.00   -999.00   -999.00     5    -2.3     461     0   0   0   0    -999.000  -999.000
0316  157.73   949.2     22.15     99.0     455  -999  -999.00   -999.00   -999.00     5    -2.2     455     0   0   0   0    -999.000  -999.000
0317  158.23   949.9     22.20     98.9     449  -999  -999.00   -999.00   -999.00     5    -2.2     449     0   0   0   0    -999.000  -999.000
0318  158.73   950.5     22.26     98.7     443  -999  -999.00   -999.00   -999.00     5    -2.2     443     0   0   0   0    -999.000  -999.000
0319  159.23   951.2     22.31     98.5     437  -999  -999.00   -999.00   -999.00     5    -2.2     437     0   0   0   0    -999.000  -999.000
0320  159.73   951.9     22.36     98.2     430  -999  -999.00   -999.00   -999.00     5    -2.3     430     0   0   0   0    -999.000  -999.000
0321  160.23   952.6     22.42     97.8     424  -999  -999.00   -999.00   -999.00     5    -2.4     424     0   0   0   0    -999.000  -999.000
0322  160.73   953.2     22.48     97.4     418  -999  -999.00   -999.00   -999.00     5    -2.4     418     0   0   0   0    -999.000  -999.000
0323  161.23   953.9     22.53     97.0     412  -999  -999.00   -999.00   -999.00     5    -2.5     412     0   0   0   0    -999.000  -999.000
0324  161.73   954.6     22.59     96.4     405  -999  -999.00   -999.00   -999.00     5    -2.5     405     0   0   0   0    -999.000  -999.000
0325  162.23   955.3     22.65     95.9     399  -999  -999.00   -999.00   -999.00     5    -2.6     399     0   0   0   0    -999.000  -999.000
0326  162.73   956.0     22.71     95.4     393  -999  -999.00   -999.00   -999.00     5    -2.6     393     0   0   0   0    -999.000  -999.000
0327  163.23   956.7     22.77     94.9     386  -999  -999.00   -999.00   -999.00     5    -2.6     386     0   0   0   0    -999.000  -999.000
0328  163.73   957.4     22.83     94.4     380  -999  -999.00   -999.00   -999.00     5    -2.6     380     0   0   0   0    -999.000  -999.000
0329  164.23   958.1     22.90     94.1     374  -999  -999.00   -999.00   -999.00     5    -2.5     374     0   0   0   0    -999.000  -999.000
0330  164.73   958.8     22.96     93.8     367  -999  -999.00   -999.00   -999.00     5    -2.4     367     0   0   0   0    -999.000  -999.000
0331  165.23   959.4     23.01     93.5     361  -999  -999.00   -999.00   -999.00     5    -2.3     361     0   0   0   0    -999.000  -999.000
0332  165.73   960.1     23.07     93.3     355  -999  -999.00   -999.00   -999.00     5    -2.1     355     0   0   0   0    -999.000  -999.000
0333  166.23   960.8     23.12     93.2     349  -999  -999.00   -999.00   -999.00     5    -1.9     349     0   0   0   0    -999.000  -999.000
0334  166.73   961.4     23.17     93.2     343  -999  -999.00   -999.00   -999.00     5    -1.7     343     0   0   0   0    -999.000  -999.000
0335  167.23   962.1     23.22     93.2     337  -999  -999.00   -999.00   -999.00     5    -1.4     337     0   0   0   0    -999.000  -999.000
0336  167.73   962.7     23.27     93.3     331  -999  -999.00   -999.00   -999.00     5    -1.1     331     0   0   0   0    -999.000  -999.000
0337  168.23   963.3     23.32     93.4     326  -999  -999.00   -999.00   -999.00     5    -0.8     326     0   0   0   0    -999.000  -999.000
0338  168.73   963.9     23.36     93.4     321  -999  -999.00   -999.00   -999.00     5    -0.5     321     0   0   0   0    -999.000  -999.000
0339  169.23   964.5     23.40     93.5     315  -999  -999.00   -999.00   -999.00     5    -0.2     315     0   0   0   0    -999.000  -999.000
0340  169.73   965.0     23.44     93.4     310  -999  -999.00   -999.00   -999.00     5     0.1     310     0   0   0   0    -999.000  -999.000
0341  170.23   965.6     23.47     93.4     306  -999  -999.00   -999.00   -999.00     5     0.3     306     0   0   0   0    -999.000  -999.000
0342  170.73   966.1     23.51     93.3     301  -999  -999.00   -999.00   -999.00     5     0.6     301     0   0   0   0    -999.000  -999.000
0343  171.23   966.6     23.55     93.2     296  -999  -999.00   -999.00   -999.00     5     0.8     296     0   0   0   0    -999.000  -999.000
0344  171.73   967.1     23.59     93.1     292  -999  -999.00   -999.00   -999.00     5     1.0     292     0   0   0   0    -999.000  -999.000
0345  172.23   967.6     23.63     92.9     287  -999  -999.00   -999.00   -999.00     5     1.1     287     0   0   0   0    -999.000  -999.000
0346  172.73   968.1     23.67     92.8     283  -999  -999.00   -999.00   -999.00     5     1.3     283     0   0   0   0    -999.000  -999.000
0347  173.23   968.5     23.71     92.7     278  -999  -999.00   -999.00   -999.00     5     1.4     278     0   0   0   0    -999.000  -999.000
0348  173.73   969.0     23.74     92.6     274  -999  -999.00   -999.00   -999.00     5     1.4     274     0   0   0   0    -999.000  -999.000
0349  174.23   969.5     23.78     92.5     270  -999  -999.00   -999.00   -999.00     5     1.5     270     0   0   0   0    -999.000  -999.000
0350  174.73   970.0     23.81     92.4     266  -999  -999.00   -999.00   -999.00     5     1.5     266     0   0   0   0    -999.000  -999.000
0351  175.23   970.4     23.85     92.3     261  -999  -999.00   -999.00   -999.00     5     1.5     261     0   0   0   0    -999.000  -999.000
0352  175.73   970.9     23.88     92.3     257  -999  -999.00   -999.00   -999.00     5     1.4     257     0   0   0   0    -999.000  -999.000
0353  176.23   971.4     23.92     92.2     253  -999  -999.00   -999.00   -999.00     5     1.4     253     0   0   0   0    -999.000  -999.000
0354  176.73   971.9     23.95     92.1     248  -999  -999.00   -999.00   -999.00     5     1.3     248     0   0   0   0    -999.000  -999.000
0355  177.23   972.4     23.99     92.0     244  -999  -999.00   -999.00   -999.00     5     1.2     244     0   0   0   0    -999.000  -999.000
0356  177.73   972.8     24.02     91.9     240  -999  -999.00   -999.00   -999.00     5     1.2     240     0   0   0   0    -999.000  -999.000
0357  178.23   973.3     24.05     91.8     235  -999  -999.00   -999.00   -999.00     5     1.0     235     0   0   0   0    -999.000  -999.000
0358  178.73   973.8     24.09     91.6     231  -999  -999.00   -999.00   -999.00     5     0.9     231     0   0   0   0    -999.000  -999.000
0359  179.23   974.3     24.13     91.5     226  -999  -999.00   -999.00   -999.00     5     0.8     226     0   0   0   0    -999.000  -999.000
0360  179.73   974.8     24.16     91.3     221  -999  -999.00   -999.00   -999.00     5     0.6     221     0   0   0   0    -999.000  -999.000
0361  180.23   975.4     24.20     91.1     217  -999  -999.00   -999.00   -999.00     5     0.5     217     0   0   0   0    -999.000  -999.000
0362  180.73   975.9     24.24     91.0     212  -999  -999.00   -999.00   -999.00     5     0.3     212     0   0   0   0    -999.000  -999.000
0363  181.23   976.4     24.29     90.8     207  -999  -999.00   -999.00   -999.00     5     0.1     207     0   0   0   0    -999.000  -999.000
0364  181.73   977.0     24.33     90.6     202  -999  -999.00   -999.00   -999.00     5    -0.1     202     0   0   0   0    -999.000  -999.000
0365  182.23   977.6     24.38     90.5     197  -999  -999.00   -999.00   -999.00     5    -0.2     197     0   0   0   0    -999.000  -999.000
0366  182.73   978.1     24.42     90.3     192  -999  -999.00   -999.00   -999.00     5    -0.4     192     0   0   0   0    -999.000  -999.000
0367  183.23   978.7     24.47     90.1     187  -999  -999.00   -999.00   -999.00     5    -0.6     187     0   0   0   0    -999.000  -999.000
0368  183.73   979.3     24.52     89.9     181  -999  -999.00   -999.00   -999.00     5    -0.7     181     0   0   0   0    -999.000  -999.000
0369  184.23   979.9     24.57     89.8     176  -999  -999.00   -999.00   -999.00     5    -0.8     176     0   0   0   0    -999.000  -999.000
0370  184.73   980.5     24.62     89.6     170  -999  -999.00   -999.00   -999.00     5    -0.9     170     0   0   0   0    -999.000  -999.000
0371  185.23   981.1     24.67     89.4     165  -999  -999.00   -999.00   -999.00     5    -1.0     165     0   0   0   0    -999.000  -999.000
0372  185.73   981.7     24.72     89.2     159  -999  -999.00   -999.00   -999.00     5    -1.1     159     0   0   0   0    -999.000  -999.000
0373  186.23   982.4     24.78     89.0     154  -999  -999.00   -999.00   -999.00     5    -1.1     154     0   0   0   0    -999.000  -999.000
0374  186.73   983.0     24.83     88.8     148  -999  -999.00   -999.00   -999.00     5    -1.2     148     0   0   0   0    -999.000  -999.000
0375  187.23   983.6     24.88     88.6     143  -999  -999.00   -999.00   -999.00     5    -1.3     143     0   0   0   0    -999.000  -999.000
0376  187.73   984.2     24.93     88.5     137  -999  -999.00   -999.00   -999.00     5    -1.3     137     0   0   0   0    -999.000  -999.000
0377  188.23   984.9     24.99     88.3     131  -999  -999.00   -999.00   -999.00     5    -1.4     131     0   0   0   0    -999.000  -999.000
0378  188.73   985.5     25.04     88.2     126  -999  -999.00   -999.00   -999.00     5    -1.6     126     0   0   0   0    -999.000  -999.000
0379  189.23   986.1     25.09     88.1     120  -999  -999.00   -999.00   -999.00     5    -1.7     120     0   0   0   0    -999.000  -999.000
0380  189.73   986.8     25.15     88.0     114  -999  -999.00   -999.00   -999.00     5    -1.9     114     0   0   0   0    -999.000  -999.000
0381  190.23   987.4     25.20     87.8     108  -999  -999.00   -999.00   -999.00     5    -2.0     108     0   0   0   0    -999.000  -999.000
0382  190.73   988.1     25.25     87.7     102  -999  -999.00   -999.00   -999.00     5    -2.2     102     0   0   0   0    -999.000  -999.000
0383  191.23   988.8     25.30     87.6      96  -999  -999.00   -999.00   -999.00     5    -2.4      96     0   0   0   0    -999.000  -999.000
0384  191.73   989.5     25.36     87.4      90  -999  -999.00   -999.00   -999.00     5    -2.5      90     0   0   0   0    -999.000  -999.000
0385  192.23   990.2     25.41     87.3      84   107    29.74    -28.47      8.61     6    -2.6      84     0   0   0   0      25.092   -84.130
0386  192.73   990.9     25.46     87.2      77   106    29.55    -28.35      8.32     6    -2.7      77     0   0   0   0      25.092   -84.130
0387  193.23   991.6     25.52     87.0      71   106    29.29    -28.17      8.04     6    -2.8      71     0   0   0   0      25.092   -84.131
0388  193.73   992.4     25.58     86.8      64   106    29.01    -27.90      7.95     6    -2.8      64     0   0   0   0      25.093   -84.131
0389  194.23   993.1     25.64     86.7      58   106    28.88    -27.76      7.97     6    -2.8      58     0   0   0   0      25.093   -84.131
0390  194.73   993.8     25.69     86.6      51   106    28.93    -27.75      8.19     6    -2.8      51     0   0   0   0      25.093   -84.131
0391  195.23   994.5     25.75     86.5      45   106    28.93    -27.79      8.04     7    -2.8      45     0   0   0   0      25.093   -84.131
0392  195.73   995.2     25.81     86.4      39   107    28.49    -27.25      8.33     6    -2.8      39     0   0   0   0      25.093   -84.131
0393  196.23   995.9     25.87     86.4      33   106    28.00    -26.86      7.91     7    -2.8      33     0   0   0   0      25.093   -84.131
0394  196.73   996.6     25.93     86.5      26   106    27.48    -26.38      7.69     7    -2.8      26     0   0   0   0      25.093   -84.131
0395  197.23   997.4     26.00     86.6      20   107    27.25    -26.08      7.89     7    -2.8      20     0   0   0   0      25.093   -84.132
0396  197.73   998.1     26.06     86.7      13   107    27.06    -25.88      7.92     7    -2.8      13     0   0   0   0      25.093   -84.132
0397  198.23   998.8     26.12     86.9       7   108    26.79    -25.54      8.09     6    -2.8       7     0   0   0   0      25.093   -84.132
0398  198.77   999.6     26.12     86.9       0  -999  -999.00   -999.00   -999.00  -999  -999.0       0     0   0   0   0    -999.000  -999.000
