 ===========================================================================
 DROPWINDSONDE PROCESSING RECORD                            Sonde: 062249153
 FRD file written by Aspen V3.4.8, 29 Jun 2023 17:14 UTC
 Aircraft: WP-3D Orion, N42RF                Date: 080910   Time: 025124 UTC
 ---------------------------------------------------------------------------
 Bias corrections:  PR =   0.0 mb  TE =   0.0 C  RH =   0.0 %  PRB =  0.0 mb
 Filters (LPF):     PTH = 
 Dyn RH correction = 
 Estimated PR used = 
 Dyn T correction  = 
 ---------------------------------------------------------------------------
 COMMENT: none, Good Drop
 ===========================================================================

 ===========================================================================
 Date: 080910   Lat:  23.29 N   TA:   15.2 C   PS:  741.0 mb   WD:    39 deg
 Time: 025124   Lon:  84.49 W   TD:   15.2 C   GA:   2447 m    WS:  29.3 m/s
 SID:  062249153                RH:  103.3 %   Navaid:   GP
 ===========================================================================

IX      t (s)  P (mb)    T (C)    RH (%)  Z (m)   WD    WS (m/s)   U (m/s)   V (m/s)  NS  WZ (m/s)  ZW (m)   FP  FT  FH  FW    LAT (N)   LON (E)
0001    0.09  -999.0   -999.00   -999.0    -999  -999  -999.00   -999.00   -999.00     0  -999.0    -999     0   0   0   0    -999.000  -999.000
0002    0.59  -999.0   -999.00   -999.0    -999  -999  -999.00   -999.00   -999.00     0  -999.0    -999     0   0   0   0    -999.000  -999.000
0003    1.09  -999.0   -999.00   -999.0    -999  -999  -999.00   -999.00   -999.00     5  -999.0    -999     0   0   0   0    -999.000  -999.000
0004    1.59  -999.0   -999.00   -999.0    -999  -999  -999.00   -999.00   -999.00     4  -999.0    -999     0   0   0   0    -999.000  -999.000
0005    2.09  -999.0   -999.00   -999.0    -999  -999  -999.00   -999.00   -999.00     6  -999.0    -999     0   0   0   0      23.289   -84.493
0006    2.59  -999.0   -999.00   -999.0    -999  -999  -999.00   -999.00   -999.00     6  -999.0    -999     0   0   0   0      23.289   -84.493
0007    3.09  -999.0   -999.00   -999.0    -999  -999  -999.00   -999.00   -999.00     6  -999.0    -999     0   0   0   0      23.289   -84.493
0008    3.59  -999.0   -999.00   -999.0    -999  -999  -999.00   -999.00   -999.00     6  -999.0    -999     0   0   0   0      23.289   -84.493
0009    4.09  -999.0   -999.00   -999.0    -999  -999  -999.00   -999.00   -999.00     6  -999.0    -999     0   0   0   0      23.289   -84.493
0010    4.59  -999.0   -999.00   -999.0    -999  -999  -999.00   -999.00   -999.00     6  -999.0    -999     0   0   0   0      23.289   -84.493
0011    5.09  -999.0   -999.00   -999.0    -999  -999  -999.00   -999.00   -999.00     6  -999.0    -999     0   0   0   0      23.289   -84.494
0012    5.59  -999.0   -999.00   -999.0    -999  -999  -999.00   -999.00   -999.00     6  -999.0    -999     0   0   0   0      23.289   -84.494
0013    6.09  -999.0   -999.00   -999.0    -999  -999  -999.00   -999.00   -999.00     6  -999.0    -999     0   0   0   0      23.288   -84.494
0014    6.59  -999.0   -999.00   -999.0    -999  -999  -999.00   -999.00   -999.00     6  -999.0    -999     0   0   0   0      23.288   -84.494
0015    7.09  -999.0   -999.00   -999.0    -999  -999  -999.00   -999.00   -999.00     6  -999.0    -999     0   0   0   0      23.288   -84.494
0016    7.59  -999.0   -999.00   -999.0    -999  -999  -999.00   -999.00   -999.00     6  -999.0    -999     0   0   0   0      23.288   -84.494
0017    8.09  -999.0   -999.00   -999.0    -999  -999  -999.00   -999.00   -999.00     7  -999.0    -999     0   0   0   0      23.288   -84.494
0018    8.59  -999.0   -999.00   -999.0    -999  -999  -999.00   -999.00   -999.00     7  -999.0    -999     0   0   0   0      23.288   -84.494
0019    9.09  -999.0   -999.00   -999.0    -999  -999  -999.00   -999.00   -999.00     7  -999.0    -999     0   0   0   0      23.288   -84.494
0020    9.59  -999.0   -999.00   -999.0    -999  -999  -999.00   -999.00   -999.00     7  -999.0    -999     0   0   0   0      23.288   -84.494
0021   10.09  -999.0   -999.00   -999.0    -999    38    29.00    -17.87    -22.85     7  -999.0    -999     0   0   0   0      23.288   -84.494
0022   10.59  -999.0   -999.00   -999.0    -999    38    28.99    -17.84    -22.85     7  -999.0    -999     0   0   0   0      23.287   -84.494
0023   11.09  -999.0   -999.00   -999.0    -999    38    28.98    -17.81    -22.86     7  -999.0    -999     0   0   0   0      23.287   -84.495
0024   11.59  -999.0   -999.00   -999.0    -999    38    28.97    -17.79    -22.86     7  -999.0    -999     0   0   0   0      23.287   -84.495
0025   12.09  -999.0   -999.00   -999.0    -999    38    28.97    -17.77    -22.88     7  -999.0    -999     0   0   0   0      23.287   -84.495
0026   12.59   755.3     15.70   -999.0    2279    38    28.99    -17.70    -22.97     7    -1.6    2279     0   0   0   0      23.287   -84.495
0027   13.09   755.9     15.71   -999.0    2272    38    29.02    -17.69    -23.00     7    -1.7    2272     0   0   0   0      23.287   -84.495
0028   13.59   756.5     15.72   -999.0    2266    38    29.04    -17.68    -23.04     7    -1.8    2266     0   0   0   0      23.287   -84.495
0029   14.09   757.0     15.73   -999.0    2259    37    29.07    -17.68    -23.08     7    -1.9    2259     0   0   0   0      23.287   -84.495
0030   14.59   757.6     15.74   -999.0    2253    37    29.10    -17.67    -23.12     7    -2.0    2253     0   0   0   0      23.287   -84.495
0031   15.09   758.2     15.76   -999.0    2246    37    29.13    -17.67    -23.15     7    -2.0    2246     0   0   0   0      23.287   -84.495
0032   15.59   758.8     15.78   -999.0    2239    37    29.15    -17.68    -23.18     7    -2.1    2239     0   0   0   0      23.286   -84.495
0033   16.09   759.4     15.80   -999.0    2233    37    29.17    -17.69    -23.20     7    -2.1    2233     0   0   0   0      23.286   -84.495
0034   16.59   760.0     15.82   -999.0    2226    37    29.19    -17.70    -23.22     7    -2.1    2226     0   0   0   0      23.286   -84.495
0035   17.09   760.6     15.84   -999.0    2219    37    29.22    -17.72    -23.23     7    -2.1    2219     0   0   0   0      23.286   -84.496
0036   17.59   761.2     15.87   -999.0    2213    37    29.24    -17.74    -23.24     7    -2.0    2213     0   0   0   0      23.286   -84.496
0037   18.09   761.8     15.89   -999.0    2206    37    29.26    -17.76    -23.25     7    -2.0    2206     0   0   0   0      23.286   -84.496
0038   18.59   762.4     15.92   -999.0    2199    37    29.28    -17.79    -23.26     7    -1.9    2199     0   0   0   0      23.286   -84.496
0039   19.09   762.9     15.94   -999.0    2193    37    29.30    -17.81    -23.26     7    -1.9    2193     0   0   0   0      23.286   -84.496
0040   19.59   763.5     15.97   -999.0    2186    37    29.31    -17.83    -23.26     8    -1.8    2186     0   0   0   0      23.286   -84.496
0041   20.09   764.1     15.99   -999.0    2180  -999  -999.00   -999.00   -999.00     0    -1.8    2180     0   0   0   0    -999.000  -999.000
0042   20.59   764.7     16.02   -999.0    2174    37    29.33    -17.85    -23.27     8    -1.8    2174     0   0   0   0      23.285   -84.496
0043   21.09   765.2     16.05   -999.0    2167    37    29.32    -17.85    -23.27     8    -1.8    2167     0   0   0   0      23.285   -84.496
0044   21.59   765.8     16.08   -999.0    2161    37    29.32    -17.83    -23.27     8    -1.8    2161     0   0   0   0      23.285   -84.496
0045   22.09   766.4     16.10   -999.0    2154    37    29.31    -17.81    -23.28     8    -1.8    2154     0   0   0   0      23.285   -84.496
0046   22.59   767.0     16.13   -999.0    2148    37    29.29    -17.76    -23.29     8    -1.8    2148     0   0   0   0      23.285   -84.497
0047   23.09   767.6     16.16   -999.0    2141    37    29.27    -17.70    -23.31     8    -1.8    2141     0   0   0   0      23.285   -84.497
0048   23.59   768.1     16.19     93.5    2135    37    29.24    -17.62    -23.34     8    -1.8    2135     0   0   0   0      23.285   -84.497
0049   24.09   768.7     16.22     93.3    2128    37    29.21    -17.52    -23.38     8    -1.8    2128     0   0   0   0      23.285   -84.497
0050   24.59   769.3     16.25     93.1    2122    37    29.19    -17.41    -23.43     8    -1.8    2122     0   0   0   0      23.285   -84.497
0051   25.09   769.9     16.29     92.9    2115    36    29.16    -17.29    -23.48     8    -1.9    2115     0   0   0   0      23.284   -84.497
0052   25.59   770.5     16.32     92.7    2109    36    29.13    -17.17    -23.54     8    -1.9    2109     0   0   0   0      23.284   -84.497
0053   26.09   771.1     16.35     92.6    2102    36    29.10    -17.05    -23.58     8    -1.9    2102     0   0   0   0      23.284   -84.497
0054   26.59   771.6     16.38     92.5    2096    36    29.06    -16.93    -23.62     8    -2.0    2096     0   0   0   0      23.284   -84.497
0055   27.09   772.2     16.41     92.4    2089    35    29.01    -16.82    -23.63     8    -2.0    2089     0   0   0   0      23.284   -84.497
0056   27.59   772.8     16.44     92.4    2083    35    28.94    -16.71    -23.63     8    -2.1    2083     0   0   0   0      23.284   -84.497
0057   28.09   773.4     16.47     92.4    2076    35    28.86    -16.61    -23.60     8    -2.1    2076     0   0   0   0      23.284   -84.497
0058   28.59   774.0     16.50     92.4    2070    35    28.77    -16.52    -23.55     8    -2.1    2070     0   0   0   0      23.284   -84.498
0059   29.09   774.6     16.53     92.5    2063    35    28.67    -16.43    -23.49     8    -2.2    2063     0   0   0   0      23.284   -84.498
0060   29.59   775.2     16.56     92.5    2056    35    28.58    -16.36    -23.44     8    -2.2    2056     0   0   0   0      23.284   -84.498
0061   30.09   775.8     16.59     92.6    2050    35    28.50    -16.28    -23.39     8    -2.2    2050     0   0   0   0      23.283   -84.498
0062   30.59   776.4     16.62     92.7    2043    35    28.43    -16.21    -23.36     6    -2.3    2043     0   0   0   0      23.283   -84.498
0063   31.09   777.0     16.66     92.8    2036    35    28.39    -16.13    -23.36     7    -2.3    2036     0   0   0   0      23.283   -84.498
0064   31.59   777.7     16.70     92.9    2030    34    28.37    -16.05    -23.40     8    -2.3    2030     0   0   0   0      23.283   -84.498
0065   32.09   778.3     16.74     93.1    2023    34    28.39    -15.98    -23.47     8    -2.2    2023     0   0   0   0      23.283   -84.498
0066   32.59   778.9     16.78     93.2    2016    34    28.43    -15.91    -23.56     8    -2.2    2016     0   0   0   0      23.283   -84.498
0067   33.09   779.5     16.82     93.3    2010    34    28.48    -15.85    -23.66     8    -2.2    2010     0   0   0   0      23.283   -84.498
0068   33.59   780.1     16.87     93.4    2003    34    28.53    -15.80    -23.75     8    -2.3    2003     0   0   0   0      23.283   -84.498
0069   34.09   780.7     16.91     93.3    1997    34    28.59    -15.78    -23.84     8    -2.3    1997     0   0   0   0      23.283   -84.498
0070   34.59   781.3     16.95     93.3    1990    33    28.65    -15.78    -23.91     8    -2.3    1990     0   0   0   0      23.282   -84.499
0071   35.09   781.9     17.00     93.1    1983    33    28.70    -15.79    -23.97     8    -2.3    1983     0   0   0   0      23.282   -84.499
0072   35.59   782.5     17.04     93.0    1977    33    28.76    -15.83    -24.01     8    -2.4    1977     0   0   0   0      23.282   -84.499
0073   36.09   783.1     17.09     92.8    1970    33    28.81    -15.88    -24.04     8    -2.4    1970     0   0   0   0      23.282   -84.499
0074   36.59   783.7     17.13     92.7    1963    34    28.87    -15.94    -24.07     8    -2.4    1963     0   0   0   0      23.282   -84.499
0075   37.09   784.3     17.17     92.6    1956    34    28.92    -16.00    -24.09     8    -2.4    1956     0   0   0   0      23.282   -84.499
0076   37.59   785.0     17.20     92.6    1950    34    28.97    -16.07    -24.11     8    -2.4    1950     0   0   0   0      23.282   -84.499
0077   38.09   785.6     17.24     92.7    1943    34    29.03    -16.14    -24.12     8    -2.4    1943     0   0   0   0      23.282   -84.499
0078   38.59   786.2     17.27     92.8    1936    34    29.07    -16.21    -24.13     8    -2.4    1936     0   0   0   0      23.282   -84.499
0079   39.09   786.8     17.30     93.0    1929    34    29.12    -16.28    -24.15     8    -2.4    1929     0   0   0   0      23.281   -84.499
0080   39.59   787.4     17.32     93.2    1923    34    29.16    -16.34    -24.15     8    -2.4    1923     0   0   0   0      23.281   -84.499
0081   40.09   788.0     17.34     93.6    1916    34    29.19    -16.38    -24.16     8    -2.4    1916     0   0   0   0      23.281   -84.499
0082   40.59   788.6     17.36     94.0    1909  -999  -999.00   -999.00   -999.00     0    -2.5    1909     0   0   0   0    -999.000  -999.000
0083   41.09   789.3     17.38     94.4    1903    34    29.22    -16.44    -24.16     8    -2.5    1903     0   0   0   0      23.281   -84.500
0084   41.59   789.9     17.40     94.8    1896    34    29.21    -16.44    -24.15     8    -2.5    1896     0   0   0   0      23.281   -84.500
0085   42.09   790.5     17.41     95.1    1889    34    29.19    -16.41    -24.13     8    -2.4    1889     0   0   0   0      23.281   -84.500
0086   42.59   791.1     17.43     95.4    1882    34    29.15    -16.38    -24.11     8    -2.4    1882     0   0   0   0      23.281   -84.500
0087   43.09   791.7     17.45     95.5    1876    34    29.10    -16.33    -24.09     8    -2.4    1876     0   0   0   0      23.281   -84.500
0088   43.59   792.4     17.47     95.6    1869  -999  -999.00   -999.00   -999.00     0    -2.4    1869     0   0   0   0    -999.000  -999.000
0089   44.09   793.0     17.50     95.6    1862    34    29.01    -16.20    -24.06     8    -2.4    1862     0   0   0   0      23.280   -84.500
0090   44.59   793.6     17.53     95.5    1856    34    28.96    -16.14    -24.05     8    -2.4    1856     0   0   0   0      23.280   -84.500
0091   45.09   794.2     17.56     95.4    1849    34    28.92    -16.08    -24.04     8    -2.4    1849     0   0   0   0      23.280   -84.500
0092   45.59   794.8     17.59     95.2    1842    34    28.89    -16.03    -24.04     8    -2.4    1842     0   0   0   0      23.280   -84.500
0093   46.09   795.4     17.63     95.2    1836    34    28.88    -15.99    -24.04     8    -2.4    1836     0   0   0   0      23.280   -84.500
0094   46.59   796.1     17.67     95.2    1829    34    28.87    -15.97    -24.05     6    -2.4    1829     0   0   0   0      23.280   -84.500
0095   47.09   796.7     17.71     95.2    1822    34    28.87    -15.96    -24.05     8    -2.4    1822     0   0   0   0      23.280   -84.500
0096   47.59   797.3     17.75     95.2    1816  -999  -999.00   -999.00   -999.00     0    -2.4    1816     0   0   0   0    -999.000  -999.000
0097   48.09   797.9     17.80     95.2    1809    34    28.90    -15.98    -24.08     8    -2.4    1809     0   0   0   0      23.280   -84.501
0098   48.59   798.5     17.84     95.2    1802    34    28.92    -15.99    -24.10     8    -2.4    1802     0   0   0   0      23.279   -84.501
0099   49.09   799.2     17.87     95.2    1796    34    28.96    -16.00    -24.13     8    -2.4    1796     0   0   0   0      23.279   -84.501
0100   49.59   799.8     17.91     95.2    1789    34    28.99    -16.01    -24.17     8    -2.4    1789     0   0   0   0      23.279   -84.501
0101   50.09   800.4     17.95     95.2    1782    33    29.03    -16.01    -24.22     8    -2.4    1782     0   0   0   0      23.279   -84.501
0102   50.59   801.0     17.98     95.2    1776    33    29.06    -15.99    -24.26     8    -2.4    1776     0   0   0   0      23.279   -84.501
0103   51.09   801.6     18.02     95.2    1769    33    29.07    -15.96    -24.30     8    -2.3    1769     0   0   0   0      23.279   -84.501
0104   51.59   802.2     18.05     95.2    1762    33    29.06    -15.91    -24.32     8    -2.3    1762     0   0   0   0      23.279   -84.501
0105   52.09   802.9     18.09     95.1    1756    33    29.04    -15.84    -24.34     8    -2.3    1756     0   0   0   0      23.279   -84.501
0106   52.59   803.5     18.13     95.1    1749    33    29.01    -15.76    -24.36     8    -2.3    1749     0   0   0   0      23.279   -84.501
0107   53.09   804.1     18.16     94.9    1743    33    28.97    -15.67    -24.37     8    -2.2    1743     0   0   0   0      23.278   -84.501
0108   53.59   804.7     18.20     94.8    1736    33    28.94    -15.59    -24.38     8    -2.2    1736     0   0   0   0      23.278   -84.501
0109   54.09   805.3     18.24     94.6    1729    32    28.92    -15.52    -24.40     8    -2.2    1729     0   0   0   0      23.278   -84.502
0110   54.59   805.9     18.28     94.4    1723    32    28.90    -15.47    -24.41     8    -2.2    1723     0   0   0   0      23.278   -84.502
0111   55.09   806.5     18.32     94.2    1716    32    28.89    -15.42    -24.43     8    -2.2    1716     0   0   0   0      23.278   -84.502
0112   55.59   807.1     18.36     93.9    1710    32    28.88    -15.38    -24.44     8    -2.2    1710     0   0   0   0      23.278   -84.502
0113   56.09   807.8     18.40     93.7    1703    32    28.87    -15.35    -24.45     8    -2.2    1703     0   0   0   0      23.278   -84.502
0114   56.59   808.4     18.44     93.4    1697    32    28.85    -15.31    -24.45     8    -2.2    1697     0   0   0   0      23.278   -84.502
0115   57.09   809.0     18.48     93.2    1690  -999  -999.00   -999.00   -999.00     0    -2.3    1690     0   0   0   0    -999.000  -999.000
0116   57.59   809.6     18.51     93.0    1684    32    28.78    -15.22    -24.43     8    -2.3    1684     0   0   0   0      23.277   -84.502
0117   58.09   810.2     18.55     92.8    1677    32    28.73    -15.17    -24.39     7    -2.3    1677     0   0   0   0      23.277   -84.502
0118   58.59   810.8     18.58     92.7    1671  -999  -999.00   -999.00   -999.00     0    -2.3    1671     0   0   0   0    -999.000  -999.000
0119   59.09   811.5     18.61     92.7    1664    32    28.61    -15.07    -24.32     8    -2.3    1664     0   0   0   0      23.277   -84.502
0120   59.59   812.1     18.64     92.7    1657    32    28.55    -15.02    -24.28     8    -2.3    1657     0   0   0   0      23.277   -84.502
0121   60.09   812.7     18.67     92.7    1651    32    28.51    -14.98    -24.26     8    -2.3    1651     0   0   0   0      23.277   -84.502
0122   60.59   813.3     18.70     92.8    1644  -999  -999.00   -999.00   -999.00     0    -2.2    1644     0   0   0   0    -999.000  -999.000
0123   61.09   813.9     18.72     93.1    1638    32    28.45    -14.90    -24.24     8    -2.2    1638     0   0   0   0      23.277   -84.503
0124   61.59   814.6     18.74     93.3    1631    32    28.44    -14.87    -24.24     8    -2.2    1631     0   0   0   0      23.277   -84.503
0125   62.09   815.2     18.77     93.7    1625    31    28.44    -14.84    -24.26     8    -2.2    1625     0   0   0   0      23.276   -84.503
0126   62.59  -999.0   -999.00   -999.0    -999    31    28.44    -14.82    -24.28     8  -999.0    -999     0   0   0   0      23.276   -84.503
0127   63.09   816.4     18.81     94.5    1612    31    28.44    -14.79    -24.30     8    -2.1    1612     0   0   0   0      23.276   -84.503
0128   63.59   817.0     18.83     94.9    1605    31    28.45    -14.76    -24.32     8    -2.1    1605     0   0   0   0      23.276   -84.503
0129   64.09   817.6     18.85     95.2    1599    31    28.45    -14.73    -24.34     8    -2.1    1599     0   0   0   0      23.276   -84.503
0130   64.59   818.2     18.87     95.4    1592    31    28.45    -14.71    -24.35     8    -2.1    1592     0   0   0   0      23.276   -84.503
0131   65.09   818.8     18.89     95.4    1586    31    28.45    -14.68    -24.37     8    -2.1    1586     0   0   0   0      23.276   -84.503
0132   65.59   819.5     18.91     95.4    1579    31    28.45    -14.65    -24.39     8    -2.1    1579     0   0   0   0      23.276   -84.503
0133   66.09   820.1     18.93     95.3    1573    31    28.45    -14.63    -24.40     8    -2.1    1573     0   0   0   0      23.276   -84.503
0134   66.59   820.7     18.95     95.2    1566    31    28.44    -14.59    -24.41     8    -2.1    1566     0   0   0   0      23.275   -84.503
0135   67.09   821.3     18.97     95.1    1560  -999  -999.00   -999.00   -999.00     0    -2.1    1560     0   0   0   0    -999.000  -999.000
0136   67.59   821.9     18.99     95.0    1553    31    28.43    -14.52    -24.44     8    -2.1    1553     0   0   0   0      23.275   -84.504
0137   68.09   822.5     19.01     94.9    1547    31    28.41    -14.47    -24.45     8    -2.1    1547     0   0   0   0      23.275   -84.504
0138   68.59   823.2     19.03     94.9    1541  -999  -999.00   -999.00   -999.00     0    -2.1    1541     0   0   0   0    -999.000  -999.000
0139   69.09   823.8     19.05     95.0    1534    30    28.39    -14.39    -24.47     8    -2.1    1534     0   0   0   0      23.275   -84.504
0140   69.59   824.4     19.08     95.1    1528  -999  -999.00   -999.00   -999.00     0    -2.0    1528     0   0   0   0    -999.000  -999.000
0141   70.09   825.0     19.10     95.3    1521    30    28.37    -14.31    -24.50     8    -2.0    1521     0   0   0   0      23.275   -84.504
0142   70.59   825.6     19.12     95.5    1515    30    28.38    -14.27    -24.53     8    -2.0    1515     0   0   0   0      23.275   -84.504
0143   71.09   826.2     19.15     95.7    1509    30    28.39    -14.24    -24.56     8    -2.0    1509     0   0   0   0      23.274   -84.504
0144   71.59   826.8     19.17     95.9    1502    30    28.41    -14.21    -24.60     8    -2.0    1502     0   0   0   0      23.274   -84.504
0145   72.09  -999.0   -999.00   -999.0    -999  -999  -999.00   -999.00   -999.00     0  -999.0    -999     0   0   0   0    -999.000  -999.000
0146   72.59   828.0     19.22     96.3    1489    30    28.46    -14.17    -24.68     8    -2.0    1489     0   0   0   0      23.274   -84.504
0147   73.09   828.6     19.24     96.5    1483    30    28.48    -14.15    -24.72     8    -2.0    1483     0   0   0   0      23.274   -84.504
0148   73.59   829.3     19.26     96.6    1477    30    28.50    -14.14    -24.74     8    -2.0    1477     0   0   0   0      23.274   -84.504
0149   74.09   829.9     19.28     96.7    1470    30    28.51    -14.12    -24.77     8    -2.0    1470     0   0   0   0      23.274   -84.504
0150   74.59   830.5     19.30     96.7    1464  -999  -999.00   -999.00   -999.00     0    -2.0    1464     0   0   0   0    -999.000  -999.000
0151   75.09   831.1     19.32     96.6    1458    30    28.47    -14.03    -24.77     8    -2.0    1458     0   0   0   0      23.274   -84.505
0152   75.59   831.7     19.34     96.6    1451    29    28.42    -13.97    -24.75     8    -2.0    1451     0   0   0   0      23.273   -84.505
0153   76.09   832.3     19.36     96.5    1445    29    28.34    -13.88    -24.71     8    -2.0    1445     0   0   0   0      23.273   -84.505
0154   76.59   832.9     19.37     96.4    1439    29    28.24    -13.78    -24.66     8    -2.0    1439     0   0   0   0      23.273   -84.505
0155   77.09   833.5     19.39     96.4    1432    29    28.14    -13.67    -24.59     8    -2.0    1432     0   0   0   0      23.273   -84.505
0156   77.59   834.1     19.41     96.5    1426    29    28.04    -13.56    -24.54     8    -2.0    1426     0   0   0   0      23.273   -84.505
0157   78.09   834.8     19.43     96.6    1420    29    27.96    -13.47    -24.50     8    -2.0    1420     0   0   0   0      23.273   -84.505
0158   78.59   835.4     19.44     96.7    1413    29    27.90    -13.40    -24.47     8    -2.0    1413     0   0   0   0      23.273   -84.505
0159   79.09   836.0     19.45     96.8    1407  -999  -999.00   -999.00   -999.00     0    -2.0    1407     0   0   0   0    -999.000  -999.000
0160   79.59   836.6     19.47     96.9    1401    29    27.84    -13.30    -24.45     8    -2.0    1401     0   0   0   0      23.273   -84.505
0161   80.09   837.2     19.48     96.9    1394    28    27.82    -13.26    -24.46     8    -2.0    1394     0   0   0   0      23.272   -84.505
0162   80.59   837.8     19.50     97.0    1388    28    27.81    -13.24    -24.46     8    -2.0    1388     0   0   0   0      23.272   -84.505
0163   81.09   838.4     19.51     97.0    1382    28    27.80    -13.22    -24.46     8    -2.0    1382     0   0   0   0      23.272   -84.505
0164   81.59   839.0     19.53     97.0    1375    28    27.78    -13.19    -24.45     8    -2.0    1375     0   0   0   0      23.272   -84.505
0165   82.09   839.7     19.55     97.1    1369    28    27.76    -13.17    -24.44     8    -2.0    1369     0   0   0   0      23.272   -84.506
0166   82.59   840.3     19.57     97.2    1362  -999  -999.00   -999.00   -999.00     0    -2.0    1362     0   0   0   0    -999.000  -999.000
0167   83.09   840.9     19.60     97.3    1356  -999  -999.00   -999.00   -999.00     0    -2.0    1356     0   0   0   0    -999.000  -999.000
0168   83.59   841.5     19.62     97.4    1350    28    27.72    -13.09    -24.44     8    -2.0    1350     0   0   0   0      23.272   -84.506
0169   84.09   842.1     19.65     97.5    1343  -999  -999.00   -999.00   -999.00     0    -2.0    1343     0   0   0   0    -999.000  -999.000
0170   84.59   842.8     19.68     97.6    1337    28    27.73    -13.04    -24.48     8    -2.0    1337     0   0   0   0      23.271   -84.506
0171   85.09   843.4     19.72     97.6    1331  -999  -999.00   -999.00   -999.00     0    -1.9    1331     0   0   0   0    -999.000  -999.000
0172   85.59   844.0     19.75     97.5    1324    28    27.77    -13.01    -24.53     8    -1.9    1324     0   0   0   0      23.271   -84.506
0173   86.09   844.6     19.79     97.4    1318    28    27.78    -13.01    -24.55     8    -1.9    1318     0   0   0   0      23.271   -84.506
0174   86.59   845.2     19.83     97.2    1312    28    27.80    -13.02    -24.56     8    -1.9    1312     0   0   0   0      23.271   -84.506
0175   87.09   845.8     19.87     97.0    1306    28    27.81    -13.02    -24.57     8    -1.9    1306     0   0   0   0      23.271   -84.506
0176   87.59   846.4     19.91     96.9    1299    28    27.82    -13.04    -24.57     8    -1.9    1299     0   0   0   0      23.271   -84.506
0177   88.09   847.0     19.95     96.8    1293  -999  -999.00   -999.00   -999.00     0    -1.9    1293     0   0   0   0    -999.000  -999.000
0178   88.59   847.7     19.99     96.8    1287    28    27.81    -13.07    -24.55     8    -2.0    1287     0   0   0   0      23.271   -84.506
0179   89.09   848.3     20.03     96.8    1280    28    27.80    -13.09    -24.53     8    -2.0    1280     0   0   0   0      23.270   -84.506
0180   89.59   848.9     20.07     96.9    1274    28    27.79    -13.10    -24.50     8    -2.0    1274     0   0   0   0      23.270   -84.506
0181   90.09   849.5     20.11     97.0    1268  -999  -999.00   -999.00   -999.00     0    -2.0    1268     0   0   0   0    -999.000  -999.000
0182   90.59   850.1     20.15     97.2    1261    28    27.74    -13.11    -24.45     8    -1.9    1261     0   0   0   0      23.270   -84.507
0183   91.09   850.8     20.19     97.3    1255    28    27.72    -13.11    -24.42     8    -1.9    1255     0   0   0   0      23.270   -84.507
0184   91.59   851.4     20.22     97.4    1249    28    27.69    -13.11    -24.39     8    -1.9    1249     0   0   0   0      23.270   -84.507
0185   92.09   852.0     20.26     97.4    1243  -999  -999.00   -999.00   -999.00     0    -1.9    1243     0   0   0   0    -999.000  -999.000
0186   92.59   852.6     20.30     97.4    1236    28    27.64    -13.12    -24.33     8    -1.9    1236     0   0   0   0      23.270   -84.507
0187   93.09   853.2     20.33     97.4    1230    28    27.63    -13.13    -24.31     8    -1.9    1230     0   0   0   0      23.270   -84.507
0188   93.59   853.8     20.37     97.3    1224    28    27.62    -13.16    -24.29     8    -1.9    1224     0   0   0   0      23.269   -84.507
0189   94.09   854.4     20.41     97.2    1218    29    27.63    -13.20    -24.28     8    -1.9    1218     0   0   0   0      23.269   -84.507
0190   94.59   855.0     20.45     97.0    1211    29    27.65    -13.24    -24.28     9    -1.9    1211     0   0   0   0      23.269   -84.507
0191   95.09   855.7     20.49     96.8    1205    29    27.68    -13.28    -24.29     9    -1.9    1205     0   0   0   0      23.269   -84.507
0192   95.59   856.3     20.53     96.6    1199  -999  -999.00   -999.00   -999.00     0    -1.9    1199     0   0   0   0    -999.000  -999.000
0193   96.09   856.9     20.57     96.4    1193    29    27.76    -13.37    -24.33     9    -1.9    1193     0   0   0   0      23.269   -84.507
0194   96.59   857.5     20.61     96.2    1186    29    27.80    -13.41    -24.36     9    -1.8    1186     0   0   0   0      23.269   -84.507
0195   97.09   858.1     20.66     96.1    1180    29    27.83    -13.43    -24.38     9    -1.8    1180     0   0   0   0      23.269   -84.507
0196   97.59   858.8     20.70     96.0    1174  -999  -999.00   -999.00   -999.00     0    -1.8    1174     0   0   0   0    -999.000  -999.000
0197   98.09   859.4     20.74     95.9    1168  -999  -999.00   -999.00   -999.00     0    -1.8    1168     0   0   0   0    -999.000  -999.000
0198   98.59   860.0     20.78     95.9    1162    29    27.84    -13.43    -24.38     9    -1.7    1162     0   0   0   0      23.268   -84.508
0199   99.09   860.6     20.82     96.0    1155    29    27.81    -13.40    -24.36     9    -1.7    1155     0   0   0   0      23.268   -84.508
0200   99.59   861.2     20.85     96.1    1149    29    27.76    -13.36    -24.34     9    -1.7    1149     0   0   0   0      23.268   -84.508
0201  100.09   861.8     20.88     96.2    1143    29    27.70    -13.30    -24.30     9    -1.7    1143     0   0   0   0      23.268   -84.508
0202  100.59   862.4     20.90     96.3    1137    29    27.63    -13.23    -24.26     9    -1.8    1137     0   0   0   0      23.268   -84.508
0203  101.09   863.0     20.92     96.4    1131    29    27.56    -13.16    -24.21     9    -1.8    1131     0   0   0   0      23.268   -84.508
0204  101.59   863.6     20.93     96.6    1125  -999  -999.00   -999.00   -999.00     0    -1.8    1125     0   0   0   0    -999.000  -999.000
0205  102.09   864.2     20.95     96.7    1118  -999  -999.00   -999.00   -999.00     0    -1.9    1118     0   0   0   0    -999.000  -999.000
0206  102.59   864.9     20.96     96.7    1112    28    27.31    -12.94    -24.05     9    -1.9    1112     0   0   0   0      23.267   -84.508
0207  103.09   865.5     20.97     96.7    1106  -999  -999.00   -999.00   -999.00     0    -1.9    1106     0   0   0   0    -999.000  -999.000
0208  103.59   866.1     20.99     96.7    1100    28    27.18    -12.82    -23.96     9    -2.0    1100     0   0   0   0      23.267   -84.508
0209  104.09   866.7     21.00     96.7    1093  -999  -999.00   -999.00   -999.00     0    -2.0    1093     0   0   0   0    -999.000  -999.000
0210  104.59   867.4     21.02     96.7    1087    28    27.09    -12.74    -23.91     9    -2.0    1087     0   0   0   0      23.267   -84.508
0211  105.09   868.0     21.04     96.6    1081    28    27.06    -12.71    -23.89     9    -2.0    1081     0   0   0   0      23.267   -84.508
0212  105.59   868.6     21.07     96.6    1074    28    27.06    -12.69    -23.90     9    -2.1    1074     0   0   0   0      23.267   -84.509
0213  106.09   869.2     21.10     96.5    1068    28    27.08    -12.67    -23.94     9    -2.1    1068     0   0   0   0      23.267   -84.509
0214  106.59   869.9     21.13     96.4    1062    28    27.13    -12.67    -24.00     9    -2.1    1062     0   0   0   0      23.267   -84.509
0215  107.09   870.5     21.16     96.3    1056  -999  -999.00   -999.00   -999.00     0    -2.1    1056     0   0   0   0    -999.000  -999.000
0216  107.59   871.1     21.19     96.2    1049    28    27.28    -12.68    -24.16     9    -2.0    1049     0   0   0   0      23.266   -84.509
0217  108.09   871.8     21.23     96.2    1043    28    27.36    -12.69    -24.25     9    -2.0    1043     0   0   0   0      23.266   -84.509
0218  108.59   872.4     21.26     96.2    1037    28    27.43    -12.70    -24.32     9    -2.0    1037     0   0   0   0      23.266   -84.509
0219  109.09   873.0     21.28     96.2    1031    28    27.49    -12.71    -24.37     9    -2.0    1031     0   0   0   0      23.266   -84.509
0220  109.59   873.6     21.31     96.4    1024    28    27.52    -12.73    -24.41     9    -2.0    1024     0   0   0   0      23.266   -84.509
0221  110.09   874.3     21.33     96.5    1018    28    27.55    -12.74    -24.43     9    -2.0    1018     0   0   0   0      23.266   -84.509
0222  110.59   874.9     21.35     96.8    1012    28    27.57    -12.74    -24.45     9    -2.0    1012     0   0   0   0      23.266   -84.509
0223  111.09   875.5     21.36     97.0    1006    28    27.58    -12.75    -24.46     9    -1.9    1006     0   0   0   0      23.266   -84.509
0224  111.59   876.1     21.37     97.3     999    28    27.59    -12.75    -24.47     9    -1.9     999     0   0   0   0      23.266   -84.509
0225  112.09   876.8     21.38     97.5     993    28    27.59    -12.74    -24.47     9    -1.9     993     0   0   0   0      23.265   -84.509
0226  112.59   877.4     21.38     97.8     987    27    27.60    -12.74    -24.48     9    -1.9     987     0   0   0   0      23.265   -84.509
0227  113.09   878.0     21.39     98.0     981    27    27.60    -12.73    -24.49     9    -1.8     981     0   0   0   0      23.265   -84.509
0228  113.59   878.6     21.40     98.2     975    27    27.61    -12.72    -24.50     9    -1.8     975     0   0   0   0      23.265   -84.510
0229  114.09   879.3     21.41     98.4     968    27    27.62    -12.72    -24.51     9    -1.7     968     0   0   0   0      23.265   -84.510
0230  114.59   879.9     21.42     98.5     962  -999  -999.00   -999.00   -999.00     0    -1.7     962     0   0   0   0    -999.000  -999.000
0231  115.09   880.5     21.44     98.6     956    27    27.64    -12.72    -24.54     9    -1.7     956     0   0   0   0      23.265   -84.510
0232  115.59   881.1     21.46     98.6     950  -999  -999.00   -999.00   -999.00     0    -1.7     950     0   0   0   0    -999.000  -999.000
0233  116.09   881.7     21.49     98.6     944  -999  -999.00   -999.00   -999.00     0    -1.7     944     0   0   0   0    -999.000  -999.000
0234  116.59   882.3     21.51     98.6     938  -999  -999.00   -999.00   -999.00     0    -1.7     938     0   0   0   0    -999.000  -999.000
0235  117.09   882.9     21.55     98.6     932    27    27.74    -12.73    -24.64     9    -1.7     932     0   0   0   0      23.264   -84.510
0236  117.59   883.5     21.58     98.5     926  -999  -999.00   -999.00   -999.00     0    -1.7     926     0   0   0   0    -999.000  -999.000
0237  118.09   884.1     21.62     98.4     920    27    27.83    -12.78    -24.72     9    -1.7     920     0   0   0   0      23.264   -84.510
0238  118.59   884.8     21.66     98.2     914    27    27.88    -12.80    -24.77     9    -1.7     914     0   0   0   0      23.264   -84.510
0239  119.09   885.4     21.70     98.1     908    27    27.92    -12.82    -24.80     9    -1.7     908     0   0   0   0      23.264   -84.510
0240  119.59   886.0     21.74     98.0     902    27    27.96    -12.85    -24.83     9    -1.7     902     0   0   0   0      23.264   -84.510
0241  120.09   886.6     21.78     97.9     895    27    27.99    -12.89    -24.85     9    -1.7     895     0   0   0   0      23.264   -84.510
0242  120.59   887.2     21.82     97.8     889    27    28.02    -12.93    -24.85     9    -1.7     889     0   0   0   0      23.264   -84.510
0243  121.09   887.9     21.86     97.7     883  -999  -999.00   -999.00   -999.00     0    -1.7     883     0   0   0   0    -999.000  -999.000
0244  121.59   888.5     21.89     97.6     877  -999  -999.00   -999.00   -999.00     0    -1.7     877     0   0   0   0    -999.000  -999.000
0245  122.09   889.1     21.92     97.5     871    28    28.08    -13.16    -24.81     9    -1.7     871     0   0   0   0      23.263   -84.511
0246  122.59   889.7     21.96     97.3     865    28    28.10    -13.27    -24.77     9    -1.7     865     0   0   0   0      23.263   -84.511
0247  123.09   890.3     21.99     97.1     859    28    28.12    -13.39    -24.72     9    -1.6     859     0   0   0   0      23.263   -84.511
0248  123.59   890.9     22.02     96.9     853    29    28.13    -13.52    -24.67     9    -1.6     853     0   0   0   0      23.263   -84.511
0249  124.09   891.6     22.05     96.7     847  -999  -999.00   -999.00   -999.00     0    -1.6     847     0   0   0   0    -999.000  -999.000
0250  124.59   892.2     22.08     96.5     841    29    28.15    -13.76    -24.56     9    -1.6     841     0   0   0   0      23.263   -84.511
0251  125.09   892.8     22.11     96.4     835    29    28.15    -13.85    -24.51     9    -1.6     835     0   0   0   0      23.263   -84.511
0252  125.59   893.4     22.14     96.2     829    30    28.14    -13.91    -24.46     9    -1.6     829     0   0   0   0      23.262   -84.511
0253  126.09   894.0     22.17     96.1     823  -999  -999.00   -999.00   -999.00     0    -1.6     823     0   0   0   0    -999.000  -999.000
0254  126.59   894.6     22.20     96.0     817  -999  -999.00   -999.00   -999.00     0    -1.6     817     0   0   0   0    -999.000  -999.000
0255  127.09   895.2     22.23     96.0     811    30    28.11    -14.06    -24.34     9    -1.6     811     0   0   0   0      23.262   -84.511
0256  127.59   895.9     22.26     95.9     805    30    28.09    -14.11    -24.29     9    -1.6     805     0   0   0   0      23.262   -84.511
0257  128.09   896.5     22.29     95.8     799    30    28.08    -14.16    -24.25     9    -1.7     799     0   0   0   0      23.262   -84.511
0258  128.59   897.1     22.31     95.8     793    30    28.07    -14.22    -24.20     9    -1.7     793     0   0   0   0      23.262   -84.511
0259  129.09   897.7     22.34     95.8     787    31    28.06    -14.28    -24.16     8    -1.7     787     0   0   0   0      23.262   -84.512
0260  129.59   898.3     22.37     95.9     781    31    28.05    -14.33    -24.11     9    -1.7     781     0   0   0   0      23.262   -84.512
0261  130.09   899.0     22.40     95.9     775    31    28.02    -14.37    -24.06     9    -1.7     775     0   0   0   0      23.261   -84.512
0262  130.59   899.6     22.43     96.0     769    31    28.00    -14.41    -24.00     9    -1.7     769     0   0   0   0      23.261   -84.512
0263  131.09   900.2     22.46     96.0     763    31    27.97    -14.45    -23.95     7    -1.8     763     0   0   0   0      23.261   -84.512
0264  131.59  -999.0   -999.00   -999.0    -999  -999  -999.00   -999.00   -999.00     0  -999.0    -999     0   0   0   0    -999.000  -999.000
0265  132.09   901.4     22.53     96.1     751  -999  -999.00   -999.00   -999.00     0    -1.8     751     0   0   0   0    -999.000  -999.000
0266  132.59  -999.0   -999.00   -999.0    -999  -999  -999.00   -999.00   -999.00     0  -999.0    -999     0   0   0   0    -999.000  -999.000
0267  133.09   902.7     22.61     96.0     738  -999  -999.00   -999.00   -999.00     0    -1.8     738     0   0   0   0    -999.000  -999.000
0268  133.59   903.3     22.65     96.0     732    32    27.89    -14.68    -23.71     9    -1.8     732     0   0   0   0      23.261   -84.512
0269  134.09   904.0     22.69     95.9     726    32    27.88    -14.73    -23.68     9    -1.8     726     0   0   0   0      23.261   -84.512
0270  134.59   904.6     22.74     95.8     720    32    27.89    -14.78    -23.66     9    -1.8     720     0   0   0   0      23.260   -84.512
0271  135.09   905.2     22.78     95.6     714    32    27.91    -14.83    -23.65     8    -1.8     714     0   0   0   0      23.260   -84.512
0272  135.59   905.8     22.82     95.5     708    32    27.94    -14.88    -23.65     8    -1.8     708     0   0   0   0      23.260   -84.512
0273  136.09   906.5     22.86     95.4     702    32    27.98    -14.93    -23.66     9    -1.8     702     0   0   0   0      23.260   -84.513
0274  136.59   907.1     22.91     95.3     696    32    28.03    -14.99    -23.68     9    -1.8     696     0   0   0   0      23.260   -84.513
0275  137.09   907.7     22.95     95.2     690    32    28.08    -15.06    -23.70     9    -1.8     690     0   0   0   0      23.260   -84.513
0276  137.59   908.4     22.99     95.1     684    33    28.14    -15.13    -23.73     9    -1.8     684     0   0   0   0      23.260   -84.513
0277  138.09   909.0     23.03     95.0     678    33    28.19    -15.20    -23.75     9    -1.7     678     0   0   0   0      23.260   -84.513
0278  138.59   909.6     23.07     94.9     672    33    28.25    -15.28    -23.76     9    -1.7     672     0   0   0   0      23.260   -84.513
0279  139.09   910.2     23.10     94.9     666    33    28.30    -15.35    -23.77     9    -1.7     666     0   0   0   0      23.259   -84.513
0280  139.59   910.9     23.14     94.8     660  -999  -999.00   -999.00   -999.00     0    -1.7     660     0   0   0   0    -999.000  -999.000
0281  140.09   911.5     23.17     94.7     654    33    28.36    -15.47    -23.77     9    -1.7     654     0   0   0   0      23.259   -84.513
0282  140.59   912.1     23.20     94.7     648    33    28.37    -15.51    -23.76     9    -1.7     648     0   0   0   0      23.259   -84.513
0283  141.09   912.7     23.22     94.7     642  -999  -999.00   -999.00   -999.00     0    -1.7     642     0   0   0   0    -999.000  -999.000
0284  141.59   913.4     23.24     94.7     635    33    28.33    -15.51    -23.71     9    -1.7     635     0   0   0   0      23.259   -84.513
0285  142.09   914.0     23.26     94.7     629    33    28.28    -15.48    -23.67     9    -1.7     629     0   0   0   0      23.259   -84.513
0286  142.59   914.6     23.28     94.8     623    33    28.21    -15.43    -23.62     9    -1.7     623     0   0   0   0      23.259   -84.513
0287  143.09   915.2     23.29     94.8     618    33    28.15    -15.37    -23.58     9    -1.7     618     0   0   0   0      23.259   -84.514
0288  143.59   915.9     23.30     94.9     612  -999  -999.00   -999.00   -999.00     0    -1.7     612     0   0   0   0    -999.000  -999.000
0289  144.09   916.5     23.32     94.9     606    33    28.06    -15.24    -23.55     9    -1.7     606     0   0   0   0      23.258   -84.514
0290  144.59   917.1     23.33     95.0     600    33    28.06    -15.19    -23.59     8    -1.6     600     0   0   0   0      23.258   -84.514
0291  145.09   917.7     23.35     95.1     594    33    28.10    -15.15    -23.66     9    -1.6     594     0   0   0   0      23.258   -84.514
0292  145.59   918.4     23.36     95.2     588    32    28.14    -15.10    -23.75     9    -1.6     588     0   0   0   0      23.258   -84.514
0293  146.09   919.0     23.38     95.4     582    32    28.18    -15.04    -23.84     9    -1.6     582     0   0   0   0      23.258   -84.514
0294  146.59   919.6     23.41     95.5     576    32    28.21    -14.98    -23.91     9    -1.6     576     0   0   0   0      23.258   -84.514
0295  147.09   920.2     23.43     95.6     570    32    28.22    -14.91    -23.97     8    -1.6     570     0   0   0   0      23.258   -84.514
0296  147.59   920.8     23.45     95.7     564    32    28.22    -14.84    -24.01     8    -1.5     564     0   0   0   0      23.258   -84.514
0297  148.09   921.5     23.48     95.8     558    32    28.22    -14.77    -24.04     9    -1.5     558     0   0   0   0      23.258   -84.514
0298  148.59   922.1     23.51     95.8     552  -999  -999.00   -999.00   -999.00     0    -1.5     552     0   0   0   0    -999.000  -999.000
0299  149.09   922.7     23.53     95.8     546    31    28.20    -14.69    -24.08     9    -1.5     546     0   0   0   0      23.257   -84.514
0300  149.59   923.3     23.56     95.8     540    31    28.20    -14.67    -24.09     9    -1.5     540     0   0   0   0      23.257   -84.515
0301  150.09   923.9     23.59     95.7     534    31    28.21    -14.67    -24.10     9    -1.5     534     0   0   0   0      23.257   -84.515
0302  150.59   924.6     23.62     95.5     528    31    28.23    -14.68    -24.11     9    -1.5     528     0   0   0   0      23.257   -84.515
0303  151.09   925.2     23.65     95.4     523    31    28.25    -14.71    -24.12     9    -1.5     523     0   0   0   0      23.257   -84.515
0304  151.59   925.8     23.67     95.2     517    31    28.28    -14.74    -24.13     9    -1.6     517     0   0   0   0      23.257   -84.515
0305  152.09   926.4     23.69     95.1     511    31    28.30    -14.77    -24.14     9    -1.6     511     0   0   0   0      23.257   -84.515
0306  152.59   927.0     23.71     95.0     505  -999  -999.00   -999.00   -999.00     0    -1.7     505     0   0   0   0    -999.000  -999.000
0307  153.09   927.7     23.73     94.9     499    32    28.35    -14.83    -24.16     9    -1.7     499     0   0   0   0      23.256   -84.515
0308  153.59   928.3     23.74     95.0     493    32    28.37    -14.86    -24.17    10    -1.8     493     0   0   0   0      23.256   -84.515
0309  154.09   928.9     23.75     95.1     487    32    28.39    -14.89    -24.17     6    -1.9     487     0   0   0   0      23.256   -84.515
0310  154.59   929.6     23.75     95.3     481    32    28.40    -14.92    -24.17    10    -1.9     481     0   0   0   0      23.256   -84.515
0311  155.09   930.2     23.76     95.6     475  -999  -999.00   -999.00   -999.00     0    -2.0     475     0   0   0   0    -999.000  -999.000
0312  155.59   930.9     23.76     95.9     469  -999  -999.00   -999.00   -999.00     0    -2.1     469     0   0   0   0    -999.000  -999.000
0313  156.09   931.5     23.77     96.2     462    32    28.44    -15.02    -24.15    10    -2.2     462     0   0   0   0      23.256   -84.515
0314  156.59   932.2     23.77     96.6     456    32    28.46    -15.06    -24.15    10    -2.3     456     0   0   0   0      23.256   -84.516
0315  157.09   932.9     23.78     96.9     450  -999  -999.00   -999.00   -999.00     0    -2.3     450     0   0   0   0    -999.000  -999.000
0316  157.59   933.5     23.79     97.3     444  -999  -999.00   -999.00   -999.00     0    -2.4     444     0   0   0   0    -999.000  -999.000
0317  158.09   934.2     23.80     97.6     437  -999  -999.00   -999.00   -999.00     0    -2.4     437     0   0   0   0    -999.000  -999.000
0318  158.59   934.9     23.81     98.0     431    32    28.62    -15.19    -24.26     9    -2.5     431     0   0   0   0      23.255   -84.516
0319  159.09   935.5     23.82     98.3     425    32    28.67    -15.21    -24.30    10    -2.5     425     0   0   0   0      23.255   -84.516
0320  159.59   936.2     23.83     98.6     418    32    28.72    -15.22    -24.35     8    -2.5     418     0   0   0   0      23.255   -84.516
0321  160.09   936.9     23.85     98.8     412    32    28.75    -15.22    -24.39    10    -2.6     412     0   0   0   0      23.255   -84.516
0322  160.59   937.6     23.87     99.0     406    32    28.77    -15.20    -24.43    11    -2.6     406     0   0   0   0      23.255   -84.516
0323  161.09   938.3     23.89     99.2     399    32    28.78    -15.17    -24.46     8    -2.6     399     0   0   0   0      23.255   -84.516
0324  161.59   938.9     23.91     99.3     393    32    28.76    -15.11    -24.47    10    -2.6     393     0   0   0   0      23.255   -84.516
0325  162.09   939.6     23.93     99.4     386    32    28.71    -15.03    -24.46    11    -2.5     386     0   0   0   0      23.254   -84.516
0326  162.59   940.3     23.96     99.5     380    31    28.64    -14.94    -24.44    11    -2.5     380     0   0   0   0      23.254   -84.516
0327  163.09   941.0     23.99     99.6     374    31    28.56    -14.84    -24.41    11    -2.5     374     0   0   0   0      23.254   -84.516
0328  163.59   941.7     24.02     99.6     367    31    28.48    -14.73    -24.38    11    -2.5     367     0   0   0   0      23.254   -84.517
0329  164.09   942.3     24.05     99.7     361    31    28.40    -14.62    -24.35    10    -2.4     361     0   0   0   0      23.254   -84.517
0330  164.59   943.0     24.08     99.7     355    31    28.33    -14.51    -24.33    10    -2.4     355     0   0   0   0      23.254   -84.517
0331  165.09   943.7     24.11     99.8     348    31    28.28    -14.41    -24.33     9    -2.4     348     0   0   0   0      23.254   -84.517
0332  165.59   944.3     24.15     99.8     342    30    28.27    -14.33    -24.37    11    -2.3     342     0   0   0   0      23.254   -84.517
0333  166.09   945.0     24.18     99.8     336    30    28.31    -14.28    -24.44     6    -2.3     336     0   0   0   0      23.254   -84.517
0334  166.59   945.7     24.22     99.8     330    30    28.39    -14.26    -24.55     9    -2.3     330     0   0   0   0      23.254   -84.517
0335  167.09   946.3     24.26     99.8     323    30    28.51    -14.27    -24.69     9    -2.3     323     0   0   0   0      23.253   -84.517
0336  167.59   947.0     24.30     99.7     317    30    28.66    -14.30    -24.84    11    -2.3     317     0   0   0   0      23.253   -84.517
0337  168.09   947.7     24.34     99.6     311    30    28.80    -14.34    -24.97    11    -2.4     311     0   0   0   0      23.253   -84.517
0338  168.59   948.4     24.38     99.6     305    30    28.92    -14.39    -25.08    11    -2.4     305     0   0   0   0      23.253   -84.517
0339  169.09   949.0     24.43     99.5     299    30    29.01    -14.45    -25.16    11    -2.4     299     0   0   0   0      23.253   -84.517
0340  169.59   949.7     24.47     99.4     292    30    29.08    -14.51    -25.21    10    -2.5     292     0   0   0   0      23.253   -84.517
0341  170.09   950.4     24.52     99.3     286    30    29.14    -14.57    -25.23    11    -2.5     286     0   0   0   0      23.253   -84.517
0342  170.59   951.1     24.56     99.2     280    30    29.17    -14.63    -25.24    12    -2.6     280     0   0   0   0      23.253   -84.518
0343  171.09   951.7     24.61     99.0     273    30    29.20    -14.68    -25.24    12    -2.6     273     0   0   0   0      23.252   -84.518
0344  171.59   952.4     24.65     98.9     267    30    29.22    -14.71    -25.24    11    -2.6     267     0   0   0   0      23.252   -84.518
0345  172.09   953.1     24.69     98.8     261    30    29.22    -14.73    -25.24    12    -2.6     261     0   0   0   0      23.252   -84.518
0346  172.59   953.8     24.74     98.7     254    30    29.21    -14.71    -25.24    12    -2.5     254     0   0   0   0      23.252   -84.518
0347  173.09   954.5     24.78     98.6     248  -999  -999.00   -999.00   -999.00     0    -2.4     248     0   0   0   0    -999.000  -999.000
0348  173.59   955.2     24.82     98.5     242    30    29.15    -14.53    -25.28    12    -2.3     242     0   0   0   0      23.252   -84.518
0349  174.09   955.9     24.85     98.5     235    30    29.10    -14.35    -25.32    11    -2.1     235     0   0   0   0      23.252   -84.518
0350  174.59   956.5     24.89     98.4     229    29    29.04    -14.10    -25.39    12    -1.9     229     0   0   0   0      23.252   -84.518
0351  175.09   957.2     24.92     98.4     223    28    28.97    -13.79    -25.48    10    -1.7     223     0   0   0   0      23.252   -84.518
0352  175.59   957.8     24.95     98.5     217    28    28.90    -13.42    -25.60    12    -1.4     217     0   0   0   0      23.251   -84.518
0353  176.09   958.4     24.98     98.6     211    27    28.84    -12.99    -25.74     9    -1.1     211     0   0   0   0      23.251   -84.518
0354  176.59   959.0     25.00     98.7     206    26    28.78    -12.55    -25.90     7    -0.9     206     0   0   0   0      23.251   -84.518
0355  177.09   959.6     25.02     98.8     201    25    28.75    -12.10    -26.08    11    -0.6     201     0   0   0   0      23.251   -84.518
0356  177.59   960.2     25.04     99.0     195    24    28.73    -11.67    -26.25    10    -0.4     195     0   0   0   0      23.251   -84.519
0357  178.09   960.7     25.05     99.1     190    23    28.72    -11.28    -26.41    10    -0.3     190     0   0   0   0      23.251   -84.519
0358  178.59   961.3     25.07     99.1     185    22    28.69    -10.92    -26.53     9    -0.2     185     0   0   0   0      23.251   -84.519
0359  179.09   961.8     25.09     99.2     180  -999  -999.00   -999.00   -999.00     0    -0.1     180     0   0   0   0    -999.000  -999.000
0360  179.59   962.4     25.11     99.1     175    21    28.55    -10.29    -26.63    12    -0.1     175     0   0   0   0      23.251   -84.519
0361  180.09   962.9     25.14     99.1     170    21    28.41    -10.01    -26.59     9    -0.2     170     0   0   0   0      23.250   -84.519
0362  180.59   963.5     25.18     99.0     165    20    28.23     -9.75    -26.49     9    -0.3     165     0   0   0   0      23.250   -84.519
0363  181.09   964.1     25.21     98.9     160  -999  -999.00   -999.00   -999.00     0    -0.4     160     0   0   0   0    -999.000  -999.000
0364  181.59   964.6     25.25     98.7     154    20    27.77     -9.30    -26.16    12    -0.5     154     0   0   0   0      23.250   -84.519
0365  182.09   965.2     25.30     98.6     149    19    27.51     -9.11    -25.96     9    -0.6     149     0   0   0   0      23.250   -84.519
0366  182.59   965.8     25.34     98.5     144    19    27.26     -8.94    -25.75     7    -0.8     144     0   0   0   0      23.250   -84.519
0367  183.09   966.4     25.39     98.4     138    19    27.01     -8.77    -25.55    10    -0.9     138     0   0   0   0      23.250   -84.519
0368  183.59   967.0     25.44     98.4     133    19    26.79     -8.60    -25.37    10    -1.0     133     0   0   0   0      23.250   -84.519
0369  184.09   967.6     25.49     98.4     127    18    26.59     -8.42    -25.22    11    -1.1     127     0   0   0   0      23.249   -84.519
0370  184.59   968.2     25.54     98.4     122    18    26.41     -8.21    -25.10     9    -1.2     122     0   0   0   0      23.249   -84.519
0371  185.09   968.8     25.59     98.4     116    18    26.24     -7.98    -25.00     9    -1.3     116     0   0   0   0      23.249   -84.519
0372  185.59   969.5     25.64     98.4     110    17    26.06     -7.69    -24.90     7    -1.4     110     0   0   0   0      23.249   -84.519
0373  186.09   970.1     25.70   -999.0     105    17    25.84     -7.37    -24.77    10    -1.4     105     0   0   0   0      23.249   -84.519
0374  186.59   970.7     25.75     98.4      99    16    25.58     -6.99    -24.61     9    -1.5      99     0   0   0   0      23.249   -84.519
0375  187.09   971.3     25.81     98.3      93    15    25.27     -6.57    -24.40     7    -1.6      93     0   0   0   0      23.249   -84.519
0376  187.59   972.0     25.86     98.2      87    14    24.92     -6.14    -24.15     8    -1.6      87     0   0   0   0      23.249   -84.519
0377  188.09   972.6     25.92     98.1      81    13    24.53     -5.70    -23.86     7    -1.6      81     0   0   0   0      23.249   -84.520
0378  188.59   973.3     25.97     98.0      75    13    24.12     -5.29    -23.54     8    -1.7      75     0   0   0   0      23.248   -84.520
0379  189.09   973.9     26.03     97.9      70    12    23.72     -4.91    -23.20     9    -1.7      70     0   0   0   0      23.248   -84.520
0380  189.59   974.6     26.08     97.8      64    11    23.33     -4.56    -22.88     6    -1.6      64     0   0   0   0      23.248   -84.520
0381  190.09   975.2     26.14     97.8      58    11    22.98     -4.24    -22.58     6    -1.6      58     0   0   0   0      23.248   -84.520
0382  190.59   975.8     26.19     97.7      52    10    22.62     -3.94    -22.27     8    -1.6      52     0   0   0   0      23.248   -84.520
0383  191.09   976.5     26.25     97.7      46     9    22.36     -3.64    -22.06     6    -1.5      46     0   0   0   0      23.248   -84.520
0384  191.59   977.1     26.31     97.6      40     9    22.28     -3.37    -22.02     8    -1.5      40     0   0   0   0      23.248   -84.520
0385  192.09   977.7     26.36     97.5      35     8    22.30     -3.14    -22.08     7    -1.4      35     0   0   0   0      23.248   -84.520
0386  192.59   978.4     26.42     97.4      29     8    22.27     -2.91    -22.08     6    -1.4      29     0   0   0   0      23.248   -84.520
0387  193.09   979.0     26.47     97.3      24     7    22.02     -2.71    -21.86     6    -1.4      24     0   0   0   0      23.247   -84.520
0388  193.59   979.6     26.53     97.2      18     7    21.53     -2.52    -21.39     7    -1.4      18     0   0   0   0      23.247   -84.520
0389  194.09   980.2     26.59     97.1      12     6    20.97     -2.34    -20.84    11    -1.4      12     0   0   0   0      23.247   -84.520
0390  194.59   980.9     26.65   -999.0       6  -999  -999.00   -999.00   -999.00     0    -1.3       6     0   0   0   0    -999.000  -999.000
0391  195.13   981.6     26.65     97.0       0  -999  -999.00   -999.00   -999.00  -999  -999.0       0     0   0   0   0    -999.000  -999.000
