 ===========================================================================
 DROPWINDSONDE PROCESSING RECORD                            Sonde: 070419077
 FRD file written by Aspen V3.4.8, 07 Jul 2023 19:46 UTC
 Aircraft: WP-3D Orion, N43RF                Date: 070902   Time: 120955 UTC
 ---------------------------------------------------------------------------
 Bias corrections:  PR =   0.0 mb  TE =   0.0 C  RH =   0.0 %  PRB =  0.0 mb
 Filters (LPF):     PTH = 
 Dyn RH correction = 
 Estimated PR used = 
 Dyn T correction  = 
 ---------------------------------------------------------------------------
 COMMENT: Last Drop, Good Drop
 ===========================================================================

 ===========================================================================
 Date: 070902   Lat:  12.98 N   TA:    8.7 C   PS:  696.5 mb   WD:   142 deg
 Time: 120955   Lon:  66.62 W   TD:    5.0 C   GA:   3208 m    WS:  11.0 m/s
 SID:  070419077                RH:   77.6 %   Navaid:   GP
 ===========================================================================

IX      t (s)  P (mb)    T (C)    RH (%)  Z (m)   WD    WS (m/s)   U (m/s)   V (m/s)  NS  WZ (m/s)  ZW (m)   FP  FT  FH  FW    LAT (N)   LON (E)
0001    0.12  -999.0   -999.00   -999.0    -999  -999  -999.00   -999.00   -999.00     6  -999.0    -999     0   0   0   0      12.982   -66.622
0002    0.62  -999.0   -999.00   -999.0    -999  -999  -999.00   -999.00   -999.00     8  -999.0    -999     0   0   0   0      12.982   -66.622
0003    1.12  -999.0   -999.00   -999.0    -999  -999  -999.00   -999.00   -999.00     8  -999.0    -999     0   0   0   0      12.982   -66.622
0004    1.62  -999.0   -999.00   -999.0    -999  -999  -999.00   -999.00   -999.00     8  -999.0    -999     0   0   0   0      12.982   -66.623
0005    2.12  -999.0   -999.00   -999.0    -999  -999  -999.00   -999.00   -999.00     8  -999.0    -999     0   0   0   0      12.982   -66.623
0006    2.62  -999.0   -999.00   -999.0    -999  -999  -999.00   -999.00   -999.00     8  -999.0    -999     0   0   0   0      12.982   -66.623
0007    3.12  -999.0   -999.00   -999.0    -999  -999  -999.00   -999.00   -999.00     7  -999.0    -999     0   0   0   0      12.982   -66.623
0008    3.62  -999.0   -999.00   -999.0    -999  -999  -999.00   -999.00   -999.00     8  -999.0    -999     0   0   0   0      12.982   -66.623
0009    4.12  -999.0   -999.00   -999.0    -999  -999  -999.00   -999.00   -999.00     9  -999.0    -999     0   0   0   0      12.982   -66.623
0010    4.62  -999.0   -999.00   -999.0    -999  -999  -999.00   -999.00   -999.00     9  -999.0    -999     0   0   0   0      12.982   -66.623
0011    5.12  -999.0   -999.00   -999.0    -999  -999  -999.00   -999.00   -999.00     9  -999.0    -999     0   0   0   0      12.982   -66.623
0012    5.62  -999.0   -999.00   -999.0    -999  -999  -999.00   -999.00   -999.00    11  -999.0    -999     0   0   0   0      12.982   -66.623
0013    6.12  -999.0   -999.00   -999.0    -999  -999  -999.00   -999.00   -999.00    11  -999.0    -999     0   0   0   0      12.983   -66.623
0014    6.62  -999.0   -999.00   -999.0    -999  -999  -999.00   -999.00   -999.00    11  -999.0    -999     0   0   0   0      12.983   -66.623
0015    7.12  -999.0   -999.00   -999.0    -999  -999  -999.00   -999.00   -999.00    11  -999.0    -999     0   0   0   0      12.983   -66.623
0016    7.62  -999.0   -999.00   -999.0    -999  -999  -999.00   -999.00   -999.00    11  -999.0    -999     0   0   0   0      12.983   -66.623
0017    8.12  -999.0   -999.00   -999.0    -999  -999  -999.00   -999.00   -999.00    11  -999.0    -999     0   0   0   0      12.983   -66.623
0018    8.62  -999.0   -999.00   -999.0    -999  -999  -999.00   -999.00   -999.00    11  -999.0    -999     0   0   0   0      12.983   -66.623
0019    9.12  -999.0   -999.00   -999.0    -999  -999  -999.00   -999.00   -999.00    11  -999.0    -999     0   0   0   0      12.983   -66.623
0020    9.62  -999.0   -999.00   -999.0    -999  -999  -999.00   -999.00   -999.00    11  -999.0    -999     0   0   0   0      12.983   -66.623
0021   10.12  -999.0   -999.00   -999.0    -999   133    11.93     -8.71      8.14    11  -999.0    -999     0   0   0   0      12.983   -66.623
0022   10.62  -999.0   -999.00   -999.0    -999   133    11.97     -8.77      8.14    11  -999.0    -999     0   0   0   0      12.983   -66.623
0023   11.12  -999.0   -999.00   -999.0    -999   133    12.01     -8.83      8.14    11  -999.0    -999     0   0   0   0      12.983   -66.623
0024   11.62  -999.0   -999.00   -999.0    -999   133    12.04     -8.87      8.14    11  -999.0    -999     0   0   0   0      12.983   -66.623
0025   12.12  -999.0   -999.00   -999.0    -999   132    12.07     -8.91      8.15    11  -999.0    -999     0   0   0   0      12.983   -66.623
0026   12.62  -999.0   -999.00   -999.0    -999   132    12.10     -8.92      8.17    11  -999.0    -999     0   0   0   0      12.983   -66.623
0027   13.12  -999.0   -999.00   -999.0    -999   133    12.11     -8.93      8.19    11  -999.0    -999     0   0   0   0      12.983   -66.623
0028   13.62  -999.0   -999.00   -999.0    -999   133    12.12     -8.92      8.21    11  -999.0    -999     0   0   0   0      12.983   -66.623
0029   14.12  -999.0   -999.00   -999.0    -999   133    12.13     -8.90      8.24    11  -999.0    -999     0   0   0   0      12.983   -66.623
0030   14.62   718.1     10.13   -999.0    2957   133    12.14     -8.88      8.28    11    -3.2    2957     0   0   0   0      12.983   -66.624
0031   15.12   718.7     10.17   -999.0    2950   133    12.15     -8.86      8.32    11    -3.0    2950     0   0   0   0      12.983   -66.624
0032   15.62   719.4     10.21   -999.0    2943   133    12.18     -8.85      8.36    11    -2.9    2943     0   0   0   0      12.983   -66.624
0033   16.12   720.0     10.25   -999.0    2936   134    12.22     -8.86      8.41    11    -2.7    2936     0   0   0   0      12.983   -66.624
0034   16.62   720.6     10.29   -999.0    2929   134    12.27     -8.89      8.46    11    -2.6    2929     0   0   0   0      12.983   -66.624
0035   17.12   721.2     10.33   -999.0    2922   134    12.34     -8.94      8.51    11    -2.5    2922     0   0   0   0      12.983   -66.624
0036   17.62   721.8     10.37   -999.0    2915   134    12.43     -9.02      8.56    11    -2.5    2915     0   0   0   0      12.983   -66.624
0037   18.12   722.4     10.40   -999.0    2908   133    12.54     -9.12      8.61    11    -2.4    2908     0   0   0   0      12.983   -66.624
0038   18.62   722.9     10.43   -999.0    2901   133    12.66     -9.24      8.66    11    -2.4    2901     0   0   0   0      12.983   -66.624
0039   19.12   723.5     10.46   -999.0    2894   133    12.81     -9.38      8.71    11    -2.4    2894     0   0   0   0      12.984   -66.624
0040   19.62   724.1     10.49   -999.0    2887   133    12.97     -9.55      8.77    11    -2.3    2887     0   0   0   0      12.984   -66.624
0041   20.12   724.7     10.51   -999.0    2881   132    13.14     -9.74      8.82    11    -2.3    2881     0   0   0   0      12.984   -66.624
0042   20.62   725.3     10.53   -999.0    2874   132    13.32     -9.93      8.88    11    -2.3    2874     0   0   0   0      12.984   -66.624
0043   21.12   725.9     10.54   -999.0    2867   131    13.50    -10.12      8.93    11    -2.3    2867     0   0   0   0      12.984   -66.624
0044   21.62   726.5     10.56   -999.0    2860   131    13.66    -10.30      8.97    11    -2.3    2860     0   0   0   0      12.984   -66.624
0045   22.12   727.1     10.57   -999.0    2853   131    13.82    -10.47      9.01    11    -2.2    2853     0   0   0   0      12.984   -66.624
0046   22.62   727.7     10.57   -999.0    2846   130    13.94    -10.61      9.05    11    -2.2    2846     0   0   0   0      12.984   -66.624
0047   23.12   728.3     10.58   -999.0    2840   130    14.05    -10.73      9.07    11    -2.1    2840     0   0   0   0      12.984   -66.624
0048   23.62   728.9     10.59   -999.0    2833   130    14.14    -10.82      9.10    12    -2.1    2833     0   0   0   0      12.984   -66.624
0049   24.12   729.4     10.59   -999.0    2826   130    14.21    -10.89      9.13    12    -2.0    2826     0   0   0   0      12.984   -66.624
0050   24.62   730.0     10.60   -999.0    2820   130    14.26    -10.93      9.16    12    -2.0    2820     0   0   0   0      12.984   -66.624
0051   25.12   730.6     10.61   -999.0    2813   130    14.31    -10.97      9.19    12    -1.9    2813     0   0   0   0      12.984   -66.624
0052   25.62   731.2     10.62   -999.0    2806   130    14.35    -10.99      9.23    12    -1.9    2806     0   0   0   0      12.984   -66.625
0053   26.12   731.8     10.62   -999.0    2800   130    14.38    -11.00      9.27    12    -1.9    2800     0   0   0   0      12.984   -66.625
0054   26.62   732.3     10.63     79.9    2793   130    14.41    -11.00      9.30    12    -1.9    2793     0   0   0   0      12.984   -66.625
0055   27.12   732.9     10.64     80.4    2787   130    14.43    -11.00      9.33    12    -1.9    2787     0   0   0   0      12.984   -66.625
0056   27.62   733.5     10.64     80.9    2780   130    14.44    -10.99      9.36    12    -1.9    2780     0   0   0   0      12.984   -66.625
0057   28.12   734.1     10.65     81.5    2774   131    14.44    -10.97      9.38    12    -1.9    2774     0   0   0   0      12.984   -66.625
0058   28.62   734.6     10.65     82.2    2767   131    14.44    -10.95      9.41    12    -1.9    2767     0   0   0   0      12.984   -66.625
0059   29.12   735.2     10.65     83.0    2760   131    14.43    -10.92      9.44    12    -2.0    2760     0   0   0   0      12.984   -66.625
0060   29.62   735.8     10.66     83.7    2754   131    14.43    -10.88      9.48    12    -2.0    2754     0   0   0   0      12.984   -66.625
0061   30.12   736.4     10.66     84.5    2747   131    14.42    -10.83      9.52    12    -2.0    2747     0   0   0   0      12.984   -66.625
0062   30.62   737.0     10.66     85.3    2740  -999  -999.00   -999.00   -999.00     0    -2.0    2740     0   0   0   0    -999.000  -999.000
0063   31.12   737.6     10.67     86.1    2734  -999  -999.00   -999.00   -999.00     0    -1.9    2734     0   0   0   0    -999.000  -999.000
0064   31.62   738.1     10.68     86.8    2727   133    14.40    -10.62      9.73    12    -1.9    2727     0   0   0   0      12.985   -66.625
0065   32.12   738.7     10.69     87.4    2721   133    14.40    -10.53      9.82    12    -1.9    2721     0   0   0   0      12.985   -66.625
0066   32.62   739.3     10.70     88.0    2714   134    14.40    -10.44      9.92    12    -1.9    2714     0   0   0   0      12.985   -66.625
0067   33.12   739.9     10.72     88.5    2708   134    14.40    -10.33     10.03    12    -1.9    2708     0   0   0   0      12.985   -66.625
0068   33.62   740.5     10.74     88.9    2701   135    14.40    -10.22     10.14    12    -1.9    2701     0   0   0   0      12.985   -66.625
0069   34.12   741.0     10.76     89.2    2695  -999  -999.00   -999.00   -999.00     0    -1.9    2695     0   0   0   0    -999.000  -999.000
0070   34.62   741.6     10.79     89.5    2688   136    14.38     -9.99     10.35    12    -2.0    2688     0   0   0   0      12.985   -66.625
0071   35.12   742.2     10.82     89.7    2681   137    14.37     -9.87     10.44    12    -2.0    2681     0   0   0   0      12.985   -66.625
0072   35.62   742.8     10.85     89.8    2675   137    14.34     -9.75     10.51    12    -2.0    2675     0   0   0   0      12.985   -66.625
0073   36.12   743.4     10.88     89.9    2668   138    14.30     -9.63     10.57    12    -2.0    2668     0   0   0   0      12.985   -66.626
0074   36.62   744.0     10.92     89.9    2662  -999  -999.00   -999.00   -999.00     0    -1.9    2662     0   0   0   0    -999.000  -999.000
0075   37.12   744.6     10.96     89.9    2655   139    14.19     -9.39     10.64    12    -1.9    2655     0   0   0   0      12.985   -66.626
0076   37.62   745.1     10.99     89.8    2648  -999  -999.00   -999.00   -999.00     0    -1.9    2648     0   0   0   0    -999.000  -999.000
0077   38.12   745.7     11.03     89.8    2642  -999  -999.00   -999.00   -999.00     0    -1.9    2642     0   0   0   0    -999.000  -999.000
0078   38.62   746.3     11.07     89.7    2635   140    13.98     -9.04     10.66    12    -1.8    2635     0   0   0   0      12.985   -66.626
0079   39.12   746.9     11.10     89.7    2629  -999  -999.00   -999.00   -999.00     0    -1.8    2629     0   0   0   0    -999.000  -999.000
0080   39.62   747.5     11.14     89.7    2622  -999  -999.00   -999.00   -999.00     0    -1.8    2622     0   0   0   0    -999.000  -999.000
0081   40.12   748.0     11.17     89.7    2616  -999  -999.00   -999.00   -999.00     0    -1.9    2616     0   0   0   0    -999.000  -999.000
0082   40.62   748.6     11.20     89.8    2609   140    13.68     -8.71     10.55    12    -1.9    2609     0   0   0   0      12.985   -66.626
0083   41.12   749.2     11.23     89.9    2603  -999  -999.00   -999.00   -999.00     0    -1.9    2603     0   0   0   0    -999.000  -999.000
0084   41.62   749.8     11.25     90.0    2596  -999  -999.00   -999.00   -999.00     0    -1.9    2596     0   0   0   0    -999.000  -999.000
0085   42.12   750.4     11.27     90.3    2590   140    13.51     -8.65     10.37    12    -2.0    2590     0   0   0   0      12.986   -66.626
0086   42.62   751.0     11.28     90.6    2583   140    13.48     -8.66     10.32    12    -2.0    2583     0   0   0   0      12.986   -66.626
0087   43.12   751.6     11.29     91.0    2577   140    13.46     -8.69     10.28    12    -2.0    2577     0   0   0   0      12.986   -66.626
0088   43.62   752.1     11.28     91.4    2570   140    13.47     -8.73     10.26    12    -2.0    2570     0   0   0   0      12.986   -66.626
0089   44.12   752.7     11.28     91.9    2564  -999  -999.00   -999.00   -999.00     0    -2.0    2564     0   0   0   0    -999.000  -999.000
0090   44.62   753.3     11.27     92.4    2557   139    13.54     -8.82     10.28    12    -2.0    2557     0   0   0   0      12.986   -66.626
0091   45.12   753.9     11.25     92.9    2550   139    13.59     -8.86     10.31    12    -2.0    2550     0   0   0   0      12.986   -66.626
0092   45.62   754.5     11.24     93.3    2544   139    13.64     -8.90     10.34    12    -2.0    2544     0   0   0   0      12.986   -66.626
0093   46.12   755.1     11.23     93.7    2537   139    13.69     -8.93     10.37    12    -2.0    2537     0   0   0   0      12.986   -66.626
0094   46.62   755.7     11.22     93.9    2531  -999  -999.00   -999.00   -999.00     0    -1.9    2531     0   0   0   0    -999.000  -999.000
0095   47.12   756.3     11.21     94.1    2524   139    13.73     -8.95     10.41    12    -1.9    2524     0   0   0   0      12.986   -66.626
0096   47.62   756.9     11.21     94.3    2518   139    13.73     -8.94     10.42    11    -1.9    2518     0   0   0   0      12.986   -66.626
0097   48.12   757.5     11.21     94.3    2511   139    13.71     -8.91     10.42    12    -1.8    2511     0   0   0   0      12.986   -66.627
0098   48.62   758.0     11.22     94.3    2505   140    13.67     -8.87     10.40    12    -1.8    2505     0   0   0   0      12.986   -66.627
0099   49.12   758.6     11.24     94.3    2498  -999  -999.00   -999.00   -999.00     0    -1.8    2498     0   0   0   0    -999.000  -999.000
0100   49.62   759.2     11.25     94.2    2492   140    13.54     -8.75     10.32    12    -1.8    2492     0   0   0   0      12.986   -66.627
0101   50.12   759.8     11.27     94.1    2485  -999  -999.00   -999.00   -999.00     0    -1.7    2485     0   0   0   0    -999.000  -999.000
0102   50.62   760.4     11.30     94.0    2479   140    13.35     -8.64     10.18    12    -1.7    2479     0   0   0   0      12.986   -66.627
0103   51.12   760.9     11.32     94.0    2473  -999  -999.00   -999.00   -999.00     0    -1.7    2473     0   0   0   0    -999.000  -999.000
0104   51.62   761.5     11.35     93.9    2466  -999  -999.00   -999.00   -999.00     0    -1.7    2466     0   0   0   0    -999.000  -999.000
0105   52.12  -999.0   -999.00   -999.0    -999  -999  -999.00   -999.00   -999.00     0  -999.0    -999     0   0   0   0    -999.000  -999.000
0106   52.62   762.7     11.39     93.7    2454  -999  -999.00   -999.00   -999.00     0    -1.6    2454     0   0   0   0    -999.000  -999.000
0107   53.12   763.3     11.42     93.6    2447  -999  -999.00   -999.00   -999.00     0    -1.6    2447     0   0   0   0    -999.000  -999.000
0108   53.62   763.8     11.44     93.5    2441  -999  -999.00   -999.00   -999.00     0    -1.6    2441     0   0   0   0    -999.000  -999.000
0109   54.12   764.4     11.47     93.3    2435   139    12.63     -8.35      9.48    12    -1.6    2435     0   0   0   0      12.987   -66.627
0110   54.62   765.0     11.49     93.3    2428  -999  -999.00   -999.00   -999.00     0    -1.6    2428     0   0   0   0    -999.000  -999.000
0111   55.12  -999.0   -999.00   -999.0    -999  -999  -999.00   -999.00   -999.00     0  -999.0    -999     0   0   0   0    -999.000  -999.000
0112   55.62   766.1     11.54     93.6    2416  -999  -999.00   -999.00   -999.00     0    -1.7    2416     0   0   0   0    -999.000  -999.000
0113   56.12   766.7     11.57     94.0    2409   138    12.41     -8.27      9.25    12    -1.7    2409     0   0   0   0      12.987   -66.627
0114   56.62   767.3     11.60     94.4    2403  -999  -999.00   -999.00   -999.00     0    -1.7    2403     0   0   0   0    -999.000  -999.000
0115   57.12  -999.0   -999.00   -999.0    -999  -999  -999.00   -999.00   -999.00     0  -999.0    -999     0   0   0   0    -999.000  -999.000
0116   57.62   768.5     11.66     95.1    2390   138    12.32     -8.25      9.15    12    -1.7    2390     0   0   0   0      12.987   -66.627
0117   58.12   769.1     11.69     95.3    2384   138    12.30     -8.26      9.12    12    -1.7    2384     0   0   0   0      12.987   -66.627
0118   58.62   769.6     11.73     95.4    2377   138    12.28     -8.27      9.08    12    -1.7    2377     0   0   0   0      12.987   -66.627
0119   59.12   770.2     11.76     95.3    2371  -999  -999.00   -999.00   -999.00     0    -1.7    2371     0   0   0   0    -999.000  -999.000
0120   59.62   770.8     11.80     95.0    2365   137    12.22     -8.28      8.99    12    -1.8    2365     0   0   0   0      12.987   -66.627
0121   60.12   771.4     11.84     94.7    2358   137    12.18     -8.28      8.94    12    -1.8    2358     0   0   0   0      12.987   -66.627
0122   60.62   772.0     11.89     94.2    2352   137    12.14     -8.27      8.89    12    -1.8    2352     0   0   0   0      12.987   -66.627
0123   61.12   772.6     11.93     93.7    2345   137    12.10     -8.25      8.85    12    -1.8    2345     0   0   0   0      12.987   -66.628
0124   61.62   773.2     11.98     93.2    2339   137    12.05     -8.22      8.81    12    -1.8    2339     0   0   0   0      12.987   -66.628
0125   62.12   773.8     12.02     92.7    2333  -999  -999.00   -999.00   -999.00     0    -1.8    2333     0   0   0   0    -999.000  -999.000
0126   62.62   774.3     12.07     92.3    2326  -999  -999.00   -999.00   -999.00     0    -1.8    2326     0   0   0   0    -999.000  -999.000
0127   63.12   774.9     12.11     92.0    2320  -999  -999.00   -999.00   -999.00     0    -1.8    2320     0   0   0   0    -999.000  -999.000
0128   63.62   775.5     12.16     91.7    2313   138    11.85     -7.98      8.75    12    -1.8    2313     0   0   0   0      12.987   -66.628
0129   64.12   776.1     12.20     91.4    2307  -999  -999.00   -999.00   -999.00     0    -1.8    2307     0   0   0   0    -999.000  -999.000
0130   64.62   776.7     12.24     91.0    2301  -999  -999.00   -999.00   -999.00     0    -1.8    2301     0   0   0   0    -999.000  -999.000
0131   65.12   777.3     12.29     90.5    2294   138    11.70     -7.79      8.73    12    -1.8    2294     0   0   0   0      12.988   -66.628
0132   65.62   777.9     12.33     89.9    2288   138    11.66     -7.74      8.72    12    -1.8    2288     0   0   0   0      12.988   -66.628
0133   66.12   778.5     12.37   -999.0    2282  -999  -999.00   -999.00   -999.00     0    -1.8    2282     0   0   0   0    -999.000  -999.000
0134   66.62   779.1     12.41     89.0    2275   139    11.59     -7.67      8.70    12    -1.8    2275     0   0   0   0      12.988   -66.628
0135   67.12   779.6     12.44     88.7    2269  -999  -999.00   -999.00   -999.00     0    -1.8    2269     0   0   0   0    -999.000  -999.000
0136   67.62   780.2     12.48   -999.0    2262   139    11.54     -7.64      8.65    12    -1.8    2262     0   0   0   0      12.988   -66.628
0137   68.12   780.8     12.52     88.7    2256  -999  -999.00   -999.00   -999.00     0    -1.8    2256     0   0   0   0    -999.000  -999.000
0138   68.62   781.4     12.55     89.0    2250  -999  -999.00   -999.00   -999.00     0    -1.8    2250     0   0   0   0    -999.000  -999.000
0139   69.12   782.0     12.58     89.2    2243   138    11.47     -7.62      8.57    12    -1.8    2243     0   0   0   0      12.988   -66.628
0140   69.62   782.6     12.61     89.6    2237   138    11.43     -7.61      8.53    12    -1.8    2237     0   0   0   0      12.988   -66.628
0141   70.12   783.2     12.64     89.9    2231   138    11.38     -7.58      8.49    12    -1.8    2231     0   0   0   0      12.988   -66.628
0142   70.62   783.8     12.67     90.3    2224   138    11.32     -7.54      8.45    12    -1.8    2224     0   0   0   0      12.988   -66.628
0143   71.12   784.4     12.70     90.7    2218   138    11.26     -7.49      8.40    12    -1.8    2218     0   0   0   0      12.988   -66.628
0144   71.62   785.0     12.74     91.0    2211   138    11.18     -7.43      8.36    12    -1.9    2211     0   0   0   0      12.988   -66.628
0145   72.12   785.6     12.77     91.3    2205   138    11.11     -7.37      8.31    12    -1.9    2205     0   0   0   0      12.988   -66.628
0146   72.62   786.2     12.80     91.5    2199  -999  -999.00   -999.00   -999.00     0    -1.9    2199     0   0   0   0    -999.000  -999.000
0147   73.12   786.8     12.84     91.7    2192  -999  -999.00   -999.00   -999.00     0    -1.9    2192     0   0   0   0    -999.000  -999.000
0148   73.62  -999.0   -999.00   -999.0    -999   139    10.90     -7.19      8.19    12  -999.0    -999     0   0   0   0      12.988   -66.628
0149   74.12   788.0     12.91     91.9    2179   139    10.83     -7.13      8.15    12    -1.8    2179     0   0   0   0      12.988   -66.628
0150   74.62   788.6     12.95     91.9    2173   139    10.77     -7.08      8.11    12    -1.8    2173     0   0   0   0      12.988   -66.628
0151   75.12   789.2     13.00     91.9    2167  -999  -999.00   -999.00   -999.00     0    -1.8    2167     0   0   0   0    -999.000  -999.000
0152   75.62   789.8     13.04     91.7    2160   139    10.65     -7.00      8.03    12    -1.8    2160     0   0   0   0      12.988   -66.629
0153   76.12   790.3     13.09     91.6    2154   139    10.61     -6.97      7.99    12    -1.7    2154     0   0   0   0      12.988   -66.629
0154   76.62   790.9     13.14     91.3    2148   139    10.56     -6.95      7.95    12    -1.7    2148     0   0   0   0      12.988   -66.629
0155   77.12   791.5     13.19     91.0    2141  -999  -999.00   -999.00   -999.00     0    -1.7    2141     0   0   0   0    -999.000  -999.000
0156   77.62   792.1     13.24     90.6    2135   139    10.52     -6.95      7.90    12    -1.7    2135     0   0   0   0      12.988   -66.629
0157   78.12   792.7     13.30     90.1    2129   139    10.51     -6.96      7.88    12    -1.7    2129     0   0   0   0      12.989   -66.629
0158   78.62   793.3     13.35     89.6    2123   138    10.53     -6.98      7.88    12    -1.7    2123     0   0   0   0      12.989   -66.629
0159   79.12   793.9     13.41     89.1    2116   138    10.56     -7.02      7.89    12    -1.7    2116     0   0   0   0      12.989   -66.629
0160   79.62   794.5     13.47     88.6    2110   138    10.61     -7.06      7.92    12    -1.7    2110     0   0   0   0      12.989   -66.629
0161   80.12   795.1     13.53     88.2    2104   138    10.68     -7.11      7.96    12    -1.7    2104     0   0   0   0      12.989   -66.629
0162   80.62   795.7     13.59     87.7    2097  -999  -999.00   -999.00   -999.00     0    -1.7    2097     0   0   0   0    -999.000  -999.000
0163   81.12   796.3     13.65     87.3    2091   138    10.84     -7.23      8.07    12    -1.7    2091     0   0   0   0      12.989   -66.629
0164   81.62   796.9     13.71     86.9    2085   138    10.93     -7.31      8.13    12    -1.6    2085     0   0   0   0      12.989   -66.629
0165   82.12   797.4     13.77     86.4    2079   138    11.02     -7.38      8.19    12    -1.6    2079     0   0   0   0      12.989   -66.629
0166   82.62   798.0     13.83     86.0    2072   138    11.11     -7.46      8.23    12    -1.6    2072     0   0   0   0      12.989   -66.629
0167   83.12   798.6     13.88     85.5    2066   138    11.19     -7.55      8.26    12    -1.6    2066     0   0   0   0      12.989   -66.629
0168   83.62   799.2     13.94     85.1    2060   137    11.26     -7.63      8.28    12    -1.6    2060     0   0   0   0      12.989   -66.629
0169   84.12   799.8     13.99     84.8    2054   137    11.32     -7.71      8.29    12    -1.6    2054     0   0   0   0      12.989   -66.629
0170   84.62   800.4     14.04     84.6    2048  -999  -999.00   -999.00   -999.00     0    -1.6    2048     0   0   0   0    -999.000  -999.000
0171   85.12   801.0     14.09     84.5    2041   136    11.38     -7.84      8.25    12    -1.6    2041     0   0   0   0      12.989   -66.629
0172   85.62   801.6     14.14     84.5    2035   136    11.39     -7.89      8.21    12    -1.6    2035     0   0   0   0      12.989   -66.629
0173   86.12   802.1     14.18     84.6    2029   136    11.39     -7.94      8.17    12    -1.7    2029     0   0   0   0      12.989   -66.629
0174   86.62   802.7     14.22     84.8    2023   136    11.39     -7.98      8.13    12    -1.7    2023     0   0   0   0      12.989   -66.629
0175   87.12   803.3     14.26     85.0    2016   135    11.38     -8.01      8.09    12    -1.7    2016     0   0   0   0      12.989   -66.629
0176   87.62   803.9     14.29     85.2    2010   135    11.38     -8.04      8.06    12    -1.7    2010     0   0   0   0      12.989   -66.629
0177   88.12   804.5     14.33     85.5    2004   135    11.39     -8.07      8.04    12    -1.8    2004     0   0   0   0      12.989   -66.629
0178   88.62   805.1     14.37     85.7    1997  -999  -999.00   -999.00   -999.00     0    -1.8    1997     0   0   0   0    -999.000  -999.000
0179   89.12   805.7     14.40     85.8    1991   135    11.44     -8.13      8.05    12    -1.8    1991     0   0   0   0      12.989   -66.629
0180   89.62   806.3     14.44     86.0    1985   135    11.48     -8.17      8.07    12    -1.8    1985     0   0   0   0      12.989   -66.630
0181   90.12   806.9     14.48     86.2    1978  -999  -999.00   -999.00   -999.00     0    -1.8    1978     0   0   0   0    -999.000  -999.000
0182   90.62   807.5     14.52     86.4    1972   135    11.59     -8.25      8.13    12    -1.7    1972     0   0   0   0      12.989   -66.630
0183   91.12   808.1     14.56     86.7    1966   135    11.64     -8.29      8.17    12    -1.7    1966     0   0   0   0      12.989   -66.630
0184   91.62   808.7     14.60     86.9    1960   135    11.69     -8.34      8.20    12    -1.7    1960     0   0   0   0      12.989   -66.630
0185   92.12   809.3     14.64     87.1    1953   134    11.74     -8.38      8.22    12    -1.7    1953     0   0   0   0      12.990   -66.630
0186   92.62   809.9     14.69     87.2    1947   134    11.77     -8.41      8.24    12    -1.7    1947     0   0   0   0      12.990   -66.630
0187   93.12   810.5     14.73     87.1    1941   134    11.80     -8.45      8.24    12    -1.6    1941     0   0   0   0      12.990   -66.630
0188   93.62   811.1     14.77     86.7    1935   134    11.81     -8.48      8.22    13    -1.6    1935     0   0   0   0      12.990   -66.630
0189   94.12   811.7     14.81     86.2    1929  -999  -999.00   -999.00   -999.00     0    -1.6    1929     0   0   0   0    -999.000  -999.000
0190   94.62   812.3     14.86     85.4    1922  -999  -999.00   -999.00   -999.00     0    -1.7    1922     0   0   0   0    -999.000  -999.000
0191   95.12   812.9     14.91     84.4    1916  -999  -999.00   -999.00   -999.00     0    -1.7    1916     0   0   0   0    -999.000  -999.000
0192   95.62   813.5     14.95     83.5    1910   133    11.77     -8.57      8.06    13    -1.7    1910     0   0   0   0      12.990   -66.630
0193   96.12   814.1     15.00     82.7    1904   133    11.76     -8.60      8.02    13    -1.8    1904     0   0   0   0      12.990   -66.630
0194   96.62  -999.0   -999.00   -999.0    -999   133    11.75     -8.62      7.99    13  -999.0    -999     0   0   0   0      12.990   -66.630
0195   97.12   815.3     15.10     81.6    1891   133    11.75     -8.64      7.96    13    -1.8    1891     0   0   0   0      12.990   -66.630
0196   97.62   815.9     15.14     81.6    1885   133    11.75     -8.66      7.95    13    -1.8    1885     0   0   0   0      12.990   -66.630
0197   98.12   816.5     15.18     81.9    1878   132    11.76     -8.68      7.94    13    -1.8    1878     0   0   0   0      12.990   -66.630
0198   98.62   817.1     15.22     82.5    1872   132    11.78     -8.69      7.95    13    -1.8    1872     0   0   0   0      12.990   -66.630
0199   99.12   817.7     15.26     83.5    1866   132    11.80     -8.71      7.96    13    -1.8    1866     0   0   0   0      12.990   -66.630
0200   99.62   818.3     15.29     84.6    1860   132    11.83     -8.73      7.99    13    -1.8    1860     0   0   0   0      12.990   -66.630
0201  100.12   818.9     15.32     86.0    1853  -999  -999.00   -999.00   -999.00     0    -1.8    1853     0   0   0   0    -999.000  -999.000
0202  100.62   819.5     15.34     87.4    1847  -999  -999.00   -999.00   -999.00     0    -1.7    1847     0   0   0   0    -999.000  -999.000
0203  101.12   820.1     15.36     88.8    1841  -999  -999.00   -999.00   -999.00     0    -1.7    1841     0   0   0   0    -999.000  -999.000
0204  101.62   820.7     15.38     90.1    1835   133    12.03     -8.83      8.16    13    -1.7    1835     0   0   0   0      12.990   -66.630
0205  102.12   821.3     15.40     91.3    1828   133    12.10     -8.87      8.22    13    -1.7    1828     0   0   0   0      12.990   -66.630
0206  102.62   821.9     15.41     92.4    1822  -999  -999.00   -999.00   -999.00     0    -1.6    1822     0   0   0   0    -999.000  -999.000
0207  103.12   822.5     15.43     93.3    1816   133    12.24     -8.95      8.35    13    -1.6    1816     0   0   0   0      12.990   -66.631
0208  103.62   823.1     15.45     94.1    1810   133    12.32     -8.99      8.42    13    -1.6    1810     0   0   0   0      12.990   -66.631
0209  104.12   823.7     15.47     94.8    1804   133    12.39     -9.03      8.48    13    -1.7    1804     0   0   0   0      12.990   -66.631
0210  104.62   824.3     15.49     95.2    1798  -999  -999.00   -999.00   -999.00     0    -1.7    1798     0   0   0   0    -999.000  -999.000
0211  105.12   824.9     15.51     95.6    1791   133    12.50     -9.09      8.58    13    -1.7    1791     0   0   0   0      12.990   -66.631
0212  105.62   825.5     15.54     95.7    1785   133    12.54     -9.12      8.61    13    -1.7    1785     0   0   0   0      12.991   -66.631
0213  106.12   826.1     15.56     95.8    1779   133    12.58     -9.15      8.64    13    -1.7    1779     0   0   0   0      12.991   -66.631
0214  106.62   826.7     15.60     95.7    1773   133    12.61     -9.18      8.65    13    -1.7    1773     0   0   0   0      12.991   -66.631
0215  107.12   827.3     15.63     95.5    1766   133    12.63     -9.20      8.66    13    -1.7    1766     0   0   0   0      12.991   -66.631
0216  107.62   827.9     15.67     95.3    1760  -999  -999.00   -999.00   -999.00     0    -1.8    1760     0   0   0   0    -999.000  -999.000
0217  108.12   828.5     15.71     95.1    1754   133    12.68     -9.27      8.66    13    -1.7    1754     0   0   0   0      12.991   -66.631
0218  108.62   829.1     15.75     94.8    1748   133    12.71     -9.30      8.66    13    -1.7    1748     0   0   0   0      12.991   -66.631
0219  109.12   829.7     15.80     94.6    1742   133    12.74     -9.34      8.67    13    -1.7    1742     0   0   0   0      12.991   -66.631
0220  109.62   830.3     15.84     94.4    1735   133    12.78     -9.38      8.68    13    -1.7    1735     0   0   0   0      12.991   -66.631
0221  110.12   830.9     15.88     94.2    1729   133    12.82     -9.42      8.69    13    -1.7    1729     0   0   0   0      12.991   -66.631
0222  110.62   831.5     15.92     94.1    1723   133    12.87     -9.48      8.71    13    -1.7    1723     0   0   0   0      12.991   -66.631
0223  111.12   832.1     15.97     94.0    1717   132    12.93     -9.54      8.73    13    -1.7    1717     0   0   0   0      12.991   -66.631
0224  111.62   832.7     16.01     94.0    1711  -999  -999.00   -999.00   -999.00     0    -1.7    1711     0   0   0   0    -999.000  -999.000
0225  112.12   833.3     16.05     94.0    1705  -999  -999.00   -999.00   -999.00     0    -1.7    1705     0   0   0   0    -999.000  -999.000
0226  112.62   833.9     16.09     94.0    1698  -999  -999.00   -999.00   -999.00     0    -1.8    1698     0   0   0   0    -999.000  -999.000
0227  113.12   834.6     16.13     94.0    1692   132    13.21     -9.85      8.81    13    -1.8    1692     0   0   0   0      12.991   -66.631
0228  113.62   835.2     16.16     94.0    1686   132    13.29     -9.93      8.83    13    -1.8    1686     0   0   0   0      12.991   -66.631
0229  114.12   835.8     16.20     94.1    1680   131    13.35    -10.01      8.84    13    -1.8    1680     0   0   0   0      12.991   -66.632
0230  114.62   836.4     16.23     94.2    1673  -999  -999.00   -999.00   -999.00     0    -1.8    1673     0   0   0   0    -999.000  -999.000
0231  115.12   837.0     16.27     94.4    1667   131    13.46    -10.15      8.84    13    -1.8    1667     0   0   0   0      12.991   -66.632
0232  115.62   837.6     16.29     94.6    1661   131    13.51    -10.23      8.83    13    -1.7    1661     0   0   0   0      12.991   -66.632
0233  116.12   838.2     16.32     94.8    1655  -999  -999.00   -999.00   -999.00     0    -1.7    1655     0   0   0   0    -999.000  -999.000
0234  116.62   838.8     16.34     95.1    1649   130    13.59    -10.37      8.78    13    -1.7    1649     0   0   0   0      12.991   -66.632
0235  117.12  -999.0   -999.00   -999.0    -999   130    13.63    -10.44      8.76    13  -999.0    -999     0   0   0   0      12.991   -66.632
0236  117.62   840.0     16.38     95.9    1636   130    13.66    -10.51      8.73    13    -1.7    1636     0   0   0   0      12.991   -66.632
0237  118.12   840.6     16.40     96.3    1630   129    13.69    -10.58      8.69    13    -1.7    1630     0   0   0   0      12.992   -66.632
0238  118.62   841.2     16.42     96.7    1624   129    13.72    -10.64      8.66    13    -1.7    1624     0   0   0   0      12.992   -66.632
0239  119.12   841.8     16.43     97.0    1618  -999  -999.00   -999.00   -999.00     0    -1.7    1618     0   0   0   0    -999.000  -999.000
0240  119.62   842.4     16.45     97.3    1612   129    13.75    -10.74      8.59    13    -1.7    1612     0   0   0   0      12.992   -66.632
0241  120.12   843.0     16.46     97.5    1606   128    13.75    -10.78      8.54    13    -1.7    1606     0   0   0   0      12.992   -66.632
0242  120.62   843.7     16.48     97.7    1599  -999  -999.00   -999.00   -999.00     0    -1.7    1599     0   0   0   0    -999.000  -999.000
0243  121.12   844.3     16.50     97.8    1593  -999  -999.00   -999.00   -999.00     0    -1.8    1593     0   0   0   0    -999.000  -999.000
0244  121.62   844.9     16.53     97.8    1587   128    13.69    -10.83      8.37    13    -1.8    1587     0   0   0   0      12.992   -66.632
0245  122.12   845.5     16.55     97.8    1581   127    13.66    -10.84      8.31    13    -1.8    1581     0   0   0   0      12.992   -66.632
0246  122.62   846.1     16.58     97.8    1575   127    13.63    -10.86      8.24    13    -1.9    1575     0   0   0   0      12.992   -66.632
0247  123.12   846.7     16.61     97.7    1568   127    13.61    -10.88      8.17    13    -1.9    1568     0   0   0   0      12.992   -66.632
0248  123.62   847.3     16.64     97.6    1562   127    13.59    -10.90      8.11    13    -1.9    1562     0   0   0   0      12.992   -66.632
0249  124.12   848.0     16.68     97.6    1556   126    13.58    -10.93      8.06    13    -1.9    1556     0   0   0   0      12.992   -66.633
0250  124.62   848.6     16.72     97.5    1550   126    13.58    -10.96      8.02    13    -1.9    1550     0   0   0   0      12.992   -66.633
0251  125.12   849.2     16.76     97.4    1543  -999  -999.00   -999.00   -999.00     0    -1.9    1543     0   0   0   0    -999.000  -999.000
0252  125.62   849.8     16.81     97.2    1537   126    13.59    -11.01      7.97    13    -1.9    1537     0   0   0   0      12.992   -66.633
0253  126.12   850.5     16.86     97.1    1531   126    13.60    -11.03      7.94    13    -1.9    1531     0   0   0   0      12.992   -66.633
0254  126.62   851.1     16.91     97.0    1524   126    13.60    -11.05      7.92    13    -1.9    1524     0   0   0   0      12.992   -66.633
0255  127.12   851.7     16.96     96.9    1518   125    13.60    -11.07      7.90    13    -1.8    1518     0   0   0   0      12.992   -66.633
0256  127.62   852.3     17.01     96.8    1512   125    13.59    -11.09      7.87    13    -1.8    1512     0   0   0   0      12.992   -66.633
0257  128.12   852.9     17.06     96.7    1506   125    13.59    -11.10      7.84    13    -1.7    1506     0   0   0   0      12.992   -66.633
0258  128.62   853.5     17.11     96.6    1500   125    13.57    -11.11      7.81    13    -1.7    1500     0   0   0   0      12.992   -66.633
0259  129.12   854.1     17.16     96.5    1494  -999  -999.00   -999.00   -999.00     0    -1.7    1494     0   0   0   0    -999.000  -999.000
0260  129.62   854.7     17.21     96.4    1488   125    13.55    -11.12      7.75    13    -1.7    1488     0   0   0   0      12.992   -66.633
0261  130.12  -999.0   -999.00   -999.0    -999   125    13.54    -11.12      7.72    13  -999.0    -999     0   0   0   0      12.992   -66.633
0262  130.62   856.0     17.31     96.2    1475   125    13.53    -11.13      7.69    13    -1.7    1475     0   0   0   0      12.992   -66.633
0263  131.12   856.6     17.36     96.1    1469  -999  -999.00   -999.00   -999.00     0    -1.7    1469     0   0   0   0    -999.000  -999.000
0264  131.62   857.2     17.42     96.0    1463  -999  -999.00   -999.00   -999.00     0    -1.7    1463     0   0   0   0    -999.000  -999.000
0265  132.12  -999.0   -999.00   -999.0    -999  -999  -999.00   -999.00   -999.00     0  -999.0    -999     0   0   0   0    -999.000  -999.000
0266  132.62  -999.0   -999.00   -999.0    -999   124    13.52    -11.17      7.62    13  -999.0    -999     0   0   0   0      12.993   -66.633
0267  133.12   859.0     17.57     95.5    1445   124    13.53    -11.19      7.61    13    -1.8    1445     0   0   0   0      12.993   -66.633
0268  133.62   859.6     17.63     95.4    1439   124    13.55    -11.22      7.60    13    -1.8    1439     0   0   0   0      12.993   -66.633
0269  134.12   860.3     17.68     95.3    1432   124    13.58    -11.25      7.60    13    -1.8    1432     0   0   0   0      12.993   -66.634
0270  134.62   860.9     17.73     95.1    1426  -999  -999.00   -999.00   -999.00     0    -1.8    1426     0   0   0   0    -999.000  -999.000
0271  135.12   861.5     17.78     95.0    1420   124    13.64    -11.32      7.61    13    -1.8    1420     0   0   0   0      12.993   -66.634
0272  135.62   862.1     17.84     94.8    1414   124    13.68    -11.35      7.63    13    -1.8    1414     0   0   0   0      12.993   -66.634
0273  136.12   862.7     17.89     94.7    1408   124    13.70    -11.37      7.64    13    -1.7    1408     0   0   0   0      12.993   -66.634
0274  136.62   863.3     17.94     94.6    1402  -999  -999.00   -999.00   -999.00     0    -1.7    1402     0   0   0   0    -999.000  -999.000
0275  137.12   864.0     18.00     94.4    1396   124    13.73    -11.39      7.68    13    -1.7    1396     0   0   0   0      12.993   -66.634
0276  137.62   864.6     18.05     94.3    1389   124    13.74    -11.38      7.69    13    -1.7    1389     0   0   0   0      12.993   -66.634
0277  138.12   865.2     18.10     94.1    1383   124    13.73    -11.37      7.71    13    -1.6    1383     0   0   0   0      12.993   -66.634
0278  138.62   865.8     18.15     93.9    1377   124    13.72    -11.35      7.71    13    -1.6    1377     0   0   0   0      12.993   -66.634
0279  139.12   866.4     18.21     93.8    1371   124    13.71    -11.33      7.71    13    -1.5    1371     0   0   0   0      12.993   -66.634
0280  139.62  -999.0   -999.00   -999.0    -999   124    13.69    -11.31      7.71    13  -999.0    -999     0   0   0   0      12.993   -66.634
0281  140.12   867.6     18.30     93.4    1359   124    13.67    -11.30      7.70    13    -1.5    1359     0   0   0   0      12.993   -66.634
0282  140.62   868.2     18.35     93.2    1353   124    13.66    -11.28      7.70    13    -1.4    1353     0   0   0   0      12.993   -66.634
0283  141.12   868.8     18.40     93.0    1347   124    13.64    -11.27      7.69    13    -1.4    1347     0   0   0   0      12.993   -66.634
0284  141.62   869.4     18.44     92.8    1341   124    13.63    -11.26      7.68    13    -1.4    1341     0   0   0   0      12.993   -66.634
0285  142.12   870.0     18.49     92.6    1336  -999  -999.00   -999.00   -999.00     0    -1.4    1336     0   0   0   0    -999.000  -999.000
0286  142.62   870.6     18.53     92.5    1330   124    13.62    -11.25      7.69    13    -1.4    1330     0   0   0   0      12.993   -66.634
0287  143.12   871.2     18.58     92.3    1324   124    13.64    -11.25      7.70    13    -1.4    1324     0   0   0   0      12.993   -66.634
0288  143.62   871.8     18.62     92.2    1318   124    13.66    -11.26      7.72    13    -1.4    1318     0   0   0   0      12.993   -66.635
0289  144.12   872.4     18.66     92.1    1312   124    13.69    -11.28      7.75    13    -1.4    1312     0   0   0   0      12.993   -66.635
0290  144.62   873.0     18.70     92.1    1306   125    13.73    -11.30      7.79    13    -1.4    1306     0   0   0   0      12.993   -66.635
0291  145.12   873.6     18.73     92.1    1300   125    13.78    -11.33      7.84    13    -1.4    1300     0   0   0   0      12.993   -66.635
0292  145.62   874.2     18.77     92.1    1294  -999  -999.00   -999.00   -999.00     0    -1.5    1294     0   0   0   0    -999.000  -999.000
0293  146.12   874.8     18.80     92.1    1288   125    13.90    -11.39      7.96    13    -1.5    1288     0   0   0   0      12.994   -66.635
0294  146.62   875.4     18.84     92.0    1282   125    13.97    -11.43      8.02    13    -1.5    1282     0   0   0   0      12.994   -66.635
0295  147.12   876.0     18.87     92.0    1276   125    14.04    -11.48      8.10    13    -1.5    1276     0   0   0   0      12.994   -66.635
0296  147.62   876.7     18.90     92.0    1270   125    14.13    -11.53      8.18    13    -1.6    1270     0   0   0   0      12.994   -66.635
0297  148.12   877.3     18.94     92.0    1264   125    14.23    -11.59      8.26    13    -1.6    1264     0   0   0   0      12.994   -66.635
0298  148.62   877.9     18.97     92.0    1258   126    14.34    -11.66      8.35    13    -1.6    1258     0   0   0   0      12.994   -66.635
0299  149.12   878.5     19.00     92.0    1252  -999  -999.00   -999.00   -999.00     0    -1.6    1252     0   0   0   0    -999.000  -999.000
0300  149.62   879.1     19.02     92.0    1246  -999  -999.00   -999.00   -999.00     0    -1.6    1246     0   0   0   0    -999.000  -999.000
0301  150.12   879.7     19.04     92.0    1240   126    14.70    -11.91      8.62    13    -1.6    1240     0   0   0   0      12.994   -66.635
0302  150.62   880.3     19.06     92.0    1234  -999  -999.00   -999.00   -999.00     0    -1.6    1234     0   0   0   0    -999.000  -999.000
0303  151.12   880.9     19.08     92.0    1228  -999  -999.00   -999.00   -999.00     0    -1.6    1228     0   0   0   0    -999.000  -999.000
0304  151.62   881.6     19.10     91.9    1222   126    15.05    -12.16      8.87    13    -1.5    1222     0   0   0   0      12.994   -66.635
0305  152.12   882.2     19.12     91.8    1216   126    15.15    -12.23      8.94    13    -1.5    1216     0   0   0   0      12.994   -66.635
0306  152.62   882.8     19.13     91.7    1210   126    15.23    -12.28      9.01    13    -1.5    1210     0   0   0   0      12.994   -66.635
0307  153.12   883.4     19.16     91.5    1204   126    15.29    -12.31      9.07    13    -1.5    1204     0   0   0   0      12.994   -66.636
0308  153.62   884.0     19.18     91.3    1198   126    15.34    -12.34      9.12    13    -1.5    1198     0   0   0   0      12.994   -66.636
0309  154.12   884.6     19.20     91.1    1192   127    15.38    -12.35      9.17    13    -1.5    1192     0   0   0   0      12.994   -66.636
0310  154.62   885.2     19.23     90.9    1186   127    15.40    -12.35      9.19    13    -1.5    1186     0   0   0   0      12.994   -66.636
0311  155.12   885.8     19.26     90.7    1180  -999  -999.00   -999.00   -999.00     0    -1.5    1180     0   0   0   0    -999.000  -999.000
0312  155.62   886.4     19.30     90.5    1174   127    15.41    -12.36      9.21    13    -1.4    1174     0   0   0   0      12.994   -66.636
0313  156.12   887.1     19.33     90.4    1168  -999  -999.00   -999.00   -999.00     0    -1.4    1168     0   0   0   0    -999.000  -999.000
0314  156.62   887.7     19.37     90.2    1162  -999  -999.00   -999.00   -999.00     0    -1.4    1162     0   0   0   0    -999.000  -999.000
0315  157.12   888.3     19.41     90.1    1156  -999  -999.00   -999.00   -999.00     0    -1.3    1156     0   0   0   0    -999.000  -999.000
0316  157.62   888.9     19.45     89.9    1151   126    15.37    -12.40      9.08    13    -1.3    1151     0   0   0   0      12.994   -66.636
0317  158.12   889.5     19.49     89.8    1145   126    15.37    -12.44      9.03    13    -1.3    1145     0   0   0   0      12.994   -66.636
0318  158.62   890.1     19.54     89.6    1139   126    15.37    -12.48      8.98    13    -1.3    1139     0   0   0   0      12.995   -66.636
0319  159.12   890.6     19.58     89.5    1133   125    15.39    -12.53      8.93    13    -1.3    1133     0   0   0   0      12.995   -66.636
0320  159.62   891.2     19.62     89.5    1127   125    15.41    -12.59      8.89    13    -1.4    1127     0   0   0   0      12.995   -66.636
0321  160.12   891.9     19.67     89.5    1122   125    15.44    -12.66      8.84    13    -1.4    1122     0   0   0   0      12.995   -66.636
0322  160.62   892.5     19.71     89.5    1116   125    15.48    -12.74      8.80    13    -1.4    1116     0   0   0   0      12.995   -66.636
0323  161.12   893.1     19.75     89.6    1110   124    15.52    -12.81      8.76    13    -1.4    1110     0   0   0   0      12.995   -66.636
0324  161.62   893.7     19.79     89.8    1104   124    15.56    -12.89      8.73    13    -1.4    1104     0   0   0   0      12.995   -66.637
0325  162.12   894.3     19.82     90.1    1098  -999  -999.00   -999.00   -999.00     0    -1.4    1098     0   0   0   0    -999.000  -999.000
0326  162.62   894.9     19.86     90.4    1092   124    15.63    -13.02      8.66    13    -1.4    1092     0   0   0   0      12.995   -66.637
0327  163.12   895.5     19.90     90.7    1086   123    15.66    -13.07      8.63    13    -1.3    1086     0   0   0   0      12.995   -66.637
0328  163.62   896.1     19.93     90.9    1080   123    15.67    -13.10      8.60    13    -1.3    1080     0   0   0   0      12.995   -66.637
0329  164.12   896.7     19.96     91.1    1074   123    15.68    -13.13      8.57    13    -1.2    1074     0   0   0   0      12.995   -66.637
0330  164.62   897.3     20.00     91.3    1068   123    15.68    -13.15      8.53    13    -1.1    1068     0   0   0   0      12.995   -66.637
0331  165.12   897.9     20.03     91.3    1063  -999  -999.00   -999.00   -999.00     0    -1.1    1063     0   0   0   0    -999.000  -999.000
0332  165.62   898.5     20.07     91.4    1057   123    15.67    -13.19      8.45    13    -1.0    1057     0   0   0   0      12.995   -66.637
0333  166.12   899.1     20.10     91.4    1052   122    15.66    -13.22      8.40    13    -1.0    1052     0   0   0   0      12.995   -66.637
0334  166.62   899.7     20.14     91.3    1046  -999  -999.00   -999.00   -999.00     0    -1.0    1046     0   0   0   0    -999.000  -999.000
0335  167.12   900.3     20.18     91.3    1040   122    15.68    -13.31      8.30    13    -1.0    1040     0   0   0   0      12.995   -66.637
0336  167.62   900.8     20.22     91.2    1035   122    15.71    -13.36      8.26    13    -1.0    1035     0   0   0   0      12.995   -66.637
0337  168.12   901.4     20.26     91.2    1029   121    15.74    -13.42      8.22    13    -1.1    1029     0   0   0   0      12.995   -66.637
0338  168.62   902.0     20.30     91.1    1023  -999  -999.00   -999.00   -999.00     0    -1.1    1023     0   0   0   0    -999.000  -999.000
0339  169.12   902.6     20.35     91.1    1018   121    15.81    -13.54      8.15    13    -1.2    1018     0   0   0   0      12.995   -66.637
0340  169.62  -999.0   -999.00   -999.0    -999   121    15.83    -13.60      8.11    13  -999.0    -999     0   0   0   0      12.995   -66.638
0341  170.12   903.8     20.44     90.9    1006   121    15.86    -13.65      8.07    13    -1.3    1006     0   0   0   0      12.995   -66.638
0342  170.62   904.5     20.48     90.8    1000   120    15.87    -13.69      8.03    13    -1.3    1000     0   0   0   0      12.995   -66.638
0343  171.12   905.1     20.52     90.6     994  -999  -999.00   -999.00   -999.00     0    -1.4     994     0   0   0   0    -999.000  -999.000
0344  171.62   905.7     20.57     90.5     988   120    15.88    -13.75      7.94    13    -1.4     988     0   0   0   0      12.996   -66.638
0345  172.12   906.3     20.61     90.3     982   120    15.88    -13.78      7.90    13    -1.4     982     0   0   0   0      12.996   -66.638
0346  172.62   906.9     20.65     90.1     977   120    15.88    -13.81      7.85    13    -1.4     977     0   0   0   0      12.996   -66.638
0347  173.12   907.5     20.69     89.9     971   119    15.89    -13.84      7.81    13    -1.4     971     0   0   0   0      12.996   -66.638
0348  173.62   908.1     20.74     89.7     965   119    15.90    -13.87      7.77    13    -1.4     965     0   0   0   0      12.996   -66.638
0349  174.12   908.7     20.78     89.5     959   119    15.92    -13.92      7.73    13    -1.4     959     0   0   0   0      12.996   -66.638
0350  174.62   909.3     20.82     89.4     953   119    15.95    -13.97      7.71    13    -1.4     953     0   0   0   0      12.996   -66.638
0351  175.12   910.0     20.86     89.2     947   119    15.99    -14.02      7.69    13    -1.5     947     0   0   0   0      12.996   -66.638
0352  175.62   910.6     20.90     89.1     942   119    16.04    -14.08      7.69    13    -1.5     942     0   0   0   0      12.996   -66.638
0353  176.12   911.2     20.94     89.1     936   119    16.10    -14.14      7.71    13    -1.5     936     0   0   0   0      12.996   -66.638
0354  176.62   911.8     20.98     89.1     930   119    16.17    -14.20      7.73    13    -1.6     930     0   0   0   0      12.996   -66.638
0355  177.12   912.4     21.02     89.1     924   119    16.23    -14.26      7.76    13    -1.6     924     0   0   0   0      12.996   -66.638
0356  177.62   913.1     21.06     89.1     918   119    16.30    -14.31      7.79    13    -1.6     918     0   0   0   0      12.996   -66.639
0357  178.12   913.7     21.10     89.1     912   119    16.35    -14.36      7.83    13    -1.6     912     0   0   0   0      12.996   -66.639
0358  178.62   914.3     21.14     89.1     906   119    16.41    -14.40      7.86    13    -1.6     906     0   0   0   0      12.996   -66.639
0359  179.12   914.9     21.18     89.0     900   119    16.45    -14.44      7.89    13    -1.6     900     0   0   0   0      12.996   -66.639
0360  179.62   915.6     21.22     88.9     894   119    16.49    -14.46      7.93    13    -1.6     894     0   0   0   0      12.996   -66.639
0361  180.12   916.2     21.26     88.8     888   119    16.53    -14.48      7.96    13    -1.6     888     0   0   0   0      12.996   -66.639
0362  180.62   916.8     21.30     88.7     882   119    16.55    -14.49      8.00    13    -1.5     882     0   0   0   0      12.996   -66.639
0363  181.12   917.4     21.34     88.5     876   119    16.58    -14.50      8.03    13    -1.5     876     0   0   0   0      12.996   -66.639
0364  181.62   918.0     21.39     88.3     870   119    16.59    -14.51      8.06    13    -1.5     870     0   0   0   0      12.996   -66.639
0365  182.12   918.7     21.44     88.1     865   119    16.61    -14.51      8.08    13    -1.5     865     0   0   0   0      12.996   -66.639
0366  182.62   919.3     21.48     87.9     859   119    16.63    -14.52      8.10    13    -1.5     859     0   0   0   0      12.996   -66.639
0367  183.12   919.9     21.53     87.6     853   119    16.64    -14.53      8.11    13    -1.5     853     0   0   0   0      12.996   -66.639
0368  183.62   920.5     21.58     87.4     847  -999  -999.00   -999.00   -999.00     0    -1.5     847     0   0   0   0    -999.000  -999.000
0369  184.12   921.2     21.63     87.2     841  -999  -999.00   -999.00   -999.00     0    -1.5     841     0   0   0   0    -999.000  -999.000
0370  184.62   921.8     21.67     87.0     835  -999  -999.00   -999.00   -999.00     0    -1.5     835     0   0   0   0    -999.000  -999.000
0371  185.12   922.4     21.72     86.8     829  -999  -999.00   -999.00   -999.00     0    -1.5     829     0   0   0   0    -999.000  -999.000
0372  185.62   923.0     21.76     86.7     823  -999  -999.00   -999.00   -999.00     0    -1.5     823     0   0   0   0    -999.000  -999.000
0373  186.12   923.6     21.81     86.5     818  -999  -999.00   -999.00   -999.00     0    -1.5     818     0   0   0   0    -999.000  -999.000
0374  186.62   924.3     21.85     86.4     812   119    16.78    -14.69      8.11    13    -1.5     812     0   0   0   0      12.997   -66.640
0375  187.12  -999.0   -999.00   -999.0    -999   119    16.81    -14.72      8.11    13  -999.0    -999     0   0   0   0      12.997   -66.640
0376  187.62   925.5     21.94     86.1     800   119    16.84    -14.75      8.12    13    -1.4     800     0   0   0   0      12.997   -66.640
0377  188.12   926.1     21.99     86.0     794   119    16.87    -14.79      8.13    13    -1.4     794     0   0   0   0      12.997   -66.640
0378  188.62   926.7     22.04     85.8     788  -999  -999.00   -999.00   -999.00     0    -1.4     788     0   0   0   0    -999.000  -999.000
0379  189.12   927.3     22.08     85.6     783  -999  -999.00   -999.00   -999.00     0    -1.4     783     0   0   0   0    -999.000  -999.000
0380  189.62   928.0     22.13     85.4     777  -999  -999.00   -999.00   -999.00     0    -1.4     777     0   0   0   0    -999.000  -999.000
0381  190.12   928.6     22.18     85.2     771  -999  -999.00   -999.00   -999.00     0    -1.4     771     0   0   0   0    -999.000  -999.000
0382  190.62   929.2     22.23     85.1     765   119    17.12    -15.04      8.18    13    -1.4     765     0   0   0   0      12.997   -66.640
0383  191.12   929.8     22.27     84.9     759   118    17.18    -15.10      8.20    13    -1.4     759     0   0   0   0      12.997   -66.640
0384  191.62   930.4     22.32     84.7     754   118    17.24    -15.16      8.21    13    -1.4     754     0   0   0   0      12.997   -66.640
0385  192.12   931.1     22.37     84.6     748   118    17.30    -15.22      8.21    13    -1.4     748     0   0   0   0      12.997   -66.640
0386  192.62   931.7     22.41     84.6     742   118    17.35    -15.29      8.22    13    -1.4     742     0   0   0   0      12.997   -66.641
0387  193.12   932.3     22.45     84.6     736   118    17.41    -15.34      8.22    13    -1.4     736     0   0   0   0      12.997   -66.641
0388  193.62   932.9     22.49     84.6     730   118    17.45    -15.39      8.21    13    -1.4     730     0   0   0   0      12.997   -66.641
0389  194.12   933.5     22.52     84.8     724   118    17.48    -15.44      8.21    13    -1.4     724     0   0   0   0      12.997   -66.641
0390  194.62   934.2     22.56     85.0     719   118    17.51    -15.47      8.19    13    -1.4     719     0   0   0   0      12.997   -66.641
0391  195.12   934.8     22.58     85.2     713   118    17.52    -15.50      8.18    13    -1.3     713     0   0   0   0      12.997   -66.641
0392  195.62   935.4     22.61     85.5     707   118    17.52    -15.51      8.15    13    -1.3     707     0   0   0   0      12.997   -66.641
0393  196.12   936.0     22.63     85.8     701   118    17.52    -15.52      8.12    13    -1.3     701     0   0   0   0      12.997   -66.641
0394  196.62   936.6     22.66     86.2     696   118    17.50    -15.52      8.08    13    -1.3     696     0   0   0   0      12.997   -66.641
0395  197.12   937.2     22.68     86.6     690   117    17.48    -15.52      8.05    13    -1.3     690     0   0   0   0      12.997   -66.641
0396  197.62   937.8     22.70     86.9     684   117    17.45    -15.51      8.00    13    -1.3     684     0   0   0   0      12.997   -66.641
0397  198.12   938.5     22.72     87.3     679   117    17.41    -15.49      7.96    13    -1.3     679     0   0   0   0      12.997   -66.641
0398  198.62   939.1     22.75     87.6     673   117    17.38    -15.47      7.92    13    -1.3     673     0   0   0   0      12.997   -66.641
0399  199.12   939.7     22.77     87.9     667   117    17.33    -15.44      7.87    13    -1.3     667     0   0   0   0      12.997   -66.641
0400  199.62   940.3     22.79     88.1     661   117    17.29    -15.41      7.83    13    -1.3     661     0   0   0   0      12.998   -66.642
0401  200.12   940.9     22.82     88.3     656   117    17.24    -15.38      7.79    13    -1.3     656     0   0   0   0      12.998   -66.642
0402  200.62   941.5     22.85     88.4     650   117    17.20    -15.36      7.75    13    -1.4     650     0   0   0   0      12.998   -66.642
0403  201.12   942.1     22.88     88.5     644   117    17.16    -15.34      7.70    13    -1.4     644     0   0   0   0      12.998   -66.642
0404  201.62   942.8     22.91     88.5     638   117    17.13    -15.32      7.66    13    -1.4     638     0   0   0   0      12.998   -66.642
0405  202.12   943.4     22.95     88.5     633   116    17.11    -15.32      7.62    13    -1.4     633     0   0   0   0      12.998   -66.642
0406  202.62   944.0     22.99     88.5     627   116    17.10    -15.33      7.59    13    -1.3     627     0   0   0   0      12.998   -66.642
0407  203.12   944.6     23.03     88.5     621   116    17.10    -15.34      7.55    13    -1.3     621     0   0   0   0      12.998   -66.642
0408  203.62   945.3     23.07     88.6     615   116    17.09    -15.35      7.51    13    -1.3     615     0   0   0   0      12.998   -66.642
0409  204.12   945.9     23.11     88.7     610   116    17.08    -15.36      7.47    13    -1.3     610     0   0   0   0      12.998   -66.642
0410  204.62   946.5     23.14     88.9     604   116    17.07    -15.36      7.43    13    -1.3     604     0   0   0   0      12.998   -66.642
0411  205.12   947.1     23.18     89.2     598   116    17.04    -15.35      7.39    13    -1.3     598     0   0   0   0      12.998   -66.642
0412  205.62   947.7     23.22     89.5     593  -999  -999.00   -999.00   -999.00     0    -1.3     593     0   0   0   0    -999.000  -999.000
0413  206.12   948.3     23.25     89.8     587   116    16.97    -15.31      7.33    13    -1.3     587     0   0   0   0      12.998   -66.642
0414  206.62   948.9     23.29     90.2     581  -999  -999.00   -999.00   -999.00     0    -1.3     581     0   0   0   0    -999.000  -999.000
0415  207.12   949.6     23.32     90.4     576  -999  -999.00   -999.00   -999.00     0    -1.3     576     0   0   0   0    -999.000  -999.000
0416  207.62   950.2     23.35     90.6     570   115    16.82    -15.19      7.24    13    -1.4     570     0   0   0   0      12.998   -66.643
0417  208.12   950.8     23.39     90.8     564   115    16.77    -15.14      7.19    13    -1.4     564     0   0   0   0      12.998   -66.643
0418  208.62   951.4     23.42     90.9     558  -999  -999.00   -999.00   -999.00     0    -1.4     558     0   0   0   0    -999.000  -999.000
0419  209.12   952.1     23.46     91.0     552   115    16.65    -15.07      7.08    13    -1.4     552     0   0   0   0      12.998   -66.643
0420  209.62   952.7     23.50     91.2     547   115    16.58    -15.03      7.00    13    -1.4     547     0   0   0   0      12.998   -66.643
0421  210.12   953.3     23.53     91.4     541   115    16.52    -15.00      6.93    13    -1.4     541     0   0   0   0      12.998   -66.643
0422  210.62   953.9     23.57     91.6     535   115    16.46    -14.96      6.85    13    -1.4     535     0   0   0   0      12.998   -66.643
0423  211.12   954.5     23.61     91.8     530   114    16.40    -14.94      6.77    13    -1.3     530     0   0   0   0      12.998   -66.643
0424  211.62   955.2     23.64     92.0     524   114    16.36    -14.92      6.70    13    -1.3     524     0   0   0   0      12.998   -66.643
0425  212.12   955.8     23.68     92.1     518   114    16.32    -14.91      6.63    13    -1.3     518     0   0   0   0      12.998   -66.643
0426  212.62   956.4     23.72     92.2     512   114    16.30    -14.91      6.57    13    -1.4     512     0   0   0   0      12.998   -66.643
0427  213.12   957.0     23.76     92.2     507   114    16.28    -14.92      6.52    13    -1.4     507     0   0   0   0      12.998   -66.643
0428  213.62   957.6     23.80     92.1     501   113    16.27    -14.93      6.46    13    -1.4     501     0   0   0   0      12.998   -66.644
0429  214.12   958.3     23.84     92.1     495  -999  -999.00   -999.00   -999.00     0    -1.4     495     0   0   0   0    -999.000  -999.000
0430  214.62   958.9     23.88     92.0     490   113    16.25    -14.96      6.33    13    -1.4     490     0   0   0   0      12.998   -66.644
0431  215.12   959.5     23.93     91.9     484   113    16.24    -14.98      6.26    13    -1.5     484     0   0   0   0      12.999   -66.644
0432  215.62   960.2     23.97     91.8     478   112    16.22    -15.00      6.18    13    -1.5     478     0   0   0   0      12.999   -66.644
0433  216.12   960.8     24.02     91.7     472  -999  -999.00   -999.00   -999.00     0    -1.5     472     0   0   0   0    -999.000  -999.000
0434  216.62   961.4     24.07     91.6     466   112    16.20    -15.04      6.02    13    -1.5     466     0   0   0   0      12.999   -66.644
0435  217.12   962.1     24.12     91.6     461  -999  -999.00   -999.00   -999.00     0    -1.5     461     0   0   0   0    -999.000  -999.000
0436  217.62   962.7     24.16     91.5     455   111    16.18    -15.08      5.87    13    -1.5     455     0   0   0   0      12.999   -66.644
0437  218.12   963.3     24.21     91.4     449  -999  -999.00   -999.00   -999.00     0    -1.5     449     0   0   0   0    -999.000  -999.000
0438  218.62   964.0     24.26     91.3     443   111    16.19    -15.14      5.76    13    -1.5     443     0   0   0   0      12.999   -66.644
0439  219.12   964.6     24.31     91.2     437   111    16.21    -15.17      5.72    13    -1.4     437     0   0   0   0      12.999   -66.644
0440  219.62   965.2     24.35     91.0     432   111    16.22    -15.20      5.68    13    -1.4     432     0   0   0   0      12.999   -66.644
0441  220.12   965.9     24.40     90.9     426   110    16.23    -15.22      5.65    13    -1.4     426     0   0   0   0      12.999   -66.644
0442  220.62   966.5     24.45     90.9     420   110    16.23    -15.22      5.63    13    -1.3     420     0   0   0   0      12.999   -66.644
0443  221.12   967.1     24.50     90.8     415   110    16.22    -15.21      5.61    13    -1.3     415     0   0   0   0      12.999   -66.645
0444  221.62   967.7     24.55     90.7     409  -999  -999.00   -999.00   -999.00     0    -1.2     409     0   0   0   0    -999.000  -999.000
0445  222.12   968.3     24.60     90.7     403   110    16.15    -15.15      5.61    12    -1.2     403     0   0   0   0      12.999   -66.645
0446  222.62   968.9     24.65     90.6     398   110    16.11    -15.10      5.62    13    -1.1     398     0   0   0   0      12.999   -66.645
0447  223.12   969.6     24.70     90.5     392   111    16.07    -15.04      5.64    13    -1.1     392     0   0   0   0      12.999   -66.645
0448  223.62   970.2     24.75     90.3     387   111    16.03    -14.99      5.67    13    -1.1     387     0   0   0   0      12.999   -66.645
0449  224.12   970.8     24.80     90.2     381  -999  -999.00   -999.00   -999.00     0    -1.1     381     0   0   0   0    -999.000  -999.000
0450  224.62   971.4     24.85     90.1     376  -999  -999.00   -999.00   -999.00     0    -1.1     376     0   0   0   0    -999.000  -999.000
0451  225.12   972.0     24.90     89.9     370   111    15.94    -14.86      5.77    13    -1.1     370     0   0   0   0      12.999   -66.645
0452  225.62  -999.0   -999.00   -999.0    -999   111    15.93    -14.84      5.79    13  -999.0    -999     0   0   0   0      12.999   -66.645
0453  226.12   973.2     25.00     89.6     359   111    15.92    -14.82      5.80    13    -1.1     359     0   0   0   0      12.999   -66.645
0454  226.62   973.8     25.05     89.4     353   111    15.91    -14.82      5.79    13    -1.2     353     0   0   0   0      12.999   -66.645
0455  227.12   974.4     25.10     89.2     348   111    15.90    -14.82      5.76    13    -1.2     348     0   0   0   0      12.999   -66.645
0456  227.62   975.1     25.15     89.0     342   111    15.89    -14.83      5.70    13    -1.2     342     0   0   0   0      12.999   -66.645
0457  228.12   975.7     25.21     88.9     337   111    15.88    -14.85      5.62    12    -1.3     337     0   0   0   0      12.999   -66.646
0458  228.62   976.3     25.26     88.7     331   110    15.87    -14.88      5.52    13    -1.3     331     0   0   0   0      12.999   -66.646
0459  229.12   976.9     25.31     88.5     325   110    15.85    -14.90      5.42    13    -1.3     325     0   0   0   0      12.999   -66.646
0460  229.62   977.6     25.36     88.3     319   110    15.84    -14.92      5.33    13    -1.3     319     0   0   0   0      12.999   -66.646
0461  230.12   978.2     25.42     88.1     314   109    15.82    -14.93      5.24    13    -1.3     314     0   0   0   0      12.999   -66.646
0462  230.62   978.8     25.47     88.0     308   109    15.81    -14.94      5.16    13    -1.2     308     0   0   0   0      12.999   -66.646
0463  231.12   979.4     25.52     87.8     303   109    15.78    -14.94      5.09    13    -1.2     303     0   0   0   0      12.999   -66.646
0464  231.62   980.1     25.58     87.6     297   109    15.77    -14.94      5.04    13    -1.1     297     0   0   0   0      12.999   -66.646
0465  232.12   980.7     25.63     87.4     292   109    15.75    -14.94      5.00    13    -1.1     292     0   0   0   0      12.999   -66.646
0466  232.62   981.3     25.68     87.2     286   108    15.74    -14.93      4.98    12    -1.0     286     0   0   0   0      12.999   -66.646
0467  233.12   981.9     25.74     87.0     281  -999  -999.00   -999.00   -999.00     0    -1.0     281     0   0   0   0    -999.000  -999.000
0468  233.62   982.5     25.79     86.9     275  -999  -999.00   -999.00   -999.00     0    -1.0     275     0   0   0   0    -999.000  -999.000
0469  234.12   983.1     25.84     86.7     270   108    15.76    -14.95      4.98    13    -1.0     270     0   0   0   0      12.999   -66.646
0470  234.62   983.7     25.89     86.5     264   108    15.77    -14.96      4.99    13    -1.0     264     0   0   0   0      13.000   -66.646
0471  235.12   984.3     25.95     86.3     259   108    15.79    -14.98      5.01    13    -1.0     259     0   0   0   0      13.000   -66.646
0472  235.62   984.9     26.00     86.1     253   109    15.82    -15.00      5.02    13    -1.0     253     0   0   0   0      13.000   -66.647
0473  236.12   985.5     26.05     85.9     248   109    15.86    -15.03      5.04    13    -1.0     248     0   0   0   0      13.000   -66.647
0474  236.62   986.2     26.10     85.7     242   109    15.90    -15.07      5.06    12    -1.0     242     0   0   0   0      13.000   -66.647
0475  237.12   986.8     26.15     85.5     237   109    15.94    -15.11      5.09    13    -1.1     237     0   0   0   0      13.000   -66.647
0476  237.62   987.4     26.20     85.2     231   109    15.99    -15.15      5.11    13    -1.1     231     0   0   0   0      13.000   -66.647
0477  238.12   988.0     26.26     85.0     226  -999  -999.00   -999.00   -999.00     0    -1.2     226     0   0   0   0    -999.000  -999.000
0478  238.62   988.6     26.31     84.8     220   109    16.08    -15.23      5.16     9    -1.2     220     0   0   0   0      13.000   -66.647
0479  239.12   989.2     26.36     84.5     214   109    16.12    -15.27      5.19    11    -1.2     214     0   0   0   0      13.000   -66.647
0480  239.62   989.9     26.41     84.3     209   109    16.16    -15.30      5.21    13    -1.3     209     0   0   0   0      13.000   -66.647
0481  240.12   990.5     26.46     84.1     203   109    16.19    -15.32      5.23    13    -1.3     203     0   0   0   0      13.000   -66.647
0482  240.62   991.1     26.52     84.0     198   109    16.21    -15.34      5.25    11    -1.3     198     0   0   0   0      13.000   -66.647
0483  241.12   991.8     26.57     83.8     192   109    16.22    -15.34      5.26    13    -1.3     192     0   0   0   0      13.000   -66.647
0484  241.62   992.4     26.62     83.7     186   109    16.21    -15.33      5.26    12    -1.4     186     0   0   0   0      13.000   -66.647
0485  242.12   993.0     26.68     83.6     181   109    16.18    -15.31      5.25    13    -1.4     181     0   0   0   0      13.000   -66.647
0486  242.62   993.7     26.73     83.5     175  -999  -999.00   -999.00   -999.00     0    -1.3     175     0   0   0   0    -999.000  -999.000
0487  243.12   994.3     26.78     83.4     169   109    16.10    -15.23      5.22    13    -1.3     169     0   0   0   0      13.000   -66.648
0488  243.62   994.9     26.84     83.3     164   109    16.04    -15.18      5.19    13    -1.3     164     0   0   0   0      13.000   -66.648
0489  244.12   995.6     26.89     83.2     158   109    16.00    -15.14      5.16    11    -1.3     158     0   0   0   0      13.000   -66.648
0490  244.62   996.2     26.95     83.1     152   109    15.96    -15.11      5.14    11    -1.3     152     0   0   0   0      13.000   -66.648
0491  245.12  -999.0   -999.00   -999.0    -999  -999  -999.00   -999.00   -999.00     0  -999.0    -999     0   0   0   0    -999.000  -999.000
0492  245.62   997.4     27.05     83.0     141   109    15.93    -15.09      5.10    13    -1.3     141     0   0   0   0      13.000   -66.648
0493  246.12   998.1     27.11     82.9     136   109    15.94    -15.11      5.08    12    -1.3     136     0   0   0   0      13.000   -66.648
0494  246.62   998.7     27.16     82.8     130  -999  -999.00   -999.00   -999.00     0    -1.3     130     0   0   0   0    -999.000  -999.000
0495  247.12   999.3     27.21     82.6     124   108    16.01    -15.19      5.06    13    -1.3     124     0   0   0   0      13.000   -66.648
0496  247.62  -999.0   -999.00   -999.0    -999  -999  -999.00   -999.00   -999.00     0  -999.0    -999     0   0   0   0    -999.000  -999.000
0497  248.12  1000.6     27.32     82.3     113  -999  -999.00   -999.00   -999.00     0    -1.4     113     0   0   0   0    -999.000  -999.000
0498  248.62  1001.2     27.37     82.1     107   108    16.16    -15.35      5.07    11    -1.5     107     0   0   0   0      13.000   -66.648
0499  249.12  1001.9     27.43     81.9     102   108    16.20    -15.38      5.08    13    -1.5     102     0   0   0   0      13.000   -66.648
0500  249.62  1002.5     27.48     81.7      96   108    16.22    -15.39      5.11    11    -1.6      96     0   0   0   0      13.000   -66.649
0501  250.12  1003.2     27.53     81.5      90  -999  -999.00   -999.00   -999.00     0    -1.6      90     0   0   0   0    -999.000  -999.000
0502  250.62  1003.8     27.59     81.2      84   109    16.15    -15.31      5.15    12    -1.6      84     0   0   0   0      13.000   -66.649
0503  251.12  1004.5     27.64     81.0      79   109    16.05    -15.20      5.16    11    -1.6      79     0   0   0   0      13.000   -66.649
0504  251.62  1005.1     27.69     80.8      73   109    15.88    -15.03      5.15    12    -1.6      73     0   0   0   0      13.000   -66.649
0505  252.12  1005.8     27.75     80.7      67  -999  -999.00   -999.00   -999.00     0    -1.6      67     0   0   0   0    -999.000  -999.000
0506  252.62  1006.4     27.80     80.6      61  -999  -999.00   -999.00   -999.00     0    -1.5      61     0   0   0   0    -999.000  -999.000
0507  253.12  1007.1     27.85     80.6      56  -999  -999.00   -999.00   -999.00     0    -1.5      56     0   0   0   0    -999.000  -999.000
0508  253.62  1007.7     27.91     80.6      50   110    14.74    -13.88      4.95    10    -1.4      50     0   0   0   0      13.000   -66.649
0509  254.12  1008.3     27.96     80.7      44   110    14.34    -13.49      4.88    10    -1.4      44     0   0   0   0      13.000   -66.649
0510  254.62  1009.0     28.01     80.8      39   110    13.96    -13.09      4.85    10    -1.3      39     0   0   0   0      13.000   -66.649
0511  255.12  1009.6     28.07     80.8      33   111    13.63    -12.73      4.86    11    -1.2      33     0   0   0   0      13.000   -66.649
0512  255.62  1010.2     28.12     80.9      28   111    13.38    -12.47      4.85     9    -1.2      28     0   0   0   0      13.000   -66.649
0513  256.12  1010.9     28.18     80.9      22   111    13.22    -12.30      4.82     9    -1.1      22     0   0   0   0      13.000   -66.649
0514  256.62  1011.5     28.23     80.9      17  -999  -999.00   -999.00   -999.00     0    -1.1      17     0   0   0   0    -999.000  -999.000
0515  257.12  1012.1     28.29     80.9      11  -999  -999.00   -999.00   -999.00     0    -1.1      11     0   0   0   0    -999.000  -999.000
0516  257.62  1012.7     28.34     80.8       6  -999  -999.00   -999.00   -999.00     0    -1.1       6     0   0   0   0    -999.000  -999.000
0517  258.16  1013.4     28.34     80.8       0  -999  -999.00   -999.00   -999.00  -999  -999.0       0     0   0   0   0    -999.000  -999.000
