 ===========================================================================
 DROPWINDSONDE PROCESSING RECORD                            Sonde: 054556292
 FRD file written by Aspen V3.4.8, 29 Jun 2023 18:51 UTC
 Aircraft: WP-3D Orion, N42RF                Date: 080815   Time: 200417 UTC
 ---------------------------------------------------------------------------
 Bias corrections:  PR =   0.0 mb  TE =   0.0 C  RH =   0.0 %  PRB =  0.0 mb
 Filters (LPF):     PTH = 
 Dyn RH correction = 
 Estimated PR used = 
 Dyn T correction  = 
 ---------------------------------------------------------------------------
 COMMENT: none, Good Drop
 ===========================================================================

 ===========================================================================
 Date: 080815   Lat:  16.68 N   TA:    8.0 C   PS:  669.4 mb   WD:   355 deg
 Time: 200417   Lon:  69.85 W   TD:    5.6 C   GA:   3548 m    WS:   6.1 m/s
 SID:  054556292                RH:   84.8 %   Navaid:   GP
 ===========================================================================

IX      t (s)  P (mb)    T (C)    RH (%)  Z (m)   WD    WS (m/s)   U (m/s)   V (m/s)  NS  WZ (m/s)  ZW (m)   FP  FT  FH  FW    LAT (N)   LON (E)
0001    0.42  -999.0   -999.00   -999.0    -999  -999  -999.00   -999.00   -999.00     0  -999.0    -999     0   0   0   0    -999.000  -999.000
0002    0.92  -999.0   -999.00   -999.0    -999  -999  -999.00   -999.00   -999.00     0  -999.0    -999     0   0   0   0    -999.000  -999.000
0003    1.42  -999.0   -999.00   -999.0    -999  -999  -999.00   -999.00   -999.00     0  -999.0    -999     0   0   0   0    -999.000  -999.000
0004    1.92  -999.0   -999.00   -999.0    -999  -999  -999.00   -999.00   -999.00     0  -999.0    -999     0   0   0   0    -999.000  -999.000
0005    2.42  -999.0   -999.00   -999.0    -999  -999  -999.00   -999.00   -999.00     0  -999.0    -999     0   0   0   0    -999.000  -999.000
0006    2.92  -999.0   -999.00   -999.0    -999  -999  -999.00   -999.00   -999.00     0  -999.0    -999     0   0   0   0    -999.000  -999.000
0007    3.42  -999.0   -999.00   -999.0    -999  -999  -999.00   -999.00   -999.00     0  -999.0    -999     0   0   0   0    -999.000  -999.000
0008    3.92  -999.0   -999.00   -999.0    -999  -999  -999.00   -999.00   -999.00     0  -999.0    -999     0   0   0   0    -999.000  -999.000
0009    4.42  -999.0   -999.00   -999.0    -999  -999  -999.00   -999.00   -999.00     0  -999.0    -999     0   0   0   0    -999.000  -999.000
0010    4.92  -999.0   -999.00   -999.0    -999  -999  -999.00   -999.00   -999.00     0  -999.0    -999     0   0   0   0    -999.000  -999.000
0011    5.42  -999.0   -999.00   -999.0    -999  -999  -999.00   -999.00   -999.00     0  -999.0    -999     0   0   0   0    -999.000  -999.000
0012    5.92  -999.0   -999.00   -999.0    -999  -999  -999.00   -999.00   -999.00     0  -999.0    -999     0   0   0   0    -999.000  -999.000
0013    6.42  -999.0   -999.00   -999.0    -999  -999  -999.00   -999.00   -999.00     0  -999.0    -999     0   0   0   0    -999.000  -999.000
0014    6.92  -999.0   -999.00   -999.0    -999  -999  -999.00   -999.00   -999.00     0  -999.0    -999     0   0   0   0    -999.000  -999.000
0015    7.42  -999.0   -999.00   -999.0    -999  -999  -999.00   -999.00   -999.00     0  -999.0    -999     0   0   0   0    -999.000  -999.000
0016    7.92  -999.0   -999.00   -999.0    -999  -999  -999.00   -999.00   -999.00     0  -999.0    -999     0   0   0   0    -999.000  -999.000
0017    8.42  -999.0   -999.00   -999.0    -999  -999  -999.00   -999.00   -999.00     0  -999.0    -999     0   0   0   0    -999.000  -999.000
0018    8.92  -999.0   -999.00   -999.0    -999  -999  -999.00   -999.00   -999.00     0  -999.0    -999     0   0   0   0    -999.000  -999.000
0019    9.42  -999.0   -999.00   -999.0    -999  -999  -999.00   -999.00   -999.00     0  -999.0    -999     0   0   0   0    -999.000  -999.000
0020    9.92  -999.0   -999.00   -999.0    -999  -999  -999.00   -999.00   -999.00     0  -999.0    -999     0   0   0   0    -999.000  -999.000
0021   10.42  -999.0   -999.00   -999.0    -999  -999  -999.00   -999.00   -999.00     0  -999.0    -999     0   0   0   0    -999.000  -999.000
0022   10.92  -999.0   -999.00   -999.0    -999  -999  -999.00   -999.00   -999.00     0  -999.0    -999     0   0   0   0    -999.000  -999.000
0023   11.42  -999.0   -999.00   -999.0    -999  -999  -999.00   -999.00   -999.00     0  -999.0    -999     0   0   0   0    -999.000  -999.000
0024   11.92  -999.0   -999.00   -999.0    -999  -999  -999.00   -999.00   -999.00     0  -999.0    -999     0   0   0   0    -999.000  -999.000
0025   12.42  -999.0   -999.00   -999.0    -999  -999  -999.00   -999.00   -999.00     0  -999.0    -999     0   0   0   0    -999.000  -999.000
0026   12.92  -999.0   -999.00   -999.0    -999  -999  -999.00   -999.00   -999.00     0  -999.0    -999     0   0   0   0    -999.000  -999.000
0027   13.42  -999.0   -999.00   -999.0    -999  -999  -999.00   -999.00   -999.00     0  -999.0    -999     0   0   0   0    -999.000  -999.000
0028   13.92  -999.0   -999.00   -999.0    -999  -999  -999.00   -999.00   -999.00     0  -999.0    -999     0   0   0   0    -999.000  -999.000
0029   14.42  -999.0   -999.00   -999.0    -999  -999  -999.00   -999.00   -999.00     0  -999.0    -999     0   0   0   0    -999.000  -999.000
0030   14.92   686.3      8.63   -999.0    3322  -999  -999.00   -999.00   -999.00     0    -1.6    3322     0   0   0   0    -999.000  -999.000
0031   15.42   686.9      8.64   -999.0    3316  -999  -999.00   -999.00   -999.00     0    -1.6    3316     0   0   0   0    -999.000  -999.000
0032   15.92   687.4      8.66   -999.0    3309  -999  -999.00   -999.00   -999.00     0    -1.6    3309     0   0   0   0    -999.000  -999.000
0033   16.42   688.0      8.68   -999.0    3302  -999  -999.00   -999.00   -999.00     0    -1.7    3302     0   0   0   0    -999.000  -999.000
0034   16.92   688.5      8.70   -999.0    3296  -999  -999.00   -999.00   -999.00     0    -1.7    3296     0   0   0   0    -999.000  -999.000
0035   17.42   689.1      8.72   -999.0    3289  -999  -999.00   -999.00   -999.00     0    -1.7    3289     0   0   0   0    -999.000  -999.000
0036   17.92   689.6      8.74   -999.0    3283  -999  -999.00   -999.00   -999.00     0    -1.7    3283     0   0   0   0    -999.000  -999.000
0037   18.42   690.2      8.76   -999.0    3276  -999  -999.00   -999.00   -999.00     0    -1.6    3276     0   0   0   0    -999.000  -999.000
0038   18.92   690.7      8.77   -999.0    3269  -999  -999.00   -999.00   -999.00     0    -1.6    3269     0   0   0   0    -999.000  -999.000
0039   19.42   691.3      8.78   -999.0    3263  -999  -999.00   -999.00   -999.00     0    -1.7    3263     0   0   0   0    -999.000  -999.000
0040   19.92   691.8      8.79   -999.0    3256  -999  -999.00   -999.00   -999.00     0    -1.7    3256     0   0   0   0    -999.000  -999.000
0041   20.42   692.4      8.79   -999.0    3250  -999  -999.00   -999.00   -999.00     0    -1.7    3250     0   0   0   0    -999.000  -999.000
0042   20.92   692.9      8.79   -999.0    3243  -999  -999.00   -999.00   -999.00     0    -1.7    3243     0   0   0   0    -999.000  -999.000
0043   21.42   693.5      8.78   -999.0    3236  -999  -999.00   -999.00   -999.00     0    -1.7    3236     0   0   0   0    -999.000  -999.000
0044   21.92   694.0      8.78   -999.0    3230  -999  -999.00   -999.00   -999.00     0    -1.8    3230     0   0   0   0    -999.000  -999.000
0045   22.42   694.6      8.78   -999.0    3223  -999  -999.00   -999.00   -999.00     0    -1.8    3223     0   0   0   0    -999.000  -999.000
0046   22.92   695.2      8.78   -999.0    3216  -999  -999.00   -999.00   -999.00     0    -1.8    3216     0   0   0   0    -999.000  -999.000
0047   23.42   695.7      8.78   -999.0    3210  -999  -999.00   -999.00   -999.00     0    -1.8    3210     0   0   0   0    -999.000  -999.000
0048   23.92   696.3      8.79   -999.0    3203  -999  -999.00   -999.00   -999.00     0    -1.8    3203     0   0   0   0    -999.000  -999.000
0049   24.42   696.8      8.81   -999.0    3196  -999  -999.00   -999.00   -999.00     0    -1.8    3196     0   0   0   0    -999.000  -999.000
0050   24.92   697.4      8.83   -999.0    3190  -999  -999.00   -999.00   -999.00     0    -1.8    3190     0   0   0   0    -999.000  -999.000
0051   25.42   698.0      8.85   -999.0    3183  -999  -999.00   -999.00   -999.00     0    -1.8    3183     0   0   0   0    -999.000  -999.000
0052   25.92   698.5      8.88   -999.0    3176  -999  -999.00   -999.00   -999.00     0    -1.7    3176     0   0   0   0    -999.000  -999.000
0053   26.42   699.1      8.91   -999.0    3170  -999  -999.00   -999.00   -999.00     0    -1.7    3170     0   0   0   0    -999.000  -999.000
0054   26.92   699.6      8.94   -999.0    3163  -999  -999.00   -999.00   -999.00     0    -1.7    3163     0   0   0   0    -999.000  -999.000
0055   27.42   700.2      8.98   -999.0    3157  -999  -999.00   -999.00   -999.00     0    -1.7    3157     0   0   0   0    -999.000  -999.000
0056   27.92   700.7      9.02     96.2    3150  -999  -999.00   -999.00   -999.00     0    -1.7    3150     0   0   0   0    -999.000  -999.000
0057   28.42   701.3      9.06     96.0    3143  -999  -999.00   -999.00   -999.00     0    -1.7    3143     0   0   0   0    -999.000  -999.000
0058   28.92   701.8      9.10     95.7    3137  -999  -999.00   -999.00   -999.00     0    -1.6    3137     0   0   0   0    -999.000  -999.000
0059   29.42   702.4      9.14     95.5    3130  -999  -999.00   -999.00   -999.00     0    -1.6    3130     0   0   0   0    -999.000  -999.000
0060   29.92   703.0      9.19     95.3    3124  -999  -999.00   -999.00   -999.00     4    -1.5    3124     0   0   0   0    -999.000  -999.000
0061   30.42   703.5      9.23     95.1    3117  -999  -999.00   -999.00   -999.00     4    -1.5    3117     0   0   0   0    -999.000  -999.000
0062   30.92   704.1      9.28     95.0    3111  -999  -999.00   -999.00   -999.00     4    -1.4    3111     0   0   0   0    -999.000  -999.000
0063   31.42   704.6      9.33     94.8    3104  -999  -999.00   -999.00   -999.00     4    -1.4    3104     0   0   0   0    -999.000  -999.000
0064   31.92   705.1      9.38     94.7    3098  -999  -999.00   -999.00   -999.00     4    -1.4    3098     0   0   0   0    -999.000  -999.000
0065   32.42   705.7      9.43     94.5    3091  -999  -999.00   -999.00   -999.00     4    -1.3    3091     0   0   0   0    -999.000  -999.000
0066   32.92   706.2      9.49     94.4    3085  -999  -999.00   -999.00   -999.00     4    -1.3    3085     0   0   0   0    -999.000  -999.000
0067   33.42   706.8      9.54     94.3    3079  -999  -999.00   -999.00   -999.00     4    -1.3    3079     0   0   0   0    -999.000  -999.000
0068   33.92   707.3      9.59     94.1    3072  -999  -999.00   -999.00   -999.00     4    -1.3    3072     0   0   0   0    -999.000  -999.000
0069   34.42   707.8      9.64     93.9    3066  -999  -999.00   -999.00   -999.00     4    -1.3    3066     0   0   0   0    -999.000  -999.000
0070   34.92   708.4      9.69     93.8    3060  -999  -999.00   -999.00   -999.00     4    -1.3    3060     0   0   0   0    -999.000  -999.000
0071   35.42   708.9      9.74     93.6    3053  -999  -999.00   -999.00   -999.00     4    -1.4    3053     0   0   0   0    -999.000  -999.000
0072   35.92   709.5      9.79     93.5    3047  -999  -999.00   -999.00   -999.00     5    -1.4    3047     0   0   0   0    -999.000  -999.000
0073   36.42   710.0      9.84     93.3    3040  -999  -999.00   -999.00   -999.00     5    -1.5    3040     0   0   0   0    -999.000  -999.000
0074   36.92   710.6      9.88     93.2    3034     6     5.73     -0.64     -5.69     8    -1.5    3034     0   0   0   0      16.677   -69.848
0075   37.42   711.1      9.92     93.1    3027     6     5.75     -0.56     -5.72     9    -1.5    3027     0   0   0   0      16.677   -69.848
0076   37.92   711.7      9.96     93.0    3021     5     5.77     -0.46     -5.76     9    -1.6    3021     0   0   0   0      16.677   -69.848
0077   38.42   712.2     10.00     92.9    3014     4     5.79     -0.37     -5.78     9    -1.6    3014     0   0   0   0      16.677   -69.848
0078   38.92   712.8     10.04     92.8    3008     3     5.80     -0.28     -5.79     9    -1.6    3008     0   0   0   0      16.677   -69.848
0079   39.42   713.4     10.08     92.8    3001     2     5.79     -0.18     -5.78     9    -1.6    3001     0   0   0   0      16.677   -69.848
0080   39.92   713.9     10.11     92.7    2995     1     5.77     -0.09     -5.77     9    -1.6    2995     0   0   0   0      16.677   -69.848
0081   40.42   714.5     10.15     92.6    2988   360     5.75      0.02     -5.75     9    -1.6    2988     0   0   0   0      16.677   -69.848
0082   40.92   715.0     10.18     92.6    2982   359     5.73      0.12     -5.73     9    -1.7    2982     0   0   0   0      16.677   -69.848
0083   41.42   715.6     10.22     92.5    2975   358     5.71      0.23     -5.71     9    -1.7    2975     0   0   0   0      16.677   -69.848
0084   41.92   716.1     10.25     92.5    2969   357     5.70      0.34     -5.69    11    -1.7    2969     0   0   0   0      16.677   -69.848
0085   42.42   716.7     10.29     92.5    2962   356     5.71      0.44     -5.69    11    -1.7    2962     0   0   0   0      16.677   -69.848
0086   42.92   717.3     10.32     92.5    2956   355     5.73      0.54     -5.70    11    -1.7    2956     0   0   0   0      16.677   -69.848
0087   43.42   717.8     10.35     92.6    2949   354     5.75      0.63     -5.72    11    -1.7    2949     0   0   0   0      16.677   -69.848
0088   43.92   718.4     10.39     92.7    2943   353     5.79      0.71     -5.74    11    -1.7    2943     0   0   0   0      16.677   -69.848
0089   44.42   719.0     10.42     92.8    2936   352     5.83      0.78     -5.77    11    -1.7    2936     0   0   0   0      16.677   -69.848
0090   44.92   719.5     10.44     92.9    2930   352     5.86      0.85     -5.80    11    -1.7    2930     0   0   0   0      16.677   -69.848
0091   45.42   720.1     10.47     93.0    2923   351     5.89      0.91     -5.82    11    -1.7    2923     0   0   0   0      16.677   -69.848
0092   45.92   720.7     10.50     93.1    2916   351     5.91      0.96     -5.84    11    -1.7    2916     0   0   0   0      16.677   -69.848
0093   46.42   721.2     10.52     93.3    2910   350     5.93      1.00     -5.84    11    -1.7    2910     0   0   0   0      16.677   -69.848
0094   46.92   721.8     10.55     93.4    2903   350     5.93      1.04     -5.84    11    -1.7    2903     0   0   0   0      16.677   -69.848
0095   47.42   722.3     10.57     93.7    2897   350     5.93      1.07     -5.83    11    -1.7    2897     0   0   0   0      16.677   -69.848
0096   47.92   722.9     10.59     94.0    2890   349     5.92      1.09     -5.82    11    -1.7    2890     0   0   0   0      16.677   -69.848
0097   48.42   723.5     10.61     94.4    2884   349     5.91      1.11     -5.80    11    -1.6    2884     0   0   0   0      16.677   -69.848
0098   48.92   724.0     10.63     94.8    2877  -999  -999.00   -999.00   -999.00     0    -1.6    2877     0   0   0   0    -999.000  -999.000
0099   49.42   724.6     10.64     95.3    2871   349     5.90      1.14     -5.79    11    -1.6    2871     0   0   0   0      16.677   -69.848
0100   49.92   725.2     10.65     95.8    2864   349     5.90      1.16     -5.79    11    -1.5    2864     0   0   0   0      16.677   -69.848
0101   50.42   725.7     10.66     96.3    2858   348     5.91      1.18     -5.79    11    -1.5    2858     0   0   0   0      16.677   -69.848
0102   50.92   726.3     10.67     96.8    2852   348     5.93      1.21     -5.80    11    -1.4    2852     0   0   0   0      16.677   -69.848
0103   51.42   726.8     10.67     97.3    2845   348     5.94      1.23     -5.81    11    -1.4    2845     0   0   0   0      16.677   -69.848
0104   51.92   727.4     10.68     97.7    2839  -999  -999.00   -999.00   -999.00     0    -1.4    2839     0   0   0   0    -999.000  -999.000
0105   52.42   727.9     10.68     98.0    2833   348     5.98      1.29     -5.84    11    -1.4    2833     0   0   0   0      16.677   -69.848
0106   52.92   728.5     10.70     98.3    2826   347     5.99      1.32     -5.85    11    -1.3    2826     0   0   0   0      16.677   -69.848
0107   53.42   729.0     10.71     98.4    2820   347     6.01      1.34     -5.85    11    -1.3    2820     0   0   0   0      16.676   -69.848
0108   53.92   729.6     10.73     98.5    2814   347     6.02      1.37     -5.86    11    -1.3    2814     0   0   0   0      16.676   -69.848
0109   54.42   730.1     10.76     98.6    2807   346     6.03      1.41     -5.86    11    -1.3    2807     0   0   0   0      16.676   -69.848
0110   54.92   730.7     10.79     98.7    2801   346     6.05      1.45     -5.87    11    -1.3    2801     0   0   0   0      16.676   -69.848
0111   55.42   731.2     10.82     98.7    2795   346     6.08      1.49     -5.89    11    -1.3    2795     0   0   0   0      16.676   -69.848
0112   55.92   731.8     10.86     98.8    2788   345     6.12      1.54     -5.92    11    -1.4    2788     0   0   0   0      16.676   -69.848
0113   56.42   732.3     10.90     98.9    2782   345     6.16      1.60     -5.95    11    -1.4    2782     0   0   0   0      16.676   -69.848
0114   56.92   732.9     10.94     98.9    2776   345     6.20      1.66     -5.98    11    -1.4    2776     0   0   0   0      16.676   -69.848
0115   57.42   733.4     10.99     99.0    2769   344     6.24      1.72     -6.00    11    -1.5    2769     0   0   0   0      16.676   -69.848
0116   57.92   734.0     11.03     99.1    2763   344     6.28      1.78     -6.02    11    -1.5    2763     0   0   0   0      16.676   -69.848
0117   58.42   734.6     11.07     99.2    2757   343     6.31      1.84     -6.04    11    -1.6    2757     0   0   0   0      16.676   -69.848
0118   58.92   735.1     11.12     99.3    2750   343     6.33      1.89     -6.04    11    -1.6    2750     0   0   0   0      16.676   -69.848
0119   59.42   735.7     11.16     99.3    2744  -999  -999.00   -999.00   -999.00     0    -1.6    2744     0   0   0   0    -999.000  -999.000
0120   59.92   736.3     11.21     99.3    2737   342     6.32      1.99     -6.00    12    -1.7    2737     0   0   0   0      16.676   -69.848
0121   60.42  -999.0   -999.00   -999.0    -999   341     6.30      2.03     -5.97    12  -999.0    -999     0   0   0   0      16.676   -69.848
0122   60.92   737.4     11.29     99.2    2724   341     6.27      2.06     -5.92    12    -1.7    2724     0   0   0   0      16.676   -69.848
0123   61.42   738.0     11.34     99.1    2718   341     6.24      2.08     -5.88    12    -1.8    2718     0   0   0   0      16.676   -69.848
0124   61.92   738.5     11.38     99.0    2711   340     6.20      2.09     -5.84    12    -1.8    2711     0   0   0   0      16.676   -69.848
0125   62.42   739.1     11.43     98.9    2705   340     6.17      2.09     -5.80    12    -1.8    2705     0   0   0   0      16.676   -69.848
0126   62.92   739.7     11.48     98.8    2698   340     6.13      2.08     -5.77    12    -1.8    2698     0   0   0   0      16.676   -69.848
0127   63.42   740.3     11.53     98.6    2692  -999  -999.00   -999.00   -999.00     0    -1.8    2692     0   0   0   0    -999.000  -999.000
0128   63.92   740.8     11.58     98.5    2685   340     6.08      2.04     -5.73    12    -1.8    2685     0   0   0   0      16.676   -69.848
0129   64.42   741.4     11.64     98.4    2679   341     6.05      2.00     -5.71    12    -1.8    2679     0   0   0   0      16.676   -69.848
0130   64.92   742.0     11.69     98.2    2672  -999  -999.00   -999.00   -999.00     0    -1.8    2672     0   0   0   0    -999.000  -999.000
0131   65.42   742.6     11.74     98.1    2666  -999  -999.00   -999.00   -999.00     0    -1.8    2666     0   0   0   0    -999.000  -999.000
0132   65.92   743.1     11.79     97.9    2659  -999  -999.00   -999.00   -999.00     0    -1.8    2659     0   0   0   0    -999.000  -999.000
0133   66.42   743.7     11.84     97.8    2653  -999  -999.00   -999.00   -999.00     0    -1.8    2653     0   0   0   0    -999.000  -999.000
0134   66.92   744.3     11.89     97.6    2646  -999  -999.00   -999.00   -999.00     0    -1.8    2646     0   0   0   0    -999.000  -999.000
0135   67.42   744.9     11.95     97.4    2640  -999  -999.00   -999.00   -999.00     0    -1.8    2640     0   0   0   0    -999.000  -999.000
0136   67.92   745.4     12.00     97.2    2633  -999  -999.00   -999.00   -999.00     0    -1.8    2633     0   0   0   0    -999.000  -999.000
0137   68.42   746.0     12.05     97.0    2627  -999  -999.00   -999.00   -999.00     0    -1.8    2627     0   0   0   0    -999.000  -999.000
0138   68.92   746.6     12.11     96.8    2620  -999  -999.00   -999.00   -999.00     0    -1.8    2620     0   0   0   0    -999.000  -999.000
0139   69.42   747.2     12.16     96.6    2614  -999  -999.00   -999.00   -999.00     0    -1.8    2614     0   0   0   0    -999.000  -999.000
0140   69.92   747.7     12.22     96.5    2607   342     5.61      1.74     -5.33    12    -1.9    2607     0   0   0   0      16.676   -69.848
0141   70.42   748.3     12.27     96.3    2601   341     5.56      1.77     -5.27    12    -1.9    2601     0   0   0   0      16.676   -69.848
0142   70.92   748.9     12.32     96.2    2594   341     5.51      1.81     -5.20    12    -2.0    2594     0   0   0   0      16.676   -69.848
0143   71.42   749.5     12.37     96.1    2588   340     5.46      1.86     -5.13    12    -2.0    2588     0   0   0   0      16.676   -69.848
0144   71.92  -999.0   -999.00   -999.0    -999   339     5.41      1.92     -5.05    12  -999.0    -999     0   0   0   0      16.676   -69.848
0145   72.42   750.7     12.46     96.1    2574   338     5.36      1.97     -4.98    12    -2.1    2574     0   0   0   0      16.675   -69.848
0146   72.92   751.3     12.51     96.0    2568  -999  -999.00   -999.00   -999.00     0    -2.2    2568     0   0   0   0    -999.000  -999.000
0147   73.42   751.9     12.55     95.9    2561  -999  -999.00   -999.00   -999.00     0    -2.2    2561     0   0   0   0    -999.000  -999.000
0148   73.92   752.5     12.60     95.8    2554  -999  -999.00   -999.00   -999.00     0    -2.3    2554     0   0   0   0    -999.000  -999.000
0149   74.42   753.1     12.64     95.7    2548  -999  -999.00   -999.00   -999.00     0    -2.3    2548     0   0   0   0    -999.000  -999.000
0150   74.92   753.7     12.68     95.5    2541   336     5.14      2.13     -4.68    12    -2.3    2541     0   0   0   0      16.675   -69.847
0151   75.42   754.3     12.73     95.3    2534  -999  -999.00   -999.00   -999.00     0    -2.3    2534     0   0   0   0    -999.000  -999.000
0152   75.92   754.9     12.78     95.1    2527   335     5.06      2.10     -4.60    12    -2.3    2527     0   0   0   0      16.675   -69.847
0153   76.42   755.5     12.82     94.9    2521   336     5.02      2.07     -4.57    12    -2.3    2521     0   0   0   0      16.675   -69.847
0154   76.92   756.1     12.87     94.8    2514   336     4.97      2.03     -4.54    12    -2.3    2514     0   0   0   0      16.675   -69.847
0155   77.42  -999.0   -999.00   -999.0    -999   336     4.93      1.99     -4.51    12  -999.0    -999     0   0   0   0      16.675   -69.847
0156   77.92   757.3     12.96     94.8    2500  -999  -999.00   -999.00   -999.00     0    -2.4    2500     0   0   0   0    -999.000  -999.000
0157   78.42   757.9     13.00     95.0    2494   337     4.82      1.92     -4.42    12    -2.4    2494     0   0   0   0      16.675   -69.847
0158   78.92   758.5     13.03     95.3    2487  -999  -999.00   -999.00   -999.00     0    -2.4    2487     0   0   0   0    -999.000  -999.000
0159   79.42   759.1     13.06     95.7    2480   336     4.69      1.87     -4.30    12    -2.4    2480     0   0   0   0      16.675   -69.847
0160   79.92   759.7     13.09   -999.0    2473   336     4.61      1.86     -4.22    12    -2.4    2473     0   0   0   0      16.675   -69.847
0161   80.42   760.3     13.11   -999.0    2467   336     4.52      1.86     -4.12    12    -2.4    2467     0   0   0   0      16.675   -69.847
0162   80.92   760.9     13.12     97.2    2460  -999  -999.00   -999.00   -999.00     0    -2.4    2460     0   0   0   0    -999.000  -999.000
0163   81.42   761.5     13.14     97.6    2453   334     4.31      1.86     -3.88    12    -2.4    2453     0   0   0   0      16.675   -69.847
0164   81.92   762.1     13.16     97.9    2447  -999  -999.00   -999.00   -999.00     0    -2.3    2447     0   0   0   0    -999.000  -999.000
0165   82.42   762.7     13.17     98.0    2440   332     4.07      1.89     -3.61    12    -2.3    2440     0   0   0   0      16.675   -69.847
0166   82.92   763.4     13.19     98.1    2433  -999  -999.00   -999.00   -999.00     0    -2.3    2433     0   0   0   0    -999.000  -999.000
0167   83.42   764.0     13.22     98.1    2426  -999  -999.00   -999.00   -999.00     0    -2.3    2426     0   0   0   0    -999.000  -999.000
0168   83.92   764.6     13.24     98.0    2420   328     3.79      1.99     -3.23    12    -2.2    2420     0   0   0   0      16.675   -69.847
0169   84.42   765.2     13.27     97.9    2413   327     3.73      2.03     -3.13    12    -2.2    2413     0   0   0   0      16.675   -69.847
0170   84.92   765.8     13.31     97.8    2406  -999  -999.00   -999.00   -999.00     0    -2.1    2406     0   0   0   0    -999.000  -999.000
0171   85.42   766.4     13.34     97.7    2400  -999  -999.00   -999.00   -999.00     0    -2.1    2400     0   0   0   0    -999.000  -999.000
0172   85.92   767.0     13.38     97.7    2393   324     3.66      2.15     -2.96    12    -2.0    2393     0   0   0   0      16.675   -69.847
0173   86.42   767.5     13.42     97.7    2387   323     3.67      2.20     -2.94    12    -2.0    2387     0   0   0   0      16.675   -69.847
0174   86.92   768.1     13.46     97.8    2380   322     3.69      2.25     -2.92    12    -2.0    2380     0   0   0   0      16.675   -69.847
0175   87.42   768.7     13.50     97.8    2374   322     3.72      2.31     -2.91    12    -2.0    2374     0   0   0   0      16.675   -69.847
0176   87.92   769.3     13.54     97.9    2367   321     3.76      2.37     -2.91    12    -1.9    2367     0   0   0   0      16.675   -69.847
0177   88.42   769.9     13.58     98.0    2361  -999  -999.00   -999.00   -999.00     0    -1.9    2361     0   0   0   0    -999.000  -999.000
0178   88.92   770.5     13.61     98.0    2354  -999  -999.00   -999.00   -999.00     0    -1.9    2354     0   0   0   0    -999.000  -999.000
0179   89.42   771.1     13.65     98.0    2348   317     3.92      2.66     -2.88    12    -1.9    2348     0   0   0   0      16.675   -69.847
0180   89.92   771.7     13.69     98.0    2341   316     3.99      2.78     -2.86    12    -1.9    2341     0   0   0   0      16.675   -69.847
0181   90.42   772.3     13.73     98.1    2335  -999  -999.00   -999.00   -999.00     0    -1.9    2335     0   0   0   0    -999.000  -999.000
0182   90.92   772.9     13.77     98.1    2328   313     4.12      3.02     -2.80    12    -1.9    2328     0   0   0   0      16.675   -69.847
0183   91.42   773.5     13.81     98.1    2322  -999  -999.00   -999.00   -999.00     0    -1.8    2322     0   0   0   0    -999.000  -999.000
0184   91.92   774.0     13.84     98.2    2315   310     4.21      3.23     -2.71    12    -1.8    2315     0   0   0   0      16.675   -69.847
0185   92.42   774.6     13.88     98.3    2309   309     4.22      3.29     -2.65    12    -1.8    2309     0   0   0   0      16.675   -69.847
0186   92.92   775.2     13.92     98.4    2303   308     4.21      3.33     -2.59    12    -1.7    2303     0   0   0   0      16.675   -69.847
0187   93.42   775.8     13.95     98.5    2296   307     4.19      3.34     -2.52    12    -1.7    2296     0   0   0   0      16.675   -69.847
0188   93.92   776.4     13.98     98.7    2290  -999  -999.00   -999.00   -999.00     0    -1.6    2290     0   0   0   0    -999.000  -999.000
0189   94.42   777.0     14.01     98.8    2284  -999  -999.00   -999.00   -999.00     0    -1.6    2284     0   0   0   0    -999.000  -999.000
0190   94.92   777.5     14.03     99.0    2277   305     4.03      3.31     -2.30    12    -1.6    2277     0   0   0   0      16.675   -69.847
0191   95.42   778.1     14.06     99.2    2271  -999  -999.00   -999.00   -999.00     0    -1.6    2271     0   0   0   0    -999.000  -999.000
0192   95.92   778.7     14.08     99.3    2265   303     3.88      3.25     -2.13    12    -1.6    2265     0   0   0   0      16.675   -69.847
0193   96.42   779.3     14.10     99.4    2259  -999  -999.00   -999.00   -999.00     0    -1.6    2259     0   0   0   0    -999.000  -999.000
0194   96.92   779.8     14.12     99.6    2252   301     3.73      3.18     -1.95    12    -1.6    2252     0   0   0   0      16.675   -69.847
0195   97.42   780.4     14.14     99.7    2246   301     3.66      3.15     -1.86    12    -1.7    2246     0   0   0   0      16.675   -69.847
0196   97.92   781.0     14.17     99.7    2240   300     3.60      3.12     -1.79    12    -1.7    2240     0   0   0   0      16.675   -69.847
0197   98.42  -999.0   -999.00   -999.0    -999   299     3.54      3.10     -1.72    12  -999.0    -999     0   0   0   0      16.675   -69.847
0198   98.92   782.2     14.22     99.8    2227  -999  -999.00   -999.00   -999.00     0    -1.7    2227     0   0   0   0    -999.000  -999.000
0199   99.42   782.8     14.25     99.8    2221  -999  -999.00   -999.00   -999.00     0    -1.7    2221     0   0   0   0    -999.000  -999.000
0200   99.92   783.4     14.28     99.9    2214   297     3.44      3.07     -1.55    12    -1.7    2214     0   0   0   0      16.675   -69.847
0201  100.42   783.9     14.31     99.9    2208  -999  -999.00   -999.00   -999.00     0    -1.7    2208     0   0   0   0    -999.000  -999.000
0202  100.92   784.5     14.34     99.9    2201   295     3.40      3.08     -1.43    11    -1.7    2201     0   0   0   0      16.675   -69.847
0203  101.42   785.1     14.37     99.9    2195   294     3.38      3.09     -1.36    11    -1.7    2195     0   0   0   0      16.675   -69.847
0204  101.92   785.7     14.40    100.0    2189   292     3.35      3.10     -1.28    11    -1.7    2189     0   0   0   0      16.675   -69.847
0205  102.42   786.3     14.43    100.0    2183   291     3.32      3.10     -1.18    11    -1.6    2183     0   0   0   0      16.675   -69.847
0206  102.92   786.9     14.46    100.0    2176   289     3.27      3.09     -1.08    12    -1.6    2176     0   0   0   0      16.675   -69.847
0207  103.42   787.4     14.49    100.0    2170  -999  -999.00   -999.00   -999.00     0    -1.6    2170     0   0   0   0    -999.000  -999.000
0208  103.92   788.0     14.52    100.0    2164  -999  -999.00   -999.00   -999.00     0    -1.6    2164     0   0   0   0    -999.000  -999.000
0209  104.42   788.6     14.56    100.0    2158   284     3.08      2.99     -0.73    12    -1.6    2158     0   0   0   0      16.675   -69.847
0210  104.92   789.2     14.59    100.0    2151   282     3.01      2.94     -0.64    12    -1.6    2151     0   0   0   0      16.675   -69.847
0211  105.42   789.8     14.62    100.0    2145  -999  -999.00   -999.00   -999.00     0    -1.6    2145     0   0   0   0    -999.000  -999.000
0212  105.92   790.3     14.66    100.0    2139  -999  -999.00   -999.00   -999.00     0    -1.6    2139     0   0   0   0    -999.000  -999.000
0213  106.42   790.9     14.69    100.0    2132   279     2.79      2.76     -0.44    12    -1.6    2132     0   0   0   0      16.675   -69.847
0214  106.92   791.5     14.72    100.0    2126   279     2.74      2.71     -0.42    12    -1.6    2126     0   0   0   0      16.675   -69.847
0215  107.42   792.1     14.76    100.0    2120  -999  -999.00   -999.00   -999.00     0    -1.5    2120     0   0   0   0    -999.000  -999.000
0216  107.92   792.7     14.80    100.0    2114  -999  -999.00   -999.00   -999.00     0    -1.5    2114     0   0   0   0    -999.000  -999.000
0217  108.42   793.3     14.84    100.0    2107   279     2.64      2.61     -0.42    12    -1.5    2107     0   0   0   0      16.675   -69.847
0218  108.92   793.8     14.88    100.0    2101   280     2.62      2.59     -0.44    12    -1.5    2101     0   0   0   0      16.675   -69.847
0219  109.42   794.4     14.92    100.0    2095   281     2.60      2.56     -0.48    12    -1.4    2095     0   0   0   0      16.675   -69.847
0220  109.92   795.0     14.96    100.0    2089   282     2.58      2.53     -0.52    12    -1.4    2089     0   0   0   0      16.675   -69.847
0221  110.42   795.6     15.00    100.0    2083  -999  -999.00   -999.00   -999.00     0    -1.4    2083     0   0   0   0    -999.000  -999.000
0222  110.92   796.1     15.03    100.0    2077  -999  -999.00   -999.00   -999.00     0    -1.4    2077     0   0   0   0    -999.000  -999.000
0223  111.42   796.7     15.07    100.0    2071   285     2.50      2.42     -0.63    11    -1.4    2071     0   0   0   0      16.675   -69.847
0224  111.92   797.3     15.10    100.0    2064   285     2.45      2.37     -0.64    12    -1.4    2064     0   0   0   0      16.675   -69.847
0225  112.42   797.9     15.14    100.0    2058   285     2.40      2.31     -0.64    12    -1.5    2058     0   0   0   0      16.675   -69.847
0226  112.92   798.4     15.17    100.0    2052   285     2.34      2.26     -0.62    12    -1.5    2052     0   0   0   0      16.675   -69.847
0227  113.42   799.0     15.20    100.0    2046   285     2.28      2.20     -0.60    12    -1.5    2046     0   0   0   0      16.675   -69.847
0228  113.92   799.6     15.23    100.0    2040  -999  -999.00   -999.00   -999.00     0    -1.5    2040     0   0   0   0    -999.000  -999.000
0229  114.42   800.2     15.26    100.0    2033   285     2.20      2.13     -0.55    12    -1.5    2033     0   0   0   0      16.675   -69.847
0230  114.92   800.8     15.29    100.0    2027  -999  -999.00   -999.00   -999.00     0    -1.6    2027     0   0   0   0    -999.000  -999.000
0231  115.42   801.4     15.32    100.0    2021   285     2.20      2.13     -0.55     9    -1.6    2021     0   0   0   0      16.675   -69.847
0232  115.92   801.9     15.35    100.0    2015  -999  -999.00   -999.00   -999.00     0    -1.6    2015     0   0   0   0    -999.000  -999.000
0233  116.42   802.5     15.38    100.0    2009  -999  -999.00   -999.00   -999.00     0    -1.6    2009     0   0   0   0    -999.000  -999.000
0234  116.92   803.1     15.42    100.0    2002   288     2.53      2.41     -0.78    11    -1.6    2002     0   0   0   0      16.675   -69.846
0235  117.42   803.7     15.45    100.0    1996  -999  -999.00   -999.00   -999.00     0    -1.6    1996     0   0   0   0    -999.000  -999.000
0236  117.92  -999.0   -999.00   -999.0    -999   292     3.10      2.87     -1.17    11  -999.0    -999     0   0   0   0      16.675   -69.846
0237  118.42   804.9     15.51    100.0    1984   294     3.53      3.22     -1.46    12    -1.6    1984     0   0   0   0      16.675   -69.846
0238  118.92   805.5     15.54    100.0    1977   296     4.06      3.64     -1.81    12    -1.6    1977     0   0   0   0      16.675   -69.846
0239  119.42   806.1     15.57    100.0    1971  -999  -999.00   -999.00   -999.00     0    -1.5    1971     0   0   0   0    -999.000  -999.000
0240  119.92   806.7     15.60    100.0    1965   299     5.32      4.65     -2.57    12    -1.5    1965     0   0   0   0      16.675   -69.846
0241  120.42   807.2     15.62    100.0    1959  -999  -999.00   -999.00   -999.00     0    -1.4    1959     0   0   0   0    -999.000  -999.000
0242  120.92   807.8     15.65    100.0    1953   299     6.77      5.90     -3.33    12    -1.4    1953     0   0   0   0      16.674   -69.846
0243  121.42   808.4     15.67    100.0    1947   299     7.52      6.57     -3.66    12    -1.4    1947     0   0   0   0      16.674   -69.846
0244  121.92   809.0     15.69    100.0    1941   298     8.26      7.26     -3.94    12    -1.4    1941     0   0   0   0      16.674   -69.846
0245  122.42   809.5     15.71    100.0    1935  -999  -999.00   -999.00   -999.00     0    -1.4    1935     0   0   0   0    -999.000  -999.000
0246  122.92   810.1     15.74    100.0    1928  -999  -999.00   -999.00   -999.00     0    -1.3    1928     0   0   0   0    -999.000  -999.000
0247  123.42   810.7     15.76    100.0    1922  -999  -999.00   -999.00   -999.00    12    -1.4    1922     0   0   0   0      16.674   -69.846
0248  123.92   811.3     15.78    100.0    1916  -999  -999.00   -999.00   -999.00    12    -1.4    1916     0   0   0   0      16.674   -69.846
0249  124.42   811.9     15.80    100.0    1910  -999  -999.00   -999.00   -999.00    11    -1.4    1910     0   0   0   0      16.674   -69.846
0250  124.92   812.4     15.82    100.0    1904  -999  -999.00   -999.00   -999.00    10    -1.4    1904     0   0   0   0      16.674   -69.846
0251  125.42   813.0     15.83    100.0    1898  -999  -999.00   -999.00   -999.00    10    -1.4    1898     0   0   0   0      16.674   -69.846
0252  125.92   813.6     15.85    100.0    1892  -999  -999.00   -999.00   -999.00     9    -1.4    1892     0   0   0   0      16.674   -69.846
0253  126.42   814.2     15.86    100.0    1886  -999  -999.00   -999.00   -999.00     0    -1.4    1886     0   0   0   0    -999.000  -999.000
0254  126.92   814.8     15.87    100.0    1880  -999  -999.00   -999.00   -999.00     0    -1.5    1880     0   0   0   0    -999.000  -999.000
0255  127.42   815.3     15.88    100.0    1874  -999  -999.00   -999.00   -999.00     0    -1.5    1874     0   0   0   0    -999.000  -999.000
0256  127.92   815.9     15.89    100.0    1867  -999  -999.00   -999.00   -999.00     0    -1.5    1867     0   0   0   0    -999.000  -999.000
0257  128.42   816.5     15.90    100.0    1861   287     4.31      4.13     -1.25    10    -1.5    1861     0   0   0   0      16.674   -69.846
0258  128.92   817.1     15.92    100.0    1855  -999  -999.00   -999.00   -999.00     0    -1.5    1855     0   0   0   0    -999.000  -999.000
0259  129.42   817.7     15.94    100.0    1849  -999  -999.00   -999.00   -999.00     0    -1.6    1849     0   0   0   0    -999.000  -999.000
0260  129.92   818.3     15.96    100.0    1843   295     2.31      2.09     -0.99    12    -1.6    1843     0   0   0   0      16.674   -69.846
0261  130.42   818.9     15.99    100.0    1837   299     2.05      1.80     -0.98    12    -1.6    1837     0   0   0   0      16.674   -69.846
0262  130.92   819.5     16.02    100.0    1830  -999  -999.00   -999.00   -999.00     0    -1.6    1830     0   0   0   0    -999.000  -999.000
0263  131.42   820.1     16.06    100.0    1824   302     1.95      1.65     -1.04    12    -1.6    1824     0   0   0   0      16.674   -69.846
0264  131.92   820.7     16.10    100.0    1818  -999  -999.00   -999.00   -999.00     0    -1.6    1818     0   0   0   0    -999.000  -999.000
0265  132.42   821.2     16.15    100.0    1812   301     2.12      1.81     -1.10    12    -1.6    1812     0   0   0   0      16.674   -69.846
0266  132.92   821.8     16.19    100.0    1806   301     2.22      1.91     -1.13    12    -1.5    1806     0   0   0   0      16.674   -69.846
0267  133.42   822.4     16.24    100.0    1800   300     2.31      2.01     -1.14    12    -1.5    1800     0   0   0   0      16.674   -69.846
0268  133.92   823.0     16.29    100.0    1794  -999  -999.00   -999.00   -999.00     0    -1.5    1794     0   0   0   0    -999.000  -999.000
0269  134.42   823.6     16.33    100.0    1787  -999  -999.00   -999.00   -999.00     0    -1.5    1787     0   0   0   0    -999.000  -999.000
0270  134.92   824.2     16.38    100.0    1781   299     2.45      2.15     -1.17    12    -1.5    1781     0   0   0   0      16.674   -69.846
0271  135.42   824.8     16.42    100.0    1775  -999  -999.00   -999.00   -999.00     0    -1.5    1775     0   0   0   0    -999.000  -999.000
0272  135.92   825.4     16.46    100.0    1769   299     2.45      2.14     -1.19    12    -1.5    1769     0   0   0   0      16.674   -69.846
0273  136.42   826.0     16.50    100.0    1763   300     2.42      2.11     -1.20    12    -1.5    1763     0   0   0   0      16.674   -69.846
0274  136.92   826.6     16.53    100.0    1757  -999  -999.00   -999.00   -999.00     0    -1.5    1757     0   0   0   0    -999.000  -999.000
0275  137.42   827.1     16.56    100.0    1751  -999  -999.00   -999.00   -999.00     0    -1.5    1751     0   0   0   0    -999.000  -999.000
0276  137.92   827.7     16.59    100.0    1745   302     2.33      1.98     -1.23     7    -1.6    1745     0   0   0   0      16.674   -69.846
0277  138.42   828.3     16.62    100.0    1739   303     2.29      1.93     -1.24     8    -1.6    1739     0   0   0   0      16.674   -69.846
0278  138.92   828.9     16.65    100.0    1732  -999  -999.00   -999.00   -999.00     0    -1.6    1732     0   0   0   0    -999.000  -999.000
0279  139.42   829.5     16.68    100.0    1726  -999  -999.00   -999.00   -999.00     0    -1.7    1726     0   0   0   0    -999.000  -999.000
0280  139.92   830.1     16.71    100.0    1720   306     2.20      1.79     -1.28    10    -1.7    1720     0   0   0   0      16.674   -69.846
0281  140.42   830.7     16.73    100.0    1714   307     2.18      1.75     -1.31    12    -1.7    1714     0   0   0   0      16.674   -69.846
0282  140.92   831.3     16.75    100.0    1708  -999  -999.00   -999.00   -999.00     0    -1.8    1708     0   0   0   0    -999.000  -999.000
0283  141.42   831.9     16.77    100.0    1701   310     2.17      1.66     -1.39    12    -1.8    1701     0   0   0   0      16.674   -69.846
0284  141.92  -999.0   -999.00   -999.0    -999   312     2.17      1.62     -1.45    12  -999.0    -999     0   0   0   0      16.674   -69.846
0285  142.42   833.2     16.80    100.0    1689  -999  -999.00   -999.00   -999.00     0    -1.8    1689     0   0   0   0    -999.000  -999.000
0286  142.92   833.8     16.81    100.0    1683   316     2.19      1.53     -1.57    12    -1.8    1683     0   0   0   0      16.674   -69.846
0287  143.42   834.4     16.83    100.0    1676   318     2.21      1.49     -1.63    12    -1.8    1676     0   0   0   0      16.674   -69.846
0288  143.92   835.0     16.84    100.0    1670   320     2.23      1.44     -1.70    12    -1.7    1670     0   0   0   0      16.674   -69.846
0289  144.42   835.6     16.85     99.9    1664  -999  -999.00   -999.00   -999.00     0    -1.7    1664     0   0   0   0    -999.000  -999.000
0290  144.92   836.2     16.87     99.8    1658   324     2.29      1.35     -1.85    12    -1.7    1658     0   0   0   0      16.674   -69.846
0291  145.42   836.8     16.88     99.6    1652   326     2.33      1.31     -1.92    12    -1.7    1652     0   0   0   0      16.674   -69.846
0292  145.92   837.4     16.90     99.5    1645  -999  -999.00   -999.00   -999.00     0    -1.6    1645     0   0   0   0    -999.000  -999.000
0293  146.42   838.0     16.93     99.2    1639  -999  -999.00   -999.00   -999.00     0    -1.6    1639     0   0   0   0    -999.000  -999.000
0294  146.92   838.6     16.95     99.0    1633  -999  -999.00   -999.00   -999.00     0    -1.6    1633     0   0   0   0    -999.000  -999.000
0295  147.42  -999.0   -999.00   -999.0    -999   332     2.51      1.18     -2.22    12  -999.0    -999     0   0   0   0      16.674   -69.846
0296  147.92   839.8     17.01     98.5    1621  -999  -999.00   -999.00   -999.00     0    -1.6    1621     0   0   0   0    -999.000  -999.000
0297  148.42   840.4     17.04     98.3    1615   334     2.60      1.15     -2.33    12    -1.6    1615     0   0   0   0      16.674   -69.846
0298  148.92   841.0     17.08     98.0    1609   335     2.64      1.13     -2.38    12    -1.6    1609     0   0   0   0      16.674   -69.846
0299  149.42   841.6     17.12     97.8    1603   335     2.67      1.12     -2.42    12    -1.6    1603     0   0   0   0      16.674   -69.846
0300  149.92   842.2     17.16     97.6    1597  -999  -999.00   -999.00   -999.00     0    -1.6    1597     0   0   0   0    -999.000  -999.000
0301  150.42   842.8     17.20     97.4    1590   336     2.71      1.09     -2.48    12    -1.6    1590     0   0   0   0      16.674   -69.846
0302  150.92   843.4     17.25     97.3    1584   337     2.72      1.07     -2.51    12    -1.6    1584     0   0   0   0      16.674   -69.846
0303  151.42   844.0     17.29     97.2    1578   338     2.74      1.04     -2.53    12    -1.6    1578     0   0   0   0      16.674   -69.846
0304  151.92   844.6     17.34     97.1    1572   338     2.74      1.01     -2.55    12    -1.5    1572     0   0   0   0      16.674   -69.846
0305  152.42   845.2     17.38     97.0    1566   339     2.75      0.98     -2.57    12    -1.5    1566     0   0   0   0      16.674   -69.846
0306  152.92   845.8     17.43     97.0    1560   340     2.75      0.94     -2.59    12    -1.5    1560     0   0   0   0      16.674   -69.846
0307  153.42   846.4     17.48     97.0    1554   341     2.76      0.90     -2.60    12    -1.5    1554     0   0   0   0      16.674   -69.846
0308  153.92   847.0     17.53     97.0    1548   342     2.76      0.87     -2.62     8    -1.5    1548     0   0   0   0      16.674   -69.846
0309  154.42   847.6     17.57     97.0    1542   342     2.77      0.85     -2.63    12    -1.5    1542     0   0   0   0      16.674   -69.846
0310  154.92   848.2     17.62     96.9    1536  -999  -999.00   -999.00   -999.00     0    -1.5    1536     0   0   0   0    -999.000  -999.000
0311  155.42   848.8     17.67     96.9    1530  -999  -999.00   -999.00   -999.00     0    -1.5    1530     0   0   0   0    -999.000  -999.000
0312  155.92   849.4     17.72     96.9    1524   344     2.80      0.77     -2.69    12    -1.6    1524     0   0   0   0      16.674   -69.846
0313  156.42   850.0     17.77     96.9    1517   345     2.82      0.75     -2.72     9    -1.6    1517     0   0   0   0      16.674   -69.846
0314  156.92   850.6     17.82     96.9    1511  -999  -999.00   -999.00   -999.00     0    -1.6    1511     0   0   0   0    -999.000  -999.000
0315  157.42   851.2     17.87     97.0    1505   346     2.85      0.67     -2.77    12    -1.6    1505     0   0   0   0      16.674   -69.846
0316  157.92   851.8     17.92     97.0    1499   347     2.86      0.63     -2.79    12    -1.6    1499     0   0   0   0      16.674   -69.846
0317  158.42   852.4     17.96     97.1    1493   348     2.86      0.58     -2.80    12    -1.6    1493     0   0   0   0      16.674   -69.846
0318  158.92   853.0     18.01     97.2    1487  -999  -999.00   -999.00   -999.00     0    -1.6    1487     0   0   0   0    -999.000  -999.000
0319  159.42   853.6     18.05     97.4    1481  -999  -999.00   -999.00   -999.00     0    -1.6    1481     0   0   0   0    -999.000  -999.000
0320  159.92   854.2     18.08     97.7    1475   350     2.80      0.46     -2.76    12    -1.6    1475     0   0   0   0      16.674   -69.846
0321  160.42   854.8     18.12     98.0    1469   351     2.76      0.44     -2.72    12    -1.5    1469     0   0   0   0      16.674   -69.846
0322  160.92   855.4     18.15     98.3    1463   351     2.70      0.43     -2.67    12    -1.5    1463     0   0   0   0      16.674   -69.846
0323  161.42   856.0     18.18     98.7    1457   351     2.64      0.43     -2.60    12    -1.5    1457     0   0   0   0      16.674   -69.846
0324  161.92   856.6     18.21     99.0    1451   350     2.57      0.43     -2.54    12    -1.4    1451     0   0   0   0      16.674   -69.846
0325  162.42   857.2     18.23     99.3    1445   350     2.50      0.43     -2.46    12    -1.4    1445     0   0   0   0      16.674   -69.846
0326  162.92   857.8     18.25     99.5    1439   350     2.43      0.42     -2.39    10    -1.4    1439     0   0   0   0      16.674   -69.846
0327  163.42   858.4     18.27     99.7    1433   350     2.35      0.40     -2.31    12    -1.3    1433     0   0   0   0      16.674   -69.846
0328  163.92   859.0     18.29     99.8    1427   351     2.26      0.36     -2.23    12    -1.3    1427     0   0   0   0      16.674   -69.846
0329  164.42   859.6     18.31     99.9    1421   352     2.17      0.31     -2.15     7    -1.2    1421     0   0   0   0      16.674   -69.846
0330  164.92   860.1     18.32    100.0    1415   353     2.08      0.24     -2.07    12    -1.2    1415     0   0   0   0      16.674   -69.846
0331  165.42   860.7     18.34    100.0    1409   355     2.01      0.16     -2.00     6    -1.2    1409     0   0   0   0      16.674   -69.846
0332  165.92   861.3     18.36    100.0    1403  -999  -999.00   -999.00   -999.00     0    -1.1    1403     0   0   0   0    -999.000  -999.000
0333  166.42   861.9     18.38    100.0    1398  -999  -999.00   -999.00   -999.00     0    -1.1    1398     0   0   0   0    -999.000  -999.000
0334  166.92   862.5     18.40    100.0    1392     4     1.89     -0.12     -1.88    12    -1.1    1392     0   0   0   0      16.674   -69.846
0335  167.42   863.1     18.42    100.0    1386  -999  -999.00   -999.00   -999.00     0    -1.1    1386     0   0   0   0    -999.000  -999.000
0336  167.92   863.6     18.44    100.0    1380  -999  -999.00   -999.00   -999.00     0    -1.1    1380     0   0   0   0    -999.000  -999.000
0337  168.42   864.2     18.47    100.0    1375    12     1.93     -0.41     -1.89    11    -1.1    1375     0   0   0   0      16.674   -69.846
0338  168.92   864.8     18.49    100.0    1369    15     1.96     -0.49     -1.90    12    -1.2    1369     0   0   0   0      16.674   -69.846
0339  169.42   865.4     18.52    100.0    1363  -999  -999.00   -999.00   -999.00     0    -1.2    1363     0   0   0   0    -999.000  -999.000
0340  169.92   866.0     18.55    100.0    1357    18     2.05     -0.64     -1.94    12    -1.2    1357     0   0   0   0      16.674   -69.846
0341  170.42   866.6     18.57    100.0    1351    19     2.09     -0.69     -1.97    12    -1.3    1351     0   0   0   0      16.674   -69.846
0342  170.92   867.2     18.60    100.0    1345    20     2.13     -0.74     -2.00    12    -1.3    1345     0   0   0   0      16.674   -69.846
0343  171.42   867.8     18.62    100.0    1339    21     2.17     -0.78     -2.03    12    -1.3    1339     0   0   0   0      16.674   -69.846
0344  171.92   868.4     18.64    100.0    1333  -999  -999.00   -999.00   -999.00     0    -1.4    1333     0   0   0   0    -999.000  -999.000
0345  172.42   868.9     18.67    100.0    1327    22     2.25     -0.82     -2.09    12    -1.4    1327     0   0   0   0      16.674   -69.846
0346  172.92   869.5     18.69    100.0    1321  -999  -999.00   -999.00   -999.00     0    -1.4    1321     0   0   0   0    -999.000  -999.000
0347  173.42   870.1     18.72    100.0    1315    22     2.29     -0.85     -2.13    12    -1.4    1315     0   0   0   0      16.674   -69.846
0348  173.92   870.7     18.74    100.0    1309    22     2.30     -0.86     -2.14    12    -1.4    1309     0   0   0   0      16.674   -69.846
0349  174.42   871.3     18.77    100.0    1304    22     2.31     -0.86     -2.14    12    -1.4    1304     0   0   0   0      16.674   -69.846
0350  174.92   871.9     18.80    100.0    1298    22     2.31     -0.86     -2.14    12    -1.4    1298     0   0   0   0      16.674   -69.846
0351  175.42   872.5     18.82    100.0    1292    22     2.30     -0.86     -2.14    12    -1.4    1292     0   0   0   0      16.674   -69.846
0352  175.92   873.1     18.85    100.0    1286  -999  -999.00   -999.00   -999.00     0    -1.4    1286     0   0   0   0    -999.000  -999.000
0353  176.42   873.7     18.88    100.0    1280    22     2.29     -0.85     -2.13    12    -1.4    1280     0   0   0   0      16.674   -69.846
0354  176.92   874.4     18.91    100.0    1274  -999  -999.00   -999.00   -999.00     0    -1.5    1274     0   0   0   0    -999.000  -999.000
0355  177.42   875.0     18.94    100.0    1268    21     2.28     -0.83     -2.13    12    -1.5    1268     0   0   0   0      16.674   -69.846
0356  177.92   875.6     18.96    100.0    1262  -999  -999.00   -999.00   -999.00     0    -1.5    1262     0   0   0   0    -999.000  -999.000
0357  178.42   876.2     18.99    100.0    1256    21     2.29     -0.82     -2.14    12    -1.5    1256     0   0   0   0      16.674   -69.846
0358  178.92   876.8     19.01    100.0    1250  -999  -999.00   -999.00   -999.00     0    -1.5    1250     0   0   0   0    -999.000  -999.000
0359  179.42   877.4     19.04    100.0    1244    21     2.31     -0.81     -2.16    12    -1.5    1244     0   0   0   0      16.674   -69.846
0360  179.92   878.0     19.07    100.0    1238    21     2.33     -0.82     -2.18    12    -1.5    1238     0   0   0   0      16.674   -69.846
0361  180.42   878.6     19.09    100.0    1232    21     2.36     -0.83     -2.20    12    -1.5    1232     0   0   0   0      16.674   -69.846
0362  180.92   879.2     19.12    100.0    1226    21     2.39     -0.85     -2.23    12    -1.5    1226     0   0   0   0      16.674   -69.846
0363  181.42   879.8     19.15    100.0    1220    21     2.43     -0.87     -2.26    12    -1.5    1220     0   0   0   0      16.674   -69.846
0364  181.92   880.4     19.17    100.0    1214    21     2.47     -0.89     -2.30    12    -1.5    1214     0   0   0   0      16.674   -69.846
0365  182.42   881.0     19.20    100.0    1208    21     2.51     -0.91     -2.34    12    -1.5    1208     0   0   0   0      16.673   -69.846
0366  182.92   881.6     19.23    100.0    1202  -999  -999.00   -999.00   -999.00     0    -1.5    1202     0   0   0   0    -999.000  -999.000
0367  183.42   882.2     19.26    100.0    1196    21     2.61     -0.95     -2.43    12    -1.5    1196     0   0   0   0      16.673   -69.846
0368  183.92   882.9     19.29    100.0    1190  -999  -999.00   -999.00   -999.00     0    -1.6    1190     0   0   0   0    -999.000  -999.000
0369  184.42   883.5     19.32    100.0    1184    22     2.72     -1.00     -2.53    12    -1.6    1184     0   0   0   0      16.673   -69.846
0370  184.92   884.1     19.35    100.0    1178  -999  -999.00   -999.00   -999.00     0    -1.6    1178     0   0   0   0    -999.000  -999.000
0371  185.42   884.7     19.38    100.0    1172  -999  -999.00   -999.00   -999.00     0    -1.6    1172     0   0   0   0    -999.000  -999.000
0372  185.92   885.3     19.41    100.0    1166    21     2.91     -1.05     -2.71    12    -1.6    1166     0   0   0   0      16.673   -69.846
0373  186.42   885.9     19.44    100.0    1160    21     2.99     -1.06     -2.79    12    -1.6    1160     0   0   0   0      16.673   -69.846
0374  186.92   886.6     19.47    100.0    1154    20     3.06     -1.06     -2.87    12    -1.6    1154     0   0   0   0      16.673   -69.846
0375  187.42   887.2     19.50    100.0    1148  -999  -999.00   -999.00   -999.00     0    -1.6    1148     0   0   0   0    -999.000  -999.000
0376  187.92   887.8     19.53    100.0    1142    19     3.22     -1.04     -3.05    12    -1.6    1142     0   0   0   0      16.673   -69.846
0377  188.42   888.4     19.56    100.0    1136  -999  -999.00   -999.00   -999.00     0    -1.6    1136     0   0   0   0    -999.000  -999.000
0378  188.92   889.0     19.59    100.0    1130    17     3.37     -1.00     -3.22    12    -1.6    1130     0   0   0   0      16.673   -69.846
0379  189.42   889.6     19.62    100.0    1124    17     3.43     -0.98     -3.29    12    -1.6    1124     0   0   0   0      16.673   -69.846
0380  189.92   890.2     19.65    100.0    1118    16     3.48     -0.95     -3.35    12    -1.6    1118     0   0   0   0      16.673   -69.846
0381  190.42   890.9     19.67    100.0    1112    15     3.52     -0.92     -3.40    12    -1.6    1112     0   0   0   0      16.673   -69.846
0382  190.92  -999.0   -999.00   -999.0    -999    15     3.55     -0.89     -3.44    12  -999.0    -999     0   0   0   0      16.673   -69.846
0383  191.42   892.1     19.73    100.0    1100    14     3.57     -0.86     -3.47    12    -1.6    1100     0   0   0   0      16.673   -69.846
0384  191.92   892.7     19.75    100.0    1094    13     3.59     -0.83     -3.49    12    -1.6    1094     0   0   0   0      16.673   -69.846
0385  192.42   893.3     19.78    100.0    1088  -999  -999.00   -999.00   -999.00     0    -1.7    1088     0   0   0   0    -999.000  -999.000
0386  192.92   894.0     19.80    100.0    1082    12     3.63     -0.78     -3.55    12    -1.7    1082     0   0   0   0      16.673   -69.846
0387  193.42   894.6     19.83    100.0    1076  -999  -999.00   -999.00   -999.00     0    -1.7    1076     0   0   0   0    -999.000  -999.000
0388  193.92   895.2     19.85    100.0    1070    11     3.69     -0.73     -3.61    12    -1.7    1070     0   0   0   0      16.673   -69.846
0389  194.42   895.8     19.88    100.0    1064    11     3.72     -0.71     -3.65    12    -1.7    1064     0   0   0   0      16.673   -69.846
0390  194.92   896.4     19.90    100.0    1058    11     3.75     -0.70     -3.68    12    -1.6    1058     0   0   0   0      16.673   -69.846
0391  195.42   897.1     19.92    100.0    1052    10     3.78     -0.69     -3.72    12    -1.6    1052     0   0   0   0      16.673   -69.846
0392  195.92   897.7     19.95    100.0    1046    10     3.81     -0.68     -3.75    12    -1.6    1046     0   0   0   0      16.673   -69.846
0393  196.42   898.3     19.98    100.0    1040  -999  -999.00   -999.00   -999.00     0    -1.6    1040     0   0   0   0    -999.000  -999.000
0394  196.92   898.9     20.00    100.0    1034  -999  -999.00   -999.00   -999.00     0    -1.6    1034     0   0   0   0    -999.000  -999.000
0395  197.42   899.5     20.03    100.0    1028  -999  -999.00   -999.00   -999.00     0    -1.6    1028     0   0   0   0    -999.000  -999.000
0396  197.92   900.2     20.06    100.0    1022    10     3.91     -0.67     -3.86    12    -1.6    1022     0   0   0   0      16.673   -69.846
0397  198.42   900.8     20.09    100.0    1016    10     3.94     -0.67     -3.88    12    -1.6    1016     0   0   0   0      16.673   -69.846
0398  198.92   901.4     20.13    100.0    1010    10     3.95     -0.68     -3.90    12    -1.6    1010     0   0   0   0      16.673   -69.846
0399  199.42   902.0     20.16    100.0    1004    10     3.97     -0.69     -3.91    12    -1.6    1004     0   0   0   0      16.673   -69.846
0400  199.92   902.6     20.19    100.0     999    10     3.99     -0.70     -3.93    12    -1.6     999     0   0   0   0      16.673   -69.846
0401  200.42   903.2     20.22    100.0     993  -999  -999.00   -999.00   -999.00     0    -1.6     993     0   0   0   0    -999.000  -999.000
0402  200.92   903.9     20.26    100.0     987    11     4.03     -0.74     -3.97    12    -1.6     987     0   0   0   0      16.673   -69.846
0403  201.42   904.5     20.29    100.0     981  -999  -999.00   -999.00   -999.00     0    -1.6     981     0   0   0   0    -999.000  -999.000
0404  201.92   905.1     20.32    100.0     975  -999  -999.00   -999.00   -999.00     0    -1.7     975     0   0   0   0    -999.000  -999.000
0405  202.42   905.7     20.35    100.0     969    12     4.12     -0.84     -4.03    12    -1.7     969     0   0   0   0      16.673   -69.846
0406  202.92   906.4     20.38    100.0     963    12     4.15     -0.88     -4.05    12    -1.7     963     0   0   0   0      16.673   -69.846
0407  203.42   907.0     20.41    100.0     957    13     4.18     -0.92     -4.07    12    -1.7     957     0   0   0   0      16.673   -69.846
0408  203.92   907.6     20.44    100.0     951    13     4.20     -0.97     -4.08    11    -1.7     951     0   0   0   0      16.673   -69.846
0409  204.42   908.2     20.47    100.0     945  -999  -999.00   -999.00   -999.00     0    -1.7     945     0   0   0   0    -999.000  -999.000
0410  204.92   908.9     20.51    100.0     939    14     4.22     -1.04     -4.09    12    -1.7     939     0   0   0   0      16.673   -69.846
0411  205.42   909.5     20.54    100.0     933    15     4.22     -1.07     -4.08    12    -1.6     933     0   0   0   0      16.673   -69.846
0412  205.92   910.1     20.57    100.0     927  -999  -999.00   -999.00   -999.00     0    -1.6     927     0   0   0   0    -999.000  -999.000
0413  206.42   910.7     20.59     99.9     921  -999  -999.00   -999.00   -999.00     0    -1.6     921     0   0   0   0    -999.000  -999.000
0414  206.92   911.4     20.62     99.9     915    15     4.18     -1.11     -4.03    12    -1.6     915     0   0   0   0      16.673   -69.846
0415  207.42   912.0     20.65     99.8     909  -999  -999.00   -999.00   -999.00     0    -1.6     909     0   0   0   0    -999.000  -999.000
0416  207.92   912.6     20.68     99.7     903    16     4.13     -1.10     -3.98    12    -1.6     903     0   0   0   0      16.673   -69.846
0417  208.42   913.2     20.70     99.6     897  -999  -999.00   -999.00   -999.00     0    -1.6     897     0   0   0   0    -999.000  -999.000
0418  208.92   913.9     20.73     99.4     891    16     4.08     -1.10     -3.93    12    -1.6     891     0   0   0   0      16.673   -69.846
0419  209.42   914.5     20.75     99.3     885    16     4.06     -1.09     -3.91    12    -1.6     885     0   0   0   0      16.673   -69.846
0420  209.92   915.1     20.78     99.2     879    16     4.05     -1.09     -3.90    12    -1.5     879     0   0   0   0      16.673   -69.846
0421  210.42   915.7     20.80     99.0     873    16     4.05     -1.10     -3.90    12    -1.5     873     0   0   0   0      16.673   -69.846
0422  210.92   916.3     20.83     98.9     867    16     4.06     -1.10     -3.91    12    -1.4     867     0   0   0   0      16.673   -69.846
0423  211.42   917.0     20.85     98.8     862    16     4.08     -1.11     -3.92    12    -1.4     862     0   0   0   0      16.673   -69.846
0424  211.92   917.6     20.88     98.7     856    16     4.10     -1.11     -3.94    12    -1.4     856     0   0   0   0      16.673   -69.846
0425  212.42   918.2     20.91     98.7     850    16     4.13     -1.11     -3.97    12    -1.3     850     0   0   0   0      16.673   -69.846
0426  212.92   918.8     20.95     98.8     844    16     4.15     -1.11     -4.00    12    -1.3     844     0   0   0   0      16.673   -69.846
0427  213.42  -999.0   -999.00   -999.0    -999  -999  -999.00   -999.00   -999.00     0  -999.0    -999     0   0   0   0    -999.000  -999.000
0428  213.92   920.0     21.02     98.9     833  -999  -999.00   -999.00   -999.00     0    -1.3     833     0   0   0   0    -999.000  -999.000
0429  214.42   920.6     21.06     99.1     827    15     4.20     -1.06     -4.06    12    -1.3     827     0   0   0   0      16.672   -69.846
0430  214.92   921.2     21.10     99.2     821    14     4.20     -1.04     -4.07    12    -1.3     821     0   0   0   0      16.672   -69.846
0431  215.42   921.8     21.14     99.3     815    14     4.19     -1.01     -4.07    12    -1.4     815     0   0   0   0      16.672   -69.846
0432  215.92   922.5     21.18     99.4     810    13     4.18     -0.97     -4.07    12    -1.4     810     0   0   0   0      16.672   -69.846
0433  216.42   923.1     21.23     99.4     804  -999  -999.00   -999.00   -999.00     0    -1.4     804     0   0   0   0    -999.000  -999.000
0434  216.92   923.7     21.27     99.5     798    13     4.17     -0.90     -4.07    11    -1.5     798     0   0   0   0      16.672   -69.846
0435  217.42   924.3     21.31     99.4     792    12     4.18     -0.87     -4.09    11    -1.5     792     0   0   0   0      16.672   -69.846
0436  217.92   924.9     21.35     99.4     786    11     4.19     -0.83     -4.11    11    -1.5     786     0   0   0   0      16.672   -69.846
0437  218.42   925.6     21.39     99.3     780    11     4.21     -0.79     -4.14    11    -1.5     780     0   0   0   0      16.672   -69.846
0438  218.92   926.2     21.43     99.1     774    10     4.24     -0.76     -4.17    11    -1.6     774     0   0   0   0      16.672   -69.846
0439  219.42   926.8     21.47     98.9     769  -999  -999.00   -999.00   -999.00     0    -1.6     769     0   0   0   0    -999.000  -999.000
0440  219.92   927.4     21.51     98.8     763     9     4.29     -0.69     -4.24    12    -1.6     763     0   0   0   0      16.672   -69.846
0441  220.42   928.1     21.55     98.6     757     9     4.32     -0.67     -4.27    12    -1.6     757     0   0   0   0      16.672   -69.846
0442  220.92   928.7     21.59     98.4     751  -999  -999.00   -999.00   -999.00     0    -1.7     751     0   0   0   0    -999.000  -999.000
0443  221.42   929.3     21.63     98.2     745  -999  -999.00   -999.00   -999.00     0    -1.7     745     0   0   0   0    -999.000  -999.000
0444  221.92   930.0     21.67     98.0     739     8     4.39     -0.61     -4.35    11    -1.7     739     0   0   0   0      16.672   -69.846
0445  222.42   930.6     21.71     97.8     733  -999  -999.00   -999.00   -999.00     0    -1.7     733     0   0   0   0    -999.000  -999.000
0446  222.92   931.2     21.74     97.6     727     8     4.43     -0.60     -4.39    12    -1.7     727     0   0   0   0      16.672   -69.846
0447  223.42   931.9     21.78     97.4     721     8     4.45     -0.60     -4.41    12    -1.7     721     0   0   0   0      16.672   -69.846
0448  223.92   932.5     21.82     97.2     715     8     4.47     -0.60     -4.43    12    -1.7     715     0   0   0   0      16.672   -69.846
0449  224.42   933.1     21.86     97.0     709  -999  -999.00   -999.00   -999.00     0    -1.7     709     0   0   0   0    -999.000  -999.000
0450  224.92   933.8     21.90     96.8     703     8     4.52     -0.63     -4.48    10    -1.6     703     0   0   0   0      16.672   -69.846
0451  225.42   934.4     21.93     96.6     697     8     4.54     -0.64     -4.49    11    -1.6     697     0   0   0   0      16.672   -69.846
0452  225.92   935.0     21.97     96.4     691  -999  -999.00   -999.00   -999.00     0    -1.6     691     0   0   0   0    -999.000  -999.000
0453  226.42   935.7     22.01     96.2     686     9     4.57     -0.68     -4.52    11    -1.6     686     0   0   0   0      16.672   -69.846
0454  226.92   936.3     22.05     96.0     680     9     4.58     -0.70     -4.52    11    -1.6     680     0   0   0   0      16.672   -69.846
0455  227.42   936.9     22.10     95.7     674     9     4.57     -0.71     -4.51    10    -1.6     674     0   0   0   0      16.672   -69.846
0456  227.92   937.6     22.14     95.4     668     9     4.56     -0.73     -4.50    10    -1.6     668     0   0   0   0      16.672   -69.846
0457  228.42   938.2     22.18     95.1     662    10     4.53     -0.75     -4.47    12    -1.6     662     0   0   0   0      16.672   -69.846
0458  228.92   938.8     22.23     94.9     656    10     4.49     -0.77     -4.43    11    -1.7     656     0   0   0   0      16.672   -69.846
0459  229.42   939.5     22.27     94.6     650  -999  -999.00   -999.00   -999.00     0    -1.7     650     0   0   0   0    -999.000  -999.000
0460  229.92   940.1     22.32     94.4     644    11     4.41     -0.83     -4.34    10    -1.7     644     0   0   0   0      16.672   -69.846
0461  230.42   940.7     22.36     94.2     638    11     4.38     -0.86     -4.29    11    -1.7     638     0   0   0   0      16.672   -69.846
0462  230.92   941.4     22.40     94.1     632    12     4.36     -0.91     -4.26     8    -1.7     632     0   0   0   0      16.672   -69.846
0463  231.42   942.0     22.45     94.0     627    13     4.35     -0.97     -4.24     8    -1.6     627     0   0   0   0      16.672   -69.846
0464  231.92   942.6     22.49     94.0     621    14     4.35     -1.04     -4.23     9    -1.6     621     0   0   0   0      16.672   -69.846
0465  232.42   943.3     22.53     94.1     615    15     4.37     -1.12     -4.22    10    -1.6     615     0   0   0   0      16.672   -69.846
0466  232.92   943.9     22.58     94.2     609    16     4.39     -1.21     -4.22    11    -1.6     609     0   0   0   0      16.672   -69.846
0467  233.42   944.5     22.62     94.5     603    17     4.42     -1.31     -4.22    11    -1.5     603     0   0   0   0      16.672   -69.846
0468  233.92   945.2     22.66     94.9     597    19     4.45     -1.42     -4.22    11    -1.5     597     0   0   0   0      16.672   -69.846
0469  234.42   945.8     22.70     95.4     592    20     4.48     -1.54     -4.21    11    -1.5     592     0   0   0   0      16.672   -69.846
0470  234.92   946.4     22.74     95.9     586  -999  -999.00   -999.00   -999.00     0    -1.5     586     0   0   0   0    -999.000  -999.000
0471  235.42   947.0     22.78     96.4     580    23     4.55     -1.81     -4.18    12    -1.5     580     0   0   0   0      16.672   -69.846
0472  235.92   947.7     22.82     96.9     574  -999  -999.00   -999.00   -999.00     0    -1.5     574     0   0   0   0    -999.000  -999.000
0473  236.42   948.3     22.86     97.3     568  -999  -999.00   -999.00   -999.00     0    -1.6     568     0   0   0   0    -999.000  -999.000
0474  236.92   948.9     22.91     97.6     562    28     4.66     -2.21     -4.10    11    -1.6     562     0   0   0   0      16.672   -69.846
0475  237.42   949.6     22.95     97.8     557    29     4.69     -2.30     -4.08    12    -1.6     557     0   0   0   0      16.672   -69.846
0476  237.92   950.2     22.99     97.9     551    30     4.70     -2.37     -4.06    12    -1.6     551     0   0   0   0      16.672   -69.846
0477  238.42   950.8     23.04     98.0     545  -999  -999.00   -999.00   -999.00     0    -1.6     545     0   0   0   0    -999.000  -999.000
0478  238.92   951.5     23.08     98.0     539    31     4.73     -2.44     -4.06    10    -1.6     539     0   0   0   0      16.672   -69.846
0479  239.42   952.1     23.12     98.0     533    31     4.75     -2.45     -4.07     9    -1.6     533     0   0   0   0      16.671   -69.846
0480  239.92   952.7     23.16     97.9     527  -999  -999.00   -999.00   -999.00     0    -1.6     527     0   0   0   0    -999.000  -999.000
0481  240.42   953.4     23.20     97.9     521    31     4.80     -2.46     -4.12    12    -1.6     521     0   0   0   0      16.671   -69.846
0482  240.92   954.0     23.24     97.9     516  -999  -999.00   -999.00   -999.00     0    -1.6     516     0   0   0   0    -999.000  -999.000
0483  241.42   954.6     23.28     98.0     510    31     4.87     -2.47     -4.19    11    -1.6     510     0   0   0   0      16.671   -69.846
0484  241.92   955.3     23.32     98.0     504    30     4.90     -2.48     -4.23    11    -1.6     504     0   0   0   0      16.671   -69.846
0485  242.42   955.9     23.35     98.1     498    30     4.93     -2.48     -4.26    12    -1.6     498     0   0   0   0      16.671   -69.846
0486  242.92   956.6     23.38     98.2     492    30     4.95     -2.48     -4.29    12    -1.6     492     0   0   0   0      16.671   -69.846
0487  243.42   957.2     23.41     98.3     487    30     4.97     -2.48     -4.31    11    -1.6     487     0   0   0   0      16.671   -69.846
0488  243.92   957.8     23.44     98.4     481    30     4.97     -2.48     -4.31    11    -1.6     481     0   0   0   0      16.671   -69.846
0489  244.42   958.5     23.46     98.6     475    30     4.97     -2.49     -4.30    11    -1.6     475     0   0   0   0      16.671   -69.846
0490  244.92   959.1     23.48     98.8     469    30     4.96     -2.51     -4.28    11    -1.6     469     0   0   0   0      16.671   -69.846
0491  245.42   959.7     23.49     99.0     463    31     4.94     -2.54     -4.23    11    -1.7     463     0   0   0   0      16.671   -69.846
0492  245.92   960.4     23.50     99.3     457    32     4.92     -2.60     -4.17    12    -1.7     457     0   0   0   0      16.671   -69.847
0493  246.42   961.0     23.51     99.5     451    33     4.89     -2.67     -4.09    12    -1.7     451     0   0   0   0      16.671   -69.847
0494  246.92   961.7     23.51     99.6     446    35     4.86     -2.76     -4.00    11    -1.7     446     0   0   0   0      16.671   -69.847
0495  247.42   962.3     23.50     99.8     440    36     4.83     -2.86     -3.88     8    -1.7     440     0   0   0   0      16.671   -69.847
0496  247.92   963.0     23.49     99.9     434    38     4.80     -2.98     -3.75     7    -1.7     434     0   0   0   0      16.671   -69.847
0497  248.42   963.6     23.48    100.0     428    41     4.77     -3.12     -3.61     9    -1.8     428     0   0   0   0      16.671   -69.847
0498  248.92   964.2     23.48    100.0     422    43     4.77     -3.27     -3.47     9    -1.8     422     0   0   0   0      16.671   -69.847
0499  249.42   964.9     23.47    100.0     416  -999  -999.00   -999.00   -999.00     0    -1.8     416     0   0   0   0    -999.000  -999.000
0500  249.92   965.5     23.47    100.0     410    49     4.86     -3.66     -3.20    10    -1.8     410     0   0   0   0      16.671   -69.847
0501  250.42   966.2     23.47    100.0     404    52     4.98     -3.91     -3.08    10    -1.7     404     0   0   0   0      16.671   -69.847
0502  250.92   966.8     23.47    100.0     398    55     5.16     -4.21     -2.98    10    -1.7     398     0   0   0   0      16.671   -69.847
0503  251.42   967.5     23.47    100.0     392    58     5.38     -4.55     -2.88     9    -1.7     392     0   0   0   0      16.671   -69.847
0504  251.92   968.1     23.47    100.0     387    60     5.65     -4.92     -2.79     9    -1.7     387     0   0   0   0      16.671   -69.847
0505  252.42   968.8     23.48    100.0     381  -999  -999.00   -999.00   -999.00     0    -1.6     381     0   0   0   0    -999.000  -999.000
0506  252.92   969.4     23.48    100.0     375    65     6.23     -5.67     -2.59     9    -1.5     375     0   0   0   0      16.671   -69.847
0507  253.42   970.1     23.49    100.0     369    68     6.49     -6.00     -2.47     9    -1.5     369     0   0   0   0      16.671   -69.847
0508  253.92   970.7     23.50    100.0     363    70     6.69     -6.27     -2.34    10    -1.4     363     0   0   0   0      16.671   -69.847
0509  254.42   971.3     23.51    100.0     358    71     6.82     -6.46     -2.20    10    -1.3     358     0   0   0   0      16.671   -69.847
0510  254.92   971.9     23.52    100.0     352    73     6.87     -6.55     -2.06    10    -1.2     352     0   0   0   0      16.671   -69.847
0511  255.42   972.6     23.53    100.0     347    74     6.83     -6.55     -1.92    10    -1.1     347     0   0   0   0      16.671   -69.847
0512  255.92   973.2     23.54    100.0     341    75     6.71     -6.47     -1.79    10    -1.0     341     0   0   0   0      16.671   -69.847
0513  256.42   973.8     23.56    100.0     336    75     6.54     -6.33     -1.68    12    -1.0     336     0   0   0   0      16.671   -69.847
0514  256.92   974.4     23.57    100.0     330    76     6.36     -6.16     -1.58    12    -0.9     330     0   0   0   0      16.671   -69.847
0515  257.42   975.0     23.59    100.0     325    76     6.17     -5.98     -1.50    10    -0.9     325     0   0   0   0      16.671   -69.847
0516  257.92   975.6     23.61    100.0     319  -999  -999.00   -999.00   -999.00     0    -0.8     319     0   0   0   0    -999.000  -999.000
0517  258.42   976.2     23.62    100.0     314    77     5.90     -5.74     -1.35    10    -0.8     314     0   0   0   0      16.671   -69.847
0518  258.92   976.8     23.64    100.0     309    77     5.86     -5.71     -1.28    10    -0.8     309     0   0   0   0      16.671   -69.847
0519  259.42   977.4     23.65    100.0     303    78     5.87     -5.75     -1.19    11    -0.8     303     0   0   0   0      16.671   -69.847
0520  259.92   978.0     23.67    100.0     298    79     5.95     -5.85     -1.10    10    -0.8     298     0   0   0   0      16.671   -69.847
0521  260.42   978.6     23.68    100.0     292    80     6.07     -5.99     -1.01    10    -0.8     292     0   0   0   0      16.671   -69.847
0522  260.92   979.2     23.69    100.0     287    82     6.23     -6.16     -0.92    12    -0.8     287     0   0   0   0      16.671   -69.847
0523  261.42   979.8     23.70    100.0     282    82     6.41     -6.35     -0.84    12    -0.8     282     0   0   0   0      16.671   -69.847
0524  261.92   980.4     23.71    100.0     276  -999  -999.00   -999.00   -999.00     0    -0.8     276     0   0   0   0    -999.000  -999.000
0525  262.42   981.0     23.71    100.0     271    84     6.75     -6.71     -0.70    10    -0.8     271     0   0   0   0      16.671   -69.847
0526  262.92   981.6     23.72    100.0     265    85     6.90     -6.87     -0.62    11    -0.8     265     0   0   0   0      16.671   -69.847
0527  263.42   982.2     23.72    100.0     260    86     7.03     -7.01     -0.54    10    -0.8     260     0   0   0   0      16.671   -69.847
0528  263.92   982.8     23.73     99.9     255    86     7.14     -7.13     -0.44    10    -0.8     255     0   0   0   0      16.671   -69.847
0529  264.42   983.4     23.73     99.9     249    87     7.24     -7.23     -0.32    10    -0.8     249     0   0   0   0      16.671   -69.847
0530  264.92   984.0     23.73     99.8     244    89     7.32     -7.32     -0.17    10    -0.8     244     0   0   0   0      16.671   -69.847
0531  265.42   984.6     23.73     99.7     238    90     7.40     -7.40      0.01    11    -0.9     238     0   0   0   0      16.671   -69.847
0532  265.92   985.2     23.72     99.6     233    92     7.47     -7.47      0.21    11    -0.9     233     0   0   0   0      16.671   -69.847
0533  266.42   985.8     23.72     99.4     228    93     7.56     -7.55      0.42     9    -0.9     228     0   0   0   0      16.671   -69.848
0534  266.92   986.4     23.71     99.2     222    95     7.66     -7.64      0.63     9    -1.0     222     0   0   0   0      16.671   -69.848
0535  267.42   987.0     23.70     99.1     217  -999  -999.00   -999.00   -999.00     0    -1.0     217     0   0   0   0    -999.000  -999.000
0536  267.92   987.6     23.70     98.9     211    97     7.93     -7.86      1.03    10    -1.1     211     0   0   0   0      16.671   -69.848
0537  268.42  -999.0   -999.00   -999.0    -999    99     8.08     -7.99      1.20     9  -999.0    -999     0   0   0   0      16.671   -69.848
0538  268.92   988.9     23.69     98.7     200  -999  -999.00   -999.00   -999.00     0    -1.2     200     0   0   0   0    -999.000  -999.000
0539  269.42   989.5     23.69     98.6     195   100     8.39     -8.26      1.48     9    -1.3     195     0   0   0   0      16.671   -69.848
0540  269.92   990.2     23.70     98.5     189   101     8.54     -8.39      1.59    10    -1.3     189     0   0   0   0      16.671   -69.848
0541  270.42   990.8     23.71     98.5     183   101     8.66     -8.50      1.69    10    -1.3     183     0   0   0   0      16.671   -69.848
0542  270.92   991.4     23.72     98.4     178   102     8.77     -8.59      1.79    10    -1.3     178     0   0   0   0      16.671   -69.848
0543  271.42   992.1     23.75     98.3     172   102     8.85     -8.65      1.88     9    -1.3     172     0   0   0   0      16.671   -69.848
0544  271.92   992.7     23.77     98.3     166   103     8.90     -8.68      1.96     9    -1.3     166     0   0   0   0      16.671   -69.848
0545  272.42   993.3     23.80     98.2     161   103     8.91     -8.67      2.03    12    -1.3     161     0   0   0   0      16.671   -69.848
0546  272.92   994.0     23.84     98.1     155   104     8.88     -8.63      2.09    12    -1.3     155     0   0   0   0      16.671   -69.848
0547  273.42   994.6     23.87     98.0     150   104     8.82     -8.56      2.14    12    -1.3     150     0   0   0   0      16.671   -69.848
0548  273.92   995.2     23.91     97.9     144   104     8.75     -8.47      2.19    12    -1.2     144     0   0   0   0      16.671   -69.848
0549  274.42   995.8     23.95     97.8     139   105     8.67     -8.37      2.24     7    -1.2     139     0   0   0   0      16.671   -69.848
0550  274.92   996.5     24.00     97.7     133   106     8.60     -8.29      2.31     8    -1.2     133     0   0   0   0      16.671   -69.848
0551  275.42   997.1     24.04     97.5     128   106     8.56     -8.21      2.41     7    -1.2     128     0   0   0   0      16.671   -69.848
0552  275.92   997.7     24.09     97.4     122   107     8.55     -8.17      2.53     7    -1.2     122     0   0   0   0      16.671   -69.848
0553  276.42   998.4     24.14     97.2     116  -999  -999.00   -999.00   -999.00     0    -1.2     116     0   0   0   0    -999.000  -999.000
0554  276.92   999.0     24.18     97.0     111   109     8.68     -8.22      2.81     9    -1.2     111     0   0   0   0      16.671   -69.848
0555  277.42   999.6     24.23     96.8     105   109     8.82     -8.31      2.94     9    -1.1     105     0   0   0   0      16.671   -69.848
0556  277.92  1000.3     24.27     96.6     100   110     9.00     -8.46      3.06    12    -1.1     100     0   0   0   0      16.671   -69.848
0557  278.42  1000.9     24.32     96.4      94  -999  -999.00   -999.00   -999.00     0    -1.1      94     0   0   0   0    -999.000  -999.000
0558  278.92  1001.5     24.35     96.2      89   110     9.44     -8.86      3.25    12    -1.0      89     0   0   0   0      16.671   -69.848
0559  279.42  1002.1     24.39     96.1      83   110     9.67     -9.09      3.32    12    -1.0      83     0   0   0   0      16.671   -69.849
0560  279.92  1002.7     24.42     95.9      78   110     9.92     -9.32      3.39    12    -0.9      78     0   0   0   0      16.671   -69.849
0561  280.42  1003.3     24.45     95.8      73   110    10.15     -9.54      3.47     6    -0.9      73     0   0   0   0      16.671   -69.849
0562  280.92  1003.9     24.48     95.7      67   110    10.37     -9.74      3.56     7    -0.9      67     0   0   0   0      16.671   -69.849
0563  281.42  1004.5     24.51     95.6      62   110    10.56     -9.91      3.64     6    -0.9      62     0   0   0   0      16.671   -69.849
0564  281.92  1005.2     24.55     95.6      57   110    10.71    -10.05      3.70    12    -1.0      57     0   0   0   0      16.671   -69.849
0565  282.42  1005.8     24.59     95.6      51   110    10.82    -10.15      3.75    12    -1.0      51     0   0   0   0      16.671   -69.849
0566  282.92  1006.4     24.63     95.6      46   110    10.90    -10.22      3.78    12    -1.1      46     0   0   0   0      16.671   -69.849
0567  283.42  1007.0     24.67     95.6      40   110    10.91    -10.24      3.78    12    -1.2      40     0   0   0   0      16.671   -69.849
0568  283.92  1007.7     24.72     95.8      35   110    10.85    -10.18      3.76     7    -1.2      35     0   0   0   0      16.671   -69.849
0569  284.42  1008.3     24.77     96.0      29  -999  -999.00   -999.00   -999.00     5    -1.3      29     0   0   0   0    -999.000  -999.000
0570  284.92  1008.9     24.83     96.2      24   110    10.65     -9.98      3.71     8    -1.3      24     0   0   0   0      16.671   -69.849
0571  285.42  1009.6     24.88     96.4      18   111    10.60     -9.93      3.73     8    -1.3      18     0   0   0   0      16.671   -69.849
0572  285.92  1010.3     24.94     96.7      12   111    10.60     -9.90      3.80    12    -1.3      12     0   0   0   0      16.671   -69.849
0573  286.42  -999.0   -999.00   -999.0    -999   111    10.65     -9.95      3.80    12  -999.0    -999     0   0   0   0      16.671   -69.849
0574  286.96  1011.6     25.00     96.9       0  -999  -999.00   -999.00   -999.00  -999  -999.0       0     0   0   0   0    -999.000  -999.000
