 ===========================================================================
 DROPWINDSONDE PROCESSING RECORD                            Sonde: 032335410
 FRD file written by Aspen V3.4.8, 05 Jul 2023 18:06 UTC
 Aircraft: WP-3D, N43RF                      Date: 040903   Time: 164500 UTC
 ---------------------------------------------------------------------------
 Bias corrections:  PR =   0.0 mb  TE =   0.0 C  RH =   0.0 %  PRB =  0.0 mb
 Filters (LPF):     PTH = 
 Dyn RH correction = 
 Estimated PR used = 
 Dyn T correction  = 
 ---------------------------------------------------------------------------
 COMMENT: none, Good Drop
 ===========================================================================

 ===========================================================================
 Date: 040903   Lat:  25.53 N   TA:   15.3 C   PS:  752.3 mb   WD:   188 deg
 Time: 164500   Lon:  76.41 W   TD:   15.3 C   GA:   2293 m    WS:  47.5 m/s
 SID:  032335410                RH:  103.3 %   Navaid:   GP
 ===========================================================================

IX      t (s)  P (mb)    T (C)    RH (%)  Z (m)   WD    WS (m/s)   U (m/s)   V (m/s)  NS  WZ (m/s)  ZW (m)   FP  FT  FH  FW    LAT (N)   LON (E)
0001    0.20  -999.0   -999.00   -999.0    -999  -999  -999.00   -999.00   -999.00  -999  -999.0    -999     0   0   0   0    -999.000  -999.000
0002    0.70  -999.0   -999.00   -999.0    -999  -999  -999.00   -999.00   -999.00  -999  -999.0    -999     0   0   0   0    -999.000  -999.000
0003    1.20  -999.0   -999.00   -999.0    -999  -999  -999.00   -999.00   -999.00  -999  -999.0    -999     0   0   0   0    -999.000  -999.000
0004    1.70  -999.0   -999.00   -999.0    -999  -999  -999.00   -999.00   -999.00  -999  -999.0    -999     0   0   0   0    -999.000  -999.000
0005    2.20  -999.0   -999.00   -999.0    -999  -999  -999.00   -999.00   -999.00  -999  -999.0    -999     0   0   0   0    -999.000  -999.000
0006    2.70  -999.0   -999.00   -999.0    -999  -999  -999.00   -999.00   -999.00     0  -999.0    -999     0   0   0   0    -999.000  -999.000
0007    3.20  -999.0   -999.00   -999.0    -999  -999  -999.00   -999.00   -999.00     0  -999.0    -999     0   0   0   0    -999.000  -999.000
0008    3.70  -999.0   -999.00   -999.0    -999  -999  -999.00   -999.00   -999.00     0  -999.0    -999     0   0   0   0    -999.000  -999.000
0009    4.20  -999.0   -999.00   -999.0    -999  -999  -999.00   -999.00   -999.00     0  -999.0    -999     0   0   0   0    -999.000  -999.000
0010    4.70  -999.0   -999.00   -999.0    -999  -999  -999.00   -999.00   -999.00     0  -999.0    -999     0   0   0   0    -999.000  -999.000
0011    5.20  -999.0   -999.00   -999.0    -999  -999  -999.00   -999.00   -999.00     0  -999.0    -999     0   0   0   0    -999.000  -999.000
0012    5.70  -999.0   -999.00   -999.0    -999  -999  -999.00   -999.00   -999.00     0  -999.0    -999     0   0   0   0    -999.000  -999.000
0013    6.20  -999.0   -999.00   -999.0    -999  -999  -999.00   -999.00   -999.00     0  -999.0    -999     0   0   0   0    -999.000  -999.000
0014    6.70  -999.0   -999.00   -999.0    -999  -999  -999.00   -999.00   -999.00     0  -999.0    -999     0   0   0   0    -999.000  -999.000
0015    7.20  -999.0   -999.00   -999.0    -999  -999  -999.00   -999.00   -999.00     0  -999.0    -999     0   0   0   0    -999.000  -999.000
0016    7.70  -999.0   -999.00   -999.0    -999  -999  -999.00   -999.00   -999.00     0  -999.0    -999     0   0   0   0    -999.000  -999.000
0017    8.20  -999.0   -999.00   -999.0    -999  -999  -999.00   -999.00   -999.00     0  -999.0    -999     0   0   0   0    -999.000  -999.000
0018    8.70  -999.0   -999.00   -999.0    -999  -999  -999.00   -999.00   -999.00     0  -999.0    -999     0   0   0   0    -999.000  -999.000
0019    9.20  -999.0   -999.00   -999.0    -999  -999  -999.00   -999.00   -999.00     0  -999.0    -999     0   0   0   0    -999.000  -999.000
0020    9.70  -999.0   -999.00   -999.0    -999  -999  -999.00   -999.00   -999.00     0  -999.0    -999     0   0   0   0    -999.000  -999.000
0021   10.20  -999.0   -999.00   -999.0    -999  -999  -999.00   -999.00   -999.00     0  -999.0    -999     0   0   0   0    -999.000  -999.000
0022   10.70  -999.0   -999.00   -999.0    -999  -999  -999.00   -999.00   -999.00     0  -999.0    -999     0   0   0   0    -999.000  -999.000
0023   11.20  -999.0   -999.00   -999.0    -999  -999  -999.00   -999.00   -999.00     0  -999.0    -999     0   0   0   0    -999.000  -999.000
0024   11.70  -999.0   -999.00   -999.0    -999  -999  -999.00   -999.00   -999.00     0  -999.0    -999     0   0   0   0    -999.000  -999.000
0025   12.20  -999.0   -999.00   -999.0    -999  -999  -999.00   -999.00   -999.00     0  -999.0    -999     0   0   0   0    -999.000  -999.000
0026   12.70   766.1     15.70   -999.0    2134  -999  -999.00   -999.00   -999.00     0    -0.0    2134     0   0   0   0    -999.000  -999.000
0027   13.20   766.6     15.71   -999.0    2128  -999  -999.00   -999.00   -999.00     0    -0.0    2128     0   0   0   0    -999.000  -999.000
0028   13.70   767.1     15.72   -999.0    2122  -999  -999.00   -999.00   -999.00     0    -0.0    2122     0   0   0   0    -999.000  -999.000
0029   14.20   767.6     15.72   -999.0    2117  -999  -999.00   -999.00   -999.00     0    -0.0    2117     0   0   0   0    -999.000  -999.000
0030   14.70   768.1     15.73   -999.0    2111  -999  -999.00   -999.00   -999.00     0    -0.0    2111     0   0   0   0    -999.000  -999.000
0031   15.20   768.6     15.74   -999.0    2106  -999  -999.00   -999.00   -999.00     0    -0.0    2106     0   0   0   0    -999.000  -999.000
0032   15.70   769.1     15.76   -999.0    2100  -999  -999.00   -999.00   -999.00     0    -0.0    2100     0   0   0   0    -999.000  -999.000
0033   16.20   769.6     15.78   -999.0    2095  -999  -999.00   -999.00   -999.00     0    -0.1    2095     0   0   0   0    -999.000  -999.000
0034   16.70   770.1     15.80   -999.0    2089  -999  -999.00   -999.00   -999.00     0    -0.1    2089     0   0   0   0    -999.000  -999.000
0035   17.20   770.6     15.83   -999.0    2084  -999  -999.00   -999.00   -999.00     0    -0.1    2084     0   0   0   0    -999.000  -999.000
0036   17.70   771.1     15.85   -999.0    2078  -999  -999.00   -999.00   -999.00     0    -0.2    2078     0   0   0   0    -999.000  -999.000
0037   18.20   771.6     15.89   -999.0    2072  -999  -999.00   -999.00   -999.00     0    -0.2    2072     0   0   0   0    -999.000  -999.000
0038   18.70   772.1     15.92   -999.0    2067  -999  -999.00   -999.00   -999.00     0    -0.3    2067     0   0   0   0    -999.000  -999.000
0039   19.20   772.6     15.96   -999.0    2061  -999  -999.00   -999.00   -999.00     0    -0.3    2061     0   0   0   0    -999.000  -999.000
0040   19.70   773.1     16.00   -999.0    2055  -999  -999.00   -999.00   -999.00     0    -0.4    2055     0   0   0   0    -999.000  -999.000
0041   20.20   773.7     16.04   -999.0    2049  -999  -999.00   -999.00   -999.00     0    -0.4    2049     0   0   0   0    -999.000  -999.000
0042   20.70   774.2     16.09   -999.0    2044  -999  -999.00   -999.00   -999.00     0    -0.5    2044     0   0   0   0    -999.000  -999.000
0043   21.20   774.7     16.13   -999.0    2038  -999  -999.00   -999.00   -999.00     0    -0.5    2038     0   0   0   0    -999.000  -999.000
0044   21.70   775.2     16.17   -999.0    2032  -999  -999.00   -999.00   -999.00     0    -0.5    2032     0   0   0   0    -999.000  -999.000
0045   22.20   775.8     16.21   -999.0    2026  -999  -999.00   -999.00   -999.00     0    -0.5    2026     0   0   0   0    -999.000  -999.000
0046   22.70   776.3     16.26   -999.0    2020  -999  -999.00   -999.00   -999.00     0    -0.5    2020     0   0   0   0    -999.000  -999.000
0047   23.20   776.8     16.30   -999.0    2015  -999  -999.00   -999.00   -999.00     0    -0.5    2015     0   0   0   0    -999.000  -999.000
0048   23.70   777.3     16.34     92.7    2009  -999  -999.00   -999.00   -999.00     0    -0.5    2009     0   0   0   0    -999.000  -999.000
0049   24.20   777.9     16.39     92.5    2003  -999  -999.00   -999.00   -999.00     0    -0.5    2003     0   0   0   0    -999.000  -999.000
0050   24.70   778.4     16.43     92.3    1997  -999  -999.00   -999.00   -999.00     0    -0.5    1997     0   0   0   0    -999.000  -999.000
0051   25.20   778.9     16.47     92.1    1992  -999  -999.00   -999.00   -999.00     0    -0.6    1992     0   0   0   0    -999.000  -999.000
0052   25.70   779.4     16.51     91.9    1986  -999  -999.00   -999.00   -999.00     0    -0.6    1986     0   0   0   0    -999.000  -999.000
0053   26.20   780.0     16.56     91.7    1980  -999  -999.00   -999.00   -999.00     0    -0.6    1980     0   0   0   0    -999.000  -999.000
0054   26.70   780.5     16.60     91.5    1974  -999  -999.00   -999.00   -999.00     0    -0.6    1974     0   0   0   0    -999.000  -999.000
0055   27.20   781.0     16.64     91.3    1968  -999  -999.00   -999.00   -999.00     0    -0.7    1968     0   0   0   0    -999.000  -999.000
0056   27.70   781.6     16.68     91.1    1962  -999  -999.00   -999.00   -999.00     0    -0.7    1962     0   0   0   0    -999.000  -999.000
0057   28.20   782.1     16.72     90.9    1957  -999  -999.00   -999.00   -999.00     4    -0.7    1957     0   0   0   0    -999.000  -999.000
0058   28.70   782.6     16.76     90.8    1951  -999  -999.00   -999.00   -999.00     4    -0.7    1951     0   0   0   0    -999.000  -999.000
0059   29.20   783.2     16.81     90.6    1945  -999  -999.00   -999.00   -999.00     0    -0.8    1945     0   0   0   0    -999.000  -999.000
0060   29.70   783.7     16.85     90.5    1939  -999  -999.00   -999.00   -999.00     4    -0.8    1939     0   0   0   0    -999.000  -999.000
0061   30.20   784.3     16.89     90.3    1933  -999  -999.00   -999.00   -999.00     4    -0.8    1933     0   0   0   0    -999.000  -999.000
0062   30.70   784.8     16.94     90.2    1927  -999  -999.00   -999.00   -999.00     4    -0.8    1927     0   0   0   0    -999.000  -999.000
0063   31.20   785.3     16.98     90.0    1921  -999  -999.00   -999.00   -999.00     4    -0.9    1921     0   0   0   0    -999.000  -999.000
0064   31.70   785.9     17.03     89.8    1915  -999  -999.00   -999.00   -999.00     4    -0.9    1915     0   0   0   0    -999.000  -999.000
0065   32.20   786.4     17.07     89.7    1909  -999  -999.00   -999.00   -999.00     4    -0.9    1909     0   0   0   0    -999.000  -999.000
0066   32.70   787.0     17.11     89.5    1903  -999  -999.00   -999.00   -999.00     4    -1.0    1903     0   0   0   0    -999.000  -999.000
0067   33.20   787.5     17.15     89.4    1897  -999  -999.00   -999.00   -999.00     4    -1.0    1897     0   0   0   0    -999.000  -999.000
0068   33.70   788.1     17.19     89.4    1891  -999  -999.00   -999.00   -999.00     4    -1.0    1891     0   0   0   0    -999.000  -999.000
0069   34.20   788.6     17.22     89.3    1885  -999  -999.00   -999.00   -999.00     0    -1.0    1885     0   0   0   0    -999.000  -999.000
0070   34.70   789.2     17.25     89.4    1879  -999  -999.00   -999.00   -999.00     0    -1.1    1879     0   0   0   0    -999.000  -999.000
0071   35.20   789.8     17.28     89.5    1873  -999  -999.00   -999.00   -999.00     0    -1.1    1873     0   0   0   0    -999.000  -999.000
0072   35.70   790.3     17.30     89.7    1867  -999  -999.00   -999.00   -999.00     0    -1.1    1867     0   0   0   0    -999.000  -999.000
0073   36.20   790.9     17.31     89.9    1861  -999  -999.00   -999.00   -999.00     4    -1.1    1861     0   0   0   0    -999.000  -999.000
0074   36.70   791.4     17.32     90.1    1855  -999  -999.00   -999.00   -999.00     4    -1.2    1855     0   0   0   0    -999.000  -999.000
0075   37.20   792.0     17.32     90.3    1849  -999  -999.00   -999.00   -999.00     4    -1.2    1849     0   0   0   0    -999.000  -999.000
0076   37.70   792.5     17.32     90.5    1843  -999  -999.00   -999.00   -999.00     4    -1.2    1843     0   0   0   0    -999.000  -999.000
0077   38.20   793.1     17.33     90.7    1837  -999  -999.00   -999.00   -999.00     4    -1.3    1837     0   0   0   0    -999.000  -999.000
0078   38.70   793.7     17.33     90.9    1831  -999  -999.00   -999.00   -999.00     4    -1.3    1831     0   0   0   0    -999.000  -999.000
0079   39.20   794.3     17.34     91.0    1825  -999  -999.00   -999.00   -999.00     5    -1.3    1825     0   0   0   0    -999.000  -999.000
0080   39.70   794.8     17.35     91.1    1818  -999  -999.00   -999.00   -999.00     5    -1.4    1818     0   0   0   0    -999.000  -999.000
0081   40.20   795.4     17.36     91.2    1812  -999  -999.00   -999.00   -999.00     5    -1.4    1812     0   0   0   0    -999.000  -999.000
0082   40.70   796.0     17.37     91.3    1806  -999  -999.00   -999.00   -999.00     5    -1.4    1806     0   0   0   0    -999.000  -999.000
0083   41.20   796.5     17.38     91.3    1800  -999  -999.00   -999.00   -999.00     5    -1.4    1800     0   0   0   0    -999.000  -999.000
0084   41.70   797.1     17.40     91.4    1794  -999  -999.00   -999.00   -999.00     4    -1.4    1794     0   0   0   0    -999.000  -999.000
0085   42.20   797.7     17.41     91.5    1787  -999  -999.00   -999.00   -999.00     5    -1.4    1787     0   0   0   0    -999.000  -999.000
0086   42.70   798.3     17.43     91.6    1781  -999  -999.00   -999.00   -999.00     5    -1.4    1781     0   0   0   0    -999.000  -999.000
0087   43.20   798.8     17.44     91.7    1775  -999  -999.00   -999.00   -999.00     5    -1.4    1775     0   0   0   0    -999.000  -999.000
0088   43.70   799.4     17.45     91.8    1769  -999  -999.00   -999.00   -999.00     5    -1.4    1769     0   0   0   0    -999.000  -999.000
0089   44.20   800.0     17.47     91.9    1763  -999  -999.00   -999.00   -999.00     0    -1.4    1763     0   0   0   0    -999.000  -999.000
0090   44.70   800.6     17.48     92.0    1757  -999  -999.00   -999.00   -999.00     5    -1.4    1757     0   0   0   0    -999.000  -999.000
0091   45.20   801.1     17.49     92.1    1750  -999  -999.00   -999.00   -999.00     5    -1.4    1750     0   0   0   0    -999.000  -999.000
0092   45.70   801.7     17.50     92.2    1744  -999  -999.00   -999.00   -999.00     5    -1.4    1744     0   0   0   0    -999.000  -999.000
0093   46.20   802.3     17.51     92.3    1738  -999  -999.00   -999.00   -999.00     5    -1.4    1738     0   0   0   0    -999.000  -999.000
0094   46.70   802.9     17.52     92.5    1732  -999  -999.00   -999.00   -999.00     4    -1.4    1732     0   0   0   0    -999.000  -999.000
0095   47.20   803.4     17.54     92.6    1726  -999  -999.00   -999.00   -999.00     5    -1.4    1726     0   0   0   0    -999.000  -999.000
0096   47.70   804.0     17.55     92.8    1720  -999  -999.00   -999.00   -999.00     5    -1.4    1720     0   0   0   0    -999.000  -999.000
0097   48.20   804.6     17.56     92.9    1714  -999  -999.00   -999.00   -999.00     5    -1.4    1714     0   0   0   0    -999.000  -999.000
0098   48.70   805.2     17.57     93.1    1708  -999  -999.00   -999.00   -999.00     5    -1.4    1708     0   0   0   0    -999.000  -999.000
0099   49.20   805.7     17.58     93.2    1701  -999  -999.00   -999.00   -999.00     5    -1.3    1701     0   0   0   0    -999.000  -999.000
0100   49.70   806.3     17.58     93.4    1695  -999  -999.00   -999.00   -999.00     5    -1.3    1695     0   0   0   0    -999.000  -999.000
0101   50.20   806.9     17.59     93.5    1689  -999  -999.00   -999.00   -999.00     5    -1.3    1689     0   0   0   0    -999.000  -999.000
0102   50.70   807.5     17.60     93.7    1683  -999  -999.00   -999.00   -999.00  -999    -1.3    1683     0   0   0   0    -999.000  -999.000
0103   51.20   808.0     17.61     93.8    1677  -999  -999.00   -999.00   -999.00     4    -1.3    1677     0   0   0   0    -999.000  -999.000
0104   51.70   808.6     17.62     93.9    1671  -999  -999.00   -999.00   -999.00  -999    -1.3    1671     0   0   0   0    -999.000  -999.000
0105   52.20   809.2     17.64     94.0    1665  -999  -999.00   -999.00   -999.00     4    -1.2    1665     0   0   0   0    -999.000  -999.000
0106   52.70   809.7     17.66     94.1    1659  -999  -999.00   -999.00   -999.00     5    -1.2    1659     0   0   0   0    -999.000  -999.000
0107   53.20   810.3     17.67     94.2    1653  -999  -999.00   -999.00   -999.00     5    -1.2    1653     0   0   0   0    -999.000  -999.000
0108   53.70   810.9     17.70     94.3    1647  -999  -999.00   -999.00   -999.00     4    -1.2    1647     0   0   0   0    -999.000  -999.000
0109   54.20   811.4     17.72     94.3    1641  -999  -999.00   -999.00   -999.00     4    -1.2    1641     0   0   0   0    -999.000  -999.000
0110   54.70   812.0     17.74     94.4    1635  -999  -999.00   -999.00   -999.00     5    -1.3    1635     0   0   0   0    -999.000  -999.000
0111   55.20  -999.0   -999.00   -999.0    -999  -999  -999.00   -999.00   -999.00     0  -999.0    -999     0   0   0   0    -999.000  -999.000
0112   55.70   813.1     17.79     94.5    1623  -999  -999.00   -999.00   -999.00  -999    -1.3    1623     0   0   0   0    -999.000  -999.000
0113   56.20   813.7     17.81     94.5    1617  -999  -999.00   -999.00   -999.00     5    -1.3    1617     0   0   0   0    -999.000  -999.000
0114   56.70   814.3     17.83     94.5    1611  -999  -999.00   -999.00   -999.00     5    -1.3    1611     0   0   0   0    -999.000  -999.000
0115   57.20   814.9     17.86     94.5    1604  -999  -999.00   -999.00   -999.00     5    -1.3    1604     0   0   0   0    -999.000  -999.000
0116   57.70   815.4     17.88     94.6    1598  -999  -999.00   -999.00   -999.00     5    -1.3    1598     0   0   0   0    -999.000  -999.000
0117   58.20   816.0     17.90     94.7    1592  -999  -999.00   -999.00   -999.00     0    -1.3    1592     0   0   0   0    -999.000  -999.000
0118   58.70   816.6     17.92     94.8    1586  -999  -999.00   -999.00   -999.00     4    -1.2    1586     0   0   0   0    -999.000  -999.000
0119   59.20   817.2     17.94     94.9    1580  -999  -999.00   -999.00   -999.00     5    -1.2    1580     0   0   0   0    -999.000  -999.000
0120   59.70   817.7     17.95     95.0    1574  -999  -999.00   -999.00   -999.00     5    -1.2    1574     0   0   0   0    -999.000  -999.000
0121   60.20   818.3     17.96     95.2    1568  -999  -999.00   -999.00   -999.00     5    -1.1    1568     0   0   0   0    -999.000  -999.000
0122   60.70   818.9     17.98     95.4    1562  -999  -999.00   -999.00   -999.00     4    -1.1    1562     0   0   0   0    -999.000  -999.000
0123   61.20   819.4     17.99     95.5    1556  -999  -999.00   -999.00   -999.00  -999    -1.0    1556     0   0   0   0    -999.000  -999.000
0124   61.70   820.0     18.00     95.7    1551  -999  -999.00   -999.00   -999.00     4    -1.0    1551     0   0   0   0    -999.000  -999.000
0125   62.20   820.6     18.01     95.8    1545  -999  -999.00   -999.00   -999.00  -999    -1.0    1545     0   0   0   0    -999.000  -999.000
0126   62.70   821.1     18.02     96.0    1539  -999  -999.00   -999.00   -999.00     5    -1.0    1539     0   0   0   0    -999.000  -999.000
0127   63.20   821.7     18.03     96.1    1533  -999  -999.00   -999.00   -999.00  -999    -1.1    1533     0   0   0   0    -999.000  -999.000
0128   63.70   822.2     18.05     96.2    1527  -999  -999.00   -999.00   -999.00  -999    -1.1    1527     0   0   0   0    -999.000  -999.000
0129   64.20   822.8     18.06     96.2    1521  -999  -999.00   -999.00   -999.00  -999    -1.1    1521     0   0   0   0    -999.000  -999.000
0130   64.70   823.4     18.08     96.3    1515  -999  -999.00   -999.00   -999.00     4    -1.2    1515     0   0   0   0    -999.000  -999.000
0131   65.20   824.0     18.10     96.3    1509  -999  -999.00   -999.00   -999.00     4    -1.3    1509     0   0   0   0    -999.000  -999.000
0132   65.70   824.5     18.12     96.4    1503  -999  -999.00   -999.00   -999.00     5    -1.3    1503     0   0   0   0    -999.000  -999.000
0133   66.20   825.1     18.14     96.4    1497  -999  -999.00   -999.00   -999.00     5    -1.4    1497     0   0   0   0    -999.000  -999.000
0134   66.70   825.7     18.16     96.4    1491  -999  -999.00   -999.00   -999.00  -999    -1.4    1491     0   0   0   0    -999.000  -999.000
0135   67.20   826.3     18.19     96.5    1485  -999  -999.00   -999.00   -999.00     5    -1.4    1485     0   0   0   0    -999.000  -999.000
0136   67.70   826.9     18.22     96.5    1479  -999  -999.00   -999.00   -999.00     5    -1.5    1479     0   0   0   0    -999.000  -999.000
0137   68.20   827.5     18.24     96.5    1472   175    44.45     -3.72     44.30     6    -1.5    1472     0   0   0   0      25.559   -76.418
0138   68.70   828.1     18.27     96.6    1466  -999  -999.00   -999.00   -999.00     5    -1.5    1466     0   0   0   0    -999.000  -999.000
0139   69.20   828.6     18.30     96.6    1460   175    44.63     -3.76     44.47     6    -1.4    1460     0   0   0   0      25.560   -76.418
0140   69.70   829.2     18.32     96.7    1454   175    44.70     -3.77     44.55     6    -1.4    1454     0   0   0   0      25.560   -76.419
0141   70.20   829.8     18.35     96.7    1448   175    44.76     -3.76     44.60     6    -1.4    1448     0   0   0   0      25.560   -76.419
0142   70.70   830.4     18.37     96.7    1442   175    44.79     -3.74     44.63     6    -1.4    1442     0   0   0   0      25.560   -76.419
0143   71.20   831.0     18.40     96.8    1436  -999  -999.00   -999.00   -999.00     5    -1.3    1436     0   0   0   0    -999.000  -999.000
0144   71.70   831.5     18.42     96.8    1430   175    44.77     -3.66     44.62     6    -1.3    1430     0   0   0   0      25.561   -76.419
0145   72.20   832.1     18.45     96.8    1424  -999  -999.00   -999.00   -999.00  -999    -1.3    1424     0   0   0   0    -999.000  -999.000
0146   72.70   832.7     18.48     96.8    1418  -999  -999.00   -999.00   -999.00  -999    -1.3    1418     0   0   0   0    -999.000  -999.000
0147   73.20   833.3     18.51     96.8    1412   176    44.60     -3.43     44.46     6    -1.3    1412     0   0   0   0      25.561   -76.419
0148   73.70   833.9     18.53     96.9    1406   176    44.50     -3.34     44.38     6    -1.3    1406     0   0   0   0      25.561   -76.419
0149   74.20   834.5     18.56     96.9    1400  -999  -999.00   -999.00   -999.00     5    -1.3    1400     0   0   0   0    -999.000  -999.000
0150   74.70   835.0     18.59     96.9    1394  -999  -999.00   -999.00   -999.00     5    -1.3    1394     0   0   0   0    -999.000  -999.000
0151   75.20   835.6     18.62     96.9    1388  -999  -999.00   -999.00   -999.00     5    -1.3    1388     0   0   0   0    -999.000  -999.000
0152   75.70   836.2     18.64     96.9    1382  -999  -999.00   -999.00   -999.00     0    -1.3    1382     0   0   0   0    -999.000  -999.000
0153   76.20   836.8     18.67     96.9    1376  -999  -999.00   -999.00   -999.00  -999    -1.3    1376     0   0   0   0    -999.000  -999.000
0154   76.70   837.4     18.70     96.9    1370  -999  -999.00   -999.00   -999.00     4    -1.3    1370     0   0   0   0    -999.000  -999.000
0155   77.20   838.0     18.72     97.0    1364  -999  -999.00   -999.00   -999.00     4    -1.3    1364     0   0   0   0    -999.000  -999.000
0156   77.70   838.5     18.75     97.0    1358  -999  -999.00   -999.00   -999.00     5    -1.2    1358     0   0   0   0    -999.000  -999.000
0157   78.20   839.1     18.77     97.0    1352  -999  -999.00   -999.00   -999.00     4    -1.2    1352     0   0   0   0    -999.000  -999.000
0158   78.70   839.7     18.80     97.0    1346  -999  -999.00   -999.00   -999.00     4    -1.2    1346     0   0   0   0    -999.000  -999.000
0159   79.20  -999.0   -999.00   -999.0    -999  -999  -999.00   -999.00   -999.00     5  -999.0    -999     0   0   0   0    -999.000  -999.000
0160   79.70   840.8     18.84     97.1    1334  -999  -999.00   -999.00   -999.00     5    -1.1    1334     0   0   0   0    -999.000  -999.000
0161   80.20   841.4     18.87     97.1    1328  -999  -999.00   -999.00   -999.00  -999    -1.1    1328     0   0   0   0    -999.000  -999.000
0162   80.70   842.0     18.89     97.1    1323   178    43.02     -1.79     42.99     6    -1.1    1323     0   0   0   0      25.564   -76.419
0163   81.20   842.6     18.91     97.1    1317  -999  -999.00   -999.00   -999.00  -999    -1.1    1317     0   0   0   0    -999.000  -999.000
0164   81.70   843.1     18.93     97.1    1311  -999  -999.00   -999.00   -999.00  -999    -1.1    1311     0   0   0   0    -999.000  -999.000
0165   82.20   843.7     18.96     97.1    1305   178    42.92     -1.62     42.89     6    -1.1    1305     0   0   0   0      25.565   -76.419
0166   82.70   844.3     18.98     97.1    1299  -999  -999.00   -999.00   -999.00     5    -1.1    1299     0   0   0   0    -999.000  -999.000
0167   83.20   844.8     19.00     97.1    1293   178    42.98     -1.57     42.96     6    -1.0    1293     0   0   0   0      25.565   -76.419
0168   83.70   845.4     19.03     97.1    1287   178    43.06     -1.57     43.03     6    -1.0    1287     0   0   0   0      25.565   -76.419
0169   84.20   846.0     19.05     97.2    1281   178    43.17     -1.58     43.14     6    -0.9    1281     0   0   0   0      25.565   -76.419
0170   84.70   846.6     19.08     97.2    1276  -999  -999.00   -999.00   -999.00     5    -0.9    1276     0   0   0   0    -999.000  -999.000
0171   85.20   847.1     19.10     97.2    1270   178    43.44     -1.62     43.41     6    -0.8    1270     0   0   0   0      25.566   -76.419
0172   85.70   847.7     19.13     97.2    1264   178    43.61     -1.64     43.58     6    -0.8    1264     0   0   0   0      25.566   -76.419
0173   86.20   848.2     19.15     97.2    1259  -999  -999.00   -999.00   -999.00     6    -0.7    1259     0   0   0   0      25.566   -76.419
0174   86.70   848.8     19.18     97.2    1253   178    43.96     -1.69     43.93     6    -0.7    1253     0   0   0   0      25.566   -76.419
0175   87.20   849.3     19.20     97.3    1247   178    44.13     -1.70     44.10     6    -0.7    1247     0   0   0   0      25.567   -76.419
0176   87.70   849.9     19.22     97.3    1242  -999  -999.00   -999.00   -999.00     6    -0.7    1242     0   0   0   0      25.567   -76.419
0177   88.20   850.5     19.25     97.3    1236  -999  -999.00   -999.00   -999.00     5    -0.7    1236     0   0   0   0    -999.000  -999.000
0178   88.70   851.0     19.27     97.3    1230  -999  -999.00   -999.00   -999.00     0    -0.8    1230     0   0   0   0    -999.000  -999.000
0179   89.20   851.6     19.30     97.3    1225  -999  -999.00   -999.00   -999.00     0    -0.9    1225     0   0   0   0    -999.000  -999.000
0180   89.70   852.1     19.32     97.3    1219  -999  -999.00   -999.00   -999.00     5    -0.9    1219     0   0   0   0    -999.000  -999.000
0181   90.20   852.7     19.34     97.3    1213  -999  -999.00   -999.00   -999.00     5    -1.0    1213     0   0   0   0    -999.000  -999.000
0182   90.70   853.3     19.37     97.3    1207  -999  -999.00   -999.00   -999.00     5    -1.1    1207     0   0   0   0    -999.000  -999.000
0183   91.20   853.9     19.39     97.3    1201  -999  -999.00   -999.00   -999.00     4    -1.2    1201     0   0   0   0    -999.000  -999.000
0184   91.70   854.5     19.41     97.3    1195  -999  -999.00   -999.00   -999.00     5    -1.3    1195     0   0   0   0    -999.000  -999.000
0185   92.20   855.1     19.43     97.3    1189  -999  -999.00   -999.00   -999.00     5    -1.3    1189     0   0   0   0    -999.000  -999.000
0186   92.70   855.6     19.46     97.3    1183   179    44.01     -0.64     44.00     6    -1.4    1183     0   0   0   0      25.569   -76.419
0187   93.20   856.2     19.48     97.3    1177   179    43.98     -0.51     43.98     6    -1.4    1177     0   0   0   0      25.569   -76.419
0188   93.70   856.8     19.50     97.3    1171   179    43.97     -0.40     43.97     6    -1.4    1171     0   0   0   0      25.569   -76.419
0189   94.20   857.4     19.53     97.3    1165   180    43.97     -0.31     43.97     6    -1.4    1165     0   0   0   0      25.569   -76.419
0190   94.70   858.0     19.55     97.3    1159   180    43.98     -0.24     43.98     6    -1.5    1159     0   0   0   0      25.570   -76.419
0191   95.20   858.6     19.58     97.3    1153  -999  -999.00   -999.00   -999.00     4    -1.5    1153     0   0   0   0    -999.000  -999.000
0192   95.70   859.2     19.60     97.3    1147  -999  -999.00   -999.00   -999.00     5    -1.5    1147     0   0   0   0    -999.000  -999.000
0193   96.20   859.8     19.62     97.3    1141   180    43.99     -0.15     43.99     6    -1.5    1141     0   0   0   0      25.570   -76.419
0194   96.70   860.4     19.65     97.3    1135  -999  -999.00   -999.00   -999.00     5    -1.5    1135     0   0   0   0    -999.000  -999.000
0195   97.20   861.0     19.67     97.3    1129   180    43.98     -0.13     43.98     6    -1.5    1129     0   0   0   0      25.571   -76.419
0196   97.70   861.6     19.69     97.3    1123   180    43.98     -0.12     43.98     6    -1.5    1123     0   0   0   0      25.571   -76.419
0197   98.20   862.2     19.71     97.3    1117   180    43.97     -0.08     43.97     6    -1.5    1117     0   0   0   0      25.571   -76.419
0198   98.70   862.8     19.74     97.3    1111  -999  -999.00   -999.00   -999.00     5    -1.5    1111     0   0   0   0    -999.000  -999.000
0199   99.20   863.4     19.76     97.3    1105  -999  -999.00   -999.00   -999.00     4    -1.5    1105     0   0   0   0    -999.000  -999.000
0200   99.70   864.0     19.78     97.4    1099  -999  -999.00   -999.00   -999.00     5    -1.5    1099     0   0   0   0    -999.000  -999.000
0201  100.20   864.6     19.81     97.4    1093   180    43.94      0.25     43.93     6    -1.5    1093     0   0   0   0      25.572   -76.419
0202  100.70   865.2     19.83     97.4    1087   180    43.91      0.36     43.91     6    -1.5    1087     0   0   0   0      25.572   -76.419
0203  101.20   865.8     19.86     97.4    1081  -999  -999.00   -999.00   -999.00     5    -1.5    1081     0   0   0   0    -999.000  -999.000
0204  101.70   866.4     19.88     97.4    1075  -999  -999.00   -999.00   -999.00     5    -1.4    1075     0   0   0   0    -999.000  -999.000
0205  102.20   867.0     19.91     97.4    1069   181    43.81      0.70     43.80     6    -1.4    1069     0   0   0   0      25.573   -76.419
0206  102.70   867.6     19.93     97.4    1063  -999  -999.00   -999.00   -999.00     5    -1.4    1063     0   0   0   0    -999.000  -999.000
0207  103.20   868.2     19.95     97.4    1057   181    43.76      0.93     43.75     6    -1.4    1057     0   0   0   0      25.573   -76.419
0208  103.70   868.8     19.97     97.4    1051   181    43.77      1.05     43.76     6    -1.4    1051     0   0   0   0      25.573   -76.419
0209  104.20   869.4     20.00     97.4    1046   182    43.81      1.17     43.80     6    -1.3    1046     0   0   0   0      25.573   -76.419
0210  104.70   870.0     20.02     97.4    1040   182    43.90      1.29     43.88     6    -1.3    1040     0   0   0   0      25.573   -76.419
0211  105.20   870.6     20.04     97.5    1034  -999  -999.00   -999.00   -999.00     5    -1.3    1034     0   0   0   0    -999.000  -999.000
0212  105.70   871.2     20.06     97.5    1028   182    44.18      1.53     44.15     6    -1.2    1028     0   0   0   0      25.574   -76.419
0213  106.20   871.8     20.08     97.5    1022   182    44.36      1.63     44.33     6    -1.2    1022     0   0   0   0      25.574   -76.419
0214  106.70   872.4     20.10     97.5    1016  -999  -999.00   -999.00   -999.00     5    -1.1    1016     0   0   0   0    -999.000  -999.000
0215  107.20   872.9     20.12     97.5    1010  -999  -999.00   -999.00   -999.00  -999    -1.0    1010     0   0   0   0    -999.000  -999.000
0216  107.70   873.5     20.14     97.5    1004  -999  -999.00   -999.00   -999.00     5    -0.9    1004     0   0   0   0    -999.000  -999.000
0217  108.20   874.1     20.16     97.5     999   182    45.13      1.76     45.10     6    -0.8     999     0   0   0   0      25.575   -76.419
0218  108.70   874.7     20.18     97.5     993   182    45.31      1.70     45.28     6    -0.7     993     0   0   0   0      25.575   -76.419
0219  109.20   875.2     20.20     97.5     988  -999  -999.00   -999.00   -999.00     5    -0.6     988     0   0   0   0    -999.000  -999.000
0220  109.70   875.8     20.22     97.5     982   182    45.64      1.52     45.61     6    -0.6     982     0   0   0   0      25.575   -76.419
0221  110.20   876.3     20.24     97.5     977  -999  -999.00   -999.00   -999.00     5    -0.6     977     0   0   0   0    -999.000  -999.000
0222  110.70   876.9     20.26     97.5     971   182    45.91      1.25     45.89     6    -0.6     971     0   0   0   0      25.576   -76.419
0223  111.20   877.4     20.28     97.5     966   181    46.01      1.09     46.00     6    -0.7     966     0   0   0   0      25.576   -76.419
0224  111.70   878.0     20.30     97.5     960   181    46.11      0.94     46.10     6    -0.7     960     0   0   0   0      25.576   -76.419
0225  112.20   878.5     20.32     97.5     955   181    46.20      0.81     46.19     6    -0.8     955     0   0   0   0      25.577   -76.419
0226  112.70   879.1     20.35     97.5     949   181    46.28      0.70     46.28     6    -0.8     949     0   0   0   0      25.577   -76.419
0227  113.20   879.7     20.37     97.5     943  -999  -999.00   -999.00   -999.00     5    -0.9     943     0   0   0   0    -999.000  -999.000
0228  113.70   880.3     20.39     97.5     937  -999  -999.00   -999.00   -999.00     5    -0.9     937     0   0   0   0    -999.000  -999.000
0229  114.20   880.9     20.41     97.5     932  -999  -999.00   -999.00   -999.00     4    -0.9     932     0   0   0   0    -999.000  -999.000
0230  114.70   881.5     20.43     97.6     926  -999  -999.00   -999.00   -999.00     0    -0.8     926     0   0   0   0    -999.000  -999.000
0231  115.20   882.0     20.45     97.6     920  -999  -999.00   -999.00   -999.00     4    -0.8     920     0   0   0   0    -999.000  -999.000
0232  115.70   882.6     20.47     97.6     915  -999  -999.00   -999.00   -999.00  -999    -0.7     915     0   0   0   0    -999.000  -999.000
0233  116.20   883.2     20.48     97.6     909  -999  -999.00   -999.00   -999.00  -999    -0.6     909     0   0   0   0    -999.000  -999.000
0234  116.70   883.7     20.50     97.6     904  -999  -999.00   -999.00   -999.00  -999    -0.5     904     0   0   0   0    -999.000  -999.000
0235  117.20   884.3     20.52     97.6     898  -999  -999.00   -999.00   -999.00     5    -0.4     898     0   0   0   0    -999.000  -999.000
0236  117.70   884.8     20.55     97.6     893   182    46.95      1.81     46.92     6    -0.3     893     0   0   0   0      25.579   -76.419
0237  118.20   885.4     20.57     97.6     888   182    46.92      1.99     46.87     6    -0.2     888     0   0   0   0      25.579   -76.419
0238  118.70   885.9     20.59     97.7     882  -999  -999.00   -999.00   -999.00  -999    -0.1     882     0   0   0   0    -999.000  -999.000
0239  119.20   886.4     20.61     97.7     877   183    46.79      2.33     46.73     6    -0.1     877     0   0   0   0      25.579   -76.419
0240  119.70   887.0     20.63     97.7     872   183    46.71      2.48     46.64     6    -0.1     872     0   0   0   0      25.580   -76.419
0241  120.20   887.5     20.65     97.7     867   183    46.62      2.60     46.55     6    -0.1     867     0   0   0   0      25.580   -76.419
0242  120.70   888.0     20.68     97.7     861  -999  -999.00   -999.00   -999.00     5    -0.1     861     0   0   0   0    -999.000  -999.000
0243  121.20   888.6     20.70     97.7     856  -999  -999.00   -999.00   -999.00     5    -0.1     856     0   0   0   0    -999.000  -999.000
0244  121.70   889.1     20.72     97.7     851  -999  -999.00   -999.00   -999.00     0    -0.2     851     0   0   0   0    -999.000  -999.000
0245  122.20   889.6     20.74     97.7     846  -999  -999.00   -999.00   -999.00     0    -0.2     846     0   0   0   0    -999.000  -999.000
0246  122.70   890.2     20.76     97.7     840  -999  -999.00   -999.00   -999.00     0    -0.3     840     0   0   0   0    -999.000  -999.000
0247  123.20   890.7     20.78     97.7     835  -999  -999.00   -999.00   -999.00     4    -0.4     835     0   0   0   0    -999.000  -999.000
0248  123.70   891.3     20.81     97.7     829  -999  -999.00   -999.00   -999.00     4    -0.4     829     0   0   0   0    -999.000  -999.000
0249  124.20   891.9     20.83     97.7     824  -999  -999.00   -999.00   -999.00     4    -0.5     824     0   0   0   0    -999.000  -999.000
0250  124.70   892.4     20.85     97.7     819  -999  -999.00   -999.00   -999.00     4    -0.6     819     0   0   0   0    -999.000  -999.000
0251  125.20   893.0     20.87     97.7     813  -999  -999.00   -999.00   -999.00     5    -0.7     813     0   0   0   0    -999.000  -999.000
0252  125.70   893.5     20.89     97.8     808  -999  -999.00   -999.00   -999.00     5    -0.7     808     0   0   0   0    -999.000  -999.000
0253  126.20   894.1     20.91     97.8     802  -999  -999.00   -999.00   -999.00     6    -0.8     802     0   0   0   0      25.582   -76.418
0254  126.70   894.7     20.93     97.8     796  -999  -999.00   -999.00   -999.00  -999    -0.8     796     0   0   0   0    -999.000  -999.000
0255  127.20   895.3     20.95     97.8     791  -999  -999.00   -999.00   -999.00     4    -0.8     791     0   0   0   0    -999.000  -999.000
0256  127.70   895.8     20.98     97.8     785  -999  -999.00   -999.00   -999.00  -999    -0.9     785     0   0   0   0    -999.000  -999.000
0257  128.20   896.4     21.00     97.8     779  -999  -999.00   -999.00   -999.00  -999    -0.8     779     0   0   0   0    -999.000  -999.000
0258  128.70   897.0     21.02     97.8     774  -999  -999.00   -999.00   -999.00     5    -0.8     774     0   0   0   0    -999.000  -999.000
0259  129.20   897.6     21.04     97.8     768  -999  -999.00   -999.00   -999.00     5    -0.8     768     0   0   0   0    -999.000  -999.000
0260  129.70   898.2     21.06     97.8     763  -999  -999.00   -999.00   -999.00  -999    -0.7     763     0   0   0   0    -999.000  -999.000
0261  130.20   898.7     21.08     97.8     757  -999  -999.00   -999.00   -999.00     5    -0.7     757     0   0   0   0    -999.000  -999.000
0262  130.70   899.3     21.11     97.8     752  -999  -999.00   -999.00   -999.00     5    -0.6     752     0   0   0   0    -999.000  -999.000
0263  131.20   899.9     21.13     97.8     746  -999  -999.00   -999.00   -999.00     5    -0.6     746     0   0   0   0    -999.000  -999.000
0264  131.70   900.4     21.15     97.8     741  -999  -999.00   -999.00   -999.00     5    -0.5     741     0   0   0   0    -999.000  -999.000
0265  132.20   901.0     21.17     97.8     735  -999  -999.00   -999.00   -999.00     5    -0.5     735     0   0   0   0    -999.000  -999.000
0266  132.70   901.5     21.19     97.8     730  -999  -999.00   -999.00   -999.00     4    -0.6     730     0   0   0   0    -999.000  -999.000
0267  133.20   902.1     21.21     97.8     725  -999  -999.00   -999.00   -999.00     4    -0.6     725     0   0   0   0    -999.000  -999.000
0268  133.70   902.7     21.23     97.8     719  -999  -999.00   -999.00   -999.00     0    -0.7     719     0   0   0   0    -999.000  -999.000
0269  134.20   903.2     21.25     97.8     714  -999  -999.00   -999.00   -999.00     4    -0.8     714     0   0   0   0    -999.000  -999.000
0270  134.70   903.8     21.27     97.8     708  -999  -999.00   -999.00   -999.00     0    -0.9     708     0   0   0   0    -999.000  -999.000
0271  135.20   904.4     21.29     97.8     702  -999  -999.00   -999.00   -999.00     5    -1.0     702     0   0   0   0    -999.000  -999.000
0272  135.70   905.0     21.31     97.8     697  -999  -999.00   -999.00   -999.00     5    -1.1     697     0   0   0   0    -999.000  -999.000
0273  136.20   905.6     21.33     97.8     691  -999  -999.00   -999.00   -999.00     4    -1.2     691     0   0   0   0    -999.000  -999.000
0274  136.70   906.2     21.35     97.8     685  -999  -999.00   -999.00   -999.00     5    -1.3     685     0   0   0   0    -999.000  -999.000
0275  137.20   906.8     21.37     97.9     679  -999  -999.00   -999.00   -999.00     5    -1.4     679     0   0   0   0    -999.000  -999.000
0276  137.70   907.4     21.39     97.9     673  -999  -999.00   -999.00   -999.00     5    -1.5     673     0   0   0   0    -999.000  -999.000
0277  138.20   908.0     21.42     97.9     667  -999  -999.00   -999.00   -999.00     4    -1.5     667     0   0   0   0    -999.000  -999.000
0278  138.70   908.7     21.44     97.9     661  -999  -999.00   -999.00   -999.00     0    -1.6     661     0   0   0   0    -999.000  -999.000
0279  139.20  -999.0   -999.00   -999.0    -999  -999  -999.00   -999.00   -999.00  -999  -999.0    -999     0   0   0   0    -999.000  -999.000
0280  139.70   909.9     21.49     97.9     650  -999  -999.00   -999.00   -999.00     5    -1.5     650     0   0   0   0    -999.000  -999.000
0281  140.20   910.5     21.51     97.9     644  -999  -999.00   -999.00   -999.00     5    -1.5     644     0   0   0   0    -999.000  -999.000
0282  140.70   911.1     21.54     97.9     638  -999  -999.00   -999.00   -999.00     5    -1.4     638     0   0   0   0    -999.000  -999.000
0283  141.20   911.7     21.56     97.9     632  -999  -999.00   -999.00   -999.00     4    -1.3     632     0   0   0   0    -999.000  -999.000
0284  141.70   912.3     21.59     97.9     626  -999  -999.00   -999.00   -999.00  -999    -1.2     626     0   0   0   0    -999.000  -999.000
0285  142.20   912.9     21.61     97.9     620  -999  -999.00   -999.00   -999.00     4    -1.1     620     0   0   0   0    -999.000  -999.000
0286  142.70   913.5     21.64     97.9     615  -999  -999.00   -999.00   -999.00     4    -0.9     615     0   0   0   0    -999.000  -999.000
0287  143.20   914.1     21.66     97.9     609  -999  -999.00   -999.00   -999.00     4    -0.8     609     0   0   0   0    -999.000  -999.000
0288  143.70   914.7     21.68     97.9     604  -999  -999.00   -999.00   -999.00     4    -0.7     604     0   0   0   0    -999.000  -999.000
0289  144.20   915.3     21.71     97.9     598  -999  -999.00   -999.00   -999.00     4    -0.5     598     0   0   0   0    -999.000  -999.000
0290  144.70   915.8     21.73     97.9     593  -999  -999.00   -999.00   -999.00     5    -0.4     593     0   0   0   0    -999.000  -999.000
0291  145.20   916.4     21.76     97.9     588  -999  -999.00   -999.00   -999.00     5    -0.3     588     0   0   0   0    -999.000  -999.000
0292  145.70   916.9     21.79     98.0     582  -999  -999.00   -999.00   -999.00     5    -0.2     582     0   0   0   0    -999.000  -999.000
0293  146.20   917.5     21.81     98.0     577  -999  -999.00   -999.00   -999.00     4    -0.1     577     0   0   0   0    -999.000  -999.000
0294  146.70   918.0     21.84     98.0     572  -999  -999.00   -999.00   -999.00     4    -0.0     572     0   0   0   0    -999.000  -999.000
0295  147.20   918.6     21.86     98.0     567  -999  -999.00   -999.00   -999.00     4     0.0     567     0   0   0   0    -999.000  -999.000
0296  147.70   919.1     21.89     98.0     562  -999  -999.00   -999.00   -999.00     4     0.0     562     0   0   0   0    -999.000  -999.000
0297  148.20   919.6     21.92     98.0     557  -999  -999.00   -999.00   -999.00     4    -0.0     557     0   0   0   0    -999.000  -999.000
0298  148.70   920.2     21.95     98.0     552  -999  -999.00   -999.00   -999.00     4    -0.1     552     0   0   0   0    -999.000  -999.000
0299  149.20   920.7     21.97     98.0     547  -999  -999.00   -999.00   -999.00     4    -0.2     547     0   0   0   0    -999.000  -999.000
0300  149.70   921.3     22.00     98.0     541  -999  -999.00   -999.00   -999.00     4    -0.3     541     0   0   0   0    -999.000  -999.000
0301  150.20   921.8     22.03     98.0     536  -999  -999.00   -999.00   -999.00     4    -0.4     536     0   0   0   0    -999.000  -999.000
0302  150.70   922.4     22.06     98.0     531  -999  -999.00   -999.00   -999.00     0    -0.4     531     0   0   0   0    -999.000  -999.000
0303  151.20   923.0     22.08     98.0     525  -999  -999.00   -999.00   -999.00     0    -0.5     525     0   0   0   0    -999.000  -999.000
0304  151.70   923.5     22.11     98.0     520  -999  -999.00   -999.00   -999.00     0    -0.6     520     0   0   0   0    -999.000  -999.000
0305  152.20   924.1     22.14     98.0     514  -999  -999.00   -999.00   -999.00     0    -0.6     514     0   0   0   0    -999.000  -999.000
0306  152.70   924.7     22.16     98.1     509  -999  -999.00   -999.00   -999.00     0    -0.6     509     0   0   0   0    -999.000  -999.000
0307  153.20   925.3     22.19     98.1     503  -999  -999.00   -999.00   -999.00  -999    -0.6     503     0   0   0   0    -999.000  -999.000
0308  153.70   925.8     22.22     98.1     498  -999  -999.00   -999.00   -999.00     0    -0.6     498     0   0   0   0    -999.000  -999.000
0309  154.20  -999.0   -999.00   -999.0    -999  -999  -999.00   -999.00   -999.00     0  -999.0    -999     0   0   0   0    -999.000  -999.000
0310  154.70   927.0     22.27     98.1     487  -999  -999.00   -999.00   -999.00     0    -0.5     487     0   0   0   0    -999.000  -999.000
0311  155.20   927.5     22.30     98.1     482  -999  -999.00   -999.00   -999.00     4    -0.5     482     0   0   0   0    -999.000  -999.000
0312  155.70   928.1     22.33     98.1     477  -999  -999.00   -999.00   -999.00     4    -0.5     477     0   0   0   0    -999.000  -999.000
0313  156.20   928.7     22.36     98.1     471  -999  -999.00   -999.00   -999.00     0    -0.5     471     0   0   0   0    -999.000  -999.000
0314  156.70   929.2     22.38     98.1     466  -999  -999.00   -999.00   -999.00     5    -0.5     466     0   0   0   0    -999.000  -999.000
0315  157.20   929.8     22.41     98.1     461  -999  -999.00   -999.00   -999.00     5    -0.5     461     0   0   0   0    -999.000  -999.000
0316  157.70   930.4     22.44     98.1     455  -999  -999.00   -999.00   -999.00     4    -0.5     455     0   0   0   0    -999.000  -999.000
0317  158.20   930.9     22.47     98.1     450  -999  -999.00   -999.00   -999.00     0    -0.5     450     0   0   0   0    -999.000  -999.000
0318  158.70   931.5     22.50     98.1     444  -999  -999.00   -999.00   -999.00     4    -0.5     444     0   0   0   0    -999.000  -999.000
0319  159.20   932.1     22.52     98.1     439  -999  -999.00   -999.00   -999.00     0    -0.6     439     0   0   0   0    -999.000  -999.000
0320  159.70   932.7     22.55     98.1     434  -999  -999.00   -999.00   -999.00     5    -0.6     434     0   0   0   0    -999.000  -999.000
0321  160.20   933.2     22.58     98.1     428  -999  -999.00   -999.00   -999.00     5    -0.7     428     0   0   0   0    -999.000  -999.000
0322  160.70   933.8     22.60     98.1     423  -999  -999.00   -999.00   -999.00     5    -0.8     423     0   0   0   0    -999.000  -999.000
0323  161.20   934.4     22.63     98.1     417  -999  -999.00   -999.00   -999.00     5    -0.9     417     0   0   0   0    -999.000  -999.000
0324  161.70   935.0     22.66     98.1     412  -999  -999.00   -999.00   -999.00     5    -1.0     412     0   0   0   0    -999.000  -999.000
0325  162.20   935.6     22.69     98.2     406  -999  -999.00   -999.00   -999.00     5    -1.2     406     0   0   0   0    -999.000  -999.000
0326  162.70   936.2     22.72     98.2     401  -999  -999.00   -999.00   -999.00     6    -1.3     401     0   0   0   0      25.598   -76.419
0327  163.20   936.8     22.76     98.2     395   173    46.10     -5.78     45.73     6    -1.5     395     0   0   0   0      25.598   -76.419
0328  163.70   937.4     22.80     98.2     389  -999  -999.00   -999.00   -999.00     4    -1.7     389     0   0   0   0    -999.000  -999.000
0329  164.20   938.1     22.84     98.2     383  -999  -999.00   -999.00   -999.00     4    -1.9     383     0   0   0   0    -999.000  -999.000
0330  164.70   938.7     22.89     98.2     377  -999  -999.00   -999.00   -999.00     5    -2.0     377     0   0   0   0    -999.000  -999.000
0331  165.20   939.4     22.94     98.3     371  -999  -999.00   -999.00   -999.00     4    -2.1     371     0   0   0   0    -999.000  -999.000
0332  165.70   940.0     22.99     98.3     365  -999  -999.00   -999.00   -999.00     4    -2.0     365     0   0   0   0    -999.000  -999.000
0333  166.20   940.7     23.04     98.3     358  -999  -999.00   -999.00   -999.00     0    -1.9     358     0   0   0   0    -999.000  -999.000
0334  166.70   941.4     23.09     98.3     352  -999  -999.00   -999.00   -999.00     0    -1.7     352     0   0   0   0    -999.000  -999.000
0335  167.20   942.0     23.14     98.3     346  -999  -999.00   -999.00   -999.00     0    -1.5     346     0   0   0   0    -999.000  -999.000
0336  167.70   942.7     23.18     98.3     340  -999  -999.00   -999.00   -999.00     0    -1.1     340     0   0   0   0    -999.000  -999.000
0337  168.20   943.3     23.21     98.3     335  -999  -999.00   -999.00   -999.00     0    -0.7     335     0   0   0   0    -999.000  -999.000
0338  168.70   943.8     23.24     98.3     329  -999  -999.00   -999.00   -999.00     0    -0.3     329     0   0   0   0    -999.000  -999.000
0339  169.20   944.4     23.27     98.3     324  -999  -999.00   -999.00   -999.00     0     0.1     324     0   0   0   0    -999.000  -999.000
0340  169.70   944.9     23.30     98.3     319  -999  -999.00   -999.00   -999.00     0     0.5     319     0   0   0   0    -999.000  -999.000
0341  170.20   945.4     23.32     98.3     315  -999  -999.00   -999.00   -999.00     0     0.8     315     0   0   0   0    -999.000  -999.000
0342  170.70   945.9     23.34     98.3     310  -999  -999.00   -999.00   -999.00     0     1.1     310     0   0   0   0    -999.000  -999.000
0343  171.20   946.3     23.35     98.3     306  -999  -999.00   -999.00   -999.00     4     1.3     306     0   0   0   0    -999.000  -999.000
0344  171.70   946.8     23.37     98.3     302  -999  -999.00   -999.00   -999.00     4     1.3     302     0   0   0   0    -999.000  -999.000
0345  172.20   947.3     23.38     98.3     298  -999  -999.00   -999.00   -999.00     4     1.3     298     0   0   0   0    -999.000  -999.000
0346  172.70   947.7     23.40     98.3     293  -999  -999.00   -999.00   -999.00     0     1.2     293     0   0   0   0    -999.000  -999.000
0347  173.20   948.2     23.42     98.3     289  -999  -999.00   -999.00   -999.00     0     1.1     289     0   0   0   0    -999.000  -999.000
0348  173.70   948.7     23.43     98.3     284  -999  -999.00   -999.00   -999.00     0     0.9     284     0   0   0   0    -999.000  -999.000
0349  174.20   949.2     23.45     98.3     280  -999  -999.00   -999.00   -999.00     4     0.7     280     0   0   0   0    -999.000  -999.000
0350  174.70   949.7     23.47     98.3     275  -999  -999.00   -999.00   -999.00     0     0.4     275     0   0   0   0    -999.000  -999.000
0351  175.20   950.3     23.48     98.3     270  -999  -999.00   -999.00   -999.00     0     0.2     270     0   0   0   0    -999.000  -999.000
0352  175.70   950.8     23.51     98.3     265  -999  -999.00   -999.00   -999.00     0    -0.0     265     0   0   0   0    -999.000  -999.000
0353  176.20   951.4     23.53     98.3     259  -999  -999.00   -999.00   -999.00     0    -0.2     259     0   0   0   0    -999.000  -999.000
0354  176.70   951.9     23.55     98.3     254  -999  -999.00   -999.00   -999.00     0    -0.4     254     0   0   0   0    -999.000  -999.000
0355  177.20   952.5     23.58     98.4     249  -999  -999.00   -999.00   -999.00     0    -0.5     249     0   0   0   0    -999.000  -999.000
0356  177.70   953.1     23.61     98.4     244  -999  -999.00   -999.00   -999.00     0    -0.6     244     0   0   0   0    -999.000  -999.000
0357  178.20   953.7     23.63     98.4     238  -999  -999.00   -999.00   -999.00     0    -0.7     238     0   0   0   0    -999.000  -999.000
0358  178.70   954.3     23.66     98.4     233  -999  -999.00   -999.00   -999.00     0    -0.7     233     0   0   0   0    -999.000  -999.000
0359  179.20   954.9     23.69     98.4     227  -999  -999.00   -999.00   -999.00     0    -0.7     227     0   0   0   0    -999.000  -999.000
0360  179.70   955.4     23.73     98.4     222  -999  -999.00   -999.00   -999.00     0    -0.7     222     0   0   0   0    -999.000  -999.000
0361  180.20   956.0     23.76     98.4     217  -999  -999.00   -999.00   -999.00     4    -0.6     217     0   0   0   0    -999.000  -999.000
0362  180.70   956.6     23.79     98.4     211  -999  -999.00   -999.00   -999.00     4    -0.5     211     0   0   0   0    -999.000  -999.000
0363  181.20   957.2     23.82     98.4     206  -999  -999.00   -999.00   -999.00     0    -0.4     206     0   0   0   0    -999.000  -999.000
0364  181.70   957.8     23.86     98.5     201  -999  -999.00   -999.00   -999.00     4    -0.2     201     0   0   0   0    -999.000  -999.000
0365  182.20   958.3     23.89     98.5     196  -999  -999.00   -999.00   -999.00     4    -0.1     196     0   0   0   0    -999.000  -999.000
0366  182.70   958.9     23.92     98.5     191  -999  -999.00   -999.00   -999.00     4     0.1     191     0   0   0   0    -999.000  -999.000
0367  183.20   959.4     23.95     98.5     186  -999  -999.00   -999.00   -999.00     0     0.2     186     0   0   0   0    -999.000  -999.000
0368  183.70   959.9     23.98     98.5     181  -999  -999.00   -999.00   -999.00     4     0.3     181     0   0   0   0    -999.000  -999.000
0369  184.20   960.5     24.01     98.5     176  -999  -999.00   -999.00   -999.00     5     0.4     176     0   0   0   0    -999.000  -999.000
0370  184.70   961.0     24.04     98.5     171  -999  -999.00   -999.00   -999.00     5     0.4     171     0   0   0   0    -999.000  -999.000
0371  185.20   961.5     24.07     98.5     166  -999  -999.00   -999.00   -999.00     5     0.5     166     0   0   0   0    -999.000  -999.000
0372  185.70   962.0     24.09     98.4     161  -999  -999.00   -999.00   -999.00     5     0.5     161     0   0   0   0    -999.000  -999.000
0373  186.20   962.6     24.12     98.4     157  -999  -999.00   -999.00   -999.00     5     0.5     157     0   0   0   0    -999.000  -999.000
0374  186.70   963.1     24.14     98.3     152  -999  -999.00   -999.00   -999.00     0     0.4     152     0   0   0   0    -999.000  -999.000
0375  187.20   963.6     24.16     98.3     147  -999  -999.00   -999.00   -999.00     4     0.4     147     0   0   0   0    -999.000  -999.000
0376  187.70   964.1     24.18     98.2     142  -999  -999.00   -999.00   -999.00     5     0.3     142     0   0   0   0    -999.000  -999.000
0377  188.20   964.7     24.20     98.1     137  -999  -999.00   -999.00   -999.00     4     0.2     137     0   0   0   0    -999.000  -999.000
0378  188.70   965.2     24.22     98.1     132  -999  -999.00   -999.00   -999.00     4     0.1     132     0   0   0   0    -999.000  -999.000
0379  189.20   965.8     24.24     98.0     127  -999  -999.00   -999.00   -999.00     0    -0.1     127     0   0   0   0    -999.000  -999.000
0380  189.70   966.3     24.26     97.9     122  -999  -999.00   -999.00   -999.00     0    -0.2     122     0   0   0   0    -999.000  -999.000
0381  190.20   966.9     24.29     97.8     117  -999  -999.00   -999.00   -999.00     0    -0.4     117     0   0   0   0    -999.000  -999.000
0382  190.70   967.5     24.32     97.7     112  -999  -999.00   -999.00   -999.00     0    -0.5     112     0   0   0   0    -999.000  -999.000
0383  191.20   968.0     24.35     97.6     107  -999  -999.00   -999.00   -999.00     0    -0.7     107     0   0   0   0    -999.000  -999.000
0384  191.70   968.6     24.39     97.5     101  -999  -999.00   -999.00   -999.00     0    -0.9     101     0   0   0   0    -999.000  -999.000
0385  192.20   969.2     24.43     97.4      96  -999  -999.00   -999.00   -999.00  -999    -1.0      96     0   0   0   0    -999.000  -999.000
0386  192.70   969.9     24.47     97.3      90  -999  -999.00   -999.00   -999.00     0    -1.2      90     0   0   0   0    -999.000  -999.000
0387  193.20   970.5     24.52     97.2      84  -999  -999.00   -999.00   -999.00     4    -1.4      84     0   0   0   0    -999.000  -999.000
0388  193.70   971.1     24.57     97.2      79  -999  -999.00   -999.00   -999.00     5    -1.5      79     0   0   0   0    -999.000  -999.000
0389  194.20   971.8     24.62     97.1      73  -999  -999.00   -999.00   -999.00     5    -1.6      73     0   0   0   0    -999.000  -999.000
0390  194.70   972.4     24.67     97.1      67  -999  -999.00   -999.00   -999.00     4    -1.8      67     0   0   0   0    -999.000  -999.000
0391  195.20   973.1     24.73     97.1      61  -999  -999.00   -999.00   -999.00     4    -1.9      61     0   0   0   0    -999.000  -999.000
0392  195.70   973.7     24.79     97.1      55  -999  -999.00   -999.00   -999.00     5    -2.0      55     0   0   0   0    -999.000  -999.000
0393  196.20   974.4     24.86     97.1      49  -999  -999.00   -999.00   -999.00     0    -2.0      49     0   0   0   0    -999.000  -999.000
0394  196.70   975.1     24.93     97.2      43  -999  -999.00   -999.00   -999.00     4    -2.1      43     0   0   0   0    -999.000  -999.000
0395  197.20   975.7     25.01     97.2      37  -999  -999.00   -999.00   -999.00     4    -2.1      37     0   0   0   0    -999.000  -999.000
0396  197.70   976.4     25.09     97.2      31  -999  -999.00   -999.00   -999.00     0    -2.1      31     0   0   0   0    -999.000  -999.000
0397  198.20   977.1     25.17     97.2      25  -999  -999.00   -999.00   -999.00     0    -2.2      25     0   0   0   0    -999.000  -999.000
0398  198.70   977.7     25.26     97.1      19  -999  -999.00   -999.00   -999.00     0    -2.2      19     0   0   0   0    -999.000  -999.000
0399  199.20   978.4     25.34     97.1      13  -999  -999.00   -999.00   -999.00     0    -2.2      13     0   0   0   0    -999.000  -999.000
0400  199.70   979.1     25.43     97.1       7  -999  -999.00   -999.00   -999.00     0    -2.2       7     0   0   0   0    -999.000  -999.000
0401  200.24   979.8     25.43     97.1       0  -999  -999.00   -999.00   -999.00  -999  -999.0       0     0   0   0   0    -999.000  -999.000
