 ===========================================================================
 DROPWINDSONDE PROCESSING RECORD                            Sonde: 154215120
 FRD file written by Aspen V3.4.8, 21 Jun 2023 12:45 UTC
 Aircraft: WP-3D Orion, N42RF                Date: 180912   Time: 162502 UTC
 ---------------------------------------------------------------------------
 Bias corrections:  PR =   0.0 mb  TE =   0.0 C  RH =   0.0 %  PRB =  0.0 mb
 Filters (LPF):     PTH = 
 Dyn RH correction = 
 Estimated PR used = 
 Dyn T correction  = 
 ---------------------------------------------------------------------------
 COMMENT: Midpoint, Good Drop; TDDryBiasCorrApplied
 ===========================================================================

 ===========================================================================
 Date: 180912   Lat:  15.80 N   TA:   17.4 C   PS:  842.2 mb   WD:   149 deg
 Time: 162502   Lon:  54.28 W   TD:   17.1 C   GA:   1580 m    WS:  25.1 m/s
 SID:  154215120                RH:   97.6 %   Navaid:   GP
 ===========================================================================

IX      t (s)  P (mb)    T (C)    RH (%)  Z (m)   WD    WS (m/s)   U (m/s)   V (m/s)  NS  WZ (m/s)  ZW (m)   FP  FT  FH  FW    LAT (N)   LON (E)
0001    0.00  -999.0   -999.00   -999.0    -999  -999  -999.00   -999.00   -999.00     8  -999.0    -999     0   0   0   0      15.796   -54.285
0002    0.25  -999.0   -999.00   -999.0    -999  -999  -999.00   -999.00   -999.00     8  -999.0    -999     0   0   0   0    -999.000  -999.000
0003    0.50  -999.0   -999.00   -999.0    -999  -999  -999.00   -999.00   -999.00     6  -999.0    -999     0   0   0   0      15.796   -54.285
0004    0.75  -999.0   -999.00   -999.0    -999  -999  -999.00   -999.00   -999.00     7  -999.0    -999     0   0   0   0    -999.000  -999.000
0005    1.00  -999.0   -999.00   -999.0    -999  -999  -999.00   -999.00   -999.00     9  -999.0    -999     0   0   0   0      15.796   -54.285
0006    1.25  -999.0   -999.00   -999.0    -999  -999  -999.00   -999.00   -999.00     8  -999.0    -999     0   0   0   0    -999.000  -999.000
0007    1.50  -999.0   -999.00   -999.0    -999  -999  -999.00   -999.00   -999.00     9  -999.0    -999     0   0   0   0      15.796   -54.285
0008    1.75  -999.0   -999.00   -999.0    -999  -999  -999.00   -999.00   -999.00     9  -999.0    -999     0   0   0   0    -999.000  -999.000
0009    2.00  -999.0   -999.00   -999.0    -999  -999  -999.00   -999.00   -999.00     9  -999.0    -999     0   0   0   0      15.796   -54.286
0010    2.25  -999.0   -999.00   -999.0    -999  -999  -999.00   -999.00   -999.00     9  -999.0    -999     0   0   0   0    -999.000  -999.000
0011    2.50  -999.0   -999.00   -999.0    -999  -999  -999.00   -999.00   -999.00     9  -999.0    -999     0   0   0   0      15.796   -54.286
0012    2.75  -999.0   -999.00   -999.0    -999  -999  -999.00   -999.00   -999.00     9  -999.0    -999     0   0   0   0    -999.000  -999.000
0013    3.00  -999.0   -999.00   -999.0    -999  -999  -999.00   -999.00   -999.00     9  -999.0    -999     0   0   0   0      15.796   -54.286
0014    3.25  -999.0   -999.00   -999.0    -999  -999  -999.00   -999.00   -999.00     9  -999.0    -999     0   0   0   0    -999.000  -999.000
0015    3.50  -999.0   -999.00   -999.0    -999  -999  -999.00   -999.00   -999.00     9  -999.0    -999     0   0   0   0      15.796   -54.286
0016    3.75  -999.0   -999.00   -999.0    -999  -999  -999.00   -999.00   -999.00     9  -999.0    -999     0   0   0   0    -999.000  -999.000
0017    4.00  -999.0   -999.00   -999.0    -999  -999  -999.00   -999.00   -999.00     9  -999.0    -999     0   0   0   0      15.797   -54.286
0018    4.25  -999.0   -999.00   -999.0    -999  -999  -999.00   -999.00   -999.00     9  -999.0    -999     0   0   0   0    -999.000  -999.000
0019    4.50  -999.0   -999.00   -999.0    -999  -999  -999.00   -999.00   -999.00    10  -999.0    -999     0   0   0   0      15.797   -54.286
0020    4.75  -999.0   -999.00   -999.0    -999  -999  -999.00   -999.00   -999.00    11  -999.0    -999     0   0   0   0    -999.000  -999.000
0021    5.00  -999.0   -999.00   -999.0    -999  -999  -999.00   -999.00   -999.00    12  -999.0    -999     0   0   0   0      15.797   -54.286
0022    5.25  -999.0   -999.00   -999.0    -999  -999  -999.00   -999.00   -999.00    12  -999.0    -999     0   0   0   0    -999.000  -999.000
0023    5.50  -999.0   -999.00   -999.0    -999  -999  -999.00   -999.00   -999.00    12  -999.0    -999     0   0   0   0      15.797   -54.286
0024    5.75  -999.0   -999.00   -999.0    -999  -999  -999.00   -999.00   -999.00    12  -999.0    -999     0   0   0   0    -999.000  -999.000
0025    6.00  -999.0   -999.00   -999.0    -999  -999  -999.00   -999.00   -999.00    12  -999.0    -999     0   0   0   0      15.797   -54.286
0026    6.25  -999.0   -999.00   -999.0    -999  -999  -999.00   -999.00   -999.00    12  -999.0    -999     0   0   0   0    -999.000  -999.000
0027    6.50  -999.0   -999.00   -999.0    -999  -999  -999.00   -999.00   -999.00    12  -999.0    -999     0   0   0   0      15.797   -54.286
0028    6.75  -999.0   -999.00   -999.0    -999  -999  -999.00   -999.00   -999.00    12  -999.0    -999     0   0   0   0    -999.000  -999.000
0029    7.00  -999.0   -999.00   -999.0    -999  -999  -999.00   -999.00   -999.00    12  -999.0    -999     0   0   0   0      15.797   -54.286
0030    7.25  -999.0   -999.00   -999.0    -999  -999  -999.00   -999.00   -999.00    12  -999.0    -999     0   0   0   0    -999.000  -999.000
0031    7.50  -999.0   -999.00   -999.0    -999  -999  -999.00   -999.00   -999.00    12  -999.0    -999     0   0   0   0      15.797   -54.286
0032    7.75  -999.0   -999.00   -999.0    -999  -999  -999.00   -999.00   -999.00    12  -999.0    -999     0   0   0   0    -999.000  -999.000
0033    8.00  -999.0   -999.00   -999.0    -999  -999  -999.00   -999.00   -999.00    12  -999.0    -999     0   0   0   0      15.797   -54.286
0034    8.25  -999.0   -999.00   -999.0    -999  -999  -999.00   -999.00   -999.00    11  -999.0    -999     0   0   0   0    -999.000  -999.000
0035    8.50  -999.0   -999.00   -999.0    -999  -999  -999.00   -999.00   -999.00    11  -999.0    -999     0   0   0   0      15.798   -54.286
0036    8.75  -999.0   -999.00   -999.0    -999  -999  -999.00   -999.00   -999.00    11  -999.0    -999     0   0   0   0    -999.000  -999.000
0037    9.00  -999.0   -999.00   -999.0    -999  -999  -999.00   -999.00   -999.00    11  -999.0    -999     0   0   0   0      15.798   -54.286
0038    9.25  -999.0   -999.00   -999.0    -999  -999  -999.00   -999.00   -999.00    11  -999.0    -999     0   0   0   0    -999.000  -999.000
0039    9.50  -999.0   -999.00   -999.0    -999  -999  -999.00   -999.00   -999.00    11  -999.0    -999     0   0   0   0      15.798   -54.287
0040    9.75  -999.0   -999.00   -999.0    -999  -999  -999.00   -999.00   -999.00    11  -999.0    -999     0   0   0   0    -999.000  -999.000
0041   10.00  -999.0   -999.00   -999.0    -999   149    26.15    -13.65     22.31    11  -999.0    -999     0   0   0   0      15.798   -54.287
0042   10.25  -999.0   -999.00   -999.0    -999   149    26.17    -13.65     22.33    11  -999.0    -999     0   0   0   0    -999.000  -999.000
0043   10.50  -999.0   -999.00   -999.0    -999   149    26.18    -13.65     22.34    11  -999.0    -999     0   0   0   0      15.798   -54.287
0044   10.75  -999.0   -999.00   -999.0    -999   149    26.19    -13.66     22.35    11  -999.0    -999     0   0   0   0    -999.000  -999.000
0045   11.00  -999.0   -999.00   -999.0    -999   149    26.20    -13.66     22.36    11  -999.0    -999     0   0   0   0      15.798   -54.287
0046   11.25  -999.0   -999.00   -999.0    -999   149    26.21    -13.67     22.37    11  -999.0    -999     0   0   0   0    -999.000  -999.000
0047   11.50   854.1     18.08   -999.0    1446   149    26.29    -13.70     22.44    11     0.1    1446     0   0   0   0      15.798   -54.287
0048   11.75  -999.0   -999.00   -999.0    -999   149    26.30    -13.71     22.45    11  -999.0    -999     0   0   0   0    -999.000  -999.000
0049   12.00   854.6     18.08   -999.0    1441   149    26.31    -13.72     22.45    11     0.0    1441     0   0   0   0      15.798   -54.287
0050   12.25  -999.0   -999.00   -999.0    -999   149    26.33    -13.73     22.46    11  -999.0    -999     0   0   0   0    -999.000  -999.000
0051   12.50   855.2     18.08   -999.0    1436   149    26.35    -13.75     22.47    11    -0.1    1436     0   0   0   0      15.798   -54.287
0052   12.75  -999.0   -999.00   -999.0    -999   149    26.36    -13.77     22.48    11  -999.0    -999     0   0   0   0    -999.000  -999.000
0053   13.00   855.7     18.07   -999.0    1430   148    26.39    -13.79     22.49    11    -0.1    1430     0   0   0   0      15.798   -54.287
0054   13.25  -999.0   -999.00   -999.0    -999   148    26.41    -13.82     22.51    11  -999.0    -999     0   0   0   0    -999.000  -999.000
0055   13.50   856.3     18.07   -999.0    1425   148    26.44    -13.85     22.52    11    -0.2    1425     0   0   0   0      15.799   -54.287
0056   13.75  -999.0   -999.00   -999.0    -999   148    26.47    -13.89     22.53    11  -999.0    -999     0   0   0   0    -999.000  -999.000
0057   14.00   856.8     18.06   -999.0    1420   148    26.50    -13.94     22.54    11    -0.2    1420     0   0   0   0      15.799   -54.287
0058   14.25  -999.0   -999.00   -999.0    -999   148    26.54    -14.00     22.54    11  -999.0    -999     0   0   0   0    -999.000  -999.000
0059   14.50   857.3     18.06   -999.0    1414   148    26.57    -14.06     22.55    11    -0.2    1414     0   0   0   0      15.799   -54.287
0060   14.75  -999.0   -999.00   -999.0    -999   148    26.61    -14.13     22.56    11  -999.0    -999     0   0   0   0    -999.000  -999.000
0061   15.00   857.9     18.05   -999.0    1409   148    26.66    -14.20     22.56    11    -0.2    1409     0   0   0   0      15.799   -54.287
0062   15.25  -999.0   -999.00   -999.0    -999   148    26.70    -14.28     22.56    11  -999.0    -999     0   0   0   0    -999.000  -999.000
0063   15.50   858.4     18.04   -999.0    1403   147    26.74    -14.38     22.55    11    -0.1    1403     0   0   0   0      15.799   -54.287
0064   15.75  -999.0   -999.00   -999.0    -999   147    26.79    -14.47     22.54    11  -999.0    -999     0   0   0   0    -999.000  -999.000
0065   16.00   858.9     18.04   -999.0    1398   147    26.84    -14.58     22.53    11    -0.1    1398     0   0   0   0      15.799   -54.287
0066   16.25  -999.0   -999.00   -999.0    -999   147    26.89    -14.69     22.52    11  -999.0    -999     0   0   0   0    -999.000  -999.000
0067   16.50   859.5     18.03   -999.0    1393   147    26.93    -14.81     22.50    11    -0.1    1393     0   0   0   0      15.799   -54.287
0068   16.75  -999.0   -999.00   -999.0    -999   146    26.98    -14.94     22.47    11  -999.0    -999     0   0   0   0    -999.000  -999.000
0069   17.00   860.0     18.01   -999.0    1388   146    27.03    -15.07     22.44    11    -0.0    1388     0   0   0   0      15.799   -54.287
0070   17.25  -999.0   -999.00   -999.0    -999   146    27.08    -15.20     22.41    11  -999.0    -999     0   0   0   0    -999.000  -999.000
0071   17.50   860.5     18.00   -999.0    1382   146    27.13    -15.33     22.38    11    -0.0    1382     0   0   0   0      15.799   -54.288
0072   17.75  -999.0   -999.00   -999.0    -999   145    27.17    -15.47     22.34    11  -999.0    -999     0   0   0   0    -999.000  -999.000
0073   18.00   861.0     17.98   -999.0    1377   145    27.22    -15.61     22.30    11    -0.0    1377     0   0   0   0      15.799   -54.288
0074   18.25  -999.0   -999.00   -999.0    -999   145    27.27    -15.75     22.26    11  -999.0    -999     0   0   0   0    -999.000  -999.000
0075   18.50   861.6     17.96   -999.0    1372   144    27.31    -15.89     22.21    11    -0.1    1372     0   0   0   0      15.800   -54.288
0076   18.75  -999.0   -999.00   -999.0    -999   144    27.36    -16.02     22.17    11  -999.0    -999     0   0   0   0    -999.000  -999.000
0077   19.00   862.1     17.93   -999.0    1366   144    27.40    -16.15     22.13    11    -0.1    1366     0   0   0   0      15.800   -54.288
0078   19.25  -999.0   -999.00   -999.0    -999   144    27.44    -16.27     22.09    11  -999.0    -999     0   0   0   0    -999.000  -999.000
0079   19.50   862.6     17.91   -999.0    1361   143    27.47    -16.38     22.06    11    -0.2    1361     0   0   0   0      15.800   -54.288
0080   19.75  -999.0   -999.00   -999.0    -999   143    27.50    -16.48     22.02    11  -999.0    -999     0   0   0   0    -999.000  -999.000
0081   20.00   863.2     17.89     96.5    1356   143    27.53    -16.58     21.98    11    -0.2    1356     0   0   0   0      15.800   -54.288
0082   20.25  -999.0   -999.00   -999.0    -999   143    27.55    -16.66     21.95    11  -999.0    -999     0   0   0   0    -999.000  -999.000
0083   20.50   863.7     17.87     96.6    1350   143    27.57    -16.74     21.91    11    -0.3    1350     0   0   0   0      15.800   -54.288
0084   20.75  -999.0   -999.00   -999.0    -999   142    27.59    -16.81     21.88    11  -999.0    -999     0   0   0   0    -999.000  -999.000
0085   21.00   864.3     17.86     96.6    1345   142    27.60    -16.88     21.84    11    -0.4    1345     0   0   0   0      15.800   -54.288
0086   21.25  -999.0   -999.00   -999.0    -999   142    27.62    -16.94     21.81    11  -999.0    -999     0   0   0   0    -999.000  -999.000
0087   21.50   864.8     17.84     96.6    1340   142    27.63    -17.01     21.78    11    -0.4    1340     0   0   0   0      15.800   -54.288
0088   21.75  -999.0   -999.00   -999.0    -999   142    27.65    -17.08     21.74    11  -999.0    -999     0   0   0   0    -999.000  -999.000
0089   22.00   865.4     17.82     96.7    1334   142    27.67    -17.15     21.71    11    -0.5    1334     0   0   0   0      15.800   -54.288
0090   22.25  -999.0   -999.00   -999.0    -999   142    27.69    -17.22     21.68    11  -999.0    -999     0   0   0   0    -999.000  -999.000
0091   22.50   865.9     17.80     96.7    1328   141    27.72    -17.31     21.65    11    -0.5    1328     0   0   0   0      15.800   -54.288
0092   22.75  -999.0   -999.00   -999.0    -999   141    27.76    -17.40     21.62    11  -999.0    -999     0   0   0   0    -999.000  -999.000
0093   23.00   866.5     17.79     96.6    1323   141    27.80    -17.50     21.60    11    -0.6    1323     0   0   0   0      15.800   -54.288
0094   23.25  -999.0   -999.00   -999.0    -999   141    27.85    -17.62     21.58    11  -999.0    -999     0   0   0   0    -999.000  -999.000
0095   23.50   867.0     17.76     96.6    1317   141    27.91    -17.74     21.55    11    -0.6    1317     0   0   0   0      15.801   -54.288
0096   23.75  -999.0   -999.00   -999.0    -999   140    27.98    -17.87     21.53    11  -999.0    -999     0   0   0   0    -999.000  -999.000
0097   24.00   867.6     17.74     96.5    1312   140    28.06    -18.01     21.52    11    -0.6    1312     0   0   0   0      15.801   -54.288
0098   24.25  -999.0   -999.00   -999.0    -999   140    28.14    -18.16     21.50    11  -999.0    -999     0   0   0   0    -999.000  -999.000
0099   24.50   868.2     17.71     96.5    1306   140    28.23    -18.31     21.48    11    -0.5    1306     0   0   0   0      15.801   -54.289
0100   24.75  -999.0   -999.00   -999.0    -999   139    28.33    -18.48     21.47    11  -999.0    -999     0   0   0   0    -999.000  -999.000
0101   25.00   868.7     17.68     96.4    1301   139    28.43    -18.66     21.45    11    -0.5    1301     0   0   0   0      15.801   -54.289
0102   25.25  -999.0   -999.00   -999.0    -999   139    28.53    -18.84     21.43    11  -999.0    -999     0   0   0   0    -999.000  -999.000
0103   25.50   869.3     17.65     96.3    1295   138    28.64    -19.02     21.41    11    -0.4    1295     0   0   0   0      15.801   -54.289
0104   25.75  -999.0   -999.00   -999.0    -999   138    28.75    -19.22     21.38    11  -999.0    -999     0   0   0   0    -999.000  -999.000
0105   26.00   869.8     17.61     96.2    1290   138    28.85    -19.41     21.35    11    -0.4    1290     0   0   0   0      15.801   -54.289
0106   26.25  -999.0   -999.00   -999.0    -999   137    28.96    -19.60     21.31    11  -999.0    -999     0   0   0   0    -999.000  -999.000
0107   26.50   870.4     17.57     96.0    1285   137    29.05    -19.79     21.27    11    -0.3    1285     0   0   0   0      15.801   -54.289
0108   26.75  -999.0   -999.00   -999.0    -999   137    29.14    -19.97     21.22    11  -999.0    -999     0   0   0   0    -999.000  -999.000
0109   27.00   870.9     17.52     95.9    1279   136    29.22    -20.15     21.17    11    -0.3    1279     0   0   0   0      15.801   -54.289
0110   27.25  -999.0   -999.00   -999.0    -999   136    29.29    -20.32     21.11    12  -999.0    -999     0   0   0   0    -999.000  -999.000
0111   27.50   871.5     17.48     95.8    1274   136    29.35    -20.47     21.04    12    -0.2    1274     0   0   0   0      15.801   -54.289
0112   27.75  -999.0   -999.00   -999.0    -999   135    29.40    -20.62     20.96    12  -999.0    -999     0   0   0   0    -999.000  -999.000
0113   28.00   872.0     17.43     95.8    1268   135    29.44    -20.75     20.88    12    -0.2    1268     0   0   0   0      15.801   -54.289
0114   28.25  -999.0   -999.00   -999.0    -999   135    29.46    -20.87     20.80    12  -999.0    -999     0   0   0   0    -999.000  -999.000
0115   28.50   872.5     17.38     95.7    1263   135    29.47    -20.97     20.71    12    -0.2    1263     0   0   0   0      15.802   -54.289
0116   28.75  -999.0   -999.00   -999.0    -999   134    29.47    -21.07     20.61    12  -999.0    -999     0   0   0   0    -999.000  -999.000
0117   29.00   873.1     17.33     95.8    1258   134    29.46    -21.15     20.52    12    -0.1    1258     0   0   0   0      15.802   -54.289
0118   29.25  -999.0   -999.00   -999.0    -999   134    29.45    -21.22     20.42    12  -999.0    -999     0   0   0   0    -999.000  -999.000
0119   29.50   873.6     17.29     95.8    1253   134    29.43    -21.29     20.33    12    -0.1    1253     0   0   0   0      15.802   -54.289
0120   29.75  -999.0   -999.00   -999.0    -999   133    29.42    -21.35     20.24    12  -999.0    -999     0   0   0   0    -999.000  -999.000
0121   30.00   874.1     17.25     96.0    1247   133    29.40    -21.40     20.16    12    -0.1    1247     0   0   0   0      15.802   -54.290
0122   30.25  -999.0   -999.00   -999.0    -999   133    29.39    -21.45     20.09    12  -999.0    -999     0   0   0   0    -999.000  -999.000
0123   30.50   874.7     17.21     96.1    1242   133    29.38    -21.50     20.03    12    -0.1    1242     0   0   0   0      15.802   -54.290
0124   30.75  -999.0   -999.00   -999.0    -999   133    29.39    -21.55     19.98    12  -999.0    -999     0   0   0   0    -999.000  -999.000
0125   31.00   875.2     17.18     96.3    1237  -999  -999.00   -999.00   -999.00    12    -0.1    1237     0   0   0   0    -999.000  -999.000
0126   31.25  -999.0   -999.00   -999.0    -999   133    29.41    -21.65     19.91    11  -999.0    -999     0   0   0   0    -999.000  -999.000
0127   31.50   875.8     17.16     96.4    1232   132    29.43    -21.70     19.88    11    -0.1    1232     0   0   0   0      15.802   -54.290
0128   31.75  -999.0   -999.00   -999.0    -999   132    29.46    -21.75     19.86    11  -999.0    -999     0   0   0   0    -999.000  -999.000
0129   32.00   876.3     17.14     96.6    1226   132    29.49    -21.81     19.85    12    -0.1    1226     0   0   0   0      15.802   -54.290
0130   32.25  -999.0   -999.00   -999.0    -999   132    29.52    -21.86     19.84    12  -999.0    -999     0   0   0   0    -999.000  -999.000
0131   32.50   876.8     17.12     96.7    1221   132    29.56    -21.92     19.83    12    -0.1    1221     0   0   0   0      15.802   -54.290
0132   32.75  -999.0   -999.00   -999.0    -999   132    29.60    -21.99     19.82    12  -999.0    -999     0   0   0   0    -999.000  -999.000
0133   33.00   877.4     17.11     96.8    1216   132    29.64    -22.05     19.81    12    -0.1    1216     0   0   0   0      15.802   -54.290
0134   33.25  -999.0   -999.00   -999.0    -999   132    29.68    -22.12     19.79    12  -999.0    -999     0   0   0   0    -999.000  -999.000
0135   33.50   877.9     17.10     96.9    1211   132    29.72    -22.19     19.77    12    -0.1    1211     0   0   0   0      15.802   -54.290
0136   33.75  -999.0   -999.00   -999.0    -999   132    29.76    -22.27     19.74    12  -999.0    -999     0   0   0   0    -999.000  -999.000
0137   34.00   878.4     17.09     97.0    1205   131    29.79    -22.35     19.70    12    -0.1    1205     0   0   0   0      15.803   -54.290
0138   34.25  -999.0   -999.00   -999.0    -999   131    29.82    -22.43     19.65    12  -999.0    -999     0   0   0   0    -999.000  -999.000
0139   34.50   879.0     17.08     97.1    1200   131    29.85    -22.52     19.60    12    -0.1    1200     0   0   0   0      15.803   -54.290
0140   34.75  -999.0   -999.00   -999.0    -999   131    29.88    -22.61     19.54    12  -999.0    -999     0   0   0   0    -999.000  -999.000
0141   35.00   879.5     17.08     97.2    1195   131    29.90    -22.70     19.47    12    -0.1    1195     0   0   0   0      15.803   -54.291
0142   35.25  -999.0   -999.00   -999.0    -999   130    29.92    -22.80     19.39    12  -999.0    -999     0   0   0   0    -999.000  -999.000
0143   35.50   880.1     17.08     97.3    1190   130    29.94    -22.90     19.30    12    -0.1    1190     0   0   0   0      15.803   -54.291
0144   35.75  -999.0   -999.00   -999.0    -999   130    29.96    -23.00     19.20    12  -999.0    -999     0   0   0   0    -999.000  -999.000
0145   36.00   880.6     17.08     97.4    1184   130    29.97    -23.11     19.09    12    -0.2    1184     0   0   0   0      15.803   -54.291
0146   36.25  -999.0   -999.00   -999.0    -999   129    29.99    -23.22     18.98    12  -999.0    -999     0   0   0   0    -999.000  -999.000
0147   36.50   881.2     17.08     97.4    1179   129    30.00    -23.33     18.86    12    -0.2    1179     0   0   0   0      15.803   -54.291
0148   36.75  -999.0   -999.00   -999.0    -999   129    30.01    -23.45     18.73    12  -999.0    -999     0   0   0   0    -999.000  -999.000
0149   37.00   881.7     17.08     97.5    1174   128    30.02    -23.57     18.59    12    -0.2    1174     0   0   0   0      15.803   -54.291
0150   37.25  -999.0   -999.00   -999.0    -999   128    30.03    -23.69     18.45    12  -999.0    -999     0   0   0   0    -999.000  -999.000
0151   37.50   882.2     17.08     97.5    1168   128    30.03    -23.81     18.31    12    -0.2    1168     0   0   0   0      15.803   -54.291
0152   37.75  -999.0   -999.00   -999.0    -999   127    30.05    -23.93     18.17    12  -999.0    -999     0   0   0   0    -999.000  -999.000
0153   38.00   882.8     17.08     97.5    1163   127    30.06    -24.05     18.03    12    -0.2    1163     0   0   0   0      15.803   -54.291
0154   38.25  -999.0   -999.00   -999.0    -999   126    30.08    -24.18     17.89    12  -999.0    -999     0   0   0   0    -999.000  -999.000
0155   38.50   883.3     17.08     97.4    1158   126    30.09    -24.30     17.76    12    -0.2    1158     0   0   0   0      15.803   -54.291
0156   38.75  -999.0   -999.00   -999.0    -999   126    30.12    -24.41     17.63    12  -999.0    -999     0   0   0   0    -999.000  -999.000
0157   39.00   883.9     17.08     97.4    1153   126    30.14    -24.52     17.52    12    -0.3    1153     0   0   0   0      15.803   -54.291
0158   39.25  -999.0   -999.00   -999.0    -999   125    30.17    -24.63     17.41    12  -999.0    -999     0   0   0   0    -999.000  -999.000
0159   39.50   884.4     17.07     97.3    1147   125    30.19    -24.73     17.32    12    -0.3    1147     0   0   0   0      15.804   -54.292
0160   39.75  -999.0   -999.00   -999.0    -999   125    30.22    -24.82     17.24    12  -999.0    -999     0   0   0   0    -999.000  -999.000
0161   40.00   885.0     17.06     97.3    1142   125    30.24    -24.90     17.17    12    -0.4    1142     0   0   0   0      15.804   -54.292
0162   40.25  -999.0   -999.00   -999.0    -999   124    30.27    -24.97     17.10    12  -999.0    -999     0   0   0   0    -999.000  -999.000
0163   40.50   885.5     17.05     97.3    1137   124    30.29    -25.03     17.05    12    -0.4    1137     0   0   0   0      15.804   -54.292
0164   40.75  -999.0   -999.00   -999.0    -999   124    30.31    -25.08     17.01    12  -999.0    -999     0   0   0   0    -999.000  -999.000
0165   41.00   886.1     17.04     97.3    1131   124    30.32    -25.12     16.97    12    -0.4    1131     0   0   0   0      15.804   -54.292
0166   41.25  -999.0   -999.00   -999.0    -999   124    30.33    -25.15     16.94    12  -999.0    -999     0   0   0   0    -999.000  -999.000
0167   41.50   886.6     17.04     97.4    1126   124    30.33    -25.17     16.92    12    -0.5    1126     0   0   0   0      15.804   -54.292
0168   41.75  -999.0   -999.00   -999.0    -999   124    30.33    -25.19     16.90    12  -999.0    -999     0   0   0   0    -999.000  -999.000
0169   42.00   887.2     17.03     97.4    1120   124    30.33    -25.19     16.89    12    -0.5    1120     0   0   0   0      15.804   -54.292
0170   42.25  -999.0   -999.00   -999.0    -999   124    30.32    -25.19     16.87    12  -999.0    -999     0   0   0   0    -999.000  -999.000
0171   42.50   887.8     17.03     97.5    1115   124    30.31    -25.19     16.86    12    -0.5    1115     0   0   0   0      15.804   -54.292
0172   42.75  -999.0   -999.00   -999.0    -999   124    30.29    -25.18     16.85    12  -999.0    -999     0   0   0   0    -999.000  -999.000
0173   43.00   888.3     17.03     97.6    1109   124    30.28    -25.17     16.84    12    -0.5    1109     0   0   0   0      15.804   -54.292
0174   43.25  -999.0   -999.00   -999.0    -999   124    30.26    -25.15     16.83    12  -999.0    -999     0   0   0   0    -999.000  -999.000
0175   43.50   888.9     17.04     97.6    1104   124    30.25    -25.14     16.82    12    -0.5    1104     0   0   0   0      15.804   -54.292
0176   43.75  -999.0   -999.00   -999.0    -999   124    30.23    -25.13     16.81    12  -999.0    -999     0   0   0   0    -999.000  -999.000
0177   44.00   889.5     17.05     97.7    1098   124    30.21    -25.12     16.79    12    -0.5    1098     0   0   0   0      15.804   -54.293
0178   44.25  -999.0   -999.00   -999.0    -999   124    30.20    -25.11     16.78    12  -999.0    -999     0   0   0   0    -999.000  -999.000
0179   44.50   890.0     17.05     97.8    1093   124    30.18    -25.10     16.76    12    -0.5    1093     0   0   0   0      15.804   -54.293
0180   44.75  -999.0   -999.00   -999.0    -999   124    30.16    -25.09     16.74    12  -999.0    -999     0   0   0   0    -999.000  -999.000
0181   45.00   890.6     17.06     97.8    1088   124    30.14    -25.08     16.71    12    -0.5    1088     0   0   0   0      15.804   -54.293
0182   45.25  -999.0   -999.00   -999.0    -999   124    30.12    -25.07     16.69    12  -999.0    -999     0   0   0   0    -999.000  -999.000
0183   45.50   891.2     17.07     97.9    1082   124    30.09    -25.07     16.65    12    -0.4    1082     0   0   0   0      15.804   -54.293
0184   45.75  -999.0   -999.00   -999.0    -999   124    30.07    -25.06     16.62    12  -999.0    -999     0   0   0   0    -999.000  -999.000
0185   46.00   891.7     17.09     97.9    1077   124    30.04    -25.05     16.58    12    -0.5    1077     0   0   0   0      15.805   -54.293
0186   46.25  -999.0   -999.00   -999.0    -999   123    30.01    -25.04     16.54    12  -999.0    -999     0   0   0   0    -999.000  -999.000
0187   46.50   892.3     17.10     98.0    1072   123    29.97    -25.02     16.50    12    -0.5    1072     0   0   0   0      15.805   -54.293
0188   46.75  -999.0   -999.00   -999.0    -999   123    29.94    -25.01     16.46    12  -999.0    -999     0   0   0   0    -999.000  -999.000
0189   47.00   892.8     17.11     98.0    1066   123    29.90    -24.99     16.41    12    -0.5    1066     0   0   0   0      15.805   -54.293
0190   47.25  -999.0   -999.00   -999.0    -999   123    29.85    -24.97     16.36    12  -999.0    -999     0   0   0   0    -999.000  -999.000
0191   47.50   893.4     17.13     98.1    1061   123    29.81    -24.95     16.32    12    -0.5    1061     0   0   0   0      15.805   -54.293
0192   47.75  -999.0   -999.00   -999.0    -999   123    29.76    -24.92     16.27    12  -999.0    -999     0   0   0   0    -999.000  -999.000
0193   48.00   894.0     17.14     98.1    1055   123    29.72    -24.90     16.22    12    -0.6    1055     0   0   0   0      15.805   -54.294
0194   48.25  -999.0   -999.00   -999.0    -999   123    29.67    -24.87     16.17    12  -999.0    -999     0   0   0   0    -999.000  -999.000
0195   48.50   894.5     17.16     98.2    1050   123    29.62    -24.85     16.12    12    -0.6    1050     0   0   0   0      15.805   -54.294
0196   48.75  -999.0   -999.00   -999.0    -999   123    29.57    -24.82     16.07    12  -999.0    -999     0   0   0   0    -999.000  -999.000
0197   49.00   895.1     17.17     98.2    1044   123    29.52    -24.80     16.02    12    -0.6    1044     0   0   0   0      15.805   -54.294
0198   49.25  -999.0   -999.00   -999.0    -999  -999  -999.00   -999.00   -999.00    12  -999.0    -999     0   0   0   0    -999.000  -999.000
0199   49.50   895.7     17.18     98.2    1039   123    29.42    -24.76     15.89    12    -0.7    1039     0   0   0   0      15.805   -54.294
0200   49.75  -999.0   -999.00   -999.0    -999   123    29.37    -24.74     15.83    12  -999.0    -999     0   0   0   0    -999.000  -999.000
0201   50.00   896.2     17.19     98.2    1033   123    29.32    -24.73     15.76    12    -0.7    1033     0   0   0   0      15.805   -54.294
0202   50.25  -999.0   -999.00   -999.0    -999   122    29.27    -24.71     15.69    12  -999.0    -999     0   0   0   0    -999.000  -999.000
0203   50.50   896.8     17.20     98.2    1028   122    29.22    -24.70     15.61    12    -0.7    1028     0   0   0   0      15.805   -54.294
0204   50.75  -999.0   -999.00   -999.0    -999   122    29.17    -24.69     15.53    12  -999.0    -999     0   0   0   0    -999.000  -999.000
0205   51.00   897.4     17.20     98.2    1022   122    29.12    -24.68     15.45    12    -0.7    1022     0   0   0   0      15.805   -54.294
0206   51.25  -999.0   -999.00   -999.0    -999   122    29.06    -24.67     15.37    12  -999.0    -999     0   0   0   0    -999.000  -999.000
0207   51.50   898.0     17.21     98.2    1017   122    29.01    -24.66     15.28    12    -0.7    1017     0   0   0   0      15.805   -54.294
0208   51.75  -999.0   -999.00   -999.0    -999   122    28.96    -24.65     15.19    12  -999.0    -999     0   0   0   0    -999.000  -999.000
0209   52.00   898.6     17.21     98.1    1011   122    28.90    -24.64     15.11    12    -0.6    1011     0   0   0   0      15.805   -54.294
0210   52.25  -999.0   -999.00   -999.0    -999   121    28.85    -24.63     15.02    12  -999.0    -999     0   0   0   0    -999.000  -999.000
0211   52.50   899.1     17.20     98.1    1006   121    28.80    -24.62     14.93    12    -0.6    1006     0   0   0   0      15.805   -54.295
0212   52.75  -999.0   -999.00   -999.0    -999   121    28.75    -24.62     14.84    12  -999.0    -999     0   0   0   0    -999.000  -999.000
0213   53.00   899.7     17.20     98.0    1000   121    28.70    -24.62     14.75    12    -0.6    1000     0   0   0   0      15.806   -54.295
0214   53.25  -999.0   -999.00   -999.0    -999   121    28.65    -24.61     14.66    12  -999.0    -999     0   0   0   0    -999.000  -999.000
0215   53.50   900.3     17.19     98.0     995   121    28.60    -24.62     14.56    12    -0.5     995     0   0   0   0      15.806   -54.295
0216   53.75  -999.0   -999.00   -999.0    -999   120    28.56    -24.62     14.47    12  -999.0    -999     0   0   0   0    -999.000  -999.000
0217   54.00   900.8     17.19     98.0     990   120    28.51    -24.63     14.37    12    -0.5     990     0   0   0   0      15.806   -54.295
0218   54.25  -999.0   -999.00   -999.0    -999   120    28.47    -24.64     14.27    12  -999.0    -999     0   0   0   0    -999.000  -999.000
0219   54.50   901.4     17.18     97.9     984   120    28.43    -24.65     14.17    12    -0.5     984     0   0   0   0      15.806   -54.295
0220   54.75  -999.0   -999.00   -999.0    -999   120    28.40    -24.67     14.07    12  -999.0    -999     0   0   0   0    -999.000  -999.000
0221   55.00   902.0     17.17     97.8     979   120    28.37    -24.69     13.97    12    -0.6     979     0   0   0   0      15.806   -54.295
0222   55.25  -999.0   -999.00   -999.0    -999   119    28.34    -24.71     13.87    12  -999.0    -999     0   0   0   0    -999.000  -999.000
0223   55.50   902.5     17.16     97.8     974   119    28.31    -24.73     13.77    12    -0.6     974     0   0   0   0      15.806   -54.295
0224   55.75  -999.0   -999.00   -999.0    -999   119    28.28    -24.76     13.66    12  -999.0    -999     0   0   0   0    -999.000  -999.000
0225   56.00   903.1     17.14     97.7     968   119    28.25    -24.79     13.55    12    -0.6     968     0   0   0   0      15.806   -54.295
0226   56.25  -999.0   -999.00   -999.0    -999   118    28.22    -24.81     13.44    12  -999.0    -999     0   0   0   0    -999.000  -999.000
0227   56.50   903.7     17.13     97.6     963   118    28.18    -24.84     13.32    12    -0.6     963     0   0   0   0      15.806   -54.295
0228   56.75  -999.0   -999.00   -999.0    -999   118    28.15    -24.86     13.21    12  -999.0    -999     0   0   0   0    -999.000  -999.000
0229   57.00   904.2     17.11     97.5     957   118    28.11    -24.88     13.08    12    -0.6     957     0   0   0   0      15.806   -54.296
0230   57.25  -999.0   -999.00   -999.0    -999   117    28.07    -24.90     12.96    12  -999.0    -999     0   0   0   0    -999.000  -999.000
0231   57.50   904.8     17.10     97.4     952   117    28.02    -24.91     12.83    12    -0.6     952     0   0   0   0      15.806   -54.296
0232   57.75  -999.0   -999.00   -999.0    -999   117    27.97    -24.92     12.69    12  -999.0    -999     0   0   0   0    -999.000  -999.000
0233   58.00   905.4     17.08     97.4     946   117    27.91    -24.93     12.56    12    -0.6     946     0   0   0   0      15.806   -54.296
0234   58.25  -999.0   -999.00   -999.0    -999   116    27.86    -24.93     12.42    12  -999.0    -999     0   0   0   0    -999.000  -999.000
0235   58.50   906.0     17.06     97.4     941   116    27.80    -24.94     12.28    12    -0.5     941     0   0   0   0      15.806   -54.296
0236   58.75  -999.0   -999.00   -999.0    -999   116    27.73    -24.94     12.13    12  -999.0    -999     0   0   0   0    -999.000  -999.000
0237   59.00   906.6     17.04     97.4     935   116    27.67    -24.94     11.99    12    -0.5     935     0   0   0   0      15.806   -54.296
0238   59.25  -999.0   -999.00   -999.0    -999   115    27.61    -24.94     11.85    12  -999.0    -999     0   0   0   0    -999.000  -999.000
0239   59.50   907.1     17.03     97.5     930   115    27.56    -24.94     11.71    12    -0.4     930     0   0   0   0      15.806   -54.296
0240   59.75  -999.0   -999.00   -999.0    -999   115    27.50    -24.95     11.58    12  -999.0    -999     0   0   0   0    -999.000  -999.000
0241   60.00   907.7     17.02     97.6     925   115    27.45    -24.95     11.45    12    -0.3     925     0   0   0   0      15.806   -54.296
0242   60.25  -999.0   -999.00   -999.0    -999   114    27.41    -24.96     11.33    12  -999.0    -999     0   0   0   0    -999.000  -999.000
0243   60.50   908.2     17.01     97.7     919   114    27.37    -24.96     11.21    12    -0.1     919     0   0   0   0      15.806   -54.296
0244   60.75  -999.0   -999.00   -999.0    -999   114    27.33    -24.97     11.11    12  -999.0    -999     0   0   0   0    -999.000  -999.000
0245   61.00   908.8     17.01     97.8     914   114    27.30    -24.98     11.02    12    -0.0     914     0   0   0   0      15.807   -54.297
0246   61.25  -999.0   -999.00   -999.0    -999   114    27.27    -24.98     10.94    12  -999.0    -999     0   0   0   0    -999.000  -999.000
0247   61.50   909.3     17.01     98.0     909   114    27.24    -24.98     10.86    12     0.1     909     0   0   0   0      15.807   -54.297
0248   61.75  -999.0   -999.00   -999.0    -999   113    27.22    -24.98     10.80    12  -999.0    -999     0   0   0   0    -999.000  -999.000
0249   62.00   909.9     17.01     98.1     904   113    27.20    -24.98     10.75    12     0.2     904     0   0   0   0      15.807   -54.297
0250   62.25  -999.0   -999.00   -999.0    -999   113    27.18    -24.98     10.71    12  -999.0    -999     0   0   0   0    -999.000  -999.000
0251   62.50   910.4     17.02     98.3     899   113    27.16    -24.97     10.68    12     0.3     899     0   0   0   0      15.807   -54.297
0252   62.75  -999.0   -999.00   -999.0    -999   113    27.14    -24.96     10.65    12  -999.0    -999     0   0   0   0    -999.000  -999.000
0253   63.00   910.9     17.03     98.4     894   113    27.13    -24.96     10.63    12     0.4     894     0   0   0   0      15.807   -54.297
0254   63.25  -999.0   -999.00   -999.0    -999   113    27.11    -24.95     10.61    12  -999.0    -999     0   0   0   0    -999.000  -999.000
0255   63.50   911.4     17.04     98.5     890   113    27.10    -24.95     10.60    12     0.5     890     0   0   0   0      15.807   -54.297
0256   63.75  -999.0   -999.00   -999.0    -999   113    27.09    -24.94     10.58    12  -999.0    -999     0   0   0   0    -999.000  -999.000
0257   64.00   911.9     17.06     98.6     885   113    27.09    -24.94     10.57    12     0.5     885     0   0   0   0      15.807   -54.297
0258   64.25  -999.0   -999.00   -999.0    -999   113    27.09    -24.94     10.56    12  -999.0    -999     0   0   0   0    -999.000  -999.000
0259   64.50   912.4     17.07     98.7     880   113    27.09    -24.95     10.55    12     0.5     880     0   0   0   0      15.807   -54.297
0260   64.75  -999.0   -999.00   -999.0    -999   113    27.09    -24.95     10.54    12  -999.0    -999     0   0   0   0    -999.000  -999.000
0261   65.00   913.0     17.09     98.8     875   113    27.09    -24.96     10.53    12     0.5     875     0   0   0   0      15.807   -54.297
0262   65.25  -999.0   -999.00   -999.0    -999   113    27.09    -24.96     10.52    12  -999.0    -999     0   0   0   0    -999.000  -999.000
0263   65.50   913.5     17.11     98.9     870   113    27.09    -24.97     10.51    12     0.5     870     0   0   0   0      15.807   -54.298
0264   65.75  -999.0   -999.00   -999.0    -999   113    27.09    -24.97     10.51    12  -999.0    -999     0   0   0   0    -999.000  -999.000
0265   66.00   914.0     17.13     98.9     865   113    27.09    -24.98     10.50    12     0.4     865     0   0   0   0      15.807   -54.298
0266   66.25  -999.0   -999.00   -999.0    -999   113    27.10    -24.98     10.50    12  -999.0    -999     0   0   0   0    -999.000  -999.000
0267   66.50   914.5     17.15     99.0     860   113    27.10    -24.98     10.49    12     0.4     860     0   0   0   0      15.807   -54.298
0268   66.75  -999.0   -999.00   -999.0    -999   113    27.10    -24.99     10.49    12  -999.0    -999     0   0   0   0    -999.000  -999.000
0269   67.00   915.1     17.18     99.1     856   113    27.11    -24.99     10.49    12     0.3     856     0   0   0   0      15.807   -54.298
0270   67.25  -999.0   -999.00   -999.0    -999   113    27.11    -25.00     10.49    12  -999.0    -999     0   0   0   0    -999.000  -999.000
0271   67.50   915.6     17.20     99.1     851   113    27.12    -25.01     10.50    12     0.3     851     0   0   0   0      15.807   -54.298
0272   67.75  -999.0   -999.00   -999.0    -999   113    27.14    -25.03     10.50    12  -999.0    -999     0   0   0   0    -999.000  -999.000
0273   68.00   916.1     17.22     99.1     846   113    27.16    -25.05     10.50    12     0.2     846     0   0   0   0      15.807   -54.298
0274   68.25  -999.0   -999.00   -999.0    -999   113    27.18    -25.07     10.51    12  -999.0    -999     0   0   0   0    -999.000  -999.000
0275   68.50   916.6     17.24     99.2     841   113    27.22    -25.10     10.51    12     0.2     841     0   0   0   0      15.807   -54.298
0276   68.75  -999.0   -999.00   -999.0    -999   113    27.26    -25.14     10.52    12  -999.0    -999     0   0   0   0    -999.000  -999.000
0277   69.00   917.2     17.26     99.2     836   113    27.30    -25.19     10.52    12     0.2     836     0   0   0   0      15.807   -54.298
0278   69.25  -999.0   -999.00   -999.0    -999   113    27.35    -25.25     10.52    12  -999.0    -999     0   0   0   0    -999.000  -999.000
0279   69.50   917.7     17.28     99.3     831   113    27.41    -25.32     10.52    12     0.2     831     0   0   0   0      15.807   -54.299
0280   69.75  -999.0   -999.00   -999.0    -999   112    27.48    -25.39     10.51    12  -999.0    -999     0   0   0   0    -999.000  -999.000
0281   70.00   918.3     17.30     99.3     826   112    27.55    -25.47     10.50    12     0.2     826     0   0   0   0      15.807   -54.299
0282   70.25  -999.0   -999.00   -999.0    -999   112    27.62    -25.56     10.48    12  -999.0    -999     0   0   0   0    -999.000  -999.000
0283   70.50   918.8     17.32     99.4     820   112    27.70    -25.65     10.45    12     0.2     820     0   0   0   0      15.807   -54.299
0284   70.75  -999.0   -999.00   -999.0    -999   112    27.77    -25.74     10.42    12  -999.0    -999     0   0   0   0    -999.000  -999.000
0285   71.00   919.3     17.34     99.4     815   112    27.84    -25.83     10.39    12     0.2     815     0   0   0   0      15.807   -54.299
0286   71.25  -999.0   -999.00   -999.0    -999   112    27.90    -25.92     10.35    12  -999.0    -999     0   0   0   0    -999.000  -999.000
0287   71.50   919.9     17.36     99.5     810   112    27.97    -26.00     10.30    12     0.3     810     0   0   0   0      15.808   -54.299
0288   71.75  -999.0   -999.00   -999.0    -999   111    28.02    -26.08     10.25    12  -999.0    -999     0   0   0   0    -999.000  -999.000
0289   72.00   920.4     17.39     99.5     805   111    28.07    -26.15     10.21    12     0.3     805     0   0   0   0      15.808   -54.299
0290   72.25  -999.0   -999.00   -999.0    -999   111    28.11    -26.21     10.16    12  -999.0    -999     0   0   0   0    -999.000  -999.000
0291   72.50   920.9     17.41     99.6     801   111    28.14    -26.26     10.11    12     0.4     801     0   0   0   0      15.808   -54.299
0292   72.75  -999.0   -999.00   -999.0    -999   111    28.16    -26.30     10.06    12  -999.0    -999     0   0   0   0    -999.000  -999.000
0293   73.00   921.5     17.43     99.6     796   111    28.17    -26.34     10.01    12     0.4     796     0   0   0   0      15.808   -54.299
0294   73.25  -999.0   -999.00   -999.0    -999   111    28.18    -26.36      9.96    12  -999.0    -999     0   0   0   0    -999.000  -999.000
0295   73.50   922.0     17.45     99.7     791   111    28.17    -26.37      9.91    11     0.4     791     0   0   0   0      15.808   -54.299
0296   73.75  -999.0   -999.00   -999.0    -999   110    28.16    -26.38      9.85    11  -999.0    -999     0   0   0   0    -999.000  -999.000
0297   74.00   922.5     17.47     99.7     786   110    28.14    -26.38      9.80    11     0.4     786     0   0   0   0      15.808   -54.300
0298   74.25  -999.0   -999.00   -999.0    -999   110    28.11    -26.37      9.74    11  -999.0    -999     0   0   0   0    -999.000  -999.000
0299   74.50   923.0     17.49     99.7     781   110    28.07    -26.35      9.68    12     0.3     781     0   0   0   0      15.808   -54.300
0300   74.75  -999.0   -999.00   -999.0    -999   110    28.03    -26.33      9.62    12  -999.0    -999     0   0   0   0    -999.000  -999.000
0301   75.00   923.6     17.51     99.8     776   110    27.99    -26.30      9.56    12     0.3     776     0   0   0   0      15.808   -54.300
0302   75.25  -999.0   -999.00   -999.0    -999   110    27.94    -26.27      9.50    12  -999.0    -999     0   0   0   0    -999.000  -999.000
0303   75.50   924.1     17.54     99.8     771   110    27.89    -26.24      9.45    12     0.1     771     0   0   0   0      15.808   -54.300
0304   75.75  -999.0   -999.00   -999.0    -999   110    27.83    -26.20      9.39    12  -999.0    -999     0   0   0   0    -999.000  -999.000
0305   76.00   924.6     17.56     99.8     766   110    27.77    -26.15      9.34    12    -0.0     766     0   0   0   0      15.808   -54.300
0306   76.25  -999.0   -999.00   -999.0    -999   110    27.70    -26.10      9.29    12  -999.0    -999     0   0   0   0    -999.000  -999.000
0307   76.50   925.2     17.58     99.8     761   110    27.63    -26.04      9.25    12    -0.2     761     0   0   0   0      15.808   -54.300
0308   76.75  -999.0   -999.00   -999.0    -999   110    27.55    -25.96      9.21    12  -999.0    -999     0   0   0   0    -999.000  -999.000
0309   77.00   925.7     17.60     99.8     756   110    27.46    -25.88      9.17    12    -0.5     756     0   0   0   0      15.808   -54.300
0310   77.25  -999.0   -999.00   -999.0    -999   110    27.36    -25.78      9.14    12  -999.0    -999     0   0   0   0    -999.000  -999.000
0311   77.50   926.3     17.63     99.8     751   110    27.24    -25.67      9.11    12    -0.7     751     0   0   0   0      15.808   -54.300
0312   77.75  -999.0   -999.00   -999.0    -999   110    27.12    -25.55      9.09    12  -999.0    -999     0   0   0   0    -999.000  -999.000
0313   78.00   926.9     17.65     99.9     745   110    27.00    -25.43      9.08    12    -1.0     745     0   0   0   0      15.808   -54.301
0314   78.25  -999.0   -999.00   -999.0    -999   110    26.87    -25.29      9.06    12  -999.0    -999     0   0   0   0    -999.000  -999.000
0315   78.50   927.5     17.67     99.9     740   110    26.74    -25.16      9.06    12    -1.2     740     0   0   0   0      15.808   -54.301
0316   78.75  -999.0   -999.00   -999.0    -999   110    26.62    -25.03      9.06    12  -999.0    -999     0   0   0   0    -999.000  -999.000
0317   79.00   928.1     17.70     99.9     734   110    26.50    -24.90      9.06    12    -1.4     734     0   0   0   0      15.808   -54.301
0318   79.25  -999.0   -999.00   -999.0    -999   110    26.40    -24.79      9.08    12  -999.0    -999     0   0   0   0    -999.000  -999.000
0319   79.50   928.8     17.72     99.9     728   110    26.30    -24.68      9.10    12    -1.6     728     0   0   0   0      15.808   -54.301
0320   79.75  -999.0   -999.00   -999.0    -999   110    26.23    -24.59      9.13    12  -999.0    -999     0   0   0   0    -999.000  -999.000
0321   80.00   929.4     17.75     99.9     722   111    26.17    -24.51      9.17    12    -1.7     722     0   0   0   0      15.808   -54.301
0322   80.25  -999.0   -999.00   -999.0    -999   111    26.13    -24.45      9.21    12  -999.0    -999     0   0   0   0    -999.000  -999.000
0323   80.50   930.1     17.78     99.9     716   111    26.11    -24.42      9.26    12    -1.7     716     0   0   0   0      15.808   -54.301
0324   80.75  -999.0   -999.00   -999.0    -999   111    26.12    -24.40      9.31    12  -999.0    -999     0   0   0   0    -999.000  -999.000
0325   81.00   930.7     17.80     99.9     710   111    26.14    -24.41      9.37    12    -1.7     710     0   0   0   0      15.808   -54.301
0326   81.25  -999.0   -999.00   -999.0    -999   111    26.19    -24.44      9.42    12  -999.0    -999     0   0   0   0    -999.000  -999.000
0327   81.50   931.4     17.83     99.9     704   111    26.26    -24.49      9.48    12    -1.7     704     0   0   0   0      15.808   -54.301
0328   81.75  -999.0   -999.00   -999.0    -999   111    26.34    -24.55      9.52    12  -999.0    -999     0   0   0   0    -999.000  -999.000
0329   82.00   932.0     17.86     99.9     698   111    26.43    -24.64      9.57    12    -1.6     698     0   0   0   0      15.808   -54.302
0330   82.25  -999.0   -999.00   -999.0    -999   111    26.53    -24.73      9.60    12  -999.0    -999     0   0   0   0    -999.000  -999.000
0331   82.50   932.6     17.88     99.9     692   111    26.63    -24.83      9.62    12    -1.5     692     0   0   0   0      15.808   -54.302
0332   82.75  -999.0   -999.00   -999.0    -999   111    26.73    -24.94      9.64    12  -999.0    -999     0   0   0   0    -999.000  -999.000
0333   83.00   933.3     17.91     99.9     686   111    26.84    -25.04      9.65    12    -1.4     686     0   0   0   0      15.809   -54.302
0334   83.25  -999.0   -999.00   -999.0    -999   111    26.93    -25.15      9.64    12  -999.0    -999     0   0   0   0    -999.000  -999.000
0335   83.50   933.9     17.93     99.9     681   111    27.03    -25.25      9.62    12    -1.4     681     0   0   0   0      15.809   -54.302
0336   83.75  -999.0   -999.00   -999.0    -999   111    27.11    -25.36      9.60    12  -999.0    -999     0   0   0   0    -999.000  -999.000
0337   84.00   934.5     17.95     99.9     675   111    27.19    -25.45      9.56    12    -1.3     675     0   0   0   0      15.809   -54.302
0338   84.25  -999.0   -999.00   -999.0    -999   110    27.26    -25.54      9.52    12  -999.0    -999     0   0   0   0    -999.000  -999.000
0339   84.50   935.1     17.98     99.9     670   110    27.32    -25.62      9.47    12    -1.2     670     0   0   0   0      15.809   -54.302
0340   84.75  -999.0   -999.00   -999.0    -999   110    27.37    -25.70      9.41    12  -999.0    -999     0   0   0   0    -999.000  -999.000
0341   85.00   935.7     18.00     99.9     664   110    27.41    -25.77      9.35    12    -1.2     664     0   0   0   0      15.809   -54.302
0342   85.25  -999.0   -999.00   -999.0    -999   110    27.44    -25.83      9.28    12  -999.0    -999     0   0   0   0    -999.000  -999.000
0343   85.50   936.3     18.02     99.9     658   110    27.46    -25.88      9.20    12    -1.1     658     0   0   0   0      15.809   -54.302
0344   85.75  -999.0   -999.00   -999.0    -999   109    27.48    -25.92      9.12    12  -999.0    -999     0   0   0   0    -999.000  -999.000
0345   86.00   936.9     18.04     99.9     653   109    27.49    -25.96      9.03    12    -1.1     653     0   0   0   0      15.809   -54.302
0346   86.25  -999.0   -999.00   -999.0    -999   109    27.49    -26.00      8.93    12  -999.0    -999     0   0   0   0    -999.000  -999.000
0347   86.50   937.5     18.07     99.9     647   109    27.48    -26.03      8.84    12    -1.1     647     0   0   0   0      15.809   -54.303
0348   86.75  -999.0   -999.00   -999.0    -999   109    27.48    -26.05      8.73    12  -999.0    -999     0   0   0   0    -999.000  -999.000
0349   87.00   938.2     18.09     99.9     641   108    27.47    -26.07      8.63    12    -1.0     641     0   0   0   0      15.809   -54.303
0350   87.25  -999.0   -999.00   -999.0    -999   108    27.45    -26.09      8.52    12  -999.0    -999     0   0   0   0    -999.000  -999.000
0351   87.50  -999.0   -999.00   -999.0    -999  -999  -999.00   -999.00   -999.00     0  -999.0    -999     0   0   0   0    -999.000  -999.000
0352   87.75  -999.0   -999.00   -999.0    -999  -999  -999.00   -999.00   -999.00     0  -999.0    -999     0   0   0   0    -999.000  -999.000
0353   88.00   939.4     18.15     99.8     630   107    27.39    -26.14      8.20    12    -0.9     630     0   0   0   0      15.809   -54.303
0354   88.25  -999.0   -999.00   -999.0    -999   107    27.37    -26.14      8.10    12  -999.0    -999     0   0   0   0    -999.000  -999.000
0355   88.50   940.0     18.17     99.7     625   107    27.34    -26.14      8.00    12    -0.9     625     0   0   0   0      15.809   -54.303
0356   88.75  -999.0   -999.00   -999.0    -999   107    27.31    -26.14      7.91    12  -999.0    -999     0   0   0   0    -999.000  -999.000
0357   89.00   940.6     18.21     99.7     619   107    27.28    -26.13      7.83    12    -0.9     619     0   0   0   0      15.809   -54.303
0358   89.25  -999.0   -999.00   -999.0    -999   107    27.25    -26.12      7.76    12  -999.0    -999     0   0   0   0    -999.000  -999.000
0359   89.50   941.2     18.24     99.6     614   106    27.22    -26.11      7.70    12    -0.8     614     0   0   0   0      15.809   -54.303
0360   89.75  -999.0   -999.00   -999.0    -999   106    27.20    -26.10      7.66    12  -999.0    -999     0   0   0   0    -999.000  -999.000
0361   90.00   941.8     18.27     99.5     609   106    27.17    -26.08      7.62    11    -0.8     609     0   0   0   0      15.809   -54.303
0362   90.25  -999.0   -999.00   -999.0    -999   106    27.15    -26.06      7.60    11  -999.0    -999     0   0   0   0    -999.000  -999.000
0363   90.50   942.4     18.30     99.4     603   106    27.13    -26.04      7.59    12    -0.8     603     0   0   0   0      15.809   -54.304
0364   90.75  -999.0   -999.00   -999.0    -999   106    27.11    -26.03      7.58    12  -999.0    -999     0   0   0   0    -999.000  -999.000
0365   91.00   943.0     18.34     99.3     598   106    27.10    -26.02      7.59    12    -0.8     598     0   0   0   0      15.809   -54.304
0366   91.25  -999.0   -999.00   -999.0    -999   106    27.09    -26.01      7.60    12  -999.0    -999     0   0   0   0    -999.000  -999.000
0367   91.50   943.5     18.37     99.2     592   106    27.09    -26.00      7.61    12    -0.8     592     0   0   0   0      15.809   -54.304
0368   91.75  -999.0   -999.00   -999.0    -999   106    27.09    -25.99      7.63    12  -999.0    -999     0   0   0   0    -999.000  -999.000
0369   92.00   944.1     18.40     99.1     587   106    27.09    -25.99      7.64    12    -0.8     587     0   0   0   0      15.809   -54.304
0370   92.25  -999.0   -999.00   -999.0    -999   106    27.09    -25.98      7.66    12  -999.0    -999     0   0   0   0    -999.000  -999.000
0371   92.50   944.7     18.44     98.9     581   106    27.09    -25.98      7.66    12    -0.8     581     0   0   0   0      15.809   -54.304
0372   92.75  -999.0   -999.00   -999.0    -999   106    27.09    -25.99      7.67    12  -999.0    -999     0   0   0   0    -999.000  -999.000
0373   93.00   945.3     18.48     98.8     576   106    27.10    -25.99      7.66    12    -0.8     576     0   0   0   0      15.809   -54.304
0374   93.25  -999.0   -999.00   -999.0    -999   106    27.10    -25.99      7.65    12  -999.0    -999     0   0   0   0    -999.000  -999.000
0375   93.50   945.9     18.51     98.7     571   106    27.10    -26.00      7.63    12    -0.8     571     0   0   0   0      15.809   -54.304
0376   93.75  -999.0   -999.00   -999.0    -999   106    27.09    -26.00      7.60    12  -999.0    -999     0   0   0   0    -999.000  -999.000
0377   94.00   946.5     18.55     98.6     565   106    27.08    -26.00      7.57    12    -0.8     565     0   0   0   0      15.809   -54.304
0378   94.25  -999.0   -999.00   -999.0    -999   106    27.07    -26.00      7.53    12  -999.0    -999     0   0   0   0    -999.000  -999.000
0379   94.50   947.1     18.58     98.5     560   106    27.05    -26.00      7.48    12    -0.8     560     0   0   0   0      15.809   -54.305
0380   94.75  -999.0   -999.00   -999.0    -999   106    27.03    -25.99      7.43    12  -999.0    -999     0   0   0   0    -999.000  -999.000
0381   95.00   947.7     18.62     98.4     554   106    27.00    -25.97      7.37    12    -0.8     554     0   0   0   0      15.809   -54.305
0382   95.25  -999.0   -999.00   -999.0    -999   106    26.97    -25.95      7.32    12  -999.0    -999     0   0   0   0    -999.000  -999.000
0383   95.50   948.3     18.65     98.2     549   106    26.92    -25.93      7.26    12    -0.9     549     0   0   0   0      15.809   -54.305
0384   95.75  -999.0   -999.00   -999.0    -999   106    26.88    -25.90      7.21    12  -999.0    -999     0   0   0   0    -999.000  -999.000
0385   96.00   948.9     18.69     98.1     543   105    26.83    -25.86      7.15    12    -0.9     543     0   0   0   0      15.810   -54.305
0386   96.25  -999.0   -999.00   -999.0    -999   105    26.78    -25.82      7.10    12  -999.0    -999     0   0   0   0    -999.000  -999.000
0387   96.50   949.5     18.72     98.0     538   105    26.73    -25.78      7.05    12    -0.9     538     0   0   0   0      15.810   -54.305
0388   96.75  -999.0   -999.00   -999.0    -999   105    26.67    -25.74      7.01    12  -999.0    -999     0   0   0   0    -999.000  -999.000
0389   97.00   950.1     18.75     97.9     532   105    26.62    -25.69      6.97    12    -1.0     532     0   0   0   0      15.810   -54.305
0390   97.25  -999.0   -999.00   -999.0    -999   105    26.57    -25.65      6.94    12  -999.0    -999     0   0   0   0    -999.000  -999.000
0391   97.50   950.7     18.79     97.7     527   105    26.53    -25.61      6.91    12    -1.0     527     0   0   0   0      15.810   -54.305
0392   97.75  -999.0   -999.00   -999.0    -999   105    26.49    -25.58      6.89    12  -999.0    -999     0   0   0   0    -999.000  -999.000
0393   98.00   951.3     18.82     97.6     521   105    26.45    -25.54      6.88    11    -1.0     521     0   0   0   0      15.810   -54.305
0394   98.25  -999.0   -999.00   -999.0    -999   105    26.43    -25.52      6.87    11  -999.0    -999     0   0   0   0    -999.000  -999.000
0395   98.50   951.9     18.85     97.5     516   105    26.41    -25.50      6.87    11    -1.1     516     0   0   0   0      15.810   -54.305
0396   98.75  -999.0   -999.00   -999.0    -999   105    26.41    -25.50      6.88    11  -999.0    -999     0   0   0   0    -999.000  -999.000
0397   99.00   952.6     18.88     97.4     510   105    26.42    -25.50      6.90    11    -1.1     510     0   0   0   0      15.810   -54.306
0398   99.25  -999.0   -999.00   -999.0    -999   105    26.44    -25.51      6.92    11  -999.0    -999     0   0   0   0    -999.000  -999.000
0399   99.50   953.2     18.91     97.2     505   105    26.47    -25.54      6.95    11    -1.2     505     0   0   0   0      15.810   -54.306
0400   99.75  -999.0   -999.00   -999.0    -999   105    26.51    -25.57      6.99    11  -999.0    -999     0   0   0   0    -999.000  -999.000
0401  100.00   953.8     18.94     97.1     499   105    26.56    -25.61      7.03    11    -1.2     499     0   0   0   0      15.810   -54.306
0402  100.25  -999.0   -999.00   -999.0    -999   105    26.61    -25.66      7.07    12  -999.0    -999     0   0   0   0    -999.000  -999.000
0403  100.50   954.4     18.97     97.0     494   105    26.67    -25.71      7.12    12    -1.2     494     0   0   0   0      15.810   -54.306
0404  100.75  -999.0   -999.00   -999.0    -999   106    26.74    -25.76      7.16    12  -999.0    -999     0   0   0   0    -999.000  -999.000
0405  101.00   955.0     19.01     96.9     488   106    26.80    -25.81      7.20    12    -1.2     488     0   0   0   0      15.810   -54.306
0406  101.25  -999.0   -999.00   -999.0    -999   106    26.86    -25.86      7.24    12  -999.0    -999     0   0   0   0    -999.000  -999.000
0407  101.50   955.7     19.05     96.7     482   106    26.91    -25.91      7.27    12    -1.2     482     0   0   0   0      15.810   -54.306
0408  101.75  -999.0   -999.00   -999.0    -999   106    26.96    -25.95      7.30    12  -999.0    -999     0   0   0   0    -999.000  -999.000
0409  102.00   956.3     19.09     96.6     477   106    27.00    -25.99      7.33    12    -1.2     477     0   0   0   0      15.810   -54.306
0410  102.25  -999.0   -999.00   -999.0    -999   106    27.04    -26.02      7.35    12  -999.0    -999     0   0   0   0    -999.000  -999.000
0411  102.50   956.9     19.13     96.5     471   106    27.06    -26.04      7.37    12    -1.2     471     0   0   0   0      15.810   -54.306
0412  102.75  -999.0   -999.00   -999.0    -999   106    27.08    -26.06      7.39    12  -999.0    -999     0   0   0   0    -999.000  -999.000
0413  103.00   957.5     19.17     96.4     465   106    27.10    -26.07      7.40    12    -1.2     465     0   0   0   0      15.810   -54.307
0414  103.25  -999.0   -999.00   -999.0    -999   106    27.10    -26.07      7.40    12  -999.0    -999     0   0   0   0    -999.000  -999.000
0415  103.50   958.1     19.21     96.3     460   106    27.10    -26.07      7.39    12    -1.2     460     0   0   0   0      15.810   -54.307
0416  103.75  -999.0   -999.00   -999.0    -999   106    27.09    -26.07      7.38    12  -999.0    -999     0   0   0   0    -999.000  -999.000
0417  104.00   958.8     19.25     96.2     454  -999  -999.00   -999.00   -999.00    12    -1.1     454     0   0   0   0    -999.000  -999.000
0418  104.25  -999.0   -999.00   -999.0    -999   106    27.06    -26.04      7.34    12  -999.0    -999     0   0   0   0    -999.000  -999.000
0419  104.50   959.4     19.30     96.1     449   106    27.03    -26.02      7.31    12    -1.1     449     0   0   0   0      15.810   -54.307
0420  104.75  -999.0   -999.00   -999.0    -999   106    26.99    -26.00      7.28    12  -999.0    -999     0   0   0   0    -999.000  -999.000
0421  105.00   960.0     19.34     96.0     443  -999  -999.00   -999.00   -999.00    12    -1.1     443     0   0   0   0    -999.000  -999.000
0422  105.25  -999.0   -999.00   -999.0    -999   105    26.92    -25.94      7.19    12  -999.0    -999     0   0   0   0    -999.000  -999.000
0423  105.50   960.6     19.38     95.9     438   105    26.88    -25.91      7.15    12    -1.1     438     0   0   0   0      15.810   -54.307
0424  105.75  -999.0   -999.00   -999.0    -999   105    26.84    -25.89      7.10    12  -999.0    -999     0   0   0   0    -999.000  -999.000
0425  106.00   961.2     19.42     95.8     432   105    26.81    -25.86      7.06    12    -1.0     432     0   0   0   0      15.810   -54.307
0426  106.25  -999.0   -999.00   -999.0    -999   105    26.78    -25.85      7.03    12  -999.0    -999     0   0   0   0    -999.000  -999.000
0427  106.50   961.9     19.46     95.6     427   105    26.77    -25.84      7.00    12    -1.0     427     0   0   0   0      15.810   -54.307
0428  106.75  -999.0   -999.00   -999.0    -999   105    26.76    -25.83      6.97    12  -999.0    -999     0   0   0   0    -999.000  -999.000
0429  107.00   962.5     19.49     95.5     421   105    26.76    -25.84      6.96    12    -0.9     421     0   0   0   0      15.810   -54.308
0430  107.25  -999.0   -999.00   -999.0    -999   105    26.77    -25.85      6.95    12  -999.0    -999     0   0   0   0    -999.000  -999.000
0431  107.50   963.1     19.53     95.4     416   105    26.79    -25.87      6.95    12    -0.9     416     0   0   0   0      15.810   -54.308
0432  107.75  -999.0   -999.00   -999.0    -999   105    26.82    -25.91      6.96    12  -999.0    -999     0   0   0   0    -999.000  -999.000
0433  108.00   963.7     19.57     95.3     410   105    26.87    -25.95      6.97    12    -0.8     410     0   0   0   0      15.810   -54.308
0434  108.25  -999.0   -999.00   -999.0    -999   105    26.92    -26.00      6.99    12  -999.0    -999     0   0   0   0    -999.000  -999.000
0435  108.50   964.3     19.60     95.1     405   105    26.98    -26.05      7.01    12    -0.8     405     0   0   0   0      15.810   -54.308
0436  108.75  -999.0   -999.00   -999.0    -999   105    27.04    -26.11      7.03    12  -999.0    -999     0   0   0   0    -999.000  -999.000
0437  109.00   964.9     19.64     95.0     399   105    27.11    -26.17      7.06    12    -0.8     399     0   0   0   0      15.810   -54.308
0438  109.25  -999.0   -999.00   -999.0    -999   105    27.17    -26.24      7.08    12  -999.0    -999     0   0   0   0    -999.000  -999.000
0439  109.50   965.5     19.68     94.9     394   105    27.24    -26.30      7.10    12    -0.8     394     0   0   0   0      15.810   -54.308
0440  109.75  -999.0   -999.00   -999.0    -999   105    27.30    -26.36      7.12    12  -999.0    -999     0   0   0   0    -999.000  -999.000
0441  110.00   966.1     19.71     94.8     389   105    27.36    -26.42      7.14    12    -0.9     389     0   0   0   0      15.810   -54.308
0442  110.25  -999.0   -999.00   -999.0    -999   105    27.42    -26.47      7.15    12  -999.0    -999     0   0   0   0    -999.000  -999.000
0443  110.50   966.7     19.75     94.7     383   105    27.46    -26.51      7.16    12    -1.0     383     0   0   0   0      15.810   -54.308
0444  110.75  -999.0   -999.00   -999.0    -999   105    27.50    -26.55      7.16    12  -999.0    -999     0   0   0   0    -999.000  -999.000
0445  111.00   967.3     19.79     94.6     378   105    27.53    -26.59      7.16    12    -1.1     378     0   0   0   0      15.810   -54.308
0446  111.25  -999.0   -999.00   -999.0    -999   105    27.55    -26.61      7.15    12  -999.0    -999     0   0   0   0    -999.000  -999.000
0447  111.50   967.9     19.83     94.4     372   105    27.57    -26.63      7.13    12    -1.2     372     0   0   0   0      15.811   -54.309
0448  111.75  -999.0   -999.00   -999.0    -999   105    27.56    -26.63      7.11    12  -999.0    -999     0   0   0   0    -999.000  -999.000
0449  112.00   968.5     19.87     94.2     367   105    27.55    -26.63      7.08    12    -1.4     367     0   0   0   0      15.811   -54.309
0450  112.25  -999.0   -999.00   -999.0    -999   105    27.53    -26.61      7.04    12  -999.0    -999     0   0   0   0    -999.000  -999.000
0451  112.50   969.2     19.92     93.9     361   105    27.50    -26.59      7.00    12    -1.6     361     0   0   0   0      15.811   -54.309
0452  112.75  -999.0   -999.00   -999.0    -999   105    27.45    -26.56      6.96    12  -999.0    -999     0   0   0   0    -999.000  -999.000
0453  113.00   969.8     19.96     93.7     355   105    27.40    -26.52      6.91    12    -1.8     355     0   0   0   0      15.811   -54.309
0454  113.25  -999.0   -999.00   -999.0    -999   105    27.35    -26.47      6.86    12  -999.0    -999     0   0   0   0    -999.000  -999.000
0455  113.50   970.5     20.01     93.4     349   104    27.29    -26.43      6.81    12    -2.0     349     0   0   0   0      15.811   -54.309
0456  113.75  -999.0   -999.00   -999.0    -999   104    27.23    -26.38      6.76    12  -999.0    -999     0   0   0   0    -999.000  -999.000
0457  114.00   971.2     20.06     93.2     343   104    27.17    -26.33      6.72    12    -2.1     343     0   0   0   0      15.811   -54.309
0458  114.25  -999.0   -999.00   -999.0    -999   104    27.12    -26.28      6.67    12  -999.0    -999     0   0   0   0    -999.000  -999.000
0459  114.50   971.8     20.11     92.9     337   104    27.06    -26.24      6.64    12    -2.3     337     0   0   0   0      15.811   -54.309
0460  114.75  -999.0   -999.00   -999.0    -999   104    27.01    -26.19      6.60    12  -999.0    -999     0   0   0   0    -999.000  -999.000
0461  115.00   972.5     20.16     92.7     331   104    26.96    -26.14      6.58    12    -2.5     331     0   0   0   0      15.811   -54.309
0462  115.25  -999.0   -999.00   -999.0    -999   104    26.91    -26.10      6.56    12  -999.0    -999     0   0   0   0    -999.000  -999.000
0463  115.50   973.2     20.21     92.5     325   104    26.86    -26.06      6.54    12    -2.7     325     0   0   0   0      15.811   -54.310
0464  115.75  -999.0   -999.00   -999.0    -999   104    26.82    -26.01      6.53    12  -999.0    -999     0   0   0   0    -999.000  -999.000
0465  116.00   973.9     20.27     92.2     318   104    26.77    -25.97      6.53    12    -2.8     318     0   0   0   0      15.811   -54.310
0466  116.25  -999.0   -999.00   -999.0    -999   104    26.73    -25.92      6.53    12  -999.0    -999     0   0   0   0    -999.000  -999.000
0467  116.50   974.7     20.32     92.0     312   104    26.69    -25.88      6.54    12    -2.9     312     0   0   0   0      15.811   -54.310
0468  116.75  -999.0   -999.00   -999.0    -999   104    26.65    -25.83      6.56    12  -999.0    -999     0   0   0   0    -999.000  -999.000
0469  117.00   975.4     20.37     91.8     306   104    26.61    -25.79      6.58    12    -3.0     306     0   0   0   0      15.811   -54.310
0470  117.25  -999.0   -999.00   -999.0    -999   104    26.58    -25.75      6.61    12  -999.0    -999     0   0   0   0    -999.000  -999.000
0471  117.50   976.1     20.42     91.6     299   104    26.56    -25.72      6.64    12    -3.0     299     0   0   0   0      15.811   -54.310
0472  117.75  -999.0   -999.00   -999.0    -999   105    26.54    -25.69      6.67    12  -999.0    -999     0   0   0   0    -999.000  -999.000
0473  118.00   976.9     20.47     91.4     293   105    26.53    -25.66      6.71    12    -3.0     293     0   0   0   0      15.811   -54.310
0474  118.25  -999.0   -999.00   -999.0    -999   105    26.52    -25.65      6.76    12  -999.0    -999     0   0   0   0    -999.000  -999.000
0475  118.50   977.6     20.52     91.2     286   105    26.53    -25.64      6.80    12    -3.0     286     0   0   0   0      15.811   -54.310
0476  118.75  -999.0   -999.00   -999.0    -999   105    26.54    -25.64      6.85    12  -999.0    -999     0   0   0   0    -999.000  -999.000
0477  119.00   978.3     20.57     91.1     280   105    26.57    -25.65      6.90    12    -2.9     280     0   0   0   0      15.811   -54.310
0478  119.25  -999.0   -999.00   -999.0    -999   105    26.60    -25.68      6.95    12  -999.0    -999     0   0   0   0    -999.000  -999.000
0479  119.50   979.1     20.62     90.9     273   105    26.64    -25.70      7.01    12    -2.8     273     0   0   0   0      15.811   -54.311
0480  119.75  -999.0   -999.00   -999.0    -999   105    26.69    -25.74      7.06    12  -999.0    -999     0   0   0   0    -999.000  -999.000
0481  120.00   979.8     20.67     90.8     267   105    26.75    -25.79      7.11    11    -2.6     267     0   0   0   0      15.811   -54.311
0482  120.25  -999.0   -999.00   -999.0    -999   105    26.82    -25.84      7.17    12  -999.0    -999     0   0   0   0    -999.000  -999.000
0483  120.50   980.5     20.72     90.7     260   106    26.89    -25.90      7.22    12    -2.4     260     0   0   0   0      15.811   -54.311
0484  120.75  -999.0   -999.00   -999.0    -999   106    26.97    -25.97      7.27    12  -999.0    -999     0   0   0   0    -999.000  -999.000
0485  121.00  -999.0   -999.00   -999.0    -999   106    27.05    -26.04      7.33    12  -999.0    -999     0   0   0   0      15.811   -54.311
0486  121.25  -999.0   -999.00   -999.0    -999   106    27.15    -26.12      7.39    12  -999.0    -999     0   0   0   0    -999.000  -999.000
0487  121.50   981.9     20.81     90.6     248   106    27.24    -26.21      7.44    12    -1.8     248     0   0   0   0      15.811   -54.311
0488  121.75  -999.0   -999.00   -999.0    -999   106    27.35    -26.30      7.50    12  -999.0    -999     0   0   0   0    -999.000  -999.000
0489  122.00   982.5     20.86     90.5     243   106    27.45    -26.39      7.55    12    -1.5     243     0   0   0   0      15.811   -54.311
0490  122.25  -999.0   -999.00   -999.0    -999   106    27.56    -26.49      7.61    12  -999.0    -999     0   0   0   0    -999.000  -999.000
0491  122.50   983.1     20.91     90.4     237   106    27.67    -26.59      7.66    12    -1.3     237     0   0   0   0      15.811   -54.311
0492  122.75  -999.0   -999.00   -999.0    -999   106    27.78    -26.69      7.72    12  -999.0    -999     0   0   0   0    -999.000  -999.000
0493  123.00   983.8     20.95     90.3     232   106    27.89    -26.78      7.77    12    -1.0     232     0   0   0   0      15.811   -54.311
0494  123.25  -999.0   -999.00   -999.0    -999   106    27.99    -26.88      7.82    12  -999.0    -999     0   0   0   0    -999.000  -999.000
0495  123.50   984.4     20.99     90.1     226   106    28.09    -26.96      7.86    12    -0.7     226     0   0   0   0      15.811   -54.312
0496  123.75  -999.0   -999.00   -999.0    -999   106    28.17    -27.04      7.90    12  -999.0    -999     0   0   0   0    -999.000  -999.000
0497  124.00   984.9     21.03     90.0     221   106    28.25    -27.12      7.93    12    -0.5     221     0   0   0   0      15.811   -54.312
0498  124.25  -999.0   -999.00   -999.0    -999   106    28.32    -27.18      7.95    12  -999.0    -999     0   0   0   0    -999.000  -999.000
0499  124.50   985.5     21.07     89.8     216   106    28.39    -27.24      7.97    12    -0.3     216     0   0   0   0      15.811   -54.312
0500  124.75  -999.0   -999.00   -999.0    -999   106    28.44    -27.30      7.97    12  -999.0    -999     0   0   0   0    -999.000  -999.000
0501  125.00   986.1     21.10     89.7     211   106    28.49    -27.35      7.97    12    -0.1     211     0   0   0   0      15.811   -54.312
0502  125.25  -999.0   -999.00   -999.0    -999   106    28.52    -27.39      7.97    12  -999.0    -999     0   0   0   0    -999.000  -999.000
0503  125.50   986.6     21.13     89.7     206   106    28.55    -27.42      7.96    12     0.0     206     0   0   0   0      15.811   -54.312
0504  125.75  -999.0   -999.00   -999.0    -999   106    28.58    -27.45      7.94    12  -999.0    -999     0   0   0   0    -999.000  -999.000
0505  126.00   987.2     21.17     89.6     201   106    28.59    -27.47      7.92    11     0.1     201     0   0   0   0      15.811   -54.312
0506  126.25  -999.0   -999.00   -999.0    -999   106    28.59    -27.48      7.90    11  -999.0    -999     0   0   0   0    -999.000  -999.000
0507  126.50   987.8     21.20     89.6     196   106    28.59    -27.49      7.87    11     0.3     196     0   0   0   0      15.811   -54.312
0508  126.75  -999.0   -999.00   -999.0    -999   106    28.58    -27.48      7.85    12  -999.0    -999     0   0   0   0    -999.000  -999.000
0509  127.00   988.3     21.23     89.6     191   106    28.56    -27.47      7.83    12     0.4     191     0   0   0   0      15.812   -54.312
0510  127.25  -999.0   -999.00   -999.0    -999   106    28.54    -27.45      7.81    12  -999.0    -999     0   0   0   0    -999.000  -999.000
0511  127.50   988.9     21.27     89.6     187   106    28.50    -27.42      7.79    12     0.5     187     0   0   0   0      15.812   -54.313
0512  127.75  -999.0   -999.00   -999.0    -999   106    28.46    -27.38      7.78    12  -999.0    -999     0   0   0   0    -999.000  -999.000
0513  128.00   989.4     21.31     89.6     182   106    28.42    -27.33      7.77    12     0.6     182     0   0   0   0      15.812   -54.313
0514  128.25  -999.0   -999.00   -999.0    -999   106    28.36    -27.28      7.76    12  -999.0    -999     0   0   0   0    -999.000  -999.000
0515  128.50   989.9     21.34     89.5     177   106    28.30    -27.22      7.76    12     0.7     177     0   0   0   0      15.812   -54.313
0516  128.75  -999.0   -999.00   -999.0    -999   106    28.24    -27.15      7.76    12  -999.0    -999     0   0   0   0    -999.000  -999.000
0517  129.00   990.4     21.38     89.4     173   106    28.17    -27.08      7.77    12     0.7     173     0   0   0   0      15.812   -54.313
0518  129.25  -999.0   -999.00   -999.0    -999   106    28.10    -27.00      7.78    12  -999.0    -999     0   0   0   0    -999.000  -999.000
0519  129.50   991.0     21.42     89.2     168   106    28.03    -26.93      7.79    11     0.8     168     0   0   0   0      15.812   -54.313
0520  129.75  -999.0   -999.00   -999.0    -999   106    27.97    -26.86      7.80    12  -999.0    -999     0   0   0   0    -999.000  -999.000
0521  130.00   991.5     21.47     89.1     164   106    27.90    -26.79      7.80    12     0.8     164     0   0   0   0      15.812   -54.313
0522  130.25  -999.0   -999.00   -999.0    -999   106    27.84    -26.72      7.81    12  -999.0    -999     0   0   0   0    -999.000  -999.000
0523  130.50   992.0     21.51     88.9     159   106    27.79    -26.66      7.82    12     0.9     159     0   0   0   0      15.812   -54.313
0524  130.75  -999.0   -999.00   -999.0    -999   106    27.73    -26.61      7.81    12  -999.0    -999     0   0   0   0    -999.000  -999.000
0525  131.00   992.5     21.55     88.7     155   106    27.69    -26.56      7.81    12     0.8     155     0   0   0   0      15.812   -54.313
0526  131.25  -999.0   -999.00   -999.0    -999   106    27.65    -26.52      7.80    12  -999.0    -999     0   0   0   0    -999.000  -999.000
0527  131.50   993.0     21.60     88.6     150   106    27.61    -26.49      7.78    12     0.8     150     0   0   0   0      15.812   -54.314
0528  131.75  -999.0   -999.00   -999.0    -999   106    27.58    -26.46      7.76    12  -999.0    -999     0   0   0   0    -999.000  -999.000
0529  132.00   993.5     21.64     88.4     146   106    27.55    -26.44      7.73    12     0.7     146     0   0   0   0      15.812   -54.314
0530  132.25  -999.0   -999.00   -999.0    -999   106    27.52    -26.43      7.70    12  -999.0    -999     0   0   0   0    -999.000  -999.000
0531  132.50   994.0     21.69     88.3     141   106    27.50    -26.41      7.66    11     0.6     141     0   0   0   0      15.812   -54.314
0532  132.75  -999.0   -999.00   -999.0    -999   106    27.48    -26.40      7.62    12  -999.0    -999     0   0   0   0    -999.000  -999.000
0533  133.00   994.6     21.74     88.1     136   106    27.46    -26.40      7.57    12     0.5     136     0   0   0   0      15.812   -54.314
0534  133.25  -999.0   -999.00   -999.0    -999   106    27.44    -26.39      7.51    12  -999.0    -999     0   0   0   0    -999.000  -999.000
0535  133.50   995.1     21.79     88.0     132   106    27.42    -26.38      7.46    12     0.4     132     0   0   0   0      15.812   -54.314
0536  133.75  -999.0   -999.00   -999.0    -999   106    27.39    -26.37      7.40    12  -999.0    -999     0   0   0   0    -999.000  -999.000
0537  134.00   995.6     21.83     87.8     127   106    27.36    -26.36      7.34    12     0.3     127     0   0   0   0      15.812   -54.314
0538  134.25  -999.0   -999.00   -999.0    -999   105    27.33    -26.35      7.27    12  -999.0    -999     0   0   0   0    -999.000  -999.000
0539  134.50   996.2     21.88     87.7     122   105    27.30    -26.33      7.21    12     0.1     122     0   0   0   0      15.812   -54.314
0540  134.75  -999.0   -999.00   -999.0    -999   105    27.26    -26.31      7.14    12  -999.0    -999     0   0   0   0    -999.000  -999.000
0541  135.00   996.8     21.93     87.6     117   105    27.22    -26.29      7.08    12     0.0     117     0   0   0   0      15.812   -54.314
0542  135.25  -999.0   -999.00   -999.0    -999   105    27.18    -26.26      7.01    12  -999.0    -999     0   0   0   0    -999.000  -999.000
0543  135.50   997.3     21.98     87.4     112   105    27.13    -26.23      6.95    12    -0.1     112     0   0   0   0      15.812   -54.315
0544  135.75  -999.0   -999.00   -999.0    -999   105    27.08    -26.19      6.89    12  -999.0    -999     0   0   0   0    -999.000  -999.000
0545  136.00   997.9     22.02     87.3     107   105    27.03    -26.15      6.84    12    -0.2     107     0   0   0   0      15.812   -54.315
0546  136.25  -999.0   -999.00   -999.0    -999   105    26.97    -26.10      6.79    12  -999.0    -999     0   0   0   0    -999.000  -999.000
0547  136.50   998.5     22.07     87.2     102   105    26.90    -26.05      6.74    11    -0.2     102     0   0   0   0      15.812   -54.315
0548  136.75  -999.0   -999.00   -999.0    -999   104    26.84    -25.99      6.69    11  -999.0    -999     0   0   0   0    -999.000  -999.000
0549  137.00   999.1     22.12     87.1      97   104    26.77    -25.93      6.65    12    -0.3      97     0   0   0   0      15.812   -54.315
0550  137.25  -999.0   -999.00   -999.0    -999   104    26.69    -25.86      6.61    12  -999.0    -999     0   0   0   0    -999.000  -999.000
0551  137.50   999.6     22.17     86.9      92   104    26.62    -25.79      6.57    12    -0.3      92     0   0   0   0      15.812   -54.315
0552  137.75  -999.0   -999.00   -999.0    -999   104    26.54    -25.72      6.54    12  -999.0    -999     0   0   0   0    -999.000  -999.000
0553  138.00  1000.2     22.23     86.8      87   104    26.46    -25.64      6.50    12    -0.2      87     0   0   0   0      15.812   -54.315
0554  138.25  -999.0   -999.00   -999.0    -999   104    26.37    -25.57      6.46    12  -999.0    -999     0   0   0   0    -999.000  -999.000
0555  138.50  1000.8     22.28     86.8      82  -999  -999.00   -999.00   -999.00    12    -0.2      82     0   0   0   0    -999.000  -999.000
0556  138.75  -999.0   -999.00   -999.0    -999   104    26.21    -25.42      6.39    12  -999.0    -999     0   0   0   0    -999.000  -999.000
0557  139.00  1001.4     22.34     86.7      77   104    26.13    -25.34      6.35    12    -0.1      77     0   0   0   0      15.812   -54.315
0558  139.25  -999.0   -999.00   -999.0    -999   104    26.05    -25.27      6.30    12  -999.0    -999     0   0   0   0    -999.000  -999.000
0559  139.50  1002.0     22.40     86.7      72   104    25.97    -25.20      6.24    12     0.1      72     0   0   0   0      15.812   -54.316
0560  139.75  -999.0   -999.00   -999.0    -999   104    25.89    -25.14      6.18    12  -999.0    -999     0   0   0   0    -999.000  -999.000
0561  140.00  1002.5     22.46     86.8      67   104    25.80    -25.07      6.10    12     0.2      67     0   0   0   0      15.812   -54.316
0562  140.25  -999.0   -999.00   -999.0    -999   104    25.72    -25.01      6.01    12  -999.0    -999     0   0   0   0    -999.000  -999.000
0563  140.50  1003.1     22.52     86.9      62   103    25.64    -24.95      5.91    12     0.4      62     0   0   0   0      15.812   -54.316
0564  140.75  -999.0   -999.00   -999.0    -999   103    25.56    -24.89      5.79    12  -999.0    -999     0   0   0   0    -999.000  -999.000
0565  141.00  1003.6     22.59     87.1      58   103    25.47    -24.84      5.65    12     0.5      58     0   0   0   0      15.812   -54.316
0566  141.25  -999.0   -999.00   -999.0    -999   103    25.38    -24.78      5.51    12  -999.0    -999     0   0   0   0    -999.000  -999.000
0567  141.50  1004.1     22.65     87.3      53   102    25.29    -24.72      5.35    12     0.7      53     0   0   0   0      15.812   -54.316
0568  141.75  -999.0   -999.00   -999.0    -999   102    25.19    -24.65      5.19    11  -999.0    -999     0   0   0   0    -999.000  -999.000
0569  142.00  1004.6     22.72     87.5      48   102    25.09    -24.58      5.03    12     0.8      48     0   0   0   0      15.812   -54.316
0570  142.25  -999.0   -999.00   -999.0    -999   101    24.99    -24.51      4.88    12  -999.0    -999     0   0   0   0    -999.000  -999.000
0571  142.50  1005.2     22.79     87.7      44   101    24.88    -24.43      4.74    12     0.8      44     0   0   0   0      15.813   -54.316
0572  142.75  -999.0   -999.00   -999.0    -999   101    24.77    -24.34      4.61    12  -999.0    -999     0   0   0   0    -999.000  -999.000
0573  143.00  1005.7     22.86     87.8      40   100    24.66    -24.25      4.47    12     0.9      40     0   0   0   0      15.813   -54.316
0574  143.25  -999.0   -999.00   -999.0    -999   100    24.56    -24.17      4.34    12  -999.0    -999     0   0   0   0    -999.000  -999.000
0575  143.50  1006.2     22.93     87.9      35   100    24.46    -24.09      4.23    12     0.9      35     0   0   0   0      15.813   -54.316
0576  143.75  -999.0   -999.00   -999.0    -999   100    24.35    -23.99      4.15    12  -999.0    -999     0   0   0   0    -999.000  -999.000
0577  144.00  1006.7     22.99     87.9      31   100    24.20    -23.85      4.10    12     0.9      31     0   0   0   0      15.813   -54.317
0578  144.25  -999.0   -999.00   -999.0    -999   100    24.01    -23.66      4.08    12  -999.0    -999     0   0   0   0    -999.000  -999.000
0579  144.50  1007.2     23.06     87.8      27   100    23.77    -23.41      4.13    12     0.8      27     0   0   0   0      15.813   -54.317
0580  144.75  -999.0   -999.00   -999.0    -999   100    23.51    -23.12      4.25    12  -999.0    -999     0   0   0   0    -999.000  -999.000
0581  145.00  1007.7     23.12     87.7      22   101    23.24    -22.81      4.46    11     0.8      22     0   0   0   0      15.813   -54.317
0582  145.25  -999.0   -999.00   -999.0    -999  -999  -999.00   -999.00   -999.00    12  -999.0    -999     0   0   0   0    -999.000  -999.000
0583  145.50  1008.2     23.18     87.7      17   103    22.78    -22.18      5.20    12     0.7      17     0   0   0   0      15.813   -54.317
0584  145.75  -999.0   -999.00   -999.0    -999   105    22.65    -21.92      5.70    11  -999.0    -999     0   0   0   0    -999.000  -999.000
0585  146.00  1008.8     23.24     87.6      13   106    22.60    -21.72      6.25    11     0.7      13     0   0   0   0      15.813   -54.317
0586  146.25  -999.0   -999.00   -999.0    -999   108    22.61    -21.56      6.80    12  -999.0    -999     0   0   0   0    -999.000  -999.000
0587  146.50  1009.4     23.30     87.5       8   109    22.68    -21.45      7.36    11     0.7       8     0   0   0   0      15.813   -54.317
0588  146.75  -999.0   -999.00   -999.0    -999   106    23.02    -22.09      6.46    12  -999.0    -999     0   0   0   0    -999.000  -999.000
0589  147.29  1010.2     23.33     87.5       0  -999  -999.00   -999.00   -999.00  -999  -999.0       0     0   0   0   0    -999.000  -999.000
